[INFO -- 2017-02-25 10:17:07]
Starting flip_value script
version: 2.0
[INFO -- 2017-02-25 10:17:07]
Initialization strings:
[INFO -- 2017-02-25 10:17:08]
(1) target extended-remote | ssh -T mic0 gdbserver --multi -
[INFO -- 2017-02-25 10:17:08]
(2) set sysroot /opt/mpss/3.7/sysroots/k1om-mpss-linux/
[INFO -- 2017-02-25 10:17:08]
(3) set sysroot /opt/mpss/3.7/sysroots/k1om-mpss-linux/
[INFO -- 2017-02-25 10:17:08]
(4) file /micNfs/gdb-fault-injection/injector/bin/hotspot/hotspot_check
[INFO -- 2017-02-25 10:17:08]
(5) set remote exec-file /micNfs/gdb-fault-injection/injector/bin/hotspot/hotspot_check
[INFO -- 2017-02-25 10:17:08]
(6) set args 1024 1024 1000 64 /micNfs/gdb-fault-injection/injector/data/hotspot/temp_1024 /micNfs/gdb-fault-injection/injector/data/hotspot/power_1024 /micNfs/gdb-fault-injection/injector/bin/hotspot/gold_1024_1000iter_64th
[INFO -- 2017-02-25 10:17:08]
initSignal:3
[INFO -- 2017-02-25 10:17:08]
endSignal:6
[INFO -- 2017-02-25 10:17:08]
seqSignal:15
[INFO -- 2017-02-25 10:17:08]
faultMode:2
[INFO -- 2017-02-25 10:17:11]
Backtrace BEGIN:
#0  0x00000000004045ba in read_input (vect=0x7ffff6acc010, grid_rows=1024, grid_cols=1024, file=0x7fffffffee07 "/micNfs/gdb-fault-injection/injector/data/hotspot/temp_1024") at hotspot_check.c:209
#1  0x0000000000404aae in main (argc=8, argv=0x7fffffffebb8) at hotspot_check.c:265

204	        }
205	        if (feof(fp))
206	            fatal("not enough lines in file");
207	        if ((sscanf(str, "%f", &val) != 1) )
208	            fatal("invalid file format");
209	        vect[i] = val;
210	    }
211	
212	    fclose(fp);
213	}

Backtrace END
Memory content before bitflip:0x400x000x000x00
Fault Mode: Random bit-flip
base address to flip value: 0x608b20 
address max offset: 4
Memory content after  bitflip:0xe70x1d0x2a0xef
frame name: main
symbol name: num_omp_threads
symbol filename: hotspot_check.c
symbol line: 40
value: -282452505
value address: 0x608b20 <num_omp_threads>
Type: The type is an integer type.
Type sizeof: 4

[INFO -- 2017-02-25 10:17:11]
Fault Injection Successful after 3.58558011055s
