2016-10-28 17:09:03:Initialization strings:
2016-10-28 17:09:04:(1) target extended-remote | ssh -T mic0 gdbserver --multi -
2016-10-28 17:09:04:(2) set sysroot /opt/mpss/3.7/sysroots/k1om-mpss-linux/
2016-10-28 17:09:04:(3) set sysroot /opt/mpss/3.7/sysroots/k1om-mpss-linux/
2016-10-28 17:09:04:(4) file /micNfs/gdb-fault-injection-lavamd/bin/lavamd
2016-10-28 17:09:04:(5) set remote exec-file /micNfs/gdb-fault-injection-lavamd/bin/lavamd
2016-10-28 17:09:04:(6) set args 228 15 /micNfs/gdb-fault-injection-lavamd/bin/input_distance_228_15 /micNfs/gdb-fault-injection-lavamd/bin/input_charges_228_15 /micNfs/gdb-fault-injection-lavamd/bin/output_gold_228_15 1
2016-10-28 17:09:04:Trying Fault Injection
2016-10-28 17:09:04:Inferior PID: 131023
2016-10-28 17:09:04:Inferior is valid: True
2016-10-28 17:09:04:Inferior #threads: 1
2016-10-28 17:09:04:Backtrace BEGIN:
2016-10-28 17:09:04:#0  dl_main (phdr=<optimized out>, phnum=<optimized out>, user_entry=<optimized out>, auxv=<optimized out>) at rtld.c:2175
#1  0x00007ffff7df2548 in _dl_sysdep_start (start_argptr=start_argptr@entry=0x7fffffffec00, dl_main=dl_main@entry=0x7ffff7dde840 <dl_main>) at ../elf/dl-sysdep.c:249
#2  0x00007ffff7de1c6a in _dl_start_final (arg=0x7fffffffec00) at rtld.c:308
#3  _dl_start (arg=0x7fffffffec00) at rtld.c:414
#4  0x00007ffff7dddbc8 in _start () from /opt/mpss/3.7/sysroots/k1om-mpss-linux/lib64/ld-linux-k1om.so.2
#5  0x0000000000000007 in ?? ()
#6  0x00007fffffffedf0 in ?? ()
#7  0x00007fffffffee1e in ?? ()
#8  0x00007fffffffee22 in ?? ()
#9  0x00007fffffffee25 in ?? ()
#10 0x00007fffffffee62 in ?? ()
#11 0x00007fffffffee9e in ?? ()
#12 0x00007fffffffeed8 in ?? ()
#13 0x0000000000000000 in ?? ()

2016-10-28 17:09:04:2170	in rtld.c

2016-10-28 17:09:04:Backtrace END
2016-10-28 17:09:04:Thread name: None
2016-10-28 17:09:04:Thread num: 1
2016-10-28 17:09:04:Thread ptid: (131023, 131023, 0)
2016-10-28 17:09:04:bitFlip function
2016-10-28 17:09:04:Type: The type is a pointer.
2016-10-28 17:09:04:Type sizeof: 8
2016-10-28 17:09:04:Error gdbException(frameFlip): Attempt to dereference a generic pointer.
2016-10-28 17:09:04:Fault Injection Failed after 0.747668027878s
2016-10-28 17:09:05:Trying Fault Injection
2016-10-28 17:09:05:Inferior PID: 131023
2016-10-28 17:09:05:Inferior is valid: True
2016-10-28 17:09:05:Inferior #threads: 7
2016-10-28 17:09:05:Backtrace BEGIN:
2016-10-28 17:09:05:#0  pthread_cond_timedwait@@GLIBC_2.3.2 () at ../sysdeps/unix/sysv/linux/x86_64/pthread_cond_timedwait.S:238
#1  0x00007ffff790c5ea in ?? ()
#2  0x00007ffff4933d18 in ?? ()
#3  0x0000000002a10a06 in ?? ()
#4  0x0000000000000017 in ?? ()
#5  0x00007ffff4933df0 in ?? ()
#6  0x00007ffff70e17d8 in ?? () from /opt/mpss/3.7/sysroots/k1om-mpss-linux/lib64/libc.so.6
#7  0x00007ffff4933d14 in ?? ()
#8  0x00007ffff4933de0 in ?? ()
#9  0x00007ffff7ff8630 in ?? ()
#10 0x0000000000000008 in ?? ()
#11 0x0000000000000000 in ?? ()

2016-10-28 17:09:05:233	in ../sysdeps/unix/sysv/linux/x86_64/pthread_cond_timedwait.S

2016-10-28 17:09:05:Backtrace END
2016-10-28 17:09:05:Thread name: None
2016-10-28 17:09:05:Thread num: 1
2016-10-28 17:09:05:Thread ptid: (131023, 131023, 0)
2016-10-28 17:09:05:bitFlip function
2016-10-28 17:09:05:Type: The type is an array.
2016-10-28 17:09:05:Type sizeof: 12
2016-10-28 17:09:05:Fliping array at pos: 0
2016-10-28 17:09:05:bitFlip function
2016-10-28 17:09:05:Type: The type is an integer type.
2016-10-28 17:09:05:Type sizeof: 4
2016-10-28 17:09:05:Mem contents(hex):0x200x000x000x00
2016-10-28 17:09:05:base address to flip value: 0x7ffff743c2f0 
2016-10-28 17:09:05:address max offset: 4
2016-10-28 17:09:05:Memory content before bitflip:0x200x000x000x00
2016-10-28 17:09:05:Memory content after  bitflip:0x220x000x000x00
2016-10-28 17:09:05:Mem contents(hex):0x220x000x000x00
2016-10-28 17:09:05:frame name: __pthread_create_2_1
2016-10-28 17:09:05:symbol name: _thread_db_td_thr_events_t_event_bits
2016-10-28 17:09:05:symbol filename: ../nptl_db/structs.def
2016-10-28 17:09:05:symbol line: 45
2016-10-28 17:09:05:value: {34, 2, 0}
2016-10-28 17:09:05:value address: 0x7ffff743c2f0 <_thread_db_td_thr_events_t_event_bits>
2016-10-28 17:09:05:Type: The type is an array.
2016-10-28 17:09:05:Type sizeof: 12
2016-10-28 17:09:05:Field name: None
2016-10-28 17:09:05:Field Type:
2016-10-28 17:09:05:Type: A range type, that is, an integer type with bounds.
2016-10-28 17:09:05:Type sizeof: 8
2016-10-28 17:09:05:Type range: (0L, 2L)
2016-10-28 17:09:05:Fault Injection Successful after 1.98645091057s
2016-10-28 17:09:08:Fault Already Injected
2016-10-28 17:09:10:Fault Already Injected
2016-10-28 17:09:10:Fault Already Injected
2016-10-28 17:09:10:Fault Already Injected
2016-10-28 17:09:10:Fault Already Injected
2016-10-28 17:09:11:Fault Already Injected
2016-10-28 17:09:14:Fault Already Injected
2016-10-28 17:09:15:event type: exit
2016-10-28 17:09:15:exit code: 0
