[INFO -- 2017-03-05 10:17:59]
Starting GDB script
[INFO -- 2017-03-05 10:17:59]
initSignal:0.0
[INFO -- 2017-03-05 10:17:59]
endSignal:4.0
[INFO -- 2017-03-05 10:17:59]
seqSignal:30
[INFO -- 2017-03-05 10:17:59]
sending 30 signals using command: 'ssh -T mic0 killall -2 needle_check' after 0.0756619600402s
[INFO -- 2017-03-05 10:17:59]
shell stdout: 
[INFO -- 2017-03-05 10:17:59]
shell stdout: 
[INFO -- 2017-03-05 10:18:00]
sending 30 signals using command: 'ssh -T mic0 killall -2 needle_check' after 0.964147262564s
[INFO -- 2017-03-05 10:18:00]
shell stdout: 
[INFO -- 2017-03-05 10:18:00]
shell stdout: 
[INFO -- 2017-03-05 10:18:00]
shell stdout: 
[INFO -- 2017-03-05 10:18:00]
shell stdout: 
[INFO -- 2017-03-05 10:18:01]
shell stdout: 
[INFO -- 2017-03-05 10:18:01]
shell stdout: 
[INFO -- 2017-03-05 10:18:01]
shell stdout: 
[INFO -- 2017-03-05 10:18:01]
shell stdout: 
[INFO -- 2017-03-05 10:18:02]
sending 30 signals using command: 'ssh -T mic0 killall -2 needle_check' after 3.0531161845s
[INFO -- 2017-03-05 10:18:02]
shell stdout: 
[INFO -- 2017-03-05 10:18:02]
shell stdout: 
[INFO -- 2017-03-05 10:18:02]
shell stdout: 
[INFO -- 2017-03-05 10:18:02]
shell stdout: 
[INFO -- 2017-03-05 10:18:02]
shell stdout: 
[INFO -- 2017-03-05 10:18:03]
shell stdout: 
[INFO -- 2017-03-05 10:18:03]
shell stdout: 
[INFO -- 2017-03-05 10:18:03]
shell stdout: 
[INFO -- 2017-03-05 10:18:03]
shell stdout: 
[INFO -- 2017-03-05 10:18:03]
shell stdout: 
[INFO -- 2017-03-05 10:18:03]
shell stdout: 
[INFO -- 2017-03-05 10:18:04]
shell stdout: 
[INFO -- 2017-03-05 10:18:04]
shell stdout: 
[INFO -- 2017-03-05 10:18:04]
shell stdout: 
[INFO -- 2017-03-05 10:18:04]
shell stdout: 
[INFO -- 2017-03-05 10:18:04]
shell stdout: 
[INFO -- 2017-03-05 10:18:04]
shell stdout: 
[INFO -- 2017-03-05 10:18:05]
shell stdout: 
[INFO -- 2017-03-05 10:18:05]
shell stdout: 
[INFO -- 2017-03-05 10:18:05]
shell stdout: 
[INFO -- 2017-03-05 10:18:05]
shell stdout: 
[INFO -- 2017-03-05 10:18:05]
shell stdout: 
[INFO -- 2017-03-05 10:18:05]
shell stdout: 
[INFO -- 2017-03-05 10:18:05]
shell stdout: 
[INFO -- 2017-03-05 10:18:05]
shell stdout: 
[INFO -- 2017-03-05 10:18:05]
shell stdout: 
[INFO -- 2017-03-05 10:18:06]
shell stdout: 
[INFO -- 2017-03-05 10:18:06]
shell stdout: 
[INFO -- 2017-03-05 10:18:06]
shell stdout: 
[INFO -- 2017-03-05 10:18:06]
shell stdout: 
[INFO -- 2017-03-05 10:18:06]
shell stdout: 
[INFO -- 2017-03-05 10:18:06]
shell stdout: 
[INFO -- 2017-03-05 10:18:07]
shell stdout: 
[INFO -- 2017-03-05 10:18:07]
shell stdout: 
[INFO -- 2017-03-05 10:18:07]
shell stdout: 
[INFO -- 2017-03-05 10:18:07]
shell stdout: 
[INFO -- 2017-03-05 10:18:07]
shell stdout: 
[INFO -- 2017-03-05 10:18:07]
shell stdout: 
[INFO -- 2017-03-05 10:18:08]
shell stdout: 
[INFO -- 2017-03-05 10:18:08]
shell stdout: 
[INFO -- 2017-03-05 10:18:08]
shell stdout: 
[INFO -- 2017-03-05 10:18:08]
shell stdout: 
[INFO -- 2017-03-05 10:18:08]
shell stdout: 
[INFO -- 2017-03-05 10:18:08]
shell stdout: 
[INFO -- 2017-03-05 10:18:09]
shell stdout: 
[INFO -- 2017-03-05 10:18:09]
shell stdout: 
[INFO -- 2017-03-05 10:18:09]
shell stdout: 
[INFO -- 2017-03-05 10:18:09]
shell stdout: 
[INFO -- 2017-03-05 10:18:09]
shell stdout: 
[INFO -- 2017-03-05 10:18:09]
shell stdout: 
[INFO -- 2017-03-05 10:18:10]
shell stdout: 
[INFO -- 2017-03-05 10:18:10]
shell stdout: 
[INFO -- 2017-03-05 10:18:10]
shell stdout: 
[INFO -- 2017-03-05 10:18:10]
shell stdout: 
[INFO -- 2017-03-05 10:18:10]
shell stdout: 
[INFO -- 2017-03-05 10:18:10]
shell stdout: 
[INFO -- 2017-03-05 10:18:10]
shell stdout: 
[INFO -- 2017-03-05 10:18:11]
shell stdout: 
[INFO -- 2017-03-05 10:18:11]
shell stdout: 
[INFO -- 2017-03-05 10:18:11]
shell stdout: 
[INFO -- 2017-03-05 10:18:11]
shell stdout: 
[INFO -- 2017-03-05 10:18:11]
shell stdout: 
[INFO -- 2017-03-05 10:18:11]
shell stdout: 
[INFO -- 2017-03-05 10:18:12]
shell stdout: 
[INFO -- 2017-03-05 10:18:12]
shell stdout: 
[INFO -- 2017-03-05 10:18:12]
shell stdout: 
[INFO -- 2017-03-05 10:18:12]
shell stdout: 
[INFO -- 2017-03-05 10:18:12]
shell stdout: 
[INFO -- 2017-03-05 10:18:12]
shell stdout: 
[INFO -- 2017-03-05 10:18:12]
shell stdout: 
[INFO -- 2017-03-05 10:18:12]
shell stdout: 
[INFO -- 2017-03-05 10:18:13]
shell stdout: 
[INFO -- 2017-03-05 10:18:13]
shell stdout: 
[INFO -- 2017-03-05 10:18:13]
shell stdout: 
[INFO -- 2017-03-05 10:18:13]
shell stdout: 
[INFO -- 2017-03-05 10:18:14]
shell stdout: 
[INFO -- 2017-03-05 10:18:14]
shell stdout: 
[INFO -- 2017-03-05 10:18:14]
shell stdout: 
[INFO -- 2017-03-05 10:18:15]
shell stdout: 
[INFO -- 2017-03-05 10:18:15]
shell stdout: 
[INFO -- 2017-03-05 10:18:56]
no gdbExecName running, out:
[INFO -- 2017-03-05 10:18:56]
checCmd:ps -e | grep -i gdb-mic
[INFO -- 2017-03-05 10:18:56]
finished now-timestampStart < maxWaitTime*5
[INFO -- 2017-03-05 10:18:56]
now: 1488727134
[INFO -- 2017-03-05 10:18:56]
timestampStart: 1488727079
[INFO -- 2017-03-05 10:18:56]
kill cmd: killall -9 gdb-mic
[INFO -- 2017-03-05 10:18:56]
shell stdout: 
[INFO -- 2017-03-05 10:18:56]
kill cmd: ssh -T mic0 killall -9 needle_check
[INFO -- 2017-03-05 10:18:56]
shell stdout: 
[INFO -- 2017-03-05 10:18:56]
kill cmd: ssh -T mic0 killall -9 gdbserver
[INFO -- 2017-03-05 10:18:56]
shell stdout: 
[INFO -- 2017-03-05 10:18:57]
kill cmd: ssh -T mic0 killall -9 sshd
[INFO -- 2017-03-05 10:18:57]
shell stdout: 
