2017-01-25 21:48:53:Starting GDB script
2017-01-25 21:48:53:initSignal:28.0
2017-01-25 21:48:53:endSignal:28.0
2017-01-25 21:48:53:seqSignal:15
2017-01-25 21:49:21:sending 15 signals using command: 'ssh -T mic1 killall -2 dgemm_check' after 28.0s
2017-01-25 21:49:21:sending 15 signals using command: 'ssh -T mic1 killall -2 dgemm_check' after 28.0s
2017-01-25 21:49:21:sending 15 signals using command: 'ssh -T mic1 killall -2 dgemm_check' after 28.0s
2017-01-25 21:49:22:shell stdout: 
2017-01-25 21:49:22:shell stdout: 
2017-01-25 21:49:22:shell stdout: 
2017-01-25 21:49:22:shell stdout: 
2017-01-25 21:49:22:shell stdout: 
2017-01-25 21:49:22:shell stdout: 
2017-01-25 21:49:23:shell stdout: 
2017-01-25 21:49:23:shell stdout: 
2017-01-25 21:49:23:shell stdout: 
2017-01-25 21:49:23:shell stdout: 
2017-01-25 21:49:23:shell stdout: 
2017-01-25 21:49:23:shell stdout: 
2017-01-25 21:49:23:shell stdout: 
2017-01-25 21:49:24:shell stdout: 
2017-01-25 21:49:24:shell stdout: 
2017-01-25 21:49:24:shell stdout: 
2017-01-25 21:49:24:shell stdout: 
2017-01-25 21:49:24:shell stdout: 
2017-01-25 21:49:24:shell stdout: 
2017-01-25 21:49:24:shell stdout: 
2017-01-25 21:49:24:shell stdout: 
2017-01-25 21:49:25:shell stdout: 
2017-01-25 21:49:25:shell stdout: 
2017-01-25 21:49:25:shell stdout: 
2017-01-25 21:49:25:shell stdout: 
2017-01-25 21:49:25:shell stdout: 
2017-01-25 21:49:25:shell stdout: 
2017-01-25 21:49:26:shell stdout: 
2017-01-25 21:49:26:shell stdout: 
2017-01-25 21:49:26:shell stdout: 
2017-01-25 21:49:26:shell stdout: 
2017-01-25 21:49:26:shell stdout: 
2017-01-25 21:49:26:shell stdout: 
2017-01-25 21:49:26:shell stdout: 
2017-01-25 21:49:27:shell stdout: 
2017-01-25 21:49:27:shell stdout: 
2017-01-25 21:49:27:shell stdout: 
2017-01-25 21:49:27:shell stdout: 
2017-01-25 21:49:27:shell stdout: 
2017-01-25 21:49:27:shell stdout: 
2017-01-25 21:49:27:shell stdout: 
2017-01-25 21:49:27:shell stdout: 
2017-01-25 21:49:28:shell stdout: 
2017-01-25 21:49:28:shell stdout: 
2017-01-25 21:49:28:shell stdout: 
2017-01-25 21:50:13:no gdbExecName running, out:
2017-01-25 21:50:13:checCmd:ps -e | grep -i gdb-mic
2017-01-25 21:50:13:finished now-timestampStart < maxWaitTime*5
2017-01-25 21:50:13:now: 1485399004
2017-01-25 21:50:13:timestampStart: 1485398933
2017-01-25 21:50:13:kill cmd: killall -9 gdb-mic
2017-01-25 21:50:13:shell stdout: 
2017-01-25 21:50:13:kill cmd: ssh -T mic1 killall -9 dgemm_check
2017-01-25 21:50:13:shell stdout: 
2017-01-25 21:50:14:kill cmd: ssh -T mic1 killall -9 gdbserver
2017-01-25 21:50:14:shell stdout: 
2017-01-25 21:50:14:kill cmd: ssh -T mic1 killall -9 sshd
2017-01-25 21:50:14:shell stdout: 
