2016-10-17 21:24:03:sending signal using command: 'ssh -T mic0 killall -2 hotspot_check' after 13.0593703548s
2016-10-17 21:24:03:shell stdout: 
2016-10-17 21:24:03:sending signal using command: 'ssh -T mic0 killall -2 hotspot_check' after 14.0126987335s
2016-10-17 21:24:03:shell stdout: 
2016-10-17 21:24:03:Starting GDB script
2016-10-17 21:24:04:sending signal using command: 'ssh -T mic0 killall -2 hotspot_check' after 0.262682818789s
2016-10-17 21:24:04:shell stdout: 
2016-10-17 21:24:08:sending signal using command: 'ssh -T mic0 killall -2 hotspot_check' after 3.91468352005s
2016-10-17 21:24:08:shell stdout: 
2016-10-17 21:24:09:sending signal using command: 'ssh -T mic0 killall -2 hotspot_check' after 5.44775863905s
2016-10-17 21:24:09:shell stdout: 
2016-10-17 21:24:10:no gdbExecName running, out:
2016-10-17 21:24:10:checCmd:ps -e | grep -i gdb-mic
2016-10-17 21:24:10:finished now-timestampStart < maxWaitTime*5
2016-10-17 21:24:10:now: 1476753849
2016-10-17 21:24:10:timestampStart: 1476753843
2016-10-17 21:24:10:kill cmd: killall -9 gdb-mic
2016-10-17 21:24:10:shell stdout: 
2016-10-17 21:24:10:kill cmd: ssh -T mic0 killall -9 hotspot_check
2016-10-17 21:24:10:shell stdout: 
2016-10-17 21:24:10:kill cmd: ssh -T mic0 killall -9 gdbserver
2016-10-17 21:24:10:shell stdout: 
