2016-10-30 18:21:50:Starting GDB script
2016-10-30 18:21:51:sending signal using command: 'ssh -T mic0 killall -2 hotspot_check' after 1.45061512582s
2016-10-30 18:21:51:shell stdout: 
2016-10-30 18:21:52:sending signal using command: 'ssh -T mic0 killall -2 hotspot_check' after 2.20106030856s
2016-10-30 18:21:52:shell stdout: 
2016-10-30 18:21:54:sending signal using command: 'ssh -T mic0 killall -2 hotspot_check' after 3.53446967483s
2016-10-30 18:21:54:shell stdout: 
2016-10-30 18:21:55:sending signal using command: 'ssh -T mic0 killall -2 hotspot_check' after 5.3176025682s
2016-10-30 18:21:55:shell stdout: 
2016-10-30 18:21:55:sending signal using command: 'ssh -T mic0 killall -2 hotspot_check' after 5.48446275375s
2016-10-30 18:21:55:shell stdout: 
2016-10-30 18:21:56:sending signal using command: 'ssh -T mic0 killall -2 hotspot_check' after 6.03199463167s
2016-10-30 18:21:56:shell stdout: 
2016-10-30 18:21:58:sending signal using command: 'ssh -T mic0 killall -2 hotspot_check' after 8.00355901151s
2016-10-30 18:21:58:shell stdout: 
2016-10-30 18:22:00:sending signal using command: 'ssh -T mic0 killall -2 hotspot_check' after 9.51881422368s
2016-10-30 18:22:00:shell stdout: 
2016-10-30 18:22:01:sending signal using command: 'ssh -T mic0 killall -2 hotspot_check' after 10.8592781175s
2016-10-30 18:22:01:shell stdout: 
2016-10-30 18:22:05:sending signal using command: 'ssh -T mic0 killall -2 hotspot_check' after 14.4766116522s
2016-10-30 18:22:05:shell stdout: 
2016-10-30 18:22:11:no gdbExecName running, out:
2016-10-30 18:22:11:checCmd:ps -e | grep -i gdb-mic
2016-10-30 18:22:11:finished now-timestampStart < maxWaitTime*5
2016-10-30 18:22:11:now: 1477866130
2016-10-30 18:22:11:timestampStart: 1477866110
2016-10-30 18:22:11:kill cmd: killall -9 gdb-mic
2016-10-30 18:22:11:shell stdout: 
2016-10-30 18:22:11:kill cmd: ssh -T mic0 killall -9 hotspot_check
2016-10-30 18:22:11:shell stdout: 
2016-10-30 18:22:12:kill cmd: ssh -T mic0 killall -9 gdbserver
2016-10-30 18:22:12:shell stdout: 
