2016-10-16 17:52:16:Starting GDB script
2016-10-16 17:52:17:sending signal using command: 'ssh -T mic0 killall -2 hotspot_check' after 0.835889528071s
2016-10-16 17:52:17:shell stdout: 
2016-10-16 17:52:19:sending signal using command: 'ssh -T mic0 killall -2 hotspot_check' after 2.30580108813s
2016-10-16 17:52:19:shell stdout: 
2016-10-16 17:52:23:sending signal using command: 'ssh -T mic0 killall -2 hotspot_check' after 6.74174830404s
2016-10-16 17:52:23:shell stdout: 
2016-10-16 17:52:24:sending signal using command: 'ssh -T mic0 killall -2 hotspot_check' after 7.12799542451s
2016-10-16 17:52:24:shell stdout: 
2016-10-16 17:52:24:sending signal using command: 'ssh -T mic0 killall -2 hotspot_check' after 7.63121808925s
2016-10-16 17:52:24:shell stdout: 
2016-10-16 17:52:25:sending signal using command: 'ssh -T mic0 killall -2 hotspot_check' after 8.54743406627s
2016-10-16 17:52:25:shell stdout: 
2016-10-16 17:52:27:sending signal using command: 'ssh -T mic0 killall -2 hotspot_check' after 10.3205868231s
2016-10-16 17:52:27:shell stdout: 
2016-10-16 17:52:28:sending signal using command: 'ssh -T mic0 killall -2 hotspot_check' after 11.1371096302s
2016-10-16 17:52:28:shell stdout: 
2016-10-16 17:52:29:sending signal using command: 'ssh -T mic0 killall -2 hotspot_check' after 11.9195962831s
2016-10-16 17:52:29:shell stdout: 
2016-10-16 17:52:30:no gdbExecName running, out:
2016-10-16 17:52:30:checCmd:ps -e | grep -i gdb-mic
2016-10-16 17:52:30:finished now-timestampStart < maxWaitTime*5
2016-10-16 17:52:30:now: 1476654749
2016-10-16 17:52:30:timestampStart: 1476654736
2016-10-16 17:52:30:kill cmd: killall -9 gdb-mic
2016-10-16 17:52:30:shell stdout: 
2016-10-16 17:52:31:kill cmd: ssh -T mic0 killall -9 hotspot_check
2016-10-16 17:52:31:shell stdout: 
2016-10-16 17:52:31:kill cmd: ssh -T mic0 killall -9 gdbserver
2016-10-16 17:52:31:shell stdout: 
