2017-01-12 04:45:00:Starting GDB script
2017-01-12 04:45:00:initSignal:4.0
2017-01-12 04:45:00:endSignal:8.0
2017-01-12 04:45:00:seqSignal:30
2017-01-12 04:45:04:sending 30 signals using command: 'ssh -T mic0 killall -2 needle_check' after 4.77334565982s
2017-01-12 04:45:05:sending 30 signals using command: 'ssh -T mic0 killall -2 needle_check' after 5.03527643502s
2017-01-12 04:45:05:shell stdout: 
2017-01-12 04:45:05:shell stdout: 
2017-01-12 04:45:05:shell stdout: 
2017-01-12 04:45:05:shell stdout: 
2017-01-12 04:45:06:shell stdout: 
2017-01-12 04:45:06:shell stdout: 
2017-01-12 04:45:06:shell stdout: 
2017-01-12 04:45:06:shell stdout: 
2017-01-12 04:45:06:sending 30 signals using command: 'ssh -T mic0 killall -2 needle_check' after 6.64353243336s
2017-01-12 04:45:06:shell stdout: 
2017-01-12 04:45:07:shell stdout: 
2017-01-12 04:45:07:shell stdout: 
2017-01-12 04:45:07:shell stdout: 
2017-01-12 04:45:07:shell stdout: 
2017-01-12 04:45:07:shell stdout: 
2017-01-12 04:45:07:shell stdout: 
2017-01-12 04:45:07:shell stdout: 
2017-01-12 04:45:07:shell stdout: 
2017-01-12 04:45:08:shell stdout: 
2017-01-12 04:45:08:shell stdout: 
2017-01-12 04:45:08:shell stdout: 
2017-01-12 04:45:08:shell stdout: 
2017-01-12 04:45:08:shell stdout: 
2017-01-12 04:45:08:shell stdout: 
2017-01-12 04:45:08:shell stdout: 
2017-01-12 04:45:09:shell stdout: 
2017-01-12 04:45:09:shell stdout: 
2017-01-12 04:45:09:shell stdout: 
2017-01-12 04:45:09:shell stdout: 
2017-01-12 04:45:09:shell stdout: 
2017-01-12 04:45:09:shell stdout: 
2017-01-12 04:45:09:shell stdout: 
2017-01-12 04:45:10:shell stdout: 
2017-01-12 04:45:10:shell stdout: 
2017-01-12 04:45:10:shell stdout: 
2017-01-12 04:45:10:shell stdout: 
2017-01-12 04:45:10:shell stdout: 
2017-01-12 04:45:10:shell stdout: 
2017-01-12 04:45:10:shell stdout: 
2017-01-12 04:45:10:shell stdout: 
2017-01-12 04:45:11:shell stdout: 
2017-01-12 04:45:11:shell stdout: 
2017-01-12 04:45:11:shell stdout: 
2017-01-12 04:45:11:shell stdout: 
2017-01-12 04:45:11:shell stdout: 
2017-01-12 04:45:11:shell stdout: 
2017-01-12 04:45:12:shell stdout: 
2017-01-12 04:45:12:shell stdout: 
2017-01-12 04:45:12:shell stdout: 
2017-01-12 04:45:12:shell stdout: 
2017-01-12 04:45:12:shell stdout: 
2017-01-12 04:45:12:shell stdout: 
2017-01-12 04:45:12:shell stdout: 
2017-01-12 04:45:13:shell stdout: 
2017-01-12 04:45:13:shell stdout: 
2017-01-12 04:45:13:shell stdout: 
2017-01-12 04:45:13:shell stdout: 
2017-01-12 04:45:13:shell stdout: 
2017-01-12 04:45:13:shell stdout: 
2017-01-12 04:45:13:shell stdout: 
2017-01-12 04:45:13:shell stdout: 
2017-01-12 04:45:14:shell stdout: 
2017-01-12 04:45:14:shell stdout: 
2017-01-12 04:45:14:shell stdout: 
2017-01-12 04:45:14:shell stdout: 
2017-01-12 04:45:14:shell stdout: 
2017-01-12 04:45:14:shell stdout: 
2017-01-12 04:45:14:shell stdout: 
2017-01-12 04:45:15:shell stdout: 
2017-01-12 04:45:15:shell stdout: 
2017-01-12 04:45:15:shell stdout: 
2017-01-12 04:45:15:shell stdout: 
2017-01-12 04:45:15:shell stdout: 
2017-01-12 04:45:15:shell stdout: 
2017-01-12 04:45:15:shell stdout: 
2017-01-12 04:45:15:shell stdout: 
2017-01-12 04:45:16:shell stdout: 
2017-01-12 04:45:16:shell stdout: 
2017-01-12 04:45:16:shell stdout: 
2017-01-12 04:45:16:shell stdout: 
2017-01-12 04:45:16:shell stdout: 
2017-01-12 04:45:16:shell stdout: 
2017-01-12 04:45:16:shell stdout: 
2017-01-12 04:45:17:shell stdout: 
2017-01-12 04:45:17:shell stdout: 
2017-01-12 04:45:17:shell stdout: 
2017-01-12 04:45:17:shell stdout: 
2017-01-12 04:45:17:shell stdout: 
2017-01-12 04:45:18:shell stdout: 
2017-01-12 04:45:18:shell stdout: 
2017-01-12 04:45:18:shell stdout: 
2017-01-12 04:46:26:finished due now-timestampStart > maxWaitTime*5
2017-01-12 04:46:26:now: 1484214386
2017-01-12 04:46:26:timestampStart: 1484214300
2017-01-12 04:46:26:kill cmd: killall -9 gdb-mic
2017-01-12 04:46:26:shell stdout: 
2017-01-12 04:46:27:kill cmd: ssh -T mic0 killall -9 needle_check
2017-01-12 04:46:27:shell stdout: 
2017-01-12 04:46:27:kill cmd: ssh -T mic0 killall -9 gdbserver
2017-01-12 04:46:27:shell stdout: 
2017-01-12 04:46:28:kill cmd: ssh -T mic0 killall -9 sshd
2017-01-12 04:46:28:shell stdout: 
