[INFO -- 2017-03-06 14:23:26]
Starting GDB script
[INFO -- 2017-03-06 14:23:26]
initSignal:0.0
[INFO -- 2017-03-06 14:23:26]
endSignal:2.0
[INFO -- 2017-03-06 14:23:26]
seqSignal:30
[INFO -- 2017-03-06 14:23:26]
sending 30 signals using command: 'ssh -T mic0 killall -2 lud_check' after 0.451842504159s
[INFO -- 2017-03-06 14:23:27]
shell stdout: 
[INFO -- 2017-03-06 14:23:27]
shell stdout: 
[INFO -- 2017-03-06 14:23:28]
sending 30 signals using command: 'ssh -T mic0 killall -2 lud_check' after 1.57503124152s
[INFO -- 2017-03-06 14:23:28]
shell stdout: 
[INFO -- 2017-03-06 14:23:28]
sending 30 signals using command: 'ssh -T mic0 killall -2 lud_check' after 1.91683006358s
[INFO -- 2017-03-06 14:23:28]
shell stdout: 
[INFO -- 2017-03-06 14:23:28]
shell stdout: 
[INFO -- 2017-03-06 14:23:29]
shell stdout: 
[INFO -- 2017-03-06 14:23:29]
shell stdout: 
[INFO -- 2017-03-06 14:23:29]
shell stdout: 
[INFO -- 2017-03-06 14:23:29]
shell stdout: 
[INFO -- 2017-03-06 14:23:29]
shell stdout: 
[INFO -- 2017-03-06 14:23:29]
shell stdout: 
[INFO -- 2017-03-06 14:23:30]
shell stdout: 
[INFO -- 2017-03-06 14:23:30]
shell stdout: 
[INFO -- 2017-03-06 14:23:30]
shell stdout: 
[INFO -- 2017-03-06 14:23:30]
shell stdout: 
[INFO -- 2017-03-06 14:23:31]
shell stdout: 
[INFO -- 2017-03-06 14:23:31]
shell stdout: 
[INFO -- 2017-03-06 14:23:31]
shell stdout: 
[INFO -- 2017-03-06 14:23:32]
shell stdout: 
[INFO -- 2017-03-06 14:23:32]
shell stdout: 
[INFO -- 2017-03-06 14:23:32]
shell stdout: 
[INFO -- 2017-03-06 14:23:33]
shell stdout: 
[INFO -- 2017-03-06 14:23:33]
shell stdout: 
[INFO -- 2017-03-06 14:23:33]
shell stdout: 
[INFO -- 2017-03-06 14:23:34]
shell stdout: 
[INFO -- 2017-03-06 14:23:34]
shell stdout: 
[INFO -- 2017-03-06 14:23:34]
shell stdout: 
[INFO -- 2017-03-06 14:23:35]
shell stdout: 
[INFO -- 2017-03-06 14:23:35]
shell stdout: 
[INFO -- 2017-03-06 14:23:35]
shell stdout: 
[INFO -- 2017-03-06 14:23:35]
shell stdout: 
[INFO -- 2017-03-06 14:23:36]
shell stdout: 
[INFO -- 2017-03-06 14:23:36]
shell stdout: 
[INFO -- 2017-03-06 14:23:37]
shell stdout: 
[INFO -- 2017-03-06 14:23:37]
shell stdout: 
[INFO -- 2017-03-06 14:23:37]
shell stdout: 
[INFO -- 2017-03-06 14:23:38]
shell stdout: 
[INFO -- 2017-03-06 14:23:38]
shell stdout: 
[INFO -- 2017-03-06 14:23:38]
shell stdout: 
[INFO -- 2017-03-06 14:23:38]
shell stdout: 
[INFO -- 2017-03-06 14:23:38]
shell stdout: 
[INFO -- 2017-03-06 14:23:39]
shell stdout: 
[INFO -- 2017-03-06 14:23:39]
shell stdout: 
[INFO -- 2017-03-06 14:23:39]
shell stdout: 
[INFO -- 2017-03-06 14:23:39]
shell stdout: 
[INFO -- 2017-03-06 14:23:40]
shell stdout: 
[INFO -- 2017-03-06 14:23:40]
shell stdout: 
[INFO -- 2017-03-06 14:23:40]
shell stdout: 
[INFO -- 2017-03-06 14:23:42]
shell stdout: 
[INFO -- 2017-03-06 14:23:42]
shell stdout: 
[INFO -- 2017-03-06 14:23:42]
shell stdout: 
[INFO -- 2017-03-06 14:23:42]
shell stdout: 
[INFO -- 2017-03-06 14:23:43]
shell stdout: 
[INFO -- 2017-03-06 14:23:43]
shell stdout: 
[INFO -- 2017-03-06 14:23:43]
shell stdout: 
[INFO -- 2017-03-06 14:23:43]
shell stdout: 
[INFO -- 2017-03-06 14:23:43]
shell stdout: 
[INFO -- 2017-03-06 14:23:44]
shell stdout: 
[INFO -- 2017-03-06 14:23:44]
shell stdout: 
[INFO -- 2017-03-06 14:23:44]
shell stdout: 
[INFO -- 2017-03-06 14:23:45]
shell stdout: 
[INFO -- 2017-03-06 14:23:45]
shell stdout: 
[INFO -- 2017-03-06 14:23:45]
shell stdout: 
[INFO -- 2017-03-06 14:23:46]
shell stdout: 
[INFO -- 2017-03-06 14:23:46]
shell stdout: 
[INFO -- 2017-03-06 14:23:46]
shell stdout: 
[INFO -- 2017-03-06 14:23:47]
shell stdout: 
[INFO -- 2017-03-06 14:23:47]
shell stdout: 
[INFO -- 2017-03-06 14:23:47]
shell stdout: 
[INFO -- 2017-03-06 14:23:48]
shell stdout: 
[INFO -- 2017-03-06 14:23:48]
shell stdout: 
[INFO -- 2017-03-06 14:23:48]
shell stdout: 
[INFO -- 2017-03-06 14:23:49]
shell stdout: 
[INFO -- 2017-03-06 14:23:49]
shell stdout: 
[INFO -- 2017-03-06 14:23:49]
shell stdout: 
[INFO -- 2017-03-06 14:23:50]
shell stdout: 
[INFO -- 2017-03-06 14:23:50]
shell stdout: 
[INFO -- 2017-03-06 14:23:50]
shell stdout: 
[INFO -- 2017-03-06 14:23:51]
shell stdout: 
[INFO -- 2017-03-06 14:23:51]
shell stdout: 
[INFO -- 2017-03-06 14:23:51]
shell stdout: 
[INFO -- 2017-03-06 14:23:52]
shell stdout: 
[INFO -- 2017-03-06 14:23:52]
shell stdout: 
[INFO -- 2017-03-06 14:23:52]
shell stdout: 
[INFO -- 2017-03-06 14:23:53]
shell stdout: 
[INFO -- 2017-03-06 14:23:53]
shell stdout: 
[INFO -- 2017-03-06 14:23:54]
shell stdout: 
[INFO -- 2017-03-06 14:23:54]
shell stdout: 
[INFO -- 2017-03-06 14:23:55]
shell stdout: 
[INFO -- 2017-03-06 14:23:55]
shell stdout: 
[INFO -- 2017-03-06 14:24:06]
finished due now-timestampStart > maxWaitTime*5
[INFO -- 2017-03-06 14:24:06]
now: 1488828246
[INFO -- 2017-03-06 14:24:06]
timestampStart: 1488828206
[INFO -- 2017-03-06 14:24:06]
kill cmd: killall -9 gdb-mic
[INFO -- 2017-03-06 14:24:06]
shell stdout: 
[INFO -- 2017-03-06 14:24:07]
kill cmd: ssh -T mic0 killall -9 lud_check
[INFO -- 2017-03-06 14:24:07]
shell stdout: 
[INFO -- 2017-03-06 14:24:08]
kill cmd: ssh -T mic0 killall -9 gdbserver
[INFO -- 2017-03-06 14:24:08]
shell stdout: 
[INFO -- 2017-03-06 14:24:08]
kill cmd: ssh -T mic0 killall -9 sshd
[INFO -- 2017-03-06 14:24:08]
shell stdout: 
