2017-01-15 08:19:38:Starting GDB script
2017-01-15 08:19:38:initSignal:28.0
2017-01-15 08:19:38:endSignal:28.0
2017-01-15 08:19:38:seqSignal:15
2017-01-15 08:20:06:sending 15 signals using command: 'ssh -T mic1 killall -2 dgemm_check' after 28.0s
2017-01-15 08:20:06:sending 15 signals using command: 'ssh -T mic1 killall -2 dgemm_check' after 28.0s
2017-01-15 08:20:06:sending 15 signals using command: 'ssh -T mic1 killall -2 dgemm_check' after 28.0s
2017-01-15 08:20:07:shell stdout: 
2017-01-15 08:20:07:shell stdout: 
2017-01-15 08:20:07:shell stdout: 
2017-01-15 08:20:07:shell stdout: 
2017-01-15 08:20:07:shell stdout: 
2017-01-15 08:20:07:shell stdout: 
2017-01-15 08:20:07:shell stdout: 
2017-01-15 08:20:08:shell stdout: 
2017-01-15 08:20:08:shell stdout: 
2017-01-15 08:20:08:shell stdout: 
2017-01-15 08:20:08:shell stdout: 
2017-01-15 08:20:08:shell stdout: 
2017-01-15 08:20:08:shell stdout: 
2017-01-15 08:20:08:shell stdout: 
2017-01-15 08:20:09:shell stdout: 
2017-01-15 08:20:09:shell stdout: 
2017-01-15 08:20:09:shell stdout: 
2017-01-15 08:20:09:shell stdout: 
2017-01-15 08:20:09:shell stdout: 
2017-01-15 08:20:09:shell stdout: 
2017-01-15 08:20:09:shell stdout: 
2017-01-15 08:20:10:shell stdout: 
2017-01-15 08:20:10:shell stdout: 
2017-01-15 08:20:10:shell stdout: 
2017-01-15 08:20:10:shell stdout: 
2017-01-15 08:20:10:shell stdout: 
2017-01-15 08:20:10:shell stdout: 
2017-01-15 08:20:10:shell stdout: 
2017-01-15 08:20:11:shell stdout: 
2017-01-15 08:20:11:shell stdout: 
2017-01-15 08:20:11:shell stdout: 
2017-01-15 08:20:11:shell stdout: 
2017-01-15 08:20:11:shell stdout: 
2017-01-15 08:20:11:shell stdout: 
2017-01-15 08:20:12:shell stdout: 
2017-01-15 08:20:12:shell stdout: 
2017-01-15 08:20:12:shell stdout: 
2017-01-15 08:20:12:shell stdout: 
2017-01-15 08:20:12:shell stdout: 
2017-01-15 08:20:12:shell stdout: 
2017-01-15 08:20:12:shell stdout: 
2017-01-15 08:20:12:shell stdout: 
2017-01-15 08:20:13:shell stdout: 
2017-01-15 08:20:13:shell stdout: 
2017-01-15 08:20:13:shell stdout: 
2017-01-15 08:26:25:no gdbExecName running, out:
2017-01-15 08:26:25:checCmd:ps -e | grep -i gdb-mic
2017-01-15 08:26:25:finished now-timestampStart < maxWaitTime*5
2017-01-15 08:26:25:now: 1484486776
2017-01-15 08:26:25:timestampStart: 1484486378
2017-01-15 08:26:25:kill cmd: killall -9 gdb-mic
2017-01-15 08:26:25:shell stdout: 
2017-01-15 08:26:25:kill cmd: ssh -T mic1 killall -9 dgemm_check
2017-01-15 08:26:25:shell stdout: 
2017-01-15 08:26:25:kill cmd: ssh -T mic1 killall -9 gdbserver
2017-01-15 08:26:25:shell stdout: 
2017-01-15 08:26:26:kill cmd: ssh -T mic1 killall -9 sshd
2017-01-15 08:26:26:shell stdout: 
