2017-01-23 17:09:53:Starting GDB script
2017-01-23 17:09:53:initSignal:28.0
2017-01-23 17:09:53:endSignal:28.0
2017-01-23 17:09:53:seqSignal:15
2017-01-23 17:10:21:sending 15 signals using command: 'ssh -T mic1 killall -2 dgemm_check' after 28.0s
2017-01-23 17:10:21:sending 15 signals using command: 'ssh -T mic1 killall -2 dgemm_check' after 28.0s
2017-01-23 17:10:21:sending 15 signals using command: 'ssh -T mic1 killall -2 dgemm_check' after 28.0s
2017-01-23 17:10:21:shell stdout: 
2017-01-23 17:10:21:shell stdout: 
2017-01-23 17:10:21:shell stdout: 
2017-01-23 17:10:22:shell stdout: 
2017-01-23 17:10:22:shell stdout: 
2017-01-23 17:10:22:shell stdout: 
2017-01-23 17:10:22:shell stdout: 
2017-01-23 17:10:22:shell stdout: 
2017-01-23 17:10:22:shell stdout: 
2017-01-23 17:10:22:shell stdout: 
2017-01-23 17:10:22:shell stdout: 
2017-01-23 17:10:23:shell stdout: 
2017-01-23 17:10:23:shell stdout: 
2017-01-23 17:10:23:shell stdout: 
2017-01-23 17:10:23:shell stdout: 
2017-01-23 17:10:23:shell stdout: 
2017-01-23 17:10:23:shell stdout: 
2017-01-23 17:10:23:shell stdout: 
2017-01-23 17:10:24:shell stdout: 
2017-01-23 17:10:24:shell stdout: 
2017-01-23 17:10:24:shell stdout: 
2017-01-23 17:10:24:shell stdout: 
2017-01-23 17:10:24:shell stdout: 
2017-01-23 17:10:24:shell stdout: 
2017-01-23 17:10:25:shell stdout: 
2017-01-23 17:10:25:shell stdout: 
2017-01-23 17:10:25:shell stdout: 
2017-01-23 17:10:25:shell stdout: 
2017-01-23 17:10:25:shell stdout: 
2017-01-23 17:10:25:shell stdout: 
2017-01-23 17:10:25:shell stdout: 
2017-01-23 17:10:26:shell stdout: 
2017-01-23 17:10:26:shell stdout: 
2017-01-23 17:10:26:shell stdout: 
2017-01-23 17:10:26:shell stdout: 
2017-01-23 17:10:26:shell stdout: 
2017-01-23 17:10:26:shell stdout: 
2017-01-23 17:10:26:shell stdout: 
2017-01-23 17:10:26:shell stdout: 
2017-01-23 17:10:27:shell stdout: 
2017-01-23 17:10:27:shell stdout: 
2017-01-23 17:10:27:shell stdout: 
2017-01-23 17:10:27:shell stdout: 
2017-01-23 17:10:27:shell stdout: 
2017-01-23 17:10:27:shell stdout: 
2017-01-23 17:11:39:no gdbExecName running, out:
2017-01-23 17:11:39:checCmd:ps -e | grep -i gdb-mic
2017-01-23 17:11:39:finished now-timestampStart < maxWaitTime*5
2017-01-23 17:11:39:now: 1485209490
2017-01-23 17:11:39:timestampStart: 1485209393
2017-01-23 17:11:39:kill cmd: killall -9 gdb-mic
2017-01-23 17:11:39:shell stdout: 
2017-01-23 17:11:39:kill cmd: ssh -T mic1 killall -9 dgemm_check
2017-01-23 17:11:39:shell stdout: 
2017-01-23 17:11:40:kill cmd: ssh -T mic1 killall -9 gdbserver
2017-01-23 17:11:40:shell stdout: 
2017-01-23 17:11:40:kill cmd: ssh -T mic1 killall -9 sshd
2017-01-23 17:11:40:shell stdout: 
