[INFO -- 2017-03-27 23:42:11]
Starting GDB script
[INFO -- 2017-03-27 23:42:11]
initSignal:0.0
[INFO -- 2017-03-27 23:42:11]
endSignal:3.0
[INFO -- 2017-03-27 23:42:11]
seqSignal:30
[INFO -- 2017-03-27 23:42:13]
sending 30 signals using command: 'ssh -T mic0 killall -2 lavamd_check' after 1.64165492621s
[INFO -- 2017-03-27 23:42:13]
shell stdout: 
[INFO -- 2017-03-27 23:42:14]
sending 30 signals using command: 'ssh -T mic0 killall -2 lavamd_check' after 2.24573724826s
[INFO -- 2017-03-27 23:42:14]
shell stdout: 
[INFO -- 2017-03-27 23:42:14]
sending 30 signals using command: 'ssh -T mic0 killall -2 lavamd_check' after 2.60251429567s
[INFO -- 2017-03-27 23:42:14]
shell stdout: 
[INFO -- 2017-03-27 23:42:14]
shell stdout: 
[INFO -- 2017-03-27 23:42:14]
shell stdout: 
[INFO -- 2017-03-27 23:42:15]
shell stdout: 
[INFO -- 2017-03-27 23:42:15]
shell stdout: 
[INFO -- 2017-03-27 23:42:15]
shell stdout: 
[INFO -- 2017-03-27 23:42:15]
shell stdout: 
[INFO -- 2017-03-27 23:42:15]
shell stdout: 
[INFO -- 2017-03-27 23:42:15]
shell stdout: 
[INFO -- 2017-03-27 23:42:15]
shell stdout: 
[INFO -- 2017-03-27 23:42:16]
shell stdout: 
[INFO -- 2017-03-27 23:42:16]
shell stdout: 
[INFO -- 2017-03-27 23:42:16]
shell stdout: 
[INFO -- 2017-03-27 23:42:16]
shell stdout: 
[INFO -- 2017-03-27 23:42:16]
shell stdout: 
[INFO -- 2017-03-27 23:42:16]
shell stdout: 
[INFO -- 2017-03-27 23:42:17]
shell stdout: 
[INFO -- 2017-03-27 23:42:17]
shell stdout: 
[INFO -- 2017-03-27 23:42:17]
shell stdout: 
[INFO -- 2017-03-27 23:42:17]
shell stdout: 
[INFO -- 2017-03-27 23:42:18]
shell stdout: 
[INFO -- 2017-03-27 23:42:18]
shell stdout: 
[INFO -- 2017-03-27 23:42:18]
shell stdout: 
[INFO -- 2017-03-27 23:42:19]
shell stdout: 
[INFO -- 2017-03-27 23:42:19]
shell stdout: 
[INFO -- 2017-03-27 23:42:19]
shell stdout: 
[INFO -- 2017-03-27 23:42:20]
shell stdout: 
[INFO -- 2017-03-27 23:42:20]
shell stdout: 
[INFO -- 2017-03-27 23:42:20]
shell stdout: 
[INFO -- 2017-03-27 23:42:21]
shell stdout: 
[INFO -- 2017-03-27 23:42:21]
shell stdout: 
[INFO -- 2017-03-27 23:42:21]
shell stdout: 
[INFO -- 2017-03-27 23:42:22]
shell stdout: 
[INFO -- 2017-03-27 23:42:22]
shell stdout: 
[INFO -- 2017-03-27 23:42:22]
shell stdout: 
[INFO -- 2017-03-27 23:42:23]
shell stdout: 
[INFO -- 2017-03-27 23:42:23]
shell stdout: 
[INFO -- 2017-03-27 23:42:23]
shell stdout: 
[INFO -- 2017-03-27 23:42:23]
shell stdout: 
[INFO -- 2017-03-27 23:42:23]
shell stdout: 
[INFO -- 2017-03-27 23:42:23]
shell stdout: 
[INFO -- 2017-03-27 23:42:24]
shell stdout: 
[INFO -- 2017-03-27 23:42:24]
shell stdout: 
[INFO -- 2017-03-27 23:42:24]
shell stdout: 
[INFO -- 2017-03-27 23:42:24]
shell stdout: 
[INFO -- 2017-03-27 23:42:24]
shell stdout: 
[INFO -- 2017-03-27 23:42:25]
shell stdout: 
[INFO -- 2017-03-27 23:42:25]
shell stdout: 
[INFO -- 2017-03-27 23:42:25]
shell stdout: 
[INFO -- 2017-03-27 23:42:25]
shell stdout: 
[INFO -- 2017-03-27 23:42:26]
shell stdout: 
[INFO -- 2017-03-27 23:42:26]
shell stdout: 
[INFO -- 2017-03-27 23:42:26]
shell stdout: 
[INFO -- 2017-03-27 23:42:26]
shell stdout: 
[INFO -- 2017-03-27 23:42:26]
shell stdout: 
[INFO -- 2017-03-27 23:42:26]
shell stdout: 
[INFO -- 2017-03-27 23:42:27]
shell stdout: 
[INFO -- 2017-03-27 23:42:27]
shell stdout: 
[INFO -- 2017-03-27 23:42:27]
shell stdout: 
[INFO -- 2017-03-27 23:42:27]
shell stdout: 
[INFO -- 2017-03-27 23:42:27]
shell stdout: 
[INFO -- 2017-03-27 23:42:27]
shell stdout: 
[INFO -- 2017-03-27 23:42:27]
shell stdout: 
[INFO -- 2017-03-27 23:42:28]
shell stdout: 
[INFO -- 2017-03-27 23:42:28]
shell stdout: 
[INFO -- 2017-03-27 23:42:28]
shell stdout: 
[INFO -- 2017-03-27 23:42:28]
shell stdout: 
[INFO -- 2017-03-27 23:42:28]
shell stdout: 
[INFO -- 2017-03-27 23:42:28]
shell stdout: 
[INFO -- 2017-03-27 23:42:28]
shell stdout: 
[INFO -- 2017-03-27 23:42:29]
shell stdout: 
[INFO -- 2017-03-27 23:42:29]
shell stdout: 
[INFO -- 2017-03-27 23:42:29]
shell stdout: 
[INFO -- 2017-03-27 23:42:29]
shell stdout: 
[INFO -- 2017-03-27 23:42:29]
shell stdout: 
[INFO -- 2017-03-27 23:42:29]
shell stdout: 
[INFO -- 2017-03-27 23:42:29]
shell stdout: 
[INFO -- 2017-03-27 23:42:30]
shell stdout: 
[INFO -- 2017-03-27 23:42:30]
shell stdout: 
[INFO -- 2017-03-27 23:42:30]
shell stdout: 
[INFO -- 2017-03-27 23:42:30]
shell stdout: 
[INFO -- 2017-03-27 23:42:30]
shell stdout: 
[INFO -- 2017-03-27 23:42:30]
shell stdout: 
[INFO -- 2017-03-27 23:42:31]
shell stdout: 
[INFO -- 2017-03-27 23:42:31]
shell stdout: 
[INFO -- 2017-03-27 23:42:31]
shell stdout: 
[INFO -- 2017-03-27 23:42:31]
shell stdout: 
[INFO -- 2017-03-27 23:42:32]
shell stdout: 
[INFO -- 2017-03-27 23:43:01]
finished due now-timestampStart > maxWaitTime*5
[INFO -- 2017-03-27 23:43:01]
now: 1490672581
[INFO -- 2017-03-27 23:43:01]
timestampStart: 1490672531
[INFO -- 2017-03-27 23:43:01]
kill cmd: killall -9 gdb-mic
[INFO -- 2017-03-27 23:43:01]
shell stdout: 
[INFO -- 2017-03-27 23:43:01]
kill cmd: ssh -T mic0 killall -9 lavamd_check
[INFO -- 2017-03-27 23:43:01]
shell stdout: 
[INFO -- 2017-03-27 23:43:02]
kill cmd: ssh -T mic0 killall -9 gdbserver
[INFO -- 2017-03-27 23:43:02]
shell stdout: 
[INFO -- 2017-03-27 23:43:02]
kill cmd: ssh -T mic0 killall -9 sshd
[INFO -- 2017-03-27 23:43:02]
shell stdout: 
