#HEADER max_rows:16384 max_cols:16384 penalty:10 omp_num_threads:228
#BEGIN Y:2016 M:10 D:13 Time:00:10:34
#IT Ite:0 KerTime:0.877571 AccTime:0.877571
#ERR  p: [1872, 127], r: 957, e: -10
#ERR  p: [792, 99], r: 1000, e: -10
#ERR  p: [1296, 108], r: 968, e: -10
#ERR  p: [360, 97], r: 1008, e: -10
#ERR  p: [576, 97], r: 1008, e: -10
#ERR  p: [72, 115], r: 959, e: -10
#ERR  p: [936, 113], r: 979, e: -10
#ERR  p: [216, 115], r: 967, e: -10
#ERR  p: [288, 114], r: 959, e: -10
#ERR  p: [2016, 106], r: 985, e: -10
#ERR  p: [504, 138], r: 912, e: -10
#ERR  p: [432, 114], r: 980, e: -10
#ERR  p: [1008, 93], r: 1014, e: -10
#ERR  p: [720, 134], r: 941, e: -10
#ERR  p: [144, 105], r: 990, e: -9
#ERR  p: [648, 158], r: 880, e: -10
#ERR  p: [1728, 97], r: 1008, e: -8
#ERR  p: [1656, 126], r: 955, e: -9
#ERR  p: [1512, 108], r: 1012, e: -9
#ERR  p: [1440, 97], r: 1021, e: -3
#ERR  p: [1368, 118], r: 978, e: -6
#ERR  p: [1584, 102], r: 1010, e: -10
#ERR  p: [2232, 95], r: 1014, e: -10
#ERR  p: [1800, 102], r: 995, e: -9
#ERR  p: [2160, 92], r: 1018, e: -6
#ERR  p: [1080, 99], r: 1002, e: -9
#ERR  p: [2088, 139], r: 940, e: -10
#ERR  p: [1224, 103], r: 986, e: -10
#ERR  p: [1152, 137], r: 937, e: -10
#ERR  p: [1944, 109], r: 974, e: -10
#ERR  p: [864, 117], r: 959, e: -9
#ERR  p: [1872, 128], r: 970, e: -10
#ERR  p: [792, 100], r: 994, e: -10
#ERR  p: [1296, 109], r: 987, e: -7
#ERR  p: [360, 98], r: 1007, e: -6
#ERR  p: [576, 98], r: 1000, e: -10
#ERR  p: [72, 116], r: 976, e: -10
#ERR  p: [216, 116], r: 974, e: -10
#ERR  p: [936, 114], r: 987, e: -10
#ERR  p: [2304, 97], r: 1009, e: -10
#ERR  p: [2376, 145], r: 897, e: -10
#ERR  p: [2448, 95], r: 1014, e: -8
#ERR  p: [288, 115], r: 977, e: 0
#ERR  p: [2016, 107], r: 975, e: -10
#ERR  p: [504, 139], r: 935, e: -10
#ERR  p: [432, 115], r: 995, e: -1
#ERR  p: [720, 135], r: 954, e: -10
#ERR  p: [1008, 94], r: 1004, e: -6
#ERR  p: [648, 159], r: 902, e: -10
#ERR  p: [144, 106], r: 999, e: -9
#ERR  p: [1728, 98], r: 999, e: -10
#ERR  p: [1368, 119], r: 973, e: -10
#ERR  p: [1656, 127], r: 979, e: -7
#ERR  p: [792, 101], r: 992, e: -10
#ERR  p: [1512, 109], r: 1016, e: -2
#ERR  p: [1440, 98], r: 1018, e: -6
#ERR  p: [1584, 103], r: 1005, e: -9
#ERR  p: [2232, 96], r: 1004, e: -10
#ERR  p: [360, 99], r: 999, e: -4
#ERR  p: [1800, 103], r: 996, e: -10
#ERR  p: [2160, 93], r: 1008, e: 4
#ERR  p: [1080, 100], r: 1007, e: -10
#ERR  p: [2088, 140], r: 956, e: -4
#ERR  p: [1224, 104], r: 994, e: -10
#ERR  p: [1152, 138], r: 971, e: -4
#ERR  p: [864, 118], r: 979, e: -10
#ERR  p: [1944, 110], r: 993, e: -10
#ERR  p: [1872, 129], r: 985, e: -8
#ERR  p: [1296, 110], r: 979, e: -10
#ERR  p: [2664, 131], r: 924, e: -10
#ERR  p: [576, 99], r: 996, e: -8
#ERR  p: [72, 117], r: 989, e: -10
#ERR  p: [216, 117], r: 986, e: -10
#ERR  p: [936, 115], r: 985, e: -10
#ERR  p: [2520, 162], r: 858, e: -10
#ERR  p: [2304, 98], r: 1006, e: -6
#ERR  p: [2376, 146], r: 947, e: -10
#ERR  p: [2952, 122], r: 942, e: -10
#ERR  p: [2448, 96], r: 1004, e: -10
#ERR  p: [2736, 122], r: 984, e: -10
#ERR  p: [7272, 93], r: 1017, e: -7
#ERR  p: [288, 116], r: 970, e: -10
#ERR  p: [5112, 94], r: 1011, e: -10
#ERR  p: [2016, 108], r: 978, e: -10
#ERR  p: [504, 140], r: 955, e: -10
#ERR  p: [432, 116], r: 987, e: -8
#ERR  p: [720, 136], r: 971, e: -10
#ERR  p: [1008, 95], r: 1010, e: -10
#ERR  p: [6192, 106], r: 1002, e: -10
#ERR  p: [3024, 109], r: 989, e: -10
#ERR  p: [2808, 116], r: 957, e: -7
#ERR  p: [648, 160], r: 932, e: -10
#ERR  p: [2592, 230], r: 715, e: -10
#ERR  p: [4968, 114], r: 978, e: -10
#ERR  p: [15249, 168], r: 867, e: -12
#ERR  p: [16314, 93], r: 1013, e: -10
#ERR  p: [15462, 204], r: 794, e: -10
#ERR  p: [16172, 125], r: 983, e: -5
#ERR  p: [16243, 133], r: 921, e: -10
#ERR  p: [15604, 107], r: 988, e: -10
#ERR  p: [16101, 131], r: 914, e: -10
#ERR  p: [144, 107], r: 989, e: -10
#ERR  p: [15675, 174], r: 856, e: -10
#ERR  p: [15391, 138], r: 919, e: -10
#ERR  p: [4896, 96], r: 1014, e: -8
#ERR  p: [7344, 92], r: 1014, e: -10
#ERR  p: [15533, 109], r: 983, e: -10
#ERR  p: [5040, 101], r: 1005, e: -2
#ERR  p: [14823, 109], r: 978, e: -10
#ERR  p: [5616, 103], r: 998, e: -10
#ERR  p: [6264, 125], r: 973, e: -10
#ERR  p: [5544, 100], r: 1002, e: -7
#ERR  p: [15320, 106], r: 997, e: -6
#ERR  p: [6120, 99], r: 1004, e: -10
#ERR  p: [5256, 108], r: 992, e: -10
#ERR  p: [5904, 103], r: 1003, e: -8
#ERR  p: [5760, 92], r: 1014, e: -10
#ERR  p: [6768, 115], r: 975, e: -10
#ERR  p: [14184, 167], r: 863, e: -9
#ERR  p: [6048, 122], r: 969, e: -6
#ERR  p: [14397, 154], r: 884, e: -10
#ERR  p: [14610, 109], r: 980, e: -4
#ERR  p: [15959, 92], r: 1014, e: -10
#ERR  p: [14468, 103], r: 989, e: -10
#ERR  p: [7200, 96], r: 1012, e: -9
#ERR  p: [6552, 96], r: 1007, e: -10
#ERR  p: [13896, 95], r: 1013, e: -8
#ERR  p: [15107, 99], r: 999, e: -10
#ERR  p: [3240, 114], r: 968, e: -9
#ERR  p: [14326, 92], r: 1017, e: -7
#ERR  p: [15888, 104], r: 999, e: -10
#ERR  p: [6336, 103], r: 1008, e: -10
#ERR  p: [13824, 140], r: 927, e: -10
#ERR  p: [6480, 112], r: 990, e: -9
#ERR  p: [8352, 98], r: 1008, e: -6
#ERR  p: [14965, 127], r: 928, e: -10
#ERR  p: [6408, 109], r: 993, e: -10
#ERR  p: [14539, 170], r: 878, e: -10
#ERR  p: [14894, 146], r: 916, e: -10
#ERR  p: [15036, 117], r: 964, e: -10
#ERR  p: [14255, 118], r: 969, e: -10
#ERR  p: [14112, 100], r: 1002, e: -10
#ERR  p: [14040, 99], r: 1011, e: -1
#ERR  p: [4680, 117], r: 962, e: -8
#ERR  p: [15746, 108], r: 973, e: -10
#ERR  p: [5976, 96], r: 1010, e: -10
#ERR  p: [5832, 107], r: 1004, e: -5
#ERR  p: [1728, 99], r: 993, e: -6
#ERR  p: [5400, 96], r: 1007, e: -10
#ERR  p: [6624, 102], r: 1006, e: -10
#ERR  p: [5184, 95], r: 1010, e: -10
#ERR  p: [9072, 116], r: 978, e: -10
#ERR  p: [792, 102], r: 996, e: -3
#ERR  p: [9000, 134], r: 940, e: -10
#ERR  p: [1512, 110], r: 1012, e: -10
#ERR  p: [1440, 99], r: 1024, e: 0
#ERR  p: [6696, 96], r: 1017, e: -7
#ERR  p: [2232, 97], r: 997, e: -7
#ERR  p: [1800, 104], r: 999, e: -6
#ERR  p: [14752, 126], r: 941, e: -10
#ERR  p: [13968, 106], r: 987, e: -10
#ERR  p: [4752, 185], r: 841, e: 3
#ERR  p: [5328, 119], r: 991, e: 0
#ERR  p: [6984, 118], r: 967, e: -9
#ERR  p: [1656, 128], r: 970, e: -10
#ERR  p: [1584, 104], r: 995, e: -10
#ERR  p: [1368, 120], r: 971, e: -10
#ERR  p: [360, 100], r: 989, e: -10
#ERR  p: [4032, 107], r: 986, e: -10
#ERR  p: [2160, 94], r: 998, e: -6
#ERR  p: [15817, 97], r: 1010, e: -10
#ERR  p: [1080, 101], r: 997, e: -10
#ERR  p: [2088, 141], r: 957, e: -10
#ERR  p: [1224, 105], r: 988, e: -10
#ERR  p: [16030, 120], r: 945, e: -9
#ERR  p: [15178, 102], r: 992, e: -10
#ERR  p: [3312, 103], r: 1001, e: -10
#ERR  p: [1152, 139], r: 973, e: -10
#ERR  p: [864, 119], r: 970, e: -10
#ERR  p: [1296, 111], r: 976, e: -10
#ERR  p: [3816, 132], r: 921, e: -10
#ERR  p: [8928, 121], r: 964, e: -10
#ERR  p: [2880, 129], r: 972, e: -5
#ERR  p: [1944, 111], r: 985, e: -10
#ERR  p: [216, 118], r: 991, e: -4
#ERR  p: [1872, 130], r: 975, e: -10
#ERR  p: [2664, 132], r: 944, e: -7
#ERR  p: [576, 100], r: 986, e: -10
#ERR  p: [3096, 132], r: 961, e: -10
#ERR  p: [9576, 107], r: 980, e: -10
#ERR  p: [72, 118], r: 979, e: -10
#ERR  p: [8856, 154], r: 894, e: -10
#ERR  p: [8784, 165], r: 889, e: -10
#ERR  p: [9144, 100], r: 989, e: -10
#ERR  p: [4608, 93], r: 1015, e: -9
#ERR  p: [8712, 97], r: 1007, e: -10
#ERR  p: [936, 116], r: 978, e: -10
#ERR  p: [6912, 120], r: 990, e: 3
#ERR  p: [7632, 100], r: 1006, e: -10
#ERR  p: [8496, 136], r: 927, e: -10
#ERR  p: [7416, 97], r: 1003, e: -10
#ERR  p: [6840, 92], r: 1014, e: -10
#ERR  p: [8424, 122], r: 963, e: -8
#ERR  p: [7560, 124], r: 949, e: -10
#ERR  p: [2448, 97], r: 994, e: -10
#ERR  p: [4824, 144], r: 895, e: -7
#ERR  p: [8640, 124], r: 983, e: -10
#ERR  p: [7056, 151], r: 894, e: -10
#ERR  p: [7848, 105], r: 987, e: -9
#ERR  p: [5688, 114], r: 972, e: -10
#ERR  p: [7992, 146], r: 922, e: -10
#ERR  p: [7128, 128], r: 945, e: -10
#ERR  p: [7488, 113], r: 995, e: 3
#ERR  p: [2376, 147], r: 951, e: -10
#ERR  p: [2952, 123], r: 960, e: -6
#ERR  p: [14681, 176], r: 865, e: -10
#ERR  p: [2304, 99], r: 1004, e: 0
#ERR  p: [2736, 123], r: 978, e: -9
#ERR  p: [7272, 94], r: 1007, e: -7
#ERR  p: [8136, 96], r: 1011, e: -9
#ERR  p: [288, 117], r: 960, e: -10
#ERR  p: [3528, 112], r: 978, e: -3
#ERR  p: [8280, 100], r: 1009, e: -10
#ERR  p: [3744, 107], r: 995, e: -9
#ERR  p: [3888, 102], r: 999, e: -10
#ERR  p: [9432, 100], r: 1002, e: -6
#ERR  p: [4392, 139], r: 974, e: -10
#ERR  p: [9288, 174], r: 861, e: -10
#ERR  p: [2016, 109], r: 976, e: -10
#ERR  p: [3960, 130], r: 937, e: -10
#ERR  p: [5112, 95], r: 1005, e: -8
#ERR  p: [4104, 113], r: 971, e: -10
#ERR  p: [8208, 112], r: 993, e: -8
#ERR  p: [504, 141], r: 961, e: -10
#ERR  p: [10368, 118], r: 970, e: -10
#ERR  p: [3384, 109], r: 994, e: -7
#ERR  p: [8064, 97], r: 1009, e: -10
#ERR  p: [3168, 98], r: 1003, e: -10
#ERR  p: [9720, 122], r: 955, e: -10
#ERR  p: [9504, 137], r: 920, e: -10
#ERR  p: [2808, 117], r: 970, e: -10
#ERR  p: [720, 137], r: 973, e: -7
#ERR  p: [432, 117], r: 977, e: -10
#ERR  p: [9648, 144], r: 945, e: -10
#ERR  p: [6192, 107], r: 1000, e: -10
#ERR  p: [8568, 120], r: 936, e: -10
#ERR  p: [7920, 107], r: 977, e: -10
#ERR  p: [4536, 274], r: 729, e: -10
#ERR  p: [7704, 95], r: 1007, e: -10
#ERR  p: [1008, 96], r: 1003, e: -10
#ERR  p: [3024, 110], r: 1009, e: -10
#ERR  p: [2520, 163], r: 876, e: -10
#ERR  p: [10800, 109], r: 979, e: -10
#ERR  p: [10728, 107], r: 979, e: -8
#ERR  p: [648, 161], r: 948, e: -4
#ERR  p: [10656, 125], r: 945, e: -5
#ERR  p: [2592, 231], r: 737, e: -9
#ERR  p: [11448, 145], r: 891, e: -10
#ERR  p: [11664, 127], r: 941, e: -10
#ERR  p: [4968, 115], r: 1001, e: 0
#ERR  p: [15249, 169], r: 876, e: -13
#ERR  p: [11592, 92], r: 1014, e: -10
#ERR  p: [16314, 94], r: 1004, e: -9
#ERR  p: [15462, 205], r: 827, e: -10
#ERR  p: [5472, 125], r: 951, e: -10
#ERR  p: [5616, 104], r: 989, e: -10
#ERR  p: [3456, 92], r: 1014, e: -10
#ERR  p: [3672, 164], r: 866, e: -10
#ERR  p: [13752, 92], r: 1014, e: -10
#ERR  p: [16172, 126], r: 990, e: 2
#ERR  p: [15604, 108], r: 997, e: -10
#ERR  p: [16243, 134], r: 960, e: -7
#ERR  p: [16101, 132], r: 963, e: -6
#ERR  p: [144, 108], r: 988, e: -5
#ERR  p: [15675, 175], r: 864, e: -10
#ERR  p: [13680, 123], r: 973, e: -10
#ERR  p: [11880, 105], r: 975, e: -10
#ERR  p: [11808, 102], r: 999, e: -10
#ERR  p: [12456, 103], r: 990, e: -10
#ERR  p: [4464, 207], r: 857, e: -3
#ERR  p: [4176, 104], r: 994, e: -10
#ERR  p: [13608, 99], r: 1017, e: -7
#ERR  p: [9216, 107], r: 982, e: -10
#ERR  p: [3600, 97], r: 1006, e: -10
#ERR  p: [4248, 113], r: 974, e: -10
#ERR  p: [14255, 119], r: 980, e: -10
#ERR  p: [15391, 139], r: 912, e: -10
#ERR  p: [10296, 119], r: 978, e: -10
#ERR  p: [4896, 97], r: 1005, e: -10
#ERR  p: [9360, 94], r: 1013, e: -10
#ERR  p: [7344, 93], r: 1004, e: -9
#ERR  p: [10152, 125], r: 950, e: -10
#ERR  p: [9792, 103], r: 1004, e: -6
#ERR  p: [10584, 110], r: 991, e: -10
#ERR  p: [15533, 110], r: 1003, e: -10
#ERR  p: [9936, 100], r: 1003, e: -7
#ERR  p: [6624, 103], r: 996, e: -10
#ERR  p: [10512, 108], r: 989, e: -8
#ERR  p: [11088, 134], r: 955, e: -10
#ERR  p: [11232, 107], r: 996, e: -10
#ERR  p: [10008, 143], r: 923, e: -10
#ERR  p: [9864, 96], r: 1007, e: -10
#ERR  p: [7776, 136], r: 930, e: -10
#ERR  p: [10440, 120], r: 970, e: -10
#ERR  p: [11376, 102], r: 1009, e: -10
#ERR  p: [11304, 117], r: 958, e: -8
#ERR  p: [5040, 102], r: 998, e: -10
#ERR  p: [11016, 100], r: 993, e: -9
#ERR  p: [10944, 123], r: 951, e: -6
#ERR  p: [10872, 105], r: 999, e: -8
#ERR  p: [11952, 157], r: 925, e: -10
#ERR  p: [14823, 110], r: 986, e: -10
#ERR  p: [6264, 126], r: 973, e: -10
#ERR  p: [14184, 168], r: 900, e: -10
#ERR  p: [5256, 109], r: 1007, e: -9
#ERR  p: [5760, 93], r: 1004, e: -9
#ERR  p: [2232, 98], r: 987, e: -10
#ERR  p: [15320, 107], r: 993, e: -10
#ERR  p: [5904, 104], r: 997, e: -10
#ERR  p: [11520, 95], r: 1015, e: -9
#ERR  p: [6120, 100], r: 997, e: -10
#ERR  p: [11736, 100], r: 1007, e: -10
#ERR  p: [6768, 116], r: 989, e: -10
#ERR  p: [47, 92], r: 1019, e: -5
#ERR  p: [5544, 101], r: 1012, e: -10
#ERR  p: [13176, 106], r: 994, e: -10
#ERR  p: [1584, 105], r: 985, e: -10
#ERR  p: [11160, 133], r: 924, e: -10
#ERR  p: [2160, 95], r: 988, e: -7
#ERR  p: [15959, 93], r: 1004, e: -5
#ERR  p: [6552, 97], r: 997, e: -10
#ERR  p: [7200, 97], r: 1002, e: -10
#ERR  p: [14397, 155], r: 896, e: -10
#ERR  p: [14610, 110], r: 986, e: -10
#ERR  p: [15178, 103], r: 998, e: -8
#ERR  p: [14468, 104], r: 1004, e: -7
#ERR  p: [6048, 123], r: 968, e: -10
#ERR  p: [13896, 96], r: 1003, e: -10
#ERR  p: [15107, 100], r: 1010, e: -9
#ERR  p: [3240, 115], r: 966, e: -10
#ERR  p: [14326, 93], r: 1007, e: -9
#ERR  p: [15888, 105], r: 995, e: -10
#ERR  p: [6336, 104], r: 998, e: -10
#ERR  p: [6480, 113], r: 984, e: -10
#ERR  p: [13824, 141], r: 940, e: -9
#ERR  p: [12528, 102], r: 993, e: -10
#ERR  p: [8352, 99], r: 1001, e: -6
#ERR  p: [6912, 121], r: 989, e: -7
#ERR  p: [4680, 118], r: 981, e: -10
#ERR  p: [10080, 103], r: 1002, e: -10
#ERR  p: [8424, 123], r: 1000, e: -9
#ERR  p: [14965, 128], r: 955, e: -10
#ERR  p: [6408, 110], r: 1012, e: -7
#ERR  p: [14894, 147], r: 922, e: -6
#ERR  p: [15036, 118], r: 969, e: -10
#ERR  p: [2304, 100], r: 994, e: -3
#ERR  p: [15746, 109], r: 981, e: -10
#ERR  p: [14539, 171], r: 899, e: -7
#ERR  p: [12600, 96], r: 1007, e: -10
#ERR  p: [14112, 101], r: 992, e: -10
#ERR  p: [14040, 100], r: 1009, e: -6
#ERR  p: [12168, 123], r: 963, e: -10
#ERR  p: [4320, 93], r: 1012, e: -10
#ERR  p: [5976, 97], r: 1000, e: -10
#ERR  p: [5832, 108], r: 1010, e: -10
#ERR  p: [11664, 128], r: 958, e: -9
#ERR  p: [1728, 100], r: 984, e: -9
#ERR  p: [15249, 170], r: 885, e: -11
#ERR  p: [12024, 110], r: 982, e: -8
#ERR  p: [13392, 96], r: 1015, e: -7
#ERR  p: [5400, 97], r: 997, e: -10
#ERR  p: [13536, 127], r: 936, e: -10
#ERR  p: [13104, 107], r: 972, e: -10
#ERR  p: [13320, 114], r: 973, e: -10
#ERR  p: [12312, 103], r: 984, e: -10
#ERR  p: [12240, 127], r: 960, e: -10
#ERR  p: [13032, 94], r: 1012, e: -10
#ERR  p: [5184, 96], r: 1000, e: -4
#ERR  p: [792, 103], r: 1001, e: -10
#ERR  p: [9000, 135], r: 954, e: -10
#ERR  p: [9072, 117], r: 978, e: -10
#ERR  p: [1512, 111], r: 1003, e: -10
#ERR  p: [1440, 100], r: 1014, e: -10
#ERR  p: [6696, 97], r: 1007, e: -10
#ERR  p: [13464, 135], r: 934, e: -10
#ERR  p: [13968, 107], r: 982, e: -10
#ERR  p: [12888, 107], r: 983, e: -10
#ERR  p: [10224, 146], r: 911, e: -10
#ERR  p: [1800, 105], r: 989, e: -9
#ERR  p: [14752, 127], r: 968, e: -10
#ERR  p: [13248, 129], r: 969, e: -10
#ERR  p: [4752, 186], r: 870, e: -7
#ERR  p: [6984, 119], r: 967, e: -10
#ERR  p: [5328, 120], r: 982, e: -9
#ERR  p: [12744, 138], r: 935, e: -10
#ERR  p: [12816, 102], r: 1003, e: -10
#ERR  p: [1656, 129], r: 968, e: -10
#ERR  p: [1368, 121], r: 986, e: -10
#ERR  p: [360, 101], r: 979, e: -10
#ERR  p: [4032, 108], r: 992, e: -10
#ERR  p: [12960, 93], r: 1013, e: -10
#ERR  p: [15817, 98], r: 1001, e: -10
#ERR  p: [1080, 102], r: 993, e: -10
#ERR  p: [2088, 142], r: 961, e: -10
#ERR  p: [16030, 121], r: 971, e: -10
#ERR  p: [1224, 106], r: 978, e: -10
#ERR  p: [3312, 104], r: 1007, e: -10
#ERR  p: [12096, 101], r: 999, e: -10
#ERR  p: [864, 120], r: 960, e: -10
#ERR  p: [3816, 133], r: 928, e: -9
#ERR  p: [1296, 112], r: 970, e: -10
#ERR  p: [1152, 140], r: 968, e: -8
#ERR  p: [2880, 130], r: 970, e: -10
#ERR  p: [8928, 122], r: 984, e: -10
#ERR  p: [216, 119], r: 981, e: -10
#ERR  p: [1872, 131], r: 967, e: -9
#ERR  p: [576, 101], r: 976, e: -10
#ERR  p: [3096, 133], r: 986, e: 2
#ERR  p: [1944, 112], r: 975, e: -10
#ERR  p: [2664, 133], r: 957, e: -10
#ERR  p: [72, 119], r: 979, e: -10
#ERR  p: [9576, 108], r: 992, e: -10
#ERR  p: [8856, 155], r: 912, e: -10
#ERR  p: [8784, 166], r: 888, e: -10
#ERR  p: [9144, 101], r: 993, e: -10
#ERR  p: [4608, 94], r: 1005, e: -9
#ERR  p: [12384, 94], r: 1010, e: -10
#ERR  p: [936, 117], r: 968, e: -10
#ERR  p: [12672, 96], r: 1016, e: -8
#ERR  p: [8712, 98], r: 997, e: -10
#ERR  p: [7632, 101], r: 1001, e: -10
#ERR  p: [8496, 137], r: 965, e: -10
#ERR  p: [7416, 98], r: 995, e: -10
#ERR  p: [6840, 93], r: 1004, e: -9
#ERR  p: [4824, 145], r: 901, e: -10
#ERR  p: [2448, 98], r: 984, e: -10
#ERR  p: [7560, 125], r: 967, e: -8
#ERR  p: [8640, 125], r: 985, e: -9
#ERR  p: [7056, 152], r: 929, e: -10
#ERR  p: [7848, 106], r: 994, e: -10
#ERR  p: [5688, 115], r: 978, e: -10
#ERR  p: [7992, 147], r: 940, e: -10
#ERR  p: [7128, 129], r: 955, e: -10
#ERR  p: [288, 118], r: 971, e: -10
#ERR  p: [3528, 113], r: 970, e: -10
#ERR  p: [2376, 148], r: 950, e: -10
#ERR  p: [2952, 124], r: 967, e: -10
#ERR  p: [7488, 114], r: 986, e: -7
#ERR  p: [8136, 97], r: 1001, e: -10
#ERR  p: [7272, 95], r: 997, e: -10
#ERR  p: [14681, 177], r: 872, e: -10
#ERR  p: [2736, 124], r: 975, e: -10
#ERR  p: [8280, 101], r: 1023, e: -1
#ERR  p: [3744, 108], r: 991, e: -5
#ERR  p: [3888, 103], r: 992, e: -10
#ERR  p: [9432, 101], r: 1004, e: -10
#ERR  p: [4392, 140], r: 982, e: -5
#ERR  p: [2016, 110], r: 966, e: -10
#ERR  p: [3960, 131], r: 963, e: -9
#ERR  p: [9288, 175], r: 867, e: -10
#ERR  p: [5112, 96], r: 995, e: -10
#ERR  p: [4104, 114], r: 977, e: -10
#ERR  p: [8208, 113], r: 1012, e: 1
#ERR  p: [10368, 119], r: 986, e: -10
#ERR  p: [504, 142], r: 968, e: -10
#ERR  p: [3384, 110], r: 1008, e: -10
#ERR  p: [9720, 123], r: 973, e: -6
#ERR  p: [8064, 98], r: 1000, e: -10
#ERR  p: [720, 138], r: 977, e: -9
#ERR  p: [3168, 99], r: 1005, e: -7
#ERR  p: [9504, 138], r: 944, e: -10
#ERR  p: [2808, 118], r: 970, e: -10
#ERR  p: [9648, 145], r: 938, e: -10
#ERR  p: [6192, 108], r: 997, e: -5
#ERR  p: [8568, 121], r: 959, e: -10
#ERR  p: [7920, 108], r: 1004, e: -10
#ERR  p: [432, 118], r: 968, e: -10
#ERR  p: [4536, 275], r: 739, e: -10
#ERR  p: [7704, 96], r: 1003, e: -10
#ERR  p: [1008, 97], r: 993, e: -10
#ERR  p: [3024, 111], r: 1004, e: -10
#ERR  p: [2520, 164], r: 900, e: -5
#ERR  p: [10800, 110], r: 1000, e: -3
#ERR  p: [10728, 108], r: 994, e: -6
#ERR  p: [10656, 126], r: 979, e: -10
#ERR  p: [2592, 232], r: 764, e: -10
#ERR  p: [648, 162], r: 938, e: -10
#ERR  p: [11448, 146], r: 911, e: -5
#ERR  p: [4968, 116], r: 991, e: -10
#ERR  p: [15604, 109], r: 995, e: -10
#ERR  p: [16172, 127], r: 980, e: -8
#ERR  p: [13752, 93], r: 1004, e: -4
#ERR  p: [5472, 126], r: 967, e: -10
#ERR  p: [16314, 95], r: 994, e: -10
#ERR  p: [3456, 93], r: 1004, e: -5
#ERR  p: [5616, 105], r: 996, e: -10
#ERR  p: [15462, 206], r: 844, e: -10
#ERR  p: [3672, 165], r: 902, e: 5
#ERR  p: [16243, 135], r: 962, e: -10
#ERR  p: [11592, 93], r: 1004, e: -8
