[INFO -- 2017-03-02 16:28:55]
Starting flip_value script
version: 2.0
[INFO -- 2017-03-02 16:28:55]
Initialization strings:
[INFO -- 2017-03-02 16:28:55]
(1) target extended-remote | ssh -T mic1 gdbserver --multi -
[INFO -- 2017-03-02 16:28:55]
(2) set sysroot /opt/mpss/3.7/sysroots/k1om-mpss-linux/
[INFO -- 2017-03-02 16:28:55]
(3) set sysroot /opt/mpss/3.7/sysroots/k1om-mpss-linux/
[INFO -- 2017-03-02 16:28:55]
(4) file /micNfs/gdb-fault-injection/injector/bin/dgemm/dgemm_check
[INFO -- 2017-03-02 16:28:55]
(5) set remote exec-file /micNfs/gdb-fault-injection/injector/bin/dgemm/dgemm_check
[INFO -- 2017-03-02 16:28:55]
(6) set args 228 2048 16 /micNfs/gdb-fault-injection/injector/bin/dgemm/dgemm_a_8192 /micNfs/gdb-fault-injection/injector/bin/dgemm/dgemm_b_8192 /micNfs/gdb-fault-injection/injector/bin/dgemm/gold_2048_m-order_228_ths_16_blocks 1
[INFO -- 2017-03-02 16:28:55]
initSignal:7
[INFO -- 2017-03-02 16:28:55]
endSignal:14
[INFO -- 2017-03-02 16:28:55]
seqSignal:15
[INFO -- 2017-03-02 16:28:55]
faultMode:3
[EXCEPTION -- 2017-03-02 16:29:16]
pythonException: invalid frame
[EXCEPTION -- 2017-03-02 16:29:16]
pythonException: invalid frame
[EXCEPTION -- 2017-03-02 16:29:16]
pythonException: invalid frame
[EXCEPTION -- 2017-03-02 16:29:16]
pythonException: invalid frame
[EXCEPTION -- 2017-03-02 16:29:16]
pythonException: invalid frame
[EXCEPTION -- 2017-03-02 16:29:16]
pythonException: invalid frame
[EXCEPTION -- 2017-03-02 16:29:16]
pythonException: invalid frame
[EXCEPTION -- 2017-03-02 16:29:16]
pythonException: invalid frame
[EXCEPTION -- 2017-03-02 16:29:16]
pythonException: invalid frame
[EXCEPTION -- 2017-03-02 16:29:16]
pythonException: invalid frame
[EXCEPTION -- 2017-03-02 16:29:16]
pythonException: invalid frame
[EXCEPTION -- 2017-03-02 16:29:16]
pythonException: invalid frame
[EXCEPTION -- 2017-03-02 16:29:16]
pythonException: invalid frame
[EXCEPTION -- 2017-03-02 16:29:16]
pythonException: invalid frame
[EXCEPTION -- 2017-03-02 16:29:16]
pythonException: invalid frame
[EXCEPTION -- 2017-03-02 16:29:16]
pythonException: invalid frame
[EXCEPTION -- 2017-03-02 16:29:16]
pythonException: invalid frame
[EXCEPTION -- 2017-03-02 16:29:16]
pythonException: invalid frame
[EXCEPTION -- 2017-03-02 16:29:16]
pythonException: invalid frame
[EXCEPTION -- 2017-03-02 16:29:16]
pythonException: invalid frame
[EXCEPTION -- 2017-03-02 16:29:16]
pythonException: invalid frame
[EXCEPTION -- 2017-03-02 16:29:16]
pythonException: invalid frame
[EXCEPTION -- 2017-03-02 16:29:16]
pythonException: invalid frame
[EXCEPTION -- 2017-03-02 16:29:16]
pythonException: invalid frame
[EXCEPTION -- 2017-03-02 16:29:16]
pythonException: invalid frame
[EXCEPTION -- 2017-03-02 16:29:16]
pythonException: invalid frame
[EXCEPTION -- 2017-03-02 16:29:16]
pythonException: invalid frame
[EXCEPTION -- 2017-03-02 16:29:16]
pythonException: invalid frame
[EXCEPTION -- 2017-03-02 16:29:16]
pythonException: invalid frame
[EXCEPTION -- 2017-03-02 16:29:16]
pythonException: invalid frame
[EXCEPTION -- 2017-03-02 16:29:16]
pythonException: invalid frame
[EXCEPTION -- 2017-03-02 16:29:16]
pythonException: invalid frame
[EXCEPTION -- 2017-03-02 16:29:16]
pythonException: invalid frame
[EXCEPTION -- 2017-03-02 16:29:16]
pythonException: invalid frame
[EXCEPTION -- 2017-03-02 16:29:16]
pythonException: invalid frame
[EXCEPTION -- 2017-03-02 16:29:16]
pythonException: invalid frame
[EXCEPTION -- 2017-03-02 16:29:16]
pythonException: invalid frame
[EXCEPTION -- 2017-03-02 16:29:16]
pythonException: invalid frame
[EXCEPTION -- 2017-03-02 16:29:16]
pythonException: invalid frame
[EXCEPTION -- 2017-03-02 16:29:16]
pythonException: invalid frame
[EXCEPTION -- 2017-03-02 16:29:16]
pythonException: invalid frame
[EXCEPTION -- 2017-03-02 16:29:16]
pythonException: invalid frame
[EXCEPTION -- 2017-03-02 16:29:16]
pythonException: invalid frame
[EXCEPTION -- 2017-03-02 16:29:16]
pythonException: invalid frame
[EXCEPTION -- 2017-03-02 16:29:16]
pythonException: invalid frame
[EXCEPTION -- 2017-03-02 16:29:16]
pythonException: invalid frame
[EXCEPTION -- 2017-03-02 16:29:16]
pythonException: invalid frame
[EXCEPTION -- 2017-03-02 16:29:16]
pythonException: invalid frame
[EXCEPTION -- 2017-03-02 16:29:16]
pythonException: invalid frame
[EXCEPTION -- 2017-03-02 16:29:16]
pythonException: invalid frame
[EXCEPTION -- 2017-03-02 16:29:16]
pythonException: invalid frame
[EXCEPTION -- 2017-03-02 16:29:16]
pythonException: invalid frame
[EXCEPTION -- 2017-03-02 16:29:16]
pythonException: invalid frame
[EXCEPTION -- 2017-03-02 16:29:16]
pythonException: invalid frame
[EXCEPTION -- 2017-03-02 16:29:16]
pythonException: invalid frame
[EXCEPTION -- 2017-03-02 16:29:16]
pythonException: invalid frame
[EXCEPTION -- 2017-03-02 16:29:16]
pythonException: invalid frame
[EXCEPTION -- 2017-03-02 16:29:16]
pythonException: invalid frame
[EXCEPTION -- 2017-03-02 16:29:16]
pythonException: invalid frame
[EXCEPTION -- 2017-03-02 16:29:16]
pythonException: invalid frame
[EXCEPTION -- 2017-03-02 16:29:16]
pythonException: invalid frame
[EXCEPTION -- 2017-03-02 16:29:16]
pythonException: invalid frame
[EXCEPTION -- 2017-03-02 16:29:16]
pythonException: invalid frame
[EXCEPTION -- 2017-03-02 16:29:16]
pythonException: invalid frame
[EXCEPTION -- 2017-03-02 16:29:16]
pythonException: invalid frame
[EXCEPTION -- 2017-03-02 16:29:16]
pythonException: invalid frame
[EXCEPTION -- 2017-03-02 16:29:16]
pythonException: invalid frame
[EXCEPTION -- 2017-03-02 16:29:16]
pythonException: invalid frame
[EXCEPTION -- 2017-03-02 16:29:16]
pythonException: invalid frame
[EXCEPTION -- 2017-03-02 16:29:16]
pythonException: invalid frame
[EXCEPTION -- 2017-03-02 16:29:16]
pythonException: invalid frame
[EXCEPTION -- 2017-03-02 16:29:16]
pythonException: invalid frame
[EXCEPTION -- 2017-03-02 16:29:16]
pythonException: invalid frame
[EXCEPTION -- 2017-03-02 16:29:16]
pythonException: invalid frame
[EXCEPTION -- 2017-03-02 16:29:16]
pythonException: invalid frame
[EXCEPTION -- 2017-03-02 16:29:16]
pythonException: invalid frame
[EXCEPTION -- 2017-03-02 16:29:16]
pythonException: invalid frame
[EXCEPTION -- 2017-03-02 16:29:16]
pythonException: invalid frame
[EXCEPTION -- 2017-03-02 16:29:16]
pythonException: invalid frame
[EXCEPTION -- 2017-03-02 16:29:16]
pythonException: invalid frame
[EXCEPTION -- 2017-03-02 16:29:16]
pythonException: invalid frame
[EXCEPTION -- 2017-03-02 16:29:16]
pythonException: invalid frame
[EXCEPTION -- 2017-03-02 16:29:16]
pythonException: invalid frame
[EXCEPTION -- 2017-03-02 16:29:16]
pythonException: invalid frame
[EXCEPTION -- 2017-03-02 16:29:16]
pythonException: invalid frame
[EXCEPTION -- 2017-03-02 16:29:16]
pythonException: invalid frame
[EXCEPTION -- 2017-03-02 16:29:16]
pythonException: invalid frame
[EXCEPTION -- 2017-03-02 16:29:16]
pythonException: invalid frame
[EXCEPTION -- 2017-03-02 16:29:16]
pythonException: invalid frame
[EXCEPTION -- 2017-03-02 16:29:16]
pythonException: invalid frame
[EXCEPTION -- 2017-03-02 16:29:16]
pythonException: invalid frame
[EXCEPTION -- 2017-03-02 16:29:16]
pythonException: invalid frame
[EXCEPTION -- 2017-03-02 16:29:16]
pythonException: invalid frame
[EXCEPTION -- 2017-03-02 16:29:16]
pythonException: invalid frame
[EXCEPTION -- 2017-03-02 16:29:16]
pythonException: invalid frame
[EXCEPTION -- 2017-03-02 16:29:16]
pythonException: invalid frame
[EXCEPTION -- 2017-03-02 16:29:16]
pythonException: invalid frame
[EXCEPTION -- 2017-03-02 16:29:16]
pythonException: invalid frame
[EXCEPTION -- 2017-03-02 16:29:16]
pythonException: invalid frame
[EXCEPTION -- 2017-03-02 16:29:16]
pythonException: invalid frame
[EXCEPTION -- 2017-03-02 16:29:16]
pythonException: invalid frame
[EXCEPTION -- 2017-03-02 16:29:16]
pythonException: invalid frame
[EXCEPTION -- 2017-03-02 16:29:16]
pythonException: invalid frame
[EXCEPTION -- 2017-03-02 16:29:16]
pythonException: invalid frame
[EXCEPTION -- 2017-03-02 16:29:16]
pythonException: invalid frame
[EXCEPTION -- 2017-03-02 16:29:16]
pythonException: invalid frame
[EXCEPTION -- 2017-03-02 16:29:16]
pythonException: invalid frame
[EXCEPTION -- 2017-03-02 16:29:16]
pythonException: invalid frame
[EXCEPTION -- 2017-03-02 16:29:16]
pythonException: invalid frame
[EXCEPTION -- 2017-03-02 16:29:16]
pythonException: invalid frame
[EXCEPTION -- 2017-03-02 16:29:16]
pythonException: invalid frame
[EXCEPTION -- 2017-03-02 16:29:16]
pythonException: invalid frame
[EXCEPTION -- 2017-03-02 16:29:16]
pythonException: invalid frame
[EXCEPTION -- 2017-03-02 16:29:16]
pythonException: invalid frame
[EXCEPTION -- 2017-03-02 16:29:16]
pythonException: invalid frame
[EXCEPTION -- 2017-03-02 16:29:16]
pythonException: invalid frame
[EXCEPTION -- 2017-03-02 16:29:16]
pythonException: invalid frame
[EXCEPTION -- 2017-03-02 16:29:16]
pythonException: invalid frame
[EXCEPTION -- 2017-03-02 16:29:16]
pythonException: invalid frame
[EXCEPTION -- 2017-03-02 16:29:16]
pythonException: invalid frame
[EXCEPTION -- 2017-03-02 16:29:16]
pythonException: invalid frame
[EXCEPTION -- 2017-03-02 16:29:16]
pythonException: invalid frame
[EXCEPTION -- 2017-03-02 16:29:16]
pythonException: invalid frame
[EXCEPTION -- 2017-03-02 16:29:16]
pythonException: invalid frame
[INFO -- 2017-03-02 16:29:16]
Backtrace BEGIN:
#0  0x00000000004037b9 in L_dgemm_185__par_region0_2_0 () at dgemm.c:221
#1  0x00007ffff790ba1f in ?? ()
#2  0x00007fffffffe550 in ?? ()
#3  0x0000000000000000 in ?? ()

216	                            CC_arr(i,j) = 0.0;
217	
218	                    for (kg=kk,k=0; kg<MIN(kk+block,order); k++,kg++)
219	                        for (jg=jj,j=0; jg<MIN(jj+block,order); j++,jg++)
220	                            for (ig=ii,i=0; ig<MIN(ii+block,order); i++,ig++)
221	                                CC_arr(i,j) += AA_arr(i,k)*BB_arr(j,k);
222	
223	                    for (jg=jj,j=0; jg<MIN(jj+block,order); j++,jg++)
224	                        for (ig=ii,i=0; ig<MIN(ii+block,order); i++,ig++)
225	                            C_arr(ig,jg) += CC_arr(i,j);

Backtrace END
Memory content before bitflip:0x000x000x000x00
Fault Mode: Zero bit-flip
base address to flip value: 0x7fffffffde90
address max offset: 4
Memory content after  bitflip:0x000x000x000x00
frame name: L_dgemm_185__par_region0_2_0
symbol name: jg
symbol filename: dgemm.c
symbol line: 183
value: 0
value address: 0x7fffffffde90
Type: The type is an integer type.
Type sizeof: 4

[INFO -- 2017-03-02 16:29:16]
Fault Injection Successful after 21.1305611134s
[INFO -- 2017-03-02 16:29:43]
event type: exit
[INFO -- 2017-03-02 16:29:43]
exit code: 0
