[INFO -- 2017-02-25 15:26:10]
Starting GDB script
[INFO -- 2017-02-25 15:26:10]
initSignal:6.0
[INFO -- 2017-02-25 15:26:10]
endSignal:9.0
[INFO -- 2017-02-25 15:26:10]
seqSignal:15
[INFO -- 2017-02-25 15:26:18]
sending 15 signals using command: 'ssh -T mic0 killall -2 hotspot_check' after 7.66102947388s
[INFO -- 2017-02-25 15:26:18]
shell stdout: 
[INFO -- 2017-02-25 15:26:19]
sending 15 signals using command: 'ssh -T mic0 killall -2 hotspot_check' after 8.34448436654s
[INFO -- 2017-02-25 15:26:19]
shell stdout: 
[INFO -- 2017-02-25 15:26:19]
shell stdout: 
[INFO -- 2017-02-25 15:26:19]
sending 15 signals using command: 'ssh -T mic0 killall -2 hotspot_check' after 8.77836185965s
[INFO -- 2017-02-25 15:26:19]
shell stdout: 
[INFO -- 2017-02-25 15:26:20]
shell stdout: 
[INFO -- 2017-02-25 15:26:20]
shell stdout: 
[INFO -- 2017-02-25 15:26:20]
shell stdout: 
[INFO -- 2017-02-25 15:26:20]
shell stdout: 
[INFO -- 2017-02-25 15:26:20]
shell stdout: 
[INFO -- 2017-02-25 15:26:20]
shell stdout: 
[INFO -- 2017-02-25 15:26:20]
shell stdout: 
[INFO -- 2017-02-25 15:26:20]
shell stdout: 
[INFO -- 2017-02-25 15:26:21]
shell stdout: 
[INFO -- 2017-02-25 15:26:21]
shell stdout: 
[INFO -- 2017-02-25 15:26:21]
shell stdout: 
[INFO -- 2017-02-25 15:26:21]
shell stdout: 
[INFO -- 2017-02-25 15:26:21]
shell stdout: 
[INFO -- 2017-02-25 15:26:21]
shell stdout: 
[INFO -- 2017-02-25 15:26:21]
shell stdout: 
[INFO -- 2017-02-25 15:26:22]
shell stdout: 
[INFO -- 2017-02-25 15:26:22]
shell stdout: 
[INFO -- 2017-02-25 15:26:22]
shell stdout: 
[INFO -- 2017-02-25 15:26:22]
shell stdout: 
[INFO -- 2017-02-25 15:26:22]
shell stdout: 
[INFO -- 2017-02-25 15:26:22]
shell stdout: 
[INFO -- 2017-02-25 15:26:23]
shell stdout: 
[INFO -- 2017-02-25 15:26:23]
shell stdout: 
[INFO -- 2017-02-25 15:26:23]
shell stdout: 
[INFO -- 2017-02-25 15:26:23]
shell stdout: 
[INFO -- 2017-02-25 15:26:23]
shell stdout: 
[INFO -- 2017-02-25 15:26:23]
shell stdout: 
[INFO -- 2017-02-25 15:26:23]
shell stdout: 
[INFO -- 2017-02-25 15:26:23]
shell stdout: 
[INFO -- 2017-02-25 15:26:23]
shell stdout: 
[INFO -- 2017-02-25 15:26:24]
shell stdout: 
[INFO -- 2017-02-25 15:26:24]
shell stdout: 
[INFO -- 2017-02-25 15:26:24]
shell stdout: 
[INFO -- 2017-02-25 15:26:24]
shell stdout: 
[INFO -- 2017-02-25 15:26:24]
shell stdout: 
[INFO -- 2017-02-25 15:26:24]
shell stdout: 
[INFO -- 2017-02-25 15:26:25]
shell stdout: 
[INFO -- 2017-02-25 15:26:25]
shell stdout: 
[INFO -- 2017-02-25 15:26:25]
shell stdout: 
[INFO -- 2017-02-25 15:26:25]
shell stdout: 
[INFO -- 2017-02-25 15:26:26]
shell stdout: 
[INFO -- 2017-02-25 15:26:41]
no gdbExecName running, out:
[INFO -- 2017-02-25 15:26:41]
checCmd:ps -e | grep -i gdb-mic
[INFO -- 2017-02-25 15:26:41]
finished now-timestampStart < maxWaitTime*5
[INFO -- 2017-02-25 15:26:41]
now: 1488054399
[INFO -- 2017-02-25 15:26:41]
timestampStart: 1488054370
[INFO -- 2017-02-25 15:26:41]
kill cmd: killall -9 gdb-mic
[INFO -- 2017-02-25 15:26:41]
shell stdout: 
[INFO -- 2017-02-25 15:26:41]
kill cmd: ssh -T mic0 killall -9 hotspot_check
[INFO -- 2017-02-25 15:26:41]
shell stdout: 
[INFO -- 2017-02-25 15:26:42]
kill cmd: ssh -T mic0 killall -9 gdbserver
[INFO -- 2017-02-25 15:26:42]
shell stdout: 
[INFO -- 2017-02-25 15:26:42]
kill cmd: ssh -T mic0 killall -9 sshd
[INFO -- 2017-02-25 15:26:42]
shell stdout: 
