2017-01-12 13:30:41:Starting GDB script
2017-01-12 13:30:41:initSignal:7.0
2017-01-12 13:30:41:endSignal:14.0
2017-01-12 13:30:41:seqSignal:15
2017-01-12 13:30:49:sending 15 signals using command: 'ssh -T mic1 killall -2 dgemm_check' after 8.1028012009s
2017-01-12 13:30:50:shell stdout: 
2017-01-12 13:30:50:sending 15 signals using command: 'ssh -T mic1 killall -2 dgemm_check' after 8.91874274723s
2017-01-12 13:30:50:shell stdout: 
2017-01-12 13:30:50:shell stdout: 
2017-01-12 13:30:51:sending 15 signals using command: 'ssh -T mic1 killall -2 dgemm_check' after 9.75618679647s
2017-01-12 13:30:51:shell stdout: 
2017-01-12 13:30:51:shell stdout: 
2017-01-12 13:30:51:shell stdout: 
2017-01-12 13:30:51:shell stdout: 
2017-01-12 13:30:51:shell stdout: 
2017-01-12 13:30:51:shell stdout: 
2017-01-12 13:30:51:shell stdout: 
2017-01-12 13:30:51:shell stdout: 
2017-01-12 13:30:52:shell stdout: 
2017-01-12 13:30:52:shell stdout: 
2017-01-12 13:30:52:shell stdout: 
2017-01-12 13:30:52:shell stdout: 
2017-01-12 13:30:52:shell stdout: 
2017-01-12 13:30:52:shell stdout: 
2017-01-12 13:30:53:shell stdout: 
2017-01-12 13:30:53:shell stdout: 
2017-01-12 13:30:53:shell stdout: 
2017-01-12 13:30:53:shell stdout: 
2017-01-12 13:30:53:shell stdout: 
2017-01-12 13:30:53:shell stdout: 
2017-01-12 13:30:54:shell stdout: 
2017-01-12 13:30:54:shell stdout: 
2017-01-12 13:30:54:shell stdout: 
2017-01-12 13:30:54:shell stdout: 
2017-01-12 13:30:54:shell stdout: 
2017-01-12 13:30:54:shell stdout: 
2017-01-12 13:30:54:shell stdout: 
2017-01-12 13:30:55:shell stdout: 
2017-01-12 13:30:55:shell stdout: 
2017-01-12 13:30:55:shell stdout: 
2017-01-12 13:30:55:shell stdout: 
2017-01-12 13:30:55:shell stdout: 
2017-01-12 13:30:55:shell stdout: 
2017-01-12 13:30:55:shell stdout: 
2017-01-12 13:30:55:shell stdout: 
2017-01-12 13:30:56:shell stdout: 
2017-01-12 13:30:56:shell stdout: 
2017-01-12 13:30:56:shell stdout: 
2017-01-12 13:30:56:shell stdout: 
2017-01-12 13:30:56:shell stdout: 
2017-01-12 13:30:57:shell stdout: 
2017-01-12 13:30:57:shell stdout: 
2017-01-12 13:33:02:no gdbExecName running, out:
2017-01-12 13:33:02:checCmd:ps -e | grep -i gdb-mic
2017-01-12 13:33:02:finished now-timestampStart < maxWaitTime*5
2017-01-12 13:33:02:now: 1484245973
2017-01-12 13:33:02:timestampStart: 1484245841
2017-01-12 13:33:02:kill cmd: killall -9 gdb-mic
2017-01-12 13:33:02:shell stdout: 
2017-01-12 13:33:03:kill cmd: ssh -T mic1 killall -9 dgemm_check
2017-01-12 13:33:03:shell stdout: 
2017-01-12 13:33:03:kill cmd: ssh -T mic1 killall -9 gdbserver
2017-01-12 13:33:03:shell stdout: 
2017-01-12 13:33:03:kill cmd: ssh -T mic1 killall -9 sshd
2017-01-12 13:33:03:shell stdout: 
