2017-01-25 11:13:11:Starting GDB script
2017-01-25 11:13:11:initSignal:0.0
2017-01-25 11:13:11:endSignal:2.0
2017-01-25 11:13:11:seqSignal:30
2017-01-25 11:13:12:sending 30 signals using command: 'ssh -T mic0 killall -2 lud_check' after 0.27665422048s
2017-01-25 11:13:12:shell stdout: 
2017-01-25 11:13:12:shell stdout: 
2017-01-25 11:13:12:sending 30 signals using command: 'ssh -T mic0 killall -2 lud_check' after 1.20930661152s
2017-01-25 11:13:13:shell stdout: 
2017-01-25 11:13:13:sending 30 signals using command: 'ssh -T mic0 killall -2 lud_check' after 1.55566599993s
2017-01-25 11:13:13:shell stdout: 
2017-01-25 11:13:13:shell stdout: 
2017-01-25 11:13:13:shell stdout: 
2017-01-25 11:13:13:shell stdout: 
2017-01-25 11:13:14:shell stdout: 
2017-01-25 11:13:14:shell stdout: 
2017-01-25 11:13:14:shell stdout: 
2017-01-25 11:13:15:shell stdout: 
2017-01-25 11:13:15:shell stdout: 
2017-01-25 11:13:15:shell stdout: 
2017-01-25 11:13:15:shell stdout: 
2017-01-25 11:13:15:shell stdout: 
2017-01-25 11:13:15:shell stdout: 
2017-01-25 11:13:16:shell stdout: 
2017-01-25 11:13:16:shell stdout: 
2017-01-25 11:13:16:shell stdout: 
2017-01-25 11:13:17:shell stdout: 
2017-01-25 11:13:17:shell stdout: 
2017-01-25 11:13:17:shell stdout: 
2017-01-25 11:13:18:shell stdout: 
2017-01-25 11:13:18:shell stdout: 
2017-01-25 11:13:18:shell stdout: 
2017-01-25 11:13:18:shell stdout: 
2017-01-25 11:13:18:shell stdout: 
2017-01-25 11:13:18:shell stdout: 
2017-01-25 11:13:19:shell stdout: 
2017-01-25 11:13:19:shell stdout: 
2017-01-25 11:13:19:shell stdout: 
2017-01-25 11:13:20:shell stdout: 
2017-01-25 11:13:20:shell stdout: 
2017-01-25 11:13:20:shell stdout: 
2017-01-25 11:13:20:shell stdout: 
2017-01-25 11:13:20:shell stdout: 
2017-01-25 11:13:20:shell stdout: 
2017-01-25 11:13:21:shell stdout: 
2017-01-25 11:13:21:shell stdout: 
2017-01-25 11:13:21:shell stdout: 
2017-01-25 11:13:22:shell stdout: 
2017-01-25 11:13:22:shell stdout: 
2017-01-25 11:13:22:shell stdout: 
2017-01-25 11:13:22:shell stdout: 
2017-01-25 11:13:22:shell stdout: 
2017-01-25 11:13:22:shell stdout: 
2017-01-25 11:13:23:shell stdout: 
2017-01-25 11:13:23:shell stdout: 
2017-01-25 11:13:23:shell stdout: 
2017-01-25 11:13:24:shell stdout: 
2017-01-25 11:13:24:shell stdout: 
2017-01-25 11:13:24:shell stdout: 
2017-01-25 11:13:24:shell stdout: 
2017-01-25 11:13:24:shell stdout: 
2017-01-25 11:13:24:shell stdout: 
2017-01-25 11:13:25:shell stdout: 
2017-01-25 11:13:25:shell stdout: 
2017-01-25 11:13:25:shell stdout: 
2017-01-25 11:13:25:shell stdout: 
2017-01-25 11:13:25:shell stdout: 
2017-01-25 11:13:25:shell stdout: 
2017-01-25 11:13:25:shell stdout: 
2017-01-25 11:13:25:shell stdout: 
2017-01-25 11:13:25:shell stdout: 
2017-01-25 11:13:26:shell stdout: 
2017-01-25 11:13:26:shell stdout: 
2017-01-25 11:13:26:shell stdout: 
2017-01-25 11:13:26:shell stdout: 
2017-01-25 11:13:26:shell stdout: 
2017-01-25 11:13:26:shell stdout: 
2017-01-25 11:13:27:shell stdout: 
2017-01-25 11:13:27:shell stdout: 
2017-01-25 11:13:27:shell stdout: 
2017-01-25 11:13:27:shell stdout: 
2017-01-25 11:13:27:shell stdout: 
2017-01-25 11:13:27:shell stdout: 
2017-01-25 11:13:27:shell stdout: 
2017-01-25 11:13:28:shell stdout: 
2017-01-25 11:13:28:shell stdout: 
2017-01-25 11:13:28:shell stdout: 
2017-01-25 11:13:28:shell stdout: 
2017-01-25 11:13:28:shell stdout: 
2017-01-25 11:13:28:shell stdout: 
2017-01-25 11:13:28:shell stdout: 
2017-01-25 11:13:28:shell stdout: 
2017-01-25 11:13:29:shell stdout: 
2017-01-25 11:13:29:shell stdout: 
2017-01-25 11:13:29:shell stdout: 
2017-01-25 11:13:29:shell stdout: 
2017-01-25 11:13:29:no gdbExecName running, out:
2017-01-25 11:13:29:checCmd:ps -e | grep -i gdb-mic
2017-01-25 11:13:29:finished now-timestampStart < maxWaitTime*5
2017-01-25 11:13:29:now: 1485360809
2017-01-25 11:13:29:timestampStart: 1485360791
2017-01-25 11:13:29:kill cmd: killall -9 gdb-mic
2017-01-25 11:13:29:shell stdout: 
2017-01-25 11:13:30:shell stdout: 
2017-01-25 11:13:30:kill cmd: ssh -T mic0 killall -9 lud_check
2017-01-25 11:13:30:shell stdout: 
2017-01-25 11:13:30:kill cmd: ssh -T mic0 killall -9 gdbserver
2017-01-25 11:13:30:shell stdout: 
2017-01-25 11:13:31:kill cmd: ssh -T mic0 killall -9 sshd
2017-01-25 11:13:31:shell stdout: 
