[INFO -- 2017-03-01 17:20:20]
Starting GDB script
[INFO -- 2017-03-01 17:20:20]
initSignal:3.0
[INFO -- 2017-03-01 17:20:20]
endSignal:6.0
[INFO -- 2017-03-01 17:20:20]
seqSignal:15
[INFO -- 2017-03-01 17:20:23]
sending 15 signals using command: 'ssh -T mic0 killall -2 hotspot_check' after 3.1886540476s
[INFO -- 2017-03-01 17:20:23]
shell stdout: 
[INFO -- 2017-03-01 17:20:23]
sending 15 signals using command: 'ssh -T mic0 killall -2 hotspot_check' after 3.8085748866s
[INFO -- 2017-03-01 17:20:24]
shell stdout: 
[INFO -- 2017-03-01 17:20:24]
shell stdout: 
[INFO -- 2017-03-01 17:20:24]
shell stdout: 
[INFO -- 2017-03-01 17:20:24]
shell stdout: 
[INFO -- 2017-03-01 17:20:24]
shell stdout: 
[INFO -- 2017-03-01 17:20:25]
shell stdout: 
[INFO -- 2017-03-01 17:20:25]
shell stdout: 
[INFO -- 2017-03-01 17:20:25]
shell stdout: 
[INFO -- 2017-03-01 17:20:25]
shell stdout: 
[INFO -- 2017-03-01 17:20:25]
sending 15 signals using command: 'ssh -T mic0 killall -2 hotspot_check' after 5.55442771063s
[INFO -- 2017-03-01 17:20:25]
shell stdout: 
[INFO -- 2017-03-01 17:20:26]
shell stdout: 
[INFO -- 2017-03-01 17:20:26]
shell stdout: 
[INFO -- 2017-03-01 17:20:26]
shell stdout: 
[INFO -- 2017-03-01 17:20:26]
shell stdout: 
[INFO -- 2017-03-01 17:20:26]
shell stdout: 
[INFO -- 2017-03-01 17:20:26]
shell stdout: 
[INFO -- 2017-03-01 17:20:26]
shell stdout: 
[INFO -- 2017-03-01 17:20:26]
shell stdout: 
[INFO -- 2017-03-01 17:20:27]
shell stdout: 
[INFO -- 2017-03-01 17:20:27]
shell stdout: 
[INFO -- 2017-03-01 17:20:27]
shell stdout: 
[INFO -- 2017-03-01 17:20:27]
shell stdout: 
[INFO -- 2017-03-01 17:20:27]
shell stdout: 
[INFO -- 2017-03-01 17:20:27]
shell stdout: 
[INFO -- 2017-03-01 17:20:28]
shell stdout: 
[INFO -- 2017-03-01 17:20:28]
shell stdout: 
[INFO -- 2017-03-01 17:20:28]
shell stdout: 
[INFO -- 2017-03-01 17:20:28]
shell stdout: 
[INFO -- 2017-03-01 17:20:28]
shell stdout: 
[INFO -- 2017-03-01 17:20:28]
shell stdout: 
[INFO -- 2017-03-01 17:20:28]
shell stdout: 
[INFO -- 2017-03-01 17:20:29]
shell stdout: 
[INFO -- 2017-03-01 17:20:29]
shell stdout: 
[INFO -- 2017-03-01 17:20:29]
shell stdout: 
[INFO -- 2017-03-01 17:20:29]
shell stdout: 
[INFO -- 2017-03-01 17:20:29]
shell stdout: 
[INFO -- 2017-03-01 17:20:29]
shell stdout: 
[INFO -- 2017-03-01 17:20:29]
shell stdout: 
[INFO -- 2017-03-01 17:20:30]
shell stdout: 
[INFO -- 2017-03-01 17:20:30]
shell stdout: 
[INFO -- 2017-03-01 17:20:30]
shell stdout: 
[INFO -- 2017-03-01 17:20:31]
shell stdout: 
[INFO -- 2017-03-01 17:20:31]
shell stdout: 
[INFO -- 2017-03-01 17:20:31]
shell stdout: 
[INFO -- 2017-03-01 17:21:18]
no gdbExecName running, out:
[INFO -- 2017-03-01 17:21:18]
checCmd:ps -e | grep -i gdb-mic
[INFO -- 2017-03-01 17:21:18]
finished now-timestampStart < maxWaitTime*5
[INFO -- 2017-03-01 17:21:18]
now: 1488406876
[INFO -- 2017-03-01 17:21:18]
timestampStart: 1488406820
[INFO -- 2017-03-01 17:21:18]
kill cmd: killall -9 gdb-mic
[INFO -- 2017-03-01 17:21:18]
shell stdout: 
[INFO -- 2017-03-01 17:21:18]
kill cmd: ssh -T mic0 killall -9 hotspot_check
[INFO -- 2017-03-01 17:21:18]
shell stdout: 
[INFO -- 2017-03-01 17:21:19]
kill cmd: ssh -T mic0 killall -9 gdbserver
[INFO -- 2017-03-01 17:21:19]
shell stdout: 
[INFO -- 2017-03-01 17:21:19]
kill cmd: ssh -T mic0 killall -9 sshd
[INFO -- 2017-03-01 17:21:19]
shell stdout: 
