2017-01-09 01:53:34:Starting GDB script
2017-01-09 01:53:34:initSignal:14.0
2017-01-09 01:53:34:endSignal:21.0
2017-01-09 01:53:34:seqSignal:15
2017-01-09 01:53:52:sending 15 signals using command: 'ssh -T mic1 killall -2 dgemm_check' after 17.9328582374s
2017-01-09 01:53:53:shell stdout: 
2017-01-09 01:53:54:shell stdout: 
2017-01-09 01:53:54:sending 15 signals using command: 'ssh -T mic1 killall -2 dgemm_check' after 19.2348906703s
2017-01-09 01:53:54:shell stdout: 
2017-01-09 01:53:54:shell stdout: 
2017-01-09 01:53:54:shell stdout: 
2017-01-09 01:53:54:shell stdout: 
2017-01-09 01:53:55:shell stdout: 
2017-01-09 01:53:55:shell stdout: 
2017-01-09 01:53:55:sending 15 signals using command: 'ssh -T mic1 killall -2 dgemm_check' after 20.688866292s
2017-01-09 01:53:55:shell stdout: 
2017-01-09 01:53:55:shell stdout: 
2017-01-09 01:53:55:shell stdout: 
2017-01-09 01:53:56:shell stdout: 
2017-01-09 01:53:56:shell stdout: 
2017-01-09 01:53:56:shell stdout: 
2017-01-09 01:53:56:shell stdout: 
2017-01-09 01:53:56:shell stdout: 
2017-01-09 01:53:56:shell stdout: 
2017-01-09 01:53:57:shell stdout: 
2017-01-09 01:53:57:shell stdout: 
2017-01-09 01:53:57:shell stdout: 
2017-01-09 01:53:57:shell stdout: 
2017-01-09 01:53:57:shell stdout: 
2017-01-09 01:53:57:shell stdout: 
2017-01-09 01:53:57:shell stdout: 
2017-01-09 01:53:58:shell stdout: 
2017-01-09 01:53:58:shell stdout: 
2017-01-09 01:53:58:shell stdout: 
2017-01-09 01:53:58:shell stdout: 
2017-01-09 01:53:58:shell stdout: 
2017-01-09 01:53:58:shell stdout: 
2017-01-09 01:53:58:shell stdout: 
2017-01-09 01:53:58:shell stdout: 
2017-01-09 01:53:59:shell stdout: 
2017-01-09 01:53:59:shell stdout: 
2017-01-09 01:53:59:shell stdout: 
2017-01-09 01:53:59:shell stdout: 
2017-01-09 01:53:59:shell stdout: 
2017-01-09 01:53:59:shell stdout: 
2017-01-09 01:54:00:shell stdout: 
2017-01-09 01:54:00:shell stdout: 
2017-01-09 01:54:00:shell stdout: 
2017-01-09 01:54:00:shell stdout: 
2017-01-09 01:54:01:shell stdout: 
2017-01-09 01:54:01:shell stdout: 
2017-01-09 01:54:01:shell stdout: 
2017-01-09 01:56:22:no gdbExecName running, out:
2017-01-09 01:56:22:checCmd:ps -e | grep -i gdb-mic
2017-01-09 01:56:22:finished now-timestampStart < maxWaitTime*5
2017-01-09 01:56:22:now: 1483944973
2017-01-09 01:56:22:timestampStart: 1483944814
2017-01-09 01:56:22:kill cmd: killall -9 gdb-mic
2017-01-09 01:56:22:shell stdout: 
2017-01-09 01:56:23:kill cmd: ssh -T mic1 killall -9 dgemm_check
2017-01-09 01:56:23:shell stdout: 
2017-01-09 01:56:23:kill cmd: ssh -T mic1 killall -9 gdbserver
2017-01-09 01:56:23:shell stdout: 
2017-01-09 01:56:23:kill cmd: ssh -T mic1 killall -9 sshd
2017-01-09 01:56:23:shell stdout: 
