[INFO -- 2017-03-27 22:14:28]
Starting GDB script
[INFO -- 2017-03-27 22:14:28]
initSignal:0.0
[INFO -- 2017-03-27 22:14:28]
endSignal:3.0
[INFO -- 2017-03-27 22:14:28]
seqSignal:30
[INFO -- 2017-03-27 22:14:30]
sending 30 signals using command: 'ssh -T mic0 killall -2 lavamd_check' after 1.5203567923s
[INFO -- 2017-03-27 22:14:30]
sending 30 signals using command: 'ssh -T mic0 killall -2 lavamd_check' after 1.52801356742s
[INFO -- 2017-03-27 22:14:30]
sending 30 signals using command: 'ssh -T mic0 killall -2 lavamd_check' after 1.58065104661s
[INFO -- 2017-03-27 22:14:30]
shell stdout: 
[INFO -- 2017-03-27 22:14:30]
shell stdout: 
[INFO -- 2017-03-27 22:14:30]
shell stdout: 
[INFO -- 2017-03-27 22:14:31]
shell stdout: 
[INFO -- 2017-03-27 22:14:31]
shell stdout: 
[INFO -- 2017-03-27 22:14:31]
shell stdout: 
[INFO -- 2017-03-27 22:14:31]
shell stdout: 
[INFO -- 2017-03-27 22:14:31]
shell stdout: 
[INFO -- 2017-03-27 22:14:31]
shell stdout: 
[INFO -- 2017-03-27 22:14:32]
shell stdout: 
[INFO -- 2017-03-27 22:14:32]
shell stdout: 
[INFO -- 2017-03-27 22:14:32]
shell stdout: 
[INFO -- 2017-03-27 22:14:33]
shell stdout: 
[INFO -- 2017-03-27 22:14:33]
shell stdout: 
[INFO -- 2017-03-27 22:14:33]
shell stdout: 
[INFO -- 2017-03-27 22:14:34]
shell stdout: 
[INFO -- 2017-03-27 22:14:34]
shell stdout: 
[INFO -- 2017-03-27 22:14:34]
shell stdout: 
[INFO -- 2017-03-27 22:14:35]
shell stdout: 
[INFO -- 2017-03-27 22:14:35]
shell stdout: 
[INFO -- 2017-03-27 22:14:35]
shell stdout: 
[INFO -- 2017-03-27 22:14:36]
shell stdout: 
[INFO -- 2017-03-27 22:14:36]
shell stdout: 
[INFO -- 2017-03-27 22:14:36]
shell stdout: 
[INFO -- 2017-03-27 22:14:37]
shell stdout: 
[INFO -- 2017-03-27 22:14:37]
shell stdout: 
[INFO -- 2017-03-27 22:14:37]
shell stdout: 
[INFO -- 2017-03-27 22:14:37]
shell stdout: 
[INFO -- 2017-03-27 22:14:37]
shell stdout: 
[INFO -- 2017-03-27 22:14:37]
shell stdout: 
[INFO -- 2017-03-27 22:14:38]
shell stdout: 
[INFO -- 2017-03-27 22:14:38]
shell stdout: 
[INFO -- 2017-03-27 22:14:38]
shell stdout: 
[INFO -- 2017-03-27 22:14:39]
shell stdout: 
[INFO -- 2017-03-27 22:14:39]
shell stdout: 
[INFO -- 2017-03-27 22:14:39]
shell stdout: 
[INFO -- 2017-03-27 22:14:39]
shell stdout: 
[INFO -- 2017-03-27 22:14:39]
shell stdout: 
[INFO -- 2017-03-27 22:14:39]
shell stdout: 
[INFO -- 2017-03-27 22:14:40]
shell stdout: 
[INFO -- 2017-03-27 22:14:40]
shell stdout: 
[INFO -- 2017-03-27 22:14:40]
shell stdout: 
[INFO -- 2017-03-27 22:14:40]
shell stdout: 
[INFO -- 2017-03-27 22:14:40]
shell stdout: 
[INFO -- 2017-03-27 22:14:40]
shell stdout: 
[INFO -- 2017-03-27 22:14:41]
shell stdout: 
[INFO -- 2017-03-27 22:14:41]
shell stdout: 
[INFO -- 2017-03-27 22:14:41]
shell stdout: 
[INFO -- 2017-03-27 22:14:41]
shell stdout: 
[INFO -- 2017-03-27 22:14:41]
shell stdout: 
[INFO -- 2017-03-27 22:14:41]
shell stdout: 
[INFO -- 2017-03-27 22:14:42]
shell stdout: 
[INFO -- 2017-03-27 22:14:42]
shell stdout: 
[INFO -- 2017-03-27 22:14:42]
shell stdout: 
[INFO -- 2017-03-27 22:14:42]
shell stdout: 
[INFO -- 2017-03-27 22:14:42]
shell stdout: 
[INFO -- 2017-03-27 22:14:42]
shell stdout: 
[INFO -- 2017-03-27 22:14:43]
shell stdout: 
[INFO -- 2017-03-27 22:14:43]
shell stdout: 
[INFO -- 2017-03-27 22:14:43]
shell stdout: 
[INFO -- 2017-03-27 22:14:43]
shell stdout: 
[INFO -- 2017-03-27 22:14:43]
shell stdout: 
[INFO -- 2017-03-27 22:14:43]
shell stdout: 
[INFO -- 2017-03-27 22:14:44]
shell stdout: 
[INFO -- 2017-03-27 22:14:44]
shell stdout: 
[INFO -- 2017-03-27 22:14:44]
shell stdout: 
[INFO -- 2017-03-27 22:14:44]
shell stdout: 
[INFO -- 2017-03-27 22:14:44]
shell stdout: 
[INFO -- 2017-03-27 22:14:44]
shell stdout: 
[INFO -- 2017-03-27 22:14:44]
shell stdout: 
[INFO -- 2017-03-27 22:14:45]
shell stdout: 
[INFO -- 2017-03-27 22:14:45]
shell stdout: 
[INFO -- 2017-03-27 22:14:45]
shell stdout: 
[INFO -- 2017-03-27 22:14:45]
shell stdout: 
[INFO -- 2017-03-27 22:14:45]
shell stdout: 
[INFO -- 2017-03-27 22:14:45]
shell stdout: 
[INFO -- 2017-03-27 22:14:45]
shell stdout: 
[INFO -- 2017-03-27 22:14:45]
shell stdout: 
[INFO -- 2017-03-27 22:14:46]
shell stdout: 
[INFO -- 2017-03-27 22:14:46]
shell stdout: 
[INFO -- 2017-03-27 22:14:46]
shell stdout: 
[INFO -- 2017-03-27 22:14:46]
shell stdout: 
[INFO -- 2017-03-27 22:14:46]
shell stdout: 
[INFO -- 2017-03-27 22:14:47]
shell stdout: 
[INFO -- 2017-03-27 22:14:47]
shell stdout: 
[INFO -- 2017-03-27 22:14:47]
shell stdout: 
[INFO -- 2017-03-27 22:14:47]
shell stdout: 
[INFO -- 2017-03-27 22:14:47]
shell stdout: 
[INFO -- 2017-03-27 22:14:47]
shell stdout: 
[INFO -- 2017-03-27 22:14:47]
shell stdout: 
[INFO -- 2017-03-27 22:14:53]
no gdbExecName running, out:
[INFO -- 2017-03-27 22:14:53]
checCmd:ps -e | grep -i gdb-mic
[INFO -- 2017-03-27 22:14:53]
finished now-timestampStart < maxWaitTime*5
[INFO -- 2017-03-27 22:14:53]
now: 1490667292
[INFO -- 2017-03-27 22:14:53]
timestampStart: 1490667268
[INFO -- 2017-03-27 22:14:53]
kill cmd: killall -9 gdb-mic
[INFO -- 2017-03-27 22:14:53]
shell stdout: 
[INFO -- 2017-03-27 22:14:53]
kill cmd: ssh -T mic0 killall -9 lavamd_check
[INFO -- 2017-03-27 22:14:53]
shell stdout: 
[INFO -- 2017-03-27 22:14:54]
kill cmd: ssh -T mic0 killall -9 gdbserver
[INFO -- 2017-03-27 22:14:54]
shell stdout: 
[INFO -- 2017-03-27 22:14:54]
kill cmd: ssh -T mic0 killall -9 sshd
[INFO -- 2017-03-27 22:14:54]
shell stdout: 
