[INFO -- 2017-03-13 00:50:55]
Starting GDB script
[INFO -- 2017-03-13 00:50:55]
initSignal:4.0
[INFO -- 2017-03-13 00:50:55]
endSignal:8.0
[INFO -- 2017-03-13 00:50:55]
seqSignal:30
[INFO -- 2017-03-13 00:51:01]
sending 30 signals using command: 'ssh -T mic0 killall -2 needle_check' after 6.58871728876s
[INFO -- 2017-03-13 00:51:01]
sending 30 signals using command: 'ssh -T mic0 killall -2 needle_check' after 6.62444885251s
[INFO -- 2017-03-13 00:51:02]
shell stdout: 
[INFO -- 2017-03-13 00:51:02]
shell stdout: 
[INFO -- 2017-03-13 00:51:02]
shell stdout: 
[INFO -- 2017-03-13 00:51:02]
shell stdout: 
[INFO -- 2017-03-13 00:51:02]
sending 30 signals using command: 'ssh -T mic0 killall -2 needle_check' after 7.47301893809s
[INFO -- 2017-03-13 00:51:02]
shell stdout: 
[INFO -- 2017-03-13 00:51:03]
shell stdout: 
[INFO -- 2017-03-13 00:51:03]
shell stdout: 
[INFO -- 2017-03-13 00:51:03]
shell stdout: 
[INFO -- 2017-03-13 00:51:03]
shell stdout: 
[INFO -- 2017-03-13 00:51:03]
shell stdout: 
[INFO -- 2017-03-13 00:51:03]
shell stdout: 
[INFO -- 2017-03-13 00:51:03]
shell stdout: 
[INFO -- 2017-03-13 00:51:03]
shell stdout: 
[INFO -- 2017-03-13 00:51:04]
shell stdout: 
[INFO -- 2017-03-13 00:51:04]
shell stdout: 
[INFO -- 2017-03-13 00:51:04]
shell stdout: 
[INFO -- 2017-03-13 00:51:04]
shell stdout: 
[INFO -- 2017-03-13 00:51:04]
shell stdout: 
[INFO -- 2017-03-13 00:51:04]
shell stdout: 
[INFO -- 2017-03-13 00:51:05]
shell stdout: 
[INFO -- 2017-03-13 00:51:05]
shell stdout: 
[INFO -- 2017-03-13 00:51:05]
shell stdout: 
[INFO -- 2017-03-13 00:51:05]
shell stdout: 
[INFO -- 2017-03-13 00:51:05]
shell stdout: 
[INFO -- 2017-03-13 00:51:05]
shell stdout: 
[INFO -- 2017-03-13 00:51:05]
shell stdout: 
[INFO -- 2017-03-13 00:51:05]
shell stdout: 
[INFO -- 2017-03-13 00:51:06]
shell stdout: 
[INFO -- 2017-03-13 00:51:06]
shell stdout: 
[INFO -- 2017-03-13 00:51:06]
shell stdout: 
[INFO -- 2017-03-13 00:51:06]
shell stdout: 
[INFO -- 2017-03-13 00:51:06]
shell stdout: 
[INFO -- 2017-03-13 00:51:06]
shell stdout: 
[INFO -- 2017-03-13 00:51:06]
shell stdout: 
[INFO -- 2017-03-13 00:51:07]
shell stdout: 
[INFO -- 2017-03-13 00:51:07]
shell stdout: 
[INFO -- 2017-03-13 00:51:07]
shell stdout: 
[INFO -- 2017-03-13 00:51:07]
shell stdout: 
[INFO -- 2017-03-13 00:51:07]
shell stdout: 
[INFO -- 2017-03-13 00:51:07]
shell stdout: 
[INFO -- 2017-03-13 00:51:08]
shell stdout: 
[INFO -- 2017-03-13 00:51:08]
shell stdout: 
[INFO -- 2017-03-13 00:51:08]
shell stdout: 
[INFO -- 2017-03-13 00:51:08]
shell stdout: 
[INFO -- 2017-03-13 00:51:08]
shell stdout: 
[INFO -- 2017-03-13 00:51:08]
shell stdout: 
[INFO -- 2017-03-13 00:51:08]
shell stdout: 
[INFO -- 2017-03-13 00:51:08]
shell stdout: 
[INFO -- 2017-03-13 00:51:08]
shell stdout: 
[INFO -- 2017-03-13 00:51:09]
shell stdout: 
[INFO -- 2017-03-13 00:51:09]
shell stdout: 
[INFO -- 2017-03-13 00:51:09]
shell stdout: 
[INFO -- 2017-03-13 00:51:09]
shell stdout: 
[INFO -- 2017-03-13 00:51:09]
shell stdout: 
[INFO -- 2017-03-13 00:51:09]
shell stdout: 
[INFO -- 2017-03-13 00:51:10]
shell stdout: 
[INFO -- 2017-03-13 00:51:10]
shell stdout: 
[INFO -- 2017-03-13 00:51:10]
shell stdout: 
[INFO -- 2017-03-13 00:51:10]
shell stdout: 
[INFO -- 2017-03-13 00:51:10]
shell stdout: 
[INFO -- 2017-03-13 00:51:10]
shell stdout: 
[INFO -- 2017-03-13 00:51:10]
shell stdout: 
[INFO -- 2017-03-13 00:51:11]
shell stdout: 
[INFO -- 2017-03-13 00:51:11]
shell stdout: 
[INFO -- 2017-03-13 00:51:11]
shell stdout: 
[INFO -- 2017-03-13 00:51:11]
shell stdout: 
[INFO -- 2017-03-13 00:51:11]
shell stdout: 
[INFO -- 2017-03-13 00:51:11]
shell stdout: 
[INFO -- 2017-03-13 00:51:11]
shell stdout: 
[INFO -- 2017-03-13 00:51:11]
shell stdout: 
[INFO -- 2017-03-13 00:51:12]
shell stdout: 
[INFO -- 2017-03-13 00:51:12]
shell stdout: 
[INFO -- 2017-03-13 00:51:12]
shell stdout: 
[INFO -- 2017-03-13 00:51:12]
shell stdout: 
[INFO -- 2017-03-13 00:51:12]
shell stdout: 
[INFO -- 2017-03-13 00:51:12]
shell stdout: 
[INFO -- 2017-03-13 00:51:13]
shell stdout: 
[INFO -- 2017-03-13 00:51:13]
shell stdout: 
[INFO -- 2017-03-13 00:51:13]
shell stdout: 
[INFO -- 2017-03-13 00:51:13]
shell stdout: 
[INFO -- 2017-03-13 00:51:13]
shell stdout: 
[INFO -- 2017-03-13 00:51:13]
shell stdout: 
[INFO -- 2017-03-13 00:51:13]
shell stdout: 
[INFO -- 2017-03-13 00:51:13]
shell stdout: 
[INFO -- 2017-03-13 00:51:13]
shell stdout: 
[INFO -- 2017-03-13 00:51:14]
shell stdout: 
[INFO -- 2017-03-13 00:51:14]
shell stdout: 
[INFO -- 2017-03-13 00:51:14]
shell stdout: 
[INFO -- 2017-03-13 00:51:14]
shell stdout: 
[INFO -- 2017-03-13 00:51:15]
shell stdout: 
[INFO -- 2017-03-13 00:51:41]
no gdbExecName running, out:
[INFO -- 2017-03-13 00:51:41]
checCmd:ps -e | grep -i gdb-mic
[INFO -- 2017-03-13 00:51:41]
finished now-timestampStart < maxWaitTime*5
[INFO -- 2017-03-13 00:51:41]
now: 1489380700
[INFO -- 2017-03-13 00:51:41]
timestampStart: 1489380655
[INFO -- 2017-03-13 00:51:41]
kill cmd: killall -9 gdb-mic
[INFO -- 2017-03-13 00:51:41]
shell stdout: 
[INFO -- 2017-03-13 00:51:42]
kill cmd: ssh -T mic0 killall -9 needle_check
[INFO -- 2017-03-13 00:51:42]
shell stdout: 
[INFO -- 2017-03-13 00:51:42]
kill cmd: ssh -T mic0 killall -9 gdbserver
[INFO -- 2017-03-13 00:51:42]
shell stdout: 
[INFO -- 2017-03-13 00:51:42]
kill cmd: ssh -T mic0 killall -9 sshd
[INFO -- 2017-03-13 00:51:42]
shell stdout: 
