2017-01-15 14:26:39:Starting GDB script
2017-01-15 14:26:39:initSignal:14.0
2017-01-15 14:26:39:endSignal:21.0
2017-01-15 14:26:39:seqSignal:15
2017-01-15 14:26:53:sending 15 signals using command: 'ssh -T mic1 killall -2 dgemm_check' after 14.4961065951s
2017-01-15 14:26:54:shell stdout: 
2017-01-15 14:26:55:shell stdout: 
2017-01-15 14:26:55:shell stdout: 
2017-01-15 14:26:55:shell stdout: 
2017-01-15 14:26:56:shell stdout: 
2017-01-15 14:26:56:shell stdout: 
2017-01-15 14:26:57:shell stdout: 
2017-01-15 14:26:57:shell stdout: 
2017-01-15 14:26:57:sending 15 signals using command: 'ssh -T mic1 killall -2 dgemm_check' after 18.495812881s
2017-01-15 14:26:57:shell stdout: 
2017-01-15 14:26:58:shell stdout: 
2017-01-15 14:26:58:shell stdout: 
2017-01-15 14:26:58:shell stdout: 
2017-01-15 14:26:58:shell stdout: 
2017-01-15 14:26:59:shell stdout: 
2017-01-15 14:26:59:shell stdout: 
2017-01-15 14:26:59:shell stdout: 
2017-01-15 14:26:59:shell stdout: 
2017-01-15 14:26:59:sending 15 signals using command: 'ssh -T mic1 killall -2 dgemm_check' after 20.365603304s
2017-01-15 14:26:59:shell stdout: 
2017-01-15 14:27:00:shell stdout: 
2017-01-15 14:27:00:shell stdout: 
2017-01-15 14:27:00:shell stdout: 
2017-01-15 14:27:00:shell stdout: 
2017-01-15 14:27:00:shell stdout: 
2017-01-15 14:27:00:shell stdout: 
2017-01-15 14:27:00:shell stdout: 
2017-01-15 14:27:01:shell stdout: 
2017-01-15 14:27:01:shell stdout: 
2017-01-15 14:27:01:shell stdout: 
2017-01-15 14:27:01:shell stdout: 
2017-01-15 14:27:02:shell stdout: 
2017-01-15 14:27:02:shell stdout: 
2017-01-15 14:27:02:shell stdout: 
2017-01-15 14:27:02:shell stdout: 
2017-01-15 14:27:03:shell stdout: 
2017-01-15 14:27:03:shell stdout: 
2017-01-15 14:27:03:shell stdout: 
2017-01-15 14:27:03:shell stdout: 
2017-01-15 14:27:03:shell stdout: 
2017-01-15 14:27:04:shell stdout: 
2017-01-15 14:27:04:shell stdout: 
2017-01-15 14:27:04:shell stdout: 
2017-01-15 14:27:04:shell stdout: 
2017-01-15 14:27:05:shell stdout: 
2017-01-15 14:27:05:shell stdout: 
2017-01-15 14:27:06:shell stdout: 
2017-01-15 14:27:41:no gdbExecName running, out:
2017-01-15 14:27:41:checCmd:ps -e | grep -i gdb-mic
2017-01-15 14:27:41:finished now-timestampStart < maxWaitTime*5
2017-01-15 14:27:41:now: 1484508452
2017-01-15 14:27:41:timestampStart: 1484508399
2017-01-15 14:27:41:kill cmd: killall -9 gdb-mic
2017-01-15 14:27:41:shell stdout: 
2017-01-15 14:27:41:kill cmd: ssh -T mic1 killall -9 dgemm_check
2017-01-15 14:27:41:shell stdout: 
2017-01-15 14:27:41:kill cmd: ssh -T mic1 killall -9 gdbserver
2017-01-15 14:27:41:shell stdout: 
2017-01-15 14:27:42:kill cmd: ssh -T mic1 killall -9 sshd
2017-01-15 14:27:42:shell stdout: 
