2017-01-24 21:38:02:Starting GDB script
2017-01-24 21:38:02:initSignal:4.0
2017-01-24 21:38:02:endSignal:6.0
2017-01-24 21:38:02:seqSignal:30
2017-01-24 21:38:07:sending 30 signals using command: 'ssh -T mic0 killall -2 lud_check' after 4.87239689639s
2017-01-24 21:38:08:sending 30 signals using command: 'ssh -T mic0 killall -2 lud_check' after 5.95246427473s
2017-01-24 21:38:08:sending 30 signals using command: 'ssh -T mic0 killall -2 lud_check' after 5.98277996468s
2017-01-24 21:38:08:shell stdout: 
2017-01-24 21:38:08:shell stdout: 
2017-01-24 21:38:08:shell stdout: 
2017-01-24 21:38:08:shell stdout: 
2017-01-24 21:38:09:shell stdout: 
2017-01-24 21:38:09:shell stdout: 
2017-01-24 21:38:09:shell stdout: 
2017-01-24 21:38:09:shell stdout: 
2017-01-24 21:38:09:shell stdout: 
2017-01-24 21:38:09:shell stdout: 
2017-01-24 21:38:10:shell stdout: 
2017-01-24 21:38:10:shell stdout: 
2017-01-24 21:38:10:shell stdout: 
2017-01-24 21:38:10:shell stdout: 
2017-01-24 21:38:10:shell stdout: 
2017-01-24 21:38:10:shell stdout: 
2017-01-24 21:38:10:shell stdout: 
2017-01-24 21:38:11:shell stdout: 
2017-01-24 21:38:11:shell stdout: 
2017-01-24 21:38:11:shell stdout: 
2017-01-24 21:38:11:shell stdout: 
2017-01-24 21:38:11:shell stdout: 
2017-01-24 21:38:11:shell stdout: 
2017-01-24 21:38:11:shell stdout: 
2017-01-24 21:38:11:shell stdout: 
2017-01-24 21:38:12:shell stdout: 
2017-01-24 21:38:12:shell stdout: 
2017-01-24 21:38:12:shell stdout: 
2017-01-24 21:38:12:shell stdout: 
2017-01-24 21:38:12:shell stdout: 
2017-01-24 21:38:12:shell stdout: 
2017-01-24 21:38:13:shell stdout: 
2017-01-24 21:38:13:shell stdout: 
2017-01-24 21:38:13:shell stdout: 
2017-01-24 21:38:13:shell stdout: 
2017-01-24 21:38:13:shell stdout: 
2017-01-24 21:38:13:shell stdout: 
2017-01-24 21:38:14:shell stdout: 
2017-01-24 21:38:14:shell stdout: 
2017-01-24 21:38:14:shell stdout: 
2017-01-24 21:38:14:shell stdout: 
2017-01-24 21:38:14:shell stdout: 
2017-01-24 21:38:14:shell stdout: 
2017-01-24 21:38:15:shell stdout: 
2017-01-24 21:38:15:shell stdout: 
2017-01-24 21:38:15:shell stdout: 
2017-01-24 21:38:16:shell stdout: 
2017-01-24 21:38:16:shell stdout: 
2017-01-24 21:38:16:shell stdout: 
2017-01-24 21:38:17:shell stdout: 
2017-01-24 21:38:17:shell stdout: 
2017-01-24 21:38:17:shell stdout: 
2017-01-24 21:38:17:shell stdout: 
2017-01-24 21:38:17:shell stdout: 
2017-01-24 21:38:17:shell stdout: 
2017-01-24 21:38:18:shell stdout: 
2017-01-24 21:38:18:shell stdout: 
2017-01-24 21:38:18:shell stdout: 
2017-01-24 21:38:18:shell stdout: 
2017-01-24 21:38:18:shell stdout: 
2017-01-24 21:38:18:shell stdout: 
2017-01-24 21:38:19:shell stdout: 
2017-01-24 21:38:19:shell stdout: 
2017-01-24 21:38:19:shell stdout: 
2017-01-24 21:38:19:shell stdout: 
2017-01-24 21:38:19:shell stdout: 
2017-01-24 21:38:19:shell stdout: 
2017-01-24 21:38:20:shell stdout: 
2017-01-24 21:38:20:shell stdout: 
2017-01-24 21:38:20:shell stdout: 
2017-01-24 21:38:20:shell stdout: 
2017-01-24 21:38:20:shell stdout: 
2017-01-24 21:38:20:shell stdout: 
2017-01-24 21:38:20:shell stdout: 
2017-01-24 21:38:20:shell stdout: 
2017-01-24 21:38:20:shell stdout: 
2017-01-24 21:38:21:shell stdout: 
2017-01-24 21:38:21:shell stdout: 
2017-01-24 21:38:21:shell stdout: 
2017-01-24 21:38:21:shell stdout: 
2017-01-24 21:38:21:shell stdout: 
2017-01-24 21:38:21:shell stdout: 
2017-01-24 21:38:22:shell stdout: 
2017-01-24 21:38:22:shell stdout: 
2017-01-24 21:38:22:shell stdout: 
2017-01-24 21:38:22:shell stdout: 
2017-01-24 21:38:22:shell stdout: 
2017-01-24 21:38:22:shell stdout: 
2017-01-24 21:38:22:shell stdout: 
2017-01-24 21:38:23:shell stdout: 
2017-01-24 21:38:23:no gdbExecName running, out:
2017-01-24 21:38:23:checCmd:ps -e | grep -i gdb-mic
2017-01-24 21:38:23:finished now-timestampStart < maxWaitTime*5
2017-01-24 21:38:23:now: 1485311902
2017-01-24 21:38:23:timestampStart: 1485311882
2017-01-24 21:38:23:kill cmd: killall -9 gdb-mic
2017-01-24 21:38:23:shell stdout: 
2017-01-24 21:38:24:kill cmd: ssh -T mic0 killall -9 lud_check
2017-01-24 21:38:24:shell stdout: 
2017-01-24 21:38:24:kill cmd: ssh -T mic0 killall -9 gdbserver
2017-01-24 21:38:24:shell stdout: 
2017-01-24 21:38:24:kill cmd: ssh -T mic0 killall -9 sshd
2017-01-24 21:38:24:shell stdout: 
