2017-01-24 06:40:16:Starting GDB script
2017-01-24 06:40:16:initSignal:0.0
2017-01-24 06:40:16:endSignal:2.0
2017-01-24 06:40:16:seqSignal:30
2017-01-24 06:40:16:sending 30 signals using command: 'ssh -T mic0 killall -2 lud_check' after 0.0104126815195s
2017-01-24 06:40:16:shell stdout: 
2017-01-24 06:40:17:sending 30 signals using command: 'ssh -T mic0 killall -2 lud_check' after 0.705895779264s
2017-01-24 06:40:17:shell stdout: 
2017-01-24 06:40:17:shell stdout: 
2017-01-24 06:40:17:shell stdout: 
2017-01-24 06:40:18:shell stdout: 
2017-01-24 06:40:18:shell stdout: 
2017-01-24 06:40:18:sending 30 signals using command: 'ssh -T mic0 killall -2 lud_check' after 1.72378379702s
2017-01-24 06:40:18:shell stdout: 
2017-01-24 06:40:18:shell stdout: 
2017-01-24 06:40:19:shell stdout: 
2017-01-24 06:40:19:shell stdout: 
2017-01-24 06:40:19:shell stdout: 
2017-01-24 06:40:19:shell stdout: 
2017-01-24 06:40:19:shell stdout: 
2017-01-24 06:40:19:shell stdout: 
2017-01-24 06:40:19:shell stdout: 
2017-01-24 06:40:20:shell stdout: 
2017-01-24 06:40:20:shell stdout: 
2017-01-24 06:40:20:shell stdout: 
2017-01-24 06:40:20:shell stdout: 
2017-01-24 06:40:21:shell stdout: 
2017-01-24 06:40:21:shell stdout: 
2017-01-24 06:40:21:shell stdout: 
2017-01-24 06:40:21:shell stdout: 
2017-01-24 06:40:21:shell stdout: 
2017-01-24 06:40:22:shell stdout: 
2017-01-24 06:40:22:shell stdout: 
2017-01-24 06:40:22:shell stdout: 
2017-01-24 06:40:23:shell stdout: 
2017-01-24 06:40:23:shell stdout: 
2017-01-24 06:40:23:shell stdout: 
2017-01-24 06:40:24:shell stdout: 
2017-01-24 06:40:24:shell stdout: 
2017-01-24 06:40:24:shell stdout: 
2017-01-24 06:40:24:shell stdout: 
2017-01-24 06:40:24:shell stdout: 
2017-01-24 06:40:24:shell stdout: 
2017-01-24 06:40:25:shell stdout: 
2017-01-24 06:40:25:shell stdout: 
2017-01-24 06:40:25:shell stdout: 
2017-01-24 06:40:26:shell stdout: 
2017-01-24 06:40:26:shell stdout: 
2017-01-24 06:40:26:shell stdout: 
2017-01-24 06:40:27:shell stdout: 
2017-01-24 06:40:27:shell stdout: 
2017-01-24 06:40:27:shell stdout: 
2017-01-24 06:40:27:shell stdout: 
2017-01-24 06:40:27:shell stdout: 
2017-01-24 06:40:27:shell stdout: 
2017-01-24 06:40:28:shell stdout: 
2017-01-24 06:40:28:shell stdout: 
2017-01-24 06:40:28:shell stdout: 
2017-01-24 06:40:29:shell stdout: 
2017-01-24 06:40:29:shell stdout: 
2017-01-24 06:40:29:shell stdout: 
2017-01-24 06:40:29:shell stdout: 
2017-01-24 06:40:29:shell stdout: 
2017-01-24 06:40:29:shell stdout: 
2017-01-24 06:40:30:shell stdout: 
2017-01-24 06:40:30:shell stdout: 
2017-01-24 06:40:30:shell stdout: 
2017-01-24 06:40:31:shell stdout: 
2017-01-24 06:40:31:shell stdout: 
2017-01-24 06:40:31:shell stdout: 
2017-01-24 06:40:31:shell stdout: 
2017-01-24 06:40:31:shell stdout: 
2017-01-24 06:40:31:shell stdout: 
2017-01-24 06:40:32:shell stdout: 
2017-01-24 06:40:32:shell stdout: 
2017-01-24 06:40:32:shell stdout: 
2017-01-24 06:40:33:shell stdout: 
2017-01-24 06:40:33:shell stdout: 
2017-01-24 06:40:33:shell stdout: 
2017-01-24 06:40:34:shell stdout: 
2017-01-24 06:40:34:shell stdout: 
2017-01-24 06:40:34:shell stdout: 
2017-01-24 06:40:34:shell stdout: 
2017-01-24 06:40:34:shell stdout: 
2017-01-24 06:40:34:shell stdout: 
2017-01-24 06:40:35:shell stdout: 
2017-01-24 06:40:35:shell stdout: 
2017-01-24 06:40:35:shell stdout: 
2017-01-24 06:40:35:shell stdout: 
2017-01-24 06:40:35:shell stdout: 
2017-01-24 06:40:35:shell stdout: 
2017-01-24 06:40:35:shell stdout: 
2017-01-24 06:40:35:shell stdout: 
2017-01-24 06:40:36:shell stdout: 
2017-01-24 06:40:36:shell stdout: 
2017-01-24 06:40:36:shell stdout: 
2017-01-24 06:40:37:shell stdout: 
2017-01-24 06:40:40:no gdbExecName running, out:
2017-01-24 06:40:40:checCmd:ps -e | grep -i gdb-mic
2017-01-24 06:40:40:finished now-timestampStart < maxWaitTime*5
2017-01-24 06:40:40:now: 1485258039
2017-01-24 06:40:40:timestampStart: 1485258016
2017-01-24 06:40:40:kill cmd: killall -9 gdb-mic
2017-01-24 06:40:40:shell stdout: 
2017-01-24 06:40:40:kill cmd: ssh -T mic0 killall -9 lud_check
2017-01-24 06:40:40:shell stdout: 
2017-01-24 06:40:41:kill cmd: ssh -T mic0 killall -9 gdbserver
2017-01-24 06:40:41:shell stdout: 
2017-01-24 06:40:41:kill cmd: ssh -T mic0 killall -9 sshd
2017-01-24 06:40:41:shell stdout: 
