2016-10-16 04:47:10:Initialization strings:
2016-10-16 04:47:10:(1) target extended-remote | ssh -T mic0 gdbserver --multi -
2016-10-16 04:47:10:(2) set sysroot /opt/mpss/3.7/sysroots/k1om-mpss-linux/
2016-10-16 04:47:10:(3) set sysroot /opt/mpss/3.7/sysroots/k1om-mpss-linux/
2016-10-16 04:47:10:(4) file /micNfs/gdb-fault-injection-lavamd/bin/lavamd
2016-10-16 04:47:10:(5) set remote exec-file /micNfs/gdb-fault-injection-lavamd/bin/lavamd
2016-10-16 04:47:10:(6) set args 228 15 /micNfs/gdb-fault-injection-lavamd/bin/input_distance_228_15 /micNfs/gdb-fault-injection-lavamd/bin/input_charges_228_15 /micNfs/gdb-fault-injection-lavamd/bin/output_gold_228_15 1
2016-10-16 04:47:11:Trying Fault Injection
2016-10-16 04:47:11:Inferior PID: 180663
2016-10-16 04:47:11:Inferior is valid: True
2016-10-16 04:47:11:Inferior #threads: 1
2016-10-16 04:47:11:Backtrace BEGIN:
2016-10-16 04:47:11:#0  0x000000000040282a in main (argc=7, argv=0x7fffffffec08) at main_check.c:208

2016-10-16 04:47:11:203	
204		for(i=0; i<dim_cpu.space_elem; i=i+1) {
205	            fv_cpu[i].v = 0;
206	            fv_cpu[i].x = 0;
207	            fv_cpu[i].y = 0;
208	            fv_cpu[i].z = 0;
209		}
210	
211	#ifdef ERR_INJ
212		if(loop == 2){

2016-10-16 04:47:11:Backtrace END
2016-10-16 04:47:12:Thread name: None
2016-10-16 04:47:12:Thread num: 1
2016-10-16 04:47:12:Thread ptid: (180663, 180663, 0)
2016-10-16 04:47:12:bitFlip function
2016-10-16 04:47:12:Type: The type is an integer type.
2016-10-16 04:47:12:Type sizeof: 4
2016-10-16 04:47:12:Mem contents(hex):0x070x000x000x00
2016-10-16 04:47:12:base address to flip value: 0x7fffffffe860
2016-10-16 04:47:12:address max offset: 4
2016-10-16 04:47:12:Memory content before bitflip:0x070x000x000x00
2016-10-16 04:47:12:Memory content after  bitflip:0x070x000x400x00
2016-10-16 04:47:12:Mem contents(hex):0x070x000x400x00
2016-10-16 04:47:12:frame name: main
2016-10-16 04:47:12:symbol name: argc
2016-10-16 04:47:12:symbol filename: main_check.c
2016-10-16 04:47:12:symbol line: 43
2016-10-16 04:47:12:value: 4194311
2016-10-16 04:47:12:value address: 0x7fffffffe860
2016-10-16 04:47:12:Type: The type is an integer type.
2016-10-16 04:47:12:Type sizeof: 4
2016-10-16 04:47:12:Fault Injection Successful after 2.03289890289s
2016-10-16 04:47:12:Fault Already Injected
2016-10-16 04:47:13:Fault Already Injected
2016-10-16 04:47:14:Fault Already Injected
2016-10-16 04:47:14:Fault Already Injected
2016-10-16 04:47:14:Fault Already Injected
2016-10-16 04:47:17:Fault Already Injected
2016-10-16 04:47:17:Fault Already Injected
2016-10-16 04:47:19:Fault Already Injected
2016-10-16 04:47:21:event type: exit
2016-10-16 04:47:21:exit code: 0
