2016-10-19 17:25:04:sending signal using command: 'ssh -T mic0 killall -2 hotspot_check' after 14.48968516s
2016-10-19 17:25:04:shell stdout: 
2016-10-19 17:25:04:sending signal using command: 'ssh -T mic0 killall -2 hotspot_check' after 14.8706140448s
2016-10-19 17:25:04:shell stdout: 
2016-10-19 17:25:04:Starting GDB script
2016-10-19 17:25:07:sending signal using command: 'ssh -T mic0 killall -2 hotspot_check' after 2.21498425324s
2016-10-19 17:25:07:shell stdout: 
2016-10-19 17:25:08:sending signal using command: 'ssh -T mic0 killall -2 hotspot_check' after 3.55154443701s
2016-10-19 17:25:08:shell stdout: 
2016-10-19 17:25:09:sending signal using command: 'ssh -T mic0 killall -2 hotspot_check' after 4.46608780595s
2016-10-19 17:25:09:shell stdout: 
2016-10-19 17:25:13:sending signal using command: 'ssh -T mic0 killall -2 hotspot_check' after 8.14573344822s
2016-10-19 17:25:13:shell stdout: 
2016-10-19 17:25:13:sending signal using command: 'ssh -T mic0 killall -2 hotspot_check' after 8.38217430652s
2016-10-19 17:25:13:shell stdout: 
2016-10-19 17:25:15:sending signal using command: 'ssh -T mic0 killall -2 hotspot_check' after 10.2954570654s
2016-10-19 17:25:15:shell stdout: 
2016-10-19 17:25:17:sending signal using command: 'ssh -T mic0 killall -2 hotspot_check' after 11.7306685811s
2016-10-19 17:25:17:shell stdout: 
2016-10-19 17:25:17:sending signal using command: 'ssh -T mic0 killall -2 hotspot_check' after 12.4924064409s
2016-10-19 17:25:17:shell stdout: 
2016-10-19 17:25:19:sending signal using command: 'ssh -T mic0 killall -2 hotspot_check' after 13.5610798654s
2016-10-19 17:25:19:shell stdout: 
2016-10-19 17:25:20:sending signal using command: 'ssh -T mic0 killall -2 hotspot_check' after 14.5043849438s
2016-10-19 17:25:20:shell stdout: 
2016-10-19 17:25:26:no gdbExecName running, out:
2016-10-19 17:25:26:checCmd:ps -e | grep -i gdb-mic
2016-10-19 17:25:26:finished now-timestampStart < maxWaitTime*5
2016-10-19 17:25:26:now: 1476912325
2016-10-19 17:25:26:timestampStart: 1476912304
2016-10-19 17:25:26:kill cmd: killall -9 gdb-mic
2016-10-19 17:25:26:shell stdout: 
2016-10-19 17:25:26:kill cmd: ssh -T mic0 killall -9 hotspot_check
2016-10-19 17:25:26:shell stdout: 
2016-10-19 17:25:27:kill cmd: ssh -T mic0 killall -9 gdbserver
2016-10-19 17:25:27:shell stdout: 
