2016-10-22 07:09:23:Starting GDB script
2016-10-22 07:09:24:sending signal using command: 'ssh -T mic0 killall -2 hotspot_check' after 0.465713657983s
2016-10-22 07:09:24:shell stdout: 
2016-10-22 07:09:24:sending signal using command: 'ssh -T mic0 killall -2 hotspot_check' after 0.955660332847s
2016-10-22 07:09:24:shell stdout: 
2016-10-22 07:09:24:sending signal using command: 'ssh -T mic0 killall -2 hotspot_check' after 1.02143119511s
2016-10-22 07:09:24:shell stdout: 
2016-10-22 07:09:25:sending signal using command: 'ssh -T mic0 killall -2 hotspot_check' after 1.25199539636s
2016-10-22 07:09:25:shell stdout: 
2016-10-22 07:09:25:sending signal using command: 'ssh -T mic0 killall -2 hotspot_check' after 1.36981975201s
2016-10-22 07:09:25:shell stdout: 
2016-10-22 07:09:25:sending signal using command: 'ssh -T mic0 killall -2 hotspot_check' after 1.97191236298s
2016-10-22 07:09:25:shell stdout: 
2016-10-22 07:09:28:sending signal using command: 'ssh -T mic0 killall -2 hotspot_check' after 4.26621009027s
2016-10-22 07:09:28:shell stdout: 
2016-10-22 07:09:34:sending signal using command: 'ssh -T mic0 killall -2 hotspot_check' after 10.34047923s
2016-10-22 07:09:34:shell stdout: 
2016-10-22 07:09:35:sending signal using command: 'ssh -T mic0 killall -2 hotspot_check' after 12.0617893006s
2016-10-22 07:09:35:shell stdout: 
2016-10-22 07:09:36:sending signal using command: 'ssh -T mic0 killall -2 hotspot_check' after 12.9934897805s
2016-10-22 07:09:36:shell stdout: 
2016-10-22 07:09:43:no gdbExecName running, out:
2016-10-22 07:09:43:checCmd:ps -e | grep -i gdb-mic
2016-10-22 07:09:43:finished now-timestampStart < maxWaitTime*5
2016-10-22 07:09:43:now: 1477134582
2016-10-22 07:09:43:timestampStart: 1477134563
2016-10-22 07:09:43:kill cmd: killall -9 gdb-mic
2016-10-22 07:09:43:shell stdout: 
2016-10-22 07:09:44:kill cmd: ssh -T mic0 killall -9 hotspot_check
2016-10-22 07:09:44:shell stdout: 
2016-10-22 07:09:44:kill cmd: ssh -T mic0 killall -9 gdbserver
2016-10-22 07:09:44:shell stdout: 
