#HEADER matrix_dim:2048 threads:228
#BEGIN Y:2017 M:01 D:25 Time:07:28:38
#IT Ite:0 KerTime:17.830185 AccTime:17.830185
#ERR  p: [1251, 1920], r: 5.1226425170898438e-01, e: 5.1216441392898560e-01
#ERR  p: [1269, 1920], r: 5.2158027887344360e-01, e: 5.2145409584045410e-01
#ERR  p: [1233, 1920], r: 5.0261038541793823e-01, e: 5.0312453508377075e-01
#ERR  p: [1242, 1920], r: 5.0750172138214111e-01, e: 5.0745618343353271e-01
#ERR  p: [1224, 1920], r: 4.9811112880706787e-01, e: 4.9848818778991699e-01
#ERR  p: [1278, 1920], r: 5.2643084526062012e-01, e: 5.2636224031448364e-01
#ERR  p: [1287, 1920], r: 5.3147572278976440e-01, e: 5.3109800815582275e-01
#ERR  p: [1260, 1920], r: 5.1683682203292847e-01, e: 5.1674544811248779e-01
#ERR  p: [1216, 1920], r: 2.2797660827636719e+00, e: 4.9449625611305237e-01
#ERR  p: [1296, 1920], r: 5.3586506843566895e-01, e: 5.3587102890014648e-01
#ERR  p: [1314, 1920], r: 5.4559814929962158e-01, e: 5.4557090997695923e-01
#ERR  p: [1458, 1920], r: 6.2986338138580322e-01, e: 6.3001596927642822e-01
#ERR  p: [1386, 1920], r: 5.8605825901031494e-01, e: 5.8600157499313354e-01
#ERR  p: [1350, 1920], r: 5.6595641374588013e-01, e: 5.6553101539611816e-01
#ERR  p: [1305, 1920], r: 5.4095196723937988e-01, e: 5.4071670770645142e-01
#ERR  p: [1332, 1920], r: 5.5516946315765381e-01, e: 5.5532807111740112e-01
#ERR  p: [1359, 1920], r: 5.7035392522811890e-01, e: 5.7054710388183594e-01
#ERR  p: [1368, 1920], r: 5.7573711872100830e-01, e: 5.7562828063964844e-01
#ERR  p: [1341, 1920], r: 5.6074875593185425e-01, e: 5.6047129631042480e-01
#ERR  p: [1251, 1921], r: 5.1177132129669189e-01, e: 5.1167148351669312e-01
#ERR  p: [1269, 1921], r: 5.2108186483383179e-01, e: 5.2095478773117065e-01
#ERR  p: [1377, 1920], r: 5.8099180459976196e-01, e: 5.8110648393630981e-01
#ERR  p: [1323, 1920], r: 5.5058932304382324e-01, e: 5.5054086446762085e-01
#ERR  p: [1395, 1920], r: 5.9133452177047729e-01, e: 5.9150677919387817e-01
#ERR  p: [1233, 1921], r: 5.0203412771224976e-01, e: 5.0254464149475098e-01
#ERR  p: [1449, 1920], r: 6.2442719936370850e-01, e: 6.2423408031463623e-01
#ERR  p: [1413, 1920], r: 6.0228985548019409e-01, e: 6.0211277008056641e-01
#ERR  p: [1422, 1920], r: 6.0790324211120605e-01, e: 6.0800987482070923e-01
#ERR  p: [1404, 1920], r: 5.9663593769073486e-01, e: 5.9670752286911011e-01
#ERR  p: [1431, 1920], r: 6.1253458261489868e-01, e: 6.1316996812820435e-01
#ERR  p: [1242, 1921], r: 5.0713223218917847e-01, e: 5.0708639621734619e-01
#ERR  p: [1485, 1920], r: 6.4661616086959839e-01, e: 6.4711278676986694e-01
#ERR  p: [1476, 1920], r: 6.4159184694290161e-01, e: 6.4132732152938843e-01
#ERR  p: [1521, 1920], r: 6.7076367139816284e-01, e: 6.7085593938827515e-01
#ERR  p: [1440, 1920], r: 6.1821275949478149e-01, e: 6.1873328685760498e-01
#ERR  p: [1926, 1920], r: 1.9860237836837769e-02, e: 1.9863545894622803e-02
#ERR  p: [1566, 1920], r: 7.0200473070144653e-01, e: 7.0214045047760010e-01
#ERR  p: [1557, 1920], r: 6.9583666324615479e-01, e: 6.9563460350036621e-01
#ERR  p: [1629, 1920], r: 7.4742633104324341e-01, e: 7.4758368730545044e-01
#ERR  p: [1512, 1920], r: 6.6502833366394043e-01, e: 6.6514837741851807e-01
#ERR  p: [2016, 1920], r: 1.8142372369766235e-02, e: 1.8148809671401978e-02
#ERR  p: [1602, 1920], r: 7.2748166322708130e-01, e: 7.2753107547760010e-01
#ERR  p: [1656, 1920], r: 7.6774579286575317e-01, e: 7.6785469055175781e-01
#ERR  p: [1638, 1920], r: 7.5421899557113647e-01, e: 7.5411683320999146e-01
#ERR  p: [1503, 1920], r: 6.5882790088653564e-01, e: 6.5894573926925659e-01
#ERR  p: [2024, 1920], r: 1.7997264862060547e-02, e: 1.8002748489379883e-02
#ERR  p: [1647, 1920], r: 7.6131939888000488e-01, e: 7.6130670309066772e-01
#ERR  p: [1494, 1920], r: 6.5263068675994873e-01, e: 6.5309154987335205e-01
#ERR  p: [1530, 1920], r: 6.7689460515975952e-01, e: 6.7703557014465332e-01
#ERR  p: [1467, 1920], r: 6.3568395376205444e-01, e: 6.3562279939651489e-01
#ERR  p: [1944, 1920], r: 1.9509017467498779e-02, e: 1.9509732723236084e-02
#ERR  p: [1881, 1920], r: 9.6156144142150879e-01, e: 9.6145856380462646e-01
#ERR  p: [1917, 1920], r: 9.9678885936737061e-01, e: 9.9681419134140015e-01
#ERR  p: [1998, 1920], r: 1.8483668565750122e-02, e: 1.8487632274627686e-02
#ERR  p: [1980, 1920], r: 1.8806457519531250e-02, e: 1.8811881542205811e-02
#ERR  p: [1539, 1920], r: 6.8274891376495361e-01, e: 6.8320190906524658e-01
#ERR  p: [2007, 1920], r: 1.8314003944396973e-02, e: 1.8313914537429810e-02
#ERR  p: [1890, 1920], r: 9.7055047750473022e-01, e: 9.7043246030807495e-01
#ERR  p: [1665, 1920], r: 7.7482151985168457e-01, e: 7.7484500408172607e-01
#ERR  p: [1908, 1920], r: 9.8815971612930298e-01, e: 9.8826825618743896e-01
#ERR  p: [1935, 1920], r: 1.9685864448547363e-02, e: 1.9684970378875732e-02
#ERR  p: [1989, 1920], r: 1.8646270036697388e-02, e: 1.8651276826858521e-02
#ERR  p: [1620, 1920], r: 7.4078714847564697e-01, e: 7.4088335037231445e-01
#ERR  p: [1692, 1920], r: 7.9607605934143066e-01, e: 7.9620730876922607e-01
#ERR  p: [1674, 1920], r: 7.8188437223434448e-01, e: 7.8187912702560425e-01
#ERR  p: [1575, 1920], r: 7.0830386877059937e-01, e: 7.0842581987380981e-01
#ERR  p: [1953, 1920], r: 1.9335210323333740e-02, e: 1.9333660602569580e-02
#ERR  p: [1971, 1920], r: 1.8986344337463379e-02, e: 1.8987745046615601e-02
#ERR  p: [1899, 1920], r: 9.7958123683929443e-01, e: 9.7907042503356934e-01
#ERR  p: [1611, 1920], r: 7.3394697904586792e-01, e: 7.3416620492935181e-01
#ERR  p: [1962, 1920], r: 1.9158303737640381e-02, e: 1.9158810377120972e-02
#ERR  p: [1593, 1920], r: 7.2151386737823486e-01, e: 7.2115665674209595e-01
#ERR  p: [1584, 1920], r: 7.1420687437057495e-01, e: 7.1440076828002930e-01
#ERR  p: [1224, 1921], r: 4.9769529700279236e-01, e: 4.9805891513824463e-01
#ERR  p: [1278, 1921], r: 5.2594071626663208e-01, e: 5.2587509155273438e-01
#ERR  p: [2032, 1920], r: 1.7862290143966675e-02, e: 1.7860740423202515e-02
#ERR  p: [1287, 1921], r: 5.3082209825515747e-01, e: 5.3044509887695312e-01
#ERR  p: [2040, 1920], r: 1.7724514007568359e-02, e: 1.7727315425872803e-02
#ERR  p: [1548, 1920], r: 6.8930250406265259e-01, e: 6.8942779302597046e-01
#ERR  p: [1260, 1921], r: 5.1635950803756714e-01, e: 5.1626962423324585e-01
#ERR  p: [1872, 1920], r: 9.5312178134918213e-01, e: 9.5307558774948120e-01
#ERR  p: [1701, 1920], r: 8.0309748649597168e-01, e: 8.0315452814102173e-01
#ERR  p: [1719, 1920], r: 8.1827330589294434e-01, e: 8.1801378726959229e-01
#ERR  p: [1773, 1920], r: 8.6295878887176514e-01, e: 8.6323314905166626e-01
#ERR  p: [1710, 1920], r: 8.1058478355407715e-01, e: 8.1037300825119019e-01
#ERR  p: [1683, 1920], r: 7.8936225175857544e-01, e: 7.8905117511749268e-01
#ERR  p: [1216, 1921], r: 2.2775177955627441e+00, e: 4.9400776624679565e-01
#ERR  p: [1764, 1920], r: 8.5547500848770142e-01, e: 8.5548651218414307e-01
#ERR  p: [1737, 1920], r: 8.3304250240325928e-01, e: 8.3242130279541016e-01
#ERR  p: [1791, 1920], r: 8.7883234024047852e-01, e: 8.7881892919540405e-01
#ERR  p: [1782, 1920], r: 8.7137693166732788e-01, e: 8.7104147672653198e-01
#ERR  p: [1809, 1920], r: 8.9461487531661987e-01, e: 8.9487278461456299e-01
#ERR  p: [1728, 1920], r: 8.2531225681304932e-01, e: 8.2530331611633301e-01
#ERR  p: [1746, 1920], r: 8.4027045965194702e-01, e: 8.4050428867340088e-01
#ERR  p: [1827, 1920], r: 9.1122978925704956e-01, e: 9.1097933053970337e-01
#ERR  p: [1836, 1920], r: 9.1924524307250977e-01, e: 9.1932576894760132e-01
#ERR  p: [1800, 1920], r: 8.8699400424957275e-01, e: 8.8676506280899048e-01
#ERR  p: [1845, 1920], r: 9.2807883024215698e-01, e: 9.2804825305938721e-01
#ERR  p: [1755, 1920], r: 8.4781086444854736e-01, e: 8.4789812564849854e-01
#ERR  p: [1818, 1920], r: 9.0260022878646851e-01, e: 9.0288811922073364e-01
#ERR  p: [1863, 1920], r: 9.4429403543472290e-01, e: 9.4463336467742920e-01
#ERR  p: [1854, 1920], r: 9.3688446283340454e-01, e: 9.3638157844543457e-01
#ERR  p: [1296, 1921], r: 5.3533023595809937e-01, e: 5.3533250093460083e-01
#ERR  p: [1458, 1921], r: 6.2915354967117310e-01, e: 6.2933003902435303e-01
#ERR  p: [1314, 1921], r: 5.4496783018112183e-01, e: 5.4494881629943848e-01
#ERR  p: [1386, 1921], r: 5.8566939830780029e-01, e: 5.8559930324554443e-01
#ERR  p: [1350, 1921], r: 5.6549000740051270e-01, e: 5.6506609916687012e-01
#ERR  p: [1233, 1922], r: 5.0158178806304932e-01, e: 5.0209510326385498e-01
#ERR  p: [1251, 1922], r: 5.1121443510055542e-01, e: 5.1111447811126709e-01
#ERR  p: [1269, 1922], r: 5.2031058073043823e-01, e: 5.2018868923187256e-01
#ERR  p: [1242, 1922], r: 5.0671911239624023e-01, e: 5.0667476654052734e-01
#ERR  p: [1305, 1921], r: 5.4015892744064331e-01, e: 5.3993409872055054e-01
#ERR  p: [1314, 1922], r: 5.4452884197235107e-01, e: 5.4450988769531250e-01
#ERR  p: [1323, 1921], r: 5.5000323057174683e-01, e: 5.4995584487915039e-01
#ERR  p: [1332, 1921], r: 5.5455195903778076e-01, e: 5.5471575260162354e-01
#ERR  p: [1341, 1921], r: 5.6014233827590942e-01, e: 5.5986940860748291e-01
#ERR  p: [1359, 1921], r: 5.6989598274230957e-01, e: 5.7008838653564453e-01
#ERR  p: [1413, 1921], r: 6.0165035724639893e-01, e: 6.0147327184677124e-01
#ERR  p: [1368, 1921], r: 5.7510298490524292e-01, e: 5.7502841949462891e-01
#ERR  p: [1449, 1921], r: 6.2393128871917725e-01, e: 6.2374413013458252e-01
#ERR  p: [1377, 1921], r: 5.8018726110458374e-01, e: 5.8029299974441528e-01
#ERR  p: [1395, 1921], r: 5.9073245525360107e-01, e: 5.9091293811798096e-01
#ERR  p: [1260, 1922], r: 5.1581174135208130e-01, e: 5.1572221517562866e-01
#ERR  p: [1404, 1921], r: 5.9614992141723633e-01, e: 5.9620803594589233e-01
#ERR  p: [1422, 1921], r: 6.0714763402938843e-01, e: 6.0722744464874268e-01
#ERR  p: [1216, 1922], r: 2.2752223014831543e+00, e: 4.9352303147315979e-01
#ERR  p: [1431, 1921], r: 6.1205542087554932e-01, e: 6.1268407106399536e-01
#ERR  p: [1278, 1922], r: 5.2539461851119995e-01, e: 5.2533417940139771e-01
#ERR  p: [1440, 1921], r: 6.1741262674331665e-01, e: 6.1792570352554321e-01
#ERR  p: [1224, 1922], r: 4.9727648496627808e-01, e: 4.9765503406524658e-01
#ERR  p: [1467, 1921], r: 6.3493227958679199e-01, e: 6.3482791185379028e-01
#ERR  p: [1287, 1922], r: 5.3043097257614136e-01, e: 5.3005361557006836e-01
#ERR  p: [1521, 1921], r: 6.7004936933517456e-01, e: 6.7016023397445679e-01
#ERR  p: [1557, 1921], r: 6.9503694772720337e-01, e: 6.9483560323715210e-01
#ERR  p: [1296, 1922], r: 5.3486329317092896e-01, e: 5.3486698865890503e-01
#ERR  p: [1476, 1921], r: 6.4091151952743530e-01, e: 6.4065200090408325e-01
#ERR  p: [1485, 1921], r: 6.4603453874588013e-01, e: 6.4654606580734253e-01
#ERR  p: [1656, 1921], r: 7.6705706119537354e-01, e: 7.6725399494171143e-01
#ERR  p: [1566, 1921], r: 7.0129328966140747e-01, e: 7.0141780376434326e-01
#ERR  p: [1386, 1922], r: 5.8488452434539795e-01, e: 5.8483535051345825e-01
#ERR  p: [1350, 1922], r: 5.6477981805801392e-01, e: 5.6435215473175049e-01
#ERR  p: [1233, 1923], r: 5.0099360942840576e-01, e: 5.0150680541992188e-01
#ERR  p: [1926, 1921], r: 1.9883187487721443e-02, e: 1.9881339743733406e-02
#ERR  p: [1458, 1922], r: 6.2844365835189819e-01, e: 6.2860524654388428e-01
#ERR  p: [1503, 1921], r: 6.5821939706802368e-01, e: 6.5833497047424316e-01
#ERR  p: [1251, 1923], r: 5.1083076000213623e-01, e: 5.1073408126831055e-01
#ERR  p: [1242, 1923], r: 5.0604021549224854e-01, e: 5.0599622726440430e-01
#ERR  p: [1269, 1923], r: 5.2013629674911499e-01, e: 5.2001011371612549e-01
#ERR  p: [1314, 1923], r: 5.4389476776123047e-01, e: 5.4387354850769043e-01
#ERR  p: [1305, 1922], r: 5.3973203897476196e-01, e: 5.3949528932571411e-01
#ERR  p: [1350, 1923], r: 5.6424069404602051e-01, e: 5.6382501125335693e-01
#ERR  p: [1332, 1922], r: 5.5415940284729004e-01, e: 5.5432564020156860e-01
#ERR  p: [1827, 1921], r: 9.1059720516204834e-01, e: 9.1027832031250000e-01
#ERR  p: [1494, 1921], r: 6.5216302871704102e-01, e: 6.5257251262664795e-01
#ERR  p: [1935, 1921], r: 1.9702510908246040e-02, e: 1.9699681550264359e-02
#ERR  p: [1683, 1921], r: 7.8848236799240112e-01, e: 7.8805792331695557e-01
#ERR  p: [1512, 1921], r: 6.6423684358596802e-01, e: 6.6430318355560303e-01
#ERR  p: [1323, 1922], r: 5.4934072494506836e-01, e: 5.4928255081176758e-01
#ERR  p: [1539, 1921], r: 6.8201965093612671e-01, e: 6.8245416879653931e-01
#ERR  p: [1548, 1921], r: 6.8840259313583374e-01, e: 6.8849205970764160e-01
#ERR  p: [1584, 1921], r: 7.1358430385589600e-01, e: 7.1376174688339233e-01
#ERR  p: [1530, 1921], r: 6.7631953954696655e-01, e: 6.7645233869552612e-01
#ERR  p: [1593, 1921], r: 7.2081291675567627e-01, e: 7.2046911716461182e-01
#ERR  p: [1602, 1921], r: 7.2681778669357300e-01, e: 7.2689926624298096e-01
#ERR  p: [1575, 1921], r: 7.0730900764465332e-01, e: 7.0743948221206665e-01
#ERR  p: [1611, 1921], r: 7.3288965225219727e-01, e: 7.3313719034194946e-01
#ERR  p: [1620, 1921], r: 7.3990279436111450e-01, e: 7.4002587795257568e-01
#ERR  p: [1629, 1921], r: 7.4655604362487793e-01, e: 7.4663138389587402e-01
#ERR  p: [1638, 1921], r: 7.5344944000244141e-01, e: 7.5336068868637085e-01
#ERR  p: [1647, 1921], r: 7.6040863990783691e-01, e: 7.6044070720672607e-01
#ERR  p: [1665, 1921], r: 7.7421540021896362e-01, e: 7.7417111396789551e-01
#ERR  p: [1233, 1924], r: 5.0053209066390991e-01, e: 5.0104308128356934e-01
#ERR  p: [1224, 1923], r: 4.9680620431900024e-01, e: 4.9717429280281067e-01
#ERR  p: [1216, 1923], r: 2.2729222774505615e+00, e: 4.9299204349517822e-01
#ERR  p: [1674, 1921], r: 7.8108191490173340e-01, e: 7.8111773729324341e-01
#ERR  p: [1485, 1922], r: 6.4527463912963867e-01, e: 6.4579218626022339e-01
#ERR  p: [1692, 1921], r: 7.9528188705444336e-01, e: 7.9538631439208984e-01
#ERR  p: [1260, 1923], r: 5.1527440547943115e-01, e: 5.1518303155899048e-01
#ERR  p: [1278, 1923], r: 5.2485823631286621e-01, e: 5.2479630708694458e-01
#ERR  p: [1719, 1921], r: 8.1751674413681030e-01, e: 8.1728851795196533e-01
#ERR  p: [1476, 1922], r: 6.4027208089828491e-01, e: 6.3998717069625854e-01
#ERR  p: [1296, 1923], r: 5.3419566154479980e-01, e: 5.3420013189315796e-01
#ERR  p: [1287, 1923], r: 5.2978587150573730e-01, e: 5.2941411733627319e-01
#ERR  p: [1701, 1921], r: 8.0227327346801758e-01, e: 8.0229038000106812e-01
#ERR  p: [1710, 1921], r: 8.0988603830337524e-01, e: 8.0973535776138306e-01
#ERR  p: [1341, 1922], r: 5.5974632501602173e-01, e: 5.5947709083557129e-01
#ERR  p: [1728, 1921], r: 8.2440274953842163e-01, e: 8.2432675361633301e-01
#ERR  p: [1953, 1921], r: 1.9348548725247383e-02, e: 1.9345937296748161e-02
#ERR  p: [1737, 1921], r: 8.3207082748413086e-01, e: 8.3153992891311646e-01
#ERR  p: [1359, 1922], r: 5.6932991743087769e-01, e: 5.6952160596847534e-01
#ERR  p: [2016, 1921], r: 1.8171710893511772e-02, e: 1.8171232193708420e-02
#ERR  p: [1764, 1921], r: 8.5477036237716675e-01, e: 8.5477334260940552e-01
#ERR  p: [1368, 1922], r: 5.7459151744842529e-01, e: 5.7450616359710693e-01
#ERR  p: [1746, 1921], r: 8.3917701244354248e-01, e: 8.3938413858413696e-01
#ERR  p: [1755, 1921], r: 8.4679645299911499e-01, e: 8.4700530767440796e-01
#ERR  p: [1773, 1921], r: 8.6203503608703613e-01, e: 8.6242198944091797e-01
#ERR  p: [1782, 1921], r: 8.7033390998840332e-01, e: 8.6998951435089111e-01
#ERR  p: [1791, 1921], r: 8.7803292274475098e-01, e: 8.7789571285247803e-01
#ERR  p: [1800, 1921], r: 8.8611775636672974e-01, e: 8.8585746288299561e-01
#ERR  p: [1809, 1921], r: 8.9364433288574219e-01, e: 8.9371895790100098e-01
#ERR  p: [1818, 1921], r: 9.0241080522537231e-01, e: 9.0249282121658325e-01
#ERR  p: [1836, 1921], r: 9.1849577426910400e-01, e: 9.1855841875076294e-01
#ERR  p: [1845, 1921], r: 9.2665618658065796e-01, e: 9.2685532569885254e-01
#ERR  p: [1854, 1921], r: 9.3581753969192505e-01, e: 9.3535935878753662e-01
#ERR  p: [1872, 1921], r: 9.5223283767700195e-01, e: 9.5222389698028564e-01
#ERR  p: [1863, 1921], r: 9.4332808256149292e-01, e: 9.4354367256164551e-01
#ERR  p: [1881, 1921], r: 9.6075803041458130e-01, e: 9.6052926778793335e-01
#ERR  p: [1899, 1921], r: 9.7859388589859009e-01, e: 9.7818076610565186e-01
#ERR  p: [1890, 1921], r: 9.6948796510696411e-01, e: 9.6912837028503418e-01
#ERR  p: [1908, 1921], r: 9.8684865236282349e-01, e: 9.8700827360153198e-01
#ERR  p: [1917, 1921], r: 9.9595499038696289e-01, e: 9.9622499942779541e-01
#ERR  p: [1944, 1921], r: 1.9520044326782227e-02, e: 1.9517967477440834e-02
#ERR  p: [1971, 1921], r: 1.9009489566087723e-02, e: 1.9006235525012016e-02
#ERR  p: [1980, 1921], r: 1.8831517547369003e-02, e: 1.8831195309758186e-02
#ERR  p: [1962, 1921], r: 1.9180148839950562e-02, e: 1.9175399094820023e-02
#ERR  p: [1998, 1921], r: 1.8504353240132332e-02, e: 1.8500939011573792e-02
#ERR  p: [2007, 1921], r: 1.8332803621888161e-02, e: 1.8334068357944489e-02
#ERR  p: [1377, 1922], r: 5.7961863279342651e-01, e: 5.7973033189773560e-01
#ERR  p: [1386, 1923], r: 5.8438235521316528e-01, e: 5.8433276414871216e-01
#ERR  p: [1926, 1922], r: 1.9901139661669731e-02, e: 1.9900696352124214e-02
#ERR  p: [1989, 1921], r: 1.8664330244064331e-02, e: 1.8662076443433762e-02
#ERR  p: [2024, 1921], r: 1.8028266727924347e-02, e: 1.8026806414127350e-02
#ERR  p: [2032, 1921], r: 1.7881048843264580e-02, e: 1.7876544967293739e-02
#ERR  p: [1404, 1922], r: 5.9548795223236084e-01, e: 5.9557139873504639e-01
#ERR  p: [1413, 1922], r: 6.0123044252395630e-01, e: 6.0105711221694946e-01
#ERR  p: [1395, 1922], r: 5.9015125036239624e-01, e: 5.9032034873962402e-01
#ERR  p: [2040, 1921], r: 1.7743065953254700e-02, e: 1.7740150913596153e-02
#ERR  p: [1422, 1922], r: 6.0661131143569946e-01, e: 6.0670304298400879e-01
#ERR  p: [1431, 1922], r: 6.1131900548934937e-01, e: 6.1196112632751465e-01
#ERR  p: [1449, 1922], r: 6.2324374914169312e-01, e: 6.2305694818496704e-01
#ERR  p: [1440, 1922], r: 6.1691451072692871e-01, e: 6.1744844913482666e-01
#ERR  p: [1458, 1923], r: 6.2785935401916504e-01, e: 6.2802815437316895e-01
#ERR  p: [1656, 1922], r: 7.6607376337051392e-01, e: 7.6619982719421387e-01
#ERR  p: [1251, 1924], r: 5.1032894849777222e-01, e: 5.1023125648498535e-01
#ERR  p: [1494, 1922], r: 6.5138369798660278e-01, e: 6.5179461240768433e-01
#ERR  p: [1467, 1922], r: 6.3424628973007202e-01, e: 6.3417768478393555e-01
#ERR  p: [1242, 1924], r: 5.0566738843917847e-01, e: 5.0562155246734619e-01
#ERR  p: [1269, 1924], r: 5.1940250396728516e-01, e: 5.1927405595779419e-01
#ERR  p: [1314, 1924], r: 5.4330819845199585e-01, e: 5.4328924417495728e-01
#ERR  p: [1503, 1922], r: 6.5748190879821777e-01, e: 6.5760570764541626e-01
#ERR  p: [1521, 1922], r: 6.6938126087188721e-01, e: 6.6947495937347412e-01
#ERR  p: [1305, 1923], r: 5.3908216953277588e-01, e: 5.3885734081268311e-01
#ERR  p: [1332, 1923], r: 5.5343359708786011e-01, e: 5.5359649658203125e-01
#ERR  p: [1557, 1922], r: 6.9452059268951416e-01, e: 6.9434237480163574e-01
#ERR  p: [1566, 1922], r: 7.0055794715881348e-01, e: 7.0066237449645996e-01
#ERR  p: [1350, 1924], r: 5.6362962722778320e-01, e: 5.6321281194686890e-01
#ERR  p: [1683, 1922], r: 7.8784883022308350e-01, e: 7.8747755289077759e-01
#ERR  p: [1827, 1922], r: 9.0955024957656860e-01, e: 9.0939527750015259e-01
#ERR  p: [1935, 1922], r: 1.9722532480955124e-02, e: 1.9722921773791313e-02
#ERR  p: [1216, 1924], r: 2.2707192897796631e+00, e: 4.9255204200744629e-01
#ERR  p: [1224, 1924], r: 4.9618154764175415e-01, e: 4.9656379222869873e-01
#ERR  p: [1233, 1925], r: 5.0009310245513916e-01, e: 5.0060319900512695e-01
#ERR  p: [1260, 1924], r: 5.1492351293563843e-01, e: 5.1483511924743652e-01
#ERR  p: [1287, 1924], r: 5.2931755781173706e-01, e: 5.2893984317779541e-01
#ERR  p: [1323, 1923], r: 5.4871135950088501e-01, e: 5.4865652322769165e-01
#ERR  p: [1278, 1924], r: 5.2421069145202637e-01, e: 5.2414500713348389e-01
#ERR  p: [1296, 1924], r: 5.3377646207809448e-01, e: 5.3378021717071533e-01
#ERR  p: [1539, 1922], r: 6.8117946386337280e-01, e: 6.8161851167678833e-01
#ERR  p: [1602, 1922], r: 7.2606474161148071e-01, e: 7.2610968351364136e-01
#ERR  p: [1359, 1923], r: 5.6853634119033813e-01, e: 5.6873327493667603e-01
#ERR  p: [1341, 1923], r: 5.5901241302490234e-01, e: 5.5873566865921021e-01
#ERR  p: [1242, 1925], r: 5.0512194633483887e-01, e: 5.0507831573486328e-01
#ERR  p: [1251, 1925], r: 5.0963354110717773e-01, e: 5.0953489542007446e-01
#ERR  p: [1269, 1925], r: 5.1901757717132568e-01, e: 5.1889026165008545e-01
#ERR  p: [1368, 1923], r: 5.7402116060256958e-01, e: 5.7394886016845703e-01
#ERR  p: [1386, 1924], r: 5.8381450176239014e-01, e: 5.8377158641815186e-01
#ERR  p: [1377, 1923], r: 5.7901471853256226e-01, e: 5.7911151647567749e-01
#ERR  p: [1395, 1923], r: 5.8979439735412598e-01, e: 5.8996200561523438e-01
#ERR  p: [1404, 1923], r: 5.9474319219589233e-01, e: 5.9481328725814819e-01
#ERR  p: [1413, 1923], r: 6.0044163465499878e-01, e: 6.0027372837066650e-01
#ERR  p: [1458, 1924], r: 6.2723225355148315e-01, e: 6.2742131948471069e-01
#ERR  p: [1422, 1923], r: 6.0599291324615479e-01, e: 6.0608243942260742e-01
#ERR  p: [1431, 1923], r: 6.1089247465133667e-01, e: 6.1153268814086914e-01
#ERR  p: [1440, 1923], r: 6.1617106199264526e-01, e: 6.1669301986694336e-01
#ERR  p: [1449, 1923], r: 6.2266433238983154e-01, e: 6.2246900796890259e-01
#ERR  p: [1494, 1923], r: 6.5075874328613281e-01, e: 6.5118640661239624e-01
#ERR  p: [1467, 1923], r: 6.3374441862106323e-01, e: 6.3366985321044922e-01
#ERR  p: [1512, 1922], r: 6.6369026899337769e-01, e: 6.6370701789855957e-01
#ERR  p: [1485, 1923], r: 6.4472657442092896e-01, e: 6.4523291587829590e-01
#ERR  p: [1476, 1923], r: 6.3977074623107910e-01, e: 6.3951051235198975e-01
#ERR  p: [1584, 1922], r: 7.1292066574096680e-01, e: 7.1305710077285767e-01
#ERR  p: [1530, 1922], r: 6.7561328411102295e-01, e: 6.7573112249374390e-01
#ERR  p: [1548, 1922], r: 6.8794405460357666e-01, e: 6.8808794021606445e-01
#ERR  p: [1575, 1922], r: 7.0669853687286377e-01, e: 7.0684808492660522e-01
#ERR  p: [1593, 1922], r: 7.1997249126434326e-01, e: 7.1955490112304688e-01
#ERR  p: [1665, 1922], r: 7.7339035272598267e-01, e: 7.7335351705551147e-01
#ERR  p: [1656, 1923], r: 7.6533579826354980e-01, e: 7.6555061340332031e-01
#ERR  p: [1647, 1922], r: 7.5967019796371460e-01, e: 7.5972318649291992e-01
#ERR  p: [1674, 1922], r: 7.8013485670089722e-01, e: 7.8016018867492676e-01
#ERR  p: [1638, 1922], r: 7.5286513566970825e-01, e: 7.5277495384216309e-01
#ERR  p: [1629, 1922], r: 7.4579465389251709e-01, e: 7.4593406915664673e-01
#ERR  p: [1620, 1922], r: 7.3908168077468872e-01, e: 7.3923456668853760e-01
#ERR  p: [1611, 1922], r: 7.3232370615005493e-01, e: 7.3255711793899536e-01
#ERR  p: [1692, 1922], r: 7.9457795619964600e-01, e: 7.9471516609191895e-01
#ERR  p: [1701, 1922], r: 8.0158287286758423e-01, e: 8.0164659023284912e-01
#ERR  p: [1710, 1922], r: 8.0892401933670044e-01, e: 8.0889642238616943e-01
#ERR  p: [1719, 1922], r: 8.1667405366897583e-01, e: 8.1639099121093750e-01
#ERR  p: [1737, 1922], r: 8.3142507076263428e-01, e: 8.3098065853118896e-01
#ERR  p: [1728, 1922], r: 8.2373929023742676e-01, e: 8.2367813587188721e-01
#ERR  p: [1755, 1922], r: 8.4609085321426392e-01, e: 8.4609979391098022e-01
#ERR  p: [1746, 1922], r: 8.3830410242080688e-01, e: 8.3856052160263062e-01
#ERR  p: [1764, 1922], r: 8.5386407375335693e-01, e: 8.5381519794464111e-01
#ERR  p: [1773, 1922], r: 8.6154961585998535e-01, e: 8.6190903186798096e-01
#ERR  p: [1782, 1922], r: 8.6978596448898315e-01, e: 8.6933863162994385e-01
#ERR  p: [1791, 1922], r: 8.7741398811340332e-01, e: 8.7736475467681885e-01
#ERR  p: [1818, 1922], r: 9.0113162994384766e-01, e: 9.0124952793121338e-01
#ERR  p: [1809, 1922], r: 8.9275449514389038e-01, e: 8.9299315214157104e-01
#ERR  p: [1800, 1922], r: 8.8525187969207764e-01, e: 8.8521313667297363e-01
#ERR  p: [1845, 1922], r: 9.2555534839630127e-01, e: 9.2569816112518311e-01
#ERR  p: [1836, 1922], r: 9.1711831092834473e-01, e: 9.1721230745315552e-01
#ERR  p: [1854, 1922], r: 9.3487888574600220e-01, e: 9.3437451124191284e-01
#ERR  p: [1917, 1922], r: 9.9484521150588989e-01, e: 9.9511820077896118e-01
#ERR  p: [1881, 1922], r: 9.6012681722640991e-01, e: 9.5989054441452026e-01
#ERR  p: [1971, 1922], r: 1.9023459404706955e-02, e: 1.9023425877094269e-02
#ERR  p: [1872, 1922], r: 9.5153182744979858e-01, e: 9.5141553878784180e-01
#ERR  p: [1908, 1922], r: 9.8595935106277466e-01, e: 9.8603242635726929e-01
#ERR  p: [1899, 1922], r: 9.7761476039886475e-01, e: 9.7712552547454834e-01
#ERR  p: [1926, 1923], r: 1.9920274615287781e-02, e: 1.9921617582440376e-02
#ERR  p: [1890, 1922], r: 9.6869039535522461e-01, e: 9.6849930286407471e-01
#ERR  p: [1863, 1922], r: 9.4271945953369141e-01, e: 9.4286042451858521e-01
#ERR  p: [1944, 1922], r: 1.9551821053028107e-02, e: 1.9551683217287064e-02
#ERR  p: [1962, 1922], r: 1.9198626279830933e-02, e: 1.9200254231691360e-02
#ERR  p: [1953, 1922], r: 1.9369766116142273e-02, e: 1.9371360540390015e-02
#ERR  p: [1980, 1922], r: 1.8855787813663483e-02, e: 1.8852971494197845e-02
#ERR  p: [1989, 1922], r: 1.8694557249546051e-02, e: 1.8691260367631912e-02
#ERR  p: [1998, 1922], r: 1.8518637865781784e-02, e: 1.8518235534429550e-02
#ERR  p: [2007, 1922], r: 1.8356673419475555e-02, e: 1.8353596329689026e-02
#ERR  p: [2016, 1922], r: 1.8191028386354446e-02, e: 1.8189568072557449e-02
#ERR  p: [2024, 1922], r: 1.8045064061880112e-02, e: 1.8042922019958496e-02
#ERR  p: [2032, 1922], r: 1.7907392233610153e-02, e: 1.7906524240970612e-02
#ERR  p: [1305, 1924], r: 5.3870034217834473e-01, e: 5.3847444057464600e-01
#ERR  p: [2040, 1922], r: 1.7756968736648560e-02, e: 1.7757155001163483e-02
#ERR  p: [1350, 1925], r: 5.6317555904388428e-01, e: 5.6274831295013428e-01
#ERR  p: [1332, 1924], r: 5.5294936895370483e-01, e: 5.5310964584350586e-01
#ERR  p: [1314, 1925], r: 5.4278004169464111e-01, e: 5.4275572299957275e-01
#ERR  p: [1224, 1925], r: 4.9568888545036316e-01, e: 4.9604913592338562e-01
#ERR  p: [1216, 1925], r: 2.2684321403503418e+00, e: 4.9205461144447327e-01
#ERR  p: [1233, 1926], r: 4.9957296252250671e-01, e: 5.0008291006088257e-01
#ERR  p: [1242, 1926], r: 5.0450867414474487e-01, e: 5.0446468591690063e-01
#ERR  p: [1251, 1926], r: 5.0922763347625732e-01, e: 5.0912863016128540e-01
#ERR  p: [1278, 1925], r: 5.2367430925369263e-01, e: 5.2361160516738892e-01
#ERR  p: [1287, 1925], r: 5.2874374389648438e-01, e: 5.2836453914642334e-01
#ERR  p: [1296, 1925], r: 5.3316706418991089e-01, e: 5.3317075967788696e-01
#ERR  p: [1260, 1925], r: 5.1428139209747314e-01, e: 5.1418966054916382e-01
#ERR  p: [1269, 1926], r: 5.1847779750823975e-01, e: 5.1835066080093384e-01
#ERR  p: [1323, 1924], r: 5.4821211099624634e-01, e: 5.4816216230392456e-01
#ERR  p: [1341, 1924], r: 5.5853730440139771e-01, e: 5.5826061964035034e-01
#ERR  p: [1629, 1923], r: 7.4516153335571289e-01, e: 7.4534869194030762e-01
#ERR  p: [1359, 1924], r: 5.6808066368103027e-01, e: 5.6827306747436523e-01
#ERR  p: [1368, 1924], r: 5.7348215579986572e-01, e: 5.7339936494827271e-01
#ERR  p: [1377, 1924], r: 5.7862555980682373e-01, e: 5.7875663042068481e-01
#ERR  p: [1386, 1925], r: 5.8327722549438477e-01, e: 5.8323544263839722e-01
#ERR  p: [1395, 1924], r: 5.8902800083160400e-01, e: 5.8921301364898682e-01
#ERR  p: [1404, 1924], r: 5.9454935789108276e-01, e: 5.9464031457901001e-01
#ERR  p: [1413, 1924], r: 5.9996730089187622e-01, e: 5.9981709718704224e-01
#ERR  p: [1422, 1924], r: 6.0525375604629517e-01, e: 6.0533052682876587e-01
#ERR  p: [1458, 1925], r: 6.2664979696273804e-01, e: 6.2684041261672974e-01
#ERR  p: [1431, 1924], r: 6.1012321710586548e-01, e: 6.1078584194183350e-01
#ERR  p: [1305, 1925], r: 5.3804749250411987e-01, e: 5.3781414031982422e-01
#ERR  p: [1314, 1926], r: 5.4233068227767944e-01, e: 5.4231178760528564e-01
#ERR  p: [1332, 1925], r: 5.5246824026107788e-01, e: 5.5263191461563110e-01
#ERR  p: [1350, 1926], r: 5.6258237361907959e-01, e: 5.6215214729309082e-01
#ERR  p: [1440, 1924], r: 6.1573851108551025e-01, e: 6.1623370647430420e-01
#ERR  p: [1494, 1924], r: 6.4995068311691284e-01, e: 6.5034627914428711e-01
#ERR  p: [1449, 1924], r: 6.2199133634567261e-01, e: 6.2181049585342407e-01
#ERR  p: [1467, 1924], r: 6.3318294286727905e-01, e: 6.3311958312988281e-01
#ERR  p: [1503, 1923], r: 6.5687865018844604e-01, e: 6.5699571371078491e-01
#ERR  p: [1521, 1923], r: 6.6885340213775635e-01, e: 6.6892844438552856e-01
#ERR  p: [1476, 1924], r: 6.3894557952880859e-01, e: 6.3870435953140259e-01
#ERR  p: [1485, 1924], r: 6.4404350519180298e-01, e: 6.4450734853744507e-01
#ERR  p: [1539, 1923], r: 6.8077832460403442e-01, e: 6.8117111921310425e-01
#ERR  p: [1557, 1923], r: 6.9381892681121826e-01, e: 6.9364184141159058e-01
#ERR  p: [1566, 1923], r: 6.9961827993392944e-01, e: 6.9967049360275269e-01
#ERR  p: [1602, 1923], r: 7.2515666484832764e-01, e: 7.2523146867752075e-01
#ERR  p: [1683, 1923], r: 7.8716570138931274e-01, e: 7.8673231601715088e-01
#ERR  p: [1512, 1923], r: 6.6301470994949341e-01, e: 6.6310119628906250e-01
#ERR  p: [1224, 1926], r: 4.9520033597946167e-01, e: 4.9557289481163025e-01
#ERR  p: [1827, 1923], r: 9.0880358219146729e-01, e: 9.0861129760742188e-01
#ERR  p: [1530, 1923], r: 6.7512995004653931e-01, e: 6.7523735761642456e-01
#ERR  p: [1935, 1923], r: 1.9750278443098068e-02, e: 1.9748477265238762e-02
#ERR  p: [1548, 1923], r: 6.8705385923385620e-01, e: 6.8717688322067261e-01
#ERR  p: [1647, 1923], r: 7.5888109207153320e-01, e: 7.5890046358108521e-01
#ERR  p: [1575, 1923], r: 7.0601391792297363e-01, e: 7.0612317323684692e-01
#ERR  p: [1584, 1923], r: 7.1196401119232178e-01, e: 7.1218842267990112e-01
#ERR  p: [1593, 1923], r: 7.1933788061141968e-01, e: 7.1903514862060547e-01
#ERR  p: [1611, 1923], r: 7.3152065277099609e-01, e: 7.3176974058151245e-01
#ERR  p: [1620, 1923], r: 7.3840689659118652e-01, e: 7.3855197429656982e-01
#ERR  p: [1638, 1923], r: 7.5205683708190918e-01, e: 7.5196546316146851e-01
#ERR  p: [1665, 1923], r: 7.7267348766326904e-01, e: 7.7259343862533569e-01
#ERR  p: [1656, 1924], r: 7.6476377248764038e-01, e: 7.6492565870285034e-01
#ERR  p: [1692, 1923], r: 7.9355859756469727e-01, e: 7.9366976022720337e-01
#ERR  p: [1674, 1923], r: 7.7955538034439087e-01, e: 7.7960759401321411e-01
#ERR  p: [1701, 1923], r: 8.0081564188003540e-01, e: 8.0078697204589844e-01
#ERR  p: [1710, 1923], r: 8.0840045213699341e-01, e: 8.0825060606002808e-01
#ERR  p: [1746, 1923], r: 8.3767849206924438e-01, e: 8.3799904584884644e-01
#ERR  p: [1881, 1923], r: 9.5855432748794556e-01, e: 9.5852679014205933e-01
#ERR  p: [1863, 1923], r: 9.4167971611022949e-01, e: 9.4186395406723022e-01
#ERR  p: [1719, 1923], r: 8.1566911935806274e-01, e: 8.1543833017349243e-01
#ERR  p: [1737, 1923], r: 8.3053469657897949e-01, e: 8.3007538318634033e-01
#ERR  p: [1773, 1923], r: 8.6016213893890381e-01, e: 8.6054760217666626e-01
#ERR  p: [1782, 1923], r: 8.6865985393524170e-01, e: 8.6831724643707275e-01
#ERR  p: [1809, 1923], r: 8.9210140705108643e-01, e: 8.9224308729171753e-01
#ERR  p: [1791, 1923], r: 8.7643855810165405e-01, e: 8.7642359733581543e-01
#ERR  p: [1755, 1923], r: 8.4507942199707031e-01, e: 8.4510624408721924e-01
#ERR  p: [1800, 1923], r: 8.8450014591217041e-01, e: 8.8433754444122314e-01
#ERR  p: [1845, 1923], r: 9.2486619949340820e-01, e: 9.2491877079010010e-01
#ERR  p: [1818, 1923], r: 9.0025305747985840e-01, e: 9.0043276548385620e-01
#ERR  p: [1764, 1923], r: 8.5285556316375732e-01, e: 8.5286152362823486e-01
#ERR  p: [1728, 1923], r: 8.2282382249832153e-01, e: 8.2272690534591675e-01
#ERR  p: [1216, 1926], r: 2.2662723064422607e+00, e: 4.9165785312652588e-01
#ERR  p: [1836, 1923], r: 9.1669994592666626e-01, e: 9.1674393415451050e-01
#ERR  p: [1854, 1923], r: 9.3422675132751465e-01, e: 9.3381339311599731e-01
#ERR  p: [1908, 1923], r: 9.8465609550476074e-01, e: 9.8486793041229248e-01
#ERR  p: [1953, 1923], r: 1.9392646849155426e-02, e: 1.9391722977161407e-02
#ERR  p: [1233, 1927], r: 4.9908906221389771e-01, e: 4.9959981441497803e-01
#ERR  p: [1944, 1923], r: 1.9568838179111481e-02, e: 1.9570454955101013e-02
#ERR  p: [1926, 1924], r: 1.9944034516811371e-02, e: 1.9941527396440506e-02
#ERR  p: [1917, 1923], r: 9.9384284019470215e-01, e: 9.9397557973861694e-01
#ERR  p: [1278, 1926], r: 5.2320426702499390e-01, e: 5.2314013242721558e-01
#ERR  p: [1998, 1923], r: 1.8532082438468933e-02, e: 1.8530845642089844e-02
#ERR  p: [1872, 1923], r: 9.5036399364471436e-01, e: 9.5024019479751587e-01
#ERR  p: [1899, 1923], r: 9.7678995132446289e-01, e: 9.7617846727371216e-01
#ERR  p: [1890, 1923], r: 9.6760720014572144e-01, e: 9.6741312742233276e-01
#ERR  p: [1962, 1923], r: 1.9221384078264236e-02, e: 1.9221223890781403e-02
#ERR  p: [1971, 1923], r: 1.9049018621444702e-02, e: 1.9049920141696930e-02
#ERR  p: [1980, 1923], r: 1.8879242241382599e-02, e: 1.8880341202020645e-02
#ERR  p: [1989, 1923], r: 1.8705025315284729e-02, e: 1.8708534538745880e-02
#ERR  p: [2024, 1923], r: 1.8066104501485825e-02, e: 1.8067046999931335e-02
#ERR  p: [2007, 1923], r: 1.8367782235145569e-02, e: 1.8368411809206009e-02
#ERR  p: [2016, 1923], r: 1.8205657601356506e-02, e: 1.8205419182777405e-02
#ERR  p: [2032, 1923], r: 1.7916433513164520e-02, e: 1.7917390912771225e-02
#ERR  p: [1251, 1927], r: 5.0863903760910034e-01, e: 5.0854068994522095e-01
#ERR  p: [2040, 1923], r: 1.7777100205421448e-02, e: 1.7776861786842346e-02
#ERR  p: [1242, 1927], r: 5.0410342216491699e-01, e: 5.0405979156494141e-01
#ERR  p: [1287, 1926], r: 5.2817922830581665e-01, e: 5.2780151367187500e-01
#ERR  p: [1260, 1926], r: 5.1379513740539551e-01, e: 5.1370716094970703e-01
#ERR  p: [1296, 1926], r: 5.3258669376373291e-01, e: 5.3258818387985229e-01
#ERR  p: [1269, 1927], r: 5.1797693967819214e-01, e: 5.1785165071487427e-01
#ERR  p: [1467, 1925], r: 6.3256329298019409e-01, e: 6.3247531652450562e-01
#ERR  p: [1341, 1925], r: 5.5805993080139160e-01, e: 5.5778026580810547e-01
#ERR  p: [1323, 1925], r: 5.4767191410064697e-01, e: 5.4762154817581177e-01
#ERR  p: [1359, 1925], r: 5.6768536567687988e-01, e: 5.6787627935409546e-01
#ERR  p: [1629, 1924], r: 7.4426960945129395e-01, e: 7.4437177181243896e-01
#ERR  p: [1368, 1925], r: 5.7286185026168823e-01, e: 5.7277870178222656e-01
#ERR  p: [1377, 1925], r: 5.7793980836868286e-01, e: 5.7803434133529663e-01
#ERR  p: [1386, 1926], r: 5.8252370357513428e-01, e: 5.8246028423309326e-01
#ERR  p: [1395, 1925], r: 5.8842164278030396e-01, e: 5.8860665559768677e-01
#ERR  p: [1404, 1925], r: 5.9374946355819702e-01, e: 5.9380835294723511e-01
#ERR  p: [1413, 1925], r: 5.9921520948410034e-01, e: 5.9904414415359497e-01
#ERR  p: [1422, 1925], r: 6.0455256700515747e-01, e: 6.0463762283325195e-01
#ERR  p: [1458, 1926], r: 6.2596112489700317e-01, e: 6.2612038850784302e-01
#ERR  p: [1431, 1925], r: 6.0965305566787720e-01, e: 6.1028802394866943e-01
#ERR  p: [1314, 1927], r: 5.4174292087554932e-01, e: 5.4171717166900635e-01
#ERR  p: [1476, 1925], r: 6.3840305805206299e-01, e: 6.3811707496643066e-01
#ERR  p: [1305, 1926], r: 5.3755426406860352e-01, e: 5.3732794523239136e-01
#ERR  p: [1521, 1924], r: 6.6807413101196289e-01, e: 6.6814774274826050e-01
#ERR  p: [1449, 1925], r: 6.2143546342849731e-01, e: 6.2126874923706055e-01
#ERR  p: [1494, 1925], r: 6.4944165945053101e-01, e: 6.4987385272979736e-01
#ERR  p: [1350, 1927], r: 5.6195789575576782e-01, e: 5.6153589487075806e-01
#ERR  p: [1332, 1926], r: 5.5192083120346069e-01, e: 5.5207777023315430e-01
#ERR  p: [1440, 1925], r: 6.1506295204162598e-01, e: 6.1557596921920776e-01
#ERR  p: [1503, 1924], r: 6.5622091293334961e-01, e: 6.5633201599121094e-01
#ERR  p: [1485, 1925], r: 6.4355283975601196e-01, e: 6.4407783746719360e-01
#ERR  p: [1683, 1924], r: 7.8631490468978882e-01, e: 7.8586977720260620e-01
#ERR  p: [1512, 1924], r: 6.6215384006500244e-01, e: 6.6220492124557495e-01
#ERR  p: [1539, 1924], r: 6.7988091707229614e-01, e: 6.8028265237808228e-01
#ERR  p: [1557, 1924], r: 6.9296073913574219e-01, e: 6.9272023439407349e-01
#ERR  p: [1530, 1924], r: 6.7417156696319580e-01, e: 6.7430061101913452e-01
#ERR  p: [1566, 1924], r: 6.9913130998611450e-01, e: 6.9923198223114014e-01
#ERR  p: [1602, 1924], r: 7.2467851638793945e-01, e: 7.2475486993789673e-01
#ERR  p: [1224, 1927], r: 4.9473825097084045e-01, e: 4.9511083960533142e-01
#ERR  p: [1827, 1924], r: 9.0789687633514404e-01, e: 9.0770870447158813e-01
#ERR  p: [1548, 1924], r: 6.8655729293823242e-01, e: 6.8665051460266113e-01
#ERR  p: [1575, 1924], r: 7.0537662506103516e-01, e: 7.0551609992980957e-01
#ERR  p: [1935, 1924], r: 1.9758654758334160e-02, e: 1.9758380949497223e-02
#ERR  p: [1647, 1924], r: 7.5818437337875366e-01, e: 7.5823658704757690e-01
#ERR  p: [1620, 1924], r: 7.3774147033691406e-01, e: 7.3788779973983765e-01
#ERR  p: [1611, 1924], r: 7.3111802339553833e-01, e: 7.3135811090469360e-01
#ERR  p: [1584, 1924], r: 7.1136230230331421e-01, e: 7.1154052019119263e-01
#ERR  p: [1593, 1924], r: 7.1848332881927490e-01, e: 7.1815222501754761e-01
#ERR  p: [1665, 1924], r: 7.7187222242355347e-01, e: 7.7180558443069458e-01
#ERR  p: [1638, 1924], r: 7.5126487016677856e-01, e: 7.5118434429168701e-01
#ERR  p: [1656, 1925], r: 7.6410454511642456e-01, e: 7.6429021358489990e-01
#ERR  p: [1674, 1924], r: 7.7861875295639038e-01, e: 7.7863293886184692e-01
#ERR  p: [1692, 1924], r: 7.9288077354431152e-01, e: 7.9299640655517578e-01
#ERR  p: [1701, 1924], r: 8.0003917217254639e-01, e: 8.0003428459167480e-01
#ERR  p: [1746, 1924], r: 8.3658760786056519e-01, e: 8.3682590723037720e-01
#ERR  p: [1710, 1924], r: 8.0729603767395020e-01, e: 8.0717444419860840e-01
#ERR  p: [1881, 1924], r: 9.5776212215423584e-01, e: 9.5766746997833252e-01
#ERR  p: [1863, 1924], r: 9.4061911106109619e-01, e: 9.4070637226104736e-01
#ERR  p: [1800, 1924], r: 8.8370662927627563e-01, e: 8.8359552621841431e-01
#ERR  p: [1818, 1924], r: 8.9916783571243286e-01, e: 8.9928191900253296e-01
#ERR  p: [1719, 1924], r: 8.1505161523818970e-01, e: 8.1485474109649658e-01
#ERR  p: [1773, 1924], r: 8.5942250490188599e-01, e: 8.5963648557662964e-01
#ERR  p: [1845, 1924], r: 9.2395782470703125e-01, e: 9.2416101694107056e-01
#ERR  p: [1809, 1924], r: 8.9118009805679321e-01, e: 8.9144229888916016e-01
#ERR  p: [1737, 1924], r: 8.2968986034393311e-01, e: 8.2929462194442749e-01
#ERR  p: [1782, 1924], r: 8.6792176961898804e-01, e: 8.6768805980682373e-01
#ERR  p: [1791, 1924], r: 8.7523639202117920e-01, e: 8.7522894144058228e-01
#ERR  p: [1755, 1924], r: 8.4456402063369751e-01, e: 8.4454458951950073e-01
#SDC Ite:0 KerTime:17.830185 AccTime:17.830185 KerErr:27159 AccErr:27159
#ABORT too many errors per iteration
#END