2016-10-31 07:02:56:Initialization strings:
2016-10-31 07:02:56:(1) target extended-remote | ssh -T mic0 gdbserver --multi -
2016-10-31 07:02:56:(2) set sysroot /opt/mpss/3.7/sysroots/k1om-mpss-linux/
2016-10-31 07:02:56:(3) set sysroot /opt/mpss/3.7/sysroots/k1om-mpss-linux/
2016-10-31 07:02:56:(4) file /micNfs/gdb-fault-injection-lavamd/bin/lavamd
2016-10-31 07:02:56:(5) set remote exec-file /micNfs/gdb-fault-injection-lavamd/bin/lavamd
2016-10-31 07:02:56:(6) set args 228 15 /micNfs/gdb-fault-injection-lavamd/bin/input_distance_228_15 /micNfs/gdb-fault-injection-lavamd/bin/input_charges_228_15 /micNfs/gdb-fault-injection-lavamd/bin/output_gold_228_15 1
2016-10-31 07:02:56:Trying Fault Injection
2016-10-31 07:02:56:Inferior PID: 16548
2016-10-31 07:02:56:Inferior is valid: True
2016-10-31 07:02:56:Inferior #threads: 1
2016-10-31 07:02:56:Backtrace BEGIN:
2016-10-31 07:02:56:#0  0x00007ffff71963d0 in __open_nocancel () at ../sysdeps/unix/syscall-template.S:81
#1  0x00007ffff7143025 in __GI__IO_file_open (fp=fp@entry=0x60e1c0, filename=<optimized out>, posix_mode=<optimized out>, prot=prot@entry=438, read_write=8, is32not64=is32not64@entry=1) at fileops.c:220
#2  0x00007ffff7143130 in _IO_new_file_fopen (fp=fp@entry=0x60e1c0, filename=filename@entry=0x7fffffffee25 "/micNfs/gdb-fault-injection-lavamd/bin/input_distance_228_15", mode=<optimized out>, mode@entry=0x408c18 "rb", is32not64=is32not64@entry=1) at fileops.c:327
#3  0x00007ffff71384d2 in __fopen_internal (filename=0x7fffffffee25 "/micNfs/gdb-fault-injection-lavamd/bin/input_distance_228_15", mode=0x408c18 "rb", is32=1) at iofopen.c:86
#4  0x00000000004020c8 in main (argc=7, argv=0x7fffffffec08) at main_check.c:141

2016-10-31 07:02:56:76	in ../sysdeps/unix/syscall-template.S

2016-10-31 07:02:56:Backtrace END
2016-10-31 07:02:56:Thread name: None
2016-10-31 07:02:56:Thread num: 1
2016-10-31 07:02:56:Thread ptid: (16548, 16548, 0)
2016-10-31 07:02:56:bitFlip function
2016-10-31 07:02:56:Type: The type is an integer type.
2016-10-31 07:02:56:Type sizeof: 4
2016-10-31 07:02:56:Mem contents(hex):0x010x000x000x00
2016-10-31 07:02:56:base address to flip value: 0x60ca20 
2016-10-31 07:02:56:address max offset: 4
2016-10-31 07:02:56:Memory content before bitflip:0x010x000x000x00
2016-10-31 07:02:56:Memory content after  bitflip:0x010x000x020x00
2016-10-31 07:02:56:Mem contents(hex):0x010x000x020x00
2016-10-31 07:02:56:frame name: main
2016-10-31 07:02:56:symbol name: iteractions
2016-10-31 07:02:56:symbol filename: main_check.c
2016-10-31 07:02:56:symbol line: 41
2016-10-31 07:02:56:value: 131073
2016-10-31 07:02:56:value address: 0x60ca20 <iteractions>
2016-10-31 07:02:56:Type: The type is an integer type.
2016-10-31 07:02:56:Type sizeof: 4
2016-10-31 07:02:56:Fault Injection Successful after 0.994841098785s
2016-10-31 07:02:57:Fault Already Injected
2016-10-31 07:02:57:Fault Already Injected
2016-10-31 07:03:02:Fault Already Injected
2016-10-31 07:03:04:Fault Already Injected
2016-10-31 07:03:04:Fault Already Injected
2016-10-31 07:03:04:Fault Already Injected
2016-10-31 07:03:06:Fault Already Injected
2016-10-31 07:03:06:Fault Already Injected
