2016-10-21 15:13:43:Starting GDB script
2016-10-21 15:13:43:sending signal using command: 'ssh -T mic0 killall -2 lavamd' after 0.434654306774s
2016-10-21 15:13:43:shell stdout: 
2016-10-21 15:13:44:sending signal using command: 'ssh -T mic0 killall -2 lavamd' after 0.674638541104s
2016-10-21 15:13:44:shell stdout: 
2016-10-21 15:13:44:sending signal using command: 'ssh -T mic0 killall -2 lavamd' after 1.0525218902s
2016-10-21 15:13:44:shell stdout: 
2016-10-21 15:13:48:sending signal using command: 'ssh -T mic0 killall -2 lavamd' after 4.26007929825s
2016-10-21 15:13:48:shell stdout: 
2016-10-21 15:13:50:sending signal using command: 'ssh -T mic0 killall -2 lavamd' after 6.80908460799s
2016-10-21 15:13:50:shell stdout: 
2016-10-21 15:13:50:sending signal using command: 'ssh -T mic0 killall -2 lavamd' after 6.84329088656s
2016-10-21 15:13:50:shell stdout: 
2016-10-21 15:13:50:sending signal using command: 'ssh -T mic0 killall -2 lavamd' after 6.88726054161s
2016-10-21 15:13:50:shell stdout: 
2016-10-21 15:13:52:sending signal using command: 'ssh -T mic0 killall -2 lavamd' after 8.24510591341s
2016-10-21 15:13:52:shell stdout: 
2016-10-21 15:13:52:sending signal using command: 'ssh -T mic0 killall -2 lavamd' after 8.25314476154s
2016-10-21 15:13:52:shell stdout: 
2016-10-21 15:13:52:sending signal using command: 'ssh -T mic0 killall -2 lavamd' after 9.15554656147s
2016-10-21 15:13:52:shell stdout: 
2016-10-21 15:13:59:no gdbExecName running, out:
2016-10-21 15:13:59:checCmd:ps -e | grep -i gdb-mic
2016-10-21 15:13:59:finished now-timestampStart < maxWaitTime*5
2016-10-21 15:13:59:now: 1477077238
2016-10-21 15:13:59:timestampStart: 1477077223
2016-10-21 15:13:59:kill cmd: killall -9 gdb-mic
2016-10-21 15:13:59:shell stdout: 
2016-10-21 15:13:59:kill cmd: ssh -T mic0 killall -9 lavamd
2016-10-21 15:13:59:shell stdout: 
2016-10-21 15:14:00:kill cmd: ssh -T mic0 killall -9 gdbserver
2016-10-21 15:14:00:shell stdout: 
2016-10-21 15:14:00:kill cmd: ssh -T mic0 killall -9 sshd
2016-10-21 15:14:00:shell stdout: 
