2016-10-27 00:43:41:Starting GDB script
2016-10-27 00:43:41:sending signal using command: 'ssh -T mic0 killall -2 hotspot_check' after 0.275028921573s
2016-10-27 00:43:41:shell stdout: 
2016-10-27 00:43:43:sending signal using command: 'ssh -T mic0 killall -2 hotspot_check' after 1.78377145031s
2016-10-27 00:43:43:shell stdout: 
2016-10-27 00:43:44:sending signal using command: 'ssh -T mic0 killall -2 hotspot_check' after 2.86953083265s
2016-10-27 00:43:44:shell stdout: 
2016-10-27 00:43:45:sending signal using command: 'ssh -T mic0 killall -2 hotspot_check' after 4.43228014273s
2016-10-27 00:43:45:shell stdout: 
2016-10-27 00:43:46:sending signal using command: 'ssh -T mic0 killall -2 hotspot_check' after 4.72142368646s
2016-10-27 00:43:46:shell stdout: 
2016-10-27 00:43:47:no gdbExecName running, out:
2016-10-27 00:43:47:checCmd:ps -e | grep -i gdb-mic
2016-10-27 00:43:47:finished now-timestampStart < maxWaitTime*5
2016-10-27 00:43:47:now: 1477543426
2016-10-27 00:43:47:timestampStart: 1477543421
2016-10-27 00:43:47:kill cmd: killall -9 gdb-mic
2016-10-27 00:43:47:shell stdout: 
2016-10-27 00:43:47:kill cmd: ssh -T mic0 killall -9 hotspot_check
2016-10-27 00:43:47:shell stdout: 
2016-10-27 00:43:47:kill cmd: ssh -T mic0 killall -9 gdbserver
2016-10-27 00:43:47:shell stdout: 
