2017-03-02 01:52:37:Starting flip_value script
2017-03-02 01:52:37:Initialization strings:
2017-03-02 01:52:37:(1) target extended-remote | ssh -T mic0 gdbserver --multi -
2017-03-02 01:52:37:(2) set sysroot /opt/mpss/3.7/sysroots/k1om-mpss-linux/
2017-03-02 01:52:37:(3) set sysroot /opt/mpss/3.7/sysroots/k1om-mpss-linux/
2017-03-02 01:52:37:(4) file /micNfs/gdb-fault-injection/injector/bin/clamr/clamr_openmponly
2017-03-02 01:52:37:(5) set remote exec-file /micNfs/gdb-fault-injection/injector/bin/clamr/clamr_openmponly
2017-03-02 01:52:37:(6) cd /micNfs/gdb-fault-injection/injector/bin/clamr
2017-03-02 01:52:37:(7) set args -n 512 -t 100 -g 100 -G data -j md5file
2017-03-02 01:52:37:initSignal:20
2017-03-02 01:52:37:endSignal:25
2017-03-02 01:52:37:seqSignal:20
2017-03-02 01:52:57:Backtrace BEGIN:
2017-03-02 01:52:57:#0  _IO_vfprintf_internal (s=<optimized out>, format=<optimized out>, ap=ap@entry=0x7fffffffe128) at vfprintf.c:1376
#1  0x00007ffff6b6e969 in __fprintf (stream=<optimized out>, format=<optimized out>) at fprintf.c:32
#2  0x000000000054b9dd in DrawSquaresToFile (graph_num=0, ncycle=0, simTime=0, rollback_img=0, rollback_num=0) at /micNfs/gdb-fault-injection/injector/src/clamr/CLAMR/graphics/graphics.c:479
#3  0x000000000054db06 in write_graphics_info (graph_num=0, ncycle=0, simTime=0, rollback_img=0, rollback_num=0) at /micNfs/gdb-fault-injection/injector/src/clamr/CLAMR/graphics/graphics.c:751
#4  0x0000000000445977 in main (argc=11, argv=0x7fffffffec58) at /micNfs/gdb-fault-injection/injector/src/clamr/CLAMR/clamr_cpuonly.cpp:353

2017-03-02 01:52:57:1371	in vfprintf.c

2017-03-02 01:52:57:Backtrace END
2017-03-02 01:53:03:Type: The type is a union.
2017-03-02 01:53:03:Type sizeof: 16
2017-03-02 01:53:03:Fliping value of field name: pa_wstring
2017-03-02 01:53:03:Type: The type is a pointer.
2017-03-02 01:53:03:Type sizeof: 8
2017-03-02 01:53:03:Fliping a bit of the pointer
2017-03-02 01:53:03:Mem contents(hex):0x000x000x000x000x000x000x000x00
2017-03-02 01:53:03:Fault Mode: Random bit-flip
2017-03-02 01:53:03:base address to flip value: 0x7fffffffdc90
2017-03-02 01:53:03:address max offset: 8
2017-03-02 01:53:03:Memory content before bitflip:0x000x000x000x000x000x000x000x00
2017-03-02 01:53:03:Backtrace BEGIN:
2017-03-02 01:53:03:#0  _IO_vfprintf_internal (s=<optimized out>, format=<optimized out>, ap=ap@entry=0x7fffffffe128) at vfprintf.c:1376
#1  0x00007ffff6b6e969 in __fprintf (stream=<optimized out>, format=<optimized out>) at fprintf.c:32
#2  0x000000000054b9dd in DrawSquaresToFile (graph_num=0, ncycle=0, simTime=0, rollback_img=0, rollback_num=0) at /micNfs/gdb-fault-injection/injector/src/clamr/CLAMR/graphics/graphics.c:479
#3  0x000000000054db06 in write_graphics_info (graph_num=0, ncycle=0, simTime=0, rollback_img=0, rollback_num=0) at /micNfs/gdb-fault-injection/injector/src/clamr/CLAMR/graphics/graphics.c:751
#4  0x0000000000445977 in main (argc=11, argv=0x7fffffffec58) at /micNfs/gdb-fault-injection/injector/src/clamr/CLAMR/clamr_cpuonly.cpp:353

2017-03-02 01:53:03:1371	in vfprintf.c

2017-03-02 01:53:03:Backtrace END
2017-03-02 01:53:09:Type: The type is an array.
2017-03-02 01:53:09:Type sizeof: 24
2017-03-02 01:53:09:Fliping array at pos: 0
2017-03-02 01:53:09:Type: The type is a structure.
2017-03-02 01:53:09:Type sizeof: 24
2017-03-02 01:53:09:Fliping value of field: reg_save_area
2017-03-02 01:53:09:Type: The type is a pointer.
2017-03-02 01:53:09:Type sizeof: 8
2017-03-02 01:53:09:Backtrace BEGIN:
2017-03-02 01:53:09:#0  _IO_vfprintf_internal (s=<optimized out>, format=<optimized out>, ap=ap@entry=0x7fffffffe128) at vfprintf.c:1376
#1  0x00007ffff6b6e969 in __fprintf (stream=<optimized out>, format=<optimized out>) at fprintf.c:32
#2  0x000000000054b9dd in DrawSquaresToFile (graph_num=0, ncycle=0, simTime=0, rollback_img=0, rollback_num=0) at /micNfs/gdb-fault-injection/injector/src/clamr/CLAMR/graphics/graphics.c:479
#3  0x000000000054db06 in write_graphics_info (graph_num=0, ncycle=0, simTime=0, rollback_img=0, rollback_num=0) at /micNfs/gdb-fault-injection/injector/src/clamr/CLAMR/graphics/graphics.c:751
#4  0x0000000000445977 in main (argc=11, argv=0x7fffffffec58) at /micNfs/gdb-fault-injection/injector/src/clamr/CLAMR/clamr_cpuonly.cpp:353

2017-03-02 01:53:09:1371	in vfprintf.c

2017-03-02 01:53:09:Backtrace END
2017-03-02 01:53:14:Type: A floating point type.
2017-03-02 01:53:14:Type sizeof: 4
2017-03-02 01:53:14:Mem contents(hex):0x000x800x800xc3
2017-03-02 01:53:14:Fault Mode: Single bit-flip
2017-03-02 01:53:14:base address to flip value: 0x7d0bcc 
2017-03-02 01:53:14:address max offset: 4
2017-03-02 01:53:14:Memory content before bitflip:0x000x800x800xc3
2017-03-02 01:53:14:Memory content after  bitflip:0x000x800x880xc3
2017-03-02 01:53:14:Mem contents(hex):0x000x800x880xc3
2017-03-02 01:53:14:frame name: write_graphics_info
2017-03-02 01:53:14:symbol name: graphics_xmin
2017-03-02 01:53:14:symbol filename: /micNfs/gdb-fault-injection/injector/src/clamr/CLAMR/graphics/graphics.c
2017-03-02 01:53:14:symbol line: 188
2017-03-02 01:53:14:value: -273
2017-03-02 01:53:14:value address: 0x7d0bcc <graphics_xmin>
2017-03-02 01:53:14:Type: A floating point type.
2017-03-02 01:53:14:Type sizeof: 4
2017-03-02 01:53:14:Fault Injection Successful after 37.7985029221s
2017-03-02 01:53:55:event type: exit
2017-03-02 01:53:55:exit code: 0
