2016-11-01 15:16:57:Starting GDB script
2016-11-01 15:17:00:sending signal using command: 'ssh -T mic0 killall -2 hotspot_check' after 1.95759081635s
2016-11-01 15:17:00:shell stdout: 
2016-11-01 15:17:01:sending signal using command: 'ssh -T mic0 killall -2 hotspot_check' after 2.9224444413s
2016-11-01 15:17:01:shell stdout: 
2016-11-01 15:17:03:sending signal using command: 'ssh -T mic0 killall -2 hotspot_check' after 5.00650266673s
2016-11-01 15:17:03:shell stdout: 
2016-11-01 15:17:03:sending signal using command: 'ssh -T mic0 killall -2 hotspot_check' after 5.4516780225s
2016-11-01 15:17:03:shell stdout: 
2016-11-01 15:17:05:sending signal using command: 'ssh -T mic0 killall -2 hotspot_check' after 7.72162985556s
2016-11-01 15:17:05:shell stdout: 
2016-11-01 15:17:09:sending signal using command: 'ssh -T mic0 killall -2 hotspot_check' after 11.2568750269s
2016-11-01 15:17:09:shell stdout: 
2016-11-01 15:17:09:sending signal using command: 'ssh -T mic0 killall -2 hotspot_check' after 11.446662051s
2016-11-01 15:17:09:shell stdout: 
2016-11-01 15:17:12:sending signal using command: 'ssh -T mic0 killall -2 hotspot_check' after 14.5693122102s
2016-11-01 15:17:12:shell stdout: 
2016-11-01 15:17:12:sending signal using command: 'ssh -T mic0 killall -2 hotspot_check' after 14.613196189s
2016-11-01 15:17:12:shell stdout: 
2016-11-01 15:17:12:sending signal using command: 'ssh -T mic0 killall -2 hotspot_check' after 14.6166951647s
2016-11-01 15:17:12:shell stdout: 
2016-11-01 15:17:19:no gdbExecName running, out:
2016-11-01 15:17:19:checCmd:ps -e | grep -i gdb-mic
2016-11-01 15:17:19:finished now-timestampStart < maxWaitTime*5
2016-11-01 15:17:19:now: 1478027838
2016-11-01 15:17:19:timestampStart: 1478027817
2016-11-01 15:17:19:kill cmd: killall -9 gdb-mic
2016-11-01 15:17:19:shell stdout: 
2016-11-01 15:17:19:kill cmd: ssh -T mic0 killall -9 hotspot_check
2016-11-01 15:17:19:shell stdout: 
2016-11-01 15:17:19:kill cmd: ssh -T mic0 killall -9 gdbserver
2016-11-01 15:17:19:shell stdout: 
