[INFO -- 2017-02-26 11:24:25]
Starting flip_value script
version: 2.0
[INFO -- 2017-02-26 11:24:25]
Initialization strings:
[INFO -- 2017-02-26 11:24:26]
(1) target extended-remote | ssh -T mic1 gdbserver --multi -
[INFO -- 2017-02-26 11:24:26]
(2) set sysroot /opt/mpss/3.7/sysroots/k1om-mpss-linux/
[INFO -- 2017-02-26 11:24:26]
(3) set sysroot /opt/mpss/3.7/sysroots/k1om-mpss-linux/
[INFO -- 2017-02-26 11:24:26]
(4) file /micNfs/gdb-fault-injection/injector/bin/lud/lud_check
[INFO -- 2017-02-26 11:24:26]
(5) set remote exec-file /micNfs/gdb-fault-injection/injector/bin/lud/lud_check
[INFO -- 2017-02-26 11:24:26]
(6) set args -s 2048 -n 228 -i /micNfs/gdb-fault-injection/injector/bin/lud/input_2048_th_228 -g /micNfs/gdb-fault-injection/injector/bin/lud/gold_2048_th_228
[INFO -- 2017-02-26 11:24:26]
initSignal:0
[INFO -- 2017-02-26 11:24:26]
endSignal:2
[INFO -- 2017-02-26 11:24:26]
seqSignal:30
[INFO -- 2017-02-26 11:24:26]
faultMode:2
[INFO -- 2017-02-26 11:24:27]
Backtrace BEGIN:
#0  allocate_stack (stack=<synthetic pointer>, pdp=<synthetic pointer>, attr=0x7fffffffd3d8) at allocatestack.c:548
#1  __pthread_create_2_1 (newthread=0x7fffffffd3d0, attr=<optimized out>, start_routine=0x7ffff790bb10, arg=0x7ffff7edab00) at pthread_create.c:524
#2  0x00007ffff790d323 in ?? ()
#3  0x0000000000000000 in ?? ()

543	in allocatestack.c

Backtrace END
Fliping array at pos: 1
Memory content before bitflip:0x010x000x000x00
Fault Mode: Random bit-flip
base address to flip value: 0x7ffff743c2e4 
address max offset: 4
Memory content after  bitflip:0x9c0x080x980xa6
frame name: allocate_stack
symbol name: _thread_db_td_eventbuf_t_eventnum
symbol filename: ../nptl_db/structs.def
symbol line: 48
value: {32, 2794981532, 8}
value address: 0x7ffff743c2e0 <_thread_db_td_eventbuf_t_eventnum>
Type: The type is an array.
Type sizeof: 12
Field name: None
Field Type: A range type, that is, an integer type with bounds.
Field Type sizeof: 8
Field Type range: (0L, 2L)

[INFO -- 2017-02-26 11:24:27]
Fault Injection Successful after 1.81941604614s
[INFO -- 2017-02-26 11:24:42]
event type: exit
[INFO -- 2017-02-26 11:24:42]
exit code: 0
