2017-01-15 21:47:49:Starting GDB script
2017-01-15 21:47:49:initSignal:21.0
2017-01-15 21:47:49:endSignal:28.0
2017-01-15 21:47:49:seqSignal:15
2017-01-15 21:48:14:sending 15 signals using command: 'ssh -T mic1 killall -2 dgemm_check' after 24.7798601915s
2017-01-15 21:48:14:sending 15 signals using command: 'ssh -T mic1 killall -2 dgemm_check' after 24.8662224846s
2017-01-15 21:48:14:sending 15 signals using command: 'ssh -T mic1 killall -2 dgemm_check' after 25.1592123336s
2017-01-15 21:48:15:shell stdout: 
2017-01-15 21:48:15:shell stdout: 
2017-01-15 21:48:15:shell stdout: 
2017-01-15 21:48:15:shell stdout: 
2017-01-15 21:48:15:shell stdout: 
2017-01-15 21:48:15:shell stdout: 
2017-01-15 21:48:15:shell stdout: 
2017-01-15 21:48:15:shell stdout: 
2017-01-15 21:48:16:shell stdout: 
2017-01-15 21:48:16:shell stdout: 
2017-01-15 21:48:16:shell stdout: 
2017-01-15 21:48:16:shell stdout: 
2017-01-15 21:48:16:shell stdout: 
2017-01-15 21:48:16:shell stdout: 
2017-01-15 21:48:16:shell stdout: 
2017-01-15 21:48:17:shell stdout: 
2017-01-15 21:48:17:shell stdout: 
2017-01-15 21:48:17:shell stdout: 
2017-01-15 21:48:17:shell stdout: 
2017-01-15 21:48:17:shell stdout: 
2017-01-15 21:48:17:shell stdout: 
2017-01-15 21:48:18:shell stdout: 
2017-01-15 21:48:18:shell stdout: 
2017-01-15 21:48:18:shell stdout: 
2017-01-15 21:48:18:shell stdout: 
2017-01-15 21:48:18:shell stdout: 
2017-01-15 21:48:18:shell stdout: 
2017-01-15 21:48:19:shell stdout: 
2017-01-15 21:48:19:shell stdout: 
2017-01-15 21:48:19:shell stdout: 
2017-01-15 21:48:19:shell stdout: 
2017-01-15 21:48:19:shell stdout: 
2017-01-15 21:48:19:shell stdout: 
2017-01-15 21:48:19:shell stdout: 
2017-01-15 21:48:19:shell stdout: 
2017-01-15 21:48:19:shell stdout: 
2017-01-15 21:48:20:shell stdout: 
2017-01-15 21:48:20:shell stdout: 
2017-01-15 21:48:20:shell stdout: 
2017-01-15 21:48:20:shell stdout: 
2017-01-15 21:48:20:shell stdout: 
2017-01-15 21:48:20:shell stdout: 
2017-01-15 21:48:21:shell stdout: 
2017-01-15 21:48:21:shell stdout: 
2017-01-15 21:48:21:shell stdout: 
2017-01-15 21:50:01:no gdbExecName running, out:
2017-01-15 21:50:01:checCmd:ps -e | grep -i gdb-mic
2017-01-15 21:50:01:finished now-timestampStart < maxWaitTime*5
2017-01-15 21:50:01:now: 1484534993
2017-01-15 21:50:01:timestampStart: 1484534869
2017-01-15 21:50:01:kill cmd: killall -9 gdb-mic
2017-01-15 21:50:01:shell stdout: 
2017-01-15 21:50:02:kill cmd: ssh -T mic1 killall -9 dgemm_check
2017-01-15 21:50:02:shell stdout: 
2017-01-15 21:50:02:kill cmd: ssh -T mic1 killall -9 gdbserver
2017-01-15 21:50:02:shell stdout: 
2017-01-15 21:50:03:kill cmd: ssh -T mic1 killall -9 sshd
2017-01-15 21:50:03:shell stdout: 
