2016-10-12 10:14:27:Initialization strings:
2016-10-12 10:14:27:(1) target extended-remote | ssh -T mic0 gdbserver --multi -
2016-10-12 10:14:27:(2) set sysroot /opt/mpss/3.7/sysroots/k1om-mpss-linux/
2016-10-12 10:14:27:(3) set sysroot /opt/mpss/3.7/sysroots/k1om-mpss-linux/
2016-10-12 10:14:27:(4) file /micNfs/gdb-fault-injection-lavamd/bin/lavamd
2016-10-12 10:14:27:(5) set remote exec-file /micNfs/gdb-fault-injection-lavamd/bin/lavamd
2016-10-12 10:14:27:(6) set args 228 15 /micNfs/gdb-fault-injection-lavamd/bin/input_distance_228_15 /micNfs/gdb-fault-injection-lavamd/bin/input_charges_228_15 /micNfs/gdb-fault-injection-lavamd/bin/output_gold_228_15 1
2016-10-12 10:14:28:Trying Fault Injection
2016-10-12 10:14:28:Inferior PID: 13563
2016-10-12 10:14:28:Inferior is valid: True
2016-10-12 10:14:28:Inferior #threads: 1
2016-10-12 10:14:28:Backtrace BEGIN:
2016-10-12 10:14:28:#0  0x000000000040265f in main (argc=7, argv=0x7fffffffec08) at main_check.c:182

2016-10-12 10:14:28:177	        fv_cpu[i].z = 0;
178	
179	        fread(&(fv_cpu_GOLD[i].v), 1, sizeof(double), file);
180	        fread(&(fv_cpu_GOLD[i].x), 1, sizeof(double), file);
181	        fread(&(fv_cpu_GOLD[i].y), 1, sizeof(double), file);
182	        fread(&(fv_cpu_GOLD[i].z), 1, sizeof(double), file);
183	    }
184	
185	    fclose(file);
186	

2016-10-12 10:14:28:Backtrace END
2016-10-12 10:14:28:Thread name: None
2016-10-12 10:14:28:Thread num: 1
2016-10-12 10:14:28:Thread ptid: (13563, 13563, 0)
2016-10-12 10:14:28:bitFlip function
2016-10-12 10:14:28:Type: The type is an integer type.
2016-10-12 10:14:28:Type sizeof: 4
2016-10-12 10:14:28:Mem contents(hex):0x2f0x0d0x000x00
2016-10-12 10:14:28:base address to flip value: 0x7fffffffe75c
2016-10-12 10:14:28:address max offset: 4
2016-10-12 10:14:28:Memory content before bitflip:0x2f0x0d0x000x00
2016-10-12 10:14:28:Memory content after  bitflip:0x2f0x0d0x080x00
2016-10-12 10:14:28:Mem contents(hex):0x2f0x0d0x080x00
2016-10-12 10:14:28:frame name: main
2016-10-12 10:14:28:symbol name: nh
2016-10-12 10:14:28:symbol filename: main_check.c
2016-10-12 10:14:28:symbol line: 62
2016-10-12 10:14:28:value: 527663
2016-10-12 10:14:28:value address: 0x7fffffffe75c
2016-10-12 10:14:28:Type: The type is an integer type.
2016-10-12 10:14:28:Type sizeof: 4
2016-10-12 10:14:28:Fault Injection Successful after 1.48107290268s
2016-10-12 10:14:28:Fault Already Injected
2016-10-12 10:14:30:Fault Already Injected
2016-10-12 10:14:30:Fault Already Injected
2016-10-12 10:14:30:Fault Already Injected
2016-10-12 10:14:31:Fault Already Injected
2016-10-12 10:14:32:Fault Already Injected
2016-10-12 10:14:34:Fault Already Injected
2016-10-12 10:14:34:Fault Already Injected
2016-10-12 10:14:37:event type: exit
2016-10-12 10:14:37:exit code: 0
