2016-10-22 11:34:32:Starting GDB script
2016-10-22 11:34:32:sending signal using command: 'ssh -T mic0 killall -2 hotspot_check' after 0.21871758096s
2016-10-22 11:34:32:shell stdout: 
2016-10-22 11:34:33:sending signal using command: 'ssh -T mic0 killall -2 hotspot_check' after 0.850221436361s
2016-10-22 11:34:33:shell stdout: 
2016-10-22 11:34:34:sending signal using command: 'ssh -T mic0 killall -2 hotspot_check' after 1.95490035279s
2016-10-22 11:34:34:shell stdout: 
2016-10-22 11:34:34:sending signal using command: 'ssh -T mic0 killall -2 hotspot_check' after 2.38396419618s
2016-10-22 11:34:34:shell stdout: 
2016-10-22 11:34:35:sending signal using command: 'ssh -T mic0 killall -2 hotspot_check' after 3.02554226036s
2016-10-22 11:34:35:shell stdout: 
2016-10-22 11:34:36:sending signal using command: 'ssh -T mic0 killall -2 hotspot_check' after 4.27643336049s
2016-10-22 11:34:36:shell stdout: 
2016-10-22 11:34:37:sending signal using command: 'ssh -T mic0 killall -2 hotspot_check' after 5.01714674943s
2016-10-22 11:34:37:shell stdout: 
2016-10-22 11:34:40:no gdbExecName running, out:
2016-10-22 11:34:40:checCmd:ps -e | grep -i gdb-mic
2016-10-22 11:34:40:finished now-timestampStart < maxWaitTime*5
2016-10-22 11:34:40:now: 1477150479
2016-10-22 11:34:40:timestampStart: 1477150472
2016-10-22 11:34:40:kill cmd: killall -9 gdb-mic
2016-10-22 11:34:40:shell stdout: 
2016-10-22 11:34:40:kill cmd: ssh -T mic0 killall -9 hotspot_check
2016-10-22 11:34:40:shell stdout: 
2016-10-22 11:34:40:kill cmd: ssh -T mic0 killall -9 gdbserver
2016-10-22 11:34:40:shell stdout: 
