2017-03-01 22:46:47:Starting flip_value script
2017-03-01 22:46:47:Initialization strings:
2017-03-01 22:46:47:(1) target extended-remote | ssh -T mic0 gdbserver --multi -
2017-03-01 22:46:47:(2) set sysroot /opt/mpss/3.7/sysroots/k1om-mpss-linux/
2017-03-01 22:46:47:(3) set sysroot /opt/mpss/3.7/sysroots/k1om-mpss-linux/
2017-03-01 22:46:47:(4) file /micNfs/gdb-fault-injection/injector/bin/clamr/clamr_openmponly
2017-03-01 22:46:47:(5) set remote exec-file /micNfs/gdb-fault-injection/injector/bin/clamr/clamr_openmponly
2017-03-01 22:46:47:(6) cd /micNfs/gdb-fault-injection/injector/bin/clamr
2017-03-01 22:46:47:(7) set args -n 512 -t 100 -g 100 -G data -j md5file
2017-03-01 22:46:47:initSignal:15
2017-03-01 22:46:47:endSignal:20
2017-03-01 22:46:47:seqSignal:20
2017-03-01 22:47:05:Backtrace BEGIN:
2017-03-01 22:47:05:#0  0x00007ffff6b68ff5 in _IO_vfprintf_internal (s=<optimized out>, format=<optimized out>, ap=ap@entry=0x7fffffffe118) at vfprintf.c:1641
#1  0x00007ffff6b6e969 in __fprintf (stream=<optimized out>, format=<optimized out>) at fprintf.c:32
#2  0x000000000054b5c5 in DrawSquaresToFile (graph_num=0, ncycle=0, simTime=0, rollback_img=0, rollback_num=0) at /micNfs/gdb-fault-injection/injector/src/clamr/CLAMR/graphics/graphics.c:470
#3  0x000000000054db06 in write_graphics_info (graph_num=0, ncycle=0, simTime=0, rollback_img=0, rollback_num=0) at /micNfs/gdb-fault-injection/injector/src/clamr/CLAMR/graphics/graphics.c:751
#4  0x0000000000445977 in main (argc=11, argv=0x7fffffffec58) at /micNfs/gdb-fault-injection/injector/src/clamr/CLAMR/clamr_cpuonly.cpp:353

2017-03-01 22:47:05:1636	in vfprintf.c

2017-03-01 22:47:05:Backtrace END
2017-03-01 22:47:11:Type: The type is a structure.
2017-03-01 22:47:11:Type sizeof: 16
2017-03-01 22:47:11:Fliping value of field: tv_usec
2017-03-01 22:47:11:Type: The type is an integer type.
2017-03-01 22:47:11:Type sizeof: 8
2017-03-01 22:47:11:Mem contents(hex):0x040x230x0f0x000x000x000x000x00
2017-03-01 22:47:11:Fault Mode: Single bit-flip
2017-03-01 22:47:11:base address to flip value: 0x7d0738 
2017-03-01 22:47:11:address max offset: 8
2017-03-01 22:47:11:Memory content before bitflip:0x040x230x0f0x000x000x000x000x00
2017-03-01 22:47:11:Memory content after  bitflip:0x040x230x0f0x000x000x000x020x00
2017-03-01 22:47:11:Mem contents(hex):0x040x230x0f0x000x000x000x020x00
2017-03-01 22:47:11:frame name: main
2017-03-01 22:47:11:symbol name: total_exec
2017-03-01 22:47:11:symbol filename: /micNfs/gdb-fault-injection/injector/src/clamr/CLAMR/clamr_cpuonly.cpp
2017-03-01 22:47:11:symbol line: 181
2017-03-01 22:47:11:value: {tv_sec = 1488426407, tv_usec = 562949954413316}
2017-03-01 22:47:11:value address: 0x7d0730 <total_exec>
2017-03-01 22:47:11:Type: The type is a structure.
2017-03-01 22:47:11:Type sizeof: 16
2017-03-01 22:47:11:Field name: tv_sec
2017-03-01 22:47:11:Field Type:
2017-03-01 22:47:11:Type: The type is an integer type.
2017-03-01 22:47:11:Type sizeof: 8
2017-03-01 22:47:11:Field name: tv_usec
2017-03-01 22:47:11:Field Type:
2017-03-01 22:47:11:Type: The type is an integer type.
2017-03-01 22:47:11:Type sizeof: 8
2017-03-01 22:47:11:Fault Injection Successful after 24.2536540031s
2017-03-01 22:47:44:event type: exit
2017-03-01 22:47:44:exit code: 0
