[INFO -- 2017-03-07 19:14:05]
Starting GDB script
[INFO -- 2017-03-07 19:14:05]
initSignal:7.0
[INFO -- 2017-03-07 19:14:05]
endSignal:14.0
[INFO -- 2017-03-07 19:14:05]
seqSignal:15
[INFO -- 2017-03-07 19:14:16]
sending 15 signals using command: 'ssh -T mic1 killall -2 dgemm_check' after 10.9796426249s
[INFO -- 2017-03-07 19:14:17]
sending 15 signals using command: 'ssh -T mic1 killall -2 dgemm_check' after 11.7190197938s
[INFO -- 2017-03-07 19:14:17]
shell stdout: 
[INFO -- 2017-03-07 19:14:17]
shell stdout: 
[INFO -- 2017-03-07 19:14:17]
shell stdout: 
[INFO -- 2017-03-07 19:14:18]
shell stdout: 
[INFO -- 2017-03-07 19:14:18]
shell stdout: 
[INFO -- 2017-03-07 19:14:18]
shell stdout: 
[INFO -- 2017-03-07 19:14:18]
shell stdout: 
[INFO -- 2017-03-07 19:14:18]
shell stdout: 
[INFO -- 2017-03-07 19:14:18]
sending 15 signals using command: 'ssh -T mic1 killall -2 dgemm_check' after 13.517581828s
[INFO -- 2017-03-07 19:14:18]
shell stdout: 
[INFO -- 2017-03-07 19:14:19]
shell stdout: 
[INFO -- 2017-03-07 19:14:19]
shell stdout: 
[INFO -- 2017-03-07 19:14:19]
shell stdout: 
[INFO -- 2017-03-07 19:14:19]
shell stdout: 
[INFO -- 2017-03-07 19:14:19]
shell stdout: 
[INFO -- 2017-03-07 19:14:19]
shell stdout: 
[INFO -- 2017-03-07 19:14:20]
shell stdout: 
[INFO -- 2017-03-07 19:14:20]
shell stdout: 
[INFO -- 2017-03-07 19:14:20]
shell stdout: 
[INFO -- 2017-03-07 19:14:20]
shell stdout: 
[INFO -- 2017-03-07 19:14:20]
shell stdout: 
[INFO -- 2017-03-07 19:14:20]
shell stdout: 
[INFO -- 2017-03-07 19:14:21]
shell stdout: 
[INFO -- 2017-03-07 19:14:21]
shell stdout: 
[INFO -- 2017-03-07 19:14:21]
shell stdout: 
[INFO -- 2017-03-07 19:14:21]
shell stdout: 
[INFO -- 2017-03-07 19:14:21]
shell stdout: 
[INFO -- 2017-03-07 19:14:21]
shell stdout: 
[INFO -- 2017-03-07 19:14:21]
shell stdout: 
[INFO -- 2017-03-07 19:14:22]
shell stdout: 
[INFO -- 2017-03-07 19:14:22]
shell stdout: 
[INFO -- 2017-03-07 19:14:22]
shell stdout: 
[INFO -- 2017-03-07 19:14:22]
shell stdout: 
[INFO -- 2017-03-07 19:14:22]
shell stdout: 
[INFO -- 2017-03-07 19:14:22]
shell stdout: 
[INFO -- 2017-03-07 19:14:22]
shell stdout: 
[INFO -- 2017-03-07 19:14:22]
shell stdout: 
[INFO -- 2017-03-07 19:14:23]
shell stdout: 
[INFO -- 2017-03-07 19:14:23]
shell stdout: 
[INFO -- 2017-03-07 19:14:23]
shell stdout: 
[INFO -- 2017-03-07 19:14:23]
shell stdout: 
[INFO -- 2017-03-07 19:14:23]
shell stdout: 
[INFO -- 2017-03-07 19:14:24]
shell stdout: 
[INFO -- 2017-03-07 19:14:24]
shell stdout: 
[INFO -- 2017-03-07 19:14:25]
shell stdout: 
[INFO -- 2017-03-07 19:14:25]
shell stdout: 
[INFO -- 2017-03-07 19:15:07]
no gdbExecName running, out:
[INFO -- 2017-03-07 19:15:07]
checCmd:ps -e | grep -i gdb-mic
[INFO -- 2017-03-07 19:15:07]
finished now-timestampStart < maxWaitTime*5
[INFO -- 2017-03-07 19:15:07]
now: 1488932098
[INFO -- 2017-03-07 19:15:07]
timestampStart: 1488932045
[INFO -- 2017-03-07 19:15:07]
kill cmd: killall -9 gdb-mic
[INFO -- 2017-03-07 19:15:07]
shell stdout: 
[INFO -- 2017-03-07 19:15:07]
kill cmd: ssh -T mic1 killall -9 dgemm_check
[INFO -- 2017-03-07 19:15:07]
shell stdout: 
[INFO -- 2017-03-07 19:15:08]
kill cmd: ssh -T mic1 killall -9 gdbserver
[INFO -- 2017-03-07 19:15:08]
shell stdout: 
[INFO -- 2017-03-07 19:15:08]
kill cmd: ssh -T mic1 killall -9 sshd
[INFO -- 2017-03-07 19:15:08]
shell stdout: 
