2016-10-25 04:39:41:Starting GDB script
2016-10-25 04:39:42:sending signal using command: 'ssh -T mic0 killall -2 needle_check' after 1.19099048498s
2016-10-25 04:39:42:shell stdout: 
2016-10-25 04:39:44:sending signal using command: 'ssh -T mic0 killall -2 needle_check' after 3.4362168968s
2016-10-25 04:39:44:shell stdout: 
2016-10-25 04:39:46:sending signal using command: 'ssh -T mic0 killall -2 needle_check' after 5.12365570221s
2016-10-25 04:39:46:shell stdout: 
2016-10-25 04:39:46:sending signal using command: 'ssh -T mic0 killall -2 needle_check' after 5.17575788833s
2016-10-25 04:39:46:shell stdout: 
2016-10-25 04:39:50:sending signal using command: 'ssh -T mic0 killall -2 needle_check' after 8.86342719616s
2016-10-25 04:39:50:shell stdout: 
2016-10-25 04:39:51:sending signal using command: 'ssh -T mic0 killall -2 needle_check' after 9.90010676287s
2016-10-25 04:39:51:shell stdout: 
2016-10-25 04:39:55:sending signal using command: 'ssh -T mic0 killall -2 needle_check' after 13.6235711399s
2016-10-25 04:39:55:shell stdout: 
2016-10-25 04:39:56:sending signal using command: 'ssh -T mic0 killall -2 needle_check' after 14.5820853294s
2016-10-25 04:39:56:shell stdout: 
2016-10-25 04:39:56:sending signal using command: 'ssh -T mic0 killall -2 needle_check' after 15.0589198916s
2016-10-25 04:39:56:shell stdout: 
2016-10-25 04:39:58:sending signal using command: 'ssh -T mic0 killall -2 needle_check' after 16.6208694639s
2016-10-25 04:39:58:shell stdout: 
2016-10-25 04:40:01:no gdbExecName running, out:
2016-10-25 04:40:01:checCmd:ps -e | grep -i gdb-mic
2016-10-25 04:40:01:finished now-timestampStart < maxWaitTime*5
2016-10-25 04:40:01:now: 1477384800
2016-10-25 04:40:01:timestampStart: 1477384781
2016-10-25 04:40:01:kill cmd: killall -9 gdb-mic
2016-10-25 04:40:01:shell stdout: 
2016-10-25 04:40:01:kill cmd: ssh -T mic0 killall -9 needle_check
2016-10-25 04:40:01:shell stdout: 
2016-10-25 04:40:02:kill cmd: ssh -T mic0 killall -9 gdbserver
2016-10-25 04:40:02:shell stdout: 
2016-10-25 04:40:02:kill cmd: ssh -T mic0 killall -9 sshd
2016-10-25 04:40:02:shell stdout: 
