[INFO -- 2017-02-28 19:18:03]
Starting GDB script
[INFO -- 2017-02-28 19:18:03]
initSignal:0.0
[INFO -- 2017-02-28 19:18:03]
endSignal:3.0
[INFO -- 2017-02-28 19:18:03]
seqSignal:30
[INFO -- 2017-02-28 19:18:04]
sending 30 signals using command: 'ssh -T mic1 killall -2 lavamd_check' after 0.419735224624s
[INFO -- 2017-02-28 19:18:04]
shell stdout: 
[INFO -- 2017-02-28 19:18:05]
shell stdout: 
[INFO -- 2017-02-28 19:18:05]
sending 30 signals using command: 'ssh -T mic1 killall -2 lavamd_check' after 1.40123792559s
[INFO -- 2017-02-28 19:18:05]
shell stdout: 
[INFO -- 2017-02-28 19:18:05]
shell stdout: 
[INFO -- 2017-02-28 19:18:06]
shell stdout: 
[INFO -- 2017-02-28 19:18:06]
shell stdout: 
[INFO -- 2017-02-28 19:18:06]
sending 30 signals using command: 'ssh -T mic1 killall -2 lavamd_check' after 2.22438338239s
[INFO -- 2017-02-28 19:18:06]
shell stdout: 
[INFO -- 2017-02-28 19:18:06]
shell stdout: 
[INFO -- 2017-02-28 19:18:06]
shell stdout: 
[INFO -- 2017-02-28 19:18:06]
shell stdout: 
[INFO -- 2017-02-28 19:18:07]
shell stdout: 
[INFO -- 2017-02-28 19:18:07]
shell stdout: 
[INFO -- 2017-02-28 19:18:07]
shell stdout: 
[INFO -- 2017-02-28 19:18:07]
shell stdout: 
[INFO -- 2017-02-28 19:18:07]
shell stdout: 
[INFO -- 2017-02-28 19:18:08]
shell stdout: 
[INFO -- 2017-02-28 19:18:08]
shell stdout: 
[INFO -- 2017-02-28 19:18:08]
shell stdout: 
[INFO -- 2017-02-28 19:18:09]
shell stdout: 
[INFO -- 2017-02-28 19:18:09]
shell stdout: 
[INFO -- 2017-02-28 19:18:09]
shell stdout: 
[INFO -- 2017-02-28 19:18:09]
shell stdout: 
[INFO -- 2017-02-28 19:18:09]
shell stdout: 
[INFO -- 2017-02-28 19:18:09]
shell stdout: 
[INFO -- 2017-02-28 19:18:10]
shell stdout: 
[INFO -- 2017-02-28 19:18:10]
shell stdout: 
[INFO -- 2017-02-28 19:18:10]
shell stdout: 
[INFO -- 2017-02-28 19:18:11]
shell stdout: 
[INFO -- 2017-02-28 19:18:11]
shell stdout: 
[INFO -- 2017-02-28 19:18:11]
shell stdout: 
[INFO -- 2017-02-28 19:18:11]
shell stdout: 
[INFO -- 2017-02-28 19:18:12]
shell stdout: 
[INFO -- 2017-02-28 19:18:12]
shell stdout: 
[INFO -- 2017-02-28 19:18:12]
shell stdout: 
[INFO -- 2017-02-28 19:18:12]
shell stdout: 
[INFO -- 2017-02-28 19:18:12]
shell stdout: 
[INFO -- 2017-02-28 19:18:13]
shell stdout: 
[INFO -- 2017-02-28 19:18:13]
shell stdout: 
[INFO -- 2017-02-28 19:18:13]
shell stdout: 
[INFO -- 2017-02-28 19:18:13]
shell stdout: 
[INFO -- 2017-02-28 19:18:14]
shell stdout: 
[INFO -- 2017-02-28 19:18:14]
shell stdout: 
[INFO -- 2017-02-28 19:18:14]
shell stdout: 
[INFO -- 2017-02-28 19:18:14]
shell stdout: 
[INFO -- 2017-02-28 19:18:14]
shell stdout: 
[INFO -- 2017-02-28 19:18:15]
shell stdout: 
[INFO -- 2017-02-28 19:18:15]
shell stdout: 
[INFO -- 2017-02-28 19:18:15]
shell stdout: 
[INFO -- 2017-02-28 19:18:15]
shell stdout: 
[INFO -- 2017-02-28 19:18:15]
shell stdout: 
[INFO -- 2017-02-28 19:18:15]
shell stdout: 
[INFO -- 2017-02-28 19:18:16]
shell stdout: 
[INFO -- 2017-02-28 19:18:16]
shell stdout: 
[INFO -- 2017-02-28 19:18:16]
shell stdout: 
[INFO -- 2017-02-28 19:18:16]
shell stdout: 
[INFO -- 2017-02-28 19:18:16]
shell stdout: 
[INFO -- 2017-02-28 19:18:16]
shell stdout: 
[INFO -- 2017-02-28 19:18:17]
shell stdout: 
[INFO -- 2017-02-28 19:18:17]
shell stdout: 
[INFO -- 2017-02-28 19:18:17]
shell stdout: 
[INFO -- 2017-02-28 19:18:17]
shell stdout: 
[INFO -- 2017-02-28 19:18:17]
shell stdout: 
[INFO -- 2017-02-28 19:18:17]
shell stdout: 
[INFO -- 2017-02-28 19:18:18]
shell stdout: 
[INFO -- 2017-02-28 19:18:18]
shell stdout: 
[INFO -- 2017-02-28 19:18:18]
shell stdout: 
[INFO -- 2017-02-28 19:18:18]
shell stdout: 
[INFO -- 2017-02-28 19:18:18]
shell stdout: 
[INFO -- 2017-02-28 19:18:18]
shell stdout: 
[INFO -- 2017-02-28 19:18:18]
shell stdout: 
[INFO -- 2017-02-28 19:18:18]
shell stdout: 
[INFO -- 2017-02-28 19:18:19]
shell stdout: 
[INFO -- 2017-02-28 19:18:19]
shell stdout: 
[INFO -- 2017-02-28 19:18:19]
shell stdout: 
[INFO -- 2017-02-28 19:18:19]
shell stdout: 
[INFO -- 2017-02-28 19:18:19]
shell stdout: 
[INFO -- 2017-02-28 19:18:19]
shell stdout: 
[INFO -- 2017-02-28 19:18:19]
shell stdout: 
[INFO -- 2017-02-28 19:18:20]
shell stdout: 
[INFO -- 2017-02-28 19:18:20]
shell stdout: 
[INFO -- 2017-02-28 19:18:20]
shell stdout: 
[INFO -- 2017-02-28 19:18:20]
shell stdout: 
[INFO -- 2017-02-28 19:18:20]
shell stdout: 
[INFO -- 2017-02-28 19:18:20]
shell stdout: 
[INFO -- 2017-02-28 19:18:21]
shell stdout: 
[INFO -- 2017-02-28 19:18:21]
shell stdout: 
[INFO -- 2017-02-28 19:18:21]
shell stdout: 
[INFO -- 2017-02-28 19:18:21]
shell stdout: 
[INFO -- 2017-02-28 19:18:22]
shell stdout: 
[INFO -- 2017-02-28 19:18:22]
shell stdout: 
[INFO -- 2017-02-28 19:18:43]
no gdbExecName running, out:
[INFO -- 2017-02-28 19:18:43]
checCmd:ps -e | grep -i gdb-mic
[INFO -- 2017-02-28 19:18:43]
finished now-timestampStart < maxWaitTime*5
[INFO -- 2017-02-28 19:18:43]
now: 1488327522
[INFO -- 2017-02-28 19:18:43]
timestampStart: 1488327483
[INFO -- 2017-02-28 19:18:43]
kill cmd: killall -9 gdb-mic
[INFO -- 2017-02-28 19:18:43]
shell stdout: 
[INFO -- 2017-02-28 19:18:44]
kill cmd: ssh -T mic1 killall -9 lavamd_check
[INFO -- 2017-02-28 19:18:44]
shell stdout: 
[INFO -- 2017-02-28 19:18:44]
kill cmd: ssh -T mic1 killall -9 gdbserver
[INFO -- 2017-02-28 19:18:44]
shell stdout: 
[INFO -- 2017-02-28 19:18:45]
kill cmd: ssh -T mic1 killall -9 sshd
[INFO -- 2017-02-28 19:18:45]
shell stdout: 
