2017-02-28 19:18:04:Starting flip_value script
2017-02-28 19:18:04:Initialization strings:
2017-02-28 19:18:04:(1) target extended-remote | ssh -T mic1 gdbserver --multi -
2017-02-28 19:18:04:(2) set sysroot /opt/mpss/3.7/sysroots/k1om-mpss-linux/
2017-02-28 19:18:04:(3) set sysroot /opt/mpss/3.7/sysroots/k1om-mpss-linux/
2017-02-28 19:18:04:(4) file /micNfs/gdb-fault-injection/injector/bin/lavamd/lavamd_check
2017-02-28 19:18:04:(5) set remote exec-file /micNfs/gdb-fault-injection/injector/bin/lavamd/lavamd_check
2017-02-28 19:18:04:(6) set args 228 15 /micNfs/gdb-fault-injection/injector/bin/lavamd/input_distance_228_15 /micNfs/gdb-fault-injection/injector/bin/lavamd/input_charges_228_15 /micNfs/gdb-fault-injection/injector/bin/lavamd/output_gold_228_15 1
2017-02-28 19:18:04:initSignal:0
2017-02-28 19:18:04:endSignal:3
2017-02-28 19:18:04:seqSignal:30
2017-02-28 19:18:04:Backtrace BEGIN:
2017-02-28 19:18:04:#0  __GI__dl_debug_state () at dl-debug.c:74
#1  0x00007ffff7de084c in dl_main (phdr=<optimized out>, phnum=<optimized out>, user_entry=<optimized out>, auxv=<optimized out>) at rtld.c:2170
#2  0x00007ffff7df2548 in _dl_sysdep_start (start_argptr=start_argptr@entry=0x7fffffffebc0, dl_main=dl_main@entry=0x7ffff7dde840 <dl_main>) at ../elf/dl-sysdep.c:249
#3  0x00007ffff7de1c6a in _dl_start_final (arg=0x7fffffffebc0) at rtld.c:308
#4  _dl_start (arg=0x7fffffffebc0) at rtld.c:414
#5  0x00007ffff7dddbc8 in _start () from /opt/mpss/3.7/sysroots/k1om-mpss-linux/lib64/ld-linux-k1om.so.2
#6  0x0000000000000007 in ?? ()
#7  0x00007fffffffedb7 in ?? ()
#8  0x00007fffffffedf4 in ?? ()
#9  0x00007fffffffedf8 in ?? ()
#10 0x00007fffffffedfb in ?? ()
#11 0x00007fffffffee41 in ?? ()
#12 0x00007fffffffee86 in ?? ()
#13 0x00007fffffffeec9 in ?? ()
#14 0x0000000000000000 in ?? ()

2017-02-28 19:18:04:69	in dl-debug.c

2017-02-28 19:18:04:Backtrace END
2017-02-28 19:18:05:Type: The type is a pointer.
2017-02-28 19:18:05:Type sizeof: 8
2017-02-28 19:18:05:Backtrace BEGIN:
2017-02-28 19:18:05:#0  0x00007ffff71505d6 in __GI_memcpy (dstpp=dstpp@entry=0x7ffff63cee68, srcpp=<optimized out>, len=<optimized out>, len@entry=8) at ../string/memcpy.c:59
#1  0x00007ffff714296b in __GI__IO_file_xsgetn (fp=0x60e1c0, data=<optimized out>, n=8) at fileops.c:1371
#2  0x00007ffff7138929 in __GI__IO_fread (buf=<optimized out>, size=1, count=8, fp=0x60e1c0) at iofread.c:42
#3  0x0000000000402286 in main (argc=7, argv=0x7fffffffebc8) at main_check.c:151

2017-02-28 19:18:05:54	in ../string/memcpy.c

2017-02-28 19:18:05:Backtrace END
2017-02-28 19:18:05:Type: The type is a structure.
2017-02-28 19:18:05:Type sizeof: 8
2017-02-28 19:18:05:Fliping value of field: alpha
2017-02-28 19:18:05:Type: A floating point type.
2017-02-28 19:18:05:Type sizeof: 8
2017-02-28 19:18:05:Mem contents(hex):0x000x000x000x000x000x000xe00x3f
2017-02-28 19:18:05:Fault Mode: Double bit-flip
2017-02-28 19:18:05:base address to flip value: 0x7fffffffe8a0
2017-02-28 19:18:05:address max offset: 8
2017-02-28 19:18:05:Memory content before bitflip:0x000x000x000x000x000x000xe00x3f
2017-02-28 19:18:05:Memory content after  bitflip:0x000x000x000x000x000x880xe00x3f
2017-02-28 19:18:05:Mem contents(hex):0x000x000x000x000x000x880xe00x3f
2017-02-28 19:18:05:frame name: main
2017-02-28 19:18:05:symbol name: par_cpu
2017-02-28 19:18:05:symbol filename: main_check.c
2017-02-28 19:18:05:symbol line: 55
2017-02-28 19:18:05:value: {alpha = 0.5166015625}
2017-02-28 19:18:05:value address: 0x7fffffffe8a0
2017-02-28 19:18:05:Type: The type is a structure.
2017-02-28 19:18:05:Type sizeof: 8
2017-02-28 19:18:05:Field name: alpha
2017-02-28 19:18:05:Field Type:
2017-02-28 19:18:05:Type: A floating point type.
2017-02-28 19:18:05:Type sizeof: 8
2017-02-28 19:18:05:Fault Injection Successful after 1.34697294235s
