2016-10-30 06:14:43:Starting GDB script
2016-10-30 06:14:43:sending signal using command: 'ssh -T mic0 killall -2 needle_check' after 0.0659056023238s
2016-10-30 06:14:43:shell stdout: 
2016-10-30 06:14:44:sending signal using command: 'ssh -T mic0 killall -2 needle_check' after 0.907687979757s
2016-10-30 06:14:44:shell stdout: 
2016-10-30 06:14:47:sending signal using command: 'ssh -T mic0 killall -2 needle_check' after 3.14750505413s
2016-10-30 06:14:47:shell stdout: 
2016-10-30 06:14:48:sending signal using command: 'ssh -T mic0 killall -2 needle_check' after 4.42531149966s
2016-10-30 06:14:48:shell stdout: 
2016-10-30 06:14:48:sending signal using command: 'ssh -T mic0 killall -2 needle_check' after 4.70968690949s
2016-10-30 06:14:48:shell stdout: 
2016-10-30 06:14:50:sending signal using command: 'ssh -T mic0 killall -2 needle_check' after 6.14147586051s
2016-10-30 06:14:50:shell stdout: 
2016-10-30 06:14:53:sending signal using command: 'ssh -T mic0 killall -2 needle_check' after 9.95151257535s
2016-10-30 06:14:53:shell stdout: 
2016-10-30 06:14:54:sending signal using command: 'ssh -T mic0 killall -2 needle_check' after 10.3047313087s
2016-10-30 06:14:54:shell stdout: 
2016-10-30 06:14:59:sending signal using command: 'ssh -T mic0 killall -2 needle_check' after 15.1835241174s
2016-10-30 06:14:59:shell stdout: 
2016-10-30 06:15:00:sending signal using command: 'ssh -T mic0 killall -2 needle_check' after 16.3300189163s
2016-10-30 06:15:00:shell stdout: 
2016-10-30 06:15:07:no gdbExecName running, out:
2016-10-30 06:15:07:checCmd:ps -e | grep -i gdb-mic
2016-10-30 06:15:07:finished now-timestampStart < maxWaitTime*5
2016-10-30 06:15:07:now: 1477822506
2016-10-30 06:15:07:timestampStart: 1477822483
2016-10-30 06:15:07:kill cmd: killall -9 gdb-mic
2016-10-30 06:15:07:shell stdout: 
2016-10-30 06:15:08:kill cmd: ssh -T mic0 killall -9 needle_check
2016-10-30 06:15:08:shell stdout: 
2016-10-30 06:15:08:kill cmd: ssh -T mic0 killall -9 gdbserver
2016-10-30 06:15:08:shell stdout: 
2016-10-30 06:15:09:kill cmd: ssh -T mic0 killall -9 sshd
2016-10-30 06:15:09:shell stdout: 
