[INFO -- 2017-02-26 03:11:41]
Starting GDB script
[INFO -- 2017-02-26 03:11:41]
initSignal:3.0
[INFO -- 2017-02-26 03:11:41]
endSignal:6.0
[INFO -- 2017-02-26 03:11:41]
seqSignal:15
[INFO -- 2017-02-26 03:11:44]
sending 15 signals using command: 'ssh -T mic0 killall -2 hotspot_check' after 3.41054984977s
[INFO -- 2017-02-26 03:11:45]
shell stdout: 
[INFO -- 2017-02-26 03:11:45]
shell stdout: 
[INFO -- 2017-02-26 03:11:45]
shell stdout: 
[INFO -- 2017-02-26 03:11:46]
shell stdout: 
[INFO -- 2017-02-26 03:11:46]
sending 15 signals using command: 'ssh -T mic0 killall -2 hotspot_check' after 5.12642213702s
[INFO -- 2017-02-26 03:11:46]
shell stdout: 
[INFO -- 2017-02-26 03:11:46]
sending 15 signals using command: 'ssh -T mic0 killall -2 hotspot_check' after 5.48619438238s
[INFO -- 2017-02-26 03:11:46]
shell stdout: 
[INFO -- 2017-02-26 03:11:47]
shell stdout: 
[INFO -- 2017-02-26 03:11:47]
shell stdout: 
[INFO -- 2017-02-26 03:11:47]
shell stdout: 
[INFO -- 2017-02-26 03:11:47]
shell stdout: 
[INFO -- 2017-02-26 03:11:47]
shell stdout: 
[INFO -- 2017-02-26 03:11:47]
shell stdout: 
[INFO -- 2017-02-26 03:11:47]
shell stdout: 
[INFO -- 2017-02-26 03:11:48]
shell stdout: 
[INFO -- 2017-02-26 03:11:48]
shell stdout: 
[INFO -- 2017-02-26 03:11:48]
shell stdout: 
[INFO -- 2017-02-26 03:11:48]
shell stdout: 
[INFO -- 2017-02-26 03:11:48]
shell stdout: 
[INFO -- 2017-02-26 03:11:48]
shell stdout: 
[INFO -- 2017-02-26 03:11:48]
shell stdout: 
[INFO -- 2017-02-26 03:11:48]
shell stdout: 
[INFO -- 2017-02-26 03:11:49]
shell stdout: 
[INFO -- 2017-02-26 03:11:49]
shell stdout: 
[INFO -- 2017-02-26 03:11:49]
shell stdout: 
[INFO -- 2017-02-26 03:11:49]
shell stdout: 
[INFO -- 2017-02-26 03:11:49]
shell stdout: 
[INFO -- 2017-02-26 03:11:49]
shell stdout: 
[INFO -- 2017-02-26 03:11:50]
shell stdout: 
[INFO -- 2017-02-26 03:11:50]
shell stdout: 
[INFO -- 2017-02-26 03:11:50]
shell stdout: 
[INFO -- 2017-02-26 03:11:50]
shell stdout: 
[INFO -- 2017-02-26 03:11:50]
shell stdout: 
[INFO -- 2017-02-26 03:11:50]
shell stdout: 
[INFO -- 2017-02-26 03:11:50]
shell stdout: 
[INFO -- 2017-02-26 03:11:50]
shell stdout: 
[INFO -- 2017-02-26 03:11:51]
shell stdout: 
[INFO -- 2017-02-26 03:11:51]
shell stdout: 
[INFO -- 2017-02-26 03:11:51]
shell stdout: 
[INFO -- 2017-02-26 03:11:51]
shell stdout: 
[INFO -- 2017-02-26 03:11:51]
shell stdout: 
[INFO -- 2017-02-26 03:11:52]
shell stdout: 
[INFO -- 2017-02-26 03:11:52]
shell stdout: 
[INFO -- 2017-02-26 03:11:52]
shell stdout: 
[INFO -- 2017-02-26 03:11:52]
shell stdout: 
[INFO -- 2017-02-26 03:11:53]
shell stdout: 
[INFO -- 2017-02-26 03:12:25]
no gdbExecName running, out:
[INFO -- 2017-02-26 03:12:25]
checCmd:ps -e | grep -i gdb-mic
[INFO -- 2017-02-26 03:12:25]
finished now-timestampStart < maxWaitTime*5
[INFO -- 2017-02-26 03:12:25]
now: 1488096744
[INFO -- 2017-02-26 03:12:25]
timestampStart: 1488096701
[INFO -- 2017-02-26 03:12:25]
kill cmd: killall -9 gdb-mic
[INFO -- 2017-02-26 03:12:25]
shell stdout: 
[INFO -- 2017-02-26 03:12:26]
kill cmd: ssh -T mic0 killall -9 hotspot_check
[INFO -- 2017-02-26 03:12:26]
shell stdout: 
[INFO -- 2017-02-26 03:12:26]
kill cmd: ssh -T mic0 killall -9 gdbserver
[INFO -- 2017-02-26 03:12:26]
shell stdout: 
[INFO -- 2017-02-26 03:12:26]
kill cmd: ssh -T mic0 killall -9 sshd
[INFO -- 2017-02-26 03:12:26]
shell stdout: 
