2016-10-23 15:50:30:Initialization strings:
2016-10-23 15:50:30:(1) target extended-remote | ssh -T mic0 gdbserver --multi -
2016-10-23 15:50:30:(2) set sysroot /opt/mpss/3.7/sysroots/k1om-mpss-linux/
2016-10-23 15:50:30:(3) set sysroot /opt/mpss/3.7/sysroots/k1om-mpss-linux/
2016-10-23 15:50:30:(4) file /micNfs/gdb-fault-injection-lavamd/bin/lavamd
2016-10-23 15:50:30:(5) set remote exec-file /micNfs/gdb-fault-injection-lavamd/bin/lavamd
2016-10-23 15:50:30:(6) set args 228 15 /micNfs/gdb-fault-injection-lavamd/bin/input_distance_228_15 /micNfs/gdb-fault-injection-lavamd/bin/input_charges_228_15 /micNfs/gdb-fault-injection-lavamd/bin/output_gold_228_15 1
2016-10-23 15:50:31:Trying Fault Injection
2016-10-23 15:50:31:Inferior PID: 188188
2016-10-23 15:50:31:Inferior is valid: True
2016-10-23 15:50:31:Inferior #threads: 1
2016-10-23 15:50:31:Backtrace BEGIN:
2016-10-23 15:50:31:#0  __GI__IO_fread (buf=0x7ffff691ec70, size=1, count=8, fp=0x60e1c0) at iofread.c:35
#1  0x00000000004021c3 in main (argc=7, argv=0x7fffffffec08) at main_check.c:148

2016-10-23 15:50:31:30	in iofread.c

2016-10-23 15:50:31:Backtrace END
2016-10-23 15:50:31:Thread name: None
2016-10-23 15:50:31:Thread num: 1
2016-10-23 15:50:31:Thread ptid: (188188, 188188, 0)
2016-10-23 15:50:31:bitFlip function
2016-10-23 15:50:31:Type: The type is an integer type.
2016-10-23 15:50:31:Type sizeof: 4
2016-10-23 15:50:31:Mem contents(hex):0x020x000x000x00
2016-10-23 15:50:31:base address to flip value: 0x7fffffffe774
2016-10-23 15:50:31:address max offset: 4
2016-10-23 15:50:31:Memory content before bitflip:0x020x000x000x00
2016-10-23 15:50:31:Memory content after  bitflip:0x020x000x000x80
2016-10-23 15:50:31:Mem contents(hex):0x020x000x000x80
2016-10-23 15:50:31:frame name: main
2016-10-23 15:50:31:symbol name: l
2016-10-23 15:50:31:symbol filename: main_check.c
2016-10-23 15:50:31:symbol line: 53
2016-10-23 15:50:31:value: -2147483646
2016-10-23 15:50:31:value address: 0x7fffffffe774
2016-10-23 15:50:31:Type: The type is an integer type.
2016-10-23 15:50:31:Type sizeof: 4
2016-10-23 15:50:31:Fault Injection Successful after 1.33918905258s
2016-10-23 15:50:34:Fault Already Injected
2016-10-23 15:50:35:Fault Already Injected
2016-10-23 15:50:35:Fault Already Injected
2016-10-23 15:50:35:Fault Already Injected
2016-10-23 15:50:35:Fault Already Injected
2016-10-23 15:50:36:Fault Already Injected
2016-10-23 15:50:37:Fault Already Injected
2016-10-23 15:50:39:Fault Already Injected
2016-10-23 15:50:40:Fault Already Injected
2016-10-23 15:50:41:event type: exit
2016-10-23 15:50:41:exit code: 0
