2017-01-24 17:46:11:Starting GDB script
2017-01-24 17:46:11:initSignal:0.0
2017-01-24 17:46:11:endSignal:2.0
2017-01-24 17:46:11:seqSignal:30
2017-01-24 17:46:12:sending 30 signals using command: 'ssh -T mic0 killall -2 lud_check' after 1.51190582305s
2017-01-24 17:46:13:sending 30 signals using command: 'ssh -T mic0 killall -2 lud_check' after 1.57145115651s
2017-01-24 17:46:13:sending 30 signals using command: 'ssh -T mic0 killall -2 lud_check' after 1.75521694586s
2017-01-24 17:46:14:shell stdout: 
2017-01-24 17:46:14:shell stdout: 
2017-01-24 17:46:14:shell stdout: 
2017-01-24 17:46:14:shell stdout: 
2017-01-24 17:46:14:shell stdout: 
2017-01-24 17:46:14:shell stdout: 
2017-01-24 17:46:15:shell stdout: 
2017-01-24 17:46:15:shell stdout: 
2017-01-24 17:46:15:shell stdout: 
2017-01-24 17:46:15:shell stdout: 
2017-01-24 17:46:15:shell stdout: 
2017-01-24 17:46:15:shell stdout: 
2017-01-24 17:46:16:shell stdout: 
2017-01-24 17:46:16:shell stdout: 
2017-01-24 17:46:16:shell stdout: 
2017-01-24 17:46:16:shell stdout: 
2017-01-24 17:46:16:shell stdout: 
2017-01-24 17:46:16:shell stdout: 
2017-01-24 17:46:17:shell stdout: 
2017-01-24 17:46:17:shell stdout: 
2017-01-24 17:46:17:shell stdout: 
2017-01-24 17:46:17:shell stdout: 
2017-01-24 17:46:17:shell stdout: 
2017-01-24 17:46:17:shell stdout: 
2017-01-24 17:46:17:shell stdout: 
2017-01-24 17:46:17:shell stdout: 
2017-01-24 17:46:18:shell stdout: 
2017-01-24 17:46:18:shell stdout: 
2017-01-24 17:46:18:shell stdout: 
2017-01-24 17:46:18:shell stdout: 
2017-01-24 17:46:18:shell stdout: 
2017-01-24 17:46:18:shell stdout: 
2017-01-24 17:46:18:shell stdout: 
2017-01-24 17:46:19:shell stdout: 
2017-01-24 17:46:19:shell stdout: 
2017-01-24 17:46:19:shell stdout: 
2017-01-24 17:46:19:shell stdout: 
2017-01-24 17:46:19:shell stdout: 
2017-01-24 17:46:19:shell stdout: 
2017-01-24 17:46:20:shell stdout: 
2017-01-24 17:46:20:shell stdout: 
2017-01-24 17:46:20:shell stdout: 
2017-01-24 17:46:20:shell stdout: 
2017-01-24 17:46:20:shell stdout: 
2017-01-24 17:46:20:shell stdout: 
2017-01-24 17:46:20:shell stdout: 
2017-01-24 17:46:20:shell stdout: 
2017-01-24 17:46:21:shell stdout: 
2017-01-24 17:46:21:shell stdout: 
2017-01-24 17:46:21:shell stdout: 
2017-01-24 17:46:21:shell stdout: 
2017-01-24 17:46:21:shell stdout: 
2017-01-24 17:46:21:shell stdout: 
2017-01-24 17:46:21:shell stdout: 
2017-01-24 17:46:22:shell stdout: 
2017-01-24 17:46:22:shell stdout: 
2017-01-24 17:46:22:shell stdout: 
2017-01-24 17:46:22:shell stdout: 
2017-01-24 17:46:22:shell stdout: 
2017-01-24 17:46:22:shell stdout: 
2017-01-24 17:46:23:shell stdout: 
2017-01-24 17:46:23:shell stdout: 
2017-01-24 17:46:23:shell stdout: 
2017-01-24 17:46:23:shell stdout: 
2017-01-24 17:46:23:shell stdout: 
2017-01-24 17:46:23:shell stdout: 
2017-01-24 17:46:23:shell stdout: 
2017-01-24 17:46:24:shell stdout: 
2017-01-24 17:46:24:shell stdout: 
2017-01-24 17:46:24:shell stdout: 
2017-01-24 17:46:24:shell stdout: 
2017-01-24 17:46:24:shell stdout: 
2017-01-24 17:46:24:shell stdout: 
2017-01-24 17:46:24:shell stdout: 
2017-01-24 17:46:24:shell stdout: 
2017-01-24 17:46:25:shell stdout: 
2017-01-24 17:46:25:shell stdout: 
2017-01-24 17:46:25:shell stdout: 
2017-01-24 17:46:25:shell stdout: 
2017-01-24 17:46:25:shell stdout: 
2017-01-24 17:46:25:shell stdout: 
2017-01-24 17:46:26:shell stdout: 
2017-01-24 17:46:26:shell stdout: 
2017-01-24 17:46:26:shell stdout: 
2017-01-24 17:46:26:shell stdout: 
2017-01-24 17:46:26:shell stdout: 
2017-01-24 17:46:26:shell stdout: 
2017-01-24 17:46:26:shell stdout: 
2017-01-24 17:46:27:shell stdout: 
2017-01-24 17:46:27:shell stdout: 
2017-01-24 17:46:45:no gdbExecName running, out:
2017-01-24 17:46:45:checCmd:ps -e | grep -i gdb-mic
2017-01-24 17:46:45:finished now-timestampStart < maxWaitTime*5
2017-01-24 17:46:45:now: 1485298004
2017-01-24 17:46:45:timestampStart: 1485297971
2017-01-24 17:46:45:kill cmd: killall -9 gdb-mic
2017-01-24 17:46:45:shell stdout: 
2017-01-24 17:46:45:kill cmd: ssh -T mic0 killall -9 lud_check
2017-01-24 17:46:45:shell stdout: 
2017-01-24 17:46:46:kill cmd: ssh -T mic0 killall -9 gdbserver
2017-01-24 17:46:46:shell stdout: 
2017-01-24 17:46:46:kill cmd: ssh -T mic0 killall -9 sshd
2017-01-24 17:46:46:shell stdout: 
