2016-10-13 14:29:18:sending signal using command: 'ssh -T mic0 killall -2 needle_check' after 16.2122855001s
2016-10-13 14:29:18:shell stdout: 
2016-10-13 14:29:19:sending signal using command: 'ssh -T mic0 killall -2 needle_check' after 16.9402205185s
2016-10-13 14:29:19:shell stdout: 
2016-10-13 15:09:00:Starting GDB script
2016-10-13 15:09:01:sending signal using command: 'ssh -T mic0 killall -2 needle_check' after 0.193772620563s
2016-10-13 15:09:01:shell stdout: 
2016-10-13 15:09:02:sending signal using command: 'ssh -T mic0 killall -2 needle_check' after 0.753293544993s
2016-10-13 15:09:02:shell stdout: 
2016-10-13 15:09:02:sending signal using command: 'ssh -T mic0 killall -2 needle_check' after 1.47510902061s
2016-10-13 15:09:02:shell stdout: 
2016-10-13 15:09:02:sending signal using command: 'ssh -T mic0 killall -2 needle_check' after 1.69976609526s
2016-10-13 15:09:02:shell stdout: 
2016-10-13 15:09:08:sending signal using command: 'ssh -T mic0 killall -2 needle_check' after 7.24341885713s
2016-10-13 15:09:08:shell stdout: 
2016-10-13 15:09:09:sending signal using command: 'ssh -T mic0 killall -2 needle_check' after 8.09547546528s
2016-10-13 15:09:09:shell stdout: 
2016-10-13 15:09:11:sending signal using command: 'ssh -T mic0 killall -2 needle_check' after 10.3835282578s
2016-10-13 15:09:11:shell stdout: 
2016-10-13 15:09:12:sending signal using command: 'ssh -T mic0 killall -2 needle_check' after 10.811745909s
2016-10-13 15:09:12:shell stdout: 
2016-10-13 15:09:14:sending signal using command: 'ssh -T mic0 killall -2 needle_check' after 12.6918102701s
2016-10-13 15:09:14:shell stdout: 
2016-10-13 15:09:14:sending signal using command: 'ssh -T mic0 killall -2 needle_check' after 12.9384483139s
2016-10-13 15:09:14:shell stdout: 
2016-10-13 15:09:27:no gdbExecName running, out:
2016-10-13 15:09:27:checCmd:ps -e | grep -i gdb-mic
2016-10-13 15:09:27:finished now-timestampStart < maxWaitTime*5
2016-10-13 15:09:27:now: 1476385766
2016-10-13 15:09:27:timestampStart: 1476385740
2016-10-13 15:09:27:kill cmd: killall -9 gdb-mic
2016-10-13 15:09:27:shell stdout: 
2016-10-13 15:09:27:kill cmd: ssh -T mic0 killall -9 needle_check
2016-10-13 15:09:27:shell stdout: 
2016-10-13 15:09:28:kill cmd: ssh -T mic0 killall -9 gdbserver
2016-10-13 15:09:28:shell stdout: 
2016-10-13 15:09:28:kill cmd: ssh -T mic0 killall -9 sshd
2016-10-13 15:09:28:shell stdout: 
