[INFO -- 2017-03-13 12:09:42]
Starting GDB script
[INFO -- 2017-03-13 12:09:42]
initSignal:35.0
[INFO -- 2017-03-13 12:09:42]
endSignal:40.0
[INFO -- 2017-03-13 12:09:42]
seqSignal:20
[INFO -- 2017-03-13 12:10:20]
sending 20 signals using command: 'ssh -T mic0 killall -2 clamr_openmponly' after 37.7747027464s
[INFO -- 2017-03-13 12:10:21]
sending 20 signals using command: 'ssh -T mic0 killall -2 clamr_openmponly' after 38.7379079427s
[INFO -- 2017-03-13 12:10:21]
shell stdout: 
[INFO -- 2017-03-13 12:10:21]
shell stdout: 
[INFO -- 2017-03-13 12:10:21]
shell stdout: 
[INFO -- 2017-03-13 12:10:22]
shell stdout: 
[INFO -- 2017-03-13 12:10:22]
shell stdout: 
[INFO -- 2017-03-13 12:10:22]
shell stdout: 
[INFO -- 2017-03-13 12:10:22]
shell stdout: 
[INFO -- 2017-03-13 12:10:22]
shell stdout: 
[INFO -- 2017-03-13 12:10:22]
shell stdout: 
[INFO -- 2017-03-13 12:10:23]
shell stdout: 
[INFO -- 2017-03-13 12:10:23]
shell stdout: 
[INFO -- 2017-03-13 12:10:23]
shell stdout: 
[INFO -- 2017-03-13 12:10:23]
shell stdout: 
[INFO -- 2017-03-13 12:10:24]
shell stdout: 
[INFO -- 2017-03-13 12:10:24]
shell stdout: 
[INFO -- 2017-03-13 12:10:24]
shell stdout: 
[INFO -- 2017-03-13 12:10:24]
shell stdout: 
[INFO -- 2017-03-13 12:10:25]
shell stdout: 
[INFO -- 2017-03-13 12:10:25]
shell stdout: 
[INFO -- 2017-03-13 12:10:25]
shell stdout: 
[INFO -- 2017-03-13 12:10:25]
shell stdout: 
[INFO -- 2017-03-13 12:10:25]
shell stdout: 
[INFO -- 2017-03-13 12:10:26]
shell stdout: 
[INFO -- 2017-03-13 12:10:26]
shell stdout: 
[INFO -- 2017-03-13 12:10:26]
shell stdout: 
[INFO -- 2017-03-13 12:10:26]
shell stdout: 
[INFO -- 2017-03-13 12:10:26]
shell stdout: 
[INFO -- 2017-03-13 12:10:27]
shell stdout: 
[INFO -- 2017-03-13 12:10:27]
shell stdout: 
[INFO -- 2017-03-13 12:10:27]
shell stdout: 
[INFO -- 2017-03-13 12:10:27]
shell stdout: 
[INFO -- 2017-03-13 12:10:28]
shell stdout: 
[INFO -- 2017-03-13 12:10:28]
shell stdout: 
[INFO -- 2017-03-13 12:10:28]
shell stdout: 
[INFO -- 2017-03-13 12:10:28]
shell stdout: 
[INFO -- 2017-03-13 12:10:29]
shell stdout: 
[INFO -- 2017-03-13 12:10:29]
shell stdout: 
[INFO -- 2017-03-13 12:10:29]
shell stdout: 
[INFO -- 2017-03-13 12:10:29]
shell stdout: 
[INFO -- 2017-03-13 12:10:29]
shell stdout: 
[INFO -- 2017-03-13 12:16:51]
no gdbExecName running, out:
[INFO -- 2017-03-13 12:16:51]
checCmd:ps -e | grep -i gdb-mic
[INFO -- 2017-03-13 12:16:51]
finished now-timestampStart < maxWaitTime*5
[INFO -- 2017-03-13 12:16:51]
now: 1489421802
[INFO -- 2017-03-13 12:16:51]
timestampStart: 1489421382
[INFO -- 2017-03-13 12:16:51]
kill cmd: killall -9 gdb-mic
[INFO -- 2017-03-13 12:16:51]
shell stdout: 
[INFO -- 2017-03-13 12:16:51]
kill cmd: ssh -T mic0 killall -9 clamr_openmponly
[INFO -- 2017-03-13 12:16:51]
shell stdout: 
[INFO -- 2017-03-13 12:16:52]
kill cmd: ssh -T mic0 killall -9 gdbserver
[INFO -- 2017-03-13 12:16:52]
shell stdout: 
[INFO -- 2017-03-13 12:16:52]
kill cmd: ssh -T mic0 killall -9 sshd
[INFO -- 2017-03-13 12:16:52]
shell stdout: 
