[INFO -- 2017-02-28 16:59:44]
Starting GDB script
[INFO -- 2017-02-28 16:59:44]
initSignal:40.0
[INFO -- 2017-02-28 16:59:44]
endSignal:49.0
[INFO -- 2017-02-28 16:59:44]
seqSignal:20
[INFO -- 2017-02-28 17:00:27]
sending 20 signals using command: 'ssh -T mic0 killall -2 clamr_openmponly' after 43.8523878066s
[INFO -- 2017-02-28 17:00:28]
shell stdout: 
[INFO -- 2017-02-28 17:00:29]
shell stdout: 
[INFO -- 2017-02-28 17:00:29]
shell stdout: 
[INFO -- 2017-02-28 17:00:30]
shell stdout: 
[INFO -- 2017-02-28 17:00:30]
shell stdout: 
[INFO -- 2017-02-28 17:00:31]
shell stdout: 
[INFO -- 2017-02-28 17:00:31]
shell stdout: 
[INFO -- 2017-02-28 17:00:31]
sending 20 signals using command: 'ssh -T mic0 killall -2 clamr_openmponly' after 47.6775992153s
[INFO -- 2017-02-28 17:00:31]
shell stdout: 
[INFO -- 2017-02-28 17:00:32]
shell stdout: 
[INFO -- 2017-02-28 17:00:32]
shell stdout: 
[INFO -- 2017-02-28 17:00:32]
shell stdout: 
[INFO -- 2017-02-28 17:00:32]
shell stdout: 
[INFO -- 2017-02-28 17:00:33]
shell stdout: 
[INFO -- 2017-02-28 17:00:33]
shell stdout: 
[INFO -- 2017-02-28 17:00:33]
shell stdout: 
[INFO -- 2017-02-28 17:00:33]
shell stdout: 
[INFO -- 2017-02-28 17:00:34]
shell stdout: 
[INFO -- 2017-02-28 17:00:34]
shell stdout: 
[INFO -- 2017-02-28 17:00:34]
shell stdout: 
[INFO -- 2017-02-28 17:00:34]
shell stdout: 
[INFO -- 2017-02-28 17:00:35]
shell stdout: 
[INFO -- 2017-02-28 17:00:35]
shell stdout: 
[INFO -- 2017-02-28 17:00:35]
shell stdout: 
[INFO -- 2017-02-28 17:00:35]
shell stdout: 
[INFO -- 2017-02-28 17:00:36]
shell stdout: 
[INFO -- 2017-02-28 17:00:36]
shell stdout: 
[INFO -- 2017-02-28 17:00:37]
shell stdout: 
[INFO -- 2017-02-28 17:00:37]
shell stdout: 
[INFO -- 2017-02-28 17:00:38]
shell stdout: 
[INFO -- 2017-02-28 17:00:38]
shell stdout: 
[INFO -- 2017-02-28 17:00:39]
shell stdout: 
[INFO -- 2017-02-28 17:00:39]
shell stdout: 
[INFO -- 2017-02-28 17:00:39]
shell stdout: 
[INFO -- 2017-02-28 17:00:40]
shell stdout: 
[INFO -- 2017-02-28 17:00:41]
shell stdout: 
[INFO -- 2017-02-28 17:00:41]
shell stdout: 
[INFO -- 2017-02-28 17:00:42]
shell stdout: 
[INFO -- 2017-02-28 17:00:43]
shell stdout: 
[INFO -- 2017-02-28 17:00:43]
shell stdout: 
[INFO -- 2017-02-28 17:00:44]
shell stdout: 
[INFO -- 2017-02-28 17:00:55]
no gdbExecName running, out:
[INFO -- 2017-02-28 17:00:55]
checCmd:ps -e | grep -i gdb-mic
[INFO -- 2017-02-28 17:00:55]
finished now-timestampStart < maxWaitTime*5
[INFO -- 2017-02-28 17:00:55]
now: 1488319246
[INFO -- 2017-02-28 17:00:55]
timestampStart: 1488319184
[INFO -- 2017-02-28 17:00:55]
kill cmd: killall -9 gdb-mic
[INFO -- 2017-02-28 17:00:55]
shell stdout: 
[INFO -- 2017-02-28 17:00:55]
kill cmd: ssh -T mic0 killall -9 clamr_openmponly
[INFO -- 2017-02-28 17:00:55]
shell stdout: 
[INFO -- 2017-02-28 17:00:56]
kill cmd: ssh -T mic0 killall -9 gdbserver
[INFO -- 2017-02-28 17:00:56]
shell stdout: 
[INFO -- 2017-02-28 17:00:56]
kill cmd: ssh -T mic0 killall -9 sshd
[INFO -- 2017-02-28 17:00:56]
shell stdout: 
