2017-01-23 16:37:52:Starting flip_value script
2017-01-23 16:37:52:Initialization strings:
2017-01-23 16:37:53:(1) target extended-remote | ssh -T mic0 gdbserver --multi -
2017-01-23 16:37:53:(2) set sysroot /opt/mpss/3.7/sysroots/k1om-mpss-linux/
2017-01-23 16:37:53:(3) set sysroot /opt/mpss/3.7/sysroots/k1om-mpss-linux/
2017-01-23 16:37:53:(4) file /micNfs/gdb-fault-injection/injector/bin/lud/lud_check
2017-01-23 16:37:53:(5) set remote exec-file /micNfs/gdb-fault-injection/injector/bin/lud/lud_check
2017-01-23 16:37:53:(6) set args -s 2048 -n 228 -i /micNfs/gdb-fault-injection/injector/bin/lud/input_2048_th_228 -g /micNfs/gdb-fault-injection/injector/bin/lud/gold_2048_th_228
2017-01-23 16:37:53:initSignal:2
2017-01-23 16:37:53:endSignal:4
2017-01-23 16:37:53:seqSignal:30
2017-01-23 16:37:56:Trying Fault Injection
2017-01-23 16:37:56:Inferior PID: 186349
2017-01-23 16:37:56:Inferior is valid: True
2017-01-23 16:37:56:Inferior #threads: 229
2017-01-23 16:37:56:Backtrace BEGIN:
2017-01-23 16:37:56:#0  0x0000000000404cd8 in L_lud_omp_123__par_loop2_2_5 () at lud_omp.c:148
#1  0x00007ffff790ba1f in ?? ()
#2  0x00007fffffffd9c0 in ?? ()
#3  0x00007ffff4ea0100 in ?? ()
#4  0x0000000000000001 in ?? ()
#5  0x0000000000000003 in ?? ()
#6  0x0000000000000000 in ?? ()

2017-01-23 16:37:56:143	            for (i = 0; i < BS; i++)
144	            {
145	                for (k=0; k < BS; k++) {
146	#pragma omp simd 
147	                    for (j = 0; j < BS; j++) {
148	                        sum[j] += temp_left[BS*i + k] * temp_top[BS*k + j];
149	                    }
150	                }
151	#pragma omp simd 
152	                for (j = 0; j < BS; j++) {

2017-01-23 16:37:56:Backtrace END
2017-01-23 16:38:02:Thread name: None
2017-01-23 16:38:02:Thread num: 37
2017-01-23 16:38:02:Thread ptid: (186349, 186389, 0)
2017-01-23 16:38:02:Error Exception(frameFlip): invalid frame
2017-01-23 16:38:02:Error Exception(frameFlip): invalid frame
2017-01-23 16:38:02:Error Exception(frameFlip): invalid frame
2017-01-23 16:38:02:Error Exception(frameFlip): invalid frame
2017-01-23 16:38:02:Error Exception(frameFlip): invalid frame
2017-01-23 16:38:02:Error Exception(frameFlip): invalid frame
2017-01-23 16:38:02:Error Exception(frameFlip): invalid frame
2017-01-23 16:38:02:Error Exception(frameFlip): invalid frame
2017-01-23 16:38:02:Error Exception(frameFlip): invalid frame
2017-01-23 16:38:02:Error Exception(frameFlip): invalid frame
2017-01-23 16:38:02:Error Exception(frameFlip): invalid frame
2017-01-23 16:38:02:Error Exception(frameFlip): invalid frame
2017-01-23 16:38:02:Error Exception(frameFlip): invalid frame
2017-01-23 16:38:02:Error Exception(frameFlip): invalid frame
2017-01-23 16:38:02:Error Exception(frameFlip): invalid frame
2017-01-23 16:38:02:Error Exception(frameFlip): invalid frame
2017-01-23 16:38:02:Error Exception(frameFlip): invalid frame
2017-01-23 16:38:02:Error Exception(frameFlip): invalid frame
2017-01-23 16:38:02:Error Exception(frameFlip): invalid frame
2017-01-23 16:38:02:Error Exception(frameFlip): invalid frame
2017-01-23 16:38:02:Error Exception(frameFlip): invalid frame
2017-01-23 16:38:02:Error Exception(frameFlip): invalid frame
2017-01-23 16:38:02:Error Exception(frameFlip): invalid frame
2017-01-23 16:38:02:Error Exception(frameFlip): invalid frame
2017-01-23 16:38:02:Error Exception(frameFlip): invalid frame
2017-01-23 16:38:02:Error Exception(frameFlip): invalid frame
2017-01-23 16:38:02:Error Exception(frameFlip): invalid frame
2017-01-23 16:38:02:Error Exception(frameFlip): invalid frame
2017-01-23 16:38:02:bitFlip function
2017-01-23 16:38:02:Type: The type is an integer type.
2017-01-23 16:38:02:Type sizeof: 4
2017-01-23 16:38:02:Mem contents(hex):0x900x2d0x000x00
2017-01-23 16:38:02:base address to flip value: 0x7fffffffd934
2017-01-23 16:38:02:address max offset: 4
2017-01-23 16:38:02:Memory content before bitflip:0x900x2d0x000x00
2017-01-23 16:38:02:Memory content after  bitflip:0x900x2d0x020x00
2017-01-23 16:38:02:Mem contents(hex):0x900x2d0x020x00
2017-01-23 16:38:02:frame name: L_lud_omp_123__par_loop2_2_5
2017-01-23 16:38:02:symbol name: chunks_per_inter
2017-01-23 16:38:02:symbol filename: lud_omp.c
2017-01-23 16:38:02:symbol line: 45
2017-01-23 16:38:02:value: 142736
2017-01-23 16:38:02:value address: 0x7fffffffd934
2017-01-23 16:38:02:Type: The type is an integer type.
2017-01-23 16:38:02:Type sizeof: 4
2017-01-23 16:38:02:Fault Injection Successful after 9.89662289619s
2017-01-23 16:38:03:Fault Already Injected
2017-01-23 16:38:03:Fault Already Injected
2017-01-23 16:38:03:Fault Already Injected
2017-01-23 16:38:03:Fault Already Injected
2017-01-23 16:38:03:Fault Already Injected
2017-01-23 16:38:04:Fault Already Injected
2017-01-23 16:38:04:Fault Already Injected
2017-01-23 16:38:04:Fault Already Injected
2017-01-23 16:38:04:Fault Already Injected
2017-01-23 16:38:04:Fault Already Injected
2017-01-23 16:38:05:Fault Already Injected
2017-01-23 16:38:05:Fault Already Injected
2017-01-23 16:38:05:Fault Already Injected
2017-01-23 16:38:06:Fault Already Injected
2017-01-23 16:38:06:Fault Already Injected
2017-01-23 16:38:06:Fault Already Injected
2017-01-23 16:38:07:Fault Already Injected
2017-01-23 16:38:07:Fault Already Injected
2017-01-23 16:38:07:Fault Already Injected
2017-01-23 16:38:08:Fault Already Injected
2017-01-23 16:38:08:Fault Already Injected
2017-01-23 16:38:08:Fault Already Injected
2017-01-23 16:38:09:Fault Already Injected
2017-01-23 16:38:09:Fault Already Injected
2017-01-23 16:38:09:Fault Already Injected
2017-01-23 16:38:09:Fault Already Injected
2017-01-23 16:38:09:Fault Already Injected
2017-01-23 16:38:10:Fault Already Injected
2017-01-23 16:38:10:Fault Already Injected
2017-01-23 16:38:10:Fault Already Injected
2017-01-23 16:38:10:Fault Already Injected
2017-01-23 16:38:11:Fault Already Injected
2017-01-23 16:38:11:Fault Already Injected
2017-01-23 16:38:11:Fault Already Injected
2017-01-23 16:38:12:Fault Already Injected
2017-01-23 16:38:12:Fault Already Injected
2017-01-23 16:38:12:Fault Already Injected
2017-01-23 16:38:12:Fault Already Injected
2017-01-23 16:38:12:Fault Already Injected
2017-01-23 16:38:12:Fault Already Injected
2017-01-23 16:38:13:Fault Already Injected
2017-01-23 16:38:13:Fault Already Injected
2017-01-23 16:38:13:Fault Already Injected
2017-01-23 16:38:13:event type: exit
2017-01-23 16:38:13:exit code: 0
