2016-10-21 12:40:52:Starting GDB script
2016-10-21 12:40:53:sending signal using command: 'ssh -T mic0 killall -2 needle_check' after 0.186556382549s
2016-10-21 12:40:53:shell stdout: 
2016-10-21 12:40:53:sending signal using command: 'ssh -T mic0 killall -2 needle_check' after 0.251190681595s
2016-10-21 12:40:53:shell stdout: 
2016-10-21 12:40:57:sending signal using command: 'ssh -T mic0 killall -2 needle_check' after 4.64720062394s
2016-10-21 12:40:57:shell stdout: 
2016-10-21 12:41:01:sending signal using command: 'ssh -T mic0 killall -2 needle_check' after 8.02515761085s
2016-10-21 12:41:01:shell stdout: 
2016-10-21 12:41:04:sending signal using command: 'ssh -T mic0 killall -2 needle_check' after 10.9425467039s
2016-10-21 12:41:04:shell stdout: 
2016-10-21 12:41:06:sending signal using command: 'ssh -T mic0 killall -2 needle_check' after 12.8896460442s
2016-10-21 12:41:06:shell stdout: 
2016-10-21 12:41:06:sending signal using command: 'ssh -T mic0 killall -2 needle_check' after 13.0882984257s
2016-10-21 12:41:06:shell stdout: 
2016-10-21 12:41:07:sending signal using command: 'ssh -T mic0 killall -2 needle_check' after 14.6267866742s
2016-10-21 12:41:07:shell stdout: 
2016-10-21 12:41:08:sending signal using command: 'ssh -T mic0 killall -2 needle_check' after 15.2043074789s
2016-10-21 12:41:08:shell stdout: 
2016-10-21 12:41:09:sending signal using command: 'ssh -T mic0 killall -2 needle_check' after 16.6519164151s
2016-10-21 12:41:09:shell stdout: 
2016-10-21 12:41:12:no gdbExecName running, out:
2016-10-21 12:41:12:checCmd:ps -e | grep -i gdb-mic
2016-10-21 12:41:12:finished now-timestampStart < maxWaitTime*5
2016-10-21 12:41:12:now: 1477068071
2016-10-21 12:41:12:timestampStart: 1477068052
2016-10-21 12:41:13:kill cmd: killall -9 gdb-mic
2016-10-21 12:41:13:shell stdout: 
2016-10-21 12:41:13:kill cmd: ssh -T mic0 killall -9 needle_check
2016-10-21 12:41:13:shell stdout: 
2016-10-21 12:41:13:kill cmd: ssh -T mic0 killall -9 gdbserver
2016-10-21 12:41:13:shell stdout: 
2016-10-21 12:41:14:kill cmd: ssh -T mic0 killall -9 sshd
2016-10-21 12:41:14:shell stdout: 
