[INFO -- 2017-02-28 23:30:39]
Starting GDB script
[INFO -- 2017-02-28 23:30:39]
initSignal:0.0
[INFO -- 2017-02-28 23:30:39]
endSignal:3.0
[INFO -- 2017-02-28 23:30:39]
seqSignal:15
[INFO -- 2017-02-28 23:30:40]
sending 15 signals using command: 'ssh -T mic1 killall -2 hotspot_check' after 0.974437630964s
[INFO -- 2017-02-28 23:30:40]
sending 15 signals using command: 'ssh -T mic1 killall -2 hotspot_check' after 1.19431122538s
[INFO -- 2017-02-28 23:30:40]
shell stdout: 
[INFO -- 2017-02-28 23:30:40]
shell stdout: 
[INFO -- 2017-02-28 23:30:40]
shell stdout: 
[INFO -- 2017-02-28 23:30:41]
shell stdout: 
[INFO -- 2017-02-28 23:30:41]
shell stdout: 
[INFO -- 2017-02-28 23:30:41]
shell stdout: 
[INFO -- 2017-02-28 23:30:41]
shell stdout: 
[INFO -- 2017-02-28 23:30:41]
shell stdout: 
[INFO -- 2017-02-28 23:30:42]
sending 15 signals using command: 'ssh -T mic1 killall -2 hotspot_check' after 2.84899287522s
[INFO -- 2017-02-28 23:30:42]
shell stdout: 
[INFO -- 2017-02-28 23:30:42]
shell stdout: 
[INFO -- 2017-02-28 23:30:42]
shell stdout: 
[INFO -- 2017-02-28 23:30:42]
shell stdout: 
[INFO -- 2017-02-28 23:30:42]
shell stdout: 
[INFO -- 2017-02-28 23:30:42]
shell stdout: 
[INFO -- 2017-02-28 23:30:42]
shell stdout: 
[INFO -- 2017-02-28 23:30:43]
shell stdout: 
[INFO -- 2017-02-28 23:30:43]
shell stdout: 
[INFO -- 2017-02-28 23:30:43]
shell stdout: 
[INFO -- 2017-02-28 23:30:43]
shell stdout: 
[INFO -- 2017-02-28 23:30:43]
shell stdout: 
[INFO -- 2017-02-28 23:30:43]
shell stdout: 
[INFO -- 2017-02-28 23:30:43]
shell stdout: 
[INFO -- 2017-02-28 23:30:44]
shell stdout: 
[INFO -- 2017-02-28 23:30:44]
shell stdout: 
[INFO -- 2017-02-28 23:30:44]
shell stdout: 
[INFO -- 2017-02-28 23:30:44]
shell stdout: 
[INFO -- 2017-02-28 23:30:44]
shell stdout: 
[INFO -- 2017-02-28 23:30:44]
shell stdout: 
[INFO -- 2017-02-28 23:30:44]
shell stdout: 
[INFO -- 2017-02-28 23:30:45]
shell stdout: 
[INFO -- 2017-02-28 23:30:45]
shell stdout: 
[INFO -- 2017-02-28 23:30:45]
shell stdout: 
[INFO -- 2017-02-28 23:30:45]
shell stdout: 
[INFO -- 2017-02-28 23:30:45]
shell stdout: 
[INFO -- 2017-02-28 23:30:45]
shell stdout: 
[INFO -- 2017-02-28 23:30:45]
shell stdout: 
[INFO -- 2017-02-28 23:30:46]
shell stdout: 
[INFO -- 2017-02-28 23:30:46]
shell stdout: 
[INFO -- 2017-02-28 23:30:46]
shell stdout: 
[INFO -- 2017-02-28 23:30:46]
shell stdout: 
[INFO -- 2017-02-28 23:30:46]
shell stdout: 
[INFO -- 2017-02-28 23:30:46]
shell stdout: 
[INFO -- 2017-02-28 23:30:47]
shell stdout: 
[INFO -- 2017-02-28 23:30:47]
shell stdout: 
[INFO -- 2017-02-28 23:30:48]
shell stdout: 
[INFO -- 2017-02-28 23:31:09]
no gdbExecName running, out:
[INFO -- 2017-02-28 23:31:09]
checCmd:ps -e | grep -i gdb-mic
[INFO -- 2017-02-28 23:31:09]
finished now-timestampStart < maxWaitTime*5
[INFO -- 2017-02-28 23:31:09]
now: 1488342668
[INFO -- 2017-02-28 23:31:09]
timestampStart: 1488342639
[INFO -- 2017-02-28 23:31:09]
kill cmd: killall -9 gdb-mic
[INFO -- 2017-02-28 23:31:09]
shell stdout: 
[INFO -- 2017-02-28 23:31:10]
kill cmd: ssh -T mic1 killall -9 hotspot_check
[INFO -- 2017-02-28 23:31:10]
shell stdout: 
[INFO -- 2017-02-28 23:31:10]
kill cmd: ssh -T mic1 killall -9 gdbserver
[INFO -- 2017-02-28 23:31:10]
shell stdout: 
[INFO -- 2017-02-28 23:31:10]
kill cmd: ssh -T mic1 killall -9 sshd
[INFO -- 2017-02-28 23:31:10]
shell stdout: 
