2016-10-29 23:54:16:Initialization strings:
2016-10-29 23:54:16:(1) target extended-remote | ssh -T mic0 gdbserver --multi -
2016-10-29 23:54:16:(2) set sysroot /opt/mpss/3.7/sysroots/k1om-mpss-linux/
2016-10-29 23:54:16:(3) set sysroot /opt/mpss/3.7/sysroots/k1om-mpss-linux/
2016-10-29 23:54:16:(4) file /micNfs/gdb-fault-injection-lavamd/bin/lavamd
2016-10-29 23:54:16:(5) set remote exec-file /micNfs/gdb-fault-injection-lavamd/bin/lavamd
2016-10-29 23:54:16:(6) set args 228 15 /micNfs/gdb-fault-injection-lavamd/bin/input_distance_228_15 /micNfs/gdb-fault-injection-lavamd/bin/input_charges_228_15 /micNfs/gdb-fault-injection-lavamd/bin/output_gold_228_15 1
2016-10-29 23:54:17:Trying Fault Injection
2016-10-29 23:54:17:Inferior PID: 172835
2016-10-29 23:54:17:Inferior is valid: True
2016-10-29 23:54:17:Inferior #threads: 1
2016-10-29 23:54:17:Backtrace BEGIN:
2016-10-29 23:54:17:#0  0x00007ffff71505d6 in __GI_memcpy (dstpp=dstpp@entry=0x7ffff626f4d8, srcpp=<optimized out>, len=<optimized out>, len@entry=8) at ../string/memcpy.c:59
#1  0x00007ffff714296b in __GI__IO_file_xsgetn (fp=0x60e1c0, data=<optimized out>, n=8) at fileops.c:1371
#2  0x00007ffff7138929 in __GI__IO_fread (buf=<optimized out>, size=1, count=8, fp=0x60e1c0) at iofread.c:42
#3  0x0000000000402204 in main (argc=7, argv=0x7fffffffec08) at main_check.c:149

2016-10-29 23:54:17:54	in ../string/memcpy.c

2016-10-29 23:54:17:Backtrace END
2016-10-29 23:54:17:Thread name: None
2016-10-29 23:54:17:Thread num: 1
2016-10-29 23:54:17:Thread ptid: (172835, 172835, 0)
2016-10-29 23:54:17:bitFlip function
2016-10-29 23:54:17:Type: The type is an integer type.
2016-10-29 23:54:17:Type sizeof: 4
2016-10-29 23:54:17:Mem contents(hex):0x010x000x000x00
2016-10-29 23:54:17:base address to flip value: 0x60ca20 
2016-10-29 23:54:17:address max offset: 4
2016-10-29 23:54:17:Memory content before bitflip:0x010x000x000x00
2016-10-29 23:54:17:Memory content after  bitflip:0x010x000x000x04
2016-10-29 23:54:17:Mem contents(hex):0x010x000x000x04
2016-10-29 23:54:17:frame name: main
2016-10-29 23:54:17:symbol name: iteractions
2016-10-29 23:54:17:symbol filename: main_check.c
2016-10-29 23:54:17:symbol line: 41
2016-10-29 23:54:17:value: 67108865
2016-10-29 23:54:17:value address: 0x60ca20 <iteractions>
2016-10-29 23:54:17:Type: The type is an integer type.
2016-10-29 23:54:17:Type sizeof: 4
2016-10-29 23:54:17:Fault Injection Successful after 1.54517388344s
2016-10-29 23:54:17:Fault Already Injected
2016-10-29 23:54:20:Fault Already Injected
2016-10-29 23:54:22:Fault Already Injected
2016-10-29 23:54:22:Fault Already Injected
2016-10-29 23:54:22:Fault Already Injected
2016-10-29 23:54:23:Fault Already Injected
2016-10-29 23:54:26:Fault Already Injected
2016-10-29 23:54:26:Fault Already Injected
