#HEADER matrix_dim:2048 threads:228
#BEGIN Y:2017 M:01 D:26 Time:13:20:40
#IT Ite:0 KerTime:19.800474 AccTime:19.800474
#ERR  p: [1161, 1539], r: 6.8579775094985962e-01, e: 6.8528676033020020e-01
#ERR  p: [2032, 1539], r: 1.2204051017761230e-02, e: 1.2202054262161255e-02
#ERR  p: [2024, 1539], r: 1.2308716773986816e-02, e: 1.2301716953516006e-02
#ERR  p: [1242, 1539], r: 7.4322533607482910e-01, e: 7.4305981397628784e-01
#ERR  p: [1233, 1539], r: 7.3692804574966431e-01, e: 7.3636847734451294e-01
#ERR  p: [1269, 1539], r: 7.6485276222229004e-01, e: 7.6321768760681152e-01
#ERR  p: [2040, 1539], r: 1.2097120285034180e-02, e: 1.2107476592063904e-02
#ERR  p: [1161, 1540], r: 6.8503314256668091e-01, e: 6.8452852964401245e-01
#ERR  p: [2016, 1539], r: 1.2411348521709442e-02, e: 1.2398973107337952e-02
#ERR  p: [1971, 1539], r: 1.2970104813575745e-02, e: 1.2971226125955582e-02
#ERR  p: [1962, 1539], r: 1.3087637722492218e-02, e: 1.3089351356029510e-02
#ERR  p: [1989, 1539], r: 1.2738313525915146e-02, e: 1.2737240642309189e-02
#ERR  p: [1998, 1539], r: 1.2631390243768692e-02, e: 1.2624874711036682e-02
#ERR  p: [1917, 1539], r: 1.3693697750568390e-02, e: 1.3690456748008728e-02
#ERR  p: [1872, 1539], r: 1.4323618263006210e-02, e: 1.4321163296699524e-02
#ERR  p: [1899, 1539], r: 1.3945914804935455e-02, e: 1.3939760625362396e-02
#ERR  p: [1197, 1539], r: 7.1049636602401733e-01, e: 7.1033978462219238e-01
#ERR  p: [1206, 1539], r: 7.1701097488403320e-01, e: 7.1660149097442627e-01
#ERR  p: [1485, 1539], r: 9.4714844226837158e-01, e: 9.4718873500823975e-01
#ERR  p: [1836, 1539], r: 1.4836989343166351e-02, e: 1.4845408499240875e-02
#ERR  p: [1890, 1539], r: 1.4073014259338379e-02, e: 1.4067135751247406e-02
#ERR  p: [1188, 1539], r: 7.0288634300231934e-01, e: 7.0402771234512329e-01
#ERR  p: [1953, 1539], r: 1.3220168650150299e-02, e: 1.3206344097852707e-02
#ERR  p: [1215, 1539], r: 7.2314298152923584e-01, e: 7.2321385145187378e-01
#ERR  p: [1980, 1539], r: 1.2846197932958603e-02, e: 1.2854654341936111e-02
#ERR  p: [1251, 1539], r: 7.4976128339767456e-01, e: 7.4963915348052979e-01
#ERR  p: [2007, 1539], r: 1.2517593801021576e-02, e: 1.2514006346464157e-02
#ERR  p: [1944, 1539], r: 1.3325087726116180e-02, e: 1.3327404856681824e-02
#ERR  p: [1935, 1539], r: 1.3443514704704285e-02, e: 1.3446982949972153e-02
#ERR  p: [1881, 1539], r: 1.4194678515195847e-02, e: 1.4191690832376480e-02
#ERR  p: [1908, 1539], r: 1.3816837221384048e-02, e: 1.3814367353916168e-02
#ERR  p: [1845, 1539], r: 1.4716621488332748e-02, e: 1.4711998403072357e-02
#ERR  p: [1791, 1539], r: 1.5528019517660141e-02, e: 1.5532992780208588e-02
#ERR  p: [1800, 1539], r: 1.5394784510135651e-02, e: 1.5391655266284943e-02
#ERR  p: [1854, 1539], r: 1.4574825763702393e-02, e: 1.4578245580196381e-02
#ERR  p: [1926, 1539], r: 1.3561602681875229e-02, e: 1.3565409928560257e-02
#ERR  p: [1863, 1539], r: 1.4461323618888855e-02, e: 1.4450125396251678e-02
#ERR  p: [2032, 1540], r: 1.2221634387969971e-02, e: 1.2222625315189362e-02
#ERR  p: [1242, 1540], r: 7.4238127470016479e-01, e: 7.4218666553497314e-01
#ERR  p: [2024, 1540], r: 1.2314703315496445e-02, e: 1.2315627187490463e-02
#ERR  p: [1233, 1540], r: 7.3619699478149414e-01, e: 7.3563903570175171e-01
#ERR  p: [1224, 1539], r: 7.3060089349746704e-01, e: 7.2979682683944702e-01
#ERR  p: [1269, 1540], r: 7.6409560441970825e-01, e: 7.6245015859603882e-01
#ERR  p: [1818, 1539], r: 1.5113893896341324e-02, e: 1.5114057809114456e-02
#ERR  p: [1782, 1539], r: 1.5677139163017273e-02, e: 1.5669286251068115e-02
#ERR  p: [1278, 1539], r: 7.7078658342361450e-01, e: 7.7039492130279541e-01
#ERR  p: [1116, 1539], r: 6.5612882375717163e-01, e: 6.5506649017333984e-01
#ERR  p: [1827, 1539], r: 1.4983531087636948e-02, e: 1.4981109648942947e-02
#ERR  p: [1809, 1539], r: 1.5259206295013428e-02, e: 1.5251301229000092e-02
#ERR  p: [2040, 1540], r: 1.2121647596359253e-02, e: 1.2121096253395081e-02
#ERR  p: [1125, 1539], r: 6.6114455461502075e-01, e: 6.6101515293121338e-01
#ERR  p: [1152, 1539], r: 6.8174326419830322e-01, e: 6.7918145656585693e-01
#ERR  p: [1260, 1539], r: 7.5706213712692261e-01, e: 7.5666314363479614e-01
#ERR  p: [1179, 1539], r: 6.9645100831985474e-01, e: 6.9756734371185303e-01
#ERR  p: [1161, 1541], r: 6.8428981304168701e-01, e: 6.8377399444580078e-01
#ERR  p: [1134, 1539], r: 6.6508144140243530e-01, e: 6.6690999269485474e-01
#ERR  p: [1287, 1539], r: 7.7669322490692139e-01, e: 7.7745389938354492e-01
#ERR  p: [1773, 1539], r: 1.5806905925273895e-02, e: 1.5809047967195511e-02
#ERR  p: [1737, 1539], r: 1.6393400728702545e-02, e: 1.6391478478908539e-02
#ERR  p: [1764, 1539], r: 1.5968531370162964e-02, e: 1.5955828130245209e-02
#ERR  p: [1746, 1539], r: 1.6236960887908936e-02, e: 1.6243271529674530e-02
#ERR  p: [1143, 1539], r: 6.7305916547775269e-01, e: 6.7283916473388672e-01
#ERR  p: [1296, 1539], r: 7.8521239757537842e-01, e: 7.8437244892120361e-01
#ERR  p: [1386, 1539], r: 8.5675758123397827e-01, e: 8.5794395208358765e-01
#ERR  p: [1170, 1539], r: 6.9178181886672974e-01, e: 6.9148933887481689e-01
#ERR  p: [1521, 1539], r: 9.8109805583953857e-01, e: 9.8207861185073853e-01
#ERR  p: [1350, 1539], r: 8.2860147953033447e-01, e: 8.2781630754470825e-01
#ERR  p: [1377, 1539], r: 8.5037362575531006e-01, e: 8.5038524866104126e-01
#ERR  p: [1728, 1539], r: 1.6547143459320068e-02, e: 1.6541510820388794e-02
#ERR  p: [1656, 1539], r: 1.7763499170541763e-02, e: 1.7776250839233398e-02
#ERR  p: [1755, 1539], r: 1.6100622713565826e-02, e: 1.6100842505693436e-02
#ERR  p: [1701, 1539], r: 1.6985967755317688e-02, e: 1.6988381743431091e-02
#ERR  p: [1341, 1539], r: 8.2058322429656982e-01, e: 8.2042288780212402e-01
#ERR  p: [1323, 1539], r: 8.0506896972656250e-01, e: 8.0573183298110962e-01
#ERR  p: [1314, 1539], r: 7.9880118370056152e-01, e: 7.9847711324691772e-01
#ERR  p: [1305, 1539], r: 7.9189348220825195e-01, e: 7.9131108522415161e-01
#ERR  p: [1476, 1539], r: 9.3876808881759644e-01, e: 9.3871104717254639e-01
#ERR  p: [1422, 1539], r: 8.8889259099960327e-01, e: 8.8982570171356201e-01
#ERR  p: [1368, 1539], r: 8.4429901838302612e-01, e: 8.4265804290771484e-01
#ERR  p: [1413, 1539], r: 8.8153898715972900e-01, e: 8.8133847713470459e-01
#ERR  p: [1395, 1539], r: 8.6596536636352539e-01, e: 8.6587309837341309e-01
#ERR  p: [1449, 1539], r: 9.1459405422210693e-01, e: 9.1395795345306396e-01
#ERR  p: [1089, 1539], r: 6.3714462518692017e-01, e: 6.3768839836120605e-01
#ERR  p: [1332, 1539], r: 8.1241804361343384e-01, e: 8.1291943788528442e-01
#ERR  p: [1431, 1539], r: 8.9680111408233643e-01, e: 8.9759570360183716e-01
#ERR  p: [2016, 1540], r: 1.2416228652000427e-02, e: 1.2417174875736237e-02
#ERR  p: [1458, 1539], r: 9.2064136266708374e-01, e: 9.2197871208190918e-01
#ERR  p: [1611, 1539], r: 1.8599860370159149e-02, e: 1.8588878214359283e-02
#ERR  p: [1359, 1539], r: 8.3473855257034302e-01, e: 8.3513385057449341e-01
#ERR  p: [1404, 1539], r: 8.7277752161026001e-01, e: 8.7338507175445557e-01
#ERR  p: [1494, 1539], r: 9.5591324567794800e-01, e: 9.5598596334457397e-01
#ERR  p: [1638, 1539], r: 1.8098540604114532e-02, e: 1.8097698688507080e-02
#ERR  p: [1530, 1539], r: 9.9065762758255005e-01, e: 9.9094998836517334e-01
#ERR  p: [1503, 1539], r: 9.6533256769180298e-01, e: 9.6425729990005493e-01
#ERR  p: [1539, 1539], r: 1.9986065104603767e-02, e: 1.9983792677521706e-02
#ERR  p: [1566, 1539], r: 1.9459478557109833e-02, e: 1.9446142017841339e-02
#ERR  p: [1593, 1539], r: 1.8936894834041595e-02, e: 1.8929984420537949e-02
#ERR  p: [1674, 1539], r: 1.7465658485889435e-02, e: 1.7458390444517136e-02
#ERR  p: [1620, 1539], r: 1.8406808376312256e-02, e: 1.8424421548843384e-02
#ERR  p: [1512, 1539], r: 9.7361975908279419e-01, e: 9.7338187694549561e-01
#ERR  p: [1647, 1539], r: 1.7925746738910675e-02, e: 1.7936192452907562e-02
#ERR  p: [1602, 1539], r: 1.8773071467876434e-02, e: 1.8764659762382507e-02
#ERR  p: [1629, 1539], r: 1.8254574388265610e-02, e: 1.8258482217788696e-02
#ERR  p: [1665, 1539], r: 1.7617382109165192e-02, e: 1.7614476382732391e-02
#ERR  p: [1557, 1539], r: 1.9642837345600128e-02, e: 1.9625015556812286e-02
#ERR  p: [1683, 1539], r: 1.7299331724643707e-02, e: 1.7298705875873566e-02
#ERR  p: [1692, 1539], r: 1.7167299985885620e-02, e: 1.7146449536085129e-02
#ERR  p: [1107, 1539], r: 6.4700472354888916e-01, e: 6.4920514822006226e-01
#ERR  p: [1719, 1539], r: 1.6706950962543488e-02, e: 1.6688600182533264e-02
#ERR  p: [1098, 1539], r: 6.4383310079574585e-01, e: 6.4346009492874146e-01
#ERR  p: [1467, 1539], r: 9.3076038360595703e-01, e: 9.3039053678512573e-01
#ERR  p: [1971, 1540], r: 1.2986943125724792e-02, e: 1.2987487018108368e-02
#ERR  p: [1086, 1539], r: -3.8960134983062744e+00, e: 6.3582015037536621e-01
#ERR  p: [1710, 1539], r: 1.6834292560815811e-02, e: 1.6839139163494110e-02
#ERR  p: [1440, 1539], r: 9.0461546182632446e-01, e: 9.0559828281402588e-01
#ERR  p: [1575, 1539], r: 1.9294977188110352e-02, e: 1.9274190068244934e-02
#ERR  p: [1584, 1539], r: 1.9104756414890289e-02, e: 1.9098661839962006e-02
#ERR  p: [1548, 1539], r: 1.9802382215857506e-02, e: 1.9798353314399719e-02
#ERR  p: [1962, 1540], r: 1.3104617595672607e-02, e: 1.3105042278766632e-02
#ERR  p: [1251, 1540], r: 7.4905562400817871e-01, e: 7.4894481897354126e-01
#ERR  p: [1989, 1540], r: 1.2754216790199280e-02, e: 1.2755461037158966e-02
#ERR  p: [1998, 1540], r: 1.2639310210943222e-02, e: 1.2638982385396957e-02
#ERR  p: [2032, 1541], r: 1.2226369231939316e-02, e: 1.2226242572069168e-02
#ERR  p: [1917, 1540], r: 1.3709276914596558e-02, e: 1.3709284365177155e-02
#ERR  p: [1827, 1540], r: 1.4996178448200226e-02, e: 1.4996498823165894e-02
#ERR  p: [1872, 1540], r: 1.4335755258798599e-02, e: 1.4336612075567245e-02
#ERR  p: [1197, 1540], r: 7.0977967977523804e-01, e: 7.0962160825729370e-01
#ERR  p: [1899, 1540], r: 1.3957001268863678e-02, e: 1.3955991715192795e-02
#ERR  p: [1206, 1540], r: 7.1649676561355591e-01, e: 7.1610558032989502e-01
#ERR  p: [1485, 1540], r: 9.4647878408432007e-01, e: 9.4655781984329224e-01
#ERR  p: [1836, 1540], r: 1.4865487813949585e-02, e: 1.4865368604660034e-02
#ERR  p: [1890, 1540], r: 1.4076843857765198e-02, e: 1.4077901840209961e-02
#ERR  p: [1188, 1540], r: 7.0217567682266235e-01, e: 7.0331513881683350e-01
#ERR  p: [1215, 1540], r: 7.2249782085418701e-01, e: 7.2255301475524902e-01
#ERR  p: [1953, 1540], r: 1.3222631067037582e-02, e: 1.3222966343164444e-02
#ERR  p: [1980, 1540], r: 1.2870665639638901e-02, e: 1.2871235609054565e-02
#ERR  p: [2007, 1540], r: 1.2525327503681183e-02, e: 1.2525707483291626e-02
#ERR  p: [1935, 1540], r: 1.3463608920574188e-02, e: 1.3463716953992844e-02
#ERR  p: [1944, 1540], r: 1.3343349099159241e-02, e: 1.3343825936317444e-02
#ERR  p: [1881, 1540], r: 1.4211878180503845e-02, e: 1.4212958514690399e-02
#ERR  p: [1602, 1540], r: 1.8781617283821106e-02, e: 1.8780827522277832e-02
#ERR  p: [1908, 1540], r: 1.3831548392772675e-02, e: 1.3831526041030884e-02
#ERR  p: [1845, 1540], r: 1.4731619507074356e-02, e: 1.4730986207723618e-02
#ERR  p: [1800, 1540], r: 1.5406213700771332e-02, e: 1.5406630933284760e-02
#ERR  p: [1791, 1540], r: 1.5545103698968887e-02, e: 1.5544466674327850e-02
#ERR  p: [1854, 1540], r: 1.4601774513721466e-02, e: 1.4602098613977432e-02
#ERR  p: [1224, 1540], r: 7.2973453998565674e-01, e: 7.2893983125686646e-01
#ERR  p: [1926, 1540], r: 1.3584878295660019e-02, e: 1.3586696237325668e-02
#ERR  p: [1242, 1541], r: 7.4156928062438965e-01, e: 7.4140000343322754e-01
#ERR  p: [1863, 1540], r: 1.4470472931861877e-02, e: 1.4470513910055161e-02
#ERR  p: [1233, 1541], r: 7.3531490564346313e-01, e: 7.3477107286453247e-01
#ERR  p: [2024, 1541], r: 1.2328665703535080e-02, e: 1.2328557670116425e-02
#ERR  p: [1269, 1541], r: 7.6336795091629028e-01, e: 7.6172506809234619e-01
#ERR  p: [1818, 1540], r: 1.5133522450923920e-02, e: 1.5134576708078384e-02
#ERR  p: [1782, 1540], r: 1.5687540173530579e-02, e: 1.5686657279729843e-02
#ERR  p: [1278, 1540], r: 7.7008903026580811e-01, e: 7.6970779895782471e-01
#ERR  p: [1116, 1540], r: 6.5535128116607666e-01, e: 6.5429109334945679e-01
#ERR  p: [1809, 1540], r: 1.5270024538040161e-02, e: 1.5270434319972992e-02
#ERR  p: [2040, 1541], r: 1.2128293514251709e-02, e: 1.2128986418247223e-02
#ERR  p: [1125, 1540], r: 6.6055613756179810e-01, e: 6.6042560338973999e-01
#ERR  p: [1152, 1540], r: 6.8099075555801392e-01, e: 6.7843341827392578e-01
#ERR  p: [1260, 1540], r: 7.5594121217727661e-01, e: 7.5554001331329346e-01
#ERR  p: [1179, 1540], r: 6.9582837820053101e-01, e: 6.9694095849990845e-01
#ERR  p: [1161, 1542], r: 6.8370765447616577e-01, e: 6.8319815397262573e-01
#ERR  p: [1134, 1540], r: 6.6449010372161865e-01, e: 6.6631716489791870e-01
#ERR  p: [1737, 1540], r: 1.6409859061241150e-02, e: 1.6410082578659058e-02
#ERR  p: [1287, 1540], r: 7.7567309141159058e-01, e: 7.7643859386444092e-01
#ERR  p: [1773, 1540], r: 1.5830934047698975e-02, e: 1.5831954777240753e-02
#ERR  p: [1764, 1540], r: 1.5971414744853973e-02, e: 1.5971101820468903e-02
#ERR  p: [1746, 1540], r: 1.6261503100395203e-02, e: 1.6262985765933990e-02
#ERR  p: [1296, 1540], r: 7.8455519676208496e-01, e: 7.8369218111038208e-01
#ERR  p: [1143, 1540], r: 6.7269861698150635e-01, e: 6.7247670888900757e-01
#ERR  p: [1386, 1540], r: 8.5593581199645996e-01, e: 8.5706627368927002e-01
#ERR  p: [1170, 1540], r: 6.9101095199584961e-01, e: 6.9070631265640259e-01
#ERR  p: [1521, 1540], r: 9.7992026805877686e-01, e: 9.8087394237518311e-01
#ERR  p: [1377, 1540], r: 8.4954959154129028e-01, e: 8.4954035282135010e-01
#ERR  p: [1728, 1540], r: 1.6557194292545319e-02, e: 1.6557089984416962e-02
#ERR  p: [1350, 1540], r: 8.2759934663772583e-01, e: 8.2681041955947876e-01
#ERR  p: [1755, 1540], r: 1.6116008162498474e-02, e: 1.6114778816699982e-02
#ERR  p: [1656, 1540], r: 1.7794832587242126e-02, e: 1.7795585095882416e-02
#ERR  p: [1323, 1540], r: 8.0422335863113403e-01, e: 8.0488479137420654e-01
#ERR  p: [1314, 1540], r: 7.9808855056762695e-01, e: 7.9770392179489136e-01
#ERR  p: [1341, 1540], r: 8.1987315416336060e-01, e: 8.1969493627548218e-01
#ERR  p: [1422, 1540], r: 8.8808697462081909e-01, e: 8.8897907733917236e-01
#ERR  p: [1701, 1540], r: 1.7014756798744202e-02, e: 1.7013221979141235e-02
#ERR  p: [1305, 1540], r: 7.9103666543960571e-01, e: 7.9042148590087891e-01
#ERR  p: [1476, 1540], r: 9.3802756071090698e-01, e: 9.3799138069152832e-01
#ERR  p: [1368, 1540], r: 8.4336334466934204e-01, e: 8.4173798561096191e-01
#ERR  p: [1413, 1540], r: 8.8058024644851685e-01, e: 8.8040465116500854e-01
#ERR  p: [1395, 1540], r: 8.6506462097167969e-01, e: 8.6497420072555542e-01
#ERR  p: [1089, 1540], r: 6.3653004169464111e-01, e: 6.3707381486892700e-01
#ERR  p: [1449, 1540], r: 9.1366118192672729e-01, e: 9.1293036937713623e-01
#ERR  p: [1332, 1540], r: 8.1146782636642456e-01, e: 8.1196027994155884e-01
#ERR  p: [1458, 1540], r: 9.1993528604507446e-01, e: 9.2122191190719604e-01
#ERR  p: [2016, 1541], r: 1.2423004955053329e-02, e: 1.2423619627952576e-02
#ERR  p: [1431, 1540], r: 8.9583200216293335e-01, e: 8.9668250083923340e-01
#ERR  p: [1611, 1540], r: 1.8617212772369385e-02, e: 1.8618978559970856e-02
#ERR  p: [1719, 1540], r: 1.6707971692085266e-02, e: 1.6708150506019592e-02
#ERR  p: [1539, 1540], r: 9.9894243478775024e-01, e: 9.9897217750549316e-01
#ERR  p: [1404, 1540], r: 8.7188965082168579e-01, e: 8.7248009443283081e-01
#ERR  p: [1566, 1540], r: 1.9469529390335083e-02, e: 1.9469723105430603e-02
#ERR  p: [1638, 1540], r: 1.8115788698196411e-02, e: 1.8115997314453125e-02
#ERR  p: [1557, 1540], r: 1.9650027155876160e-02, e: 1.9649080932140350e-02
#ERR  p: [1629, 1540], r: 1.8285416066646576e-02, e: 1.8286876380443573e-02
#ERR  p: [1359, 1540], r: 8.3382791280746460e-01, e: 8.3425825834274292e-01
#ERR  p: [1530, 1540], r: 9.8944264650344849e-01, e: 9.8997813463211060e-01
#ERR  p: [1647, 1540], r: 1.7954438924789429e-02, e: 1.7954118549823761e-02
#ERR  p: [1494, 1540], r: 9.5488888025283813e-01, e: 9.5493960380554199e-01
#ERR  p: [1512, 1540], r: 9.7280776500701904e-01, e: 9.7251397371292114e-01
#ERR  p: [1593, 1540], r: 1.8952220678329468e-02, e: 1.8951646983623505e-02
#ERR  p: [1503, 1540], r: 9.6455705165863037e-01, e: 9.6350562572479248e-01
#ERR  p: [1620, 1540], r: 1.8449649214744568e-02, e: 1.8449425697326660e-02
#ERR  p: [1665, 1540], r: 1.7633348703384399e-02, e: 1.7634496092796326e-02
#ERR  p: [1683, 1540], r: 1.7318770289421082e-02, e: 1.7318323254585266e-02
#ERR  p: [1674, 1540], r: 1.7476223409175873e-02, e: 1.7475292086601257e-02
#ERR  p: [1107, 1540], r: 6.4637863636016846e-01, e: 6.4857441186904907e-01
#ERR  p: [1692, 1540], r: 1.7161935567855835e-02, e: 1.7163299024105072e-02
#ERR  p: [1710, 1540], r: 1.6859531402587891e-02, e: 1.6861230134963989e-02
#ERR  p: [1098, 1540], r: 6.4320498704910278e-01, e: 6.4283353090286255e-01
#ERR  p: [1440, 1540], r: 9.0365946292877197e-01, e: 9.0474522113800049e-01
#ERR  p: [1467, 1540], r: 9.2967838048934937e-01, e: 9.2939656972885132e-01
#ERR  p: [1971, 1541], r: 1.2996926903724670e-02, e: 1.2997612357139587e-02
#ERR  p: [1086, 1540], r: -3.8923327922821045e+00, e: 6.3513773679733276e-01
#ERR  p: [1575, 1540], r: 1.9294910132884979e-02, e: 1.9294798374176025e-02
#ERR  p: [1251, 1541], r: 7.4826306104660034e-01, e: 7.4814909696578979e-01
#ERR  p: [1584, 1540], r: 1.9118845462799072e-02, e: 1.9120596349239349e-02
#ERR  p: [1548, 1540], r: 1.9824832677841187e-02, e: 1.9825996831059456e-02
#ERR  p: [1962, 1541], r: 1.3112686574459076e-02, e: 1.3112366199493408e-02
#ERR  p: [1989, 1541], r: 1.2765534222126007e-02, e: 1.2764871120452881e-02
#ERR  p: [1998, 1541], r: 1.2654341757297516e-02, e: 1.2654587626457214e-02
#ERR  p: [2032, 1542], r: 1.2240752577781677e-02, e: 1.2240640819072723e-02
#ERR  p: [1917, 1541], r: 1.3717249035835266e-02, e: 1.3716764748096466e-02
#ERR  p: [1827, 1541], r: 1.5013031661510468e-02, e: 1.5013448894023895e-02
#ERR  p: [1872, 1541], r: 1.4350228011608124e-02, e: 1.4350846409797668e-02
#ERR  p: [1197, 1541], r: 7.0901232957839966e-01, e: 7.0885419845581055e-01
#ERR  p: [1899, 1541], r: 1.3968534767627716e-02, e: 1.3967953622341156e-02
#ERR  p: [1206, 1541], r: 7.1576398611068726e-01, e: 7.1536648273468018e-01
#ERR  p: [1485, 1541], r: 9.4541019201278687e-01, e: 9.4544523954391479e-01
#ERR  p: [1836, 1541], r: 1.4875620603561401e-02, e: 1.4875434339046478e-02
#ERR  p: [1890, 1541], r: 1.4098070561885834e-02, e: 1.4098189771175385e-02
#ERR  p: [1188, 1541], r: 7.0142674446105957e-01, e: 7.0255166292190552e-01
#ERR  p: [1215, 1541], r: 7.2181683778762817e-01, e: 7.2187578678131104e-01
#ERR  p: [1953, 1541], r: 1.3233765959739685e-02, e: 1.3233445584774017e-02
#ERR  p: [2007, 1541], r: 1.2539044022560120e-02, e: 1.2538634240627289e-02
#ERR  p: [1980, 1541], r: 1.2880653142929077e-02, e: 1.2880720198154449e-02
#ERR  p: [1935, 1541], r: 1.3472989201545715e-02, e: 1.3472139835357666e-02
#ERR  p: [1944, 1541], r: 1.3351693749427795e-02, e: 1.3351976871490479e-02
#ERR  p: [1881, 1541], r: 1.4221072196960449e-02, e: 1.4220483601093292e-02
#ERR  p: [1908, 1541], r: 1.3844549655914307e-02, e: 1.3844035565853119e-02
#ERR  p: [1845, 1541], r: 1.4743201434612274e-02, e: 1.4744229614734650e-02
#ERR  p: [1602, 1541], r: 1.8798343837261200e-02, e: 1.8798187375068665e-02
#ERR  p: [1800, 1541], r: 1.5423499047756195e-02, e: 1.5423133969306946e-02
#ERR  p: [1791, 1541], r: 1.5562161803245544e-02, e: 1.5562251210212708e-02
#ERR  p: [1863, 1541], r: 1.4479123055934906e-02, e: 1.4478437602519989e-02
#ERR  p: [1476, 1541], r: 9.3686568737030029e-01, e: 9.3676799535751343e-01
#ERR  p: [1854, 1541], r: 1.4611929655075073e-02, e: 1.4610737562179565e-02
#ERR  p: [1224, 1541], r: 7.2911584377288818e-01, e: 7.2830468416213989e-01
#ERR  p: [1242, 1542], r: 7.4095934629440308e-01, e: 7.4081170558929443e-01
#ERR  p: [1926, 1541], r: 1.3597339391708374e-02, e: 1.3596974313259125e-02
#ERR  p: [1269, 1542], r: 7.6255041360855103e-01, e: 7.6089447736740112e-01
#ERR  p: [1233, 1542], r: 7.3474419116973877e-01, e: 7.3419511318206787e-01
#ERR  p: [2024, 1542], r: 1.2336455285549164e-02, e: 1.2336075305938721e-02
#ERR  p: [1818, 1541], r: 1.5147611498832703e-02, e: 1.5146657824516296e-02
#ERR  p: [1782, 1541], r: 1.5703916549682617e-02, e: 1.5704780817031860e-02
#ERR  p: [1278, 1541], r: 7.6929378509521484e-01, e: 7.6888644695281982e-01
#ERR  p: [1116, 1541], r: 6.5490841865539551e-01, e: 6.5385049581527710e-01
#ERR  p: [1809, 1541], r: 1.5284754335880280e-02, e: 1.5283912420272827e-02
#ERR  p: [2040, 1542], r: 1.2145265936851501e-02, e: 1.2145251035690308e-02
#ERR  p: [1260, 1541], r: 7.5539606809616089e-01, e: 7.5499111413955688e-01
#ERR  p: [1152, 1541], r: 6.8025988340377808e-01, e: 6.7770177125930786e-01
#ERR  p: [1125, 1541], r: 6.5993899106979370e-01, e: 6.5980476140975952e-01
#ERR  p: [1179, 1541], r: 6.9500958919525146e-01, e: 6.9612884521484375e-01
#ERR  p: [1161, 1543], r: 6.8305230140686035e-01, e: 6.8254804611206055e-01
#ERR  p: [1134, 1541], r: 6.6369211673736572e-01, e: 6.6552591323852539e-01
#ERR  p: [1737, 1541], r: 1.6424477100372314e-02, e: 1.6424924135208130e-02
#ERR  p: [1287, 1541], r: 7.7485018968582153e-01, e: 7.7565145492553711e-01
#ERR  p: [1773, 1541], r: 1.5843905508518219e-02, e: 1.5844807028770447e-02
#ERR  p: [1764, 1541], r: 1.5989087522029877e-02, e: 1.5987716615200043e-02
#ERR  p: [1746, 1541], r: 1.6279593110084534e-02, e: 1.6277983784675598e-02
#ERR  p: [1296, 1541], r: 7.8371083736419678e-01, e: 7.8287535905838013e-01
#ERR  p: [1143, 1541], r: 6.7181491851806641e-01, e: 6.7160350084304810e-01
#ERR  p: [1386, 1541], r: 8.5511404275894165e-01, e: 8.5624825954437256e-01
#ERR  p: [1170, 1541], r: 6.9015169143676758e-01, e: 6.8985825777053833e-01
#ERR  p: [1350, 1541], r: 8.2682389020919800e-01, e: 8.2602488994598389e-01
#ERR  p: [1521, 1541], r: 9.7895735502243042e-01, e: 9.7986918687820435e-01
#ERR  p: [1728, 1541], r: 1.6572780907154083e-02, e: 1.6574375331401825e-02
#ERR  p: [1377, 1541], r: 8.4868681430816650e-01, e: 8.4869986772537231e-01
#ERR  p: [1656, 1541], r: 1.7806991934776306e-02, e: 1.7806515097618103e-02
#ERR  p: [1755, 1541], r: 1.6130574047565460e-02, e: 1.6131475567817688e-02
#ERR  p: [1323, 1541], r: 8.0336737632751465e-01, e: 8.0402725934982300e-01
#ERR  p: [1314, 1541], r: 7.9713970422744751e-01, e: 7.9681509733200073e-01
#ERR  p: [1341, 1541], r: 8.1892371177673340e-01, e: 8.1882226467132568e-01
#ERR  p: [1422, 1541], r: 8.8702183961868286e-01, e: 8.8790869712829590e-01
#ERR  p: [1701, 1541], r: 1.7027810215950012e-02, e: 1.7028182744979858e-02
#ERR  p: [1305, 1541], r: 7.9021340608596802e-01, e: 7.8960943222045898e-01
#ERR  p: [1368, 1541], r: 8.4250891208648682e-01, e: 8.4085893630981445e-01
#ERR  p: [1413, 1541], r: 8.7972849607467651e-01, e: 8.7956631183624268e-01
#ERR  p: [1089, 1541], r: 6.3596558570861816e-01, e: 6.3650858402252197e-01
#ERR  p: [1395, 1541], r: 8.6435848474502563e-01, e: 8.6429417133331299e-01
#ERR  p: [1332, 1541], r: 8.1075358390808105e-01, e: 8.1128555536270142e-01
#ERR  p: [2016, 1542], r: 1.2439325451850891e-02, e: 1.2437626719474792e-02
#ERR  p: [1611, 1541], r: 1.8628425896167755e-02, e: 1.8626287579536438e-02
#ERR  p: [1458, 1541], r: 9.1904127597808838e-01, e: 9.2038011550903320e-01
#ERR  p: [1539, 1541], r: 9.9810439348220825e-01, e: 9.9807608127593994e-01
#ERR  p: [1449, 1541], r: 9.1271561384201050e-01, e: 9.1206389665603638e-01
#ERR  p: [1431, 1541], r: 8.9515376091003418e-01, e: 8.9599049091339111e-01
#ERR  p: [1719, 1541], r: 1.6726016998291016e-02, e: 1.6725122928619385e-02
#ERR  p: [1566, 1541], r: 1.9489109516143799e-02, e: 1.9490234553813934e-02
#ERR  p: [1638, 1541], r: 1.8132895231246948e-02, e: 1.8133699893951416e-02
#ERR  p: [1629, 1541], r: 1.8298350274562836e-02, e: 1.8297038972377777e-02
#ERR  p: [1647, 1541], r: 1.7970964312553406e-02, e: 1.7973817884922028e-02
#ERR  p: [1404, 1541], r: 8.7114489078521729e-01, e: 8.7181061506271362e-01
#ERR  p: [1557, 1541], r: 1.9661560654640198e-02, e: 1.9661895930767059e-02
#ERR  p: [1359, 1541], r: 8.3320289850234985e-01, e: 8.3359968662261963e-01
#ERR  p: [1530, 1541], r: 9.8882585763931274e-01, e: 9.8920768499374390e-01
#ERR  p: [1494, 1541], r: 9.5395106077194214e-01, e: 9.5400553941726685e-01
#ERR  p: [1683, 1541], r: 1.7337791621685028e-02, e: 1.7337709665298462e-02
#ERR  p: [1674, 1541], r: 1.7493516206741333e-02, e: 1.7493657767772675e-02
#ERR  p: [1512, 1541], r: 9.7159385681152344e-01, e: 9.7143501043319702e-01
#ERR  p: [1665, 1541], r: 1.7651535570621490e-02, e: 1.7652131617069244e-02
#ERR  p: [1710, 1541], r: 1.6874395310878754e-02, e: 1.6873300075531006e-02
#ERR  p: [1692, 1541], r: 1.7187654972076416e-02, e: 1.7187640070915222e-02
#ERR  p: [1440, 1541], r: 9.0300774574279785e-01, e: 9.0410095453262329e-01
#ERR  p: [1575, 1541], r: 1.9314646720886230e-02, e: 1.9314303994178772e-02
#ERR  p: [1548, 1541], r: 1.9843310117721558e-02, e: 1.9842421635985374e-02
#ERR  p: [1098, 1541], r: 6.4248216152191162e-01, e: 6.4210993051528931e-01
#ERR  p: [1503, 1541], r: 9.6362638473510742e-01, e: 9.6264505386352539e-01
#ERR  p: [1467, 1541], r: 9.2898344993591309e-01, e: 9.2860311269760132e-01
#ERR  p: [1971, 1542], r: 1.3010770082473755e-02, e: 1.3009607791900635e-02
#ERR  p: [1584, 1541], r: 1.9140362739562988e-02, e: 1.9141033291816711e-02
#ERR  p: [1251, 1542], r: 7.4769699573516846e-01, e: 7.4760621786117554e-01
#ERR  p: [1593, 1541], r: 1.8970683217048645e-02, e: 1.8969975411891937e-02
#ERR  p: [1962, 1542], r: 1.3128101825714111e-02, e: 1.3127923011779785e-02
#ERR  p: [1086, 1541], r: -3.8888490200042725e+00, e: 6.3460743427276611e-01
#ERR  p: [1620, 1541], r: 1.8464781343936920e-02, e: 1.8465057015419006e-02
#ERR  p: [1107, 1541], r: 6.4579868316650391e-01, e: 6.4799666404724121e-01
#ERR  p: [1989, 1542], r: 1.2779474258422852e-02, e: 1.2779161334037781e-02
#ERR  p: [1998, 1542], r: 1.2663282454013824e-02, e: 1.2662827968597412e-02
#ERR  p: [2032, 1543], r: 1.2254089117050171e-02, e: 1.2253254652023315e-02
#ERR  p: [1917, 1542], r: 1.3729728758335114e-02, e: 1.3729825615882874e-02
#ERR  p: [1827, 1542], r: 1.5026070177555084e-02, e: 1.5025272965431213e-02
#ERR  p: [1872, 1542], r: 1.4366783201694489e-02, e: 1.4365985989570618e-02
#ERR  p: [1197, 1542], r: 7.0832395553588867e-01, e: 7.0816808938980103e-01
#ERR  p: [1899, 1542], r: 1.3978846371173859e-02, e: 1.3979591429233551e-02
#ERR  p: [1206, 1542], r: 7.1493434906005859e-01, e: 7.1453833580017090e-01
#ERR  p: [1836, 1542], r: 1.4892034232616425e-02, e: 1.4891460537910461e-02
#ERR  p: [1485, 1542], r: 9.4445347785949707e-01, e: 9.4455343484878540e-01
#ERR  p: [1890, 1542], r: 1.4105707406997681e-02, e: 1.4105372130870819e-02
#ERR  p: [1188, 1542], r: 7.0082491636276245e-01, e: 7.0196032524108887e-01
#ERR  p: [1215, 1542], r: 7.2103893756866455e-01, e: 7.2108519077301025e-01
#ERR  p: [1953, 1542], r: 1.3249829411506653e-02, e: 1.3248890638351440e-02
#ERR  p: [2007, 1542], r: 1.2549966573715210e-02, e: 1.2549743056297302e-02
#ERR  p: [1980, 1542], r: 1.2891009449958801e-02, e: 1.2890577316284180e-02
#ERR  p: [1845, 1542], r: 1.4756917953491211e-02, e: 1.4755800366401672e-02
#ERR  p: [1935, 1542], r: 1.3486050069332123e-02, e: 1.3486534357070923e-02
#ERR  p: [1881, 1542], r: 1.4234058558940887e-02, e: 1.4233633875846863e-02
#ERR  p: [1944, 1542], r: 1.3367444276809692e-02, e: 1.3366863131523132e-02
#ERR  p: [1602, 1542], r: 1.8816426396369934e-02, e: 1.8814682960510254e-02
#ERR  p: [1908, 1542], r: 1.3854987919330597e-02, e: 1.3854831457138062e-02
#ERR  p: [1800, 1542], r: 1.5435338020324707e-02, e: 1.5435025095939636e-02
#ERR  p: [1791, 1542], r: 1.5576899051666260e-02, e: 1.5577353537082672e-02
#ERR  p: [1863, 1542], r: 1.4491043984889984e-02, e: 1.4491707086563110e-02
#ERR  p: [1476, 1542], r: 9.3604761362075806e-01, e: 9.3606030941009521e-01
#ERR  p: [1854, 1542], r: 1.4624983072280884e-02, e: 1.4625616371631622e-02
#ERR  p: [1224, 1542], r: 7.2831958532333374e-01, e: 7.2752863168716431e-01
#ERR  p: [1242, 1543], r: 7.4024200439453125e-01, e: 7.4007719755172729e-01
#ERR  p: [1926, 1542], r: 1.3608187437057495e-02, e: 1.3608284294605255e-02
#ERR  p: [1269, 1543], r: 7.6174259185791016e-01, e: 7.6010191440582275e-01
#ERR  p: [2024, 1543], r: 1.2352600693702698e-02, e: 1.2353360652923584e-02
#ERR  p: [1233, 1543], r: 7.3386424779891968e-01, e: 7.3330098390579224e-01
#ERR  p: [1818, 1542], r: 1.5162952244281769e-02, e: 1.5162773430347443e-02
#ERR  p: [1278, 1542], r: 7.6855820417404175e-01, e: 7.6817768812179565e-01
#ERR  p: [1782, 1542], r: 1.5717878937721252e-02, e: 1.5717610716819763e-02
#ERR  p: [1116, 1542], r: 6.5405029058456421e-01, e: 6.5299242734909058e-01
#ERR  p: [1809, 1542], r: 1.5297867357730865e-02, e: 1.5298224985599518e-02
#ERR  p: [1260, 1542], r: 7.5454211235046387e-01, e: 7.5413644313812256e-01
#ERR  p: [2040, 1543], r: 1.2155845761299133e-02, e: 1.2155756354331970e-02
#ERR  p: [1125, 1542], r: 6.5914398431777954e-01, e: 6.5901160240173340e-01
#ERR  p: [1152, 1542], r: 6.7959833145141602e-01, e: 6.7704474925994873e-01
#ERR  p: [1179, 1542], r: 6.9446074962615967e-01, e: 6.9557631015777588e-01
#ERR  p: [1161, 1544], r: 6.8235301971435547e-01, e: 6.8184691667556763e-01
#ERR  p: [1134, 1542], r: 6.6323798894882202e-01, e: 6.6507101058959961e-01
#ERR  p: [1287, 1542], r: 7.7410668134689331e-01, e: 7.7490460872650146e-01
#ERR  p: [1773, 1542], r: 1.5858888626098633e-02, e: 1.5856638550758362e-02
#ERR  p: [1737, 1542], r: 1.6441270709037781e-02, e: 1.6440324485301971e-02
#ERR  p: [1764, 1542], r: 1.6001164913177490e-02, e: 1.6000837087631226e-02
#ERR  p: [1143, 1542], r: 6.7128986120223999e-01, e: 6.7107361555099487e-01
#ERR  p: [1746, 1542], r: 1.6292266547679901e-02, e: 1.6293272376060486e-02
#ERR  p: [1296, 1542], r: 7.8299546241760254e-01, e: 7.8213316202163696e-01
#ERR  p: [1386, 1542], r: 8.5431468486785889e-01, e: 8.5545784235000610e-01
#ERR  p: [1170, 1542], r: 6.8968319892883301e-01, e: 6.8938463926315308e-01
#ERR  p: [1521, 1542], r: 9.7800308465957642e-01, e: 9.7891074419021606e-01
#ERR  p: [1350, 1542], r: 8.2609540224075317e-01, e: 8.2529532909393311e-01
#ERR  p: [1728, 1542], r: 1.6591668128967285e-02, e: 1.6589850187301636e-02
#ERR  p: [1377, 1542], r: 8.4795188903808594e-01, e: 8.4797841310501099e-01
#ERR  p: [1656, 1542], r: 1.7829939723014832e-02, e: 1.7830289900302887e-02
#ERR  p: [1755, 1542], r: 1.6147166490554810e-02, e: 1.6145057976245880e-02
#ERR  p: [1323, 1542], r: 8.0261200666427612e-01, e: 8.0328160524368286e-01
#ERR  p: [1314, 1542], r: 7.9662042856216431e-01, e: 7.9623967409133911e-01
#ERR  p: [1341, 1542], r: 8.1830543279647827e-01, e: 8.1815028190612793e-01
#ERR  p: [1701, 1542], r: 1.7038851976394653e-02, e: 1.7038024961948395e-02
#ERR  p: [1422, 1542], r: 8.8635349273681641e-01, e: 8.8722765445709229e-01
#ERR  p: [1305, 1542], r: 7.8944092988967896e-01, e: 7.8885406255722046e-01
#ERR  p: [1368, 1542], r: 8.4170740842819214e-01, e: 8.4005004167556763e-01
#ERR  p: [1413, 1542], r: 8.7878906726837158e-01, e: 8.7860268354415894e-01
#ERR  p: [1089, 1542], r: 6.3531386852264404e-01, e: 6.3585609197616577e-01
#ERR  p: [1395, 1542], r: 8.6336225271224976e-01, e: 8.6326718330383301e-01
#ERR  p: [1332, 1542], r: 8.0997151136398315e-01, e: 8.1046056747436523e-01
#ERR  p: [1611, 1542], r: 1.8648624420166016e-02, e: 1.8649347126483917e-02
#ERR  p: [1458, 1542], r: 9.1798055171966553e-01, e: 9.1934758424758911e-01
#ERR  p: [1719, 1542], r: 1.6736872494220734e-02, e: 1.6734972596168518e-02
#ERR  p: [1539, 1542], r: 9.9687099456787109e-01, e: 9.9685764312744141e-01
#ERR  p: [2016, 1543], r: 1.2451864778995514e-02, e: 1.2451857328414917e-02
#ERR  p: [1431, 1542], r: 8.9415746927261353e-01, e: 8.9496397972106934e-01
#ERR  p: [1638, 1542], r: 1.8155388534069061e-02, e: 1.8154457211494446e-02
#ERR  p: [1566, 1542], r: 1.9505389034748077e-02, e: 1.9503615796566010e-02
#ERR  p: [1647, 1542], r: 1.7991013824939728e-02, e: 1.7988964915275574e-02
#ERR  p: [1449, 1542], r: 9.1177678108215332e-01, e: 9.1109073162078857e-01
#ERR  p: [1629, 1542], r: 1.8313087522983551e-02, e: 1.8312387168407440e-02
#ERR  p: [1404, 1542], r: 8.7024885416030884e-01, e: 8.7085491418838501e-01
#ERR  p: [1557, 1542], r: 1.9684329628944397e-02, e: 1.9683703780174255e-02
#ERR  p: [1692, 1542], r: 1.7193511128425598e-02, e: 1.7191991209983826e-02
#ERR  p: [1665, 1542], r: 1.7669528722763062e-02, e: 1.7669610679149628e-02
#ERR  p: [1359, 1542], r: 8.3246082067489624e-01, e: 8.3284044265747070e-01
#ERR  p: [1710, 1542], r: 1.6889013350009918e-02, e: 1.6888812184333801e-02
#ERR  p: [1440, 1542], r: 9.0174597501754761e-01, e: 9.0277057886123657e-01
#ERR  p: [1683, 1542], r: 1.7353147268295288e-02, e: 1.7352044582366943e-02
#ERR  p: [1674, 1542], r: 1.7510160803794861e-02, e: 1.7510324716567993e-02
#ERR  p: [1494, 1542], r: 9.5303076505661011e-01, e: 9.5313519239425659e-01
#ERR  p: [1575, 1542], r: 1.9332058727741241e-02, e: 1.9330672919750214e-02
#ERR  p: [1548, 1542], r: 1.9863912835717201e-02, e: 1.9862160086631775e-02
#ERR  p: [1251, 1543], r: 7.4680489301681519e-01, e: 7.4668502807617188e-01
#ERR  p: [1584, 1542], r: 1.9161194562911987e-02, e: 1.9159495830535889e-02
#ERR  p: [1467, 1542], r: 9.2798721790313721e-01, e: 9.2760396003723145e-01
#ERR  p: [1998, 1543], r: 1.2673601508140564e-02, e: 1.2674249708652496e-02
#ERR  p: [1503, 1542], r: 9.6267783641815186e-01, e: 9.6161299943923950e-01
#ERR  p: [1512, 1542], r: 9.7073632478713989e-01, e: 9.7047162055969238e-01
#ERR  p: [1971, 1543], r: 1.3024739921092987e-02, e: 1.3024717569351196e-02
#ERR  p: [1098, 1542], r: 6.4182054996490479e-01, e: 6.4144682884216309e-01
#ERR  p: [1962, 1543], r: 1.3145081698894501e-02, e: 1.3144515454769135e-02
#ERR  p: [1989, 1543], r: 1.2793108820915222e-02, e: 1.2792579829692841e-02
#ERR  p: [1530, 1542], r: 9.8772203922271729e-01, e: 9.8811954259872437e-01
#ERR  p: [1107, 1542], r: 6.4507210254669189e-01, e: 6.4726561307907104e-01
#ERR  p: [1620, 1542], r: 1.8476210534572601e-02, e: 1.8476888537406921e-02
#ERR  p: [1593, 1542], r: 1.8983751535415649e-02, e: 1.8983773887157440e-02
#ERR  p: [1086, 1542], r: -3.8842306137084961e+00, e: 6.3392722606658936e-01
#ERR  p: [2032, 1544], r: 1.2262187898159027e-02, e: 1.2260712683200836e-02
#ERR  p: [1917, 1543], r: 1.3749122619628906e-02, e: 1.3749413192272186e-02
#ERR  p: [1827, 1543], r: 1.5038579702377319e-02, e: 1.5038803219795227e-02
#ERR  p: [1197, 1543], r: 7.0751333236694336e-01, e: 7.0736569166183472e-01
#ERR  p: [1872, 1543], r: 1.4380790293216705e-02, e: 1.4379747211933136e-02
#ERR  p: [1899, 1543], r: 1.3996914029121399e-02, e: 1.3996839523315430e-02
#ERR  p: [1206, 1543], r: 7.1427059173583984e-01, e: 7.1388131380081177e-01
#ERR  p: [1836, 1543], r: 1.4906257390975952e-02, e: 1.4907099306583405e-02
#ERR  p: [1485, 1543], r: 9.4360113143920898e-01, e: 9.4357955455780029e-01
#ERR  p: [1890, 1543], r: 1.4124594628810883e-02, e: 1.4123976230621338e-02
#ERR  p: [1188, 1543], r: 6.9997102022171021e-01, e: 7.0108515024185181e-01
#ERR  p: [1215, 1543], r: 7.2029757499694824e-01, e: 7.2035872936248779e-01
#ERR  p: [1953, 1543], r: 1.3258695602416992e-02, e: 1.3258911669254303e-02
#ERR  p: [2007, 1543], r: 1.2561976909637451e-02, e: 1.2562222778797150e-02
#ERR  p: [1980, 1543], r: 1.2907549738883972e-02, e: 1.2908950448036194e-02
#ERR  p: [1845, 1543], r: 1.4773830771446228e-02, e: 1.4775268733501434e-02
#ERR  p: [1935, 1544], r: 1.3511620461940765e-02, e: 1.3509750366210938e-02
#ERR  p: [1881, 1543], r: 1.4251440763473511e-02, e: 1.4251291751861572e-02
#ERR  p: [1944, 1543], r: 1.3378620147705078e-02, e: 1.3379327952861786e-02
#ERR  p: [1602, 1543], r: 1.8835648894309998e-02, e: 1.8839746713638306e-02
#ERR  p: [1908, 1543], r: 1.3872265815734863e-02, e: 1.3872273266315460e-02
#ERR  p: [1800, 1543], r: 1.5455171465873718e-02, e: 1.5454910695552826e-02
#ERR  p: [1791, 1543], r: 1.5590898692607880e-02, e: 1.5590481460094452e-02
#ERR  p: [1863, 1543], r: 1.4513857662677765e-02, e: 1.4512687921524048e-02
#ERR  p: [1242, 1544], r: 7.3942774534225464e-01, e: 7.3926746845245361e-01
#ERR  p: [1476, 1543], r: 9.3505054712295532e-01, e: 9.3503826856613159e-01
#ERR  p: [1854, 1543], r: 1.4638267457485199e-02, e: 1.4637500047683716e-02
#ERR  p: [1224, 1543], r: 7.2775572538375854e-01, e: 7.2694832086563110e-01
#ERR  p: [1926, 1543], r: 1.3622358441352844e-02, e: 1.3622261583805084e-02
#ERR  p: [1269, 1544], r: 7.6102608442306519e-01, e: 7.5937497615814209e-01
#ERR  p: [2024, 1544], r: 1.2360498309135437e-02, e: 1.2357816100120544e-02
#ERR  p: [1233, 1544], r: 7.3313027620315552e-01, e: 7.3257821798324585e-01
#ERR  p: [1278, 1543], r: 7.6766669750213623e-01, e: 7.6729667186737061e-01
#ERR  p: [1818, 1543], r: 1.5179291367530823e-02, e: 1.5178255736827850e-02
#ERR  p: [1782, 1543], r: 1.5732467174530029e-02, e: 1.5732079744338989e-02
#ERR  p: [1809, 1543], r: 1.5314556658267975e-02, e: 1.5313677489757538e-02
#ERR  p: [1116, 1543], r: 6.5346807241439819e-01, e: 6.5241312980651855e-01
#ERR  p: [1260, 1543], r: 7.5376427173614502e-01, e: 7.5338095426559448e-01
#ERR  p: [1125, 1543], r: 6.5855038166046143e-01, e: 6.5841835737228394e-01
#ERR  p: [2040, 1544], r: 1.2165203690528870e-02, e: 1.2162946164608002e-02
#ERR  p: [1152, 1543], r: 6.7890179157257080e-01, e: 6.7634743452072144e-01
#ERR  p: [1161, 1545], r: 6.8152874708175659e-01, e: 6.8102526664733887e-01
#ERR  p: [1179, 1543], r: 6.9365835189819336e-01, e: 6.9476795196533203e-01
#ERR  p: [1134, 1543], r: 6.6253548860549927e-01, e: 6.6435807943344116e-01
#ERR  p: [1737, 1543], r: 1.6456566751003265e-02, e: 1.6456395387649536e-02
#ERR  p: [1287, 1543], r: 7.7333259582519531e-01, e: 7.7409434318542480e-01
#ERR  p: [1773, 1543], r: 1.5876278281211853e-02, e: 1.5876807272434235e-02
#ERR  p: [1764, 1543], r: 1.6021028161048889e-02, e: 1.6021952033042908e-02
#ERR  p: [1746, 1543], r: 1.6311898827552795e-02, e: 1.6310833394527435e-02
#ERR  p: [1143, 1543], r: 6.7041665315628052e-01, e: 6.7020076513290405e-01
#ERR  p: [1296, 1543], r: 7.8209662437438965e-01, e: 7.8124701976776123e-01
#ERR  p: [1386, 1543], r: 8.5340195894241333e-01, e: 8.5452795028686523e-01
#ERR  p: [1170, 1543], r: 6.8899470567703247e-01, e: 6.8870139122009277e-01
#ERR  p: [1521, 1543], r: 9.7707015275955200e-01, e: 9.7801035642623901e-01
#SDC Ite:0 KerTime:19.800474 AccTime:19.800474 KerErr:261474 AccErr:261474
#ABORT too many errors per iteration
#END