2017-03-01 01:54:05:Starting flip_value script
2017-03-01 01:54:05:Initialization strings:
2017-03-01 01:54:06:(1) target extended-remote | ssh -T mic0 gdbserver --multi -
2017-03-01 01:54:06:(2) set sysroot /opt/mpss/3.7/sysroots/k1om-mpss-linux/
2017-03-01 01:54:06:(3) set sysroot /opt/mpss/3.7/sysroots/k1om-mpss-linux/
2017-03-01 01:54:06:(4) file /micNfs/gdb-fault-injection/injector/bin/nw/needle_check
2017-03-01 01:54:06:(5) set remote exec-file /micNfs/gdb-fault-injection/injector/bin/nw/needle_check
2017-03-01 01:54:06:(6) set args 16394 10 228 /micNfs/gdb-fault-injection/injector/bin/nw/input_16394_th_228_pen_10 /micNfs/gdb-fault-injection/injector/bin/nw/gold_16394_th_228_pen_10
2017-03-01 01:54:06:initSignal:12
2017-03-01 01:54:06:endSignal:17
2017-03-01 01:54:06:seqSignal:30
2017-03-01 01:54:18:Backtrace BEGIN:
2017-03-01 01:54:18:#0  0x0000000000402c89 in runTest (argc=6, argv=0x7fffffffec08) at needle_check.cpp:330
#1  0x0000000000401595 in main (argc=6, argv=0x7fffffffec08) at needle_check.cpp:114

2017-03-01 01:54:18:325	    //}
326	
327	
328	    for (int i = 1 ; i < max_cols; i++){
329	        for (int j = 1 ; j < max_rows; j++){
330	            referrence[i*max_cols+j] = blosum62[input_itemsets[i*max_cols]][input_itemsets[j]];
331	        }
332	    }
333	
334	    for( int i = 1; i< max_rows ; i++)

2017-03-01 01:54:18:Backtrace END
2017-03-01 01:54:18:Type: The type is a pointer.
2017-03-01 01:54:18:Type sizeof: 8
2017-03-01 01:54:18:Fliping a bit of the pointer
2017-03-01 01:54:18:Mem contents(hex):0x100x800x530x360xff0x7f0x000x00
2017-03-01 01:54:18:Fault Mode: Zero bit-flip
2017-03-01 01:54:18:base address to flip value: 0x7fffffffea38
2017-03-01 01:54:18:address max offset: 8
2017-03-01 01:54:18:Memory content before bitflip:0x100x800x530x360xff0x7f0x000x00
2017-03-01 01:54:18:Backtrace BEGIN:
2017-03-01 01:54:18:#0  0x0000000000402c89 in runTest (argc=6, argv=0x7fffffffec08) at needle_check.cpp:330
#1  0x0000000000401595 in main (argc=6, argv=0x7fffffffec08) at needle_check.cpp:114

2017-03-01 01:54:18:325	    //}
326	
327	
328	    for (int i = 1 ; i < max_cols; i++){
329	        for (int j = 1 ; j < max_rows; j++){
330	            referrence[i*max_cols+j] = blosum62[input_itemsets[i*max_cols]][input_itemsets[j]];
331	        }
332	    }
333	
334	    for( int i = 1; i< max_rows ; i++)

2017-03-01 01:54:18:Backtrace END
2017-03-01 01:54:18:Type: The type is a pointer.
2017-03-01 01:54:18:Type sizeof: 8
2017-03-01 01:54:18:Fliping a bit of the value pointed by a pointer
2017-03-01 01:54:18:Type: The type is an integer type.
2017-03-01 01:54:18:Type sizeof: 4
2017-03-01 01:54:18:Mem contents(hex):0x000x000x000x00
2017-03-01 01:54:18:Fault Mode: Zero bit-flip
2017-03-01 01:54:18:base address to flip value: 0x7fffb67fa010
2017-03-01 01:54:18:address max offset: 4
2017-03-01 01:54:18:Memory content before bitflip:0x000x000x000x00
2017-03-01 01:54:19:Backtrace BEGIN:
2017-03-01 01:54:19:#0  0x0000000000402c89 in runTest (argc=6, argv=0x7fffffffec08) at needle_check.cpp:330
#1  0x0000000000401595 in main (argc=6, argv=0x7fffffffec08) at needle_check.cpp:114

2017-03-01 01:54:19:325	    //}
326	
327	
328	    for (int i = 1 ; i < max_cols; i++){
329	        for (int j = 1 ; j < max_rows; j++){
330	            referrence[i*max_cols+j] = blosum62[input_itemsets[i*max_cols]][input_itemsets[j]];
331	        }
332	    }
333	
334	    for( int i = 1; i< max_rows ; i++)

2017-03-01 01:54:19:Backtrace END
2017-03-01 01:54:19:Type: The type is an array.
2017-03-01 01:54:19:Type sizeof: 200
2017-03-01 01:54:19:Fliping array at pos: 98
2017-03-01 01:54:19:Type: The type is an integer type.
2017-03-01 01:54:19:Type sizeof: 1
2017-03-01 01:54:19:Mem contents(hex):0xd6
2017-03-01 01:54:19:Fault Mode: Random bit-flip
2017-03-01 01:54:19:base address to flip value: 0x7fffffffe7b2 
2017-03-01 01:54:19:address max offset: 1
2017-03-01 01:54:19:Memory content before bitflip:0xd6
2017-03-01 01:54:19:Backtrace BEGIN:
2017-03-01 01:54:19:#0  0x0000000000402c53 in runTest (argc=6, argv=0x7fffffffec08) at needle_check.cpp:330
#1  0x0000000000401595 in main (argc=6, argv=0x7fffffffec08) at needle_check.cpp:114

2017-03-01 01:54:19:325	    //}
326	
327	
328	    for (int i = 1 ; i < max_cols; i++){
329	        for (int j = 1 ; j < max_rows; j++){
330	            referrence[i*max_cols+j] = blosum62[input_itemsets[i*max_cols]][input_itemsets[j]];
331	        }
332	    }
333	
334	    for( int i = 1; i< max_rows ; i++)

2017-03-01 01:54:19:Backtrace END
2017-03-01 01:54:19:Type: The type is an array.
2017-03-01 01:54:19:Type sizeof: 20
2017-03-01 01:54:19:Fliping array at pos: 17
2017-03-01 01:54:19:Type: The type is an integer type.
2017-03-01 01:54:19:Type sizeof: 1
2017-03-01 01:54:19:Mem contents(hex):0x38
2017-03-01 01:54:19:Fault Mode: One bit-flip
2017-03-01 01:54:19:base address to flip value: 0x7fffffffe829 
2017-03-01 01:54:19:address max offset: 1
2017-03-01 01:54:19:Memory content before bitflip:0x38
2017-03-01 01:54:19:Backtrace BEGIN:
2017-03-01 01:54:19:#0  0x0000000000402c89 in runTest (argc=6, argv=0x7fffffffec08) at needle_check.cpp:330
#1  0x0000000000401595 in main (argc=6, argv=0x7fffffffec08) at needle_check.cpp:114

2017-03-01 01:54:19:325	    //}
326	
327	
328	    for (int i = 1 ; i < max_cols; i++){
329	        for (int j = 1 ; j < max_rows; j++){
330	            referrence[i*max_cols+j] = blosum62[input_itemsets[i*max_cols]][input_itemsets[j]];
331	        }
332	    }
333	
334	    for( int i = 1; i< max_rows ; i++)

2017-03-01 01:54:19:Backtrace END
2017-03-01 01:54:20:Type: The type is an integer type.
2017-03-01 01:54:20:Type sizeof: 4
2017-03-01 01:54:20:Mem contents(hex):0xf00x8b0xff0xf7
2017-03-01 01:54:20:Fault Mode: Random bit-flip
2017-03-01 01:54:20:base address to flip value: 0x7fffffffe9f8
2017-03-01 01:54:20:address max offset: 4
2017-03-01 01:54:20:Memory content before bitflip:0xf00x8b0xff0xf7
2017-03-01 01:54:20:Backtrace BEGIN:
2017-03-01 01:54:20:#0  0x0000000000402c4f in runTest (argc=6, argv=0x7fffffffec08) at needle_check.cpp:330
#1  0x0000000000401595 in main (argc=6, argv=0x7fffffffec08) at needle_check.cpp:114

2017-03-01 01:54:20:325	    //}
326	
327	
328	    for (int i = 1 ; i < max_cols; i++){
329	        for (int j = 1 ; j < max_rows; j++){
330	            referrence[i*max_cols+j] = blosum62[input_itemsets[i*max_cols]][input_itemsets[j]];
331	        }
332	    }
333	
334	    for( int i = 1; i< max_rows ; i++)

2017-03-01 01:54:20:Backtrace END
2017-03-01 01:54:20:Type: The type is an integer type.
2017-03-01 01:54:20:Type sizeof: 4
2017-03-01 01:54:20:Mem contents(hex):0xe40x000x000x00
2017-03-01 01:54:20:Fault Mode: Random bit-flip
2017-03-01 01:54:20:base address to flip value: 0x7fffffffe938
2017-03-01 01:54:20:address max offset: 4
2017-03-01 01:54:20:Memory content before bitflip:0xe40x000x000x00
2017-03-01 01:54:20:Backtrace BEGIN:
2017-03-01 01:54:20:#0  0x0000000000402c4f in runTest (argc=6, argv=0x7fffffffec08) at needle_check.cpp:330
#1  0x0000000000401595 in main (argc=6, argv=0x7fffffffec08) at needle_check.cpp:114

2017-03-01 01:54:20:325	    //}
326	
327	
328	    for (int i = 1 ; i < max_cols; i++){
329	        for (int j = 1 ; j < max_rows; j++){
330	            referrence[i*max_cols+j] = blosum62[input_itemsets[i*max_cols]][input_itemsets[j]];
331	        }
332	    }
333	
334	    for( int i = 1; i< max_rows ; i++)

2017-03-01 01:54:20:Backtrace END
2017-03-01 01:54:20:Type: The type is an integer type.
2017-03-01 01:54:20:Type sizeof: 4
2017-03-01 01:54:20:Mem contents(hex):0x060x000x000x00
2017-03-01 01:54:20:Fault Mode: Random bit-flip
2017-03-01 01:54:20:base address to flip value: 0x7fffffffeb10
2017-03-01 01:54:20:address max offset: 4
2017-03-01 01:54:20:Memory content before bitflip:0x060x000x000x00
2017-03-01 01:54:20:Backtrace BEGIN:
2017-03-01 01:54:20:#0  0x0000000000402c27 in runTest (argc=6, argv=0x7fffffffec08) at needle_check.cpp:330
#1  0x0000000000401595 in main (argc=6, argv=0x7fffffffec08) at needle_check.cpp:114

2017-03-01 01:54:20:325	    //}
326	
327	
328	    for (int i = 1 ; i < max_cols; i++){
329	        for (int j = 1 ; j < max_rows; j++){
330	            referrence[i*max_cols+j] = blosum62[input_itemsets[i*max_cols]][input_itemsets[j]];
331	        }
332	    }
333	
334	    for( int i = 1; i< max_rows ; i++)

2017-03-01 01:54:20:Backtrace END
2017-03-01 01:54:20:Type: The type is an integer type.
2017-03-01 01:54:20:Type sizeof: 4
2017-03-01 01:54:20:Mem contents(hex):0xdb0x130x000x00
2017-03-01 01:54:20:Fault Mode: One bit-flip
2017-03-01 01:54:20:base address to flip value: 0x7fffffffe968
2017-03-01 01:54:20:address max offset: 4
2017-03-01 01:54:20:Memory content before bitflip:0xdb0x130x000x00
2017-03-01 01:54:20:Backtrace BEGIN:
2017-03-01 01:54:20:#0  0x0000000000402c27 in runTest (argc=6, argv=0x7fffffffec08) at needle_check.cpp:330
#1  0x0000000000401595 in main (argc=6, argv=0x7fffffffec08) at needle_check.cpp:114

2017-03-01 01:54:20:325	    //}
326	
327	
328	    for (int i = 1 ; i < max_cols; i++){
329	        for (int j = 1 ; j < max_rows; j++){
330	            referrence[i*max_cols+j] = blosum62[input_itemsets[i*max_cols]][input_itemsets[j]];
331	        }
332	    }
333	
334	    for( int i = 1; i< max_rows ; i++)

2017-03-01 01:54:20:Backtrace END
2017-03-01 01:54:20:Type: The type is an integer type.
2017-03-01 01:54:20:Type sizeof: 4
2017-03-01 01:54:20:Mem contents(hex):0x060x000x000x00
2017-03-01 01:54:20:Fault Mode: Zero bit-flip
2017-03-01 01:54:20:base address to flip value: 0x7fffffffeb10
2017-03-01 01:54:20:address max offset: 4
2017-03-01 01:54:20:Memory content before bitflip:0x060x000x000x00
2017-03-01 01:54:21:Backtrace BEGIN:
2017-03-01 01:54:21:#0  0x0000000000402c7c in runTest (argc=6, argv=0x7fffffffec08) at needle_check.cpp:330
#1  0x0000000000401595 in main (argc=6, argv=0x7fffffffec08) at needle_check.cpp:114

2017-03-01 01:54:21:325	    //}
326	
327	
328	    for (int i = 1 ; i < max_cols; i++){
329	        for (int j = 1 ; j < max_rows; j++){
330	            referrence[i*max_cols+j] = blosum62[input_itemsets[i*max_cols]][input_itemsets[j]];
331	        }
332	    }
333	
334	    for( int i = 1; i< max_rows ; i++)

2017-03-01 01:54:21:Backtrace END
2017-03-01 01:54:21:Type: The type is an integer type.
2017-03-01 01:54:21:Type sizeof: 4
2017-03-01 01:54:21:Mem contents(hex):0xf00x8b0xff0xf7
2017-03-01 01:54:21:Fault Mode: One bit-flip
2017-03-01 01:54:21:base address to flip value: 0x7fffffffe9f8
2017-03-01 01:54:21:address max offset: 4
2017-03-01 01:54:21:Memory content before bitflip:0xf00x8b0xff0xf7
2017-03-01 01:54:21:Backtrace BEGIN:
2017-03-01 01:54:21:#0  0x0000000000402c7c in runTest (argc=6, argv=0x7fffffffec08) at needle_check.cpp:330
#1  0x0000000000401595 in main (argc=6, argv=0x7fffffffec08) at needle_check.cpp:114

2017-03-01 01:54:21:325	    //}
326	
327	
328	    for (int i = 1 ; i < max_cols; i++){
329	        for (int j = 1 ; j < max_rows; j++){
330	            referrence[i*max_cols+j] = blosum62[input_itemsets[i*max_cols]][input_itemsets[j]];
331	        }
332	    }
333	
334	    for( int i = 1; i< max_rows ; i++)

2017-03-01 01:54:21:Backtrace END
2017-03-01 01:54:21:Type: The type is an integer type.
2017-03-01 01:54:21:Type sizeof: 4
2017-03-01 01:54:21:Mem contents(hex):0x950x150x400x00
2017-03-01 01:54:21:Fault Mode: Random bit-flip
2017-03-01 01:54:21:base address to flip value: 0x7fffffffeb08
2017-03-01 01:54:21:address max offset: 4
2017-03-01 01:54:21:Memory content before bitflip:0x950x150x400x00
2017-03-01 01:54:21:Backtrace BEGIN:
2017-03-01 01:54:21:#0  0x0000000000402c79 in runTest (argc=6, argv=0x7fffffffec08) at needle_check.cpp:330
#1  0x0000000000401595 in main (argc=6, argv=0x7fffffffec08) at needle_check.cpp:114

2017-03-01 01:54:21:325	    //}
326	
327	
328	    for (int i = 1 ; i < max_cols; i++){
329	        for (int j = 1 ; j < max_rows; j++){
330	            referrence[i*max_cols+j] = blosum62[input_itemsets[i*max_cols]][input_itemsets[j]];
331	        }
332	    }
333	
334	    for( int i = 1; i< max_rows ; i++)

2017-03-01 01:54:21:Backtrace END
2017-03-01 01:54:21:Type: The type is an integer type.
2017-03-01 01:54:21:Type sizeof: 4
2017-03-01 01:54:21:Mem contents(hex):0xe40x000x000x00
2017-03-01 01:54:21:Fault Mode: One bit-flip
2017-03-01 01:54:21:base address to flip value: 0x7fffffffe938
2017-03-01 01:54:21:address max offset: 4
2017-03-01 01:54:21:Memory content before bitflip:0xe40x000x000x00
2017-03-01 01:54:21:Backtrace BEGIN:
2017-03-01 01:54:21:#0  0x0000000000402c79 in runTest (argc=6, argv=0x7fffffffec08) at needle_check.cpp:330
#1  0x0000000000401595 in main (argc=6, argv=0x7fffffffec08) at needle_check.cpp:114

2017-03-01 01:54:21:325	    //}
326	
327	
328	    for (int i = 1 ; i < max_cols; i++){
329	        for (int j = 1 ; j < max_rows; j++){
330	            referrence[i*max_cols+j] = blosum62[input_itemsets[i*max_cols]][input_itemsets[j]];
331	        }
332	    }
333	
334	    for( int i = 1; i< max_rows ; i++)

2017-03-01 01:54:21:Backtrace END
2017-03-01 01:54:21:Type: The type is a pointer.
2017-03-01 01:54:21:Type sizeof: 8
2017-03-01 01:54:21:Fliping a bit of the pointer
2017-03-01 01:54:21:Mem contents(hex):0x080xec0xff0xff0xff0x7f0x000x00
2017-03-01 01:54:21:Fault Mode: Zero bit-flip
2017-03-01 01:54:21:base address to flip value: 0x7fffffffeb18
2017-03-01 01:54:21:address max offset: 8
2017-03-01 01:54:21:Memory content before bitflip:0x080xec0xff0xff0xff0x7f0x000x00
2017-03-01 01:54:21:Backtrace BEGIN:
2017-03-01 01:54:21:#0  0x0000000000402c43 in runTest (argc=6, argv=0x7fffffffec08) at needle_check.cpp:330
#1  0x0000000000401595 in main (argc=6, argv=0x7fffffffec08) at needle_check.cpp:114

2017-03-01 01:54:21:325	    //}
326	
327	
328	    for (int i = 1 ; i < max_cols; i++){
329	        for (int j = 1 ; j < max_rows; j++){
330	            referrence[i*max_cols+j] = blosum62[input_itemsets[i*max_cols]][input_itemsets[j]];
331	        }
332	    }
333	
334	    for( int i = 1; i< max_rows ; i++)

2017-03-01 01:54:21:Backtrace END
2017-03-01 01:54:21:Type: The type is a pointer.
2017-03-01 01:54:21:Type sizeof: 8
2017-03-01 01:54:21:Fliping a bit of the value pointed by a pointer
2017-03-01 01:54:21:Type: The type is a pointer.
2017-03-01 01:54:21:Type sizeof: 8
2017-03-01 01:54:21:Fliping a bit of the value pointed by a pointer
2017-03-01 01:54:21:Type: The type is an integer type.
2017-03-01 01:54:21:Type sizeof: 1
2017-03-01 01:54:21:Mem contents(hex):0x2f
2017-03-01 01:54:21:Fault Mode: Zero bit-flip
2017-03-01 01:54:21:base address to flip value: 0x7fffffffedfe 
2017-03-01 01:54:21:address max offset: 1
2017-03-01 01:54:21:Memory content before bitflip:0x2f
2017-03-01 01:54:22:Backtrace BEGIN:
2017-03-01 01:54:22:#0  0x0000000000402ca2 in runTest (argc=6, argv=0x7fffffffec08) at needle_check.cpp:329
#1  0x0000000000401595 in main (argc=6, argv=0x7fffffffec08) at needle_check.cpp:114

2017-03-01 01:54:22:324	    //    input_itemsets[j] = rand() % 10 + 1;
325	    //}
326	
327	
328	    for (int i = 1 ; i < max_cols; i++){
329	        for (int j = 1 ; j < max_rows; j++){
330	            referrence[i*max_cols+j] = blosum62[input_itemsets[i*max_cols]][input_itemsets[j]];
331	        }
332	    }
333	

2017-03-01 01:54:22:Backtrace END
2017-03-01 01:54:22:Type: The type is an integer type.
2017-03-01 01:54:22:Type sizeof: 4
2017-03-01 01:54:22:Mem contents(hex):0x060x000x000x00
2017-03-01 01:54:22:Fault Mode: Random bit-flip
2017-03-01 01:54:22:base address to flip value: 0x7fffffffeb10
2017-03-01 01:54:22:address max offset: 4
2017-03-01 01:54:22:Memory content before bitflip:0x060x000x000x00
2017-03-01 01:54:22:Backtrace BEGIN:
2017-03-01 01:54:22:#0  0x0000000000402ca2 in runTest (argc=6, argv=0x7fffffffec08) at needle_check.cpp:329
#1  0x0000000000401595 in main (argc=6, argv=0x7fffffffec08) at needle_check.cpp:114

2017-03-01 01:54:22:324	    //    input_itemsets[j] = rand() % 10 + 1;
325	    //}
326	
327	
328	    for (int i = 1 ; i < max_cols; i++){
329	        for (int j = 1 ; j < max_rows; j++){
330	            referrence[i*max_cols+j] = blosum62[input_itemsets[i*max_cols]][input_itemsets[j]];
331	        }
332	    }
333	

2017-03-01 01:54:22:Backtrace END
2017-03-01 01:54:22:Type: The type is an array.
2017-03-01 01:54:22:Type sizeof: 2304
2017-03-01 01:54:22:Fliping array at pos: 21
2017-03-01 01:54:22:Type: The type is an array.
2017-03-01 01:54:22:Type sizeof: 96
2017-03-01 01:54:22:Fliping array at pos: 15
2017-03-01 01:54:22:Type: The type is an integer type.
2017-03-01 01:54:22:Type sizeof: 4
2017-03-01 01:54:22:Mem contents(hex):0x000x000x000x00
2017-03-01 01:54:22:Fault Mode: Double bit-flip
2017-03-01 01:54:22:base address to flip value: 0x60661c 
2017-03-01 01:54:22:address max offset: 4
2017-03-01 01:54:22:Memory content before bitflip:0x000x000x000x00
2017-03-01 01:54:22:Memory content after  bitflip:0x000x000x000x11
2017-03-01 01:54:22:Mem contents(hex):0x000x000x000x11
2017-03-01 01:54:22:frame name: main
2017-03-01 01:54:22:symbol name: blosum62
2017-03-01 01:54:22:symbol filename: needle_check.cpp
2017-03-01 01:54:22:symbol line: 80
2017-03-01 01:54:22:value: {{4, -1, -2, -2, 0, -1, -1, 0, -2, -1, -1, -1, -1, -2, -1, 1, 0, -3, -2, 0, -2, -1, 0, -4}, {-1, 5, 0, -2, -3, 1, 0, -2, 0, -3, -2, 2, -1, -3, -2, -1, -1, -3, -2, -3, -1, 0, -1, -4}, {-2, 0, 6, 1, -3, 0, 0, 0, 1, -3, -3, 0, -2, -3, -2, 1, 0, -4, -2, -3, 3, 0, -1, -4}, {-2, -2, 1, 6, -3, 0, 2, -1, -1, -3, -4, -1, -3, -3, -1, 0, -1, -4, -3, -3, 4, 1, -1, -4}, {0, -3, -3, -3, 9, -3, -4, -3, -3, -1, -1, -3, -1, -2, -3, -1, -1, -2, -2, -1, -3, -3, -2, -4}, {-1, 1, 0, 0, -3, 5, 2, -2, 0, -3, -2, 1, 0, -3, -1, 0, -1, -2, -1, -2, 0, 3, -1, -4}, {-1, 0, 0, 2, -4, 2, 5, -2, 0, -3, -3, 1, -2, -3, -1, 0, -1, -3, -2, -2, 1, 4, -1, -4}, {0, -2, 0, -1, -3, -2, -2, 6, -2, -4, -4, -2, -3, -3, -2, 0, -2, -2, -3, -3, -1, -2, -1, -4}, {-2, 0, 1, -1, -3, 0, 0, -2, 8, -3, -3, -1, -2, -1, -2, -1, -2, -2, 2, -3, 0, 0, -1, -4}, {-1, -3, -3, -3, -1, -3, -3, -4, -3, 4, 2, -3, 1, 0, -3, -2, -1, -3, -1, 3, -3, -3, -1, -4}, {-1, -2, -3, -4, -1, -2, -3, -4, -3, 2, 4, -2, 2, 0, -3, -2, -1, -2, -1, 1, -4, -3, -1, -4}, {-1, 2, 0, -1, -3, 1, 1, -2, -1, -3, -2, 5, -1, -3, -1, 0, -1, -3, -2, -2, 0, 1, -1, -4}, {-1, -1, -2, -3, -1, 0, -2, -3, -2, 1, 2, -1, 5, 0, -2, -1, -1, -1, -1, 1, -3, -1, -1, -4}, {-2, -3, -3, -3, -2, -3, -3, -3, -1, 0, 0, -3, 0, 6, -4, -2, -2, 1, 3, -1, -3, -3, -1, -4}, {-1, -2, -2, -1, -3, -1, -1, -2, -2, -3, -3, -1, -2, -4, 7, -1, -1, -4, -3, -2, -2, -1, -2, -4}, {1, -1, 1, 0, -1, 0, 0, 0, -1, -2, -2, 0, -1, -2, -1, 4, 1, -3, -2, -2, 0, 0, 0, -4}, {0, -1, 0, -1, -1, -1, -1, -2, -2, -1, -1, -1, -1, -2, -1, 1, 5, -2, -2, 0, -1, -1, 0, -4}, {-3, -3, -4, -4, -2, -2, -3, -2, -2, -3, -2, -3, -1, 1, -4, -3, -2, 11, 2, -3, -4, -3, -2, -4}, {-2, -2, -2, -3, -2, -1, -2, -3, 2, -1, -1, -2, -1, 3, -3, -2, -2, 2, 7, -1, -3, -2, -1, -4}, {0, -3, -3, -3, -1, -2, -2, -3, -3, 3, 1, -2, 1, -1, -2, -2, 0, -3, -1, 4, -3, -2, -1, -4}, {-2, -1, 3, 4, -3, 0, 1, -1, 0, -3, -4, 0, -3, -3, -2, 0, -1, -4, -3, -3, 4, 1, -1, -4}, {-1, 0, 0, 1, -3, 3, 4, -2, 0, -3, -3, 1, -1, -3, -1, 285212672, -1, -3, -2, -2, 1, 4, -1, -4}, {0, -1, -1, -1, -2, -1, -1, -1, -1, -1, -1, -1, -1, -1, -2, 0, 0, -2, -1, -1, -1, -1, -1, -4}, {-4 <repeats 23 times>, 1}}
2017-03-01 01:54:22:value address: 0x605e00 <blosum62>
2017-03-01 01:54:22:Type: The type is an array.
2017-03-01 01:54:22:Type sizeof: 2304
2017-03-01 01:54:22:Field name: None
2017-03-01 01:54:22:Field Type:
2017-03-01 01:54:22:Type: A range type, that is, an integer type with bounds.
2017-03-01 01:54:22:Type sizeof: 1
2017-03-01 01:54:22:Type range: (0L, 23L)
2017-03-01 01:54:22:Fault Injection Successful after 16.1794660091s
