2016-10-26 19:33:40:Initialization strings:
2016-10-26 19:33:40:(1) target extended-remote | ssh -T mic0 gdbserver --multi -
2016-10-26 19:33:40:(2) set sysroot /opt/mpss/3.7/sysroots/k1om-mpss-linux/
2016-10-26 19:33:40:(3) set sysroot /opt/mpss/3.7/sysroots/k1om-mpss-linux/
2016-10-26 19:33:40:(4) file /micNfs/gdb-fault-injection-lavamd/bin/lavamd
2016-10-26 19:33:40:(5) set remote exec-file /micNfs/gdb-fault-injection-lavamd/bin/lavamd
2016-10-26 19:33:40:(6) set args 228 15 /micNfs/gdb-fault-injection-lavamd/bin/input_distance_228_15 /micNfs/gdb-fault-injection-lavamd/bin/input_charges_228_15 /micNfs/gdb-fault-injection-lavamd/bin/output_gold_228_15 1
2016-10-26 19:33:41:Trying Fault Injection
2016-10-26 19:33:41:Inferior PID: 71593
2016-10-26 19:33:41:Inferior is valid: True
2016-10-26 19:33:41:Inferior #threads: 1
2016-10-26 19:33:41:Backtrace BEGIN:
2016-10-26 19:33:41:#0  0x0000000000401600 in fread@plt ()
#1  0x00000000004023b2 in main (argc=7, argv=0x7fffffffec08) at main_check.c:163

2016-10-26 19:33:41:50	    char * input_charges;
51	    char * output_gold;
52	
53	    int i, j, k, l, m, n;
54	
55	    par_str par_cpu;
56	    dim_str dim_cpu;
57	    box_str* box_cpu;
58	    FOUR_VECTOR* rv_cpu;
59	    fp* qv_cpu;

2016-10-26 19:33:41:Backtrace END
2016-10-26 19:33:41:Thread name: None
2016-10-26 19:33:41:Thread num: 1
2016-10-26 19:33:41:Thread ptid: (71593, 71593, 0)
2016-10-26 19:33:41:bitFlip function
2016-10-26 19:33:41:Type: The type is an integer type.
2016-10-26 19:33:41:Type sizeof: 4
2016-10-26 19:33:41:Mem contents(hex):0x0f0x000x000x00
2016-10-26 19:33:41:base address to flip value: 0x7fffffffe770
2016-10-26 19:33:41:address max offset: 4
2016-10-26 19:33:41:Memory content before bitflip:0x0f0x000x000x00
2016-10-26 19:33:41:Memory content after  bitflip:0x0f0x000x080x00
2016-10-26 19:33:41:Mem contents(hex):0x0f0x000x080x00
2016-10-26 19:33:41:frame name: main
2016-10-26 19:33:41:symbol name: k
2016-10-26 19:33:41:symbol filename: main_check.c
2016-10-26 19:33:41:symbol line: 53
2016-10-26 19:33:41:value: 524303
2016-10-26 19:33:41:value address: 0x7fffffffe770
2016-10-26 19:33:41:Type: The type is an integer type.
2016-10-26 19:33:41:Type sizeof: 4
2016-10-26 19:33:41:Fault Injection Successful after 1.2652130127s
2016-10-26 19:33:43:Fault Already Injected
2016-10-26 19:33:43:Fault Already Injected
2016-10-26 19:33:44:Fault Already Injected
2016-10-26 19:33:46:Fault Already Injected
2016-10-26 19:33:46:Fault Already Injected
2016-10-26 19:33:47:Fault Already Injected
2016-10-26 19:33:49:Fault Already Injected
2016-10-26 19:33:49:Fault Already Injected
2016-10-26 19:33:51:event type: exit
2016-10-26 19:33:51:exit code: 0
