2016-10-13 15:55:34:Starting GDB script
2016-10-13 15:55:34:sending signal using command: 'ssh -T mic0 killall -2 lavamd' after 0.390299260102s
2016-10-13 15:55:34:shell stdout: 
2016-10-13 15:55:37:sending signal using command: 'ssh -T mic0 killall -2 lavamd' after 2.42627476486s
2016-10-13 15:55:37:shell stdout: 
2016-10-13 15:55:38:sending signal using command: 'ssh -T mic0 killall -2 lavamd' after 3.25141234467s
2016-10-13 15:55:38:shell stdout: 
2016-10-13 15:55:40:sending signal using command: 'ssh -T mic0 killall -2 lavamd' after 4.62126599539s
2016-10-13 15:55:40:shell stdout: 
2016-10-13 15:55:41:sending signal using command: 'ssh -T mic0 killall -2 lavamd' after 6.85788087882s
2016-10-13 15:55:41:shell stdout: 
2016-10-13 15:55:42:sending signal using command: 'ssh -T mic0 killall -2 lavamd' after 7.63653649294s
2016-10-13 15:55:42:shell stdout: 
2016-10-13 15:55:43:sending signal using command: 'ssh -T mic0 killall -2 lavamd' after 8.40872540609s
2016-10-13 15:55:43:shell stdout: 
2016-10-13 15:55:43:sending signal using command: 'ssh -T mic0 killall -2 lavamd' after 8.56827097316s
2016-10-13 15:55:43:shell stdout: 
2016-10-13 15:55:43:sending signal using command: 'ssh -T mic0 killall -2 lavamd' after 8.82021759243s
2016-10-13 15:55:43:shell stdout: 
2016-10-13 15:55:43:sending signal using command: 'ssh -T mic0 killall -2 lavamd' after 9.20573430515s
2016-10-13 15:55:43:shell stdout: 
2016-10-13 15:55:51:no gdbExecName running, out:
2016-10-13 15:55:51:checCmd:ps -e | grep -i gdb-mic
2016-10-13 15:55:51:finished now-timestampStart < maxWaitTime*5
2016-10-13 15:55:51:now: 1476388550
2016-10-13 15:55:51:timestampStart: 1476388534
2016-10-13 15:55:51:kill cmd: killall -9 gdb-mic
2016-10-13 15:55:51:shell stdout: 
2016-10-13 15:55:51:kill cmd: ssh -T mic0 killall -9 lavamd
2016-10-13 15:55:51:shell stdout: 
2016-10-13 15:55:52:kill cmd: ssh -T mic0 killall -9 gdbserver
2016-10-13 15:55:52:shell stdout: 
2016-10-13 15:55:52:kill cmd: ssh -T mic0 killall -9 sshd
2016-10-13 15:55:52:shell stdout: 
