2016-10-27 16:53:42:Initialization strings:
2016-10-27 16:53:42:(1) target extended-remote | ssh -T mic0 gdbserver --multi -
2016-10-27 16:53:42:(2) set sysroot /opt/mpss/3.7/sysroots/k1om-mpss-linux/
2016-10-27 16:53:42:(3) set sysroot /opt/mpss/3.7/sysroots/k1om-mpss-linux/
2016-10-27 16:53:42:(4) file /micNfs/gdb-fault-injection-hotspot/bin/hotspot_check
2016-10-27 16:53:42:(5) set remote exec-file /micNfs/gdb-fault-injection-hotspot/bin/hotspot_check
2016-10-27 16:53:42:(6) set args 1024 1024 2000 228 /micNfs/gdb-fault-injection-hotspot/bin/temp_1024 /micNfs/gdb-fault-injection-hotspot/bin/power_1024 /micNfs/gdb-fault-injection-hotspot/bin/GOLD_1024-2000-228
2016-10-27 16:53:43:Trying Fault Injection
2016-10-27 16:53:43:Backtrace BEGIN:
2016-10-27 16:53:43:#0  0x00007ffff7151ed5 in __GI___rawmemchr (s=s@entry=0x7fffffffe77a, c_in=c_in@entry=0) at ../string/rawmemchr.c:145
#1  0x00007ffff7145ad0 in _IO_str_init_static_internal (sf=sf@entry=0x7fffffffe400, ptr=ptr@entry=0x7fffffffe77a "324.301126\n", size=size@entry=0, pstart=pstart@entry=0x0) at strops.c:44
#2  0x00007ffff71365d5 in __GI___isoc99_vsscanf (string=0x7fffffffe77a "324.301126\n", format=0x407198 "%f", args=args@entry=0x7fffffffe528) at isoc99_vsscanf.c:41
#3  0x00007ffff7136569 in __isoc99_sscanf (s=<optimized out>, format=<optimized out>) at isoc99_sscanf.c:31
#4  0x0000000000401744 in read_input (vect=<optimized out>, grid_rows=<optimized out>, grid_cols=-160649200, file=<optimized out>) at hotspot_check.c:206
#5  main (argc=-6272, argv=0x0) at hotspot_check.c:264

2016-10-27 16:53:43:140	in ../string/rawmemchr.c

2016-10-27 16:53:43:Backtrace END
2016-10-27 16:53:43:Type: The type is an integer type.
2016-10-27 16:53:43:Type sizeof: 4
2016-10-27 16:53:43:Mem contents(hex):0x000x040x000x00
2016-10-27 16:53:43:base address to flip value: 0x7fffffffe604
2016-10-27 16:53:43:address max offset: 4
2016-10-27 16:53:43:Memory content before bitflip:0x000x040x000x00
2016-10-27 16:53:43:Memory content after  bitflip:0x000x040x020x00
2016-10-27 16:53:43:Mem contents(hex):0x000x040x020x00
2016-10-27 16:53:43:frame name: main
2016-10-27 16:53:43:symbol name: grid_cols
2016-10-27 16:53:43:symbol filename: hotspot_check.c
2016-10-27 16:53:43:symbol line: 229
2016-10-27 16:53:43:value: 132096
2016-10-27 16:53:43:value address: 0x7fffffffe604
2016-10-27 16:53:43:Type: The type is an integer type.
2016-10-27 16:53:43:Type sizeof: 4
2016-10-27 16:53:43:Fault Injection Successful after 1.54148197174s
2016-10-27 16:53:44:Fault Already Injected
2016-10-27 16:53:46:Fault Already Injected
2016-10-27 16:53:47:Fault Already Injected
2016-10-27 16:53:50:Fault Already Injected
2016-10-27 16:53:51:event type: exit
2016-10-27 16:53:51:exit code: 1
