2016-10-12 09:36:52:Starting GDB script
2016-10-12 09:36:54:sending signal using command: 'ssh -T mic0 killall -2 needle_check' after 2.08749896847s
2016-10-12 09:36:54:shell stdout: 
2016-10-12 09:36:55:sending signal using command: 'ssh -T mic0 killall -2 needle_check' after 2.71076800148s
2016-10-12 09:36:55:shell stdout: 
2016-10-12 09:36:57:sending signal using command: 'ssh -T mic0 killall -2 needle_check' after 4.24516755565s
2016-10-12 09:36:57:shell stdout: 
2016-10-12 09:36:57:sending signal using command: 'ssh -T mic0 killall -2 needle_check' after 4.47153911829s
2016-10-12 09:36:57:shell stdout: 
2016-10-12 09:36:58:sending signal using command: 'ssh -T mic0 killall -2 needle_check' after 5.28497376234s
2016-10-12 09:36:58:shell stdout: 
2016-10-12 09:36:58:sending signal using command: 'ssh -T mic0 killall -2 needle_check' after 6.1814167235s
2016-10-12 09:36:58:shell stdout: 
2016-10-12 09:37:01:sending signal using command: 'ssh -T mic0 killall -2 needle_check' after 7.91818750863s
2016-10-12 09:37:01:shell stdout: 
2016-10-12 09:37:01:sending signal using command: 'ssh -T mic0 killall -2 needle_check' after 8.57189938273s
2016-10-12 09:37:01:shell stdout: 
2016-10-12 09:37:01:sending signal using command: 'ssh -T mic0 killall -2 needle_check' after 8.35518489362s
2016-10-12 09:37:01:shell stdout: 
2016-10-12 09:37:02:sending signal using command: 'ssh -T mic0 killall -2 needle_check' after 9.41122617479s
2016-10-12 09:37:02:shell stdout: 
2016-10-12 09:37:08:no gdbExecName running, out:
2016-10-12 09:37:08:checCmd:ps -e | grep -i gdb-mic
2016-10-12 09:37:08:finished now-timestampStart < maxWaitTime*5
2016-10-12 09:37:08:now: 1476279427
2016-10-12 09:37:08:timestampStart: 1476279412
2016-10-12 09:37:08:kill cmd: killall -9 gdb-mic
2016-10-12 09:37:08:shell stdout: 
2016-10-12 09:37:09:kill cmd: ssh -T mic0 killall -9 needle_check
2016-10-12 09:37:09:shell stdout: 
2016-10-12 09:37:09:kill cmd: ssh -T mic0 killall -9 gdbserver
2016-10-12 09:37:09:shell stdout: 
2016-10-12 09:37:09:kill cmd: ssh -T mic0 killall -9 sshd
2016-10-12 09:37:09:shell stdout: 
