2016-10-31 14:33:28:Starting GDB script
2016-10-31 14:33:30:sending signal using command: 'ssh -T mic0 killall -2 needle_check' after 1.61000558795s
2016-10-31 14:33:30:shell stdout: 
2016-10-31 14:33:31:sending signal using command: 'ssh -T mic0 killall -2 needle_check' after 3.04518162913s
2016-10-31 14:33:31:shell stdout: 
2016-10-31 14:33:32:sending signal using command: 'ssh -T mic0 killall -2 needle_check' after 4.19727224403s
2016-10-31 14:33:32:shell stdout: 
2016-10-31 14:33:33:sending signal using command: 'ssh -T mic0 killall -2 needle_check' after 4.9079302225s
2016-10-31 14:33:33:shell stdout: 
2016-10-31 14:33:36:sending signal using command: 'ssh -T mic0 killall -2 needle_check' after 7.83841106517s
2016-10-31 14:33:36:shell stdout: 
2016-10-31 14:33:38:sending signal using command: 'ssh -T mic0 killall -2 needle_check' after 10.0642621095s
2016-10-31 14:33:38:shell stdout: 
2016-10-31 14:33:39:sending signal using command: 'ssh -T mic0 killall -2 needle_check' after 10.5540694328s
2016-10-31 14:33:39:shell stdout: 
2016-10-31 14:33:42:sending signal using command: 'ssh -T mic0 killall -2 needle_check' after 14.0935692806s
2016-10-31 14:33:42:shell stdout: 
2016-10-31 14:33:43:sending signal using command: 'ssh -T mic0 killall -2 needle_check' after 14.4482704358s
2016-10-31 14:33:43:shell stdout: 
2016-10-31 14:33:43:sending signal using command: 'ssh -T mic0 killall -2 needle_check' after 14.5626224713s
2016-10-31 14:33:43:shell stdout: 
2016-10-31 14:33:50:no gdbExecName running, out:
2016-10-31 14:33:50:checCmd:ps -e | grep -i gdb-mic
2016-10-31 14:33:50:finished now-timestampStart < maxWaitTime*5
2016-10-31 14:33:50:now: 1477938829
2016-10-31 14:33:50:timestampStart: 1477938808
2016-10-31 14:33:50:kill cmd: killall -9 gdb-mic
2016-10-31 14:33:50:shell stdout: 
2016-10-31 14:33:50:kill cmd: ssh -T mic0 killall -9 needle_check
2016-10-31 14:33:50:shell stdout: 
2016-10-31 14:33:51:kill cmd: ssh -T mic0 killall -9 gdbserver
2016-10-31 14:33:51:shell stdout: 
2016-10-31 14:33:51:kill cmd: ssh -T mic0 killall -9 sshd
2016-10-31 14:33:51:shell stdout: 
