2016-10-21 12:46:16:Starting GDB script
2016-10-21 12:46:18:sending signal using command: 'ssh -T mic0 killall -2 needle_check' after 1.86846750409s
2016-10-21 12:46:18:shell stdout: 
2016-10-21 12:46:21:sending signal using command: 'ssh -T mic0 killall -2 needle_check' after 4.69013342925s
2016-10-21 12:46:21:shell stdout: 
2016-10-21 12:46:22:sending signal using command: 'ssh -T mic0 killall -2 needle_check' after 5.7561013989s
2016-10-21 12:46:22:shell stdout: 
2016-10-21 12:46:24:sending signal using command: 'ssh -T mic0 killall -2 needle_check' after 7.52611419431s
2016-10-21 12:46:24:shell stdout: 
2016-10-21 12:46:25:sending signal using command: 'ssh -T mic0 killall -2 needle_check' after 8.16399766666s
2016-10-21 12:46:25:shell stdout: 
2016-10-21 12:46:25:sending signal using command: 'ssh -T mic0 killall -2 needle_check' after 9.04752313223s
2016-10-21 12:46:25:shell stdout: 
2016-10-21 12:46:26:sending signal using command: 'ssh -T mic0 killall -2 needle_check' after 9.9144664106s
2016-10-21 12:46:26:shell stdout: 
2016-10-21 12:46:28:sending signal using command: 'ssh -T mic0 killall -2 needle_check' after 11.4066578455s
2016-10-21 12:46:28:shell stdout: 
2016-10-21 12:46:28:no gdbExecName running, out:
2016-10-21 12:46:28:checCmd:ps -e | grep -i gdb-mic
2016-10-21 12:46:28:finished now-timestampStart < maxWaitTime*5
2016-10-21 12:46:28:now: 1477068387
2016-10-21 12:46:28:timestampStart: 1477068376
2016-10-21 12:46:28:kill cmd: killall -9 gdb-mic
2016-10-21 12:46:28:shell stdout: 
2016-10-21 12:46:29:kill cmd: ssh -T mic0 killall -9 needle_check
2016-10-21 12:46:29:shell stdout: 
2016-10-21 12:46:29:kill cmd: ssh -T mic0 killall -9 gdbserver
2016-10-21 12:46:29:shell stdout: 
2016-10-21 12:46:29:sending signal using command: 'ssh -T mic0 killall -2 needle_check' after 12.8237231852s
2016-10-21 12:46:29:shell stdout: 
2016-10-21 12:46:29:kill cmd: ssh -T mic0 killall -9 sshd
2016-10-21 12:46:29:shell stdout: 
