2016-10-17 12:46:39:Starting GDB script
2016-10-17 12:46:43:sending signal using command: 'ssh -T mic0 killall -2 needle_check' after 3.17735764633s
2016-10-17 12:46:43:shell stdout: 
2016-10-17 12:46:44:sending signal using command: 'ssh -T mic0 killall -2 needle_check' after 4.44595519105s
2016-10-17 12:46:44:shell stdout: 
2016-10-17 12:46:47:sending signal using command: 'ssh -T mic0 killall -2 needle_check' after 7.45196566755s
2016-10-17 12:46:47:shell stdout: 
2016-10-17 12:46:48:sending signal using command: 'ssh -T mic0 killall -2 needle_check' after 8.51659532463s
2016-10-17 12:46:48:shell stdout: 
2016-10-17 12:46:50:sending signal using command: 'ssh -T mic0 killall -2 needle_check' after 10.1302848415s
2016-10-17 12:46:50:shell stdout: 
2016-10-17 12:46:54:sending signal using command: 'ssh -T mic0 killall -2 needle_check' after 13.342448448s
2016-10-17 12:46:54:shell stdout: 
2016-10-17 12:46:54:sending signal using command: 'ssh -T mic0 killall -2 needle_check' after 13.3774855683s
2016-10-17 12:46:54:shell stdout: 
2016-10-17 12:46:54:sending signal using command: 'ssh -T mic0 killall -2 needle_check' after 14.1656599317s
2016-10-17 12:46:54:shell stdout: 
2016-10-17 12:46:54:sending signal using command: 'ssh -T mic0 killall -2 needle_check' after 14.4798857184s
2016-10-17 12:46:54:shell stdout: 
2016-10-17 12:46:55:sending signal using command: 'ssh -T mic0 killall -2 needle_check' after 15.0721724248s
2016-10-17 12:46:55:shell stdout: 
2016-10-17 12:47:03:no gdbExecName running, out:
2016-10-17 12:47:03:checCmd:ps -e | grep -i gdb-mic
2016-10-17 12:47:03:finished now-timestampStart < maxWaitTime*5
2016-10-17 12:47:03:now: 1476722822
2016-10-17 12:47:03:timestampStart: 1476722799
2016-10-17 12:47:03:kill cmd: killall -9 gdb-mic
2016-10-17 12:47:03:shell stdout: 
2016-10-17 12:47:03:kill cmd: ssh -T mic0 killall -9 needle_check
2016-10-17 12:47:03:shell stdout: 
2016-10-17 12:47:04:kill cmd: ssh -T mic0 killall -9 gdbserver
2016-10-17 12:47:04:shell stdout: 
2016-10-17 12:47:04:kill cmd: ssh -T mic0 killall -9 sshd
2016-10-17 12:47:04:shell stdout: 
