[INFO -- 2017-02-27 02:15:11]
Starting GDB script
[INFO -- 2017-02-27 02:15:11]
initSignal:9.0
[INFO -- 2017-02-27 02:15:11]
endSignal:12.0
[INFO -- 2017-02-27 02:15:11]
seqSignal:15
[INFO -- 2017-02-27 02:15:20]
sending 15 signals using command: 'ssh -T mic0 killall -2 hotspot_check' after 9.16190367162s
[INFO -- 2017-02-27 02:15:21]
shell stdout: 
[INFO -- 2017-02-27 02:15:21]
sending 15 signals using command: 'ssh -T mic0 killall -2 hotspot_check' after 9.54780127161s
[INFO -- 2017-02-27 02:15:21]
shell stdout: 
[INFO -- 2017-02-27 02:15:21]
shell stdout: 
[INFO -- 2017-02-27 02:15:22]
shell stdout: 
[INFO -- 2017-02-27 02:15:22]
shell stdout: 
[INFO -- 2017-02-27 02:15:22]
sending 15 signals using command: 'ssh -T mic0 killall -2 hotspot_check' after 10.5747170614s
[INFO -- 2017-02-27 02:15:22]
shell stdout: 
[INFO -- 2017-02-27 02:15:22]
shell stdout: 
[INFO -- 2017-02-27 02:15:22]
shell stdout: 
[INFO -- 2017-02-27 02:15:22]
shell stdout: 
[INFO -- 2017-02-27 02:15:22]
shell stdout: 
[INFO -- 2017-02-27 02:15:23]
shell stdout: 
[INFO -- 2017-02-27 02:15:23]
shell stdout: 
[INFO -- 2017-02-27 02:15:23]
shell stdout: 
[INFO -- 2017-02-27 02:15:23]
shell stdout: 
[INFO -- 2017-02-27 02:15:23]
shell stdout: 
[INFO -- 2017-02-27 02:15:23]
shell stdout: 
[INFO -- 2017-02-27 02:15:23]
shell stdout: 
[INFO -- 2017-02-27 02:15:24]
shell stdout: 
[INFO -- 2017-02-27 02:15:24]
shell stdout: 
[INFO -- 2017-02-27 02:15:24]
shell stdout: 
[INFO -- 2017-02-27 02:15:24]
shell stdout: 
[INFO -- 2017-02-27 02:15:24]
shell stdout: 
[INFO -- 2017-02-27 02:15:24]
shell stdout: 
[INFO -- 2017-02-27 02:15:24]
shell stdout: 
[INFO -- 2017-02-27 02:15:25]
shell stdout: 
[INFO -- 2017-02-27 02:15:25]
shell stdout: 
[INFO -- 2017-02-27 02:15:25]
shell stdout: 
[INFO -- 2017-02-27 02:15:25]
shell stdout: 
[INFO -- 2017-02-27 02:15:25]
shell stdout: 
[INFO -- 2017-02-27 02:15:25]
shell stdout: 
[INFO -- 2017-02-27 02:15:25]
shell stdout: 
[INFO -- 2017-02-27 02:15:25]
shell stdout: 
[INFO -- 2017-02-27 02:15:26]
shell stdout: 
[INFO -- 2017-02-27 02:15:26]
shell stdout: 
[INFO -- 2017-02-27 02:15:26]
shell stdout: 
[INFO -- 2017-02-27 02:15:26]
shell stdout: 
[INFO -- 2017-02-27 02:15:26]
shell stdout: 
[INFO -- 2017-02-27 02:15:27]
shell stdout: 
[INFO -- 2017-02-27 02:15:27]
shell stdout: 
[INFO -- 2017-02-27 02:15:27]
shell stdout: 
[INFO -- 2017-02-27 02:15:27]
shell stdout: 
[INFO -- 2017-02-27 02:15:27]
shell stdout: 
[INFO -- 2017-02-27 02:15:28]
shell stdout: 
[INFO -- 2017-02-27 02:15:28]
shell stdout: 
[INFO -- 2017-02-27 02:15:29]
shell stdout: 
[INFO -- 2017-02-27 02:15:42]
no gdbExecName running, out:
[INFO -- 2017-02-27 02:15:42]
checCmd:ps -e | grep -i gdb-mic
[INFO -- 2017-02-27 02:15:42]
finished now-timestampStart < maxWaitTime*5
[INFO -- 2017-02-27 02:15:42]
now: 1488179740
[INFO -- 2017-02-27 02:15:42]
timestampStart: 1488179711
[INFO -- 2017-02-27 02:15:42]
kill cmd: killall -9 gdb-mic
[INFO -- 2017-02-27 02:15:42]
shell stdout: 
[INFO -- 2017-02-27 02:15:42]
kill cmd: ssh -T mic0 killall -9 hotspot_check
[INFO -- 2017-02-27 02:15:42]
shell stdout: 
[INFO -- 2017-02-27 02:15:43]
kill cmd: ssh -T mic0 killall -9 gdbserver
[INFO -- 2017-02-27 02:15:43]
shell stdout: 
[INFO -- 2017-02-27 02:15:43]
kill cmd: ssh -T mic0 killall -9 sshd
[INFO -- 2017-02-27 02:15:43]
shell stdout: 
