2017-01-24 12:45:21:Starting GDB script
2017-01-24 12:45:21:initSignal:2.0
2017-01-24 12:45:21:endSignal:4.0
2017-01-24 12:45:21:seqSignal:30
2017-01-24 12:45:23:sending 30 signals using command: 'ssh -T mic0 killall -2 lud_check' after 2.37396318266s
2017-01-24 12:45:24:sending 30 signals using command: 'ssh -T mic0 killall -2 lud_check' after 2.72577213409s
2017-01-24 12:45:24:sending 30 signals using command: 'ssh -T mic0 killall -2 lud_check' after 2.94512067679s
2017-01-24 12:45:24:shell stdout: 
2017-01-24 12:45:24:shell stdout: 
2017-01-24 12:45:24:shell stdout: 
2017-01-24 12:45:25:shell stdout: 
2017-01-24 12:45:25:shell stdout: 
2017-01-24 12:45:25:shell stdout: 
2017-01-24 12:45:25:shell stdout: 
2017-01-24 12:45:25:shell stdout: 
2017-01-24 12:45:25:shell stdout: 
2017-01-24 12:45:26:shell stdout: 
2017-01-24 12:45:26:shell stdout: 
2017-01-24 12:45:26:shell stdout: 
2017-01-24 12:45:26:shell stdout: 
2017-01-24 12:45:26:shell stdout: 
2017-01-24 12:45:26:shell stdout: 
2017-01-24 12:45:26:shell stdout: 
2017-01-24 12:45:27:shell stdout: 
2017-01-24 12:45:27:shell stdout: 
2017-01-24 12:45:27:shell stdout: 
2017-01-24 12:45:27:shell stdout: 
2017-01-24 12:45:27:shell stdout: 
2017-01-24 12:45:27:shell stdout: 
2017-01-24 12:45:27:shell stdout: 
2017-01-24 12:45:28:shell stdout: 
2017-01-24 12:45:28:shell stdout: 
2017-01-24 12:45:28:shell stdout: 
2017-01-24 12:45:28:shell stdout: 
2017-01-24 12:45:28:shell stdout: 
2017-01-24 12:45:28:shell stdout: 
2017-01-24 12:45:28:shell stdout: 
2017-01-24 12:45:29:shell stdout: 
2017-01-24 12:45:29:shell stdout: 
2017-01-24 12:45:29:shell stdout: 
2017-01-24 12:45:29:shell stdout: 
2017-01-24 12:45:29:shell stdout: 
2017-01-24 12:45:29:shell stdout: 
2017-01-24 12:45:29:shell stdout: 
2017-01-24 12:45:30:shell stdout: 
2017-01-24 12:45:30:shell stdout: 
2017-01-24 12:45:30:shell stdout: 
2017-01-24 12:45:30:shell stdout: 
2017-01-24 12:45:30:shell stdout: 
2017-01-24 12:45:30:shell stdout: 
2017-01-24 12:45:30:shell stdout: 
2017-01-24 12:45:31:shell stdout: 
2017-01-24 12:45:31:shell stdout: 
2017-01-24 12:45:31:shell stdout: 
2017-01-24 12:45:31:shell stdout: 
2017-01-24 12:45:31:shell stdout: 
2017-01-24 12:45:31:shell stdout: 
2017-01-24 12:45:31:shell stdout: 
2017-01-24 12:45:31:shell stdout: 
2017-01-24 12:45:32:shell stdout: 
2017-01-24 12:45:32:shell stdout: 
2017-01-24 12:45:32:shell stdout: 
2017-01-24 12:45:32:shell stdout: 
2017-01-24 12:45:32:shell stdout: 
2017-01-24 12:45:32:shell stdout: 
2017-01-24 12:45:33:shell stdout: 
2017-01-24 12:45:33:shell stdout: 
2017-01-24 12:45:33:shell stdout: 
2017-01-24 12:45:33:shell stdout: 
2017-01-24 12:45:33:shell stdout: 
2017-01-24 12:45:33:shell stdout: 
2017-01-24 12:45:33:shell stdout: 
2017-01-24 12:45:34:shell stdout: 
2017-01-24 12:45:34:shell stdout: 
2017-01-24 12:45:34:shell stdout: 
2017-01-24 12:45:34:shell stdout: 
2017-01-24 12:45:34:shell stdout: 
2017-01-24 12:45:34:shell stdout: 
2017-01-24 12:45:34:shell stdout: 
2017-01-24 12:45:34:shell stdout: 
2017-01-24 12:45:35:shell stdout: 
2017-01-24 12:45:35:shell stdout: 
2017-01-24 12:45:35:shell stdout: 
2017-01-24 12:45:35:shell stdout: 
2017-01-24 12:45:35:shell stdout: 
2017-01-24 12:45:35:shell stdout: 
2017-01-24 12:45:35:shell stdout: 
2017-01-24 12:45:36:shell stdout: 
2017-01-24 12:45:36:shell stdout: 
2017-01-24 12:45:36:shell stdout: 
2017-01-24 12:45:36:shell stdout: 
2017-01-24 12:45:36:shell stdout: 
2017-01-24 12:45:36:shell stdout: 
2017-01-24 12:45:37:shell stdout: 
2017-01-24 12:45:37:shell stdout: 
2017-01-24 12:45:37:shell stdout: 
2017-01-24 12:45:37:shell stdout: 
2017-01-24 12:45:58:no gdbExecName running, out:
2017-01-24 12:45:58:checCmd:ps -e | grep -i gdb-mic
2017-01-24 12:45:58:finished now-timestampStart < maxWaitTime*5
2017-01-24 12:45:58:now: 1485279957
2017-01-24 12:45:58:timestampStart: 1485279921
2017-01-24 12:45:58:kill cmd: killall -9 gdb-mic
2017-01-24 12:45:58:shell stdout: 
2017-01-24 12:45:58:kill cmd: ssh -T mic0 killall -9 lud_check
2017-01-24 12:45:58:shell stdout: 
2017-01-24 12:45:59:kill cmd: ssh -T mic0 killall -9 gdbserver
2017-01-24 12:45:59:shell stdout: 
2017-01-24 12:45:59:kill cmd: ssh -T mic0 killall -9 sshd
2017-01-24 12:45:59:shell stdout: 
