[INFO -- 2017-03-04 02:22:11]
Starting GDB script
[INFO -- 2017-03-04 02:22:11]
initSignal:28.0
[INFO -- 2017-03-04 02:22:11]
endSignal:28.0
[INFO -- 2017-03-04 02:22:11]
seqSignal:15
[INFO -- 2017-03-04 02:22:39]
sending 15 signals using command: 'ssh -T mic1 killall -2 dgemm_check' after 28.0s
[INFO -- 2017-03-04 02:22:39]
sending 15 signals using command: 'ssh -T mic1 killall -2 dgemm_check' after 28.0s
[INFO -- 2017-03-04 02:22:39]
sending 15 signals using command: 'ssh -T mic1 killall -2 dgemm_check' after 28.0s
[INFO -- 2017-03-04 02:22:40]
shell stdout: 
[INFO -- 2017-03-04 02:22:40]
shell stdout: 
[INFO -- 2017-03-04 02:22:40]
shell stdout: 
[INFO -- 2017-03-04 02:22:40]
shell stdout: 
[INFO -- 2017-03-04 02:22:40]
shell stdout: 
[INFO -- 2017-03-04 02:22:40]
shell stdout: 
[INFO -- 2017-03-04 02:22:41]
shell stdout: 
[INFO -- 2017-03-04 02:22:41]
shell stdout: 
[INFO -- 2017-03-04 02:22:41]
shell stdout: 
[INFO -- 2017-03-04 02:22:41]
shell stdout: 
[INFO -- 2017-03-04 02:22:41]
shell stdout: 
[INFO -- 2017-03-04 02:22:41]
shell stdout: 
[INFO -- 2017-03-04 02:22:41]
shell stdout: 
[INFO -- 2017-03-04 02:22:41]
shell stdout: 
[INFO -- 2017-03-04 02:22:41]
shell stdout: 
[INFO -- 2017-03-04 02:22:42]
shell stdout: 
[INFO -- 2017-03-04 02:22:42]
shell stdout: 
[INFO -- 2017-03-04 02:22:42]
shell stdout: 
[INFO -- 2017-03-04 02:22:42]
shell stdout: 
[INFO -- 2017-03-04 02:22:42]
shell stdout: 
[INFO -- 2017-03-04 02:22:42]
shell stdout: 
[INFO -- 2017-03-04 02:22:43]
shell stdout: 
[INFO -- 2017-03-04 02:22:43]
shell stdout: 
[INFO -- 2017-03-04 02:22:43]
shell stdout: 
[INFO -- 2017-03-04 02:22:43]
shell stdout: 
[INFO -- 2017-03-04 02:22:43]
shell stdout: 
[INFO -- 2017-03-04 02:22:43]
shell stdout: 
[INFO -- 2017-03-04 02:22:44]
shell stdout: 
[INFO -- 2017-03-04 02:22:44]
shell stdout: 
[INFO -- 2017-03-04 02:22:44]
shell stdout: 
[INFO -- 2017-03-04 02:22:44]
shell stdout: 
[INFO -- 2017-03-04 02:22:44]
shell stdout: 
[INFO -- 2017-03-04 02:22:44]
shell stdout: 
[INFO -- 2017-03-04 02:22:45]
shell stdout: 
[INFO -- 2017-03-04 02:22:45]
shell stdout: 
[INFO -- 2017-03-04 02:22:45]
shell stdout: 
[INFO -- 2017-03-04 02:22:45]
shell stdout: 
[INFO -- 2017-03-04 02:22:45]
shell stdout: 
[INFO -- 2017-03-04 02:22:45]
shell stdout: 
[INFO -- 2017-03-04 02:22:45]
shell stdout: 
[INFO -- 2017-03-04 02:22:46]
shell stdout: 
[INFO -- 2017-03-04 02:22:46]
shell stdout: 
[INFO -- 2017-03-04 02:22:46]
shell stdout: 
[INFO -- 2017-03-04 02:22:46]
shell stdout: 
[INFO -- 2017-03-04 02:22:46]
shell stdout: 
[INFO -- 2017-03-04 02:24:33]
no gdbExecName running, out:
[INFO -- 2017-03-04 02:24:33]
checCmd:ps -e | grep -i gdb-mic
[INFO -- 2017-03-04 02:24:33]
finished now-timestampStart < maxWaitTime*5
[INFO -- 2017-03-04 02:24:33]
now: 1488612264
[INFO -- 2017-03-04 02:24:33]
timestampStart: 1488612131
[INFO -- 2017-03-04 02:24:33]
kill cmd: killall -9 gdb-mic
[INFO -- 2017-03-04 02:24:33]
shell stdout: 
[INFO -- 2017-03-04 02:24:33]
kill cmd: ssh -T mic1 killall -9 dgemm_check
[INFO -- 2017-03-04 02:24:33]
shell stdout: 
[INFO -- 2017-03-04 02:24:33]
kill cmd: ssh -T mic1 killall -9 gdbserver
[INFO -- 2017-03-04 02:24:33]
shell stdout: 
[INFO -- 2017-03-04 02:24:34]
kill cmd: ssh -T mic1 killall -9 sshd
[INFO -- 2017-03-04 02:24:34]
shell stdout: 
