2017-01-25 12:14:17:Starting GDB script
2017-01-25 12:14:17:initSignal:4.0
2017-01-25 12:14:17:endSignal:6.0
2017-01-25 12:14:17:seqSignal:30
2017-01-25 12:14:21:sending 30 signals using command: 'ssh -T mic0 killall -2 lud_check' after 4.2919250611s
2017-01-25 12:14:21:sending 30 signals using command: 'ssh -T mic0 killall -2 lud_check' after 4.39933213822s
2017-01-25 12:14:22:sending 30 signals using command: 'ssh -T mic0 killall -2 lud_check' after 4.98730052411s
2017-01-25 12:14:23:shell stdout: 
2017-01-25 12:14:23:shell stdout: 
2017-01-25 12:14:23:shell stdout: 
2017-01-25 12:14:23:shell stdout: 
2017-01-25 12:14:23:shell stdout: 
2017-01-25 12:14:23:shell stdout: 
2017-01-25 12:14:23:shell stdout: 
2017-01-25 12:14:24:shell stdout: 
2017-01-25 12:14:24:shell stdout: 
2017-01-25 12:14:24:shell stdout: 
2017-01-25 12:14:24:shell stdout: 
2017-01-25 12:14:24:shell stdout: 
2017-01-25 12:14:24:shell stdout: 
2017-01-25 12:14:24:shell stdout: 
2017-01-25 12:14:25:shell stdout: 
2017-01-25 12:14:25:shell stdout: 
2017-01-25 12:14:25:shell stdout: 
2017-01-25 12:14:25:shell stdout: 
2017-01-25 12:14:25:shell stdout: 
2017-01-25 12:14:25:shell stdout: 
2017-01-25 12:14:25:shell stdout: 
2017-01-25 12:14:26:shell stdout: 
2017-01-25 12:14:26:shell stdout: 
2017-01-25 12:14:26:shell stdout: 
2017-01-25 12:14:26:shell stdout: 
2017-01-25 12:14:26:shell stdout: 
2017-01-25 12:14:26:shell stdout: 
2017-01-25 12:14:26:shell stdout: 
2017-01-25 12:14:27:shell stdout: 
2017-01-25 12:14:27:shell stdout: 
2017-01-25 12:14:27:shell stdout: 
2017-01-25 12:14:27:shell stdout: 
2017-01-25 12:14:27:shell stdout: 
2017-01-25 12:14:27:shell stdout: 
2017-01-25 12:14:27:shell stdout: 
2017-01-25 12:14:27:shell stdout: 
2017-01-25 12:14:28:shell stdout: 
2017-01-25 12:14:28:shell stdout: 
2017-01-25 12:14:28:shell stdout: 
2017-01-25 12:14:28:shell stdout: 
2017-01-25 12:14:28:shell stdout: 
2017-01-25 12:14:28:shell stdout: 
2017-01-25 12:14:29:shell stdout: 
2017-01-25 12:14:29:shell stdout: 
2017-01-25 12:14:29:shell stdout: 
2017-01-25 12:14:29:shell stdout: 
2017-01-25 12:14:29:shell stdout: 
2017-01-25 12:14:29:shell stdout: 
2017-01-25 12:14:29:shell stdout: 
2017-01-25 12:14:30:shell stdout: 
2017-01-25 12:14:30:shell stdout: 
2017-01-25 12:14:30:shell stdout: 
2017-01-25 12:14:30:shell stdout: 
2017-01-25 12:14:30:shell stdout: 
2017-01-25 12:14:30:shell stdout: 
2017-01-25 12:14:30:shell stdout: 
2017-01-25 12:14:30:shell stdout: 
2017-01-25 12:14:31:shell stdout: 
2017-01-25 12:14:31:shell stdout: 
2017-01-25 12:14:31:shell stdout: 
2017-01-25 12:14:31:shell stdout: 
2017-01-25 12:14:31:shell stdout: 
2017-01-25 12:14:31:shell stdout: 
2017-01-25 12:14:32:shell stdout: 
2017-01-25 12:14:32:shell stdout: 
2017-01-25 12:14:32:shell stdout: 
2017-01-25 12:14:32:shell stdout: 
2017-01-25 12:14:32:shell stdout: 
2017-01-25 12:14:32:shell stdout: 
2017-01-25 12:14:32:shell stdout: 
2017-01-25 12:14:33:shell stdout: 
2017-01-25 12:14:33:shell stdout: 
2017-01-25 12:14:33:shell stdout: 
2017-01-25 12:14:33:shell stdout: 
2017-01-25 12:14:33:shell stdout: 
2017-01-25 12:14:33:shell stdout: 
2017-01-25 12:14:33:shell stdout: 
2017-01-25 12:14:33:shell stdout: 
2017-01-25 12:14:34:shell stdout: 
2017-01-25 12:14:34:shell stdout: 
2017-01-25 12:14:34:shell stdout: 
2017-01-25 12:14:34:shell stdout: 
2017-01-25 12:14:34:shell stdout: 
2017-01-25 12:14:34:shell stdout: 
2017-01-25 12:14:34:shell stdout: 
2017-01-25 12:14:35:shell stdout: 
2017-01-25 12:14:35:shell stdout: 
2017-01-25 12:14:35:shell stdout: 
2017-01-25 12:14:35:shell stdout: 
2017-01-25 12:14:35:shell stdout: 
2017-01-25 12:14:57:finished due now-timestampStart > maxWaitTime*5
2017-01-25 12:14:57:now: 1485364497
2017-01-25 12:14:57:timestampStart: 1485364457
2017-01-25 12:14:57:kill cmd: killall -9 gdb-mic
2017-01-25 12:14:57:shell stdout: 
2017-01-25 12:14:57:kill cmd: ssh -T mic0 killall -9 lud_check
2017-01-25 12:14:57:shell stdout: 
2017-01-25 12:14:57:kill cmd: ssh -T mic0 killall -9 gdbserver
2017-01-25 12:14:57:shell stdout: 
2017-01-25 12:14:58:kill cmd: ssh -T mic0 killall -9 sshd
2017-01-25 12:14:58:shell stdout: 
