2016-10-30 17:31:22:Starting GDB script
2016-10-30 17:31:27:sending signal using command: 'ssh -T mic0 killall -2 hotspot_check' after 4.50053613579s
2016-10-30 17:31:27:shell stdout: 
2016-10-30 17:31:27:sending signal using command: 'ssh -T mic0 killall -2 hotspot_check' after 4.51029548401s
2016-10-30 17:31:27:shell stdout: 
2016-10-30 17:31:27:sending signal using command: 'ssh -T mic0 killall -2 hotspot_check' after 5.00108057922s
2016-10-30 17:31:27:shell stdout: 
2016-10-30 17:31:31:sending signal using command: 'ssh -T mic0 killall -2 hotspot_check' after 9.25711503951s
2016-10-30 17:31:31:shell stdout: 
2016-10-30 17:31:32:sending signal using command: 'ssh -T mic0 killall -2 hotspot_check' after 9.89586117344s
2016-10-30 17:31:32:shell stdout: 
2016-10-30 17:31:33:sending signal using command: 'ssh -T mic0 killall -2 hotspot_check' after 10.5193023508s
2016-10-30 17:31:33:shell stdout: 
2016-10-30 17:31:33:sending signal using command: 'ssh -T mic0 killall -2 hotspot_check' after 10.9214657804s
2016-10-30 17:31:33:shell stdout: 
2016-10-30 17:31:34:sending signal using command: 'ssh -T mic0 killall -2 hotspot_check' after 11.776344845s
2016-10-30 17:31:34:shell stdout: 
2016-10-30 17:31:34:sending signal using command: 'ssh -T mic0 killall -2 hotspot_check' after 12.2014785778s
2016-10-30 17:31:34:shell stdout: 
2016-10-30 17:31:36:sending signal using command: 'ssh -T mic0 killall -2 hotspot_check' after 13.7242062948s
2016-10-30 17:31:36:shell stdout: 
2016-10-30 17:31:43:no gdbExecName running, out:
2016-10-30 17:31:43:checCmd:ps -e | grep -i gdb-mic
2016-10-30 17:31:43:finished now-timestampStart < maxWaitTime*5
2016-10-30 17:31:43:now: 1477863102
2016-10-30 17:31:43:timestampStart: 1477863082
2016-10-30 17:31:43:kill cmd: killall -9 gdb-mic
2016-10-30 17:31:43:shell stdout: 
2016-10-30 17:31:43:kill cmd: ssh -T mic0 killall -9 hotspot_check
2016-10-30 17:31:43:shell stdout: 
2016-10-30 17:31:44:kill cmd: ssh -T mic0 killall -9 gdbserver
2016-10-30 17:31:44:shell stdout: 
