#HEADER max_rows:16384 max_cols:16384 penalty:10 omp_num_threads:228
#BEGIN Y:2016 M:10 D:17 Time:10:03:21
#IT Ite:0 KerTime:0.966907 AccTime:0.966907
#ERR  p: [1296, 99], r: 536870761, e: -10
#ERR  p: [576, 42], r: 536870909, e: 3
#ERR  p: [144, 47], r: 536870888, e: -10
#ERR  p: [720, 50], r: 536870876, e: -10
#ERR  p: [216, 35], r: 536870901, e: -10
#ERR  p: [432, 48], r: 536870878, e: -10
#ERR  p: [288, 60], r: 536870855, e: -10
#ERR  p: [792, 60], r: 536870844, e: -10
#ERR  p: [504, 59], r: 536870841, e: -8
#ERR  p: [360, 57], r: 536870842, e: -9
#ERR  p: [1368, 47], r: 536870876, e: -9
#ERR  p: [1440, 65], r: 536870824, e: -10
#ERR  p: [648, 109], r: 536870778, e: -10
#ERR  p: [1224, 77], r: 536870803, e: -10
#ERR  p: [72, 35], r: 536870900, e: -10
#ERR  p: [1728, 33], r: 536870904, e: -8
#ERR  p: [1656, 40], r: 536870884, e: -10
#ERR  p: [1512, 132], r: 536870697, e: -7
#ERR  p: [1584, 37], r: 536870898, e: -10
#ERR  p: [2016, 63], r: 536870838, e: -10
#ERR  p: [2088, 40], r: 536870886, e: -10
#ERR  p: [2160, 58], r: 536870865, e: -10
#ERR  p: [2232, 125], r: 536870721, e: -10
#ERR  p: [1152, 70], r: 536870832, e: -10
#ERR  p: [936, 66], r: 536870862, e: -9
#ERR  p: [864, 71], r: 536870864, e: -4
#ERR  p: [1944, 39], r: 536870892, e: -10
#ERR  p: [1080, 62], r: 536870830, e: -10
#ERR  p: [1800, 35], r: 536870903, e: -8
#ERR  p: [1872, 41], r: 536870899, e: -10
#ERR  p: [1008, 39], r: 536870899, e: -10
#ERR  p: [1296, 100], r: 536870755, e: -10
#ERR  p: [576, 43], r: 536870900, e: -6
#ERR  p: [144, 48], r: 536870879, e: -10
#ERR  p: [720, 51], r: 536870889, e: 0
#ERR  p: [216, 36], r: 536870891, e: -7
#ERR  p: [288, 61], r: 536870859, e: -10
#ERR  p: [432, 49], r: 536870878, e: -10
#ERR  p: [504, 60], r: 536870873, e: -10
#ERR  p: [2376, 33], r: 536870904, e: -8
#ERR  p: [792, 61], r: 536870873, e: -10
#ERR  p: [2304, 98], r: 536870788, e: -6
#ERR  p: [2448, 101], r: 536870809, e: -10
#ERR  p: [360, 58], r: 536870863, e: -9
#ERR  p: [1440, 66], r: 536870863, e: -10
#ERR  p: [1368, 48], r: 536870878, e: -10
#ERR  p: [648, 110], r: 536870807, e: -10
#ERR  p: [1224, 78], r: 536870818, e: -10
#ERR  p: [72, 36], r: 536870891, e: -5
#ERR  p: [1656, 41], r: 536870880, e: -10
#ERR  p: [1152, 71], r: 536870856, e: -10
#ERR  p: [1584, 38], r: 536870893, e: -7
#ERR  p: [1728, 34], r: 536870894, e: -2
#ERR  p: [1512, 133], r: 536870725, e: -10
#ERR  p: [2088, 41], r: 536870885, e: -5
#ERR  p: [2016, 64], r: 536870859, e: -10
#ERR  p: [2232, 126], r: 536870734, e: -10
#ERR  p: [2160, 59], r: 536870860, e: -10
#ERR  p: [936, 67], r: 536870870, e: -9
#ERR  p: [16243, 36], r: 536870892, e: -9
#ERR  p: [1944, 40], r: 536870884, e: -10
#ERR  p: [864, 72], r: 536870856, e: -7
#ERR  p: [1800, 36], r: 536870893, e: -9
#ERR  p: [1080, 63], r: 536870840, e: -10
#ERR  p: [1872, 42], r: 536870889, e: -10
#ERR  p: [1296, 101], r: 536870768, e: -10
#ERR  p: [1008, 40], r: 536870894, e: -4
#ERR  p: [576, 44], r: 536870890, e: 1
#ERR  p: [144, 49], r: 536870869, e: -10
#ERR  p: [16101, 43], r: 536870876, e: -10
#ERR  p: [16, 33], r: 536870904, e: -8
#ERR  p: [2664, 71], r: 536870807, e: -10
#ERR  p: [16172, 68], r: 536870837, e: -10
#ERR  p: [16314, 41], r: 536870878, e: -10
#ERR  p: [15604, 36], r: 536870883, e: -10
#ERR  p: [15320, 88], r: 536870774, e: -10
#ERR  p: [15036, 34], r: 536870906, e: -6
#ERR  p: [15107, 34], r: 536870901, e: -10
#ERR  p: [15391, 63], r: 536870834, e: -8
#ERR  p: [2520, 168], r: 536870686, e: -10
#ERR  p: [15462, 36], r: 536870898, e: -10
#ERR  p: [15959, 51], r: 536870871, e: -10
#ERR  p: [15888, 74], r: 536870856, e: -2
#ERR  p: [2736, 34], r: 536870903, e: -9
#ERR  p: [15249, 48], r: 536870876, e: -7
#ERR  p: [15533, 44], r: 536870884, e: -10
#ERR  p: [15675, 85], r: 536870798, e: -10
#ERR  p: [15746, 54], r: 536870858, e: -4
#ERR  p: [15178, 48], r: 536870887, e: -9
#ERR  p: [14184, 55], r: 536870861, e: -10
#ERR  p: [6408, 89], r: 536870785, e: -10
#ERR  p: [6120, 38], r: 536870898, e: -10
#ERR  p: [4968, 55], r: 536870858, e: 2
#ERR  p: [5976, 43], r: 536870877, e: -10
#ERR  p: [5904, 128], r: 536870719, e: -10
#ERR  p: [5832, 60], r: 536870852, e: -10
#ERR  p: [14965, 58], r: 536870835, e: -10
#ERR  p: [14112, 33], r: 536870904, e: -8
#ERR  p: [15817, 42], r: 536870879, e: -10
#ERR  p: [16030, 35], r: 536870904, e: -8
#ERR  p: [216, 37], r: 536870881, e: -10
#ERR  p: [288, 62], r: 536870857, e: -10
#ERR  p: [432, 50], r: 536870887, e: -8
#ERR  p: [504, 61], r: 536870881, e: -10
#ERR  p: [720, 52], r: 536870880, e: -9
#ERR  p: [792, 62], r: 536870892, e: 1
#ERR  p: [2304, 99], r: 536870803, e: 0
#ERR  p: [4896, 36], r: 536870894, e: -10
#ERR  p: [6624, 53], r: 536870867, e: -10
#ERR  p: [5616, 41], r: 536870892, e: -10
#ERR  p: [2376, 34], r: 536870894, e: -2
#ERR  p: [2592, 44], r: 536870887, e: -9
#ERR  p: [2808, 38], r: 536870891, e: -10
#ERR  p: [2448, 102], r: 536870828, e: -10
#ERR  p: [360, 59], r: 536870871, e: -10
#ERR  p: [3024, 47], r: 536870901, e: 0
#ERR  p: [4680, 45], r: 536870888, e: 6
#ERR  p: [14255, 36], r: 536870897, e: -9
#ERR  p: [2952, 95], r: 536870789, e: -10
#ERR  p: [4752, 36], r: 536870896, e: -10
#ERR  p: [5256, 35], r: 536870906, e: -6
#ERR  p: [6048, 34], r: 536870903, e: -9
#ERR  p: [6264, 68], r: 536870840, e: -10
#ERR  p: [6336, 51], r: 536870871, e: -5
#ERR  p: [6480, 55], r: 536870869, e: -10
#ERR  p: [6552, 84], r: 536870780, e: -10
#ERR  p: [6768, 34], r: 536870907, e: -5
#ERR  p: [6696, 40], r: 536870879, e: -10
#ERR  p: [5544, 48], r: 536870876, e: -10
#ERR  p: [7272, 60], r: 536870856, e: -10
#ERR  p: [5040, 87], r: 536870835, e: -10
#ERR  p: [5112, 50], r: 536870865, e: -10
#ERR  p: [3816, 70], r: 536870827, e: -8
#ERR  p: [5184, 64], r: 536870842, e: -10
#ERR  p: [5328, 57], r: 536870859, e: -10
#ERR  p: [5400, 82], r: 536870818, e: -3
#ERR  p: [4608, 84], r: 536870816, e: -10
#ERR  p: [1440, 67], r: 536870876, e: -10
#ERR  p: [6840, 62], r: 536870856, e: -6
#ERR  p: [1368, 49], r: 536870871, e: -10
#ERR  p: [5760, 58], r: 536870855, e: -7
#ERR  p: [5688, 35], r: 536870902, e: -10
#ERR  p: [6192, 53], r: 536870867, e: -10
#ERR  p: [3240, 37], r: 536870897, e: -10
#ERR  p: [5472, 55], r: 536870879, e: -10
#ERR  p: [4824, 40], r: 536870887, e: -10
#ERR  p: [3312, 94], r: 536870767, e: -9
#ERR  p: [2880, 57], r: 536870854, e: -9
#ERR  p: [3168, 45], r: 536870887, e: -10
#ERR  p: [3096, 37], r: 536870897, e: -10
#ERR  p: [7344, 55], r: 536870876, e: -6
#ERR  p: [648, 111], r: 536870811, e: -10
#ERR  p: [13824, 60], r: 536870866, e: -10
#ERR  p: [13896, 43], r: 536870878, e: -10
#ERR  p: [13968, 37], r: 536870897, e: -10
#ERR  p: [14040, 61], r: 536870848, e: -10
#ERR  p: [7200, 45], r: 536870892, e: -10
#ERR  p: [7560, 85], r: 536870789, e: -6
#ERR  p: [14326, 35], r: 536870906, e: -5
#ERR  p: [14468, 43], r: 536870899, e: -5
#ERR  p: [14610, 36], r: 536870891, e: -10
#ERR  p: [14539, 43], r: 536870888, e: -10
#ERR  p: [14752, 35], r: 536870899, e: -10
#ERR  p: [14823, 38], r: 536870892, e: -10
#ERR  p: [14894, 35], r: 536870902, e: -10
#ERR  p: [7416, 60], r: 536870859, e: -10
#ERR  p: [8424, 34], r: 536870905, e: -7
#ERR  p: [1224, 79], r: 536870841, e: -10
#ERR  p: [72, 37], r: 536870881, e: -10
#ERR  p: [14397, 37], r: 536870892, e: -10
#ERR  p: [1656, 42], r: 536870872, e: -10
#ERR  p: [7992, 72], r: 536870818, e: -10
#ERR  p: [14681, 35], r: 536870903, e: -9
#ERR  p: [8352, 36], r: 536870901, e: -10
#ERR  p: [2088, 42], r: 536870875, e: -10
#ERR  p: [8136, 85], r: 536870788, e: -10
#ERR  p: [7848, 122], r: 536870718, e: -10
#ERR  p: [6984, 44], r: 536870888, e: -3
#ERR  p: [8640, 57], r: 536870881, e: -7
#ERR  p: [8208, 44], r: 536870884, e: -10
#ERR  p: [7704, 53], r: 536870863, e: -10
#ERR  p: [12384, 36], r: 536870896, e: -10
#ERR  p: [3528, 57], r: 536870857, e: -10
#ERR  p: [7488, 95], r: 536870788, e: 7
#ERR  p: [3888, 138], r: 536870689, e: -10
#ERR  p: [3744, 50], r: 536870855, e: -9
#ERR  p: [7632, 37], r: 536870901, e: -10
#ERR  p: [3960, 72], r: 536870824, e: -10
#ERR  p: [4104, 40], r: 536870882, e: -10
#ERR  p: [8856, 40], r: 536870887, e: -10
#ERR  p: [15675, 86], r: 536870813, e: -10
#ERR  p: [4176, 92], r: 536870777, e: -10
#ERR  p: [4536, 118], r: 536870746, e: -7
#ERR  p: [4464, 51], r: 536870882, e: -2
#ERR  p: [4392, 39], r: 536870895, e: -10
#ERR  p: [4032, 74], r: 536870851, e: -6
#ERR  p: [1152, 72], r: 536870863, e: -10
#ERR  p: [11952, 37], r: 536870894, e: -10
#ERR  p: [3384, 62], r: 536870826, e: -10
#ERR  p: [7056, 50], r: 536870863, e: -6
#ERR  p: [11880, 47], r: 536870890, e: -7
#ERR  p: [7920, 53], r: 536870865, e: -10
#ERR  p: [10728, 74], r: 536870815, e: -10
#ERR  p: [8784, 39], r: 536870908, e: -4
#ERR  p: [8496, 50], r: 536870883, e: 1
#ERR  p: [13752, 41], r: 536870875, e: -10
#ERR  p: [7128, 55], r: 536870881, e: -1
#ERR  p: [9648, 44], r: 536870897, e: -5
#ERR  p: [6912, 33], r: 536870909, e: -3
#ERR  p: [8712, 91], r: 536870802, e: -10
#ERR  p: [3456, 39], r: 536870894, e: -9
#ERR  p: [8568, 71], r: 536870818, e: -9
#ERR  p: [11736, 62], r: 536870835, e: -10
#ERR  p: [11808, 38], r: 536870909, e: -3
#ERR  p: [11520, 56], r: 536870870, e: -8
#ERR  p: [12024, 40], r: 536870883, e: -10
#ERR  p: [11088, 51], r: 536870872, e: -10
#ERR  p: [10440, 37], r: 536870893, e: -10
#ERR  p: [10368, 55], r: 536870859, e: -10
#ERR  p: [12168, 48], r: 536870864, e: -10
#ERR  p: [7776, 55], r: 536870862, e: -10
#ERR  p: [936, 68], r: 536870867, e: -10
#ERR  p: [1728, 35], r: 536870884, e: -9
#ERR  p: [1512, 134], r: 536870732, e: -10
#ERR  p: [2016, 65], r: 536870867, e: -10
#ERR  p: [2232, 127], r: 536870747, e: -10
#ERR  p: [2160, 60], r: 536870861, e: -10
#ERR  p: [1584, 39], r: 536870892, e: -3
#ERR  p: [4248, 84], r: 536870770, e: -10
#ERR  p: [1008, 41], r: 536870887, e: -10
#ERR  p: [13464, 73], r: 536870835, e: -8
#ERR  p: [9792, 59], r: 536870866, e: -10
#ERR  p: [2664, 72], r: 536870832, e: -10
#ERR  p: [10152, 45], r: 536870892, e: -1
#ERR  p: [8280, 64], r: 536870838, e: -10
#ERR  p: [1944, 41], r: 536870878, e: -10
#ERR  p: [10296, 41], r: 536870883, e: -8
#ERR  p: [16101, 44], r: 536870906, e: 3
#ERR  p: [9504, 37], r: 536870895, e: -9
#ERR  p: [1296, 102], r: 536870783, e: -10
#ERR  p: [1800, 37], r: 536870883, e: -6
#ERR  p: [1872, 43], r: 536870882, e: -10
#ERR  p: [11232, 123], r: 536870727, e: -10
#ERR  p: [864, 73], r: 536870861, e: -4
#ERR  p: [9432, 39], r: 536870896, e: -10
#ERR  p: [576, 45], r: 536870883, e: -6
#ERR  p: [144, 50], r: 536870867, e: -6
#ERR  p: [15320, 89], r: 536870785, e: -10
#ERR  p: [15036, 35], r: 536870896, e: -4
#ERR  p: [16172, 69], r: 536870839, e: -10
#ERR  p: [1080, 64], r: 536870848, e: -10
#ERR  p: [15107, 35], r: 536870891, e: -7
#ERR  p: [16243, 37], r: 536870900, e: -9
#ERR  p: [6408, 90], r: 536870816, e: -10
#ERR  p: [15249, 49], r: 536870888, e: -8
#ERR  p: [15462, 37], r: 536870893, e: -3
#ERR  p: [4968, 56], r: 536870875, e: -8
#ERR  p: [15888, 75], r: 536870851, e: -10
#ERR  p: [15533, 45], r: 536870883, e: -6
#ERR  p: [6120, 39], r: 536870888, e: -10
#ERR  p: [504, 62], r: 536870876, e: -10
#ERR  p: [15391, 64], r: 536870847, e: -9
#ERR  p: [15959, 52], r: 536870880, e: -10
#ERR  p: [14965, 59], r: 536870851, e: -10
#ERR  p: [15604, 37], r: 536870890, e: -10
#ERR  p: [432, 51], r: 536870877, e: -10
#ERR  p: [15746, 55], r: 536870872, e: -4
#ERR  p: [216, 38], r: 536870872, e: -10
#ERR  p: [6480, 56], r: 536870881, e: -10
#ERR  p: [16314, 42], r: 536870874, e: -10
#ERR  p: [288, 63], r: 536870878, e: -10
#ERR  p: [15178, 49], r: 536870888, e: -10
#ERR  p: [2520, 169], r: 536870694, e: -10
#ERR  p: [13680, 37], r: 536870901, e: -4
#ERR  p: [5976, 44], r: 536870880, e: -10
#ERR  p: [16, 34], r: 536870894, e: -2
#ERR  p: [11664, 34], r: 536870902, e: -10
#ERR  p: [2736, 35], r: 536870894, e: 0
#ERR  p: [3600, 93], r: 536870783, e: -10
#ERR  p: [14184, 56], r: 536870871, e: -10
#ERR  p: [5904, 129], r: 536870735, e: -10
#ERR  p: [14112, 34], r: 536870894, e: -2
#ERR  p: [13320, 41], r: 536870875, e: -10
#ERR  p: [10584, 35], r: 536870902, e: -10
#ERR  p: [15817, 43], r: 536870887, e: -5
#ERR  p: [9864, 44], r: 536870879, e: -9
#ERR  p: [13032, 45], r: 536870908, e: -4
#ERR  p: [10008, 52], r: 536870877, e: -1
#ERR  p: [9720, 42], r: 536870880, e: -10
#ERR  p: [11592, 50], r: 536870885, e: -5
#ERR  p: [5832, 61], r: 536870858, e: -10
#ERR  p: [4320, 91], r: 536870806, e: -4
#ERR  p: [10656, 51], r: 536870873, e: -10
#ERR  p: [12312, 33], r: 536870909, e: -3
#ERR  p: [11304, 39], r: 536870907, e: -5
#ERR  p: [11376, 60], r: 536870867, e: -10
#ERR  p: [12456, 48], r: 536870881, e: -10
#ERR  p: [13104, 61], r: 536870846, e: -10
#ERR  p: [12528, 34], r: 536870902, e: -10
#ERR  p: [9576, 68], r: 536870827, e: -10
#ERR  p: [12240, 45], r: 536870884, e: -4
#ERR  p: [12600, 48], r: 536870882, e: -9
#ERR  p: [11448, 44], r: 536870876, e: -10
#ERR  p: [12960, 37], r: 536870894, e: -10
#ERR  p: [12096, 53], r: 536870850, e: -10
#ERR  p: [10944, 53], r: 536870870, e: -10
#ERR  p: [12888, 69], r: 536870822, e: -10
#ERR  p: [11160, 55], r: 536870865, e: -2
#ERR  p: [13536, 36], r: 536870897, e: -10
#ERR  p: [8928, 74], r: 536870811, e: -8
#ERR  p: [9144, 34], r: 536870903, e: -9
#ERR  p: [13176, 33], r: 536870904, e: -8
#ERR  p: [13392, 44], r: 536870884, e: -10
#ERR  p: [12744, 77], r: 536870817, e: -10
#ERR  p: [9000, 35], r: 536870901, e: -10
#ERR  p: [72, 38], r: 536870872, e: -10
#ERR  p: [10800, 42], r: 536870879, e: -10
#ERR  p: [9288, 34], r: 536870903, e: -9
#ERR  p: [9216, 78], r: 536870828, e: -10
#ERR  p: [3672, 60], r: 536870843, e: -10
#ERR  p: [9072, 61], r: 536870848, e: -8
#ERR  p: [9360, 54], r: 536870846, e: -10
#ERR  p: [792, 63], r: 536870896, e: 5
#ERR  p: [13248, 77], r: 536870810, e: -10
#ERR  p: [12816, 39], r: 536870902, e: -9
#ERR  p: [12672, 80], r: 536870802, e: -10
#ERR  p: [9936, 34], r: 536870904, e: -8
#ERR  p: [10224, 44], r: 536870878, e: -10
#ERR  p: [8064, 36], r: 536870899, e: -10
#ERR  p: [10080, 64], r: 536870854, e: -6
#ERR  p: [2304, 100], r: 536870807, e: -3
#ERR  p: [4896, 37], r: 536870884, e: -10
#ERR  p: [5616, 42], r: 536870887, e: -1
#ERR  p: [2376, 35], r: 536870884, e: -1
#ERR  p: [6624, 54], r: 536870875, e: -5
#ERR  p: [2808, 39], r: 536870883, e: -10
#ERR  p: [2592, 45], r: 536870889, e: -10
#ERR  p: [2448, 103], r: 536870839, e: -3
#ERR  p: [360, 60], r: 536870872, e: -10
#ERR  p: [720, 53], r: 536870882, e: -10
#ERR  p: [3024, 48], r: 536870892, e: -9
#ERR  p: [13608, 69], r: 536870846, e: -6
#ERR  p: [10512, 48], r: 536870894, e: -10
#ERR  p: [11016, 53], r: 536870853, e: -10
#ERR  p: [4680, 46], r: 536870881, e: -4
#ERR  p: [10872, 43], r: 536870875, e: -10
#ERR  p: [14255, 37], r: 536870892, e: -6
#ERR  p: [2952, 96], r: 536870804, e: -10
#ERR  p: [4752, 37], r: 536870887, e: -10
#ERR  p: [16030, 36], r: 536870894, e: -4
#ERR  p: [5256, 36], r: 536870896, e: -8
#ERR  p: [6048, 35], r: 536870895, e: -1
#ERR  p: [6264, 69], r: 536870848, e: -10
#ERR  p: [6336, 52], r: 536870880, e: 1
#ERR  p: [6552, 85], r: 536870800, e: -10
#ERR  p: [6768, 35], r: 536870897, e: -4
#ERR  p: [5544, 49], r: 536870878, e: -10
#ERR  p: [7272, 61], r: 536870869, e: -10
#ERR  p: [6696, 41], r: 536870904, e: -2
#ERR  p: [5040, 88], r: 536870836, e: -10
#ERR  p: [5112, 51], r: 536870870, e: -10
#ERR  p: [5400, 83], r: 536870834, e: -10
#ERR  p: [12168, 49], r: 536870878, e: -10
#ERR  p: [3816, 71], r: 536870825, e: -7
#ERR  p: [4608, 85], r: 536870826, e: -10
#ERR  p: [6840, 63], r: 536870860, e: -5
#ERR  p: [1944, 42], r: 536870870, e: -10
#ERR  p: [5760, 59], r: 536870868, e: -10
#ERR  p: [5688, 36], r: 536870892, e: -8
#ERR  p: [5184, 65], r: 536870870, e: -7
#ERR  p: [3240, 38], r: 536870908, e: -4
#ERR  p: [3312, 95], r: 536870812, e: -10
#ERR  p: [1440, 68], r: 536870872, e: -9
#ERR  p: [144, 51], r: 536870865, e: -10
#ERR  p: [14468, 44], r: 536870899, e: -6
#ERR  p: [1368, 50], r: 536870892, e: 0
#ERR  p: [216, 39], r: 536870863, e: -10
#ERR  p: [5328, 58], r: 536870883, e: 2
#ERR  p: [7344, 56], r: 536870866, e: -10
#ERR  p: [14610, 37], r: 536870906, e: -6
#ERR  p: [14894, 36], r: 536870894, e: -4
#ERR  p: [5472, 56], r: 536870877, e: -10
#ERR  p: [4824, 41], r: 536870888, e: -10
#ERR  p: [2880, 58], r: 536870863, e: -10
#ERR  p: [3168, 46], r: 536870877, e: -10
#ERR  p: [2088, 43], r: 536870888, e: -9
#ERR  p: [3096, 38], r: 536870887, e: -10
#ERR  p: [14397, 38], r: 536870884, e: -10
#ERR  p: [648, 112], r: 536870829, e: -7
#ERR  p: [13968, 38], r: 536870888, e: -10
#ERR  p: [13896, 44], r: 536870889, e: -9
#ERR  p: [15178, 50], r: 536870879, e: -10
#ERR  p: [14040, 62], r: 536870875, e: 6
#ERR  p: [7704, 54], r: 536870874, e: -2
#ERR  p: [3888, 139], r: 536870721, e: -10
#ERR  p: [8136, 86], r: 536870804, e: -10
#ERR  p: [3960, 73], r: 536870836, e: -10
#ERR  p: [3744, 51], r: 536870865, e: -10
#ERR  p: [7560, 86], r: 536870810, e: -10
#ERR  p: [7200, 46], r: 536870882, e: -10
#ERR  p: [15675, 87], r: 536870825, e: -10
#ERR  p: [4536, 119], r: 536870781, e: -10
#ERR  p: [14752, 36], r: 536870889, e: -9
#ERR  p: [4392, 40], r: 536870888, e: -10
#ERR  p: [14326, 36], r: 536870896, e: -8
#ERR  p: [14539, 44], r: 536870890, e: -10
#ERR  p: [4032, 75], r: 536870846, e: -10
#ERR  p: [6192, 54], r: 536870865, e: -5
#ERR  p: [14823, 39], r: 536870882, e: -10
#ERR  p: [11952, 38], r: 536870891, e: -8
#ERR  p: [7416, 61], r: 536870866, e: -10
#ERR  p: [13824, 61], r: 536870873, e: -10
#ERR  p: [1224, 80], r: 536870850, e: -10
#ERR  p: [8424, 35], r: 536870897, e: -1
#ERR  p: [1656, 43], r: 536870865, e: -10
#ERR  p: [14681, 36], r: 536870893, e: -6
#ERR  p: [4176, 93], r: 536870804, e: -10
#ERR  p: [8352, 37], r: 536870899, e: 2
#ERR  p: [7992, 73], r: 536870829, e: -10
#ERR  p: [12384, 37], r: 536870895, e: -1
#ERR  p: [8640, 58], r: 536870907, e: 7
#ERR  p: [6984, 45], r: 536870885, e: -10
#ERR  p: [7848, 123], r: 536870747, e: -9
#ERR  p: [8208, 45], r: 536870881, e: -9
#ERR  p: [4104, 41], r: 536870903, e: -2
#ERR  p: [7488, 96], r: 536870786, e: -2
#ERR  p: [3528, 58], r: 536870871, e: -7
#ERR  p: [4464, 52], r: 536870881, e: -10
#ERR  p: [7632, 38], r: 536870893, e: -10
#ERR  p: [8856, 41], r: 536870879, e: -10
#ERR  p: [7056, 51], r: 536870876, e: -10
#ERR  p: [3384, 63], r: 536870854, e: -10
#ERR  p: [11880, 48], r: 536870893, e: -10
#ERR  p: [1152, 73], r: 536870853, e: -10
#ERR  p: [7920, 54], r: 536870869, e: -10
#ERR  p: [10728, 75], r: 536870834, e: 1
#ERR  p: [8784, 40], r: 536870898, e: -10
#ERR  p: [8496, 51], r: 536870885, e: -6
#ERR  p: [13752, 42], r: 536870880, e: -10
#ERR  p: [11808, 39], r: 536870903, e: -9
#ERR  p: [6912, 34], r: 536870899, e: -2
#ERR  p: [3456, 40], r: 536870884, e: -10
#ERR  p: [7128, 56], r: 536870879, e: -10
#ERR  p: [2016, 66], r: 536870869, e: -7
#ERR  p: [9648, 45], r: 536870887, e: -10
#ERR  p: [2664, 73], r: 536870840, e: -10
#ERR  p: [11736, 63], r: 536870869, e: -7
#ERR  p: [1008, 42], r: 536870877, e: -10
#ERR  p: [12024, 41], r: 536870880, e: -8
#ERR  p: [11520, 57], r: 536870874, e: -10
#ERR  p: [9504, 38], r: 536870885, e: -10
#ERR  p: [8712, 92], r: 536870825, e: -10
#ERR  p: [8568, 72], r: 536870827, e: -10
#ERR  p: [10440, 38], r: 536870889, e: -7
#ERR  p: [10368, 56], r: 536870879, e: -10
#ERR  p: [936, 69], r: 536870859, e: -10
#ERR  p: [576, 46], r: 536870873, e: -10
#ERR  p: [1584, 40], r: 536870884, e: -10
#ERR  p: [1728, 36], r: 536870874, e: -10
#ERR  p: [7776, 56], r: 536870867, e: -10
#ERR  p: [2232, 128], r: 536870758, e: -10
#ERR  p: [2160, 61], r: 536870855, e: -10
#ERR  p: [4248, 85], r: 536870783, e: -10
#ERR  p: [8280, 65], r: 536870847, e: -10
#ERR  p: [13464, 74], r: 536870830, e: -10
#ERR  p: [10152, 46], r: 536870882, e: -10
#ERR  p: [9792, 60], r: 536870876, e: -10
#ERR  p: [10296, 42], r: 536870894, e: -10
#ERR  p: [16101, 45], r: 536870896, e: -7
#ERR  p: [1800, 38], r: 536870873, e: -10
#ERR  p: [1296, 103], r: 536870783, e: -10
#ERR  p: [1872, 44], r: 536870884, e: -5
#ERR  p: [864, 74], r: 536870851, e: -10
#ERR  p: [11232, 124], r: 536870752, e: -7
#ERR  p: [9432, 40], r: 536870886, e: 0
#ERR  p: [15320, 90], r: 536870796, e: -10
#ERR  p: [15036, 36], r: 536870886, e: -10
#ERR  p: [16172, 70], r: 536870846, e: -10
#ERR  p: [11088, 52], r: 536870870, e: -10
#ERR  p: [1512, 135], r: 536870780, e: -10
#ERR  p: [1080, 65], r: 536870848, e: -10
#ERR  p: [15107, 36], r: 536870881, e: -10
#ERR  p: [6408, 91], r: 536870815, e: -10
#ERR  p: [16243, 38], r: 536870890, e: -10
#ERR  p: [15249, 50], r: 536870881, e: -12
#ERR  p: [15533, 46], r: 536870873, e: -10
#ERR  p: [15888, 76], r: 536870845, e: -10
#ERR  p: [504, 63], r: 536870867, e: -10
#ERR  p: [6120, 40], r: 536870883, e: -10
#ERR  p: [15391, 65], r: 536870850, e: -8
#ERR  p: [14965, 60], r: 536870855, e: -10
#ERR  p: [15959, 53], r: 536870871, e: -10
#ERR  p: [4968, 57], r: 536870888, e: -4
#ERR  p: [15462, 38], r: 536870883, e: -10
#ERR  p: [15604, 38], r: 536870888, e: -9
#ERR  p: [432, 52], r: 536870868, e: -10
#ERR  p: [15746, 56], r: 536870880, e: -10
#ERR  p: [6480, 57], r: 536870873, e: -10
#ERR  p: [16314, 43], r: 536870869, e: -10
#ERR  p: [288, 64], r: 536870868, e: -10
