2016-11-02 08:15:52:Initialization strings:
2016-11-02 08:15:53:(1) target extended-remote | ssh -T mic0 gdbserver --multi -
2016-11-02 08:15:53:(2) set sysroot /opt/mpss/3.7/sysroots/k1om-mpss-linux/
2016-11-02 08:15:53:(3) set sysroot /opt/mpss/3.7/sysroots/k1om-mpss-linux/
2016-11-02 08:15:53:(4) file /micNfs/gdb-fault-injection-lavamd/bin/lavamd
2016-11-02 08:15:53:(5) set remote exec-file /micNfs/gdb-fault-injection-lavamd/bin/lavamd
2016-11-02 08:15:53:(6) set args 228 15 /micNfs/gdb-fault-injection-lavamd/bin/input_distance_228_15 /micNfs/gdb-fault-injection-lavamd/bin/input_charges_228_15 /micNfs/gdb-fault-injection-lavamd/bin/output_gold_228_15 1
2016-11-02 08:15:53:Trying Fault Injection
2016-11-02 08:15:53:Inferior PID: 200810
2016-11-02 08:15:53:Inferior is valid: True
2016-11-02 08:15:53:Inferior #threads: 1
2016-11-02 08:15:53:Backtrace BEGIN:
2016-11-02 08:15:53:#0  0x00007ffff71388d5 in __GI__IO_fread (buf=0x7ffff63e0528, size=1, count=8, fp=0x60e1c0) at iofread.c:41
#1  0x0000000000402286 in main (argc=7, argv=0x7fffffffec08) at main_check.c:151

2016-11-02 08:15:53:36	in iofread.c

2016-11-02 08:15:53:Backtrace END
2016-11-02 08:15:53:Thread name: None
2016-11-02 08:15:53:Thread num: 1
2016-11-02 08:15:53:Thread ptid: (200810, 200810, 0)
2016-11-02 08:15:53:bitFlip function
2016-11-02 08:15:53:Type: The type is a pointer.
2016-11-02 08:15:53:Type sizeof: 8
2016-11-02 08:15:53:Fliping a bit of the value pointed by a pointer
2016-11-02 08:15:53:bitFlip function
2016-11-02 08:15:53:Type: The type is a structure.
2016-11-02 08:15:53:Type sizeof: 32
2016-11-02 08:15:53:Fliping value of field: x
2016-11-02 08:15:53:bitFlip function
2016-11-02 08:15:53:Type: A floating point type.
2016-11-02 08:15:53:Type sizeof: 8
2016-11-02 08:15:53:Mem contents(hex):0x940x910x960x060x000x000x000x00
2016-11-02 08:15:53:base address to flip value: 0x7ffff7ff86a8
2016-11-02 08:15:53:address max offset: 8
2016-11-02 08:15:53:Memory content before bitflip:0x940x910x960x060x000x000x000x00
2016-11-02 08:15:53:Memory content after  bitflip:0x940x910x960x060x000x040x000x00
2016-11-02 08:15:53:Mem contents(hex):0x940x910x960x060x000x040x000x00
2016-11-02 08:15:53:frame name: main
2016-11-02 08:15:53:symbol name: fv_cpu
2016-11-02 08:15:53:symbol filename: main_check.c
2016-11-02 08:15:53:symbol line: 60
2016-11-02 08:15:53:value: 0x7ffff7ff86a0
2016-11-02 08:15:53:value address: 0x7fffffffe9f8
2016-11-02 08:15:53:Type: The type is a pointer.
2016-11-02 08:15:53:Type sizeof: 8
2016-11-02 08:15:53:Fault Injection Successful after 0.734787940979s
2016-11-02 08:15:53:Fault Already Injected
2016-11-02 08:15:54:Fault Already Injected
2016-11-02 08:15:56:Fault Already Injected
2016-11-02 08:15:57:Fault Already Injected
2016-11-02 08:15:59:Fault Already Injected
2016-11-02 08:15:59:Fault Already Injected
2016-11-02 08:16:00:Fault Already Injected
2016-11-02 08:16:01:Fault Already Injected
2016-11-02 08:16:01:Fault Already Injected
2016-11-02 08:16:03:event type: exit
2016-11-02 08:16:03:exit code: 0
