[INFO -- 2017-02-26 16:11:53]
Starting GDB script
[INFO -- 2017-02-26 16:11:53]
initSignal:3.0
[INFO -- 2017-02-26 16:11:53]
endSignal:6.0
[INFO -- 2017-02-26 16:11:53]
seqSignal:15
[INFO -- 2017-02-26 16:11:57]
sending 15 signals using command: 'ssh -T mic0 killall -2 hotspot_check' after 3.77392949325s
[INFO -- 2017-02-26 16:11:57]
shell stdout: 
[INFO -- 2017-02-26 16:11:57]
sending 15 signals using command: 'ssh -T mic0 killall -2 hotspot_check' after 4.17037888679s
[INFO -- 2017-02-26 16:11:57]
sending 15 signals using command: 'ssh -T mic0 killall -2 hotspot_check' after 4.31408647694s
[INFO -- 2017-02-26 16:11:58]
shell stdout: 
[INFO -- 2017-02-26 16:11:58]
shell stdout: 
[INFO -- 2017-02-26 16:11:58]
shell stdout: 
[INFO -- 2017-02-26 16:11:58]
shell stdout: 
[INFO -- 2017-02-26 16:11:58]
shell stdout: 
[INFO -- 2017-02-26 16:11:58]
shell stdout: 
[INFO -- 2017-02-26 16:11:59]
shell stdout: 
[INFO -- 2017-02-26 16:11:59]
shell stdout: 
[INFO -- 2017-02-26 16:11:59]
shell stdout: 
[INFO -- 2017-02-26 16:11:59]
shell stdout: 
[INFO -- 2017-02-26 16:11:59]
shell stdout: 
[INFO -- 2017-02-26 16:11:59]
shell stdout: 
[INFO -- 2017-02-26 16:11:59]
shell stdout: 
[INFO -- 2017-02-26 16:11:59]
shell stdout: 
[INFO -- 2017-02-26 16:11:59]
shell stdout: 
[INFO -- 2017-02-26 16:12:00]
shell stdout: 
[INFO -- 2017-02-26 16:12:00]
shell stdout: 
[INFO -- 2017-02-26 16:12:00]
shell stdout: 
[INFO -- 2017-02-26 16:12:00]
shell stdout: 
[INFO -- 2017-02-26 16:12:00]
shell stdout: 
[INFO -- 2017-02-26 16:12:00]
shell stdout: 
[INFO -- 2017-02-26 16:12:01]
shell stdout: 
[INFO -- 2017-02-26 16:12:01]
shell stdout: 
[INFO -- 2017-02-26 16:12:01]
shell stdout: 
[INFO -- 2017-02-26 16:12:01]
shell stdout: 
[INFO -- 2017-02-26 16:12:01]
shell stdout: 
[INFO -- 2017-02-26 16:12:01]
shell stdout: 
[INFO -- 2017-02-26 16:12:01]
shell stdout: 
[INFO -- 2017-02-26 16:12:02]
shell stdout: 
[INFO -- 2017-02-26 16:12:02]
shell stdout: 
[INFO -- 2017-02-26 16:12:02]
shell stdout: 
[INFO -- 2017-02-26 16:12:02]
shell stdout: 
[INFO -- 2017-02-26 16:12:02]
shell stdout: 
[INFO -- 2017-02-26 16:12:02]
shell stdout: 
[INFO -- 2017-02-26 16:12:02]
shell stdout: 
[INFO -- 2017-02-26 16:12:02]
shell stdout: 
[INFO -- 2017-02-26 16:12:03]
shell stdout: 
[INFO -- 2017-02-26 16:12:03]
shell stdout: 
[INFO -- 2017-02-26 16:12:03]
shell stdout: 
[INFO -- 2017-02-26 16:12:03]
shell stdout: 
[INFO -- 2017-02-26 16:12:03]
shell stdout: 
[INFO -- 2017-02-26 16:12:03]
shell stdout: 
[INFO -- 2017-02-26 16:12:04]
shell stdout: 
[INFO -- 2017-02-26 16:12:04]
shell stdout: 
[INFO -- 2017-02-26 16:12:33]
no gdbExecName running, out:
[INFO -- 2017-02-26 16:12:33]
checCmd:ps -e | grep -i gdb-mic
[INFO -- 2017-02-26 16:12:33]
finished now-timestampStart < maxWaitTime*5
[INFO -- 2017-02-26 16:12:33]
now: 1488143551
[INFO -- 2017-02-26 16:12:33]
timestampStart: 1488143513
[INFO -- 2017-02-26 16:12:33]
kill cmd: killall -9 gdb-mic
[INFO -- 2017-02-26 16:12:33]
shell stdout: 
[INFO -- 2017-02-26 16:12:33]
kill cmd: ssh -T mic0 killall -9 hotspot_check
[INFO -- 2017-02-26 16:12:33]
shell stdout: 
[INFO -- 2017-02-26 16:12:34]
kill cmd: ssh -T mic0 killall -9 gdbserver
[INFO -- 2017-02-26 16:12:34]
shell stdout: 
[INFO -- 2017-02-26 16:12:34]
kill cmd: ssh -T mic0 killall -9 sshd
[INFO -- 2017-02-26 16:12:34]
shell stdout: 
