2017-01-24 10:53:27:Starting GDB script
2017-01-24 10:53:27:initSignal:0.0
2017-01-24 10:53:27:endSignal:2.0
2017-01-24 10:53:27:seqSignal:30
2017-01-24 10:53:27:sending 30 signals using command: 'ssh -T mic0 killall -2 lud_check' after 0.0318313337695s
2017-01-24 10:53:27:sending 30 signals using command: 'ssh -T mic0 killall -2 lud_check' after 0.04489560264s
2017-01-24 10:53:27:shell stdout: 
2017-01-24 10:53:27:shell stdout: 
2017-01-24 10:53:28:shell stdout: 
2017-01-24 10:53:28:shell stdout: 
2017-01-24 10:53:28:shell stdout: 
2017-01-24 10:53:28:sending 30 signals using command: 'ssh -T mic0 killall -2 lud_check' after 1.32596742686s
2017-01-24 10:53:28:shell stdout: 
2017-01-24 10:53:28:shell stdout: 
2017-01-24 10:53:28:shell stdout: 
2017-01-24 10:53:28:shell stdout: 
2017-01-24 10:53:29:shell stdout: 
2017-01-24 10:53:29:shell stdout: 
2017-01-24 10:53:29:shell stdout: 
2017-01-24 10:53:29:shell stdout: 
2017-01-24 10:53:29:shell stdout: 
2017-01-24 10:53:29:shell stdout: 
2017-01-24 10:53:30:shell stdout: 
2017-01-24 10:53:30:shell stdout: 
2017-01-24 10:53:30:shell stdout: 
2017-01-24 10:53:31:shell stdout: 
2017-01-24 10:53:31:shell stdout: 
2017-01-24 10:53:31:shell stdout: 
2017-01-24 10:53:32:shell stdout: 
2017-01-24 10:53:32:shell stdout: 
2017-01-24 10:53:32:shell stdout: 
2017-01-24 10:53:32:shell stdout: 
2017-01-24 10:53:32:shell stdout: 
2017-01-24 10:53:32:shell stdout: 
2017-01-24 10:53:33:shell stdout: 
2017-01-24 10:53:33:shell stdout: 
2017-01-24 10:53:33:shell stdout: 
2017-01-24 10:53:34:shell stdout: 
2017-01-24 10:53:34:shell stdout: 
2017-01-24 10:53:34:shell stdout: 
2017-01-24 10:53:34:shell stdout: 
2017-01-24 10:53:34:shell stdout: 
2017-01-24 10:53:34:shell stdout: 
2017-01-24 10:53:35:shell stdout: 
2017-01-24 10:53:35:shell stdout: 
2017-01-24 10:53:35:shell stdout: 
2017-01-24 10:53:36:shell stdout: 
2017-01-24 10:53:36:shell stdout: 
2017-01-24 10:53:36:shell stdout: 
2017-01-24 10:53:37:shell stdout: 
2017-01-24 10:53:37:shell stdout: 
2017-01-24 10:53:37:shell stdout: 
2017-01-24 10:53:37:shell stdout: 
2017-01-24 10:53:37:shell stdout: 
2017-01-24 10:53:37:shell stdout: 
2017-01-24 10:53:38:shell stdout: 
2017-01-24 10:53:38:shell stdout: 
2017-01-24 10:53:38:shell stdout: 
2017-01-24 10:53:39:shell stdout: 
2017-01-24 10:53:39:shell stdout: 
2017-01-24 10:53:39:shell stdout: 
2017-01-24 10:53:39:shell stdout: 
2017-01-24 10:53:39:shell stdout: 
2017-01-24 10:53:39:shell stdout: 
2017-01-24 10:53:39:shell stdout: 
2017-01-24 10:53:39:shell stdout: 
2017-01-24 10:53:39:shell stdout: 
2017-01-24 10:53:40:shell stdout: 
2017-01-24 10:53:40:shell stdout: 
2017-01-24 10:53:40:shell stdout: 
2017-01-24 10:53:40:shell stdout: 
2017-01-24 10:53:40:shell stdout: 
2017-01-24 10:53:40:shell stdout: 
2017-01-24 10:53:41:shell stdout: 
2017-01-24 10:53:41:shell stdout: 
2017-01-24 10:53:41:shell stdout: 
2017-01-24 10:53:41:shell stdout: 
2017-01-24 10:53:41:shell stdout: 
2017-01-24 10:53:41:shell stdout: 
2017-01-24 10:53:42:shell stdout: 
2017-01-24 10:53:42:shell stdout: 
2017-01-24 10:53:42:shell stdout: 
2017-01-24 10:53:42:shell stdout: 
2017-01-24 10:53:42:shell stdout: 
2017-01-24 10:53:42:shell stdout: 
2017-01-24 10:53:42:shell stdout: 
2017-01-24 10:53:42:shell stdout: 
2017-01-24 10:53:42:shell stdout: 
2017-01-24 10:53:43:shell stdout: 
2017-01-24 10:53:43:shell stdout: 
2017-01-24 10:53:43:shell stdout: 
2017-01-24 10:53:43:shell stdout: 
2017-01-24 10:53:43:shell stdout: 
2017-01-24 10:53:43:shell stdout: 
2017-01-24 10:53:44:shell stdout: 
2017-01-24 10:53:44:no gdbExecName running, out:
2017-01-24 10:53:44:checCmd:ps -e | grep -i gdb-mic
2017-01-24 10:53:44:finished now-timestampStart < maxWaitTime*5
2017-01-24 10:53:44:now: 1485273223
2017-01-24 10:53:44:timestampStart: 1485273207
2017-01-24 10:53:44:kill cmd: killall -9 gdb-mic
2017-01-24 10:53:44:shell stdout: 
2017-01-24 10:53:44:shell stdout: 
2017-01-24 10:53:44:kill cmd: ssh -T mic0 killall -9 lud_check
2017-01-24 10:53:44:shell stdout: 
2017-01-24 10:53:45:shell stdout: 
2017-01-24 10:53:45:kill cmd: ssh -T mic0 killall -9 gdbserver
2017-01-24 10:53:45:shell stdout: 
2017-01-24 10:53:45:kill cmd: ssh -T mic0 killall -9 sshd
2017-01-24 10:53:45:shell stdout: 
