[INFO -- 2017-03-26 04:02:27]
Starting GDB script
[INFO -- 2017-03-26 04:02:27]
initSignal:0.0
[INFO -- 2017-03-26 04:02:27]
endSignal:3.0
[INFO -- 2017-03-26 04:02:27]
seqSignal:30
[INFO -- 2017-03-26 04:02:27]
sending 30 signals using command: 'ssh -T mic0 killall -2 lavamd_check' after 0.584541998508s
[INFO -- 2017-03-26 04:02:28]
shell stdout: 
[INFO -- 2017-03-26 04:02:28]
sending 30 signals using command: 'ssh -T mic0 killall -2 lavamd_check' after 1.09095013392s
[INFO -- 2017-03-26 04:02:28]
shell stdout: 
[INFO -- 2017-03-26 04:02:28]
sending 30 signals using command: 'ssh -T mic0 killall -2 lavamd_check' after 1.37622767941s
[INFO -- 2017-03-26 04:02:28]
shell stdout: 
[INFO -- 2017-03-26 04:02:28]
shell stdout: 
[INFO -- 2017-03-26 04:02:28]
shell stdout: 
[INFO -- 2017-03-26 04:02:29]
shell stdout: 
[INFO -- 2017-03-26 04:02:29]
shell stdout: 
[INFO -- 2017-03-26 04:02:29]
shell stdout: 
[INFO -- 2017-03-26 04:02:29]
shell stdout: 
[INFO -- 2017-03-26 04:02:29]
shell stdout: 
[INFO -- 2017-03-26 04:02:29]
shell stdout: 
[INFO -- 2017-03-26 04:02:29]
shell stdout: 
[INFO -- 2017-03-26 04:02:30]
shell stdout: 
[INFO -- 2017-03-26 04:02:30]
shell stdout: 
[INFO -- 2017-03-26 04:02:30]
shell stdout: 
[INFO -- 2017-03-26 04:02:30]
shell stdout: 
[INFO -- 2017-03-26 04:02:30]
shell stdout: 
[INFO -- 2017-03-26 04:02:30]
shell stdout: 
[INFO -- 2017-03-26 04:02:30]
shell stdout: 
[INFO -- 2017-03-26 04:02:30]
shell stdout: 
[INFO -- 2017-03-26 04:02:30]
shell stdout: 
[INFO -- 2017-03-26 04:02:31]
shell stdout: 
[INFO -- 2017-03-26 04:02:31]
shell stdout: 
[INFO -- 2017-03-26 04:02:31]
shell stdout: 
[INFO -- 2017-03-26 04:02:31]
shell stdout: 
[INFO -- 2017-03-26 04:02:31]
shell stdout: 
[INFO -- 2017-03-26 04:02:31]
shell stdout: 
[INFO -- 2017-03-26 04:02:31]
shell stdout: 
[INFO -- 2017-03-26 04:02:32]
shell stdout: 
[INFO -- 2017-03-26 04:02:32]
shell stdout: 
[INFO -- 2017-03-26 04:02:32]
shell stdout: 
[INFO -- 2017-03-26 04:02:32]
shell stdout: 
[INFO -- 2017-03-26 04:02:32]
shell stdout: 
[INFO -- 2017-03-26 04:02:32]
shell stdout: 
[INFO -- 2017-03-26 04:02:32]
shell stdout: 
[INFO -- 2017-03-26 04:02:32]
shell stdout: 
[INFO -- 2017-03-26 04:02:33]
shell stdout: 
[INFO -- 2017-03-26 04:02:33]
shell stdout: 
[INFO -- 2017-03-26 04:02:33]
shell stdout: 
[INFO -- 2017-03-26 04:02:33]
shell stdout: 
[INFO -- 2017-03-26 04:02:33]
shell stdout: 
[INFO -- 2017-03-26 04:02:33]
shell stdout: 
[INFO -- 2017-03-26 04:02:33]
shell stdout: 
[INFO -- 2017-03-26 04:02:34]
shell stdout: 
[INFO -- 2017-03-26 04:02:34]
shell stdout: 
[INFO -- 2017-03-26 04:02:34]
shell stdout: 
[INFO -- 2017-03-26 04:02:34]
no gdbExecName running, out:
[INFO -- 2017-03-26 04:02:34]
checCmd:ps -e | grep -i gdb-mic
[INFO -- 2017-03-26 04:02:34]
finished now-timestampStart < maxWaitTime*5
[INFO -- 2017-03-26 04:02:34]
now: 1490500953
[INFO -- 2017-03-26 04:02:34]
timestampStart: 1490500947
[INFO -- 2017-03-26 04:02:34]
kill cmd: killall -9 gdb-mic
[INFO -- 2017-03-26 04:02:34]
shell stdout: 
[INFO -- 2017-03-26 04:02:34]
shell stdout: 
[INFO -- 2017-03-26 04:02:34]
shell stdout: 
[INFO -- 2017-03-26 04:02:34]
shell stdout: 
[INFO -- 2017-03-26 04:02:34]
kill cmd: ssh -T mic0 killall -9 lavamd_check
[INFO -- 2017-03-26 04:02:34]
shell stdout: 
[INFO -- 2017-03-26 04:02:34]
shell stdout: 
[INFO -- 2017-03-26 04:02:35]
shell stdout: 
[INFO -- 2017-03-26 04:02:35]
shell stdout: 
[INFO -- 2017-03-26 04:02:35]
kill cmd: ssh -T mic0 killall -9 gdbserver
[INFO -- 2017-03-26 04:02:35]
shell stdout: 
[INFO -- 2017-03-26 04:02:35]
shell stdout: 
[INFO -- 2017-03-26 04:02:35]
shell stdout: 
[INFO -- 2017-03-26 04:02:35]
shell stdout: 
[INFO -- 2017-03-26 04:02:35]
kill cmd: ssh -T mic0 killall -9 sshd
[INFO -- 2017-03-26 04:02:35]
shell stdout: 
