[INFO -- 2017-03-26 18:07:02]
Starting GDB script
[INFO -- 2017-03-26 18:07:02]
initSignal:0.0
[INFO -- 2017-03-26 18:07:02]
endSignal:3.0
[INFO -- 2017-03-26 18:07:02]
seqSignal:30
[INFO -- 2017-03-26 18:07:03]
sending 30 signals using command: 'ssh -T mic0 killall -2 lavamd_check' after 1.10340642272s
[INFO -- 2017-03-26 18:07:03]
sending 30 signals using command: 'ssh -T mic0 killall -2 lavamd_check' after 1.22972297884s
[INFO -- 2017-03-26 18:07:04]
shell stdout: 
[INFO -- 2017-03-26 18:07:04]
shell stdout: 
[INFO -- 2017-03-26 18:07:04]
sending 30 signals using command: 'ssh -T mic0 killall -2 lavamd_check' after 1.74804684176s
[INFO -- 2017-03-26 18:07:04]
shell stdout: 
[INFO -- 2017-03-26 18:07:04]
shell stdout: 
[INFO -- 2017-03-26 18:07:04]
shell stdout: 
[INFO -- 2017-03-26 18:07:04]
shell stdout: 
[INFO -- 2017-03-26 18:07:04]
shell stdout: 
[INFO -- 2017-03-26 18:07:05]
shell stdout: 
[INFO -- 2017-03-26 18:07:05]
shell stdout: 
[INFO -- 2017-03-26 18:07:05]
shell stdout: 
[INFO -- 2017-03-26 18:07:05]
shell stdout: 
[INFO -- 2017-03-26 18:07:05]
shell stdout: 
[INFO -- 2017-03-26 18:07:05]
shell stdout: 
[INFO -- 2017-03-26 18:07:05]
shell stdout: 
[INFO -- 2017-03-26 18:07:06]
shell stdout: 
[INFO -- 2017-03-26 18:07:06]
shell stdout: 
[INFO -- 2017-03-26 18:07:06]
shell stdout: 
[INFO -- 2017-03-26 18:07:06]
shell stdout: 
[INFO -- 2017-03-26 18:07:06]
shell stdout: 
[INFO -- 2017-03-26 18:07:06]
shell stdout: 
[INFO -- 2017-03-26 18:07:06]
shell stdout: 
[INFO -- 2017-03-26 18:07:06]
shell stdout: 
[INFO -- 2017-03-26 18:07:07]
shell stdout: 
[INFO -- 2017-03-26 18:07:07]
shell stdout: 
[INFO -- 2017-03-26 18:07:07]
shell stdout: 
[INFO -- 2017-03-26 18:07:07]
shell stdout: 
[INFO -- 2017-03-26 18:07:07]
shell stdout: 
[INFO -- 2017-03-26 18:07:07]
shell stdout: 
[INFO -- 2017-03-26 18:07:07]
shell stdout: 
[INFO -- 2017-03-26 18:07:08]
shell stdout: 
[INFO -- 2017-03-26 18:07:08]
shell stdout: 
[INFO -- 2017-03-26 18:07:08]
shell stdout: 
[INFO -- 2017-03-26 18:07:08]
shell stdout: 
[INFO -- 2017-03-26 18:07:08]
shell stdout: 
[INFO -- 2017-03-26 18:07:08]
shell stdout: 
[INFO -- 2017-03-26 18:07:09]
shell stdout: 
[INFO -- 2017-03-26 18:07:09]
shell stdout: 
[INFO -- 2017-03-26 18:07:09]
shell stdout: 
[INFO -- 2017-03-26 18:07:09]
shell stdout: 
[INFO -- 2017-03-26 18:07:10]
shell stdout: 
[INFO -- 2017-03-26 18:07:10]
shell stdout: 
[INFO -- 2017-03-26 18:07:10]
shell stdout: 
[INFO -- 2017-03-26 18:07:10]
shell stdout: 
[INFO -- 2017-03-26 18:07:10]
shell stdout: 
[INFO -- 2017-03-26 18:07:11]
shell stdout: 
[INFO -- 2017-03-26 18:07:11]
shell stdout: 
[INFO -- 2017-03-26 18:07:11]
shell stdout: 
[INFO -- 2017-03-26 18:07:12]
shell stdout: 
[INFO -- 2017-03-26 18:07:12]
shell stdout: 
[INFO -- 2017-03-26 18:07:12]
shell stdout: 
[INFO -- 2017-03-26 18:07:13]
shell stdout: 
[INFO -- 2017-03-26 18:07:13]
shell stdout: 
[INFO -- 2017-03-26 18:07:13]
shell stdout: 
[INFO -- 2017-03-26 18:07:13]
shell stdout: 
[INFO -- 2017-03-26 18:07:13]
shell stdout: 
[INFO -- 2017-03-26 18:07:13]
shell stdout: 
[INFO -- 2017-03-26 18:07:14]
shell stdout: 
[INFO -- 2017-03-26 18:07:14]
shell stdout: 
[INFO -- 2017-03-26 18:07:14]
shell stdout: 
[INFO -- 2017-03-26 18:07:15]
shell stdout: 
[INFO -- 2017-03-26 18:07:15]
shell stdout: 
[INFO -- 2017-03-26 18:07:15]
shell stdout: 
[INFO -- 2017-03-26 18:07:16]
shell stdout: 
[INFO -- 2017-03-26 18:07:16]
shell stdout: 
[INFO -- 2017-03-26 18:07:16]
shell stdout: 
[INFO -- 2017-03-26 18:07:16]
shell stdout: 
[INFO -- 2017-03-26 18:07:16]
shell stdout: 
[INFO -- 2017-03-26 18:07:16]
shell stdout: 
[INFO -- 2017-03-26 18:07:17]
shell stdout: 
[INFO -- 2017-03-26 18:07:17]
shell stdout: 
[INFO -- 2017-03-26 18:07:17]
shell stdout: 
[INFO -- 2017-03-26 18:07:17]
shell stdout: 
[INFO -- 2017-03-26 18:07:17]
shell stdout: 
[INFO -- 2017-03-26 18:07:17]
shell stdout: 
[INFO -- 2017-03-26 18:07:18]
shell stdout: 
[INFO -- 2017-03-26 18:07:18]
shell stdout: 
[INFO -- 2017-03-26 18:07:18]
shell stdout: 
[INFO -- 2017-03-26 18:07:18]
shell stdout: 
[INFO -- 2017-03-26 18:07:19]
shell stdout: 
[INFO -- 2017-03-26 18:07:19]
shell stdout: 
[INFO -- 2017-03-26 18:07:19]
shell stdout: 
[INFO -- 2017-03-26 18:07:19]
shell stdout: 
[INFO -- 2017-03-26 18:07:19]
shell stdout: 
[INFO -- 2017-03-26 18:07:19]
shell stdout: 
[INFO -- 2017-03-26 18:07:19]
shell stdout: 
[INFO -- 2017-03-26 18:07:20]
shell stdout: 
[INFO -- 2017-03-26 18:07:20]
shell stdout: 
[INFO -- 2017-03-26 18:07:20]
shell stdout: 
[INFO -- 2017-03-26 18:07:20]
shell stdout: 
[INFO -- 2017-03-26 18:07:20]
shell stdout: 
[INFO -- 2017-03-26 18:07:28]
no gdbExecName running, out:
[INFO -- 2017-03-26 18:07:28]
checCmd:ps -e | grep -i gdb-mic
[INFO -- 2017-03-26 18:07:28]
finished now-timestampStart < maxWaitTime*5
[INFO -- 2017-03-26 18:07:28]
now: 1490551647
[INFO -- 2017-03-26 18:07:28]
timestampStart: 1490551622
[INFO -- 2017-03-26 18:07:28]
kill cmd: killall -9 gdb-mic
[INFO -- 2017-03-26 18:07:28]
shell stdout: 
[INFO -- 2017-03-26 18:07:28]
kill cmd: ssh -T mic0 killall -9 lavamd_check
[INFO -- 2017-03-26 18:07:28]
shell stdout: 
[INFO -- 2017-03-26 18:07:28]
kill cmd: ssh -T mic0 killall -9 gdbserver
[INFO -- 2017-03-26 18:07:28]
shell stdout: 
[INFO -- 2017-03-26 18:07:29]
kill cmd: ssh -T mic0 killall -9 sshd
[INFO -- 2017-03-26 18:07:29]
shell stdout: 
