[INFO -- 2017-03-14 00:46:56]
Starting GDB script
[INFO -- 2017-03-14 00:46:56]
initSignal:40.0
[INFO -- 2017-03-14 00:46:56]
endSignal:49.0
[INFO -- 2017-03-14 00:46:56]
seqSignal:20
[INFO -- 2017-03-14 00:47:37]
sending 20 signals using command: 'ssh -T mic0 killall -2 clamr_openmponly' after 40.5889622542s
[INFO -- 2017-03-14 00:47:38]
shell stdout: 
[INFO -- 2017-03-14 00:47:38]
shell stdout: 
[INFO -- 2017-03-14 00:47:39]
shell stdout: 
[INFO -- 2017-03-14 00:47:39]
shell stdout: 
[INFO -- 2017-03-14 00:47:40]
shell stdout: 
[INFO -- 2017-03-14 00:47:40]
shell stdout: 
[INFO -- 2017-03-14 00:47:41]
shell stdout: 
[INFO -- 2017-03-14 00:47:41]
shell stdout: 
[INFO -- 2017-03-14 00:47:41]
shell stdout: 
[INFO -- 2017-03-14 00:47:42]
shell stdout: 
[INFO -- 2017-03-14 00:47:42]
shell stdout: 
[INFO -- 2017-03-14 00:47:43]
shell stdout: 
[INFO -- 2017-03-14 00:47:43]
sending 20 signals using command: 'ssh -T mic0 killall -2 clamr_openmponly' after 46.4674818518s
[INFO -- 2017-03-14 00:47:43]
shell stdout: 
[INFO -- 2017-03-14 00:47:43]
shell stdout: 
[INFO -- 2017-03-14 00:47:44]
shell stdout: 
[INFO -- 2017-03-14 00:47:44]
shell stdout: 
[INFO -- 2017-03-14 00:47:44]
shell stdout: 
[INFO -- 2017-03-14 00:47:44]
shell stdout: 
[INFO -- 2017-03-14 00:47:45]
shell stdout: 
[INFO -- 2017-03-14 00:47:45]
shell stdout: 
[INFO -- 2017-03-14 00:47:45]
shell stdout: 
[INFO -- 2017-03-14 00:47:45]
shell stdout: 
[INFO -- 2017-03-14 00:47:45]
shell stdout: 
[INFO -- 2017-03-14 00:47:45]
shell stdout: 
[INFO -- 2017-03-14 00:47:46]
shell stdout: 
[INFO -- 2017-03-14 00:47:46]
shell stdout: 
[INFO -- 2017-03-14 00:47:46]
shell stdout: 
[INFO -- 2017-03-14 00:47:46]
shell stdout: 
[INFO -- 2017-03-14 00:47:47]
shell stdout: 
[INFO -- 2017-03-14 00:47:47]
shell stdout: 
[INFO -- 2017-03-14 00:47:48]
shell stdout: 
[INFO -- 2017-03-14 00:47:48]
shell stdout: 
[INFO -- 2017-03-14 00:47:48]
shell stdout: 
[INFO -- 2017-03-14 00:47:49]
shell stdout: 
[INFO -- 2017-03-14 00:47:50]
shell stdout: 
[INFO -- 2017-03-14 00:47:50]
shell stdout: 
[INFO -- 2017-03-14 00:47:51]
shell stdout: 
[INFO -- 2017-03-14 00:47:53]
shell stdout: 
[INFO -- 2017-03-14 00:47:54]
shell stdout: 
[INFO -- 2017-03-14 00:47:56]
shell stdout: 
[INFO -- 2017-03-14 00:49:10]
no gdbExecName running, out:
[INFO -- 2017-03-14 00:49:10]
checCmd:ps -e | grep -i gdb-mic
[INFO -- 2017-03-14 00:49:10]
finished now-timestampStart < maxWaitTime*5
[INFO -- 2017-03-14 00:49:10]
now: 1489466941
[INFO -- 2017-03-14 00:49:10]
timestampStart: 1489466816
[INFO -- 2017-03-14 00:49:10]
kill cmd: killall -9 gdb-mic
[INFO -- 2017-03-14 00:49:10]
shell stdout: 
[INFO -- 2017-03-14 00:49:11]
kill cmd: ssh -T mic0 killall -9 clamr_openmponly
[INFO -- 2017-03-14 00:49:11]
shell stdout: 
[INFO -- 2017-03-14 00:49:11]
kill cmd: ssh -T mic0 killall -9 gdbserver
[INFO -- 2017-03-14 00:49:11]
shell stdout: 
[INFO -- 2017-03-14 00:49:12]
kill cmd: ssh -T mic0 killall -9 sshd
[INFO -- 2017-03-14 00:49:12]
shell stdout: 
