[INFO -- 2017-02-26 09:15:26]
Starting GDB script
[INFO -- 2017-02-26 09:15:26]
initSignal:0.0
[INFO -- 2017-02-26 09:15:26]
endSignal:2.0
[INFO -- 2017-02-26 09:15:26]
seqSignal:30
[INFO -- 2017-02-26 09:15:26]
sending 30 signals using command: 'ssh -T mic1 killall -2 lud_check' after 0.018312699222s
[INFO -- 2017-02-26 09:15:26]
sending 30 signals using command: 'ssh -T mic1 killall -2 lud_check' after 0.0941500460034s
[INFO -- 2017-02-26 09:15:26]
shell stdout: 
[INFO -- 2017-02-26 09:15:26]
shell stdout: 
[INFO -- 2017-02-26 09:15:27]
shell stdout: 
[INFO -- 2017-02-26 09:15:27]
shell stdout: 
[INFO -- 2017-02-26 09:15:27]
sending 30 signals using command: 'ssh -T mic1 killall -2 lud_check' after 0.996885747917s
[INFO -- 2017-02-26 09:15:27]
shell stdout: 
[INFO -- 2017-02-26 09:15:27]
shell stdout: 
[INFO -- 2017-02-26 09:15:27]
shell stdout: 
[INFO -- 2017-02-26 09:15:28]
shell stdout: 
[INFO -- 2017-02-26 09:15:28]
shell stdout: 
[INFO -- 2017-02-26 09:15:28]
shell stdout: 
[INFO -- 2017-02-26 09:15:28]
shell stdout: 
[INFO -- 2017-02-26 09:15:28]
shell stdout: 
[INFO -- 2017-02-26 09:15:28]
shell stdout: 
[INFO -- 2017-02-26 09:15:28]
shell stdout: 
[INFO -- 2017-02-26 09:15:29]
shell stdout: 
[INFO -- 2017-02-26 09:15:29]
shell stdout: 
[INFO -- 2017-02-26 09:15:29]
shell stdout: 
[INFO -- 2017-02-26 09:15:29]
shell stdout: 
[INFO -- 2017-02-26 09:15:29]
shell stdout: 
[INFO -- 2017-02-26 09:15:29]
shell stdout: 
[INFO -- 2017-02-26 09:15:29]
shell stdout: 
[INFO -- 2017-02-26 09:15:29]
shell stdout: 
[INFO -- 2017-02-26 09:15:30]
shell stdout: 
[INFO -- 2017-02-26 09:15:30]
shell stdout: 
[INFO -- 2017-02-26 09:15:30]
shell stdout: 
[INFO -- 2017-02-26 09:15:30]
shell stdout: 
[INFO -- 2017-02-26 09:15:30]
shell stdout: 
[INFO -- 2017-02-26 09:15:30]
shell stdout: 
[INFO -- 2017-02-26 09:15:30]
shell stdout: 
[INFO -- 2017-02-26 09:15:31]
shell stdout: 
[INFO -- 2017-02-26 09:15:31]
shell stdout: 
[INFO -- 2017-02-26 09:15:31]
shell stdout: 
[INFO -- 2017-02-26 09:15:31]
shell stdout: 
[INFO -- 2017-02-26 09:15:31]
shell stdout: 
[INFO -- 2017-02-26 09:15:31]
shell stdout: 
[INFO -- 2017-02-26 09:15:32]
shell stdout: 
[INFO -- 2017-02-26 09:15:32]
shell stdout: 
[INFO -- 2017-02-26 09:15:32]
shell stdout: 
[INFO -- 2017-02-26 09:15:32]
shell stdout: 
[INFO -- 2017-02-26 09:15:32]
shell stdout: 
[INFO -- 2017-02-26 09:15:32]
shell stdout: 
[INFO -- 2017-02-26 09:15:32]
shell stdout: 
[INFO -- 2017-02-26 09:15:33]
shell stdout: 
[INFO -- 2017-02-26 09:15:33]
shell stdout: 
[INFO -- 2017-02-26 09:15:33]
shell stdout: 
[INFO -- 2017-02-26 09:15:33]
shell stdout: 
[INFO -- 2017-02-26 09:15:33]
shell stdout: 
[INFO -- 2017-02-26 09:15:33]
shell stdout: 
[INFO -- 2017-02-26 09:15:34]
shell stdout: 
[INFO -- 2017-02-26 09:15:34]
shell stdout: 
[INFO -- 2017-02-26 09:15:34]
shell stdout: 
[INFO -- 2017-02-26 09:15:34]
shell stdout: 
[INFO -- 2017-02-26 09:15:34]
shell stdout: 
[INFO -- 2017-02-26 09:15:34]
shell stdout: 
[INFO -- 2017-02-26 09:15:34]
shell stdout: 
[INFO -- 2017-02-26 09:15:35]
shell stdout: 
[INFO -- 2017-02-26 09:15:35]
shell stdout: 
[INFO -- 2017-02-26 09:15:35]
shell stdout: 
[INFO -- 2017-02-26 09:15:35]
shell stdout: 
[INFO -- 2017-02-26 09:15:35]
shell stdout: 
[INFO -- 2017-02-26 09:15:35]
shell stdout: 
[INFO -- 2017-02-26 09:15:36]
shell stdout: 
[INFO -- 2017-02-26 09:15:36]
shell stdout: 
[INFO -- 2017-02-26 09:15:36]
shell stdout: 
[INFO -- 2017-02-26 09:15:36]
shell stdout: 
[INFO -- 2017-02-26 09:15:36]
shell stdout: 
[INFO -- 2017-02-26 09:15:36]
shell stdout: 
[INFO -- 2017-02-26 09:15:36]
shell stdout: 
[INFO -- 2017-02-26 09:15:37]
shell stdout: 
[INFO -- 2017-02-26 09:15:37]
shell stdout: 
[INFO -- 2017-02-26 09:15:37]
shell stdout: 
[INFO -- 2017-02-26 09:15:37]
shell stdout: 
[INFO -- 2017-02-26 09:15:37]
shell stdout: 
[INFO -- 2017-02-26 09:15:37]
shell stdout: 
[INFO -- 2017-02-26 09:15:37]
shell stdout: 
[INFO -- 2017-02-26 09:15:38]
shell stdout: 
[INFO -- 2017-02-26 09:15:38]
shell stdout: 
[INFO -- 2017-02-26 09:15:38]
shell stdout: 
[INFO -- 2017-02-26 09:15:38]
shell stdout: 
[INFO -- 2017-02-26 09:15:38]
shell stdout: 
[INFO -- 2017-02-26 09:15:38]
shell stdout: 
[INFO -- 2017-02-26 09:15:38]
shell stdout: 
[INFO -- 2017-02-26 09:15:39]
shell stdout: 
[INFO -- 2017-02-26 09:15:39]
shell stdout: 
[INFO -- 2017-02-26 09:15:39]
shell stdout: 
[INFO -- 2017-02-26 09:15:39]
shell stdout: 
[INFO -- 2017-02-26 09:15:39]
shell stdout: 
[INFO -- 2017-02-26 09:15:39]
shell stdout: 
[INFO -- 2017-02-26 09:15:40]
shell stdout: 
[INFO -- 2017-02-26 09:15:41]
shell stdout: 
[INFO -- 2017-02-26 09:15:58]
no gdbExecName running, out:
[INFO -- 2017-02-26 09:15:58]
checCmd:ps -e | grep -i gdb-mic
[INFO -- 2017-02-26 09:15:58]
finished now-timestampStart < maxWaitTime*5
[INFO -- 2017-02-26 09:15:58]
now: 1488118557
[INFO -- 2017-02-26 09:15:58]
timestampStart: 1488118526
[INFO -- 2017-02-26 09:15:58]
kill cmd: killall -9 gdb-mic
[INFO -- 2017-02-26 09:15:58]
shell stdout: 
[INFO -- 2017-02-26 09:15:59]
kill cmd: ssh -T mic1 killall -9 lud_check
[INFO -- 2017-02-26 09:15:59]
shell stdout: 
[INFO -- 2017-02-26 09:15:59]
kill cmd: ssh -T mic1 killall -9 gdbserver
[INFO -- 2017-02-26 09:15:59]
shell stdout: 
[INFO -- 2017-02-26 09:15:59]
kill cmd: ssh -T mic1 killall -9 sshd
[INFO -- 2017-02-26 09:15:59]
shell stdout: 
