[INFO -- 2017-03-22 09:40:39]
Starting GDB script
[INFO -- 2017-03-22 09:40:39]
initSignal:35.0
[INFO -- 2017-03-22 09:40:39]
endSignal:40.0
[INFO -- 2017-03-22 09:40:39]
seqSignal:20
[INFO -- 2017-03-22 09:41:16]
sending 20 signals using command: 'ssh -T mic0 killall -2 clamr_openmponly' after 36.3223574245s
[INFO -- 2017-03-22 09:41:17]
shell stdout: 
[INFO -- 2017-03-22 09:41:17]
shell stdout: 
[INFO -- 2017-03-22 09:41:17]
sending 20 signals using command: 'ssh -T mic0 killall -2 clamr_openmponly' after 37.9846571775s
[INFO -- 2017-03-22 09:41:17]
shell stdout: 
[INFO -- 2017-03-22 09:41:18]
shell stdout: 
[INFO -- 2017-03-22 09:41:18]
shell stdout: 
[INFO -- 2017-03-22 09:41:18]
shell stdout: 
[INFO -- 2017-03-22 09:41:18]
shell stdout: 
[INFO -- 2017-03-22 09:41:18]
shell stdout: 
[INFO -- 2017-03-22 09:41:19]
shell stdout: 
[INFO -- 2017-03-22 09:41:19]
shell stdout: 
[INFO -- 2017-03-22 09:41:19]
shell stdout: 
[INFO -- 2017-03-22 09:41:19]
shell stdout: 
[INFO -- 2017-03-22 09:41:20]
shell stdout: 
[INFO -- 2017-03-22 09:41:20]
shell stdout: 
[INFO -- 2017-03-22 09:41:20]
shell stdout: 
[INFO -- 2017-03-22 09:41:20]
shell stdout: 
[INFO -- 2017-03-22 09:41:20]
shell stdout: 
[INFO -- 2017-03-22 09:41:21]
shell stdout: 
[INFO -- 2017-03-22 09:41:21]
shell stdout: 
[INFO -- 2017-03-22 09:41:21]
shell stdout: 
[INFO -- 2017-03-22 09:41:21]
shell stdout: 
[INFO -- 2017-03-22 09:41:21]
shell stdout: 
[INFO -- 2017-03-22 09:41:22]
shell stdout: 
[INFO -- 2017-03-22 09:41:22]
shell stdout: 
[INFO -- 2017-03-22 09:41:22]
shell stdout: 
[INFO -- 2017-03-22 09:41:22]
shell stdout: 
[INFO -- 2017-03-22 09:41:23]
shell stdout: 
[INFO -- 2017-03-22 09:41:23]
shell stdout: 
[INFO -- 2017-03-22 09:41:23]
shell stdout: 
[INFO -- 2017-03-22 09:41:23]
shell stdout: 
[INFO -- 2017-03-22 09:41:23]
shell stdout: 
[INFO -- 2017-03-22 09:41:24]
shell stdout: 
[INFO -- 2017-03-22 09:41:24]
shell stdout: 
[INFO -- 2017-03-22 09:41:24]
shell stdout: 
[INFO -- 2017-03-22 09:41:24]
shell stdout: 
[INFO -- 2017-03-22 09:41:24]
shell stdout: 
[INFO -- 2017-03-22 09:41:25]
shell stdout: 
[INFO -- 2017-03-22 09:41:25]
shell stdout: 
[INFO -- 2017-03-22 09:41:25]
shell stdout: 
[INFO -- 2017-03-22 09:41:26]
shell stdout: 
[INFO -- 2017-03-22 09:41:51]
no gdbExecName running, out:
[INFO -- 2017-03-22 09:41:51]
checCmd:ps -e | grep -i gdb-mic
[INFO -- 2017-03-22 09:41:51]
finished now-timestampStart < maxWaitTime*5
[INFO -- 2017-03-22 09:41:51]
now: 1490190102
[INFO -- 2017-03-22 09:41:51]
timestampStart: 1490190039
[INFO -- 2017-03-22 09:41:51]
kill cmd: killall -9 gdb-mic
[INFO -- 2017-03-22 09:41:51]
shell stdout: 
[INFO -- 2017-03-22 09:41:51]
kill cmd: ssh -T mic0 killall -9 clamr_openmponly
[INFO -- 2017-03-22 09:41:51]
shell stdout: 
[INFO -- 2017-03-22 09:41:51]
kill cmd: ssh -T mic0 killall -9 gdbserver
[INFO -- 2017-03-22 09:41:51]
shell stdout: 
[INFO -- 2017-03-22 09:41:52]
kill cmd: ssh -T mic0 killall -9 sshd
[INFO -- 2017-03-22 09:41:52]
shell stdout: 
