[INFO -- 2017-03-05 06:57:14]
Starting GDB script
[INFO -- 2017-03-05 06:57:14]
initSignal:25.0
[INFO -- 2017-03-05 06:57:14]
endSignal:30.0
[INFO -- 2017-03-05 06:57:14]
seqSignal:20
[INFO -- 2017-03-05 06:57:40]
sending 20 signals using command: 'ssh -T mic0 killall -2 clamr_openmponly' after 25.392398557s
[INFO -- 2017-03-05 06:57:40]
shell stdout: 
[INFO -- 2017-03-05 06:57:41]
shell stdout: 
[INFO -- 2017-03-05 06:57:41]
shell stdout: 
[INFO -- 2017-03-05 06:57:42]
shell stdout: 
[INFO -- 2017-03-05 06:57:42]
shell stdout: 
[INFO -- 2017-03-05 06:57:43]
shell stdout: 
[INFO -- 2017-03-05 06:57:43]
shell stdout: 
[INFO -- 2017-03-05 06:57:43]
sending 20 signals using command: 'ssh -T mic0 killall -2 clamr_openmponly' after 28.8971293601s
[INFO -- 2017-03-05 06:57:43]
shell stdout: 
[INFO -- 2017-03-05 06:57:44]
shell stdout: 
[INFO -- 2017-03-05 06:57:44]
shell stdout: 
[INFO -- 2017-03-05 06:57:44]
shell stdout: 
[INFO -- 2017-03-05 06:57:44]
shell stdout: 
[INFO -- 2017-03-05 06:57:44]
shell stdout: 
[INFO -- 2017-03-05 06:57:45]
shell stdout: 
[INFO -- 2017-03-05 06:57:45]
shell stdout: 
[INFO -- 2017-03-05 06:57:45]
shell stdout: 
[INFO -- 2017-03-05 06:57:45]
shell stdout: 
[INFO -- 2017-03-05 06:57:46]
shell stdout: 
[INFO -- 2017-03-05 06:57:46]
shell stdout: 
[INFO -- 2017-03-05 06:57:46]
shell stdout: 
[INFO -- 2017-03-05 06:57:46]
shell stdout: 
[INFO -- 2017-03-05 06:57:46]
shell stdout: 
[INFO -- 2017-03-05 06:57:47]
shell stdout: 
[INFO -- 2017-03-05 06:57:47]
shell stdout: 
[INFO -- 2017-03-05 06:57:47]
shell stdout: 
[INFO -- 2017-03-05 06:57:47]
shell stdout: 
[INFO -- 2017-03-05 06:57:47]
shell stdout: 
[INFO -- 2017-03-05 06:57:48]
shell stdout: 
[INFO -- 2017-03-05 06:57:48]
shell stdout: 
[INFO -- 2017-03-05 06:57:48]
shell stdout: 
[INFO -- 2017-03-05 06:57:48]
shell stdout: 
[INFO -- 2017-03-05 06:57:49]
shell stdout: 
[INFO -- 2017-03-05 06:57:49]
shell stdout: 
[INFO -- 2017-03-05 06:57:49]
shell stdout: 
[INFO -- 2017-03-05 06:57:50]
shell stdout: 
[INFO -- 2017-03-05 06:57:50]
shell stdout: 
[INFO -- 2017-03-05 06:57:50]
shell stdout: 
[INFO -- 2017-03-05 06:57:51]
shell stdout: 
[INFO -- 2017-03-05 06:57:51]
shell stdout: 
[INFO -- 2017-03-05 06:57:52]
shell stdout: 
[INFO -- 2017-03-05 06:58:35]
no gdbExecName running, out:
[INFO -- 2017-03-05 06:58:35]
checCmd:ps -e | grep -i gdb-mic
[INFO -- 2017-03-05 06:58:35]
finished now-timestampStart < maxWaitTime*5
[INFO -- 2017-03-05 06:58:35]
now: 1488715106
[INFO -- 2017-03-05 06:58:35]
timestampStart: 1488715034
[INFO -- 2017-03-05 06:58:35]
kill cmd: killall -9 gdb-mic
[INFO -- 2017-03-05 06:58:35]
shell stdout: 
[INFO -- 2017-03-05 06:58:35]
kill cmd: ssh -T mic0 killall -9 clamr_openmponly
[INFO -- 2017-03-05 06:58:35]
shell stdout: 
[INFO -- 2017-03-05 06:58:35]
kill cmd: ssh -T mic0 killall -9 gdbserver
[INFO -- 2017-03-05 06:58:35]
shell stdout: 
[INFO -- 2017-03-05 06:58:36]
kill cmd: ssh -T mic0 killall -9 sshd
[INFO -- 2017-03-05 06:58:36]
shell stdout: 
