2016-10-22 10:42:44:Starting GDB script
2016-10-22 10:42:44:sending signal using command: 'ssh -T mic0 killall -2 hotspot_check' after 0.315866688906s
2016-10-22 10:42:44:shell stdout: 
2016-10-22 10:42:45:sending signal using command: 'ssh -T mic0 killall -2 hotspot_check' after 0.423448059094s
2016-10-22 10:42:45:shell stdout: 
2016-10-22 10:42:45:sending signal using command: 'ssh -T mic0 killall -2 hotspot_check' after 0.657366477209s
2016-10-22 10:42:45:shell stdout: 
2016-10-22 10:42:50:sending signal using command: 'ssh -T mic0 killall -2 hotspot_check' after 5.91484201457s
2016-10-22 10:42:50:shell stdout: 
2016-10-22 10:42:52:sending signal using command: 'ssh -T mic0 killall -2 hotspot_check' after 8.13798334422s
2016-10-22 10:42:52:shell stdout: 
2016-10-22 10:42:56:sending signal using command: 'ssh -T mic0 killall -2 hotspot_check' after 11.9595865417s
2016-10-22 10:42:56:shell stdout: 
2016-10-22 10:42:57:sending signal using command: 'ssh -T mic0 killall -2 hotspot_check' after 12.8965555393s
2016-10-22 10:42:57:shell stdout: 
2016-10-22 10:42:57:sending signal using command: 'ssh -T mic0 killall -2 hotspot_check' after 13.0762677821s
2016-10-22 10:42:57:shell stdout: 
2016-10-22 10:42:59:sending signal using command: 'ssh -T mic0 killall -2 hotspot_check' after 14.3303932585s
2016-10-22 10:42:59:shell stdout: 
2016-10-22 10:42:59:sending signal using command: 'ssh -T mic0 killall -2 hotspot_check' after 14.5406191053s
2016-10-22 10:42:59:shell stdout: 
2016-10-22 10:43:05:no gdbExecName running, out:
2016-10-22 10:43:05:checCmd:ps -e | grep -i gdb-mic
2016-10-22 10:43:05:finished now-timestampStart < maxWaitTime*5
2016-10-22 10:43:05:now: 1477147384
2016-10-22 10:43:05:timestampStart: 1477147364
2016-10-22 10:43:05:kill cmd: killall -9 gdb-mic
2016-10-22 10:43:05:shell stdout: 
2016-10-22 10:43:05:kill cmd: ssh -T mic0 killall -9 hotspot_check
2016-10-22 10:43:05:shell stdout: 
2016-10-22 10:43:06:kill cmd: ssh -T mic0 killall -9 gdbserver
2016-10-22 10:43:06:shell stdout: 
