2017-01-26 02:08:17:Starting GDB script
2017-01-26 02:08:17:initSignal:0.0
2017-01-26 02:08:17:endSignal:2.0
2017-01-26 02:08:17:seqSignal:30
2017-01-26 02:08:17:sending 30 signals using command: 'ssh -T mic0 killall -2 lud_check' after 0.29265519494s
2017-01-26 02:08:18:shell stdout: 
2017-01-26 02:08:18:sending 30 signals using command: 'ssh -T mic0 killall -2 lud_check' after 0.756940206634s
2017-01-26 02:08:18:shell stdout: 
2017-01-26 02:08:18:shell stdout: 
2017-01-26 02:08:19:shell stdout: 
2017-01-26 02:08:19:shell stdout: 
2017-01-26 02:08:19:sending 30 signals using command: 'ssh -T mic0 killall -2 lud_check' after 1.86102291632s
2017-01-26 02:08:19:shell stdout: 
2017-01-26 02:08:19:shell stdout: 
2017-01-26 02:08:20:shell stdout: 
2017-01-26 02:08:20:shell stdout: 
2017-01-26 02:08:20:shell stdout: 
2017-01-26 02:08:20:shell stdout: 
2017-01-26 02:08:20:shell stdout: 
2017-01-26 02:08:20:shell stdout: 
2017-01-26 02:08:21:shell stdout: 
2017-01-26 02:08:21:shell stdout: 
2017-01-26 02:08:21:shell stdout: 
2017-01-26 02:08:21:shell stdout: 
2017-01-26 02:08:21:shell stdout: 
2017-01-26 02:08:21:shell stdout: 
2017-01-26 02:08:22:shell stdout: 
2017-01-26 02:08:22:shell stdout: 
2017-01-26 02:08:22:shell stdout: 
2017-01-26 02:08:23:shell stdout: 
2017-01-26 02:08:23:shell stdout: 
2017-01-26 02:08:23:shell stdout: 
2017-01-26 02:08:23:shell stdout: 
2017-01-26 02:08:23:shell stdout: 
2017-01-26 02:08:23:shell stdout: 
2017-01-26 02:08:24:shell stdout: 
2017-01-26 02:08:24:shell stdout: 
2017-01-26 02:08:24:shell stdout: 
2017-01-26 02:08:25:shell stdout: 
2017-01-26 02:08:25:shell stdout: 
2017-01-26 02:08:25:shell stdout: 
2017-01-26 02:08:25:shell stdout: 
2017-01-26 02:08:25:shell stdout: 
2017-01-26 02:08:26:shell stdout: 
2017-01-26 02:08:26:shell stdout: 
2017-01-26 02:08:26:shell stdout: 
2017-01-26 02:08:26:shell stdout: 
2017-01-26 02:08:27:shell stdout: 
2017-01-26 02:08:27:shell stdout: 
2017-01-26 02:08:27:shell stdout: 
2017-01-26 02:08:28:shell stdout: 
2017-01-26 02:08:28:shell stdout: 
2017-01-26 02:08:28:shell stdout: 
2017-01-26 02:08:28:shell stdout: 
2017-01-26 02:08:28:shell stdout: 
2017-01-26 02:08:28:shell stdout: 
2017-01-26 02:08:29:shell stdout: 
2017-01-26 02:08:29:shell stdout: 
2017-01-26 02:08:29:shell stdout: 
2017-01-26 02:08:30:shell stdout: 
2017-01-26 02:08:30:shell stdout: 
2017-01-26 02:08:30:shell stdout: 
2017-01-26 02:08:30:shell stdout: 
2017-01-26 02:08:30:shell stdout: 
2017-01-26 02:08:30:shell stdout: 
2017-01-26 02:08:31:shell stdout: 
2017-01-26 02:08:31:shell stdout: 
2017-01-26 02:08:31:shell stdout: 
2017-01-26 02:08:31:shell stdout: 
2017-01-26 02:08:31:shell stdout: 
2017-01-26 02:08:31:shell stdout: 
2017-01-26 02:08:32:shell stdout: 
2017-01-26 02:08:32:shell stdout: 
2017-01-26 02:08:32:shell stdout: 
2017-01-26 02:08:32:shell stdout: 
2017-01-26 02:08:32:shell stdout: 
2017-01-26 02:08:32:shell stdout: 
2017-01-26 02:08:33:shell stdout: 
2017-01-26 02:08:33:shell stdout: 
2017-01-26 02:08:33:shell stdout: 
2017-01-26 02:08:33:shell stdout: 
2017-01-26 02:08:33:shell stdout: 
2017-01-26 02:08:33:shell stdout: 
2017-01-26 02:08:33:shell stdout: 
2017-01-26 02:08:33:shell stdout: 
2017-01-26 02:08:33:shell stdout: 
2017-01-26 02:08:34:shell stdout: 
2017-01-26 02:08:34:shell stdout: 
2017-01-26 02:08:34:shell stdout: 
2017-01-26 02:08:34:shell stdout: 
2017-01-26 02:08:34:shell stdout: 
2017-01-26 02:08:34:shell stdout: 
2017-01-26 02:08:35:shell stdout: 
2017-01-26 02:08:35:shell stdout: 
2017-01-26 02:08:35:shell stdout: 
2017-01-26 02:08:36:shell stdout: 
2017-01-26 02:08:36:shell stdout: 
2017-01-26 02:08:37:no gdbExecName running, out:
2017-01-26 02:08:37:checCmd:ps -e | grep -i gdb-mic
2017-01-26 02:08:37:finished now-timestampStart < maxWaitTime*5
2017-01-26 02:08:37:now: 1485414516
2017-01-26 02:08:37:timestampStart: 1485414497
2017-01-26 02:08:37:kill cmd: killall -9 gdb-mic
2017-01-26 02:08:37:shell stdout: 
2017-01-26 02:08:37:kill cmd: ssh -T mic0 killall -9 lud_check
2017-01-26 02:08:37:shell stdout: 
2017-01-26 02:08:38:kill cmd: ssh -T mic0 killall -9 gdbserver
2017-01-26 02:08:38:shell stdout: 
2017-01-26 02:08:38:kill cmd: ssh -T mic0 killall -9 sshd
2017-01-26 02:08:38:shell stdout: 
