2017-01-26 03:11:04:Starting GDB script
2017-01-26 03:11:04:initSignal:4.0
2017-01-26 03:11:04:endSignal:6.0
2017-01-26 03:11:04:seqSignal:30
2017-01-26 03:11:08:sending 30 signals using command: 'ssh -T mic0 killall -2 lud_check' after 4.17566944196s
2017-01-26 03:11:09:shell stdout: 
2017-01-26 03:11:10:sending 30 signals using command: 'ssh -T mic0 killall -2 lud_check' after 5.40300878208s
2017-01-26 03:11:10:shell stdout: 
2017-01-26 03:11:10:sending 30 signals using command: 'ssh -T mic0 killall -2 lud_check' after 5.55795077594s
2017-01-26 03:11:10:shell stdout: 
2017-01-26 03:11:10:shell stdout: 
2017-01-26 03:11:10:shell stdout: 
2017-01-26 03:11:11:shell stdout: 
2017-01-26 03:11:11:shell stdout: 
2017-01-26 03:11:11:shell stdout: 
2017-01-26 03:11:11:shell stdout: 
2017-01-26 03:11:11:shell stdout: 
2017-01-26 03:11:11:shell stdout: 
2017-01-26 03:11:11:shell stdout: 
2017-01-26 03:11:12:shell stdout: 
2017-01-26 03:11:12:shell stdout: 
2017-01-26 03:11:12:shell stdout: 
2017-01-26 03:11:12:shell stdout: 
2017-01-26 03:11:12:shell stdout: 
2017-01-26 03:11:12:shell stdout: 
2017-01-26 03:11:12:shell stdout: 
2017-01-26 03:11:12:shell stdout: 
2017-01-26 03:11:13:shell stdout: 
2017-01-26 03:11:13:shell stdout: 
2017-01-26 03:11:13:shell stdout: 
2017-01-26 03:11:13:shell stdout: 
2017-01-26 03:11:13:shell stdout: 
2017-01-26 03:11:13:shell stdout: 
2017-01-26 03:11:14:shell stdout: 
2017-01-26 03:11:14:shell stdout: 
2017-01-26 03:11:14:shell stdout: 
2017-01-26 03:11:14:shell stdout: 
2017-01-26 03:11:14:shell stdout: 
2017-01-26 03:11:14:shell stdout: 
2017-01-26 03:11:14:shell stdout: 
2017-01-26 03:11:15:shell stdout: 
2017-01-26 03:11:15:shell stdout: 
2017-01-26 03:11:15:shell stdout: 
2017-01-26 03:11:15:shell stdout: 
2017-01-26 03:11:15:shell stdout: 
2017-01-26 03:11:15:shell stdout: 
2017-01-26 03:11:15:shell stdout: 
2017-01-26 03:11:15:shell stdout: 
2017-01-26 03:11:16:shell stdout: 
2017-01-26 03:11:16:shell stdout: 
2017-01-26 03:11:16:shell stdout: 
2017-01-26 03:11:16:shell stdout: 
2017-01-26 03:11:16:shell stdout: 
2017-01-26 03:11:16:shell stdout: 
2017-01-26 03:11:16:shell stdout: 
2017-01-26 03:11:17:shell stdout: 
2017-01-26 03:11:17:shell stdout: 
2017-01-26 03:11:17:shell stdout: 
2017-01-26 03:11:17:shell stdout: 
2017-01-26 03:11:17:shell stdout: 
2017-01-26 03:11:17:shell stdout: 
2017-01-26 03:11:18:shell stdout: 
2017-01-26 03:11:18:shell stdout: 
2017-01-26 03:11:18:shell stdout: 
2017-01-26 03:11:18:shell stdout: 
2017-01-26 03:11:18:shell stdout: 
2017-01-26 03:11:18:shell stdout: 
2017-01-26 03:11:19:shell stdout: 
2017-01-26 03:11:19:shell stdout: 
2017-01-26 03:11:19:shell stdout: 
2017-01-26 03:11:19:shell stdout: 
2017-01-26 03:11:19:shell stdout: 
2017-01-26 03:11:19:shell stdout: 
2017-01-26 03:11:20:shell stdout: 
2017-01-26 03:11:20:shell stdout: 
2017-01-26 03:11:20:shell stdout: 
2017-01-26 03:11:20:shell stdout: 
2017-01-26 03:11:21:shell stdout: 
2017-01-26 03:11:21:shell stdout: 
2017-01-26 03:11:21:shell stdout: 
2017-01-26 03:11:21:shell stdout: 
2017-01-26 03:11:21:shell stdout: 
2017-01-26 03:11:22:shell stdout: 
2017-01-26 03:11:22:shell stdout: 
2017-01-26 03:11:22:shell stdout: 
2017-01-26 03:11:22:shell stdout: 
2017-01-26 03:11:22:shell stdout: 
2017-01-26 03:11:22:shell stdout: 
2017-01-26 03:11:23:shell stdout: 
2017-01-26 03:11:23:shell stdout: 
2017-01-26 03:11:23:shell stdout: 
2017-01-26 03:11:23:shell stdout: 
2017-01-26 03:11:23:shell stdout: 
2017-01-26 03:11:23:shell stdout: 
2017-01-26 03:11:24:shell stdout: 
2017-01-26 03:11:24:shell stdout: 
2017-01-26 03:11:24:shell stdout: 
2017-01-26 03:11:44:finished due now-timestampStart > maxWaitTime*5
2017-01-26 03:11:44:now: 1485418304
2017-01-26 03:11:44:timestampStart: 1485418264
2017-01-26 03:11:44:kill cmd: killall -9 gdb-mic
2017-01-26 03:11:44:shell stdout: 
2017-01-26 03:11:44:kill cmd: ssh -T mic0 killall -9 lud_check
2017-01-26 03:11:44:shell stdout: 
2017-01-26 03:11:45:kill cmd: ssh -T mic0 killall -9 gdbserver
2017-01-26 03:11:45:shell stdout: 
2017-01-26 03:11:45:kill cmd: ssh -T mic0 killall -9 sshd
2017-01-26 03:11:45:shell stdout: 
