2017-01-26 03:01:08:Starting flip_value script
2017-01-26 03:01:08:Initialization strings:
2017-01-26 03:01:08:(1) target extended-remote | ssh -T mic0 gdbserver --multi -
2017-01-26 03:01:08:(2) set sysroot /opt/mpss/3.7/sysroots/k1om-mpss-linux/
2017-01-26 03:01:08:(3) set sysroot /opt/mpss/3.7/sysroots/k1om-mpss-linux/
2017-01-26 03:01:08:(4) file /micNfs/gdb-fault-injection/injector/bin/lud/lud_check
2017-01-26 03:01:08:(5) set remote exec-file /micNfs/gdb-fault-injection/injector/bin/lud/lud_check
2017-01-26 03:01:08:(6) set args -s 2048 -n 228 -i /micNfs/gdb-fault-injection/injector/bin/lud/input_2048_th_228 -g /micNfs/gdb-fault-injection/injector/bin/lud/gold_2048_th_228
2017-01-26 03:01:08:initSignal:4
2017-01-26 03:01:08:endSignal:6
2017-01-26 03:01:08:seqSignal:30
2017-01-26 03:01:13:Trying Fault Injection
2017-01-26 03:01:13:Inferior PID: 125499
2017-01-26 03:01:13:Inferior is valid: True
2017-01-26 03:01:13:Inferior #threads: 229
2017-01-26 03:01:13:Backtrace BEGIN:
2017-01-26 03:01:13:#0  0x000000000040453a in L_lud_omp_69__par_loop0_2_4 () at lud_omp.c:109
#1  0x00007ffff790ba1f in ?? ()
#2  0x00007fffffffd9c0 in ?? ()
#3  0x00007ffff4ea0100 in ?? ()
#4  0x0000000000000001 in ?? ()
#5  0x0000000000000003 in ?? ()
#6  0x0000000000000000 in ?? ()

2017-01-26 03:01:13:104	            i_global += BS * (chunk_idx + 1);
105	            for (i = 0; i < BS; i++) {
106	                for (j = 0; j < BS; j++) {
107	                    sum = 0.f;
108	                    for (k=0; k < j; k++) {
109	                        sum += BB((i_global+i),(j_global+k)) * temp[BS*k + j];
110	                    }
111	                    i_here = i_global + i;
112	                    j_here = j_global + j;
113	                    a[size*i_here + j_here] = ( a[size*i_here+j_here] - sum ) / a[size*(offset+j) + offset+j];

2017-01-26 03:01:13:Backtrace END
2017-01-26 03:01:16:Thread name: None
2017-01-26 03:01:16:Thread num: 1
2017-01-26 03:01:16:Thread ptid: (125499, 125499, 0)
2017-01-26 03:01:16:bitFlip function
2017-01-26 03:01:16:Type: The type is an array.
2017-01-26 03:01:16:Type sizeof: 1024
2017-01-26 03:01:16:Fliping array at pos: 145
2017-01-26 03:01:16:bitFlip function
2017-01-26 03:01:16:Type: A floating point type.
2017-01-26 03:01:16:Type sizeof: 4
2017-01-26 03:01:16:Mem contents(hex):0x1a0xf90x7d0x3f
2017-01-26 03:01:16:base address to flip value: 0x7fffffffcac4
2017-01-26 03:01:16:address max offset: 4
2017-01-26 03:01:16:Memory content before bitflip:0x1a0xf90x7d0x3f
2017-01-26 03:01:16:Memory content after  bitflip:0x180xf90x7d0x3f
2017-01-26 03:01:16:Mem contents(hex):0x180xf90x7d0x3f
2017-01-26 03:01:16:frame name: L_lud_omp_69__par_loop0_2_4
2017-01-26 03:01:16:symbol name: temp
2017-01-26 03:01:16:symbol filename: lud_omp.c
2017-01-26 03:01:16:symbol line: 75
2017-01-26 03:01:16:value: {0.0199812949, 0.0199585557, 0.0199381709, 0.0199209452, 0.019901067, 0.0198788345, 0.0198598802, 0.0198381245, 0.0198182166, 0.0198033154, 0.0197820961, 0.0197610855, 0.0197404325, 0.0197228491, 0.0197006166, 0.0196797252, 0.999108076, 0.0199797247, 0.0199578609, 0.0199380871, 0.0199186988, 0.0199006777, 0.0198775344, 0.0198610034, 0.0198399164, 0.0198186841, 0.0197999496, 0.0197798442, 0.0197614674, 0.0197385326, 0.0197225399, 0.0197039545, 0.998089373, 0.998965144, 0.019980507, 0.0199606791, 0.0199408513, 0.0199198294, 0.0199034251, 0.0198803451, 0.0198611412, 0.0198394656, 0.0198196694, 0.0198042765, 0.0197803639, 0.0197655447, 0.0197429135, 0.0197215956, 0.997018456, 0.997994423, 0.999116302, 0.0199772753, 0.0199566223, 0.0199371316, 0.0199168716, 0.0198978614, 0.0198791139, 0.0198572427, 0.0198392067, 0.0198166594, 0.0197999962, 0.0197755303, 0.0197579209, 0.019739259, 0.996111631, 0.9971506, 0.997906268, 0.999047041, 0.0199813023, 0.0199607462, 0.0199390072, 0.0199203882, 0.0199001357, 0.0198816415, 0.0198600236, 0.0198397022, 0.0198199227, 0.0198018812, 0.0197819825, 0.0197626222, 0.995189846, 0.995936871, 0.997010469, 0.998117626, 0.99895668, 0.0199787263, 0.0199610647, 0.0199388545, 0.0199211445, 0.0199023541, 0.0198832471, 0.0198610909, 0.0198410861, 0.0198219381, 0.0198014583, 0.0197825376, 0.994047403, 0.995034575, 0.996232808, 0.99693805, 0.997945786, 0.999046147, 0.0199800115, 0.0199605599, 0.0199384149, 0.0199189279, 0.0198976379, 0.0198808257, 0.0198592711, 0.0198392142, 0.0198196936, 0.0197992995, 0.993083835, 0.993886471, 0.995122254, 0.996024787, 0.997005522, 0.998098195, 0.998943686, 0.0199811533, 0.0199591219, 0.019937152, 0.0199213419, 0.0198998917, 0.0198793802, 0.0198617391, 0.0198405217, 0.0198208839, 0.992281437, 0.992893577, 0.994252205, 0.994932055, 0.995970786, 0.997131169, 0.997875988, 0.998942971, 0.0199834388, 0.0199636091, 0.0199409649, 0.0199225433, 0.0199040174, 0.0198845025, 0.0198644847, 0.019843135, 0.991088212, 0.992082119, 0.993094265, 0.994062245, 0.994904637, 0.996082127, 0.9970873, 0.997880638, 0.99891907, 0.0199800879, 0.0199593194, 0.0199382845, 0.0199205335, 0.0198992267, 0.0198787376, 0.0198593605, 0.990154505, 0.99102962, 0.992189765, 0.992933035, 0.993980408, 0.995151877, 0.995921314, 0.997026861, 0.997879684, 0.99894172, 0.0199813657, 0.019962607, 0.0199383255, 0.0199189894, 0.0199019983, 0.0198816694, 0.989141822, 0.990033507, 0.991089821, 0.992097676, 0.992821991, 0.99427104, 0.99497813, 0.995951235, 0.996864557, 0.997925758, 0.99902004, 0.0199801847, 0.0199618544, 0.0199405886, 0.0199216139, 0.0199020207, 0.988261819, 0.988945186, 0.990183771, 0.991146326, 0.991969585, 0.993048668, 0.994006574, 0.994966209...}
2017-01-26 03:01:16:value address: 0x7fffffffc880
2017-01-26 03:01:16:Type: The type is an array.
2017-01-26 03:01:16:Type sizeof: 1024
2017-01-26 03:01:16:Field name: None
2017-01-26 03:01:16:Field Type:
2017-01-26 03:01:16:Type: A range type, that is, an integer type with bounds.
2017-01-26 03:01:16:Type sizeof: 1
2017-01-26 03:01:16:Type range: (0L, 255L)
2017-01-26 03:01:16:Fault Injection Successful after 8.98913788795s
2017-01-26 03:01:17:Fault Already Injected
2017-01-26 03:01:17:Fault Already Injected
2017-01-26 03:01:17:Fault Already Injected
2017-01-26 03:01:17:Fault Already Injected
2017-01-26 03:01:18:Fault Already Injected
2017-01-26 03:01:18:Fault Already Injected
2017-01-26 03:01:18:Fault Already Injected
2017-01-26 03:01:19:Fault Already Injected
2017-01-26 03:01:19:Fault Already Injected
2017-01-26 03:01:19:Fault Already Injected
2017-01-26 03:01:19:Fault Already Injected
2017-01-26 03:01:19:Fault Already Injected
2017-01-26 03:01:19:Fault Already Injected
2017-01-26 03:01:20:Fault Already Injected
2017-01-26 03:01:20:Fault Already Injected
2017-01-26 03:01:20:event type: exit
2017-01-26 03:01:20:exit code: 0
