2016-10-21 21:37:10:Starting GDB script
2016-10-21 21:37:11:sending signal using command: 'ssh -T mic0 killall -2 needle_check' after 0.759727138902s
2016-10-21 21:37:11:shell stdout: 
2016-10-21 21:37:19:sending signal using command: 'ssh -T mic0 killall -2 needle_check' after 8.64911264914s
2016-10-21 21:37:19:shell stdout: 
2016-10-21 21:37:19:sending signal using command: 'ssh -T mic0 killall -2 needle_check' after 9.28890245253s
2016-10-21 21:37:19:shell stdout: 
2016-10-21 21:37:20:sending signal using command: 'ssh -T mic0 killall -2 needle_check' after 10.1218986747s
2016-10-21 21:37:20:shell stdout: 
2016-10-21 21:37:22:sending signal using command: 'ssh -T mic0 killall -2 needle_check' after 11.8730143936s
2016-10-21 21:37:22:shell stdout: 
2016-10-21 21:37:22:sending signal using command: 'ssh -T mic0 killall -2 needle_check' after 12.0263768436s
2016-10-21 21:37:22:shell stdout: 
2016-10-21 21:37:23:sending signal using command: 'ssh -T mic0 killall -2 needle_check' after 13.2769495101s
2016-10-21 21:37:23:shell stdout: 
2016-10-21 21:37:23:sending signal using command: 'ssh -T mic0 killall -2 needle_check' after 13.4245110282s
2016-10-21 21:37:23:shell stdout: 
2016-10-21 21:37:24:sending signal using command: 'ssh -T mic0 killall -2 needle_check' after 14.0495812194s
2016-10-21 21:37:24:shell stdout: 
2016-10-21 21:37:24:sending signal using command: 'ssh -T mic0 killall -2 needle_check' after 14.3682669694s
2016-10-21 21:37:24:shell stdout: 
2016-10-21 21:37:28:no gdbExecName running, out:
2016-10-21 21:37:28:checCmd:ps -e | grep -i gdb-mic
2016-10-21 21:37:28:finished now-timestampStart < maxWaitTime*5
2016-10-21 21:37:28:now: 1477100247
2016-10-21 21:37:28:timestampStart: 1477100230
2016-10-21 21:37:28:kill cmd: killall -9 gdb-mic
2016-10-21 21:37:28:shell stdout: 
2016-10-21 21:37:28:kill cmd: ssh -T mic0 killall -9 needle_check
2016-10-21 21:37:28:shell stdout: 
2016-10-21 21:37:29:kill cmd: ssh -T mic0 killall -9 gdbserver
2016-10-21 21:37:29:shell stdout: 
2016-10-21 21:37:29:kill cmd: ssh -T mic0 killall -9 sshd
2016-10-21 21:37:29:shell stdout: 
