2017-01-23 17:18:27:Starting GDB script
2017-01-23 17:18:27:initSignal:0.0
2017-01-23 17:18:27:endSignal:2.0
2017-01-23 17:18:27:seqSignal:30
2017-01-23 17:18:28:sending 30 signals using command: 'ssh -T mic0 killall -2 lud_check' after 0.947691201063s
2017-01-23 17:18:28:shell stdout: 
2017-01-23 17:18:28:sending 30 signals using command: 'ssh -T mic0 killall -2 lud_check' after 1.36211034976s
2017-01-23 17:18:29:shell stdout: 
2017-01-23 17:18:29:shell stdout: 
2017-01-23 17:18:29:sending 30 signals using command: 'ssh -T mic0 killall -2 lud_check' after 1.96850759616s
2017-01-23 17:18:29:shell stdout: 
2017-01-23 17:18:29:shell stdout: 
2017-01-23 17:18:29:shell stdout: 
2017-01-23 17:18:29:shell stdout: 
2017-01-23 17:18:29:shell stdout: 
2017-01-23 17:18:30:shell stdout: 
2017-01-23 17:18:30:shell stdout: 
2017-01-23 17:18:30:shell stdout: 
2017-01-23 17:18:30:shell stdout: 
2017-01-23 17:18:30:shell stdout: 
2017-01-23 17:18:30:shell stdout: 
2017-01-23 17:18:30:shell stdout: 
2017-01-23 17:18:31:shell stdout: 
2017-01-23 17:18:31:shell stdout: 
2017-01-23 17:18:31:shell stdout: 
2017-01-23 17:18:31:shell stdout: 
2017-01-23 17:18:31:shell stdout: 
2017-01-23 17:18:31:shell stdout: 
2017-01-23 17:18:32:shell stdout: 
2017-01-23 17:18:32:shell stdout: 
2017-01-23 17:18:32:shell stdout: 
2017-01-23 17:18:32:shell stdout: 
2017-01-23 17:18:32:shell stdout: 
2017-01-23 17:18:32:shell stdout: 
2017-01-23 17:18:32:shell stdout: 
2017-01-23 17:18:32:shell stdout: 
2017-01-23 17:18:33:shell stdout: 
2017-01-23 17:18:33:shell stdout: 
2017-01-23 17:18:33:shell stdout: 
2017-01-23 17:18:33:shell stdout: 
2017-01-23 17:18:33:shell stdout: 
2017-01-23 17:18:33:shell stdout: 
2017-01-23 17:18:33:shell stdout: 
2017-01-23 17:18:34:shell stdout: 
2017-01-23 17:18:34:shell stdout: 
2017-01-23 17:18:34:shell stdout: 
2017-01-23 17:18:34:shell stdout: 
2017-01-23 17:18:34:shell stdout: 
2017-01-23 17:18:34:shell stdout: 
2017-01-23 17:18:34:shell stdout: 
2017-01-23 17:18:35:shell stdout: 
2017-01-23 17:18:35:shell stdout: 
2017-01-23 17:18:35:shell stdout: 
2017-01-23 17:18:35:shell stdout: 
2017-01-23 17:18:35:shell stdout: 
2017-01-23 17:18:35:shell stdout: 
2017-01-23 17:18:35:shell stdout: 
2017-01-23 17:18:36:shell stdout: 
2017-01-23 17:18:36:shell stdout: 
2017-01-23 17:18:36:shell stdout: 
2017-01-23 17:18:36:shell stdout: 
2017-01-23 17:18:36:shell stdout: 
2017-01-23 17:18:36:shell stdout: 
2017-01-23 17:18:36:shell stdout: 
2017-01-23 17:18:37:shell stdout: 
2017-01-23 17:18:37:shell stdout: 
2017-01-23 17:18:37:shell stdout: 
2017-01-23 17:18:37:shell stdout: 
2017-01-23 17:18:37:shell stdout: 
2017-01-23 17:18:38:shell stdout: 
2017-01-23 17:18:38:shell stdout: 
2017-01-23 17:18:38:shell stdout: 
2017-01-23 17:18:39:shell stdout: 
2017-01-23 17:18:39:shell stdout: 
2017-01-23 17:18:39:shell stdout: 
2017-01-23 17:18:39:shell stdout: 
2017-01-23 17:18:39:shell stdout: 
2017-01-23 17:18:39:shell stdout: 
2017-01-23 17:18:40:shell stdout: 
2017-01-23 17:18:40:shell stdout: 
2017-01-23 17:18:40:shell stdout: 
2017-01-23 17:18:41:shell stdout: 
2017-01-23 17:18:41:shell stdout: 
2017-01-23 17:18:41:shell stdout: 
2017-01-23 17:18:42:shell stdout: 
2017-01-23 17:18:42:shell stdout: 
2017-01-23 17:18:42:shell stdout: 
2017-01-23 17:18:43:shell stdout: 
2017-01-23 17:18:43:shell stdout: 
2017-01-23 17:18:43:shell stdout: 
2017-01-23 17:18:43:shell stdout: 
2017-01-23 17:18:43:shell stdout: 
2017-01-23 17:18:43:shell stdout: 
2017-01-23 17:18:44:shell stdout: 
2017-01-23 17:18:44:shell stdout: 
2017-01-23 17:18:45:shell stdout: 
2017-01-23 17:18:46:shell stdout: 
2017-01-23 17:18:52:no gdbExecName running, out:
2017-01-23 17:18:52:checCmd:ps -e | grep -i gdb-mic
2017-01-23 17:18:52:finished now-timestampStart < maxWaitTime*5
2017-01-23 17:18:52:now: 1485209932
2017-01-23 17:18:52:timestampStart: 1485209907
2017-01-23 17:18:52:kill cmd: killall -9 gdb-mic
2017-01-23 17:18:52:shell stdout: 
2017-01-23 17:18:53:kill cmd: ssh -T mic0 killall -9 lud_check
2017-01-23 17:18:53:shell stdout: 
2017-01-23 17:18:53:kill cmd: ssh -T mic0 killall -9 gdbserver
2017-01-23 17:18:53:shell stdout: 
2017-01-23 17:18:54:kill cmd: ssh -T mic0 killall -9 sshd
2017-01-23 17:18:54:shell stdout: 
