[INFO -- 2017-03-27 05:06:39]
Starting GDB script
[INFO -- 2017-03-27 05:06:39]
initSignal:0.0
[INFO -- 2017-03-27 05:06:39]
endSignal:3.0
[INFO -- 2017-03-27 05:06:39]
seqSignal:30
[INFO -- 2017-03-27 05:06:39]
sending 30 signals using command: 'ssh -T mic0 killall -2 lavamd_check' after 0.0450971829529s
[INFO -- 2017-03-27 05:06:40]
shell stdout: 
[INFO -- 2017-03-27 05:06:40]
shell stdout: 
[INFO -- 2017-03-27 05:06:40]
sending 30 signals using command: 'ssh -T mic0 killall -2 lavamd_check' after 0.893886816086s
[INFO -- 2017-03-27 05:06:41]
shell stdout: 
[INFO -- 2017-03-27 05:06:41]
shell stdout: 
[INFO -- 2017-03-27 05:06:41]
shell stdout: 
[INFO -- 2017-03-27 05:06:41]
shell stdout: 
[INFO -- 2017-03-27 05:06:41]
sending 30 signals using command: 'ssh -T mic0 killall -2 lavamd_check' after 1.82481285508s
[INFO -- 2017-03-27 05:06:41]
shell stdout: 
[INFO -- 2017-03-27 05:06:41]
shell stdout: 
[INFO -- 2017-03-27 05:06:42]
shell stdout: 
[INFO -- 2017-03-27 05:06:42]
shell stdout: 
[INFO -- 2017-03-27 05:06:42]
shell stdout: 
[INFO -- 2017-03-27 05:06:42]
shell stdout: 
[INFO -- 2017-03-27 05:06:42]
shell stdout: 
[INFO -- 2017-03-27 05:06:42]
shell stdout: 
[INFO -- 2017-03-27 05:06:43]
shell stdout: 
[INFO -- 2017-03-27 05:06:43]
shell stdout: 
[INFO -- 2017-03-27 05:06:43]
shell stdout: 
[INFO -- 2017-03-27 05:06:43]
shell stdout: 
[INFO -- 2017-03-27 05:06:44]
shell stdout: 
[INFO -- 2017-03-27 05:06:44]
shell stdout: 
[INFO -- 2017-03-27 05:06:44]
shell stdout: 
[INFO -- 2017-03-27 05:06:45]
shell stdout: 
[INFO -- 2017-03-27 05:06:45]
shell stdout: 
[INFO -- 2017-03-27 05:06:45]
shell stdout: 
[INFO -- 2017-03-27 05:06:46]
shell stdout: 
[INFO -- 2017-03-27 05:06:46]
shell stdout: 
[INFO -- 2017-03-27 05:06:46]
shell stdout: 
[INFO -- 2017-03-27 05:06:47]
shell stdout: 
[INFO -- 2017-03-27 05:06:47]
shell stdout: 
[INFO -- 2017-03-27 05:06:47]
shell stdout: 
[INFO -- 2017-03-27 05:06:48]
shell stdout: 
[INFO -- 2017-03-27 05:06:48]
shell stdout: 
[INFO -- 2017-03-27 05:06:48]
shell stdout: 
[INFO -- 2017-03-27 05:06:48]
shell stdout: 
[INFO -- 2017-03-27 05:06:48]
shell stdout: 
[INFO -- 2017-03-27 05:06:48]
shell stdout: 
[INFO -- 2017-03-27 05:06:49]
shell stdout: 
[INFO -- 2017-03-27 05:06:49]
shell stdout: 
[INFO -- 2017-03-27 05:06:49]
shell stdout: 
[INFO -- 2017-03-27 05:06:50]
shell stdout: 
[INFO -- 2017-03-27 05:06:50]
shell stdout: 
[INFO -- 2017-03-27 05:06:50]
shell stdout: 
[INFO -- 2017-03-27 05:06:50]
shell stdout: 
[INFO -- 2017-03-27 05:06:50]
shell stdout: 
[INFO -- 2017-03-27 05:06:50]
shell stdout: 
[INFO -- 2017-03-27 05:06:51]
shell stdout: 
[INFO -- 2017-03-27 05:06:51]
shell stdout: 
[INFO -- 2017-03-27 05:06:51]
shell stdout: 
[INFO -- 2017-03-27 05:06:52]
shell stdout: 
[INFO -- 2017-03-27 05:06:52]
shell stdout: 
[INFO -- 2017-03-27 05:06:52]
shell stdout: 
[INFO -- 2017-03-27 05:06:52]
shell stdout: 
[INFO -- 2017-03-27 05:06:52]
shell stdout: 
[INFO -- 2017-03-27 05:06:52]
shell stdout: 
[INFO -- 2017-03-27 05:06:52]
shell stdout: 
[INFO -- 2017-03-27 05:06:53]
shell stdout: 
[INFO -- 2017-03-27 05:06:53]
shell stdout: 
[INFO -- 2017-03-27 05:06:53]
shell stdout: 
[INFO -- 2017-03-27 05:06:53]
shell stdout: 
[INFO -- 2017-03-27 05:06:53]
shell stdout: 
[INFO -- 2017-03-27 05:06:53]
shell stdout: 
[INFO -- 2017-03-27 05:06:54]
shell stdout: 
[INFO -- 2017-03-27 05:06:54]
shell stdout: 
[INFO -- 2017-03-27 05:06:54]
shell stdout: 
[INFO -- 2017-03-27 05:06:54]
shell stdout: 
[INFO -- 2017-03-27 05:06:54]
shell stdout: 
[INFO -- 2017-03-27 05:06:54]
shell stdout: 
[INFO -- 2017-03-27 05:06:54]
shell stdout: 
[INFO -- 2017-03-27 05:06:54]
shell stdout: 
[INFO -- 2017-03-27 05:06:55]
shell stdout: 
[INFO -- 2017-03-27 05:06:55]
shell stdout: 
[INFO -- 2017-03-27 05:06:55]
shell stdout: 
[INFO -- 2017-03-27 05:06:55]
shell stdout: 
[INFO -- 2017-03-27 05:06:55]
shell stdout: 
[INFO -- 2017-03-27 05:06:55]
shell stdout: 
[INFO -- 2017-03-27 05:06:56]
shell stdout: 
[INFO -- 2017-03-27 05:06:56]
shell stdout: 
[INFO -- 2017-03-27 05:06:56]
shell stdout: 
[INFO -- 2017-03-27 05:06:56]
shell stdout: 
[INFO -- 2017-03-27 05:06:56]
shell stdout: 
[INFO -- 2017-03-27 05:06:56]
shell stdout: 
[INFO -- 2017-03-27 05:06:57]
shell stdout: 
[INFO -- 2017-03-27 05:06:57]
shell stdout: 
[INFO -- 2017-03-27 05:06:57]
shell stdout: 
[INFO -- 2017-03-27 05:06:57]
shell stdout: 
[INFO -- 2017-03-27 05:06:57]
shell stdout: 
[INFO -- 2017-03-27 05:06:58]
shell stdout: 
[INFO -- 2017-03-27 05:06:58]
shell stdout: 
[INFO -- 2017-03-27 05:06:58]
shell stdout: 
[INFO -- 2017-03-27 05:06:58]
shell stdout: 
[INFO -- 2017-03-27 05:07:02]
no gdbExecName running, out:
[INFO -- 2017-03-27 05:07:02]
checCmd:ps -e | grep -i gdb-mic
[INFO -- 2017-03-27 05:07:02]
finished now-timestampStart < maxWaitTime*5
[INFO -- 2017-03-27 05:07:02]
now: 1490605621
[INFO -- 2017-03-27 05:07:02]
timestampStart: 1490605599
[INFO -- 2017-03-27 05:07:02]
kill cmd: killall -9 gdb-mic
[INFO -- 2017-03-27 05:07:02]
shell stdout: 
[INFO -- 2017-03-27 05:07:02]
kill cmd: ssh -T mic0 killall -9 lavamd_check
[INFO -- 2017-03-27 05:07:02]
shell stdout: 
[INFO -- 2017-03-27 05:07:03]
kill cmd: ssh -T mic0 killall -9 gdbserver
[INFO -- 2017-03-27 05:07:03]
shell stdout: 
[INFO -- 2017-03-27 05:07:03]
kill cmd: ssh -T mic0 killall -9 sshd
[INFO -- 2017-03-27 05:07:03]
shell stdout: 
