[INFO -- 2017-02-26 20:06:53]
Starting GDB script
[INFO -- 2017-02-26 20:06:53]
initSignal:0.0
[INFO -- 2017-02-26 20:06:53]
endSignal:2.0
[INFO -- 2017-02-26 20:06:53]
seqSignal:30
[INFO -- 2017-02-26 20:06:54]
sending 30 signals using command: 'ssh -T mic1 killall -2 lud_check' after 0.356165753771s
[INFO -- 2017-02-26 20:06:54]
shell stdout: 
[INFO -- 2017-02-26 20:06:54]
shell stdout: 
[INFO -- 2017-02-26 20:06:55]
shell stdout: 
[INFO -- 2017-02-26 20:06:55]
sending 30 signals using command: 'ssh -T mic1 killall -2 lud_check' after 1.79675650717s
[INFO -- 2017-02-26 20:06:55]
shell stdout: 
[INFO -- 2017-02-26 20:06:55]
sending 30 signals using command: 'ssh -T mic1 killall -2 lud_check' after 1.98422392841s
[INFO -- 2017-02-26 20:06:55]
shell stdout: 
[INFO -- 2017-02-26 20:06:55]
shell stdout: 
[INFO -- 2017-02-26 20:06:56]
shell stdout: 
[INFO -- 2017-02-26 20:06:56]
shell stdout: 
[INFO -- 2017-02-26 20:06:56]
shell stdout: 
[INFO -- 2017-02-26 20:06:56]
shell stdout: 
[INFO -- 2017-02-26 20:06:56]
shell stdout: 
[INFO -- 2017-02-26 20:06:56]
shell stdout: 
[INFO -- 2017-02-26 20:06:56]
shell stdout: 
[INFO -- 2017-02-26 20:06:57]
shell stdout: 
[INFO -- 2017-02-26 20:06:57]
shell stdout: 
[INFO -- 2017-02-26 20:06:57]
shell stdout: 
[INFO -- 2017-02-26 20:06:57]
shell stdout: 
[INFO -- 2017-02-26 20:06:57]
shell stdout: 
[INFO -- 2017-02-26 20:06:57]
shell stdout: 
[INFO -- 2017-02-26 20:06:57]
shell stdout: 
[INFO -- 2017-02-26 20:06:58]
shell stdout: 
[INFO -- 2017-02-26 20:06:58]
shell stdout: 
[INFO -- 2017-02-26 20:06:58]
shell stdout: 
[INFO -- 2017-02-26 20:06:58]
shell stdout: 
[INFO -- 2017-02-26 20:06:58]
shell stdout: 
[INFO -- 2017-02-26 20:06:58]
shell stdout: 
[INFO -- 2017-02-26 20:06:58]
shell stdout: 
[INFO -- 2017-02-26 20:06:58]
shell stdout: 
[INFO -- 2017-02-26 20:06:59]
shell stdout: 
[INFO -- 2017-02-26 20:06:59]
shell stdout: 
[INFO -- 2017-02-26 20:06:59]
shell stdout: 
[INFO -- 2017-02-26 20:06:59]
shell stdout: 
[INFO -- 2017-02-26 20:06:59]
shell stdout: 
[INFO -- 2017-02-26 20:06:59]
shell stdout: 
[INFO -- 2017-02-26 20:06:59]
shell stdout: 
[INFO -- 2017-02-26 20:07:00]
shell stdout: 
[INFO -- 2017-02-26 20:07:00]
shell stdout: 
[INFO -- 2017-02-26 20:07:00]
shell stdout: 
[INFO -- 2017-02-26 20:07:00]
shell stdout: 
[INFO -- 2017-02-26 20:07:00]
shell stdout: 
[INFO -- 2017-02-26 20:07:00]
shell stdout: 
[INFO -- 2017-02-26 20:07:00]
shell stdout: 
[INFO -- 2017-02-26 20:07:00]
shell stdout: 
[INFO -- 2017-02-26 20:07:01]
shell stdout: 
[INFO -- 2017-02-26 20:07:01]
shell stdout: 
[INFO -- 2017-02-26 20:07:01]
shell stdout: 
[INFO -- 2017-02-26 20:07:01]
shell stdout: 
[INFO -- 2017-02-26 20:07:01]
shell stdout: 
[INFO -- 2017-02-26 20:07:01]
shell stdout: 
[INFO -- 2017-02-26 20:07:01]
shell stdout: 
[INFO -- 2017-02-26 20:07:01]
shell stdout: 
[INFO -- 2017-02-26 20:07:02]
shell stdout: 
[INFO -- 2017-02-26 20:07:02]
shell stdout: 
[INFO -- 2017-02-26 20:07:02]
shell stdout: 
[INFO -- 2017-02-26 20:07:02]
shell stdout: 
[INFO -- 2017-02-26 20:07:02]
shell stdout: 
[INFO -- 2017-02-26 20:07:02]
shell stdout: 
[INFO -- 2017-02-26 20:07:02]
shell stdout: 
[INFO -- 2017-02-26 20:07:03]
shell stdout: 
[INFO -- 2017-02-26 20:07:03]
shell stdout: 
[INFO -- 2017-02-26 20:07:03]
shell stdout: 
[INFO -- 2017-02-26 20:07:03]
shell stdout: 
[INFO -- 2017-02-26 20:07:03]
shell stdout: 
[INFO -- 2017-02-26 20:07:03]
shell stdout: 
[INFO -- 2017-02-26 20:07:03]
shell stdout: 
[INFO -- 2017-02-26 20:07:04]
shell stdout: 
[INFO -- 2017-02-26 20:07:04]
shell stdout: 
[INFO -- 2017-02-26 20:07:04]
shell stdout: 
[INFO -- 2017-02-26 20:07:04]
shell stdout: 
[INFO -- 2017-02-26 20:07:04]
shell stdout: 
[INFO -- 2017-02-26 20:07:04]
shell stdout: 
[INFO -- 2017-02-26 20:07:04]
shell stdout: 
[INFO -- 2017-02-26 20:07:04]
shell stdout: 
[INFO -- 2017-02-26 20:07:05]
shell stdout: 
[INFO -- 2017-02-26 20:07:05]
shell stdout: 
[INFO -- 2017-02-26 20:07:05]
shell stdout: 
[INFO -- 2017-02-26 20:07:05]
shell stdout: 
[INFO -- 2017-02-26 20:07:05]
shell stdout: 
[INFO -- 2017-02-26 20:07:05]
shell stdout: 
[INFO -- 2017-02-26 20:07:05]
shell stdout: 
[INFO -- 2017-02-26 20:07:06]
shell stdout: 
[INFO -- 2017-02-26 20:07:06]
shell stdout: 
[INFO -- 2017-02-26 20:07:06]
shell stdout: 
[INFO -- 2017-02-26 20:07:06]
shell stdout: 
[INFO -- 2017-02-26 20:07:06]
shell stdout: 
[INFO -- 2017-02-26 20:07:06]
shell stdout: 
[INFO -- 2017-02-26 20:07:07]
shell stdout: 
[INFO -- 2017-02-26 20:07:07]
shell stdout: 
[INFO -- 2017-02-26 20:07:07]
shell stdout: 
[INFO -- 2017-02-26 20:07:07]
shell stdout: 
[INFO -- 2017-02-26 20:07:30]
no gdbExecName running, out:
[INFO -- 2017-02-26 20:07:30]
checCmd:ps -e | grep -i gdb-mic
[INFO -- 2017-02-26 20:07:30]
finished now-timestampStart < maxWaitTime*5
[INFO -- 2017-02-26 20:07:30]
now: 1488157649
[INFO -- 2017-02-26 20:07:30]
timestampStart: 1488157613
[INFO -- 2017-02-26 20:07:30]
kill cmd: killall -9 gdb-mic
[INFO -- 2017-02-26 20:07:30]
shell stdout: 
[INFO -- 2017-02-26 20:07:31]
kill cmd: ssh -T mic1 killall -9 lud_check
[INFO -- 2017-02-26 20:07:31]
shell stdout: 
[INFO -- 2017-02-26 20:07:31]
kill cmd: ssh -T mic1 killall -9 gdbserver
[INFO -- 2017-02-26 20:07:31]
shell stdout: 
[INFO -- 2017-02-26 20:07:32]
kill cmd: ssh -T mic1 killall -9 sshd
[INFO -- 2017-02-26 20:07:32]
shell stdout: 
