2017-01-24 11:02:11:Starting GDB script
2017-01-24 11:02:11:initSignal:14.0
2017-01-24 11:02:11:endSignal:21.0
2017-01-24 11:02:11:seqSignal:15
2017-01-24 11:02:29:sending 15 signals using command: 'ssh -T mic1 killall -2 dgemm_check' after 17.7248605167s
2017-01-24 11:02:29:shell stdout: 
2017-01-24 11:02:29:sending 15 signals using command: 'ssh -T mic1 killall -2 dgemm_check' after 18.485870129s
2017-01-24 11:02:30:shell stdout: 
2017-01-24 11:02:30:shell stdout: 
2017-01-24 11:02:30:shell stdout: 
2017-01-24 11:02:30:shell stdout: 
2017-01-24 11:02:31:shell stdout: 
2017-01-24 11:02:31:shell stdout: 
2017-01-24 11:02:31:sending 15 signals using command: 'ssh -T mic1 killall -2 dgemm_check' after 19.8990294598s
2017-01-24 11:02:31:shell stdout: 
2017-01-24 11:02:31:shell stdout: 
2017-01-24 11:02:31:shell stdout: 
2017-01-24 11:02:31:shell stdout: 
2017-01-24 11:02:31:shell stdout: 
2017-01-24 11:02:32:shell stdout: 
2017-01-24 11:02:32:shell stdout: 
2017-01-24 11:02:32:shell stdout: 
2017-01-24 11:02:32:shell stdout: 
2017-01-24 11:02:32:shell stdout: 
2017-01-24 11:02:32:shell stdout: 
2017-01-24 11:02:32:shell stdout: 
2017-01-24 11:02:33:shell stdout: 
2017-01-24 11:02:33:shell stdout: 
2017-01-24 11:02:33:shell stdout: 
2017-01-24 11:02:33:shell stdout: 
2017-01-24 11:02:33:shell stdout: 
2017-01-24 11:02:33:shell stdout: 
2017-01-24 11:02:34:shell stdout: 
2017-01-24 11:02:34:shell stdout: 
2017-01-24 11:02:34:shell stdout: 
2017-01-24 11:02:34:shell stdout: 
2017-01-24 11:02:34:shell stdout: 
2017-01-24 11:02:34:shell stdout: 
2017-01-24 11:02:34:shell stdout: 
2017-01-24 11:02:34:shell stdout: 
2017-01-24 11:02:34:shell stdout: 
2017-01-24 11:02:35:shell stdout: 
2017-01-24 11:02:35:shell stdout: 
2017-01-24 11:02:35:shell stdout: 
2017-01-24 11:02:35:shell stdout: 
2017-01-24 11:02:35:shell stdout: 
2017-01-24 11:02:35:shell stdout: 
2017-01-24 11:02:36:shell stdout: 
2017-01-24 11:02:36:shell stdout: 
2017-01-24 11:02:36:shell stdout: 
2017-01-24 11:02:37:shell stdout: 
2017-01-24 11:02:37:shell stdout: 
2017-01-24 11:04:23:no gdbExecName running, out:
2017-01-24 11:04:23:checCmd:ps -e | grep -i gdb-mic
2017-01-24 11:04:23:finished now-timestampStart < maxWaitTime*5
2017-01-24 11:04:23:now: 1485273854
2017-01-24 11:04:23:timestampStart: 1485273731
2017-01-24 11:04:23:kill cmd: killall -9 gdb-mic
2017-01-24 11:04:23:shell stdout: 
2017-01-24 11:04:24:kill cmd: ssh -T mic1 killall -9 dgemm_check
2017-01-24 11:04:24:shell stdout: 
2017-01-24 11:04:24:kill cmd: ssh -T mic1 killall -9 gdbserver
2017-01-24 11:04:24:shell stdout: 
2017-01-24 11:04:24:kill cmd: ssh -T mic1 killall -9 sshd
2017-01-24 11:04:24:shell stdout: 
