2016-10-22 06:16:37:Starting GDB script
2016-10-22 06:16:39:sending signal using command: 'ssh -T mic0 killall -2 hotspot_check' after 0.929483014143s
2016-10-22 06:16:39:shell stdout: 
2016-10-22 06:16:39:sending signal using command: 'ssh -T mic0 killall -2 hotspot_check' after 1.55285460876s
2016-10-22 06:16:39:shell stdout: 
2016-10-22 06:16:41:sending signal using command: 'ssh -T mic0 killall -2 hotspot_check' after 3.40415726119s
2016-10-22 06:16:41:shell stdout: 
2016-10-22 06:16:43:sending signal using command: 'ssh -T mic0 killall -2 hotspot_check' after 5.58900125534s
2016-10-22 06:16:43:shell stdout: 
2016-10-22 06:16:44:sending signal using command: 'ssh -T mic0 killall -2 hotspot_check' after 6.29785000724s
2016-10-22 06:16:44:shell stdout: 
2016-10-22 06:16:45:sending signal using command: 'ssh -T mic0 killall -2 hotspot_check' after 6.92886588411s
2016-10-22 06:16:45:shell stdout: 
2016-10-22 06:16:46:sending signal using command: 'ssh -T mic0 killall -2 hotspot_check' after 7.96789885697s
2016-10-22 06:16:46:shell stdout: 
2016-10-22 06:16:47:sending signal using command: 'ssh -T mic0 killall -2 hotspot_check' after 8.87211753043s
2016-10-22 06:16:47:shell stdout: 
2016-10-22 06:16:47:sending signal using command: 'ssh -T mic0 killall -2 hotspot_check' after 9.64516130832s
2016-10-22 06:16:47:shell stdout: 
2016-10-22 06:16:48:sending signal using command: 'ssh -T mic0 killall -2 hotspot_check' after 10.0467967174s
2016-10-22 06:16:48:shell stdout: 
2016-10-22 06:16:58:no gdbExecName running, out:
2016-10-22 06:16:58:checCmd:ps -e | grep -i gdb-mic
2016-10-22 06:16:58:finished now-timestampStart < maxWaitTime*5
2016-10-22 06:16:58:now: 1477131417
2016-10-22 06:16:58:timestampStart: 1477131397
2016-10-22 06:16:58:kill cmd: killall -9 gdb-mic
2016-10-22 06:16:58:shell stdout: 
2016-10-22 06:16:58:kill cmd: ssh -T mic0 killall -9 hotspot_check
2016-10-22 06:16:58:shell stdout: 
2016-10-22 06:16:58:kill cmd: ssh -T mic0 killall -9 gdbserver
2016-10-22 06:16:58:shell stdout: 
