2016-10-28 18:21:54:Starting GDB script
2016-10-28 18:21:54:sending signal using command: 'ssh -T mic0 killall -2 lud_check' after 0.0119416311259s
2016-10-28 18:21:54:shell stdout: 
2016-10-28 18:21:54:sending signal using command: 'ssh -T mic0 killall -2 lud_check' after 0.36023750609s
2016-10-28 18:21:54:shell stdout: 
2016-10-28 18:21:57:sending signal using command: 'ssh -T mic0 killall -2 lud_check' after 2.34545034314s
2016-10-28 18:21:57:shell stdout: 
2016-10-28 18:21:57:sending signal using command: 'ssh -T mic0 killall -2 lud_check' after 2.51247961716s
2016-10-28 18:21:57:shell stdout: 
2016-10-28 18:21:57:sending signal using command: 'ssh -T mic0 killall -2 lud_check' after 2.8806028681s
2016-10-28 18:21:57:shell stdout: 
2016-10-28 18:21:57:sending signal using command: 'ssh -T mic0 killall -2 lud_check' after 3.12800266173s
2016-10-28 18:21:57:shell stdout: 
2016-10-28 18:21:58:sending signal using command: 'ssh -T mic0 killall -2 lud_check' after 3.94620785953s
2016-10-28 18:21:58:shell stdout: 
2016-10-28 18:21:59:sending signal using command: 'ssh -T mic0 killall -2 lud_check' after 4.71566594844s
2016-10-28 18:21:59:shell stdout: 
2016-10-28 18:22:01:sending signal using command: 'ssh -T mic0 killall -2 lud_check' after 6.67607011986s
2016-10-28 18:22:01:shell stdout: 
2016-10-28 18:22:01:sending signal using command: 'ssh -T mic0 killall -2 lud_check' after 6.82032685978s
2016-10-28 18:22:01:shell stdout: 
2016-10-28 18:22:09:no gdbExecName running, out:
2016-10-28 18:22:09:checCmd:ps -e | grep -i gdb-mic
2016-10-28 18:22:09:finished now-timestampStart < maxWaitTime*5
2016-10-28 18:22:09:now: 1477693329
2016-10-28 18:22:09:timestampStart: 1477693314
2016-10-28 18:22:09:kill cmd: killall -9 gdb-mic
2016-10-28 18:22:09:shell stdout: 
2016-10-28 18:22:10:kill cmd: ssh -T mic0 killall -9 lud_check
2016-10-28 18:22:10:shell stdout: 
2016-10-28 18:22:10:kill cmd: ssh -T mic0 killall -9 gdbserver
2016-10-28 18:22:10:shell stdout: 
2016-10-28 18:22:10:kill cmd: ssh -T mic0 killall -9 sshd
2016-10-28 18:22:10:shell stdout: 
