2017-01-25 11:01:40:shell stdout: 
2017-01-25 11:01:40:shell stdout: 
2017-01-25 11:01:40:shell stdout: 
2017-01-25 11:01:40:shell stdout: 
2017-01-25 11:01:40:shell stdout: 
2017-01-25 11:01:41:shell stdout: 
2017-01-25 11:01:41:shell stdout: 
2017-01-25 11:01:41:shell stdout: 
2017-01-25 11:01:41:shell stdout: 
2017-01-25 11:01:41:shell stdout: 
2017-01-25 11:01:41:shell stdout: 
2017-01-25 11:01:41:shell stdout: 
2017-01-25 11:01:41:shell stdout: 
2017-01-25 11:01:42:shell stdout: 
2017-01-25 11:01:42:shell stdout: 
2017-01-25 11:01:42:shell stdout: 
2017-01-25 11:01:42:shell stdout: 
2017-01-25 11:01:42:shell stdout: 
2017-01-25 11:01:42:shell stdout: 
2017-01-25 11:01:43:shell stdout: 
2017-01-25 11:01:43:shell stdout: 
2017-01-25 11:01:43:shell stdout: 
2017-01-25 11:01:43:shell stdout: 
2017-01-25 11:01:43:shell stdout: 
2017-01-25 11:01:43:shell stdout: 
2017-01-25 11:01:43:shell stdout: 
2017-01-25 11:01:43:shell stdout: 
2017-01-25 11:01:44:shell stdout: 
2017-01-25 11:01:44:shell stdout: 
2017-01-25 11:01:44:shell stdout: 
2017-01-25 11:01:44:shell stdout: 
2017-01-25 11:01:44:shell stdout: 
2017-01-25 11:01:44:shell stdout: 
2017-01-25 11:01:44:shell stdout: 
2017-01-25 11:01:45:shell stdout: 
2017-01-25 11:01:45:shell stdout: 
2017-01-25 11:01:45:shell stdout: 
2017-01-25 11:01:45:shell stdout: 
2017-01-25 11:01:45:shell stdout: 
2017-01-25 11:01:45:shell stdout: 
2017-01-25 11:01:45:shell stdout: 
2017-01-25 11:01:46:shell stdout: 
2017-01-25 11:01:46:shell stdout: 
2017-01-25 11:01:46:shell stdout: 
2017-01-25 11:01:46:Starting GDB script
2017-01-25 11:01:46:initSignal:6.0
2017-01-25 11:01:46:endSignal:8.0
2017-01-25 11:01:46:seqSignal:30
2017-01-25 11:01:52:sending 30 signals using command: 'ssh -T mic0 killall -2 lud_check' after 6.15413178229s
2017-01-25 11:01:53:shell stdout: 
2017-01-25 11:01:53:shell stdout: 
2017-01-25 11:01:53:sending 30 signals using command: 'ssh -T mic0 killall -2 lud_check' after 7.35399564723s
2017-01-25 11:01:53:sending 30 signals using command: 'ssh -T mic0 killall -2 lud_check' after 7.36514832292s
2017-01-25 11:01:54:shell stdout: 
2017-01-25 11:01:54:shell stdout: 
2017-01-25 11:01:54:shell stdout: 
2017-01-25 11:01:54:shell stdout: 
2017-01-25 11:01:54:shell stdout: 
2017-01-25 11:01:54:shell stdout: 
2017-01-25 11:01:54:shell stdout: 
2017-01-25 11:01:55:shell stdout: 
2017-01-25 11:01:55:shell stdout: 
2017-01-25 11:01:55:shell stdout: 
2017-01-25 11:01:55:shell stdout: 
2017-01-25 11:01:55:shell stdout: 
2017-01-25 11:01:55:shell stdout: 
2017-01-25 11:01:56:shell stdout: 
2017-01-25 11:01:56:shell stdout: 
2017-01-25 11:01:56:shell stdout: 
2017-01-25 11:01:56:shell stdout: 
2017-01-25 11:01:56:shell stdout: 
2017-01-25 11:01:56:shell stdout: 
2017-01-25 11:01:56:shell stdout: 
2017-01-25 11:01:57:shell stdout: 
2017-01-25 11:01:57:shell stdout: 
2017-01-25 11:01:57:shell stdout: 
2017-01-25 11:01:57:shell stdout: 
2017-01-25 11:01:57:shell stdout: 
2017-01-25 11:01:57:shell stdout: 
2017-01-25 11:01:57:shell stdout: 
2017-01-25 11:01:57:shell stdout: 
2017-01-25 11:01:58:shell stdout: 
2017-01-25 11:01:58:shell stdout: 
2017-01-25 11:01:58:shell stdout: 
2017-01-25 11:01:58:shell stdout: 
2017-01-25 11:01:58:shell stdout: 
2017-01-25 11:01:58:shell stdout: 
2017-01-25 11:01:58:shell stdout: 
2017-01-25 11:01:59:shell stdout: 
2017-01-25 11:01:59:shell stdout: 
2017-01-25 11:01:59:shell stdout: 
2017-01-25 11:01:59:shell stdout: 
2017-01-25 11:01:59:shell stdout: 
2017-01-25 11:01:59:shell stdout: 
2017-01-25 11:02:00:shell stdout: 
2017-01-25 11:02:00:shell stdout: 
2017-01-25 11:02:00:shell stdout: 
2017-01-25 11:02:00:shell stdout: 
2017-01-25 11:02:00:shell stdout: 
2017-01-25 11:02:00:shell stdout: 
2017-01-25 11:02:00:shell stdout: 
2017-01-25 11:02:01:shell stdout: 
2017-01-25 11:02:01:shell stdout: 
2017-01-25 11:02:01:shell stdout: 
2017-01-25 11:02:01:shell stdout: 
2017-01-25 11:02:01:shell stdout: 
2017-01-25 11:02:01:shell stdout: 
2017-01-25 11:02:01:shell stdout: 
2017-01-25 11:02:02:shell stdout: 
2017-01-25 11:02:02:shell stdout: 
2017-01-25 11:02:02:shell stdout: 
2017-01-25 11:02:02:shell stdout: 
2017-01-25 11:02:02:shell stdout: 
2017-01-25 11:02:02:shell stdout: 
2017-01-25 11:02:02:shell stdout: 
2017-01-25 11:02:03:shell stdout: 
2017-01-25 11:02:03:shell stdout: 
2017-01-25 11:02:03:shell stdout: 
2017-01-25 11:02:03:shell stdout: 
2017-01-25 11:02:03:shell stdout: 
2017-01-25 11:02:03:shell stdout: 
2017-01-25 11:02:04:shell stdout: 
2017-01-25 11:02:04:shell stdout: 
2017-01-25 11:02:04:shell stdout: 
2017-01-25 11:02:04:shell stdout: 
2017-01-25 11:02:04:shell stdout: 
2017-01-25 11:02:04:shell stdout: 
2017-01-25 11:02:04:shell stdout: 
2017-01-25 11:02:04:shell stdout: 
2017-01-25 11:02:04:shell stdout: 
2017-01-25 11:02:05:shell stdout: 
2017-01-25 11:02:05:shell stdout: 
2017-01-25 11:02:05:shell stdout: 
2017-01-25 11:02:05:shell stdout: 
2017-01-25 11:02:05:shell stdout: 
2017-01-25 11:02:05:shell stdout: 
2017-01-25 11:02:06:shell stdout: 
2017-01-25 11:02:06:shell stdout: 
2017-01-25 11:02:06:shell stdout: 
2017-01-25 11:02:06:shell stdout: 
2017-01-25 11:02:06:shell stdout: 
2017-01-25 11:02:26:finished due now-timestampStart > maxWaitTime*5
2017-01-25 11:02:26:now: 1485360146
2017-01-25 11:02:26:timestampStart: 1485360106
2017-01-25 11:02:26:kill cmd: killall -9 gdb-mic
2017-01-25 11:02:26:shell stdout: 
2017-01-25 11:02:26:kill cmd: ssh -T mic0 killall -9 lud_check
2017-01-25 11:02:26:shell stdout: 
2017-01-25 11:02:27:kill cmd: ssh -T mic0 killall -9 gdbserver
2017-01-25 11:02:27:shell stdout: 
2017-01-25 11:02:27:kill cmd: ssh -T mic0 killall -9 sshd
2017-01-25 11:02:27:shell stdout: 
