#HEADER matrix_dim:2048 threads:228
#BEGIN Y:2017 M:01 D:26 Time:10:25:28
#IT Ite:0 KerTime:24.242734 AccTime:24.242734
#ERR  p: [304, 848], r: -8.5493783950805664e+00, e: 5.8041059970855713e-01
#ERR  p: [306, 848], r: 5.8168119192123413e-01, e: 5.8151614665985107e-01
#ERR  p: [315, 848], r: 5.8737123012542725e-01, e: 5.8686703443527222e-01
#ERR  p: [2032, 832], r: -2.6910908520221710e-02, e: 6.0181543231010437e-03
#ERR  p: [2024, 832], r: -2.7127198874950409e-02, e: 6.0662701725959778e-03
#ERR  p: [304, 849], r: -8.5408706665039062e+00, e: 5.7979834079742432e-01
#ERR  p: [306, 849], r: 5.8118301630020142e-01, e: 5.8101814985275269e-01
#ERR  p: [315, 849], r: 5.8679169416427612e-01, e: 5.8628678321838379e-01
#ERR  p: [2016, 832], r: -2.7345024049282074e-02, e: 6.1148777604103088e-03
#ERR  p: [2040, 832], r: -2.6696085929870605e-02, e: 5.9705823659896851e-03
#ERR  p: [1845, 832], r: -3.2444261014461517e-02, e: 7.2557702660560608e-03
#ERR  p: [1989, 832], r: -2.8093807399272919e-02, e: 6.2818601727485657e-03
#ERR  p: [2032, 833], r: 6.0265567153692245e-03, e: 6.0235881246626377e-03
#ERR  p: [2024, 833], r: 6.0743130743503571e-03, e: 6.0713454149663448e-03
#ERR  p: [1926, 832], r: -2.9920727014541626e-02, e: 6.6905915737152100e-03
#ERR  p: [1998, 832], r: -2.7842275798320770e-02, e: 6.2258318066596985e-03
#ERR  p: [1791, 832], r: -3.4244760870933533e-02, e: 7.6582580804824829e-03
#ERR  p: [1962, 832], r: -2.8861887753009796e-02, e: 6.4545199275016785e-03
#ERR  p: [1827, 832], r: -3.3034056425094604e-02, e: 7.3874294757843018e-03
#ERR  p: [1953, 832], r: -2.9123432934284210e-02, e: 6.5125152468681335e-03
#ERR  p: [1872, 832], r: -3.1580030918121338e-02, e: 7.0627927780151367e-03
#ERR  p: [1890, 832], r: -3.1016536056995392e-02, e: 6.9360062479972839e-03
#ERR  p: [1503, 832], r: -4.5674338936805725e-02, e: 1.0214075446128845e-02
#ERR  p: [304, 850], r: -8.5323686599731445e+00, e: 5.7920324802398682e-01
#ERR  p: [324, 848], r: 5.9285998344421387e-01, e: 5.9207940101623535e-01
#ERR  p: [1899, 832], r: -3.0738681554794312e-02, e: 6.8744421005249023e-03
#ERR  p: [1980, 832], r: -2.8347134590148926e-02, e: 6.3394308090209961e-03
#ERR  p: [2007, 832], r: -2.7592554688453674e-02, e: 6.1700195074081421e-03
#ERR  p: [396, 848], r: 6.3673341274261475e-01, e: 6.3624948263168335e-01
#ERR  p: [1944, 832], r: -2.9385901987552643e-02, e: 6.5720304846763611e-03
#ERR  p: [1818, 832], r: -3.3332668244838715e-02, e: 7.4538365006446838e-03
#ERR  p: [306, 850], r: 5.8057814836502075e-01, e: 5.8041447401046753e-01
#ERR  p: [342, 848], r: 6.0237699747085571e-01, e: 6.0288113355636597e-01
#ERR  p: [1971, 832], r: -2.8603084385395050e-02, e: 6.3972994685173035e-03
#ERR  p: [333, 848], r: 5.9708982706069946e-01, e: 5.9748280048370361e-01
#ERR  p: [1809, 832], r: -3.3633999526500702e-02, e: 7.5214058160781860e-03
#ERR  p: [1782, 832], r: -3.4554854035377502e-02, e: 7.7269002795219421e-03
#ERR  p: [1908, 832], r: -3.0464880168437958e-02, e: 6.8112388253211975e-03
#ERR  p: [1800, 832], r: -3.3938109874725342e-02, e: 7.5896307826042175e-03
#ERR  p: [1917, 832], r: -3.0190177261829376e-02, e: 6.7518278956413269e-03
#ERR  p: [1935, 832], r: -2.9651507735252380e-02, e: 6.6316276788711548e-03
#ERR  p: [1881, 832], r: -3.1296536326408386e-02, e: 6.9999247789382935e-03
#ERR  p: [315, 850], r: 5.8617138862609863e-01, e: 5.8566629886627197e-01
#ERR  p: [1836, 832], r: -3.2739058136940002e-02, e: 7.3196738958358765e-03
#ERR  p: [1863, 832], r: -3.1866505742073059e-02, e: 7.1257203817367554e-03
#ERR  p: [441, 848], r: 6.6590136289596558e-01, e: 6.6553372144699097e-01
#ERR  p: [1854, 832], r: -3.2154530286788940e-02, e: 7.1895420551300049e-03
#ERR  p: [351, 848], r: 6.0851353406906128e-01, e: 6.0830926895141602e-01
#ERR  p: [369, 848], r: 6.1914515495300293e-01, e: 6.1937719583511353e-01
#ERR  p: [2016, 833], r: 6.1236172914505005e-03, e: 6.1207716353237629e-03
#ERR  p: [477, 848], r: 6.9019287824630737e-01, e: 6.9010192155838013e-01
#ERR  p: [1386, 832], r: -5.1343366503715515e-02, e: 1.1481925845146179e-02
#ERR  p: [1746, 832], r: -3.5820797085762024e-02, e: 8.0110281705856323e-03
#ERR  p: [1773, 832], r: -3.4866295754909515e-02, e: 7.7979862689971924e-03
#ERR  p: [981, 848], r: 1.7486244440078735e-02, e: 1.7490833997726440e-02
#ERR  p: [1116, 832], r: -6.7257940769195557e-02, e: 1.5040352940559387e-02
#ERR  p: [405, 848], r: 6.4162999391555786e-01, e: 6.4214390516281128e-01
#ERR  p: [846, 848], r: 9.9769920110702515e-01, e: 9.9796169996261597e-01
#ERR  p: [1251, 832], r: -5.8765634894371033e-02, e: 1.3139739632606506e-02
#ERR  p: [576, 848], r: 7.6164358854293823e-01, e: 7.6174497604370117e-01
#ERR  p: [1737, 832], r: -3.6145120859146118e-02, e: 8.0829560756683350e-03
#ERR  p: [1755, 832], r: -3.5499796271324158e-02, e: 7.9389959573745728e-03
#ERR  p: [486, 848], r: 6.9583934545516968e-01, e: 6.9615626335144043e-01
#ERR  p: [711, 848], r: 8.7147331237792969e-01, e: 8.7195158004760742e-01
#ERR  p: [1269, 832], r: -5.7714432477951050e-02, e: 1.2908250093460083e-02
#ERR  p: [801, 848], r: 9.5420074462890625e-01, e: 9.5400822162628174e-01
#ERR  p: [1224, 832], r: -6.0373470187187195e-02, e: 1.3500288128852844e-02
#ERR  p: [1161, 832], r: -6.4297199249267578e-02, e: 1.4379978179931641e-02
#ERR  p: [1197, 832], r: -6.2025055289268494e-02, e: 1.3870313763618469e-02
#ERR  p: [1089, 832], r: -6.9098457694053650e-02, e: 1.5452384948730469e-02
#ERR  p: [414, 848], r: 6.4797395467758179e-01, e: 6.4795380830764771e-01
#ERR  p: [468, 848], r: 6.8318474292755127e-01, e: 6.8385577201843262e-01
#ERR  p: [1845, 833], r: 7.2652958333492279e-03, e: 7.2621461004018784e-03
#ERR  p: [1206, 832], r: -6.1469480395317078e-02, e: 1.3745382428169250e-02
#ERR  p: [873, 848], r: 1.9483566284179688e-02, e: 1.9486069679260254e-02
#ERR  p: [783, 848], r: 9.3685913085937500e-01, e: 9.3709331750869751e-01
#ERR  p: [495, 848], r: 7.0338022708892822e-01, e: 7.0255166292190552e-01
#ERR  p: [900, 848], r: 1.8960773944854736e-02, e: 1.8967658281326294e-02
#ERR  p: [1449, 832], r: -4.8207864165306091e-02, e: 1.0781660676002502e-02
#ERR  p: [765, 848], r: 9.2024618387222290e-01, e: 9.2024320363998413e-01
#ERR  p: [450, 848], r: 6.7202126979827881e-01, e: 6.7163980007171631e-01
#ERR  p: [954, 848], r: 1.7959684133529663e-02, e: 1.7970085144042969e-02
#ERR  p: [657, 848], r: 8.2540750503540039e-01, e: 8.2600063085556030e-01
#ERR  p: [459, 848], r: 6.7738515138626099e-01, e: 6.7774021625518799e-01
#ERR  p: [1305, 832], r: -5.5676907300949097e-02, e: 1.2448340654373169e-02
#ERR  p: [1233, 832], r: -5.9831514954566956e-02, e: 1.3380154967308044e-02
#ERR  p: [1242, 832], r: -5.9297099709510803e-02, e: 1.3258919119834900e-02
#ERR  p: [1125, 832], r: -6.6657841205596924e-02, e: 1.4903366565704346e-02
#ERR  p: [945, 848], r: 1.8136113882064819e-02, e: 1.8134057521820068e-02
#ERR  p: [1062, 832], r: -7.0989057421684265e-02, e: 1.5875428915023804e-02
#ERR  p: [378, 848], r: 6.2542593479156494e-01, e: 6.2495684623718262e-01
#ERR  p: [2040, 833], r: 5.9787034988403320e-03, e: 5.9757200069725513e-03
#ERR  p: [1143, 832], r: -6.5466091036796570e-02, e: 1.4640763401985168e-02
#ERR  p: [1215, 832], r: -6.0919284820556641e-02, e: 1.3621926307678223e-02
#ERR  p: [423, 848], r: 6.5359699726104736e-01, e: 6.5372902154922485e-01
#ERR  p: [603, 848], r: 7.8293645381927490e-01, e: 7.8276938199996948e-01
#ERR  p: [999, 848], r: 1.7168641090393066e-02, e: 1.7179697751998901e-02
#ERR  p: [387, 848], r: 6.3084453344345093e-01, e: 6.3065510988235474e-01
#ERR  p: [1188, 832], r: -6.2584564089775085e-02, e: 1.3996914029121399e-02
#ERR  p: [1071, 832], r: -7.0354163646697998e-02, e: 1.5732586383819580e-02
#ERR  p: [1107, 832], r: -6.7865729331970215e-02, e: 1.5176892280578613e-02
#ERR  p: [1341, 832], r: -5.3705334663391113e-02, e: 1.2010931968688965e-02
#ERR  p: [1350, 832], r: -5.3226694464683533e-02, e: 1.1901155114173889e-02
#ERR  p: [360, 848], r: 6.1384177207946777e-01, e: 6.1380302906036377e-01
#ERR  p: [1260, 832], r: -5.8237671852111816e-02, e: 1.3023734092712402e-02
#ERR  p: [504, 848], r: 7.0888251066207886e-01, e: 7.0897424221038818e-01
#ERR  p: [1368, 832], r: -5.2275002002716064e-02, e: 1.1691182851791382e-02
#ERR  p: [1728, 832], r: -3.6471806466579437e-02, e: 8.1560760736465454e-03
#ERR  p: [1395, 832], r: -5.0884023308753967e-02, e: 1.1378124356269836e-02
#ERR  p: [1593, 832], r: -4.1743189096450806e-02, e: 9.3351453542709351e-03
#ERR  p: [729, 848], r: 8.8794672489166260e-01, e: 8.8778489828109741e-01
#ERR  p: [1152, 832], r: -6.4879998564720154e-02, e: 1.4508143067359924e-02
#ERR  p: [927, 848], r: 1.8458724021911621e-02, e: 1.8463224172592163e-02
#ERR  p: [1764, 832], r: -3.5182289779186249e-02, e: 7.8675150871276855e-03
#ERR  p: [837, 848], r: 9.8915416002273560e-01, e: 9.8908364772796631e-01
#ERR  p: [756, 848], r: 9.1197711229324341e-01, e: 9.1220802068710327e-01
#ERR  p: [684, 848], r: 8.4873455762863159e-01, e: 8.4868758916854858e-01
#ERR  p: [1287, 832], r: -5.6685775518417358e-02, e: 1.2677341699600220e-02
#ERR  p: [1377, 832], r: -5.1807269454002380e-02, e: 1.1585846543312073e-02
#ERR  p: [1656, 832], r: -3.9194539189338684e-02, e: 8.7648034095764160e-03
#ERR  p: [810, 848], r: 9.6287924051284790e-01, e: 9.6272855997085571e-01
#ERR  p: [918, 848], r: 1.8628418445587158e-02, e: 1.8630981445312500e-02
#ERR  p: [513, 848], r: 7.1578621864318848e-01, e: 7.1532392501831055e-01
#ERR  p: [1314, 832], r: -5.5177077651023865e-02, e: 1.2338295578956604e-02
#ERR  p: [522, 848], r: 7.2097235918045044e-01, e: 7.2180527448654175e-01
#ERR  p: [594, 848], r: 7.7563357353210449e-01, e: 7.7577042579650879e-01
#ERR  p: [648, 848], r: 8.1823986768722534e-01, e: 8.1866121292114258e-01
#ERR  p: [702, 848], r: 8.6391794681549072e-01, e: 8.6407381296157837e-01
#ERR  p: [1296, 832], r: -5.6177362799644470e-02, e: 1.2564435601234436e-02
#ERR  p: [630, 848], r: 8.0388629436492920e-01, e: 8.0400079488754272e-01
#ERR  p: [1170, 832], r: -6.3722014427185059e-02, e: 1.4250934123992920e-02
#ERR  p: [621, 848], r: 7.9702359437942505e-01, e: 7.9695200920104980e-01
#ERR  p: [720, 848], r: 8.8017648458480835e-01, e: 8.7984836101531982e-01
#ERR  p: [1179, 832], r: -6.3149809837341309e-02, e: 1.4123499393463135e-02
#ERR  p: [1134, 832], r: -6.6059768199920654e-02, e: 1.4771282672882080e-02
#ERR  p: [585, 848], r: 7.6842236518859863e-01, e: 7.6874977350234985e-01
#ERR  p: [1323, 832], r: -5.4683685302734375e-02, e: 1.2226343154907227e-02
#ERR  p: [747, 848], r: 9.0403050184249878e-01, e: 9.0391713380813599e-01
#ERR  p: [819, 848], r: 9.7127544879913330e-01, e: 9.7133606672286987e-01
#ERR  p: [738, 848], r: 8.9621829986572266e-01, e: 8.9569187164306641e-01
#ERR  p: [1098, 832], r: -6.8479701876640320e-02, e: 1.5313461422920227e-02
#ERR  p: [792, 848], r: 9.4526356458663940e-01, e: 9.4547092914581299e-01
#ERR  p: [1422, 832], r: -4.9527853727340698e-02, e: 1.1075288057327271e-02
#ERR  p: [828, 848], r: 9.8036795854568481e-01, e: 9.8027545213699341e-01
#ERR  p: [1026, 848], r: 1.6719937324523926e-02, e: 1.6722291707992554e-02
#ERR  p: [1053, 848], r: 1.6277670860290527e-02, e: 1.6276419162750244e-02
#ERR  p: [1017, 848], r: 1.6865581274032593e-02, e: 1.6871988773345947e-02
#ERR  p: [855, 848], r: 1.9841879606246948e-02, e: 1.9842058420181274e-02
#ERR  p: [909, 848], r: 1.8793672323226929e-02, e: 1.8798649311065674e-02
#ERR  p: [1080, 832], r: -6.9723367691040039e-02, e: 1.5592813491821289e-02
#ERR  p: [936, 848], r: 1.8289983272552490e-02, e: 1.8296748399734497e-02
#ERR  p: [675, 848], r: 8.4091925621032715e-01, e: 8.4104716777801514e-01
#ERR  p: [990, 848], r: 1.7328143119812012e-02, e: 1.7333984375000000e-02
#ERR  p: [963, 848], r: 1.7805427312850952e-02, e: 1.7810374498367310e-02
#ERR  p: [882, 848], r: 1.9311368465423584e-02, e: 1.9311696290969849e-02
#ERR  p: [1701, 832], r: -3.7469163537025452e-02, e: 8.3796828985214233e-03
#ERR  p: [1404, 832], r: -5.0428912043571472e-02, e: 1.1275693774223328e-02
#ERR  p: [1332, 832], r: -5.4194509983062744e-02, e: 1.2116402387619019e-02
#ERR  p: [1431, 832], r: -4.9084097146987915e-02, e: 1.0976642370223999e-02
#ERR  p: [1359, 832], r: -5.2748873829841614e-02, e: 1.1795625090599060e-02
#ERR  p: [1485, 832], r: -4.6504482626914978e-02, e: 1.0398820042610168e-02
#ERR  p: [1476, 832], r: -4.6923980116844177e-02, e: 1.0493412613868713e-02
#ERR  p: [1458, 832], r: -4.7776654362678528e-02, e: 1.0683938860893250e-02
#ERR  p: [1521, 832], r: -4.4858321547508240e-02, e: 1.0032787919044495e-02
#ERR  p: [1008, 848], r: 1.7021000385284424e-02, e: 1.7023772001266479e-02
#ERR  p: [666, 848], r: 8.3353084325790405e-01, e: 8.3364945650100708e-01
#ERR  p: [1035, 848], r: 1.6573518514633179e-02, e: 1.6571223735809326e-02
#ERR  p: [1413, 832], r: -4.9975559115409851e-02, e: 1.1175915598869324e-02
#ERR  p: [1278, 832], r: -5.7199120521545410e-02, e: 1.2790918350219727e-02
#ERR  p: [432, 848], r: 6.5916520357131958e-01, e: 6.5961635112762451e-01
#ERR  p: [1044, 848], r: 1.6420781612396240e-02, e: 1.6422957181930542e-02
#ERR  p: [774, 848], r: 9.2808771133422852e-01, e: 9.2867428064346313e-01
#ERR  p: [1989, 833], r: 6.2914416193962097e-03, e: 6.2882332131266594e-03
#ERR  p: [864, 848], r: 1.9655197858810425e-02, e: 1.9664078950881958e-02
#ERR  p: [693, 848], r: 8.5589003562927246e-01, e: 8.5645574331283569e-01
#ERR  p: [891, 848], r: 1.9128024578094482e-02, e: 1.9137531518936157e-02
#ERR  p: [1629, 832], r: -4.0266588330268860e-02, e: 9.0049803256988525e-03
#ERR  p: [1494, 832], r: -4.6086460351943970e-02, e: 1.0307163000106812e-02
#ERR  p: [1557, 832], r: -4.3273895978927612e-02, e: 9.6766054630279541e-03
#ERR  p: [549, 848], r: 7.4252051115036011e-01, e: 7.4159461259841919e-01
#ERR  p: [639, 848], r: 8.1121784448623657e-01, e: 8.1129616498947144e-01
#ERR  p: [612, 848], r: 7.8980451822280884e-01, e: 7.8983289003372192e-01
#ERR  p: [531, 848], r: 7.2863280773162842e-01, e: 7.2838854789733887e-01
#ERR  p: [1638, 832], r: -3.9905861020088196e-02, e: 8.9244097471237183e-03
#ERR  p: [1647, 832], r: -3.9550200104713440e-02, e: 8.8430643081665039e-03
#ERR  p: [1674, 832], r: -3.8495376706123352e-02, e: 8.6083710193634033e-03
#ERR  p: [1620, 832], r: -4.0630996227264404e-02, e: 9.0863853693008423e-03
#ERR  p: [1566, 832], r: -4.2886555194854736e-02, e: 9.5887780189514160e-03
#ERR  p: [1530, 832], r: -4.4456586241722107e-02, e: 9.9427253007888794e-03
#ERR  p: [1512, 832], r: -4.5265987515449524e-02, e: 1.0121569037437439e-02
#ERR  p: [1611, 832], r: -4.0998473763465881e-02, e: 9.1681927442550659e-03
#ERR  p: [1584, 832], r: -4.2120859026908875e-02, e: 9.4195306301116943e-03
#ERR  p: [1539, 832], r: -4.4058218598365784e-02, e: 9.8539441823959351e-03
#ERR  p: [1602, 832], r: -4.1368857026100159e-02, e: 9.2518329620361328e-03
#ERR  p: [558, 848], r: 7.4857425689697266e-01, e: 7.4826914072036743e-01
#ERR  p: [567, 848], r: 7.5448322296142578e-01, e: 7.5499933958053589e-01
#ERR  p: [972, 848], r: 1.7643928527832031e-02, e: 1.7648875713348389e-02
#ERR  p: [540, 848], r: 7.3501825332641602e-01, e: 7.3500108718872070e-01
#ERR  p: [1719, 832], r: -3.6800637841224670e-02, e: 8.2307457923889160e-03
#ERR  p: [2032, 834], r: 6.0295164585113525e-03, e: 6.0302577912807465e-03
#ERR  p: [1692, 832], r: -3.7808164954185486e-02, e: 8.4553062915802002e-03
#ERR  p: [1710, 832], r: -3.7133723497390747e-02, e: 8.3045363426208496e-03
#ERR  p: [1683, 832], r: -3.8149386644363403e-02, e: 8.5323452949523926e-03
#ERR  p: [1665, 832], r: -3.8842603564262390e-02, e: 8.6866021156311035e-03
#ERR  p: [2024, 834], r: 6.0783140361309052e-03, e: 6.0790842399001122e-03
#ERR  p: [1440, 832], r: -4.8644408583641052e-02, e: 1.0878220200538635e-02
#ERR  p: [1575, 832], r: -4.2502149939537048e-02, e: 9.5029026269912720e-03
#ERR  p: [1467, 832], r: -4.7347620129585266e-02, e: 1.0589048266410828e-02
#ERR  p: [1926, 833], r: 6.7018643021583557e-03, e: 6.6986535675823689e-03
#ERR  p: [1548, 832], r: -4.3664693832397461e-02, e: 9.7649097442626953e-03
#ERR  p: [1998, 833], r: 6.2348805367946625e-03, e: 6.2318113632500172e-03
#ERR  p: [1791, 833], r: 7.6687000691890717e-03, e: 7.6649086549878120e-03
#ERR  p: [1962, 833], r: 6.4640920609235764e-03, e: 6.4610792323946953e-03
#ERR  p: [1827, 833], r: 7.3984749615192413e-03, e: 7.3948483914136887e-03
#ERR  p: [1953, 833], r: 6.5219476819038391e-03, e: 6.5189255401492119e-03
#ERR  p: [1872, 833], r: 7.0732347667217255e-03, e: 7.0695374161005020e-03
#ERR  p: [1890, 833], r: 6.9455932825803757e-03, e: 6.9426437839865685e-03
#ERR  p: [1503, 833], r: 1.0229062288999557e-02, e: 1.0223874822258949e-02
#ERR  p: [304, 851], r: -8.5238542556762695e+00, e: 5.7862383127212524e-01
#ERR  p: [324, 849], r: 5.9231859445571899e-01, e: 5.9153854846954346e-01
#ERR  p: [414, 849], r: 6.4730352163314819e-01, e: 6.4728266000747681e-01
#ERR  p: [1899, 833], r: 6.8837087601423264e-03, e: 6.8803606554865837e-03
#ERR  p: [1980, 833], r: 6.3482914119958878e-03, e: 6.3449470326304436e-03
#ERR  p: [2007, 833], r: 6.1796829104423523e-03, e: 6.1767529696226120e-03
#ERR  p: [396, 849], r: 6.3615548610687256e-01, e: 6.3567155599594116e-01
#ERR  p: [1944, 833], r: 6.5807625651359558e-03, e: 6.5776752308011055e-03
#ERR  p: [1818, 833], r: 7.4649564921855927e-03, e: 7.4611739255487919e-03
#ERR  p: [306, 851], r: 5.8001959323883057e-01, e: 5.7985544204711914e-01
#ERR  p: [585, 849], r: 7.6763111352920532e-01, e: 7.6792716979980469e-01
#ERR  p: [342, 849], r: 6.0175013542175293e-01, e: 6.0225468873977661e-01
#ERR  p: [1971, 833], r: 6.4057800918817520e-03, e: 6.4025996252894402e-03
#ERR  p: [333, 849], r: 5.9643131494522095e-01, e: 5.9682655334472656e-01
#ERR  p: [1809, 833], r: 7.5316578149795532e-03, e: 7.5283199548721313e-03
#ERR  p: [1782, 833], r: 7.7382028102874756e-03, e: 7.7343955636024475e-03
#ERR  p: [1908, 833], r: 6.8232193589210510e-03, e: 6.8199238739907742e-03
#ERR  p: [1800, 833], r: 7.6004937291145325e-03, e: 7.5966068543493748e-03
#ERR  p: [1917, 833], r: 6.7604575306177139e-03, e: 6.7575462162494659e-03
#ERR  p: [1935, 833], r: 6.6406857222318649e-03, e: 6.6374158486723900e-03
#ERR  p: [1881, 833], r: 7.0086345076560974e-03, e: 7.0051597431302071e-03
#ERR  p: [315, 851], r: 5.8568030595779419e-01, e: 5.8517557382583618e-01
#ERR  p: [1836, 833], r: 7.3313452303409576e-03, e: 7.3279254138469696e-03
#ERR  p: [1863, 833], r: 7.1361698210239410e-03, e: 7.1325595490634441e-03
#ERR  p: [1854, 833], r: 7.2010196745395660e-03, e: 7.1975491009652615e-03
#ERR  p: [441, 849], r: 6.6528463363647461e-01, e: 6.6493147611618042e-01
#ERR  p: [369, 849], r: 6.1848306655883789e-01, e: 6.1872774362564087e-01
#ERR  p: [1773, 833], r: 7.8078284859657288e-03, e: 7.8035267069935799e-03
#ERR  p: [981, 849], r: 1.7508206889033318e-02, e: 1.7507473006844521e-02
#ERR  p: [351, 849], r: 6.0785663127899170e-01, e: 6.0765236616134644e-01
#ERR  p: [2016, 834], r: 6.1276592314243317e-03, e: 6.1284648254513741e-03
#ERR  p: [477, 849], r: 6.8948215246200562e-01, e: 6.8939119577407837e-01
#ERR  p: [1386, 833], r: 1.1497355997562408e-02, e: 1.1492038145661354e-02
#ERR  p: [846, 849], r: 9.9659544229507446e-01, e: 9.9698472023010254e-01
#ERR  p: [1116, 833], r: 1.5061460435390472e-02, e: 1.5054402872920036e-02
#ERR  p: [576, 849], r: 7.6100665330886841e-01, e: 7.6111328601837158e-01
#ERR  p: [1755, 833], r: 7.9496502876281738e-03, e: 7.9457741230726242e-03
#ERR  p: [1251, 833], r: 1.3159029185771942e-02, e: 1.3153320178389549e-02
#ERR  p: [1746, 833], r: 8.0210492014884949e-03, e: 8.0173425376415253e-03
#ERR  p: [405, 849], r: 6.4103108644485474e-01, e: 6.4154165983200073e-01
#ERR  p: [1737, 833], r: 8.0935023725032806e-03, e: 8.0893058329820633e-03
#ERR  p: [486, 849], r: 6.9517678022384644e-01, e: 6.9551235437393188e-01
#ERR  p: [711, 849], r: 8.7065386772155762e-01, e: 8.7107288837432861e-01
#ERR  p: [1269, 833], r: 1.2925732880830765e-02, e: 1.2920294888317585e-02
#ERR  p: [1197, 833], r: 1.3890463858842850e-02, e: 1.3883303850889206e-02
#ERR  p: [1224, 833], r: 1.3520833104848862e-02, e: 1.3513926416635513e-02
#ERR  p: [1089, 833], r: 1.5474669635295868e-02, e: 1.5467284247279167e-02
#ERR  p: [1845, 834], r: 7.2701461613178253e-03, e: 7.2706388309597969e-03
#ERR  p: [801, 849], r: 9.5345693826675415e-01, e: 9.5318555831909180e-01
#ERR  p: [1161, 833], r: 1.4397643506526947e-02, e: 1.4390673488378525e-02
#ERR  p: [468, 849], r: 6.8249750137329102e-01, e: 6.8319314718246460e-01
#ERR  p: [1206, 833], r: 1.3766214251518250e-02, e: 1.3759332709014416e-02
#ERR  p: [873, 849], r: 1.9506437703967094e-02, e: 1.9507009536027908e-02
#ERR  p: [783, 849], r: 9.3594616651535034e-01, e: 9.3622660636901855e-01
#ERR  p: [495, 849], r: 7.0260238647460938e-01, e: 7.0183056592941284e-01
#ERR  p: [1215, 833], r: 1.3643614947795868e-02, e: 1.3636599294841290e-02
#ERR  p: [423, 849], r: 6.5293294191360474e-01, e: 6.5307426452636719e-01
#ERR  p: [999, 849], r: 1.7195923253893852e-02, e: 1.7194913700222969e-02
#ERR  p: [603, 849], r: 7.8213775157928467e-01, e: 7.8196698427200317e-01
#ERR  p: [900, 849], r: 1.8986726179718971e-02, e: 1.8987162038683891e-02
#ERR  p: [1107, 833], r: 1.5199460089206696e-02, e: 1.5191676095128059e-02
#ERR  p: [1350, 833], r: 1.1918172240257263e-02, e: 1.1912288144230843e-02
#ERR  p: [1260, 833], r: 1.3043411076068878e-02, e: 1.3036881573498249e-02
#ERR  p: [504, 849], r: 7.0806622505187988e-01, e: 7.0817661285400391e-01
#ERR  p: [1593, 833], r: 9.3474797904491425e-03, e: 9.3426881358027458e-03
#ERR  p: [1341, 833], r: 1.2026455253362656e-02, e: 1.2021106667816639e-02
#ERR  p: [1728, 833], r: 8.1674829125404358e-03, e: 8.1633264198899269e-03
#ERR  p: [1764, 833], r: 7.8781805932521820e-03, e: 7.8744888305664062e-03
#ERR  p: [756, 849], r: 9.1098916530609131e-01, e: 9.1126590967178345e-01
#ERR  p: [684, 849], r: 8.4784102439880371e-01, e: 8.4788805246353149e-01
#ERR  p: [1377, 833], r: 1.1601749807596207e-02, e: 1.1596201919019222e-02
#ERR  p: [1287, 833], r: 1.2693043798208237e-02, e: 1.2686703354120255e-02
#ERR  p: [918, 849], r: 1.8646506592631340e-02, e: 1.8645165488123894e-02
#ERR  p: [1449, 833], r: 1.0796040296554565e-02, e: 1.0790557600557804e-02
#ERR  p: [648, 849], r: 8.1740236282348633e-01, e: 8.1784015893936157e-01
#ERR  p: [765, 849], r: 9.1929990053176880e-01, e: 9.1922235488891602e-01
#ERR  p: [450, 849], r: 6.7138290405273438e-01, e: 6.7100143432617188e-01
#ERR  p: [1296, 833], r: 1.2580256909132004e-02, e: 1.2574068270623684e-02
#ERR  p: [630, 849], r: 8.0319344997406006e-01, e: 8.0334597826004028e-01
#ERR  p: [954, 849], r: 1.7988562583923340e-02, e: 1.7988331615924835e-02
#ERR  p: [657, 849], r: 8.2468026876449585e-01, e: 8.2524210214614868e-01
#ERR  p: [819, 849], r: 9.7025209665298462e-01, e: 9.7032481431961060e-01
#ERR  p: [792, 849], r: 9.4423359632492065e-01, e: 9.4459009170532227e-01
#ERR  p: [738, 849], r: 8.9533501863479614e-01, e: 8.9483392238616943e-01
#ERR  p: [828, 849], r: 9.7945886850357056e-01, e: 9.7926795482635498e-01
#ERR  p: [1422, 833], r: 1.1091854423284531e-02, e: 1.1086641810834408e-02
#ERR  p: [1098, 833], r: 1.5338107943534851e-02, e: 1.5330038033425808e-02
#ERR  p: [1323, 833], r: 1.2247346341609955e-02, e: 1.2241406366229057e-02
#ERR  p: [459, 849], r: 6.7674070596694946e-01, e: 6.7710095643997192e-01
#ERR  p: [855, 849], r: 1.9858004525303841e-02, e: 1.9858650863170624e-02
#ERR  p: [747, 849], r: 9.0313106775283813e-01, e: 9.0304380655288696e-01
#ERR  p: [1053, 849], r: 1.6292570158839226e-02, e: 1.6291957348585129e-02
#ERR  p: [1305, 833], r: 1.2469485402107239e-02, e: 1.2462979182600975e-02
#ERR  p: [1701, 833], r: 8.3908922970294952e-03, e: 8.3866287022829056e-03
#ERR  p: [675, 849], r: 8.4003341197967529e-01, e: 8.4028828144073486e-01
#ERR  p: [990, 849], r: 1.7350947484374046e-02, e: 1.7350269481539726e-02
#ERR  p: [963, 849], r: 1.7826391384005547e-02, e: 1.7826179042458534e-02
#ERR  p: [882, 849], r: 1.9329706206917763e-02, e: 1.9330149516463280e-02
#ERR  p: [1233, 833], r: 1.3397019356489182e-02, e: 1.3390824198722839e-02
#ERR  p: [1125, 833], r: 1.4929026365280151e-02, e: 1.4920495450496674e-02
#ERR  p: [1476, 833], r: 1.0508105158805847e-02, e: 1.0503166355192661e-02
#ERR  p: [945, 849], r: 1.8151469528675079e-02, e: 1.8151413649320602e-02
#ERR  p: [1242, 833], r: 1.3280197978019714e-02, e: 1.3273412361741066e-02
#ERR  p: [1431, 833], r: 1.0991003364324570e-02, e: 1.0985537432134151e-02
#ERR  p: [1521, 833], r: 1.0045967996120453e-02, e: 1.0041364468634129e-02
#ERR  p: [1359, 833], r: 1.1812016367912292e-02, e: 1.1806140653789043e-02
#ERR  p: [1008, 849], r: 1.7044903710484505e-02, e: 1.7043523490428925e-02
#ERR  p: [1458, 833], r: 1.0700702667236328e-02, e: 1.0695578530430794e-02
#ERR  p: [1485, 833], r: 1.0415159165859222e-02, e: 1.0409993119537830e-02
#ERR  p: [1062, 833], r: 1.5898741781711578e-02, e: 1.5891054645180702e-02
#ERR  p: [378, 849], r: 6.2485581636428833e-01, e: 6.2438637018203735e-01
#ERR  p: [2040, 834], r: 5.9818308800458908e-03, e: 5.9827500954270363e-03
#ERR  p: [1278, 833], r: 1.2808464467525482e-02, e: 1.2802573852241039e-02
#ERR  p: [1413, 833], r: 1.1191092431545258e-02, e: 1.1185930110514164e-02
#ERR  p: [1044, 849], r: 1.6440635547041893e-02, e: 1.6440926119685173e-02
#ERR  p: [1989, 834], r: 6.2952972948551178e-03, e: 6.2962044030427933e-03
#ERR  p: [1143, 833], r: 1.4661841094493866e-02, e: 1.4654272235929966e-02
#ERR  p: [1188, 833], r: 1.4015100896358490e-02, e: 1.4008141122758389e-02
#ERR  p: [387, 849], r: 6.3021337985992432e-01, e: 6.3002079725265503e-01
#ERR  p: [693, 849], r: 8.5493606328964233e-01, e: 8.5548311471939087e-01
#ERR  p: [1071, 833], r: 1.5754573047161102e-02, e: 1.5747142955660820e-02
#ERR  p: [1368, 833], r: 1.1707317084074020e-02, e: 1.1701425537467003e-02
#ERR  p: [360, 849], r: 6.1327272653579712e-01, e: 6.1323392391204834e-01
#ERR  p: [1494, 833], r: 1.0320823639631271e-02, e: 1.0315615683794022e-02
#ERR  p: [549, 849], r: 7.4181425571441650e-01, e: 7.4090218544006348e-01
#ERR  p: [612, 849], r: 7.8894430398941040e-01, e: 7.8892749547958374e-01
#ERR  p: [1395, 833], r: 1.1395309120416641e-02, e: 1.1390139348804951e-02
#ERR  p: [729, 849], r: 8.8710922002792358e-01, e: 8.8696604967117310e-01
#ERR  p: [927, 849], r: 1.8480058759450912e-02, e: 1.8478861078619957e-02
#ERR  p: [837, 849], r: 9.8801571130752563e-01, e: 9.8793631792068481e-01
#ERR  p: [1152, 833], r: 1.4529779553413391e-02, e: 1.4523200690746307e-02
#ERR  p: [1566, 833], r: 9.6047259867191315e-03, e: 9.6003804355859756e-03
#ERR  p: [1647, 833], r: 8.8571906089782715e-03, e: 8.8527249172329903e-03
#ERR  p: [1530, 833], r: 9.9555365741252899e-03, e: 9.9506098777055740e-03
#ERR  p: [1638, 833], r: 8.9370943605899811e-03, e: 8.9324302971363068e-03
#ERR  p: [810, 849], r: 9.6202898025512695e-01, e: 9.6186786890029907e-01
#ERR  p: [1314, 833], r: 1.2356288731098175e-02, e: 1.2350182048976421e-02
#ERR  p: [1656, 833], r: 8.7777599692344666e-03, e: 8.7734097614884377e-03
#ERR  p: [522, 849], r: 7.2022217512130737e-01, e: 7.2102528810501099e-01
#ERR  p: [513, 849], r: 7.1508890390396118e-01, e: 7.1459162235260010e-01
#ERR  p: [594, 849], r: 7.7485841512680054e-01, e: 7.7499538660049438e-01
#ERR  p: [972, 849], r: 1.7665583640336990e-02, e: 1.7666317522525787e-02
#ERR  p: [702, 849], r: 8.6303508281707764e-01, e: 8.6312973499298096e-01
#ERR  p: [567, 849], r: 7.5375634431838989e-01, e: 7.5427323579788208e-01
#ERR  p: [1719, 833], r: 8.2406252622604370e-03, e: 8.2365144044160843e-03
#ERR  p: [2032, 835], r: 6.0342848300933838e-03, e: 6.0359705239534378e-03
#ERR  p: [540, 849], r: 7.3422932624816895e-01, e: 7.3422634601593018e-01
#ERR  p: [1179, 833], r: 1.4141350984573364e-02, e: 1.4134602621197701e-02
#ERR  p: [621, 849], r: 7.9622632265090942e-01, e: 7.9610776901245117e-01
#ERR  p: [1170, 833], r: 1.4270417392253876e-02, e: 1.4262972399592400e-02
#ERR  p: [720, 849], r: 8.7939345836639404e-01, e: 8.7900120019912720e-01
#ERR  p: [2024, 835], r: 6.0840323567390442e-03, e: 6.0857571661472321e-03
#ERR  p: [1134, 833], r: 1.4795169234275818e-02, e: 1.4787785708904266e-02
#ERR  p: [1467, 833], r: 1.0602731257677078e-02, e: 1.0597607120871544e-02
#ERR  p: [1575, 833], r: 9.5184519886970520e-03, e: 9.5145162194967270e-03
#ERR  p: [1440, 833], r: 1.0893587023019791e-02, e: 1.0887845419347286e-02
#ERR  p: [1926, 834], r: 6.7035816609859467e-03, e: 6.7043816670775414e-03
#ERR  p: [1026, 849], r: 1.6737313941121101e-02, e: 1.6736427322030067e-02
#ERR  p: [909, 849], r: 1.8816109746694565e-02, e: 1.8815612420439720e-02
#ERR  p: [936, 849], r: 1.8315430730581284e-02, e: 1.8316343426704407e-02
#ERR  p: [1017, 849], r: 1.6888929530978203e-02, e: 1.6887366771697998e-02
#ERR  p: [1080, 833], r: 1.5612341463565826e-02, e: 1.5604249201714993e-02
#ERR  p: [1332, 833], r: 1.2136358767747879e-02, e: 1.2130561284720898e-02
#ERR  p: [1404, 833], r: 1.1292204260826111e-02, e: 1.1286826804280281e-02
#ERR  p: [666, 849], r: 8.3265072107315063e-01, e: 8.3280962705612183e-01
#ERR  p: [1035, 849], r: 1.6586713492870331e-02, e: 1.6587184742093086e-02
#ERR  p: [774, 849], r: 9.2742574214935303e-01, e: 9.2783039808273315e-01
#ERR  p: [432, 849], r: 6.5855365991592407e-01, e: 6.5899664163589478e-01
#ERR  p: [864, 849], r: 1.9680455327033997e-02, e: 1.9681042060256004e-02
#ERR  p: [1998, 834], r: 6.2384251505136490e-03, e: 6.2391962856054306e-03
#ERR  p: [891, 849], r: 1.9156003370881081e-02, e: 1.9156329333782196e-02
#ERR  p: [1557, 833], r: 9.6910409629344940e-03, e: 9.6865287050604820e-03
#ERR  p: [1629, 833], r: 9.0170875191688538e-03, e: 9.0125966817140579e-03
#ERR  p: [639, 849], r: 8.1051981449127197e-01, e: 8.1056827306747437e-01
#ERR  p: [531, 849], r: 7.2787261009216309e-01, e: 7.2765010595321655e-01
#ERR  p: [1620, 833], r: 9.0991742908954620e-03, e: 9.0945670381188393e-03
#ERR  p: [1674, 833], r: 8.6217820644378662e-03, e: 8.6173424497246742e-03
#ERR  p: [1512, 833], r: 1.0137405246496201e-02, e: 1.0132417082786560e-02
#ERR  p: [1611, 833], r: 9.1809928417205811e-03, e: 9.1762850061058998e-03
#ERR  p: [1584, 833], r: 9.4330273568630219e-03, e: 9.4281779602169991e-03
#ERR  p: [1539, 833], r: 9.8651498556137085e-03, e: 9.8603181540966034e-03
#ERR  p: [1602, 833], r: 9.2646107077598572e-03, e: 9.2595238238573074e-03
#ERR  p: [558, 849], r: 7.4783432483673096e-01, e: 7.4756205081939697e-01
#ERR  p: [1710, 833], r: 8.3153210580348969e-03, e: 8.3114290609955788e-03
#ERR  p: [1692, 833], r: 8.4677152335643768e-03, e: 8.4638260304927826e-03
#ERR  p: [1683, 833], r: 8.5445642471313477e-03, e: 8.5402643308043480e-03
#ERR  p: [1665, 833], r: 8.6986869573593140e-03, e: 8.6945267394185066e-03
#ERR  p: [1548, 833], r: 9.7786188125610352e-03, e: 9.7735868766903877e-03
#ERR  p: [1791, 834], r: 7.6739527285099030e-03, e: 7.6749268919229507e-03
#ERR  p: [1962, 834], r: 6.4657256007194519e-03, e: 6.4667584374547005e-03
#ERR  p: [1827, 834], r: 7.4009448289871216e-03, e: 7.4019329622387886e-03
#ERR  p: [1953, 834], r: 6.5257567912340164e-03, e: 6.5266406163573265e-03
#ERR  p: [1872, 834], r: 7.0744287222623825e-03, e: 7.0756431668996811e-03
#ERR  p: [1890, 834], r: 6.9498140364885330e-03, e: 6.9505665451288223e-03
#ERR  p: [1503, 834], r: 1.0233506560325623e-02, e: 1.0234991088509560e-02
#ERR  p: [304, 852], r: -8.5152988433837891e+00, e: 5.7806301116943359e-01
#ERR  p: [324, 850], r: 5.9168809652328491e-01, e: 5.9090989828109741e-01
#ERR  p: [414, 850], r: 6.4663982391357422e-01, e: 6.4661669731140137e-01
#ERR  p: [1899, 834], r: 6.8880785256624222e-03, e: 6.8890750408172607e-03
#ERR  p: [1980, 834], r: 6.3508599996566772e-03, e: 6.3522635027766228e-03
#ERR  p: [2007, 834], r: 6.1815641820430756e-03, e: 6.1824414879083633e-03
#ERR  p: [396, 850], r: 6.3552093505859375e-01, e: 6.3504070043563843e-01
#ERR  p: [1944, 834], r: 6.5843369811773300e-03, e: 6.5851910039782524e-03
#ERR  p: [1818, 834], r: 7.4679665267467499e-03, e: 7.4692834168672562e-03
#ERR  p: [306, 852], r: 5.7942742109298706e-01, e: 5.7926356792449951e-01
#ERR  p: [585, 850], r: 7.6699048280715942e-01, e: 7.6732307672500610e-01
#ERR  p: [342, 850], r: 6.0117959976196289e-01, e: 6.0168230533599854e-01
#ERR  p: [1971, 834], r: 6.4083337783813477e-03, e: 6.4090453088283539e-03
#ERR  p: [333, 850], r: 5.9582126140594482e-01, e: 5.9621429443359375e-01
#ERR  p: [1809, 834], r: 7.5360424816608429e-03, e: 7.5370818376541138e-03
#ERR  p: [1782, 834], r: 7.7425353229045868e-03, e: 7.7436603605747223e-03
#ERR  p: [1908, 834], r: 6.8257227540016174e-03, e: 6.8266745656728745e-03
#ERR  p: [1800, 834], r: 7.6042301952838898e-03, e: 7.6054194942116737e-03
#ERR  p: [1917, 834], r: 6.7648533731698990e-03, e: 6.7655267193913460e-03
#ERR  p: [1935, 834], r: 6.6430419683456421e-03, e: 6.6440477967262268e-03
#ERR  p: [1881, 834], r: 7.0122219622135162e-03, e: 7.0132017135620117e-03
#ERR  p: [315, 852], r: 5.8500140905380249e-01, e: 5.8449834585189819e-01
#ERR  p: [1836, 834], r: 7.3355212807655334e-03, e: 7.3366221040487289e-03
#ERR  p: [1863, 834], r: 7.1398224681615829e-03, e: 7.1407957002520561e-03
#ERR  p: [351, 850], r: 6.0723108053207397e-01, e: 6.0702753067016602e-01
#ERR  p: [1854, 834], r: 7.2041936218738556e-03, e: 7.2053996846079826e-03
#ERR  p: [441, 850], r: 6.6462236642837524e-01, e: 6.6425174474716187e-01
#ERR  p: [369, 850], r: 6.1787599325180054e-01, e: 6.1810809373855591e-01
#ERR  p: [1773, 834], r: 7.8116580843925476e-03, e: 7.8130830079317093e-03
#ERR  p: [981, 850], r: 1.7528422176837921e-02, e: 1.7528668045997620e-02
#ERR  p: [2016, 835], r: 6.1321528628468513e-03, e: 6.1337966471910477e-03
#ERR  p: [576, 850], r: 7.6013934612274170e-01, e: 7.6024967432022095e-01
#ERR  p: [846, 850], r: 9.9565279483795166e-01, e: 9.9599283933639526e-01
#ERR  p: [1116, 834], r: 1.5070304274559021e-02, e: 1.5072878450155258e-02
#ERR  p: [1251, 834], r: 1.3168156147003174e-02, e: 1.3169735670089722e-02
#ERR  p: [1746, 834], r: 8.0261547118425369e-03, e: 8.0269500613212585e-03
#ERR  p: [1755, 834], r: 7.9541020095348358e-03, e: 7.9547893255949020e-03
#ERR  p: [477, 850], r: 6.8875354528427124e-01, e: 6.8866848945617676e-01
#ERR  p: [1386, 834], r: 1.1504013091325760e-02, e: 1.1505410075187683e-02
#ERR  p: [1197, 834], r: 1.3895865529775620e-02, e: 1.3898059725761414e-02
#ERR  p: [405, 850], r: 6.4034080505371094e-01, e: 6.4084464311599731e-01
#ERR  p: [711, 850], r: 8.6984568834304810e-01, e: 8.7019348144531250e-01
#ERR  p: [1845, 835], r: 7.2752144187688828e-03, e: 7.2773452848196030e-03
#ERR  p: [486, 850], r: 6.9446051120758057e-01, e: 6.9478380680084229e-01
#ERR  p: [1737, 834], r: 8.0986805260181427e-03, e: 8.0998912453651428e-03
#ERR  p: [1224, 834], r: 1.3528816401958466e-02, e: 1.3530021533370018e-02
#ERR  p: [1269, 834], r: 1.2929774820804596e-02, e: 1.2931115925312042e-02
#ERR  p: [1089, 834], r: 1.5480376780033112e-02, e: 1.5482401475310326e-02
#ERR  p: [801, 850], r: 9.5244348049163818e-01, e: 9.5221817493438721e-01
#ERR  p: [1161, 834], r: 1.4406718313694000e-02, e: 1.4408903196454048e-02
#ERR  p: [468, 850], r: 6.8180269002914429e-01, e: 6.8248391151428223e-01
#ERR  p: [873, 850], r: 1.9527122378349304e-02, e: 1.9525513052940369e-02
#ERR  p: [1206, 834], r: 1.3771444559097290e-02, e: 1.3773556798696518e-02
#ERR  p: [783, 850], r: 9.3493622541427612e-01, e: 9.3519133329391479e-01
#ERR  p: [1215, 834], r: 1.3648346066474915e-02, e: 1.3651080429553986e-02
#ERR  p: [1764, 834], r: 7.8836232423782349e-03, e: 7.8843310475349426e-03
#ERR  p: [495, 850], r: 7.0193421840667725e-01, e: 7.0112210512161255e-01
#ERR  p: [603, 850], r: 7.8130620718002319e-01, e: 7.8111082315444946e-01
#ERR  p: [423, 850], r: 6.5225243568420410e-01, e: 6.5237402915954590e-01
#ERR  p: [999, 850], r: 1.7215475440025330e-02, e: 1.7216756939888000e-02
#ERR  p: [900, 850], r: 1.9006915390491486e-02, e: 1.9005056470632553e-02
#ERR  p: [657, 850], r: 8.2379060983657837e-01, e: 8.2441204786300659e-01
#ERR  p: [1107, 834], r: 1.5205997973680496e-02, e: 1.5208346769213676e-02
#ERR  p: [1260, 834], r: 1.3047277927398682e-02, e: 1.3049509376287460e-02
#ERR  p: [1350, 834], r: 1.1927027255296707e-02, e: 1.1928953230381012e-02
#ERR  p: [738, 850], r: 8.9430409669876099e-01, e: 8.9389544725418091e-01
#ERR  p: [504, 850], r: 7.0727646350860596e-01, e: 7.0739912986755371e-01
#ERR  p: [1593, 834], r: 9.3528106808662415e-03, e: 9.3542151153087616e-03
#ERR  p: [828, 850], r: 9.7840136289596558e-01, e: 9.7827160358428955e-01
#ERR  p: [1098, 834], r: 1.5340596437454224e-02, e: 1.5343964099884033e-02
#ERR  p: [1422, 834], r: 1.1098369956016541e-02, e: 1.1099491268396378e-02
#ERR  p: [1341, 834], r: 1.2033171951770782e-02, e: 1.2034742161631584e-02
#ERR  p: [1728, 834], r: 8.1719383597373962e-03, e: 8.1730596721172333e-03
#ERR  p: [756, 850], r: 9.1019773483276367e-01, e: 9.1050916910171509e-01
#ERR  p: [684, 850], r: 8.4709370136260986e-01, e: 8.4713399410247803e-01
#ERR  p: [1377, 834], r: 1.1608213186264038e-02, e: 1.1609800159931183e-02
#ERR  p: [1287, 834], r: 1.2701414525508881e-02, e: 1.2703612446784973e-02
#ERR  p: [1449, 834], r: 1.0802049189805984e-02, e: 1.0803908109664917e-02
#ERR  p: [1296, 834], r: 1.2588415294885635e-02, e: 1.2589741498231888e-02
#ERR  p: [918, 850], r: 1.8668174743652344e-02, e: 1.8667690455913544e-02
#ERR  p: [648, 850], r: 8.1663650274276733e-01, e: 8.1705188751220703e-01
#ERR  p: [765, 850], r: 9.1829836368560791e-01, e: 9.1837966442108154e-01
#ERR  p: [450, 850], r: 6.7072230577468872e-01, e: 6.7034381628036499e-01
#ERR  p: [954, 850], r: 1.8005758523941040e-02, e: 1.8005173653364182e-02
#ERR  p: [630, 850], r: 8.0236828327178955e-01, e: 8.0249243974685669e-01
#ERR  p: [819, 850], r: 9.6925425529479980e-01, e: 9.6944332122802734e-01
#ERR  p: [792, 850], r: 9.4335877895355225e-01, e: 9.4359296560287476e-01
#SDC Ite:0 KerTime:24.242734 AccTime:24.242734 KerErr:1785171 AccErr:1785171
#ABORT too many errors per iteration
#END