2016-10-22 22:08:01:Starting GDB script
2016-10-22 22:08:02:sending signal using command: 'ssh -T mic0 killall -2 hotspot_check' after 0.279091787368s
2016-10-22 22:08:02:shell stdout: 
2016-10-22 22:08:03:sending signal using command: 'ssh -T mic0 killall -2 hotspot_check' after 0.87762371809s
2016-10-22 22:08:03:shell stdout: 
2016-10-22 22:08:03:sending signal using command: 'ssh -T mic0 killall -2 hotspot_check' after 1.17682569734s
2016-10-22 22:08:03:shell stdout: 
2016-10-22 22:08:04:sending signal using command: 'ssh -T mic0 killall -2 hotspot_check' after 2.15955549082s
2016-10-22 22:08:04:shell stdout: 
2016-10-22 22:08:04:sending signal using command: 'ssh -T mic0 killall -2 hotspot_check' after 2.69114635555s
2016-10-22 22:08:04:shell stdout: 
2016-10-22 22:08:08:sending signal using command: 'ssh -T mic0 killall -2 hotspot_check' after 6.14446415646s
2016-10-22 22:08:08:shell stdout: 
2016-10-22 22:08:12:sending signal using command: 'ssh -T mic0 killall -2 hotspot_check' after 9.84311756024s
2016-10-22 22:08:12:shell stdout: 
2016-10-22 22:08:14:sending signal using command: 'ssh -T mic0 killall -2 hotspot_check' after 12.5788442545s
2016-10-22 22:08:14:shell stdout: 
2016-10-22 22:08:15:sending signal using command: 'ssh -T mic0 killall -2 hotspot_check' after 12.8603663314s
2016-10-22 22:08:15:shell stdout: 
2016-10-22 22:08:17:sending signal using command: 'ssh -T mic0 killall -2 hotspot_check' after 14.9723021367s
2016-10-22 22:08:17:shell stdout: 
2016-10-22 22:08:22:no gdbExecName running, out:
2016-10-22 22:08:22:checCmd:ps -e | grep -i gdb-mic
2016-10-22 22:08:22:finished now-timestampStart < maxWaitTime*5
2016-10-22 22:08:22:now: 1477188501
2016-10-22 22:08:22:timestampStart: 1477188481
2016-10-22 22:08:22:kill cmd: killall -9 gdb-mic
2016-10-22 22:08:22:shell stdout: 
2016-10-22 22:08:22:kill cmd: ssh -T mic0 killall -9 hotspot_check
2016-10-22 22:08:22:shell stdout: 
2016-10-22 22:08:22:kill cmd: ssh -T mic0 killall -9 gdbserver
2016-10-22 22:08:22:shell stdout: 
