2017-01-17 08:57:12:Starting GDB script
2017-01-17 08:57:12:initSignal:21.0
2017-01-17 08:57:12:endSignal:28.0
2017-01-17 08:57:12:seqSignal:15
2017-01-17 08:57:33:sending 15 signals using command: 'ssh -T mic1 killall -2 dgemm_check' after 21.3767931682s
2017-01-17 08:57:34:shell stdout: 
2017-01-17 08:57:34:shell stdout: 
2017-01-17 08:57:35:shell stdout: 
2017-01-17 08:57:35:sending 15 signals using command: 'ssh -T mic1 killall -2 dgemm_check' after 23.3259460156s
2017-01-17 08:57:35:shell stdout: 
2017-01-17 08:57:35:shell stdout: 
2017-01-17 08:57:35:shell stdout: 
2017-01-17 08:57:36:shell stdout: 
2017-01-17 08:57:36:shell stdout: 
2017-01-17 08:57:36:sending 15 signals using command: 'ssh -T mic1 killall -2 dgemm_check' after 24.4508080757s
2017-01-17 08:57:36:shell stdout: 
2017-01-17 08:57:36:shell stdout: 
2017-01-17 08:57:37:shell stdout: 
2017-01-17 08:57:37:shell stdout: 
2017-01-17 08:57:37:shell stdout: 
2017-01-17 08:57:37:shell stdout: 
2017-01-17 08:57:37:shell stdout: 
2017-01-17 08:57:37:shell stdout: 
2017-01-17 08:57:37:shell stdout: 
2017-01-17 08:57:38:shell stdout: 
2017-01-17 08:57:38:shell stdout: 
2017-01-17 08:57:38:shell stdout: 
2017-01-17 08:57:38:shell stdout: 
2017-01-17 08:57:38:shell stdout: 
2017-01-17 08:57:38:shell stdout: 
2017-01-17 08:57:38:shell stdout: 
2017-01-17 08:57:38:shell stdout: 
2017-01-17 08:57:39:shell stdout: 
2017-01-17 08:57:39:shell stdout: 
2017-01-17 08:57:39:shell stdout: 
2017-01-17 08:57:39:shell stdout: 
2017-01-17 08:57:39:shell stdout: 
2017-01-17 08:57:39:shell stdout: 
2017-01-17 08:57:40:shell stdout: 
2017-01-17 08:57:40:shell stdout: 
2017-01-17 08:57:40:shell stdout: 
2017-01-17 08:57:40:shell stdout: 
2017-01-17 08:57:40:shell stdout: 
2017-01-17 08:57:40:shell stdout: 
2017-01-17 08:57:41:shell stdout: 
2017-01-17 08:57:41:shell stdout: 
2017-01-17 08:57:41:shell stdout: 
2017-01-17 08:57:41:shell stdout: 
2017-01-17 08:57:41:shell stdout: 
2017-01-17 08:57:42:shell stdout: 
2017-01-17 08:57:42:shell stdout: 
2017-01-17 08:57:43:shell stdout: 
2017-01-17 08:59:24:no gdbExecName running, out:
2017-01-17 08:59:24:checCmd:ps -e | grep -i gdb-mic
2017-01-17 08:59:24:finished now-timestampStart < maxWaitTime*5
2017-01-17 08:59:24:now: 1484661555
2017-01-17 08:59:24:timestampStart: 1484661432
2017-01-17 08:59:24:kill cmd: killall -9 gdb-mic
2017-01-17 08:59:24:shell stdout: 
2017-01-17 08:59:25:kill cmd: ssh -T mic1 killall -9 dgemm_check
2017-01-17 08:59:25:shell stdout: 
2017-01-17 08:59:25:kill cmd: ssh -T mic1 killall -9 gdbserver
2017-01-17 08:59:25:shell stdout: 
2017-01-17 08:59:25:kill cmd: ssh -T mic1 killall -9 sshd
2017-01-17 08:59:25:shell stdout: 
