[INFO -- 2017-02-26 04:03:52]
Starting GDB script
[INFO -- 2017-02-26 04:03:52]
initSignal:0.0
[INFO -- 2017-02-26 04:03:52]
endSignal:2.0
[INFO -- 2017-02-26 04:03:52]
seqSignal:30
[INFO -- 2017-02-26 04:03:52]
sending 30 signals using command: 'ssh -T mic1 killall -2 lud_check' after 0.0399761227038s
[INFO -- 2017-02-26 04:03:52]
shell stdout: 
[INFO -- 2017-02-26 04:03:53]
shell stdout: 
[INFO -- 2017-02-26 04:03:53]
shell stdout: 
[INFO -- 2017-02-26 04:03:53]
sending 30 signals using command: 'ssh -T mic1 killall -2 lud_check' after 1.39275098445s
[INFO -- 2017-02-26 04:03:53]
sending 30 signals using command: 'ssh -T mic1 killall -2 lud_check' after 1.42151213377s
[INFO -- 2017-02-26 04:03:53]
shell stdout: 
[INFO -- 2017-02-26 04:03:54]
shell stdout: 
[INFO -- 2017-02-26 04:03:54]
shell stdout: 
[INFO -- 2017-02-26 04:03:54]
shell stdout: 
[INFO -- 2017-02-26 04:03:54]
shell stdout: 
[INFO -- 2017-02-26 04:03:54]
shell stdout: 
[INFO -- 2017-02-26 04:03:54]
shell stdout: 
[INFO -- 2017-02-26 04:03:55]
shell stdout: 
[INFO -- 2017-02-26 04:03:55]
shell stdout: 
[INFO -- 2017-02-26 04:03:55]
shell stdout: 
[INFO -- 2017-02-26 04:03:55]
shell stdout: 
[INFO -- 2017-02-26 04:03:56]
shell stdout: 
[INFO -- 2017-02-26 04:03:56]
shell stdout: 
[INFO -- 2017-02-26 04:03:56]
shell stdout: 
[INFO -- 2017-02-26 04:03:56]
shell stdout: 
[INFO -- 2017-02-26 04:03:56]
shell stdout: 
[INFO -- 2017-02-26 04:03:57]
shell stdout: 
[INFO -- 2017-02-26 04:03:57]
shell stdout: 
[INFO -- 2017-02-26 04:03:57]
shell stdout: 
[INFO -- 2017-02-26 04:03:58]
shell stdout: 
[INFO -- 2017-02-26 04:03:58]
shell stdout: 
[INFO -- 2017-02-26 04:03:58]
shell stdout: 
[INFO -- 2017-02-26 04:03:58]
shell stdout: 
[INFO -- 2017-02-26 04:03:58]
shell stdout: 
[INFO -- 2017-02-26 04:03:58]
shell stdout: 
[INFO -- 2017-02-26 04:03:59]
shell stdout: 
[INFO -- 2017-02-26 04:03:59]
shell stdout: 
[INFO -- 2017-02-26 04:03:59]
shell stdout: 
[INFO -- 2017-02-26 04:04:00]
shell stdout: 
[INFO -- 2017-02-26 04:04:00]
shell stdout: 
[INFO -- 2017-02-26 04:04:00]
shell stdout: 
[INFO -- 2017-02-26 04:04:01]
shell stdout: 
[INFO -- 2017-02-26 04:04:01]
shell stdout: 
[INFO -- 2017-02-26 04:04:01]
shell stdout: 
[INFO -- 2017-02-26 04:04:02]
shell stdout: 
[INFO -- 2017-02-26 04:04:02]
shell stdout: 
[INFO -- 2017-02-26 04:04:02]
shell stdout: 
[INFO -- 2017-02-26 04:04:02]
shell stdout: 
[INFO -- 2017-02-26 04:04:02]
shell stdout: 
[INFO -- 2017-02-26 04:04:02]
shell stdout: 
[INFO -- 2017-02-26 04:04:03]
shell stdout: 
[INFO -- 2017-02-26 04:04:03]
shell stdout: 
[INFO -- 2017-02-26 04:04:03]
shell stdout: 
[INFO -- 2017-02-26 04:04:04]
shell stdout: 
[INFO -- 2017-02-26 04:04:04]
shell stdout: 
[INFO -- 2017-02-26 04:04:04]
shell stdout: 
[INFO -- 2017-02-26 04:04:05]
shell stdout: 
[INFO -- 2017-02-26 04:04:05]
shell stdout: 
[INFO -- 2017-02-26 04:04:05]
shell stdout: 
[INFO -- 2017-02-26 04:04:05]
shell stdout: 
[INFO -- 2017-02-26 04:04:06]
shell stdout: 
[INFO -- 2017-02-26 04:04:06]
shell stdout: 
[INFO -- 2017-02-26 04:04:06]
shell stdout: 
[INFO -- 2017-02-26 04:04:06]
shell stdout: 
[INFO -- 2017-02-26 04:04:06]
shell stdout: 
[INFO -- 2017-02-26 04:04:07]
shell stdout: 
[INFO -- 2017-02-26 04:04:07]
shell stdout: 
[INFO -- 2017-02-26 04:04:07]
shell stdout: 
[INFO -- 2017-02-26 04:04:08]
shell stdout: 
[INFO -- 2017-02-26 04:04:08]
shell stdout: 
[INFO -- 2017-02-26 04:04:08]
shell stdout: 
[INFO -- 2017-02-26 04:04:08]
shell stdout: 
[INFO -- 2017-02-26 04:04:08]
shell stdout: 
[INFO -- 2017-02-26 04:04:08]
shell stdout: 
[INFO -- 2017-02-26 04:04:08]
shell stdout: 
[INFO -- 2017-02-26 04:04:08]
shell stdout: 
[INFO -- 2017-02-26 04:04:08]
shell stdout: 
[INFO -- 2017-02-26 04:04:09]
shell stdout: 
[INFO -- 2017-02-26 04:04:09]
shell stdout: 
[INFO -- 2017-02-26 04:04:09]
shell stdout: 
[INFO -- 2017-02-26 04:04:09]
shell stdout: 
[INFO -- 2017-02-26 04:04:09]
shell stdout: 
[INFO -- 2017-02-26 04:04:09]
shell stdout: 
[INFO -- 2017-02-26 04:04:10]
shell stdout: 
[INFO -- 2017-02-26 04:04:10]
shell stdout: 
[INFO -- 2017-02-26 04:04:10]
shell stdout: 
[INFO -- 2017-02-26 04:04:10]
shell stdout: 
[INFO -- 2017-02-26 04:04:10]
shell stdout: 
[INFO -- 2017-02-26 04:04:10]
shell stdout: 
[INFO -- 2017-02-26 04:04:10]
shell stdout: 
[INFO -- 2017-02-26 04:04:10]
shell stdout: 
[INFO -- 2017-02-26 04:04:11]
shell stdout: 
[INFO -- 2017-02-26 04:04:11]
shell stdout: 
[INFO -- 2017-02-26 04:04:11]
shell stdout: 
[INFO -- 2017-02-26 04:04:11]
shell stdout: 
[INFO -- 2017-02-26 04:04:12]
shell stdout: 
[INFO -- 2017-02-26 04:04:12]
shell stdout: 
[INFO -- 2017-02-26 04:04:23]
no gdbExecName running, out:
[INFO -- 2017-02-26 04:04:23]
checCmd:ps -e | grep -i gdb-mic
[INFO -- 2017-02-26 04:04:23]
finished now-timestampStart < maxWaitTime*5
[INFO -- 2017-02-26 04:04:23]
now: 1488099862
[INFO -- 2017-02-26 04:04:23]
timestampStart: 1488099832
[INFO -- 2017-02-26 04:04:23]
kill cmd: killall -9 gdb-mic
[INFO -- 2017-02-26 04:04:23]
shell stdout: 
[INFO -- 2017-02-26 04:04:24]
kill cmd: ssh -T mic1 killall -9 lud_check
[INFO -- 2017-02-26 04:04:24]
shell stdout: 
[INFO -- 2017-02-26 04:04:24]
kill cmd: ssh -T mic1 killall -9 gdbserver
[INFO -- 2017-02-26 04:04:24]
shell stdout: 
[INFO -- 2017-02-26 04:04:24]
kill cmd: ssh -T mic1 killall -9 sshd
[INFO -- 2017-02-26 04:04:24]
shell stdout: 
