2016-10-14 07:19:10:Starting GDB script
2016-10-14 07:19:12:sending signal using command: 'ssh -T mic0 killall -2 needle_check' after 2.59685859014s
2016-10-14 07:19:12:shell stdout: 
2016-10-14 07:19:13:sending signal using command: 'ssh -T mic0 killall -2 needle_check' after 2.65704136981s
2016-10-14 07:19:13:shell stdout: 
2016-10-14 07:19:13:sending signal using command: 'ssh -T mic0 killall -2 needle_check' after 2.80844219898s
2016-10-14 07:19:13:shell stdout: 
2016-10-14 07:19:14:sending signal using command: 'ssh -T mic0 killall -2 needle_check' after 3.63777417624s
2016-10-14 07:19:14:shell stdout: 
2016-10-14 07:19:16:sending signal using command: 'ssh -T mic0 killall -2 needle_check' after 6.58857188974s
2016-10-14 07:19:16:shell stdout: 
2016-10-14 07:19:17:sending signal using command: 'ssh -T mic0 killall -2 needle_check' after 6.75963555065s
2016-10-14 07:19:17:shell stdout: 
2016-10-14 07:19:19:sending signal using command: 'ssh -T mic0 killall -2 needle_check' after 7.7486859041s
2016-10-14 07:19:19:shell stdout: 
2016-10-14 07:19:21:sending signal using command: 'ssh -T mic0 killall -2 needle_check' after 10.9171664871s
2016-10-14 07:19:21:shell stdout: 
2016-10-14 07:19:21:sending signal using command: 'ssh -T mic0 killall -2 needle_check' after 11.2750972534s
2016-10-14 07:19:21:shell stdout: 
2016-10-14 07:19:23:sending signal using command: 'ssh -T mic0 killall -2 needle_check' after 12.8130296039s
2016-10-14 07:19:23:shell stdout: 
2016-10-14 07:19:47:no gdbExecName running, out:
2016-10-14 07:19:47:checCmd:ps -e | grep -i gdb-mic
2016-10-14 07:19:47:finished now-timestampStart < maxWaitTime*5
2016-10-14 07:19:47:now: 1476443986
2016-10-14 07:19:47:timestampStart: 1476443950
2016-10-14 07:19:47:kill cmd: killall -9 gdb-mic
2016-10-14 07:19:47:shell stdout: 
2016-10-14 07:19:48:kill cmd: ssh -T mic0 killall -9 needle_check
2016-10-14 07:19:48:shell stdout: 
2016-10-14 07:19:48:kill cmd: ssh -T mic0 killall -9 gdbserver
2016-10-14 07:19:48:shell stdout: 
2016-10-14 07:19:48:kill cmd: ssh -T mic0 killall -9 sshd
2016-10-14 07:19:48:shell stdout: 
