[INFO -- 2017-02-27 18:22:02]
Starting GDB script
[INFO -- 2017-02-27 18:22:02]
initSignal:10.0
[INFO -- 2017-02-27 18:22:02]
endSignal:15.0
[INFO -- 2017-02-27 18:22:02]
seqSignal:20
[INFO -- 2017-02-27 18:22:13]
sending 20 signals using command: 'ssh -T mic0 killall -2 clamr_openmponly' after 11.0768442121s
[INFO -- 2017-02-27 18:22:14]
shell stdout: 
[INFO -- 2017-02-27 18:22:14]
shell stdout: 
[INFO -- 2017-02-27 18:22:14]
shell stdout: 
[INFO -- 2017-02-27 18:22:15]
shell stdout: 
[INFO -- 2017-02-27 18:22:15]
shell stdout: 
[INFO -- 2017-02-27 18:22:15]
sending 20 signals using command: 'ssh -T mic0 killall -2 clamr_openmponly' after 13.7080119591s
[INFO -- 2017-02-27 18:22:16]
shell stdout: 
[INFO -- 2017-02-27 18:22:16]
shell stdout: 
[INFO -- 2017-02-27 18:22:16]
shell stdout: 
[INFO -- 2017-02-27 18:22:16]
shell stdout: 
[INFO -- 2017-02-27 18:22:16]
shell stdout: 
[INFO -- 2017-02-27 18:22:17]
shell stdout: 
[INFO -- 2017-02-27 18:22:17]
shell stdout: 
[INFO -- 2017-02-27 18:22:17]
shell stdout: 
[INFO -- 2017-02-27 18:22:17]
shell stdout: 
[INFO -- 2017-02-27 18:22:17]
shell stdout: 
[INFO -- 2017-02-27 18:22:18]
shell stdout: 
[INFO -- 2017-02-27 18:22:18]
shell stdout: 
[INFO -- 2017-02-27 18:22:18]
shell stdout: 
[INFO -- 2017-02-27 18:22:18]
shell stdout: 
[INFO -- 2017-02-27 18:22:19]
shell stdout: 
[INFO -- 2017-02-27 18:22:19]
shell stdout: 
[INFO -- 2017-02-27 18:22:19]
shell stdout: 
[INFO -- 2017-02-27 18:22:19]
shell stdout: 
[INFO -- 2017-02-27 18:22:19]
shell stdout: 
[INFO -- 2017-02-27 18:22:19]
shell stdout: 
[INFO -- 2017-02-27 18:22:20]
shell stdout: 
[INFO -- 2017-02-27 18:22:20]
shell stdout: 
[INFO -- 2017-02-27 18:22:20]
shell stdout: 
[INFO -- 2017-02-27 18:22:20]
shell stdout: 
[INFO -- 2017-02-27 18:22:21]
shell stdout: 
[INFO -- 2017-02-27 18:22:21]
shell stdout: 
[INFO -- 2017-02-27 18:22:21]
shell stdout: 
[INFO -- 2017-02-27 18:22:21]
shell stdout: 
[INFO -- 2017-02-27 18:22:22]
shell stdout: 
[INFO -- 2017-02-27 18:22:22]
shell stdout: 
[INFO -- 2017-02-27 18:22:22]
shell stdout: 
[INFO -- 2017-02-27 18:22:22]
shell stdout: 
[INFO -- 2017-02-27 18:22:23]
shell stdout: 
[INFO -- 2017-02-27 18:22:23]
shell stdout: 
[INFO -- 2017-02-27 18:22:24]
shell stdout: 
[INFO -- 2017-02-27 18:23:22]
no gdbExecName running, out:
[INFO -- 2017-02-27 18:23:22]
checCmd:ps -e | grep -i gdb-mic
[INFO -- 2017-02-27 18:23:22]
finished now-timestampStart < maxWaitTime*5
[INFO -- 2017-02-27 18:23:22]
now: 1488237793
[INFO -- 2017-02-27 18:23:22]
timestampStart: 1488237722
[INFO -- 2017-02-27 18:23:22]
kill cmd: killall -9 gdb-mic
[INFO -- 2017-02-27 18:23:22]
shell stdout: 
[INFO -- 2017-02-27 18:23:22]
kill cmd: ssh -T mic0 killall -9 clamr_openmponly
[INFO -- 2017-02-27 18:23:22]
shell stdout: 
[INFO -- 2017-02-27 18:23:23]
kill cmd: ssh -T mic0 killall -9 gdbserver
[INFO -- 2017-02-27 18:23:23]
shell stdout: 
[INFO -- 2017-02-27 18:23:23]
kill cmd: ssh -T mic0 killall -9 sshd
[INFO -- 2017-02-27 18:23:23]
shell stdout: 
