2017-03-01 16:12:37:Starting flip_value script
2017-03-01 16:12:37:Initialization strings:
2017-03-01 16:12:37:(1) target extended-remote | ssh -T mic0 gdbserver --multi -
2017-03-01 16:12:37:(2) set sysroot /opt/mpss/3.7/sysroots/k1om-mpss-linux/
2017-03-01 16:12:37:(3) set sysroot /opt/mpss/3.7/sysroots/k1om-mpss-linux/
2017-03-01 16:12:37:(4) file /micNfs/gdb-fault-injection/injector/bin/dgemm/dgemm_check
2017-03-01 16:12:37:(5) set remote exec-file /micNfs/gdb-fault-injection/injector/bin/dgemm/dgemm_check
2017-03-01 16:12:37:(6) set args 228 2048 16 /micNfs/gdb-fault-injection/injector/bin/dgemm/dgemm_a_8192 /micNfs/gdb-fault-injection/injector/bin/dgemm/dgemm_b_8192 /micNfs/gdb-fault-injection/injector/bin/dgemm/gold_2048_m-order_228_ths_16_blocks 1
2017-03-01 16:12:37:initSignal:0
2017-03-01 16:12:37:endSignal:7
2017-03-01 16:12:37:seqSignal:15
2017-03-01 16:12:41:Backtrace BEGIN:
2017-03-01 16:12:41:#0  0x00007ffff71388b3 in __GI__IO_fread (buf=0x7ffff0582508, size=1, count=8, fp=0x6071c0) at iofread.c:41
#1  0x0000000000403d42 in read_gold (gold=0x7fffeecc9040, fileGold=0x7fffffffee78 "/micNfs/gdb-fault-injection/injector/bin/dgemm/gold_2048_m-order_228_ths_16_blocks", order=2048) at dgemm.c:266
#2  0x00000000004041e3 in main (argc=8, argv=0x7fffffffebf0) at dgemm.c:329

2017-03-01 16:12:41:36	in iofread.c

2017-03-01 16:12:41:Backtrace END
2017-03-01 16:12:41:Type: The type is a pointer.
2017-03-01 16:12:41:Type sizeof: 8
2017-03-01 16:12:41:Fliping a bit of the value pointed by a pointer
2017-03-01 16:12:41:Type: A floating point type.
2017-03-01 16:12:41:Type sizeof: 8
2017-03-01 16:12:41:Mem contents(hex):0x280x0b0xae0x4b0x3c0x480x130x47
2017-03-01 16:12:41:Fault Mode: Random bit-flip
2017-03-01 16:12:41:base address to flip value: 0x7fffeecc9040
2017-03-01 16:12:41:address max offset: 8
2017-03-01 16:12:41:Memory content before bitflip:0x280x0b0xae0x4b0x3c0x480x130x47
2017-03-01 16:12:41:Backtrace BEGIN:
2017-03-01 16:12:41:#0  __GI___xstat (vers=<optimized out>, name=0x6069c0 <full_log_file_name> "/micNfs/carol/logs/2017_03_01_21_08_05_openmpDGEMM_mic0-mic0.ece.neu.edu.log", buf=0x7fffffffe648) at ../sysdeps/unix/sysv/linux/wordsize-64/xstat.c:35
#1  0x0000000000401e9f in start_log_file (benchmark_name=0x405830 "openmpDGEMM", test_info=0x7fffffffe7e8 "matrix_dim:2048 threads:228 block_size:16 block_offset:12") at ../include/log_helper.c:253
#2  0x0000000000404320 in main (argc=8, argv=0x7fffffffebf0) at dgemm.c:343

2017-03-01 16:12:41:30	in ../sysdeps/unix/sysv/linux/wordsize-64/xstat.c

2017-03-01 16:12:41:Backtrace END
2017-03-01 16:12:41:Type: The type is an integer type.
2017-03-01 16:12:41:Type sizeof: 4
2017-03-01 16:12:41:Mem contents(hex):0x080x000x000x00
2017-03-01 16:12:41:Fault Mode: Random bit-flip
2017-03-01 16:12:41:base address to flip value: 0x7fffffffe940
2017-03-01 16:12:41:address max offset: 4
2017-03-01 16:12:41:Memory content before bitflip:0x080x000x000x00
2017-03-01 16:12:42:Backtrace BEGIN:
2017-03-01 16:12:42:#0  0x000000000040440b in main (argc=8, argv=0x7fffffffebf0) at dgemm.c:367

2017-03-01 16:12:42:362	            }
363	        }
364	#endif
365	
366	        for(j = 0; j < order; j++) for(i = 0; i < order; i++) {
367	                C[i*order+j] = 0;
368	            }
369	
370	#ifdef TIMING
371	        kernel_start = timing_get_time();

2017-03-01 16:12:42:Backtrace END
2017-03-01 16:12:42:Type: The type is an integer type.
2017-03-01 16:12:42:Type sizeof: 4
2017-03-01 16:12:42:Mem contents(hex):0xe40x000x000x00
2017-03-01 16:12:42:Fault Mode: Random bit-flip
2017-03-01 16:12:42:base address to flip value: 0x7fffffffe8f4
2017-03-01 16:12:42:address max offset: 4
2017-03-01 16:12:42:Memory content before bitflip:0xe40x000x000x00
2017-03-01 16:12:42:Backtrace BEGIN:
2017-03-01 16:12:42:#0  0x000000000040440b in main (argc=8, argv=0x7fffffffebf0) at dgemm.c:367

2017-03-01 16:12:42:362	            }
363	        }
364	#endif
365	
366	        for(j = 0; j < order; j++) for(i = 0; i < order; i++) {
367	                C[i*order+j] = 0;
368	            }
369	
370	#ifdef TIMING
371	        kernel_start = timing_get_time();

2017-03-01 16:12:42:Backtrace END
2017-03-01 16:12:42:Type: The type is a pointer.
2017-03-01 16:12:42:Type sizeof: 8
2017-03-01 16:12:42:Fliping a bit of the value pointed by a pointer
2017-03-01 16:12:42:Type: A floating point type.
2017-03-01 16:12:42:Type sizeof: 8
2017-03-01 16:12:42:Mem contents(hex):0x600xb20xd50x850xaf0xe70x160x43
2017-03-01 16:12:42:Fault Mode: Single bit-flip
2017-03-01 16:12:42:base address to flip value: 0x7ffff4ccc040
2017-03-01 16:12:42:address max offset: 8
2017-03-01 16:12:42:Memory content before bitflip:0x600xb20xd50x850xaf0xe70x160x43
2017-03-01 16:12:42:Memory content after  bitflip:0x600xb20xd50x850xab0xe70x160x43
2017-03-01 16:12:42:Mem contents(hex):0x600xb20xd50x850xab0xe70x160x43
2017-03-01 16:12:42:frame name: main
2017-03-01 16:12:42:symbol name: A
2017-03-01 16:12:42:symbol filename: dgemm.c
2017-03-01 16:12:42:symbol line: 280
2017-03-01 16:12:42:value: 0x7ffff4ccc040
2017-03-01 16:12:42:value address: 0x606b48 <A.1136>
2017-03-01 16:12:42:Type: The type is a pointer.
2017-03-01 16:12:42:Type sizeof: 8
2017-03-01 16:12:42:Fault Injection Successful after 5.25148892403s
2017-03-01 16:13:40:event type: exit
2017-03-01 16:13:40:exit code: 1
