2016-10-26 13:19:29:Initialization strings:
2016-10-26 13:19:29:(1) target extended-remote | ssh -T mic0 gdbserver --multi -
2016-10-26 13:19:29:(2) set sysroot /opt/mpss/3.7/sysroots/k1om-mpss-linux/
2016-10-26 13:19:29:(3) set sysroot /opt/mpss/3.7/sysroots/k1om-mpss-linux/
2016-10-26 13:19:29:(4) file /micNfs/gdb-fault-injection-lud/bin/lud_check
2016-10-26 13:19:29:(5) set remote exec-file /micNfs/gdb-fault-injection-lud/bin/lud_check
2016-10-26 13:19:29:(6) set args -s 8192 -n 228 -i /micNfs/gdb-fault-injection-lud/bin/input_8192_th_228 -g /micNfs/gdb-fault-injection-lud/bin/gold_8192_th_228
2016-10-26 13:19:30:Trying Fault Injection
2016-10-26 13:19:30:Inferior PID: 111729
2016-10-26 13:19:30:Inferior is valid: True
2016-10-26 13:19:30:Inferior #threads: 1
2016-10-26 13:19:30:Backtrace BEGIN:
2016-10-26 13:19:30:#0  0x00007ffff71965d0 in __read_nocancel () at ../sysdeps/unix/syscall-template.S:81
#1  0x00007ffff7142911 in __GI__IO_file_xsgetn (fp=0x615010, data=<optimized out>, n=268435456) at fileops.c:1422
#2  0x00007ffff7138929 in __GI__IO_fread (buf=<optimized out>, size=268435456, count=1, fp=0x615010) at iofread.c:42
#3  0x0000000000402c07 in main (argc=3, argv=0x7fffe6ecc010) at lud_check.c:104

2016-10-26 13:19:30:76	in ../sysdeps/unix/syscall-template.S

2016-10-26 13:19:30:Backtrace END
2016-10-26 13:19:30:Thread name: None
2016-10-26 13:19:30:Thread num: 1
2016-10-26 13:19:30:Thread ptid: (111729, 111729, 0)
2016-10-26 13:19:30:bitFlip function
2016-10-26 13:19:30:Type: The type is an integer type.
2016-10-26 13:19:30:Type sizeof: 4
2016-10-26 13:19:30:Mem contents(hex):0xff0x7f0x000x00
2016-10-26 13:19:30:base address to flip value: 0x7fffffffea4c
2016-10-26 13:19:30:address max offset: 4
2016-10-26 13:19:30:Memory content before bitflip:0xff0x7f0x000x00
2016-10-26 13:19:30:Memory content after  bitflip:0xdf0x7f0x000x00
2016-10-26 13:19:30:Mem contents(hex):0xdf0x7f0x000x00
2016-10-26 13:19:30:frame name: main
2016-10-26 13:19:30:symbol name: host_errors
2016-10-26 13:19:30:symbol filename: lud_check.c
2016-10-26 13:19:30:symbol line: 128
2016-10-26 13:19:30:value: 32735
2016-10-26 13:19:30:value address: 0x7fffffffea4c
2016-10-26 13:19:30:Type: The type is an integer type.
2016-10-26 13:19:30:Type sizeof: 4
2016-10-26 13:19:30:Fault Injection Successful after 1.79427695274s
2016-10-26 13:19:33:Fault Already Injected
2016-10-26 13:19:34:Fault Already Injected
2016-10-26 13:19:34:Fault Already Injected
2016-10-26 13:19:34:Fault Already Injected
2016-10-26 13:19:36:Fault Already Injected
2016-10-26 13:19:37:Fault Already Injected
2016-10-26 13:19:37:Fault Already Injected
2016-10-26 13:19:37:Fault Already Injected
2016-10-26 13:19:40:event type: exit
2016-10-26 13:19:40:exit code: 0
