[INFO -- 2017-03-14 11:54:39]
sending 15 signals using command: 'ssh -T mic1 killall -2 merge_check' after 60.4438081098s
[INFO -- 2017-03-14 11:54:40]
sending 15 signals using command: 'ssh -T mic1 killall -2 merge_check' after 61.0935711063s
[INFO -- 2017-03-14 11:54:40]
shell stdout: 
[INFO -- 2017-03-14 11:54:41]
shell stdout: 
[INFO -- 2017-03-14 11:54:41]
sending 15 signals using command: 'ssh -T mic1 killall -2 merge_check' after 62.3080059689s
[INFO -- 2017-03-14 11:54:41]
shell stdout: 
[INFO -- 2017-03-14 11:54:41]
shell stdout: 
[INFO -- 2017-03-14 11:54:42]
shell stdout: 
[INFO -- 2017-03-14 11:54:42]
shell stdout: 
[INFO -- 2017-03-14 11:54:42]
shell stdout: 
[INFO -- 2017-03-14 11:54:42]
shell stdout: 
[INFO -- 2017-03-14 11:54:42]
shell stdout: 
[INFO -- 2017-03-14 11:54:42]
shell stdout: 
[INFO -- 2017-03-14 11:54:42]
shell stdout: 
[INFO -- 2017-03-14 11:54:43]
shell stdout: 
[INFO -- 2017-03-14 11:54:43]
shell stdout: 
[INFO -- 2017-03-14 11:54:43]
shell stdout: 
[INFO -- 2017-03-14 11:54:43]
shell stdout: 
[INFO -- 2017-03-14 11:54:43]
shell stdout: 
[INFO -- 2017-03-14 11:54:43]
shell stdout: 
[INFO -- 2017-03-14 11:54:43]
shell stdout: 
[INFO -- 2017-03-14 11:54:44]
shell stdout: 
[INFO -- 2017-03-14 11:54:44]
shell stdout: 
[INFO -- 2017-03-14 11:54:44]
shell stdout: 
[INFO -- 2017-03-14 11:54:44]
shell stdout: 
[INFO -- 2017-03-14 11:54:44]
shell stdout: 
[INFO -- 2017-03-14 11:54:44]
shell stdout: 
[INFO -- 2017-03-14 11:54:44]
shell stdout: 
[INFO -- 2017-03-14 11:54:45]
shell stdout: 
[INFO -- 2017-03-14 11:54:45]
shell stdout: 
[INFO -- 2017-03-14 11:54:45]
shell stdout: 
[INFO -- 2017-03-14 11:54:45]
shell stdout: 
[INFO -- 2017-03-14 11:54:45]
shell stdout: 
[INFO -- 2017-03-14 11:54:45]
shell stdout: 
[INFO -- 2017-03-14 11:54:45]
shell stdout: 
[INFO -- 2017-03-14 11:54:46]
shell stdout: 
[INFO -- 2017-03-14 11:54:46]
shell stdout: 
[INFO -- 2017-03-14 11:54:46]
shell stdout: 
[INFO -- 2017-03-14 11:54:46]
shell stdout: 
[INFO -- 2017-03-14 11:54:46]
shell stdout: 
[INFO -- 2017-03-14 11:54:46]
shell stdout: 
[INFO -- 2017-03-14 11:54:46]
shell stdout: 
[INFO -- 2017-03-14 11:54:46]
shell stdout: 
[INFO -- 2017-03-14 11:54:47]
shell stdout: 
[INFO -- 2017-03-14 11:54:47]
shell stdout: 
[INFO -- 2017-03-14 11:54:47]
shell stdout: 
[INFO -- 2017-03-14 11:54:47]
shell stdout: 
[INFO -- 2017-03-14 11:54:48]
shell stdout: 
[INFO -- 2017-03-14 11:54:48]
Starting GDB script
[INFO -- 2017-03-14 11:54:48]
initSignal:0.0
[INFO -- 2017-03-14 11:54:48]
endSignal:4.0
[INFO -- 2017-03-14 11:54:48]
seqSignal:30
[INFO -- 2017-03-14 11:54:49]
sending 30 signals using command: 'ssh -T mic0 killall -2 needle_check' after 1.10376099513s
[INFO -- 2017-03-14 11:54:49]
sending 30 signals using command: 'ssh -T mic0 killall -2 needle_check' after 1.12794817461s
[INFO -- 2017-03-14 11:54:49]
shell stdout: 
[INFO -- 2017-03-14 11:54:49]
shell stdout: 
[INFO -- 2017-03-14 11:54:50]
shell stdout: 
[INFO -- 2017-03-14 11:54:50]
shell stdout: 
[INFO -- 2017-03-14 11:54:50]
shell stdout: 
[INFO -- 2017-03-14 11:54:50]
shell stdout: 
[INFO -- 2017-03-14 11:54:50]
sending 30 signals using command: 'ssh -T mic0 killall -2 needle_check' after 2.46821437576s
[INFO -- 2017-03-14 11:54:50]
shell stdout: 
[INFO -- 2017-03-14 11:54:50]
shell stdout: 
[INFO -- 2017-03-14 11:54:51]
shell stdout: 
[INFO -- 2017-03-14 11:54:51]
shell stdout: 
[INFO -- 2017-03-14 11:54:51]
shell stdout: 
[INFO -- 2017-03-14 11:54:51]
shell stdout: 
[INFO -- 2017-03-14 11:54:51]
shell stdout: 
[INFO -- 2017-03-14 11:54:51]
shell stdout: 
[INFO -- 2017-03-14 11:54:51]
shell stdout: 
[INFO -- 2017-03-14 11:54:52]
shell stdout: 
[INFO -- 2017-03-14 11:54:52]
shell stdout: 
[INFO -- 2017-03-14 11:54:52]
shell stdout: 
[INFO -- 2017-03-14 11:54:52]
shell stdout: 
[INFO -- 2017-03-14 11:54:52]
shell stdout: 
[INFO -- 2017-03-14 11:54:52]
shell stdout: 
[INFO -- 2017-03-14 11:54:53]
shell stdout: 
[INFO -- 2017-03-14 11:54:53]
shell stdout: 
[INFO -- 2017-03-14 11:54:53]
shell stdout: 
[INFO -- 2017-03-14 11:54:53]
shell stdout: 
[INFO -- 2017-03-14 11:54:53]
shell stdout: 
[INFO -- 2017-03-14 11:54:53]
shell stdout: 
[INFO -- 2017-03-14 11:54:53]
shell stdout: 
[INFO -- 2017-03-14 11:54:54]
shell stdout: 
[INFO -- 2017-03-14 11:54:54]
shell stdout: 
[INFO -- 2017-03-14 11:54:54]
shell stdout: 
[INFO -- 2017-03-14 11:54:54]
shell stdout: 
[INFO -- 2017-03-14 11:54:54]
shell stdout: 
[INFO -- 2017-03-14 11:54:54]
shell stdout: 
[INFO -- 2017-03-14 11:54:54]
shell stdout: 
[INFO -- 2017-03-14 11:54:54]
shell stdout: 
[INFO -- 2017-03-14 11:54:55]
shell stdout: 
[INFO -- 2017-03-14 11:54:55]
shell stdout: 
[INFO -- 2017-03-14 11:54:55]
shell stdout: 
[INFO -- 2017-03-14 11:54:55]
shell stdout: 
[INFO -- 2017-03-14 11:54:55]
shell stdout: 
[INFO -- 2017-03-14 11:54:55]
shell stdout: 
[INFO -- 2017-03-14 11:54:55]
shell stdout: 
[INFO -- 2017-03-14 11:54:56]
shell stdout: 
[INFO -- 2017-03-14 11:54:56]
shell stdout: 
[INFO -- 2017-03-14 11:54:56]
shell stdout: 
[INFO -- 2017-03-14 11:54:56]
shell stdout: 
[INFO -- 2017-03-14 11:54:56]
shell stdout: 
[INFO -- 2017-03-14 11:54:56]
shell stdout: 
[INFO -- 2017-03-14 11:54:56]
shell stdout: 
[INFO -- 2017-03-14 11:54:56]
shell stdout: 
[INFO -- 2017-03-14 11:54:57]
shell stdout: 
[INFO -- 2017-03-14 11:54:57]
shell stdout: 
[INFO -- 2017-03-14 11:54:57]
shell stdout: 
[INFO -- 2017-03-14 11:54:57]
shell stdout: 
[INFO -- 2017-03-14 11:54:57]
shell stdout: 
[INFO -- 2017-03-14 11:54:57]
shell stdout: 
[INFO -- 2017-03-14 11:54:57]
shell stdout: 
[INFO -- 2017-03-14 11:54:58]
shell stdout: 
[INFO -- 2017-03-14 11:54:58]
shell stdout: 
[INFO -- 2017-03-14 11:54:58]
shell stdout: 
[INFO -- 2017-03-14 11:54:58]
shell stdout: 
[INFO -- 2017-03-14 11:54:58]
shell stdout: 
[INFO -- 2017-03-14 11:54:58]
shell stdout: 
[INFO -- 2017-03-14 11:54:59]
shell stdout: 
[INFO -- 2017-03-14 11:54:59]
shell stdout: 
[INFO -- 2017-03-14 11:54:59]
shell stdout: 
[INFO -- 2017-03-14 11:54:59]
shell stdout: 
[INFO -- 2017-03-14 11:54:59]
shell stdout: 
[INFO -- 2017-03-14 11:54:59]
shell stdout: 
[INFO -- 2017-03-14 11:54:59]
shell stdout: 
[INFO -- 2017-03-14 11:54:59]
shell stdout: 
[INFO -- 2017-03-14 11:55:00]
shell stdout: 
[INFO -- 2017-03-14 11:55:00]
shell stdout: 
[INFO -- 2017-03-14 11:55:00]
shell stdout: 
[INFO -- 2017-03-14 11:55:00]
shell stdout: 
[INFO -- 2017-03-14 11:55:00]
shell stdout: 
[INFO -- 2017-03-14 11:55:00]
shell stdout: 
[INFO -- 2017-03-14 11:55:00]
shell stdout: 
[INFO -- 2017-03-14 11:55:01]
shell stdout: 
[INFO -- 2017-03-14 11:55:01]
shell stdout: 
[INFO -- 2017-03-14 11:55:01]
shell stdout: 
[INFO -- 2017-03-14 11:55:01]
shell stdout: 
[INFO -- 2017-03-14 11:55:01]
shell stdout: 
[INFO -- 2017-03-14 11:55:01]
shell stdout: 
[INFO -- 2017-03-14 11:55:01]
shell stdout: 
[INFO -- 2017-03-14 11:55:02]
shell stdout: 
[INFO -- 2017-03-14 11:55:02]
shell stdout: 
[INFO -- 2017-03-14 11:55:02]
shell stdout: 
[INFO -- 2017-03-14 11:55:03]
shell stdout: 
[INFO -- 2017-03-14 11:55:34]
no gdbExecName running, out:
[INFO -- 2017-03-14 11:55:34]
checCmd:ps -e | grep -i gdb-mic
[INFO -- 2017-03-14 11:55:34]
finished now-timestampStart < maxWaitTime*5
[INFO -- 2017-03-14 11:55:34]
now: 1489506933
[INFO -- 2017-03-14 11:55:34]
timestampStart: 1489506888
[INFO -- 2017-03-14 11:55:34]
kill cmd: killall -9 gdb-mic
[INFO -- 2017-03-14 11:55:34]
shell stdout: 
[INFO -- 2017-03-14 11:55:35]
kill cmd: ssh -T mic0 killall -9 needle_check
[INFO -- 2017-03-14 11:55:35]
shell stdout: 
[INFO -- 2017-03-14 11:55:35]
kill cmd: ssh -T mic0 killall -9 gdbserver
[INFO -- 2017-03-14 11:55:35]
shell stdout: 
[INFO -- 2017-03-14 11:55:35]
kill cmd: ssh -T mic0 killall -9 sshd
[INFO -- 2017-03-14 11:55:35]
shell stdout: 
