[INFO -- 2017-02-26 07:13:43]
shell stdout: 
[INFO -- 2017-02-26 07:13:43]
shell stdout: 
[INFO -- 2017-02-26 07:13:43]
shell stdout: 
[INFO -- 2017-02-26 07:13:46]
shell stdout: 
[INFO -- 2017-02-26 07:13:46]
shell stdout: 
[INFO -- 2017-02-26 07:13:46]
shell stdout: 
[INFO -- 2017-02-26 07:13:49]
shell stdout: 
[INFO -- 2017-02-26 07:13:49]
shell stdout: 
[INFO -- 2017-02-26 07:13:49]
shell stdout: 
[INFO -- 2017-02-26 07:13:51]
shell stdout: 
[INFO -- 2017-02-26 07:13:51]
shell stdout: 
[INFO -- 2017-02-26 07:13:51]
shell stdout: 
[INFO -- 2017-02-26 07:13:51]
shell stdout: 
[INFO -- 2017-02-26 07:13:51]
shell stdout: 
[INFO -- 2017-02-26 07:13:51]
shell stdout: 
[INFO -- 2017-02-26 07:13:51]
shell stdout: 
[INFO -- 2017-02-26 07:13:51]
shell stdout: 
[INFO -- 2017-02-26 07:13:51]
shell stdout: 
[INFO -- 2017-02-26 07:13:51]
shell stdout: 
[INFO -- 2017-02-26 07:13:51]
shell stdout: 
[INFO -- 2017-02-26 07:13:51]
shell stdout: 
[INFO -- 2017-02-26 07:13:51]
Starting GDB script
[INFO -- 2017-02-26 07:13:51]
initSignal:3.0
[INFO -- 2017-02-26 07:13:51]
endSignal:6.0
[INFO -- 2017-02-26 07:13:51]
seqSignal:15
[INFO -- 2017-02-26 07:13:56]
sending 15 signals using command: 'ssh -T mic0 killall -2 hotspot_check' after 4.88783322399s
[INFO -- 2017-02-26 07:13:56]
sending 15 signals using command: 'ssh -T mic0 killall -2 hotspot_check' after 5.11627542671s
[INFO -- 2017-02-26 07:13:56]
sending 15 signals using command: 'ssh -T mic0 killall -2 hotspot_check' after 5.22607437453s
[INFO -- 2017-02-26 07:13:56]
shell stdout: 
[INFO -- 2017-02-26 07:13:56]
shell stdout: 
[INFO -- 2017-02-26 07:13:57]
shell stdout: 
[INFO -- 2017-02-26 07:13:57]
shell stdout: 
[INFO -- 2017-02-26 07:13:57]
shell stdout: 
[INFO -- 2017-02-26 07:13:57]
shell stdout: 
[INFO -- 2017-02-26 07:13:57]
shell stdout: 
[INFO -- 2017-02-26 07:13:57]
shell stdout: 
[INFO -- 2017-02-26 07:13:57]
shell stdout: 
[INFO -- 2017-02-26 07:13:57]
shell stdout: 
[INFO -- 2017-02-26 07:13:58]
shell stdout: 
[INFO -- 2017-02-26 07:13:58]
shell stdout: 
[INFO -- 2017-02-26 07:13:58]
shell stdout: 
[INFO -- 2017-02-26 07:13:58]
shell stdout: 
[INFO -- 2017-02-26 07:13:58]
shell stdout: 
[INFO -- 2017-02-26 07:13:58]
shell stdout: 
[INFO -- 2017-02-26 07:13:58]
shell stdout: 
[INFO -- 2017-02-26 07:13:59]
shell stdout: 
[INFO -- 2017-02-26 07:13:59]
shell stdout: 
[INFO -- 2017-02-26 07:13:59]
shell stdout: 
[INFO -- 2017-02-26 07:13:59]
shell stdout: 
[INFO -- 2017-02-26 07:13:59]
shell stdout: 
[INFO -- 2017-02-26 07:13:59]
shell stdout: 
[INFO -- 2017-02-26 07:13:59]
shell stdout: 
[INFO -- 2017-02-26 07:14:00]
shell stdout: 
[INFO -- 2017-02-26 07:14:00]
shell stdout: 
[INFO -- 2017-02-26 07:14:00]
shell stdout: 
[INFO -- 2017-02-26 07:14:00]
shell stdout: 
[INFO -- 2017-02-26 07:14:00]
shell stdout: 
[INFO -- 2017-02-26 07:14:00]
shell stdout: 
[INFO -- 2017-02-26 07:14:00]
shell stdout: 
[INFO -- 2017-02-26 07:14:00]
shell stdout: 
[INFO -- 2017-02-26 07:14:01]
shell stdout: 
[INFO -- 2017-02-26 07:14:01]
shell stdout: 
[INFO -- 2017-02-26 07:14:01]
shell stdout: 
[INFO -- 2017-02-26 07:14:01]
shell stdout: 
[INFO -- 2017-02-26 07:14:01]
shell stdout: 
[INFO -- 2017-02-26 07:14:01]
shell stdout: 
[INFO -- 2017-02-26 07:14:01]
shell stdout: 
[INFO -- 2017-02-26 07:14:02]
shell stdout: 
[INFO -- 2017-02-26 07:14:02]
shell stdout: 
[INFO -- 2017-02-26 07:14:02]
shell stdout: 
[INFO -- 2017-02-26 07:14:02]
shell stdout: 
[INFO -- 2017-02-26 07:14:02]
shell stdout: 
[INFO -- 2017-02-26 07:14:02]
shell stdout: 
[INFO -- 2017-02-26 07:14:14]
no gdbExecName running, out:
[INFO -- 2017-02-26 07:14:14]
checCmd:ps -e | grep -i gdb-mic
[INFO -- 2017-02-26 07:14:14]
finished now-timestampStart < maxWaitTime*5
[INFO -- 2017-02-26 07:14:14]
now: 1488111252
[INFO -- 2017-02-26 07:14:14]
timestampStart: 1488111231
[INFO -- 2017-02-26 07:14:14]
kill cmd: killall -9 gdb-mic
[INFO -- 2017-02-26 07:14:14]
shell stdout: 
[INFO -- 2017-02-26 07:14:14]
kill cmd: ssh -T mic0 killall -9 hotspot_check
[INFO -- 2017-02-26 07:14:14]
shell stdout: 
[INFO -- 2017-02-26 07:14:15]
kill cmd: ssh -T mic0 killall -9 gdbserver
[INFO -- 2017-02-26 07:14:15]
shell stdout: 
[INFO -- 2017-02-26 07:14:15]
kill cmd: ssh -T mic0 killall -9 sshd
[INFO -- 2017-02-26 07:14:15]
shell stdout: 
