2016-10-21 06:25:33:Starting GDB script
2016-10-21 06:25:39:sending signal using command: 'ssh -T mic0 killall -2 needle_check' after 5.30437138689s
2016-10-21 06:25:39:shell stdout: 
2016-10-21 06:25:42:sending signal using command: 'ssh -T mic0 killall -2 needle_check' after 8.06113568935s
2016-10-21 06:25:42:shell stdout: 
2016-10-21 06:25:43:sending signal using command: 'ssh -T mic0 killall -2 needle_check' after 9.76974832928s
2016-10-21 06:25:43:shell stdout: 
2016-10-21 06:25:46:sending signal using command: 'ssh -T mic0 killall -2 needle_check' after 12.5157595664s
2016-10-21 06:25:46:shell stdout: 
2016-10-21 06:25:46:sending signal using command: 'ssh -T mic0 killall -2 needle_check' after 12.5805908083s
2016-10-21 06:25:46:shell stdout: 
2016-10-21 06:25:47:sending signal using command: 'ssh -T mic0 killall -2 needle_check' after 13.3398744085s
2016-10-21 06:25:47:shell stdout: 
2016-10-21 06:25:47:sending signal using command: 'ssh -T mic0 killall -2 needle_check' after 13.4909319979s
2016-10-21 06:25:47:shell stdout: 
2016-10-21 06:25:48:sending signal using command: 'ssh -T mic0 killall -2 needle_check' after 14.1856718687s
2016-10-21 06:25:48:shell stdout: 
2016-10-21 06:25:49:sending signal using command: 'ssh -T mic0 killall -2 needle_check' after 15.5027256017s
2016-10-21 06:25:49:shell stdout: 
2016-10-21 06:25:50:sending signal using command: 'ssh -T mic0 killall -2 needle_check' after 16.4337776611s
2016-10-21 06:25:50:shell stdout: 
2016-10-21 06:26:08:no gdbExecName running, out:
2016-10-21 06:26:08:checCmd:ps -e | grep -i gdb-mic
2016-10-21 06:26:08:finished now-timestampStart < maxWaitTime*5
2016-10-21 06:26:08:now: 1477045567
2016-10-21 06:26:08:timestampStart: 1477045533
2016-10-21 06:26:08:kill cmd: killall -9 gdb-mic
2016-10-21 06:26:08:shell stdout: 
2016-10-21 06:26:08:kill cmd: ssh -T mic0 killall -9 needle_check
2016-10-21 06:26:08:shell stdout: 
2016-10-21 06:26:08:kill cmd: ssh -T mic0 killall -9 gdbserver
2016-10-21 06:26:08:shell stdout: 
2016-10-21 06:26:09:kill cmd: ssh -T mic0 killall -9 sshd
2016-10-21 06:26:09:shell stdout: 
