[INFO -- 2017-02-26 22:29:42]
Starting flip_value script
version: 2.0
[INFO -- 2017-02-26 22:29:42]
Initialization strings:
[INFO -- 2017-02-26 22:29:43]
(1) target extended-remote | ssh -T mic0 gdbserver --multi -
[INFO -- 2017-02-26 22:29:43]
(2) set sysroot /opt/mpss/3.7/sysroots/k1om-mpss-linux/
[INFO -- 2017-02-26 22:29:43]
(3) set sysroot /opt/mpss/3.7/sysroots/k1om-mpss-linux/
[INFO -- 2017-02-26 22:29:43]
(4) file /micNfs/gdb-fault-injection/injector/bin/hotspot/hotspot_check
[INFO -- 2017-02-26 22:29:43]
(5) set remote exec-file /micNfs/gdb-fault-injection/injector/bin/hotspot/hotspot_check
[INFO -- 2017-02-26 22:29:43]
(6) set args 1024 1024 1000 64 /micNfs/gdb-fault-injection/injector/data/hotspot/temp_1024 /micNfs/gdb-fault-injection/injector/data/hotspot/power_1024 /micNfs/gdb-fault-injection/injector/bin/hotspot/gold_1024_1000iter_64th
[INFO -- 2017-02-26 22:29:43]
initSignal:6
[INFO -- 2017-02-26 22:29:43]
endSignal:9
[INFO -- 2017-02-26 22:29:43]
seqSignal:15
[INFO -- 2017-02-26 22:29:43]
faultMode:2
[INFO -- 2017-02-26 22:29:50]
Backtrace BEGIN:
#0  __GI_____strtof_l_internal (nptr=nptr@entry=0x7fffffffe050 "0.000008", endptr=endptr@entry=0x7fffffffe280, group=group@entry=0, loc=<optimized out>) at strtod_l.c:1430
#1  0x00007ffff7107c00 in __GI___strtof_internal (nptr=nptr@entry=0x7fffffffe050 "0.000008", endptr=endptr@entry=0x7fffffffe280, group=group@entry=0) at strtod.c:54
#2  0x00007ffff7128bec in _IO_vfscanf_internal (s=s@entry=0x7fffffffe440, format=format@entry=0x4071c8 "%f", argptr=argptr@entry=0x7fffffffe568, errp=errp@entry=0x0) at vfscanf.c:2332
#3  0x00007ffff71365ea in __GI___isoc99_vsscanf (string=0x7fffffffe640 "0.000008\n", format=0x4071c8 "%f", args=args@entry=0x7fffffffe568) at isoc99_vsscanf.c:43
#4  0x00007ffff7136569 in __isoc99_sscanf (s=<optimized out>, format=<optimized out>) at isoc99_sscanf.c:31
#5  0x0000000000404598 in read_input (vect=0x7ffff66cb010, grid_rows=1024, grid_cols=1024, file=0x7fffffffee43 "/micNfs/gdb-fault-injection/injector/data/hotspot/power_1024") at hotspot_check.c:207
#6  0x0000000000404ad7 in main (argc=8, argv=0x7fffffffebb8) at hotspot_check.c:266

1425	in strtod_l.c

Backtrace END
Memory content before bitflip:0x000x040x000x00
Fault Mode: Random bit-flip
base address to flip value: 0x7fffffffe8e8
address max offset: 4
Memory content after  bitflip:0xff0x790xed0x6d
frame name: main
symbol name: grid_cols
symbol filename: hotspot_check.c
symbol line: 230
value: 1844279807
value address: 0x7fffffffe8e8
Type: The type is an integer type.
Type sizeof: 4

[INFO -- 2017-02-26 22:29:50]
Fault Injection Successful after 7.60798001289s
[INFO -- 2017-02-26 22:29:52]
event type: exit
[EXCEPTION -- 2017-02-26 22:29:52]
exit code: no exit code available
