2016-10-13 04:36:40:Starting GDB script
2016-10-13 04:36:41:sending signal using command: 'ssh -T mic0 killall -2 lavamd' after 1.05455155523s
2016-10-13 04:36:41:shell stdout: 
2016-10-13 04:36:41:sending signal using command: 'ssh -T mic0 killall -2 lavamd' after 1.51817109948s
2016-10-13 04:36:41:shell stdout: 
2016-10-13 04:36:47:no gdbExecName running, out:
2016-10-13 04:36:47:checCmd:ps -e | grep -i gdb-mic
2016-10-13 04:36:47:finished now-timestampStart < maxWaitTime*5
2016-10-13 04:36:47:now: 1476347806
2016-10-13 04:36:47:timestampStart: 1476347800
2016-10-13 04:36:47:kill cmd: killall -9 gdb-mic
2016-10-13 04:36:47:shell stdout: 
2016-10-13 04:36:47:sending signal using command: 'ssh -T mic0 killall -2 lavamd' after 6.83515008811s
2016-10-13 04:36:47:shell stdout: 
2016-10-13 04:36:47:sending signal using command: 'ssh -T mic0 killall -2 lavamd' after 6.93719573386s
2016-10-13 04:36:47:shell stdout: 
2016-10-13 04:36:47:kill cmd: ssh -T mic0 killall -9 lavamd
2016-10-13 04:36:47:shell stdout: 
2016-10-13 04:36:47:sending signal using command: 'ssh -T mic0 killall -2 lavamd' after 7.18240344324s
2016-10-13 04:36:47:shell stdout: 
2016-10-13 04:36:47:sending signal using command: 'ssh -T mic0 killall -2 lavamd' after 7.2077369962s
2016-10-13 04:36:47:shell stdout: 
2016-10-13 04:36:47:sending signal using command: 'ssh -T mic0 killall -2 lavamd' after 7.40199373214s
2016-10-13 04:36:47:shell stdout: 
2016-10-13 04:36:47:kill cmd: ssh -T mic0 killall -9 gdbserver
2016-10-13 04:36:47:shell stdout: 
2016-10-13 04:36:48:kill cmd: ssh -T mic0 killall -9 sshd
2016-10-13 04:36:48:shell stdout: 
