2017-01-25 07:14:48:Starting GDB script
2017-01-25 07:14:48:initSignal:2.0
2017-01-25 07:14:48:endSignal:4.0
2017-01-25 07:14:48:seqSignal:30
2017-01-25 07:14:50:sending 30 signals using command: 'ssh -T mic0 killall -2 lud_check' after 2.50891036492s
2017-01-25 07:14:51:sending 30 signals using command: 'ssh -T mic0 killall -2 lud_check' after 3.17117487982s
2017-01-25 07:14:52:sending 30 signals using command: 'ssh -T mic0 killall -2 lud_check' after 3.80575618033s
2017-01-25 07:14:52:shell stdout: 
2017-01-25 07:14:52:shell stdout: 
2017-01-25 07:14:52:shell stdout: 
2017-01-25 07:14:52:shell stdout: 
2017-01-25 07:14:53:shell stdout: 
2017-01-25 07:14:53:shell stdout: 
2017-01-25 07:14:53:shell stdout: 
2017-01-25 07:14:53:shell stdout: 
2017-01-25 07:14:53:shell stdout: 
2017-01-25 07:14:53:shell stdout: 
2017-01-25 07:14:53:shell stdout: 
2017-01-25 07:14:54:shell stdout: 
2017-01-25 07:14:54:shell stdout: 
2017-01-25 07:14:54:shell stdout: 
2017-01-25 07:14:54:shell stdout: 
2017-01-25 07:14:54:shell stdout: 
2017-01-25 07:14:54:shell stdout: 
2017-01-25 07:14:54:shell stdout: 
2017-01-25 07:14:55:shell stdout: 
2017-01-25 07:14:55:shell stdout: 
2017-01-25 07:14:55:shell stdout: 
2017-01-25 07:14:55:shell stdout: 
2017-01-25 07:14:55:shell stdout: 
2017-01-25 07:14:55:shell stdout: 
2017-01-25 07:14:55:shell stdout: 
2017-01-25 07:14:56:shell stdout: 
2017-01-25 07:14:56:shell stdout: 
2017-01-25 07:14:56:shell stdout: 
2017-01-25 07:14:56:shell stdout: 
2017-01-25 07:14:56:shell stdout: 
2017-01-25 07:14:56:shell stdout: 
2017-01-25 07:14:56:shell stdout: 
2017-01-25 07:14:57:shell stdout: 
2017-01-25 07:14:57:shell stdout: 
2017-01-25 07:14:57:shell stdout: 
2017-01-25 07:14:57:shell stdout: 
2017-01-25 07:14:57:shell stdout: 
2017-01-25 07:14:57:shell stdout: 
2017-01-25 07:14:57:shell stdout: 
2017-01-25 07:14:57:shell stdout: 
2017-01-25 07:14:58:shell stdout: 
2017-01-25 07:14:58:shell stdout: 
2017-01-25 07:14:58:shell stdout: 
2017-01-25 07:14:58:shell stdout: 
2017-01-25 07:14:58:shell stdout: 
2017-01-25 07:14:58:shell stdout: 
2017-01-25 07:14:58:shell stdout: 
2017-01-25 07:14:59:shell stdout: 
2017-01-25 07:14:59:shell stdout: 
2017-01-25 07:14:59:shell stdout: 
2017-01-25 07:14:59:shell stdout: 
2017-01-25 07:14:59:shell stdout: 
2017-01-25 07:14:59:shell stdout: 
2017-01-25 07:15:00:shell stdout: 
2017-01-25 07:15:00:shell stdout: 
2017-01-25 07:15:00:shell stdout: 
2017-01-25 07:15:00:shell stdout: 
2017-01-25 07:15:00:shell stdout: 
2017-01-25 07:15:00:shell stdout: 
2017-01-25 07:15:00:shell stdout: 
2017-01-25 07:15:01:shell stdout: 
2017-01-25 07:15:01:shell stdout: 
2017-01-25 07:15:01:shell stdout: 
2017-01-25 07:15:01:shell stdout: 
2017-01-25 07:15:01:shell stdout: 
2017-01-25 07:15:01:shell stdout: 
2017-01-25 07:15:01:shell stdout: 
2017-01-25 07:15:01:shell stdout: 
2017-01-25 07:15:02:shell stdout: 
2017-01-25 07:15:02:shell stdout: 
2017-01-25 07:15:02:shell stdout: 
2017-01-25 07:15:02:shell stdout: 
2017-01-25 07:15:02:shell stdout: 
2017-01-25 07:15:02:shell stdout: 
2017-01-25 07:15:03:shell stdout: 
2017-01-25 07:15:03:shell stdout: 
2017-01-25 07:15:03:shell stdout: 
2017-01-25 07:15:03:shell stdout: 
2017-01-25 07:15:03:shell stdout: 
2017-01-25 07:15:03:shell stdout: 
2017-01-25 07:15:04:shell stdout: 
2017-01-25 07:15:04:shell stdout: 
2017-01-25 07:15:04:shell stdout: 
2017-01-25 07:15:04:shell stdout: 
2017-01-25 07:15:04:shell stdout: 
2017-01-25 07:15:04:shell stdout: 
2017-01-25 07:15:04:shell stdout: 
2017-01-25 07:15:04:shell stdout: 
2017-01-25 07:15:04:shell stdout: 
2017-01-25 07:15:05:shell stdout: 
2017-01-25 07:15:16:no gdbExecName running, out:
2017-01-25 07:15:16:checCmd:ps -e | grep -i gdb-mic
2017-01-25 07:15:16:finished now-timestampStart < maxWaitTime*5
2017-01-25 07:15:16:now: 1485346515
2017-01-25 07:15:16:timestampStart: 1485346488
2017-01-25 07:15:16:kill cmd: killall -9 gdb-mic
2017-01-25 07:15:16:shell stdout: 
2017-01-25 07:15:16:kill cmd: ssh -T mic0 killall -9 lud_check
2017-01-25 07:15:16:shell stdout: 
2017-01-25 07:15:17:kill cmd: ssh -T mic0 killall -9 gdbserver
2017-01-25 07:15:17:shell stdout: 
2017-01-25 07:15:17:kill cmd: ssh -T mic0 killall -9 sshd
2017-01-25 07:15:17:shell stdout: 
