2016-10-12 20:47:35:Starting GDB script
2016-10-12 20:47:36:sending signal using command: 'ssh -T mic0 killall -2 lavamd' after 0.522475295998s
2016-10-12 20:47:36:shell stdout: 
2016-10-12 20:47:37:sending signal using command: 'ssh -T mic0 killall -2 lavamd' after 1.57064293376s
2016-10-12 20:47:37:shell stdout: 
2016-10-12 20:47:38:sending signal using command: 'ssh -T mic0 killall -2 lavamd' after 1.89027343085s
2016-10-12 20:47:38:shell stdout: 
2016-10-12 20:47:40:sending signal using command: 'ssh -T mic0 killall -2 lavamd' after 3.20565312892s
2016-10-12 20:47:40:shell stdout: 
2016-10-12 20:47:42:sending signal using command: 'ssh -T mic0 killall -2 lavamd' after 5.99167015856s
2016-10-12 20:47:42:shell stdout: 
2016-10-12 20:47:43:sending signal using command: 'ssh -T mic0 killall -2 lavamd' after 6.40787095823s
2016-10-12 20:47:43:shell stdout: 
2016-10-12 20:47:43:sending signal using command: 'ssh -T mic0 killall -2 lavamd' after 6.86089161956s
2016-10-12 20:47:43:shell stdout: 
2016-10-12 20:47:43:sending signal using command: 'ssh -T mic0 killall -2 lavamd' after 6.95307967159s
2016-10-12 20:47:43:shell stdout: 
2016-10-12 20:47:44:sending signal using command: 'ssh -T mic0 killall -2 lavamd' after 7.85216125244s
2016-10-12 20:47:44:shell stdout: 
2016-10-12 20:47:45:sending signal using command: 'ssh -T mic0 killall -2 lavamd' after 9.39893176398s
2016-10-12 20:47:45:shell stdout: 
2016-10-12 20:47:53:no gdbExecName running, out:
2016-10-12 20:47:53:checCmd:ps -e | grep -i gdb-mic
2016-10-12 20:47:53:finished now-timestampStart < maxWaitTime*5
2016-10-12 20:47:53:now: 1476319672
2016-10-12 20:47:53:timestampStart: 1476319655
2016-10-12 20:47:53:kill cmd: killall -9 gdb-mic
2016-10-12 20:47:53:shell stdout: 
2016-10-12 20:47:53:kill cmd: ssh -T mic0 killall -9 lavamd
2016-10-12 20:47:53:shell stdout: 
2016-10-12 20:47:54:kill cmd: ssh -T mic0 killall -9 gdbserver
2016-10-12 20:47:54:shell stdout: 
2016-10-12 20:47:54:kill cmd: ssh -T mic0 killall -9 sshd
2016-10-12 20:47:54:shell stdout: 
