2016-10-24 20:21:33:Initialization strings:
2016-10-24 20:21:33:(1) target extended-remote | ssh -T mic0 gdbserver --multi -
2016-10-24 20:21:33:(2) set sysroot /opt/mpss/3.7/sysroots/k1om-mpss-linux/
2016-10-24 20:21:33:(3) set sysroot /opt/mpss/3.7/sysroots/k1om-mpss-linux/
2016-10-24 20:21:33:(4) file /micNfs/gdb-fault-injection-lavamd/bin/lavamd
2016-10-24 20:21:33:(5) set remote exec-file /micNfs/gdb-fault-injection-lavamd/bin/lavamd
2016-10-24 20:21:33:(6) set args 228 15 /micNfs/gdb-fault-injection-lavamd/bin/input_distance_228_15 /micNfs/gdb-fault-injection-lavamd/bin/input_charges_228_15 /micNfs/gdb-fault-injection-lavamd/bin/output_gold_228_15 1
2016-10-24 20:21:35:Trying Fault Injection
2016-10-24 20:21:35:Inferior PID: 203866
2016-10-24 20:21:35:Inferior is valid: True
2016-10-24 20:21:35:Inferior #threads: 1
2016-10-24 20:21:35:Backtrace BEGIN:
2016-10-24 20:21:35:#0  0x00007ffff71388d5 in __GI__IO_fread (buf=0x7ffff51be5a0, size=1, count=8, fp=0x60e1c0) at iofread.c:41
#1  0x000000000040262f in main (argc=7, argv=0x7fffffffec08) at main_check.c:181

2016-10-24 20:21:35:36	in iofread.c

2016-10-24 20:21:35:Backtrace END
2016-10-24 20:21:35:Thread name: None
2016-10-24 20:21:35:Thread num: 1
2016-10-24 20:21:35:Thread ptid: (203866, 203866, 0)
2016-10-24 20:21:35:bitFlip function
2016-10-24 20:21:35:Type: The type is a pointer.
2016-10-24 20:21:35:Type sizeof: 8
2016-10-24 20:21:35:Fliping a bit of the pointer
2016-10-24 20:21:35:Mem contents(hex):0xc00xe10x600x000x000x000x000x00
2016-10-24 20:21:35:base address to flip value: 0x7fffffffe950
2016-10-24 20:21:35:address max offset: 8
2016-10-24 20:21:35:Memory content before bitflip:0xc00xe10x600x000x000x000x000x00
2016-10-24 20:21:35:Memory content after  bitflip:0xc00xe00x600x000x000x000x000x00
2016-10-24 20:21:35:Mem contents(hex):0xc00xe00x600x000x000x000x000x00
2016-10-24 20:21:35:frame name: main
2016-10-24 20:21:35:symbol name: file
2016-10-24 20:21:35:symbol filename: main_check.c
2016-10-24 20:21:35:symbol line: 139
2016-10-24 20:21:35:value: 0x60e1c0
2016-10-24 20:21:35:value address: 0x7fffffffe950
2016-10-24 20:21:35:Type: The type is a pointer.
2016-10-24 20:21:35:Type sizeof: 8
2016-10-24 20:21:35:Fault Injection Successful after 2.24316811562s
2016-10-24 20:21:35:Fault Already Injected
2016-10-24 20:21:35:event type: exit
2016-10-24 20:21:35:exit code: no exit code available
