2016-10-14 01:35:54:Starting GDB script
2016-10-14 01:35:55:sending signal using command: 'ssh -T mic0 killall -2 hotspot_check' after 0.032141988907s
2016-10-14 01:35:55:shell stdout: 
2016-10-14 01:35:55:sending signal using command: 'ssh -T mic0 killall -2 hotspot_check' after 0.296500867248s
2016-10-14 01:35:55:shell stdout: 
2016-10-14 01:35:55:sending signal using command: 'ssh -T mic0 killall -2 hotspot_check' after 0.873749819584s
2016-10-14 01:35:55:shell stdout: 
2016-10-14 01:35:55:sending signal using command: 'ssh -T mic0 killall -2 hotspot_check' after 0.894600653417s
2016-10-14 01:35:55:shell stdout: 
2016-10-14 01:35:59:sending signal using command: 'ssh -T mic0 killall -2 hotspot_check' after 4.56878276473s
2016-10-14 01:35:59:shell stdout: 
2016-10-14 01:35:59:sending signal using command: 'ssh -T mic0 killall -2 hotspot_check' after 4.94389206049s
2016-10-14 01:35:59:shell stdout: 
2016-10-14 01:36:00:sending signal using command: 'ssh -T mic0 killall -2 hotspot_check' after 5.09631954302s
2016-10-14 01:36:00:shell stdout: 
2016-10-14 01:36:00:sending signal using command: 'ssh -T mic0 killall -2 hotspot_check' after 5.17529961603s
2016-10-14 01:36:00:shell stdout: 
2016-10-14 01:36:07:sending signal using command: 'ssh -T mic0 killall -2 hotspot_check' after 12.7916085329s
2016-10-14 01:36:07:shell stdout: 
2016-10-14 01:36:08:sending signal using command: 'ssh -T mic0 killall -2 hotspot_check' after 13.666846979s
2016-10-14 01:36:08:shell stdout: 
2016-10-14 01:36:13:no gdbExecName running, out:
2016-10-14 01:36:13:checCmd:ps -e | grep -i gdb-mic
2016-10-14 01:36:13:finished now-timestampStart < maxWaitTime*5
2016-10-14 01:36:13:now: 1476423372
2016-10-14 01:36:13:timestampStart: 1476423354
2016-10-14 01:36:13:kill cmd: killall -9 gdb-mic
2016-10-14 01:36:13:shell stdout: 
2016-10-14 01:36:14:kill cmd: ssh -T mic0 killall -9 hotspot_check
2016-10-14 01:36:14:shell stdout: 
2016-10-14 01:36:14:kill cmd: ssh -T mic0 killall -9 gdbserver
2016-10-14 01:36:14:shell stdout: 
