2017-02-28 06:40:14:Starting flip_value script
2017-02-28 06:40:14:Initialization strings:
2017-02-28 06:40:15:(1) target extended-remote | ssh -T mic0 gdbserver --multi -
2017-02-28 06:40:15:(2) set sysroot /opt/mpss/3.7/sysroots/k1om-mpss-linux/
2017-02-28 06:40:15:(3) set sysroot /opt/mpss/3.7/sysroots/k1om-mpss-linux/
2017-02-28 06:40:15:(4) file /micNfs/gdb-fault-injection/injector/bin/hotspot/hotspot_check
2017-02-28 06:40:15:(5) set remote exec-file /micNfs/gdb-fault-injection/injector/bin/hotspot/hotspot_check
2017-02-28 06:40:15:(6) set args 1024 1024 1000 64 /micNfs/gdb-fault-injection/injector/data/hotspot/temp_1024 /micNfs/gdb-fault-injection/injector/data/hotspot/power_1024 /micNfs/gdb-fault-injection/injector/bin/hotspot/gold_1024_1000iter_64th
2017-02-28 06:40:15:initSignal:3
2017-02-28 06:40:15:endSignal:6
2017-02-28 06:40:15:seqSignal:15
2017-02-28 06:40:18:Backtrace BEGIN:
2017-02-28 06:40:18:#0  _IO_vfscanf_internal (s=s@entry=0x7fffffffe440, format=format@entry=0x4071c8 "%f", argptr=argptr@entry=0x7fffffffe568, errp=errp@entry=0x0) at vfscanf.c:1980
#1  0x00007ffff71365ea in __GI___isoc99_vsscanf (string=0x7fffffffe640 "323.826584\n", format=0x4071c8 "%f", args=args@entry=0x7fffffffe568) at isoc99_vsscanf.c:43
#2  0x00007ffff7136569 in __isoc99_sscanf (s=<optimized out>, format=<optimized out>) at isoc99_sscanf.c:31
#3  0x0000000000404598 in read_input (vect=0x7ffff6acc010, grid_rows=1024, grid_cols=1024, file=0x7fffffffee07 "/micNfs/gdb-fault-injection/injector/data/hotspot/temp_1024") at hotspot_check.c:207
#4  0x0000000000404aae in main (argc=8, argv=0x7fffffffebb8) at hotspot_check.c:265

2017-02-28 06:40:18:1975	in vfscanf.c

2017-02-28 06:40:18:Backtrace END
2017-02-28 06:40:18:Type: The type is a structure.
2017-02-28 06:40:18:Type sizeof: 240
2017-02-28 06:40:18:Fliping value of field: _s
2017-02-28 06:40:18:Type: The type is a structure.
2017-02-28 06:40:18:Type sizeof: 16
2017-02-28 06:40:18:Fliping value of field: _free_buffer
2017-02-28 06:40:18:Type: The type is a pointer.
2017-02-28 06:40:18:Type sizeof: 8
2017-02-28 06:40:18:Fliping a bit of the pointer
2017-02-28 06:40:18:Mem contents(hex):0x960xea0x410x580x000x000x000x00
2017-02-28 06:40:18:Fault Mode: One bit-flip
2017-02-28 06:40:18:base address to flip value: 0x7fffffffe528
2017-02-28 06:40:18:address max offset: 8
2017-02-28 06:40:18:Memory content before bitflip:0x960xea0x410x580x000x000x000x00
2017-02-28 06:40:18:Backtrace BEGIN:
2017-02-28 06:40:18:#0  __memchr (s=s@entry=0x7ffff7fcd39a, c_in=c_in@entry=10, n=<optimized out>, n@entry=255) at ../string/memchr.c:153
#1  0x00007ffff7139361 in __GI__IO_getline_info (fp=fp@entry=0x609b40, buf=buf@entry=0x7fffffffe640 "323.749907\n", n=255, delim=delim@entry=10, extract_delim=extract_delim@entry=1, eof=eof@entry=0x0) at iogetline.c:94
#2  0x00007ffff7139498 in __GI__IO_getline (fp=fp@entry=0x609b40, buf=buf@entry=0x7fffffffe640 "323.749907\n", n=<optimized out>, delim=delim@entry=10, extract_delim=extract_delim@entry=1) at iogetline.c:38
#3  0x00007ffff7138312 in _IO_fgets (buf=0x7fffffffe640 "323.749907\n", n=<optimized out>, fp=0x609b40) at iofgets.c:56
#4  0x0000000000404538 in read_input (vect=0x7ffff6acc010, grid_rows=1024, grid_cols=1024, file=0x7fffffffee07 "/micNfs/gdb-fault-injection/injector/data/hotspot/temp_1024") at hotspot_check.c:202
#5  0x0000000000404aae in main (argc=8, argv=0x7fffffffebb8) at hotspot_check.c:265

2017-02-28 06:40:18:148	in ../string/memchr.c

2017-02-28 06:40:18:Backtrace END
2017-02-28 06:40:18:Type: The type is a pointer.
2017-02-28 06:40:18:Type sizeof: 8
2017-02-28 06:40:18:Fliping a bit of the pointer
2017-02-28 06:40:18:Mem contents(hex):0x8e0xff0x770x010x000x000x000x00
2017-02-28 06:40:18:Fault Mode: Double bit-flip
2017-02-28 06:40:18:base address to flip value: 0x7fffffffea20
2017-02-28 06:40:18:address max offset: 8
2017-02-28 06:40:18:Memory content before bitflip:0x8e0xff0x770x010x000x000x000x00
2017-02-28 06:40:18:Memory content after  bitflip:0x060xff0x770x010x000x000x000x00
2017-02-28 06:40:18:Mem contents(hex):0x060xff0x770x010x000x000x000x00
2017-02-28 06:40:18:frame name: main
2017-02-28 06:40:18:symbol name: final_result
2017-02-28 06:40:18:symbol filename: hotspot_check.c
2017-02-28 06:40:18:symbol line: 231
2017-02-28 06:40:18:value: 0x177ff8e
2017-02-28 06:40:18:value address: 0x7fffffffea20
2017-02-28 06:40:18:Type: The type is a pointer.
2017-02-28 06:40:18:Type sizeof: 8
2017-02-28 06:40:18:Fault Injection Successful after 3.88882493973s
2017-02-28 06:40:39:event type: exit
2017-02-28 06:40:39:exit code: 0
