2016-10-20 15:21:56:sending signal using command: 'ssh -T mic0 killall -2 lavamd' after 9.64844353964s
2016-10-20 15:21:56:shell stdout: 
2016-10-20 15:21:56:Starting GDB script
2016-10-20 15:21:57:sending signal using command: 'ssh -T mic0 killall -2 lavamd' after 0.226048673168s
2016-10-20 15:21:57:shell stdout: 
2016-10-20 15:21:57:sending signal using command: 'ssh -T mic0 killall -2 lavamd' after 0.39878104155s
2016-10-20 15:21:57:shell stdout: 
2016-10-20 15:21:58:sending signal using command: 'ssh -T mic0 killall -2 lavamd' after 1.20840013619s
2016-10-20 15:21:58:shell stdout: 
2016-10-20 15:22:02:sending signal using command: 'ssh -T mic0 killall -2 lavamd' after 4.42593634066s
2016-10-20 15:22:02:shell stdout: 
2016-10-20 15:22:04:sending signal using command: 'ssh -T mic0 killall -2 lavamd' after 6.92987056201s
2016-10-20 15:22:04:shell stdout: 
2016-10-20 15:22:05:sending signal using command: 'ssh -T mic0 killall -2 lavamd' after 7.6373742075s
2016-10-20 15:22:05:shell stdout: 
2016-10-20 15:22:05:sending signal using command: 'ssh -T mic0 killall -2 lavamd' after 8.08951663561s
2016-10-20 15:22:05:shell stdout: 
2016-10-20 15:22:05:sending signal using command: 'ssh -T mic0 killall -2 lavamd' after 8.37905447238s
2016-10-20 15:22:05:shell stdout: 
2016-10-20 15:22:05:sending signal using command: 'ssh -T mic0 killall -2 lavamd' after 8.61985172162s
2016-10-20 15:22:05:shell stdout: 
2016-10-20 15:22:06:sending signal using command: 'ssh -T mic0 killall -2 lavamd' after 8.75737411572s
2016-10-20 15:22:06:shell stdout: 
2016-10-20 15:22:14:no gdbExecName running, out:
2016-10-20 15:22:14:checCmd:ps -e | grep -i gdb-mic
2016-10-20 15:22:14:finished now-timestampStart < maxWaitTime*5
2016-10-20 15:22:14:now: 1476991333
2016-10-20 15:22:14:timestampStart: 1476991316
2016-10-20 15:22:14:kill cmd: killall -9 gdb-mic
2016-10-20 15:22:14:shell stdout: 
2016-10-20 15:22:14:kill cmd: ssh -T mic0 killall -9 lavamd
2016-10-20 15:22:14:shell stdout: 
2016-10-20 15:22:14:kill cmd: ssh -T mic0 killall -9 gdbserver
2016-10-20 15:22:14:shell stdout: 
2016-10-20 15:22:15:kill cmd: ssh -T mic0 killall -9 sshd
2016-10-20 15:22:15:shell stdout: 
