[INFO -- 2017-03-12 12:20:24]
Starting GDB script
[INFO -- 2017-03-12 12:20:24]
initSignal:0.0
[INFO -- 2017-03-12 12:20:24]
endSignal:4.0
[INFO -- 2017-03-12 12:20:24]
seqSignal:30
[INFO -- 2017-03-12 12:20:24]
sending 30 signals using command: 'ssh -T mic0 killall -2 needle_check' after 0.136120231874s
[INFO -- 2017-03-12 12:20:24]
shell stdout: 
[INFO -- 2017-03-12 12:20:24]
shell stdout: 
[INFO -- 2017-03-12 12:20:25]
sending 30 signals using command: 'ssh -T mic0 killall -2 needle_check' after 1.00647416651s
[INFO -- 2017-03-12 12:20:25]
shell stdout: 
[INFO -- 2017-03-12 12:20:25]
shell stdout: 
[INFO -- 2017-03-12 12:20:25]
sending 30 signals using command: 'ssh -T mic0 killall -2 needle_check' after 1.59814461515s
[INFO -- 2017-03-12 12:20:25]
shell stdout: 
[INFO -- 2017-03-12 12:20:25]
shell stdout: 
[INFO -- 2017-03-12 12:20:26]
shell stdout: 
[INFO -- 2017-03-12 12:20:26]
shell stdout: 
[INFO -- 2017-03-12 12:20:26]
shell stdout: 
[INFO -- 2017-03-12 12:20:26]
shell stdout: 
[INFO -- 2017-03-12 12:20:26]
shell stdout: 
[INFO -- 2017-03-12 12:20:26]
shell stdout: 
[INFO -- 2017-03-12 12:20:26]
shell stdout: 
[INFO -- 2017-03-12 12:20:26]
shell stdout: 
[INFO -- 2017-03-12 12:20:27]
shell stdout: 
[INFO -- 2017-03-12 12:20:27]
shell stdout: 
[INFO -- 2017-03-12 12:20:27]
shell stdout: 
[INFO -- 2017-03-12 12:20:27]
shell stdout: 
[INFO -- 2017-03-12 12:20:27]
shell stdout: 
[INFO -- 2017-03-12 12:20:27]
shell stdout: 
[INFO -- 2017-03-12 12:20:27]
shell stdout: 
[INFO -- 2017-03-12 12:20:28]
shell stdout: 
[INFO -- 2017-03-12 12:20:28]
shell stdout: 
[INFO -- 2017-03-12 12:20:28]
shell stdout: 
[INFO -- 2017-03-12 12:20:28]
shell stdout: 
[INFO -- 2017-03-12 12:20:28]
shell stdout: 
[INFO -- 2017-03-12 12:20:28]
shell stdout: 
[INFO -- 2017-03-12 12:20:28]
shell stdout: 
[INFO -- 2017-03-12 12:20:28]
shell stdout: 
[INFO -- 2017-03-12 12:20:29]
shell stdout: 
[INFO -- 2017-03-12 12:20:29]
shell stdout: 
[INFO -- 2017-03-12 12:20:29]
shell stdout: 
[INFO -- 2017-03-12 12:20:29]
shell stdout: 
[INFO -- 2017-03-12 12:20:29]
shell stdout: 
[INFO -- 2017-03-12 12:20:29]
shell stdout: 
[INFO -- 2017-03-12 12:20:29]
shell stdout: 
[INFO -- 2017-03-12 12:20:30]
shell stdout: 
[INFO -- 2017-03-12 12:20:30]
shell stdout: 
[INFO -- 2017-03-12 12:20:30]
shell stdout: 
[INFO -- 2017-03-12 12:20:30]
shell stdout: 
[INFO -- 2017-03-12 12:20:30]
shell stdout: 
[INFO -- 2017-03-12 12:20:30]
shell stdout: 
[INFO -- 2017-03-12 12:20:30]
shell stdout: 
[INFO -- 2017-03-12 12:20:31]
shell stdout: 
[INFO -- 2017-03-12 12:20:31]
shell stdout: 
[INFO -- 2017-03-12 12:20:31]
shell stdout: 
[INFO -- 2017-03-12 12:20:31]
shell stdout: 
[INFO -- 2017-03-12 12:20:31]
shell stdout: 
[INFO -- 2017-03-12 12:20:31]
shell stdout: 
[INFO -- 2017-03-12 12:20:31]
shell stdout: 
[INFO -- 2017-03-12 12:20:32]
shell stdout: 
[INFO -- 2017-03-12 12:20:32]
shell stdout: 
[INFO -- 2017-03-12 12:20:32]
shell stdout: 
[INFO -- 2017-03-12 12:20:32]
shell stdout: 
[INFO -- 2017-03-12 12:20:32]
shell stdout: 
[INFO -- 2017-03-12 12:20:32]
shell stdout: 
[INFO -- 2017-03-12 12:20:32]
shell stdout: 
[INFO -- 2017-03-12 12:20:32]
shell stdout: 
[INFO -- 2017-03-12 12:20:33]
shell stdout: 
[INFO -- 2017-03-12 12:20:33]
shell stdout: 
[INFO -- 2017-03-12 12:20:33]
shell stdout: 
[INFO -- 2017-03-12 12:20:33]
shell stdout: 
[INFO -- 2017-03-12 12:20:33]
shell stdout: 
[INFO -- 2017-03-12 12:20:33]
shell stdout: 
[INFO -- 2017-03-12 12:20:33]
shell stdout: 
[INFO -- 2017-03-12 12:20:34]
shell stdout: 
[INFO -- 2017-03-12 12:20:34]
shell stdout: 
[INFO -- 2017-03-12 12:20:34]
shell stdout: 
[INFO -- 2017-03-12 12:20:34]
shell stdout: 
[INFO -- 2017-03-12 12:20:34]
shell stdout: 
[INFO -- 2017-03-12 12:20:34]
shell stdout: 
[INFO -- 2017-03-12 12:20:34]
shell stdout: 
[INFO -- 2017-03-12 12:20:35]
shell stdout: 
[INFO -- 2017-03-12 12:20:35]
shell stdout: 
[INFO -- 2017-03-12 12:20:35]
shell stdout: 
[INFO -- 2017-03-12 12:20:35]
shell stdout: 
[INFO -- 2017-03-12 12:20:35]
shell stdout: 
[INFO -- 2017-03-12 12:20:35]
shell stdout: 
[INFO -- 2017-03-12 12:20:35]
shell stdout: 
[INFO -- 2017-03-12 12:20:35]
shell stdout: 
[INFO -- 2017-03-12 12:20:36]
shell stdout: 
[INFO -- 2017-03-12 12:20:36]
shell stdout: 
[INFO -- 2017-03-12 12:20:36]
shell stdout: 
[INFO -- 2017-03-12 12:20:36]
shell stdout: 
[INFO -- 2017-03-12 12:20:36]
shell stdout: 
[INFO -- 2017-03-12 12:20:36]
shell stdout: 
[INFO -- 2017-03-12 12:20:37]
shell stdout: 
[INFO -- 2017-03-12 12:20:37]
shell stdout: 
[INFO -- 2017-03-12 12:20:37]
shell stdout: 
[INFO -- 2017-03-12 12:20:37]
shell stdout: 
[INFO -- 2017-03-12 12:21:07]
no gdbExecName running, out:
[INFO -- 2017-03-12 12:21:07]
checCmd:ps -e | grep -i gdb-mic
[INFO -- 2017-03-12 12:21:07]
finished now-timestampStart < maxWaitTime*5
[INFO -- 2017-03-12 12:21:07]
now: 1489335665
[INFO -- 2017-03-12 12:21:07]
timestampStart: 1489335624
[INFO -- 2017-03-12 12:21:07]
kill cmd: killall -9 gdb-mic
[INFO -- 2017-03-12 12:21:07]
shell stdout: 
[INFO -- 2017-03-12 12:21:07]
kill cmd: ssh -T mic0 killall -9 needle_check
[INFO -- 2017-03-12 12:21:07]
shell stdout: 
[INFO -- 2017-03-12 12:21:07]
kill cmd: ssh -T mic0 killall -9 gdbserver
[INFO -- 2017-03-12 12:21:07]
shell stdout: 
[INFO -- 2017-03-12 12:21:08]
kill cmd: ssh -T mic0 killall -9 sshd
[INFO -- 2017-03-12 12:21:08]
shell stdout: 
