[INFO -- 2017-02-24 23:55:25]
Starting GDB script
[INFO -- 2017-02-24 23:55:25]
initSignal:9.0
[INFO -- 2017-02-24 23:55:25]
endSignal:12.0
[INFO -- 2017-02-24 23:55:25]
seqSignal:15
[INFO -- 2017-02-24 23:55:35]
sending 15 signals using command: 'ssh -T mic0 killall -2 hotspot_check' after 9.97539625003s
[INFO -- 2017-02-24 23:55:35]
sending 15 signals using command: 'ssh -T mic0 killall -2 hotspot_check' after 10.172022987s
[INFO -- 2017-02-24 23:55:35]
shell stdout: 
[INFO -- 2017-02-24 23:55:36]
shell stdout: 
[INFO -- 2017-02-24 23:55:36]
shell stdout: 
[INFO -- 2017-02-24 23:55:36]
shell stdout: 
[INFO -- 2017-02-24 23:55:36]
shell stdout: 
[INFO -- 2017-02-24 23:55:36]
shell stdout: 
[INFO -- 2017-02-24 23:55:36]
sending 15 signals using command: 'ssh -T mic0 killall -2 hotspot_check' after 11.4266739548s
[INFO -- 2017-02-24 23:55:37]
shell stdout: 
[INFO -- 2017-02-24 23:55:37]
shell stdout: 
[INFO -- 2017-02-24 23:55:37]
shell stdout: 
[INFO -- 2017-02-24 23:55:37]
shell stdout: 
[INFO -- 2017-02-24 23:55:37]
shell stdout: 
[INFO -- 2017-02-24 23:55:37]
shell stdout: 
[INFO -- 2017-02-24 23:55:37]
shell stdout: 
[INFO -- 2017-02-24 23:55:38]
shell stdout: 
[INFO -- 2017-02-24 23:55:38]
shell stdout: 
[INFO -- 2017-02-24 23:55:38]
shell stdout: 
[INFO -- 2017-02-24 23:55:38]
shell stdout: 
[INFO -- 2017-02-24 23:55:38]
shell stdout: 
[INFO -- 2017-02-24 23:55:38]
shell stdout: 
[INFO -- 2017-02-24 23:55:38]
shell stdout: 
[INFO -- 2017-02-24 23:55:39]
shell stdout: 
[INFO -- 2017-02-24 23:55:39]
shell stdout: 
[INFO -- 2017-02-24 23:55:39]
shell stdout: 
[INFO -- 2017-02-24 23:55:39]
shell stdout: 
[INFO -- 2017-02-24 23:55:39]
shell stdout: 
[INFO -- 2017-02-24 23:55:39]
shell stdout: 
[INFO -- 2017-02-24 23:55:39]
shell stdout: 
[INFO -- 2017-02-24 23:55:39]
shell stdout: 
[INFO -- 2017-02-24 23:55:40]
shell stdout: 
[INFO -- 2017-02-24 23:55:40]
shell stdout: 
[INFO -- 2017-02-24 23:55:40]
shell stdout: 
[INFO -- 2017-02-24 23:55:40]
shell stdout: 
[INFO -- 2017-02-24 23:55:41]
shell stdout: 
[INFO -- 2017-02-24 23:55:41]
shell stdout: 
[INFO -- 2017-02-24 23:55:41]
shell stdout: 
[INFO -- 2017-02-24 23:55:41]
shell stdout: 
[INFO -- 2017-02-24 23:55:41]
shell stdout: 
[INFO -- 2017-02-24 23:55:41]
shell stdout: 
[INFO -- 2017-02-24 23:55:42]
shell stdout: 
[INFO -- 2017-02-24 23:55:42]
shell stdout: 
[INFO -- 2017-02-24 23:55:42]
shell stdout: 
[INFO -- 2017-02-24 23:55:42]
shell stdout: 
[INFO -- 2017-02-24 23:55:43]
shell stdout: 
[INFO -- 2017-02-24 23:55:43]
shell stdout: 
[INFO -- 2017-02-24 23:55:44]
shell stdout: 
[INFO -- 2017-02-24 23:56:00]
no gdbExecName running, out:
[INFO -- 2017-02-24 23:56:00]
checCmd:ps -e | grep -i gdb-mic
[INFO -- 2017-02-24 23:56:00]
finished now-timestampStart < maxWaitTime*5
[INFO -- 2017-02-24 23:56:00]
now: 1487998559
[INFO -- 2017-02-24 23:56:00]
timestampStart: 1487998525
[INFO -- 2017-02-24 23:56:00]
kill cmd: killall -9 gdb-mic
[INFO -- 2017-02-24 23:56:00]
shell stdout: 
[INFO -- 2017-02-24 23:56:00]
kill cmd: ssh -T mic0 killall -9 hotspot_check
[INFO -- 2017-02-24 23:56:00]
shell stdout: 
[INFO -- 2017-02-24 23:56:01]
kill cmd: ssh -T mic0 killall -9 gdbserver
[INFO -- 2017-02-24 23:56:01]
shell stdout: 
[INFO -- 2017-02-24 23:56:01]
kill cmd: ssh -T mic0 killall -9 sshd
[INFO -- 2017-02-24 23:56:01]
shell stdout: 
