2016-10-29 13:13:14:Initialization strings:
2016-10-29 13:13:14:(1) target extended-remote | ssh -T mic0 gdbserver --multi -
2016-10-29 13:13:14:(2) set sysroot /opt/mpss/3.7/sysroots/k1om-mpss-linux/
2016-10-29 13:13:14:(3) set sysroot /opt/mpss/3.7/sysroots/k1om-mpss-linux/
2016-10-29 13:13:14:(4) file /micNfs/gdb-fault-injection-lavamd/bin/lavamd
2016-10-29 13:13:14:(5) set remote exec-file /micNfs/gdb-fault-injection-lavamd/bin/lavamd
2016-10-29 13:13:14:(6) set args 228 15 /micNfs/gdb-fault-injection-lavamd/bin/input_distance_228_15 /micNfs/gdb-fault-injection-lavamd/bin/input_charges_228_15 /micNfs/gdb-fault-injection-lavamd/bin/output_gold_228_15 1
2016-10-29 13:13:15:Trying Fault Injection
2016-10-29 13:13:15:Inferior PID: 61890
2016-10-29 13:13:15:Inferior is valid: True
2016-10-29 13:13:16:Inferior #threads: 157
2016-10-29 13:13:16:Backtrace BEGIN:
2016-10-29 13:13:16:#0  clone () at ../sysdeps/unix/sysv/linux/x86_64/clone.S:81
#1  0x00007ffff7430125 in create_thread (pd=pd@entry=0x7ffd677f5480, attr=attr@entry=0x7fffffffdd58, stopped_start=<optimized out>, stopped_start@entry=false, stackaddr=<optimized out>, thread_ran=0x7fffffffdaf7) at ../sysdeps/unix/sysv/linux/createthread.c:102
#2  0x00007ffff7431adf in __pthread_create_2_1 (newthread=<optimized out>, attr=<optimized out>, start_routine=<optimized out>, arg=<optimized out>) at pthread_create.c:664
#3  0x00007ffff790d323 in ?? ()
#4  0x0000000000000000 in ?? ()

2016-10-29 13:13:16:76	in ../sysdeps/unix/sysv/linux/x86_64/clone.S

2016-10-29 13:13:16:Backtrace END
2016-10-29 13:13:18:Thread name: None
2016-10-29 13:13:18:Thread num: 1
2016-10-29 13:13:18:Thread ptid: (61890, 61890, 0)
2016-10-29 13:13:18:bitFlip function
2016-10-29 13:13:18:Type: The type is an integer type.
2016-10-29 13:13:18:Type sizeof: 4
2016-10-29 13:13:18:Mem contents(hex):0x080x000x000x00
2016-10-29 13:13:18:base address to flip value: 0x7ffff743c244 
2016-10-29 13:13:18:address max offset: 4
2016-10-29 13:13:18:Memory content before bitflip:0x080x000x000x00
2016-10-29 13:13:18:Memory content after  bitflip:0x080x040x000x00
2016-10-29 13:13:18:Mem contents(hex):0x080x040x000x00
2016-10-29 13:13:18:frame name: create_thread
2016-10-29 13:13:18:symbol name: _thread_db_sizeof_td_thr_events_t
2016-10-29 13:13:18:symbol filename: ../nptl_db/structs.def
2016-10-29 13:13:18:symbol line: 44
2016-10-29 13:13:18:value: 1032
2016-10-29 13:13:18:value address: 0x7ffff743c244 <_thread_db_sizeof_td_thr_events_t>
2016-10-29 13:13:18:Type: The type is an integer type.
2016-10-29 13:13:18:Type sizeof: 4
2016-10-29 13:13:18:Fault Injection Successful after 4.12662601471s
2016-10-29 13:13:18:Fault Already Injected
2016-10-29 13:13:18:Fault Already Injected
2016-10-29 13:13:19:Fault Already Injected
2016-10-29 13:13:20:Fault Already Injected
2016-10-29 13:13:20:Fault Already Injected
2016-10-29 13:13:22:Fault Already Injected
2016-10-29 13:13:23:Fault Already Injected
2016-10-29 13:13:27:event type: exit
2016-10-29 13:13:27:exit code: 0
