[INFO -- 2017-03-27 18:47:41]
Starting GDB script
[INFO -- 2017-03-27 18:47:41]
initSignal:0.0
[INFO -- 2017-03-27 18:47:41]
endSignal:3.0
[INFO -- 2017-03-27 18:47:41]
seqSignal:30
[INFO -- 2017-03-27 18:47:42]
sending 30 signals using command: 'ssh -T mic0 killall -2 lavamd_check' after 1.30064834561s
[INFO -- 2017-03-27 18:47:43]
shell stdout: 
[INFO -- 2017-03-27 18:47:43]
shell stdout: 
[INFO -- 2017-03-27 18:47:43]
sending 30 signals using command: 'ssh -T mic0 killall -2 lavamd_check' after 2.34836264662s
[INFO -- 2017-03-27 18:47:44]
shell stdout: 
[INFO -- 2017-03-27 18:47:44]
sending 30 signals using command: 'ssh -T mic0 killall -2 lavamd_check' after 2.75444829538s
[INFO -- 2017-03-27 18:47:44]
shell stdout: 
[INFO -- 2017-03-27 18:47:44]
shell stdout: 
[INFO -- 2017-03-27 18:47:45]
shell stdout: 
[INFO -- 2017-03-27 18:47:45]
shell stdout: 
[INFO -- 2017-03-27 18:47:45]
shell stdout: 
[INFO -- 2017-03-27 18:47:45]
shell stdout: 
[INFO -- 2017-03-27 18:47:46]
shell stdout: 
[INFO -- 2017-03-27 18:47:46]
shell stdout: 
[INFO -- 2017-03-27 18:47:46]
shell stdout: 
[INFO -- 2017-03-27 18:47:47]
shell stdout: 
[INFO -- 2017-03-27 18:47:47]
shell stdout: 
[INFO -- 2017-03-27 18:47:47]
shell stdout: 
[INFO -- 2017-03-27 18:47:48]
shell stdout: 
[INFO -- 2017-03-27 18:47:48]
shell stdout: 
[INFO -- 2017-03-27 18:47:48]
shell stdout: 
[INFO -- 2017-03-27 18:47:49]
shell stdout: 
[INFO -- 2017-03-27 18:47:49]
shell stdout: 
[INFO -- 2017-03-27 18:47:49]
shell stdout: 
[INFO -- 2017-03-27 18:47:49]
shell stdout: 
[INFO -- 2017-03-27 18:47:49]
shell stdout: 
[INFO -- 2017-03-27 18:47:49]
shell stdout: 
[INFO -- 2017-03-27 18:47:50]
shell stdout: 
[INFO -- 2017-03-27 18:47:50]
shell stdout: 
[INFO -- 2017-03-27 18:47:50]
shell stdout: 
[INFO -- 2017-03-27 18:47:51]
shell stdout: 
[INFO -- 2017-03-27 18:47:51]
shell stdout: 
[INFO -- 2017-03-27 18:47:51]
shell stdout: 
[INFO -- 2017-03-27 18:47:51]
shell stdout: 
[INFO -- 2017-03-27 18:47:51]
shell stdout: 
[INFO -- 2017-03-27 18:47:51]
shell stdout: 
[INFO -- 2017-03-27 18:47:52]
shell stdout: 
[INFO -- 2017-03-27 18:47:52]
shell stdout: 
[INFO -- 2017-03-27 18:47:52]
shell stdout: 
[INFO -- 2017-03-27 18:47:52]
shell stdout: 
[INFO -- 2017-03-27 18:47:52]
shell stdout: 
[INFO -- 2017-03-27 18:47:52]
shell stdout: 
[INFO -- 2017-03-27 18:47:53]
shell stdout: 
[INFO -- 2017-03-27 18:47:53]
shell stdout: 
[INFO -- 2017-03-27 18:47:53]
shell stdout: 
[INFO -- 2017-03-27 18:47:54]
shell stdout: 
[INFO -- 2017-03-27 18:47:54]
shell stdout: 
[INFO -- 2017-03-27 18:47:54]
shell stdout: 
[INFO -- 2017-03-27 18:47:54]
shell stdout: 
[INFO -- 2017-03-27 18:47:54]
shell stdout: 
[INFO -- 2017-03-27 18:47:54]
shell stdout: 
[INFO -- 2017-03-27 18:47:55]
shell stdout: 
[INFO -- 2017-03-27 18:47:55]
shell stdout: 
[INFO -- 2017-03-27 18:47:55]
shell stdout: 
[INFO -- 2017-03-27 18:47:55]
shell stdout: 
[INFO -- 2017-03-27 18:47:55]
shell stdout: 
[INFO -- 2017-03-27 18:47:55]
shell stdout: 
[INFO -- 2017-03-27 18:47:55]
shell stdout: 
[INFO -- 2017-03-27 18:47:55]
shell stdout: 
[INFO -- 2017-03-27 18:47:56]
shell stdout: 
[INFO -- 2017-03-27 18:47:56]
shell stdout: 
[INFO -- 2017-03-27 18:47:56]
shell stdout: 
[INFO -- 2017-03-27 18:47:56]
shell stdout: 
[INFO -- 2017-03-27 18:47:56]
shell stdout: 
[INFO -- 2017-03-27 18:47:56]
shell stdout: 
[INFO -- 2017-03-27 18:47:56]
shell stdout: 
[INFO -- 2017-03-27 18:47:57]
shell stdout: 
[INFO -- 2017-03-27 18:47:57]
shell stdout: 
[INFO -- 2017-03-27 18:47:57]
shell stdout: 
[INFO -- 2017-03-27 18:47:57]
shell stdout: 
[INFO -- 2017-03-27 18:47:57]
shell stdout: 
[INFO -- 2017-03-27 18:47:57]
shell stdout: 
[INFO -- 2017-03-27 18:47:58]
shell stdout: 
[INFO -- 2017-03-27 18:47:58]
shell stdout: 
[INFO -- 2017-03-27 18:47:58]
shell stdout: 
[INFO -- 2017-03-27 18:47:58]
shell stdout: 
[INFO -- 2017-03-27 18:47:58]
shell stdout: 
[INFO -- 2017-03-27 18:47:58]
shell stdout: 
[INFO -- 2017-03-27 18:47:58]
shell stdout: 
[INFO -- 2017-03-27 18:47:59]
shell stdout: 
[INFO -- 2017-03-27 18:47:59]
shell stdout: 
[INFO -- 2017-03-27 18:47:59]
shell stdout: 
[INFO -- 2017-03-27 18:47:59]
shell stdout: 
[INFO -- 2017-03-27 18:47:59]
shell stdout: 
[INFO -- 2017-03-27 18:47:59]
shell stdout: 
[INFO -- 2017-03-27 18:47:59]
shell stdout: 
[INFO -- 2017-03-27 18:47:59]
shell stdout: 
[INFO -- 2017-03-27 18:48:00]
shell stdout: 
[INFO -- 2017-03-27 18:48:00]
shell stdout: 
[INFO -- 2017-03-27 18:48:00]
shell stdout: 
[INFO -- 2017-03-27 18:48:00]
shell stdout: 
[INFO -- 2017-03-27 18:48:01]
shell stdout: 
[INFO -- 2017-03-27 18:48:01]
shell stdout: 
[INFO -- 2017-03-27 18:48:08]
no gdbExecName running, out:
[INFO -- 2017-03-27 18:48:08]
checCmd:ps -e | grep -i gdb-mic
[INFO -- 2017-03-27 18:48:08]
finished now-timestampStart < maxWaitTime*5
[INFO -- 2017-03-27 18:48:08]
now: 1490654887
[INFO -- 2017-03-27 18:48:08]
timestampStart: 1490654861
[INFO -- 2017-03-27 18:48:08]
kill cmd: killall -9 gdb-mic
[INFO -- 2017-03-27 18:48:08]
shell stdout: 
[INFO -- 2017-03-27 18:48:08]
kill cmd: ssh -T mic0 killall -9 lavamd_check
[INFO -- 2017-03-27 18:48:08]
shell stdout: 
[INFO -- 2017-03-27 18:48:08]
kill cmd: ssh -T mic0 killall -9 gdbserver
[INFO -- 2017-03-27 18:48:08]
shell stdout: 
[INFO -- 2017-03-27 18:48:09]
kill cmd: ssh -T mic0 killall -9 sshd
[INFO -- 2017-03-27 18:48:09]
shell stdout: 
