2017-01-25 22:38:54:Starting GDB script
2017-01-25 22:38:54:initSignal:2.0
2017-01-25 22:38:54:endSignal:4.0
2017-01-25 22:38:54:seqSignal:30
2017-01-25 22:38:57:sending 30 signals using command: 'ssh -T mic0 killall -2 lud_check' after 2.99204337069s
2017-01-25 22:38:58:sending 30 signals using command: 'ssh -T mic0 killall -2 lud_check' after 3.83268087704s
2017-01-25 22:38:58:sending 30 signals using command: 'ssh -T mic0 killall -2 lud_check' after 3.88764836351s
2017-01-25 22:38:59:shell stdout: 
2017-01-25 22:38:59:shell stdout: 
2017-01-25 22:38:59:shell stdout: 
2017-01-25 22:38:59:shell stdout: 
2017-01-25 22:38:59:shell stdout: 
2017-01-25 22:38:59:shell stdout: 
2017-01-25 22:39:00:shell stdout: 
2017-01-25 22:39:00:shell stdout: 
2017-01-25 22:39:00:shell stdout: 
2017-01-25 22:39:00:shell stdout: 
2017-01-25 22:39:00:shell stdout: 
2017-01-25 22:39:00:shell stdout: 
2017-01-25 22:39:00:shell stdout: 
2017-01-25 22:39:01:shell stdout: 
2017-01-25 22:39:01:shell stdout: 
2017-01-25 22:39:01:shell stdout: 
2017-01-25 22:39:01:shell stdout: 
2017-01-25 22:39:01:shell stdout: 
2017-01-25 22:39:01:shell stdout: 
2017-01-25 22:39:02:shell stdout: 
2017-01-25 22:39:02:shell stdout: 
2017-01-25 22:39:02:shell stdout: 
2017-01-25 22:39:02:shell stdout: 
2017-01-25 22:39:02:shell stdout: 
2017-01-25 22:39:02:shell stdout: 
2017-01-25 22:39:02:shell stdout: 
2017-01-25 22:39:02:shell stdout: 
2017-01-25 22:39:02:shell stdout: 
2017-01-25 22:39:03:shell stdout: 
2017-01-25 22:39:03:shell stdout: 
2017-01-25 22:39:03:shell stdout: 
2017-01-25 22:39:03:shell stdout: 
2017-01-25 22:39:03:shell stdout: 
2017-01-25 22:39:03:shell stdout: 
2017-01-25 22:39:04:shell stdout: 
2017-01-25 22:39:04:shell stdout: 
2017-01-25 22:39:04:shell stdout: 
2017-01-25 22:39:04:shell stdout: 
2017-01-25 22:39:04:shell stdout: 
2017-01-25 22:39:04:shell stdout: 
2017-01-25 22:39:05:shell stdout: 
2017-01-25 22:39:05:shell stdout: 
2017-01-25 22:39:05:shell stdout: 
2017-01-25 22:39:05:shell stdout: 
2017-01-25 22:39:05:shell stdout: 
2017-01-25 22:39:05:shell stdout: 
2017-01-25 22:39:05:shell stdout: 
2017-01-25 22:39:05:shell stdout: 
2017-01-25 22:39:05:shell stdout: 
2017-01-25 22:39:06:shell stdout: 
2017-01-25 22:39:06:shell stdout: 
2017-01-25 22:39:06:shell stdout: 
2017-01-25 22:39:06:shell stdout: 
2017-01-25 22:39:06:shell stdout: 
2017-01-25 22:39:06:shell stdout: 
2017-01-25 22:39:07:shell stdout: 
2017-01-25 22:39:07:shell stdout: 
2017-01-25 22:39:07:shell stdout: 
2017-01-25 22:39:07:shell stdout: 
2017-01-25 22:39:07:shell stdout: 
2017-01-25 22:39:07:shell stdout: 
2017-01-25 22:39:07:shell stdout: 
2017-01-25 22:39:08:shell stdout: 
2017-01-25 22:39:08:shell stdout: 
2017-01-25 22:39:08:shell stdout: 
2017-01-25 22:39:08:shell stdout: 
2017-01-25 22:39:08:shell stdout: 
2017-01-25 22:39:08:shell stdout: 
2017-01-25 22:39:08:shell stdout: 
2017-01-25 22:39:08:shell stdout: 
2017-01-25 22:39:09:shell stdout: 
2017-01-25 22:39:09:shell stdout: 
2017-01-25 22:39:09:shell stdout: 
2017-01-25 22:39:09:shell stdout: 
2017-01-25 22:39:09:no gdbExecName running, out:
2017-01-25 22:39:09:checCmd:ps -e | grep -i gdb-mic
2017-01-25 22:39:09:finished now-timestampStart < maxWaitTime*5
2017-01-25 22:39:09:now: 1485401948
2017-01-25 22:39:09:timestampStart: 1485401934
2017-01-25 22:39:09:kill cmd: killall -9 gdb-mic
2017-01-25 22:39:09:shell stdout: 
2017-01-25 22:39:09:shell stdout: 
2017-01-25 22:39:09:shell stdout: 
2017-01-25 22:39:09:shell stdout: 
2017-01-25 22:39:09:kill cmd: ssh -T mic0 killall -9 lud_check
2017-01-25 22:39:09:shell stdout: 
2017-01-25 22:39:10:shell stdout: 
2017-01-25 22:39:10:shell stdout: 
2017-01-25 22:39:10:shell stdout: 
2017-01-25 22:39:10:kill cmd: ssh -T mic0 killall -9 gdbserver
2017-01-25 22:39:10:shell stdout: 
2017-01-25 22:39:10:shell stdout: 
2017-01-25 22:39:10:shell stdout: 
2017-01-25 22:39:10:shell stdout: 
2017-01-25 22:39:10:kill cmd: ssh -T mic0 killall -9 sshd
2017-01-25 22:39:10:shell stdout: 
