2017-01-24 01:02:41:Starting GDB script
2017-01-24 01:02:41:initSignal:4.0
2017-01-24 01:02:41:endSignal:6.0
2017-01-24 01:02:41:seqSignal:30
2017-01-24 01:02:45:sending 30 signals using command: 'ssh -T mic0 killall -2 lud_check' after 4.29120813061s
2017-01-24 01:02:45:sending 30 signals using command: 'ssh -T mic0 killall -2 lud_check' after 4.60893228255s
2017-01-24 01:02:45:sending 30 signals using command: 'ssh -T mic0 killall -2 lud_check' after 4.68170910103s
2017-01-24 01:02:46:shell stdout: 
2017-01-24 01:02:46:shell stdout: 
2017-01-24 01:02:46:shell stdout: 
2017-01-24 01:02:46:shell stdout: 
2017-01-24 01:02:46:shell stdout: 
2017-01-24 01:02:46:shell stdout: 
2017-01-24 01:02:47:shell stdout: 
2017-01-24 01:02:47:shell stdout: 
2017-01-24 01:02:47:shell stdout: 
2017-01-24 01:02:47:shell stdout: 
2017-01-24 01:02:47:shell stdout: 
2017-01-24 01:02:47:shell stdout: 
2017-01-24 01:02:48:shell stdout: 
2017-01-24 01:02:48:shell stdout: 
2017-01-24 01:02:48:shell stdout: 
2017-01-24 01:02:48:shell stdout: 
2017-01-24 01:02:48:shell stdout: 
2017-01-24 01:02:48:shell stdout: 
2017-01-24 01:02:49:shell stdout: 
2017-01-24 01:02:49:shell stdout: 
2017-01-24 01:02:49:shell stdout: 
2017-01-24 01:02:49:shell stdout: 
2017-01-24 01:02:49:shell stdout: 
2017-01-24 01:02:49:shell stdout: 
2017-01-24 01:02:49:shell stdout: 
2017-01-24 01:02:49:shell stdout: 
2017-01-24 01:02:49:shell stdout: 
2017-01-24 01:02:50:shell stdout: 
2017-01-24 01:02:50:shell stdout: 
2017-01-24 01:02:50:shell stdout: 
2017-01-24 01:02:50:shell stdout: 
2017-01-24 01:02:50:shell stdout: 
2017-01-24 01:02:50:shell stdout: 
2017-01-24 01:02:51:shell stdout: 
2017-01-24 01:02:51:shell stdout: 
2017-01-24 01:02:51:shell stdout: 
2017-01-24 01:02:51:shell stdout: 
2017-01-24 01:02:51:shell stdout: 
2017-01-24 01:02:51:shell stdout: 
2017-01-24 01:02:52:shell stdout: 
2017-01-24 01:02:52:shell stdout: 
2017-01-24 01:02:52:shell stdout: 
2017-01-24 01:02:52:shell stdout: 
2017-01-24 01:02:52:shell stdout: 
2017-01-24 01:02:52:shell stdout: 
2017-01-24 01:02:53:shell stdout: 
2017-01-24 01:02:53:shell stdout: 
2017-01-24 01:02:53:shell stdout: 
2017-01-24 01:02:53:shell stdout: 
2017-01-24 01:02:53:shell stdout: 
2017-01-24 01:02:53:shell stdout: 
2017-01-24 01:02:53:shell stdout: 
2017-01-24 01:02:53:shell stdout: 
2017-01-24 01:02:53:shell stdout: 
2017-01-24 01:02:54:shell stdout: 
2017-01-24 01:02:54:shell stdout: 
2017-01-24 01:02:54:shell stdout: 
2017-01-24 01:02:54:shell stdout: 
2017-01-24 01:02:54:shell stdout: 
2017-01-24 01:02:54:shell stdout: 
2017-01-24 01:02:55:shell stdout: 
2017-01-24 01:02:55:shell stdout: 
2017-01-24 01:02:55:shell stdout: 
2017-01-24 01:02:55:shell stdout: 
2017-01-24 01:02:55:shell stdout: 
2017-01-24 01:02:55:shell stdout: 
2017-01-24 01:02:55:shell stdout: 
2017-01-24 01:02:56:shell stdout: 
2017-01-24 01:02:56:shell stdout: 
2017-01-24 01:02:56:shell stdout: 
2017-01-24 01:02:56:shell stdout: 
2017-01-24 01:02:56:shell stdout: 
2017-01-24 01:02:56:shell stdout: 
2017-01-24 01:02:56:no gdbExecName running, out:
2017-01-24 01:02:56:checCmd:ps -e | grep -i gdb-mic
2017-01-24 01:02:56:finished now-timestampStart < maxWaitTime*5
2017-01-24 01:02:56:now: 1485237775
2017-01-24 01:02:56:timestampStart: 1485237761
2017-01-24 01:02:56:kill cmd: killall -9 gdb-mic
2017-01-24 01:02:56:shell stdout: 
2017-01-24 01:02:56:shell stdout: 
2017-01-24 01:02:56:shell stdout: 
2017-01-24 01:02:57:shell stdout: 
2017-01-24 01:02:57:kill cmd: ssh -T mic0 killall -9 lud_check
2017-01-24 01:02:57:shell stdout: 
2017-01-24 01:02:57:shell stdout: 
2017-01-24 01:02:57:shell stdout: 
2017-01-24 01:02:57:shell stdout: 
2017-01-24 01:02:57:kill cmd: ssh -T mic0 killall -9 gdbserver
2017-01-24 01:02:57:shell stdout: 
2017-01-24 01:02:57:shell stdout: 
2017-01-24 01:02:57:shell stdout: 
2017-01-24 01:02:58:shell stdout: 
2017-01-24 01:02:58:shell stdout: 
2017-01-24 01:02:58:kill cmd: ssh -T mic0 killall -9 sshd
2017-01-24 01:02:58:shell stdout: 
2017-01-24 01:02:58:shell stdout: 
