2016-11-02 06:31:48:sending signal using command: 'ssh -T mic0 killall -2 hotspot_check' after 11.5967901036s
2016-11-02 06:31:48:shell stdout: 
2016-11-02 06:31:50:sending signal using command: 'ssh -T mic0 killall -2 hotspot_check' after 13.6352432301s
2016-11-02 06:31:50:shell stdout: 
2016-11-02 06:31:51:sending signal using command: 'ssh -T mic0 killall -2 hotspot_check' after 14.0751041665s
2016-11-02 06:31:51:shell stdout: 
2016-11-02 07:14:46:Starting GDB script
2016-11-02 07:14:46:sending signal using command: 'ssh -T mic0 killall -2 hotspot_check' after 0.338054435588s
2016-11-02 07:14:46:shell stdout: 
2016-11-02 07:14:46:sending signal using command: 'ssh -T mic0 killall -2 hotspot_check' after 0.545302208334s
2016-11-02 07:14:46:shell stdout: 
2016-11-02 07:14:50:sending signal using command: 'ssh -T mic0 killall -2 hotspot_check' after 4.43190677234s
2016-11-02 07:14:50:shell stdout: 
2016-11-02 07:14:53:sending signal using command: 'ssh -T mic0 killall -2 hotspot_check' after 6.84210294558s
2016-11-02 07:14:53:shell stdout: 
2016-11-02 07:14:53:sending signal using command: 'ssh -T mic0 killall -2 hotspot_check' after 7.16947841869s
2016-11-02 07:14:53:shell stdout: 
2016-11-02 07:14:54:sending signal using command: 'ssh -T mic0 killall -2 hotspot_check' after 7.58508957301s
2016-11-02 07:14:54:shell stdout: 
2016-11-02 07:14:57:sending signal using command: 'ssh -T mic0 killall -2 hotspot_check' after 11.2792961829s
2016-11-02 07:14:57:shell stdout: 
2016-11-02 07:14:58:sending signal using command: 'ssh -T mic0 killall -2 hotspot_check' after 11.5694018386s
2016-11-02 07:14:58:shell stdout: 
2016-11-02 07:15:00:sending signal using command: 'ssh -T mic0 killall -2 hotspot_check' after 13.9300223166s
2016-11-02 07:15:00:shell stdout: 
2016-11-02 07:15:01:sending signal using command: 'ssh -T mic0 killall -2 hotspot_check' after 14.6049328457s
2016-11-02 07:15:01:shell stdout: 
2016-11-02 07:15:07:no gdbExecName running, out:
2016-11-02 07:15:07:checCmd:ps -e | grep -i gdb-mic
2016-11-02 07:15:07:finished now-timestampStart < maxWaitTime*5
2016-11-02 07:15:07:now: 1478085306
2016-11-02 07:15:07:timestampStart: 1478085286
2016-11-02 07:15:07:kill cmd: killall -9 gdb-mic
2016-11-02 07:15:07:shell stdout: 
2016-11-02 07:15:07:kill cmd: ssh -T mic0 killall -9 hotspot_check
2016-11-02 07:15:07:shell stdout: 
2016-11-02 07:15:08:kill cmd: ssh -T mic0 killall -9 gdbserver
2016-11-02 07:15:08:shell stdout: 
