[INFO -- 2017-02-25 05:06:10]
Starting flip_value script
version: 2.0
[INFO -- 2017-02-25 05:06:10]
Initialization strings:
[INFO -- 2017-02-25 05:06:10]
(1) target extended-remote | ssh -T mic1 gdbserver --multi -
[INFO -- 2017-02-25 05:06:10]
(2) set sysroot /opt/mpss/3.7/sysroots/k1om-mpss-linux/
[INFO -- 2017-02-25 05:06:10]
(3) set sysroot /opt/mpss/3.7/sysroots/k1om-mpss-linux/
[INFO -- 2017-02-25 05:06:10]
(4) file /micNfs/gdb-fault-injection/injector/bin/lud/lud_check
[INFO -- 2017-02-25 05:06:10]
(5) set remote exec-file /micNfs/gdb-fault-injection/injector/bin/lud/lud_check
[INFO -- 2017-02-25 05:06:10]
(6) set args -s 2048 -n 228 -i /micNfs/gdb-fault-injection/injector/bin/lud/input_2048_th_228 -g /micNfs/gdb-fault-injection/injector/bin/lud/gold_2048_th_228
[INFO -- 2017-02-25 05:06:10]
initSignal:4
[INFO -- 2017-02-25 05:06:10]
endSignal:8
[INFO -- 2017-02-25 05:06:10]
seqSignal:30
[INFO -- 2017-02-25 05:06:10]
faultMode:2
