2016-11-01 21:51:42:Starting GDB script
2016-11-01 21:51:47:sending signal using command: 'ssh -T mic0 killall -2 needle_check' after 5.11968679172s
2016-11-01 21:51:47:shell stdout: 
2016-11-01 21:51:48:sending signal using command: 'ssh -T mic0 killall -2 needle_check' after 5.91942441519s
2016-11-01 21:51:48:shell stdout: 
2016-11-01 21:51:48:sending signal using command: 'ssh -T mic0 killall -2 needle_check' after 5.98493537836s
2016-11-01 21:51:48:shell stdout: 
2016-11-01 21:51:48:sending signal using command: 'ssh -T mic0 killall -2 needle_check' after 6.18269594426s
2016-11-01 21:51:48:shell stdout: 
2016-11-01 21:51:50:sending signal using command: 'ssh -T mic0 killall -2 needle_check' after 7.81895488151s
2016-11-01 21:51:50:shell stdout: 
2016-11-01 21:51:51:sending signal using command: 'ssh -T mic0 killall -2 needle_check' after 9.09286153925s
2016-11-01 21:51:51:shell stdout: 
2016-11-01 21:51:53:sending signal using command: 'ssh -T mic0 killall -2 needle_check' after 10.7947235118s
2016-11-01 21:51:53:shell stdout: 
2016-11-01 21:51:53:sending signal using command: 'ssh -T mic0 killall -2 needle_check' after 10.9903593394s
2016-11-01 21:51:53:shell stdout: 
2016-11-01 21:52:00:sending signal using command: 'ssh -T mic0 killall -2 needle_check' after 16.140245543s
2016-11-01 21:52:00:shell stdout: 
2016-11-01 21:52:00:sending signal using command: 'ssh -T mic0 killall -2 needle_check' after 16.1387639181s
2016-11-01 21:52:00:shell stdout: 
2016-11-01 21:52:10:no gdbExecName running, out:
2016-11-01 21:52:10:checCmd:ps -e | grep -i gdb-mic
2016-11-01 21:52:10:finished now-timestampStart < maxWaitTime*5
2016-11-01 21:52:10:now: 1478051529
2016-11-01 21:52:10:timestampStart: 1478051502
2016-11-01 21:52:10:kill cmd: killall -9 gdb-mic
2016-11-01 21:52:10:shell stdout: 
2016-11-01 21:52:11:kill cmd: ssh -T mic0 killall -9 needle_check
2016-11-01 21:52:11:shell stdout: 
2016-11-01 21:52:11:kill cmd: ssh -T mic0 killall -9 gdbserver
2016-11-01 21:52:11:shell stdout: 
2016-11-01 21:52:11:kill cmd: ssh -T mic0 killall -9 sshd
2016-11-01 21:52:11:shell stdout: 
