#HEADER matrix_dim:2048 threads:228
#BEGIN Y:2017 M:01 D:25 Time:12:20:36
#IT Ite:0 KerTime:19.632366 AccTime:19.632366
#ERR  p: [1071, 1834], r: 4.6625721454620361e-01, e: 4.6625646948814392e-01
#ERR  p: [1062, 1834], r: 4.6198713779449463e-01, e: 4.6198678016662598e-01
#ERR  p: [1080, 1834], r: 4.7042244672775269e-01, e: 4.7042843699455261e-01
#ERR  p: [1089, 1834], r: 4.7480332851409912e-01, e: 4.7481828927993774e-01
#ERR  p: [1899, 1834], r: 1.8718838691711426e-02, e: 1.8721520900726318e-02
#ERR  p: [2007, 1834], r: 1.6804039478302002e-02, e: 1.6804814338684082e-02
#ERR  p: [1989, 1834], r: 1.7109990119934082e-02, e: 1.7109006643295288e-02
#ERR  p: [1386, 1834], r: 6.3870209455490112e-01, e: 6.3869690895080566e-01
#ERR  p: [1072, 1834], r: 5.0079655647277832e-01, e: 4.6673184633255005e-01
#ERR  p: [1890, 1834], r: 1.8889933824539185e-02, e: 1.8889784812927246e-02
#ERR  p: [1872, 1834], r: 1.9232213497161865e-02, e: 1.9233316183090210e-02
#ERR  p: [1908, 1834], r: 1.8545269966125488e-02, e: 1.8549323081970215e-02
#ERR  p: [1917, 1834], r: 1.8390312790870667e-02, e: 1.8389791250228882e-02
#ERR  p: [1845, 1834], r: 1.9758358597755432e-02, e: 1.9759088754653931e-02
#ERR  p: [1098, 1834], r: 4.7908169031143188e-01, e: 4.7908020019531250e-01
#ERR  p: [1107, 1834], r: 4.8336786031723022e-01, e: 4.8336470127105713e-01
#ERR  p: [1296, 1834], r: 5.8409243822097778e-01, e: 5.8409470319747925e-01
#ERR  p: [1287, 1834], r: 5.7885736227035522e-01, e: 5.7884317636489868e-01
#ERR  p: [1056, 1834], r: 4.2471876740455627e-01, e: 4.5931780338287354e-01
#ERR  p: [1179, 1834], r: 5.1945930719375610e-01, e: 5.1944959163665771e-01
#ERR  p: [1404, 1834], r: 6.5048545598983765e-01, e: 6.5047574043273926e-01
#ERR  p: [1836, 1834], r: 1.9934806972742081e-02, e: 1.9937073811888695e-02
#ERR  p: [1422, 1834], r: 6.6232371330261230e-01, e: 6.6232967376708984e-01
#ERR  p: [1431, 1834], r: 6.6827368736267090e-01, e: 6.6824942827224731e-01
#ERR  p: [1332, 1834], r: 6.0523706674575806e-01, e: 6.0524320602416992e-01
#ERR  p: [2024, 1834], r: 1.6521573066711426e-02, e: 1.6523063182830811e-02
#ERR  p: [1341, 1834], r: 6.1095023155212402e-01, e: 6.1096364259719849e-01
#ERR  p: [1350, 1834], r: 6.1616468429565430e-01, e: 6.1618852615356445e-01
#ERR  p: [1269, 1834], r: 5.6820029020309448e-01, e: 5.6820720434188843e-01
#ERR  p: [2032, 1834], r: 1.6387715935707092e-02, e: 1.6388431191444397e-02
#ERR  p: [1305, 1834], r: 5.8907163143157959e-01, e: 5.8906829357147217e-01
#ERR  p: [1368, 1834], r: 6.2748956680297852e-01, e: 6.2745821475982666e-01
#ERR  p: [1377, 1834], r: 6.3312876224517822e-01, e: 6.3314807415008545e-01
#ERR  p: [1323, 1834], r: 5.9992873668670654e-01, e: 5.9992051124572754e-01
#ERR  p: [1440, 1834], r: 6.7427110671997070e-01, e: 6.7426890134811401e-01
#ERR  p: [1395, 1834], r: 6.4479130506515503e-01, e: 6.4476907253265381e-01
#ERR  p: [1314, 1834], r: 5.9460866451263428e-01, e: 5.9459298849105835e-01
#ERR  p: [1449, 1834], r: 6.8042922019958496e-01, e: 6.8041950464248657e-01
#ERR  p: [1359, 1834], r: 6.2194967269897461e-01, e: 6.2192952632904053e-01
#ERR  p: [1971, 1834], r: 1.7418146133422852e-02, e: 1.7418131232261658e-02
#ERR  p: [1090, 1834], r: 4.7525003552436829e-01, e: 4.7524097561836243e-01
#ERR  p: [1980, 1834], r: 1.7264693975448608e-02, e: 1.7266184091567993e-02
#ERR  p: [1854, 1834], r: 1.9580185413360596e-02, e: 1.9580200314521790e-02
#ERR  p: [1863, 1834], r: 1.9403755664825439e-02, e: 1.9406825304031372e-02
#ERR  p: [1251, 1834], r: 5.5820590257644653e-01, e: 5.5820071697235107e-01
#ERR  p: [1737, 1834], r: 9.0740245580673218e-01, e: 9.0737861394882202e-01
#ERR  p: [1773, 1834], r: 9.4092357158660889e-01, e: 9.4099515676498413e-01
#ERR  p: [1962, 1834], r: 1.7574787139892578e-02, e: 1.7576336860656738e-02
#ERR  p: [1998, 1834], r: 1.6953155398368835e-02, e: 1.6953289508819580e-02
#ERR  p: [2016, 1834], r: 1.6652539372444153e-02, e: 1.6653582453727722e-02
#ERR  p: [1413, 1834], r: 6.5630304813385010e-01, e: 6.5626204013824463e-01
#ERR  p: [1116, 1834], r: 4.8766261339187622e-01, e: 4.8766222596168518e-01
#ERR  p: [1125, 1834], r: 4.9213352799415588e-01, e: 4.9213504791259766e-01
#ERR  p: [1638, 1834], r: 8.2202619314193726e-01, e: 8.2206010818481445e-01
#ERR  p: [2040, 1834], r: 1.6258955001831055e-02, e: 1.6258254647254944e-02
#ERR  p: [1953, 1834], r: 1.7731785774230957e-02, e: 1.7733484506607056e-02
#ERR  p: [1134, 1834], r: 4.9653470516204834e-01, e: 4.9652725458145142e-01
#ERR  p: [1521, 1834], r: 7.3107033967971802e-01, e: 7.3107266426086426e-01
#ERR  p: [1215, 1834], r: 5.3845345973968506e-01, e: 5.3846836090087891e-01
#ERR  p: [1161, 1834], r: 5.1021730899810791e-01, e: 5.1021248102188110e-01
#ERR  p: [1197, 1834], r: 5.2894473075866699e-01, e: 5.2894693613052368e-01
#ERR  p: [1233, 1834], r: 5.4836410284042358e-01, e: 5.4835665225982666e-01
#ERR  p: [1458, 1834], r: 6.8668109178543091e-01, e: 6.8671542406082153e-01
#ERR  p: [1152, 1834], r: 5.0557637214660645e-01, e: 5.0556290149688721e-01
#ERR  p: [1188, 1834], r: 5.2405440807342529e-01, e: 5.2405232191085815e-01
#ERR  p: [1170, 1834], r: 5.1482629776000977e-01, e: 5.1482474803924561e-01
#ERR  p: [1539, 1834], r: 7.4450618028640747e-01, e: 7.4447482824325562e-01
#ERR  p: [1719, 1834], r: 8.9130192995071411e-01, e: 8.9138543605804443e-01
#ERR  p: [1206, 1834], r: 5.3365337848663330e-01, e: 5.3365373611450195e-01
#ERR  p: [1143, 1834], r: 5.0103205442428589e-01, e: 5.0103390216827393e-01
#ERR  p: [1242, 1834], r: 5.5306905508041382e-01, e: 5.5307358503341675e-01
#ERR  p: [1926, 1834], r: 1.8221706151962280e-02, e: 1.8223911523818970e-02
#ERR  p: [1224, 1834], r: 5.4344123601913452e-01, e: 5.4342818260192871e-01
#ERR  p: [1278, 1834], r: 5.7357120513916016e-01, e: 5.7356226444244385e-01
#ERR  p: [1935, 1834], r: 1.8053010106086731e-02, e: 1.8054321408271790e-02
#ERR  p: [1081, 1834], r: 4.7092944383621216e-01, e: 4.7094249725341797e-01
#ERR  p: [1063, 1834], r: 4.6260389685630798e-01, e: 4.6260464191436768e-01
#ERR  p: [1260, 1834], r: 5.6324845552444458e-01, e: 5.6326037645339966e-01
#ERR  p: [1791, 1834], r: 9.5809262990951538e-01, e: 9.5792853832244873e-01
#ERR  p: [1881, 1834], r: 1.9058346748352051e-02, e: 1.9059732556343079e-02
#ERR  p: [1944, 1834], r: 1.7887741327285767e-02, e: 1.7889261245727539e-02
#ERR  p: [1485, 1834], r: 7.0532864332199097e-01, e: 7.0535171031951904e-01
#ERR  p: [1827, 1834], r: 9.9316704273223877e-01, e: 9.9320453405380249e-01
#ERR  p: [1656, 1834], r: 8.3683335781097412e-01, e: 8.3678185939788818e-01
#ERR  p: [1476, 1834], r: 6.9900280237197876e-01, e: 6.9899010658264160e-01
#ERR  p: [1728, 1834], r: 8.9927554130554199e-01, e: 8.9921444654464722e-01
#ERR  p: [1467, 1834], r: 6.9267010688781738e-01, e: 6.9264698028564453e-01
#ERR  p: [1701, 1834], r: 8.7541747093200684e-01, e: 8.7552964687347412e-01
#ERR  p: [1746, 1834], r: 9.1571563482284546e-01, e: 9.1566491127014160e-01
#ERR  p: [1755, 1834], r: 9.2404639720916748e-01, e: 9.2400687932968140e-01
#ERR  p: [1620, 1834], r: 8.0719798803329468e-01, e: 8.0721139907836914e-01
#ERR  p: [1764, 1834], r: 9.3239885568618774e-01, e: 9.3249094486236572e-01
#ERR  p: [1782, 1834], r: 9.4940352439880371e-01, e: 9.4950419664382935e-01
#ERR  p: [1800, 1834], r: 9.6668565273284912e-01, e: 9.6664535999298096e-01
#ERR  p: [1809, 1834], r: 9.7532904148101807e-01, e: 9.7530215978622437e-01
#ERR  p: [1818, 1834], r: 9.8425233364105225e-01, e: 9.8423737287521362e-01
#ERR  p: [1602, 1834], r: 7.9286360740661621e-01, e: 7.9284721612930298e-01
#ERR  p: [1593, 1834], r: 7.8577482700347900e-01, e: 7.8572785854339600e-01
#ERR  p: [1611, 1834], r: 7.9992443323135376e-01, e: 7.9998260736465454e-01
#ERR  p: [1584, 1834], r: 7.7858132123947144e-01, e: 7.7862530946731567e-01
#ERR  p: [1629, 1834], r: 8.1460219621658325e-01, e: 8.1460446119308472e-01
#ERR  p: [1494, 1834], r: 7.1178185939788818e-01, e: 7.1176660060882568e-01
#ERR  p: [1692, 1834], r: 8.6759358644485474e-01, e: 8.6771738529205322e-01
#ERR  p: [1575, 1834], r: 7.7198022603988647e-01, e: 7.7188920974731445e-01
#ERR  p: [1683, 1834], r: 8.6002618074417114e-01, e: 8.5997265577316284e-01
#ERR  p: [1530, 1834], r: 7.3793166875839233e-01, e: 7.3781383037567139e-01
#ERR  p: [1665, 1834], r: 8.4467148780822754e-01, e: 8.4461182355880737e-01
#ERR  p: [1647, 1834], r: 8.2964724302291870e-01, e: 8.2969427108764648e-01
#ERR  p: [1566, 1834], r: 7.6492011547088623e-01, e: 7.6487010717391968e-01
#ERR  p: [1512, 1834], r: 7.2476464509963989e-01, e: 7.2475761175155640e-01
#ERR  p: [1710, 1834], r: 8.8342434167861938e-01, e: 8.8338631391525269e-01
#ERR  p: [1674, 1834], r: 8.5211527347564697e-01, e: 8.5207873582839966e-01
#ERR  p: [1557, 1834], r: 7.5815683603286743e-01, e: 7.5809866189956665e-01
#ERR  p: [1504, 1834], r: 7.1907764673233032e-01, e: 7.1907240152359009e-01
#ERR  p: [1548, 1834], r: 7.5110352039337158e-01, e: 7.5114679336547852e-01
#ERR  p: [1899, 1835], r: 1.8745794892311096e-02, e: 1.8744945526123047e-02
#ERR  p: [2007, 1835], r: 1.6819596290588379e-02, e: 1.6820475459098816e-02
#ERR  p: [1989, 1835], r: 1.7125606536865234e-02, e: 1.7128258943557739e-02
#ERR  p: [1057, 1834], r: 4.5968782901763916e-01, e: 4.5970129966735840e-01
#ERR  p: [1073, 1834], r: 4.6728658676147461e-01, e: 4.6728563308715820e-01
#ERR  p: [1099, 1834], r: 4.7949555516242981e-01, e: 4.7949182987213135e-01
#ERR  p: [1108, 1834], r: 4.8377093672752380e-01, e: 4.8376944661140442e-01
#ERR  p: [1180, 1834], r: 5.1982212066650391e-01, e: 5.1983034610748291e-01
#ERR  p: [1064, 1834], r: 4.6300458908081055e-01, e: 4.6300721168518066e-01
#ERR  p: [1082, 1834], r: 4.7151613235473633e-01, e: 4.7149860858917236e-01
#ERR  p: [1360, 1834], r: 6.2248003482818604e-01, e: 6.2249195575714111e-01
#ERR  p: [1091, 1834], r: 4.7566658258438110e-01, e: 4.7566884756088257e-01
#ERR  p: [1117, 1834], r: 4.8825788497924805e-01, e: 4.8825415968894958e-01
#ERR  p: [1126, 1834], r: 4.9256244301795959e-01, e: 4.9255555868148804e-01
#ERR  p: [1135, 1834], r: 4.9702528119087219e-01, e: 4.9701854586601257e-01
#ERR  p: [1144, 1834], r: 5.0154471397399902e-01, e: 5.0154137611389160e-01
#ERR  p: [1058, 1834], r: 4.6023392677307129e-01, e: 4.6023225784301758e-01
#ERR  p: [1153, 1834], r: 5.0601595640182495e-01, e: 5.0602120161056519e-01
#ERR  p: [1162, 1834], r: 5.1069718599319458e-01, e: 5.1069754362106323e-01
#ERR  p: [1171, 1834], r: 5.1528829336166382e-01, e: 5.1528537273406982e-01
#ERR  p: [1189, 1834], r: 5.2481508255004883e-01, e: 5.2482491731643677e-01
#ERR  p: [1198, 1834], r: 5.2940386533737183e-01, e: 5.2939635515213013e-01
#ERR  p: [1207, 1834], r: 5.3409987688064575e-01, e: 5.3408718109130859e-01
#ERR  p: [1216, 1834], r: 5.3902822732925415e-01, e: 5.3902745246887207e-01
#ERR  p: [1270, 1834], r: 5.6885653734207153e-01, e: 5.6884944438934326e-01
#ERR  p: [1288, 1834], r: 5.7908928394317627e-01, e: 5.7908332347869873e-01
#ERR  p: [1225, 1834], r: 5.4387778043746948e-01, e: 5.4388004541397095e-01
#ERR  p: [1297, 1834], r: 5.8442562818527222e-01, e: 5.8440697193145752e-01
#ERR  p: [1234, 1834], r: 5.4861772060394287e-01, e: 5.4863411188125610e-01
#ERR  p: [1243, 1834], r: 5.5377054214477539e-01, e: 5.5377089977264404e-01
#ERR  p: [1252, 1834], r: 5.5877363681793213e-01, e: 5.5877530574798584e-01
#ERR  p: [1306, 1834], r: 5.8986371755599976e-01, e: 5.8986300230026245e-01
#ERR  p: [1324, 1834], r: 6.0041821002960205e-01, e: 6.0041743516921997e-01
#ERR  p: [1333, 1834], r: 6.0586667060852051e-01, e: 6.0585361719131470e-01
#ERR  p: [1342, 1834], r: 6.1124455928802490e-01, e: 6.1123931407928467e-01
#ERR  p: [1351, 1834], r: 6.1696738004684448e-01, e: 6.1695766448974609e-01
#ERR  p: [1369, 1834], r: 6.2803071737289429e-01, e: 6.2806761264801025e-01
#ERR  p: [1261, 1834], r: 5.6369274854660034e-01, e: 5.6368231773376465e-01
#ERR  p: [1279, 1834], r: 5.7404148578643799e-01, e: 5.7404077053070068e-01
#ERR  p: [1074, 1834], r: 4.6759539842605591e-01, e: 4.6759185194969177e-01
#ERR  p: [1387, 1834], r: 6.3952040672302246e-01, e: 6.3951295614242554e-01
#ERR  p: [1181, 1834], r: 5.2057445049285889e-01, e: 5.2056103944778442e-01
#ERR  p: [1378, 1834], r: 6.3363993167877197e-01, e: 6.3362514972686768e-01
#ERR  p: [1315, 1834], r: 5.9517854452133179e-01, e: 5.9518748521804810e-01
#ERR  p: [1405, 1834], r: 6.5112382173538208e-01, e: 6.5112084150314331e-01
#ERR  p: [1100, 1834], r: 4.7983625531196594e-01, e: 4.7984221577644348e-01
#ERR  p: [1396, 1834], r: 6.4518600702285767e-01, e: 6.4520406723022461e-01
#ERR  p: [1109, 1834], r: 4.8441720008850098e-01, e: 4.8441740870475769e-01
#ERR  p: [1423, 1834], r: 6.6294246912002563e-01, e: 6.6296261548995972e-01
#ERR  p: [1432, 1834], r: 6.6887950897216797e-01, e: 6.6886085271835327e-01
#ERR  p: [1441, 1834], r: 6.7492222785949707e-01, e: 6.7491775751113892e-01
#ERR  p: [1414, 1834], r: 6.5694594383239746e-01, e: 6.5699779987335205e-01
#ERR  p: [1450, 1834], r: 6.8105202913284302e-01, e: 6.8103635311126709e-01
#ERR  p: [1459, 1834], r: 6.8704837560653687e-01, e: 6.8703120946884155e-01
#ERR  p: [1468, 1834], r: 6.9334512948989868e-01, e: 6.9334435462951660e-01
#ERR  p: [1477, 1834], r: 6.9958990812301636e-01, e: 6.9955933094024658e-01
#ERR  p: [1505, 1834], r: 7.1981012821197510e-01, e: 7.1976011991500854e-01
#ERR  p: [1486, 1834], r: 7.0605766773223877e-01, e: 7.0604646205902100e-01
#ERR  p: [1495, 1834], r: 7.1254312992095947e-01, e: 7.1250134706497192e-01
#ERR  p: [1513, 1834], r: 7.2543257474899292e-01, e: 7.2545343637466431e-01
#ERR  p: [1522, 1834], r: 7.3204308748245239e-01, e: 7.3205202817916870e-01
#ERR  p: [1549, 1834], r: 7.5229972600936890e-01, e: 7.5223857164382935e-01
#ERR  p: [1621, 1834], r: 8.0817955732345581e-01, e: 8.0823439359664917e-01
#ERR  p: [1639, 1834], r: 8.2299834489822388e-01, e: 8.2305985689163208e-01
#ERR  p: [1540, 1834], r: 7.4507147073745728e-01, e: 7.4505358934402466e-01
#ERR  p: [1675, 1834], r: 8.5316044092178345e-01, e: 8.5311120748519897e-01
#ERR  p: [1558, 1834], r: 7.5870037078857422e-01, e: 7.5880891084671021e-01
#ERR  p: [1890, 1835], r: 1.8910050392150879e-02, e: 1.8912047147750854e-02
#ERR  p: [1845, 1835], r: 1.9784837961196899e-02, e: 1.9786044955253601e-02
#ERR  p: [1836, 1835], r: 1.9963908940553665e-02, e: 1.9963599741458893e-02
#ERR  p: [1872, 1835], r: 1.9254505634307861e-02, e: 1.9255280494689941e-02
#ERR  p: [1908, 1835], r: 1.8575295805931091e-02, e: 1.8573060631752014e-02
#ERR  p: [1567, 1834], r: 7.6571965217590332e-01, e: 7.6575392484664917e-01
#ERR  p: [1765, 1834], r: 9.3302065134048462e-01, e: 9.3294644355773926e-01
#ERR  p: [1576, 1834], r: 7.7251327037811279e-01, e: 7.7252596616744995e-01
#ERR  p: [1917, 1835], r: 1.8407568335533142e-02, e: 1.8409892916679382e-02
#ERR  p: [1863, 1835], r: 1.9431978464126587e-02, e: 1.9430801272392273e-02
#ERR  p: [1603, 1834], r: 7.9370188713073730e-01, e: 7.9371589422225952e-01
#ERR  p: [1585, 1834], r: 7.7968692779541016e-01, e: 7.7965265512466431e-01
#ERR  p: [1531, 1834], r: 7.3862630128860474e-01, e: 7.3874413967132568e-01
#ERR  p: [2032, 1835], r: 1.6408249735832214e-02, e: 1.6409143805503845e-02
#ERR  p: [2024, 1835], r: 1.6538307070732117e-02, e: 1.6538441181182861e-02
#ERR  p: [1594, 1834], r: 7.8680408000946045e-01, e: 7.8683018684387207e-01
#ERR  p: [1657, 1834], r: 8.3773458003997803e-01, e: 8.3774209022521973e-01
#ERR  p: [1630, 1834], r: 8.1544142961502075e-01, e: 8.1550407409667969e-01
#ERR  p: [1648, 1834], r: 8.3022552728652954e-01, e: 8.3019119501113892e-01
#ERR  p: [1666, 1834], r: 8.4526950120925903e-01, e: 8.4526520967483521e-01
#ERR  p: [1702, 1834], r: 8.7613165378570557e-01, e: 8.7599813938140869e-01
#ERR  p: [1693, 1834], r: 8.6831670999526978e-01, e: 8.6834657192230225e-01
#ERR  p: [1684, 1834], r: 8.6048519611358643e-01, e: 8.6059033870697021e-01
#ERR  p: [1065, 1834], r: 4.6345308423042297e-01, e: 4.6345084905624390e-01
#ERR  p: [1613, 1834], r: 8.0167728662490845e-01, e: 8.0164450407028198e-01
#ERR  p: [1711, 1834], r: 8.8417160511016846e-01, e: 8.8415223360061646e-01
#ERR  p: [1720, 1834], r: 8.9232021570205688e-01, e: 8.9229637384414673e-01
#ERR  p: [1729, 1834], r: 9.0000349283218384e-01, e: 9.0001535415649414e-01
#ERR  p: [1747, 1834], r: 9.1672378778457642e-01, e: 9.1666859388351440e-01
#ERR  p: [1738, 1834], r: 9.0858006477355957e-01, e: 9.0852487087249756e-01
#ERR  p: [1756, 1834], r: 9.2503571510314941e-01, e: 9.2506182193756104e-01
#ERR  p: [1854, 1835], r: 1.9602432847023010e-02, e: 1.9604340195655823e-02
#ERR  p: [1774, 1834], r: 9.4206351041793823e-01, e: 9.4203519821166992e-01
#ERR  p: [1783, 1834], r: 9.5009487867355347e-01, e: 9.5005762577056885e-01
#ERR  p: [1801, 1834], r: 9.6773713827133179e-01, e: 9.6772819757461548e-01
#ERR  p: [1881, 1835], r: 1.9079327583312988e-02, e: 1.9079819321632385e-02
#ERR  p: [1819, 1834], r: 9.8521399497985840e-01, e: 9.8522746562957764e-01
#ERR  p: [1810, 1834], r: 9.7644639015197754e-01, e: 9.7653287649154663e-01
#ERR  p: [1792, 1834], r: 9.5864677429199219e-01, e: 9.5879000425338745e-01
#ERR  p: [1899, 1836], r: 1.8760830163955688e-02, e: 1.8760845065116882e-02
#ERR  p: [1828, 1834], r: 9.9398404359817505e-01, e: 9.9391984939575195e-01
#ERR  p: [1935, 1835], r: 1.8076792359352112e-02, e: 1.8077254295349121e-02
#ERR  p: [1926, 1835], r: 1.8234819173812866e-02, e: 1.8234401941299438e-02
#ERR  p: [1953, 1835], r: 1.7758831381797791e-02, e: 1.7758876085281372e-02
#ERR  p: [1944, 1835], r: 1.7921581864356995e-02, e: 1.7921805381774902e-02
#ERR  p: [1962, 1835], r: 1.7595216631889343e-02, e: 1.7595395445823669e-02
#ERR  p: [1980, 1835], r: 1.7282381653785706e-02, e: 1.7282590270042419e-02
#ERR  p: [1971, 1835], r: 1.7441779375076294e-02, e: 1.7443507909774780e-02
#ERR  p: [1989, 1838], r: 1.7177611589431763e-02, e: 1.7177626490592957e-02
#ERR  p: [1998, 1835], r: 1.6975790262222290e-02, e: 1.6977325081825256e-02
#ERR  p: [2007, 1837], r: 1.6858309507369995e-02, e: 1.6858324408531189e-02
#ERR  p: [2016, 1835], r: 1.6673445701599121e-02, e: 1.6674041748046875e-02
#ERR  p: [2040, 1835], r: 1.6275539994239807e-02, e: 1.6277834773063660e-02
#ERR  p: [1083, 1834], r: 4.7186678647994995e-01, e: 4.7187536954879761e-01
#ERR  p: [1361, 1834], r: 6.2304180860519409e-01, e: 6.2302988767623901e-01
#ERR  p: [1092, 1834], r: 4.7620820999145508e-01, e: 4.7620970010757446e-01
#ERR  p: [1118, 1834], r: 4.8865401744842529e-01, e: 4.8865550756454468e-01
#ERR  p: [1127, 1834], r: 4.9324735999107361e-01, e: 4.9326041340827942e-01
#ERR  p: [1136, 1834], r: 4.9748438596725464e-01, e: 4.9749183654785156e-01
#ERR  p: [1145, 1834], r: 5.0208085775375366e-01, e: 5.0208157300949097e-01
#ERR  p: [1604, 1834], r: 7.9460734128952026e-01, e: 7.9467076063156128e-01
#ERR  p: [1059, 1834], r: 4.6072271466255188e-01, e: 4.6072682738304138e-01
#ERR  p: [1506, 1834], r: 7.2033739089965820e-01, e: 7.2038149833679199e-01
#ERR  p: [1154, 1834], r: 5.0669264793395996e-01, e: 5.0668519735336304e-01
#ERR  p: [1163, 1834], r: 5.1111930608749390e-01, e: 5.1112788915634155e-01
#ERR  p: [1172, 1834], r: 5.1583504676818848e-01, e: 5.1583582162857056e-01
#ERR  p: [1190, 1834], r: 5.2507895231246948e-01, e: 5.2508085966110229e-01
#ERR  p: [1199, 1834], r: 5.2988928556442261e-01, e: 5.2988255023956299e-01
#ERR  p: [1217, 1834], r: 5.3953433036804199e-01, e: 5.3955519199371338e-01
#ERR  p: [1208, 1834], r: 5.3463518619537354e-01, e: 5.3463333845138550e-01
#ERR  p: [1289, 1834], r: 5.7992208003997803e-01, e: 5.7991611957550049e-01
#ERR  p: [1370, 1834], r: 6.2861084938049316e-01, e: 6.2859368324279785e-01
#ERR  p: [1271, 1834], r: 5.6952339410781860e-01, e: 5.6952714920043945e-01
#ERR  p: [1226, 1834], r: 5.4457247257232666e-01, e: 5.4458141326904297e-01
#ERR  p: [1298, 1834], r: 5.8495169878005981e-01, e: 5.8498144149780273e-01
#ERR  p: [1235, 1834], r: 5.4955583810806274e-01, e: 5.4954987764358521e-01
#ERR  p: [1244, 1834], r: 5.5443406105041504e-01, e: 5.5442738533020020e-01
#ERR  p: [1307, 1834], r: 5.9031563997268677e-01, e: 5.9031641483306885e-01
#ERR  p: [1253, 1834], r: 5.5936402082443237e-01, e: 5.5935508012771606e-01
#ERR  p: [1325, 1834], r: 6.0121548175811768e-01, e: 6.0121101140975952e-01
#ERR  p: [1334, 1834], r: 6.0667312145233154e-01, e: 6.0669475793838501e-01
#ERR  p: [1343, 1834], r: 6.1217051744461060e-01, e: 6.1216378211975098e-01
#ERR  p: [1352, 1834], r: 6.1752301454544067e-01, e: 6.1751556396484375e-01
#ERR  p: [1415, 1834], r: 6.5751159191131592e-01, e: 6.5750747919082642e-01
#ERR  p: [1280, 1834], r: 5.7467061281204224e-01, e: 5.7467359304428101e-01
#ERR  p: [1075, 1834], r: 4.6811953186988831e-01, e: 4.6813088655471802e-01
#ERR  p: [1182, 1834], r: 5.2098166942596436e-01, e: 5.2099061012268066e-01
#ERR  p: [1478, 1834], r: 7.0047271251678467e-01, e: 7.0051300525665283e-01
#ERR  p: [1388, 1834], r: 6.4015907049179077e-01, e: 6.4017325639724731e-01
#ERR  p: [1263, 1834], r: 5.6501728296279907e-01, e: 5.6502175331115723e-01
#ERR  p: [1845, 1837], r: 1.9812315702438354e-02, e: 1.9812345504760742e-02
#ERR  p: [1316, 1834], r: 5.9570920467376709e-01, e: 5.9570097923278809e-01
#ERR  p: [1379, 1834], r: 6.3440608978271484e-01, e: 6.3442176580429077e-01
#ERR  p: [1406, 1834], r: 6.5193259716033936e-01, e: 6.5196692943572998e-01
#ERR  p: [1397, 1834], r: 6.4591169357299805e-01, e: 6.4593148231506348e-01
#ERR  p: [1101, 1834], r: 4.8042652010917664e-01, e: 4.8042392730712891e-01
#ERR  p: [1110, 1834], r: 4.8485884070396423e-01, e: 4.8487076163291931e-01
#ERR  p: [1424, 1834], r: 6.6373562812805176e-01, e: 6.6368865966796875e-01
#ERR  p: [1433, 1834], r: 6.6968071460723877e-01, e: 6.6969972848892212e-01
#ERR  p: [1442, 1834], r: 6.7561709880828857e-01, e: 6.7563354969024658e-01
#ERR  p: [2032, 1836], r: 1.6426131129264832e-02, e: 1.6426146030426025e-02
#ERR  p: [1460, 1834], r: 6.8792951107025146e-01, e: 6.8792653083801270e-01
#ERR  p: [1451, 1834], r: 6.8188697099685669e-01, e: 6.8189072608947754e-01
#ERR  p: [1595, 1834], r: 7.8749048709869385e-01, e: 7.8745543956756592e-01
#ERR  p: [1658, 1834], r: 8.3848536014556885e-01, e: 8.3854275941848755e-01
#ERR  p: [1667, 1834], r: 8.4609949588775635e-01, e: 8.4619182348251343e-01
#ERR  p: [1469, 1834], r: 6.9423353672027588e-01, e: 6.9426113367080688e-01
#ERR  p: [1523, 1834], r: 7.3286342620849609e-01, e: 7.3284775018692017e-01
#ERR  p: [1532, 1834], r: 7.3936814069747925e-01, e: 7.3932713270187378e-01
#ERR  p: [1487, 1834], r: 7.0688539743423462e-01, e: 7.0690101385116577e-01
#ERR  p: [1496, 1834], r: 7.1317982673645020e-01, e: 7.1320295333862305e-01
#ERR  p: [1514, 1834], r: 7.2612047195434570e-01, e: 7.2616070508956909e-01
#ERR  p: [1550, 1834], r: 7.5259977579116821e-01, e: 7.5273102521896362e-01
#ERR  p: [1640, 1834], r: 8.2342892885208130e-01, e: 8.2341700792312622e-01
#ERR  p: [1676, 1834], r: 8.5369533300399780e-01, e: 8.5374677181243896e-01
#ERR  p: [1622, 1834], r: 8.0895620584487915e-01, e: 8.0899906158447266e-01
#ERR  p: [1541, 1834], r: 7.4614793062210083e-01, e: 7.4622625112533569e-01
#ERR  p: [1890, 1839], r: 1.8989056348800659e-02, e: 1.8989086151123047e-02
#ERR  p: [1559, 1834], r: 7.5962412357330322e-01, e: 7.5956743955612183e-01
#ERR  p: [1577, 1834], r: 7.7341765165328979e-01, e: 7.7344077825546265e-01
#ERR  p: [1766, 1834], r: 9.3440556526184082e-01, e: 9.3440109491348267e-01
#ERR  p: [1568, 1834], r: 7.6629054546356201e-01, e: 7.6629728078842163e-01
#ERR  p: [1917, 1836], r: 1.8424674868583679e-02, e: 1.8424659967422485e-02
#ERR  p: [1872, 1836], r: 1.9275113940238953e-02, e: 1.9275128841400146e-02
#ERR  p: [1836, 1836], r: 1.9981160759925842e-02, e: 1.9981162622570992e-02
#ERR  p: [1863, 1836], r: 1.9454598426818848e-02, e: 1.9454613327980042e-02
#ERR  p: [1908, 1836], r: 1.8597096204757690e-02, e: 1.8597111105918884e-02
#ERR  p: [2024, 1836], r: 1.6557112336158752e-02, e: 1.6557097434997559e-02
#ERR  p: [1586, 1834], r: 7.8028774261474609e-01, e: 7.8036826848983765e-01
#ERR  p: [1631, 1834], r: 8.1615835428237915e-01, e: 8.1612551212310791e-01
#ERR  p: [1694, 1834], r: 8.6963719129562378e-01, e: 8.6949104070663452e-01
#ERR  p: [1703, 1834], r: 8.7698459625244141e-01, e: 8.7701517343521118e-01
#ERR  p: [1649, 1834], r: 8.3091223239898682e-01, e: 8.3090776205062866e-01
#ERR  p: [1685, 1834], r: 8.6152380704879761e-01, e: 8.6145710945129395e-01
#ERR  p: [1066, 1834], r: 4.6402299404144287e-01, e: 4.6400767564773560e-01
#ERR  p: [1712, 1834], r: 8.8525980710983276e-01, e: 8.8525384664535522e-01
#ERR  p: [1614, 1834], r: 8.0266737937927246e-01, e: 8.0262118577957153e-01
#ERR  p: [1730, 1834], r: 9.0167295932769775e-01, e: 9.0159690380096436e-01
#ERR  p: [1721, 1834], r: 8.9299899339675903e-01, e: 8.9295870065689087e-01
#ERR  p: [1748, 1834], r: 9.1735643148422241e-01, e: 9.1737025976181030e-01
#ERR  p: [2040, 1836], r: 1.6296863555908203e-02, e: 1.6296878457069397e-02
#ERR  p: [1998, 1836], r: 1.6997039318084717e-02, e: 1.6997024416923523e-02
#ERR  p: [1739, 1834], r: 9.0910649299621582e-01, e: 9.0920865535736084e-01
#ERR  p: [1757, 1834], r: 9.2555451393127441e-01, e: 9.2552465200424194e-01
#ERR  p: [1854, 1839], r: 1.9684463739395142e-02, e: 1.9684493541717529e-02
#ERR  p: [1784, 1834], r: 9.5117592811584473e-01, e: 9.5105957984924316e-01
#ERR  p: [1802, 1834], r: 9.6861904859542847e-01, e: 9.6865862607955933e-01
#ERR  p: [1775, 1834], r: 9.4281095266342163e-01, e: 9.4277966022491455e-01
#ERR  p: [1881, 1837], r: 1.9118070602416992e-02, e: 1.9118055701255798e-02
#ERR  p: [1899, 1837], r: 1.8776357173919678e-02, e: 1.8776342272758484e-02
#ERR  p: [1811, 1834], r: 9.7707694768905640e-01, e: 9.7703069448471069e-01
#ERR  p: [1820, 1834], r: 9.8628079891204834e-01, e: 9.8617637157440186e-01
#ERR  p: [1793, 1834], r: 9.6014881134033203e-01, e: 9.6013247966766357e-01
#ERR  p: [1829, 1834], r: 9.9492311477661133e-01, e: 9.9495929479598999e-01
#ERR  p: [1935, 1837], r: 1.8113166093826294e-02, e: 1.8113180994987488e-02
#ERR  p: [1926, 1839], r: 1.8321990966796875e-02, e: 1.8322020769119263e-02
#ERR  p: [1953, 1838], r: 1.7803430557250977e-02, e: 1.7803415656089783e-02
#ERR  p: [1944, 1836], r: 1.7934828996658325e-02, e: 1.7934843897819519e-02
#ERR  p: [1962, 1836], r: 1.7618283629417419e-02, e: 1.7618268728256226e-02
#ERR  p: [1980, 1838], r: 1.7333492636680603e-02, e: 1.7333477735519409e-02
#ERR  p: [1971, 1838], r: 1.7489194869995117e-02, e: 1.7489165067672729e-02
#ERR  p: [1989, 1839], r: 1.7196744680404663e-02, e: 1.7196774482727051e-02
#ERR  p: [2007, 1838], r: 1.6868710517883301e-02, e: 1.6868680715560913e-02
#ERR  p: [2016, 1838], r: 1.6714498400688171e-02, e: 1.6714483499526978e-02
#ERR  p: [1084, 1834], r: 4.7231718897819519e-01, e: 4.7231009602546692e-01
#ERR  p: [1093, 1834], r: 4.7655025124549866e-01, e: 4.7655695676803589e-01
#ERR  p: [1362, 1834], r: 6.2366157770156860e-01, e: 6.2366384267807007e-01
#ERR  p: [1119, 1834], r: 4.8916408419609070e-01, e: 4.8916333913803101e-01
#ERR  p: [1128, 1834], r: 4.9354395270347595e-01, e: 4.9352607131004333e-01
#ERR  p: [1137, 1834], r: 4.9816572666168213e-01, e: 4.9816346168518066e-01
#ERR  p: [1146, 1834], r: 5.0249606370925903e-01, e: 5.0249719619750977e-01
#ERR  p: [1326, 1834], r: 6.0172438621520996e-01, e: 6.0173189640045166e-01
#ERR  p: [1060, 1834], r: 4.6112227439880371e-01, e: 4.6111088991165161e-01
#ERR  p: [1605, 1834], r: 7.9561519622802734e-01, e: 7.9555696249008179e-01
#ERR  p: [1111, 1834], r: 4.8520964384078979e-01, e: 4.8518949747085571e-01
#ERR  p: [1507, 1834], r: 7.2101855278015137e-01, e: 7.2101330757141113e-01
#ERR  p: [1155, 1834], r: 5.0711274147033691e-01, e: 5.0711476802825928e-01
#ERR  p: [1164, 1834], r: 5.1164978742599487e-01, e: 5.1164531707763672e-01
#ERR  p: [1173, 1834], r: 5.1633489131927490e-01, e: 5.1633679866790771e-01
#ERR  p: [1191, 1834], r: 5.2588260173797607e-01, e: 5.2587479352951050e-01
#ERR  p: [1200, 1834], r: 5.3039026260375977e-01, e: 5.3040742874145508e-01
#ERR  p: [1209, 1834], r: 5.3522515296936035e-01, e: 5.3524339199066162e-01
#ERR  p: [1227, 1834], r: 5.4498791694641113e-01, e: 5.4498046636581421e-01
#ERR  p: [1569, 1834], r: 7.6723688840866089e-01, e: 7.6723384857177734e-01
#ERR  p: [1290, 1834], r: 5.8042776584625244e-01, e: 5.8043110370635986e-01
#ERR  p: [1218, 1834], r: 5.3992885351181030e-01, e: 5.3989756107330322e-01
#ERR  p: [1371, 1834], r: 6.2961333990097046e-01, e: 6.2960886955261230e-01
#ERR  p: [1272, 1834], r: 5.6997764110565186e-01, e: 5.6996715068817139e-01
#ERR  p: [1416, 1834], r: 6.5869516134262085e-01, e: 6.5873169898986816e-01
#ERR  p: [1299, 1834], r: 5.8556813001632690e-01, e: 5.8558452129364014e-01
#ERR  p: [1236, 1834], r: 5.4965573549270630e-01, e: 5.4966598749160767e-01
#ERR  p: [1308, 1834], r: 5.9107428789138794e-01, e: 5.9107798337936401e-01
#ERR  p: [1254, 1834], r: 5.5985605716705322e-01, e: 5.5984598398208618e-01
#ERR  p: [1245, 1834], r: 5.5474734306335449e-01, e: 5.5475407838821411e-01
#ERR  p: [1335, 1834], r: 6.0706996917724609e-01, e: 6.0702675580978394e-01
#ERR  p: [1344, 1834], r: 6.1267882585525513e-01, e: 6.1270570755004883e-01
#ERR  p: [1353, 1834], r: 6.1826419830322266e-01, e: 6.1824363470077515e-01
#ERR  p: [1281, 1834], r: 5.7535123825073242e-01, e: 5.7533711194992065e-01
#ERR  p: [1076, 1834], r: 4.6859818696975708e-01, e: 4.6859669685363770e-01
#ERR  p: [1479, 1834], r: 7.0112746953964233e-01, e: 7.0111739635467529e-01
#ERR  p: [1317, 1834], r: 5.9609633684158325e-01, e: 5.9611147642135620e-01
#ERR  p: [1845, 1838], r: 1.9842237234115601e-02, e: 1.9842207431793213e-02
#ERR  p: [1184, 1834], r: 5.2183449268341064e-01, e: 5.2183300256729126e-01
#ERR  p: [1389, 1834], r: 6.4070969820022583e-01, e: 6.4069104194641113e-01
#ERR  p: [1264, 1834], r: 5.6569093465805054e-01, e: 5.6569021940231323e-01
#ERR  p: [1380, 1834], r: 6.3528907299041748e-01, e: 6.3528364896774292e-01
#ERR  p: [1407, 1834], r: 6.5239930152893066e-01, e: 6.5240454673767090e-01
#ERR  p: [1398, 1834], r: 6.4652389287948608e-01, e: 6.4653170108795166e-01
#ERR  p: [1102, 1834], r: 4.8094218969345093e-01, e: 4.8094740509986877e-01
#ERR  p: [1434, 1834], r: 6.7028105258941650e-01, e: 6.7031013965606689e-01
#ERR  p: [2032, 1837], r: 1.6439884901046753e-02, e: 1.6439855098724365e-02
#ERR  p: [1425, 1834], r: 6.6410487890243530e-01, e: 6.6412049531936646e-01
#ERR  p: [1443, 1834], r: 6.7649167776107788e-01, e: 6.7644619941711426e-01
#ERR  p: [1461, 1834], r: 6.8865591287612915e-01, e: 6.8864881992340088e-01
#ERR  p: [1452, 1834], r: 6.8234741687774658e-01, e: 6.8234670162200928e-01
#ERR  p: [1524, 1834], r: 7.3326611518859863e-01, e: 7.3324137926101685e-01
#ERR  p: [1533, 1834], r: 7.4009591341018677e-01, e: 7.4010562896728516e-01
#ERR  p: [1659, 1834], r: 8.3946150541305542e-01, e: 8.3943688869476318e-01
#ERR  p: [1470, 1834], r: 6.9491845369338989e-01, e: 6.9486927986145020e-01
#ERR  p: [1596, 1834], r: 7.8811281919479370e-01, e: 7.8813219070434570e-01
#ERR  p: [1668, 1834], r: 8.4702241420745850e-01, e: 8.4692841768264771e-01
#ERR  p: [1488, 1834], r: 7.0760160684585571e-01, e: 7.0762622356414795e-01
#ERR  p: [1497, 1834], r: 7.1376937627792358e-01, e: 7.1379625797271729e-01
#ERR  p: [1515, 1834], r: 7.2680687904357910e-01, e: 7.2674572467803955e-01
#ERR  p: [1551, 1834], r: 7.5373280048370361e-01, e: 7.5367009639739990e-01
#ERR  p: [1641, 1834], r: 8.2468348741531372e-01, e: 8.2460516691207886e-01
#ERR  p: [1677, 1834], r: 8.5456812381744385e-01, e: 8.5459947586059570e-01
#ERR  p: [1623, 1834], r: 8.0981391668319702e-01, e: 8.0973523855209351e-01
#ERR  p: [1890, 1840], r: 1.9005537033081055e-02, e: 1.9005507230758667e-02
#ERR  p: [1542, 1834], r: 7.4661415815353394e-01, e: 7.4658578634262085e-01
#ERR  p: [1560, 1834], r: 7.6028704643249512e-01, e: 7.6027548313140869e-01
#ERR  p: [1578, 1834], r: 7.7395516633987427e-01, e: 7.7396112680435181e-01
#ERR  p: [1767, 1834], r: 9.3464303016662598e-01, e: 9.3475711345672607e-01
#ERR  p: [1917, 1837], r: 1.8443822860717773e-02, e: 1.8443837761878967e-02
#ERR  p: [1872, 1837], r: 1.9293561577796936e-02, e: 1.9293546676635742e-02
#ERR  p: [1836, 1837], r: 9.9866408109664917e-01, e: 9.9866425991058350e-01
#ERR  p: [1908, 1838], r: 1.8626868724822998e-02, e: 1.8626838922500610e-02
#ERR  p: [1863, 1839], r: 1.9508928060531616e-02, e: 1.9508957862854004e-02
#ERR  p: [2024, 1837], r: 1.6573950648307800e-02, e: 1.6573965549468994e-02
#ERR  p: [1632, 1834], r: 8.1724023818969727e-01, e: 8.1723427772521973e-01
#ERR  p: [1587, 1834], r: 7.8128689527511597e-01, e: 7.8119313716888428e-01
#ERR  p: [1704, 1834], r: 8.7829887866973877e-01, e: 8.7827801704406738e-01
#ERR  p: [1695, 1834], r: 8.7001544237136841e-01, e: 8.7012583017349243e-01
#ERR  p: [1686, 1834], r: 8.6229807138442993e-01, e: 8.6234837770462036e-01
#ERR  p: [1650, 1834], r: 8.3212798833847046e-01, e: 8.3213376998901367e-01
#ERR  p: [1067, 1834], r: 4.6439334750175476e-01, e: 4.6441832184791565e-01
#ERR  p: [1713, 1834], r: 8.8601350784301758e-01, e: 8.8596129417419434e-01
#ERR  p: [2040, 1838], r: 1.6321495175361633e-02, e: 1.6321465373039246e-02
#ERR  p: [1731, 1834], r: 9.0195924043655396e-01, e: 9.0208268165588379e-01
#ERR  p: [1615, 1834], r: 8.0330669879913330e-01, e: 8.0334395170211792e-01
#ERR  p: [1998, 1838], r: 1.7019957304000854e-02, e: 1.7019972205162048e-02
#ERR  p: [1740, 1834], r: 9.1009742021560669e-01, e: 9.1012722253799438e-01
#ERR  p: [1749, 1834], r: 9.1882544755935669e-01, e: 9.1887837648391724e-01
#ERR  p: [1926, 1841], r: 1.8346427008509636e-02, e: 1.8346456810832024e-02
#ERR  p: [1944, 1838], r: 1.7967849969863892e-02, e: 1.7967835068702698e-02
#ERR  p: [1980, 1839], r: 1.7352938652038574e-02, e: 1.7352968454360962e-02
#ERR  p: [1722, 1834], r: 8.9385056495666504e-01, e: 8.9388036727905273e-01
#ERR  p: [1854, 1840], r: 1.9702702760696411e-02, e: 1.9702643156051636e-02
#ERR  p: [2016, 1840], r: 1.6751110553741455e-02, e: 1.6751140356063843e-02
#ERR  p: [1881, 1838], r: 1.9141435623168945e-02, e: 1.9141405820846558e-02
#ERR  p: [1758, 1834], r: 9.2723405361175537e-01, e: 9.2726242542266846e-01
#ERR  p: [1899, 1840], r: 1.8841117620468140e-02, e: 1.8841147422790527e-02
#ERR  p: [1935, 1838], r: 1.8126994371414185e-02, e: 1.8126964569091797e-02
#ERR  p: [1803, 1834], r: 9.6951103210449219e-01, e: 9.6950060129165649e-01
#ERR  p: [1085, 1834], r: 4.7280851006507874e-01, e: 4.7281298041343689e-01
#ERR  p: [1785, 1834], r: 9.5253360271453857e-01, e: 9.5260745286941528e-01
#ERR  p: [1953, 1839], r: 1.7832756042480469e-02, e: 1.7832785844802856e-02
#ERR  p: [1776, 1834], r: 9.4332432746887207e-01, e: 9.4340336322784424e-01
#ERR  p: [1962, 1837], r: 1.7629384994506836e-02, e: 1.7629399895668030e-02
#ERR  p: [1971, 1839], r: 1.7511099576950073e-02, e: 1.7511129379272461e-02
#ERR  p: [1812, 1834], r: 9.7760123014450073e-01, e: 9.7771787643432617e-01
#ERR  p: [1794, 1834], r: 9.6080601215362549e-01, e: 9.6079576015472412e-01
#ERR  p: [1830, 1834], r: 9.9587059020996094e-01, e: 9.9595928192138672e-01
#ERR  p: [1094, 1834], r: 4.7709921002388000e-01, e: 4.7709324955940247e-01
#ERR  p: [1120, 1834], r: 4.8972418904304504e-01, e: 4.8972567915916443e-01
#ERR  p: [1989, 1840], r: 1.7212688922882080e-02, e: 1.7212629318237305e-02
#ERR  p: [1821, 1834], r: 9.8727035522460938e-01, e: 9.8740309476852417e-01
#ERR  p: [1363, 1834], r: 6.2439811229705811e-01, e: 6.2440627813339233e-01
#ERR  p: [2007, 1840], r: 1.6908496618270874e-02, e: 1.6908526420593262e-02
#ERR  p: [1129, 1834], r: 4.9406781792640686e-01, e: 4.9407342076301575e-01
#ERR  p: [1138, 1834], r: 4.9846771359443665e-01, e: 4.9847301840782166e-01
#ERR  p: [1147, 1834], r: 5.0307339429855347e-01, e: 5.0308418273925781e-01
#ERR  p: [1327, 1834], r: 6.0217720270156860e-01, e: 6.0218387842178345e-01
#ERR  p: [1061, 1834], r: 4.6163615584373474e-01, e: 4.6163859963417053e-01
#ERR  p: [1606, 1834], r: 7.9592317342758179e-01, e: 7.9591161012649536e-01
#ERR  p: [1112, 1834], r: 4.8565232753753662e-01, e: 4.8566576838493347e-01
#ERR  p: [1508, 1834], r: 7.2202104330062866e-01, e: 7.2201210260391235e-01
#ERR  p: [1156, 1834], r: 5.0757020711898804e-01, e: 5.0757408142089844e-01
#ERR  p: [1174, 1834], r: 5.1689618825912476e-01, e: 5.1689207553863525e-01
#ERR  p: [1165, 1834], r: 5.1217210292816162e-01, e: 5.1217061281204224e-01
#ERR  p: [1201, 1834], r: 5.3096568584442139e-01, e: 5.3095448017120361e-01
#ERR  p: [1192, 1834], r: 5.2626073360443115e-01, e: 5.2626335620880127e-01
#ERR  p: [1210, 1834], r: 5.3588843345642090e-01, e: 5.3588205575942993e-01
#ERR  p: [1228, 1834], r: 5.4549610614776611e-01, e: 5.4549837112426758e-01
#ERR  p: [1570, 1834], r: 7.6802593469619751e-01, e: 7.6799315214157104e-01
#ERR  p: [1291, 1834], r: 5.8089900016784668e-01, e: 5.8091169595718384e-01
#ERR  p: [1219, 1834], r: 5.4055136442184448e-01, e: 5.4055529832839966e-01
#ERR  p: [1372, 1834], r: 6.3007634878158569e-01, e: 6.3009721040725708e-01
#ERR  p: [1417, 1834], r: 6.5895020961761475e-01, e: 6.5891849994659424e-01
#ERR  p: [1273, 1834], r: 5.7069581747055054e-01, e: 5.7070809602737427e-01
#ERR  p: [1237, 1834], r: 5.5048435926437378e-01, e: 5.5046385526657104e-01
#ERR  p: [1300, 1834], r: 5.8630806207656860e-01, e: 5.8626049757003784e-01
#ERR  p: [1309, 1834], r: 5.9150809049606323e-01, e: 5.9150511026382446e-01
#ERR  p: [1255, 1834], r: 5.6059283018112183e-01, e: 5.6061559915542603e-01
#ERR  p: [1345, 1834], r: 6.1334812641143799e-01, e: 6.1333692073822021e-01
#ERR  p: [1246, 1834], r: 5.5548572540283203e-01, e: 5.5549693107604980e-01
#ERR  p: [1336, 1834], r: 6.0771799087524414e-01, e: 6.0774821043014526e-01
#ERR  p: [1354, 1834], r: 6.1869466304779053e-01, e: 6.1870247125625610e-01
#ERR  p: [1845, 1840], r: 1.9882678985595703e-02, e: 1.9882738590240479e-02
#ERR  p: [1282, 1834], r: 5.7572025060653687e-01, e: 5.7576203346252441e-01
#ERR  p: [1077, 1834], r: 4.6916526556015015e-01, e: 4.6915984153747559e-01
#ERR  p: [1480, 1834], r: 7.0203894376754761e-01, e: 7.0202547311782837e-01
#ERR  p: [1185, 1834], r: 5.2258944511413574e-01, e: 5.2259540557861328e-01
#ERR  p: [1318, 1834], r: 5.9699857234954834e-01, e: 5.9698706865310669e-01
#ERR  p: [1390, 1834], r: 6.4129316806793213e-01, e: 6.4131253957748413e-01
#ERR  p: [1265, 1834], r: 5.6597948074340820e-01, e: 5.6596601009368896e-01
#ERR  p: [1381, 1834], r: 6.3556641340255737e-01, e: 6.3558614253997803e-01
#ERR  p: [1408, 1834], r: 6.5334200859069824e-01, e: 6.5330022573471069e-01
#SDC Ite:0 KerTime:19.632366 AccTime:19.632366 KerErr:44760 AccErr:44760
#ABORT too many errors per iteration
#END