2017-01-23 22:52:42:Starting flip_value script
2017-01-23 22:52:42:Initialization strings:
2017-01-23 22:52:42:(1) target extended-remote | ssh -T mic0 gdbserver --multi -
2017-01-23 22:52:42:(2) set sysroot /opt/mpss/3.7/sysroots/k1om-mpss-linux/
2017-01-23 22:52:42:(3) set sysroot /opt/mpss/3.7/sysroots/k1om-mpss-linux/
2017-01-23 22:52:42:(4) file /micNfs/gdb-fault-injection/injector/bin/lud/lud_check
2017-01-23 22:52:42:(5) set remote exec-file /micNfs/gdb-fault-injection/injector/bin/lud/lud_check
2017-01-23 22:52:42:(6) set args -s 2048 -n 228 -i /micNfs/gdb-fault-injection/injector/bin/lud/input_2048_th_228 -g /micNfs/gdb-fault-injection/injector/bin/lud/gold_2048_th_228
2017-01-23 22:52:42:initSignal:2
2017-01-23 22:52:42:endSignal:4
2017-01-23 22:52:42:seqSignal:30
2017-01-23 22:52:45:Trying Fault Injection
2017-01-23 22:52:45:Inferior PID: 180018
2017-01-23 22:52:45:Inferior is valid: True
2017-01-23 22:52:46:Inferior #threads: 229
2017-01-23 22:52:46:Backtrace BEGIN:
2017-01-23 22:52:46:#0  0x0000000000404c93 in L_lud_omp_123__par_loop2_2_5 () at lud_omp.c:148
#1  0x00007ffff790ba1f in ?? ()
#2  0x00007fffffffd9c0 in ?? ()
#3  0x00007ffff4ea0100 in ?? ()
#4  0x0000000000000001 in ?? ()
#5  0x0000000000000003 in ?? ()
#6  0x0000000000000000 in ?? ()

2017-01-23 22:52:46:143	            for (i = 0; i < BS; i++)
144	            {
145	                for (k=0; k < BS; k++) {
146	#pragma omp simd 
147	                    for (j = 0; j < BS; j++) {
148	                        sum[j] += temp_left[BS*i + k] * temp_top[BS*k + j];
149	                    }
150	                }
151	#pragma omp simd 
152	                for (j = 0; j < BS; j++) {

2017-01-23 22:52:46:Backtrace END
2017-01-23 22:53:02:Thread name: None
2017-01-23 22:53:02:Thread num: 204
2017-01-23 22:53:02:Thread ptid: (180018, 180225, 0)
2017-01-23 22:53:02:Error Exception(frameFlip): invalid frame
2017-01-23 22:53:02:Error Exception(frameFlip): invalid frame
2017-01-23 22:53:02:Error Exception(frameFlip): invalid frame
2017-01-23 22:53:02:Error Exception(frameFlip): invalid frame
2017-01-23 22:53:02:Error Exception(frameFlip): invalid frame
2017-01-23 22:53:02:Error Exception(frameFlip): invalid frame
2017-01-23 22:53:02:Error Exception(frameFlip): invalid frame
2017-01-23 22:53:02:Error Exception(frameFlip): invalid frame
2017-01-23 22:53:02:Error Exception(frameFlip): invalid frame
2017-01-23 22:53:02:Error Exception(frameFlip): invalid frame
2017-01-23 22:53:02:Error Exception(frameFlip): invalid frame
2017-01-23 22:53:02:Error Exception(frameFlip): invalid frame
2017-01-23 22:53:02:Error Exception(frameFlip): invalid frame
2017-01-23 22:53:02:Error Exception(frameFlip): invalid frame
2017-01-23 22:53:02:Error Exception(frameFlip): invalid frame
2017-01-23 22:53:02:Error Exception(frameFlip): invalid frame
2017-01-23 22:53:02:Error Exception(frameFlip): invalid frame
2017-01-23 22:53:02:Error Exception(frameFlip): invalid frame
2017-01-23 22:53:02:Error Exception(frameFlip): invalid frame
2017-01-23 22:53:02:Error Exception(frameFlip): invalid frame
2017-01-23 22:53:02:Error Exception(frameFlip): invalid frame
2017-01-23 22:53:02:Error Exception(frameFlip): invalid frame
2017-01-23 22:53:02:Error Exception(frameFlip): invalid frame
2017-01-23 22:53:02:Error Exception(frameFlip): invalid frame
2017-01-23 22:53:02:Error Exception(frameFlip): invalid frame
2017-01-23 22:53:02:Error Exception(frameFlip): invalid frame
2017-01-23 22:53:02:Error Exception(frameFlip): invalid frame
2017-01-23 22:53:02:Error Exception(frameFlip): invalid frame
2017-01-23 22:53:02:Error Exception(frameFlip): invalid frame
2017-01-23 22:53:02:Error Exception(frameFlip): invalid frame
2017-01-23 22:53:02:Error Exception(frameFlip): invalid frame
2017-01-23 22:53:02:Error Exception(frameFlip): invalid frame
2017-01-23 22:53:02:Error Exception(frameFlip): invalid frame
2017-01-23 22:53:02:Error Exception(frameFlip): invalid frame
2017-01-23 22:53:02:Error Exception(frameFlip): invalid frame
2017-01-23 22:53:02:Error Exception(frameFlip): invalid frame
2017-01-23 22:53:02:Error Exception(frameFlip): invalid frame
2017-01-23 22:53:02:Error Exception(frameFlip): invalid frame
2017-01-23 22:53:02:Error Exception(frameFlip): invalid frame
2017-01-23 22:53:02:Error Exception(frameFlip): invalid frame
2017-01-23 22:53:02:Error Exception(frameFlip): invalid frame
2017-01-23 22:53:02:Error Exception(frameFlip): invalid frame
2017-01-23 22:53:02:Error Exception(frameFlip): invalid frame
2017-01-23 22:53:02:Error Exception(frameFlip): invalid frame
2017-01-23 22:53:02:Error Exception(frameFlip): invalid frame
2017-01-23 22:53:02:Error Exception(frameFlip): invalid frame
2017-01-23 22:53:02:Error Exception(frameFlip): invalid frame
2017-01-23 22:53:02:Error Exception(frameFlip): invalid frame
2017-01-23 22:53:02:Error Exception(frameFlip): invalid frame
2017-01-23 22:53:02:Error Exception(frameFlip): invalid frame
2017-01-23 22:53:02:Error Exception(frameFlip): invalid frame
2017-01-23 22:53:02:Error Exception(frameFlip): invalid frame
2017-01-23 22:53:02:Error Exception(frameFlip): invalid frame
2017-01-23 22:53:02:Error Exception(frameFlip): invalid frame
2017-01-23 22:53:02:Error Exception(frameFlip): invalid frame
2017-01-23 22:53:02:Error Exception(frameFlip): invalid frame
2017-01-23 22:53:02:Error Exception(frameFlip): invalid frame
2017-01-23 22:53:02:Error Exception(frameFlip): invalid frame
2017-01-23 22:53:02:Error Exception(frameFlip): invalid frame
2017-01-23 22:53:02:Error Exception(frameFlip): invalid frame
2017-01-23 22:53:02:Error Exception(frameFlip): invalid frame
2017-01-23 22:53:02:Error Exception(frameFlip): invalid frame
2017-01-23 22:53:02:Error Exception(frameFlip): invalid frame
2017-01-23 22:53:02:Error Exception(frameFlip): invalid frame
2017-01-23 22:53:02:Error Exception(frameFlip): invalid frame
2017-01-23 22:53:02:Error Exception(frameFlip): invalid frame
2017-01-23 22:53:02:Error Exception(frameFlip): invalid frame
2017-01-23 22:53:02:Error Exception(frameFlip): invalid frame
2017-01-23 22:53:02:Error Exception(frameFlip): invalid frame
2017-01-23 22:53:02:Error Exception(frameFlip): invalid frame
2017-01-23 22:53:02:Error Exception(frameFlip): invalid frame
2017-01-23 22:53:02:Error Exception(frameFlip): invalid frame
2017-01-23 22:53:02:Error Exception(frameFlip): invalid frame
2017-01-23 22:53:02:Error Exception(frameFlip): invalid frame
2017-01-23 22:53:02:Error Exception(frameFlip): invalid frame
2017-01-23 22:53:02:Error Exception(frameFlip): invalid frame
2017-01-23 22:53:02:Error Exception(frameFlip): invalid frame
2017-01-23 22:53:02:Error Exception(frameFlip): invalid frame
2017-01-23 22:53:02:Error Exception(frameFlip): invalid frame
2017-01-23 22:53:02:Error Exception(frameFlip): invalid frame
2017-01-23 22:53:02:Error Exception(frameFlip): invalid frame
2017-01-23 22:53:02:Error Exception(frameFlip): invalid frame
2017-01-23 22:53:02:Error Exception(frameFlip): invalid frame
2017-01-23 22:53:02:Error Exception(frameFlip): invalid frame
2017-01-23 22:53:02:Error Exception(frameFlip): invalid frame
2017-01-23 22:53:02:Error Exception(frameFlip): invalid frame
2017-01-23 22:53:02:Error Exception(frameFlip): invalid frame
2017-01-23 22:53:02:Error Exception(frameFlip): invalid frame
2017-01-23 22:53:02:Error Exception(frameFlip): invalid frame
2017-01-23 22:53:02:Error Exception(frameFlip): invalid frame
2017-01-23 22:53:02:Error Exception(frameFlip): invalid frame
2017-01-23 22:53:02:Error Exception(frameFlip): invalid frame
2017-01-23 22:53:02:Error Exception(frameFlip): invalid frame
2017-01-23 22:53:02:Error Exception(frameFlip): invalid frame
2017-01-23 22:53:02:Error Exception(frameFlip): invalid frame
2017-01-23 22:53:02:Error Exception(frameFlip): invalid frame
2017-01-23 22:53:02:Error Exception(frameFlip): invalid frame
2017-01-23 22:53:02:Error Exception(frameFlip): invalid frame
2017-01-23 22:53:02:Error Exception(frameFlip): invalid frame
2017-01-23 22:53:02:Error Exception(frameFlip): invalid frame
2017-01-23 22:53:02:Error Exception(frameFlip): invalid frame
2017-01-23 22:53:02:Error Exception(frameFlip): invalid frame
2017-01-23 22:53:02:Error Exception(frameFlip): invalid frame
2017-01-23 22:53:02:Error Exception(frameFlip): invalid frame
2017-01-23 22:53:02:Error Exception(frameFlip): invalid frame
2017-01-23 22:53:02:Error Exception(frameFlip): invalid frame
2017-01-23 22:53:02:Error Exception(frameFlip): invalid frame
2017-01-23 22:53:02:Error Exception(frameFlip): invalid frame
2017-01-23 22:53:02:Error Exception(frameFlip): invalid frame
2017-01-23 22:53:02:Error Exception(frameFlip): invalid frame
2017-01-23 22:53:02:Error Exception(frameFlip): invalid frame
2017-01-23 22:53:02:Error Exception(frameFlip): invalid frame
2017-01-23 22:53:02:Error Exception(frameFlip): invalid frame
2017-01-23 22:53:02:Error Exception(frameFlip): invalid frame
2017-01-23 22:53:02:Error Exception(frameFlip): invalid frame
2017-01-23 22:53:02:Error Exception(frameFlip): invalid frame
2017-01-23 22:53:02:Error Exception(frameFlip): invalid frame
2017-01-23 22:53:02:Error Exception(frameFlip): invalid frame
2017-01-23 22:53:02:Error Exception(frameFlip): invalid frame
2017-01-23 22:53:02:Error Exception(frameFlip): invalid frame
2017-01-23 22:53:02:Error Exception(frameFlip): invalid frame
2017-01-23 22:53:02:Error Exception(frameFlip): invalid frame
2017-01-23 22:53:02:Error Exception(frameFlip): invalid frame
2017-01-23 22:53:02:Error Exception(frameFlip): invalid frame
2017-01-23 22:53:02:Error Exception(frameFlip): invalid frame
2017-01-23 22:53:02:Error Exception(frameFlip): invalid frame
2017-01-23 22:53:02:Error Exception(frameFlip): invalid frame
2017-01-23 22:53:02:Error Exception(frameFlip): invalid frame
2017-01-23 22:53:02:Error Exception(frameFlip): invalid frame
2017-01-23 22:53:02:Error Exception(frameFlip): invalid frame
2017-01-23 22:53:02:Error Exception(frameFlip): invalid frame
2017-01-23 22:53:02:Error Exception(frameFlip): invalid frame
2017-01-23 22:53:02:Error Exception(frameFlip): invalid frame
2017-01-23 22:53:02:Error Exception(frameFlip): invalid frame
2017-01-23 22:53:02:Error Exception(frameFlip): invalid frame
2017-01-23 22:53:02:Error Exception(frameFlip): invalid frame
2017-01-23 22:53:02:Error Exception(frameFlip): invalid frame
2017-01-23 22:53:02:Error Exception(frameFlip): invalid frame
2017-01-23 22:53:02:Error Exception(frameFlip): invalid frame
2017-01-23 22:53:02:Error Exception(frameFlip): invalid frame
2017-01-23 22:53:02:Error Exception(frameFlip): invalid frame
2017-01-23 22:53:02:Error Exception(frameFlip): invalid frame
2017-01-23 22:53:02:Error Exception(frameFlip): invalid frame
2017-01-23 22:53:02:Error Exception(frameFlip): invalid frame
2017-01-23 22:53:02:Error Exception(frameFlip): invalid frame
2017-01-23 22:53:02:Error Exception(frameFlip): invalid frame
2017-01-23 22:53:02:Error Exception(frameFlip): invalid frame
2017-01-23 22:53:02:Error Exception(frameFlip): invalid frame
2017-01-23 22:53:02:Error Exception(frameFlip): invalid frame
2017-01-23 22:53:02:Error Exception(frameFlip): invalid frame
2017-01-23 22:53:02:Error Exception(frameFlip): invalid frame
2017-01-23 22:53:02:Error Exception(frameFlip): invalid frame
2017-01-23 22:53:02:Error Exception(frameFlip): invalid frame
2017-01-23 22:53:02:Error Exception(frameFlip): invalid frame
2017-01-23 22:53:02:Error Exception(frameFlip): invalid frame
2017-01-23 22:53:02:Error Exception(frameFlip): invalid frame
2017-01-23 22:53:02:Error Exception(frameFlip): invalid frame
2017-01-23 22:53:02:Error Exception(frameFlip): invalid frame
2017-01-23 22:53:02:Error Exception(frameFlip): invalid frame
2017-01-23 22:53:02:Error Exception(frameFlip): invalid frame
2017-01-23 22:53:02:Error Exception(frameFlip): invalid frame
2017-01-23 22:53:02:Error Exception(frameFlip): invalid frame
2017-01-23 22:53:02:Error Exception(frameFlip): invalid frame
2017-01-23 22:53:02:Error Exception(frameFlip): invalid frame
2017-01-23 22:53:02:Error Exception(frameFlip): invalid frame
2017-01-23 22:53:02:Error Exception(frameFlip): invalid frame
2017-01-23 22:53:02:Error Exception(frameFlip): invalid frame
2017-01-23 22:53:02:Error Exception(frameFlip): invalid frame
2017-01-23 22:53:02:Error Exception(frameFlip): invalid frame
2017-01-23 22:53:02:Error Exception(frameFlip): invalid frame
2017-01-23 22:53:02:Error Exception(frameFlip): invalid frame
2017-01-23 22:53:02:Error Exception(frameFlip): invalid frame
2017-01-23 22:53:02:Error Exception(frameFlip): invalid frame
2017-01-23 22:53:02:Error Exception(frameFlip): invalid frame
2017-01-23 22:53:02:Error Exception(frameFlip): invalid frame
2017-01-23 22:53:02:Error Exception(frameFlip): invalid frame
2017-01-23 22:53:02:Error Exception(frameFlip): invalid frame
2017-01-23 22:53:02:Error Exception(frameFlip): invalid frame
2017-01-23 22:53:02:Error Exception(frameFlip): invalid frame
2017-01-23 22:53:02:Error Exception(frameFlip): invalid frame
2017-01-23 22:53:02:Error Exception(frameFlip): invalid frame
2017-01-23 22:53:02:Error Exception(frameFlip): invalid frame
2017-01-23 22:53:02:Error Exception(frameFlip): invalid frame
2017-01-23 22:53:02:Error Exception(frameFlip): invalid frame
2017-01-23 22:53:02:Error Exception(frameFlip): invalid frame
2017-01-23 22:53:02:Error Exception(frameFlip): invalid frame
2017-01-23 22:53:02:Error Exception(frameFlip): invalid frame
2017-01-23 22:53:02:Error Exception(frameFlip): invalid frame
2017-01-23 22:53:02:Error Exception(frameFlip): invalid frame
2017-01-23 22:53:02:Error Exception(frameFlip): invalid frame
2017-01-23 22:53:02:Error Exception(frameFlip): invalid frame
2017-01-23 22:53:02:Error Exception(frameFlip): invalid frame
2017-01-23 22:53:02:Error Exception(frameFlip): invalid frame
2017-01-23 22:53:02:Error Exception(frameFlip): invalid frame
2017-01-23 22:53:02:Error Exception(frameFlip): invalid frame
2017-01-23 22:53:02:Error Exception(frameFlip): invalid frame
2017-01-23 22:53:02:Error Exception(frameFlip): invalid frame
2017-01-23 22:53:02:Error Exception(frameFlip): invalid frame
2017-01-23 22:53:02:Error Exception(frameFlip): invalid frame
2017-01-23 22:53:02:Error Exception(frameFlip): invalid frame
2017-01-23 22:53:02:Error Exception(frameFlip): invalid frame
2017-01-23 22:53:02:Error Exception(frameFlip): invalid frame
2017-01-23 22:53:02:Error Exception(frameFlip): invalid frame
2017-01-23 22:53:02:Error Exception(frameFlip): invalid frame
2017-01-23 22:53:02:Error Exception(frameFlip): invalid frame
2017-01-23 22:53:02:Error Exception(frameFlip): invalid frame
2017-01-23 22:53:02:Error Exception(frameFlip): invalid frame
2017-01-23 22:53:02:Error Exception(frameFlip): invalid frame
2017-01-23 22:53:02:Error Exception(frameFlip): invalid frame
2017-01-23 22:53:02:Error Exception(frameFlip): invalid frame
2017-01-23 22:53:02:Error Exception(frameFlip): invalid frame
2017-01-23 22:53:02:Error Exception(frameFlip): invalid frame
2017-01-23 22:53:02:Error Exception(frameFlip): invalid frame
2017-01-23 22:53:02:Error Exception(frameFlip): invalid frame
2017-01-23 22:53:02:Error Exception(frameFlip): invalid frame
2017-01-23 22:53:02:Error Exception(frameFlip): invalid frame
2017-01-23 22:53:02:Error Exception(frameFlip): invalid frame
2017-01-23 22:53:02:Error Exception(frameFlip): invalid frame
2017-01-23 22:53:02:bitFlip function
2017-01-23 22:53:02:Type: The type is a pointer.
2017-01-23 22:53:02:Type sizeof: 8
2017-01-23 22:53:02:Fliping a bit of the value pointed by a pointer
2017-01-23 22:53:02:bitFlip function
2017-01-23 22:53:02:Type: A floating point type.
2017-01-23 22:53:02:Type sizeof: 4
2017-01-23 22:53:02:Error gdbException(frameFlip): Cannot access memory at address 0x1
2017-01-23 22:53:02:Error Exception(frameFlip): invalid frame
2017-01-23 22:53:02:Error Exception(frameFlip): invalid frame
2017-01-23 22:53:02:Error Exception(frameFlip): invalid frame
2017-01-23 22:53:02:Error Exception(frameFlip): invalid frame
2017-01-23 22:53:02:Error Exception(frameFlip): invalid frame
2017-01-23 22:53:02:Error Exception(frameFlip): invalid frame
2017-01-23 22:53:02:Error Exception(frameFlip): invalid frame
2017-01-23 22:53:02:Error Exception(frameFlip): invalid frame
2017-01-23 22:53:02:Error Exception(frameFlip): invalid frame
2017-01-23 22:53:02:Fault Injection Failed after 20.6733210087s
2017-01-23 22:53:02:Trying Fault Injection
2017-01-23 22:53:02:Inferior PID: 180018
2017-01-23 22:53:02:Inferior is valid: True
2017-01-23 22:53:03:Inferior #threads: 229
2017-01-23 22:53:03:Backtrace BEGIN:
2017-01-23 22:53:03:#0  0x0000000000404c93 in L_lud_omp_123__par_loop2_2_5 () at lud_omp.c:148
#1  0x00007ffff790ba1f in ?? ()
#2  0x00007fffffffd9c0 in ?? ()
#3  0x00007ffff4ea0100 in ?? ()
#4  0x0000000000000001 in ?? ()
#5  0x0000000000000003 in ?? ()
#6  0x0000000000000000 in ?? ()

2017-01-23 22:53:03:143	            for (i = 0; i < BS; i++)
144	            {
145	                for (k=0; k < BS; k++) {
146	#pragma omp simd 
147	                    for (j = 0; j < BS; j++) {
148	                        sum[j] += temp_left[BS*i + k] * temp_top[BS*k + j];
149	                    }
150	                }
151	#pragma omp simd 
152	                for (j = 0; j < BS; j++) {

2017-01-23 22:53:03:Backtrace END
2017-01-23 22:53:05:Thread name: None
2017-01-23 22:53:05:Thread num: 1
2017-01-23 22:53:05:Thread ptid: (180018, 180018, 0)
2017-01-23 22:53:05:bitFlip function
2017-01-23 22:53:05:Type: The type is an integer type.
2017-01-23 22:53:05:Type sizeof: 4
2017-01-23 22:53:05:Mem contents(hex):0x1c0x000x000x00
2017-01-23 22:53:05:base address to flip value: 0x7fffffffc688
2017-01-23 22:53:05:address max offset: 4
2017-01-23 22:53:05:Memory content before bitflip:0x1c0x000x000x00
2017-01-23 22:53:05:Memory content after  bitflip:0x1c0x020x000x00
2017-01-23 22:53:05:Mem contents(hex):0x1c0x020x000x00
2017-01-23 22:53:05:frame name: L_lud_omp_123__par_loop2_2_5
2017-01-23 22:53:05:symbol name: size_inter
2017-01-23 22:53:05:symbol filename: lud_omp.c
2017-01-23 22:53:05:symbol line: 45
2017-01-23 22:53:05:value: 540
2017-01-23 22:53:05:value address: 0x7fffffffc688
2017-01-23 22:53:05:Type: The type is an integer type.
2017-01-23 22:53:05:Type sizeof: 4
2017-01-23 22:53:05:Fault Injection Successful after 23.9052190781s
2017-01-23 22:53:09:event type: exit
2017-01-23 22:53:09:exit code: 0
