2016-10-14 16:10:31:Starting GDB script
2016-10-14 16:10:32:sending signal using command: 'ssh -T mic0 killall -2 needle_check' after 1.08213769479s
2016-10-14 16:10:32:shell stdout: 
2016-10-14 16:10:34:sending signal using command: 'ssh -T mic0 killall -2 needle_check' after 2.77141356207s
2016-10-14 16:10:34:shell stdout: 
2016-10-14 16:10:35:sending signal using command: 'ssh -T mic0 killall -2 needle_check' after 3.84029960895s
2016-10-14 16:10:35:shell stdout: 
2016-10-14 16:10:36:sending signal using command: 'ssh -T mic0 killall -2 needle_check' after 4.90609321059s
2016-10-14 16:10:36:shell stdout: 
2016-10-14 16:10:40:sending signal using command: 'ssh -T mic0 killall -2 needle_check' after 9.01922160844s
2016-10-14 16:10:40:shell stdout: 
2016-10-14 16:10:41:sending signal using command: 'ssh -T mic0 killall -2 needle_check' after 9.43916094119s
2016-10-14 16:10:41:shell stdout: 
2016-10-14 16:10:41:sending signal using command: 'ssh -T mic0 killall -2 needle_check' after 9.97050333196s
2016-10-14 16:10:41:shell stdout: 
2016-10-14 16:10:42:sending signal using command: 'ssh -T mic0 killall -2 needle_check' after 10.8348286342s
2016-10-14 16:10:42:shell stdout: 
2016-10-14 16:10:46:sending signal using command: 'ssh -T mic0 killall -2 needle_check' after 14.8089099216s
2016-10-14 16:10:46:shell stdout: 
2016-10-14 16:10:46:no gdbExecName running, out:
2016-10-14 16:10:46:checCmd:ps -e | grep -i gdb-mic
2016-10-14 16:10:46:finished now-timestampStart < maxWaitTime*5
2016-10-14 16:10:46:now: 1476475845
2016-10-14 16:10:46:timestampStart: 1476475831
2016-10-14 16:10:46:kill cmd: killall -9 gdb-mic
2016-10-14 16:10:46:shell stdout: 
2016-10-14 16:10:46:sending signal using command: 'ssh -T mic0 killall -2 needle_check' after 15.2142884985s
2016-10-14 16:10:46:shell stdout: 
2016-10-14 16:10:46:kill cmd: ssh -T mic0 killall -9 needle_check
2016-10-14 16:10:46:shell stdout: 
2016-10-14 16:10:47:kill cmd: ssh -T mic0 killall -9 gdbserver
2016-10-14 16:10:47:shell stdout: 
2016-10-14 16:10:47:kill cmd: ssh -T mic0 killall -9 sshd
2016-10-14 16:10:47:shell stdout: 
