2017-02-21 21:29:08:Starting GDB script
2017-02-21 21:29:08:initSignal:10.0
2017-02-21 21:29:08:endSignal:15.0
2017-02-21 21:29:08:seqSignal:20
2017-02-21 21:29:18:sending 20 signals using command: 'ssh -T mic0 killall -2 clamr_openmponly' after 10.5963905168s
2017-02-21 21:29:19:shell stdout: 
2017-02-21 21:29:19:shell stdout: 
2017-02-21 21:29:20:shell stdout: 
2017-02-21 21:29:20:shell stdout: 
2017-02-21 21:29:20:shell stdout: 
2017-02-21 21:29:21:sending 20 signals using command: 'ssh -T mic0 killall -2 clamr_openmponly' after 12.916357866s
2017-02-21 21:29:21:shell stdout: 
2017-02-21 21:29:21:shell stdout: 
2017-02-21 21:29:21:shell stdout: 
2017-02-21 21:29:22:shell stdout: 
2017-02-21 21:29:22:shell stdout: 
2017-02-21 21:29:22:shell stdout: 
2017-02-21 21:29:22:shell stdout: 
2017-02-21 21:29:22:shell stdout: 
2017-02-21 21:29:23:shell stdout: 
2017-02-21 21:29:23:shell stdout: 
2017-02-21 21:29:23:shell stdout: 
2017-02-21 21:29:23:shell stdout: 
2017-02-21 21:29:23:shell stdout: 
2017-02-21 21:29:24:shell stdout: 
2017-02-21 21:29:24:shell stdout: 
2017-02-21 21:29:24:shell stdout: 
2017-02-21 21:29:24:shell stdout: 
2017-02-21 21:29:25:shell stdout: 
2017-02-21 21:29:25:shell stdout: 
2017-02-21 21:29:25:shell stdout: 
2017-02-21 21:29:25:shell stdout: 
2017-02-21 21:29:25:shell stdout: 
2017-02-21 21:29:25:shell stdout: 
2017-02-21 21:29:26:shell stdout: 
2017-02-21 21:29:26:shell stdout: 
2017-02-21 21:29:26:shell stdout: 
2017-02-21 21:29:26:shell stdout: 
2017-02-21 21:29:27:shell stdout: 
2017-02-21 21:29:27:shell stdout: 
2017-02-21 21:29:27:shell stdout: 
2017-02-21 21:29:27:shell stdout: 
2017-02-21 21:29:28:shell stdout: 
2017-02-21 21:29:28:shell stdout: 
2017-02-21 21:29:29:shell stdout: 
2017-02-21 21:29:29:shell stdout: 
2017-02-21 21:30:37:no gdbExecName running, out:
2017-02-21 21:30:37:checCmd:ps -e | grep -i gdb-mic
2017-02-21 21:30:37:finished now-timestampStart < maxWaitTime*5
2017-02-21 21:30:37:now: 1487730628
2017-02-21 21:30:37:timestampStart: 1487730548
2017-02-21 21:30:37:kill cmd: killall -9 gdb-mic
2017-02-21 21:30:37:shell stdout: 
2017-02-21 21:30:38:kill cmd: ssh -T mic0 killall -9 clamr_openmponly
2017-02-21 21:30:38:shell stdout: 
2017-02-21 21:30:38:kill cmd: ssh -T mic0 killall -9 gdbserver
2017-02-21 21:30:38:shell stdout: 
2017-02-21 21:30:38:kill cmd: ssh -T mic0 killall -9 sshd
2017-02-21 21:30:38:shell stdout: 
