2017-01-24 05:24:39:Starting GDB script
2017-01-24 05:24:39:initSignal:4.0
2017-01-24 05:24:39:endSignal:6.0
2017-01-24 05:24:39:seqSignal:30
2017-01-24 05:24:43:sending 30 signals using command: 'ssh -T mic0 killall -2 lud_check' after 4.21725102221s
2017-01-24 05:24:44:sending 30 signals using command: 'ssh -T mic0 killall -2 lud_check' after 4.90913643479s
2017-01-24 05:24:44:sending 30 signals using command: 'ssh -T mic0 killall -2 lud_check' after 5.02633700582s
2017-01-24 05:24:44:shell stdout: 
2017-01-24 05:24:44:shell stdout: 
2017-01-24 05:24:44:shell stdout: 
2017-01-24 05:24:45:shell stdout: 
2017-01-24 05:24:45:shell stdout: 
2017-01-24 05:24:45:shell stdout: 
2017-01-24 05:24:45:shell stdout: 
2017-01-24 05:24:45:shell stdout: 
2017-01-24 05:24:45:shell stdout: 
2017-01-24 05:24:45:shell stdout: 
2017-01-24 05:24:46:shell stdout: 
2017-01-24 05:24:46:shell stdout: 
2017-01-24 05:24:46:shell stdout: 
2017-01-24 05:24:46:shell stdout: 
2017-01-24 05:24:46:shell stdout: 
2017-01-24 05:24:46:shell stdout: 
2017-01-24 05:24:47:shell stdout: 
2017-01-24 05:24:47:shell stdout: 
2017-01-24 05:24:47:shell stdout: 
2017-01-24 05:24:47:shell stdout: 
2017-01-24 05:24:47:shell stdout: 
2017-01-24 05:24:47:shell stdout: 
2017-01-24 05:24:47:shell stdout: 
2017-01-24 05:24:48:shell stdout: 
2017-01-24 05:24:48:shell stdout: 
2017-01-24 05:24:48:shell stdout: 
2017-01-24 05:24:48:shell stdout: 
2017-01-24 05:24:48:shell stdout: 
2017-01-24 05:24:48:shell stdout: 
2017-01-24 05:24:48:shell stdout: 
2017-01-24 05:24:48:shell stdout: 
2017-01-24 05:24:49:shell stdout: 
2017-01-24 05:24:49:shell stdout: 
2017-01-24 05:24:49:shell stdout: 
2017-01-24 05:24:49:shell stdout: 
2017-01-24 05:24:49:shell stdout: 
2017-01-24 05:24:49:shell stdout: 
2017-01-24 05:24:50:shell stdout: 
2017-01-24 05:24:50:shell stdout: 
2017-01-24 05:24:50:shell stdout: 
2017-01-24 05:24:50:shell stdout: 
2017-01-24 05:24:50:shell stdout: 
2017-01-24 05:24:50:shell stdout: 
2017-01-24 05:24:50:shell stdout: 
2017-01-24 05:24:51:shell stdout: 
2017-01-24 05:24:51:shell stdout: 
2017-01-24 05:24:51:shell stdout: 
2017-01-24 05:24:51:shell stdout: 
2017-01-24 05:24:51:shell stdout: 
2017-01-24 05:24:51:shell stdout: 
2017-01-24 05:24:51:shell stdout: 
2017-01-24 05:24:51:shell stdout: 
2017-01-24 05:24:52:shell stdout: 
2017-01-24 05:24:52:shell stdout: 
2017-01-24 05:24:52:shell stdout: 
2017-01-24 05:24:52:shell stdout: 
2017-01-24 05:24:52:shell stdout: 
2017-01-24 05:24:52:shell stdout: 
2017-01-24 05:24:52:shell stdout: 
2017-01-24 05:24:53:shell stdout: 
2017-01-24 05:24:53:shell stdout: 
2017-01-24 05:24:53:shell stdout: 
2017-01-24 05:24:53:shell stdout: 
2017-01-24 05:24:53:shell stdout: 
2017-01-24 05:24:53:shell stdout: 
2017-01-24 05:24:54:shell stdout: 
2017-01-24 05:24:54:shell stdout: 
2017-01-24 05:24:54:shell stdout: 
2017-01-24 05:24:54:shell stdout: 
2017-01-24 05:24:54:shell stdout: 
2017-01-24 05:24:54:shell stdout: 
2017-01-24 05:24:55:shell stdout: 
2017-01-24 05:24:55:shell stdout: 
2017-01-24 05:24:55:shell stdout: 
2017-01-24 05:24:55:shell stdout: 
2017-01-24 05:24:55:shell stdout: 
2017-01-24 05:24:55:shell stdout: 
2017-01-24 05:24:55:shell stdout: 
2017-01-24 05:24:55:shell stdout: 
2017-01-24 05:24:55:shell stdout: 
2017-01-24 05:24:56:shell stdout: 
2017-01-24 05:24:56:shell stdout: 
2017-01-24 05:24:56:shell stdout: 
2017-01-24 05:24:56:shell stdout: 
2017-01-24 05:24:56:shell stdout: 
2017-01-24 05:24:56:shell stdout: 
2017-01-24 05:24:57:shell stdout: 
2017-01-24 05:24:57:shell stdout: 
2017-01-24 05:24:57:shell stdout: 
2017-01-24 05:24:57:shell stdout: 
2017-01-24 05:25:09:no gdbExecName running, out:
2017-01-24 05:25:09:checCmd:ps -e | grep -i gdb-mic
2017-01-24 05:25:09:finished now-timestampStart < maxWaitTime*5
2017-01-24 05:25:09:now: 1485253508
2017-01-24 05:25:09:timestampStart: 1485253479
2017-01-24 05:25:09:kill cmd: killall -9 gdb-mic
2017-01-24 05:25:09:shell stdout: 
2017-01-24 05:25:09:kill cmd: ssh -T mic0 killall -9 lud_check
2017-01-24 05:25:09:shell stdout: 
2017-01-24 05:25:09:kill cmd: ssh -T mic0 killall -9 gdbserver
2017-01-24 05:25:09:shell stdout: 
2017-01-24 05:25:10:kill cmd: ssh -T mic0 killall -9 sshd
2017-01-24 05:25:10:shell stdout: 
