2016-10-27 12:35:02:Starting GDB script
2016-10-27 12:35:03:sending signal using command: 'ssh -T mic0 killall -2 needle_check' after 0.278078479902s
2016-10-27 12:35:03:shell stdout: 
2016-10-27 12:35:03:sending signal using command: 'ssh -T mic0 killall -2 needle_check' after 0.652348146737s
2016-10-27 12:35:03:shell stdout: 
2016-10-27 12:35:06:sending signal using command: 'ssh -T mic0 killall -2 needle_check' after 2.9946762406s
2016-10-27 12:35:06:shell stdout: 
2016-10-27 12:35:07:sending signal using command: 'ssh -T mic0 killall -2 needle_check' after 4.38957325616s
2016-10-27 12:35:07:shell stdout: 
2016-10-27 12:35:08:sending signal using command: 'ssh -T mic0 killall -2 needle_check' after 5.61225501545s
2016-10-27 12:35:08:shell stdout: 
2016-10-27 12:35:09:sending signal using command: 'ssh -T mic0 killall -2 needle_check' after 6.33533669396s
2016-10-27 12:35:09:shell stdout: 
2016-10-27 12:35:11:sending signal using command: 'ssh -T mic0 killall -2 needle_check' after 8.09327468522s
2016-10-27 12:35:11:shell stdout: 
2016-10-27 12:35:12:sending signal using command: 'ssh -T mic0 killall -2 needle_check' after 9.71796915853s
2016-10-27 12:35:12:shell stdout: 
2016-10-27 12:35:15:sending signal using command: 'ssh -T mic0 killall -2 needle_check' after 12.5559614237s
2016-10-27 12:35:15:shell stdout: 
2016-10-27 12:35:18:sending signal using command: 'ssh -T mic0 killall -2 needle_check' after 15.7898997198s
2016-10-27 12:35:18:shell stdout: 
2016-10-27 12:35:27:no gdbExecName running, out:
2016-10-27 12:35:27:checCmd:ps -e | grep -i gdb-mic
2016-10-27 12:35:27:finished now-timestampStart < maxWaitTime*5
2016-10-27 12:35:27:now: 1477586126
2016-10-27 12:35:27:timestampStart: 1477586102
2016-10-27 12:35:27:kill cmd: killall -9 gdb-mic
2016-10-27 12:35:27:shell stdout: 
2016-10-27 12:35:28:kill cmd: ssh -T mic0 killall -9 needle_check
2016-10-27 12:35:28:shell stdout: 
2016-10-27 12:35:28:kill cmd: ssh -T mic0 killall -9 gdbserver
2016-10-27 12:35:28:shell stdout: 
2016-10-27 12:35:29:kill cmd: ssh -T mic0 killall -9 sshd
2016-10-27 12:35:29:shell stdout: 
