[INFO -- 2017-03-27 04:55:16]
Starting GDB script
[INFO -- 2017-03-27 04:55:16]
initSignal:0.0
[INFO -- 2017-03-27 04:55:16]
endSignal:3.0
[INFO -- 2017-03-27 04:55:16]
seqSignal:30
[INFO -- 2017-03-27 04:55:16]
sending 30 signals using command: 'ssh -T mic0 killall -2 lavamd_check' after 0.162794811497s
[INFO -- 2017-03-27 04:55:17]
sending 30 signals using command: 'ssh -T mic0 killall -2 lavamd_check' after 0.238912267483s
[INFO -- 2017-03-27 04:55:17]
sending 30 signals using command: 'ssh -T mic0 killall -2 lavamd_check' after 0.304664893533s
[INFO -- 2017-03-27 04:55:17]
shell stdout: 
[INFO -- 2017-03-27 04:55:17]
shell stdout: 
[INFO -- 2017-03-27 04:55:17]
shell stdout: 
[INFO -- 2017-03-27 04:55:17]
shell stdout: 
[INFO -- 2017-03-27 04:55:17]
shell stdout: 
[INFO -- 2017-03-27 04:55:17]
shell stdout: 
[INFO -- 2017-03-27 04:55:18]
shell stdout: 
[INFO -- 2017-03-27 04:55:18]
shell stdout: 
[INFO -- 2017-03-27 04:55:18]
shell stdout: 
[INFO -- 2017-03-27 04:55:18]
shell stdout: 
[INFO -- 2017-03-27 04:55:18]
shell stdout: 
[INFO -- 2017-03-27 04:55:18]
shell stdout: 
[INFO -- 2017-03-27 04:55:19]
shell stdout: 
[INFO -- 2017-03-27 04:55:19]
shell stdout: 
[INFO -- 2017-03-27 04:55:19]
shell stdout: 
[INFO -- 2017-03-27 04:55:19]
shell stdout: 
[INFO -- 2017-03-27 04:55:19]
shell stdout: 
[INFO -- 2017-03-27 04:55:19]
shell stdout: 
[INFO -- 2017-03-27 04:55:20]
shell stdout: 
[INFO -- 2017-03-27 04:55:20]
shell stdout: 
[INFO -- 2017-03-27 04:55:20]
shell stdout: 
[INFO -- 2017-03-27 04:55:21]
shell stdout: 
[INFO -- 2017-03-27 04:55:21]
shell stdout: 
[INFO -- 2017-03-27 04:55:21]
shell stdout: 
[INFO -- 2017-03-27 04:55:22]
shell stdout: 
[INFO -- 2017-03-27 04:55:22]
shell stdout: 
[INFO -- 2017-03-27 04:55:22]
shell stdout: 
[INFO -- 2017-03-27 04:55:23]
shell stdout: 
[INFO -- 2017-03-27 04:55:23]
shell stdout: 
[INFO -- 2017-03-27 04:55:23]
shell stdout: 
[INFO -- 2017-03-27 04:55:24]
shell stdout: 
[INFO -- 2017-03-27 04:55:24]
shell stdout: 
[INFO -- 2017-03-27 04:55:24]
shell stdout: 
[INFO -- 2017-03-27 04:55:25]
shell stdout: 
[INFO -- 2017-03-27 04:55:25]
shell stdout: 
[INFO -- 2017-03-27 04:55:25]
shell stdout: 
[INFO -- 2017-03-27 04:55:25]
shell stdout: 
[INFO -- 2017-03-27 04:55:25]
shell stdout: 
[INFO -- 2017-03-27 04:55:25]
shell stdout: 
[INFO -- 2017-03-27 04:55:26]
shell stdout: 
[INFO -- 2017-03-27 04:55:26]
shell stdout: 
[INFO -- 2017-03-27 04:55:26]
shell stdout: 
[INFO -- 2017-03-27 04:55:27]
shell stdout: 
[INFO -- 2017-03-27 04:55:27]
shell stdout: 
[INFO -- 2017-03-27 04:55:27]
shell stdout: 
[INFO -- 2017-03-27 04:55:27]
shell stdout: 
[INFO -- 2017-03-27 04:55:27]
shell stdout: 
[INFO -- 2017-03-27 04:55:27]
shell stdout: 
[INFO -- 2017-03-27 04:55:28]
shell stdout: 
[INFO -- 2017-03-27 04:55:28]
shell stdout: 
[INFO -- 2017-03-27 04:55:28]
shell stdout: 
[INFO -- 2017-03-27 04:55:29]
shell stdout: 
[INFO -- 2017-03-27 04:55:29]
shell stdout: 
[INFO -- 2017-03-27 04:55:29]
shell stdout: 
[INFO -- 2017-03-27 04:55:29]
shell stdout: 
[INFO -- 2017-03-27 04:55:29]
shell stdout: 
[INFO -- 2017-03-27 04:55:29]
shell stdout: 
[INFO -- 2017-03-27 04:55:30]
shell stdout: 
[INFO -- 2017-03-27 04:55:30]
shell stdout: 
[INFO -- 2017-03-27 04:55:30]
shell stdout: 
[INFO -- 2017-03-27 04:55:30]
shell stdout: 
[INFO -- 2017-03-27 04:55:30]
shell stdout: 
[INFO -- 2017-03-27 04:55:30]
shell stdout: 
[INFO -- 2017-03-27 04:55:30]
shell stdout: 
[INFO -- 2017-03-27 04:55:30]
shell stdout: 
[INFO -- 2017-03-27 04:55:30]
shell stdout: 
[INFO -- 2017-03-27 04:55:31]
shell stdout: 
[INFO -- 2017-03-27 04:55:31]
shell stdout: 
[INFO -- 2017-03-27 04:55:31]
shell stdout: 
[INFO -- 2017-03-27 04:55:31]
shell stdout: 
[INFO -- 2017-03-27 04:55:31]
shell stdout: 
[INFO -- 2017-03-27 04:55:31]
shell stdout: 
[INFO -- 2017-03-27 04:55:32]
shell stdout: 
[INFO -- 2017-03-27 04:55:32]
shell stdout: 
[INFO -- 2017-03-27 04:55:32]
shell stdout: 
[INFO -- 2017-03-27 04:55:32]
shell stdout: 
[INFO -- 2017-03-27 04:55:32]
shell stdout: 
[INFO -- 2017-03-27 04:55:32]
shell stdout: 
[INFO -- 2017-03-27 04:55:33]
shell stdout: 
[INFO -- 2017-03-27 04:55:33]
shell stdout: 
[INFO -- 2017-03-27 04:55:33]
shell stdout: 
[INFO -- 2017-03-27 04:55:33]
shell stdout: 
[INFO -- 2017-03-27 04:55:33]
shell stdout: 
[INFO -- 2017-03-27 04:55:33]
shell stdout: 
[INFO -- 2017-03-27 04:55:34]
shell stdout: 
[INFO -- 2017-03-27 04:55:34]
shell stdout: 
[INFO -- 2017-03-27 04:55:34]
shell stdout: 
[INFO -- 2017-03-27 04:55:34]
shell stdout: 
[INFO -- 2017-03-27 04:55:34]
shell stdout: 
[INFO -- 2017-03-27 04:55:34]
shell stdout: 
[INFO -- 2017-03-27 04:55:38]
no gdbExecName running, out:
[INFO -- 2017-03-27 04:55:38]
checCmd:ps -e | grep -i gdb-mic
[INFO -- 2017-03-27 04:55:38]
finished now-timestampStart < maxWaitTime*5
[INFO -- 2017-03-27 04:55:38]
now: 1490604937
[INFO -- 2017-03-27 04:55:38]
timestampStart: 1490604916
[INFO -- 2017-03-27 04:55:38]
kill cmd: killall -9 gdb-mic
[INFO -- 2017-03-27 04:55:38]
shell stdout: 
[INFO -- 2017-03-27 04:55:38]
kill cmd: ssh -T mic0 killall -9 lavamd_check
[INFO -- 2017-03-27 04:55:38]
shell stdout: 
[INFO -- 2017-03-27 04:55:39]
kill cmd: ssh -T mic0 killall -9 gdbserver
[INFO -- 2017-03-27 04:55:39]
shell stdout: 
[INFO -- 2017-03-27 04:55:39]
kill cmd: ssh -T mic0 killall -9 sshd
[INFO -- 2017-03-27 04:55:39]
shell stdout: 
