[INFO -- 2017-02-27 03:39:29]
Starting GDB script
[INFO -- 2017-02-27 03:39:29]
initSignal:0.0
[INFO -- 2017-02-27 03:39:29]
endSignal:3.0
[INFO -- 2017-02-27 03:39:29]
seqSignal:15
[INFO -- 2017-02-27 03:39:30]
sending 15 signals using command: 'ssh -T mic1 killall -2 hotspot_check' after 0.801596835416s
[INFO -- 2017-02-27 03:39:31]
sending 15 signals using command: 'ssh -T mic1 killall -2 hotspot_check' after 1.65028539763s
[INFO -- 2017-02-27 03:39:31]
sending 15 signals using command: 'ssh -T mic1 killall -2 hotspot_check' after 2.05535989957s
[INFO -- 2017-02-27 03:39:31]
shell stdout: 
[INFO -- 2017-02-27 03:39:32]
shell stdout: 
[INFO -- 2017-02-27 03:39:32]
shell stdout: 
[INFO -- 2017-02-27 03:39:32]
shell stdout: 
[INFO -- 2017-02-27 03:39:32]
shell stdout: 
[INFO -- 2017-02-27 03:39:33]
shell stdout: 
[INFO -- 2017-02-27 03:39:33]
shell stdout: 
[INFO -- 2017-02-27 03:39:33]
shell stdout: 
[INFO -- 2017-02-27 03:39:33]
shell stdout: 
[INFO -- 2017-02-27 03:39:33]
shell stdout: 
[INFO -- 2017-02-27 03:39:33]
shell stdout: 
[INFO -- 2017-02-27 03:39:33]
shell stdout: 
[INFO -- 2017-02-27 03:39:33]
shell stdout: 
[INFO -- 2017-02-27 03:39:34]
shell stdout: 
[INFO -- 2017-02-27 03:39:34]
shell stdout: 
[INFO -- 2017-02-27 03:39:34]
shell stdout: 
[INFO -- 2017-02-27 03:39:34]
shell stdout: 
[INFO -- 2017-02-27 03:39:34]
shell stdout: 
[INFO -- 2017-02-27 03:39:34]
shell stdout: 
[INFO -- 2017-02-27 03:39:34]
shell stdout: 
[INFO -- 2017-02-27 03:39:35]
shell stdout: 
[INFO -- 2017-02-27 03:39:35]
shell stdout: 
[INFO -- 2017-02-27 03:39:35]
shell stdout: 
[INFO -- 2017-02-27 03:39:35]
shell stdout: 
[INFO -- 2017-02-27 03:39:35]
shell stdout: 
[INFO -- 2017-02-27 03:39:35]
shell stdout: 
[INFO -- 2017-02-27 03:39:35]
shell stdout: 
[INFO -- 2017-02-27 03:39:36]
shell stdout: 
[INFO -- 2017-02-27 03:39:36]
shell stdout: 
[INFO -- 2017-02-27 03:39:36]
shell stdout: 
[INFO -- 2017-02-27 03:39:36]
shell stdout: 
[INFO -- 2017-02-27 03:39:36]
shell stdout: 
[INFO -- 2017-02-27 03:39:36]
shell stdout: 
[INFO -- 2017-02-27 03:39:36]
shell stdout: 
[INFO -- 2017-02-27 03:39:37]
shell stdout: 
[INFO -- 2017-02-27 03:39:37]
shell stdout: 
[INFO -- 2017-02-27 03:39:37]
shell stdout: 
[INFO -- 2017-02-27 03:39:37]
shell stdout: 
[INFO -- 2017-02-27 03:39:37]
shell stdout: 
[INFO -- 2017-02-27 03:39:37]
shell stdout: 
[INFO -- 2017-02-27 03:39:37]
shell stdout: 
[INFO -- 2017-02-27 03:39:37]
shell stdout: 
[INFO -- 2017-02-27 03:39:38]
shell stdout: 
[INFO -- 2017-02-27 03:39:38]
shell stdout: 
[INFO -- 2017-02-27 03:39:38]
shell stdout: 
[INFO -- 2017-02-27 03:40:09]
no gdbExecName running, out:
[INFO -- 2017-02-27 03:40:09]
checCmd:ps -e | grep -i gdb-mic
[INFO -- 2017-02-27 03:40:09]
finished now-timestampStart < maxWaitTime*5
[INFO -- 2017-02-27 03:40:09]
now: 1488184807
[INFO -- 2017-02-27 03:40:09]
timestampStart: 1488184769
[INFO -- 2017-02-27 03:40:09]
kill cmd: killall -9 gdb-mic
[INFO -- 2017-02-27 03:40:09]
shell stdout: 
[INFO -- 2017-02-27 03:40:09]
kill cmd: ssh -T mic1 killall -9 hotspot_check
[INFO -- 2017-02-27 03:40:09]
shell stdout: 
[INFO -- 2017-02-27 03:40:10]
kill cmd: ssh -T mic1 killall -9 gdbserver
[INFO -- 2017-02-27 03:40:10]
shell stdout: 
[INFO -- 2017-02-27 03:40:10]
kill cmd: ssh -T mic1 killall -9 sshd
[INFO -- 2017-02-27 03:40:10]
shell stdout: 
