2016-10-18 12:32:19:Initialization strings:
2016-10-18 12:32:19:(1) target extended-remote | ssh -T mic0 gdbserver --multi -
2016-10-18 12:32:19:(2) set sysroot /opt/mpss/3.7/sysroots/k1om-mpss-linux/
2016-10-18 12:32:19:(3) set sysroot /opt/mpss/3.7/sysroots/k1om-mpss-linux/
2016-10-18 12:32:19:(4) file /micNfs/gdb-fault-injection-lavamd/bin/lavamd
2016-10-18 12:32:19:(5) set remote exec-file /micNfs/gdb-fault-injection-lavamd/bin/lavamd
2016-10-18 12:32:19:(6) set args 228 15 /micNfs/gdb-fault-injection-lavamd/bin/input_distance_228_15 /micNfs/gdb-fault-injection-lavamd/bin/input_charges_228_15 /micNfs/gdb-fault-injection-lavamd/bin/output_gold_228_15 1
2016-10-18 12:32:21:Trying Fault Injection
2016-10-18 12:32:21:Inferior PID: 141426
2016-10-18 12:32:21:Inferior is valid: True
2016-10-18 12:32:21:Inferior #threads: 224
2016-10-18 12:32:21:Backtrace BEGIN:
2016-10-18 12:32:21:#0  allocate_stack (stack=<synthetic pointer>, pdp=<synthetic pointer>, attr=0x7fffffffdd58) at allocatestack.c:548
#1  __pthread_create_2_1 (newthread=0x7fffffffdd50, attr=<optimized out>, start_routine=0x7ffff790bb10, arg=0x7fff24336b00) at pthread_create.c:524
#2  0x00007ffff790d323 in ?? ()
#3  0x0000000000000000 in ?? ()

2016-10-18 12:32:21:543	in allocatestack.c

2016-10-18 12:32:21:Backtrace END
2016-10-18 12:32:24:Thread name: None
2016-10-18 12:32:24:Thread num: 1
2016-10-18 12:32:24:Thread ptid: (141426, 141426, 0)
2016-10-18 12:32:24:bitFlip function
2016-10-18 12:32:24:Type: The type is a pointer.
2016-10-18 12:32:24:Type sizeof: 8
2016-10-18 12:32:24:Error gdbException(frameFlip): Attempt to dereference a generic pointer.
2016-10-18 12:32:24:Fault Injection Failed after 5.86519098282s
2016-10-18 12:32:25:Trying Fault Injection
2016-10-18 12:32:25:Inferior PID: 141426
2016-10-18 12:32:25:Inferior is valid: True
2016-10-18 12:32:25:Inferior #threads: 224
2016-10-18 12:32:25:Backtrace BEGIN:
2016-10-18 12:32:25:#0  allocate_stack (stack=<synthetic pointer>, pdp=<synthetic pointer>, attr=0x7fffffffdd58) at allocatestack.c:548
#1  __pthread_create_2_1 (newthread=0x7fffffffdd50, attr=<optimized out>, start_routine=0x7ffff790bb10, arg=0x7fff24336b00) at pthread_create.c:524
#2  0x00007ffff790d323 in ?? ()
#3  0x0000000000000000 in ?? ()

2016-10-18 12:32:25:88	in dl-minimal.c

2016-10-18 12:32:25:Backtrace END
2016-10-18 12:32:27:Trying Fault Injection
2016-10-18 12:32:27:Inferior PID: 141426
2016-10-18 12:32:27:Inferior is valid: True
2016-10-18 12:32:28:Inferior #threads: 224
2016-10-18 12:32:28:Backtrace BEGIN:
2016-10-18 12:32:28:#0  pthread_cond_timedwait@@GLIBC_2.3.2 () at ../sysdeps/unix/sysv/linux/x86_64/pthread_cond_timedwait.S:238
#1  0x00007ffff790c5ea in ?? ()
#2  0x00007ffff4933d18 in ?? ()
#3  0x0000000002a10a06 in ?? ()
#4  0x0000000000000017 in ?? ()
#5  0x00007ffff4933df0 in ?? ()
#6  0x00007ffff70e17d8 in ?? () from /opt/mpss/3.7/sysroots/k1om-mpss-linux/lib64/libc.so.6
#7  0x00007ffff4933d14 in ?? ()
#8  0x00007ffff4933de0 in ?? ()
#9  0x00007ffff7ff8630 in ?? ()
#10 0x0000000000000008 in ?? ()
#11 0x0000000000000000 in ?? ()

2016-10-18 12:32:28:233	in ../sysdeps/unix/sysv/linux/x86_64/pthread_cond_timedwait.S

2016-10-18 12:32:28:Backtrace END
2016-10-18 12:32:31:Thread name: None
2016-10-18 12:32:31:Thread num: 1
2016-10-18 12:32:31:Thread ptid: (141426, 141426, 0)
2016-10-18 12:32:31:bitFlip function
2016-10-18 12:32:31:Type: The type is a structure.
2016-10-18 12:32:31:Type sizeof: 16
2016-10-18 12:32:31:Fliping value of field: next
2016-10-18 12:32:31:bitFlip function
2016-10-18 12:32:31:Type: The type is a pointer.
2016-10-18 12:32:31:Type sizeof: 8
2016-10-18 12:32:31:Fliping a bit of the pointer
2016-10-18 12:32:31:Mem contents(hex):0xc00x080xbc0x650xfc0x7f0x000x00
2016-10-18 12:32:31:base address to flip value: 0x7ffff7642270 
2016-10-18 12:32:31:address max offset: 8
2016-10-18 12:32:31:Memory content before bitflip:0xc00x080xbc0x650xfc0x7f0x000x00
2016-10-18 12:32:31:Memory content after  bitflip:0xe00x080xbc0x650xfc0x7f0x000x00
2016-10-18 12:32:31:Mem contents(hex):0xe00x080xbc0x650xfc0x7f0x000x00
2016-10-18 12:32:31:frame name: __pthread_create_2_1
2016-10-18 12:32:31:symbol name: stack_used
2016-10-18 12:32:31:symbol filename: allocatestack.c
2016-10-18 12:32:31:symbol line: 115
2016-10-18 12:32:31:value: {next = 0x7ffc65bc08e0, prev = 0x7ffff49349c0}
2016-10-18 12:32:31:value address: 0x7ffff7642270 <stack_used>
2016-10-18 12:32:31:Type: The type is a structure.
2016-10-18 12:32:31:Type sizeof: 16
2016-10-18 12:32:31:Field name: next
2016-10-18 12:32:31:Field Type:
2016-10-18 12:32:31:Type: The type is a pointer.
2016-10-18 12:32:31:Type sizeof: 8
2016-10-18 12:32:31:Field name: prev
2016-10-18 12:32:31:Field Type:
2016-10-18 12:32:31:Type: The type is a pointer.
2016-10-18 12:32:31:Type sizeof: 8
2016-10-18 12:32:31:Fault Injection Successful after 12.3140039444s
