2017-01-25 13:03:49:Starting flip_value script
2017-01-25 13:03:49:Initialization strings:
2017-01-25 13:03:49:(1) target extended-remote | ssh -T mic0 gdbserver --multi -
2017-01-25 13:03:49:(2) set sysroot /opt/mpss/3.7/sysroots/k1om-mpss-linux/
2017-01-25 13:03:49:(3) set sysroot /opt/mpss/3.7/sysroots/k1om-mpss-linux/
2017-01-25 13:03:49:(4) file /micNfs/gdb-fault-injection/injector/bin/lud/lud_check
2017-01-25 13:03:49:(5) set remote exec-file /micNfs/gdb-fault-injection/injector/bin/lud/lud_check
2017-01-25 13:03:49:(6) set args -s 2048 -n 228 -i /micNfs/gdb-fault-injection/injector/bin/lud/input_2048_th_228 -g /micNfs/gdb-fault-injection/injector/bin/lud/gold_2048_th_228
2017-01-25 13:03:49:initSignal:4
2017-01-25 13:03:49:endSignal:6
2017-01-25 13:03:49:seqSignal:30
2017-01-25 13:03:54:Trying Fault Injection
2017-01-25 13:03:54:Inferior PID: 69162
2017-01-25 13:03:54:Inferior is valid: True
2017-01-25 13:03:54:Inferior #threads: 229
2017-01-25 13:03:54:Backtrace BEGIN:
2017-01-25 13:03:54:#0  0x0000000000404c4d in L_lud_omp_123__par_loop2_2_5 () at lud_omp.c:148
#1  0x00007ffff790ba1f in ?? ()
#2  0x00007fffffffd9c0 in ?? ()
#3  0x00007ffff4ea0100 in ?? ()
#4  0x0000000000000001 in ?? ()
#5  0x0000000000000003 in ?? ()
#6  0x0000000000000000 in ?? ()

2017-01-25 13:03:54:143	            for (i = 0; i < BS; i++)
144	            {
145	                for (k=0; k < BS; k++) {
146	#pragma omp simd 
147	                    for (j = 0; j < BS; j++) {
148	                        sum[j] += temp_left[BS*i + k] * temp_top[BS*k + j];
149	                    }
150	                }
151	#pragma omp simd 
152	                for (j = 0; j < BS; j++) {

2017-01-25 13:03:54:Backtrace END
2017-01-25 13:03:58:Thread name: None
2017-01-25 13:03:58:Thread num: 12
2017-01-25 13:03:58:Thread ptid: (69162, 69177, 0)
2017-01-25 13:03:58:Error Exception(frameFlip): invalid frame
2017-01-25 13:03:58:Error Exception(frameFlip): invalid frame
2017-01-25 13:03:58:Error Exception(frameFlip): invalid frame
2017-01-25 13:03:58:Error Exception(frameFlip): invalid frame
2017-01-25 13:03:58:bitFlip function
2017-01-25 13:03:58:Type: The type is a pointer.
2017-01-25 13:03:58:Type sizeof: 8
2017-01-25 13:03:58:Fliping a bit of the value pointed by a pointer
2017-01-25 13:03:58:bitFlip function
2017-01-25 13:03:58:Type: A floating point type.
2017-01-25 13:03:58:Type sizeof: 4
2017-01-25 13:03:58:Mem contents(hex):0x000x000x200x41
2017-01-25 13:03:58:base address to flip value: 0x7ffff5ecc010
2017-01-25 13:03:58:address max offset: 4
2017-01-25 13:03:58:Memory content before bitflip:0x000x000x200x41
2017-01-25 13:03:58:Memory content after  bitflip:0x000x000x000x41
2017-01-25 13:03:58:Mem contents(hex):0x000x000x000x41
2017-01-25 13:03:58:frame name: L_lud_omp_123__par_loop2_2_5
2017-01-25 13:03:58:symbol name: a
2017-01-25 13:03:58:symbol filename: lud_omp.c
2017-01-25 13:03:58:symbol line: 123
2017-01-25 13:03:58:value: 0x7ffff5ecc010
2017-01-25 13:03:58:value address: 0x7fffffffd9c0
2017-01-25 13:03:58:Type: The type is a pointer.
2017-01-25 13:03:58:Type sizeof: 8
2017-01-25 13:03:58:Fault Injection Successful after 9.83065891266s
2017-01-25 13:03:59:Fault Already Injected
2017-01-25 13:03:59:Fault Already Injected
2017-01-25 13:03:59:Fault Already Injected
2017-01-25 13:03:59:Fault Already Injected
2017-01-25 13:03:59:Fault Already Injected
2017-01-25 13:03:59:Fault Already Injected
2017-01-25 13:04:00:Fault Already Injected
2017-01-25 13:04:00:Fault Already Injected
2017-01-25 13:04:00:Fault Already Injected
2017-01-25 13:04:00:Fault Already Injected
2017-01-25 13:04:00:Fault Already Injected
2017-01-25 13:04:00:Fault Already Injected
2017-01-25 13:04:00:Fault Already Injected
2017-01-25 13:04:01:Fault Already Injected
2017-01-25 13:04:01:Fault Already Injected
2017-01-25 13:04:01:Fault Already Injected
2017-01-25 13:04:01:Fault Already Injected
2017-01-25 13:04:01:Fault Already Injected
2017-01-25 13:04:01:Fault Already Injected
2017-01-25 13:04:02:Fault Already Injected
2017-01-25 13:04:02:Fault Already Injected
2017-01-25 13:04:02:Fault Already Injected
2017-01-25 13:04:02:Fault Already Injected
2017-01-25 13:04:02:Fault Already Injected
2017-01-25 13:04:02:Fault Already Injected
2017-01-25 13:04:02:Fault Already Injected
2017-01-25 13:04:03:Fault Already Injected
2017-01-25 13:04:03:Fault Already Injected
2017-01-25 13:04:03:Fault Already Injected
2017-01-25 13:04:03:Fault Already Injected
2017-01-25 13:04:03:Fault Already Injected
2017-01-25 13:04:03:Fault Already Injected
2017-01-25 13:04:03:Fault Already Injected
2017-01-25 13:04:04:Fault Already Injected
2017-01-25 13:04:04:Fault Already Injected
2017-01-25 13:04:04:Fault Already Injected
2017-01-25 13:04:04:Fault Already Injected
2017-01-25 13:04:04:Fault Already Injected
2017-01-25 13:04:04:Fault Already Injected
2017-01-25 13:04:05:Fault Already Injected
2017-01-25 13:04:05:Fault Already Injected
2017-01-25 13:04:05:Fault Already Injected
2017-01-25 13:04:05:Fault Already Injected
2017-01-25 13:04:05:Fault Already Injected
2017-01-25 13:04:05:Fault Already Injected
2017-01-25 13:04:05:Fault Already Injected
2017-01-25 13:04:06:Fault Already Injected
2017-01-25 13:04:06:Fault Already Injected
2017-01-25 13:04:06:Fault Already Injected
2017-01-25 13:04:06:Fault Already Injected
2017-01-25 13:04:06:Fault Already Injected
2017-01-25 13:04:06:Fault Already Injected
2017-01-25 13:04:07:Fault Already Injected
2017-01-25 13:04:07:Fault Already Injected
2017-01-25 13:04:07:Fault Already Injected
2017-01-25 13:04:07:Fault Already Injected
2017-01-25 13:04:07:Fault Already Injected
2017-01-25 13:04:07:Fault Already Injected
2017-01-25 13:04:07:Fault Already Injected
2017-01-25 13:04:08:Fault Already Injected
2017-01-25 13:04:09:event type: exit
2017-01-25 13:04:09:exit code: 0
