[INFO -- 2017-03-04 08:18:53]
Starting GDB script
[INFO -- 2017-03-04 08:18:53]
initSignal:21.0
[INFO -- 2017-03-04 08:18:53]
endSignal:28.0
[INFO -- 2017-03-04 08:18:53]
seqSignal:15
[INFO -- 2017-03-04 08:19:17]
sending 15 signals using command: 'ssh -T mic1 killall -2 dgemm_check' after 23.5575948218s
[INFO -- 2017-03-04 08:19:17]
shell stdout: 
[INFO -- 2017-03-04 08:19:18]
sending 15 signals using command: 'ssh -T mic1 killall -2 dgemm_check' after 24.6416079452s
[INFO -- 2017-03-04 08:19:18]
shell stdout: 
[INFO -- 2017-03-04 08:19:18]
shell stdout: 
[INFO -- 2017-03-04 08:19:18]
shell stdout: 
[INFO -- 2017-03-04 08:19:19]
shell stdout: 
[INFO -- 2017-03-04 08:19:19]
shell stdout: 
[INFO -- 2017-03-04 08:19:19]
shell stdout: 
[INFO -- 2017-03-04 08:19:19]
shell stdout: 
[INFO -- 2017-03-04 08:19:19]
shell stdout: 
[INFO -- 2017-03-04 08:19:20]
shell stdout: 
[INFO -- 2017-03-04 08:19:20]
shell stdout: 
[INFO -- 2017-03-04 08:19:20]
shell stdout: 
[INFO -- 2017-03-04 08:19:20]
shell stdout: 
[INFO -- 2017-03-04 08:19:20]
shell stdout: 
[INFO -- 2017-03-04 08:19:21]
shell stdout: 
[INFO -- 2017-03-04 08:19:21]
sending 15 signals using command: 'ssh -T mic1 killall -2 dgemm_check' after 27.7227280916s
[INFO -- 2017-03-04 08:19:21]
shell stdout: 
[INFO -- 2017-03-04 08:19:21]
shell stdout: 
[INFO -- 2017-03-04 08:19:21]
shell stdout: 
[INFO -- 2017-03-04 08:19:21]
shell stdout: 
[INFO -- 2017-03-04 08:19:22]
shell stdout: 
[INFO -- 2017-03-04 08:19:22]
shell stdout: 
[INFO -- 2017-03-04 08:19:22]
shell stdout: 
[INFO -- 2017-03-04 08:19:22]
shell stdout: 
[INFO -- 2017-03-04 08:19:22]
shell stdout: 
[INFO -- 2017-03-04 08:19:22]
shell stdout: 
[INFO -- 2017-03-04 08:19:23]
shell stdout: 
[INFO -- 2017-03-04 08:19:23]
shell stdout: 
[INFO -- 2017-03-04 08:19:23]
shell stdout: 
[INFO -- 2017-03-04 08:19:23]
shell stdout: 
[INFO -- 2017-03-04 08:19:23]
shell stdout: 
[INFO -- 2017-03-04 08:19:23]
shell stdout: 
[INFO -- 2017-03-04 08:19:23]
shell stdout: 
[INFO -- 2017-03-04 08:19:24]
shell stdout: 
[INFO -- 2017-03-04 08:19:24]
shell stdout: 
[INFO -- 2017-03-04 08:19:24]
shell stdout: 
[INFO -- 2017-03-04 08:19:24]
shell stdout: 
[INFO -- 2017-03-04 08:19:24]
shell stdout: 
[INFO -- 2017-03-04 08:19:24]
shell stdout: 
[INFO -- 2017-03-04 08:19:25]
shell stdout: 
[INFO -- 2017-03-04 08:19:25]
shell stdout: 
[INFO -- 2017-03-04 08:19:26]
shell stdout: 
[INFO -- 2017-03-04 08:19:26]
shell stdout: 
[INFO -- 2017-03-04 08:19:26]
shell stdout: 
[INFO -- 2017-03-04 08:19:27]
shell stdout: 
[INFO -- 2017-03-04 08:19:27]
shell stdout: 
[INFO -- 2017-03-04 08:19:55]
no gdbExecName running, out:
[INFO -- 2017-03-04 08:19:55]
checCmd:ps -e | grep -i gdb-mic
[INFO -- 2017-03-04 08:19:55]
finished now-timestampStart < maxWaitTime*5
[INFO -- 2017-03-04 08:19:55]
now: 1488633586
[INFO -- 2017-03-04 08:19:55]
timestampStart: 1488633533
[INFO -- 2017-03-04 08:19:55]
kill cmd: killall -9 gdb-mic
[INFO -- 2017-03-04 08:19:55]
shell stdout: 
[INFO -- 2017-03-04 08:19:55]
kill cmd: ssh -T mic1 killall -9 dgemm_check
[INFO -- 2017-03-04 08:19:55]
shell stdout: 
[INFO -- 2017-03-04 08:19:56]
kill cmd: ssh -T mic1 killall -9 gdbserver
[INFO -- 2017-03-04 08:19:56]
shell stdout: 
[INFO -- 2017-03-04 08:19:56]
kill cmd: ssh -T mic1 killall -9 sshd
[INFO -- 2017-03-04 08:19:56]
shell stdout: 
