2016-10-31 12:25:26:Starting GDB script
2016-10-31 12:25:27:sending signal using command: 'ssh -T mic0 killall -2 lavamd' after 0.667849157822s
2016-10-31 12:25:27:shell stdout: 
2016-10-31 12:25:28:sending signal using command: 'ssh -T mic0 killall -2 lavamd' after 1.54208038035s
2016-10-31 12:25:28:shell stdout: 
2016-10-31 12:25:30:sending signal using command: 'ssh -T mic0 killall -2 lavamd' after 2.24284302992s
2016-10-31 12:25:30:shell stdout: 
2016-10-31 12:25:30:sending signal using command: 'ssh -T mic0 killall -2 lavamd' after 2.45290251396s
2016-10-31 12:25:30:shell stdout: 
2016-10-31 12:25:30:sending signal using command: 'ssh -T mic0 killall -2 lavamd' after 2.71976182195s
2016-10-31 12:25:30:shell stdout: 
2016-10-31 12:25:31:sending signal using command: 'ssh -T mic0 killall -2 lavamd' after 3.5272714153s
2016-10-31 12:25:31:shell stdout: 
2016-10-31 12:25:33:sending signal using command: 'ssh -T mic0 killall -2 lavamd' after 5.36462142201s
2016-10-31 12:25:33:shell stdout: 
2016-10-31 12:25:35:sending signal using command: 'ssh -T mic0 killall -2 lavamd' after 7.59689609049s
2016-10-31 12:25:35:shell stdout: 
2016-10-31 12:25:36:sending signal using command: 'ssh -T mic0 killall -2 lavamd' after 8.60196013729s
2016-10-31 12:25:36:shell stdout: 
2016-10-31 12:25:37:sending signal using command: 'ssh -T mic0 killall -2 lavamd' after 9.97591456868s
2016-10-31 12:25:37:shell stdout: 
2016-10-31 12:25:44:no gdbExecName running, out:
2016-10-31 12:25:44:checCmd:ps -e | grep -i gdb-mic
2016-10-31 12:25:44:finished now-timestampStart < maxWaitTime*5
2016-10-31 12:25:44:now: 1477931143
2016-10-31 12:25:44:timestampStart: 1477931126
2016-10-31 12:25:44:kill cmd: killall -9 gdb-mic
2016-10-31 12:25:44:shell stdout: 
2016-10-31 12:25:44:kill cmd: ssh -T mic0 killall -9 lavamd
2016-10-31 12:25:44:shell stdout: 
2016-10-31 12:25:44:kill cmd: ssh -T mic0 killall -9 gdbserver
2016-10-31 12:25:44:shell stdout: 
2016-10-31 12:25:45:kill cmd: ssh -T mic0 killall -9 sshd
2016-10-31 12:25:45:shell stdout: 
