2017-03-01 09:41:40:Starting flip_value script
2017-03-01 09:41:40:Initialization strings:
2017-03-01 09:41:40:(1) target extended-remote | ssh -T mic0 gdbserver --multi -
2017-03-01 09:41:40:(2) set sysroot /opt/mpss/3.7/sysroots/k1om-mpss-linux/
2017-03-01 09:41:40:(3) set sysroot /opt/mpss/3.7/sysroots/k1om-mpss-linux/
2017-03-01 09:41:40:(4) file /micNfs/gdb-fault-injection/injector/bin/clamr/clamr_openmponly
2017-03-01 09:41:40:(5) set remote exec-file /micNfs/gdb-fault-injection/injector/bin/clamr/clamr_openmponly
2017-03-01 09:41:40:(6) cd /micNfs/gdb-fault-injection/injector/bin/clamr
2017-03-01 09:41:40:(7) set args -n 512 -t 100 -g 100 -G data -j md5file
2017-03-01 09:41:40:initSignal:35
2017-03-01 09:41:40:endSignal:40
2017-03-01 09:41:40:seqSignal:20
2017-03-01 09:42:17:Backtrace BEGIN:
2017-03-01 09:42:17:#0  0x0000000000542d74 in Bounds_CenterAxis (b=0x3926910, axis=1) at /micNfs/gdb-fault-injection/injector/src/clamr/CLAMR/mesh/kdtree/Bounds.c:126
#1  0x000000000053c2c5 in median_sort (t=0x7f9d50, cut_direction=1, k=66188, num=132378, idx=0x4481870) at /micNfs/gdb-fault-injection/injector/src/clamr/CLAMR/mesh/kdtree/KDTree.c:90
#2  0x000000000053ce2b in KDTree_CreateTree (t=0x7f9d50) at /micNfs/gdb-fault-injection/injector/src/clamr/CLAMR/mesh/kdtree/KDTree.c:236
#3  0x00000000005413f6 in KDTree_QueryCircleInterior_Double (t=0x7f9d50, result_num=0x7fffffffe65c, result_indicies=0xb01ad0, circ_radius=24, ncells=264756, x=0x1d268d0, dx=0x212e8e0, y=0x25368f0, dy=0x2c42e50) at /micNfs/gdb-fault-injection/injector/src/clamr/CLAMR/mesh/kdtree/KDTree.c:625
#4  0x0000000000471e70 in State::fill_circle (this=0x7fa5e0, circ_radius=24, fill_value=100, background=7) at /micNfs/gdb-fault-injection/injector/src/clamr/CLAMR/state.cpp:990
#5  0x00000000004452cb in main (argc=11, argv=0x7fffffffec58) at /micNfs/gdb-fault-injection/injector/src/clamr/CLAMR/clamr_cpuonly.cpp:282

2017-03-01 09:42:17:121	      center = (b->min.x + b->max.x) * 0.5;
122	   else if(axis == YAXIS)
123	      center = (b->min.y + b->max.y) * 0.5;
124	   else
125	      assert(NULL);
126	   return(center);
127	}

2017-03-01 09:42:17:Backtrace END
2017-03-01 09:42:23:Type: The type is an integer type.
2017-03-01 09:42:23:Type sizeof: 4
2017-03-01 09:42:23:Mem contents(hex):0x010x000x000x00
2017-03-01 09:42:23:Fault Mode: Zero bit-flip
2017-03-01 09:42:23:base address to flip value: 0x7fffffffe3d8
2017-03-01 09:42:23:address max offset: 4
2017-03-01 09:42:23:Memory content before bitflip:0x010x000x000x00
2017-03-01 09:42:23:Backtrace BEGIN:
2017-03-01 09:42:23:#0  0x0000000000542d74 in Bounds_CenterAxis (b=0x3926910, axis=1) at /micNfs/gdb-fault-injection/injector/src/clamr/CLAMR/mesh/kdtree/Bounds.c:126
#1  0x000000000053c2c5 in median_sort (t=0x7f9d50, cut_direction=1, k=66188, num=132378, idx=0x4481870) at /micNfs/gdb-fault-injection/injector/src/clamr/CLAMR/mesh/kdtree/KDTree.c:90
#2  0x000000000053ce2b in KDTree_CreateTree (t=0x7f9d50) at /micNfs/gdb-fault-injection/injector/src/clamr/CLAMR/mesh/kdtree/KDTree.c:236
#3  0x00000000005413f6 in KDTree_QueryCircleInterior_Double (t=0x7f9d50, result_num=0x7fffffffe65c, result_indicies=0xb01ad0, circ_radius=24, ncells=264756, x=0x1d268d0, dx=0x212e8e0, y=0x25368f0, dy=0x2c42e50) at /micNfs/gdb-fault-injection/injector/src/clamr/CLAMR/mesh/kdtree/KDTree.c:625
#4  0x0000000000471e70 in State::fill_circle (this=0x7fa5e0, circ_radius=24, fill_value=100, background=7) at /micNfs/gdb-fault-injection/injector/src/clamr/CLAMR/state.cpp:990
#5  0x00000000004452cb in main (argc=11, argv=0x7fffffffec58) at /micNfs/gdb-fault-injection/injector/src/clamr/CLAMR/clamr_cpuonly.cpp:282

2017-03-01 09:42:23:121	      center = (b->min.x + b->max.x) * 0.5;
122	   else if(axis == YAXIS)
123	      center = (b->min.y + b->max.y) * 0.5;
124	   else
125	      assert(NULL);
126	   return(center);
127	}

2017-03-01 09:42:23:Backtrace END
2017-03-01 09:42:29:Type: The type is a pointer.
2017-03-01 09:42:29:Type sizeof: 8
2017-03-01 09:42:29:Fliping a bit of the pointer
2017-03-01 09:42:29:Mem contents(hex):0xc00xe50xff0xff0xff0x7f0x000x00
2017-03-01 09:42:29:Fault Mode: Single bit-flip
2017-03-01 09:42:29:base address to flip value: 0x7fffffffe580
2017-03-01 09:42:29:address max offset: 8
2017-03-01 09:42:29:Memory content before bitflip:0xc00xe50xff0xff0xff0x7f0x000x00
2017-03-01 09:42:29:Memory content after  bitflip:0xc00xe50xff0xff0xfb0x7f0x000x00
2017-03-01 09:42:29:Mem contents(hex):0xc00xe50xff0xff0xfb0x7f0x000x00
2017-03-01 09:42:29:frame name: KDTree_QueryCircleInterior_Double
2017-03-01 09:42:29:symbol name: ind
2017-03-01 09:42:29:symbol filename: /micNfs/gdb-fault-injection/injector/src/clamr/CLAMR/mesh/kdtree/KDTree.c
2017-03-01 09:42:29:symbol line: 629
2017-03-01 09:42:29:value: 0x7fffffffe5c0
2017-03-01 09:42:29:value address: 0x7fffffffe580
2017-03-01 09:42:29:Type: The type is a pointer.
2017-03-01 09:42:29:Type sizeof: 8
2017-03-01 09:42:29:Fault Injection Successful after 49.0577180386s
2017-03-01 09:43:19:event type: exit
2017-03-01 09:43:19:exit code: 0
