#HEADER matrix_dim:2048 threads:228
#BEGIN Y:2017 M:02 D:26 Time:05:17:16
#IT Ite:0 KerTime:14.643103 AccTime:14.643103
#ERR  p: [1467, 1872], r: 6.6734915971755981e-01, e: 6.6689801216125488e-01
#ERR  p: [1360, 1872], r: 2.6937975883483887e+00, e: 5.9921652078628540e-01
#ERR  p: [1377, 1872], r: 6.0982114076614380e-01, e: 6.0953944921493530e-01
#ERR  p: [1386, 1872], r: 6.1527311801910400e-01, e: 6.1497002840042114e-01
#ERR  p: [1395, 1872], r: 6.2090188264846802e-01, e: 6.2050735950469971e-01
#ERR  p: [1368, 1872], r: 6.0383194684982300e-01, e: 6.0395568609237671e-01
#ERR  p: [1458, 1872], r: 6.6069281101226807e-01, e: 6.6090393066406250e-01
#ERR  p: [1404, 1872], r: 6.2698876857757568e-01, e: 6.2603533267974854e-01
#ERR  p: [1413, 1872], r: 6.3221877813339233e-01, e: 6.3171404600143433e-01
#ERR  p: [1422, 1872], r: 6.3742655515670776e-01, e: 6.3779580593109131e-01
#ERR  p: [1431, 1872], r: 6.4340591430664062e-01, e: 6.4348906278610229e-01
#ERR  p: [1440, 1872], r: 6.4944738149642944e-01, e: 6.4920055866241455e-01
#ERR  p: [1449, 1872], r: 6.5468341112136841e-01, e: 6.5500849485397339e-01
#ERR  p: [1557, 1872], r: 7.3044586181640625e-01, e: 7.2993248701095581e-01
#ERR  p: [1539, 1872], r: 7.1656429767608643e-01, e: 7.1687191724777222e-01
#ERR  p: [1503, 1872], r: 6.9124382734298706e-01, e: 6.9128113985061646e-01
#ERR  p: [1530, 1872], r: 7.1021443605422974e-01, e: 7.1033453941345215e-01
#ERR  p: [1512, 1872], r: 6.9776427745819092e-01, e: 6.9769418239593506e-01
#ERR  p: [1494, 1872], r: 6.8539005517959595e-01, e: 6.8524461984634399e-01
#ERR  p: [1467, 1873], r: 6.6675037145614624e-01, e: 6.6629993915557861e-01
#ERR  p: [1521, 1872], r: 7.0397603511810303e-01, e: 7.0388168096542358e-01
#ERR  p: [1476, 1872], r: 6.7233055830001831e-01, e: 6.7278563976287842e-01
#ERR  p: [1485, 1872], r: 6.7919790744781494e-01, e: 6.7891603708267212e-01
#ERR  p: [2016, 1872], r: 1.7295479774475098e-02, e: 1.7300844192504883e-02
#ERR  p: [2024, 1872], r: 1.7164230346679688e-02, e: 1.7164379358291626e-02
#ERR  p: [2040, 1872], r: 1.6885936260223389e-02, e: 1.6889095306396484e-02
#ERR  p: [1926, 1872], r: 1.8924504518508911e-02, e: 1.8934071063995361e-02
#ERR  p: [1962, 1872], r: 1.8254309892654419e-02, e: 1.8259376287460327e-02
#ERR  p: [2007, 1872], r: 1.7463177442550659e-02, e: 1.7462134361267090e-02
#ERR  p: [1971, 1872], r: 1.8101602792739868e-02, e: 1.8097877502441406e-02
#ERR  p: [1989, 1872], r: 1.7775774002075195e-02, e: 1.7776876688003540e-02
#ERR  p: [1629, 1872], r: 7.8423100709915161e-01, e: 7.8421390056610107e-01
#ERR  p: [1548, 1872], r: 7.2336280345916748e-01, e: 7.2333896160125732e-01
#ERR  p: [1566, 1872], r: 7.3709648847579956e-01, e: 7.3646485805511475e-01
#ERR  p: [1593, 1872], r: 7.5649738311767578e-01, e: 7.5657939910888672e-01
#ERR  p: [1575, 1872], r: 7.4296504259109497e-01, e: 7.4308919906616211e-01
#ERR  p: [1620, 1872], r: 7.7766436338424683e-01, e: 7.7723050117492676e-01
#ERR  p: [1665, 1872], r: 8.1285643577575684e-01, e: 8.1312018632888794e-01
#ERR  p: [1602, 1872], r: 7.6374053955078125e-01, e: 7.6330959796905518e-01
#ERR  p: [1845, 1872], r: 9.7303706407546997e-01, e: 9.7347074747085571e-01
#ERR  p: [1872, 1872], r: 1.9988059997558594e-02, e: 1.9981294870376587e-02
#ERR  p: [1728, 1872], r: 8.6595124006271362e-01, e: 8.6570817232131958e-01
#ERR  p: [1899, 1872], r: 1.9457072019577026e-02, e: 1.9456863403320312e-02
#ERR  p: [1908, 1872], r: 1.9259661436080933e-02, e: 1.9265532493591309e-02
#ERR  p: [1917, 1872], r: 1.9104361534118652e-02, e: 1.9106596708297729e-02
#ERR  p: [1791, 1872], r: 9.2208677530288696e-01, e: 9.2219418287277222e-01
#ERR  p: [1935, 1872], r: 1.8753707408905029e-02, e: 1.8760889768600464e-02
#ERR  p: [1953, 1872], r: 1.8425464630126953e-02, e: 1.8425762653350830e-02
#ERR  p: [1980, 1872], r: 1.7932713031768799e-02, e: 1.7939686775207520e-02
#ERR  p: [1881, 1872], r: 1.9799947738647461e-02, e: 1.9797503948211670e-02
#ERR  p: [1998, 1872], r: 1.7612487077713013e-02, e: 1.7614156007766724e-02
#ERR  p: [1827, 1872], r: 9.5652920007705688e-01, e: 9.5605158805847168e-01
#ERR  p: [1890, 1872], r: 1.9635319709777832e-02, e: 1.9630759954452515e-02
#ERR  p: [1863, 1872], r: 9.8992657661437988e-01, e: 9.9060976505279541e-01
#ERR  p: [1782, 1872], r: 9.1486513614654541e-01, e: 9.1380983591079712e-01
#ERR  p: [1773, 1872], r: 9.0561014413833618e-01, e: 9.0555649995803833e-01
#ERR  p: [1584, 1872], r: 7.4940085411071777e-01, e: 7.4944859743118286e-01
#ERR  p: [1360, 1873], r: 2.6911246776580811e+00, e: 5.9860736131668091e-01
#ERR  p: [1611, 1872], r: 7.7039659023284912e-01, e: 7.7020120620727539e-01
#ERR  p: [1800, 1872], r: 9.3125891685485840e-01, e: 9.3078762292861938e-01
#ERR  p: [1674, 1872], r: 8.2063680887222290e-01, e: 8.2041156291961670e-01
#ERR  p: [1638, 1872], r: 7.9114973545074463e-01, e: 7.9125076532363892e-01
#ERR  p: [1809, 1872], r: 9.3954658508300781e-01, e: 9.3906706571578979e-01
#ERR  p: [1818, 1872], r: 9.4713574647903442e-01, e: 9.4748187065124512e-01
#ERR  p: [2032, 1872], r: 1.7021358013153076e-02, e: 1.7027676105499268e-02
#ERR  p: [1647, 1872], r: 7.9818010330200195e-01, e: 7.9876786470413208e-01
#ERR  p: [1737, 1872], r: 8.7318772077560425e-01, e: 8.7335330247879028e-01
#ERR  p: [1746, 1872], r: 8.8171041011810303e-01, e: 8.8160991668701172e-01
#ERR  p: [1755, 1872], r: 8.8930493593215942e-01, e: 8.8956969976425171e-01
#ERR  p: [1854, 1872], r: 9.8225814104080200e-01, e: 9.8247003555297852e-01
#ERR  p: [1764, 1872], r: 8.9780640602111816e-01, e: 8.9767628908157349e-01
#ERR  p: [1656, 1872], r: 8.0552756786346436e-01, e: 8.0582886934280396e-01
#ERR  p: [1944, 1872], r: 1.8595427274703979e-02, e: 1.8595546483993530e-02
#ERR  p: [1836, 1872], r: 9.6393120288848877e-01, e: 9.6440029144287109e-01
#ERR  p: [1683, 1872], r: 8.2769608497619629e-01, e: 8.2798248529434204e-01
#ERR  p: [1701, 1872], r: 8.4274339675903320e-01, e: 8.4262782335281372e-01
#ERR  p: [1710, 1872], r: 8.4998422861099243e-01, e: 8.5022133588790894e-01
#ERR  p: [1719, 1872], r: 8.5829156637191772e-01, e: 8.5835051536560059e-01
#ERR  p: [1692, 1872], r: 8.3583056926727295e-01, e: 8.3517360687255859e-01
#ERR  p: [1386, 1873], r: 6.1458188295364380e-01, e: 6.1430966854095459e-01
#ERR  p: [1377, 1873], r: 6.0906678438186646e-01, e: 6.0877603292465210e-01
#ERR  p: [1395, 1873], r: 6.2050473690032959e-01, e: 6.2011021375656128e-01
#ERR  p: [1368, 1873], r: 6.0328024625778198e-01, e: 6.0339057445526123e-01
#ERR  p: [1458, 1873], r: 6.6000819206237793e-01, e: 6.6021925210952759e-01
#ERR  p: [1404, 1873], r: 6.2641549110412598e-01, e: 6.2546426057815552e-01
#ERR  p: [1413, 1873], r: 6.3169354200363159e-01, e: 6.3118803501129150e-01
#ERR  p: [1422, 1873], r: 6.3668662309646606e-01, e: 6.3706028461456299e-01
#ERR  p: [1449, 1873], r: 6.5411555767059326e-01, e: 6.5442913770675659e-01
#ERR  p: [1476, 1873], r: 6.7172765731811523e-01, e: 6.7217826843261719e-01
#ERR  p: [1485, 1873], r: 6.7856109142303467e-01, e: 6.7827397584915161e-01
#ERR  p: [1494, 1873], r: 6.8476623296737671e-01, e: 6.8461221456527710e-01
#ERR  p: [1440, 1873], r: 6.4862334728240967e-01, e: 6.4838397502899170e-01
#ERR  p: [1557, 1873], r: 7.2948473691940308e-01, e: 7.2900569438934326e-01
#ERR  p: [1431, 1873], r: 6.4272767305374146e-01, e: 6.4280593395233154e-01
#ERR  p: [1467, 1874], r: 6.6597557067871094e-01, e: 6.6552966833114624e-01
#ERR  p: [1629, 1873], r: 7.8339880704879761e-01, e: 7.8345692157745361e-01
#ERR  p: [1512, 1873], r: 6.9720351696014404e-01, e: 6.9713044166564941e-01
#ERR  p: [1521, 1873], r: 7.0312726497650146e-01, e: 7.0306050777435303e-01
#ERR  p: [1368, 1874], r: 6.0259580612182617e-01, e: 6.0278034210205078e-01
#ERR  p: [1539, 1873], r: 7.1569561958312988e-01, e: 7.1600151062011719e-01
#ERR  p: [1530, 1873], r: 7.0973265171051025e-01, e: 7.0981317758560181e-01
#ERR  p: [1638, 1873], r: 7.9034811258316040e-01, e: 7.9044467210769653e-01
#ERR  p: [1548, 1873], r: 7.2246140241622925e-01, e: 7.2244870662689209e-01
#ERR  p: [1683, 1873], r: 8.2679116725921631e-01, e: 8.2709276676177979e-01
#ERR  p: [1845, 1873], r: 9.7201716899871826e-01, e: 9.7253292798995972e-01
#ERR  p: [1566, 1873], r: 7.3645812273025513e-01, e: 7.3581159114837646e-01
#ERR  p: [1575, 1873], r: 7.4228376150131226e-01, e: 7.4237138032913208e-01
#ERR  p: [1593, 1873], r: 7.5573301315307617e-01, e: 7.5577849149703979e-01
#ERR  p: [1602, 1873], r: 7.6286876201629639e-01, e: 7.6243251562118530e-01
#ERR  p: [1620, 1873], r: 7.7674108743667603e-01, e: 7.7629190683364868e-01
#ERR  p: [1773, 1873], r: 9.0488696098327637e-01, e: 9.0479522943496704e-01
#ERR  p: [1413, 1874], r: 6.3104009628295898e-01, e: 6.3053125143051147e-01
#ERR  p: [1665, 1873], r: 8.1183123588562012e-01, e: 8.1206220388412476e-01
#ERR  p: [1728, 1873], r: 8.6497759819030762e-01, e: 8.6471968889236450e-01
#ERR  p: [1404, 1874], r: 6.2573301792144775e-01, e: 6.2478142976760864e-01
#ERR  p: [1863, 1873], r: 9.8930376768112183e-01, e: 9.9006903171539307e-01
#ERR  p: [1360, 1874], r: 2.6885232925415039e+00, e: 5.9809362888336182e-01
#ERR  p: [1737, 1873], r: 8.7249571084976196e-01, e: 8.7252557277679443e-01
#ERR  p: [1395, 1874], r: 6.1985105276107788e-01, e: 6.1945724487304688e-01
#ERR  p: [1503, 1873], r: 6.9055110216140747e-01, e: 6.9059211015701294e-01
#ERR  p: [1386, 1874], r: 6.1413222551345825e-01, e: 6.1384695768356323e-01
#ERR  p: [1377, 1874], r: 6.0852175951004028e-01, e: 6.0824370384216309e-01
#ERR  p: [1458, 1874], r: 6.5941619873046875e-01, e: 6.5962207317352295e-01
#ERR  p: [1584, 1873], r: 7.4878197908401489e-01, e: 7.4886327981948853e-01
#ERR  p: [1611, 1873], r: 7.6953536272048950e-01, e: 7.6938623189926147e-01
#ERR  p: [1719, 1873], r: 8.5737800598144531e-01, e: 8.5741233825683594e-01
#ERR  p: [1764, 1873], r: 8.9674383401870728e-01, e: 8.9663201570510864e-01
#ERR  p: [1746, 1873], r: 8.8084930181503296e-01, e: 8.8075321912765503e-01
#ERR  p: [1449, 1874], r: 6.5326470136642456e-01, e: 6.5357488393783569e-01
#ERR  p: [1422, 1874], r: 6.3616520166397095e-01, e: 6.3652700185775757e-01
#ERR  p: [1476, 1874], r: 6.7124682664871216e-01, e: 6.7170953750610352e-01
#ERR  p: [1485, 1874], r: 6.7776763439178467e-01, e: 6.7747682332992554e-01
#ERR  p: [1647, 1873], r: 7.9737228155136108e-01, e: 7.9795110225677490e-01
#ERR  p: [1656, 1873], r: 8.0467736721038818e-01, e: 8.0503314733505249e-01
#ERR  p: [1674, 1873], r: 8.1986194849014282e-01, e: 8.1964796781539917e-01
#ERR  p: [1692, 1873], r: 8.3512961864471436e-01, e: 8.3448904752731323e-01
#ERR  p: [1701, 1873], r: 8.4195941686630249e-01, e: 8.4186810255050659e-01
#ERR  p: [1710, 1873], r: 8.4936749935150146e-01, e: 8.4955388307571411e-01
#ERR  p: [1791, 1873], r: 9.2089211940765381e-01, e: 9.2105168104171753e-01
#ERR  p: [1755, 1873], r: 8.8849860429763794e-01, e: 8.8877534866333008e-01
#ERR  p: [1800, 1873], r: 9.2986357212066650e-01, e: 9.2944967746734619e-01
#ERR  p: [1782, 1873], r: 9.1417551040649414e-01, e: 9.1322869062423706e-01
#ERR  p: [1440, 1874], r: 6.4797532558441162e-01, e: 6.4772701263427734e-01
#ERR  p: [1809, 1873], r: 9.3819266557693481e-01, e: 9.3762505054473877e-01
#ERR  p: [1818, 1873], r: 9.4628846645355225e-01, e: 9.4679713249206543e-01
#ERR  p: [1377, 1875], r: 6.0792458057403564e-01, e: 6.0765099525451660e-01
#ERR  p: [1827, 1873], r: 9.5548671483993530e-01, e: 9.5502293109893799e-01
#ERR  p: [1836, 1873], r: 9.6289086341857910e-01, e: 9.6334803104400635e-01
#ERR  p: [1917, 1873], r: 1.9116297364234924e-02, e: 1.9116701558232307e-02
#ERR  p: [1395, 1875], r: 6.1913937330245972e-01, e: 6.1874628067016602e-01
#ERR  p: [1926, 1873], r: 1.8943026661872864e-02, e: 1.8943468108773232e-02
#ERR  p: [1854, 1873], r: 9.8135530948638916e-01, e: 9.8171198368072510e-01
#ERR  p: [1386, 1875], r: 6.1331343650817871e-01, e: 6.1301851272583008e-01
#ERR  p: [1872, 1873], r: 9.9900549650192261e-01, e: 9.9901258945465088e-01
#ERR  p: [1881, 1873], r: 1.9810490310192108e-02, e: 1.9811091944575310e-02
#ERR  p: [1935, 1873], r: 1.8776649609208107e-02, e: 1.8776642158627510e-02
#ERR  p: [1953, 1873], r: 1.8443461507558823e-02, e: 1.8443301320075989e-02
#ERR  p: [1360, 1875], r: 2.6858518123626709e+00, e: 5.9752178192138672e-01
#ERR  p: [1944, 1873], r: 1.8603131175041199e-02, e: 1.8604341894388199e-02
#ERR  p: [1962, 1873], r: 1.8273029476404190e-02, e: 1.8270999193191528e-02
#ERR  p: [1971, 1873], r: 1.8108310177922249e-02, e: 1.8109578639268875e-02
#ERR  p: [1404, 1875], r: 6.2517875432968140e-01, e: 6.2423127889633179e-01
#ERR  p: [1980, 1873], r: 1.7944348976016045e-02, e: 1.7943155020475388e-02
#ERR  p: [1989, 1873], r: 1.7787104472517967e-02, e: 1.7786979675292969e-02
#ERR  p: [1998, 1873], r: 1.7630212008953094e-02, e: 1.7628865316510201e-02
#ERR  p: [2007, 1873], r: 1.7466388642787933e-02, e: 1.7467932775616646e-02
#ERR  p: [1413, 1875], r: 6.3048315048217773e-01, e: 6.2997466325759888e-01
#ERR  p: [2016, 1873], r: 1.7310593277215958e-02, e: 1.7309492453932762e-02
#ERR  p: [1368, 1875], r: 6.0216110944747925e-01, e: 6.0229867696762085e-01
#ERR  p: [2024, 1873], r: 1.7176829278469086e-02, e: 1.7177453264594078e-02
#ERR  p: [1890, 1873], r: 1.9635207951068878e-02, e: 1.9635511562228203e-02
#ERR  p: [2032, 1873], r: 1.7039686441421509e-02, e: 1.7038708552718163e-02
#ERR  p: [1899, 1873], r: 1.9460001960396767e-02, e: 1.9457358866930008e-02
#ERR  p: [1908, 1873], r: 1.9293775781989098e-02, e: 1.9296476617455482e-02
#ERR  p: [1458, 1875], r: 6.5882313251495361e-01, e: 6.5902608633041382e-01
#ERR  p: [1467, 1875], r: 6.6540139913558960e-01, e: 6.6496521234512329e-01
#ERR  p: [1431, 1874], r: 6.4204305410385132e-01, e: 6.4212250709533691e-01
#ERR  p: [2040, 1873], r: 1.6903683543205261e-02, e: 1.6904013231396675e-02
#ERR  p: [1494, 1874], r: 6.8408566713333130e-01, e: 6.8393313884735107e-01
#ERR  p: [1503, 1874], r: 6.8993812799453735e-01, e: 6.8997168540954590e-01
#ERR  p: [1512, 1874], r: 6.9643217325210571e-01, e: 6.9636839628219604e-01
#ERR  p: [1521, 1874], r: 7.0249056816101074e-01, e: 7.0240658521652222e-01
#ERR  p: [1530, 1874], r: 7.0875632762908936e-01, e: 7.0886224508285522e-01
#ERR  p: [1539, 1874], r: 7.1496564149856567e-01, e: 7.1525174379348755e-01
#ERR  p: [1548, 1875], r: 7.2104626893997192e-01, e: 7.2105967998504639e-01
#ERR  p: [1557, 1874], r: 7.2882670164108276e-01, e: 7.2829729318618774e-01
#ERR  p: [1566, 1874], r: 7.3563706874847412e-01, e: 7.3499792814254761e-01
#ERR  p: [1575, 1874], r: 7.4149173498153687e-01, e: 7.4164462089538574e-01
#ERR  p: [1584, 1874], r: 7.4802595376968384e-01, e: 7.4808257818222046e-01
#ERR  p: [1422, 1875], r: 6.3552522659301758e-01, e: 6.3589519262313843e-01
#ERR  p: [1449, 1875], r: 6.5274417400360107e-01, e: 6.5306556224822998e-01
#ERR  p: [1593, 1874], r: 7.5496870279312134e-01, e: 7.5502681732177734e-01
#ERR  p: [1458, 1876], r: 6.5824550390243530e-01, e: 6.5846031904220581e-01
#ERR  p: [1476, 1875], r: 6.7042946815490723e-01, e: 6.7090100049972534e-01
#ERR  p: [1602, 1874], r: 7.6223409175872803e-01, e: 7.6182699203491211e-01
#ERR  p: [1611, 1874], r: 7.6867341995239258e-01, e: 7.6848626136779785e-01
#ERR  p: [1620, 1874], r: 7.7605992555618286e-01, e: 7.7559792995452881e-01
#ERR  p: [1629, 1874], r: 7.8253149986267090e-01, e: 7.8252327442169189e-01
#ERR  p: [1665, 1874], r: 8.1110960245132446e-01, e: 8.1136429309844971e-01
#ERR  p: [1638, 1874], r: 7.8962182998657227e-01, e: 7.8971946239471436e-01
#ERR  p: [1683, 1874], r: 8.2583987712860107e-01, e: 8.2611757516860962e-01
#ERR  p: [1719, 1874], r: 8.5644841194152832e-01, e: 8.5647714138031006e-01
#ERR  p: [1728, 1874], r: 8.6434394121170044e-01, e: 8.6419039964675903e-01
#ERR  p: [1360, 1876], r: 2.6831347942352295e+00, e: 5.9689247608184814e-01
#ERR  p: [1737, 1874], r: 8.7167322635650635e-01, e: 8.7189096212387085e-01
#ERR  p: [1431, 1875], r: 6.4124441146850586e-01, e: 6.4132082462310791e-01
#ERR  p: [1413, 1876], r: 6.2973016500473022e-01, e: 6.2922394275665283e-01
#ERR  p: [1440, 1875], r: 6.4759653806686401e-01, e: 6.4735865592956543e-01
#ERR  p: [1557, 1875], r: 7.2810012102127075e-01, e: 7.2761803865432739e-01
#ERR  p: [1467, 1876], r: 6.6453045606613159e-01, e: 6.6408532857894897e-01
#ERR  p: [1746, 1874], r: 8.8000005483627319e-01, e: 8.8001126050949097e-01
#ERR  p: [1404, 1876], r: 6.2467777729034424e-01, e: 6.2373328208923340e-01
#ERR  p: [1395, 1876], r: 6.1861628293991089e-01, e: 6.1822509765625000e-01
#ERR  p: [1368, 1876], r: 6.0147517919540405e-01, e: 6.0159450769424438e-01
#ERR  p: [1377, 1876], r: 6.0733574628829956e-01, e: 6.0707485675811768e-01
#ERR  p: [1755, 1874], r: 8.8767588138580322e-01, e: 8.8793247938156128e-01
#ERR  p: [1386, 1876], r: 6.1272990703582764e-01, e: 6.1246109008789062e-01
#ERR  p: [1485, 1875], r: 6.7714726924896240e-01, e: 6.7686164379119873e-01
#ERR  p: [1494, 1875], r: 6.8329888582229614e-01, e: 6.8315529823303223e-01
#ERR  p: [1764, 1874], r: 8.9578610658645630e-01, e: 8.9564889669418335e-01
#ERR  p: [1503, 1875], r: 6.8923193216323853e-01, e: 6.8927216529846191e-01
#ERR  p: [1512, 1875], r: 6.9581514596939087e-01, e: 6.9573760032653809e-01
#ERR  p: [1773, 1874], r: 9.0403401851654053e-01, e: 9.0398031473159790e-01
#ERR  p: [1521, 1875], r: 7.0185685157775879e-01, e: 7.0175635814666748e-01
#ERR  p: [1530, 1875], r: 7.0820218324661255e-01, e: 7.0829617977142334e-01
#ERR  p: [1539, 1875], r: 7.1430778503417969e-01, e: 7.1460288763046265e-01
#ERR  p: [1548, 1876], r: 7.2030591964721680e-01, e: 7.2029995918273926e-01
#ERR  p: [1845, 1874], r: 9.7116953134536743e-01, e: 9.7168117761611938e-01
#ERR  p: [1863, 1874], r: 9.8860937356948853e-01, e: 9.8933207988739014e-01
#ERR  p: [1566, 1875], r: 7.3489874601364136e-01, e: 7.3428052663803101e-01
#ERR  p: [1575, 1875], r: 7.4070155620574951e-01, e: 7.4087381362915039e-01
#ERR  p: [1584, 1875], r: 7.4726092815399170e-01, e: 7.4731087684631348e-01
#ERR  p: [1647, 1874], r: 7.9654806852340698e-01, e: 7.9716271162033081e-01
#ERR  p: [1656, 1874], r: 8.0375039577484131e-01, e: 8.0406212806701660e-01
#ERR  p: [1422, 1876], r: 6.3477408885955811e-01, e: 6.3514328002929688e-01
#ERR  p: [1458, 1877], r: 6.5750563144683838e-01, e: 6.5770912170410156e-01
#ERR  p: [1449, 1876], r: 6.5209132432937622e-01, e: 6.5240603685379028e-01
#ERR  p: [1476, 1876], r: 6.6979056596755981e-01, e: 6.7024046182632446e-01
#ERR  p: [1593, 1875], r: 7.5429010391235352e-01, e: 7.5434601306915283e-01
#ERR  p: [1512, 1876], r: 6.9489687681198120e-01, e: 6.9481897354125977e-01
#ERR  p: [1602, 1875], r: 7.6143461465835571e-01, e: 7.6102226972579956e-01
#ERR  p: [1674, 1874], r: 8.1888800859451294e-01, e: 8.1869113445281982e-01
#ERR  p: [1611, 1875], r: 7.6794195175170898e-01, e: 7.6778090000152588e-01
#ERR  p: [1360, 1877], r: 2.6803104877471924e+00, e: 5.9617966413497925e-01
#ERR  p: [1368, 1877], r: 6.0087800025939941e-01, e: 6.0100883245468140e-01
#ERR  p: [1377, 1877], r: 6.0686069726943970e-01, e: 6.0657966136932373e-01
#ERR  p: [1620, 1875], r: 7.7529418468475342e-01, e: 7.7483940124511719e-01
#ERR  p: [1431, 1876], r: 6.4089202880859375e-01, e: 6.4097481966018677e-01
#ERR  p: [1440, 1876], r: 6.4656817913055420e-01, e: 6.4632582664489746e-01
#ERR  p: [1503, 1876], r: 6.8850558996200562e-01, e: 6.8854063749313354e-01
#ERR  p: [1629, 1875], r: 7.8191399574279785e-01, e: 7.8196543455123901e-01
#ERR  p: [1404, 1877], r: 6.2382984161376953e-01, e: 6.2288343906402588e-01
#ERR  p: [1692, 1874], r: 8.3420872688293457e-01, e: 8.3358234167098999e-01
#ERR  p: [1710, 1874], r: 8.4857249259948730e-01, e: 8.4880667924880981e-01
#ERR  p: [1386, 1877], r: 6.1215090751647949e-01, e: 6.1188429594039917e-01
#ERR  p: [1782, 1874], r: 9.1297590732574463e-01, e: 9.1202425956726074e-01
#ERR  p: [1791, 1874], r: 9.1973620653152466e-01, e: 9.1991221904754639e-01
#ERR  p: [1800, 1874], r: 9.2892760038375854e-01, e: 9.2847645282745361e-01
#ERR  p: [1395, 1877], r: 6.1783289909362793e-01, e: 6.1744105815887451e-01
#ERR  p: [1413, 1877], r: 6.2913221120834351e-01, e: 6.2862938642501831e-01
#ERR  p: [1467, 1877], r: 6.6400253772735596e-01, e: 6.6354095935821533e-01
#ERR  p: [1494, 1876], r: 6.8263584375381470e-01, e: 6.8247961997985840e-01
#ERR  p: [1485, 1876], r: 6.7648130655288696e-01, e: 6.7620694637298584e-01
#ERR  p: [1557, 1876], r: 7.2727805376052856e-01, e: 7.2677844762802124e-01
#ERR  p: [1899, 1874], r: 1.9487667828798294e-02, e: 1.9490379840135574e-02
#ERR  p: [1521, 1876], r: 7.0109754800796509e-01, e: 7.0100760459899902e-01
#ERR  p: [1701, 1874], r: 8.4113818407058716e-01, e: 8.4103417396545410e-01
#ERR  p: [1818, 1874], r: 9.4533157348632812e-01, e: 9.4584172964096069e-01
#ERR  p: [1530, 1876], r: 7.0745187997817993e-01, e: 7.0754736661911011e-01
#ERR  p: [1566, 1876], r: 7.3422384262084961e-01, e: 7.3361378908157349e-01
#ERR  p: [1809, 1874], r: 9.3769747018814087e-01, e: 9.3722677230834961e-01
#ERR  p: [1539, 1876], r: 7.1346575021743774e-01, e: 7.1376270055770874e-01
#ERR  p: [1548, 1877], r: 7.1946787834167480e-01, e: 7.1948128938674927e-01
#ERR  p: [1827, 1874], r: 9.5456659793853760e-01, e: 9.5403510332107544e-01
#ERR  p: [1836, 1874], r: 9.6215558052062988e-01, e: 9.6258735656738281e-01
#ERR  p: [1854, 1874], r: 9.7985708713531494e-01, e: 9.8008096218109131e-01
#ERR  p: [1872, 1874], r: 9.9777841567993164e-01, e: 9.9780595302581787e-01
#ERR  p: [1890, 1874], r: 1.9666016101837158e-02, e: 1.9665408879518509e-02
#ERR  p: [1881, 1874], r: 1.9848575815558434e-02, e: 1.9848598167300224e-02
#ERR  p: [1908, 1874], r: 1.9311122596263885e-02, e: 1.9309051334857941e-02
#ERR  p: [1926, 1874], r: 1.8971115350723267e-02, e: 1.8970157951116562e-02
#ERR  p: [1917, 1874], r: 1.9142493605613708e-02, e: 1.9140206277370453e-02
#ERR  p: [1935, 1874], r: 1.8798779696226120e-02, e: 1.8798537552356720e-02
#ERR  p: [1944, 1874], r: 1.8632203340530396e-02, e: 1.8631353974342346e-02
#ERR  p: [1953, 1874], r: 1.8464997410774231e-02, e: 1.8463797867298126e-02
#ERR  p: [1962, 1874], r: 1.8299631774425507e-02, e: 1.8299683928489685e-02
#ERR  p: [1971, 1874], r: 1.8134884536266327e-02, e: 1.8134787678718567e-02
#ERR  p: [1980, 1874], r: 1.7977599054574966e-02, e: 1.7978921532630920e-02
#ERR  p: [1989, 1874], r: 1.7810266464948654e-02, e: 1.7809763550758362e-02
#ERR  p: [1575, 1876], r: 7.4006652832031250e-01, e: 7.4017131328582764e-01
#ERR  p: [1584, 1876], r: 7.4648547172546387e-01, e: 7.4652719497680664e-01
#ERR  p: [1998, 1874], r: 1.7654247581958771e-02, e: 1.7654284834861755e-02
#ERR  p: [2007, 1874], r: 1.7496302723884583e-02, e: 1.7496015876531601e-02
#ERR  p: [2016, 1874], r: 1.7344515770673752e-02, e: 1.7343759536743164e-02
#ERR  p: [2032, 1874], r: 1.7060838639736176e-02, e: 1.7062649130821228e-02
#ERR  p: [2024, 1874], r: 1.7193689942359924e-02, e: 1.7193611711263657e-02
#ERR  p: [2040, 1874], r: 1.6930598765611649e-02, e: 1.6930174082517624e-02
#ERR  p: [1422, 1877], r: 6.3419377803802490e-01, e: 6.3456374406814575e-01
#ERR  p: [1656, 1875], r: 8.0311572551727295e-01, e: 8.0346775054931641e-01
#ERR  p: [1638, 1875], r: 7.8876799345016479e-01, e: 7.8888988494873047e-01
#ERR  p: [1647, 1875], r: 7.9556274414062500e-01, e: 7.9609608650207520e-01
#ERR  p: [1665, 1875], r: 8.1039398908615112e-01, e: 8.1066513061523438e-01
#ERR  p: [1683, 1875], r: 8.2501870393753052e-01, e: 8.2529211044311523e-01
#ERR  p: [1449, 1877], r: 6.5141052007675171e-01, e: 6.5172594785690308e-01
#ERR  p: [1458, 1878], r: 6.5673828125000000e-01, e: 6.5693527460098267e-01
#ERR  p: [1476, 1877], r: 6.6891020536422729e-01, e: 6.6935807466506958e-01
#ERR  p: [1360, 1878], r: 2.6777925491333008e+00, e: 5.9571367502212524e-01
#ERR  p: [1512, 1877], r: 6.9439691305160522e-01, e: 6.9432270526885986e-01
#ERR  p: [1638, 1876], r: 7.8817218542098999e-01, e: 7.8828179836273193e-01
#ERR  p: [1593, 1876], r: 7.5320136547088623e-01, e: 7.5325655937194824e-01
#ERR  p: [1611, 1876], r: 7.6727980375289917e-01, e: 7.6707923412322998e-01
#ERR  p: [1719, 1875], r: 8.5576790571212769e-01, e: 8.5571163892745972e-01
#ERR  p: [1728, 1875], r: 8.6325109004974365e-01, e: 8.6304086446762085e-01
#ERR  p: [1737, 1875], r: 8.7070906162261963e-01, e: 8.7080377340316772e-01
#ERR  p: [1674, 1875], r: 8.1824743747711182e-01, e: 8.1802970170974731e-01
#ERR  p: [1764, 1875], r: 8.9507925510406494e-01, e: 8.9496141672134399e-01
#ERR  p: [1755, 1875], r: 8.8646310567855835e-01, e: 8.8671666383743286e-01
#ERR  p: [1746, 1875], r: 8.7900167703628540e-01, e: 8.7891775369644165e-01
#ERR  p: [1602, 1876], r: 7.6071327924728394e-01, e: 7.6028305292129517e-01
#ERR  p: [1773, 1875], r: 9.0315723419189453e-01, e: 9.0310579538345337e-01
#ERR  p: [1422, 1878], r: 6.3359928131103516e-01, e: 6.3396698236465454e-01
#ERR  p: [1701, 1875], r: 8.4040677547454834e-01, e: 8.4028112888336182e-01
#ERR  p: [1845, 1875], r: 9.6976590156555176e-01, e: 9.7025293111801147e-01
#ERR  p: [1863, 1875], r: 9.8743611574172974e-01, e: 9.8817527294158936e-01
#ERR  p: [1377, 1878], r: 6.0617190599441528e-01, e: 6.0589015483856201e-01
#ERR  p: [1368, 1878], r: 6.0016745328903198e-01, e: 6.0027855634689331e-01
#ERR  p: [1413, 1878], r: 6.2855273485183716e-01, e: 6.2804543972015381e-01
#ERR  p: [1404, 1878], r: 6.2335270643234253e-01, e: 6.2240779399871826e-01
#ERR  p: [1485, 1877], r: 6.7583256959915161e-01, e: 6.7553132772445679e-01
#ERR  p: [1503, 1877], r: 6.8793809413909912e-01, e: 6.8797314167022705e-01
#ERR  p: [1386, 1878], r: 6.1154353618621826e-01, e: 6.1128103733062744e-01
#ERR  p: [1710, 1875], r: 8.4791624546051025e-01, e: 8.4817051887512207e-01
#ERR  p: [1548, 1878], r: 7.1881926059722900e-01, e: 7.1883565187454224e-01
#ERR  p: [1395, 1878], r: 6.1741340160369873e-01, e: 6.1702281236648560e-01
#ERR  p: [1440, 1877], r: 6.4600592851638794e-01, e: 6.4577251672744751e-01
#ERR  p: [1431, 1877], r: 6.4013022184371948e-01, e: 6.4021039009094238e-01
#ERR  p: [2024, 1875], r: 1.7214704304933548e-02, e: 1.7216317355632782e-02
#ERR  p: [1467, 1878], r: 6.6343504190444946e-01, e: 6.6298097372055054e-01
#ERR  p: [1494, 1877], r: 6.8198031187057495e-01, e: 6.8184304237365723e-01
#ERR  p: [1521, 1877], r: 7.0044571161270142e-01, e: 7.0037740468978882e-01
#ERR  p: [1530, 1877], r: 7.0667546987533569e-01, e: 7.0676273107528687e-01
#ERR  p: [1539, 1877], r: 7.1285319328308105e-01, e: 7.1315252780914307e-01
#ERR  p: [1557, 1877], r: 7.2667628526687622e-01, e: 7.2617077827453613e-01
#ERR  p: [1629, 1876], r: 7.8115183115005493e-01, e: 7.8112649917602539e-01
#ERR  p: [1575, 1877], r: 7.3924428224563599e-01, e: 7.3933678865432739e-01
#ERR  p: [1620, 1876], r: 7.7443927526473999e-01, e: 7.7397394180297852e-01
#ERR  p: [1566, 1877], r: 7.3348402976989746e-01, e: 7.3288369178771973e-01
#ERR  p: [1584, 1877], r: 7.4575245380401611e-01, e: 7.4580097198486328e-01
#ERR  p: [1647, 1876], r: 7.9486387968063354e-01, e: 7.9544192552566528e-01
#ERR  p: [1656, 1876], r: 8.0209696292877197e-01, e: 8.0242365598678589e-01
#ERR  p: [1665, 1876], r: 8.0934023857116699e-01, e: 8.0959206819534302e-01
#ERR  p: [1360, 1879], r: 2.6751298904418945e+00, e: 5.9512686729431152e-01
#ERR  p: [1449, 1878], r: 6.5088027715682983e-01, e: 6.5119463205337524e-01
#ERR  p: [1458, 1879], r: 6.5609329938888550e-01, e: 6.5630507469177246e-01
#ERR  p: [1476, 1878], r: 6.6842883825302124e-01, e: 6.6888564825057983e-01
#ERR  p: [1512, 1878], r: 6.9362592697143555e-01, e: 6.9355285167694092e-01
#ERR  p: [1638, 1877], r: 7.8721171617507935e-01, e: 7.8727620840072632e-01
#ERR  p: [1656, 1877], r: 8.0132287740707397e-01, e: 8.0166667699813843e-01
#ERR  p: [1368, 1879], r: 5.9964257478713989e-01, e: 5.9977155923843384e-01
#ERR  p: [1413, 1879], r: 6.2777125835418701e-01, e: 6.2726688385009766e-01
#ERR  p: [1386, 1879], r: 6.1088097095489502e-01, e: 6.1061924695968628e-01
#ERR  p: [1395, 1879], r: 6.1667120456695557e-01, e: 6.1627846956253052e-01
#ERR  p: [1431, 1878], r: 6.3932186365127563e-01, e: 6.3940948247909546e-01
#ERR  p: [1404, 1879], r: 6.2281000614166260e-01, e: 6.2186509370803833e-01
#ERR  p: [1809, 1875], r: 9.3647944927215576e-01, e: 9.3592673540115356e-01
#ERR  p: [1818, 1875], r: 9.4430750608444214e-01, e: 9.4468265771865845e-01
#ERR  p: [1899, 1875], r: 1.9507035613059998e-02, e: 1.9510254263877869e-02
#ERR  p: [1827, 1875], r: 9.5365560054779053e-01, e: 9.5313757658004761e-01
#ERR  p: [1872, 1875], r: 9.9697029590606689e-01, e: 9.9693793058395386e-01
#ERR  p: [1377, 1879], r: 6.0544133186340332e-01, e: 6.0516250133514404e-01
#ERR  p: [1422, 1879], r: 6.3293838500976562e-01, e: 6.3330459594726562e-01
#ERR  p: [1440, 1878], r: 6.4543247222900391e-01, e: 6.4519459009170532e-01
#ERR  p: [1980, 1875], r: 1.7985343933105469e-02, e: 1.7986252903938293e-02
#ERR  p: [1971, 1875], r: 1.8150568008422852e-02, e: 1.8150869756937027e-02
#ERR  p: [2032, 1875], r: 1.7075754702091217e-02, e: 1.7075773328542709e-02
#ERR  p: [1539, 1878], r: 7.1218353509902954e-01, e: 7.1248888969421387e-01
#ERR  p: [1467, 1879], r: 6.6258651018142700e-01, e: 6.6213607788085938e-01
#ERR  p: [1989, 1875], r: 1.7827846109867096e-02, e: 1.7829768359661102e-02
#ERR  p: [1494, 1878], r: 6.8125092983245850e-01, e: 6.8108457326889038e-01
#ERR  p: [1485, 1878], r: 6.7519128322601318e-01, e: 6.7490416765213013e-01
#ERR  p: [1503, 1878], r: 6.8705815076828003e-01, e: 6.8710738420486450e-01
#ERR  p: [1692, 1875], r: 8.3337426185607910e-01, e: 8.3274346590042114e-01
#ERR  p: [1683, 1876], r: 8.2425296306610107e-01, e: 8.2455283403396606e-01
#ERR  p: [1854, 1875], r: 9.7925722599029541e-01, e: 9.7956609725952148e-01
#ERR  p: [1836, 1875], r: 9.6090936660766602e-01, e: 9.6139335632324219e-01
#ERR  p: [1791, 1875], r: 9.1921269893646240e-01, e: 9.1941255331039429e-01
#ERR  p: [1881, 1875], r: 1.9857596606016159e-02, e: 1.9855668768286705e-02
#ERR  p: [1782, 1875], r: 9.1193854808807373e-01, e: 9.1097790002822876e-01
#ERR  p: [1890, 1875], r: 1.9684553146362305e-02, e: 1.9686151295900345e-02
#ERR  p: [1800, 1875], r: 9.2844140529632568e-01, e: 9.2801851034164429e-01
#ERR  p: [1908, 1875], r: 1.9338101148605347e-02, e: 1.9340761005878448e-02
#ERR  p: [1917, 1875], r: 1.9154556095600128e-02, e: 1.9156478345394135e-02
#ERR  p: [1521, 1878], r: 6.9977152347564697e-01, e: 6.9968527555465698e-01
#ERR  p: [1935, 1875], r: 1.8816217780113220e-02, e: 1.8818363547325134e-02
#ERR  p: [1926, 1875], r: 1.8984742462635040e-02, e: 1.8985688686370850e-02
#ERR  p: [1674, 1876], r: 8.1728172302246094e-01, e: 8.1701475381851196e-01
#ERR  p: [1665, 1877], r: 8.0883038043975830e-01, e: 8.0907022953033447e-01
#ERR  p: [1701, 1876], r: 8.3945876359939575e-01, e: 8.3938980102539062e-01
#ERR  p: [1530, 1878], r: 7.0608925819396973e-01, e: 7.0620638132095337e-01
#ERR  p: [1548, 1879], r: 7.1798419952392578e-01, e: 7.1799015998840332e-01
#ERR  p: [1998, 1875], r: 1.7667785286903381e-02, e: 1.7669484019279480e-02
#ERR  p: [2040, 1875], r: 1.6940619796514511e-02, e: 1.6941606998443604e-02
#ERR  p: [2016, 1875], r: 1.7347261309623718e-02, e: 1.7349779605865479e-02
#ERR  p: [1557, 1878], r: 7.2596418857574463e-01, e: 7.2546428442001343e-01
#ERR  p: [2007, 1875], r: 1.7505943775177002e-02, e: 1.7508007586002350e-02
#ERR  p: [1953, 1875], r: 1.8476203083992004e-02, e: 1.8478870391845703e-02
#ERR  p: [1962, 1875], r: 1.8314749002456665e-02, e: 1.8317367881536484e-02
#ERR  p: [1764, 1876], r: 8.9421093463897705e-01, e: 8.9398986101150513e-01
#ERR  p: [1944, 1875], r: 1.8647700548171997e-02, e: 1.8649108707904816e-02
#ERR  p: [1575, 1878], r: 7.3864954710006714e-01, e: 7.3877221345901489e-01
#ERR  p: [1566, 1878], r: 7.3268610239028931e-01, e: 7.3208278417587280e-01
#ERR  p: [1584, 1878], r: 7.4502098560333252e-01, e: 7.4507766962051392e-01
#ERR  p: [1593, 1877], r: 7.5270026922225952e-01, e: 7.5277483463287354e-01
#ERR  p: [1602, 1877], r: 7.6001614332199097e-01, e: 7.5957244634628296e-01
#ERR  p: [1611, 1877], r: 7.6672357320785522e-01, e: 7.6650881767272949e-01
#ERR  p: [1620, 1877], r: 7.7387827634811401e-01, e: 7.7343785762786865e-01
#ERR  p: [1629, 1877], r: 7.8005933761596680e-01, e: 7.8007572889328003e-01
#ERR  p: [1647, 1877], r: 7.9402172565460205e-01, e: 7.9462891817092896e-01
#ERR  p: [1360, 1880], r: 2.6722869873046875e+00, e: 5.9435963630676270e-01
#ERR  p: [1710, 1876], r: 8.4662234783172607e-01, e: 8.4684085845947266e-01
#ERR  p: [1719, 1876], r: 8.5472649335861206e-01, e: 8.5475516319274902e-01
#ERR  p: [1728, 1876], r: 8.6249220371246338e-01, e: 8.6232668161392212e-01
#ERR  p: [1737, 1876], r: 8.6978363990783691e-01, e: 8.6989402770996094e-01
#ERR  p: [1746, 1876], r: 8.7840461730957031e-01, e: 8.7827873229980469e-01
#ERR  p: [1755, 1876], r: 8.8559710979461670e-01, e: 8.8589543104171753e-01
#ERR  p: [1773, 1876], r: 9.0200382471084595e-01, e: 9.0192401409149170e-01
#ERR  p: [1845, 1876], r: 9.6910810470581055e-01, e: 9.6959471702575684e-01
#ERR  p: [1863, 1876], r: 9.8635232448577881e-01, e: 9.8707956075668335e-01
#ERR  p: [1449, 1879], r: 6.5021330118179321e-01, e: 6.5052872896194458e-01
#ERR  p: [1368, 1880], r: 5.9892684221267700e-01, e: 5.9906589984893799e-01
#ERR  p: [1476, 1879], r: 6.6769766807556152e-01, e: 6.6815197467803955e-01
#ERR  p: [1458, 1880], r: 6.5541249513626099e-01, e: 6.5562725067138672e-01
#ERR  p: [1512, 1879], r: 6.9280493259429932e-01, e: 6.9273930788040161e-01
#ERR  p: [1638, 1878], r: 7.8643393516540527e-01, e: 7.8651523590087891e-01
#ERR  p: [1656, 1878], r: 8.0061364173889160e-01, e: 8.0096787214279175e-01
#ERR  p: [1431, 1879], r: 6.3881105184555054e-01, e: 6.3888859748840332e-01
#ERR  p: [1404, 1880], r: 6.2210702896118164e-01, e: 6.2116587162017822e-01
#ERR  p: [1413, 1880], r: 6.2725031375885010e-01, e: 6.2674969434738159e-01
#ERR  p: [1719, 1877], r: 8.5406571626663208e-01, e: 8.5406124591827393e-01
#ERR  p: [1395, 1880], r: 6.1599665880203247e-01, e: 6.1560314893722534e-01
#ERR  p: [1360, 1881], r: 2.6698293685913086e+00, e: 5.9400177001953125e-01
#ERR  p: [1386, 1880], r: 6.1023110151290894e-01, e: 6.0997086763381958e-01
#ERR  p: [1377, 1880], r: 6.0487622022628784e-01, e: 6.0457503795623779e-01
#ERR  p: [1764, 1877], r: 8.9309960603713989e-01, e: 8.9294373989105225e-01
#ERR  p: [1737, 1877], r: 8.6907446384429932e-01, e: 8.6923259496688843e-01
#ERR  p: [1539, 1879], r: 7.1158778667449951e-01, e: 7.1187520027160645e-01
#ERR  p: [1728, 1877], r: 8.6180335283279419e-01, e: 8.6159014701843262e-01
#ERR  p: [1440, 1879], r: 6.4486724138259888e-01, e: 6.4462262392044067e-01
#ERR  p: [1746, 1877], r: 8.7757480144500732e-01, e: 8.7742525339126587e-01
#ERR  p: [1422, 1880], r: 6.3225138187408447e-01, e: 6.3262134790420532e-01
#ERR  p: [1467, 1880], r: 6.6193997859954834e-01, e: 6.6149407625198364e-01
#ERR  p: [1755, 1877], r: 8.8471621274948120e-01, e: 8.8499367237091064e-01
#ERR  p: [1566, 1879], r: 7.3187392950057983e-01, e: 7.3124450445175171e-01
#ERR  p: [1548, 1880], r: 7.1735936403274536e-01, e: 7.1734076738357544e-01
#ERR  p: [1557, 1879], r: 7.2508919239044189e-01, e: 7.2459930181503296e-01
#ERR  p: [1530, 1879], r: 7.0526665449142456e-01, e: 7.0536583662033081e-01
#ERR  p: [1521, 1879], r: 6.9898551702499390e-01, e: 6.9890749454498291e-01
#ERR  p: [1503, 1879], r: 6.8649441003799438e-01, e: 6.8653392791748047e-01
#ERR  p: [1494, 1879], r: 6.8049430847167969e-01, e: 6.8033730983734131e-01
#ERR  p: [1485, 1879], r: 6.7450970411300659e-01, e: 6.7421591281890869e-01
#ERR  p: [2024, 1876], r: 1.7224729061126709e-02, e: 1.7224095761775970e-02
#ERR  p: [1575, 1879], r: 7.3788660764694214e-01, e: 7.3801004886627197e-01
#ERR  p: [1584, 1879], r: 7.4425601959228516e-01, e: 7.4432009458541870e-01
#ERR  p: [1593, 1878], r: 7.5179129838943481e-01, e: 7.5183975696563721e-01
#ERR  p: [1602, 1878], r: 7.5932478904724121e-01, e: 7.5885808467864990e-01
#ERR  p: [1620, 1878], r: 7.7299576997756958e-01, e: 7.7256804704666138e-01
#ERR  p: [1611, 1878], r: 7.6571774482727051e-01, e: 7.6557379961013794e-01
#ERR  p: [1629, 1878], r: 7.7944487333297729e-01, e: 7.7946645021438599e-01
#ERR  p: [1647, 1878], r: 7.9333847761154175e-01, e: 7.9392701387405396e-01
#ERR  p: [1674, 1877], r: 8.1643456220626831e-01, e: 8.1623989343643188e-01
#ERR  p: [1665, 1878], r: 8.0779320001602173e-01, e: 8.0805695056915283e-01
#ERR  p: [1683, 1877], r: 8.2339268922805786e-01, e: 8.2369124889373779e-01
#ERR  p: [1872, 1876], r: 9.9565374851226807e-01, e: 9.9557018280029297e-01
#ERR  p: [1368, 1881], r: 5.9850561618804932e-01, e: 5.9861892461776733e-01
#ERR  p: [1449, 1880], r: 6.4946866035461426e-01, e: 6.4978337287902832e-01
#ERR  p: [1476, 1880], r: 6.6711115837097168e-01, e: 6.6755968332290649e-01
#ERR  p: [1458, 1881], r: 6.5479910373687744e-01, e: 6.5501374006271362e-01
#ERR  p: [1512, 1880], r: 6.9239336252212524e-01, e: 6.9232958555221558e-01
#ERR  p: [1638, 1879], r: 7.8567296266555786e-01, e: 7.8575348854064941e-01
#ERR  p: [1692, 1876], r: 8.3245557546615601e-01, e: 8.3178228139877319e-01
#ERR  p: [1701, 1877], r: 8.3866846561431885e-01, e: 8.3853280544281006e-01
#ERR  p: [1710, 1877], r: 8.4595793485641479e-01, e: 8.4620922803878784e-01
#ERR  p: [1773, 1877], r: 9.0097045898437500e-01, e: 9.0088319778442383e-01
#ERR  p: [1782, 1876], r: 9.1104912757873535e-01, e: 9.1006720066070557e-01
#ERR  p: [1791, 1876], r: 9.1819697618484497e-01, e: 9.1837000846862793e-01
#ERR  p: [1800, 1876], r: 9.2716312408447266e-01, e: 9.2677456140518188e-01
#ERR  p: [1809, 1876], r: 9.3566554784774780e-01, e: 9.3517845869064331e-01
#ERR  p: [1818, 1876], r: 9.4356465339660645e-01, e: 9.4387638568878174e-01
#ERR  p: [1827, 1876], r: 9.5262604951858521e-01, e: 9.5219618082046509e-01
#ERR  p: [1836, 1876], r: 9.6003234386444092e-01, e: 9.6041423082351685e-01
#ERR  p: [1845, 1877], r: 9.6814411878585815e-01, e: 9.6860611438751221e-01
#ERR  p: [1854, 1876], r: 9.7826188802719116e-01, e: 9.7852450609207153e-01
#ERR  p: [1863, 1877], r: 9.8521041870117188e-01, e: 9.8577278852462769e-01
#ERR  p: [1881, 1876], r: 1.9877003505825996e-02, e: 1.9879220053553581e-02
#ERR  p: [1377, 1881], r: 6.0439532995223999e-01, e: 6.0410004854202271e-01
#ERR  p: [1413, 1881], r: 6.2670212984085083e-01, e: 6.2619870901107788e-01
#ERR  p: [1360, 1882], r: 2.6670632362365723e+00, e: 5.9328746795654297e-01
#ERR  p: [1386, 1881], r: 6.0970091819763184e-01, e: 6.0944104194641113e-01
#ERR  p: [1395, 1881], r: 6.1539000272750854e-01, e: 6.1500030755996704e-01
#ERR  p: [1404, 1881], r: 6.2143307924270630e-01, e: 6.2048894166946411e-01
#SDC Ite:0 KerTime:14.643103 AccTime:14.643103 KerErr:38512 AccErr:38512
#ABORT too many errors per iteration
#END