#HEADER max_rows:16384 max_cols:16384 penalty:10 omp_num_threads:228
#BEGIN Y:2016 M:10 D:15 Time:04:59:37
#IT Ite:0 KerTime:1.123638 AccTime:1.123638
#ERR  p: [504, 143], r: -10, e: -7
#ERR  p: [144, 188], r: -9, e: 0
#ERR  p: [72, 11642], r: -9, e: -7
#ERR  p: [648, 729], r: -4, e: -2
#ERR  p: [1512, 608], r: -5, e: -1
#ERR  p: [288, 2859], r: 4, e: 11
#ERR  p: [1656, 835], r: 0, e: 3
#ERR  p: [2088, 13313], r: -9, e: -8
#ERR  p: [1584, 181], r: -8, e: -4
#ERR  p: [216, 4798], r: -3, e: -2
#ERR  p: [2016, 516], r: -5, e: 12
#ERR  p: [1368, 2791], r: -6, e: -4
#ERR  p: [2160, 178], r: -10, e: -8
#ERR  p: [2232, 123], r: -10, e: -6
#ERR  p: [1296, 311], r: -10, e: -8
#ERR  p: [1872, 391], r: -3, e: 31
#ERR  p: [360, 12641], r: -6, e: -2
#ERR  p: [792, 13803], r: -6, e: -5
#ERR  p: [936, 2778], r: -10, e: -9
#ERR  p: [1224, 3581], r: -10, e: -1
#ERR  p: [1728, 15580], r: -8, e: -4
#ERR  p: [1944, 8647], r: -9, e: -7
#ERR  p: [16101, 311], r: 0, e: 3
#ERR  p: [15888, 435], r: -5, e: 0
#ERR  p: [504, 210], r: -10, e: -9
#ERR  p: [1800, 13569], r: 2, e: 5
#ERR  p: [1080, 3680], r: -3, e: 0
#ERR  p: [144, 189], r: -10, e: -9
#ERR  p: [288, 2860], r: -6, e: 1
#ERR  p: [583, 104], r: -10, e: -7
#ERR  p: [648, 1411], r: -9, e: -2
#ERR  p: [1158, 14], r: -10, e: -9
#ERR  p: [1656, 836], r: -10, e: -7
#ERR  p: [439, 104], r: -10, e: -7
#ERR  p: [2448, 2889], r: -5, e: -3
#ERR  p: [216, 6208], r: -10, e: -8
#ERR  p: [360, 12642], r: -6, e: 4
#ERR  p: [1512, 2554], r: 0, e: 1
#ERR  p: [2520, 1803], r: -7, e: -5
#ERR  p: [1296, 604], r: -10, e: 4
#ERR  p: [2016, 517], r: -4, e: 4
#ERR  p: [1224, 3582], r: -10, e: -6
#ERR  p: [2376, 726], r: -10, e: -8
#ERR  p: [2736, 4366], r: -10, e: -7
#ERR  p: [936, 2812], r: -10, e: -8
#ERR  p: [792, 14701], r: -7, e: -6
#ERR  p: [2664, 171], r: -6, e: -5
#ERR  p: [2090, 14], r: -10, e: -9
#ERR  p: [1584, 390], r: -9, e: -8
#ERR  p: [1728, 15581], r: -8, e: -4
#ERR  p: [2808, 36], r: -9, e: -8
#ERR  p: [1368, 6797], r: -8, e: -7
#ERR  p: [15391, 1013], r: -8, e: -4
#ERR  p: [1872, 392], r: 19, e: 21
#ERR  p: [2160, 524], r: -10, e: -6
#ERR  p: [2232, 2775], r: -7, e: -6
#ERR  p: [504, 625], r: -10, e: -6
#ERR  p: [9, 50], r: -10, e: 0
#ERR  p: [15320, 82], r: -9, e: -7
#ERR  p: [16172, 1414], r: -10, e: -9
#ERR  p: [648, 1414], r: -5, e: -4
#ERR  p: [1945, 8648], r: -10, e: -8
#ERR  p: [1800, 13570], r: -8, e: -5
#ERR  p: [1080, 3681], r: -10, e: -7
#ERR  p: [2595, 424], r: -10, e: -9
#ERR  p: [288, 2861], r: -10, e: -9
#ERR  p: [583, 502], r: -10, e: -9
#ERR  p: [15249, 36], r: -14, e: -13
#ERR  p: [1656, 1382], r: -6, e: -2
#ERR  p: [1158, 104], r: -10, e: -7
#ERR  p: [439, 262], r: -10, e: -8
#ERR  p: [360, 12643], r: -10, e: -6
#ERR  p: [144, 15204], r: -8, e: -7
#ERR  p: [2448, 2890], r: -10, e: -9
#ERR  p: [14184, 1409], r: -4, e: 1
#ERR  p: [216, 6274], r: -10, e: -7
#ERR  p: [1512, 2555], r: -4, e: -3
#ERR  p: [1296, 605], r: -4, e: 7
#ERR  p: [2520, 1855], r: -10, e: -9
#ERR  p: [1224, 3677], r: -5, e: -4
#ERR  p: [3240, 13540], r: -10, e: -9
#ERR  p: [2016, 518], r: -5, e: -1
#ERR  p: [4896, 1427], r: 21, e: 25
#ERR  p: [4680, 180], r: -10, e: 2
#ERR  p: [4608, 2247], r: -10, e: -7
#ERR  p: [4752, 973], r: -8, e: 10
#ERR  p: [4824, 784], r: -10, e: -8
#ERR  p: [5040, 144], r: -10, e: -5
#ERR  p: [5184, 537], r: -8, e: -3
#ERR  p: [5116, 14], r: -10, e: -7
#ERR  p: [3024, 2826], r: -4, e: -1
#ERR  p: [5688, 155], r: -6, e: -4
#ERR  p: [5616, 1147], r: -10, e: -8
#ERR  p: [2376, 1860], r: -10, e: -9
#ERR  p: [5760, 2855], r: -10, e: -8
#ERR  p: [5544, 117], r: -8, e: -6
#ERR  p: [13896, 1585], r: -9, e: -8
#ERR  p: [14965, 271], r: -10, e: -9
#ERR  p: [15462, 4358], r: -7, e: -5
#ERR  p: [13968, 1411], r: -9, e: -8
#ERR  p: [15888, 4604], r: -10, e: -9
#ERR  p: [15533, 7431], r: -10, e: -4
#ERR  p: [936, 6128], r: -10, e: -9
#ERR  p: [16101, 312], r: -10, e: -7
#ERR  p: [14326, 11870], r: -4, e: 1
#ERR  p: [16030, 1419], r: -6, e: -1
#ERR  p: [14397, 781], r: -9, e: 2
#ERR  p: [14468, 10474], r: -7, e: -6
#ERR  p: [14539, 7407], r: -2, e: -1
#ERR  p: [15178, 172], r: -9, e: -2
#ERR  p: [5400, 5351], r: -10, e: -9
#ERR  p: [2737, 4367], r: -13, e: -10
#ERR  p: [15746, 3481], r: -7, e: -6
#ERR  p: [793, 13804], r: -6, e: -5
#ERR  p: [14610, 173], r: -10, e: -9
#ERR  p: [2880, 407], r: -10, e: -9
#ERR  p: [5904, 112], r: 2, e: 3
#ERR  p: [7272, 3161], r: -1, e: 0
#ERR  p: [2090, 308], r: -10, e: -6
#ERR  p: [3528, 35], r: -10, e: -8
#ERR  p: [2664, 3579], r: -10, e: -5
#ERR  p: [1584, 858], r: -10, e: -9
#ERR  p: [3096, 133], r: -10, e: 2
#ERR  p: [5333, 405], r: -10, e: -6
#ERR  p: [14823, 1263], r: -6, e: -5
#ERR  p: [14681, 1481], r: -7, e: -5
#ERR  p: [2808, 144], r: -10, e: -7
#ERR  p: [6192, 14589], r: -9, e: -4
#ERR  p: [14117, 50], r: -10, e: 0
#ERR  p: [1368, 15139], r: -9, e: -8
#ERR  p: [15391, 1862], r: -7, e: -6
#ERR  p: [6264, 1407], r: -10, e: -8
#ERR  p: [6408, 140], r: -3, e: -1
#ERR  p: [6048, 5070], r: -3, e: 5
#ERR  p: [1729, 15581], r: -9, e: -5
#ERR  p: [2160, 1415], r: -10, e: -9
#ERR  p: [6768, 5692], r: -8, e: -6
#ERR  p: [648, 3931], r: -4, e: -3
#ERR  p: [1872, 3934], r: -9, e: -8
#ERR  p: [7344, 11872], r: -10, e: -5
#ERR  p: [3168, 14], r: -10, e: -7
#ERR  p: [15817, 4617], r: -3, e: -2
#ERR  p: [504, 669], r: -10, e: -9
#ERR  p: [2232, 2843], r: -8, e: -1
#ERR  p: [7200, 19], r: -10, e: -7
#ERR  p: [1080, 5797], r: -10, e: -8
#ERR  p: [5472, 1479], r: -6, e: 0
#ERR  p: [9, 163], r: -10, e: 0
#ERR  p: [3744, 4963], r: -10, e: -8
#ERR  p: [16172, 1682], r: -4, e: -3
#ERR  p: [15320, 409], r: -3, e: -1
#ERR  p: [10656, 1935], r: -10, e: -9
#ERR  p: [10585, 104], r: -10, e: -7
#ERR  p: [10800, 3146], r: -6, e: -2
#ERR  p: [288, 6939], r: -8, e: -4
#ERR  p: [11376, 336], r: -10, e: -8
#ERR  p: [439, 521], r: -10, e: -7
#ERR  p: [11304, 67], r: -6, e: -5
#ERR  p: [10872, 1683], r: -5, e: -3
#ERR  p: [3888, 6084], r: -2, e: 2
#ERR  p: [4464, 400], r: -10, e: -5
#ERR  p: [10440, 13844], r: -6, e: 0
#ERR  p: [2595, 509], r: -10, e: -3
#ERR  p: [1158, 479], r: -10, e: -4
#ERR  p: [1801, 116], r: -10, e: -6
#ERR  p: [6840, 5633], r: -2, e: 0
#ERR  p: [11016, 5059], r: -7, e: -5
#ERR  p: [15249, 51], r: -7, e: -3
#ERR  p: [11160, 1804], r: -2, e: -1
#ERR  p: [583, 509], r: -10, e: -3
#ERR  p: [6984, 219], r: -8, e: -6
#ERR  p: [6624, 2926], r: -5, e: -3
#ERR  p: [6128, 50], r: -10, e: -7
#ERR  p: [11880, 731], r: -3, e: -1
#ERR  p: [6912, 347], r: -5, e: -4
#ERR  p: [11592, 13908], r: -10, e: -9
#ERR  p: [10512, 7295], r: -1, e: 1
#ERR  p: [1946, 8649], r: -9, e: -7
#ERR  p: [11232, 2753], r: -6, e: -2
#ERR  p: [1656, 2770], r: -10, e: -9
#ERR  p: [10728, 527], r: 2, e: 6
#ERR  p: [3960, 412], r: -10, e: -9
#ERR  p: [4176, 493], r: -1, e: 0
#ERR  p: [4392, 27], r: -10, e: -9
#ERR  p: [5040, 327], r: -10, e: -9
#ERR  p: [11808, 2989], r: -9, e: -8
#ERR  p: [3240, 15191], r: -8, e: -3
#ERR  p: [10224, 2717], r: -4, e: 5
#ERR  p: [11955, 35], r: -10, e: -9
#ERR  p: [5544, 592], r: -7, e: -5
#ERR  p: [4608, 2920], r: 6, e: 9
#ERR  p: [13104, 852], r: -10, e: 0
#ERR  p: [2016, 3260], r: -10, e: -7
#ERR  p: [361, 12642], r: -7, e: -3
#ERR  p: [2376, 1940], r: -9, e: -8
#ERR  p: [1512, 7251], r: -10, e: -9
#ERR  p: [4752, 974], r: -4, e: 0
#ERR  p: [4536, 6795], r: -10, e: -9
#ERR  p: [145, 188], r: -11, e: -10
#ERR  p: [3456, 57], r: 9, e: 10
#ERR  p: [13320, 8029], r: -10, e: -9
#ERR  p: [3600, 117], r: -7, e: -1
#ERR  p: [2448, 2891], r: 0, e: 1
#ERR  p: [3672, 512], r: -6, e: -5
#ERR  p: [13608, 9639], r: 9, e: 14
#ERR  p: [4033, 14], r: -20, e: -7
#ERR  p: [2520, 4771], r: -6, e: 2
#ERR  p: [5116, 116], r: -10, e: -8
#ERR  p: [10152, 5343], r: -10, e: 2
#ERR  p: [10296, 105], r: -5, e: -2
#ERR  p: [14184, 2215], r: -10, e: -8
#ERR  p: [3024, 2827], r: -10, e: -8
#ERR  p: [10368, 8565], r: -9, e: -5
#ERR  p: [12024, 2114], r: -10, e: -8
#ERR  p: [1296, 606], r: -10, e: -3
#ERR  p: [5760, 3727], r: -10, e: -9
#ERR  p: [12096, 267], r: -9, e: 0
#ERR  p: [8928, 3363], r: -6, e: -5
#ERR  p: [216, 7414], r: 2, e: 6
#ERR  p: [8640, 9645], r: -6, e: -5
#ERR  p: [12168, 3953], r: -10, e: -8
#ERR  p: [5184, 2261], r: -1, e: 7
#ERR  p: [9072, 894], r: -10, e: -8
#ERR  p: [5688, 2670], r: -9, e: -2
#ERR  p: [7488, 1676], r: -5, e: 0
#ERR  p: [8136, 390], r: -10, e: -5
#ERR  p: [12240, 974], r: -5, e: -3
#ERR  p: [14965, 1370], r: -10, e: -6
#ERR  p: [5616, 4240], r: -1, e: 0
#ERR  p: [8568, 14], r: -10, e: -6
#ERR  p: [8425, 14], r: -10, e: -7
#ERR  p: [11520, 1424], r: -10, e: -8
#ERR  p: [15462, 5056], r: -7, e: -4
#ERR  p: [8496, 7283], r: -9, e: -5
#ERR  p: [8064, 514], r: -10, e: -7
#ERR  p: [8280, 144], r: -10, e: -6
#ERR  p: [12456, 3950], r: -7, e: -3
#ERR  p: [1584, 1905], r: -7, e: -6
#ERR  p: [7992, 1848], r: -9, e: -4
#ERR  p: [12528, 121], r: -3, e: 2
#ERR  p: [3168, 35], r: -10, e: -7
#ERR  p: [1224, 4334], r: 3, e: 4
#ERR  p: [8856, 171], r: -10, e: -9
#ERR  p: [8784, 2114], r: -8, e: -6
#ERR  p: [8208, 52], r: 1, e: 2
#ERR  p: [6768, 10372], r: -10, e: -7
#ERR  p: [13032, 1422], r: -10, e: -6
#ERR  p: [4248, 2860], r: -9, e: -8
#ERR  p: [4896, 1428], r: 13, e: 17
#ERR  p: [4680, 181], r: -10, e: -5
#ERR  p: [13968, 1803], r: -10, e: -7
#ERR  p: [10800, 3147], r: -8, e: -4
#ERR  p: [4824, 785], r: -10, e: -7
#ERR  p: [3888, 6085], r: -9, e: -5
#ERR  p: [12744, 117], r: -10, e: -5
#ERR  p: [9000, 1150], r: -10, e: -7
#ERR  p: [13248, 39], r: -10, e: -8
#ERR  p: [13896, 8888], r: -9, e: -5
#ERR  p: [10441, 13845], r: -1, e: 5
#ERR  p: [13752, 178], r: -10, e: -9
#ERR  p: [9576, 896], r: -10, e: -3
#ERR  p: [9864, 1204], r: -10, e: -7
#ERR  p: [14761, 116], r: -10, e: -9
#ERR  p: [9648, 15], r: -10, e: -9
#ERR  p: [13392, 119], r: -5, e: -4
#ERR  p: [4320, 2256], r: -10, e: -9
#ERR  p: [9504, 117], r: -10, e: -8
#ERR  p: [10080, 428], r: -9, e: -8
#ERR  p: [12672, 1422], r: -6, e: -5
#ERR  p: [9720, 2810], r: 1, e: 2
#ERR  p: [7776, 3256], r: -3, e: 2
#ERR  p: [10947, 35], r: -10, e: -9
#ERR  p: [119, 50], r: -10, e: 0
#ERR  p: [13537, 14], r: -20, e: -7
#ERR  p: [15534, 7432], r: -10, e: -7
#ERR  p: [9360, 5204], r: -8, e: 0
#ERR  p: [9792, 1904], r: -4, e: -1
#ERR  p: [1463, 104], r: -10, e: -9
#ERR  p: [14397, 782], r: -10, e: -5
#ERR  p: [9941, 14], r: -10, e: -7
#ERR  p: [5846, 50], r: -10, e: -7
#ERR  p: [5400, 5352], r: -10, e: -6
#ERR  p: [14326, 11871], r: -10, e: -9
#ERR  p: [16030, 1420], r: -9, e: 5
#ERR  p: [14539, 7408], r: -8, e: -7
#ERR  p: [16101, 505], r: -2, e: 1
#ERR  p: [3096, 134], r: -10, e: -7
#ERR  p: [15746, 7726], r: -10, e: -8
#ERR  p: [2664, 5593], r: -7, e: -6
#ERR  p: [14823, 2134], r: -10, e: -1
#ERR  p: [14469, 10475], r: -7, e: -6
#ERR  p: [14681, 2747], r: -10, e: -9
#ERR  p: [936, 6264], r: -2, e: -1
#ERR  p: [15888, 4879], r: -10, e: -9
#ERR  p: [5904, 113], r: -8, e: -7
#ERR  p: [15178, 173], r: -10, e: -8
#ERR  p: [14610, 678], r: -9, e: -8
#ERR  p: [2880, 792], r: -10, e: 0
#ERR  p: [2090, 502], r: -10, e: -9
#ERR  p: [1080, 10222], r: -8, e: -5
#ERR  p: [7272, 3162], r: -4, e: -3
#ERR  p: [793, 14702], r: -8, e: -7
#ERR  p: [7704, 421], r: -8, e: -6
#ERR  p: [3528, 50], r: -10, e: -9
#ERR  p: [648, 4228], r: -7, e: -5
#ERR  p: [2160, 1459], r: -9, e: -6
#ERR  p: [14900, 330], r: -10, e: -7
#ERR  p: [5333, 424], r: -10, e: -9
#ERR  p: [14117, 163], r: -10, e: 3
#ERR  p: [15391, 2813], r: -5, e: -4
#ERR  p: [7200, 484], r: -8, e: -3
#ERR  p: [1369, 2792], r: -6, e: -4
#ERR  p: [5472, 3101], r: -9, e: -7
#ERR  p: [6264, 1717], r: -10, e: -6
#ERR  p: [504, 721], r: -10, e: -5
#ERR  p: [11160, 2774], r: -2, e: -1
#ERR  p: [6984, 971], r: -9, e: -7
#ERR  p: [3744, 7383], r: -8, e: -7
#ERR  p: [1729, 15582], r: -11, e: -7
#ERR  p: [6408, 2226], r: -10, e: -9
#ERR  p: [6193, 14590], r: -9, e: -4
#ERR  p: [7344, 14996], r: -10, e: -9
#ERR  p: [1872, 4338], r: -8, e: -7
#ERR  p: [288, 12175], r: -10, e: -2
#ERR  p: [1158, 509], r: -10, e: -9
#ERR  p: [6048, 5071], r: -10, e: -4
#ERR  p: [11376, 569], r: -8, e: -7
#ERR  p: [15817, 14550], r: -4, e: -3
#ERR  p: [10512, 7296], r: -2, e: 0
#ERR  p: [11304, 179], r: -8, e: -7
#ERR  p: [10872, 4427], r: -10, e: -8
#ERR  p: [4464, 401], r: -10, e: -8
#ERR  p: [15320, 10009], r: -10, e: -9
#ERR  p: [15249, 117], r: -11, e: -4
#ERR  p: [10656, 15909], r: -10, e: -7
#ERR  p: [11880, 896], r: -10, e: -8
#ERR  p: [16173, 50], r: -10, e: -4
#ERR  p: [11017, 5060], r: -9, e: -7
#ERR  p: [9, 175], r: -10, e: -8
#ERR  p: [2016, 6129], r: -4, e: -2
#ERR  p: [439, 625], r: -10, e: 1
#ERR  p: [583, 521], r: -10, e: -9
#ERR  p: [769, 14], r: -20, e: -11
#ERR  p: [4176, 494], r: -7, e: -6
#ERR  p: [898, 116], r: -10, e: -9
#ERR  p: [1066, 175], r: -10, e: -8
#ERR  p: [5040, 722], r: -10, e: 0
#ERR  p: [1656, 2771], r: 2, e: 6
#ERR  p: [1801, 262], r: -10, e: -8
#ERR  p: [2232, 2918], r: -10, e: -5
#ERR  p: [2338, 35], r: -10, e: -2
#ERR  p: [2595, 521], r: -10, e: -2
#ERR  p: [1512, 15512], r: -1, e: 0
#ERR  p: [361, 12643], r: -7, e: 3
#ERR  p: [2808, 164], r: -9, e: -6
#ERR  p: [1296, 775], r: -10, e: -6
#ERR  p: [3600, 164], r: -10, e: 0
#ERR  p: [2785, 14], r: -20, e: -9
#ERR  p: [3317, 14], r: -10, e: -8
#ERR  p: [145, 189], r: -10, e: -1
#ERR  p: [1584, 1926], r: -9, e: -6
#ERR  p: [1224, 4335], r: -7, e: -6
#ERR  p: [216, 7415], r: -8, e: -4
#ERR  p: [3395, 35], r: -10, e: -5
#ERR  p: [5987, 790], r: -10, e: -3
#ERR  p: [6128, 104], r: -10, e: -6
#ERR  p: [6624, 5348], r: 0, e: 9
#ERR  p: [3241, 15192], r: -10, e: -5
#ERR  p: [6840, 5634], r: -5, e: -3
#ERR  p: [6912, 817], r: -10, e: -7
#ERR  p: [2520, 4772], r: -10, e: -8
#ERR  p: [3960, 963], r: 0, e: 4
#ERR  p: [4392, 4233], r: -8, e: -6
#ERR  p: [4608, 2921], r: -2, e: 1
#ERR  p: [9439, 35], r: -10, e: -8
#ERR  p: [10013, 50], r: -10, e: 0
#ERR  p: [5544, 722], r: -10, e: -2
#ERR  p: [15691, 14], r: -10, e: -8
#ERR  p: [10585, 163], r: -10, e: -8
#ERR  p: [7578, 116], r: -10, e: -9
#ERR  p: [6492, 163], r: -10, e: -3
#ERR  p: [11232, 2754], r: -10, e: -8
#ERR  p: [11738, 886], r: -10, e: -9
#ERR  p: [2376, 2250], r: -6, e: -5
#ERR  p: [11955, 50], r: -10, e: -7
#ERR  p: [12820, 116], r: -10, e: -1
#ERR  p: [12888, 4343], r: -7, e: 0
#ERR  p: [8363, 116], r: -10, e: -7
#ERR  p: [8136, 391], r: -7, e: -3
#ERR  p: [15048, 14], r: -10, e: -5
#ERR  p: [9154, 35], r: -10, e: -9
#ERR  p: [3456, 58], r: -1, e: 0
#ERR  p: [3672, 724], r: -10, e: -8
#ERR  p: [4033, 35], r: -20, e: -11
#ERR  p: [10800, 3474], r: -10, e: -3
#ERR  p: [10224, 2718], r: -10, e: -5
#ERR  p: [12744, 207], r: -10, e: -7
#ERR  p: [10728, 528], r: -8, e: -4
#ERR  p: [3168, 116], r: -10, e: -4
#ERR  p: [11097, 143], r: -10, e: -8
#ERR  p: [3024, 5987], r: -10, e: -9
#ERR  p: [11464, 405], r: -10, e: -8
#ERR  p: [11808, 5093], r: -7, e: 3
#ERR  p: [4752, 1121], r: -8, e: -7
#ERR  p: [3004, 104], r: -10, e: -7
#ERR  p: [5011, 175], r: -10, e: -4
#ERR  p: [15639, 116], r: -9, e: -3
#ERR  p: [5116, 143], r: -10, e: -3
#ERR  p: [12968, 35], r: -10, e: -9
#ERR  p: [13104, 2753], r: -9, e: -8
#ERR  p: [4536, 9717], r: 2, e: 4
#ERR  p: [14280, 14], r: -10, e: -7
#ERR  p: [2449, 2889], r: -14, e: -13
#ERR  p: [6739, 35], r: -10, e: -5
#ERR  p: [15125, 14], r: -10, e: -7
#ERR  p: [16256, 14], r: -10, e: -8
#ERR  p: [4134, 35], r: -10, e: -6
#ERR  p: [4680, 674], r: -6, e: 5
#ERR  p: [3846, 35], r: -10, e: -9
#ERR  p: [4896, 1429], r: 3, e: 7
#ERR  p: [4248, 4043], r: -8, e: -7
#ERR  p: [9299, 50], r: -10, e: -2
#ERR  p: [4824, 1469], r: -8, e: -6
#ERR  p: [5184, 2262], r: -9, e: -3
#ERR  p: [10152, 5344], r: -6, e: -2
#ERR  p: [10368, 8566], r: -9, e: -8
#ERR  p: [10296, 510], r: -8, e: -7
#ERR  p: [5616, 4241], r: -5, e: -4
#ERR  p: [5760, 5733], r: -10, e: -8
#ERR  p: [5688, 4980], r: 0, e: 1
#ERR  p: [6589, 35], r: -10, e: -7
#ERR  p: [12096, 335], r: -10, e: -5
#ERR  p: [7488, 1677], r: -10, e: -9
#ERR  p: [6385, 14], r: -17, e: -11
#ERR  p: [6768, 11786], r: -5, e: 0
#ERR  p: [12390, 35], r: -10, e: -8
#ERR  p: [7143, 14], r: -10, e: -7
#ERR  p: [7433, 14], r: -10, e: -7
#ERR  p: [12024, 3858], r: -8, e: -5
#ERR  p: [13190, 35], r: -10, e: -5
#ERR  p: [13608, 9640], r: -1, e: 4
#ERR  p: [8064, 5445], r: -10, e: -6
#ERR  p: [14184, 2528], r: -6, e: -1
#ERR  p: [8280, 327], r: -9, e: -8
#ERR  p: [8208, 165], r: -10, e: -8
#ERR  p: [8425, 35], r: -10, e: -8
#ERR  p: [7993, 1849], r: -10, e: -8
#ERR  p: [8496, 7284], r: -10, e: -3
#ERR  p: [8568, 380], r: -10, e: -3
#ERR  p: [13322, 14], r: -10, e: -7
#ERR  p: [8640, 12909], r: -4, e: -1
#ERR  p: [8856, 599], r: -5, e: 4
#ERR  p: [8784, 7571], r: -10, e: -9
#ERR  p: [9000, 1486], r: -10, e: -6
#ERR  p: [9261, 330], r: -10, e: -7
#ERR  p: [8928, 4523], r: -3, e: -2
#ERR  p: [9072, 3261], r: -9, e: -6
#ERR  p: [11699, 163], r: -10, e: -7
#ERR  p: [11376, 631], r: -10, e: -5
#ERR  p: [11520, 2958], r: -6, e: 9
#ERR  p: [12456, 3951], r: -10, e: -8
#ERR  p: [12240, 2811], r: 1, e: 5
#ERR  p: [12354, 116], r: -10, e: -8
#ERR  p: [12528, 122], r: -10, e: -8
#ERR  p: [13248, 725], r: -9, e: -7
#ERR  p: [2160, 1656], r: -10, e: -9
#ERR  p: [12169, 3954], r: -10, e: -9
#ERR  p: [9, 206], r: -10, e: -9
#ERR  p: [13032, 4050], r: -10, e: -5
#ERR  p: [1872, 5409], r: -10, e: -9
#ERR  p: [2664, 5594], r: -10, e: -5
#ERR  p: [2090, 563], r: -10, e: -4
#ERR  p: [1463, 424], r: -10, e: -9
#ERR  p: [13752, 3552], r: -9, e: -8
#ERR  p: [13896, 11621], r: -10, e: -8
#ERR  p: [13968, 3671], r: -10, e: -9
#ERR  p: [936, 6303], r: -10, e: -6
#ERR  p: [1080, 15133], r: -7, e: -6
#ERR  p: [119, 116], r: -10, e: 3
#ERR  p: [1369, 6798], r: -7, e: -6
#ERR  p: [504, 824], r: -10, e: -7
#ERR  p: [2880, 793], r: -10, e: -9
#ERR  p: [648, 5178], r: -9, e: -6
#ERR  p: [1966, 308], r: -10, e: -2
#ERR  p: [1730, 15582], r: -9, e: -5
#ERR  p: [1158, 902], r: -10, e: -9
#ERR  p: [14965, 2853], r: -5, e: -4
#ERR  p: [3096, 790], r: -8, e: -3
#ERR  p: [15462, 5614], r: -8, e: -5
#ERR  p: [289, 2859], r: -5, e: 1
#ERR  p: [8737, 14], r: -20, e: -11
#ERR  p: [794, 13805], r: -3, e: -2
#ERR  p: [3528, 59], r: -8, e: -2
#ERR  p: [12624, 143], r: -10, e: -4
#ERR  p: [7971, 116], r: -10, e: -1
#ERR  p: [13886, 35], r: -10, e: -3
#ERR  p: [16351, 116], r: -10, e: -6
#ERR  p: [7688, 308], r: -10, e: -6
#ERR  p: [16016, 308], r: -10, e: -2
#ERR  p: [13749, 143], r: -10, e: -9
#SDC Ite:0 KerTime:1.123638 AccTime:1.123638 KerErr:454215 AccErr:454215
#ABORT too many errors per iteration
#END