2016-10-15 03:01:19:Initialization strings:
2016-10-15 03:01:19:(1) target extended-remote | ssh -T mic0 gdbserver --multi -
2016-10-15 03:01:19:(2) set sysroot /opt/mpss/3.7/sysroots/k1om-mpss-linux/
2016-10-15 03:01:19:(3) set sysroot /opt/mpss/3.7/sysroots/k1om-mpss-linux/
2016-10-15 03:01:19:(4) file /micNfs/gdb-fault-injection-hotspot/bin/hotspot_check
2016-10-15 03:01:19:(5) set remote exec-file /micNfs/gdb-fault-injection-hotspot/bin/hotspot_check
2016-10-15 03:01:19:(6) set args 1024 1024 2000 228 /micNfs/gdb-fault-injection-hotspot/bin/temp_1024 /micNfs/gdb-fault-injection-hotspot/bin/power_1024 /micNfs/gdb-fault-injection-hotspot/bin/GOLD_1024-2000-228
2016-10-15 03:01:19:Trying Fault Injection
2016-10-15 03:01:19:Backtrace BEGIN:
2016-10-15 03:01:19:#0  __GI__dl_debug_state () at dl-debug.c:74
#1  0x00007ffff7de084c in dl_main (phdr=<optimized out>, phnum=<optimized out>, user_entry=<optimized out>, auxv=<optimized out>) at rtld.c:2170
#2  0x00007ffff7df2548 in _dl_sysdep_start (start_argptr=start_argptr@entry=0x7fffffffebe0, dl_main=dl_main@entry=0x7ffff7dde840 <dl_main>) at ../elf/dl-sysdep.c:249
#3  0x00007ffff7de1c6a in _dl_start_final (arg=0x7fffffffebe0) at rtld.c:308
#4  _dl_start (arg=0x7fffffffebe0) at rtld.c:414
#5  0x00007ffff7dddbc8 in _start () from /opt/mpss/3.7/sysroots/k1om-mpss-linux/lib64/ld-linux-k1om.so.2
#6  0x0000000000000008 in ?? ()
#7  0x00007fffffffede9 in ?? ()
#8  0x00007fffffffee1f in ?? ()
#9  0x00007fffffffee24 in ?? ()
#10 0x00007fffffffee29 in ?? ()
#11 0x00007fffffffee2e in ?? ()
#12 0x00007fffffffee32 in ?? ()
#13 0x00007fffffffee64 in ?? ()
#14 0x00007fffffffee97 in ?? ()
#15 0x0000000000000000 in ?? ()

2016-10-15 03:01:19:69	in dl-debug.c

2016-10-15 03:01:19:Backtrace END
2016-10-15 03:01:19:Type: The type is a pointer.
2016-10-15 03:01:19:Type sizeof: 8
2016-10-15 03:01:20:Fliping a bit of the pointer
2016-10-15 03:01:20:Mem contents(hex):0x000x000x000x000x000x000x000x00
2016-10-15 03:01:20:base address to flip value: 0x7ffff7ffe038 
2016-10-15 03:01:20:address max offset: 8
2016-10-15 03:01:20:Memory content before bitflip:0x000x000x000x000x000x000x000x00
2016-10-15 03:01:20:Memory content after  bitflip:0x000x000x000x400x000x000x000x00
2016-10-15 03:01:20:Mem contents(hex):0x000x000x000x400x000x000x000x00
2016-10-15 03:01:20:frame name: _dl_start_final
2016-10-15 03:01:20:symbol name: audit_list
2016-10-15 03:01:20:symbol filename: rtld.c
2016-10-15 03:01:20:symbol line: 108
2016-10-15 03:01:20:value: 0x0
2016-10-15 03:01:20:value address: 0x7ffff7ffe038 <audit_list>
2016-10-15 03:01:20:Type: The type is a pointer.
2016-10-15 03:01:20:Type sizeof: 8
2016-10-15 03:01:20:Fault Injection Successful after 1.04565000534s
2016-10-15 03:01:23:Fault Already Injected
2016-10-15 03:01:26:Fault Already Injected
2016-10-15 03:01:27:Fault Already Injected
2016-10-15 03:01:27:Fault Already Injected
2016-10-15 03:01:27:Fault Already Injected
2016-10-15 03:01:27:Fault Already Injected
2016-10-15 03:01:29:Fault Already Injected
2016-10-15 03:01:31:Fault Already Injected
2016-10-15 03:01:32:Fault Already Injected
2016-10-15 03:01:34:event type: exit
2016-10-15 03:01:34:exit code: 0
