2016-10-21 10:41:38:Starting GDB script
2016-10-21 10:41:39:sending signal using command: 'ssh -T mic0 killall -2 hotspot_check' after 0.753093706201s
2016-10-21 10:41:39:shell stdout: 
2016-10-21 10:41:40:sending signal using command: 'ssh -T mic0 killall -2 hotspot_check' after 1.01779777966s
2016-10-21 10:41:40:shell stdout: 
2016-10-21 10:41:41:sending signal using command: 'ssh -T mic0 killall -2 hotspot_check' after 2.38731193766s
2016-10-21 10:41:41:shell stdout: 
2016-10-21 10:41:41:sending signal using command: 'ssh -T mic0 killall -2 hotspot_check' after 2.59827856417s
2016-10-21 10:41:41:shell stdout: 
2016-10-21 10:41:41:sending signal using command: 'ssh -T mic0 killall -2 hotspot_check' after 2.67352340323s
2016-10-21 10:41:41:shell stdout: 
2016-10-21 10:41:46:sending signal using command: 'ssh -T mic0 killall -2 hotspot_check' after 7.44772781012s
2016-10-21 10:41:46:shell stdout: 
2016-10-21 10:41:46:sending signal using command: 'ssh -T mic0 killall -2 hotspot_check' after 7.76473374665s
2016-10-21 10:41:46:shell stdout: 
2016-10-21 10:41:49:sending signal using command: 'ssh -T mic0 killall -2 hotspot_check' after 9.99596346426s
2016-10-21 10:41:49:shell stdout: 
2016-10-21 10:41:52:sending signal using command: 'ssh -T mic0 killall -2 hotspot_check' after 13.1374107553s
2016-10-21 10:41:52:shell stdout: 
2016-10-21 10:41:53:sending signal using command: 'ssh -T mic0 killall -2 hotspot_check' after 13.9409307201s
2016-10-21 10:41:53:shell stdout: 
2016-10-21 10:42:00:no gdbExecName running, out:
2016-10-21 10:42:00:checCmd:ps -e | grep -i gdb-mic
2016-10-21 10:42:00:finished now-timestampStart < maxWaitTime*5
2016-10-21 10:42:00:now: 1477060919
2016-10-21 10:42:00:timestampStart: 1477060898
2016-10-21 10:42:00:kill cmd: killall -9 gdb-mic
2016-10-21 10:42:00:shell stdout: 
2016-10-21 10:42:00:kill cmd: ssh -T mic0 killall -9 hotspot_check
2016-10-21 10:42:00:shell stdout: 
2016-10-21 10:42:00:kill cmd: ssh -T mic0 killall -9 gdbserver
2016-10-21 10:42:00:shell stdout: 
