2016-10-26 03:16:00:Starting GDB script
2016-10-26 03:16:01:sending signal using command: 'ssh -T mic0 killall -2 lavamd' after 0.942355108012s
2016-10-26 03:16:01:shell stdout: 
2016-10-26 03:16:02:sending signal using command: 'ssh -T mic0 killall -2 lavamd' after 1.42737117526s
2016-10-26 03:16:02:shell stdout: 
2016-10-26 03:16:02:sending signal using command: 'ssh -T mic0 killall -2 lavamd' after 1.59893469867s
2016-10-26 03:16:02:shell stdout: 
2016-10-26 03:16:05:sending signal using command: 'ssh -T mic0 killall -2 lavamd' after 3.45181169783s
2016-10-26 03:16:05:shell stdout: 
2016-10-26 03:16:07:sending signal using command: 'ssh -T mic0 killall -2 lavamd' after 6.10337529618s
2016-10-26 03:16:07:shell stdout: 
2016-10-26 03:16:08:sending signal using command: 'ssh -T mic0 killall -2 lavamd' after 7.14433395162s
2016-10-26 03:16:08:shell stdout: 
2016-10-26 03:16:08:sending signal using command: 'ssh -T mic0 killall -2 lavamd' after 7.25097461736s
2016-10-26 03:16:08:shell stdout: 
2016-10-26 03:16:09:sending signal using command: 'ssh -T mic0 killall -2 lavamd' after 8.686675626s
2016-10-26 03:16:09:shell stdout: 
2016-10-26 03:16:10:sending signal using command: 'ssh -T mic0 killall -2 lavamd' after 9.50192804911s
2016-10-26 03:16:10:shell stdout: 
2016-10-26 03:16:10:sending signal using command: 'ssh -T mic0 killall -2 lavamd' after 9.56132577506s
2016-10-26 03:16:10:shell stdout: 
2016-10-26 03:16:16:no gdbExecName running, out:
2016-10-26 03:16:16:checCmd:ps -e | grep -i gdb-mic
2016-10-26 03:16:16:finished now-timestampStart < maxWaitTime*5
2016-10-26 03:16:16:now: 1477466175
2016-10-26 03:16:16:timestampStart: 1477466160
2016-10-26 03:16:16:kill cmd: killall -9 gdb-mic
2016-10-26 03:16:16:shell stdout: 
2016-10-26 03:16:17:kill cmd: ssh -T mic0 killall -9 lavamd
2016-10-26 03:16:17:shell stdout: 
2016-10-26 03:16:17:kill cmd: ssh -T mic0 killall -9 gdbserver
2016-10-26 03:16:17:shell stdout: 
2016-10-26 03:16:17:kill cmd: ssh -T mic0 killall -9 sshd
2016-10-26 03:16:17:shell stdout: 
