2016-10-30 20:29:30:Starting GDB script
2016-10-30 20:29:32:sending signal using command: 'ssh -T mic0 killall -2 needle_check' after 1.56490088894s
2016-10-30 20:29:32:shell stdout: 
2016-10-30 20:29:33:sending signal using command: 'ssh -T mic0 killall -2 needle_check' after 3.09497998696s
2016-10-30 20:29:33:shell stdout: 
2016-10-30 20:29:34:sending signal using command: 'ssh -T mic0 killall -2 needle_check' after 3.59726441024s
2016-10-30 20:29:34:shell stdout: 
2016-10-30 20:29:35:sending signal using command: 'ssh -T mic0 killall -2 needle_check' after 4.63147325241s
2016-10-30 20:29:35:shell stdout: 
2016-10-30 20:29:40:sending signal using command: 'ssh -T mic0 killall -2 needle_check' after 9.95459045827s
2016-10-30 20:29:40:shell stdout: 
2016-10-30 20:29:44:sending signal using command: 'ssh -T mic0 killall -2 needle_check' after 13.0860358459s
2016-10-30 20:29:44:shell stdout: 
2016-10-30 20:29:44:sending signal using command: 'ssh -T mic0 killall -2 needle_check' after 13.8992158304s
2016-10-30 20:29:44:shell stdout: 
2016-10-30 20:29:46:sending signal using command: 'ssh -T mic0 killall -2 needle_check' after 15.2513406711s
2016-10-30 20:29:46:shell stdout: 
2016-10-30 20:29:47:sending signal using command: 'ssh -T mic0 killall -2 needle_check' after 16.0770904614s
2016-10-30 20:29:47:shell stdout: 
2016-10-30 20:29:47:sending signal using command: 'ssh -T mic0 killall -2 needle_check' after 16.4316001123s
2016-10-30 20:29:47:shell stdout: 
2016-10-30 20:29:59:no gdbExecName running, out:
2016-10-30 20:29:59:checCmd:ps -e | grep -i gdb-mic
2016-10-30 20:29:59:finished now-timestampStart < maxWaitTime*5
2016-10-30 20:29:59:now: 1477873798
2016-10-30 20:29:59:timestampStart: 1477873770
2016-10-30 20:29:59:kill cmd: killall -9 gdb-mic
2016-10-30 20:29:59:shell stdout: 
2016-10-30 20:30:00:kill cmd: ssh -T mic0 killall -9 needle_check
2016-10-30 20:30:00:shell stdout: 
2016-10-30 20:30:00:kill cmd: ssh -T mic0 killall -9 gdbserver
2016-10-30 20:30:00:shell stdout: 
2016-10-30 20:30:01:kill cmd: ssh -T mic0 killall -9 sshd
2016-10-30 20:30:01:shell stdout: 
