2016-10-15 03:14:34:Starting GDB script
2016-10-15 03:14:35:sending signal using command: 'ssh -T mic0 killall -2 needle_check' after 0.0968055750009s
2016-10-15 03:14:35:shell stdout: 
2016-10-15 03:14:35:sending signal using command: 'ssh -T mic0 killall -2 needle_check' after 0.251020479568s
2016-10-15 03:14:35:shell stdout: 
2016-10-15 03:14:36:sending signal using command: 'ssh -T mic0 killall -2 needle_check' after 0.858088724819s
2016-10-15 03:14:36:shell stdout: 
2016-10-15 03:14:40:sending signal using command: 'ssh -T mic0 killall -2 needle_check' after 5.13890267392s
2016-10-15 03:14:40:shell stdout: 
2016-10-15 03:14:43:sending signal using command: 'ssh -T mic0 killall -2 needle_check' after 7.83729088064s
2016-10-15 03:14:43:shell stdout: 
2016-10-15 03:14:43:sending signal using command: 'ssh -T mic0 killall -2 needle_check' after 8.36294701744s
2016-10-15 03:14:43:shell stdout: 
2016-10-15 03:14:46:sending signal using command: 'ssh -T mic0 killall -2 needle_check' after 10.6515378096s
2016-10-15 03:14:46:shell stdout: 
2016-10-15 03:14:47:sending signal using command: 'ssh -T mic0 killall -2 needle_check' after 12.5745833198s
2016-10-15 03:14:47:shell stdout: 
2016-10-15 03:14:50:sending signal using command: 'ssh -T mic0 killall -2 needle_check' after 14.9052726704s
2016-10-15 03:14:50:shell stdout: 
2016-10-15 03:14:50:sending signal using command: 'ssh -T mic0 killall -2 needle_check' after 15.1362595657s
2016-10-15 03:14:50:shell stdout: 
2016-10-15 03:15:00:no gdbExecName running, out:
2016-10-15 03:15:00:checCmd:ps -e | grep -i gdb-mic
2016-10-15 03:15:00:finished now-timestampStart < maxWaitTime*5
2016-10-15 03:15:00:now: 1476515699
2016-10-15 03:15:00:timestampStart: 1476515674
2016-10-15 03:15:00:kill cmd: killall -9 gdb-mic
2016-10-15 03:15:00:shell stdout: 
2016-10-15 03:15:00:kill cmd: ssh -T mic0 killall -9 needle_check
2016-10-15 03:15:00:shell stdout: 
2016-10-15 03:15:01:kill cmd: ssh -T mic0 killall -9 gdbserver
2016-10-15 03:15:01:shell stdout: 
2016-10-15 03:15:01:kill cmd: ssh -T mic0 killall -9 sshd
2016-10-15 03:15:01:shell stdout: 
