[INFO -- 2017-02-26 19:55:36]
Starting GDB script
[INFO -- 2017-02-26 19:55:36]
initSignal:4.0
[INFO -- 2017-02-26 19:55:36]
endSignal:8.0
[INFO -- 2017-02-26 19:55:36]
seqSignal:30
[INFO -- 2017-02-26 19:55:43]
sending 30 signals using command: 'ssh -T mic1 killall -2 lud_check' after 7.41924124136s
[INFO -- 2017-02-26 19:55:43]
sending 30 signals using command: 'ssh -T mic1 killall -2 lud_check' after 7.59154947059s
[INFO -- 2017-02-26 19:55:43]
shell stdout: 
[INFO -- 2017-02-26 19:55:43]
sending 30 signals using command: 'ssh -T mic1 killall -2 lud_check' after 7.85400989646s
[INFO -- 2017-02-26 19:55:44]
shell stdout: 
[INFO -- 2017-02-26 19:55:44]
shell stdout: 
[INFO -- 2017-02-26 19:55:44]
shell stdout: 
[INFO -- 2017-02-26 19:55:44]
shell stdout: 
[INFO -- 2017-02-26 19:55:44]
shell stdout: 
[INFO -- 2017-02-26 19:55:44]
shell stdout: 
[INFO -- 2017-02-26 19:55:44]
shell stdout: 
[INFO -- 2017-02-26 19:55:45]
shell stdout: 
[INFO -- 2017-02-26 19:55:45]
shell stdout: 
[INFO -- 2017-02-26 19:55:45]
shell stdout: 
[INFO -- 2017-02-26 19:55:45]
shell stdout: 
[INFO -- 2017-02-26 19:55:45]
shell stdout: 
[INFO -- 2017-02-26 19:55:45]
shell stdout: 
[INFO -- 2017-02-26 19:55:45]
shell stdout: 
[INFO -- 2017-02-26 19:55:45]
shell stdout: 
[INFO -- 2017-02-26 19:55:46]
shell stdout: 
[INFO -- 2017-02-26 19:55:46]
shell stdout: 
[INFO -- 2017-02-26 19:55:46]
shell stdout: 
[INFO -- 2017-02-26 19:55:46]
shell stdout: 
[INFO -- 2017-02-26 19:55:46]
shell stdout: 
[INFO -- 2017-02-26 19:55:46]
shell stdout: 
[INFO -- 2017-02-26 19:55:46]
shell stdout: 
[INFO -- 2017-02-26 19:55:47]
shell stdout: 
[INFO -- 2017-02-26 19:55:47]
shell stdout: 
[INFO -- 2017-02-26 19:55:47]
shell stdout: 
[INFO -- 2017-02-26 19:55:47]
shell stdout: 
[INFO -- 2017-02-26 19:55:47]
shell stdout: 
[INFO -- 2017-02-26 19:55:47]
shell stdout: 
[INFO -- 2017-02-26 19:55:48]
shell stdout: 
[INFO -- 2017-02-26 19:55:48]
shell stdout: 
[INFO -- 2017-02-26 19:55:48]
shell stdout: 
[INFO -- 2017-02-26 19:55:48]
shell stdout: 
[INFO -- 2017-02-26 19:55:48]
shell stdout: 
[INFO -- 2017-02-26 19:55:48]
shell stdout: 
[INFO -- 2017-02-26 19:55:48]
shell stdout: 
[INFO -- 2017-02-26 19:55:48]
shell stdout: 
[INFO -- 2017-02-26 19:55:48]
shell stdout: 
[INFO -- 2017-02-26 19:55:49]
shell stdout: 
[INFO -- 2017-02-26 19:55:49]
shell stdout: 
[INFO -- 2017-02-26 19:55:49]
shell stdout: 
[INFO -- 2017-02-26 19:55:49]
shell stdout: 
[INFO -- 2017-02-26 19:55:49]
shell stdout: 
[INFO -- 2017-02-26 19:55:49]
shell stdout: 
[INFO -- 2017-02-26 19:55:50]
shell stdout: 
[INFO -- 2017-02-26 19:55:50]
shell stdout: 
[INFO -- 2017-02-26 19:55:50]
shell stdout: 
[INFO -- 2017-02-26 19:55:50]
shell stdout: 
[INFO -- 2017-02-26 19:55:50]
shell stdout: 
[INFO -- 2017-02-26 19:55:50]
shell stdout: 
[INFO -- 2017-02-26 19:55:50]
shell stdout: 
[INFO -- 2017-02-26 19:55:50]
shell stdout: 
[INFO -- 2017-02-26 19:55:50]
shell stdout: 
[INFO -- 2017-02-26 19:55:51]
shell stdout: 
[INFO -- 2017-02-26 19:55:51]
shell stdout: 
[INFO -- 2017-02-26 19:55:51]
shell stdout: 
[INFO -- 2017-02-26 19:55:51]
shell stdout: 
[INFO -- 2017-02-26 19:55:51]
shell stdout: 
[INFO -- 2017-02-26 19:55:51]
shell stdout: 
[INFO -- 2017-02-26 19:55:52]
shell stdout: 
[INFO -- 2017-02-26 19:55:52]
shell stdout: 
[INFO -- 2017-02-26 19:55:52]
shell stdout: 
[INFO -- 2017-02-26 19:55:52]
shell stdout: 
[INFO -- 2017-02-26 19:55:52]
shell stdout: 
[INFO -- 2017-02-26 19:55:52]
shell stdout: 
[INFO -- 2017-02-26 19:55:53]
shell stdout: 
[INFO -- 2017-02-26 19:55:53]
shell stdout: 
[INFO -- 2017-02-26 19:55:53]
shell stdout: 
[INFO -- 2017-02-26 19:55:53]
shell stdout: 
[INFO -- 2017-02-26 19:55:54]
shell stdout: 
[INFO -- 2017-02-26 19:55:54]
shell stdout: 
[INFO -- 2017-02-26 19:55:54]
shell stdout: 
[INFO -- 2017-02-26 19:55:54]
shell stdout: 
[INFO -- 2017-02-26 19:55:54]
shell stdout: 
[INFO -- 2017-02-26 19:55:54]
shell stdout: 
[INFO -- 2017-02-26 19:55:55]
shell stdout: 
[INFO -- 2017-02-26 19:55:55]
shell stdout: 
[INFO -- 2017-02-26 19:55:55]
shell stdout: 
[INFO -- 2017-02-26 19:55:55]
shell stdout: 
[INFO -- 2017-02-26 19:55:55]
shell stdout: 
[INFO -- 2017-02-26 19:55:55]
shell stdout: 
[INFO -- 2017-02-26 19:55:56]
shell stdout: 
[INFO -- 2017-02-26 19:55:56]
shell stdout: 
[INFO -- 2017-02-26 19:55:56]
shell stdout: 
[INFO -- 2017-02-26 19:55:56]
shell stdout: 
[INFO -- 2017-02-26 19:55:56]
shell stdout: 
[INFO -- 2017-02-26 19:55:56]
shell stdout: 
[INFO -- 2017-02-26 19:55:57]
shell stdout: 
[INFO -- 2017-02-26 19:55:57]
shell stdout: 
[INFO -- 2017-02-26 19:55:57]
shell stdout: 
[INFO -- 2017-02-26 19:56:16]
finished due now-timestampStart > maxWaitTime*5
[INFO -- 2017-02-26 19:56:16]
now: 1488156976
[INFO -- 2017-02-26 19:56:16]
timestampStart: 1488156936
[INFO -- 2017-02-26 19:56:16]
kill cmd: killall -9 gdb-mic
[INFO -- 2017-02-26 19:56:16]
shell stdout: 
[INFO -- 2017-02-26 19:56:16]
kill cmd: ssh -T mic1 killall -9 lud_check
[INFO -- 2017-02-26 19:56:16]
shell stdout: 
[INFO -- 2017-02-26 19:56:17]
kill cmd: ssh -T mic1 killall -9 gdbserver
[INFO -- 2017-02-26 19:56:17]
shell stdout: 
[INFO -- 2017-02-26 19:56:17]
kill cmd: ssh -T mic1 killall -9 sshd
[INFO -- 2017-02-26 19:56:17]
shell stdout: 
