2016-10-26 22:16:10:Initialization strings:
2016-10-26 22:16:10:(1) target extended-remote | ssh -T mic0 gdbserver --multi -
2016-10-26 22:16:10:(2) set sysroot /opt/mpss/3.7/sysroots/k1om-mpss-linux/
2016-10-26 22:16:10:(3) set sysroot /opt/mpss/3.7/sysroots/k1om-mpss-linux/
2016-10-26 22:16:10:(4) file /micNfs/gdb-fault-injection-lavamd/bin/lavamd
2016-10-26 22:16:10:(5) set remote exec-file /micNfs/gdb-fault-injection-lavamd/bin/lavamd
2016-10-26 22:16:10:(6) set args 228 15 /micNfs/gdb-fault-injection-lavamd/bin/input_distance_228_15 /micNfs/gdb-fault-injection-lavamd/bin/input_charges_228_15 /micNfs/gdb-fault-injection-lavamd/bin/output_gold_228_15 1
2016-10-26 22:16:11:Trying Fault Injection
2016-10-26 22:16:11:Inferior PID: 159346
2016-10-26 22:16:11:Inferior is valid: True
2016-10-26 22:16:11:Inferior #threads: 1
2016-10-26 22:16:11:Backtrace BEGIN:
2016-10-26 22:16:11:#0  __GI__IO_fread (buf=<optimized out>, size=1, count=8, fp=0x60e1c0) at iofread.c:41
#1  0x00000000004025ad in main (argc=7, argv=0x7fffffffec08) at main_check.c:179

2016-10-26 22:16:11:36	in iofread.c

2016-10-26 22:16:11:Backtrace END
2016-10-26 22:16:11:Thread name: None
2016-10-26 22:16:11:Thread num: 1
2016-10-26 22:16:11:Thread ptid: (159346, 159346, 0)
2016-10-26 22:16:11:bitFlip function
2016-10-26 22:16:11:Type: The type is an integer type.
2016-10-26 22:16:11:Type sizeof: 4
2016-10-26 22:16:11:Mem contents(hex):0x900xd50xdd0xf7
2016-10-26 22:16:11:base address to flip value: 0x7fffffffe7b8
2016-10-26 22:16:11:address max offset: 4
2016-10-26 22:16:11:Memory content before bitflip:0x900xd50xdd0xf7
2016-10-26 22:16:11:Memory content after  bitflip:0x920xd50xdd0xf7
2016-10-26 22:16:11:Mem contents(hex):0x920xd50xdd0xf7
2016-10-26 22:16:11:frame name: main
2016-10-26 22:16:11:symbol name: loop
2016-10-26 22:16:11:symbol filename: main_check.c
2016-10-26 22:16:11:symbol line: 198
2016-10-26 22:16:11:value: -136456814
2016-10-26 22:16:11:value address: 0x7fffffffe7b8
2016-10-26 22:16:11:Type: The type is an integer type.
2016-10-26 22:16:11:Type sizeof: 4
2016-10-26 22:16:11:Fault Injection Successful after 1.4730091095s
2016-10-26 22:16:11:Fault Already Injected
2016-10-26 22:16:14:Fault Already Injected
2016-10-26 22:16:15:Fault Already Injected
2016-10-26 22:16:15:Fault Already Injected
2016-10-26 22:16:16:Fault Already Injected
2016-10-26 22:16:17:Fault Already Injected
2016-10-26 22:16:17:Fault Already Injected
2016-10-26 22:16:17:Fault Already Injected
2016-10-26 22:16:19:Fault Already Injected
2016-10-26 22:16:21:event type: exit
2016-10-26 22:16:21:exit code: 0
