[INFO -- 2017-02-26 02:22:22]
Starting GDB script
[INFO -- 2017-02-26 02:22:22]
initSignal:0.0
[INFO -- 2017-02-26 02:22:22]
endSignal:2.0
[INFO -- 2017-02-26 02:22:22]
seqSignal:30
[INFO -- 2017-02-26 02:22:22]
sending 30 signals using command: 'ssh -T mic1 killall -2 lud_check' after 0.225507262785s
[INFO -- 2017-02-26 02:22:23]
sending 30 signals using command: 'ssh -T mic1 killall -2 lud_check' after 0.618923379333s
[INFO -- 2017-02-26 02:22:23]
shell stdout: 
[INFO -- 2017-02-26 02:22:23]
shell stdout: 
[INFO -- 2017-02-26 02:22:23]
shell stdout: 
[INFO -- 2017-02-26 02:22:23]
shell stdout: 
[INFO -- 2017-02-26 02:22:23]
shell stdout: 
[INFO -- 2017-02-26 02:22:24]
sending 30 signals using command: 'ssh -T mic1 killall -2 lud_check' after 1.83460091933s
[INFO -- 2017-02-26 02:22:24]
shell stdout: 
[INFO -- 2017-02-26 02:22:24]
shell stdout: 
[INFO -- 2017-02-26 02:22:24]
shell stdout: 
[INFO -- 2017-02-26 02:22:24]
shell stdout: 
[INFO -- 2017-02-26 02:22:24]
shell stdout: 
[INFO -- 2017-02-26 02:22:25]
shell stdout: 
[INFO -- 2017-02-26 02:22:25]
shell stdout: 
[INFO -- 2017-02-26 02:22:25]
shell stdout: 
[INFO -- 2017-02-26 02:22:25]
shell stdout: 
[INFO -- 2017-02-26 02:22:25]
shell stdout: 
[INFO -- 2017-02-26 02:22:25]
shell stdout: 
[INFO -- 2017-02-26 02:22:26]
shell stdout: 
[INFO -- 2017-02-26 02:22:26]
shell stdout: 
[INFO -- 2017-02-26 02:22:26]
shell stdout: 
[INFO -- 2017-02-26 02:22:26]
shell stdout: 
[INFO -- 2017-02-26 02:22:26]
shell stdout: 
[INFO -- 2017-02-26 02:22:26]
shell stdout: 
[INFO -- 2017-02-26 02:22:26]
shell stdout: 
[INFO -- 2017-02-26 02:22:26]
shell stdout: 
[INFO -- 2017-02-26 02:22:27]
shell stdout: 
[INFO -- 2017-02-26 02:22:27]
shell stdout: 
[INFO -- 2017-02-26 02:22:27]
shell stdout: 
[INFO -- 2017-02-26 02:22:27]
shell stdout: 
[INFO -- 2017-02-26 02:22:27]
shell stdout: 
[INFO -- 2017-02-26 02:22:27]
shell stdout: 
[INFO -- 2017-02-26 02:22:27]
shell stdout: 
[INFO -- 2017-02-26 02:22:28]
shell stdout: 
[INFO -- 2017-02-26 02:22:28]
shell stdout: 
[INFO -- 2017-02-26 02:22:28]
shell stdout: 
[INFO -- 2017-02-26 02:22:28]
shell stdout: 
[INFO -- 2017-02-26 02:22:28]
shell stdout: 
[INFO -- 2017-02-26 02:22:28]
shell stdout: 
[INFO -- 2017-02-26 02:22:28]
shell stdout: 
[INFO -- 2017-02-26 02:22:29]
shell stdout: 
[INFO -- 2017-02-26 02:22:29]
shell stdout: 
[INFO -- 2017-02-26 02:22:29]
shell stdout: 
[INFO -- 2017-02-26 02:22:29]
shell stdout: 
[INFO -- 2017-02-26 02:22:29]
shell stdout: 
[INFO -- 2017-02-26 02:22:29]
shell stdout: 
[INFO -- 2017-02-26 02:22:29]
shell stdout: 
[INFO -- 2017-02-26 02:22:29]
shell stdout: 
[INFO -- 2017-02-26 02:22:30]
shell stdout: 
[INFO -- 2017-02-26 02:22:30]
shell stdout: 
[INFO -- 2017-02-26 02:22:30]
shell stdout: 
[INFO -- 2017-02-26 02:22:30]
shell stdout: 
[INFO -- 2017-02-26 02:22:30]
shell stdout: 
[INFO -- 2017-02-26 02:22:30]
shell stdout: 
[INFO -- 2017-02-26 02:22:30]
shell stdout: 
[INFO -- 2017-02-26 02:22:31]
shell stdout: 
[INFO -- 2017-02-26 02:22:31]
shell stdout: 
[INFO -- 2017-02-26 02:22:31]
shell stdout: 
[INFO -- 2017-02-26 02:22:31]
shell stdout: 
[INFO -- 2017-02-26 02:22:31]
shell stdout: 
[INFO -- 2017-02-26 02:22:31]
shell stdout: 
[INFO -- 2017-02-26 02:22:31]
shell stdout: 
[INFO -- 2017-02-26 02:22:31]
shell stdout: 
[INFO -- 2017-02-26 02:22:32]
shell stdout: 
[INFO -- 2017-02-26 02:22:32]
shell stdout: 
[INFO -- 2017-02-26 02:22:32]
shell stdout: 
[INFO -- 2017-02-26 02:22:32]
shell stdout: 
[INFO -- 2017-02-26 02:22:32]
shell stdout: 
[INFO -- 2017-02-26 02:22:32]
shell stdout: 
[INFO -- 2017-02-26 02:22:32]
shell stdout: 
[INFO -- 2017-02-26 02:22:33]
shell stdout: 
[INFO -- 2017-02-26 02:22:33]
shell stdout: 
[INFO -- 2017-02-26 02:22:33]
shell stdout: 
[INFO -- 2017-02-26 02:22:33]
shell stdout: 
[INFO -- 2017-02-26 02:22:33]
shell stdout: 
[INFO -- 2017-02-26 02:22:33]
shell stdout: 
[INFO -- 2017-02-26 02:22:33]
shell stdout: 
[INFO -- 2017-02-26 02:22:33]
shell stdout: 
[INFO -- 2017-02-26 02:22:34]
shell stdout: 
[INFO -- 2017-02-26 02:22:34]
shell stdout: 
[INFO -- 2017-02-26 02:22:34]
shell stdout: 
[INFO -- 2017-02-26 02:22:34]
shell stdout: 
[INFO -- 2017-02-26 02:22:34]
shell stdout: 
[INFO -- 2017-02-26 02:22:34]
shell stdout: 
[INFO -- 2017-02-26 02:22:34]
shell stdout: 
[INFO -- 2017-02-26 02:22:35]
shell stdout: 
[INFO -- 2017-02-26 02:22:35]
shell stdout: 
[INFO -- 2017-02-26 02:22:35]
shell stdout: 
[INFO -- 2017-02-26 02:22:35]
shell stdout: 
[INFO -- 2017-02-26 02:22:35]
shell stdout: 
[INFO -- 2017-02-26 02:22:36]
shell stdout: 
[INFO -- 2017-02-26 02:22:36]
shell stdout: 
[INFO -- 2017-02-26 02:22:53]
no gdbExecName running, out:
[INFO -- 2017-02-26 02:22:53]
checCmd:ps -e | grep -i gdb-mic
[INFO -- 2017-02-26 02:22:53]
finished now-timestampStart < maxWaitTime*5
[INFO -- 2017-02-26 02:22:53]
now: 1488093772
[INFO -- 2017-02-26 02:22:53]
timestampStart: 1488093742
[INFO -- 2017-02-26 02:22:53]
kill cmd: killall -9 gdb-mic
[INFO -- 2017-02-26 02:22:53]
shell stdout: 
[INFO -- 2017-02-26 02:22:53]
kill cmd: ssh -T mic1 killall -9 lud_check
[INFO -- 2017-02-26 02:22:53]
shell stdout: 
[INFO -- 2017-02-26 02:22:53]
kill cmd: ssh -T mic1 killall -9 gdbserver
[INFO -- 2017-02-26 02:22:53]
shell stdout: 
[INFO -- 2017-02-26 02:22:54]
kill cmd: ssh -T mic1 killall -9 sshd
[INFO -- 2017-02-26 02:22:54]
shell stdout: 
