2016-10-31 21:37:33:Starting GDB script
2016-10-31 21:37:33:sending signal using command: 'ssh -T mic0 killall -2 lud_check' after 0.046770936642s
2016-10-31 21:37:33:shell stdout: 
2016-10-31 21:37:33:sending signal using command: 'ssh -T mic0 killall -2 lud_check' after 0.22284072463s
2016-10-31 21:37:33:shell stdout: 
2016-10-31 21:37:33:sending signal using command: 'ssh -T mic0 killall -2 lud_check' after 0.265013676818s
2016-10-31 21:37:33:shell stdout: 
2016-10-31 21:37:33:sending signal using command: 'ssh -T mic0 killall -2 lud_check' after 0.462495709891s
2016-10-31 21:37:33:shell stdout: 
2016-10-31 21:37:35:sending signal using command: 'ssh -T mic0 killall -2 lud_check' after 2.19307842654s
2016-10-31 21:37:35:shell stdout: 
2016-10-31 21:37:37:sending signal using command: 'ssh -T mic0 killall -2 lud_check' after 3.53001812752s
2016-10-31 21:37:37:shell stdout: 
2016-10-31 21:37:37:sending signal using command: 'ssh -T mic0 killall -2 lud_check' after 4.31421671171s
2016-10-31 21:37:37:shell stdout: 
2016-10-31 21:37:39:no gdbExecName running, out:
2016-10-31 21:37:39:checCmd:ps -e | grep -i gdb-mic
2016-10-31 21:37:39:finished now-timestampStart < maxWaitTime*5
2016-10-31 21:37:39:now: 1477964259
2016-10-31 21:37:39:timestampStart: 1477964253
2016-10-31 21:37:39:kill cmd: killall -9 gdb-mic
2016-10-31 21:37:39:shell stdout: 
2016-10-31 21:37:39:kill cmd: ssh -T mic0 killall -9 lud_check
2016-10-31 21:37:39:shell stdout: 
2016-10-31 21:37:39:sending signal using command: 'ssh -T mic0 killall -2 lud_check' after 6.37161570021s
2016-10-31 21:37:39:shell stdout: 
2016-10-31 21:37:39:kill cmd: ssh -T mic0 killall -9 gdbserver
2016-10-31 21:37:39:shell stdout: 
2016-10-31 21:37:40:sending signal using command: 'ssh -T mic0 killall -2 lud_check' after 6.83807203167s
2016-10-31 21:37:40:shell stdout: 
2016-10-31 21:37:40:kill cmd: ssh -T mic0 killall -9 sshd
2016-10-31 21:37:40:shell stdout: 
