2016-11-01 03:03:56:Initialization strings:
2016-11-01 03:03:56:(1) target extended-remote | ssh -T mic0 gdbserver --multi -
2016-11-01 03:03:56:(2) set sysroot /opt/mpss/3.7/sysroots/k1om-mpss-linux/
2016-11-01 03:03:56:(3) set sysroot /opt/mpss/3.7/sysroots/k1om-mpss-linux/
2016-11-01 03:03:56:(4) file /micNfs/gdb-fault-injection-lud/bin/lud_check
2016-11-01 03:03:56:(5) set remote exec-file /micNfs/gdb-fault-injection-lud/bin/lud_check
2016-11-01 03:03:56:(6) set args -s 8192 -n 228 -i /micNfs/gdb-fault-injection-lud/bin/input_8192_th_228 -g /micNfs/gdb-fault-injection-lud/bin/gold_8192_th_228
2016-11-01 03:03:58:Trying Fault Injection
2016-11-01 03:03:58:Inferior PID: 181943
2016-11-01 03:03:58:Inferior is valid: True
2016-11-01 03:03:58:Inferior #threads: 1
2016-11-01 03:03:58:Backtrace BEGIN:
2016-11-01 03:03:58:#0  0x00007ffff71965d0 in __read_nocancel () at ../sysdeps/unix/syscall-template.S:81
#1  0x00007ffff7142911 in __GI__IO_file_xsgetn (fp=0x615010, data=<optimized out>, n=268435456) at fileops.c:1422
#2  0x00007ffff7138929 in __GI__IO_fread (buf=<optimized out>, size=268435456, count=1, fp=0x615010) at iofread.c:42
#3  0x0000000000402c07 in main (argc=3, argv=0x7fffe6ecc010) at lud_check.c:104

2016-11-01 03:03:58:76	in ../sysdeps/unix/syscall-template.S

2016-11-01 03:03:58:Backtrace END
2016-11-01 03:03:58:Thread name: None
2016-11-01 03:03:58:Thread num: 1
2016-11-01 03:03:58:Thread ptid: (181943, 181943, 0)
2016-11-01 03:03:58:bitFlip function
2016-11-01 03:03:58:Type: The type is a pointer.
2016-11-01 03:03:58:Type sizeof: 8
2016-11-01 03:03:58:Fliping a bit of the pointer
2016-11-01 03:03:58:Mem contents(hex):0x100xc00xec0xe60xff0x7f0x000x00
2016-11-01 03:03:58:base address to flip value: 0x7fffffffea78
2016-11-01 03:03:58:address max offset: 8
2016-11-01 03:03:58:Memory content before bitflip:0x100xc00xec0xe60xff0x7f0x000x00
2016-11-01 03:03:58:Memory content after  bitflip:0x100xc00xec0xe60xff0x7f0x000x02
2016-11-01 03:03:58:Mem contents(hex):0x100xc00xec0xe60xff0x7f0x000x02
2016-11-01 03:03:58:frame name: main
2016-11-01 03:03:58:symbol name: m
2016-11-01 03:03:58:symbol filename: lud_check.c
2016-11-01 03:03:58:symbol line: 50
2016-11-01 03:03:58:value: 0x7fffe6ecc010
2016-11-01 03:03:58:value address: 0x7fffffffea78
2016-11-01 03:03:58:Type: The type is a pointer.
2016-11-01 03:03:58:Type sizeof: 8
2016-11-01 03:03:58:Fault Injection Successful after 2.51405692101s
2016-11-01 03:03:59:Fault Already Injected
2016-11-01 03:03:59:Fault Already Injected
2016-11-01 03:04:00:event type: exit
2016-11-01 03:04:00:exit code: no exit code available
