2017-01-24 05:41:28:Starting GDB script
2017-01-24 05:41:28:initSignal:14.0
2017-01-24 05:41:28:endSignal:21.0
2017-01-24 05:41:28:seqSignal:15
2017-01-24 05:41:42:sending 15 signals using command: 'ssh -T mic1 killall -2 dgemm_check' after 14.5534836912s
2017-01-24 05:41:43:shell stdout: 
2017-01-24 05:41:43:sending 15 signals using command: 'ssh -T mic1 killall -2 dgemm_check' after 15.4327938158s
2017-01-24 05:41:43:shell stdout: 
2017-01-24 05:41:44:shell stdout: 
2017-01-24 05:41:44:shell stdout: 
2017-01-24 05:41:44:shell stdout: 
2017-01-24 05:41:44:shell stdout: 
2017-01-24 05:41:44:shell stdout: 
2017-01-24 05:41:45:shell stdout: 
2017-01-24 05:41:45:shell stdout: 
2017-01-24 05:41:45:sending 15 signals using command: 'ssh -T mic1 killall -2 dgemm_check' after 17.3338417762s
2017-01-24 05:41:45:shell stdout: 
2017-01-24 05:41:45:shell stdout: 
2017-01-24 05:41:45:shell stdout: 
2017-01-24 05:41:46:shell stdout: 
2017-01-24 05:41:46:shell stdout: 
2017-01-24 05:41:46:shell stdout: 
2017-01-24 05:41:46:shell stdout: 
2017-01-24 05:41:46:shell stdout: 
2017-01-24 05:41:46:shell stdout: 
2017-01-24 05:41:46:shell stdout: 
2017-01-24 05:41:47:shell stdout: 
2017-01-24 05:41:47:shell stdout: 
2017-01-24 05:41:47:shell stdout: 
2017-01-24 05:41:47:shell stdout: 
2017-01-24 05:41:47:shell stdout: 
2017-01-24 05:41:47:shell stdout: 
2017-01-24 05:41:48:shell stdout: 
2017-01-24 05:41:48:shell stdout: 
2017-01-24 05:41:48:shell stdout: 
2017-01-24 05:41:48:shell stdout: 
2017-01-24 05:41:48:shell stdout: 
2017-01-24 05:41:48:shell stdout: 
2017-01-24 05:41:48:shell stdout: 
2017-01-24 05:41:48:shell stdout: 
2017-01-24 05:41:49:shell stdout: 
2017-01-24 05:41:49:shell stdout: 
2017-01-24 05:41:49:shell stdout: 
2017-01-24 05:41:49:shell stdout: 
2017-01-24 05:41:49:shell stdout: 
2017-01-24 05:41:49:shell stdout: 
2017-01-24 05:41:50:shell stdout: 
2017-01-24 05:41:50:shell stdout: 
2017-01-24 05:41:50:shell stdout: 
2017-01-24 05:41:51:shell stdout: 
2017-01-24 05:41:51:shell stdout: 
2017-01-24 05:41:51:shell stdout: 
2017-01-24 05:42:56:no gdbExecName running, out:
2017-01-24 05:42:56:checCmd:ps -e | grep -i gdb-mic
2017-01-24 05:42:56:finished now-timestampStart < maxWaitTime*5
2017-01-24 05:42:56:now: 1485254567
2017-01-24 05:42:56:timestampStart: 1485254488
2017-01-24 05:42:56:kill cmd: killall -9 gdb-mic
2017-01-24 05:42:56:shell stdout: 
2017-01-24 05:42:57:kill cmd: ssh -T mic1 killall -9 dgemm_check
2017-01-24 05:42:57:shell stdout: 
2017-01-24 05:42:57:kill cmd: ssh -T mic1 killall -9 gdbserver
2017-01-24 05:42:57:shell stdout: 
2017-01-24 05:42:57:kill cmd: ssh -T mic1 killall -9 sshd
2017-01-24 05:42:57:shell stdout: 
