2016-10-30 11:12:19:Initialization strings:
2016-10-30 11:12:20:(1) target extended-remote | ssh -T mic0 gdbserver --multi -
2016-10-30 11:12:20:(2) set sysroot /opt/mpss/3.7/sysroots/k1om-mpss-linux/
2016-10-30 11:12:20:(3) set sysroot /opt/mpss/3.7/sysroots/k1om-mpss-linux/
2016-10-30 11:12:20:(4) file /micNfs/gdb-fault-injection-hotspot/bin/hotspot_check
2016-10-30 11:12:20:(5) set remote exec-file /micNfs/gdb-fault-injection-hotspot/bin/hotspot_check
2016-10-30 11:12:20:(6) set args 1024 1024 2000 228 /micNfs/gdb-fault-injection-hotspot/bin/temp_1024 /micNfs/gdb-fault-injection-hotspot/bin/power_1024 /micNfs/gdb-fault-injection-hotspot/bin/GOLD_1024-2000-228
2016-10-30 11:12:21:Trying Fault Injection
2016-10-30 11:12:21:Backtrace BEGIN:
2016-10-30 11:12:21:#0  __GI___isoc99_vsscanf (string=0x7fffffffe77a "328.414615\n", format=0x407198 "%f", args=args@entry=0x7fffffffe528) at isoc99_vsscanf.c:33
#1  0x00007ffff7136569 in __isoc99_sscanf (s=<optimized out>, format=<optimized out>) at isoc99_sscanf.c:31
#2  0x0000000000401744 in read_input (vect=<optimized out>, grid_rows=<optimized out>, grid_cols=-160649200, file=<optimized out>) at hotspot_check.c:206
#3  main (argc=-6278, argv=0x407198) at hotspot_check.c:264

2016-10-30 11:12:21:28	in isoc99_vsscanf.c

2016-10-30 11:12:21:Backtrace END
2016-10-30 11:12:21:Type: The type is an array.
2016-10-30 11:12:21:Type sizeof: 24
2016-10-30 11:12:21:Fliping array at pos: 0
2016-10-30 11:12:21:Type: The type is a structure.
2016-10-30 11:12:21:Type sizeof: 24
2016-10-30 11:12:21:Fliping value of field: fp_offset
2016-10-30 11:12:21:Type: The type is an integer type.
2016-10-30 11:12:21:Type sizeof: 4
2016-10-30 11:12:21:Mem contents(hex):0x300x000x000x00
2016-10-30 11:12:21:base address to flip value: 0x7fffffffe52c
2016-10-30 11:12:21:address max offset: 4
2016-10-30 11:12:21:Memory content before bitflip:0x300x000x000x00
2016-10-30 11:12:21:Memory content after  bitflip:0x300x000x200x00
2016-10-30 11:12:21:Mem contents(hex):0x300x000x200x00
2016-10-30 11:12:21:frame name: __isoc99_sscanf
2016-10-30 11:12:21:symbol name: arg
2016-10-30 11:12:21:symbol filename: isoc99_sscanf.c
2016-10-30 11:12:21:symbol line: 27
2016-10-30 11:12:21:value: {{gp_offset = 16, fp_offset = 2097200, overflow_arg_area = 0x7fffffffe600, reg_save_area = 0x7fffffffe540}}
2016-10-30 11:12:21:value address: 0x7fffffffe528
2016-10-30 11:12:21:Type: The type is an array.
2016-10-30 11:12:21:Type sizeof: 24
2016-10-30 11:12:21:Fault Injection Successful after 1.26840901375s
2016-10-30 11:12:21:Fault Already Injected
2016-10-30 11:12:23:Fault Already Injected
2016-10-30 11:12:23:Fault Already Injected
2016-10-30 11:12:24:Fault Already Injected
2016-10-30 11:12:27:Fault Already Injected
2016-10-30 11:12:28:Fault Already Injected
2016-10-30 11:12:28:Fault Already Injected
2016-10-30 11:12:30:Fault Already Injected
2016-10-30 11:12:34:Fault Already Injected
2016-10-30 11:12:35:event type: exit
2016-10-30 11:12:35:exit code: 0
