2017-01-23 14:49:56:shell stdout: 
2017-01-23 14:49:57:shell stdout: 
2017-01-23 14:49:57:shell stdout: 
2017-01-23 14:49:57:shell stdout: 
2017-01-23 14:49:57:shell stdout: 
2017-01-23 14:49:57:Starting GDB script
2017-01-23 14:49:57:initSignal:4.0
2017-01-23 14:49:57:endSignal:6.0
2017-01-23 14:49:57:seqSignal:30
2017-01-23 14:50:02:sending 30 signals using command: 'ssh -T mic0 killall -2 lud_check' after 4.78278761985s
2017-01-23 14:50:02:sending 30 signals using command: 'ssh -T mic0 killall -2 lud_check' after 5.22712458638s
2017-01-23 14:50:03:sending 30 signals using command: 'ssh -T mic0 killall -2 lud_check' after 5.66672168965s
2017-01-23 14:50:03:shell stdout: 
2017-01-23 14:50:03:shell stdout: 
2017-01-23 14:50:03:shell stdout: 
2017-01-23 14:50:03:shell stdout: 
2017-01-23 14:50:04:shell stdout: 
2017-01-23 14:50:04:shell stdout: 
2017-01-23 14:50:04:shell stdout: 
2017-01-23 14:50:04:shell stdout: 
2017-01-23 14:50:04:shell stdout: 
2017-01-23 14:50:04:shell stdout: 
2017-01-23 14:50:04:shell stdout: 
2017-01-23 14:50:05:shell stdout: 
2017-01-23 14:50:05:shell stdout: 
2017-01-23 14:50:05:shell stdout: 
2017-01-23 14:50:05:shell stdout: 
2017-01-23 14:50:05:shell stdout: 
2017-01-23 14:50:05:shell stdout: 
2017-01-23 14:50:06:shell stdout: 
2017-01-23 14:50:06:shell stdout: 
2017-01-23 14:50:06:shell stdout: 
2017-01-23 14:50:06:shell stdout: 
2017-01-23 14:50:06:shell stdout: 
2017-01-23 14:50:06:shell stdout: 
2017-01-23 14:50:06:shell stdout: 
2017-01-23 14:50:06:shell stdout: 
2017-01-23 14:50:07:shell stdout: 
2017-01-23 14:50:07:shell stdout: 
2017-01-23 14:50:07:shell stdout: 
2017-01-23 14:50:07:shell stdout: 
2017-01-23 14:50:07:shell stdout: 
2017-01-23 14:50:07:shell stdout: 
2017-01-23 14:50:07:shell stdout: 
2017-01-23 14:50:08:shell stdout: 
2017-01-23 14:50:08:shell stdout: 
2017-01-23 14:50:08:shell stdout: 
2017-01-23 14:50:08:shell stdout: 
2017-01-23 14:50:08:shell stdout: 
2017-01-23 14:50:08:shell stdout: 
2017-01-23 14:50:09:shell stdout: 
2017-01-23 14:50:09:shell stdout: 
2017-01-23 14:50:09:shell stdout: 
2017-01-23 14:50:09:shell stdout: 
2017-01-23 14:50:09:shell stdout: 
2017-01-23 14:50:10:shell stdout: 
2017-01-23 14:50:10:shell stdout: 
2017-01-23 14:50:10:shell stdout: 
2017-01-23 14:50:10:shell stdout: 
2017-01-23 14:50:11:shell stdout: 
2017-01-23 14:50:11:shell stdout: 
2017-01-23 14:50:11:shell stdout: 
2017-01-23 14:50:11:shell stdout: 
2017-01-23 14:50:11:shell stdout: 
2017-01-23 14:50:11:shell stdout: 
2017-01-23 14:50:11:shell stdout: 
2017-01-23 14:50:11:shell stdout: 
2017-01-23 14:50:11:shell stdout: 
2017-01-23 14:50:12:shell stdout: 
2017-01-23 14:50:12:shell stdout: 
2017-01-23 14:50:12:shell stdout: 
2017-01-23 14:50:12:shell stdout: 
2017-01-23 14:50:12:shell stdout: 
2017-01-23 14:50:12:shell stdout: 
2017-01-23 14:50:13:shell stdout: 
2017-01-23 14:50:13:shell stdout: 
2017-01-23 14:50:13:shell stdout: 
2017-01-23 14:50:13:shell stdout: 
2017-01-23 14:50:13:shell stdout: 
2017-01-23 14:50:13:shell stdout: 
2017-01-23 14:50:14:shell stdout: 
2017-01-23 14:50:14:shell stdout: 
2017-01-23 14:50:14:shell stdout: 
2017-01-23 14:50:14:shell stdout: 
2017-01-23 14:50:14:shell stdout: 
2017-01-23 14:50:14:shell stdout: 
2017-01-23 14:50:14:shell stdout: 
2017-01-23 14:50:14:shell stdout: 
2017-01-23 14:50:14:shell stdout: 
2017-01-23 14:50:15:shell stdout: 
2017-01-23 14:50:15:shell stdout: 
2017-01-23 14:50:15:shell stdout: 
2017-01-23 14:50:15:shell stdout: 
2017-01-23 14:50:15:shell stdout: 
2017-01-23 14:50:15:shell stdout: 
2017-01-23 14:50:16:shell stdout: 
2017-01-23 14:50:16:shell stdout: 
2017-01-23 14:50:16:shell stdout: 
2017-01-23 14:50:16:shell stdout: 
2017-01-23 14:50:16:shell stdout: 
2017-01-23 14:50:16:shell stdout: 
2017-01-23 14:50:16:no gdbExecName running, out:
2017-01-23 14:50:16:checCmd:ps -e | grep -i gdb-mic
2017-01-23 14:50:16:finished now-timestampStart < maxWaitTime*5
2017-01-23 14:50:16:now: 1485201015
2017-01-23 14:50:16:timestampStart: 1485200997
2017-01-23 14:50:16:kill cmd: killall -9 gdb-mic
2017-01-23 14:50:16:shell stdout: 
2017-01-23 14:50:17:shell stdout: 
2017-01-23 14:50:17:kill cmd: ssh -T mic0 killall -9 lud_check
2017-01-23 14:50:17:shell stdout: 
2017-01-23 14:50:17:kill cmd: ssh -T mic0 killall -9 gdbserver
2017-01-23 14:50:17:shell stdout: 
2017-01-23 14:50:17:kill cmd: ssh -T mic0 killall -9 sshd
2017-01-23 14:50:17:shell stdout: 
