2016-11-01 19:43:40:Starting GDB script
2016-11-01 19:43:42:sending signal using command: 'ssh -T mic0 killall -2 hotspot_check' after 1.24269046085s
2016-11-01 19:43:42:shell stdout: 
2016-11-01 19:43:43:sending signal using command: 'ssh -T mic0 killall -2 hotspot_check' after 2.15981356335s
2016-11-01 19:43:43:shell stdout: 
2016-11-01 19:43:46:sending signal using command: 'ssh -T mic0 killall -2 hotspot_check' after 5.18253995789s
2016-11-01 19:43:46:shell stdout: 
2016-11-01 19:43:49:sending signal using command: 'ssh -T mic0 killall -2 hotspot_check' after 8.26933378355s
2016-11-01 19:43:49:shell stdout: 
2016-11-01 19:43:50:sending signal using command: 'ssh -T mic0 killall -2 hotspot_check' after 8.92172282226s
2016-11-01 19:43:50:shell stdout: 
2016-11-01 19:43:51:sending signal using command: 'ssh -T mic0 killall -2 hotspot_check' after 10.0807983504s
2016-11-01 19:43:51:shell stdout: 
2016-11-01 19:43:52:sending signal using command: 'ssh -T mic0 killall -2 hotspot_check' after 10.9789414866s
2016-11-01 19:43:52:shell stdout: 
2016-11-01 19:43:54:sending signal using command: 'ssh -T mic0 killall -2 hotspot_check' after 12.976319739s
2016-11-01 19:43:54:shell stdout: 
2016-11-01 19:43:54:sending signal using command: 'ssh -T mic0 killall -2 hotspot_check' after 13.3017025771s
2016-11-01 19:43:54:shell stdout: 
2016-11-01 19:43:54:sending signal using command: 'ssh -T mic0 killall -2 hotspot_check' after 13.4909553867s
2016-11-01 19:43:54:shell stdout: 
2016-11-01 19:44:02:no gdbExecName running, out:
2016-11-01 19:44:02:checCmd:ps -e | grep -i gdb-mic
2016-11-01 19:44:02:finished now-timestampStart < maxWaitTime*5
2016-11-01 19:44:02:now: 1478043841
2016-11-01 19:44:02:timestampStart: 1478043820
2016-11-01 19:44:02:kill cmd: killall -9 gdb-mic
2016-11-01 19:44:02:shell stdout: 
2016-11-01 19:44:02:kill cmd: ssh -T mic0 killall -9 hotspot_check
2016-11-01 19:44:02:shell stdout: 
2016-11-01 19:44:03:kill cmd: ssh -T mic0 killall -9 gdbserver
2016-11-01 19:44:03:shell stdout: 
