2017-02-22 00:17:50:Starting GDB script
2017-02-22 00:17:50:initSignal:12.0
2017-02-22 00:17:50:endSignal:17.0
2017-02-22 00:17:50:seqSignal:30
2017-02-22 00:18:05:sending 30 signals using command: 'ssh -T mic0 killall -2 needle_check' after 14.1976798627s
2017-02-22 00:18:05:shell stdout: 
2017-02-22 00:18:05:shell stdout: 
2017-02-22 00:18:06:shell stdout: 
2017-02-22 00:18:06:shell stdout: 
2017-02-22 00:18:06:sending 30 signals using command: 'ssh -T mic0 killall -2 needle_check' after 16.0635798378s
2017-02-22 00:18:06:shell stdout: 
2017-02-22 00:18:07:sending 30 signals using command: 'ssh -T mic0 killall -2 needle_check' after 16.4175075692s
2017-02-22 00:18:07:shell stdout: 
2017-02-22 00:18:07:shell stdout: 
2017-02-22 00:18:07:shell stdout: 
2017-02-22 00:18:07:shell stdout: 
2017-02-22 00:18:07:shell stdout: 
2017-02-22 00:18:08:shell stdout: 
2017-02-22 00:18:08:shell stdout: 
2017-02-22 00:18:08:shell stdout: 
2017-02-22 00:18:08:shell stdout: 
2017-02-22 00:18:08:shell stdout: 
2017-02-22 00:18:08:shell stdout: 
2017-02-22 00:18:08:shell stdout: 
2017-02-22 00:18:08:shell stdout: 
2017-02-22 00:18:08:shell stdout: 
2017-02-22 00:18:09:shell stdout: 
2017-02-22 00:18:09:shell stdout: 
2017-02-22 00:18:09:shell stdout: 
2017-02-22 00:18:09:shell stdout: 
2017-02-22 00:18:09:shell stdout: 
2017-02-22 00:18:09:shell stdout: 
2017-02-22 00:18:10:shell stdout: 
2017-02-22 00:18:10:shell stdout: 
2017-02-22 00:18:10:shell stdout: 
2017-02-22 00:18:10:shell stdout: 
2017-02-22 00:18:10:shell stdout: 
2017-02-22 00:18:10:shell stdout: 
2017-02-22 00:18:10:shell stdout: 
2017-02-22 00:18:11:shell stdout: 
2017-02-22 00:18:11:shell stdout: 
2017-02-22 00:18:11:shell stdout: 
2017-02-22 00:18:11:shell stdout: 
2017-02-22 00:18:11:shell stdout: 
2017-02-22 00:18:11:shell stdout: 
2017-02-22 00:18:11:shell stdout: 
2017-02-22 00:18:11:shell stdout: 
2017-02-22 00:18:12:shell stdout: 
2017-02-22 00:18:12:shell stdout: 
2017-02-22 00:18:12:shell stdout: 
2017-02-22 00:18:12:shell stdout: 
2017-02-22 00:18:12:shell stdout: 
2017-02-22 00:18:12:shell stdout: 
2017-02-22 00:18:13:shell stdout: 
2017-02-22 00:18:13:shell stdout: 
2017-02-22 00:18:13:shell stdout: 
2017-02-22 00:18:13:shell stdout: 
2017-02-22 00:18:13:shell stdout: 
2017-02-22 00:18:13:shell stdout: 
2017-02-22 00:18:13:shell stdout: 
2017-02-22 00:18:13:shell stdout: 
2017-02-22 00:18:13:shell stdout: 
2017-02-22 00:18:14:shell stdout: 
2017-02-22 00:18:14:shell stdout: 
2017-02-22 00:18:14:shell stdout: 
2017-02-22 00:18:14:shell stdout: 
2017-02-22 00:18:14:shell stdout: 
2017-02-22 00:18:14:shell stdout: 
2017-02-22 00:18:15:shell stdout: 
2017-02-22 00:18:15:shell stdout: 
2017-02-22 00:18:15:shell stdout: 
2017-02-22 00:18:15:shell stdout: 
2017-02-22 00:18:15:shell stdout: 
2017-02-22 00:18:15:shell stdout: 
2017-02-22 00:18:15:shell stdout: 
2017-02-22 00:18:16:shell stdout: 
2017-02-22 00:18:16:shell stdout: 
2017-02-22 00:18:16:shell stdout: 
2017-02-22 00:18:16:shell stdout: 
2017-02-22 00:18:16:shell stdout: 
2017-02-22 00:18:16:shell stdout: 
2017-02-22 00:18:16:shell stdout: 
2017-02-22 00:18:16:shell stdout: 
2017-02-22 00:18:17:shell stdout: 
2017-02-22 00:18:17:shell stdout: 
2017-02-22 00:18:17:shell stdout: 
2017-02-22 00:18:17:shell stdout: 
2017-02-22 00:18:17:shell stdout: 
2017-02-22 00:18:18:shell stdout: 
2017-02-22 00:18:18:shell stdout: 
2017-02-22 00:18:18:shell stdout: 
2017-02-22 00:18:18:shell stdout: 
2017-02-22 00:18:18:shell stdout: 
2017-02-22 00:18:18:shell stdout: 
2017-02-22 00:18:19:shell stdout: 
2017-02-22 00:18:19:shell stdout: 
2017-02-22 00:18:19:shell stdout: 
2017-02-22 00:19:15:finished due now-timestampStart > maxWaitTime*5
2017-02-22 00:19:15:now: 1487740755
2017-02-22 00:19:15:timestampStart: 1487740670
2017-02-22 00:19:15:kill cmd: killall -9 gdb-mic
2017-02-22 00:19:15:shell stdout: 
2017-02-22 00:19:16:kill cmd: ssh -T mic0 killall -9 needle_check
2017-02-22 00:19:16:shell stdout: 
2017-02-22 00:19:16:kill cmd: ssh -T mic0 killall -9 gdbserver
2017-02-22 00:19:16:shell stdout: 
2017-02-22 00:19:17:kill cmd: ssh -T mic0 killall -9 sshd
2017-02-22 00:19:17:shell stdout: 
