2016-10-31 10:57:31:Starting GDB script
2016-10-31 10:57:31:sending signal using command: 'ssh -T mic0 killall -2 lud_check' after 0.129608819818s
2016-10-31 10:57:31:shell stdout: 
2016-10-31 10:57:31:sending signal using command: 'ssh -T mic0 killall -2 lud_check' after 0.393142817388s
2016-10-31 10:57:31:shell stdout: 
2016-10-31 10:57:31:sending signal using command: 'ssh -T mic0 killall -2 lud_check' after 0.398130704528s
2016-10-31 10:57:31:shell stdout: 
2016-10-31 10:57:32:sending signal using command: 'ssh -T mic0 killall -2 lud_check' after 0.704018664012s
2016-10-31 10:57:32:shell stdout: 
2016-10-31 10:57:32:sending signal using command: 'ssh -T mic0 killall -2 lud_check' after 0.869116125682s
2016-10-31 10:57:32:shell stdout: 
2016-10-31 10:57:32:sending signal using command: 'ssh -T mic0 killall -2 lud_check' after 1.45216850209s
2016-10-31 10:57:32:shell stdout: 
2016-10-31 10:57:34:sending signal using command: 'ssh -T mic0 killall -2 lud_check' after 3.42536352553s
2016-10-31 10:57:34:shell stdout: 
2016-10-31 10:57:35:sending signal using command: 'ssh -T mic0 killall -2 lud_check' after 3.75268844071s
2016-10-31 10:57:35:shell stdout: 
2016-10-31 10:57:36:sending signal using command: 'ssh -T mic0 killall -2 lud_check' after 5.25346323019s
2016-10-31 10:57:36:shell stdout: 
2016-10-31 10:57:38:sending signal using command: 'ssh -T mic0 killall -2 lud_check' after 6.89244398911s
2016-10-31 10:57:38:shell stdout: 
2016-10-31 10:57:38:no gdbExecName running, out:
2016-10-31 10:57:38:checCmd:ps -e | grep -i gdb-mic
2016-10-31 10:57:38:finished now-timestampStart < maxWaitTime*5
2016-10-31 10:57:38:now: 1477925858
2016-10-31 10:57:38:timestampStart: 1477925851
2016-10-31 10:57:38:kill cmd: killall -9 gdb-mic
2016-10-31 10:57:38:shell stdout: 
2016-10-31 10:57:38:kill cmd: ssh -T mic0 killall -9 lud_check
2016-10-31 10:57:38:shell stdout: 
2016-10-31 10:57:39:kill cmd: ssh -T mic0 killall -9 gdbserver
2016-10-31 10:57:39:shell stdout: 
2016-10-31 10:57:39:kill cmd: ssh -T mic0 killall -9 sshd
2016-10-31 10:57:39:shell stdout: 
