2016-11-01 22:44:26:Starting GDB script
2016-11-01 22:44:30:sending signal using command: 'ssh -T mic0 killall -2 needle_check' after 3.89437397061s
2016-11-01 22:44:30:shell stdout: 
2016-11-01 22:44:34:sending signal using command: 'ssh -T mic0 killall -2 needle_check' after 8.05058009014s
2016-11-01 22:44:34:shell stdout: 
2016-11-01 22:44:37:sending signal using command: 'ssh -T mic0 killall -2 needle_check' after 11.3062624274s
2016-11-01 22:44:37:shell stdout: 
2016-11-01 22:44:40:sending signal using command: 'ssh -T mic0 killall -2 needle_check' after 13.4969256256s
2016-11-01 22:44:40:shell stdout: 
2016-11-01 22:44:41:sending signal using command: 'ssh -T mic0 killall -2 needle_check' after 14.2682590665s
2016-11-01 22:44:41:shell stdout: 
2016-11-01 22:44:41:sending signal using command: 'ssh -T mic0 killall -2 needle_check' after 15.0422818203s
2016-11-01 22:44:41:shell stdout: 
2016-11-01 22:44:42:sending signal using command: 'ssh -T mic0 killall -2 needle_check' after 15.9232723305s
2016-11-01 22:44:42:shell stdout: 
2016-11-01 22:44:42:sending signal using command: 'ssh -T mic0 killall -2 needle_check' after 16.0273914802s
2016-11-01 22:44:42:shell stdout: 
2016-11-01 22:44:42:sending signal using command: 'ssh -T mic0 killall -2 needle_check' after 16.1211442149s
2016-11-01 22:44:42:shell stdout: 
2016-11-01 22:44:42:sending signal using command: 'ssh -T mic0 killall -2 needle_check' after 16.3404317254s
2016-11-01 22:44:42:shell stdout: 
2016-11-01 22:44:47:no gdbExecName running, out:
2016-11-01 22:44:47:checCmd:ps -e | grep -i gdb-mic
2016-11-01 22:44:47:finished now-timestampStart < maxWaitTime*5
2016-11-01 22:44:47:now: 1478054686
2016-11-01 22:44:47:timestampStart: 1478054666
2016-11-01 22:44:47:kill cmd: killall -9 gdb-mic
2016-11-01 22:44:47:shell stdout: 
2016-11-01 22:44:47:kill cmd: ssh -T mic0 killall -9 needle_check
2016-11-01 22:44:47:shell stdout: 
2016-11-01 22:44:48:kill cmd: ssh -T mic0 killall -9 gdbserver
2016-11-01 22:44:48:shell stdout: 
2016-11-01 22:44:48:kill cmd: ssh -T mic0 killall -9 sshd
2016-11-01 22:44:48:shell stdout: 
