2016-10-26 20:18:08:Initialization strings:
2016-10-26 20:18:08:(1) target extended-remote | ssh -T mic0 gdbserver --multi -
2016-10-26 20:18:08:(2) set sysroot /opt/mpss/3.7/sysroots/k1om-mpss-linux/
2016-10-26 20:18:08:(3) set sysroot /opt/mpss/3.7/sysroots/k1om-mpss-linux/
2016-10-26 20:18:08:(4) file /micNfs/gdb-fault-injection-hotspot/bin/hotspot_check
2016-10-26 20:18:08:(5) set remote exec-file /micNfs/gdb-fault-injection-hotspot/bin/hotspot_check
2016-10-26 20:18:08:(6) set args 1024 1024 2000 228 /micNfs/gdb-fault-injection-hotspot/bin/temp_1024 /micNfs/gdb-fault-injection-hotspot/bin/power_1024 /micNfs/gdb-fault-injection-hotspot/bin/GOLD_1024-2000-228
2016-10-26 20:18:08:Trying Fault Injection
2016-10-26 20:18:08:Backtrace BEGIN:
2016-10-26 20:18:08:#0  __GI__dl_debug_state () at dl-debug.c:74
#1  0x00007ffff7ddfe9b in dl_main (phdr=<optimized out>, phnum=<optimized out>, user_entry=<optimized out>, auxv=<optimized out>) at rtld.c:1462
#2  0x00007ffff7df2548 in _dl_sysdep_start (start_argptr=start_argptr@entry=0x7fffffffebe0, dl_main=dl_main@entry=0x7ffff7dde840 <dl_main>) at ../elf/dl-sysdep.c:249
#3  0x00007ffff7de1c6a in _dl_start_final (arg=0x7fffffffebe0) at rtld.c:308
#4  _dl_start (arg=0x7fffffffebe0) at rtld.c:414
#5  0x00007ffff7dddbc8 in _start () from /opt/mpss/3.7/sysroots/k1om-mpss-linux/lib64/ld-linux-k1om.so.2
#6  0x0000000000000008 in ?? ()
#7  0x00007fffffffede9 in ?? ()
#8  0x00007fffffffee1f in ?? ()
#9  0x00007fffffffee24 in ?? ()
#10 0x00007fffffffee29 in ?? ()
#11 0x00007fffffffee2e in ?? ()
#12 0x00007fffffffee32 in ?? ()
#13 0x00007fffffffee64 in ?? ()
#14 0x00007fffffffee97 in ?? ()
#15 0x0000000000000000 in ?? ()

2016-10-26 20:18:08:69	in dl-debug.c

2016-10-26 20:18:08:Backtrace END
2016-10-26 20:18:08:Type: The type is an array.
2016-10-26 20:18:08:Type sizeof: 19
2016-10-26 20:18:08:Fliping array at pos: 0
2016-10-26 20:18:08:Type: The type is an integer type.
2016-10-26 20:18:08:Type sizeof: 1
2016-10-26 20:18:08:Mem contents(hex):0x2f
2016-10-26 20:18:08:base address to flip value: 0x7ffff7df99f0  
2016-10-26 20:18:08:address max offset: 1
2016-10-26 20:18:08:Memory content before bitflip:0x2f
2016-10-26 20:18:08:Memory content after  bitflip:0x3f
2016-10-26 20:18:08:Mem contents(hex):0x3f
2016-10-26 20:18:08:frame name: dl_main
2016-10-26 20:18:08:symbol name: preload_file
2016-10-26 20:18:08:symbol filename: rtld.c
2016-10-26 20:18:08:symbol line: 1516
2016-10-26 20:18:08:value: "?etc/ld.so.preload"
2016-10-26 20:18:08:value address: 0x7ffff7df99f0 <preload_file>
2016-10-26 20:18:08:Type: The type is an array.
2016-10-26 20:18:08:Type sizeof: 19
2016-10-26 20:18:08:Field name: None
2016-10-26 20:18:08:Field Type:
2016-10-26 20:18:08:Type: A range type, that is, an integer type with bounds.
2016-10-26 20:18:08:Type sizeof: 8
2016-10-26 20:18:08:Type range: (0L, 18L)
2016-10-26 20:18:08:Fault Injection Successful after 0.74830698967s
2016-10-26 20:18:08:Fault Already Injected
2016-10-26 20:18:09:Fault Already Injected
2016-10-26 20:18:10:Fault Already Injected
2016-10-26 20:18:10:Fault Already Injected
2016-10-26 20:18:10:Fault Already Injected
2016-10-26 20:18:15:Fault Already Injected
2016-10-26 20:18:18:Fault Already Injected
2016-10-26 20:18:18:Fault Already Injected
2016-10-26 20:18:21:Fault Already Injected
2016-10-26 20:18:23:event type: exit
2016-10-26 20:18:23:exit code: 0
