2017-01-09 19:43:32:Starting GDB script
2017-01-09 19:43:32:initSignal:7.0
2017-01-09 19:43:32:endSignal:14.0
2017-01-09 19:43:32:seqSignal:15
2017-01-09 19:43:40:sending 15 signals using command: 'ssh -T mic1 killall -2 dgemm_check' after 8.52935086966s
2017-01-09 19:43:41:shell stdout: 
2017-01-09 19:43:42:shell stdout: 
2017-01-09 19:43:42:shell stdout: 
2017-01-09 19:43:42:shell stdout: 
2017-01-09 19:43:43:sending 15 signals using command: 'ssh -T mic1 killall -2 dgemm_check' after 10.9082065373s
2017-01-09 19:43:43:shell stdout: 
2017-01-09 19:43:43:shell stdout: 
2017-01-09 19:43:43:shell stdout: 
2017-01-09 19:43:44:shell stdout: 
2017-01-09 19:43:44:shell stdout: 
2017-01-09 19:43:44:shell stdout: 
2017-01-09 19:43:44:shell stdout: 
2017-01-09 19:43:44:sending 15 signals using command: 'ssh -T mic1 killall -2 dgemm_check' after 12.2908743429s
2017-01-09 19:43:45:shell stdout: 
2017-01-09 19:43:45:shell stdout: 
2017-01-09 19:43:45:shell stdout: 
2017-01-09 19:43:45:shell stdout: 
2017-01-09 19:43:45:shell stdout: 
2017-01-09 19:43:45:shell stdout: 
2017-01-09 19:43:45:shell stdout: 
2017-01-09 19:43:46:shell stdout: 
2017-01-09 19:43:46:shell stdout: 
2017-01-09 19:43:46:shell stdout: 
2017-01-09 19:43:46:shell stdout: 
2017-01-09 19:43:46:shell stdout: 
2017-01-09 19:43:46:shell stdout: 
2017-01-09 19:43:46:shell stdout: 
2017-01-09 19:43:46:shell stdout: 
2017-01-09 19:43:47:shell stdout: 
2017-01-09 19:43:47:shell stdout: 
2017-01-09 19:43:47:shell stdout: 
2017-01-09 19:43:47:shell stdout: 
2017-01-09 19:43:47:shell stdout: 
2017-01-09 19:43:47:shell stdout: 
2017-01-09 19:43:48:shell stdout: 
2017-01-09 19:43:48:shell stdout: 
2017-01-09 19:43:48:shell stdout: 
2017-01-09 19:43:48:shell stdout: 
2017-01-09 19:43:48:shell stdout: 
2017-01-09 19:43:49:shell stdout: 
2017-01-09 19:43:49:shell stdout: 
2017-01-09 19:43:49:shell stdout: 
2017-01-09 19:43:49:shell stdout: 
2017-01-09 19:43:49:shell stdout: 
2017-01-09 19:43:50:shell stdout: 
2017-01-09 19:43:50:shell stdout: 
2017-01-09 19:43:51:shell stdout: 
2017-01-09 19:47:13:no gdbExecName running, out:
2017-01-09 19:47:13:checCmd:ps -e | grep -i gdb-mic
2017-01-09 19:47:13:finished now-timestampStart < maxWaitTime*5
2017-01-09 19:47:13:now: 1484009224
2017-01-09 19:47:13:timestampStart: 1484009012
2017-01-09 19:47:13:kill cmd: killall -9 gdb-mic
2017-01-09 19:47:13:shell stdout: 
2017-01-09 19:47:13:kill cmd: ssh -T mic1 killall -9 dgemm_check
2017-01-09 19:47:13:shell stdout: 
2017-01-09 19:47:14:kill cmd: ssh -T mic1 killall -9 gdbserver
2017-01-09 19:47:14:shell stdout: 
2017-01-09 19:47:14:kill cmd: ssh -T mic1 killall -9 sshd
2017-01-09 19:47:14:shell stdout: 
