2017-01-11 13:39:26:Starting GDB script
2017-01-11 13:39:26:initSignal:4.0
2017-01-11 13:39:26:endSignal:8.0
2017-01-11 13:39:26:seqSignal:30
2017-01-11 13:39:31:sending 30 signals using command: 'ssh -T mic0 killall -2 needle_check' after 5.49662905272s
2017-01-11 13:39:32:shell stdout: 
2017-01-11 13:39:32:shell stdout: 
2017-01-11 13:39:32:sending 30 signals using command: 'ssh -T mic0 killall -2 needle_check' after 6.33123258643s
2017-01-11 13:39:32:shell stdout: 
2017-01-11 13:39:32:shell stdout: 
2017-01-11 13:39:33:shell stdout: 
2017-01-11 13:39:33:shell stdout: 
2017-01-11 13:39:33:shell stdout: 
2017-01-11 13:39:33:sending 30 signals using command: 'ssh -T mic0 killall -2 needle_check' after 7.51517376964s
2017-01-11 13:39:33:shell stdout: 
2017-01-11 13:39:34:shell stdout: 
2017-01-11 13:39:34:shell stdout: 
2017-01-11 13:39:34:shell stdout: 
2017-01-11 13:39:34:shell stdout: 
2017-01-11 13:39:34:shell stdout: 
2017-01-11 13:39:34:shell stdout: 
2017-01-11 13:39:34:shell stdout: 
2017-01-11 13:39:35:shell stdout: 
2017-01-11 13:39:35:shell stdout: 
2017-01-11 13:39:35:shell stdout: 
2017-01-11 13:39:35:shell stdout: 
2017-01-11 13:39:35:shell stdout: 
2017-01-11 13:39:35:shell stdout: 
2017-01-11 13:39:35:shell stdout: 
2017-01-11 13:39:35:shell stdout: 
2017-01-11 13:39:36:shell stdout: 
2017-01-11 13:39:36:shell stdout: 
2017-01-11 13:39:36:shell stdout: 
2017-01-11 13:39:36:shell stdout: 
2017-01-11 13:39:36:shell stdout: 
2017-01-11 13:39:36:shell stdout: 
2017-01-11 13:39:37:shell stdout: 
2017-01-11 13:39:37:shell stdout: 
2017-01-11 13:39:37:shell stdout: 
2017-01-11 13:39:37:shell stdout: 
2017-01-11 13:39:37:shell stdout: 
2017-01-11 13:39:37:shell stdout: 
2017-01-11 13:39:37:shell stdout: 
2017-01-11 13:39:37:shell stdout: 
2017-01-11 13:39:38:shell stdout: 
2017-01-11 13:39:38:no gdbExecName running, out:
2017-01-11 13:39:38:checCmd:ps -e | grep -i gdb-mic
2017-01-11 13:39:38:finished now-timestampStart < maxWaitTime*5
2017-01-11 13:39:38:now: 1484159976
2017-01-11 13:39:38:timestampStart: 1484159966
2017-01-11 13:39:38:shell stdout: 
2017-01-11 13:39:38:kill cmd: killall -9 gdb-mic
2017-01-11 13:39:38:shell stdout: 
2017-01-11 13:39:38:shell stdout: 
2017-01-11 13:39:38:shell stdout: 
2017-01-11 13:39:38:kill cmd: ssh -T mic0 killall -9 needle_check
2017-01-11 13:39:38:shell stdout: 
2017-01-11 13:39:38:shell stdout: 
2017-01-11 13:39:38:shell stdout: 
2017-01-11 13:39:38:shell stdout: 
2017-01-11 13:39:39:kill cmd: ssh -T mic0 killall -9 gdbserver
2017-01-11 13:39:39:shell stdout: 
2017-01-11 13:39:39:shell stdout: 
2017-01-11 13:39:39:shell stdout: 
2017-01-11 13:39:39:shell stdout: 
2017-01-11 13:39:39:shell stdout: 
2017-01-11 13:39:39:kill cmd: ssh -T mic0 killall -9 sshd
2017-01-11 13:39:39:shell stdout: 
