2016-10-27 23:23:26:Starting GDB script
2016-10-27 23:23:27:sending signal using command: 'ssh -T mic0 killall -2 lavamd' after 0.340970357005s
2016-10-27 23:23:27:shell stdout: 
2016-10-27 23:23:30:sending signal using command: 'ssh -T mic0 killall -2 lavamd' after 2.54294628007s
2016-10-27 23:23:30:shell stdout: 
2016-10-27 23:23:32:sending signal using command: 'ssh -T mic0 killall -2 lavamd' after 4.09677938049s
2016-10-27 23:23:32:shell stdout: 
2016-10-27 23:23:32:sending signal using command: 'ssh -T mic0 killall -2 lavamd' after 4.96907021366s
2016-10-27 23:23:32:shell stdout: 
2016-10-27 23:23:32:sending signal using command: 'ssh -T mic0 killall -2 lavamd' after 5.45583396124s
2016-10-27 23:23:32:shell stdout: 
2016-10-27 23:23:33:sending signal using command: 'ssh -T mic0 killall -2 lavamd' after 5.66871096142s
2016-10-27 23:23:33:shell stdout: 
2016-10-27 23:23:35:sending signal using command: 'ssh -T mic0 killall -2 lavamd' after 8.14719711443s
2016-10-27 23:23:35:shell stdout: 
2016-10-27 23:23:35:sending signal using command: 'ssh -T mic0 killall -2 lavamd' after 8.31195585449s
2016-10-27 23:23:35:shell stdout: 
2016-10-27 23:23:35:sending signal using command: 'ssh -T mic0 killall -2 lavamd' after 8.38127498201s
2016-10-27 23:23:35:shell stdout: 
2016-10-27 23:23:36:sending signal using command: 'ssh -T mic0 killall -2 lavamd' after 9.1889594228s
2016-10-27 23:23:36:shell stdout: 
2016-10-27 23:23:43:no gdbExecName running, out:
2016-10-27 23:23:43:checCmd:ps -e | grep -i gdb-mic
2016-10-27 23:23:43:finished now-timestampStart < maxWaitTime*5
2016-10-27 23:23:43:now: 1477625022
2016-10-27 23:23:43:timestampStart: 1477625006
2016-10-27 23:23:43:kill cmd: killall -9 gdb-mic
2016-10-27 23:23:43:shell stdout: 
2016-10-27 23:23:44:kill cmd: ssh -T mic0 killall -9 lavamd
2016-10-27 23:23:44:shell stdout: 
2016-10-27 23:23:44:kill cmd: ssh -T mic0 killall -9 gdbserver
2016-10-27 23:23:44:shell stdout: 
2016-10-27 23:23:45:kill cmd: ssh -T mic0 killall -9 sshd
2016-10-27 23:23:45:shell stdout: 
