[INFO -- 2017-03-25 01:30:56]
Starting GDB script
[INFO -- 2017-03-25 01:30:56]
initSignal:0.0
[INFO -- 2017-03-25 01:30:56]
endSignal:3.0
[INFO -- 2017-03-25 01:30:56]
seqSignal:30
[INFO -- 2017-03-25 01:30:57]
sending 30 signals using command: 'ssh -T mic1 killall -2 lavamd_check' after 1.07358254656s
[INFO -- 2017-03-25 01:30:57]
shell stdout: 
[INFO -- 2017-03-25 01:30:57]
sending 30 signals using command: 'ssh -T mic1 killall -2 lavamd_check' after 1.4718750316s
[INFO -- 2017-03-25 01:30:58]
shell stdout: 
[INFO -- 2017-03-25 01:30:58]
shell stdout: 
[INFO -- 2017-03-25 01:30:58]
shell stdout: 
[INFO -- 2017-03-25 01:30:58]
shell stdout: 
[INFO -- 2017-03-25 01:30:58]
sending 30 signals using command: 'ssh -T mic1 killall -2 lavamd_check' after 2.56426243871s
[INFO -- 2017-03-25 01:30:59]
shell stdout: 
[INFO -- 2017-03-25 01:30:59]
shell stdout: 
[INFO -- 2017-03-25 01:30:59]
shell stdout: 
[INFO -- 2017-03-25 01:30:59]
shell stdout: 
[INFO -- 2017-03-25 01:30:59]
shell stdout: 
[INFO -- 2017-03-25 01:31:00]
shell stdout: 
[INFO -- 2017-03-25 01:31:00]
shell stdout: 
[INFO -- 2017-03-25 01:31:00]
shell stdout: 
[INFO -- 2017-03-25 01:31:00]
shell stdout: 
[INFO -- 2017-03-25 01:31:00]
shell stdout: 
[INFO -- 2017-03-25 01:31:00]
shell stdout: 
[INFO -- 2017-03-25 01:31:01]
shell stdout: 
[INFO -- 2017-03-25 01:31:01]
shell stdout: 
[INFO -- 2017-03-25 01:31:01]
shell stdout: 
[INFO -- 2017-03-25 01:31:01]
shell stdout: 
[INFO -- 2017-03-25 01:31:01]
shell stdout: 
[INFO -- 2017-03-25 01:31:02]
shell stdout: 
[INFO -- 2017-03-25 01:31:02]
shell stdout: 
[INFO -- 2017-03-25 01:31:02]
shell stdout: 
[INFO -- 2017-03-25 01:31:02]
shell stdout: 
[INFO -- 2017-03-25 01:31:02]
shell stdout: 
[INFO -- 2017-03-25 01:31:03]
shell stdout: 
[INFO -- 2017-03-25 01:31:03]
shell stdout: 
[INFO -- 2017-03-25 01:31:03]
shell stdout: 
[INFO -- 2017-03-25 01:31:03]
shell stdout: 
[INFO -- 2017-03-25 01:31:03]
shell stdout: 
[INFO -- 2017-03-25 01:31:04]
shell stdout: 
[INFO -- 2017-03-25 01:31:04]
shell stdout: 
[INFO -- 2017-03-25 01:31:04]
shell stdout: 
[INFO -- 2017-03-25 01:31:04]
shell stdout: 
[INFO -- 2017-03-25 01:31:04]
shell stdout: 
[INFO -- 2017-03-25 01:31:05]
shell stdout: 
[INFO -- 2017-03-25 01:31:05]
shell stdout: 
[INFO -- 2017-03-25 01:31:05]
shell stdout: 
[INFO -- 2017-03-25 01:31:06]
shell stdout: 
[INFO -- 2017-03-25 01:31:06]
shell stdout: 
[INFO -- 2017-03-25 01:31:06]
shell stdout: 
[INFO -- 2017-03-25 01:31:06]
shell stdout: 
[INFO -- 2017-03-25 01:31:06]
shell stdout: 
[INFO -- 2017-03-25 01:31:06]
shell stdout: 
[INFO -- 2017-03-25 01:31:07]
shell stdout: 
[INFO -- 2017-03-25 01:31:07]
shell stdout: 
[INFO -- 2017-03-25 01:31:07]
shell stdout: 
[INFO -- 2017-03-25 01:31:07]
shell stdout: 
[INFO -- 2017-03-25 01:31:07]
shell stdout: 
[INFO -- 2017-03-25 01:31:07]
shell stdout: 
[INFO -- 2017-03-25 01:31:08]
shell stdout: 
[INFO -- 2017-03-25 01:31:08]
shell stdout: 
[INFO -- 2017-03-25 01:31:08]
shell stdout: 
[INFO -- 2017-03-25 01:31:08]
shell stdout: 
[INFO -- 2017-03-25 01:31:08]
shell stdout: 
[INFO -- 2017-03-25 01:31:08]
shell stdout: 
[INFO -- 2017-03-25 01:31:09]
shell stdout: 
[INFO -- 2017-03-25 01:31:09]
shell stdout: 
[INFO -- 2017-03-25 01:31:09]
shell stdout: 
[INFO -- 2017-03-25 01:31:09]
shell stdout: 
[INFO -- 2017-03-25 01:31:09]
shell stdout: 
[INFO -- 2017-03-25 01:31:09]
shell stdout: 
[INFO -- 2017-03-25 01:31:10]
shell stdout: 
[INFO -- 2017-03-25 01:31:10]
shell stdout: 
[INFO -- 2017-03-25 01:31:10]
shell stdout: 
[INFO -- 2017-03-25 01:31:10]
shell stdout: 
[INFO -- 2017-03-25 01:31:10]
shell stdout: 
[INFO -- 2017-03-25 01:31:10]
shell stdout: 
[INFO -- 2017-03-25 01:31:11]
shell stdout: 
[INFO -- 2017-03-25 01:31:11]
shell stdout: 
[INFO -- 2017-03-25 01:31:11]
shell stdout: 
[INFO -- 2017-03-25 01:31:11]
shell stdout: 
[INFO -- 2017-03-25 01:31:11]
shell stdout: 
[INFO -- 2017-03-25 01:31:11]
shell stdout: 
[INFO -- 2017-03-25 01:31:12]
shell stdout: 
[INFO -- 2017-03-25 01:31:12]
shell stdout: 
[INFO -- 2017-03-25 01:31:12]
shell stdout: 
[INFO -- 2017-03-25 01:31:12]
shell stdout: 
[INFO -- 2017-03-25 01:31:12]
shell stdout: 
[INFO -- 2017-03-25 01:31:12]
shell stdout: 
[INFO -- 2017-03-25 01:31:12]
shell stdout: 
[INFO -- 2017-03-25 01:31:12]
shell stdout: 
[INFO -- 2017-03-25 01:31:13]
shell stdout: 
[INFO -- 2017-03-25 01:31:13]
shell stdout: 
[INFO -- 2017-03-25 01:31:13]
shell stdout: 
[INFO -- 2017-03-25 01:31:13]
shell stdout: 
[INFO -- 2017-03-25 01:31:14]
shell stdout: 
[INFO -- 2017-03-25 01:31:14]
shell stdout: 
[INFO -- 2017-03-25 01:31:14]
shell stdout: 
[INFO -- 2017-03-25 01:31:19]
no gdbExecName running, out:
[INFO -- 2017-03-25 01:31:19]
checCmd:ps -e | grep -i gdb-mic
[INFO -- 2017-03-25 01:31:19]
finished now-timestampStart < maxWaitTime*5
[INFO -- 2017-03-25 01:31:19]
now: 1490419878
[INFO -- 2017-03-25 01:31:19]
timestampStart: 1490419856
[INFO -- 2017-03-25 01:31:19]
kill cmd: killall -9 gdb-mic
[INFO -- 2017-03-25 01:31:19]
shell stdout: 
[INFO -- 2017-03-25 01:31:20]
kill cmd: ssh -T mic1 killall -9 lavamd_check
[INFO -- 2017-03-25 01:31:20]
shell stdout: 
[INFO -- 2017-03-25 01:31:20]
kill cmd: ssh -T mic1 killall -9 gdbserver
[INFO -- 2017-03-25 01:31:20]
shell stdout: 
[INFO -- 2017-03-25 01:31:20]
kill cmd: ssh -T mic1 killall -9 sshd
[INFO -- 2017-03-25 01:31:20]
shell stdout: 
