2016-10-28 14:26:21:Starting GDB script
2016-10-28 14:26:23:sending signal using command: 'ssh -T mic0 killall -2 hotspot_check' after 0.897943229897s
2016-10-28 14:26:23:shell stdout: 
2016-10-28 14:26:24:sending signal using command: 'ssh -T mic0 killall -2 hotspot_check' after 1.88697428248s
2016-10-28 14:26:24:shell stdout: 
2016-10-28 14:26:24:sending signal using command: 'ssh -T mic0 killall -2 hotspot_check' after 1.93356049283s
2016-10-28 14:26:24:shell stdout: 
2016-10-28 14:26:24:sending signal using command: 'ssh -T mic0 killall -2 hotspot_check' after 2.66210355842s
2016-10-28 14:26:24:shell stdout: 
2016-10-28 14:26:27:sending signal using command: 'ssh -T mic0 killall -2 hotspot_check' after 5.45117558771s
2016-10-28 14:26:27:shell stdout: 
2016-10-28 14:26:28:sending signal using command: 'ssh -T mic0 killall -2 hotspot_check' after 6.29927589969s
2016-10-28 14:26:28:shell stdout: 
2016-10-28 14:26:30:sending signal using command: 'ssh -T mic0 killall -2 hotspot_check' after 8.15028192503s
2016-10-28 14:26:30:shell stdout: 
2016-10-28 14:26:31:sending signal using command: 'ssh -T mic0 killall -2 hotspot_check' after 8.94425189132s
2016-10-28 14:26:31:shell stdout: 
2016-10-28 14:26:33:sending signal using command: 'ssh -T mic0 killall -2 hotspot_check' after 10.7877633902s
2016-10-28 14:26:33:shell stdout: 
2016-10-28 14:26:36:no gdbExecName running, out:
2016-10-28 14:26:36:checCmd:ps -e | grep -i gdb-mic
2016-10-28 14:26:36:finished now-timestampStart < maxWaitTime*5
2016-10-28 14:26:36:now: 1477679195
2016-10-28 14:26:36:timestampStart: 1477679181
2016-10-28 14:26:36:kill cmd: killall -9 gdb-mic
2016-10-28 14:26:36:shell stdout: 
2016-10-28 14:26:36:sending signal using command: 'ssh -T mic0 killall -2 hotspot_check' after 14.1519062189s
2016-10-28 14:26:36:shell stdout: 
2016-10-28 14:26:36:kill cmd: ssh -T mic0 killall -9 hotspot_check
2016-10-28 14:26:36:shell stdout: 
2016-10-28 14:26:36:kill cmd: ssh -T mic0 killall -9 gdbserver
2016-10-28 14:26:36:shell stdout: 
