[INFO -- 2017-03-19 11:42:22]
Starting GDB script
[INFO -- 2017-03-19 11:42:22]
initSignal:0.0
[INFO -- 2017-03-19 11:42:22]
endSignal:4.0
[INFO -- 2017-03-19 11:42:22]
seqSignal:30
[INFO -- 2017-03-19 11:42:23]
sending 30 signals using command: 'ssh -T mic0 killall -2 needle_check' after 1.23266022836s
[INFO -- 2017-03-19 11:42:23]
shell stdout: 
[INFO -- 2017-03-19 11:42:24]
shell stdout: 
[INFO -- 2017-03-19 11:42:24]
shell stdout: 
[INFO -- 2017-03-19 11:42:24]
sending 30 signals using command: 'ssh -T mic0 killall -2 needle_check' after 2.6101959958s
[INFO -- 2017-03-19 11:42:24]
sending 30 signals using command: 'ssh -T mic0 killall -2 needle_check' after 2.78824019217s
[INFO -- 2017-03-19 11:42:25]
shell stdout: 
[INFO -- 2017-03-19 11:42:25]
shell stdout: 
[INFO -- 2017-03-19 11:42:25]
shell stdout: 
[INFO -- 2017-03-19 11:42:25]
shell stdout: 
[INFO -- 2017-03-19 11:42:25]
shell stdout: 
[INFO -- 2017-03-19 11:42:25]
shell stdout: 
[INFO -- 2017-03-19 11:42:26]
shell stdout: 
[INFO -- 2017-03-19 11:42:26]
shell stdout: 
[INFO -- 2017-03-19 11:42:26]
shell stdout: 
[INFO -- 2017-03-19 11:42:26]
shell stdout: 
[INFO -- 2017-03-19 11:42:26]
shell stdout: 
[INFO -- 2017-03-19 11:42:26]
shell stdout: 
[INFO -- 2017-03-19 11:42:27]
shell stdout: 
[INFO -- 2017-03-19 11:42:27]
shell stdout: 
[INFO -- 2017-03-19 11:42:27]
shell stdout: 
[INFO -- 2017-03-19 11:42:27]
shell stdout: 
[INFO -- 2017-03-19 11:42:27]
shell stdout: 
[INFO -- 2017-03-19 11:42:27]
shell stdout: 
[INFO -- 2017-03-19 11:42:28]
shell stdout: 
[INFO -- 2017-03-19 11:42:28]
shell stdout: 
[INFO -- 2017-03-19 11:42:28]
shell stdout: 
[INFO -- 2017-03-19 11:42:28]
shell stdout: 
[INFO -- 2017-03-19 11:42:28]
shell stdout: 
[INFO -- 2017-03-19 11:42:28]
shell stdout: 
[INFO -- 2017-03-19 11:42:29]
shell stdout: 
[INFO -- 2017-03-19 11:42:29]
shell stdout: 
[INFO -- 2017-03-19 11:42:29]
shell stdout: 
[INFO -- 2017-03-19 11:42:29]
shell stdout: 
[INFO -- 2017-03-19 11:42:29]
shell stdout: 
[INFO -- 2017-03-19 11:42:29]
shell stdout: 
[INFO -- 2017-03-19 11:42:30]
shell stdout: 
[INFO -- 2017-03-19 11:42:30]
shell stdout: 
[INFO -- 2017-03-19 11:42:30]
shell stdout: 
[INFO -- 2017-03-19 11:42:30]
shell stdout: 
[INFO -- 2017-03-19 11:42:30]
shell stdout: 
[INFO -- 2017-03-19 11:42:30]
shell stdout: 
[INFO -- 2017-03-19 11:42:31]
shell stdout: 
[INFO -- 2017-03-19 11:42:31]
shell stdout: 
[INFO -- 2017-03-19 11:42:31]
shell stdout: 
[INFO -- 2017-03-19 11:42:31]
shell stdout: 
[INFO -- 2017-03-19 11:42:31]
shell stdout: 
[INFO -- 2017-03-19 11:42:31]
shell stdout: 
[INFO -- 2017-03-19 11:42:32]
shell stdout: 
[INFO -- 2017-03-19 11:42:32]
shell stdout: 
[INFO -- 2017-03-19 11:42:32]
shell stdout: 
[INFO -- 2017-03-19 11:42:32]
shell stdout: 
[INFO -- 2017-03-19 11:42:32]
shell stdout: 
[INFO -- 2017-03-19 11:42:32]
shell stdout: 
[INFO -- 2017-03-19 11:42:32]
shell stdout: 
[INFO -- 2017-03-19 11:42:33]
shell stdout: 
[INFO -- 2017-03-19 11:42:33]
shell stdout: 
[INFO -- 2017-03-19 11:42:33]
shell stdout: 
[INFO -- 2017-03-19 11:42:33]
shell stdout: 
[INFO -- 2017-03-19 11:42:33]
shell stdout: 
[INFO -- 2017-03-19 11:42:34]
shell stdout: 
[INFO -- 2017-03-19 11:42:34]
shell stdout: 
[INFO -- 2017-03-19 11:42:34]
shell stdout: 
[INFO -- 2017-03-19 11:42:34]
shell stdout: 
[INFO -- 2017-03-19 11:42:34]
shell stdout: 
[INFO -- 2017-03-19 11:42:34]
shell stdout: 
[INFO -- 2017-03-19 11:42:35]
shell stdout: 
[INFO -- 2017-03-19 11:42:35]
shell stdout: 
[INFO -- 2017-03-19 11:42:35]
shell stdout: 
[INFO -- 2017-03-19 11:42:35]
shell stdout: 
[INFO -- 2017-03-19 11:42:35]
shell stdout: 
[INFO -- 2017-03-19 11:42:35]
shell stdout: 
[INFO -- 2017-03-19 11:42:36]
shell stdout: 
[INFO -- 2017-03-19 11:42:36]
shell stdout: 
[INFO -- 2017-03-19 11:42:36]
shell stdout: 
[INFO -- 2017-03-19 11:42:36]
shell stdout: 
[INFO -- 2017-03-19 11:42:36]
shell stdout: 
[INFO -- 2017-03-19 11:42:37]
shell stdout: 
[INFO -- 2017-03-19 11:42:37]
shell stdout: 
[INFO -- 2017-03-19 11:42:37]
shell stdout: 
[INFO -- 2017-03-19 11:42:37]
shell stdout: 
[INFO -- 2017-03-19 11:42:37]
shell stdout: 
[INFO -- 2017-03-19 11:42:37]
shell stdout: 
[INFO -- 2017-03-19 11:42:37]
shell stdout: 
[INFO -- 2017-03-19 11:42:38]
shell stdout: 
[INFO -- 2017-03-19 11:42:38]
shell stdout: 
[INFO -- 2017-03-19 11:42:38]
shell stdout: 
[INFO -- 2017-03-19 11:42:38]
shell stdout: 
[INFO -- 2017-03-19 11:42:38]
shell stdout: 
[INFO -- 2017-03-19 11:42:38]
shell stdout: 
[INFO -- 2017-03-19 11:42:39]
shell stdout: 
[INFO -- 2017-03-19 11:42:39]
shell stdout: 
[INFO -- 2017-03-19 11:42:39]
shell stdout: 
[INFO -- 2017-03-19 11:43:15]
no gdbExecName running, out:
[INFO -- 2017-03-19 11:43:15]
checCmd:ps -e | grep -i gdb-mic
[INFO -- 2017-03-19 11:43:15]
finished now-timestampStart < maxWaitTime*5
[INFO -- 2017-03-19 11:43:15]
now: 1489938193
[INFO -- 2017-03-19 11:43:15]
timestampStart: 1489938142
[INFO -- 2017-03-19 11:43:15]
kill cmd: killall -9 gdb-mic
[INFO -- 2017-03-19 11:43:15]
shell stdout: 
[INFO -- 2017-03-19 11:43:16]
kill cmd: ssh -T mic0 killall -9 needle_check
[INFO -- 2017-03-19 11:43:16]
shell stdout: 
[INFO -- 2017-03-19 11:43:16]
kill cmd: ssh -T mic0 killall -9 gdbserver
[INFO -- 2017-03-19 11:43:16]
shell stdout: 
[INFO -- 2017-03-19 11:43:16]
kill cmd: ssh -T mic0 killall -9 sshd
[INFO -- 2017-03-19 11:43:16]
shell stdout: 
