2017-01-22 15:17:38:Starting GDB script
2017-01-22 15:17:38:initSignal:28.0
2017-01-22 15:17:38:endSignal:28.0
2017-01-22 15:17:38:seqSignal:15
2017-01-22 15:18:06:sending 15 signals using command: 'ssh -T mic1 killall -2 dgemm_check' after 28.0s
2017-01-22 15:18:06:sending 15 signals using command: 'ssh -T mic1 killall -2 dgemm_check' after 28.0s
2017-01-22 15:18:06:sending 15 signals using command: 'ssh -T mic1 killall -2 dgemm_check' after 28.0s
2017-01-22 15:18:07:shell stdout: 
2017-01-22 15:18:07:shell stdout: 
2017-01-22 15:18:07:shell stdout: 
2017-01-22 15:18:07:shell stdout: 
2017-01-22 15:18:07:shell stdout: 
2017-01-22 15:18:07:shell stdout: 
2017-01-22 15:18:07:shell stdout: 
2017-01-22 15:18:08:shell stdout: 
2017-01-22 15:18:08:shell stdout: 
2017-01-22 15:18:08:shell stdout: 
2017-01-22 15:18:08:shell stdout: 
2017-01-22 15:18:08:shell stdout: 
2017-01-22 15:18:08:shell stdout: 
2017-01-22 15:18:08:shell stdout: 
2017-01-22 15:18:08:shell stdout: 
2017-01-22 15:18:09:shell stdout: 
2017-01-22 15:18:09:shell stdout: 
2017-01-22 15:18:09:shell stdout: 
2017-01-22 15:18:09:shell stdout: 
2017-01-22 15:18:09:shell stdout: 
2017-01-22 15:18:09:shell stdout: 
2017-01-22 15:18:10:shell stdout: 
2017-01-22 15:18:10:shell stdout: 
2017-01-22 15:18:10:shell stdout: 
2017-01-22 15:18:10:shell stdout: 
2017-01-22 15:18:10:shell stdout: 
2017-01-22 15:18:10:shell stdout: 
2017-01-22 15:18:11:shell stdout: 
2017-01-22 15:18:11:shell stdout: 
2017-01-22 15:18:11:shell stdout: 
2017-01-22 15:18:11:shell stdout: 
2017-01-22 15:18:11:shell stdout: 
2017-01-22 15:18:11:shell stdout: 
2017-01-22 15:18:11:shell stdout: 
2017-01-22 15:18:11:shell stdout: 
2017-01-22 15:18:12:shell stdout: 
2017-01-22 15:18:12:shell stdout: 
2017-01-22 15:18:12:shell stdout: 
2017-01-22 15:18:12:shell stdout: 
2017-01-22 15:18:12:shell stdout: 
2017-01-22 15:18:12:shell stdout: 
2017-01-22 15:18:12:shell stdout: 
2017-01-22 15:18:13:shell stdout: 
2017-01-22 15:18:13:shell stdout: 
2017-01-22 15:18:13:shell stdout: 
2017-01-22 15:18:31:no gdbExecName running, out:
2017-01-22 15:18:31:checCmd:ps -e | grep -i gdb-mic
2017-01-22 15:18:31:finished now-timestampStart < maxWaitTime*5
2017-01-22 15:18:31:now: 1485116302
2017-01-22 15:18:31:timestampStart: 1485116258
2017-01-22 15:18:31:kill cmd: killall -9 gdb-mic
2017-01-22 15:18:31:shell stdout: 
2017-01-22 15:18:32:kill cmd: ssh -T mic1 killall -9 dgemm_check
2017-01-22 15:18:32:shell stdout: 
2017-01-22 15:18:32:kill cmd: ssh -T mic1 killall -9 gdbserver
2017-01-22 15:18:32:shell stdout: 
2017-01-22 15:18:32:kill cmd: ssh -T mic1 killall -9 sshd
2017-01-22 15:18:32:shell stdout: 
