2017-01-14 05:41:41:Starting GDB script
2017-01-14 05:41:41:initSignal:0.0
2017-01-14 05:41:41:endSignal:7.0
2017-01-14 05:41:41:seqSignal:15
2017-01-14 05:41:44:sending 15 signals using command: 'ssh -T mic1 killall -2 dgemm_check' after 3.31695832425s
2017-01-14 05:41:45:shell stdout: 
2017-01-14 05:41:45:shell stdout: 
2017-01-14 05:41:45:shell stdout: 
2017-01-14 05:41:46:shell stdout: 
2017-01-14 05:41:46:sending 15 signals using command: 'ssh -T mic1 killall -2 dgemm_check' after 5.1778199599s
2017-01-14 05:41:46:shell stdout: 
2017-01-14 05:41:46:shell stdout: 
2017-01-14 05:41:47:shell stdout: 
2017-01-14 05:41:47:shell stdout: 
2017-01-14 05:41:47:shell stdout: 
2017-01-14 05:41:47:shell stdout: 
2017-01-14 05:41:47:shell stdout: 
2017-01-14 05:41:47:sending 15 signals using command: 'ssh -T mic1 killall -2 dgemm_check' after 6.51796098549s
2017-01-14 05:41:48:shell stdout: 
2017-01-14 05:41:48:shell stdout: 
2017-01-14 05:41:48:shell stdout: 
2017-01-14 05:41:48:shell stdout: 
2017-01-14 05:41:48:shell stdout: 
2017-01-14 05:41:48:shell stdout: 
2017-01-14 05:41:49:shell stdout: 
2017-01-14 05:41:49:shell stdout: 
2017-01-14 05:41:49:shell stdout: 
2017-01-14 05:41:50:shell stdout: 
2017-01-14 05:41:50:shell stdout: 
2017-01-14 05:41:50:shell stdout: 
2017-01-14 05:41:50:shell stdout: 
2017-01-14 05:41:50:shell stdout: 
2017-01-14 05:41:50:shell stdout: 
2017-01-14 05:41:51:shell stdout: 
2017-01-14 05:41:51:shell stdout: 
2017-01-14 05:41:51:shell stdout: 
2017-01-14 05:41:51:shell stdout: 
2017-01-14 05:41:52:shell stdout: 
2017-01-14 05:41:52:shell stdout: 
2017-01-14 05:41:52:shell stdout: 
2017-01-14 05:41:52:shell stdout: 
2017-01-14 05:41:53:shell stdout: 
2017-01-14 05:41:53:shell stdout: 
2017-01-14 05:41:53:shell stdout: 
2017-01-14 05:41:54:shell stdout: 
2017-01-14 05:41:54:shell stdout: 
2017-01-14 05:41:54:shell stdout: 
2017-01-14 05:41:55:shell stdout: 
2017-01-14 05:41:55:shell stdout: 
2017-01-14 05:41:55:shell stdout: 
2017-01-14 05:41:56:shell stdout: 
2017-01-14 05:41:57:shell stdout: 
2017-01-14 05:48:27:no gdbExecName running, out:
2017-01-14 05:48:27:checCmd:ps -e | grep -i gdb-mic
2017-01-14 05:48:27:finished now-timestampStart < maxWaitTime*5
2017-01-14 05:48:27:now: 1484390898
2017-01-14 05:48:27:timestampStart: 1484390501
2017-01-14 05:48:27:kill cmd: killall -9 gdb-mic
2017-01-14 05:48:27:shell stdout: 
2017-01-14 05:48:28:kill cmd: ssh -T mic1 killall -9 dgemm_check
2017-01-14 05:48:28:shell stdout: 
2017-01-14 05:48:28:kill cmd: ssh -T mic1 killall -9 gdbserver
2017-01-14 05:48:28:shell stdout: 
2017-01-14 05:48:28:kill cmd: ssh -T mic1 killall -9 sshd
2017-01-14 05:48:28:shell stdout: 
