2016-10-13 08:06:48:Starting GDB script
2016-10-13 08:06:51:sending signal using command: 'ssh -T mic0 killall -2 hotspot_check' after 2.43079061172s
2016-10-13 08:06:51:shell stdout: 
2016-10-13 08:06:52:sending signal using command: 'ssh -T mic0 killall -2 hotspot_check' after 3.24989007424s
2016-10-13 08:06:52:shell stdout: 
2016-10-13 08:06:53:sending signal using command: 'ssh -T mic0 killall -2 hotspot_check' after 4.48615204398s
2016-10-13 08:06:53:shell stdout: 
2016-10-13 08:06:53:sending signal using command: 'ssh -T mic0 killall -2 hotspot_check' after 4.57765622932s
2016-10-13 08:06:53:shell stdout: 
2016-10-13 08:06:56:sending signal using command: 'ssh -T mic0 killall -2 hotspot_check' after 7.37697392115s
2016-10-13 08:06:56:shell stdout: 
2016-10-13 08:06:58:sending signal using command: 'ssh -T mic0 killall -2 hotspot_check' after 9.47861692767s
2016-10-13 08:06:58:shell stdout: 
2016-10-13 08:06:58:sending signal using command: 'ssh -T mic0 killall -2 hotspot_check' after 9.66395902136s
2016-10-13 08:06:58:shell stdout: 
2016-10-13 08:06:59:sending signal using command: 'ssh -T mic0 killall -2 hotspot_check' after 10.6271024591s
2016-10-13 08:06:59:shell stdout: 
2016-10-13 08:07:00:sending signal using command: 'ssh -T mic0 killall -2 hotspot_check' after 11.4351683992s
2016-10-13 08:07:00:shell stdout: 
2016-10-13 08:07:04:sending signal using command: 'ssh -T mic0 killall -2 hotspot_check' after 14.8704557469s
2016-10-13 08:07:04:shell stdout: 
2016-10-13 08:07:09:no gdbExecName running, out:
2016-10-13 08:07:09:checCmd:ps -e | grep -i gdb-mic
2016-10-13 08:07:09:finished now-timestampStart < maxWaitTime*5
2016-10-13 08:07:09:now: 1476360428
2016-10-13 08:07:09:timestampStart: 1476360408
2016-10-13 08:07:09:kill cmd: killall -9 gdb-mic
2016-10-13 08:07:09:shell stdout: 
2016-10-13 08:07:09:kill cmd: ssh -T mic0 killall -9 hotspot_check
2016-10-13 08:07:09:shell stdout: 
2016-10-13 08:07:09:kill cmd: ssh -T mic0 killall -9 gdbserver
2016-10-13 08:07:09:shell stdout: 
