2017-01-24 21:23:25:Starting GDB script
2017-01-24 21:23:25:initSignal:0.0
2017-01-24 21:23:25:endSignal:2.0
2017-01-24 21:23:25:seqSignal:30
2017-01-24 21:23:26:sending 30 signals using command: 'ssh -T mic0 killall -2 lud_check' after 0.650034926176s
2017-01-24 21:23:26:sending 30 signals using command: 'ssh -T mic0 killall -2 lud_check' after 0.737871865564s
2017-01-24 21:23:26:shell stdout: 
2017-01-24 21:23:26:sending 30 signals using command: 'ssh -T mic0 killall -2 lud_check' after 1.06078349274s
2017-01-24 21:23:26:shell stdout: 
2017-01-24 21:23:27:shell stdout: 
2017-01-24 21:23:27:shell stdout: 
2017-01-24 21:23:27:shell stdout: 
2017-01-24 21:23:27:shell stdout: 
2017-01-24 21:23:27:shell stdout: 
2017-01-24 21:23:27:shell stdout: 
2017-01-24 21:23:28:shell stdout: 
2017-01-24 21:23:28:shell stdout: 
2017-01-24 21:23:28:shell stdout: 
2017-01-24 21:23:29:shell stdout: 
2017-01-24 21:23:29:shell stdout: 
2017-01-24 21:23:29:shell stdout: 
2017-01-24 21:23:30:shell stdout: 
2017-01-24 21:23:30:shell stdout: 
2017-01-24 21:23:30:shell stdout: 
2017-01-24 21:23:30:shell stdout: 
2017-01-24 21:23:30:shell stdout: 
2017-01-24 21:23:30:shell stdout: 
2017-01-24 21:23:31:shell stdout: 
2017-01-24 21:23:31:shell stdout: 
2017-01-24 21:23:31:shell stdout: 
2017-01-24 21:23:32:shell stdout: 
2017-01-24 21:23:32:shell stdout: 
2017-01-24 21:23:32:shell stdout: 
2017-01-24 21:23:33:shell stdout: 
2017-01-24 21:23:33:shell stdout: 
2017-01-24 21:23:33:shell stdout: 
2017-01-24 21:23:34:shell stdout: 
2017-01-24 21:23:34:shell stdout: 
2017-01-24 21:23:34:shell stdout: 
2017-01-24 21:23:35:shell stdout: 
2017-01-24 21:23:35:shell stdout: 
2017-01-24 21:23:35:shell stdout: 
2017-01-24 21:23:36:shell stdout: 
2017-01-24 21:23:36:shell stdout: 
2017-01-24 21:23:36:shell stdout: 
2017-01-24 21:23:37:shell stdout: 
2017-01-24 21:23:37:shell stdout: 
2017-01-24 21:23:37:shell stdout: 
2017-01-24 21:23:38:shell stdout: 
2017-01-24 21:23:38:shell stdout: 
2017-01-24 21:23:38:shell stdout: 
2017-01-24 21:23:39:shell stdout: 
2017-01-24 21:23:39:shell stdout: 
2017-01-24 21:23:39:shell stdout: 
2017-01-24 21:23:40:shell stdout: 
2017-01-24 21:23:40:shell stdout: 
2017-01-24 21:23:40:shell stdout: 
2017-01-24 21:23:40:shell stdout: 
2017-01-24 21:23:40:shell stdout: 
2017-01-24 21:23:40:shell stdout: 
2017-01-24 21:23:41:shell stdout: 
2017-01-24 21:23:41:shell stdout: 
2017-01-24 21:23:41:shell stdout: 
2017-01-24 21:23:41:shell stdout: 
2017-01-24 21:23:41:shell stdout: 
2017-01-24 21:23:41:shell stdout: 
2017-01-24 21:23:42:shell stdout: 
2017-01-24 21:23:42:shell stdout: 
2017-01-24 21:23:42:shell stdout: 
2017-01-24 21:23:42:shell stdout: 
2017-01-24 21:23:42:shell stdout: 
2017-01-24 21:23:42:shell stdout: 
2017-01-24 21:23:42:shell stdout: 
2017-01-24 21:23:43:shell stdout: 
2017-01-24 21:23:43:shell stdout: 
2017-01-24 21:23:43:shell stdout: 
2017-01-24 21:23:43:shell stdout: 
2017-01-24 21:23:43:shell stdout: 
2017-01-24 21:23:43:shell stdout: 
2017-01-24 21:23:43:shell stdout: 
2017-01-24 21:23:43:shell stdout: 
2017-01-24 21:23:44:shell stdout: 
2017-01-24 21:23:44:shell stdout: 
2017-01-24 21:23:44:shell stdout: 
2017-01-24 21:23:44:shell stdout: 
2017-01-24 21:23:44:shell stdout: 
2017-01-24 21:23:44:shell stdout: 
2017-01-24 21:23:45:shell stdout: 
2017-01-24 21:23:45:shell stdout: 
2017-01-24 21:23:45:shell stdout: 
2017-01-24 21:23:45:shell stdout: 
2017-01-24 21:23:45:shell stdout: 
2017-01-24 21:23:45:shell stdout: 
2017-01-24 21:23:45:shell stdout: 
2017-01-24 21:23:45:shell stdout: 
2017-01-24 21:23:45:shell stdout: 
2017-01-24 21:23:46:shell stdout: 
2017-01-24 21:24:05:finished due now-timestampStart > maxWaitTime*5
2017-01-24 21:24:05:now: 1485311045
2017-01-24 21:24:05:timestampStart: 1485311005
2017-01-24 21:24:05:kill cmd: killall -9 gdb-mic
2017-01-24 21:24:05:shell stdout: 
2017-01-24 21:24:05:kill cmd: ssh -T mic0 killall -9 lud_check
2017-01-24 21:24:05:shell stdout: 
2017-01-24 21:24:06:kill cmd: ssh -T mic0 killall -9 gdbserver
2017-01-24 21:24:06:shell stdout: 
2017-01-24 21:24:06:kill cmd: ssh -T mic0 killall -9 sshd
2017-01-24 21:24:06:shell stdout: 
