2017-01-10 16:49:01:Starting GDB script
2017-01-10 16:49:01:initSignal:4.0
2017-01-10 16:49:01:endSignal:8.0
2017-01-10 16:49:01:seqSignal:30
2017-01-10 16:49:08:sending 30 signals using command: 'ssh -T mic0 killall -2 needle_check' after 6.9788131145s
2017-01-10 16:49:08:sending 30 signals using command: 'ssh -T mic0 killall -2 needle_check' after 7.29722549765s
2017-01-10 16:49:08:shell stdout: 
2017-01-10 16:49:09:shell stdout: 
2017-01-10 16:49:09:shell stdout: 
2017-01-10 16:49:09:sending 30 signals using command: 'ssh -T mic0 killall -2 needle_check' after 7.94784719221s
2017-01-10 16:49:09:shell stdout: 
2017-01-10 16:49:09:shell stdout: 
2017-01-10 16:49:09:shell stdout: 
2017-01-10 16:49:09:shell stdout: 
2017-01-10 16:49:10:shell stdout: 
2017-01-10 16:49:10:shell stdout: 
2017-01-10 16:49:10:shell stdout: 
2017-01-10 16:49:10:shell stdout: 
2017-01-10 16:49:10:shell stdout: 
2017-01-10 16:49:10:shell stdout: 
2017-01-10 16:49:10:shell stdout: 
2017-01-10 16:49:10:shell stdout: 
2017-01-10 16:49:11:shell stdout: 
2017-01-10 16:49:11:shell stdout: 
2017-01-10 16:49:11:shell stdout: 
2017-01-10 16:49:11:shell stdout: 
2017-01-10 16:49:11:shell stdout: 
2017-01-10 16:49:11:shell stdout: 
2017-01-10 16:49:11:shell stdout: 
2017-01-10 16:49:12:shell stdout: 
2017-01-10 16:49:12:shell stdout: 
2017-01-10 16:49:12:shell stdout: 
2017-01-10 16:49:12:shell stdout: 
2017-01-10 16:49:12:shell stdout: 
2017-01-10 16:49:12:shell stdout: 
2017-01-10 16:49:12:shell stdout: 
2017-01-10 16:49:13:shell stdout: 
2017-01-10 16:49:13:shell stdout: 
2017-01-10 16:49:13:shell stdout: 
2017-01-10 16:49:13:shell stdout: 
2017-01-10 16:49:13:shell stdout: 
2017-01-10 16:49:13:shell stdout: 
2017-01-10 16:49:13:shell stdout: 
2017-01-10 16:49:13:shell stdout: 
2017-01-10 16:49:14:shell stdout: 
2017-01-10 16:49:14:shell stdout: 
2017-01-10 16:49:14:shell stdout: 
2017-01-10 16:49:14:shell stdout: 
2017-01-10 16:49:14:shell stdout: 
2017-01-10 16:49:14:shell stdout: 
2017-01-10 16:49:14:shell stdout: 
2017-01-10 16:49:15:shell stdout: 
2017-01-10 16:49:15:shell stdout: 
2017-01-10 16:49:15:shell stdout: 
2017-01-10 16:49:15:shell stdout: 
2017-01-10 16:49:15:shell stdout: 
2017-01-10 16:49:15:shell stdout: 
2017-01-10 16:49:15:shell stdout: 
2017-01-10 16:49:15:shell stdout: 
2017-01-10 16:49:16:shell stdout: 
2017-01-10 16:49:16:shell stdout: 
2017-01-10 16:49:16:shell stdout: 
2017-01-10 16:49:16:shell stdout: 
2017-01-10 16:49:16:shell stdout: 
2017-01-10 16:49:16:shell stdout: 
2017-01-10 16:49:16:shell stdout: 
2017-01-10 16:49:17:shell stdout: 
2017-01-10 16:49:17:shell stdout: 
2017-01-10 16:49:17:shell stdout: 
2017-01-10 16:49:17:shell stdout: 
2017-01-10 16:49:17:shell stdout: 
2017-01-10 16:49:17:shell stdout: 
2017-01-10 16:49:17:shell stdout: 
2017-01-10 16:49:17:shell stdout: 
2017-01-10 16:49:18:shell stdout: 
2017-01-10 16:49:18:shell stdout: 
2017-01-10 16:49:18:shell stdout: 
2017-01-10 16:49:18:shell stdout: 
2017-01-10 16:49:18:shell stdout: 
2017-01-10 16:49:18:shell stdout: 
2017-01-10 16:49:18:shell stdout: 
2017-01-10 16:49:19:shell stdout: 
2017-01-10 16:49:19:shell stdout: 
2017-01-10 16:49:19:shell stdout: 
2017-01-10 16:49:19:shell stdout: 
2017-01-10 16:49:19:shell stdout: 
2017-01-10 16:49:19:shell stdout: 
2017-01-10 16:49:19:shell stdout: 
2017-01-10 16:49:19:shell stdout: 
2017-01-10 16:49:20:shell stdout: 
2017-01-10 16:49:20:shell stdout: 
2017-01-10 16:49:20:shell stdout: 
2017-01-10 16:49:20:shell stdout: 
2017-01-10 16:49:20:shell stdout: 
2017-01-10 16:49:20:shell stdout: 
2017-01-10 16:49:21:shell stdout: 
2017-01-10 16:49:21:shell stdout: 
2017-01-10 16:49:48:no gdbExecName running, out:
2017-01-10 16:49:48:checCmd:ps -e | grep -i gdb-mic
2017-01-10 16:49:48:finished now-timestampStart < maxWaitTime*5
2017-01-10 16:49:48:now: 1484084986
2017-01-10 16:49:48:timestampStart: 1484084941
2017-01-10 16:49:48:kill cmd: killall -9 gdb-mic
2017-01-10 16:49:48:shell stdout: 
2017-01-10 16:49:48:kill cmd: ssh -T mic0 killall -9 needle_check
2017-01-10 16:49:48:shell stdout: 
2017-01-10 16:49:48:kill cmd: ssh -T mic0 killall -9 gdbserver
2017-01-10 16:49:48:shell stdout: 
2017-01-10 16:49:49:kill cmd: ssh -T mic0 killall -9 sshd
2017-01-10 16:49:49:shell stdout: 
