2017-03-01 15:55:14:Starting flip_value script
2017-03-01 15:55:14:Initialization strings:
2017-03-01 15:55:15:(1) target extended-remote | ssh -T mic0 gdbserver --multi -
2017-03-01 15:55:15:(2) set sysroot /opt/mpss/3.7/sysroots/k1om-mpss-linux/
2017-03-01 15:55:15:(3) set sysroot /opt/mpss/3.7/sysroots/k1om-mpss-linux/
2017-03-01 15:55:15:(4) file /micNfs/gdb-fault-injection/injector/bin/lavamd/lavamd_check
2017-03-01 15:55:15:(5) set remote exec-file /micNfs/gdb-fault-injection/injector/bin/lavamd/lavamd_check
2017-03-01 15:55:15:(6) set args 228 15 /micNfs/gdb-fault-injection/injector/bin/lavamd/input_distance_228_15 /micNfs/gdb-fault-injection/injector/bin/lavamd/input_charges_228_15 /micNfs/gdb-fault-injection/injector/bin/lavamd/output_gold_228_15 1
2017-03-01 15:55:15:initSignal:3
2017-03-01 15:55:15:endSignal:6
2017-03-01 15:55:15:seqSignal:30
2017-03-01 15:55:19:Backtrace BEGIN:
2017-03-01 15:55:19:#0  0x0000000000406292 in L_kernel_cpu_48__par_loop0_2_1 () at kernel/kernel_cpu.c:95
#1  0x00007ffff790ba1f in ?? ()
#2  0x00007fffffffe270 in ?? ()
#3  0x00007fffffffe2b8 in ?? ()
#4  0x00007fffffffe3c0 in ?? ()
#5  0x0000000000000000 in ?? ()

2017-03-01 15:55:19:90	                    fxij=fs*d.x;
91	                    fyij=fs*d.y;
92	                    fzij=fs*d.z;
93	
94	                    // forces
95	                    fA[i].v +=  qB[j]*vij;
96	                    fA[i].x +=  qB[j]*fxij;
97	                    fA[i].y +=  qB[j]*fyij;
98	                    fA[i].z +=  qB[j]*fzij;
99	

2017-03-01 15:55:19:Backtrace END
2017-03-01 15:55:39:Backtrace BEGIN:
2017-03-01 15:55:39:#0  0x0000000000406292 in L_kernel_cpu_48__par_loop0_2_1 () at kernel/kernel_cpu.c:95
#1  0x00007ffff790ba1f in ?? ()
#2  0x00007fffffffe270 in ?? ()
#3  0x00007fffffffe2b8 in ?? ()
#4  0x00007fffffffe3c0 in ?? ()
#5  0x0000000000000000 in ?? ()

2017-03-01 15:55:39:90	                    fxij=fs*d.x;
91	                    fyij=fs*d.y;
92	                    fzij=fs*d.z;
93	
94	                    // forces
95	                    fA[i].v +=  qB[j]*vij;
96	                    fA[i].x +=  qB[j]*fxij;
97	                    fA[i].y +=  qB[j]*fyij;
98	                    fA[i].z +=  qB[j]*fzij;
99	

2017-03-01 15:55:39:Backtrace END
2017-03-01 15:56:02:event type: exit
2017-03-01 15:56:02:exit code: 0
