2016-11-01 05:29:11:Initialization strings:
2016-11-01 05:29:11:(1) target extended-remote | ssh -T mic0 gdbserver --multi -
2016-11-01 05:29:11:(2) set sysroot /opt/mpss/3.7/sysroots/k1om-mpss-linux/
2016-11-01 05:29:11:(3) set sysroot /opt/mpss/3.7/sysroots/k1om-mpss-linux/
2016-11-01 05:29:11:(4) file /micNfs/gdb-fault-injection-lavamd/bin/lavamd
2016-11-01 05:29:11:(5) set remote exec-file /micNfs/gdb-fault-injection-lavamd/bin/lavamd
2016-11-01 05:29:11:(6) set args 228 15 /micNfs/gdb-fault-injection-lavamd/bin/input_distance_228_15 /micNfs/gdb-fault-injection-lavamd/bin/input_charges_228_15 /micNfs/gdb-fault-injection-lavamd/bin/output_gold_228_15 1
2016-11-01 05:29:12:Trying Fault Injection
2016-11-01 05:29:12:Inferior PID: 31250
2016-11-01 05:29:12:Inferior is valid: True
2016-11-01 05:29:12:Inferior #threads: 1
2016-11-01 05:29:12:Backtrace BEGIN:
2016-11-01 05:29:12:#0  0x0000000000402245 in main (argc=7, argv=0x7fffffffec08) at main_check.c:150

2016-11-01 05:29:12:145	
146	    rv_cpu = (FOUR_VECTOR*)malloc(dim_cpu.space_mem);
147	    for(i=0; i<dim_cpu.space_elem; i=i+1) {
148	        fread(&(rv_cpu[i].v), 1, sizeof(double), file);
149	        fread(&(rv_cpu[i].x), 1, sizeof(double), file);
150	        fread(&(rv_cpu[i].y), 1, sizeof(double), file);
151	        fread(&(rv_cpu[i].z), 1, sizeof(double), file);
152	    }
153	
154	    fclose(file);

2016-11-01 05:29:12:Backtrace END
2016-11-01 05:29:12:Thread name: None
2016-11-01 05:29:12:Thread num: 1
2016-11-01 05:29:12:Thread ptid: (31250, 31250, 0)
2016-11-01 05:29:12:bitFlip function
2016-11-01 05:29:12:Type: The type is a pointer.
2016-11-01 05:29:12:Type sizeof: 8
2016-11-01 05:29:12:Fliping a bit of the pointer
2016-11-01 05:29:12:Mem contents(hex):0x250xee0xff0xff0xff0x7f0x000x00
2016-11-01 05:29:12:base address to flip value: 0x7fffffffe8c8
2016-11-01 05:29:12:address max offset: 8
2016-11-01 05:29:12:Memory content before bitflip:0x250xee0xff0xff0xff0x7f0x000x00
2016-11-01 05:29:12:Memory content after  bitflip:0x250xee0xff0xff0xff0x7f0x000x40
2016-11-01 05:29:12:Mem contents(hex):0x250xee0xff0xff0xff0x7f0x000x40
2016-11-01 05:29:12:frame name: main
2016-11-01 05:29:12:symbol name: input_distance
2016-11-01 05:29:12:symbol filename: main_check.c
2016-11-01 05:29:12:symbol line: 49
2016-11-01 05:29:12:value: 0x7fffffffee25 "/micNfs/gdb-fault-injection-lavamd/bin/input_distance_228_15"
2016-11-01 05:29:12:value address: 0x7fffffffe8c8
2016-11-01 05:29:12:Type: The type is a pointer.
2016-11-01 05:29:12:Type sizeof: 8
2016-11-01 05:29:12:Fault Injection Successful after 1.43360710144s
2016-11-01 05:29:12:Fault Already Injected
2016-11-01 05:29:15:Fault Already Injected
2016-11-01 05:29:15:Fault Already Injected
2016-11-01 05:29:17:Fault Already Injected
2016-11-01 05:29:18:Fault Already Injected
2016-11-01 05:29:18:Fault Already Injected
2016-11-01 05:29:19:Fault Already Injected
2016-11-01 05:29:19:Fault Already Injected
2016-11-01 05:29:19:Fault Already Injected
2016-11-01 05:29:22:event type: exit
2016-11-01 05:29:22:exit code: 0
