[INFO -- 2017-03-14 12:19:27]
Starting GDB script
[INFO -- 2017-03-14 12:19:27]
initSignal:12.0
[INFO -- 2017-03-14 12:19:27]
endSignal:17.0
[INFO -- 2017-03-14 12:19:27]
seqSignal:30
[INFO -- 2017-03-14 12:19:39]
sending 30 signals using command: 'ssh -T mic0 killall -2 needle_check' after 12.0197633108s
[INFO -- 2017-03-14 12:19:39]
shell stdout: 
[INFO -- 2017-03-14 12:19:39]
shell stdout: 
[INFO -- 2017-03-14 12:19:40]
shell stdout: 
[INFO -- 2017-03-14 12:19:40]
shell stdout: 
[INFO -- 2017-03-14 12:19:41]
shell stdout: 
[INFO -- 2017-03-14 12:19:41]
sending 30 signals using command: 'ssh -T mic0 killall -2 needle_check' after 14.0695792533s
[INFO -- 2017-03-14 12:19:41]
shell stdout: 
[INFO -- 2017-03-14 12:19:41]
shell stdout: 
[INFO -- 2017-03-14 12:19:41]
shell stdout: 
[INFO -- 2017-03-14 12:19:42]
shell stdout: 
[INFO -- 2017-03-14 12:19:42]
shell stdout: 
[INFO -- 2017-03-14 12:19:42]
shell stdout: 
[INFO -- 2017-03-14 12:19:42]
shell stdout: 
[INFO -- 2017-03-14 12:19:42]
shell stdout: 
[INFO -- 2017-03-14 12:19:43]
sending 30 signals using command: 'ssh -T mic0 killall -2 needle_check' after 15.871721788s
[INFO -- 2017-03-14 12:19:43]
shell stdout: 
[INFO -- 2017-03-14 12:19:43]
shell stdout: 
[INFO -- 2017-03-14 12:19:43]
shell stdout: 
[INFO -- 2017-03-14 12:19:43]
shell stdout: 
[INFO -- 2017-03-14 12:19:43]
shell stdout: 
[INFO -- 2017-03-14 12:19:43]
shell stdout: 
[INFO -- 2017-03-14 12:19:43]
shell stdout: 
[INFO -- 2017-03-14 12:19:44]
shell stdout: 
[INFO -- 2017-03-14 12:19:44]
shell stdout: 
[INFO -- 2017-03-14 12:19:44]
shell stdout: 
[INFO -- 2017-03-14 12:19:44]
shell stdout: 
[INFO -- 2017-03-14 12:19:44]
shell stdout: 
[INFO -- 2017-03-14 12:19:44]
shell stdout: 
[INFO -- 2017-03-14 12:19:44]
shell stdout: 
[INFO -- 2017-03-14 12:19:45]
shell stdout: 
[INFO -- 2017-03-14 12:19:45]
shell stdout: 
[INFO -- 2017-03-14 12:19:45]
shell stdout: 
[INFO -- 2017-03-14 12:19:45]
shell stdout: 
[INFO -- 2017-03-14 12:19:45]
shell stdout: 
[INFO -- 2017-03-14 12:19:45]
shell stdout: 
[INFO -- 2017-03-14 12:19:45]
shell stdout: 
[INFO -- 2017-03-14 12:19:46]
shell stdout: 
[INFO -- 2017-03-14 12:19:46]
shell stdout: 
[INFO -- 2017-03-14 12:19:46]
shell stdout: 
[INFO -- 2017-03-14 12:19:46]
shell stdout: 
[INFO -- 2017-03-14 12:19:46]
shell stdout: 
[INFO -- 2017-03-14 12:19:46]
shell stdout: 
[INFO -- 2017-03-14 12:19:46]
shell stdout: 
[INFO -- 2017-03-14 12:19:46]
shell stdout: 
[INFO -- 2017-03-14 12:19:47]
shell stdout: 
[INFO -- 2017-03-14 12:19:47]
shell stdout: 
[INFO -- 2017-03-14 12:19:47]
shell stdout: 
[INFO -- 2017-03-14 12:19:47]
shell stdout: 
[INFO -- 2017-03-14 12:19:47]
shell stdout: 
[INFO -- 2017-03-14 12:19:47]
shell stdout: 
[INFO -- 2017-03-14 12:19:48]
shell stdout: 
[INFO -- 2017-03-14 12:19:48]
shell stdout: 
[INFO -- 2017-03-14 12:19:48]
shell stdout: 
[INFO -- 2017-03-14 12:19:48]
shell stdout: 
[INFO -- 2017-03-14 12:19:48]
shell stdout: 
[INFO -- 2017-03-14 12:19:48]
shell stdout: 
[INFO -- 2017-03-14 12:19:48]
shell stdout: 
[INFO -- 2017-03-14 12:19:48]
shell stdout: 
[INFO -- 2017-03-14 12:19:49]
shell stdout: 
[INFO -- 2017-03-14 12:19:49]
shell stdout: 
[INFO -- 2017-03-14 12:19:49]
shell stdout: 
[INFO -- 2017-03-14 12:19:49]
shell stdout: 
[INFO -- 2017-03-14 12:19:49]
shell stdout: 
[INFO -- 2017-03-14 12:19:49]
shell stdout: 
[INFO -- 2017-03-14 12:19:49]
shell stdout: 
[INFO -- 2017-03-14 12:19:49]
shell stdout: 
[INFO -- 2017-03-14 12:19:50]
shell stdout: 
[INFO -- 2017-03-14 12:19:50]
shell stdout: 
[INFO -- 2017-03-14 12:19:50]
shell stdout: 
[INFO -- 2017-03-14 12:19:50]
shell stdout: 
[INFO -- 2017-03-14 12:19:50]
shell stdout: 
[INFO -- 2017-03-14 12:19:50]
shell stdout: 
[INFO -- 2017-03-14 12:19:51]
shell stdout: 
[INFO -- 2017-03-14 12:19:51]
shell stdout: 
[INFO -- 2017-03-14 12:19:51]
shell stdout: 
[INFO -- 2017-03-14 12:19:51]
shell stdout: 
[INFO -- 2017-03-14 12:19:51]
shell stdout: 
[INFO -- 2017-03-14 12:19:51]
shell stdout: 
[INFO -- 2017-03-14 12:19:51]
shell stdout: 
[INFO -- 2017-03-14 12:19:52]
shell stdout: 
[INFO -- 2017-03-14 12:19:52]
shell stdout: 
[INFO -- 2017-03-14 12:19:52]
shell stdout: 
[INFO -- 2017-03-14 12:19:52]
shell stdout: 
[INFO -- 2017-03-14 12:19:52]
shell stdout: 
[INFO -- 2017-03-14 12:19:53]
shell stdout: 
[INFO -- 2017-03-14 12:19:53]
shell stdout: 
[INFO -- 2017-03-14 12:19:53]
shell stdout: 
[INFO -- 2017-03-14 12:19:53]
shell stdout: 
[INFO -- 2017-03-14 12:19:54]
shell stdout: 
[INFO -- 2017-03-14 12:19:54]
shell stdout: 
[INFO -- 2017-03-14 12:19:54]
shell stdout: 
[INFO -- 2017-03-14 12:19:55]
shell stdout: 
[INFO -- 2017-03-14 12:20:13]
no gdbExecName running, out:
[INFO -- 2017-03-14 12:20:13]
checCmd:ps -e | grep -i gdb-mic
[INFO -- 2017-03-14 12:20:13]
finished now-timestampStart < maxWaitTime*5
[INFO -- 2017-03-14 12:20:13]
now: 1489508412
[INFO -- 2017-03-14 12:20:13]
timestampStart: 1489508367
[INFO -- 2017-03-14 12:20:13]
kill cmd: killall -9 gdb-mic
[INFO -- 2017-03-14 12:20:13]
shell stdout: 
[INFO -- 2017-03-14 12:20:14]
kill cmd: ssh -T mic0 killall -9 needle_check
[INFO -- 2017-03-14 12:20:14]
shell stdout: 
[INFO -- 2017-03-14 12:20:14]
kill cmd: ssh -T mic0 killall -9 gdbserver
[INFO -- 2017-03-14 12:20:14]
shell stdout: 
[INFO -- 2017-03-14 12:20:15]
kill cmd: ssh -T mic0 killall -9 sshd
[INFO -- 2017-03-14 12:20:15]
shell stdout: 
