[INFO -- 2017-03-03 19:50:10]
Starting GDB script
[INFO -- 2017-03-03 19:50:10]
initSignal:21.0
[INFO -- 2017-03-03 19:50:10]
endSignal:28.0
[INFO -- 2017-03-03 19:50:10]
seqSignal:15
[INFO -- 2017-03-03 19:50:33]
sending 15 signals using command: 'ssh -T mic1 killall -2 dgemm_check' after 22.0829222038s
[INFO -- 2017-03-03 19:50:33]
shell stdout: 
[INFO -- 2017-03-03 19:50:34]
shell stdout: 
[INFO -- 2017-03-03 19:50:34]
sending 15 signals using command: 'ssh -T mic1 killall -2 dgemm_check' after 23.4099701875s
[INFO -- 2017-03-03 19:50:34]
shell stdout: 
[INFO -- 2017-03-03 19:50:34]
shell stdout: 
[INFO -- 2017-03-03 19:50:35]
shell stdout: 
[INFO -- 2017-03-03 19:50:35]
shell stdout: 
[INFO -- 2017-03-03 19:50:35]
shell stdout: 
[INFO -- 2017-03-03 19:50:35]
shell stdout: 
[INFO -- 2017-03-03 19:50:36]
shell stdout: 
[INFO -- 2017-03-03 19:50:36]
shell stdout: 
[INFO -- 2017-03-03 19:50:36]
shell stdout: 
[INFO -- 2017-03-03 19:50:36]
shell stdout: 
[INFO -- 2017-03-03 19:50:36]
sending 15 signals using command: 'ssh -T mic1 killall -2 dgemm_check' after 25.5840670515s
[INFO -- 2017-03-03 19:50:36]
shell stdout: 
[INFO -- 2017-03-03 19:50:36]
shell stdout: 
[INFO -- 2017-03-03 19:50:37]
shell stdout: 
[INFO -- 2017-03-03 19:50:37]
shell stdout: 
[INFO -- 2017-03-03 19:50:37]
shell stdout: 
[INFO -- 2017-03-03 19:50:37]
shell stdout: 
[INFO -- 2017-03-03 19:50:37]
shell stdout: 
[INFO -- 2017-03-03 19:50:37]
shell stdout: 
[INFO -- 2017-03-03 19:50:37]
shell stdout: 
[INFO -- 2017-03-03 19:50:38]
shell stdout: 
[INFO -- 2017-03-03 19:50:38]
shell stdout: 
[INFO -- 2017-03-03 19:50:38]
shell stdout: 
[INFO -- 2017-03-03 19:50:38]
shell stdout: 
[INFO -- 2017-03-03 19:50:38]
shell stdout: 
[INFO -- 2017-03-03 19:50:38]
shell stdout: 
[INFO -- 2017-03-03 19:50:39]
shell stdout: 
[INFO -- 2017-03-03 19:50:39]
shell stdout: 
[INFO -- 2017-03-03 19:50:39]
shell stdout: 
[INFO -- 2017-03-03 19:50:39]
shell stdout: 
[INFO -- 2017-03-03 19:50:39]
shell stdout: 
[INFO -- 2017-03-03 19:50:39]
shell stdout: 
[INFO -- 2017-03-03 19:50:39]
shell stdout: 
[INFO -- 2017-03-03 19:50:40]
shell stdout: 
[INFO -- 2017-03-03 19:50:40]
shell stdout: 
[INFO -- 2017-03-03 19:50:40]
shell stdout: 
[INFO -- 2017-03-03 19:50:40]
shell stdout: 
[INFO -- 2017-03-03 19:50:40]
shell stdout: 
[INFO -- 2017-03-03 19:50:40]
shell stdout: 
[INFO -- 2017-03-03 19:50:41]
shell stdout: 
[INFO -- 2017-03-03 19:50:41]
shell stdout: 
[INFO -- 2017-03-03 19:50:42]
shell stdout: 
[INFO -- 2017-03-03 19:50:42]
shell stdout: 
[INFO -- 2017-03-03 19:50:43]
shell stdout: 
[INFO -- 2017-03-03 19:51:21]
no gdbExecName running, out:
[INFO -- 2017-03-03 19:51:21]
checCmd:ps -e | grep -i gdb-mic
[INFO -- 2017-03-03 19:51:21]
finished now-timestampStart < maxWaitTime*5
[INFO -- 2017-03-03 19:51:21]
now: 1488588672
[INFO -- 2017-03-03 19:51:21]
timestampStart: 1488588610
[INFO -- 2017-03-03 19:51:21]
kill cmd: killall -9 gdb-mic
[INFO -- 2017-03-03 19:51:21]
shell stdout: 
[INFO -- 2017-03-03 19:51:22]
kill cmd: ssh -T mic1 killall -9 dgemm_check
[INFO -- 2017-03-03 19:51:22]
shell stdout: 
[INFO -- 2017-03-03 19:51:22]
kill cmd: ssh -T mic1 killall -9 gdbserver
[INFO -- 2017-03-03 19:51:22]
shell stdout: 
[INFO -- 2017-03-03 19:51:22]
kill cmd: ssh -T mic1 killall -9 sshd
[INFO -- 2017-03-03 19:51:22]
shell stdout: 
