2017-01-25 08:43:33:Starting GDB script
2017-01-25 08:43:33:initSignal:4.0
2017-01-25 08:43:33:endSignal:6.0
2017-01-25 08:43:33:seqSignal:30
2017-01-25 08:43:38:sending 30 signals using command: 'ssh -T mic0 killall -2 lud_check' after 4.91365321153s
2017-01-25 08:43:39:sending 30 signals using command: 'ssh -T mic0 killall -2 lud_check' after 5.17929637152s
2017-01-25 08:43:39:sending 30 signals using command: 'ssh -T mic0 killall -2 lud_check' after 5.26867456129s
2017-01-25 08:43:39:shell stdout: 
2017-01-25 08:43:39:shell stdout: 
2017-01-25 08:43:39:shell stdout: 
2017-01-25 08:43:40:shell stdout: 
2017-01-25 08:43:40:shell stdout: 
2017-01-25 08:43:40:shell stdout: 
2017-01-25 08:43:40:shell stdout: 
2017-01-25 08:43:40:shell stdout: 
2017-01-25 08:43:40:shell stdout: 
2017-01-25 08:43:41:shell stdout: 
2017-01-25 08:43:41:shell stdout: 
2017-01-25 08:43:41:shell stdout: 
2017-01-25 08:43:41:shell stdout: 
2017-01-25 08:43:41:shell stdout: 
2017-01-25 08:43:41:shell stdout: 
2017-01-25 08:43:41:shell stdout: 
2017-01-25 08:43:41:shell stdout: 
2017-01-25 08:43:41:shell stdout: 
2017-01-25 08:43:42:shell stdout: 
2017-01-25 08:43:42:shell stdout: 
2017-01-25 08:43:42:shell stdout: 
2017-01-25 08:43:42:shell stdout: 
2017-01-25 08:43:42:shell stdout: 
2017-01-25 08:43:42:shell stdout: 
2017-01-25 08:43:43:shell stdout: 
2017-01-25 08:43:43:shell stdout: 
2017-01-25 08:43:43:shell stdout: 
2017-01-25 08:43:43:shell stdout: 
2017-01-25 08:43:43:shell stdout: 
2017-01-25 08:43:43:shell stdout: 
2017-01-25 08:43:44:shell stdout: 
2017-01-25 08:43:44:shell stdout: 
2017-01-25 08:43:44:shell stdout: 
2017-01-25 08:43:44:shell stdout: 
2017-01-25 08:43:44:shell stdout: 
2017-01-25 08:43:44:shell stdout: 
2017-01-25 08:43:44:shell stdout: 
2017-01-25 08:43:44:shell stdout: 
2017-01-25 08:43:45:shell stdout: 
2017-01-25 08:43:45:shell stdout: 
2017-01-25 08:43:45:shell stdout: 
2017-01-25 08:43:45:shell stdout: 
2017-01-25 08:43:45:shell stdout: 
2017-01-25 08:43:45:shell stdout: 
2017-01-25 08:43:45:shell stdout: 
2017-01-25 08:43:46:shell stdout: 
2017-01-25 08:43:46:shell stdout: 
2017-01-25 08:43:46:shell stdout: 
2017-01-25 08:43:47:shell stdout: 
2017-01-25 08:43:47:shell stdout: 
2017-01-25 08:43:47:shell stdout: 
2017-01-25 08:43:47:shell stdout: 
2017-01-25 08:43:47:shell stdout: 
2017-01-25 08:43:47:shell stdout: 
2017-01-25 08:43:48:shell stdout: 
2017-01-25 08:43:48:shell stdout: 
2017-01-25 08:43:48:shell stdout: 
2017-01-25 08:43:48:shell stdout: 
2017-01-25 08:43:48:shell stdout: 
2017-01-25 08:43:48:shell stdout: 
2017-01-25 08:43:49:shell stdout: 
2017-01-25 08:43:49:shell stdout: 
2017-01-25 08:43:49:shell stdout: 
2017-01-25 08:43:49:shell stdout: 
2017-01-25 08:43:49:shell stdout: 
2017-01-25 08:43:49:shell stdout: 
2017-01-25 08:43:49:shell stdout: 
2017-01-25 08:43:49:shell stdout: 
2017-01-25 08:43:49:shell stdout: 
2017-01-25 08:43:50:shell stdout: 
2017-01-25 08:43:50:shell stdout: 
2017-01-25 08:43:50:shell stdout: 
2017-01-25 08:43:50:shell stdout: 
2017-01-25 08:43:50:shell stdout: 
2017-01-25 08:43:50:shell stdout: 
2017-01-25 08:43:51:shell stdout: 
2017-01-25 08:43:51:shell stdout: 
2017-01-25 08:43:51:shell stdout: 
2017-01-25 08:43:51:shell stdout: 
2017-01-25 08:43:51:shell stdout: 
2017-01-25 08:43:51:shell stdout: 
2017-01-25 08:43:51:shell stdout: 
2017-01-25 08:43:52:shell stdout: 
2017-01-25 08:43:52:shell stdout: 
2017-01-25 08:43:52:shell stdout: 
2017-01-25 08:43:52:shell stdout: 
2017-01-25 08:43:52:shell stdout: 
2017-01-25 08:43:52:shell stdout: 
2017-01-25 08:43:52:shell stdout: 
2017-01-25 08:43:52:shell stdout: 
2017-01-25 08:43:53:no gdbExecName running, out:
2017-01-25 08:43:53:checCmd:ps -e | grep -i gdb-mic
2017-01-25 08:43:53:finished now-timestampStart < maxWaitTime*5
2017-01-25 08:43:53:now: 1485351832
2017-01-25 08:43:53:timestampStart: 1485351813
2017-01-25 08:43:53:kill cmd: killall -9 gdb-mic
2017-01-25 08:43:53:shell stdout: 
2017-01-25 08:43:54:kill cmd: ssh -T mic0 killall -9 lud_check
2017-01-25 08:43:54:shell stdout: 
2017-01-25 08:43:54:kill cmd: ssh -T mic0 killall -9 gdbserver
2017-01-25 08:43:54:shell stdout: 
2017-01-25 08:43:54:kill cmd: ssh -T mic0 killall -9 sshd
2017-01-25 08:43:54:shell stdout: 
