2017-01-25 07:25:29:Starting flip_value script
2017-01-25 07:25:29:Initialization strings:
2017-01-25 07:25:29:(1) target extended-remote | ssh -T mic0 gdbserver --multi -
2017-01-25 07:25:29:(2) set sysroot /opt/mpss/3.7/sysroots/k1om-mpss-linux/
2017-01-25 07:25:29:(3) set sysroot /opt/mpss/3.7/sysroots/k1om-mpss-linux/
2017-01-25 07:25:29:(4) file /micNfs/gdb-fault-injection/injector/bin/lud/lud_check
2017-01-25 07:25:29:(5) set remote exec-file /micNfs/gdb-fault-injection/injector/bin/lud/lud_check
2017-01-25 07:25:29:(6) set args -s 2048 -n 228 -i /micNfs/gdb-fault-injection/injector/bin/lud/input_2048_th_228 -g /micNfs/gdb-fault-injection/injector/bin/lud/gold_2048_th_228
2017-01-25 07:25:29:initSignal:2
2017-01-25 07:25:29:endSignal:4
2017-01-25 07:25:29:seqSignal:30
2017-01-25 07:25:33:Trying Fault Injection
2017-01-25 07:25:33:Inferior PID: 5010
2017-01-25 07:25:33:Inferior is valid: True
2017-01-25 07:25:34:Inferior #threads: 229
2017-01-25 07:25:34:Backtrace BEGIN:
2017-01-25 07:25:34:#0  0x0000000000404cbe in L_lud_omp_123__par_loop2_2_5 () at lud_omp.c:148
#1  0x00007ffff790ba1f in ?? ()
#2  0x00007fffffffd9c0 in ?? ()
#3  0x00007ffff4ea0100 in ?? ()
#4  0x0000000000000001 in ?? ()
#5  0x0000000000000003 in ?? ()
#6  0x0000000000000000 in ?? ()

2017-01-25 07:25:34:143	            for (i = 0; i < BS; i++)
144	            {
145	                for (k=0; k < BS; k++) {
146	#pragma omp simd 
147	                    for (j = 0; j < BS; j++) {
148	                        sum[j] += temp_left[BS*i + k] * temp_top[BS*k + j];
149	                    }
150	                }
151	#pragma omp simd 
152	                for (j = 0; j < BS; j++) {

2017-01-25 07:25:34:Backtrace END
2017-01-25 07:25:51:Thread name: None
2017-01-25 07:25:51:Thread num: 164
2017-01-25 07:25:51:Thread ptid: (5010, 5177, 0)
2017-01-25 07:25:51:Error Exception(frameFlip): invalid frame
2017-01-25 07:25:51:Error Exception(frameFlip): invalid frame
2017-01-25 07:25:51:Error Exception(frameFlip): invalid frame
2017-01-25 07:25:51:Error Exception(frameFlip): invalid frame
2017-01-25 07:25:51:Error Exception(frameFlip): invalid frame
2017-01-25 07:25:51:Error Exception(frameFlip): invalid frame
2017-01-25 07:25:51:Error Exception(frameFlip): invalid frame
2017-01-25 07:25:51:Error Exception(frameFlip): invalid frame
2017-01-25 07:25:51:Error Exception(frameFlip): invalid frame
2017-01-25 07:25:51:Error Exception(frameFlip): invalid frame
2017-01-25 07:25:51:Error Exception(frameFlip): invalid frame
2017-01-25 07:25:51:Error Exception(frameFlip): invalid frame
2017-01-25 07:25:51:Error Exception(frameFlip): invalid frame
2017-01-25 07:25:51:Error Exception(frameFlip): invalid frame
2017-01-25 07:25:51:Error Exception(frameFlip): invalid frame
2017-01-25 07:25:51:Error Exception(frameFlip): invalid frame
2017-01-25 07:25:51:Error Exception(frameFlip): invalid frame
2017-01-25 07:25:51:Error Exception(frameFlip): invalid frame
2017-01-25 07:25:51:Error Exception(frameFlip): invalid frame
2017-01-25 07:25:51:Error Exception(frameFlip): invalid frame
2017-01-25 07:25:51:Error Exception(frameFlip): invalid frame
2017-01-25 07:25:51:Error Exception(frameFlip): invalid frame
2017-01-25 07:25:51:Error Exception(frameFlip): invalid frame
2017-01-25 07:25:51:Error Exception(frameFlip): invalid frame
2017-01-25 07:25:51:Error Exception(frameFlip): invalid frame
2017-01-25 07:25:51:Error Exception(frameFlip): invalid frame
2017-01-25 07:25:51:Error Exception(frameFlip): invalid frame
2017-01-25 07:25:51:Error Exception(frameFlip): invalid frame
2017-01-25 07:25:51:Error Exception(frameFlip): invalid frame
2017-01-25 07:25:51:Error Exception(frameFlip): invalid frame
2017-01-25 07:25:51:Error Exception(frameFlip): invalid frame
2017-01-25 07:25:51:Error Exception(frameFlip): invalid frame
2017-01-25 07:25:51:Error Exception(frameFlip): invalid frame
2017-01-25 07:25:51:Error Exception(frameFlip): invalid frame
2017-01-25 07:25:51:Error Exception(frameFlip): invalid frame
2017-01-25 07:25:51:Error Exception(frameFlip): invalid frame
2017-01-25 07:25:51:Error Exception(frameFlip): invalid frame
2017-01-25 07:25:51:Error Exception(frameFlip): invalid frame
2017-01-25 07:25:51:Error Exception(frameFlip): invalid frame
2017-01-25 07:25:51:Error Exception(frameFlip): invalid frame
2017-01-25 07:25:51:Error Exception(frameFlip): invalid frame
2017-01-25 07:25:51:Error Exception(frameFlip): invalid frame
2017-01-25 07:25:51:Error Exception(frameFlip): invalid frame
2017-01-25 07:25:51:Error Exception(frameFlip): invalid frame
2017-01-25 07:25:51:Error Exception(frameFlip): invalid frame
2017-01-25 07:25:51:Error Exception(frameFlip): invalid frame
2017-01-25 07:25:51:Error Exception(frameFlip): invalid frame
2017-01-25 07:25:51:Error Exception(frameFlip): invalid frame
2017-01-25 07:25:51:Error Exception(frameFlip): invalid frame
2017-01-25 07:25:51:Error Exception(frameFlip): invalid frame
2017-01-25 07:25:51:Error Exception(frameFlip): invalid frame
2017-01-25 07:25:51:Error Exception(frameFlip): invalid frame
2017-01-25 07:25:51:Error Exception(frameFlip): invalid frame
2017-01-25 07:25:51:Error Exception(frameFlip): invalid frame
2017-01-25 07:25:51:Error Exception(frameFlip): invalid frame
2017-01-25 07:25:51:Error Exception(frameFlip): invalid frame
2017-01-25 07:25:51:Error Exception(frameFlip): invalid frame
2017-01-25 07:25:51:Error Exception(frameFlip): invalid frame
2017-01-25 07:25:51:Error Exception(frameFlip): invalid frame
2017-01-25 07:25:51:Error Exception(frameFlip): invalid frame
2017-01-25 07:25:51:Error Exception(frameFlip): invalid frame
2017-01-25 07:25:51:Error Exception(frameFlip): invalid frame
2017-01-25 07:25:51:Error Exception(frameFlip): invalid frame
2017-01-25 07:25:51:Error Exception(frameFlip): invalid frame
2017-01-25 07:25:51:Error Exception(frameFlip): invalid frame
2017-01-25 07:25:51:Error Exception(frameFlip): invalid frame
2017-01-25 07:25:51:Error Exception(frameFlip): invalid frame
2017-01-25 07:25:51:Error Exception(frameFlip): invalid frame
2017-01-25 07:25:51:Error Exception(frameFlip): invalid frame
2017-01-25 07:25:51:Error Exception(frameFlip): invalid frame
2017-01-25 07:25:51:Error Exception(frameFlip): invalid frame
2017-01-25 07:25:51:Error Exception(frameFlip): invalid frame
2017-01-25 07:25:51:Error Exception(frameFlip): invalid frame
2017-01-25 07:25:51:Error Exception(frameFlip): invalid frame
2017-01-25 07:25:51:Error Exception(frameFlip): invalid frame
2017-01-25 07:25:51:Error Exception(frameFlip): invalid frame
2017-01-25 07:25:51:Error Exception(frameFlip): invalid frame
2017-01-25 07:25:51:Error Exception(frameFlip): invalid frame
2017-01-25 07:25:51:Error Exception(frameFlip): invalid frame
2017-01-25 07:25:51:Error Exception(frameFlip): invalid frame
2017-01-25 07:25:51:Error Exception(frameFlip): invalid frame
2017-01-25 07:25:51:Error Exception(frameFlip): invalid frame
2017-01-25 07:25:51:Error Exception(frameFlip): invalid frame
2017-01-25 07:25:51:Error Exception(frameFlip): invalid frame
2017-01-25 07:25:51:Error Exception(frameFlip): invalid frame
2017-01-25 07:25:51:Error Exception(frameFlip): invalid frame
2017-01-25 07:25:51:Error Exception(frameFlip): invalid frame
2017-01-25 07:25:51:Error Exception(frameFlip): invalid frame
2017-01-25 07:25:51:Error Exception(frameFlip): invalid frame
2017-01-25 07:25:51:Error Exception(frameFlip): invalid frame
2017-01-25 07:25:51:Error Exception(frameFlip): invalid frame
2017-01-25 07:25:51:Error Exception(frameFlip): invalid frame
2017-01-25 07:25:51:Error Exception(frameFlip): invalid frame
2017-01-25 07:25:51:Error Exception(frameFlip): invalid frame
2017-01-25 07:25:51:Error Exception(frameFlip): invalid frame
2017-01-25 07:25:51:Error Exception(frameFlip): invalid frame
2017-01-25 07:25:51:Error Exception(frameFlip): invalid frame
2017-01-25 07:25:51:Error Exception(frameFlip): invalid frame
2017-01-25 07:25:51:Error Exception(frameFlip): invalid frame
2017-01-25 07:25:51:Error Exception(frameFlip): invalid frame
2017-01-25 07:25:51:Error Exception(frameFlip): invalid frame
2017-01-25 07:25:51:Error Exception(frameFlip): invalid frame
2017-01-25 07:25:51:Error Exception(frameFlip): invalid frame
2017-01-25 07:25:51:Error Exception(frameFlip): invalid frame
2017-01-25 07:25:51:Error Exception(frameFlip): invalid frame
2017-01-25 07:25:51:Error Exception(frameFlip): invalid frame
2017-01-25 07:25:51:Error Exception(frameFlip): invalid frame
2017-01-25 07:25:51:Error Exception(frameFlip): invalid frame
2017-01-25 07:25:51:Error Exception(frameFlip): invalid frame
2017-01-25 07:25:51:Error Exception(frameFlip): invalid frame
2017-01-25 07:25:51:Error Exception(frameFlip): invalid frame
2017-01-25 07:25:51:Error Exception(frameFlip): invalid frame
2017-01-25 07:25:51:Error Exception(frameFlip): invalid frame
2017-01-25 07:25:51:Error Exception(frameFlip): invalid frame
2017-01-25 07:25:51:Error Exception(frameFlip): invalid frame
2017-01-25 07:25:51:Error Exception(frameFlip): invalid frame
2017-01-25 07:25:51:Error Exception(frameFlip): invalid frame
2017-01-25 07:25:51:Error Exception(frameFlip): invalid frame
2017-01-25 07:25:51:Error Exception(frameFlip): invalid frame
2017-01-25 07:25:51:Error Exception(frameFlip): invalid frame
2017-01-25 07:25:51:Error Exception(frameFlip): invalid frame
2017-01-25 07:25:51:Error Exception(frameFlip): invalid frame
2017-01-25 07:25:51:Error Exception(frameFlip): invalid frame
2017-01-25 07:25:51:Error Exception(frameFlip): invalid frame
2017-01-25 07:25:51:Error Exception(frameFlip): invalid frame
2017-01-25 07:25:51:Error Exception(frameFlip): invalid frame
2017-01-25 07:25:51:Error Exception(frameFlip): invalid frame
2017-01-25 07:25:51:Error Exception(frameFlip): invalid frame
2017-01-25 07:25:51:Error Exception(frameFlip): invalid frame
2017-01-25 07:25:51:Error Exception(frameFlip): invalid frame
2017-01-25 07:25:51:Error Exception(frameFlip): invalid frame
2017-01-25 07:25:51:Error Exception(frameFlip): invalid frame
2017-01-25 07:25:51:Error Exception(frameFlip): invalid frame
2017-01-25 07:25:51:Error Exception(frameFlip): invalid frame
2017-01-25 07:25:51:Error Exception(frameFlip): invalid frame
2017-01-25 07:25:51:Error Exception(frameFlip): invalid frame
2017-01-25 07:25:51:Error Exception(frameFlip): invalid frame
2017-01-25 07:25:51:Error Exception(frameFlip): invalid frame
2017-01-25 07:25:51:Error Exception(frameFlip): invalid frame
2017-01-25 07:25:51:Error Exception(frameFlip): invalid frame
2017-01-25 07:25:51:Error Exception(frameFlip): invalid frame
2017-01-25 07:25:51:Error Exception(frameFlip): invalid frame
2017-01-25 07:25:51:Error Exception(frameFlip): invalid frame
2017-01-25 07:25:51:Error Exception(frameFlip): invalid frame
2017-01-25 07:25:51:Error Exception(frameFlip): invalid frame
2017-01-25 07:25:51:Error Exception(frameFlip): invalid frame
2017-01-25 07:25:51:Error Exception(frameFlip): invalid frame
2017-01-25 07:25:51:Error Exception(frameFlip): invalid frame
2017-01-25 07:25:51:Error Exception(frameFlip): invalid frame
2017-01-25 07:25:51:Error Exception(frameFlip): invalid frame
2017-01-25 07:25:51:Error Exception(frameFlip): invalid frame
2017-01-25 07:25:51:Error Exception(frameFlip): invalid frame
2017-01-25 07:25:51:Error Exception(frameFlip): invalid frame
2017-01-25 07:25:51:Error Exception(frameFlip): invalid frame
2017-01-25 07:25:51:Error Exception(frameFlip): invalid frame
2017-01-25 07:25:51:Error Exception(frameFlip): invalid frame
2017-01-25 07:25:51:Error Exception(frameFlip): invalid frame
2017-01-25 07:25:51:Error Exception(frameFlip): invalid frame
2017-01-25 07:25:51:Error Exception(frameFlip): invalid frame
2017-01-25 07:25:51:Error Exception(frameFlip): invalid frame
2017-01-25 07:25:51:Error Exception(frameFlip): invalid frame
2017-01-25 07:25:51:Error Exception(frameFlip): invalid frame
2017-01-25 07:25:51:Error Exception(frameFlip): invalid frame
2017-01-25 07:25:51:Error Exception(frameFlip): invalid frame
2017-01-25 07:25:51:Error Exception(frameFlip): invalid frame
2017-01-25 07:25:51:Error Exception(frameFlip): invalid frame
2017-01-25 07:25:51:Error Exception(frameFlip): invalid frame
2017-01-25 07:25:51:Error Exception(frameFlip): invalid frame
2017-01-25 07:25:51:Error Exception(frameFlip): invalid frame
2017-01-25 07:25:51:Error Exception(frameFlip): invalid frame
2017-01-25 07:25:51:Error Exception(frameFlip): invalid frame
2017-01-25 07:25:51:Error Exception(frameFlip): invalid frame
2017-01-25 07:25:51:Error Exception(frameFlip): invalid frame
2017-01-25 07:25:51:Error Exception(frameFlip): invalid frame
2017-01-25 07:25:51:Error Exception(frameFlip): invalid frame
2017-01-25 07:25:51:Error Exception(frameFlip): invalid frame
2017-01-25 07:25:51:Error Exception(frameFlip): invalid frame
2017-01-25 07:25:51:Error Exception(frameFlip): invalid frame
2017-01-25 07:25:51:Error Exception(frameFlip): invalid frame
2017-01-25 07:25:51:Error Exception(frameFlip): invalid frame
2017-01-25 07:25:51:Error Exception(frameFlip): invalid frame
2017-01-25 07:25:51:Error Exception(frameFlip): invalid frame
2017-01-25 07:25:51:Error Exception(frameFlip): invalid frame
2017-01-25 07:25:51:Error Exception(frameFlip): invalid frame
2017-01-25 07:25:51:Error Exception(frameFlip): invalid frame
2017-01-25 07:25:51:Error Exception(frameFlip): invalid frame
2017-01-25 07:25:51:Error Exception(frameFlip): invalid frame
2017-01-25 07:25:51:Error Exception(frameFlip): invalid frame
2017-01-25 07:25:51:Error Exception(frameFlip): invalid frame
2017-01-25 07:25:51:Error Exception(frameFlip): invalid frame
2017-01-25 07:25:51:Error Exception(frameFlip): invalid frame
2017-01-25 07:25:51:Error Exception(frameFlip): invalid frame
2017-01-25 07:25:51:Error Exception(frameFlip): invalid frame
2017-01-25 07:25:51:Error Exception(frameFlip): invalid frame
2017-01-25 07:25:51:Error Exception(frameFlip): invalid frame
2017-01-25 07:25:51:Error Exception(frameFlip): invalid frame
2017-01-25 07:25:51:Error Exception(frameFlip): invalid frame
2017-01-25 07:25:51:Error Exception(frameFlip): invalid frame
2017-01-25 07:25:51:Error Exception(frameFlip): invalid frame
2017-01-25 07:25:51:Error Exception(frameFlip): invalid frame
2017-01-25 07:25:51:Error Exception(frameFlip): invalid frame
2017-01-25 07:25:51:Error Exception(frameFlip): invalid frame
2017-01-25 07:25:51:Error Exception(frameFlip): invalid frame
2017-01-25 07:25:51:Error Exception(frameFlip): invalid frame
2017-01-25 07:25:51:Error Exception(frameFlip): invalid frame
2017-01-25 07:25:51:Error Exception(frameFlip): invalid frame
2017-01-25 07:25:51:bitFlip function
2017-01-25 07:25:51:Type: The type is an array.
2017-01-25 07:25:51:Type sizeof: 1024
2017-01-25 07:25:51:Fliping array at pos: 26
2017-01-25 07:25:51:bitFlip function
2017-01-25 07:25:51:Type: A floating point type.
2017-01-25 07:25:51:Type sizeof: 4
2017-01-25 07:25:51:Mem contents(hex):0x890xe90x8d0x3b
2017-01-25 07:25:51:base address to flip value: 0x7fffffffcce8
2017-01-25 07:25:51:address max offset: 4
2017-01-25 07:25:51:Memory content before bitflip:0x890xe90x8d0x3b
2017-01-25 07:25:51:Memory content after  bitflip:0x890x690x8d0x3b
2017-01-25 07:25:51:Mem contents(hex):0x890x690x8d0x3b
2017-01-25 07:25:51:frame name: L_lud_omp_123__par_loop2_2_5
2017-01-25 07:25:51:symbol name: temp_top
2017-01-25 07:25:51:symbol filename: lud_omp.c
2017-01-25 07:25:51:symbol line: 128
2017-01-25 07:25:51:value: {0.00436989218, 0.00436576456, 0.00436135381, 0.00435625762, 0.00435255468, 0.00434779376, 0.00434350967, 0.00433967263, 0.00433501601, 0.00433075428, 0.00432644784, 0.00432161987, 0.0043181181, 0.00431331247, 0.00430922955, 0.00430487096, 0.0043745148, 0.00437017437, 0.00436559552, 0.00436160387, 0.00435669767, 0.00435317634, 0.00434819516, 0.00434409361, 0.0043397448, 0.00433523301, 0.00431555929, 0.00432655122, 0.00432247994, 0.00431799702, 0.00431361981, 0.00430967379, 0.00437882915, 0.0043744836, 0.00437016785, 0.00436582975, 0.00436175987, 0.0043565277, 0.00435297936, 0.00434807502, 0.00434388686, 0.00433955528, 0.00433549285, 0.0043312069, 0.00432619266, 0.00432236772, 0.00431784336, 0.0043130815, 0.00438329019, 0.00437860657, 0.00437422656, 0.00436970592, 0.00436569192, 0.00436156616, 0.0043565603, 0.00435255468, 0.00434839167, 0.00434428826, 0.00433951616, 0.00433493406, 0.00433115009, 0.00432642177, 0.00432260893, 0.00431782007, 0.00438730791, 0.00438319892, 0.00437892787, 0.00437478162, 0.00436990708, 0.00436576828, 0.00436165929, 0.00435678661, 0.00435256399, 0.00434804894, 0.00434410945, 0.00434001163, 0.0043353904, 0.00433109328, 0.00432633236, 0.00432289392, 0.00439193286, 0.00438760407, 0.00438338704, 0.00437866524, 0.00437447801, 0.00437009893, 0.00436532497, 0.00436141156, 0.00435664691, 0.00435275584, 0.00434783287, 0.0043438226, 0.00433922186, 0.00433535129, 0.00433051214, 0.00432629138, 0.00439651683, 0.00439217687, 0.00438771583, 0.00438340567, 0.00437844917, 0.00437437557, 0.00437059253, 0.00436595827, 0.00436150469, 0.0043564178, 0.00435275584, 0.00434793532, 0.00434398651, 0.00433946773, 0.00433539599, 0.00433092006, 0.0044002682, 0.00439571217, 0.00439185277, 0.00438719243, 0.00438289158, 0.00437816978, 0.00437392853, 0.00436987355, 0.00436562672, 0.00436132774, 0.00435641594, 0.00435272604, 0.00434823707, 0.00434362888, 0.00433971174, 0.00433481671, 0.00440495834, 0.00440036133, 0.00439556688, 0.00439161807, 0.00438757613, 0.00438287109, 0.00437832996, 0.00437381119, 0.00436943024, 0.00436561182, 0.00436113775, 0.00435608625, 0.00435199589, 0.00434756279, 0.00434312224, 0.00433915481, 0.00440884009, 0.0044048354, 0.0044000186, 0.00439561158, 0.0043913275, 0.0043871589, 0.00438254699, 0.00437801331, 0.00437342376, 0.00436955318, 0.00436537713, 0.00436101854, 0.00435620546, 0.00435253605, 0.00434784219, 0.00434341654, 0.00441441685, 0.00440981984, 0.00440571457, 0.00440115482, 0.00439663604, 0.00439216197, 0.004387483, 0.00438362733, 0.00437947735, 0.00437440723, 0.00437023491, 0.00436593592, 0.00436183438, 0.00435689092, 0.00435279682, 0.00434849411, 0.00441834331, 0.00441396236, 0.00440961123, 0.00440509245, 0.00440029055, 0.00439613685, 0.00439231843, 0.00438753515, 0.00438294187, 0.0043788366, 0.00437424332, 0.00437009707, 0.00436570495, 0.00436159223, 0.00435670093, 0.00435294956, 0.00442267209, 0.00441776589, 0.00441325456, 0.00440913066, 0.00440525636, 0.0044002831, 0.00439582393, 0.00439133495...}
2017-01-25 07:25:51:value address: 0x7fffffffcc80
2017-01-25 07:25:51:Type: The type is an array.
2017-01-25 07:25:51:Type sizeof: 1024
2017-01-25 07:25:51:Field name: None
2017-01-25 07:25:51:Field Type:
2017-01-25 07:25:51:Type: A range type, that is, an integer type with bounds.
2017-01-25 07:25:51:Type sizeof: 1
2017-01-25 07:25:51:Type range: (0L, 255L)
2017-01-25 07:25:51:Fault Injection Successful after 22.8696110249s
2017-01-25 07:25:52:Fault Already Injected
2017-01-25 07:25:58:event type: exit
2017-01-25 07:25:58:exit code: 1
