2017-01-25 16:58:18:Starting GDB script
2017-01-25 16:58:18:initSignal:14.0
2017-01-25 16:58:18:endSignal:21.0
2017-01-25 16:58:18:seqSignal:15
2017-01-25 16:58:33:sending 15 signals using command: 'ssh -T mic1 killall -2 dgemm_check' after 15.4726708604s
2017-01-25 16:58:33:sending 15 signals using command: 'ssh -T mic1 killall -2 dgemm_check' after 15.7718606681s
2017-01-25 16:58:34:shell stdout: 
2017-01-25 16:58:34:shell stdout: 
2017-01-25 16:58:34:shell stdout: 
2017-01-25 16:58:34:shell stdout: 
2017-01-25 16:58:35:shell stdout: 
2017-01-25 16:58:35:shell stdout: 
2017-01-25 16:58:35:shell stdout: 
2017-01-25 16:58:35:shell stdout: 
2017-01-25 16:58:35:shell stdout: 
2017-01-25 16:58:36:shell stdout: 
2017-01-25 16:58:36:shell stdout: 
2017-01-25 16:58:36:shell stdout: 
2017-01-25 16:58:36:shell stdout: 
2017-01-25 16:58:36:sending 15 signals using command: 'ssh -T mic1 killall -2 dgemm_check' after 18.8044041045s
2017-01-25 16:58:36:shell stdout: 
2017-01-25 16:58:37:shell stdout: 
2017-01-25 16:58:37:shell stdout: 
2017-01-25 16:58:37:shell stdout: 
2017-01-25 16:58:37:shell stdout: 
2017-01-25 16:58:37:shell stdout: 
2017-01-25 16:58:37:shell stdout: 
2017-01-25 16:58:37:shell stdout: 
2017-01-25 16:58:38:shell stdout: 
2017-01-25 16:58:38:shell stdout: 
2017-01-25 16:58:38:shell stdout: 
2017-01-25 16:58:38:shell stdout: 
2017-01-25 16:58:38:shell stdout: 
2017-01-25 16:58:38:shell stdout: 
2017-01-25 16:58:38:shell stdout: 
2017-01-25 16:58:38:shell stdout: 
2017-01-25 16:58:39:shell stdout: 
2017-01-25 16:58:39:shell stdout: 
2017-01-25 16:58:39:shell stdout: 
2017-01-25 16:58:39:shell stdout: 
2017-01-25 16:58:39:shell stdout: 
2017-01-25 16:58:39:shell stdout: 
2017-01-25 16:58:40:shell stdout: 
2017-01-25 16:58:40:shell stdout: 
2017-01-25 16:58:40:shell stdout: 
2017-01-25 16:58:40:shell stdout: 
2017-01-25 16:58:40:shell stdout: 
2017-01-25 16:58:41:shell stdout: 
2017-01-25 16:58:41:shell stdout: 
2017-01-25 16:58:42:shell stdout: 
2017-01-25 16:58:42:shell stdout: 
2017-01-25 16:58:42:shell stdout: 
2017-01-25 16:59:19:no gdbExecName running, out:
2017-01-25 16:59:19:checCmd:ps -e | grep -i gdb-mic
2017-01-25 16:59:19:finished now-timestampStart < maxWaitTime*5
2017-01-25 16:59:19:now: 1485381551
2017-01-25 16:59:19:timestampStart: 1485381498
2017-01-25 16:59:19:kill cmd: killall -9 gdb-mic
2017-01-25 16:59:19:shell stdout: 
2017-01-25 16:59:20:kill cmd: ssh -T mic1 killall -9 dgemm_check
2017-01-25 16:59:20:shell stdout: 
2017-01-25 16:59:20:kill cmd: ssh -T mic1 killall -9 gdbserver
2017-01-25 16:59:20:shell stdout: 
2017-01-25 16:59:20:kill cmd: ssh -T mic1 killall -9 sshd
2017-01-25 16:59:20:shell stdout: 
