[INFO -- 2017-03-18 05:40:24]
Starting flip_value script
version: 2.0
[INFO -- 2017-03-18 05:40:24]
Initialization strings:
[INFO -- 2017-03-18 05:40:24]
(1) target extended-remote | ssh -T mic0 gdbserver --multi -
[INFO -- 2017-03-18 05:40:24]
(2) set sysroot /opt/mpss/3.7/sysroots/k1om-mpss-linux/
[INFO -- 2017-03-18 05:40:24]
(3) set sysroot /opt/mpss/3.7/sysroots/k1om-mpss-linux/
[INFO -- 2017-03-18 05:40:24]
(4) file /micNfs/gdb-fault-injection/injector/bin/clamr/clamr_openmponly
[INFO -- 2017-03-18 05:40:24]
(5) set remote exec-file /micNfs/gdb-fault-injection/injector/bin/clamr/clamr_openmponly
[INFO -- 2017-03-18 05:40:24]
(6) cd /micNfs/gdb-fault-injection/injector/bin/clamr
[INFO -- 2017-03-18 05:40:24]
(7) set args -n 512 -t 100 -g 100 -G data -j md5file
[INFO -- 2017-03-18 05:40:24]
initSignal:40
[INFO -- 2017-03-18 05:40:24]
endSignal:49
[INFO -- 2017-03-18 05:40:24]
seqSignal:20
[INFO -- 2017-03-18 05:40:24]
faultMode:0
[INFO -- 2017-03-18 05:41:13]
Backtrace BEGIN:
#0  0x0000000000520c14 in Mesh::rezone_all (this=0x7f9a50, icount=24, jcount=0, mpot=..., have_state=1, state_memory=...) at /micNfs/gdb-fault-injection/injector/src/clamr/CLAMR/mesh/mesh.cpp:3215
#1  0x0000000000471447 in State::rezone_all (this=0x7fa5e0, icount=24, jcount=0, mpot=...) at /micNfs/gdb-fault-injection/injector/src/clamr/CLAMR/state.cpp:1034
#2  0x0000000000446030 in do_calc () at /micNfs/gdb-fault-injection/injector/src/clamr/CLAMR/clamr_cpuonly.cpp:462
#3  0x0000000000445a73 in main (argc=11, argv=0x7fffffffec58) at /micNfs/gdb-fault-injection/injector/src/clamr/CLAMR/clamr_cpuonly.cpp:380

3210	            }
3211	            if (nrht_old[ic] < (int)ncells && nrht_old[ic] >= 0){
3212	               nrht[nc] = (mpot[nrht_old[ic]] == 0) ? index[nrht_old[ic]] : -1;
3213	            }
3214	            if (nbot_old[ic] < (int)ncells && nbot_old[ic] >= 0){
3215	               nbot[nc] = (mpot[nbot_old[ic]] == 0) ? index[nbot_old[ic]] : -1;
3216	            }
3217	            if (ntop_old[ic] < (int)ncells && ntop_old[ic] >= 0){
3218	               ntop[nc] = (mpot[ntop_old[ic]] == 0) ? index[ntop_old[ic]] : -1;
3219	            }

Backtrace END
Memory content before bitflip:0x8f0xde0x700x1f0xb90x450x2c0x40
Fault Mode: Single bit-flip
base address to flip value: 0x7fffffffea78
address max offset: 8
Memory content after  bitflip:0x8f0xde0x700x1f0xb90x050x2c0x40
frame name: main
symbol name: cpu_time_main_setup
symbol filename: /micNfs/gdb-fault-injection/injector/src/clamr/CLAMR/clamr_cpuonly.cpp
symbol line: 301
value: 14.011177999999999
value address: 0x7fffffffea78
Type: A floating point type.
Type sizeof: 8

[INFO -- 2017-03-18 05:41:13]
Fault Injection Successful after 49.0907690525s
[INFO -- 2017-03-18 05:41:24]
event type: exit
[INFO -- 2017-03-18 05:41:24]
exit code: 0
