2016-11-01 00:49:23:Initialization strings:
2016-11-01 00:49:23:(1) target extended-remote | ssh -T mic0 gdbserver --multi -
2016-11-01 00:49:23:(2) set sysroot /opt/mpss/3.7/sysroots/k1om-mpss-linux/
2016-11-01 00:49:23:(3) set sysroot /opt/mpss/3.7/sysroots/k1om-mpss-linux/
2016-11-01 00:49:23:(4) file /micNfs/gdb-fault-injection-hotspot/bin/hotspot_check
2016-11-01 00:49:23:(5) set remote exec-file /micNfs/gdb-fault-injection-hotspot/bin/hotspot_check
2016-11-01 00:49:23:(6) set args 1024 1024 2000 228 /micNfs/gdb-fault-injection-hotspot/bin/temp_1024 /micNfs/gdb-fault-injection-hotspot/bin/power_1024 /micNfs/gdb-fault-injection-hotspot/bin/GOLD_1024-2000-228
2016-11-01 00:49:27:Trying Fault Injection
2016-11-01 00:49:27:Backtrace BEGIN:
2016-11-01 00:49:27:#0  0x00007ffff71505d0 in __GI_memcpy (dstpp=dstpp@entry=0x7fffffffdf80, srcpp=<optimized out>, len=<optimized out>, len@entry=8) at ../string/memcpy.c:59
#1  0x00007ffff7108cde in __GI_____strtof_l_internal (nptr=nptr@entry=0x7fffffffe010 "323.386258", endptr=endptr@entry=0x7fffffffe240, group=group@entry=0, loc=<optimized out>) at strtod_l.c:1425
#2  0x00007ffff7107c00 in __GI___strtof_internal (nptr=nptr@entry=0x7fffffffe010 "323.386258", endptr=endptr@entry=0x7fffffffe240, group=group@entry=0) at strtod.c:54
#3  0x00007ffff7128bec in _IO_vfscanf_internal (s=s@entry=0x7fffffffe400, format=format@entry=0x407198 "%f", argptr=argptr@entry=0x7fffffffe528, errp=errp@entry=0x0) at vfscanf.c:2332
#4  0x00007ffff71365ea in __GI___isoc99_vsscanf (string=0x7fffffffe77a "323.386258\n", format=0x407198 "%f", args=args@entry=0x7fffffffe528) at isoc99_vsscanf.c:43
#5  0x00007ffff7136569 in __isoc99_sscanf (s=<optimized out>, format=<optimized out>) at isoc99_sscanf.c:31
#6  0x0000000000401744 in read_input (vect=<optimized out>, grid_rows=<optimized out>, grid_cols=-160649200, file=<optimized out>) at hotspot_check.c:206
#7  main (argc=-8317, argv=0xfffffffff71e74d8) at hotspot_check.c:264

2016-11-01 00:49:27:54	in ../string/memcpy.c

2016-11-01 00:49:27:Backtrace END
2016-11-01 00:49:27:Type: The type is an array.
2016-11-01 00:49:27:Type sizeof: 80
2016-11-01 00:49:27:Fliping array at pos: 3
2016-11-01 00:49:27:Type: The type is an integer type.
2016-11-01 00:49:27:Type sizeof: 8
2016-11-01 00:49:27:Mem contents(hex):0x000x000x000x000x000x000x000x00
2016-11-01 00:49:27:base address to flip value: 0x7fffffffdf48
2016-11-01 00:49:27:address max offset: 8
2016-11-01 00:49:27:Memory content before bitflip:0x000x000x000x000x000x000x000x00
2016-11-01 00:49:27:Memory content after  bitflip:0x080x000x000x000x000x000x000x00
2016-11-01 00:49:27:Mem contents(hex):0x080x000x000x000x000x000x000x00
2016-11-01 00:49:27:frame name: __GI_____strtof_l_internal
2016-11-01 00:49:27:symbol name: num
2016-11-01 00:49:27:symbol filename: strtod_l.c
2016-11-01 00:49:27:symbol line: 500
2016-11-01 00:49:27:value: {323, 0, 0, 8, 0, 0, 206158430232, 140737488348672, 140737488348480, 1376256}
2016-11-01 00:49:27:value address: 0x7fffffffdf30
2016-11-01 00:49:27:Type: The type is an array.
2016-11-01 00:49:27:Type sizeof: 80
2016-11-01 00:49:27:Field name: None
2016-11-01 00:49:27:Field Type:
2016-11-01 00:49:27:Type: A range type, that is, an integer type with bounds.
2016-11-01 00:49:27:Type sizeof: 8
2016-11-01 00:49:27:Type range: (0L, 9L)
2016-11-01 00:49:27:Fault Injection Successful after 4.96792292595s
2016-11-01 00:49:28:Fault Already Injected
2016-11-01 00:49:29:Fault Already Injected
2016-11-01 00:49:30:Fault Already Injected
2016-11-01 00:49:30:Fault Already Injected
2016-11-01 00:49:30:Fault Already Injected
2016-11-01 00:49:33:Fault Already Injected
2016-11-01 00:49:34:Fault Already Injected
2016-11-01 00:49:38:Fault Already Injected
2016-11-01 00:49:38:Fault Already Injected
2016-11-01 00:49:39:event type: exit
2016-11-01 00:49:39:exit code: 0
