[INFO -- 2017-02-28 23:40:51]
Starting GDB script
[INFO -- 2017-02-28 23:40:51]
initSignal:2.0
[INFO -- 2017-02-28 23:40:51]
endSignal:4.0
[INFO -- 2017-02-28 23:40:51]
seqSignal:30
[INFO -- 2017-02-28 23:40:54]
sending 30 signals using command: 'ssh -T mic0 killall -2 lud_check' after 3.17064349115s
[INFO -- 2017-02-28 23:40:55]
sending 30 signals using command: 'ssh -T mic0 killall -2 lud_check' after 3.65954703458s
[INFO -- 2017-02-28 23:40:55]
sending 30 signals using command: 'ssh -T mic0 killall -2 lud_check' after 3.97734705233s
[INFO -- 2017-02-28 23:40:55]
shell stdout: 
[INFO -- 2017-02-28 23:40:56]
shell stdout: 
[INFO -- 2017-02-28 23:40:56]
shell stdout: 
[INFO -- 2017-02-28 23:40:56]
shell stdout: 
[INFO -- 2017-02-28 23:40:56]
shell stdout: 
[INFO -- 2017-02-28 23:40:56]
shell stdout: 
[INFO -- 2017-02-28 23:40:56]
shell stdout: 
[INFO -- 2017-02-28 23:40:56]
shell stdout: 
[INFO -- 2017-02-28 23:40:57]
shell stdout: 
[INFO -- 2017-02-28 23:40:57]
shell stdout: 
[INFO -- 2017-02-28 23:40:57]
shell stdout: 
[INFO -- 2017-02-28 23:40:57]
shell stdout: 
[INFO -- 2017-02-28 23:40:57]
shell stdout: 
[INFO -- 2017-02-28 23:40:57]
shell stdout: 
[INFO -- 2017-02-28 23:40:58]
shell stdout: 
[INFO -- 2017-02-28 23:40:58]
shell stdout: 
[INFO -- 2017-02-28 23:40:58]
shell stdout: 
[INFO -- 2017-02-28 23:40:58]
shell stdout: 
[INFO -- 2017-02-28 23:40:58]
shell stdout: 
[INFO -- 2017-02-28 23:40:58]
shell stdout: 
[INFO -- 2017-02-28 23:40:58]
shell stdout: 
[INFO -- 2017-02-28 23:40:58]
shell stdout: 
[INFO -- 2017-02-28 23:40:59]
shell stdout: 
[INFO -- 2017-02-28 23:40:59]
shell stdout: 
[INFO -- 2017-02-28 23:40:59]
shell stdout: 
[INFO -- 2017-02-28 23:40:59]
shell stdout: 
[INFO -- 2017-02-28 23:40:59]
shell stdout: 
[INFO -- 2017-02-28 23:40:59]
shell stdout: 
[INFO -- 2017-02-28 23:40:59]
shell stdout: 
[INFO -- 2017-02-28 23:41:00]
shell stdout: 
[INFO -- 2017-02-28 23:41:00]
shell stdout: 
[INFO -- 2017-02-28 23:41:00]
shell stdout: 
[INFO -- 2017-02-28 23:41:00]
shell stdout: 
[INFO -- 2017-02-28 23:41:00]
shell stdout: 
[INFO -- 2017-02-28 23:41:00]
shell stdout: 
[INFO -- 2017-02-28 23:41:01]
shell stdout: 
[INFO -- 2017-02-28 23:41:01]
shell stdout: 
[INFO -- 2017-02-28 23:41:01]
shell stdout: 
[INFO -- 2017-02-28 23:41:01]
shell stdout: 
[INFO -- 2017-02-28 23:41:01]
shell stdout: 
[INFO -- 2017-02-28 23:41:01]
shell stdout: 
[INFO -- 2017-02-28 23:41:01]
shell stdout: 
[INFO -- 2017-02-28 23:41:01]
shell stdout: 
[INFO -- 2017-02-28 23:41:02]
shell stdout: 
[INFO -- 2017-02-28 23:41:02]
shell stdout: 
[INFO -- 2017-02-28 23:41:02]
shell stdout: 
[INFO -- 2017-02-28 23:41:02]
shell stdout: 
[INFO -- 2017-02-28 23:41:02]
shell stdout: 
[INFO -- 2017-02-28 23:41:02]
shell stdout: 
[INFO -- 2017-02-28 23:41:02]
shell stdout: 
[INFO -- 2017-02-28 23:41:03]
shell stdout: 
[INFO -- 2017-02-28 23:41:03]
shell stdout: 
[INFO -- 2017-02-28 23:41:03]
shell stdout: 
[INFO -- 2017-02-28 23:41:03]
shell stdout: 
[INFO -- 2017-02-28 23:41:03]
shell stdout: 
[INFO -- 2017-02-28 23:41:03]
shell stdout: 
[INFO -- 2017-02-28 23:41:04]
shell stdout: 
[INFO -- 2017-02-28 23:41:04]
shell stdout: 
[INFO -- 2017-02-28 23:41:04]
shell stdout: 
[INFO -- 2017-02-28 23:41:04]
shell stdout: 
[INFO -- 2017-02-28 23:41:04]
shell stdout: 
[INFO -- 2017-02-28 23:41:04]
shell stdout: 
[INFO -- 2017-02-28 23:41:04]
shell stdout: 
[INFO -- 2017-02-28 23:41:05]
shell stdout: 
[INFO -- 2017-02-28 23:41:05]
shell stdout: 
[INFO -- 2017-02-28 23:41:05]
shell stdout: 
[INFO -- 2017-02-28 23:41:05]
shell stdout: 
[INFO -- 2017-02-28 23:41:05]
shell stdout: 
[INFO -- 2017-02-28 23:41:05]
shell stdout: 
[INFO -- 2017-02-28 23:41:05]
shell stdout: 
[INFO -- 2017-02-28 23:41:06]
shell stdout: 
[INFO -- 2017-02-28 23:41:06]
shell stdout: 
[INFO -- 2017-02-28 23:41:06]
shell stdout: 
[INFO -- 2017-02-28 23:41:06]
shell stdout: 
[INFO -- 2017-02-28 23:41:06]
shell stdout: 
[INFO -- 2017-02-28 23:41:06]
shell stdout: 
[INFO -- 2017-02-28 23:41:06]
shell stdout: 
[INFO -- 2017-02-28 23:41:07]
shell stdout: 
[INFO -- 2017-02-28 23:41:07]
shell stdout: 
[INFO -- 2017-02-28 23:41:07]
shell stdout: 
[INFO -- 2017-02-28 23:41:07]
shell stdout: 
[INFO -- 2017-02-28 23:41:07]
shell stdout: 
[INFO -- 2017-02-28 23:41:07]
shell stdout: 
[INFO -- 2017-02-28 23:41:07]
shell stdout: 
[INFO -- 2017-02-28 23:41:08]
shell stdout: 
[INFO -- 2017-02-28 23:41:08]
shell stdout: 
[INFO -- 2017-02-28 23:41:08]
shell stdout: 
[INFO -- 2017-02-28 23:41:08]
shell stdout: 
[INFO -- 2017-02-28 23:41:08]
shell stdout: 
[INFO -- 2017-02-28 23:41:08]
shell stdout: 
[INFO -- 2017-02-28 23:41:19]
no gdbExecName running, out:
[INFO -- 2017-02-28 23:41:19]
checCmd:ps -e | grep -i gdb-mic
[INFO -- 2017-02-28 23:41:19]
finished now-timestampStart < maxWaitTime*5
[INFO -- 2017-02-28 23:41:19]
now: 1488343279
[INFO -- 2017-02-28 23:41:19]
timestampStart: 1488343251
[INFO -- 2017-02-28 23:41:19]
kill cmd: killall -9 gdb-mic
[INFO -- 2017-02-28 23:41:19]
shell stdout: 
[INFO -- 2017-02-28 23:41:20]
kill cmd: ssh -T mic0 killall -9 lud_check
[INFO -- 2017-02-28 23:41:20]
shell stdout: 
[INFO -- 2017-02-28 23:41:20]
kill cmd: ssh -T mic0 killall -9 gdbserver
[INFO -- 2017-02-28 23:41:20]
shell stdout: 
[INFO -- 2017-02-28 23:41:21]
kill cmd: ssh -T mic0 killall -9 sshd
[INFO -- 2017-02-28 23:41:21]
shell stdout: 
