2016-10-31 21:37:00:Initialization strings:
2016-10-31 21:37:00:(1) target extended-remote | ssh -T mic0 gdbserver --multi -
2016-10-31 21:37:00:(2) set sysroot /opt/mpss/3.7/sysroots/k1om-mpss-linux/
2016-10-31 21:37:00:(3) set sysroot /opt/mpss/3.7/sysroots/k1om-mpss-linux/
2016-10-31 21:37:00:(4) file /micNfs/gdb-fault-injection-lud/bin/lud_check
2016-10-31 21:37:00:(5) set remote exec-file /micNfs/gdb-fault-injection-lud/bin/lud_check
2016-10-31 21:37:00:(6) set args -s 8192 -n 228 -i /micNfs/gdb-fault-injection-lud/bin/input_8192_th_228 -g /micNfs/gdb-fault-injection-lud/bin/gold_8192_th_228
2016-10-31 21:37:01:Trying Fault Injection
2016-10-31 21:37:01:Inferior PID: 2696
2016-10-31 21:37:01:Inferior is valid: True
2016-10-31 21:37:01:Inferior #threads: 1
2016-10-31 21:37:01:Backtrace BEGIN:
2016-10-31 21:37:02:#0  0x00007ffff71965d0 in __read_nocancel () at ../sysdeps/unix/syscall-template.S:81
#1  0x00007ffff7142911 in __GI__IO_file_xsgetn (fp=0x615240, data=<optimized out>, n=268435456) at fileops.c:1422
#2  0x00007ffff7138929 in __GI__IO_fread (buf=<optimized out>, size=268435456, count=1, fp=0x615240) at iofread.c:42
#3  0x0000000000402c1f in main (argc=4, argv=0x7fffd6ecb010) at lud_check.c:105

2016-10-31 21:37:02:76	in ../sysdeps/unix/syscall-template.S

2016-10-31 21:37:02:Backtrace END
2016-10-31 21:37:02:Thread name: None
2016-10-31 21:37:02:Thread num: 1
2016-10-31 21:37:02:Thread ptid: (2696, 2696, 0)
2016-10-31 21:37:02:bitFlip function
2016-10-31 21:37:02:Type: The type is an integer type.
2016-10-31 21:37:02:Type sizeof: 4
2016-10-31 21:37:02:Mem contents(hex):0x000x000x000x00
2016-10-31 21:37:02:base address to flip value: 0x7fffffffea90
2016-10-31 21:37:02:address max offset: 4
2016-10-31 21:37:02:Memory content before bitflip:0x000x000x000x00
2016-10-31 21:37:02:Memory content after  bitflip:0x000x080x000x00
2016-10-31 21:37:02:Mem contents(hex):0x000x080x000x00
2016-10-31 21:37:02:frame name: main
2016-10-31 21:37:02:symbol name: option_index
2016-10-31 21:37:02:symbol filename: lud_check.c
2016-10-31 21:37:02:symbol line: 46
2016-10-31 21:37:02:value: 2048
2016-10-31 21:37:02:value address: 0x7fffffffea90
2016-10-31 21:37:02:Type: The type is an integer type.
2016-10-31 21:37:02:Type sizeof: 4
2016-10-31 21:37:02:Fault Injection Successful after 2.06308507919s
2016-10-31 21:37:02:Fault Already Injected
2016-10-31 21:37:02:Fault Already Injected
2016-10-31 21:37:02:Fault Already Injected
2016-10-31 21:37:03:Fault Already Injected
2016-10-31 21:37:05:Fault Already Injected
2016-10-31 21:37:05:Fault Already Injected
2016-10-31 21:37:05:Fault Already Injected
2016-10-31 21:37:06:Fault Already Injected
2016-10-31 21:37:09:Fault Already Injected
2016-10-31 21:37:10:event type: exit
2016-10-31 21:37:10:exit code: 0
