[INFO -- 2017-03-01 16:13:47]
Starting GDB script
[INFO -- 2017-03-01 16:13:47]
initSignal:0.0
[INFO -- 2017-03-01 16:13:47]
endSignal:7.0
[INFO -- 2017-03-01 16:13:47]
seqSignal:15
[INFO -- 2017-03-01 16:13:47]
sending 15 signals using command: 'ssh -T mic0 killall -2 dgemm_check' after 0.792202942189s
[INFO -- 2017-03-01 16:13:48]
shell stdout: 
[INFO -- 2017-03-01 16:13:48]
shell stdout: 
[INFO -- 2017-03-01 16:13:49]
shell stdout: 
[INFO -- 2017-03-01 16:13:49]
shell stdout: 
[INFO -- 2017-03-01 16:13:49]
shell stdout: 
[INFO -- 2017-03-01 16:13:50]
shell stdout: 
[INFO -- 2017-03-01 16:13:50]
sending 15 signals using command: 'ssh -T mic0 killall -2 dgemm_check' after 3.11735901047s
[INFO -- 2017-03-01 16:13:50]
shell stdout: 
[INFO -- 2017-03-01 16:13:50]
shell stdout: 
[INFO -- 2017-03-01 16:13:51]
shell stdout: 
[INFO -- 2017-03-01 16:13:51]
shell stdout: 
[INFO -- 2017-03-01 16:13:51]
shell stdout: 
[INFO -- 2017-03-01 16:13:51]
shell stdout: 
[INFO -- 2017-03-01 16:13:51]
shell stdout: 
[INFO -- 2017-03-01 16:13:51]
shell stdout: 
[INFO -- 2017-03-01 16:13:52]
shell stdout: 
[INFO -- 2017-03-01 16:13:52]
shell stdout: 
[INFO -- 2017-03-01 16:13:52]
sending 15 signals using command: 'ssh -T mic0 killall -2 dgemm_check' after 5.55347403364s
[INFO -- 2017-03-01 16:13:52]
shell stdout: 
[INFO -- 2017-03-01 16:13:52]
shell stdout: 
[INFO -- 2017-03-01 16:13:53]
shell stdout: 
[INFO -- 2017-03-01 16:13:53]
shell stdout: 
[INFO -- 2017-03-01 16:13:53]
shell stdout: 
[INFO -- 2017-03-01 16:13:53]
shell stdout: 
[INFO -- 2017-03-01 16:13:53]
shell stdout: 
[INFO -- 2017-03-01 16:13:53]
shell stdout: 
[INFO -- 2017-03-01 16:13:53]
shell stdout: 
[INFO -- 2017-03-01 16:13:53]
shell stdout: 
[INFO -- 2017-03-01 16:13:53]
shell stdout: 
[INFO -- 2017-03-01 16:13:54]
shell stdout: 
[INFO -- 2017-03-01 16:13:54]
shell stdout: 
[INFO -- 2017-03-01 16:13:54]
shell stdout: 
[INFO -- 2017-03-01 16:13:54]
shell stdout: 
[INFO -- 2017-03-01 16:13:55]
shell stdout: 
[INFO -- 2017-03-01 16:13:55]
shell stdout: 
[INFO -- 2017-03-01 16:13:55]
shell stdout: 
[INFO -- 2017-03-01 16:13:55]
shell stdout: 
[INFO -- 2017-03-01 16:13:55]
shell stdout: 
[INFO -- 2017-03-01 16:13:55]
shell stdout: 
[INFO -- 2017-03-01 16:13:56]
shell stdout: 
[INFO -- 2017-03-01 16:13:56]
shell stdout: 
[INFO -- 2017-03-01 16:13:56]
shell stdout: 
[INFO -- 2017-03-01 16:13:57]
shell stdout: 
[INFO -- 2017-03-01 16:13:57]
shell stdout: 
[INFO -- 2017-03-01 16:13:57]
shell stdout: 
[INFO -- 2017-03-01 16:13:58]
shell stdout: 
[INFO -- 2017-03-01 16:13:58]
shell stdout: 
[INFO -- 2017-03-01 16:15:03]
no gdbExecName running, out:
[INFO -- 2017-03-01 16:15:03]
checCmd:ps -e | grep -i gdb-mic
[INFO -- 2017-03-01 16:15:03]
finished now-timestampStart < maxWaitTime*5
[INFO -- 2017-03-01 16:15:03]
now: 1488402899
[INFO -- 2017-03-01 16:15:03]
timestampStart: 1488402827
[INFO -- 2017-03-01 16:15:03]
kill cmd: killall -9 gdb-mic
[INFO -- 2017-03-01 16:15:03]
shell stdout: 
[INFO -- 2017-03-01 16:15:03]
kill cmd: ssh -T mic0 killall -9 dgemm_check
[INFO -- 2017-03-01 16:15:03]
shell stdout: 
[INFO -- 2017-03-01 16:15:04]
kill cmd: ssh -T mic0 killall -9 gdbserver
[INFO -- 2017-03-01 16:15:04]
shell stdout: 
[INFO -- 2017-03-01 16:15:04]
kill cmd: ssh -T mic0 killall -9 sshd
[INFO -- 2017-03-01 16:15:04]
shell stdout: 
