[INFO -- 2017-02-26 05:08:45]
Starting GDB script
[INFO -- 2017-02-26 05:08:45]
initSignal:0.0
[INFO -- 2017-02-26 05:08:45]
endSignal:2.0
[INFO -- 2017-02-26 05:08:45]
seqSignal:30
[INFO -- 2017-02-26 05:08:45]
sending 30 signals using command: 'ssh -T mic1 killall -2 lud_check' after 0.476535935595s
[INFO -- 2017-02-26 05:08:45]
sending 30 signals using command: 'ssh -T mic1 killall -2 lud_check' after 0.574671389867s
[INFO -- 2017-02-26 05:08:45]
shell stdout: 
[INFO -- 2017-02-26 05:08:46]
shell stdout: 
[INFO -- 2017-02-26 05:08:46]
shell stdout: 
[INFO -- 2017-02-26 05:08:46]
shell stdout: 
[INFO -- 2017-02-26 05:08:46]
sending 30 signals using command: 'ssh -T mic1 killall -2 lud_check' after 1.39589284663s
[INFO -- 2017-02-26 05:08:46]
shell stdout: 
[INFO -- 2017-02-26 05:08:46]
shell stdout: 
[INFO -- 2017-02-26 05:08:46]
shell stdout: 
[INFO -- 2017-02-26 05:08:47]
shell stdout: 
[INFO -- 2017-02-26 05:08:47]
shell stdout: 
[INFO -- 2017-02-26 05:08:47]
shell stdout: 
[INFO -- 2017-02-26 05:08:48]
shell stdout: 
[INFO -- 2017-02-26 05:08:48]
shell stdout: 
[INFO -- 2017-02-26 05:08:48]
shell stdout: 
[INFO -- 2017-02-26 05:08:48]
shell stdout: 
[INFO -- 2017-02-26 05:08:48]
shell stdout: 
[INFO -- 2017-02-26 05:08:49]
shell stdout: 
[INFO -- 2017-02-26 05:08:49]
shell stdout: 
[INFO -- 2017-02-26 05:08:49]
shell stdout: 
[INFO -- 2017-02-26 05:08:49]
shell stdout: 
[INFO -- 2017-02-26 05:08:50]
shell stdout: 
[INFO -- 2017-02-26 05:08:50]
shell stdout: 
[INFO -- 2017-02-26 05:08:50]
shell stdout: 
[INFO -- 2017-02-26 05:08:51]
shell stdout: 
[INFO -- 2017-02-26 05:08:51]
shell stdout: 
[INFO -- 2017-02-26 05:08:51]
shell stdout: 
[INFO -- 2017-02-26 05:08:52]
shell stdout: 
[INFO -- 2017-02-26 05:08:52]
shell stdout: 
[INFO -- 2017-02-26 05:08:52]
shell stdout: 
[INFO -- 2017-02-26 05:08:52]
shell stdout: 
[INFO -- 2017-02-26 05:08:52]
shell stdout: 
[INFO -- 2017-02-26 05:08:52]
shell stdout: 
[INFO -- 2017-02-26 05:08:53]
shell stdout: 
[INFO -- 2017-02-26 05:08:53]
shell stdout: 
[INFO -- 2017-02-26 05:08:53]
shell stdout: 
[INFO -- 2017-02-26 05:08:54]
shell stdout: 
[INFO -- 2017-02-26 05:08:54]
shell stdout: 
[INFO -- 2017-02-26 05:08:54]
shell stdout: 
[INFO -- 2017-02-26 05:08:55]
shell stdout: 
[INFO -- 2017-02-26 05:08:55]
shell stdout: 
[INFO -- 2017-02-26 05:08:55]
shell stdout: 
[INFO -- 2017-02-26 05:08:56]
shell stdout: 
[INFO -- 2017-02-26 05:08:56]
shell stdout: 
[INFO -- 2017-02-26 05:08:56]
shell stdout: 
[INFO -- 2017-02-26 05:08:57]
shell stdout: 
[INFO -- 2017-02-26 05:08:57]
shell stdout: 
[INFO -- 2017-02-26 05:08:57]
shell stdout: 
[INFO -- 2017-02-26 05:08:57]
shell stdout: 
[INFO -- 2017-02-26 05:08:57]
shell stdout: 
[INFO -- 2017-02-26 05:08:57]
shell stdout: 
[INFO -- 2017-02-26 05:08:58]
shell stdout: 
[INFO -- 2017-02-26 05:08:58]
shell stdout: 
[INFO -- 2017-02-26 05:08:58]
shell stdout: 
[INFO -- 2017-02-26 05:08:59]
shell stdout: 
[INFO -- 2017-02-26 05:08:59]
shell stdout: 
[INFO -- 2017-02-26 05:08:59]
shell stdout: 
[INFO -- 2017-02-26 05:08:59]
shell stdout: 
[INFO -- 2017-02-26 05:08:59]
shell stdout: 
[INFO -- 2017-02-26 05:08:59]
shell stdout: 
[INFO -- 2017-02-26 05:08:59]
shell stdout: 
[INFO -- 2017-02-26 05:08:59]
shell stdout: 
[INFO -- 2017-02-26 05:09:00]
shell stdout: 
[INFO -- 2017-02-26 05:09:00]
shell stdout: 
[INFO -- 2017-02-26 05:09:00]
shell stdout: 
[INFO -- 2017-02-26 05:09:00]
shell stdout: 
[INFO -- 2017-02-26 05:09:00]
shell stdout: 
[INFO -- 2017-02-26 05:09:00]
shell stdout: 
[INFO -- 2017-02-26 05:09:00]
shell stdout: 
[INFO -- 2017-02-26 05:09:01]
shell stdout: 
[INFO -- 2017-02-26 05:09:01]
shell stdout: 
[INFO -- 2017-02-26 05:09:01]
shell stdout: 
[INFO -- 2017-02-26 05:09:01]
shell stdout: 
[INFO -- 2017-02-26 05:09:01]
shell stdout: 
[INFO -- 2017-02-26 05:09:01]
shell stdout: 
[INFO -- 2017-02-26 05:09:01]
shell stdout: 
[INFO -- 2017-02-26 05:09:02]
shell stdout: 
[INFO -- 2017-02-26 05:09:02]
shell stdout: 
[INFO -- 2017-02-26 05:09:02]
shell stdout: 
[INFO -- 2017-02-26 05:09:02]
shell stdout: 
[INFO -- 2017-02-26 05:09:02]
shell stdout: 
[INFO -- 2017-02-26 05:09:02]
shell stdout: 
[INFO -- 2017-02-26 05:09:02]
shell stdout: 
[INFO -- 2017-02-26 05:09:02]
shell stdout: 
[INFO -- 2017-02-26 05:09:03]
shell stdout: 
[INFO -- 2017-02-26 05:09:03]
shell stdout: 
[INFO -- 2017-02-26 05:09:03]
shell stdout: 
[INFO -- 2017-02-26 05:09:03]
shell stdout: 
[INFO -- 2017-02-26 05:09:03]
shell stdout: 
[INFO -- 2017-02-26 05:09:03]
shell stdout: 
[INFO -- 2017-02-26 05:09:04]
shell stdout: 
[INFO -- 2017-02-26 05:09:04]
shell stdout: 
[INFO -- 2017-02-26 05:09:15]
no gdbExecName running, out:
[INFO -- 2017-02-26 05:09:15]
checCmd:ps -e | grep -i gdb-mic
[INFO -- 2017-02-26 05:09:15]
finished now-timestampStart < maxWaitTime*5
[INFO -- 2017-02-26 05:09:15]
now: 1488103754
[INFO -- 2017-02-26 05:09:15]
timestampStart: 1488103725
[INFO -- 2017-02-26 05:09:15]
kill cmd: killall -9 gdb-mic
[INFO -- 2017-02-26 05:09:15]
shell stdout: 
[INFO -- 2017-02-26 05:09:16]
kill cmd: ssh -T mic1 killall -9 lud_check
[INFO -- 2017-02-26 05:09:16]
shell stdout: 
[INFO -- 2017-02-26 05:09:16]
kill cmd: ssh -T mic1 killall -9 gdbserver
[INFO -- 2017-02-26 05:09:16]
shell stdout: 
[INFO -- 2017-02-26 05:09:16]
kill cmd: ssh -T mic1 killall -9 sshd
[INFO -- 2017-02-26 05:09:16]
shell stdout: 
