2017-01-23 15:27:52:Starting GDB script
2017-01-23 15:27:52:initSignal:4.0
2017-01-23 15:27:52:endSignal:6.0
2017-01-23 15:27:52:seqSignal:30
2017-01-23 15:27:56:sending 30 signals using command: 'ssh -T mic0 killall -2 lud_check' after 4.08119857077s
2017-01-23 15:27:57:sending 30 signals using command: 'ssh -T mic0 killall -2 lud_check' after 4.76994787204s
2017-01-23 15:27:57:shell stdout: 
2017-01-23 15:27:57:shell stdout: 
2017-01-23 15:27:57:shell stdout: 
2017-01-23 15:27:57:sending 30 signals using command: 'ssh -T mic0 killall -2 lud_check' after 5.54524872545s
2017-01-23 15:27:58:shell stdout: 
2017-01-23 15:27:58:shell stdout: 
2017-01-23 15:27:58:shell stdout: 
2017-01-23 15:27:58:shell stdout: 
2017-01-23 15:27:58:shell stdout: 
2017-01-23 15:27:58:shell stdout: 
2017-01-23 15:27:59:shell stdout: 
2017-01-23 15:27:59:shell stdout: 
2017-01-23 15:27:59:shell stdout: 
2017-01-23 15:27:59:shell stdout: 
2017-01-23 15:27:59:shell stdout: 
2017-01-23 15:27:59:shell stdout: 
2017-01-23 15:27:59:shell stdout: 
2017-01-23 15:27:59:shell stdout: 
2017-01-23 15:28:00:shell stdout: 
2017-01-23 15:28:00:shell stdout: 
2017-01-23 15:28:00:shell stdout: 
2017-01-23 15:28:00:shell stdout: 
2017-01-23 15:28:00:shell stdout: 
2017-01-23 15:28:00:shell stdout: 
2017-01-23 15:28:00:shell stdout: 
2017-01-23 15:28:01:shell stdout: 
2017-01-23 15:28:01:shell stdout: 
2017-01-23 15:28:01:shell stdout: 
2017-01-23 15:28:01:shell stdout: 
2017-01-23 15:28:01:shell stdout: 
2017-01-23 15:28:01:shell stdout: 
2017-01-23 15:28:01:shell stdout: 
2017-01-23 15:28:02:shell stdout: 
2017-01-23 15:28:02:shell stdout: 
2017-01-23 15:28:02:shell stdout: 
2017-01-23 15:28:02:shell stdout: 
2017-01-23 15:28:02:shell stdout: 
2017-01-23 15:28:02:shell stdout: 
2017-01-23 15:28:02:shell stdout: 
2017-01-23 15:28:03:shell stdout: 
2017-01-23 15:28:03:shell stdout: 
2017-01-23 15:28:03:shell stdout: 
2017-01-23 15:28:03:shell stdout: 
2017-01-23 15:28:03:shell stdout: 
2017-01-23 15:28:03:shell stdout: 
2017-01-23 15:28:04:shell stdout: 
2017-01-23 15:28:04:shell stdout: 
2017-01-23 15:28:04:shell stdout: 
2017-01-23 15:28:04:shell stdout: 
2017-01-23 15:28:04:shell stdout: 
2017-01-23 15:28:04:shell stdout: 
2017-01-23 15:28:04:shell stdout: 
2017-01-23 15:28:04:shell stdout: 
2017-01-23 15:28:05:shell stdout: 
2017-01-23 15:28:05:shell stdout: 
2017-01-23 15:28:05:shell stdout: 
2017-01-23 15:28:05:shell stdout: 
2017-01-23 15:28:05:shell stdout: 
2017-01-23 15:28:05:shell stdout: 
2017-01-23 15:28:05:shell stdout: 
2017-01-23 15:28:06:shell stdout: 
2017-01-23 15:28:06:shell stdout: 
2017-01-23 15:28:06:shell stdout: 
2017-01-23 15:28:06:shell stdout: 
2017-01-23 15:28:06:shell stdout: 
2017-01-23 15:28:06:shell stdout: 
2017-01-23 15:28:07:shell stdout: 
2017-01-23 15:28:07:shell stdout: 
2017-01-23 15:28:07:shell stdout: 
2017-01-23 15:28:07:shell stdout: 
2017-01-23 15:28:07:shell stdout: 
2017-01-23 15:28:07:shell stdout: 
2017-01-23 15:28:07:shell stdout: 
2017-01-23 15:28:07:shell stdout: 
2017-01-23 15:28:08:shell stdout: 
2017-01-23 15:28:08:shell stdout: 
2017-01-23 15:28:08:shell stdout: 
2017-01-23 15:28:08:shell stdout: 
2017-01-23 15:28:08:shell stdout: 
2017-01-23 15:28:08:shell stdout: 
2017-01-23 15:28:08:shell stdout: 
2017-01-23 15:28:09:shell stdout: 
2017-01-23 15:28:09:shell stdout: 
2017-01-23 15:28:09:shell stdout: 
2017-01-23 15:28:09:shell stdout: 
2017-01-23 15:28:09:shell stdout: 
2017-01-23 15:28:09:shell stdout: 
2017-01-23 15:28:10:shell stdout: 
2017-01-23 15:28:10:shell stdout: 
2017-01-23 15:28:10:shell stdout: 
2017-01-23 15:28:10:shell stdout: 
2017-01-23 15:28:19:no gdbExecName running, out:
2017-01-23 15:28:19:checCmd:ps -e | grep -i gdb-mic
2017-01-23 15:28:19:finished now-timestampStart < maxWaitTime*5
2017-01-23 15:28:19:now: 1485203298
2017-01-23 15:28:19:timestampStart: 1485203272
2017-01-23 15:28:19:kill cmd: killall -9 gdb-mic
2017-01-23 15:28:19:shell stdout: 
2017-01-23 15:28:20:kill cmd: ssh -T mic0 killall -9 lud_check
2017-01-23 15:28:20:shell stdout: 
2017-01-23 15:28:20:kill cmd: ssh -T mic0 killall -9 gdbserver
2017-01-23 15:28:20:shell stdout: 
2017-01-23 15:28:20:kill cmd: ssh -T mic0 killall -9 sshd
2017-01-23 15:28:20:shell stdout: 
