[INFO -- 2017-02-26 06:35:33]
Starting GDB script
[INFO -- 2017-02-26 06:35:33]
initSignal:4.0
[INFO -- 2017-02-26 06:35:33]
endSignal:8.0
[INFO -- 2017-02-26 06:35:33]
seqSignal:30
[INFO -- 2017-02-26 06:35:41]
sending 30 signals using command: 'ssh -T mic1 killall -2 lud_check' after 7.23972395264s
[INFO -- 2017-02-26 06:35:41]
sending 30 signals using command: 'ssh -T mic1 killall -2 lud_check' after 7.46526591433s
[INFO -- 2017-02-26 06:35:41]
shell stdout: 
[INFO -- 2017-02-26 06:35:41]
shell stdout: 
[INFO -- 2017-02-26 06:35:41]
sending 30 signals using command: 'ssh -T mic1 killall -2 lud_check' after 7.97501529325s
[INFO -- 2017-02-26 06:35:41]
shell stdout: 
[INFO -- 2017-02-26 06:35:42]
shell stdout: 
[INFO -- 2017-02-26 06:35:42]
shell stdout: 
[INFO -- 2017-02-26 06:35:42]
shell stdout: 
[INFO -- 2017-02-26 06:35:42]
shell stdout: 
[INFO -- 2017-02-26 06:35:42]
shell stdout: 
[INFO -- 2017-02-26 06:35:42]
shell stdout: 
[INFO -- 2017-02-26 06:35:42]
shell stdout: 
[INFO -- 2017-02-26 06:35:42]
shell stdout: 
[INFO -- 2017-02-26 06:35:43]
shell stdout: 
[INFO -- 2017-02-26 06:35:43]
shell stdout: 
[INFO -- 2017-02-26 06:35:43]
shell stdout: 
[INFO -- 2017-02-26 06:35:43]
shell stdout: 
[INFO -- 2017-02-26 06:35:43]
shell stdout: 
[INFO -- 2017-02-26 06:35:43]
shell stdout: 
[INFO -- 2017-02-26 06:35:43]
shell stdout: 
[INFO -- 2017-02-26 06:35:43]
shell stdout: 
[INFO -- 2017-02-26 06:35:44]
shell stdout: 
[INFO -- 2017-02-26 06:35:44]
shell stdout: 
[INFO -- 2017-02-26 06:35:44]
shell stdout: 
[INFO -- 2017-02-26 06:35:44]
shell stdout: 
[INFO -- 2017-02-26 06:35:44]
shell stdout: 
[INFO -- 2017-02-26 06:35:44]
shell stdout: 
[INFO -- 2017-02-26 06:35:44]
shell stdout: 
[INFO -- 2017-02-26 06:35:45]
shell stdout: 
[INFO -- 2017-02-26 06:35:45]
shell stdout: 
[INFO -- 2017-02-26 06:35:45]
shell stdout: 
[INFO -- 2017-02-26 06:35:45]
shell stdout: 
[INFO -- 2017-02-26 06:35:45]
shell stdout: 
[INFO -- 2017-02-26 06:35:45]
shell stdout: 
[INFO -- 2017-02-26 06:35:45]
shell stdout: 
[INFO -- 2017-02-26 06:35:45]
shell stdout: 
[INFO -- 2017-02-26 06:35:46]
shell stdout: 
[INFO -- 2017-02-26 06:35:46]
shell stdout: 
[INFO -- 2017-02-26 06:35:46]
shell stdout: 
[INFO -- 2017-02-26 06:35:46]
shell stdout: 
[INFO -- 2017-02-26 06:35:46]
shell stdout: 
[INFO -- 2017-02-26 06:35:46]
shell stdout: 
[INFO -- 2017-02-26 06:35:46]
shell stdout: 
[INFO -- 2017-02-26 06:35:47]
shell stdout: 
[INFO -- 2017-02-26 06:35:47]
shell stdout: 
[INFO -- 2017-02-26 06:35:47]
shell stdout: 
[INFO -- 2017-02-26 06:35:47]
shell stdout: 
[INFO -- 2017-02-26 06:35:47]
shell stdout: 
[INFO -- 2017-02-26 06:35:47]
shell stdout: 
[INFO -- 2017-02-26 06:35:47]
shell stdout: 
[INFO -- 2017-02-26 06:35:47]
shell stdout: 
[INFO -- 2017-02-26 06:35:48]
shell stdout: 
[INFO -- 2017-02-26 06:35:48]
shell stdout: 
[INFO -- 2017-02-26 06:35:48]
shell stdout: 
[INFO -- 2017-02-26 06:35:48]
shell stdout: 
[INFO -- 2017-02-26 06:35:48]
shell stdout: 
[INFO -- 2017-02-26 06:35:48]
shell stdout: 
[INFO -- 2017-02-26 06:35:48]
shell stdout: 
[INFO -- 2017-02-26 06:35:49]
shell stdout: 
[INFO -- 2017-02-26 06:35:49]
shell stdout: 
[INFO -- 2017-02-26 06:35:49]
shell stdout: 
[INFO -- 2017-02-26 06:35:49]
shell stdout: 
[INFO -- 2017-02-26 06:35:49]
shell stdout: 
[INFO -- 2017-02-26 06:35:49]
shell stdout: 
[INFO -- 2017-02-26 06:35:49]
shell stdout: 
[INFO -- 2017-02-26 06:35:50]
shell stdout: 
[INFO -- 2017-02-26 06:35:50]
shell stdout: 
[INFO -- 2017-02-26 06:35:50]
shell stdout: 
[INFO -- 2017-02-26 06:35:50]
shell stdout: 
[INFO -- 2017-02-26 06:35:50]
shell stdout: 
[INFO -- 2017-02-26 06:35:50]
shell stdout: 
[INFO -- 2017-02-26 06:35:50]
shell stdout: 
[INFO -- 2017-02-26 06:35:50]
shell stdout: 
[INFO -- 2017-02-26 06:35:51]
shell stdout: 
[INFO -- 2017-02-26 06:35:51]
shell stdout: 
[INFO -- 2017-02-26 06:35:51]
shell stdout: 
[INFO -- 2017-02-26 06:35:51]
shell stdout: 
[INFO -- 2017-02-26 06:35:51]
shell stdout: 
[INFO -- 2017-02-26 06:35:51]
shell stdout: 
[INFO -- 2017-02-26 06:35:51]
shell stdout: 
[INFO -- 2017-02-26 06:35:52]
shell stdout: 
[INFO -- 2017-02-26 06:35:52]
shell stdout: 
[INFO -- 2017-02-26 06:35:52]
shell stdout: 
[INFO -- 2017-02-26 06:35:52]
shell stdout: 
[INFO -- 2017-02-26 06:35:52]
shell stdout: 
[INFO -- 2017-02-26 06:35:52]
shell stdout: 
[INFO -- 2017-02-26 06:35:52]
shell stdout: 
[INFO -- 2017-02-26 06:35:52]
shell stdout: 
[INFO -- 2017-02-26 06:35:53]
shell stdout: 
[INFO -- 2017-02-26 06:35:53]
shell stdout: 
[INFO -- 2017-02-26 06:35:53]
shell stdout: 
[INFO -- 2017-02-26 06:35:53]
shell stdout: 
[INFO -- 2017-02-26 06:36:06]
no gdbExecName running, out:
[INFO -- 2017-02-26 06:36:06]
checCmd:ps -e | grep -i gdb-mic
[INFO -- 2017-02-26 06:36:06]
finished now-timestampStart < maxWaitTime*5
[INFO -- 2017-02-26 06:36:06]
now: 1488108965
[INFO -- 2017-02-26 06:36:06]
timestampStart: 1488108933
[INFO -- 2017-02-26 06:36:06]
kill cmd: killall -9 gdb-mic
[INFO -- 2017-02-26 06:36:06]
shell stdout: 
[INFO -- 2017-02-26 06:36:07]
kill cmd: ssh -T mic1 killall -9 lud_check
[INFO -- 2017-02-26 06:36:07]
shell stdout: 
[INFO -- 2017-02-26 06:36:07]
kill cmd: ssh -T mic1 killall -9 gdbserver
[INFO -- 2017-02-26 06:36:07]
shell stdout: 
[INFO -- 2017-02-26 06:36:07]
kill cmd: ssh -T mic1 killall -9 sshd
[INFO -- 2017-02-26 06:36:07]
shell stdout: 
