2017-02-27 17:39:24:Starting flip_value script
2017-02-27 17:39:24:Initialization strings:
2017-02-27 17:39:24:(1) target extended-remote | ssh -T mic0 gdbserver --multi -
2017-02-27 17:39:24:(2) set sysroot /opt/mpss/3.7/sysroots/k1om-mpss-linux/
2017-02-27 17:39:24:(3) set sysroot /opt/mpss/3.7/sysroots/k1om-mpss-linux/
2017-02-27 17:39:25:(4) file /micNfs/gdb-fault-injection/injector/bin/clamr/clamr_openmponly
2017-02-27 17:39:25:(5) set remote exec-file /micNfs/gdb-fault-injection/injector/bin/clamr/clamr_openmponly
2017-02-27 17:39:25:(6) cd /micNfs/gdb-fault-injection/injector/bin/clamr
2017-02-27 17:39:25:(7) set args -n 512 -t 100 -g 100 -G data -j md5file
2017-02-27 17:39:25:initSignal:5
2017-02-27 17:39:25:endSignal:10
2017-02-27 17:39:25:seqSignal:20
2017-02-27 17:39:30:Backtrace BEGIN:
2017-02-27 17:39:30:#0  0x0000000000542636 in Bounds_AddBounds (b=0x1c30560, add=0x12e40c0) at /micNfs/gdb-fault-injection/injector/src/clamr/CLAMR/mesh/kdtree/Bounds.c:79
#1  0x000000000053d096 in KDTree_CreateTree (t=0x7fb150) at /micNfs/gdb-fault-injection/injector/src/clamr/CLAMR/mesh/kdtree/KDTree.c:255
#2  0x000000000053d3f4 in KDTree_QueryCircleIntersect_Double (t=0x7fb150, result_num=0x7fffffffe5dc, result_indicies=0x181c210, circ_radius=24, ncells=264192, x=0x7ffe881cb010, dx=0x7ffe481bf010, y=0x7ffe081be010, dy=0x7ffdc81b0010) at /micNfs/gdb-fault-injection/injector/src/clamr/CLAMR/mesh/kdtree/KDTree.c:329
#3  0x00000000005080fe in Mesh::init (this=0x7fae50, nx=512, ny=512, circ_radius=24, initial_order=HILBERT_SORT, do_gpu_calc=0) at /micNfs/gdb-fault-injection/injector/src/clamr/CLAMR/mesh/mesh.cpp:1535
#4  0x000000000044516a in main (argc=11, argv=0x7fffffffec58) at /micNfs/gdb-fault-injection/injector/src/clamr/CLAMR/clamr_cpuonly.cpp:277

2017-02-27 17:39:30:74	}
75	
76	void Bounds_AddBounds(TBounds* b, TBounds* add) {
77	   assert(b && add);
78	   b->min.x = MIN(b->min.x, add->min.x);
79	   b->min.y = MIN(b->min.y, add->min.y);
80	   b->max.x = MAX(b->max.x, add->max.x);
81	   b->max.y = MAX(b->max.y, add->max.y);
82	}
83	

2017-02-27 17:39:30:Backtrace END
2017-02-27 17:39:35:Type: A floating point type.
2017-02-27 17:39:35:Type sizeof: 8
2017-02-27 17:39:35:Mem contents(hex):0x000x000x000x000x000x000x310x40
2017-02-27 17:39:35:Fault Mode: One bit-flip
2017-02-27 17:39:35:base address to flip value: 0x7fffffffe408
2017-02-27 17:39:35:address max offset: 8
2017-02-27 17:39:35:Memory content before bitflip:0x000x000x000x000x000x000x310x40
2017-02-27 17:39:36:Backtrace BEGIN:
2017-02-27 17:39:36:#0  0x0000000000542636 in Bounds_AddBounds (b=0x1c30560, add=0x12e40c0) at /micNfs/gdb-fault-injection/injector/src/clamr/CLAMR/mesh/kdtree/Bounds.c:79
#1  0x000000000053d096 in KDTree_CreateTree (t=0x7fb150) at /micNfs/gdb-fault-injection/injector/src/clamr/CLAMR/mesh/kdtree/KDTree.c:255
#2  0x000000000053d3f4 in KDTree_QueryCircleIntersect_Double (t=0x7fb150, result_num=0x7fffffffe5dc, result_indicies=0x181c210, circ_radius=24, ncells=264192, x=0x7ffe881cb010, dx=0x7ffe481bf010, y=0x7ffe081be010, dy=0x7ffdc81b0010) at /micNfs/gdb-fault-injection/injector/src/clamr/CLAMR/mesh/kdtree/KDTree.c:329
#3  0x00000000005080fe in Mesh::init (this=0x7fae50, nx=512, ny=512, circ_radius=24, initial_order=HILBERT_SORT, do_gpu_calc=0) at /micNfs/gdb-fault-injection/injector/src/clamr/CLAMR/mesh/mesh.cpp:1535
#4  0x000000000044516a in main (argc=11, argv=0x7fffffffec58) at /micNfs/gdb-fault-injection/injector/src/clamr/CLAMR/clamr_cpuonly.cpp:277

2017-02-27 17:39:36:74	}
75	
76	void Bounds_AddBounds(TBounds* b, TBounds* add) {
77	   assert(b && add);
78	   b->min.x = MIN(b->min.x, add->min.x);
79	   b->min.y = MIN(b->min.y, add->min.y);
80	   b->max.x = MAX(b->max.x, add->max.x);
81	   b->max.y = MAX(b->max.y, add->max.y);
82	}
83	

2017-02-27 17:39:36:Backtrace END
2017-02-27 17:39:41:Type: A boolean type.
2017-02-27 17:39:41:Type sizeof: 1
2017-02-27 17:39:41:Mem contents(hex):0x00
2017-02-27 17:39:41:Fault Mode: Single bit-flip
2017-02-27 17:39:41:base address to flip value: 0x7d0abc 
2017-02-27 17:39:41:address max offset: 1
2017-02-27 17:39:41:Memory content before bitflip:0x00
2017-02-27 17:39:41:Memory content after  bitflip:0x10
2017-02-27 17:39:41:Mem contents(hex):0x10
2017-02-27 17:39:41:frame name: Mesh::init
2017-02-27 17:39:41:symbol name: dynamic_load_balance_on
2017-02-27 17:39:41:symbol filename: /micNfs/gdb-fault-injection/injector/src/clamr/CLAMR/mesh/mesh.cpp
2017-02-27 17:39:41:symbol line: 142
2017-02-27 17:39:41:value: 16
2017-02-27 17:39:41:value address: 0x7d0abc <dynamic_load_balance_on>
2017-02-27 17:39:41:Type: A boolean type.
2017-02-27 17:39:41:Type sizeof: 1
2017-02-27 17:39:41:Fault Injection Successful after 16.2315220833s
2017-02-27 17:40:24:event type: exit
2017-02-27 17:40:24:exit code: 0
