2017-02-28 03:17:19:Starting flip_value script
2017-02-28 03:17:19:Initialization strings:
2017-02-28 03:17:19:(1) target extended-remote | ssh -T mic0 gdbserver --multi -
2017-02-28 03:17:19:(2) set sysroot /opt/mpss/3.7/sysroots/k1om-mpss-linux/
2017-02-28 03:17:19:(3) set sysroot /opt/mpss/3.7/sysroots/k1om-mpss-linux/
2017-02-28 03:17:19:(4) file /micNfs/gdb-fault-injection/injector/bin/nw/needle_check
2017-02-28 03:17:19:(5) set remote exec-file /micNfs/gdb-fault-injection/injector/bin/nw/needle_check
2017-02-28 03:17:19:(6) set args 16394 10 228 /micNfs/gdb-fault-injection/injector/bin/nw/input_16394_th_228_pen_10 /micNfs/gdb-fault-injection/injector/bin/nw/gold_16394_th_228_pen_10
2017-02-28 03:17:19:initSignal:4
2017-02-28 03:17:19:endSignal:8
2017-02-28 03:17:19:seqSignal:30
2017-02-28 03:17:24:Backtrace BEGIN:
2017-02-28 03:17:24:#0  0x00007ffff6e245d0 in __read_nocancel () at ../sysdeps/unix/syscall-template.S:81
#1  0x00007ffff6dd0911 in __GI__IO_file_xsgetn (fp=0x619b30, data=<optimized out>, n=1075184100) at fileops.c:1422
#2  0x00007ffff6dc6929 in __GI__IO_fread (buf=<optimized out>, size=1075184100, count=1, fp=0x619b30) at iofread.c:42
#3  0x00000000004014f6 in ReadArrayFromFile (input_itemsets=0x7fff76699010, gold_itemsets=0x7fff36538010, max_rows=16395, filenameinput=0x7fffffffee44 "/micNfs/gdb-fault-injection/injector/bin/nw/input_16394_th_228_pen_10", filenamegold=0x7fffffffee8a "/micNfs/gdb-fault-injection/injector/bin/nw/gold_16394_th_228_pen_10") at needle_check.cpp:50
#4  0x0000000000402bbc in runTest (argc=6, argv=0x7fffffffec08) at needle_check.cpp:319
#5  0x0000000000401595 in main (argc=6, argv=0x7fffffffec08) at needle_check.cpp:114

2017-02-28 03:17:24:76	in ../sysdeps/unix/syscall-template.S

2017-02-28 03:17:24:Backtrace END
2017-02-28 03:17:24:Type: The type is an integer type.
2017-02-28 03:17:24:Type sizeof: 4
2017-02-28 03:17:24:Mem contents(hex):0x060x000x000x00
2017-02-28 03:17:24:Fault Mode: Random bit-flip
2017-02-28 03:17:24:base address to flip value: 0x7fffffffeb10
2017-02-28 03:17:24:address max offset: 4
2017-02-28 03:17:24:Memory content before bitflip:0x060x000x000x00
2017-02-28 03:17:24:Backtrace BEGIN:
2017-02-28 03:17:24:#0  0x00007ffff6e245d0 in __read_nocancel () at ../sysdeps/unix/syscall-template.S:81
#1  0x00007ffff6dd0911 in __GI__IO_file_xsgetn (fp=0x619b30, data=<optimized out>, n=1075184100) at fileops.c:1422
#2  0x00007ffff6dc6929 in __GI__IO_fread (buf=<optimized out>, size=1075184100, count=1, fp=0x619b30) at iofread.c:42
#3  0x00000000004014f6 in ReadArrayFromFile (input_itemsets=0x7fff76699010, gold_itemsets=0x7fff36538010, max_rows=16395, filenameinput=0x7fffffffee44 "/micNfs/gdb-fault-injection/injector/bin/nw/input_16394_th_228_pen_10", filenamegold=0x7fffffffee8a "/micNfs/gdb-fault-injection/injector/bin/nw/gold_16394_th_228_pen_10") at needle_check.cpp:50
#4  0x0000000000402bbc in runTest (argc=6, argv=0x7fffffffec08) at needle_check.cpp:319
#5  0x0000000000401595 in main (argc=6, argv=0x7fffffffec08) at needle_check.cpp:114

2017-02-28 03:17:24:76	in ../sysdeps/unix/syscall-template.S

2017-02-28 03:17:24:Backtrace END
2017-02-28 03:17:24:Type: The type is a structure.
2017-02-28 03:17:24:Type sizeof: 168
2017-02-28 03:17:24:Fliping value of field: __dummy2
2017-02-28 03:17:24:Type: The type is an integer type.
2017-02-28 03:17:24:Type sizeof: 8
2017-02-28 03:17:24:Mem contents(hex):0x000x000x000x000x000x000x000x00
2017-02-28 03:17:24:Fault Mode: Random bit-flip
2017-02-28 03:17:24:base address to flip value: 0x7ffff70b16c8 
2017-02-28 03:17:24:address max offset: 8
2017-02-28 03:17:24:Memory content before bitflip:0x000x000x000x000x000x000x000x00
2017-02-28 03:17:25:Backtrace BEGIN:
2017-02-28 03:17:25:#0  0x0000000000402c27 in runTest (argc=6, argv=0x7fffffffec08) at needle_check.cpp:330
#1  0x0000000000401595 in main (argc=6, argv=0x7fffffffec08) at needle_check.cpp:114

2017-02-28 03:17:25:325	    //}
326	
327	
328	    for (int i = 1 ; i < max_cols; i++){
329	        for (int j = 1 ; j < max_rows; j++){
330	            referrence[i*max_cols+j] = blosum62[input_itemsets[i*max_cols]][input_itemsets[j]];
331	        }
332	    }
333	
334	    for( int i = 1; i< max_rows ; i++)

2017-02-28 03:17:25:Backtrace END
2017-02-28 03:17:25:Type: The type is an array.
2017-02-28 03:17:25:Type sizeof: 20
2017-02-28 03:17:25:Fliping array at pos: 2
2017-02-28 03:17:25:Type: The type is an integer type.
2017-02-28 03:17:25:Type sizeof: 1
2017-02-28 03:17:25:Mem contents(hex):0x65
2017-02-28 03:17:25:Fault Mode: Double bit-flip
2017-02-28 03:17:25:base address to flip value: 0x7fffffffe81a 
2017-02-28 03:17:25:address max offset: 1
2017-02-28 03:17:25:Memory content before bitflip:0x65
2017-02-28 03:17:25:Memory content after  bitflip:0xe4
2017-02-28 03:17:25:Mem contents(hex):0xe4
2017-02-28 03:17:25:frame name: runTest
2017-02-28 03:17:25:symbol name: appName
2017-02-28 03:17:25:symbol filename: needle_check.cpp
2017-02-28 03:17:25:symbol line: 294
2017-02-28 03:17:25:value: "op\344nmpNW\000\003\000\000\000\000\000\000H8\206", <incomplete sequence \367>
2017-02-28 03:17:25:value address: 0x7fffffffe818
2017-02-28 03:17:25:Type: The type is an array.
2017-02-28 03:17:25:Type sizeof: 20
2017-02-28 03:17:25:Field name: None
2017-02-28 03:17:25:Field Type:
2017-02-28 03:17:25:Type: A range type, that is, an integer type with bounds.
2017-02-28 03:17:25:Type sizeof: 1
2017-02-28 03:17:25:Type range: (0L, 19L)
2017-02-28 03:17:25:Fault Injection Successful after 6.11726307869s
2017-02-28 03:17:57:event type: exit
2017-02-28 03:17:57:exit code: 0
