2017-01-23 17:34:51:Starting GDB script
2017-01-23 17:34:51:initSignal:7.0
2017-01-23 17:34:51:endSignal:14.0
2017-01-23 17:34:51:seqSignal:15
2017-01-23 17:35:01:sending 15 signals using command: 'ssh -T mic1 killall -2 dgemm_check' after 10.7886819959s
2017-01-23 17:35:01:sending 15 signals using command: 'ssh -T mic1 killall -2 dgemm_check' after 10.882646809s
2017-01-23 17:35:02:shell stdout: 
2017-01-23 17:35:02:shell stdout: 
2017-01-23 17:35:03:shell stdout: 
2017-01-23 17:35:03:shell stdout: 
2017-01-23 17:35:03:shell stdout: 
2017-01-23 17:35:03:shell stdout: 
2017-01-23 17:35:03:shell stdout: 
2017-01-23 17:35:03:shell stdout: 
2017-01-23 17:35:04:sending 15 signals using command: 'ssh -T mic1 killall -2 dgemm_check' after 13.0065623032s
2017-01-23 17:35:04:shell stdout: 
2017-01-23 17:35:04:shell stdout: 
2017-01-23 17:35:04:shell stdout: 
2017-01-23 17:35:04:shell stdout: 
2017-01-23 17:35:04:shell stdout: 
2017-01-23 17:35:04:shell stdout: 
2017-01-23 17:35:05:shell stdout: 
2017-01-23 17:35:05:shell stdout: 
2017-01-23 17:35:05:shell stdout: 
2017-01-23 17:35:05:shell stdout: 
2017-01-23 17:35:05:shell stdout: 
2017-01-23 17:35:05:shell stdout: 
2017-01-23 17:35:05:shell stdout: 
2017-01-23 17:35:06:shell stdout: 
2017-01-23 17:35:06:shell stdout: 
2017-01-23 17:35:06:shell stdout: 
2017-01-23 17:35:06:shell stdout: 
2017-01-23 17:35:06:shell stdout: 
2017-01-23 17:35:06:shell stdout: 
2017-01-23 17:35:06:shell stdout: 
2017-01-23 17:35:06:shell stdout: 
2017-01-23 17:35:07:shell stdout: 
2017-01-23 17:35:07:shell stdout: 
2017-01-23 17:35:07:shell stdout: 
2017-01-23 17:35:07:shell stdout: 
2017-01-23 17:35:07:shell stdout: 
2017-01-23 17:35:07:shell stdout: 
2017-01-23 17:35:07:shell stdout: 
2017-01-23 17:35:08:shell stdout: 
2017-01-23 17:35:08:shell stdout: 
2017-01-23 17:35:08:shell stdout: 
2017-01-23 17:35:08:shell stdout: 
2017-01-23 17:35:08:shell stdout: 
2017-01-23 17:35:09:shell stdout: 
2017-01-23 17:35:09:shell stdout: 
2017-01-23 17:35:09:shell stdout: 
2017-01-23 17:35:10:shell stdout: 
2017-01-23 17:36:01:no gdbExecName running, out:
2017-01-23 17:36:01:checCmd:ps -e | grep -i gdb-mic
2017-01-23 17:36:01:finished now-timestampStart < maxWaitTime*5
2017-01-23 17:36:01:now: 1485210952
2017-01-23 17:36:01:timestampStart: 1485210891
2017-01-23 17:36:01:kill cmd: killall -9 gdb-mic
2017-01-23 17:36:01:shell stdout: 
2017-01-23 17:36:02:kill cmd: ssh -T mic1 killall -9 dgemm_check
2017-01-23 17:36:02:shell stdout: 
2017-01-23 17:36:02:kill cmd: ssh -T mic1 killall -9 gdbserver
2017-01-23 17:36:02:shell stdout: 
2017-01-23 17:36:02:kill cmd: ssh -T mic1 killall -9 sshd
2017-01-23 17:36:02:shell stdout: 
