2016-10-19 06:06:43:Starting GDB script
2016-10-19 06:06:43:sending signal using command: 'ssh -T mic0 killall -2 needle_check' after 0.492566869677s
2016-10-19 06:06:43:shell stdout: 
2016-10-19 06:06:46:sending signal using command: 'ssh -T mic0 killall -2 needle_check' after 2.84437217673s
2016-10-19 06:06:46:shell stdout: 
2016-10-19 06:06:46:sending signal using command: 'ssh -T mic0 killall -2 needle_check' after 3.16722650734s
2016-10-19 06:06:46:shell stdout: 
2016-10-19 06:06:47:sending signal using command: 'ssh -T mic0 killall -2 needle_check' after 3.92112299382s
2016-10-19 06:06:47:shell stdout: 
2016-10-19 06:06:49:sending signal using command: 'ssh -T mic0 killall -2 needle_check' after 6.53839125914s
2016-10-19 06:06:49:shell stdout: 
2016-10-19 06:06:51:sending signal using command: 'ssh -T mic0 killall -2 needle_check' after 7.67072579276s
2016-10-19 06:06:51:shell stdout: 
2016-10-19 06:06:52:sending signal using command: 'ssh -T mic0 killall -2 needle_check' after 8.66475796588s
2016-10-19 06:06:52:shell stdout: 
2016-10-19 06:06:53:sending signal using command: 'ssh -T mic0 killall -2 needle_check' after 10.5464117356s
2016-10-19 06:06:53:shell stdout: 
2016-10-19 06:06:54:sending signal using command: 'ssh -T mic0 killall -2 needle_check' after 10.8901652087s
2016-10-19 06:06:54:shell stdout: 
2016-10-19 06:06:57:sending signal using command: 'ssh -T mic0 killall -2 needle_check' after 14.0475073203s
2016-10-19 06:06:57:shell stdout: 
2016-10-19 06:07:03:no gdbExecName running, out:
2016-10-19 06:07:03:checCmd:ps -e | grep -i gdb-mic
2016-10-19 06:07:03:finished now-timestampStart < maxWaitTime*5
2016-10-19 06:07:03:now: 1476871622
2016-10-19 06:07:03:timestampStart: 1476871603
2016-10-19 06:07:03:kill cmd: killall -9 gdb-mic
2016-10-19 06:07:03:shell stdout: 
2016-10-19 06:07:03:kill cmd: ssh -T mic0 killall -9 needle_check
2016-10-19 06:07:03:shell stdout: 
2016-10-19 06:07:04:kill cmd: ssh -T mic0 killall -9 gdbserver
2016-10-19 06:07:04:shell stdout: 
2016-10-19 06:07:04:kill cmd: ssh -T mic0 killall -9 sshd
2016-10-19 06:07:04:shell stdout: 
