[INFO -- 2017-03-03 07:13:08]
Starting GDB script
[INFO -- 2017-03-03 07:13:08]
initSignal:0.0
[INFO -- 2017-03-03 07:13:08]
endSignal:5.0
[INFO -- 2017-03-03 07:13:08]
seqSignal:20
[INFO -- 2017-03-03 07:13:08]
sending 20 signals using command: 'ssh -T mic1 killall -2 clamr_openmponly' after 0.355012177969s
[INFO -- 2017-03-03 07:13:08]
shell stdout: 
[INFO -- 2017-03-03 07:13:09]
shell stdout: 
[INFO -- 2017-03-03 07:13:09]
shell stdout: 
[INFO -- 2017-03-03 07:13:10]
shell stdout: 
[INFO -- 2017-03-03 07:13:10]
shell stdout: 
[INFO -- 2017-03-03 07:13:11]
shell stdout: 
[INFO -- 2017-03-03 07:13:11]
shell stdout: 
[INFO -- 2017-03-03 07:13:11]
shell stdout: 
[INFO -- 2017-03-03 07:13:12]
shell stdout: 
[INFO -- 2017-03-03 07:13:12]
shell stdout: 
[INFO -- 2017-03-03 07:13:12]
sending 20 signals using command: 'ssh -T mic1 killall -2 clamr_openmponly' after 4.75813054028s
[INFO -- 2017-03-03 07:13:13]
shell stdout: 
[INFO -- 2017-03-03 07:13:13]
shell stdout: 
[INFO -- 2017-03-03 07:13:13]
shell stdout: 
[INFO -- 2017-03-03 07:13:13]
shell stdout: 
[INFO -- 2017-03-03 07:13:13]
shell stdout: 
[INFO -- 2017-03-03 07:13:14]
shell stdout: 
[INFO -- 2017-03-03 07:13:14]
shell stdout: 
[INFO -- 2017-03-03 07:13:14]
shell stdout: 
[INFO -- 2017-03-03 07:13:14]
shell stdout: 
[INFO -- 2017-03-03 07:13:14]
shell stdout: 
[INFO -- 2017-03-03 07:13:15]
shell stdout: 
[INFO -- 2017-03-03 07:13:15]
shell stdout: 
[INFO -- 2017-03-03 07:13:15]
shell stdout: 
[INFO -- 2017-03-03 07:13:15]
shell stdout: 
[INFO -- 2017-03-03 07:13:16]
shell stdout: 
[INFO -- 2017-03-03 07:13:16]
shell stdout: 
[INFO -- 2017-03-03 07:13:16]
shell stdout: 
[INFO -- 2017-03-03 07:13:16]
shell stdout: 
[INFO -- 2017-03-03 07:13:17]
shell stdout: 
[INFO -- 2017-03-03 07:13:17]
shell stdout: 
[INFO -- 2017-03-03 07:13:17]
shell stdout: 
[INFO -- 2017-03-03 07:13:17]
shell stdout: 
[INFO -- 2017-03-03 07:13:18]
shell stdout: 
[INFO -- 2017-03-03 07:13:18]
shell stdout: 
[INFO -- 2017-03-03 07:13:19]
shell stdout: 
[INFO -- 2017-03-03 07:13:19]
shell stdout: 
[INFO -- 2017-03-03 07:13:19]
shell stdout: 
[INFO -- 2017-03-03 07:13:20]
shell stdout: 
[INFO -- 2017-03-03 07:13:20]
shell stdout: 
[INFO -- 2017-03-03 07:13:21]
shell stdout: 
[INFO -- 2017-03-03 07:15:11]
no gdbExecName running, out:
[INFO -- 2017-03-03 07:15:11]
checCmd:ps -e | grep -i gdb-mic
[INFO -- 2017-03-03 07:15:11]
finished now-timestampStart < maxWaitTime*5
[INFO -- 2017-03-03 07:15:11]
now: 1488543306
[INFO -- 2017-03-03 07:15:11]
timestampStart: 1488543188
[INFO -- 2017-03-03 07:15:11]
kill cmd: killall -9 gdb-mic
[INFO -- 2017-03-03 07:15:11]
shell stdout: 
[INFO -- 2017-03-03 07:15:11]
kill cmd: ssh -T mic1 killall -9 clamr_openmponly
[INFO -- 2017-03-03 07:15:11]
shell stdout: 
[INFO -- 2017-03-03 07:15:12]
kill cmd: ssh -T mic1 killall -9 gdbserver
[INFO -- 2017-03-03 07:15:12]
shell stdout: 
[INFO -- 2017-03-03 07:15:12]
kill cmd: ssh -T mic1 killall -9 sshd
[INFO -- 2017-03-03 07:15:12]
shell stdout: 
