2016-10-27 17:47:11:Starting GDB script
2016-10-27 17:47:13:sending signal using command: 'ssh -T mic0 killall -2 hotspot_check' after 2.18329103984s
2016-10-27 17:47:13:shell stdout: 
2016-10-27 17:47:18:sending signal using command: 'ssh -T mic0 killall -2 hotspot_check' after 7.24736192964s
2016-10-27 17:47:18:shell stdout: 
2016-10-27 17:47:19:sending signal using command: 'ssh -T mic0 killall -2 hotspot_check' after 7.59133603628s
2016-10-27 17:47:19:shell stdout: 
2016-10-27 17:47:20:sending signal using command: 'ssh -T mic0 killall -2 hotspot_check' after 8.38238156186s
2016-10-27 17:47:20:shell stdout: 
2016-10-27 17:47:20:sending signal using command: 'ssh -T mic0 killall -2 hotspot_check' after 8.63562222988s
2016-10-27 17:47:20:shell stdout: 
2016-10-27 17:47:21:sending signal using command: 'ssh -T mic0 killall -2 hotspot_check' after 9.53519012946s
2016-10-27 17:47:21:shell stdout: 
2016-10-27 17:47:21:sending signal using command: 'ssh -T mic0 killall -2 hotspot_check' after 10.259424741s
2016-10-27 17:47:21:shell stdout: 
2016-10-27 17:47:24:sending signal using command: 'ssh -T mic0 killall -2 hotspot_check' after 12.3974658032s
2016-10-27 17:47:24:shell stdout: 
2016-10-27 17:47:24:sending signal using command: 'ssh -T mic0 killall -2 hotspot_check' after 12.6880103428s
2016-10-27 17:47:24:shell stdout: 
2016-10-27 17:47:26:sending signal using command: 'ssh -T mic0 killall -2 hotspot_check' after 14.1509189918s
2016-10-27 17:47:26:shell stdout: 
2016-10-27 17:47:32:no gdbExecName running, out:
2016-10-27 17:47:32:checCmd:ps -e | grep -i gdb-mic
2016-10-27 17:47:32:finished now-timestampStart < maxWaitTime*5
2016-10-27 17:47:32:now: 1477604851
2016-10-27 17:47:32:timestampStart: 1477604831
2016-10-27 17:47:32:kill cmd: killall -9 gdb-mic
2016-10-27 17:47:32:shell stdout: 
2016-10-27 17:47:33:kill cmd: ssh -T mic0 killall -9 hotspot_check
2016-10-27 17:47:33:shell stdout: 
2016-10-27 17:47:33:kill cmd: ssh -T mic0 killall -9 gdbserver
2016-10-27 17:47:33:shell stdout: 
