2017-02-20 12:35:52:Starting GDB script
2017-02-20 12:35:52:initSignal:0.0
2017-02-20 12:35:52:endSignal:3.0
2017-02-20 12:35:52:seqSignal:15
2017-02-20 12:35:52:sending 15 signals using command: 'ssh -T mic1 killall -2 hotspot_check' after 0.413614343591s
2017-02-20 12:35:53:sending 15 signals using command: 'ssh -T mic1 killall -2 hotspot_check' after 0.470429947975s
2017-02-20 12:35:53:sending 15 signals using command: 'ssh -T mic1 killall -2 hotspot_check' after 0.782721900611s
2017-02-20 12:35:53:shell stdout: 
2017-02-20 12:35:53:shell stdout: 
2017-02-20 12:35:53:shell stdout: 
2017-02-20 12:35:53:shell stdout: 
2017-02-20 12:35:53:shell stdout: 
2017-02-20 12:35:54:shell stdout: 
2017-02-20 12:35:54:shell stdout: 
2017-02-20 12:35:54:shell stdout: 
2017-02-20 12:35:54:shell stdout: 
2017-02-20 12:35:54:shell stdout: 
2017-02-20 12:35:54:shell stdout: 
2017-02-20 12:35:55:shell stdout: 
2017-02-20 12:35:55:shell stdout: 
2017-02-20 12:35:55:shell stdout: 
2017-02-20 12:35:55:shell stdout: 
2017-02-20 12:35:55:shell stdout: 
2017-02-20 12:35:55:shell stdout: 
2017-02-20 12:35:55:shell stdout: 
2017-02-20 12:35:55:shell stdout: 
2017-02-20 12:35:56:shell stdout: 
2017-02-20 12:35:56:shell stdout: 
2017-02-20 12:35:56:shell stdout: 
2017-02-20 12:35:56:shell stdout: 
2017-02-20 12:35:56:shell stdout: 
2017-02-20 12:35:56:shell stdout: 
2017-02-20 12:35:56:shell stdout: 
2017-02-20 12:35:57:shell stdout: 
2017-02-20 12:35:57:shell stdout: 
2017-02-20 12:35:57:shell stdout: 
2017-02-20 12:35:57:shell stdout: 
2017-02-20 12:35:57:shell stdout: 
2017-02-20 12:35:57:shell stdout: 
2017-02-20 12:35:57:shell stdout: 
2017-02-20 12:35:58:shell stdout: 
2017-02-20 12:35:58:shell stdout: 
2017-02-20 12:35:58:shell stdout: 
2017-02-20 12:35:58:shell stdout: 
2017-02-20 12:35:58:shell stdout: 
2017-02-20 12:35:58:shell stdout: 
2017-02-20 12:35:58:shell stdout: 
2017-02-20 12:35:58:shell stdout: 
2017-02-20 12:35:59:shell stdout: 
2017-02-20 12:35:59:shell stdout: 
2017-02-20 12:35:59:shell stdout: 
2017-02-20 12:35:59:shell stdout: 
2017-02-20 12:36:23:no gdbExecName running, out:
2017-02-20 12:36:23:checCmd:ps -e | grep -i gdb-mic
2017-02-20 12:36:23:finished now-timestampStart < maxWaitTime*5
2017-02-20 12:36:23:now: 1487612181
2017-02-20 12:36:23:timestampStart: 1487612152
2017-02-20 12:36:23:kill cmd: killall -9 gdb-mic
2017-02-20 12:36:23:shell stdout: 
2017-02-20 12:36:23:kill cmd: ssh -T mic1 killall -9 hotspot_check
2017-02-20 12:36:23:shell stdout: 
2017-02-20 12:36:23:kill cmd: ssh -T mic1 killall -9 gdbserver
2017-02-20 12:36:23:shell stdout: 
2017-02-20 12:36:24:kill cmd: ssh -T mic1 killall -9 sshd
2017-02-20 12:36:24:shell stdout: 
