2017-01-26 08:49:54:Starting flip_value script
2017-01-26 08:49:54:Initialization strings:
2017-01-26 08:49:54:(1) target extended-remote | ssh -T mic0 gdbserver --multi -
2017-01-26 08:49:54:(2) set sysroot /opt/mpss/3.7/sysroots/k1om-mpss-linux/
2017-01-26 08:49:54:(3) set sysroot /opt/mpss/3.7/sysroots/k1om-mpss-linux/
2017-01-26 08:49:54:(4) file /micNfs/gdb-fault-injection/injector/bin/lud/lud_check
2017-01-26 08:49:54:(5) set remote exec-file /micNfs/gdb-fault-injection/injector/bin/lud/lud_check
2017-01-26 08:49:54:(6) set args -s 2048 -n 228 -i /micNfs/gdb-fault-injection/injector/bin/lud/input_2048_th_228 -g /micNfs/gdb-fault-injection/injector/bin/lud/gold_2048_th_228
2017-01-26 08:49:54:initSignal:4
2017-01-26 08:49:54:endSignal:6
2017-01-26 08:49:54:seqSignal:30
2017-01-26 08:49:59:Trying Fault Injection
2017-01-26 08:49:59:Inferior PID: 78354
2017-01-26 08:49:59:Inferior is valid: True
2017-01-26 08:49:59:Inferior #threads: 229
2017-01-26 08:49:59:Backtrace BEGIN:
2017-01-26 08:49:59:#0  0x0000000000403995 in lud_diagonal_omp (a=0x7ffff5ecc010, size=2048, offset=688) at lud_omp.c:31
#1  0x0000000000403af9 in lud_omp (a=0x7ffff5ecc010, size=2048) at lud_omp.c:62
#2  0x0000000000402c78 in main (argc=9, argv=0x7fffffffec08) at lud_check.c:124

2017-01-26 08:49:59:26	        float temp = 1.f/AA(i,i);
27	        for (j = i+1; j < BS; j++) {
28	            for (k = 0; k < i ; k++) {
29	                AA(j,i) = AA(j,i) - AA(j,k) * AA(k,i);
30	            }
31	            AA(j,i) = AA(j,i)*temp;
32	        }
33	    }
34	
35	}

2017-01-26 08:49:59:Backtrace END
2017-01-26 08:50:02:Thread name: None
2017-01-26 08:50:02:Thread num: 1
2017-01-26 08:50:02:Thread ptid: (78354, 78354, 0)
2017-01-26 08:50:02:bitFlip function
2017-01-26 08:50:02:Type: The type is a pointer.
2017-01-26 08:50:02:Type sizeof: 8
2017-01-26 08:50:02:Fliping a bit of the value pointed by a pointer
2017-01-26 08:50:02:bitFlip function
2017-01-26 08:50:02:Type: A floating point type.
2017-01-26 08:50:02:Type sizeof: 4
2017-01-26 08:50:02:Mem contents(hex):0x000x000x200x41
2017-01-26 08:50:02:base address to flip value: 0x7ffff5ecc010
2017-01-26 08:50:02:address max offset: 4
2017-01-26 08:50:02:Memory content before bitflip:0x000x000x200x41
2017-01-26 08:50:02:Memory content after  bitflip:0x000x000x210x41
2017-01-26 08:50:02:Mem contents(hex):0x000x000x210x41
2017-01-26 08:50:02:frame name: lud_diagonal_omp
2017-01-26 08:50:02:symbol name: a
2017-01-26 08:50:02:symbol filename: lud_omp.c
2017-01-26 08:50:02:symbol line: 15
2017-01-26 08:50:02:value: 0x7ffff5ecc010
2017-01-26 08:50:02:value address: 0x7fffffffd850
2017-01-26 08:50:02:Type: The type is a pointer.
2017-01-26 08:50:02:Type sizeof: 8
2017-01-26 08:50:02:Fault Injection Successful after 8.84890508652s
2017-01-26 08:50:03:Fault Already Injected
2017-01-26 08:50:03:Fault Already Injected
2017-01-26 08:50:03:Fault Already Injected
2017-01-26 08:50:03:Fault Already Injected
2017-01-26 08:50:03:Fault Already Injected
2017-01-26 08:50:03:Fault Already Injected
2017-01-26 08:50:04:Fault Already Injected
2017-01-26 08:50:04:Fault Already Injected
2017-01-26 08:50:05:Fault Already Injected
2017-01-26 08:50:05:Fault Already Injected
2017-01-26 08:50:06:Fault Already Injected
2017-01-26 08:50:06:Fault Already Injected
2017-01-26 08:50:06:Fault Already Injected
2017-01-26 08:50:07:Fault Already Injected
2017-01-26 08:50:07:Fault Already Injected
2017-01-26 08:50:07:Fault Already Injected
2017-01-26 08:50:08:Fault Already Injected
2017-01-26 08:50:08:Fault Already Injected
2017-01-26 08:50:08:Fault Already Injected
2017-01-26 08:50:09:Fault Already Injected
2017-01-26 08:50:09:Fault Already Injected
2017-01-26 08:50:09:Fault Already Injected
2017-01-26 08:50:10:Fault Already Injected
2017-01-26 08:50:10:Fault Already Injected
2017-01-26 08:50:10:Fault Already Injected
2017-01-26 08:50:10:event type: exit
2017-01-26 08:50:10:exit code: 0
