2016-10-28 16:27:41:Initialization strings:
2016-10-28 16:27:42:(1) target extended-remote | ssh -T mic0 gdbserver --multi -
2016-10-28 16:27:42:(2) set sysroot /opt/mpss/3.7/sysroots/k1om-mpss-linux/
2016-10-28 16:27:42:(3) set sysroot /opt/mpss/3.7/sysroots/k1om-mpss-linux/
2016-10-28 16:27:42:(4) file /micNfs/gdb-fault-injection-nw/bin/needle_check
2016-10-28 16:27:42:(5) set remote exec-file /micNfs/gdb-fault-injection-nw/bin/needle_check
2016-10-28 16:27:42:(6) set args 16384 10 228 /micNfs/gdb-fault-injection-nw/bin/input_16384_th_228_pen_10 /micNfs/gdb-fault-injection-nw/bin/gold_16384_th_228_pen_10
2016-10-28 16:27:48:Trying Fault Injection
2016-10-28 16:27:48:Inferior PID: 109279
2016-10-28 16:27:48:Inferior is valid: True
2016-10-28 16:27:48:Inferior #threads: 1
2016-10-28 16:27:48:Backtrace BEGIN:
2016-10-28 16:27:48:#0  0x00007ffff6e245d0 in __read_nocancel () at ../sysdeps/unix/syscall-template.S:81
#1  0x00007ffff6dd0911 in __GI__IO_file_xsgetn (fp=0x61d900, data=<optimized out>, n=1073872900) at fileops.c:1422
#2  0x00007ffff6dc6929 in __GI__IO_fread (buf=<optimized out>, size=1073872900, count=1, fp=0x61d900) at iofread.c:42
#3  0x00000000004015e1 in ReadArrayFromFile (input_itemsets=<optimized out>, gold_itemsets=<optimized out>, max_rows=<optimized out>, filenameinput=<optimized out>, filenamegold=<optimized out>) at needle_check.cpp:49
#4  runTest (argc=<optimized out>, argv=<optimized out>) at needle_check.cpp:317
#5  main (argc=3, argv=0x7fff76919010) at needle_check.cpp:114

2016-10-28 16:27:48:76	in ../sysdeps/unix/syscall-template.S

2016-10-28 16:27:48:Backtrace END
2016-10-28 16:27:48:Thread name: None
2016-10-28 16:27:48:Thread num: 1
2016-10-28 16:27:48:Thread ptid: (109279, 109279, 0)
2016-10-28 16:27:48:bitFlip function
2016-10-28 16:27:48:Type: The type is an integer type.
2016-10-28 16:27:48:Type sizeof: 4
2016-10-28 16:27:48:Mem contents(hex):0x040x000x020x40
2016-10-28 16:27:48:base address to flip value: 0x7fffffffe980
2016-10-28 16:27:48:address max offset: 4
2016-10-28 16:27:48:Memory content before bitflip:0x040x000x020x40
2016-10-28 16:27:48:Memory content after  bitflip:0x040x000x020x50
2016-10-28 16:27:48:Mem contents(hex):0x040x000x020x50
2016-10-28 16:27:48:frame name: ReadArrayFromFile
2016-10-28 16:27:48:symbol name: host_errors
2016-10-28 16:27:48:symbol filename: needle_check.cpp
2016-10-28 16:27:48:symbol line: 358
2016-10-28 16:27:48:value: 1342308356
2016-10-28 16:27:48:value address: 0x7fffffffe980
2016-10-28 16:27:48:Type: The type is an integer type.
2016-10-28 16:27:48:Type sizeof: 4
2016-10-28 16:27:48:Fault Injection Successful after 6.17412304878s
2016-10-28 16:27:51:Fault Already Injected
2016-10-28 16:27:52:Fault Already Injected
2016-10-28 16:27:54:Fault Already Injected
2016-10-28 16:27:55:Fault Already Injected
2016-10-28 16:27:58:Fault Already Injected
2016-10-28 16:27:58:Fault Already Injected
2016-10-28 16:27:59:Fault Already Injected
2016-10-28 16:28:01:event type: exit
2016-10-28 16:28:01:exit code: 0
