2017-01-24 05:28:12:Starting GDB script
2017-01-24 05:28:12:initSignal:2.0
2017-01-24 05:28:12:endSignal:4.0
2017-01-24 05:28:12:seqSignal:30
2017-01-24 05:28:15:sending 30 signals using command: 'ssh -T mic0 killall -2 lud_check' after 3.33444503544s
2017-01-24 05:28:16:sending 30 signals using command: 'ssh -T mic0 killall -2 lud_check' after 3.59386146376s
2017-01-24 05:28:16:sending 30 signals using command: 'ssh -T mic0 killall -2 lud_check' after 3.96821390047s
2017-01-24 05:28:17:shell stdout: 
2017-01-24 05:28:17:shell stdout: 
2017-01-24 05:28:17:shell stdout: 
2017-01-24 05:28:17:shell stdout: 
2017-01-24 05:28:17:shell stdout: 
2017-01-24 05:28:18:shell stdout: 
2017-01-24 05:28:18:shell stdout: 
2017-01-24 05:28:18:shell stdout: 
2017-01-24 05:28:18:shell stdout: 
2017-01-24 05:28:18:shell stdout: 
2017-01-24 05:28:18:shell stdout: 
2017-01-24 05:28:18:shell stdout: 
2017-01-24 05:28:19:shell stdout: 
2017-01-24 05:28:19:shell stdout: 
2017-01-24 05:28:19:shell stdout: 
2017-01-24 05:28:19:shell stdout: 
2017-01-24 05:28:19:shell stdout: 
2017-01-24 05:28:19:shell stdout: 
2017-01-24 05:28:20:shell stdout: 
2017-01-24 05:28:20:shell stdout: 
2017-01-24 05:28:20:shell stdout: 
2017-01-24 05:28:20:shell stdout: 
2017-01-24 05:28:20:shell stdout: 
2017-01-24 05:28:20:shell stdout: 
2017-01-24 05:28:20:shell stdout: 
2017-01-24 05:28:20:shell stdout: 
2017-01-24 05:28:20:shell stdout: 
2017-01-24 05:28:21:shell stdout: 
2017-01-24 05:28:21:shell stdout: 
2017-01-24 05:28:21:shell stdout: 
2017-01-24 05:28:21:shell stdout: 
2017-01-24 05:28:21:shell stdout: 
2017-01-24 05:28:21:shell stdout: 
2017-01-24 05:28:22:shell stdout: 
2017-01-24 05:28:22:shell stdout: 
2017-01-24 05:28:22:shell stdout: 
2017-01-24 05:28:22:shell stdout: 
2017-01-24 05:28:22:shell stdout: 
2017-01-24 05:28:22:shell stdout: 
2017-01-24 05:28:23:shell stdout: 
2017-01-24 05:28:23:shell stdout: 
2017-01-24 05:28:23:shell stdout: 
2017-01-24 05:28:23:shell stdout: 
2017-01-24 05:28:23:shell stdout: 
2017-01-24 05:28:23:shell stdout: 
2017-01-24 05:28:23:shell stdout: 
2017-01-24 05:28:23:shell stdout: 
2017-01-24 05:28:24:shell stdout: 
2017-01-24 05:28:24:shell stdout: 
2017-01-24 05:28:24:shell stdout: 
2017-01-24 05:28:24:shell stdout: 
2017-01-24 05:28:24:shell stdout: 
2017-01-24 05:28:24:shell stdout: 
2017-01-24 05:28:24:shell stdout: 
2017-01-24 05:28:25:shell stdout: 
2017-01-24 05:28:25:shell stdout: 
2017-01-24 05:28:25:shell stdout: 
2017-01-24 05:28:25:shell stdout: 
2017-01-24 05:28:25:shell stdout: 
2017-01-24 05:28:25:shell stdout: 
2017-01-24 05:28:26:shell stdout: 
2017-01-24 05:28:26:shell stdout: 
2017-01-24 05:28:26:shell stdout: 
2017-01-24 05:28:26:shell stdout: 
2017-01-24 05:28:26:shell stdout: 
2017-01-24 05:28:26:shell stdout: 
2017-01-24 05:28:26:shell stdout: 
2017-01-24 05:28:27:shell stdout: 
2017-01-24 05:28:27:shell stdout: 
2017-01-24 05:28:27:shell stdout: 
2017-01-24 05:28:27:shell stdout: 
2017-01-24 05:28:27:shell stdout: 
2017-01-24 05:28:27:shell stdout: 
2017-01-24 05:28:27:shell stdout: 
2017-01-24 05:28:27:shell stdout: 
2017-01-24 05:28:28:shell stdout: 
2017-01-24 05:28:28:shell stdout: 
2017-01-24 05:28:28:shell stdout: 
2017-01-24 05:28:28:shell stdout: 
2017-01-24 05:28:28:shell stdout: 
2017-01-24 05:28:28:shell stdout: 
2017-01-24 05:28:29:shell stdout: 
2017-01-24 05:28:29:shell stdout: 
2017-01-24 05:28:29:shell stdout: 
2017-01-24 05:28:29:shell stdout: 
2017-01-24 05:28:29:shell stdout: 
2017-01-24 05:28:29:shell stdout: 
2017-01-24 05:28:29:shell stdout: 
2017-01-24 05:28:30:shell stdout: 
2017-01-24 05:28:30:shell stdout: 
2017-01-24 05:28:43:no gdbExecName running, out:
2017-01-24 05:28:43:checCmd:ps -e | grep -i gdb-mic
2017-01-24 05:28:43:finished now-timestampStart < maxWaitTime*5
2017-01-24 05:28:43:now: 1485253722
2017-01-24 05:28:43:timestampStart: 1485253692
2017-01-24 05:28:43:kill cmd: killall -9 gdb-mic
2017-01-24 05:28:43:shell stdout: 
2017-01-24 05:28:43:kill cmd: ssh -T mic0 killall -9 lud_check
2017-01-24 05:28:43:shell stdout: 
2017-01-24 05:28:43:kill cmd: ssh -T mic0 killall -9 gdbserver
2017-01-24 05:28:43:shell stdout: 
2017-01-24 05:28:44:kill cmd: ssh -T mic0 killall -9 sshd
2017-01-24 05:28:44:shell stdout: 
