2016-10-14 20:10:08:Starting GDB script
2016-10-14 20:10:09:sending signal using command: 'ssh -T mic0 killall -2 hotspot_check' after 0.403805322859s
2016-10-14 20:10:09:shell stdout: 
2016-10-14 20:10:10:sending signal using command: 'ssh -T mic0 killall -2 hotspot_check' after 1.87063363087s
2016-10-14 20:10:10:shell stdout: 
2016-10-14 20:10:13:sending signal using command: 'ssh -T mic0 killall -2 hotspot_check' after 4.34181955277s
2016-10-14 20:10:13:shell stdout: 
2016-10-14 20:10:13:sending signal using command: 'ssh -T mic0 killall -2 hotspot_check' after 4.69535620362s
2016-10-14 20:10:13:shell stdout: 
2016-10-14 20:10:15:sending signal using command: 'ssh -T mic0 killall -2 hotspot_check' after 6.46414835226s
2016-10-14 20:10:15:shell stdout: 
2016-10-14 20:10:18:sending signal using command: 'ssh -T mic0 killall -2 hotspot_check' after 9.71997876734s
2016-10-14 20:10:18:shell stdout: 
2016-10-14 20:10:19:sending signal using command: 'ssh -T mic0 killall -2 hotspot_check' after 10.1122820336s
2016-10-14 20:10:19:shell stdout: 
2016-10-14 20:10:20:sending signal using command: 'ssh -T mic0 killall -2 hotspot_check' after 11.0220870648s
2016-10-14 20:10:20:shell stdout: 
2016-10-14 20:10:21:sending signal using command: 'ssh -T mic0 killall -2 hotspot_check' after 12.0628852053s
2016-10-14 20:10:21:shell stdout: 
2016-10-14 20:10:22:sending signal using command: 'ssh -T mic0 killall -2 hotspot_check' after 13.3434748126s
2016-10-14 20:10:22:shell stdout: 
2016-10-14 20:10:29:no gdbExecName running, out:
2016-10-14 20:10:29:checCmd:ps -e | grep -i gdb-mic
2016-10-14 20:10:29:finished now-timestampStart < maxWaitTime*5
2016-10-14 20:10:29:now: 1476490228
2016-10-14 20:10:29:timestampStart: 1476490208
2016-10-14 20:10:29:kill cmd: killall -9 gdb-mic
2016-10-14 20:10:29:shell stdout: 
2016-10-14 20:10:29:kill cmd: ssh -T mic0 killall -9 hotspot_check
2016-10-14 20:10:29:shell stdout: 
2016-10-14 20:10:29:kill cmd: ssh -T mic0 killall -9 gdbserver
2016-10-14 20:10:29:shell stdout: 
