2016-11-02 07:25:38:sending signal using command: 'ssh -T mic0 killall -2 lavamd' after 8.37951575554s
2016-11-02 07:25:38:shell stdout: 
2016-11-02 07:25:38:sending signal using command: 'ssh -T mic0 killall -2 lavamd' after 8.40966182333s
2016-11-02 07:25:38:shell stdout: 
2016-11-02 07:25:38:sending signal using command: 'ssh -T mic0 killall -2 lavamd' after 8.52531329741s
2016-11-02 07:25:38:shell stdout: 
2016-11-02 07:25:38:Starting GDB script
2016-11-02 07:25:39:sending signal using command: 'ssh -T mic0 killall -2 lavamd' after 1.04802226965s
2016-11-02 07:25:39:shell stdout: 
2016-11-02 07:25:40:sending signal using command: 'ssh -T mic0 killall -2 lavamd' after 1.75293735335s
2016-11-02 07:25:40:shell stdout: 
2016-11-02 07:25:41:sending signal using command: 'ssh -T mic0 killall -2 lavamd' after 2.13431509346s
2016-11-02 07:25:41:shell stdout: 
2016-11-02 07:25:42:sending signal using command: 'ssh -T mic0 killall -2 lavamd' after 3.1757566558s
2016-11-02 07:25:42:shell stdout: 
2016-11-02 07:25:43:sending signal using command: 'ssh -T mic0 killall -2 lavamd' after 4.4229652949s
2016-11-02 07:25:43:shell stdout: 
2016-11-02 07:25:44:sending signal using command: 'ssh -T mic0 killall -2 lavamd' after 5.0200657381s
2016-11-02 07:25:44:shell stdout: 
2016-11-02 07:25:45:sending signal using command: 'ssh -T mic0 killall -2 lavamd' after 6.12289372685s
2016-11-02 07:25:45:shell stdout: 
2016-11-02 07:25:45:sending signal using command: 'ssh -T mic0 killall -2 lavamd' after 6.17049735804s
2016-11-02 07:25:45:shell stdout: 
2016-11-02 07:25:45:sending signal using command: 'ssh -T mic0 killall -2 lavamd' after 6.62739841006s
2016-11-02 07:25:45:shell stdout: 
2016-11-02 07:25:46:sending signal using command: 'ssh -T mic0 killall -2 lavamd' after 7.46339270979s
2016-11-02 07:25:46:shell stdout: 
2016-11-02 07:25:55:no gdbExecName running, out:
2016-11-02 07:25:55:checCmd:ps -e | grep -i gdb-mic
2016-11-02 07:25:55:finished now-timestampStart < maxWaitTime*5
2016-11-02 07:25:55:now: 1478085954
2016-11-02 07:25:55:timestampStart: 1478085938
2016-11-02 07:25:55:kill cmd: killall -9 gdb-mic
2016-11-02 07:25:55:shell stdout: 
2016-11-02 07:25:55:kill cmd: ssh -T mic0 killall -9 lavamd
2016-11-02 07:25:55:shell stdout: 
2016-11-02 07:25:56:kill cmd: ssh -T mic0 killall -9 gdbserver
2016-11-02 07:25:56:shell stdout: 
2016-11-02 07:25:56:kill cmd: ssh -T mic0 killall -9 sshd
2016-11-02 07:25:56:shell stdout: 
