2017-01-23 20:04:05:Starting GDB script
2017-01-23 20:04:05:initSignal:21.0
2017-01-23 20:04:05:endSignal:28.0
2017-01-23 20:04:05:seqSignal:15
2017-01-23 20:04:28:sending 15 signals using command: 'ssh -T mic1 killall -2 dgemm_check' after 22.4677750072s
2017-01-23 20:04:28:shell stdout: 
2017-01-23 20:04:29:shell stdout: 
2017-01-23 20:04:29:shell stdout: 
2017-01-23 20:04:30:shell stdout: 
2017-01-23 20:04:30:shell stdout: 
2017-01-23 20:04:31:shell stdout: 
2017-01-23 20:04:31:shell stdout: 
2017-01-23 20:04:31:shell stdout: 
2017-01-23 20:04:31:sending 15 signals using command: 'ssh -T mic1 killall -2 dgemm_check' after 26.315940949s
2017-01-23 20:04:32:shell stdout: 
2017-01-23 20:04:32:shell stdout: 
2017-01-23 20:04:32:shell stdout: 
2017-01-23 20:04:32:shell stdout: 
2017-01-23 20:04:33:shell stdout: 
2017-01-23 20:04:33:sending 15 signals using command: 'ssh -T mic1 killall -2 dgemm_check' after 27.4879937883s
2017-01-23 20:04:33:shell stdout: 
2017-01-23 20:04:33:shell stdout: 
2017-01-23 20:04:33:shell stdout: 
2017-01-23 20:04:33:shell stdout: 
2017-01-23 20:04:34:shell stdout: 
2017-01-23 20:04:34:shell stdout: 
2017-01-23 20:04:34:shell stdout: 
2017-01-23 20:04:34:shell stdout: 
2017-01-23 20:04:34:shell stdout: 
2017-01-23 20:04:34:shell stdout: 
2017-01-23 20:04:34:shell stdout: 
2017-01-23 20:04:34:shell stdout: 
2017-01-23 20:04:34:shell stdout: 
2017-01-23 20:04:35:shell stdout: 
2017-01-23 20:04:35:shell stdout: 
2017-01-23 20:04:35:shell stdout: 
2017-01-23 20:04:35:shell stdout: 
2017-01-23 20:04:36:shell stdout: 
2017-01-23 20:04:36:shell stdout: 
2017-01-23 20:04:36:shell stdout: 
2017-01-23 20:04:36:shell stdout: 
2017-01-23 20:04:37:shell stdout: 
2017-01-23 20:04:37:shell stdout: 
2017-01-23 20:04:37:shell stdout: 
2017-01-23 20:04:37:shell stdout: 
2017-01-23 20:04:37:shell stdout: 
2017-01-23 20:04:37:shell stdout: 
2017-01-23 20:04:38:shell stdout: 
2017-01-23 20:04:38:shell stdout: 
2017-01-23 20:04:38:shell stdout: 
2017-01-23 20:04:39:shell stdout: 
2017-01-23 20:04:39:shell stdout: 
2017-01-23 20:07:20:no gdbExecName running, out:
2017-01-23 20:07:20:checCmd:ps -e | grep -i gdb-mic
2017-01-23 20:07:20:finished now-timestampStart < maxWaitTime*5
2017-01-23 20:07:20:now: 1485220031
2017-01-23 20:07:20:timestampStart: 1485219845
2017-01-23 20:07:20:kill cmd: killall -9 gdb-mic
2017-01-23 20:07:20:shell stdout: 
2017-01-23 20:07:20:kill cmd: ssh -T mic1 killall -9 dgemm_check
2017-01-23 20:07:20:shell stdout: 
2017-01-23 20:07:20:kill cmd: ssh -T mic1 killall -9 gdbserver
2017-01-23 20:07:20:shell stdout: 
2017-01-23 20:07:21:kill cmd: ssh -T mic1 killall -9 sshd
2017-01-23 20:07:21:shell stdout: 
