2016-10-26 22:06:38:Initialization strings:
2016-10-26 22:06:38:(1) target extended-remote | ssh -T mic0 gdbserver --multi -
2016-10-26 22:06:38:(2) set sysroot /opt/mpss/3.7/sysroots/k1om-mpss-linux/
2016-10-26 22:06:38:(3) set sysroot /opt/mpss/3.7/sysroots/k1om-mpss-linux/
2016-10-26 22:06:38:(4) file /micNfs/gdb-fault-injection-hotspot/bin/hotspot_check
2016-10-26 22:06:38:(5) set remote exec-file /micNfs/gdb-fault-injection-hotspot/bin/hotspot_check
2016-10-26 22:06:38:(6) set args 1024 1024 2000 228 /micNfs/gdb-fault-injection-hotspot/bin/temp_1024 /micNfs/gdb-fault-injection-hotspot/bin/power_1024 /micNfs/gdb-fault-injection-hotspot/bin/GOLD_1024-2000-228
2016-10-26 22:06:41:Trying Fault Injection
2016-10-26 22:06:41:Backtrace BEGIN:
2016-10-26 22:06:41:#0  0x00007ffff71505d0 in __GI_memcpy (dstpp=dstpp@entry=0x7fffffffdf28, srcpp=srcpp@entry=0x7fffffffdf30, len=<optimized out>) at ../string/memcpy.c:59
#1  0x00007ffff710a1fb in __GI_____strtof_l_internal (nptr=nptr@entry=0x7fffffffe010 "323.781075", endptr=endptr@entry=0x7fffffffe240, group=group@entry=0, loc=<optimized out>) at strtod_l.c:1330
#2  0x00007ffff7107c00 in __GI___strtof_internal (nptr=nptr@entry=0x7fffffffe010 "323.781075", endptr=endptr@entry=0x7fffffffe240, group=group@entry=0) at strtod.c:54
#3  0x00007ffff7128bec in _IO_vfscanf_internal (s=s@entry=0x7fffffffe400, format=format@entry=0x407198 "%f", argptr=argptr@entry=0x7fffffffe528, errp=errp@entry=0x0) at vfscanf.c:2332
#4  0x00007ffff71365ea in __GI___isoc99_vsscanf (string=0x7fffffffe77a "323.781075\n", format=0x407198 "%f", args=args@entry=0x7fffffffe528) at isoc99_vsscanf.c:43
#5  0x00007ffff7136569 in __isoc99_sscanf (s=<optimized out>, format=<optimized out>) at isoc99_sscanf.c:31
#6  0x0000000000401744 in read_input (vect=<optimized out>, grid_rows=<optimized out>, grid_cols=-160649200, file=<optimized out>) at hotspot_check.c:206
#7  main (argc=-8401, argv=0x8) at hotspot_check.c:264

2016-10-26 22:06:41:54	in ../string/memcpy.c

2016-10-26 22:06:41:Backtrace END
2016-10-26 22:06:41:Type: The type is a structure.
2016-10-26 22:06:41:Type sizeof: 32
2016-10-26 22:06:41:Fliping value of field: __canceltype
2016-10-26 22:06:41:Type: The type is an integer type.
2016-10-26 22:06:41:Type sizeof: 4
2016-10-26 22:06:41:Mem contents(hex):0x000x000x000x00
2016-10-26 22:06:41:base address to flip value: 0x7fffffffe290
2016-10-26 22:06:41:address max offset: 4
2016-10-26 22:06:41:Memory content before bitflip:0x000x000x000x00
2016-10-26 22:06:41:Memory content after  bitflip:0x100x000x000x00
2016-10-26 22:06:41:Mem contents(hex):0x100x000x000x00
2016-10-26 22:06:41:frame name: _IO_vfscanf_internal
2016-10-26 22:06:41:symbol name: _buffer
2016-10-26 22:06:41:symbol filename: vfscanf.c
2016-10-26 22:06:41:symbol line: 340
2016-10-26 22:06:41:value: {__routine = 0x7ffff7135e30 <__funlockfile>, __arg = 0x7fffffffe400, __canceltype = 16, __prev = 0x0}
2016-10-26 22:06:41:value address: 0x7fffffffe280
2016-10-26 22:06:41:Type: The type is a structure.
2016-10-26 22:06:41:Type sizeof: 32
2016-10-26 22:06:41:Field name: __routine
2016-10-26 22:06:41:Field Type:
2016-10-26 22:06:41:Type: The type is a pointer.
2016-10-26 22:06:41:Type sizeof: 8
2016-10-26 22:06:41:Field name: __arg
2016-10-26 22:06:41:Field Type:
2016-10-26 22:06:41:Type: The type is a pointer.
2016-10-26 22:06:41:Type sizeof: 8
2016-10-26 22:06:41:Field name: __canceltype
2016-10-26 22:06:41:Field Type:
2016-10-26 22:06:41:Type: The type is an integer type.
2016-10-26 22:06:41:Type sizeof: 4
2016-10-26 22:06:41:Field name: __prev
2016-10-26 22:06:41:Field Type:
2016-10-26 22:06:41:Type: The type is a pointer.
2016-10-26 22:06:41:Type sizeof: 8
2016-10-26 22:06:41:Fault Injection Successful after 3.6945400238s
2016-10-26 22:06:43:Fault Already Injected
2016-10-26 22:06:44:Fault Already Injected
2016-10-26 22:06:44:Fault Already Injected
2016-10-26 22:06:46:Fault Already Injected
2016-10-26 22:06:48:Fault Already Injected
2016-10-26 22:06:48:Fault Already Injected
2016-10-26 22:06:50:Fault Already Injected
2016-10-26 22:06:52:Fault Already Injected
2016-10-26 22:06:53:Fault Already Injected
2016-10-26 22:06:53:event type: exit
2016-10-26 22:06:53:exit code: 0
