2017-02-20 19:23:08:Starting flip_value script
2017-02-20 19:23:08:Initialization strings:
2017-02-20 19:23:08:(1) target extended-remote | ssh -T mic0 gdbserver --multi -
2017-02-20 19:23:08:(2) set sysroot /opt/mpss/3.7/sysroots/k1om-mpss-linux/
2017-02-20 19:23:08:(3) set sysroot /opt/mpss/3.7/sysroots/k1om-mpss-linux/
2017-02-20 19:23:08:(4) file /micNfs/gdb-fault-injection/injector/bin/nw/needle_check
2017-02-20 19:23:08:(5) set remote exec-file /micNfs/gdb-fault-injection/injector/bin/nw/needle_check
2017-02-20 19:23:08:(6) set args 16394 10 228 /micNfs/gdb-fault-injection/injector/bin/nw/input_16394_th_228_pen_10 /micNfs/gdb-fault-injection/injector/bin/nw/gold_16394_th_228_pen_10
2017-02-20 19:23:08:initSignal:12
2017-02-20 19:23:08:endSignal:17
2017-02-20 19:23:08:seqSignal:30
2017-02-20 19:23:21:Backtrace BEGIN:
2017-02-20 19:23:21:#0  0x0000000000402c63 in runTest (argc=6, argv=0x7fffffffec08) at needle_check.cpp:330
#1  0x0000000000401595 in main (argc=6, argv=0x7fffffffec08) at needle_check.cpp:114

2017-02-20 19:23:21:325	    //}
326	
327	
328	    for (int i = 1 ; i < max_cols; i++){
329	        for (int j = 1 ; j < max_rows; j++){
330	            referrence[i*max_cols+j] = blosum62[input_itemsets[i*max_cols]][input_itemsets[j]];
331	        }
332	    }
333	
334	    for( int i = 1; i< max_rows ; i++)

2017-02-20 19:23:21:Backtrace END
2017-02-20 19:23:21:Type: The type is an integer type.
2017-02-20 19:23:21:Type sizeof: 4
2017-02-20 19:23:21:Mem contents(hex):0x950x150x400x00
2017-02-20 19:23:21:Fault Mode: Double bit-flip
2017-02-20 19:23:21:base address to flip value: 0x7fffffffeb08
2017-02-20 19:23:21:address max offset: 4
2017-02-20 19:23:21:Memory content before bitflip:0x950x150x400x00
2017-02-20 19:23:21:Memory content after  bitflip:0x950x150x400xc0
2017-02-20 19:23:21:Mem contents(hex):0x950x150x400xc0
2017-02-20 19:23:21:frame name: runTest
2017-02-20 19:23:21:symbol name: host_errors
2017-02-20 19:23:21:symbol filename: needle_check.cpp
2017-02-20 19:23:21:symbol line: 360
2017-02-20 19:23:21:value: -1069541995
2017-02-20 19:23:21:value address: 0x7fffffffeb08
2017-02-20 19:23:21:Type: The type is an integer type.
2017-02-20 19:23:21:Type sizeof: 4
2017-02-20 19:23:21:Fault Injection Successful after 13.9331510067s
2017-02-20 19:24:00:event type: exit
2017-02-20 19:24:00:exit code: no exit code available
