[INFO -- 2017-02-26 17:08:58]
Starting GDB script
[INFO -- 2017-02-26 17:08:58]
initSignal:0.0
[INFO -- 2017-02-26 17:08:58]
endSignal:2.0
[INFO -- 2017-02-26 17:08:58]
seqSignal:30
[INFO -- 2017-02-26 17:08:58]
sending 30 signals using command: 'ssh -T mic1 killall -2 lud_check' after 0.386929219787s
[INFO -- 2017-02-26 17:08:58]
shell stdout: 
[INFO -- 2017-02-26 17:08:59]
shell stdout: 
[INFO -- 2017-02-26 17:08:59]
shell stdout: 
[INFO -- 2017-02-26 17:08:59]
sending 30 signals using command: 'ssh -T mic1 killall -2 lud_check' after 1.54213011576s
[INFO -- 2017-02-26 17:08:59]
sending 30 signals using command: 'ssh -T mic1 killall -2 lud_check' after 1.57498073417s
[INFO -- 2017-02-26 17:09:00]
shell stdout: 
[INFO -- 2017-02-26 17:09:00]
shell stdout: 
[INFO -- 2017-02-26 17:09:00]
shell stdout: 
[INFO -- 2017-02-26 17:09:01]
shell stdout: 
[INFO -- 2017-02-26 17:09:01]
shell stdout: 
[INFO -- 2017-02-26 17:09:01]
shell stdout: 
[INFO -- 2017-02-26 17:09:01]
shell stdout: 
[INFO -- 2017-02-26 17:09:01]
shell stdout: 
[INFO -- 2017-02-26 17:09:01]
shell stdout: 
[INFO -- 2017-02-26 17:09:02]
shell stdout: 
[INFO -- 2017-02-26 17:09:02]
shell stdout: 
[INFO -- 2017-02-26 17:09:02]
shell stdout: 
[INFO -- 2017-02-26 17:09:02]
shell stdout: 
[INFO -- 2017-02-26 17:09:03]
shell stdout: 
[INFO -- 2017-02-26 17:09:03]
shell stdout: 
[INFO -- 2017-02-26 17:09:03]
shell stdout: 
[INFO -- 2017-02-26 17:09:03]
shell stdout: 
[INFO -- 2017-02-26 17:09:03]
shell stdout: 
[INFO -- 2017-02-26 17:09:04]
shell stdout: 
[INFO -- 2017-02-26 17:09:04]
shell stdout: 
[INFO -- 2017-02-26 17:09:04]
shell stdout: 
[INFO -- 2017-02-26 17:09:04]
shell stdout: 
[INFO -- 2017-02-26 17:09:04]
shell stdout: 
[INFO -- 2017-02-26 17:09:05]
shell stdout: 
[INFO -- 2017-02-26 17:09:05]
shell stdout: 
[INFO -- 2017-02-26 17:09:05]
shell stdout: 
[INFO -- 2017-02-26 17:09:05]
shell stdout: 
[INFO -- 2017-02-26 17:09:06]
shell stdout: 
[INFO -- 2017-02-26 17:09:06]
shell stdout: 
[INFO -- 2017-02-26 17:09:06]
shell stdout: 
[INFO -- 2017-02-26 17:09:06]
shell stdout: 
[INFO -- 2017-02-26 17:09:07]
shell stdout: 
[INFO -- 2017-02-26 17:09:07]
shell stdout: 
[INFO -- 2017-02-26 17:09:07]
shell stdout: 
[INFO -- 2017-02-26 17:09:07]
shell stdout: 
[INFO -- 2017-02-26 17:09:07]
shell stdout: 
[INFO -- 2017-02-26 17:09:08]
shell stdout: 
[INFO -- 2017-02-26 17:09:08]
shell stdout: 
[INFO -- 2017-02-26 17:09:08]
shell stdout: 
[INFO -- 2017-02-26 17:09:09]
shell stdout: 
[INFO -- 2017-02-26 17:09:09]
shell stdout: 
[INFO -- 2017-02-26 17:09:09]
shell stdout: 
[INFO -- 2017-02-26 17:09:09]
shell stdout: 
[INFO -- 2017-02-26 17:09:09]
shell stdout: 
[INFO -- 2017-02-26 17:09:09]
shell stdout: 
[INFO -- 2017-02-26 17:09:10]
shell stdout: 
[INFO -- 2017-02-26 17:09:10]
shell stdout: 
[INFO -- 2017-02-26 17:09:10]
shell stdout: 
[INFO -- 2017-02-26 17:09:11]
shell stdout: 
[INFO -- 2017-02-26 17:09:11]
shell stdout: 
[INFO -- 2017-02-26 17:09:11]
shell stdout: 
[INFO -- 2017-02-26 17:09:11]
shell stdout: 
[INFO -- 2017-02-26 17:09:11]
shell stdout: 
[INFO -- 2017-02-26 17:09:11]
shell stdout: 
[INFO -- 2017-02-26 17:09:12]
shell stdout: 
[INFO -- 2017-02-26 17:09:12]
shell stdout: 
[INFO -- 2017-02-26 17:09:12]
shell stdout: 
[INFO -- 2017-02-26 17:09:12]
shell stdout: 
[INFO -- 2017-02-26 17:09:12]
shell stdout: 
[INFO -- 2017-02-26 17:09:12]
shell stdout: 
[INFO -- 2017-02-26 17:09:13]
shell stdout: 
[INFO -- 2017-02-26 17:09:13]
shell stdout: 
[INFO -- 2017-02-26 17:09:13]
shell stdout: 
[INFO -- 2017-02-26 17:09:14]
shell stdout: 
[INFO -- 2017-02-26 17:09:14]
shell stdout: 
[INFO -- 2017-02-26 17:09:14]
shell stdout: 
[INFO -- 2017-02-26 17:09:14]
shell stdout: 
[INFO -- 2017-02-26 17:09:14]
shell stdout: 
[INFO -- 2017-02-26 17:09:14]
shell stdout: 
[INFO -- 2017-02-26 17:09:15]
shell stdout: 
[INFO -- 2017-02-26 17:09:15]
shell stdout: 
[INFO -- 2017-02-26 17:09:15]
shell stdout: 
[INFO -- 2017-02-26 17:09:15]
shell stdout: 
[INFO -- 2017-02-26 17:09:15]
shell stdout: 
[INFO -- 2017-02-26 17:09:15]
shell stdout: 
[INFO -- 2017-02-26 17:09:16]
shell stdout: 
[INFO -- 2017-02-26 17:09:16]
shell stdout: 
[INFO -- 2017-02-26 17:09:16]
shell stdout: 
[INFO -- 2017-02-26 17:09:17]
shell stdout: 
[INFO -- 2017-02-26 17:09:17]
shell stdout: 
[INFO -- 2017-02-26 17:09:17]
shell stdout: 
[INFO -- 2017-02-26 17:09:17]
shell stdout: 
[INFO -- 2017-02-26 17:09:17]
shell stdout: 
[INFO -- 2017-02-26 17:09:18]
shell stdout: 
[INFO -- 2017-02-26 17:09:18]
shell stdout: 
[INFO -- 2017-02-26 17:09:18]
shell stdout: 
[INFO -- 2017-02-26 17:09:18]
shell stdout: 
[INFO -- 2017-02-26 17:09:23]
no gdbExecName running, out:
[INFO -- 2017-02-26 17:09:23]
checCmd:ps -e | grep -i gdb-mic
[INFO -- 2017-02-26 17:09:23]
finished now-timestampStart < maxWaitTime*5
[INFO -- 2017-02-26 17:09:23]
now: 1488146962
[INFO -- 2017-02-26 17:09:23]
timestampStart: 1488146938
[INFO -- 2017-02-26 17:09:23]
kill cmd: killall -9 gdb-mic
[INFO -- 2017-02-26 17:09:23]
shell stdout: 
[INFO -- 2017-02-26 17:09:24]
kill cmd: ssh -T mic1 killall -9 lud_check
[INFO -- 2017-02-26 17:09:24]
shell stdout: 
[INFO -- 2017-02-26 17:09:24]
kill cmd: ssh -T mic1 killall -9 gdbserver
[INFO -- 2017-02-26 17:09:24]
shell stdout: 
[INFO -- 2017-02-26 17:09:24]
kill cmd: ssh -T mic1 killall -9 sshd
[INFO -- 2017-02-26 17:09:24]
shell stdout: 
