[INFO -- 2017-03-04 12:00:41]
Starting GDB script
[INFO -- 2017-03-04 12:00:41]
initSignal:8.0
[INFO -- 2017-03-04 12:00:41]
endSignal:12.0
[INFO -- 2017-03-04 12:00:41]
seqSignal:30
[INFO -- 2017-03-04 12:00:50]
sending 30 signals using command: 'ssh -T mic0 killall -2 needle_check' after 8.95612979708s
[INFO -- 2017-03-04 12:00:50]
sending 30 signals using command: 'ssh -T mic0 killall -2 needle_check' after 9.24838616026s
[INFO -- 2017-03-04 12:00:50]
shell stdout: 
[INFO -- 2017-03-04 12:00:50]
sending 30 signals using command: 'ssh -T mic0 killall -2 needle_check' after 9.46330595736s
[INFO -- 2017-03-04 12:00:50]
shell stdout: 
[INFO -- 2017-03-04 12:00:50]
shell stdout: 
[INFO -- 2017-03-04 12:00:50]
shell stdout: 
[INFO -- 2017-03-04 12:00:51]
shell stdout: 
[INFO -- 2017-03-04 12:00:51]
shell stdout: 
[INFO -- 2017-03-04 12:00:51]
shell stdout: 
[INFO -- 2017-03-04 12:00:51]
shell stdout: 
[INFO -- 2017-03-04 12:00:51]
shell stdout: 
[INFO -- 2017-03-04 12:00:51]
shell stdout: 
[INFO -- 2017-03-04 12:00:51]
shell stdout: 
[INFO -- 2017-03-04 12:00:52]
shell stdout: 
[INFO -- 2017-03-04 12:00:52]
shell stdout: 
[INFO -- 2017-03-04 12:00:52]
shell stdout: 
[INFO -- 2017-03-04 12:00:52]
shell stdout: 
[INFO -- 2017-03-04 12:00:52]
shell stdout: 
[INFO -- 2017-03-04 12:00:52]
shell stdout: 
[INFO -- 2017-03-04 12:00:52]
shell stdout: 
[INFO -- 2017-03-04 12:00:52]
shell stdout: 
[INFO -- 2017-03-04 12:00:53]
shell stdout: 
[INFO -- 2017-03-04 12:00:53]
shell stdout: 
[INFO -- 2017-03-04 12:00:53]
shell stdout: 
[INFO -- 2017-03-04 12:00:53]
shell stdout: 
[INFO -- 2017-03-04 12:00:53]
shell stdout: 
[INFO -- 2017-03-04 12:00:53]
shell stdout: 
[INFO -- 2017-03-04 12:00:53]
shell stdout: 
[INFO -- 2017-03-04 12:00:54]
shell stdout: 
[INFO -- 2017-03-04 12:00:54]
shell stdout: 
[INFO -- 2017-03-04 12:00:54]
shell stdout: 
[INFO -- 2017-03-04 12:00:54]
shell stdout: 
[INFO -- 2017-03-04 12:00:54]
shell stdout: 
[INFO -- 2017-03-04 12:00:54]
shell stdout: 
[INFO -- 2017-03-04 12:00:54]
shell stdout: 
[INFO -- 2017-03-04 12:00:55]
shell stdout: 
[INFO -- 2017-03-04 12:00:55]
shell stdout: 
[INFO -- 2017-03-04 12:00:55]
shell stdout: 
[INFO -- 2017-03-04 12:00:55]
shell stdout: 
[INFO -- 2017-03-04 12:00:55]
shell stdout: 
[INFO -- 2017-03-04 12:00:55]
shell stdout: 
[INFO -- 2017-03-04 12:00:55]
shell stdout: 
[INFO -- 2017-03-04 12:00:55]
shell stdout: 
[INFO -- 2017-03-04 12:00:56]
shell stdout: 
[INFO -- 2017-03-04 12:00:56]
shell stdout: 
[INFO -- 2017-03-04 12:00:56]
shell stdout: 
[INFO -- 2017-03-04 12:00:56]
shell stdout: 
[INFO -- 2017-03-04 12:00:56]
shell stdout: 
[INFO -- 2017-03-04 12:00:56]
shell stdout: 
[INFO -- 2017-03-04 12:00:57]
shell stdout: 
[INFO -- 2017-03-04 12:00:57]
shell stdout: 
[INFO -- 2017-03-04 12:00:57]
shell stdout: 
[INFO -- 2017-03-04 12:00:57]
shell stdout: 
[INFO -- 2017-03-04 12:00:57]
shell stdout: 
[INFO -- 2017-03-04 12:00:57]
shell stdout: 
[INFO -- 2017-03-04 12:00:57]
shell stdout: 
[INFO -- 2017-03-04 12:00:57]
shell stdout: 
[INFO -- 2017-03-04 12:00:58]
shell stdout: 
[INFO -- 2017-03-04 12:00:58]
shell stdout: 
[INFO -- 2017-03-04 12:00:58]
shell stdout: 
[INFO -- 2017-03-04 12:00:58]
shell stdout: 
[INFO -- 2017-03-04 12:00:58]
shell stdout: 
[INFO -- 2017-03-04 12:00:58]
shell stdout: 
[INFO -- 2017-03-04 12:00:58]
shell stdout: 
[INFO -- 2017-03-04 12:00:59]
shell stdout: 
[INFO -- 2017-03-04 12:00:59]
shell stdout: 
[INFO -- 2017-03-04 12:00:59]
shell stdout: 
[INFO -- 2017-03-04 12:00:59]
shell stdout: 
[INFO -- 2017-03-04 12:00:59]
shell stdout: 
[INFO -- 2017-03-04 12:00:59]
shell stdout: 
[INFO -- 2017-03-04 12:00:59]
shell stdout: 
[INFO -- 2017-03-04 12:01:00]
shell stdout: 
[INFO -- 2017-03-04 12:01:00]
shell stdout: 
[INFO -- 2017-03-04 12:01:00]
shell stdout: 
[INFO -- 2017-03-04 12:01:00]
shell stdout: 
[INFO -- 2017-03-04 12:01:00]
shell stdout: 
[INFO -- 2017-03-04 12:01:00]
shell stdout: 
[INFO -- 2017-03-04 12:01:00]
shell stdout: 
[INFO -- 2017-03-04 12:01:00]
shell stdout: 
[INFO -- 2017-03-04 12:01:01]
shell stdout: 
[INFO -- 2017-03-04 12:01:01]
shell stdout: 
[INFO -- 2017-03-04 12:01:01]
shell stdout: 
[INFO -- 2017-03-04 12:01:01]
shell stdout: 
[INFO -- 2017-03-04 12:01:01]
shell stdout: 
[INFO -- 2017-03-04 12:01:01]
shell stdout: 
[INFO -- 2017-03-04 12:01:01]
shell stdout: 
[INFO -- 2017-03-04 12:01:02]
shell stdout: 
[INFO -- 2017-03-04 12:01:02]
shell stdout: 
[INFO -- 2017-03-04 12:01:02]
shell stdout: 
[INFO -- 2017-03-04 12:01:02]
shell stdout: 
[INFO -- 2017-03-04 12:01:02]
shell stdout: 
[INFO -- 2017-03-04 12:01:02]
shell stdout: 
[INFO -- 2017-03-04 12:01:20]
no gdbExecName running, out:
[INFO -- 2017-03-04 12:01:20]
checCmd:ps -e | grep -i gdb-mic
[INFO -- 2017-03-04 12:01:20]
finished now-timestampStart < maxWaitTime*5
[INFO -- 2017-03-04 12:01:20]
now: 1488646879
[INFO -- 2017-03-04 12:01:20]
timestampStart: 1488646841
[INFO -- 2017-03-04 12:01:20]
kill cmd: killall -9 gdb-mic
[INFO -- 2017-03-04 12:01:20]
shell stdout: 
[INFO -- 2017-03-04 12:01:21]
kill cmd: ssh -T mic0 killall -9 needle_check
[INFO -- 2017-03-04 12:01:21]
shell stdout: 
[INFO -- 2017-03-04 12:01:21]
kill cmd: ssh -T mic0 killall -9 gdbserver
[INFO -- 2017-03-04 12:01:21]
shell stdout: 
[INFO -- 2017-03-04 12:01:21]
kill cmd: ssh -T mic0 killall -9 sshd
[INFO -- 2017-03-04 12:01:21]
shell stdout: 
