[INFO -- 2017-02-27 02:37:06]
Starting GDB script
[INFO -- 2017-02-27 02:37:06]
initSignal:0.0
[INFO -- 2017-02-27 02:37:06]
endSignal:3.0
[INFO -- 2017-02-27 02:37:06]
seqSignal:15
[INFO -- 2017-02-27 02:37:08]
sending 15 signals using command: 'ssh -T mic1 killall -2 hotspot_check' after 1.50388767092s
[INFO -- 2017-02-27 02:37:08]
sending 15 signals using command: 'ssh -T mic1 killall -2 hotspot_check' after 2.21034486278s
[INFO -- 2017-02-27 02:37:09]
shell stdout: 
[INFO -- 2017-02-27 02:37:09]
sending 15 signals using command: 'ssh -T mic1 killall -2 hotspot_check' after 2.96385524503s
[INFO -- 2017-02-27 02:37:10]
shell stdout: 
[INFO -- 2017-02-27 02:37:10]
shell stdout: 
[INFO -- 2017-02-27 02:37:10]
shell stdout: 
[INFO -- 2017-02-27 02:37:10]
shell stdout: 
[INFO -- 2017-02-27 02:37:11]
shell stdout: 
[INFO -- 2017-02-27 02:37:11]
shell stdout: 
[INFO -- 2017-02-27 02:37:11]
shell stdout: 
[INFO -- 2017-02-27 02:37:11]
shell stdout: 
[INFO -- 2017-02-27 02:37:11]
shell stdout: 
[INFO -- 2017-02-27 02:37:11]
shell stdout: 
[INFO -- 2017-02-27 02:37:11]
shell stdout: 
[INFO -- 2017-02-27 02:37:11]
shell stdout: 
[INFO -- 2017-02-27 02:37:12]
shell stdout: 
[INFO -- 2017-02-27 02:37:12]
shell stdout: 
[INFO -- 2017-02-27 02:37:12]
shell stdout: 
[INFO -- 2017-02-27 02:37:12]
shell stdout: 
[INFO -- 2017-02-27 02:37:12]
shell stdout: 
[INFO -- 2017-02-27 02:37:12]
shell stdout: 
[INFO -- 2017-02-27 02:37:13]
shell stdout: 
[INFO -- 2017-02-27 02:37:13]
shell stdout: 
[INFO -- 2017-02-27 02:37:13]
shell stdout: 
[INFO -- 2017-02-27 02:37:13]
shell stdout: 
[INFO -- 2017-02-27 02:37:13]
shell stdout: 
[INFO -- 2017-02-27 02:37:13]
shell stdout: 
[INFO -- 2017-02-27 02:37:13]
shell stdout: 
[INFO -- 2017-02-27 02:37:14]
shell stdout: 
[INFO -- 2017-02-27 02:37:14]
shell stdout: 
[INFO -- 2017-02-27 02:37:14]
shell stdout: 
[INFO -- 2017-02-27 02:37:14]
shell stdout: 
[INFO -- 2017-02-27 02:37:14]
shell stdout: 
[INFO -- 2017-02-27 02:37:14]
shell stdout: 
[INFO -- 2017-02-27 02:37:15]
shell stdout: 
[INFO -- 2017-02-27 02:37:15]
shell stdout: 
[INFO -- 2017-02-27 02:37:15]
shell stdout: 
[INFO -- 2017-02-27 02:37:15]
shell stdout: 
[INFO -- 2017-02-27 02:37:15]
shell stdout: 
[INFO -- 2017-02-27 02:37:15]
shell stdout: 
[INFO -- 2017-02-27 02:37:15]
shell stdout: 
[INFO -- 2017-02-27 02:37:16]
shell stdout: 
[INFO -- 2017-02-27 02:37:16]
shell stdout: 
[INFO -- 2017-02-27 02:37:16]
shell stdout: 
[INFO -- 2017-02-27 02:37:16]
shell stdout: 
[INFO -- 2017-02-27 02:37:16]
shell stdout: 
[INFO -- 2017-02-27 02:37:16]
shell stdout: 
[INFO -- 2017-02-27 02:37:46]
no gdbExecName running, out:
[INFO -- 2017-02-27 02:37:46]
checCmd:ps -e | grep -i gdb-mic
[INFO -- 2017-02-27 02:37:46]
finished now-timestampStart < maxWaitTime*5
[INFO -- 2017-02-27 02:37:46]
now: 1488181064
[INFO -- 2017-02-27 02:37:46]
timestampStart: 1488181026
[INFO -- 2017-02-27 02:37:46]
kill cmd: killall -9 gdb-mic
[INFO -- 2017-02-27 02:37:46]
shell stdout: 
[INFO -- 2017-02-27 02:37:46]
kill cmd: ssh -T mic1 killall -9 hotspot_check
[INFO -- 2017-02-27 02:37:46]
shell stdout: 
[INFO -- 2017-02-27 02:37:47]
kill cmd: ssh -T mic1 killall -9 gdbserver
[INFO -- 2017-02-27 02:37:47]
shell stdout: 
[INFO -- 2017-02-27 02:37:47]
kill cmd: ssh -T mic1 killall -9 sshd
[INFO -- 2017-02-27 02:37:47]
shell stdout: 
