2016-10-17 11:38:59:Initialization strings:
2016-10-17 11:38:59:(1) target extended-remote | ssh -T mic0 gdbserver --multi -
2016-10-17 11:38:59:(2) set sysroot /opt/mpss/3.7/sysroots/k1om-mpss-linux/
2016-10-17 11:38:59:(3) set sysroot /opt/mpss/3.7/sysroots/k1om-mpss-linux/
2016-10-17 11:38:59:(4) file /micNfs/gdb-fault-injection-hotspot/bin/hotspot_check
2016-10-17 11:38:59:(5) set remote exec-file /micNfs/gdb-fault-injection-hotspot/bin/hotspot_check
2016-10-17 11:38:59:(6) set args 1024 1024 2000 228 /micNfs/gdb-fault-injection-hotspot/bin/temp_1024 /micNfs/gdb-fault-injection-hotspot/bin/power_1024 /micNfs/gdb-fault-injection-hotspot/bin/GOLD_1024-2000-228
2016-10-17 11:39:00:Trying Fault Injection
2016-10-17 11:39:00:Backtrace BEGIN:
2016-10-17 11:39:00:#0  __memchr (s=s@entry=0x7ffff7f8866d, c_in=c_in@entry=10, n=252, n@entry=255) at ../string/memchr.c:135
#1  0x00007ffff7139361 in __GI__IO_getline_info (fp=fp@entry=0x609b40, buf=buf@entry=0x7fffffffe77a "336.770814\n", n=255, delim=delim@entry=10, extract_delim=extract_delim@entry=1, eof=eof@entry=0x0) at iogetline.c:94
#2  0x00007ffff7139498 in __GI__IO_getline (fp=fp@entry=0x609b40, buf=buf@entry=0x7fffffffe77a "336.770814\n", n=<optimized out>, delim=delim@entry=10, extract_delim=extract_delim@entry=1) at iogetline.c:38
#3  0x00007ffff7138312 in _IO_fgets (buf=0x7fffffffe77a "336.770814\n", n=<optimized out>, fp=0x609b40) at iofgets.c:56
#4  0x0000000000401712 in read_input (vect=<optimized out>, grid_rows=<optimized out>, grid_cols=-160649200, file=<optimized out>) at hotspot_check.c:201
#5  main (argc=-134707600, argv=0xa) at hotspot_check.c:264

2016-10-17 11:39:00:130	in ../string/memchr.c

2016-10-17 11:39:00:Backtrace END
2016-10-17 11:39:00:Type: A floating point type.
2016-10-17 11:39:00:Type sizeof: 4
2016-10-17 11:39:00:Mem contents(hex):0x000x000xa00x42
2016-10-17 11:39:00:base address to flip value: 0x4073a4 
2016-10-17 11:39:00:address max offset: 4
2016-10-17 11:39:00:Memory content before bitflip:0x000x000xa00x42
2016-10-17 11:39:00:Memory content after  bitflip:0x000x000xb00x42
2016-10-17 11:39:00:Mem contents(hex):0x000x000xb00x42
2016-10-17 11:39:00:frame name: main
2016-10-17 11:39:00:symbol name: amb_temp
2016-10-17 11:39:00:symbol filename: hotspot_check.c
2016-10-17 11:39:00:symbol line: 37
2016-10-17 11:39:00:value: 88
2016-10-17 11:39:00:value address: 0x4073a4 <amb_temp>
2016-10-17 11:39:00:Type: A floating point type.
2016-10-17 11:39:00:Type sizeof: 4
2016-10-17 11:39:00:Fault Injection Successful after 1.14206409454s
2016-10-17 11:39:00:Fault Already Injected
2016-10-17 11:39:00:Fault Already Injected
2016-10-17 11:39:02:Fault Already Injected
2016-10-17 11:39:05:Fault Already Injected
2016-10-17 11:39:05:Fault Already Injected
2016-10-17 11:39:09:Fault Already Injected
2016-10-17 11:39:11:Fault Already Injected
2016-10-17 11:39:12:Fault Already Injected
2016-10-17 11:39:13:Fault Already Injected
2016-10-17 11:39:14:event type: exit
2016-10-17 11:39:14:exit code: 0
