[INFO -- 2017-03-21 23:23:13]
Starting GDB script
[INFO -- 2017-03-21 23:23:13]
initSignal:0.0
[INFO -- 2017-03-21 23:23:13]
endSignal:4.0
[INFO -- 2017-03-21 23:23:13]
seqSignal:30
[INFO -- 2017-03-21 23:23:13]
sending 30 signals using command: 'ssh -T mic0 killall -2 needle_check' after 0.776852362316s
[INFO -- 2017-03-21 23:23:14]
sending 30 signals using command: 'ssh -T mic0 killall -2 needle_check' after 0.942421544122s
[INFO -- 2017-03-21 23:23:14]
shell stdout: 
[INFO -- 2017-03-21 23:23:14]
shell stdout: 
[INFO -- 2017-03-21 23:23:14]
shell stdout: 
[INFO -- 2017-03-21 23:23:14]
shell stdout: 
[INFO -- 2017-03-21 23:23:15]
shell stdout: 
[INFO -- 2017-03-21 23:23:15]
shell stdout: 
[INFO -- 2017-03-21 23:23:15]
shell stdout: 
[INFO -- 2017-03-21 23:23:15]
sending 30 signals using command: 'ssh -T mic0 killall -2 needle_check' after 2.42122588697s
[INFO -- 2017-03-21 23:23:15]
shell stdout: 
[INFO -- 2017-03-21 23:23:15]
shell stdout: 
[INFO -- 2017-03-21 23:23:15]
shell stdout: 
[INFO -- 2017-03-21 23:23:16]
shell stdout: 
[INFO -- 2017-03-21 23:23:16]
shell stdout: 
[INFO -- 2017-03-21 23:23:16]
shell stdout: 
[INFO -- 2017-03-21 23:23:16]
shell stdout: 
[INFO -- 2017-03-21 23:23:16]
shell stdout: 
[INFO -- 2017-03-21 23:23:16]
shell stdout: 
[INFO -- 2017-03-21 23:23:16]
shell stdout: 
[INFO -- 2017-03-21 23:23:17]
shell stdout: 
[INFO -- 2017-03-21 23:23:17]
shell stdout: 
[INFO -- 2017-03-21 23:23:17]
shell stdout: 
[INFO -- 2017-03-21 23:23:17]
shell stdout: 
[INFO -- 2017-03-21 23:23:17]
shell stdout: 
[INFO -- 2017-03-21 23:23:17]
shell stdout: 
[INFO -- 2017-03-21 23:23:18]
shell stdout: 
[INFO -- 2017-03-21 23:23:18]
shell stdout: 
[INFO -- 2017-03-21 23:23:18]
shell stdout: 
[INFO -- 2017-03-21 23:23:18]
shell stdout: 
[INFO -- 2017-03-21 23:23:18]
shell stdout: 
[INFO -- 2017-03-21 23:23:18]
shell stdout: 
[INFO -- 2017-03-21 23:23:18]
shell stdout: 
[INFO -- 2017-03-21 23:23:19]
shell stdout: 
[INFO -- 2017-03-21 23:23:19]
shell stdout: 
[INFO -- 2017-03-21 23:23:19]
shell stdout: 
[INFO -- 2017-03-21 23:23:19]
shell stdout: 
[INFO -- 2017-03-21 23:23:19]
shell stdout: 
[INFO -- 2017-03-21 23:23:19]
shell stdout: 
[INFO -- 2017-03-21 23:23:19]
shell stdout: 
[INFO -- 2017-03-21 23:23:19]
shell stdout: 
[INFO -- 2017-03-21 23:23:20]
shell stdout: 
[INFO -- 2017-03-21 23:23:20]
shell stdout: 
[INFO -- 2017-03-21 23:23:20]
shell stdout: 
[INFO -- 2017-03-21 23:23:20]
shell stdout: 
[INFO -- 2017-03-21 23:23:20]
shell stdout: 
[INFO -- 2017-03-21 23:23:20]
shell stdout: 
[INFO -- 2017-03-21 23:23:20]
shell stdout: 
[INFO -- 2017-03-21 23:23:21]
shell stdout: 
[INFO -- 2017-03-21 23:23:21]
shell stdout: 
[INFO -- 2017-03-21 23:23:21]
shell stdout: 
[INFO -- 2017-03-21 23:23:21]
shell stdout: 
[INFO -- 2017-03-21 23:23:21]
shell stdout: 
[INFO -- 2017-03-21 23:23:21]
shell stdout: 
[INFO -- 2017-03-21 23:23:21]
shell stdout: 
[INFO -- 2017-03-21 23:23:21]
shell stdout: 
[INFO -- 2017-03-21 23:23:22]
shell stdout: 
[INFO -- 2017-03-21 23:23:22]
shell stdout: 
[INFO -- 2017-03-21 23:23:22]
shell stdout: 
[INFO -- 2017-03-21 23:23:22]
shell stdout: 
[INFO -- 2017-03-21 23:23:22]
shell stdout: 
[INFO -- 2017-03-21 23:23:22]
shell stdout: 
[INFO -- 2017-03-21 23:23:23]
shell stdout: 
[INFO -- 2017-03-21 23:23:23]
shell stdout: 
[INFO -- 2017-03-21 23:23:23]
shell stdout: 
[INFO -- 2017-03-21 23:23:23]
shell stdout: 
[INFO -- 2017-03-21 23:23:23]
no gdbExecName running, out:
[INFO -- 2017-03-21 23:23:23]
checCmd:ps -e | grep -i gdb-mic
[INFO -- 2017-03-21 23:23:23]
finished now-timestampStart < maxWaitTime*5
[INFO -- 2017-03-21 23:23:23]
now: 1490153001
[INFO -- 2017-03-21 23:23:23]
timestampStart: 1490152993
[INFO -- 2017-03-21 23:23:23]
kill cmd: killall -9 gdb-mic
[INFO -- 2017-03-21 23:23:23]
shell stdout: 
[INFO -- 2017-03-21 23:23:23]
shell stdout: 
[INFO -- 2017-03-21 23:23:23]
shell stdout: 
[INFO -- 2017-03-21 23:23:23]
shell stdout: 
[INFO -- 2017-03-21 23:23:23]
kill cmd: ssh -T mic0 killall -9 needle_check
[INFO -- 2017-03-21 23:23:23]
shell stdout: 
[INFO -- 2017-03-21 23:23:23]
shell stdout: 
[INFO -- 2017-03-21 23:23:24]
shell stdout: 
[INFO -- 2017-03-21 23:23:24]
shell stdout: 
[INFO -- 2017-03-21 23:23:24]
kill cmd: ssh -T mic0 killall -9 gdbserver
[INFO -- 2017-03-21 23:23:24]
shell stdout: 
[INFO -- 2017-03-21 23:23:24]
shell stdout: 
[INFO -- 2017-03-21 23:23:24]
shell stdout: 
[INFO -- 2017-03-21 23:23:24]
shell stdout: 
[INFO -- 2017-03-21 23:23:24]
shell stdout: 
[INFO -- 2017-03-21 23:23:24]
kill cmd: ssh -T mic0 killall -9 sshd
[INFO -- 2017-03-21 23:23:24]
shell stdout: 
