2016-10-24 22:56:30:Starting GDB script
2016-10-24 22:56:31:sending signal using command: 'ssh -T mic0 killall -2 hotspot_check' after 1.07579733062s
2016-10-24 22:56:31:shell stdout: 
2016-10-24 22:56:32:sending signal using command: 'ssh -T mic0 killall -2 hotspot_check' after 1.5858881529s
2016-10-24 22:56:32:shell stdout: 
2016-10-24 22:56:36:sending signal using command: 'ssh -T mic0 killall -2 hotspot_check' after 5.53590202344s
2016-10-24 22:56:36:shell stdout: 
2016-10-24 22:56:36:sending signal using command: 'ssh -T mic0 killall -2 hotspot_check' after 6.18059886697s
2016-10-24 22:56:36:shell stdout: 
2016-10-24 22:56:37:sending signal using command: 'ssh -T mic0 killall -2 hotspot_check' after 7.11766930862s
2016-10-24 22:56:37:shell stdout: 
2016-10-24 22:56:37:sending signal using command: 'ssh -T mic0 killall -2 hotspot_check' after 7.28249808752s
2016-10-24 22:56:37:shell stdout: 
2016-10-24 22:56:40:sending signal using command: 'ssh -T mic0 killall -2 hotspot_check' after 9.37916829082s
2016-10-24 22:56:40:shell stdout: 
2016-10-24 22:56:41:sending signal using command: 'ssh -T mic0 killall -2 hotspot_check' after 11.223636487s
2016-10-24 22:56:41:shell stdout: 
2016-10-24 22:56:42:sending signal using command: 'ssh -T mic0 killall -2 hotspot_check' after 11.8543003737s
2016-10-24 22:56:42:shell stdout: 
2016-10-24 22:56:43:sending signal using command: 'ssh -T mic0 killall -2 hotspot_check' after 13.2148700991s
2016-10-24 22:56:43:shell stdout: 
2016-10-24 22:56:45:no gdbExecName running, out:
2016-10-24 22:56:45:checCmd:ps -e | grep -i gdb-mic
2016-10-24 22:56:45:finished now-timestampStart < maxWaitTime*5
2016-10-24 22:56:45:now: 1477364204
2016-10-24 22:56:45:timestampStart: 1477364190
2016-10-24 22:56:45:kill cmd: killall -9 gdb-mic
2016-10-24 22:56:45:shell stdout: 
2016-10-24 22:56:45:kill cmd: ssh -T mic0 killall -9 hotspot_check
2016-10-24 22:56:45:shell stdout: 
2016-10-24 22:56:46:kill cmd: ssh -T mic0 killall -9 gdbserver
2016-10-24 22:56:46:shell stdout: 
