2017-01-19 13:45:51:Starting GDB script
2017-01-19 13:45:51:initSignal:0.0
2017-01-19 13:45:51:endSignal:7.0
2017-01-19 13:45:51:seqSignal:15
2017-01-19 13:45:52:sending 15 signals using command: 'ssh -T mic1 killall -2 dgemm_check' after 1.16692338064s
2017-01-19 13:45:52:shell stdout: 
2017-01-19 13:45:53:shell stdout: 
2017-01-19 13:45:53:shell stdout: 
2017-01-19 13:45:53:sending 15 signals using command: 'ssh -T mic1 killall -2 dgemm_check' after 2.74130792129s
2017-01-19 13:45:53:shell stdout: 
2017-01-19 13:45:54:shell stdout: 
2017-01-19 13:45:54:shell stdout: 
2017-01-19 13:45:54:shell stdout: 
2017-01-19 13:45:54:shell stdout: 
2017-01-19 13:45:55:shell stdout: 
2017-01-19 13:45:55:shell stdout: 
2017-01-19 13:45:55:shell stdout: 
2017-01-19 13:45:55:shell stdout: 
2017-01-19 13:45:56:shell stdout: 
2017-01-19 13:45:56:shell stdout: 
2017-01-19 13:45:56:shell stdout: 
2017-01-19 13:45:56:shell stdout: 
2017-01-19 13:45:56:shell stdout: 
2017-01-19 13:45:56:shell stdout: 
2017-01-19 13:45:57:shell stdout: 
2017-01-19 13:45:57:shell stdout: 
2017-01-19 13:45:57:shell stdout: 
2017-01-19 13:45:57:shell stdout: 
2017-01-19 13:45:57:sending 15 signals using command: 'ssh -T mic1 killall -2 dgemm_check' after 6.63106027744s
2017-01-19 13:45:58:shell stdout: 
2017-01-19 13:45:58:shell stdout: 
2017-01-19 13:45:58:shell stdout: 
2017-01-19 13:45:58:shell stdout: 
2017-01-19 13:45:58:shell stdout: 
2017-01-19 13:45:58:shell stdout: 
2017-01-19 13:45:59:shell stdout: 
2017-01-19 13:45:59:shell stdout: 
2017-01-19 13:46:00:shell stdout: 
2017-01-19 13:46:00:shell stdout: 
2017-01-19 13:46:01:shell stdout: 
2017-01-19 13:46:01:shell stdout: 
2017-01-19 13:46:01:shell stdout: 
2017-01-19 13:46:01:shell stdout: 
2017-01-19 13:46:02:shell stdout: 
2017-01-19 13:46:03:shell stdout: 
2017-01-19 13:46:03:shell stdout: 
2017-01-19 13:46:04:shell stdout: 
2017-01-19 13:46:05:shell stdout: 
2017-01-19 13:46:05:shell stdout: 
2017-01-19 13:46:06:shell stdout: 
2017-01-19 13:46:07:shell stdout: 
2017-01-19 13:46:07:shell stdout: 
2017-01-19 13:47:19:no gdbExecName running, out:
2017-01-19 13:47:19:checCmd:ps -e | grep -i gdb-mic
2017-01-19 13:47:19:finished now-timestampStart < maxWaitTime*5
2017-01-19 13:47:19:now: 1484851630
2017-01-19 13:47:19:timestampStart: 1484851551
2017-01-19 13:47:19:kill cmd: killall -9 gdb-mic
2017-01-19 13:47:19:shell stdout: 
2017-01-19 13:47:19:kill cmd: ssh -T mic1 killall -9 dgemm_check
2017-01-19 13:47:19:shell stdout: 
2017-01-19 13:47:20:kill cmd: ssh -T mic1 killall -9 gdbserver
2017-01-19 13:47:20:shell stdout: 
2017-01-19 13:47:20:kill cmd: ssh -T mic1 killall -9 sshd
2017-01-19 13:47:20:shell stdout: 
