[INFO -- 2017-03-15 17:49:38]
Starting GDB script
[INFO -- 2017-03-15 17:49:38]
initSignal:4.0
[INFO -- 2017-03-15 17:49:38]
endSignal:8.0
[INFO -- 2017-03-15 17:49:38]
seqSignal:30
[INFO -- 2017-03-15 17:49:42]
sending 30 signals using command: 'ssh -T mic0 killall -2 needle_check' after 4.40296148957s
[INFO -- 2017-03-15 17:49:42]
sending 30 signals using command: 'ssh -T mic0 killall -2 needle_check' after 4.50196854417s
[INFO -- 2017-03-15 17:49:42]
shell stdout: 
[INFO -- 2017-03-15 17:49:43]
shell stdout: 
[INFO -- 2017-03-15 17:49:43]
shell stdout: 
[INFO -- 2017-03-15 17:49:43]
shell stdout: 
[INFO -- 2017-03-15 17:49:43]
shell stdout: 
[INFO -- 2017-03-15 17:49:43]
shell stdout: 
[INFO -- 2017-03-15 17:49:44]
shell stdout: 
[INFO -- 2017-03-15 17:49:44]
shell stdout: 
[INFO -- 2017-03-15 17:49:44]
sending 30 signals using command: 'ssh -T mic0 killall -2 needle_check' after 6.3730716134s
[INFO -- 2017-03-15 17:49:44]
shell stdout: 
[INFO -- 2017-03-15 17:49:44]
shell stdout: 
[INFO -- 2017-03-15 17:49:44]
shell stdout: 
[INFO -- 2017-03-15 17:49:45]
shell stdout: 
[INFO -- 2017-03-15 17:49:45]
shell stdout: 
[INFO -- 2017-03-15 17:49:45]
shell stdout: 
[INFO -- 2017-03-15 17:49:45]
shell stdout: 
[INFO -- 2017-03-15 17:49:45]
shell stdout: 
[INFO -- 2017-03-15 17:49:45]
shell stdout: 
[INFO -- 2017-03-15 17:49:45]
shell stdout: 
[INFO -- 2017-03-15 17:49:46]
shell stdout: 
[INFO -- 2017-03-15 17:49:46]
shell stdout: 
[INFO -- 2017-03-15 17:49:46]
shell stdout: 
[INFO -- 2017-03-15 17:49:46]
shell stdout: 
[INFO -- 2017-03-15 17:49:46]
shell stdout: 
[INFO -- 2017-03-15 17:49:46]
shell stdout: 
[INFO -- 2017-03-15 17:49:46]
shell stdout: 
[INFO -- 2017-03-15 17:49:47]
shell stdout: 
[INFO -- 2017-03-15 17:49:47]
shell stdout: 
[INFO -- 2017-03-15 17:49:47]
shell stdout: 
[INFO -- 2017-03-15 17:49:47]
shell stdout: 
[INFO -- 2017-03-15 17:49:47]
shell stdout: 
[INFO -- 2017-03-15 17:49:47]
shell stdout: 
[INFO -- 2017-03-15 17:49:47]
shell stdout: 
[INFO -- 2017-03-15 17:49:48]
shell stdout: 
[INFO -- 2017-03-15 17:49:48]
shell stdout: 
[INFO -- 2017-03-15 17:49:48]
shell stdout: 
[INFO -- 2017-03-15 17:49:48]
shell stdout: 
[INFO -- 2017-03-15 17:49:48]
shell stdout: 
[INFO -- 2017-03-15 17:49:48]
shell stdout: 
[INFO -- 2017-03-15 17:49:49]
shell stdout: 
[INFO -- 2017-03-15 17:49:49]
shell stdout: 
[INFO -- 2017-03-15 17:49:49]
shell stdout: 
[INFO -- 2017-03-15 17:49:49]
shell stdout: 
[INFO -- 2017-03-15 17:49:49]
shell stdout: 
[INFO -- 2017-03-15 17:49:49]
shell stdout: 
[INFO -- 2017-03-15 17:49:49]
shell stdout: 
[INFO -- 2017-03-15 17:49:49]
shell stdout: 
[INFO -- 2017-03-15 17:49:50]
shell stdout: 
[INFO -- 2017-03-15 17:49:50]
shell stdout: 
[INFO -- 2017-03-15 17:49:50]
shell stdout: 
[INFO -- 2017-03-15 17:49:50]
shell stdout: 
[INFO -- 2017-03-15 17:49:50]
shell stdout: 
[INFO -- 2017-03-15 17:49:50]
shell stdout: 
[INFO -- 2017-03-15 17:49:50]
shell stdout: 
[INFO -- 2017-03-15 17:49:51]
shell stdout: 
[INFO -- 2017-03-15 17:49:51]
shell stdout: 
[INFO -- 2017-03-15 17:49:51]
shell stdout: 
[INFO -- 2017-03-15 17:49:51]
shell stdout: 
[INFO -- 2017-03-15 17:49:51]
shell stdout: 
[INFO -- 2017-03-15 17:49:51]
shell stdout: 
[INFO -- 2017-03-15 17:49:51]
shell stdout: 
[INFO -- 2017-03-15 17:49:52]
shell stdout: 
[INFO -- 2017-03-15 17:49:52]
shell stdout: 
[INFO -- 2017-03-15 17:49:52]
shell stdout: 
[INFO -- 2017-03-15 17:49:52]
shell stdout: 
[INFO -- 2017-03-15 17:49:52]
shell stdout: 
[INFO -- 2017-03-15 17:49:52]
shell stdout: 
[INFO -- 2017-03-15 17:49:52]
shell stdout: 
[INFO -- 2017-03-15 17:49:52]
shell stdout: 
[INFO -- 2017-03-15 17:49:53]
shell stdout: 
[INFO -- 2017-03-15 17:49:53]
shell stdout: 
[INFO -- 2017-03-15 17:49:53]
shell stdout: 
[INFO -- 2017-03-15 17:49:53]
shell stdout: 
[INFO -- 2017-03-15 17:49:53]
shell stdout: 
[INFO -- 2017-03-15 17:49:53]
shell stdout: 
[INFO -- 2017-03-15 17:49:53]
shell stdout: 
[INFO -- 2017-03-15 17:49:54]
shell stdout: 
[INFO -- 2017-03-15 17:49:54]
shell stdout: 
[INFO -- 2017-03-15 17:49:54]
shell stdout: 
[INFO -- 2017-03-15 17:49:54]
shell stdout: 
[INFO -- 2017-03-15 17:49:54]
shell stdout: 
[INFO -- 2017-03-15 17:49:54]
shell stdout: 
[INFO -- 2017-03-15 17:49:54]
shell stdout: 
[INFO -- 2017-03-15 17:49:55]
shell stdout: 
[INFO -- 2017-03-15 17:49:55]
shell stdout: 
[INFO -- 2017-03-15 17:49:55]
shell stdout: 
[INFO -- 2017-03-15 17:49:55]
shell stdout: 
[INFO -- 2017-03-15 17:49:55]
shell stdout: 
[INFO -- 2017-03-15 17:49:56]
shell stdout: 
[INFO -- 2017-03-15 17:49:56]
shell stdout: 
[INFO -- 2017-03-15 17:49:57]
shell stdout: 
[INFO -- 2017-03-15 17:50:29]
no gdbExecName running, out:
[INFO -- 2017-03-15 17:50:29]
checCmd:ps -e | grep -i gdb-mic
[INFO -- 2017-03-15 17:50:29]
finished now-timestampStart < maxWaitTime*5
[INFO -- 2017-03-15 17:50:29]
now: 1489614628
[INFO -- 2017-03-15 17:50:29]
timestampStart: 1489614578
[INFO -- 2017-03-15 17:50:29]
kill cmd: killall -9 gdb-mic
[INFO -- 2017-03-15 17:50:29]
shell stdout: 
[INFO -- 2017-03-15 17:50:30]
kill cmd: ssh -T mic0 killall -9 needle_check
[INFO -- 2017-03-15 17:50:30]
shell stdout: 
[INFO -- 2017-03-15 17:50:30]
kill cmd: ssh -T mic0 killall -9 gdbserver
[INFO -- 2017-03-15 17:50:30]
shell stdout: 
[INFO -- 2017-03-15 17:50:30]
kill cmd: ssh -T mic0 killall -9 sshd
[INFO -- 2017-03-15 17:50:30]
shell stdout: 
