#HEADER matrix_dim:2048 threads:228
#BEGIN Y:2017 M:01 D:26 Time:06:05:48
#IT Ite:0 KerTime:18.362429 AccTime:18.362429
#ERR  p: [2032, 977], r: 6.9574797526001930e-03, e: 6.9570126943290234e-03
#ERR  p: [2024, 977], r: 7.0142094045877457e-03, e: 7.0137386210262775e-03
#ERR  p: [2040, 977], r: 6.9027692079544067e-03, e: 6.9023063406348228e-03
#ERR  p: [2016, 977], r: 7.0696738548576832e-03, e: 7.0691993460059166e-03
#ERR  p: [2032, 978], r: 6.9629196077585220e-03, e: 6.9647636264562607e-03
#ERR  p: [1989, 977], r: 7.2635021060705185e-03, e: 7.2630145587027073e-03
#ERR  p: [1845, 977], r: 8.3883125334978104e-03, e: 8.3877500146627426e-03
#ERR  p: [1827, 977], r: 8.5411109030246735e-03, e: 8.5405381396412849e-03
#ERR  p: [1998, 977], r: 7.1991169825196266e-03, e: 7.1986340917646885e-03
#ERR  p: [1962, 977], r: 7.4622696265578270e-03, e: 7.4617690406739712e-03
#ERR  p: [1881, 977], r: 8.0926930531859398e-03, e: 8.0921500921249390e-03
#ERR  p: [1953, 977], r: 7.5291744433343410e-03, e: 7.5286692008376122e-03
#ERR  p: [1944, 977], r: 7.5977127999067307e-03, e: 7.5972029007971287e-03
#ERR  p: [2007, 977], r: 7.1336836554110050e-03, e: 7.1332049556076527e-03
#ERR  p: [1980, 977], r: 7.3291468434035778e-03, e: 7.3286546394228935e-03
#ERR  p: [1899, 977], r: 7.9472567886114120e-03, e: 7.9467240720987320e-03
#ERR  p: [1971, 977], r: 7.3964153416454792e-03, e: 7.3959189467132092e-03
#ERR  p: [1890, 977], r: 8.0197341740131378e-03, e: 8.0191958695650101e-03
#ERR  p: [2024, 978], r: 7.0187272503972054e-03, e: 7.0205871015787125e-03
#ERR  p: [1917, 977], r: 7.8064352273941040e-03, e: 7.8059113584458828e-03
#ERR  p: [2040, 978], r: 6.9061899557709694e-03, e: 6.9080200046300888e-03
#ERR  p: [2016, 978], r: 7.0742890238761902e-03, e: 7.0761628448963165e-03
#ERR  p: [1836, 977], r: 8.4645403549075127e-03, e: 8.4639722481369972e-03
#ERR  p: [2032, 979], r: 6.9715715944766998e-03, e: 6.9712307304143906e-03
#ERR  p: [981, 919], r: 3.6708384752273560e-02, e: 1.8779069185256958e-02
#ERR  p: [1251, 977], r: 1.5192532911896706e-02, e: 1.5191513113677502e-02
#ERR  p: [1116, 977], r: 1.7391249537467957e-02, e: 1.7390083521604538e-02
#ERR  p: [1872, 977], r: 8.1644766032695770e-03, e: 8.1639289855957031e-03
#ERR  p: [1926, 977], r: 7.7353250235319138e-03, e: 7.7348058111965656e-03
#ERR  p: [1386, 977], r: 1.3273795135319233e-02, e: 1.3272904790937901e-02
#ERR  p: [1908, 977], r: 7.8757135197520256e-03, e: 7.8751845285296440e-03
#ERR  p: [1935, 977], r: 7.6661086641252041e-03, e: 7.6655945740640163e-03
#ERR  p: [1863, 977], r: 8.2388548180460930e-03, e: 8.2383016124367714e-03
#ERR  p: [1053, 977], r: 1.8522404134273529e-02, e: 1.8521161749958992e-02
#ERR  p: [1989, 978], r: 7.2692381218075752e-03, e: 7.2711640968918800e-03
#ERR  p: [1044, 977], r: 1.8687574192881584e-02, e: 1.8686320632696152e-02
#ERR  p: [1809, 977], r: 8.6967432871460915e-03, e: 8.6961593478918076e-03
#ERR  p: [1098, 977], r: 1.7706453800201416e-02, e: 1.7705267295241356e-02
#ERR  p: [1188, 977], r: 1.6182312741875648e-02, e: 1.6181226819753647e-02
#ERR  p: [1278, 977], r: 1.4787616208195686e-02, e: 1.4786623418331146e-02
#ERR  p: [1800, 977], r: 8.7750460952520370e-03, e: 8.7744574993848801e-03
#ERR  p: [1107, 977], r: 1.7543653026223183e-02, e: 1.7542475834488869e-02
#ERR  p: [1287, 977], r: 1.4657290652394295e-02, e: 1.4656307175755501e-02
#ERR  p: [1476, 977], r: 1.2133133597671986e-02, e: 1.2132319621741772e-02
#ERR  p: [1818, 977], r: 8.6181750521063805e-03, e: 8.6175967007875443e-03
#ERR  p: [1071, 977], r: 1.8190762028098106e-02, e: 1.8189541995525360e-02
#ERR  p: [1269, 977], r: 1.4921688474714756e-02, e: 1.4920687302947044e-02
#ERR  p: [1854, 977], r: 8.3130393177270889e-03, e: 8.3124814555048943e-03
#ERR  p: [1233, 977], r: 1.5469695441424847e-02, e: 1.5468657948076725e-02
#ERR  p: [1008, 977], r: 1.9373536109924316e-02, e: 1.9372235983610153e-02
#ERR  p: [1782, 977], r: 8.9349290356040001e-03, e: 8.9343301951885223e-03
#ERR  p: [1206, 977], r: 1.5890756621956825e-02, e: 1.5889691188931465e-02
#ERR  p: [1755, 977], r: 9.1787390410900116e-03, e: 9.1781234368681908e-03
#ERR  p: [1197, 977], r: 1.6036869958043098e-02, e: 1.6035793349146843e-02
#ERR  p: [1242, 977], r: 1.5331692062318325e-02, e: 1.5330662950873375e-02
#ERR  p: [1791, 977], r: 8.8555384427309036e-03, e: 8.8549442589282990e-03
#ERR  p: [1062, 977], r: 1.8352413550019264e-02, e: 1.8351182341575623e-02
#ERR  p: [1638, 977], r: 1.0316896252334118e-02, e: 1.0316204279661179e-02
#ERR  p: [1161, 977], r: 1.6624584794044495e-02, e: 1.6623469069600105e-02
#ERR  p: [1746, 977], r: 9.2613091692328453e-03, e: 9.2606879770755768e-03
#ERR  p: [1017, 977], r: 1.9195368513464928e-02, e: 1.9194079563021660e-02
#ERR  p: [1440, 977], r: 1.2575569562613964e-02, e: 1.2574725784361362e-02
#ERR  p: [1170, 977], r: 1.6475021839141846e-02, e: 1.6473915427923203e-02
#ERR  p: [990, 919], r: 3.6380529403686523e-02, e: 1.8611460924148560e-02
#ERR  p: [1215, 977], r: 1.5751721337437630e-02, e: 1.5750663354992867e-02
#ERR  p: [1125, 977], r: 1.7232950776815414e-02, e: 1.7231794074177742e-02
#ERR  p: [1026, 977], r: 1.9026560708880424e-02, e: 1.9025282934308052e-02
#ERR  p: [1296, 977], r: 1.4525244012475014e-02, e: 1.4524269849061966e-02
#ERR  p: [1773, 977], r: 9.0148430317640305e-03, e: 9.0142386034131050e-03
#ERR  p: [1080, 977], r: 1.8027862533926964e-02, e: 1.8026653677225113e-02
#ERR  p: [1089, 977], r: 1.7865326255559921e-02, e: 1.7864126712083817e-02
#ERR  p: [1764, 977], r: 9.0968133881688118e-03, e: 9.0962033718824387e-03
#ERR  p: [1224, 977], r: 1.5610826201736927e-02, e: 1.5609778463840485e-02
#ERR  p: [1152, 977], r: 1.6772391274571419e-02, e: 1.6771266236901283e-02
#ERR  p: [1737, 977], r: 9.3458741903305054e-03, e: 9.3452464789152145e-03
#ERR  p: [999, 977], r: 1.9545983523130417e-02, e: 1.9544672220945358e-02
#ERR  p: [1179, 977], r: 1.6328562051057816e-02, e: 1.6327466815710068e-02
#ERR  p: [1728, 977], r: 9.4284610822796822e-03, e: 9.4278287142515182e-03
#ERR  p: [1143, 977], r: 1.6925798729062080e-02, e: 1.6924662515521049e-02
#ERR  p: [1134, 977], r: 1.7077630385756493e-02, e: 1.7076484858989716e-02
#ERR  p: [1305, 977], r: 1.4393809251487255e-02, e: 1.4392843469977379e-02
#ERR  p: [1377, 977], r: 1.3393878936767578e-02, e: 1.3392980210483074e-02
#ERR  p: [1314, 977], r: 1.4262969605624676e-02, e: 1.4262013137340546e-02
#ERR  p: [1458, 977], r: 1.2352333404123783e-02, e: 1.2351504527032375e-02
#ERR  p: [1368, 977], r: 1.3517077080905437e-02, e: 1.3516170904040337e-02
#ERR  p: [1332, 977], r: 1.4014896005392075e-02, e: 1.4013956300914288e-02
#ERR  p: [1395, 977], r: 1.3155172578990459e-02, e: 1.3154289685189724e-02
#ERR  p: [1350, 977], r: 1.3761726208031178e-02, e: 1.3760803267359734e-02
#ERR  p: [1341, 977], r: 1.3883978128433228e-02, e: 1.3883045874536037e-02
#ERR  p: [1449, 977], r: 1.2465269304811954e-02, e: 1.2464432977139950e-02
#ERR  p: [1359, 977], r: 1.3637809082865715e-02, e: 1.3636893592774868e-02
#ERR  p: [1845, 978], r: 8.3945915102958679e-03, e: 8.3968155086040497e-03
#ERR  p: [1413, 977], r: 1.2919626198709011e-02, e: 1.2918759137392044e-02
#ERR  p: [1422, 977], r: 1.2804301455616951e-02, e: 1.2803441844880581e-02
#ERR  p: [1485, 977], r: 1.2024994008243084e-02, e: 1.2024187482893467e-02
#ERR  p: [1323, 977], r: 1.4136454090476036e-02, e: 1.4135506004095078e-02
#ERR  p: [1656, 977], r: 1.0134735144674778e-02, e: 1.0134055279195309e-02
#ERR  p: [1521, 977], r: 1.1597778648138046e-02, e: 1.1597000062465668e-02
#ERR  p: [1701, 977], r: 9.6873799338936806e-03, e: 9.6867298707365990e-03
#ERR  p: [1404, 977], r: 1.3037651777267456e-02, e: 1.3036777265369892e-02
#ERR  p: [1431, 977], r: 1.2692830525338650e-02, e: 1.2691979296505451e-02
#ERR  p: [1629, 977], r: 1.0410785675048828e-02, e: 1.0410087183117867e-02
#ERR  p: [1674, 977], r: 9.9539523944258690e-03, e: 9.9532846361398697e-03
#ERR  p: [1620, 977], r: 1.0505271144211292e-02, e: 1.0504566133022308e-02
#ERR  p: [1503, 977], r: 1.1808039620518684e-02, e: 1.1807247065007687e-02
#ERR  p: [1035, 977], r: 1.8854415044188499e-02, e: 1.8853148445487022e-02
#ERR  p: [1539, 977], r: 1.1391662992537022e-02, e: 1.1390898376703262e-02
#ERR  p: [1566, 977], r: 1.1090538464486599e-02, e: 1.1089794337749481e-02
#ERR  p: [1647, 977], r: 1.0224289260804653e-02, e: 1.0223602876067162e-02
#ERR  p: [1512, 977], r: 1.1701978743076324e-02, e: 1.1701193638145924e-02
#ERR  p: [1593, 977], r: 1.0794307105243206e-02, e: 1.0793582536280155e-02
#ERR  p: [1260, 977], r: 1.5055486932396889e-02, e: 1.5054476447403431e-02
#ERR  p: [1557, 977], r: 1.1189470067620277e-02, e: 1.1188719421625137e-02
#ERR  p: [1665, 977], r: 1.0041879490017891e-02, e: 1.0041206143796444e-02
#ERR  p: [1530, 977], r: 1.1494086124002934e-02, e: 1.1493314988911152e-02
#ERR  p: [1494, 977], r: 1.1916650459170341e-02, e: 1.1915851384401321e-02
#ERR  p: [1611, 977], r: 1.0600086301565170e-02, e: 1.0599374771118164e-02
#ERR  p: [1602, 977], r: 1.0695527307689190e-02, e: 1.0694810189306736e-02
#ERR  p: [1692, 977], r: 9.7746625542640686e-03, e: 9.7740069031715393e-03
#ERR  p: [1584, 977], r: 1.0889605619013309e-02, e: 1.0888874530792236e-02
#ERR  p: [1719, 977], r: 9.5150377601385117e-03, e: 9.5143998041749001e-03
#ERR  p: [1710, 977], r: 9.6003068611025810e-03, e: 9.5996633172035217e-03
#ERR  p: [1575, 977], r: 1.0987717658281326e-02, e: 1.0986980050802231e-02
#ERR  p: [1683, 977], r: 9.8626315593719482e-03, e: 9.8619703203439713e-03
#ERR  p: [1467, 977], r: 1.2241479940712452e-02, e: 1.2240658514201641e-02
#ERR  p: [976, 919], r: 3.6896020174026489e-02, e: 1.8874257802963257e-02
#ERR  p: [1548, 977], r: 1.1288823559880257e-02, e: 1.1288066394627094e-02
#ERR  p: [1827, 978], r: 8.5462071001529694e-03, e: 8.5484702140092850e-03
#ERR  p: [1998, 978], r: 7.2032511234283447e-03, e: 7.2051584720611572e-03
#ERR  p: [1962, 978], r: 7.4665667489171028e-03, e: 7.4685458093881607e-03
#ERR  p: [1881, 978], r: 8.0968067049980164e-03, e: 8.0989543348550797e-03
#ERR  p: [1953, 978], r: 7.5367148965597153e-03, e: 7.5387116521596909e-03
#ERR  p: [1944, 978], r: 7.6019726693630219e-03, e: 7.6039871200919151e-03
#ERR  p: [2007, 978], r: 7.1402294561266899e-03, e: 7.1421209722757339e-03
#ERR  p: [1980, 978], r: 7.3347650468349457e-03, e: 7.3367087170481682e-03
#ERR  p: [1899, 978], r: 7.9531222581863403e-03, e: 7.9552307724952698e-03
#ERR  p: [1971, 978], r: 7.4008973315358162e-03, e: 7.4028577655553818e-03
#ERR  p: [1890, 978], r: 8.0249942839145660e-03, e: 8.0271214246749878e-03
#ERR  p: [2040, 979], r: 6.9161541759967804e-03, e: 6.9158170372247696e-03
#ERR  p: [2024, 979], r: 7.0276968181133270e-03, e: 7.0273540914058685e-03
#ERR  p: [1917, 978], r: 7.8103598207235336e-03, e: 7.8124292194843292e-03
#ERR  p: [2016, 979], r: 7.0841666311025620e-03, e: 7.0838220417499542e-03
#ERR  p: [1836, 978], r: 8.4699429571628571e-03, e: 8.4721893072128296e-03
#ERR  p: [2032, 980], r: 6.9792177528142929e-03, e: 6.9778673350811005e-03
#ERR  p: [981, 920], r: 8.8167190551757812e-04, e: 1.8794924020767212e-02
#ERR  p: [1251, 978], r: 1.5205727890133858e-02, e: 1.5209756791591644e-02
#ERR  p: [1116, 978], r: 1.7399638891220093e-02, e: 1.7404243350028992e-02
#ERR  p: [1053, 978], r: 1.8531989306211472e-02, e: 1.8536899238824844e-02
#ERR  p: [1044, 978], r: 1.8700480461120605e-02, e: 1.8705435097217560e-02
#ERR  p: [1989, 979], r: 7.2769075632095337e-03, e: 7.2765517979860306e-03
#ERR  p: [1278, 978], r: 1.4799345284700394e-02, e: 1.4803268015384674e-02
#ERR  p: [1107, 978], r: 1.7561070621013641e-02, e: 1.7565727233886719e-02
#ERR  p: [1809, 978], r: 8.7020993232727051e-03, e: 8.7044052779674530e-03
#ERR  p: [1287, 978], r: 1.4665607362985611e-02, e: 1.4669492840766907e-02
#ERR  p: [1872, 978], r: 8.1717055290937424e-03, e: 8.1738699227571487e-03
#ERR  p: [1008, 978], r: 1.9384860992431641e-02, e: 1.9389998167753220e-02
#ERR  p: [1755, 978], r: 9.1865621507167816e-03, e: 9.1889947652816772e-03
#ERR  p: [1926, 978], r: 7.7420370653271675e-03, e: 7.7440887689590454e-03
#ERR  p: [1386, 978], r: 1.3283699750900269e-02, e: 1.3287220150232315e-02
#ERR  p: [1062, 978], r: 1.8367342650890350e-02, e: 1.8372207880020142e-02
#ERR  p: [1908, 978], r: 7.8818164765834808e-03, e: 7.8839063644409180e-03
#ERR  p: [1638, 978], r: 1.0324729606509209e-02, e: 1.0327465832233429e-02
#ERR  p: [1746, 978], r: 9.2685744166374207e-03, e: 9.2710293829441071e-03
#ERR  p: [1170, 978], r: 1.6487542539834976e-02, e: 1.6491912305355072e-02
#ERR  p: [1125, 978], r: 1.7243616282939911e-02, e: 1.7248190939426422e-02
#ERR  p: [1296, 978], r: 1.4535091817378998e-02, e: 1.4538941904902458e-02
#ERR  p: [1026, 978], r: 1.9038643687963486e-02, e: 1.9043691456317902e-02
#ERR  p: [1764, 978], r: 9.1035272926092148e-03, e: 9.1059394180774689e-03
#ERR  p: [1080, 978], r: 1.8040351569652557e-02, e: 1.8045127391815186e-02
#ERR  p: [1737, 978], r: 9.3509294092655182e-03, e: 9.3534067273139954e-03
#ERR  p: [1935, 978], r: 7.6717063784599304e-03, e: 7.6737385243177414e-03
#ERR  p: [1089, 978], r: 1.7878659069538116e-02, e: 1.7883397638797760e-02
#ERR  p: [1179, 978], r: 1.6337655484676361e-02, e: 1.6341984272003174e-02
#ERR  p: [1863, 978], r: 8.2441326230764389e-03, e: 8.2463175058364868e-03
#ERR  p: [1305, 978], r: 1.4404367655515671e-02, e: 1.4408182352781296e-02
#ERR  p: [1854, 978], r: 8.3195827901363373e-03, e: 8.3217881619930267e-03
#ERR  p: [1071, 978], r: 1.8200427293777466e-02, e: 1.8205255270004272e-02
#ERR  p: [1368, 978], r: 1.3524845242500305e-02, e: 1.3528428971767426e-02
#ERR  p: [1332, 978], r: 1.4019947499036789e-02, e: 1.4023659750819206e-02
#ERR  p: [1350, 978], r: 1.3771496713161469e-02, e: 1.3775145635008812e-02
#ERR  p: [1395, 978], r: 1.3165114447474480e-02, e: 1.3168603181838989e-02
#ERR  p: [1449, 978], r: 1.2471977621316910e-02, e: 1.2475281953811646e-02
#ERR  p: [1845, 979], r: 8.4042623639106750e-03, e: 8.4038488566875458e-03
#ERR  p: [1476, 978], r: 1.2140925973653793e-02, e: 1.2144142761826515e-02
#ERR  p: [1521, 978], r: 1.1607885360717773e-02, e: 1.1610962450504303e-02
#ERR  p: [1800, 978], r: 8.7795276194810867e-03, e: 8.7818540632724762e-03
#ERR  p: [1269, 978], r: 1.4934185892343521e-02, e: 1.4938142150640488e-02
#ERR  p: [1818, 978], r: 8.6234956979751587e-03, e: 8.6257830262184143e-03
#ERR  p: [1188, 978], r: 1.6191612929105759e-02, e: 1.6195904463529587e-02
#ERR  p: [1197, 978], r: 1.6048461198806763e-02, e: 1.6052715480327606e-02
#ERR  p: [1233, 978], r: 1.5477605164051056e-02, e: 1.5481706708669662e-02
#ERR  p: [1098, 978], r: 1.7717633396387100e-02, e: 1.7722327262163162e-02
#ERR  p: [1206, 978], r: 1.5905164182186127e-02, e: 1.5909381210803986e-02
#ERR  p: [1782, 978], r: 8.9400634169578552e-03, e: 8.9424327015876770e-03
#ERR  p: [1827, 979], r: 8.5577219724655151e-03, e: 8.5573047399520874e-03
#ERR  p: [1998, 979], r: 7.2127878665924072e-03, e: 7.2124339640140533e-03
#ERR  p: [1242, 978], r: 1.5341263264417648e-02, e: 1.5345327556133270e-02
#ERR  p: [1791, 978], r: 8.8599976152181625e-03, e: 8.8623464107513428e-03
#ERR  p: [1161, 978], r: 1.6636364161968231e-02, e: 1.6640774905681610e-02
#ERR  p: [1017, 978], r: 1.9215188920497894e-02, e: 1.9220277667045593e-02
#ERR  p: [1440, 978], r: 1.2587748467922211e-02, e: 1.2591082602739334e-02
#ERR  p: [1215, 978], r: 1.5761606395244598e-02, e: 1.5765786170959473e-02
#ERR  p: [1728, 978], r: 9.4362050294876099e-03, e: 9.4387046992778778e-03
#ERR  p: [1143, 978], r: 1.6938239336013794e-02, e: 1.6942732036113739e-02
#ERR  p: [999, 978], r: 1.9562844187021255e-02, e: 1.9568026065826416e-02
#ERR  p: [1377, 978], r: 1.3403465971350670e-02, e: 1.3407018035650253e-02
#ERR  p: [1152, 978], r: 1.6787655651569366e-02, e: 1.6792103648185730e-02
#ERR  p: [1134, 978], r: 1.7090737819671631e-02, e: 1.7095264047384262e-02
#ERR  p: [1881, 979], r: 8.1082098186016083e-03, e: 8.1078112125396729e-03
#ERR  p: [1224, 978], r: 1.5617646276950836e-02, e: 1.5621785074472427e-02
#ERR  p: [990, 920], r: 8.7451934814453125e-04, e: 1.8627658486366272e-02
#ERR  p: [1773, 978], r: 9.0218931436538696e-03, e: 9.0242810547351837e-03
#ERR  p: [1458, 978], r: 1.2360528111457825e-02, e: 1.2363802641630173e-02
#ERR  p: [1359, 978], r: 1.3647522777318954e-02, e: 1.3651140034198761e-02
#ERR  p: [1314, 978], r: 1.4276728034019470e-02, e: 1.4280509203672409e-02
#ERR  p: [1341, 978], r: 1.3896275311708450e-02, e: 1.3899959623813629e-02
#ERR  p: [1413, 978], r: 1.2932160869240761e-02, e: 1.2935586273670197e-02
#ERR  p: [1656, 978], r: 1.0141942650079727e-02, e: 1.0144630447030067e-02
#ERR  p: [1485, 978], r: 1.2031789869070053e-02, e: 1.2034976854920387e-02
#ERR  p: [1422, 978], r: 1.2812925502657890e-02, e: 1.2816321104764938e-02
#ERR  p: [1323, 978], r: 1.4149751514196396e-02, e: 1.4153499156236649e-02
#ERR  p: [1701, 978], r: 9.6935499459505081e-03, e: 9.6961185336112976e-03
#ERR  p: [1404, 978], r: 1.3045888394117355e-02, e: 1.3049345463514328e-02
#ERR  p: [1431, 978], r: 1.2697283178567886e-02, e: 1.2700647115707397e-02
#ERR  p: [1629, 978], r: 1.0418668389320374e-02, e: 1.0421428829431534e-02
#ERR  p: [1674, 978], r: 9.9586434662342072e-03, e: 9.9612809717655182e-03
#ERR  p: [1620, 978], r: 1.0512575507164001e-02, e: 1.0515362024307251e-02
#ERR  p: [1503, 978], r: 1.1818274855613708e-02, e: 1.1821407824754715e-02
#ERR  p: [1035, 978], r: 1.8870584666728973e-02, e: 1.8875587731599808e-02
#ERR  p: [1539, 978], r: 1.1398905888199806e-02, e: 1.1401925235986710e-02
#ERR  p: [1566, 978], r: 1.1095166206359863e-02, e: 1.1098105460405350e-02
#ERR  p: [1647, 978], r: 1.0233029723167419e-02, e: 1.0235741734504700e-02
#ERR  p: [1593, 978], r: 1.0800044983625412e-02, e: 1.0802907869219780e-02
#ERR  p: [1512, 978], r: 1.1711219325661659e-02, e: 1.1714320629835129e-02
#ERR  p: [1260, 978], r: 1.5068165957927704e-02, e: 1.5072159469127655e-02
#ERR  p: [1557, 978], r: 1.1196352541446686e-02, e: 1.1199319735169411e-02
#ERR  p: [1665, 978], r: 1.0049264878034592e-02, e: 1.0051928460597992e-02
#ERR  p: [1530, 978], r: 1.1502992361783981e-02, e: 1.1506039649248123e-02
#ERR  p: [1494, 978], r: 1.1923655867576599e-02, e: 1.1926813051104546e-02
#ERR  p: [1611, 978], r: 1.0607957839965820e-02, e: 1.0610770434141159e-02
#ERR  p: [1602, 978], r: 1.0703060775995255e-02, e: 1.0705897584557533e-02
#ERR  p: [1692, 978], r: 9.7806509584188461e-03, e: 9.7832418978214264e-03
#ERR  p: [1584, 978], r: 1.0897044092416763e-02, e: 1.0899933055043221e-02
#ERR  p: [1719, 978], r: 9.5218420028686523e-03, e: 9.5243640244007111e-03
#ERR  p: [1710, 978], r: 9.6092671155929565e-03, e: 9.6118114888668060e-03
#ERR  p: [1575, 978], r: 1.0996028780937195e-02, e: 1.0998941957950592e-02
#ERR  p: [1683, 978], r: 9.8707936704158783e-03, e: 9.8734088242053986e-03
#ERR  p: [1467, 978], r: 1.2251146137714386e-02, e: 1.2254394590854645e-02
#ERR  p: [976, 920], r: 8.8329613208770752e-04, e: 1.8888905644416809e-02
#ERR  p: [1548, 978], r: 1.1298306286334991e-02, e: 1.1301297694444656e-02
#ERR  p: [1962, 979], r: 7.4775554239749908e-03, e: 7.4771884828805923e-03
#ERR  p: [1953, 979], r: 7.5437258929014206e-03, e: 7.5433570891618729e-03
#ERR  p: [1944, 979], r: 7.6135676354169846e-03, e: 7.6131951063871384e-03
#ERR  p: [2007, 979], r: 7.1477703750133514e-03, e: 7.1474201977252960e-03
#ERR  p: [1980, 979], r: 7.3423124849796295e-03, e: 7.3419511318206787e-03
#ERR  p: [1899, 979], r: 7.9628918319940567e-03, e: 7.9624988138675690e-03
#ERR  p: [1971, 979], r: 7.4091628193855286e-03, e: 7.4087996035814285e-03
#ERR  p: [2040, 980], r: 6.9240015000104904e-03, e: 6.9226585328578949e-03
#ERR  p: [1890, 979], r: 8.0364830791950226e-03, e: 8.0360881984233856e-03
#ERR  p: [1476, 979], r: 1.2157026678323746e-02, e: 1.2156434357166290e-02
#ERR  p: [990, 921], r: 1.8649339675903320e-02, e: 1.8647134304046631e-02
#ERR  p: [2024, 980], r: 7.0355273783206940e-03, e: 7.0341639220714569e-03
#ERR  p: [1917, 979], r: 7.8213736414909363e-03, e: 7.8209899365901947e-03
#ERR  p: [2016, 980], r: 7.0915203541517258e-03, e: 7.0901457220315933e-03
#ERR  p: [1836, 979], r: 8.4819309413433075e-03, e: 8.4815137088298798e-03
#ERR  p: [2032, 981], r: 6.9867447018623352e-03, e: 6.9861151278018951e-03
#ERR  p: [981, 921], r: 1.8818825483322144e-02, e: 1.8816590309143066e-02
#ERR  p: [1251, 979], r: 1.5223108232021332e-02, e: 1.5222363173961639e-02
#ERR  p: [1116, 979], r: 1.7423778772354126e-02, e: 1.7422936856746674e-02
#ERR  p: [1053, 979], r: 1.8554203212261200e-02, e: 1.8553294241428375e-02
#ERR  p: [1044, 979], r: 1.8725417554378510e-02, e: 1.8724501132965088e-02
#ERR  p: [1989, 980], r: 7.2867684066295624e-03, e: 7.2853565216064453e-03
#ERR  p: [1107, 979], r: 1.7579324543476105e-02, e: 1.7578460276126862e-02
#ERR  p: [1278, 979], r: 1.4816556125879288e-02, e: 1.4815829694271088e-02
#ERR  p: [1809, 979], r: 8.7127014994621277e-03, e: 8.7122749537229538e-03
#ERR  p: [1638, 979], r: 1.0338667780160904e-02, e: 1.0338159278035164e-02
#ERR  p: [1287, 979], r: 1.4684882014989853e-02, e: 1.4684163033962250e-02
#ERR  p: [1872, 979], r: 8.1807132810354233e-03, e: 8.1803109496831894e-03
#ERR  p: [1008, 979], r: 1.9412025809288025e-02, e: 1.9411072134971619e-02
#ERR  p: [1755, 979], r: 9.1955997049808502e-03, e: 9.1951526701450348e-03
#ERR  p: [1926, 979], r: 7.7498331665992737e-03, e: 7.7494531869888306e-03
#ERR  p: [1908, 979], r: 7.8930668532848358e-03, e: 7.8926794230937958e-03
#ERR  p: [1386, 979], r: 1.3302460312843323e-02, e: 1.3301804661750793e-02
#ERR  p: [1062, 979], r: 1.8391363322734833e-02, e: 1.8390469253063202e-02
#ERR  p: [1746, 979], r: 9.2803686857223511e-03, e: 9.2799142003059387e-03
#ERR  p: [1170, 979], r: 1.6507860273122787e-02, e: 1.6507051885128021e-02
#ERR  p: [1125, 979], r: 1.7267957329750061e-02, e: 1.7267107963562012e-02
#ERR  p: [1296, 979], r: 1.4552883803844452e-02, e: 1.4552172273397446e-02
#ERR  p: [1395, 979], r: 1.3181842863559723e-02, e: 1.3181194663047791e-02
#ERR  p: [1026, 979], r: 1.9064132124185562e-02, e: 1.9063197076320648e-02
#ERR  p: [1863, 979], r: 8.2555580884218216e-03, e: 8.2551538944244385e-03
#ERR  p: [1854, 979], r: 8.3288736641407013e-03, e: 8.3284638822078705e-03
#ERR  p: [1764, 979], r: 9.1133788228034973e-03, e: 9.1129336506128311e-03
#ERR  p: [1350, 979], r: 1.3787932693958282e-02, e: 1.3787254691123962e-02
#ERR  p: [1845, 980], r: 8.4153562784194946e-03, e: 8.4137283265590668e-03
#ERR  p: [1449, 979], r: 1.2488193809986115e-02, e: 1.2487582862377167e-02
#ERR  p: [1332, 979], r: 1.4038559049367905e-02, e: 1.4037873595952988e-02
#ERR  p: [1521, 979], r: 1.1620245873928070e-02, e: 1.1619675904512405e-02
#ERR  p: [1080, 979], r: 1.8062219023704529e-02, e: 1.8061339855194092e-02
#ERR  p: [1818, 979], r: 8.6354129016399384e-03, e: 8.6349882185459137e-03
#ERR  p: [1233, 979], r: 1.5502564609050751e-02, e: 1.5501804649829865e-02
#ERR  p: [1206, 979], r: 1.5922792255878448e-02, e: 1.5922017395496368e-02
#ERR  p: [1440, 979], r: 1.2601088732481003e-02, e: 1.2600474059581757e-02
#ERR  p: [1782, 979], r: 8.9515261352062225e-03, e: 8.9510865509510040e-03
#ERR  p: [1998, 980], r: 7.2212144732475281e-03, e: 7.2198174893856049e-03
#ERR  p: [1827, 980], r: 8.5669308900833130e-03, e: 8.5652694106101990e-03
#ERR  p: [1017, 979], r: 1.9236408174037933e-02, e: 1.9235465675592422e-02
#ERR  p: [1215, 979], r: 1.5781506896018982e-02, e: 1.5780732035636902e-02
#ERR  p: [1242, 979], r: 1.5361022204160690e-02, e: 1.5360269695520401e-02
#ERR  p: [1737, 979], r: 9.3655865639448166e-03, e: 9.3651283532381058e-03
#ERR  p: [1935, 979], r: 7.6824501156806946e-03, e: 7.6820757240056992e-03
#ERR  p: [1089, 979], r: 1.7901372164487839e-02, e: 1.7900496721267700e-02
#ERR  p: [1179, 979], r: 1.6359478235244751e-02, e: 1.6358681023120880e-02
#ERR  p: [1305, 979], r: 1.4423958957195282e-02, e: 1.4423254877328873e-02
#ERR  p: [1071, 979], r: 1.8226988613605499e-02, e: 1.8226087093353271e-02
#ERR  p: [1368, 979], r: 1.3543523848056793e-02, e: 1.3542860746383667e-02
#ERR  p: [1269, 979], r: 1.4952257275581360e-02, e: 1.4951523393392563e-02
#ERR  p: [1800, 979], r: 8.7922122329473495e-03, e: 8.7917819619178772e-03
#ERR  p: [1377, 979], r: 1.3421587646007538e-02, e: 1.3420931994915009e-02
#ERR  p: [1881, 980], r: 8.1168971955776215e-03, e: 8.1153251230716705e-03
#ERR  p: [999, 979], r: 1.9586361944675446e-02, e: 1.9585400819778442e-02
#ERR  p: [1152, 979], r: 1.6808249056339264e-02, e: 1.6807425767183304e-02
#ERR  p: [1134, 979], r: 1.7112456262111664e-02, e: 1.7111621797084808e-02
#ERR  p: [1188, 979], r: 1.6214646399021149e-02, e: 1.6213849186897278e-02
#ERR  p: [1197, 979], r: 1.6068305820226669e-02, e: 1.6067519783973694e-02
#ERR  p: [1161, 979], r: 1.6654074192047119e-02, e: 1.6653254628181458e-02
#ERR  p: [1314, 979], r: 1.4292743057012558e-02, e: 1.4292042702436447e-02
#ERR  p: [1413, 979], r: 1.2947257608175278e-02, e: 1.2946628034114838e-02
#ERR  p: [1359, 979], r: 1.3665944337844849e-02, e: 1.3665273785591125e-02
#ERR  p: [1341, 979], r: 1.3911325484514236e-02, e: 1.3910643756389618e-02
#ERR  p: [1422, 979], r: 1.2830510735511780e-02, e: 1.2829881161451340e-02
#ERR  p: [1656, 979], r: 1.0151259601116180e-02, e: 1.0150764137506485e-02
#ERR  p: [1791, 979], r: 8.8708922266960144e-03, e: 8.8704563677310944e-03
#ERR  p: [1143, 979], r: 1.6960099339485168e-02, e: 1.6959264874458313e-02
#ERR  p: [1098, 979], r: 1.7740346491336823e-02, e: 1.7739474773406982e-02
#ERR  p: [1728, 979], r: 9.4495601952075958e-03, e: 9.4490982592105865e-03
#ERR  p: [1431, 979], r: 1.2716442346572876e-02, e: 1.2715820223093033e-02
#ERR  p: [1224, 979], r: 1.5641637146472931e-02, e: 1.5640869736671448e-02
#ERR  p: [1773, 979], r: 9.0321749448776245e-03, e: 9.0317334979772568e-03
#ERR  p: [1458, 979], r: 1.2376513332128525e-02, e: 1.2375906109809875e-02
#ERR  p: [1485, 979], r: 1.2045737355947495e-02, e: 1.2045148760080338e-02
#ERR  p: [1323, 979], r: 1.4164082705974579e-02, e: 1.4163389801979065e-02
#ERR  p: [1701, 979], r: 9.7071453928947449e-03, e: 9.7066722810268402e-03
#ERR  p: [1404, 979], r: 1.3063222169876099e-02, e: 1.3062577694654465e-02
#ERR  p: [1674, 979], r: 9.9721923470497131e-03, e: 9.9717080593109131e-03
#ERR  p: [1629, 979], r: 1.0429296642541885e-02, e: 1.0428784415125847e-02
#ERR  p: [1503, 979], r: 1.1831473559141159e-02, e: 1.1830896139144897e-02
#ERR  p: [1710, 979], r: 9.6198469400405884e-03, e: 9.6193775534629822e-03
#ERR  p: [1539, 979], r: 1.1413019150495529e-02, e: 1.1412464082241058e-02
#ERR  p: [1035, 979], r: 1.8892914056777954e-02, e: 1.8891990184783936e-02
#ERR  p: [1620, 979], r: 1.0527081787586212e-02, e: 1.0526563972234726e-02
#ERR  p: [1494, 979], r: 1.1937983334064484e-02, e: 1.1937402188777924e-02
#ERR  p: [1584, 979], r: 1.0912392288446426e-02, e: 1.0911855846643448e-02
#ERR  p: [1683, 979], r: 9.8837390542030334e-03, e: 9.8832547664642334e-03
#ERR  p: [1575, 979], r: 1.1011797934770584e-02, e: 1.1011257767677307e-02
#ERR  p: [1719, 979], r: 9.5330700278282166e-03, e: 9.5326006412506104e-03
#ERR  p: [1647, 979], r: 1.0245848447084427e-02, e: 1.0245345532894135e-02
#ERR  p: [1566, 979], r: 1.1108603328466415e-02, e: 1.1108059436082840e-02
#ERR  p: [1512, 979], r: 1.1725127696990967e-02, e: 1.1724554002285004e-02
#ERR  p: [1593, 979], r: 1.0813985019922256e-02, e: 1.0813452303409576e-02
#ERR  p: [1557, 979], r: 1.1209446936845779e-02, e: 1.1208899319171906e-02
#ERR  p: [1260, 979], r: 1.5088796615600586e-02, e: 1.5088059008121490e-02
#ERR  p: [1530, 979], r: 1.1517196893692017e-02, e: 1.1516634374856949e-02
#ERR  p: [1665, 979], r: 1.0064244270324707e-02, e: 1.0063750669360161e-02
#ERR  p: [1611, 979], r: 1.0621041059494019e-02, e: 1.0620519518852234e-02
#ERR  p: [1602, 979], r: 1.0716386139392853e-02, e: 1.0715857148170471e-02
#ERR  p: [1692, 979], r: 9.7945965826511383e-03, e: 9.7941197454929352e-03
#ERR  p: [1467, 979], r: 1.2264877557754517e-02, e: 1.2264274060726166e-02
#ERR  p: [976, 921], r: 1.8911257386207581e-02, e: 1.8909007310867310e-02
#ERR  p: [1548, 979], r: 1.1312276124954224e-02, e: 1.1311721056699753e-02
#ERR  p: [1962, 980], r: 7.4857734143733978e-03, e: 7.4843205511569977e-03
#ERR  p: [1953, 980], r: 7.5533054769039154e-03, e: 7.5518395751714706e-03
#ERR  p: [1944, 980], r: 7.6210405677556992e-03, e: 7.6195616275072098e-03
#ERR  p: [2007, 980], r: 7.1561839431524277e-03, e: 7.1547999978065491e-03
#ERR  p: [1980, 980], r: 7.3533467948436737e-03, e: 7.3519237339496613e-03
#ERR  p: [1899, 980], r: 7.9721957445144653e-03, e: 7.9706534743309021e-03
#ERR  p: [1971, 980], r: 7.4194651097059250e-03, e: 7.4180290102958679e-03
#ERR  p: [1062, 980], r: 1.8410533666610718e-02, e: 1.8406957387924194e-02
#ERR  p: [2040, 981], r: 6.9303140044212341e-03, e: 6.9296918809413910e-03
#ERR  p: [1890, 980], r: 8.0437883734703064e-03, e: 8.0422312021255493e-03
#ERR  p: [1233, 980], r: 1.5517394989728928e-02, e: 1.5514388680458069e-02
#ERR  p: [1476, 980], r: 1.2169629335403442e-02, e: 1.2167263776063919e-02
#ERR  p: [990, 922], r: 1.8661826848983765e-02, e: 1.8667295575141907e-02
#ERR  p: [2024, 981], r: 7.0419088006019592e-03, e: 7.0412755012512207e-03
#ERR  p: [1917, 980], r: 7.8304596245288849e-03, e: 7.8289452940225601e-03
#ERR  p: [2016, 981], r: 7.0991367101669312e-03, e: 7.0984959602355957e-03
#ERR  p: [1836, 980], r: 8.4906592965126038e-03, e: 8.4890127182006836e-03
#ERR  p: [2032, 982], r: 6.9897323846817017e-03, e: 6.9902427494525909e-03
#ERR  p: [1548, 980], r: 1.1323180049657822e-02, e: 1.1320985853672028e-02
#ERR  p: [981, 922], r: 1.8830224871635437e-02, e: 1.8835738301277161e-02
#ERR  p: [1251, 980], r: 1.5238702297210693e-02, e: 1.5235751867294312e-02
#ERR  p: [1116, 980], r: 1.7444714903831482e-02, e: 1.7441317439079285e-02
#ERR  p: [1053, 980], r: 1.8580406904220581e-02, e: 1.8576808273792267e-02
#ERR  p: [1044, 980], r: 1.8746778368949890e-02, e: 1.8743149936199188e-02
#ERR  p: [1989, 981], r: 7.2924308478832245e-03, e: 7.2917714715003967e-03
#ERR  p: [1107, 980], r: 1.7604298889636993e-02, e: 1.7600886523723602e-02
#ERR  p: [1287, 980], r: 1.4703392982482910e-02, e: 1.4700543135404587e-02
#ERR  p: [1278, 980], r: 1.4835573732852936e-02, e: 1.4832697808742523e-02
#ERR  p: [1809, 980], r: 8.7235495448112488e-03, e: 8.7218582630157471e-03
#ERR  p: [1638, 980], r: 1.0349951684474945e-02, e: 1.0347947478294373e-02
#ERR  p: [1872, 980], r: 8.1915557384490967e-03, e: 8.1899724900722504e-03
#ERR  p: [1008, 980], r: 1.9431978464126587e-02, e: 1.9428215920925140e-02
#ERR  p: [1755, 980], r: 9.2073567211627960e-03, e: 9.2055723071098328e-03
#ERR  p: [1386, 980], r: 1.3316176831722260e-02, e: 1.3313602656126022e-02
#ERR  p: [1926, 980], r: 7.7607948333024979e-03, e: 7.7592916786670685e-03
#ERR  p: [1170, 980], r: 1.6526691615581512e-02, e: 1.6523487865924835e-02
#ERR  p: [1296, 980], r: 1.4570537954568863e-02, e: 1.4567710459232330e-02
#ERR  p: [1125, 980], r: 1.7288334667682648e-02, e: 1.7284981906414032e-02
#ERR  p: [1908, 980], r: 7.9016759991645813e-03, e: 7.9001486301422119e-03
#ERR  p: [1746, 980], r: 9.2900507152080536e-03, e: 9.2882513999938965e-03
#ERR  p: [1395, 980], r: 1.3198081403970718e-02, e: 1.3195525854825974e-02
#ERR  p: [1026, 980], r: 1.9087657332420349e-02, e: 1.9083954393863678e-02
#ERR  p: [1863, 980], r: 8.2638710737228394e-03, e: 8.2622729241847992e-03
#ERR  p: [1854, 980], r: 8.3399862051010132e-03, e: 8.3383694291114807e-03
#ERR  p: [1764, 980], r: 9.1253258287906647e-03, e: 9.1235563158988953e-03
#ERR  p: [1818, 980], r: 8.6457133293151855e-03, e: 8.6440369486808777e-03
#ERR  p: [1350, 980], r: 1.3804428279399872e-02, e: 1.3801753520965576e-02
#ERR  p: [1845, 981], r: 8.4219276905059814e-03, e: 8.4211677312850952e-03
#ERR  p: [1449, 980], r: 1.2503936886787415e-02, e: 1.2501511722803116e-02
#ERR  p: [1332, 980], r: 1.4054797589778900e-02, e: 1.4052078127861023e-02
#ERR  p: [1521, 980], r: 1.1636085808277130e-02, e: 1.1633828282356262e-02
#ERR  p: [1080, 980], r: 1.8081985414028168e-02, e: 1.8078476190567017e-02
#ERR  p: [1440, 980], r: 1.2616552412509918e-02, e: 1.2614104896783829e-02
#ERR  p: [1206, 980], r: 1.5942990779876709e-02, e: 1.5939891338348389e-02
#ERR  p: [1782, 980], r: 8.9619979262351990e-03, e: 8.9602619409561157e-03
#ERR  p: [1827, 981], r: 8.5763707756996155e-03, e: 8.5755996406078339e-03
#ERR  p: [1998, 981], r: 7.2269812226295471e-03, e: 7.2263330221176147e-03
#ERR  p: [1242, 980], r: 1.5377588570117950e-02, e: 1.5374608337879181e-02
#ERR  p: [1017, 980], r: 1.9257649779319763e-02, e: 1.9253917038440704e-02
#ERR  p: [1215, 980], r: 1.5799529850482941e-02, e: 1.5796467661857605e-02
#ERR  p: [1737, 980], r: 9.3737430870532990e-03, e: 9.3719288706779480e-03
#ERR  p: [1089, 980], r: 1.7922580242156982e-02, e: 1.7919108271598816e-02
#ERR  p: [1179, 980], r: 1.6379117965698242e-02, e: 1.6375936567783356e-02
#ERR  p: [1368, 980], r: 1.3556353747844696e-02, e: 1.3553723692893982e-02
#ERR  p: [1935, 980], r: 7.6904855668544769e-03, e: 7.6889935880899429e-03
#ERR  p: [1305, 980], r: 1.4439951628446579e-02, e: 1.4437150210142136e-02
#ERR  p: [1152, 980], r: 1.6826443374156952e-02, e: 1.6823187470436096e-02
#ERR  p: [1134, 980], r: 1.7133936285972595e-02, e: 1.7130613327026367e-02
#ERR  p: [1071, 980], r: 1.8247380852699280e-02, e: 1.8243856728076935e-02
#ERR  p: [1269, 980], r: 1.4968421310186386e-02, e: 1.4965526759624481e-02
#ERR  p: [1800, 980], r: 8.8022910058498383e-03, e: 8.8005848228931427e-03
#ERR  p: [1377, 980], r: 1.3437248766422272e-02, e: 1.3434641063213348e-02
#ERR  p: [999, 980], r: 1.9606634974479675e-02, e: 1.9602835178375244e-02
#ERR  p: [1188, 980], r: 1.6231879591941833e-02, e: 1.6228735446929932e-02
#ERR  p: [1359, 980], r: 1.3680383563041687e-02, e: 1.3677731156349182e-02
#ERR  p: [1881, 981], r: 8.1242360174655914e-03, e: 8.1235095858573914e-03
#ERR  p: [1413, 980], r: 1.2961279600858688e-02, e: 1.2958761304616928e-02
#ERR  p: [1341, 980], r: 1.3930968940258026e-02, e: 1.3928264379501343e-02
#ERR  p: [1656, 980], r: 1.0166447609663010e-02, e: 1.0164473205804825e-02
#ERR  p: [1422, 980], r: 1.2846089899539948e-02, e: 1.2843601405620575e-02
#ERR  p: [1197, 980], r: 1.6086131334304810e-02, e: 1.6083016991615295e-02
#ERR  p: [1143, 980], r: 1.6978323459625244e-02, e: 1.6975030303001404e-02
#ERR  p: [1161, 980], r: 1.6679413616657257e-02, e: 1.6676187515258789e-02
#ERR  p: [1098, 980], r: 1.7759911715984344e-02, e: 1.7756469547748566e-02
#ERR  p: [1728, 980], r: 9.4591230154037476e-03, e: 9.4572864472866058e-03
#ERR  p: [1791, 980], r: 8.8813006877899170e-03, e: 8.8795796036720276e-03
#ERR  p: [1458, 980], r: 1.2391515076160431e-02, e: 1.2389115989208221e-02
#ERR  p: [1773, 980], r: 9.0435445308685303e-03, e: 9.0417936444282532e-03
#ERR  p: [1314, 980], r: 1.4311909675598145e-02, e: 1.4309138059616089e-02
#ERR  p: [1224, 980], r: 1.5657559037208557e-02, e: 1.5654526650905609e-02
#ERR  p: [1701, 980], r: 9.7192600369453430e-03, e: 9.7173750400543213e-03
#ERR  p: [1485, 980], r: 1.2061771005392075e-02, e: 1.2059435248374939e-02
#ERR  p: [1404, 980], r: 1.3078659772872925e-02, e: 1.3076130300760269e-02
#ERR  p: [1503, 980], r: 1.1847790330648422e-02, e: 1.1845491826534271e-02
#ERR  p: [1674, 980], r: 9.9845826625823975e-03, e: 9.9826417863368988e-03
#ERR  p: [1629, 980], r: 1.0444827377796173e-02, e: 1.0442808270454407e-02
#ERR  p: [1431, 980], r: 1.2730993330478668e-02, e: 1.2728527188301086e-02
#ERR  p: [1323, 980], r: 1.4182344079017639e-02, e: 1.4179598540067673e-02
#ERR  p: [1584, 980], r: 1.0924238711595535e-02, e: 1.0922126471996307e-02
#ERR  p: [1710, 980], r: 9.6301585435867310e-03, e: 9.6282921731472015e-03
#ERR  p: [1539, 980], r: 1.1428344994783401e-02, e: 1.1426128447055817e-02
#ERR  p: [1620, 980], r: 1.0537415742874146e-02, e: 1.0535378009080887e-02
#ERR  p: [1719, 980], r: 9.5443055033683777e-03, e: 9.5424577593803406e-03
#ERR  p: [1575, 980], r: 1.1021241545677185e-02, e: 1.1019110679626465e-02
#ERR  p: [1647, 980], r: 1.0255899280309677e-02, e: 1.0253909975290298e-02
#ERR  p: [1683, 980], r: 9.8938941955566406e-03, e: 9.8919756710529327e-03
#ERR  p: [1494, 980], r: 1.1954061686992645e-02, e: 1.1951748281717300e-02
#ERR  p: [1566, 980], r: 1.1122435331344604e-02, e: 1.1120278388261795e-02
#ERR  p: [1512, 980], r: 1.1740624904632568e-02, e: 1.1738345026969910e-02
#ERR  p: [1530, 980], r: 1.1531144380569458e-02, e: 1.1528912931680679e-02
#ERR  p: [1260, 980], r: 1.5104830265045166e-02, e: 1.5101898461580276e-02
#ERR  p: [1611, 980], r: 1.0633539408445358e-02, e: 1.0631479322910309e-02
#ERR  p: [1557, 980], r: 1.1224288493394852e-02, e: 1.1222112923860550e-02
#ERR  p: [1602, 980], r: 1.0732896625995636e-02, e: 1.0730817914009094e-02
#ERR  p: [1962, 981], r: 7.4920952320098877e-03, e: 7.4914246797561646e-03
#ERR  p: [976, 922], r: 1.8925815820693970e-02, e: 1.8931359052658081e-02
#ERR  p: [1035, 980], r: 1.8917694687843323e-02, e: 1.8914021551609039e-02
#ERR  p: [1593, 980], r: 1.0827090591192245e-02, e: 1.0824996978044510e-02
#ERR  p: [1665, 980], r: 1.0073430836200714e-02, e: 1.0071475058794022e-02
#ERR  p: [1692, 980], r: 9.8067671060562134e-03, e: 9.8048634827136993e-03
#ERR  p: [1467, 980], r: 1.2281347066164017e-02, e: 1.2278966605663300e-02
#ERR  p: [1953, 981], r: 7.5594298541545868e-03, e: 7.5587518513202667e-03
#ERR  p: [1944, 981], r: 7.6299980282783508e-03, e: 7.6293163001537323e-03
#ERR  p: [2007, 981], r: 7.1626901626586914e-03, e: 7.1620419621467590e-03
#ERR  p: [1980, 981], r: 7.3588155210018158e-03, e: 7.3581524193286896e-03
#ERR  p: [1899, 981], r: 7.9809464514255524e-03, e: 7.9802274703979492e-03
#ERR  p: [1971, 981], r: 7.4251405894756317e-03, e: 7.4244700372219086e-03
#ERR  p: [1062, 981], r: 1.8429711461067200e-02, e: 1.8428057432174683e-02
#ERR  p: [2040, 982], r: 6.9355443120002747e-03, e: 6.9360509514808655e-03
#ERR  p: [1890, 981], r: 8.0501735210418701e-03, e: 8.0494508147239685e-03
#SDC Ite:0 KerTime:18.362429 AccTime:18.362429 KerErr:1139701 AccErr:1139701
#ABORT too many errors per iteration
#END