[INFO -- 2017-03-10 05:25:46]
Starting GDB script
[INFO -- 2017-03-10 05:25:46]
initSignal:0.0
[INFO -- 2017-03-10 05:25:46]
endSignal:4.0
[INFO -- 2017-03-10 05:25:46]
seqSignal:30
[INFO -- 2017-03-10 05:25:47]
sending 30 signals using command: 'ssh -T mic0 killall -2 needle_check' after 0.685515189619s
[INFO -- 2017-03-10 05:25:47]
shell stdout: 
[INFO -- 2017-03-10 05:25:48]
shell stdout: 
[INFO -- 2017-03-10 05:25:48]
sending 30 signals using command: 'ssh -T mic0 killall -2 needle_check' after 1.5872425808s
[INFO -- 2017-03-10 05:25:48]
shell stdout: 
[INFO -- 2017-03-10 05:25:48]
shell stdout: 
[INFO -- 2017-03-10 05:25:49]
shell stdout: 
[INFO -- 2017-03-10 05:25:49]
shell stdout: 
[INFO -- 2017-03-10 05:25:49]
shell stdout: 
[INFO -- 2017-03-10 05:25:49]
shell stdout: 
[INFO -- 2017-03-10 05:25:50]
sending 30 signals using command: 'ssh -T mic0 killall -2 needle_check' after 3.24577562471s
[INFO -- 2017-03-10 05:25:50]
shell stdout: 
[INFO -- 2017-03-10 05:25:50]
shell stdout: 
[INFO -- 2017-03-10 05:25:50]
shell stdout: 
[INFO -- 2017-03-10 05:25:50]
shell stdout: 
[INFO -- 2017-03-10 05:25:50]
shell stdout: 
[INFO -- 2017-03-10 05:25:50]
shell stdout: 
[INFO -- 2017-03-10 05:25:51]
shell stdout: 
[INFO -- 2017-03-10 05:25:51]
shell stdout: 
[INFO -- 2017-03-10 05:25:51]
shell stdout: 
[INFO -- 2017-03-10 05:25:51]
shell stdout: 
[INFO -- 2017-03-10 05:25:51]
shell stdout: 
[INFO -- 2017-03-10 05:25:51]
shell stdout: 
[INFO -- 2017-03-10 05:25:51]
shell stdout: 
[INFO -- 2017-03-10 05:25:52]
shell stdout: 
[INFO -- 2017-03-10 05:25:52]
shell stdout: 
[INFO -- 2017-03-10 05:25:52]
shell stdout: 
[INFO -- 2017-03-10 05:25:52]
shell stdout: 
[INFO -- 2017-03-10 05:25:52]
shell stdout: 
[INFO -- 2017-03-10 05:25:52]
shell stdout: 
[INFO -- 2017-03-10 05:25:52]
shell stdout: 
[INFO -- 2017-03-10 05:25:53]
shell stdout: 
[INFO -- 2017-03-10 05:25:53]
shell stdout: 
[INFO -- 2017-03-10 05:25:53]
shell stdout: 
[INFO -- 2017-03-10 05:25:53]
shell stdout: 
[INFO -- 2017-03-10 05:25:53]
shell stdout: 
[INFO -- 2017-03-10 05:25:53]
shell stdout: 
[INFO -- 2017-03-10 05:25:54]
shell stdout: 
[INFO -- 2017-03-10 05:25:54]
shell stdout: 
[INFO -- 2017-03-10 05:25:54]
shell stdout: 
[INFO -- 2017-03-10 05:25:54]
shell stdout: 
[INFO -- 2017-03-10 05:25:54]
shell stdout: 
[INFO -- 2017-03-10 05:25:54]
shell stdout: 
[INFO -- 2017-03-10 05:25:55]
shell stdout: 
[INFO -- 2017-03-10 05:25:55]
shell stdout: 
[INFO -- 2017-03-10 05:25:55]
shell stdout: 
[INFO -- 2017-03-10 05:25:55]
shell stdout: 
[INFO -- 2017-03-10 05:25:55]
shell stdout: 
[INFO -- 2017-03-10 05:25:55]
shell stdout: 
[INFO -- 2017-03-10 05:25:56]
shell stdout: 
[INFO -- 2017-03-10 05:25:56]
shell stdout: 
[INFO -- 2017-03-10 05:25:56]
shell stdout: 
[INFO -- 2017-03-10 05:25:56]
shell stdout: 
[INFO -- 2017-03-10 05:25:56]
shell stdout: 
[INFO -- 2017-03-10 05:25:56]
shell stdout: 
[INFO -- 2017-03-10 05:25:56]
shell stdout: 
[INFO -- 2017-03-10 05:25:56]
shell stdout: 
[INFO -- 2017-03-10 05:25:57]
shell stdout: 
[INFO -- 2017-03-10 05:25:57]
shell stdout: 
[INFO -- 2017-03-10 05:25:57]
shell stdout: 
[INFO -- 2017-03-10 05:25:57]
shell stdout: 
[INFO -- 2017-03-10 05:25:57]
shell stdout: 
[INFO -- 2017-03-10 05:25:57]
shell stdout: 
[INFO -- 2017-03-10 05:25:57]
shell stdout: 
[INFO -- 2017-03-10 05:25:58]
shell stdout: 
[INFO -- 2017-03-10 05:25:58]
shell stdout: 
[INFO -- 2017-03-10 05:25:58]
shell stdout: 
[INFO -- 2017-03-10 05:25:58]
shell stdout: 
[INFO -- 2017-03-10 05:25:58]
shell stdout: 
[INFO -- 2017-03-10 05:25:58]
shell stdout: 
[INFO -- 2017-03-10 05:25:59]
shell stdout: 
[INFO -- 2017-03-10 05:25:59]
shell stdout: 
[INFO -- 2017-03-10 05:25:59]
shell stdout: 
[INFO -- 2017-03-10 05:25:59]
shell stdout: 
[INFO -- 2017-03-10 05:25:59]
shell stdout: 
[INFO -- 2017-03-10 05:25:59]
shell stdout: 
[INFO -- 2017-03-10 05:25:59]
shell stdout: 
[INFO -- 2017-03-10 05:25:59]
shell stdout: 
[INFO -- 2017-03-10 05:26:00]
shell stdout: 
[INFO -- 2017-03-10 05:26:00]
shell stdout: 
[INFO -- 2017-03-10 05:26:00]
shell stdout: 
[INFO -- 2017-03-10 05:26:00]
shell stdout: 
[INFO -- 2017-03-10 05:26:00]
shell stdout: 
[INFO -- 2017-03-10 05:26:00]
shell stdout: 
[INFO -- 2017-03-10 05:26:00]
shell stdout: 
[INFO -- 2017-03-10 05:26:01]
shell stdout: 
[INFO -- 2017-03-10 05:26:01]
shell stdout: 
[INFO -- 2017-03-10 05:26:01]
shell stdout: 
[INFO -- 2017-03-10 05:26:01]
shell stdout: 
[INFO -- 2017-03-10 05:26:02]
shell stdout: 
[INFO -- 2017-03-10 05:26:02]
shell stdout: 
[INFO -- 2017-03-10 05:26:02]
shell stdout: 
[INFO -- 2017-03-10 05:26:03]
shell stdout: 
[INFO -- 2017-03-10 05:26:33]
no gdbExecName running, out:
[INFO -- 2017-03-10 05:26:33]
checCmd:ps -e | grep -i gdb-mic
[INFO -- 2017-03-10 05:26:33]
finished now-timestampStart < maxWaitTime*5
[INFO -- 2017-03-10 05:26:33]
now: 1489141591
[INFO -- 2017-03-10 05:26:33]
timestampStart: 1489141546
[INFO -- 2017-03-10 05:26:33]
kill cmd: killall -9 gdb-mic
[INFO -- 2017-03-10 05:26:33]
shell stdout: 
[INFO -- 2017-03-10 05:26:33]
kill cmd: ssh -T mic0 killall -9 needle_check
[INFO -- 2017-03-10 05:26:33]
shell stdout: 
[INFO -- 2017-03-10 05:26:34]
kill cmd: ssh -T mic0 killall -9 gdbserver
[INFO -- 2017-03-10 05:26:34]
shell stdout: 
[INFO -- 2017-03-10 05:26:34]
kill cmd: ssh -T mic0 killall -9 sshd
[INFO -- 2017-03-10 05:26:34]
shell stdout: 
