[INFO -- 2017-03-19 19:18:51]
Starting GDB script
[INFO -- 2017-03-19 19:18:51]
initSignal:40.0
[INFO -- 2017-03-19 19:18:51]
endSignal:49.0
[INFO -- 2017-03-19 19:18:51]
seqSignal:20
[INFO -- 2017-03-19 19:19:31]
sending 20 signals using command: 'ssh -T mic0 killall -2 clamr_openmponly' after 40.1282459668s
[INFO -- 2017-03-19 19:19:32]
shell stdout: 
[INFO -- 2017-03-19 19:19:33]
shell stdout: 
[INFO -- 2017-03-19 19:19:33]
shell stdout: 
[INFO -- 2017-03-19 19:19:34]
shell stdout: 
[INFO -- 2017-03-19 19:19:34]
shell stdout: 
[INFO -- 2017-03-19 19:19:34]
shell stdout: 
[INFO -- 2017-03-19 19:19:35]
shell stdout: 
[INFO -- 2017-03-19 19:19:35]
shell stdout: 
[INFO -- 2017-03-19 19:19:36]
sending 20 signals using command: 'ssh -T mic0 killall -2 clamr_openmponly' after 44.3465663406s
[INFO -- 2017-03-19 19:19:36]
shell stdout: 
[INFO -- 2017-03-19 19:19:36]
shell stdout: 
[INFO -- 2017-03-19 19:19:36]
shell stdout: 
[INFO -- 2017-03-19 19:19:37]
shell stdout: 
[INFO -- 2017-03-19 19:19:37]
shell stdout: 
[INFO -- 2017-03-19 19:19:37]
shell stdout: 
[INFO -- 2017-03-19 19:19:37]
shell stdout: 
[INFO -- 2017-03-19 19:19:38]
shell stdout: 
[INFO -- 2017-03-19 19:19:38]
shell stdout: 
[INFO -- 2017-03-19 19:19:38]
shell stdout: 
[INFO -- 2017-03-19 19:19:38]
shell stdout: 
[INFO -- 2017-03-19 19:19:39]
shell stdout: 
[INFO -- 2017-03-19 19:19:39]
shell stdout: 
[INFO -- 2017-03-19 19:19:40]
shell stdout: 
[INFO -- 2017-03-19 19:19:40]
shell stdout: 
[INFO -- 2017-03-19 19:19:40]
shell stdout: 
[INFO -- 2017-03-19 19:19:40]
shell stdout: 
[INFO -- 2017-03-19 19:19:41]
shell stdout: 
[INFO -- 2017-03-19 19:19:41]
shell stdout: 
[INFO -- 2017-03-19 19:19:42]
shell stdout: 
[INFO -- 2017-03-19 19:19:42]
shell stdout: 
[INFO -- 2017-03-19 19:19:43]
shell stdout: 
[INFO -- 2017-03-19 19:19:43]
shell stdout: 
[INFO -- 2017-03-19 19:19:43]
shell stdout: 
[INFO -- 2017-03-19 19:19:44]
shell stdout: 
[INFO -- 2017-03-19 19:19:45]
shell stdout: 
[INFO -- 2017-03-19 19:19:45]
shell stdout: 
[INFO -- 2017-03-19 19:19:46]
shell stdout: 
[INFO -- 2017-03-19 19:19:47]
shell stdout: 
[INFO -- 2017-03-19 19:19:47]
shell stdout: 
[INFO -- 2017-03-19 19:19:48]
shell stdout: 
[INFO -- 2017-03-19 19:19:49]
shell stdout: 
[INFO -- 2017-03-19 19:23:10]
no gdbExecName running, out:
[INFO -- 2017-03-19 19:23:10]
checCmd:ps -e | grep -i gdb-mic
[INFO -- 2017-03-19 19:23:10]
finished now-timestampStart < maxWaitTime*5
[INFO -- 2017-03-19 19:23:10]
now: 1489965781
[INFO -- 2017-03-19 19:23:10]
timestampStart: 1489965531
[INFO -- 2017-03-19 19:23:10]
kill cmd: killall -9 gdb-mic
[INFO -- 2017-03-19 19:23:10]
shell stdout: 
[INFO -- 2017-03-19 19:23:11]
kill cmd: ssh -T mic0 killall -9 clamr_openmponly
[INFO -- 2017-03-19 19:23:11]
shell stdout: 
[INFO -- 2017-03-19 19:23:11]
kill cmd: ssh -T mic0 killall -9 gdbserver
[INFO -- 2017-03-19 19:23:11]
shell stdout: 
[INFO -- 2017-03-19 19:23:12]
kill cmd: ssh -T mic0 killall -9 sshd
[INFO -- 2017-03-19 19:23:12]
shell stdout: 
