2017-01-19 08:49:14:Starting GDB script
2017-01-19 08:49:14:initSignal:7.0
2017-01-19 08:49:14:endSignal:14.0
2017-01-19 08:49:14:seqSignal:15
2017-01-19 08:49:23:sending 15 signals using command: 'ssh -T mic1 killall -2 dgemm_check' after 8.27526518395s
2017-01-19 08:49:23:shell stdout: 
2017-01-19 08:49:24:shell stdout: 
2017-01-19 08:49:24:shell stdout: 
2017-01-19 08:49:25:shell stdout: 
2017-01-19 08:49:25:shell stdout: 
2017-01-19 08:49:26:shell stdout: 
2017-01-19 08:49:26:shell stdout: 
2017-01-19 08:49:27:sending 15 signals using command: 'ssh -T mic1 killall -2 dgemm_check' after 12.4277618112s
2017-01-19 08:49:27:shell stdout: 
2017-01-19 08:49:27:shell stdout: 
2017-01-19 08:49:27:sending 15 signals using command: 'ssh -T mic1 killall -2 dgemm_check' after 13.1475775032s
2017-01-19 08:49:28:shell stdout: 
2017-01-19 08:49:28:shell stdout: 
2017-01-19 08:49:28:shell stdout: 
2017-01-19 08:49:28:shell stdout: 
2017-01-19 08:49:29:shell stdout: 
2017-01-19 08:49:29:shell stdout: 
2017-01-19 08:49:29:shell stdout: 
2017-01-19 08:49:29:shell stdout: 
2017-01-19 08:49:29:shell stdout: 
2017-01-19 08:49:29:shell stdout: 
2017-01-19 08:49:30:shell stdout: 
2017-01-19 08:49:30:shell stdout: 
2017-01-19 08:49:30:shell stdout: 
2017-01-19 08:49:30:shell stdout: 
2017-01-19 08:49:30:shell stdout: 
2017-01-19 08:49:31:shell stdout: 
2017-01-19 08:49:31:shell stdout: 
2017-01-19 08:49:31:shell stdout: 
2017-01-19 08:49:31:shell stdout: 
2017-01-19 08:49:31:shell stdout: 
2017-01-19 08:49:32:shell stdout: 
2017-01-19 08:49:32:shell stdout: 
2017-01-19 08:49:32:shell stdout: 
2017-01-19 08:49:33:shell stdout: 
2017-01-19 08:49:33:shell stdout: 
2017-01-19 08:49:33:shell stdout: 
2017-01-19 08:49:33:shell stdout: 
2017-01-19 08:49:34:shell stdout: 
2017-01-19 08:49:34:shell stdout: 
2017-01-19 08:49:34:shell stdout: 
2017-01-19 08:49:35:shell stdout: 
2017-01-19 08:49:35:shell stdout: 
2017-01-19 08:49:35:shell stdout: 
2017-01-19 08:49:36:shell stdout: 
2017-01-19 08:49:36:shell stdout: 
2017-01-19 08:49:36:shell stdout: 
2017-01-19 08:50:34:no gdbExecName running, out:
2017-01-19 08:50:34:checCmd:ps -e | grep -i gdb-mic
2017-01-19 08:50:34:finished now-timestampStart < maxWaitTime*5
2017-01-19 08:50:34:now: 1484833825
2017-01-19 08:50:34:timestampStart: 1484833754
2017-01-19 08:50:34:kill cmd: killall -9 gdb-mic
2017-01-19 08:50:34:shell stdout: 
2017-01-19 08:50:34:kill cmd: ssh -T mic1 killall -9 dgemm_check
2017-01-19 08:50:34:shell stdout: 
2017-01-19 08:50:35:kill cmd: ssh -T mic1 killall -9 gdbserver
2017-01-19 08:50:35:shell stdout: 
2017-01-19 08:50:35:kill cmd: ssh -T mic1 killall -9 sshd
2017-01-19 08:50:35:shell stdout: 
