2016-10-14 08:11:49:Starting GDB script
2016-10-14 08:11:49:sending signal using command: 'ssh -T mic0 killall -2 needle_check' after 0.211149601833s
2016-10-14 08:11:49:shell stdout: 
2016-10-14 08:11:50:sending signal using command: 'ssh -T mic0 killall -2 needle_check' after 1.37139047894s
2016-10-14 08:11:50:shell stdout: 
2016-10-14 08:11:51:sending signal using command: 'ssh -T mic0 killall -2 needle_check' after 2.41164485797s
2016-10-14 08:11:51:shell stdout: 
2016-10-14 08:11:52:sending signal using command: 'ssh -T mic0 killall -2 needle_check' after 2.94199799508s
2016-10-14 08:11:52:shell stdout: 
2016-10-14 08:11:53:sending signal using command: 'ssh -T mic0 killall -2 needle_check' after 3.73456866288s
2016-10-14 08:11:53:shell stdout: 
2016-10-14 08:11:58:sending signal using command: 'ssh -T mic0 killall -2 needle_check' after 9.39432359639s
2016-10-14 08:11:58:shell stdout: 
2016-10-14 08:12:00:sending signal using command: 'ssh -T mic0 killall -2 needle_check' after 10.6925506241s
2016-10-14 08:12:00:shell stdout: 
2016-10-14 08:12:00:sending signal using command: 'ssh -T mic0 killall -2 needle_check' after 11.125558397s
2016-10-14 08:12:00:shell stdout: 
2016-10-14 08:12:03:sending signal using command: 'ssh -T mic0 killall -2 needle_check' after 14.0361992678s
2016-10-14 08:12:03:shell stdout: 
2016-10-14 08:12:05:sending signal using command: 'ssh -T mic0 killall -2 needle_check' after 16.0883814495s
2016-10-14 08:12:05:shell stdout: 
2016-10-14 08:12:08:no gdbExecName running, out:
2016-10-14 08:12:08:checCmd:ps -e | grep -i gdb-mic
2016-10-14 08:12:08:finished now-timestampStart < maxWaitTime*5
2016-10-14 08:12:08:now: 1476447127
2016-10-14 08:12:08:timestampStart: 1476447109
2016-10-14 08:12:08:kill cmd: killall -9 gdb-mic
2016-10-14 08:12:08:shell stdout: 
2016-10-14 08:12:08:kill cmd: ssh -T mic0 killall -9 needle_check
2016-10-14 08:12:08:shell stdout: 
2016-10-14 08:12:09:kill cmd: ssh -T mic0 killall -9 gdbserver
2016-10-14 08:12:09:shell stdout: 
2016-10-14 08:12:09:kill cmd: ssh -T mic0 killall -9 sshd
2016-10-14 08:12:09:shell stdout: 
