[INFO -- 2017-02-26 12:36:14]
Starting GDB script
[INFO -- 2017-02-26 12:36:14]
initSignal:0.0
[INFO -- 2017-02-26 12:36:14]
endSignal:3.0
[INFO -- 2017-02-26 12:36:14]
seqSignal:15
[INFO -- 2017-02-26 12:36:15]
sending 15 signals using command: 'ssh -T mic1 killall -2 hotspot_check' after 1.09963171143s
[INFO -- 2017-02-26 12:36:15]
shell stdout: 
[INFO -- 2017-02-26 12:36:16]
sending 15 signals using command: 'ssh -T mic1 killall -2 hotspot_check' after 1.80038169431s
[INFO -- 2017-02-26 12:36:16]
shell stdout: 
[INFO -- 2017-02-26 12:36:16]
shell stdout: 
[INFO -- 2017-02-26 12:36:16]
sending 15 signals using command: 'ssh -T mic1 killall -2 hotspot_check' after 2.32715512586s
[INFO -- 2017-02-26 12:36:16]
shell stdout: 
[INFO -- 2017-02-26 12:36:17]
shell stdout: 
[INFO -- 2017-02-26 12:36:17]
shell stdout: 
[INFO -- 2017-02-26 12:36:17]
shell stdout: 
[INFO -- 2017-02-26 12:36:17]
shell stdout: 
[INFO -- 2017-02-26 12:36:17]
shell stdout: 
[INFO -- 2017-02-26 12:36:17]
shell stdout: 
[INFO -- 2017-02-26 12:36:17]
shell stdout: 
[INFO -- 2017-02-26 12:36:17]
shell stdout: 
[INFO -- 2017-02-26 12:36:18]
shell stdout: 
[INFO -- 2017-02-26 12:36:18]
shell stdout: 
[INFO -- 2017-02-26 12:36:18]
shell stdout: 
[INFO -- 2017-02-26 12:36:18]
shell stdout: 
[INFO -- 2017-02-26 12:36:18]
shell stdout: 
[INFO -- 2017-02-26 12:36:18]
shell stdout: 
[INFO -- 2017-02-26 12:36:18]
shell stdout: 
[INFO -- 2017-02-26 12:36:19]
shell stdout: 
[INFO -- 2017-02-26 12:36:19]
shell stdout: 
[INFO -- 2017-02-26 12:36:19]
shell stdout: 
[INFO -- 2017-02-26 12:36:19]
shell stdout: 
[INFO -- 2017-02-26 12:36:19]
shell stdout: 
[INFO -- 2017-02-26 12:36:19]
shell stdout: 
[INFO -- 2017-02-26 12:36:20]
shell stdout: 
[INFO -- 2017-02-26 12:36:20]
shell stdout: 
[INFO -- 2017-02-26 12:36:20]
shell stdout: 
[INFO -- 2017-02-26 12:36:20]
shell stdout: 
[INFO -- 2017-02-26 12:36:20]
shell stdout: 
[INFO -- 2017-02-26 12:36:20]
shell stdout: 
[INFO -- 2017-02-26 12:36:20]
shell stdout: 
[INFO -- 2017-02-26 12:36:20]
shell stdout: 
[INFO -- 2017-02-26 12:36:20]
shell stdout: 
[INFO -- 2017-02-26 12:36:21]
shell stdout: 
[INFO -- 2017-02-26 12:36:21]
shell stdout: 
[INFO -- 2017-02-26 12:36:21]
shell stdout: 
[INFO -- 2017-02-26 12:36:21]
shell stdout: 
[INFO -- 2017-02-26 12:36:21]
shell stdout: 
[INFO -- 2017-02-26 12:36:21]
shell stdout: 
[INFO -- 2017-02-26 12:36:22]
shell stdout: 
[INFO -- 2017-02-26 12:36:22]
shell stdout: 
[INFO -- 2017-02-26 12:36:22]
shell stdout: 
[INFO -- 2017-02-26 12:36:22]
shell stdout: 
[INFO -- 2017-02-26 12:36:23]
shell stdout: 
[INFO -- 2017-02-26 12:37:16]
no gdbExecName running, out:
[INFO -- 2017-02-26 12:37:16]
checCmd:ps -e | grep -i gdb-mic
[INFO -- 2017-02-26 12:37:16]
finished now-timestampStart < maxWaitTime*5
[INFO -- 2017-02-26 12:37:16]
now: 1488130635
[INFO -- 2017-02-26 12:37:16]
timestampStart: 1488130574
[INFO -- 2017-02-26 12:37:17]
kill cmd: killall -9 gdb-mic
[INFO -- 2017-02-26 12:37:17]
shell stdout: 
[INFO -- 2017-02-26 12:37:17]
kill cmd: ssh -T mic1 killall -9 hotspot_check
[INFO -- 2017-02-26 12:37:17]
shell stdout: 
[INFO -- 2017-02-26 12:37:17]
kill cmd: ssh -T mic1 killall -9 gdbserver
[INFO -- 2017-02-26 12:37:17]
shell stdout: 
[INFO -- 2017-02-26 12:37:18]
kill cmd: ssh -T mic1 killall -9 sshd
[INFO -- 2017-02-26 12:37:18]
shell stdout: 
