2017-01-25 17:21:59:Starting GDB script
2017-01-25 17:21:59:initSignal:0.0
2017-01-25 17:21:59:endSignal:7.0
2017-01-25 17:21:59:seqSignal:15
2017-01-25 17:22:00:sending 15 signals using command: 'ssh -T mic1 killall -2 dgemm_check' after 0.76080284795s
2017-01-25 17:22:00:shell stdout: 
2017-01-25 17:22:00:shell stdout: 
2017-01-25 17:22:01:shell stdout: 
2017-01-25 17:22:01:shell stdout: 
2017-01-25 17:22:01:shell stdout: 
2017-01-25 17:22:02:shell stdout: 
2017-01-25 17:22:02:shell stdout: 
2017-01-25 17:22:03:shell stdout: 
2017-01-25 17:22:03:shell stdout: 
2017-01-25 17:22:03:shell stdout: 
2017-01-25 17:22:04:shell stdout: 
2017-01-25 17:22:04:shell stdout: 
2017-01-25 17:22:05:sending 15 signals using command: 'ssh -T mic1 killall -2 dgemm_check' after 5.74309167248s
2017-01-25 17:22:05:shell stdout: 
2017-01-25 17:22:05:shell stdout: 
2017-01-25 17:22:05:shell stdout: 
2017-01-25 17:22:05:sending 15 signals using command: 'ssh -T mic1 killall -2 dgemm_check' after 6.42361668749s
2017-01-25 17:22:05:shell stdout: 
2017-01-25 17:22:05:shell stdout: 
2017-01-25 17:22:06:shell stdout: 
2017-01-25 17:22:06:shell stdout: 
2017-01-25 17:22:06:shell stdout: 
2017-01-25 17:22:06:shell stdout: 
2017-01-25 17:22:07:shell stdout: 
2017-01-25 17:22:07:shell stdout: 
2017-01-25 17:22:07:shell stdout: 
2017-01-25 17:22:07:shell stdout: 
2017-01-25 17:22:08:shell stdout: 
2017-01-25 17:22:08:shell stdout: 
2017-01-25 17:22:09:shell stdout: 
2017-01-25 17:22:09:shell stdout: 
2017-01-25 17:22:09:shell stdout: 
2017-01-25 17:22:09:shell stdout: 
2017-01-25 17:22:10:shell stdout: 
2017-01-25 17:22:10:shell stdout: 
2017-01-25 17:22:11:shell stdout: 
2017-01-25 17:22:11:shell stdout: 
2017-01-25 17:22:11:shell stdout: 
2017-01-25 17:22:11:shell stdout: 
2017-01-25 17:22:12:shell stdout: 
2017-01-25 17:22:12:shell stdout: 
2017-01-25 17:22:13:shell stdout: 
2017-01-25 17:22:13:shell stdout: 
2017-01-25 17:22:14:shell stdout: 
2017-01-25 17:22:14:shell stdout: 
2017-01-25 17:22:14:shell stdout: 
2017-01-25 17:22:15:shell stdout: 
2017-01-25 17:23:27:no gdbExecName running, out:
2017-01-25 17:23:27:checCmd:ps -e | grep -i gdb-mic
2017-01-25 17:23:27:finished now-timestampStart < maxWaitTime*5
2017-01-25 17:23:27:now: 1485382998
2017-01-25 17:23:27:timestampStart: 1485382919
2017-01-25 17:23:27:kill cmd: killall -9 gdb-mic
2017-01-25 17:23:27:shell stdout: 
2017-01-25 17:23:28:kill cmd: ssh -T mic1 killall -9 dgemm_check
2017-01-25 17:23:28:shell stdout: 
2017-01-25 17:23:28:kill cmd: ssh -T mic1 killall -9 gdbserver
2017-01-25 17:23:28:shell stdout: 
2017-01-25 17:23:28:kill cmd: ssh -T mic1 killall -9 sshd
2017-01-25 17:23:28:shell stdout: 
