2016-11-01 06:23:47:Initialization strings:
2016-11-01 06:23:47:(1) target extended-remote | ssh -T mic0 gdbserver --multi -
2016-11-01 06:23:47:(2) set sysroot /opt/mpss/3.7/sysroots/k1om-mpss-linux/
2016-11-01 06:23:47:(3) set sysroot /opt/mpss/3.7/sysroots/k1om-mpss-linux/
2016-11-01 06:23:47:(4) file /micNfs/gdb-fault-injection-lavamd/bin/lavamd
2016-11-01 06:23:47:(5) set remote exec-file /micNfs/gdb-fault-injection-lavamd/bin/lavamd
2016-11-01 06:23:47:(6) set args 228 15 /micNfs/gdb-fault-injection-lavamd/bin/input_distance_228_15 /micNfs/gdb-fault-injection-lavamd/bin/input_charges_228_15 /micNfs/gdb-fault-injection-lavamd/bin/output_gold_228_15 1
2016-11-01 06:23:47:Trying Fault Injection
2016-11-01 06:23:47:Inferior PID: 57262
2016-11-01 06:23:47:Inferior is valid: True
2016-11-01 06:23:47:Inferior #threads: 1
2016-11-01 06:23:47:Backtrace BEGIN:
2016-11-01 06:23:47:#0  __GI__dl_debug_state () at dl-debug.c:74
#1  0x00007ffff7de084c in dl_main (phdr=<optimized out>, phnum=<optimized out>, user_entry=<optimized out>, auxv=<optimized out>) at rtld.c:2170
#2  0x00007ffff7df2548 in _dl_sysdep_start (start_argptr=start_argptr@entry=0x7fffffffec00, dl_main=dl_main@entry=0x7ffff7dde840 <dl_main>) at ../elf/dl-sysdep.c:249
#3  0x00007ffff7de1c6a in _dl_start_final (arg=0x7fffffffec00) at rtld.c:308
#4  _dl_start (arg=0x7fffffffec00) at rtld.c:414
#5  0x00007ffff7dddbc8 in _start () from /opt/mpss/3.7/sysroots/k1om-mpss-linux/lib64/ld-linux-k1om.so.2
#6  0x0000000000000007 in ?? ()
#7  0x00007fffffffedf0 in ?? ()
#8  0x00007fffffffee1e in ?? ()
#9  0x00007fffffffee22 in ?? ()
#10 0x00007fffffffee25 in ?? ()
#11 0x00007fffffffee62 in ?? ()
#12 0x00007fffffffee9e in ?? ()
#13 0x00007fffffffeed8 in ?? ()
#14 0x0000000000000000 in ?? ()

2016-11-01 06:23:47:69	in dl-debug.c

2016-11-01 06:23:47:Backtrace END
2016-11-01 06:23:48:Thread name: None
2016-11-01 06:23:48:Thread num: 1
2016-11-01 06:23:48:Thread ptid: (57262, 57262, 0)
2016-11-01 06:23:48:bitFlip function
2016-11-01 06:23:48:Type: The type is an integer type.
2016-11-01 06:23:48:Type sizeof: 4
2016-11-01 06:23:48:Mem contents(hex):0x070x000x000x00
2016-11-01 06:23:48:base address to flip value: 0x7ffff7ffcca8 
2016-11-01 06:23:48:address max offset: 4
2016-11-01 06:23:48:Memory content before bitflip:0x070x000x000x00
2016-11-01 06:23:48:Memory content after  bitflip:0x070x040x000x00
2016-11-01 06:23:48:Mem contents(hex):0x070x040x000x00
2016-11-01 06:23:48:frame name: _dl_start
2016-11-01 06:23:48:symbol name: _dl_argc
2016-11-01 06:23:48:symbol filename: rtld.c
2016-11-01 06:23:48:symbol line: 82
2016-11-01 06:23:48:value: 1031
2016-11-01 06:23:48:value address: 0x7ffff7ffcca8 <_dl_argc>
2016-11-01 06:23:48:Type: The type is an integer type.
2016-11-01 06:23:48:Type sizeof: 4
2016-11-01 06:23:48:Fault Injection Successful after 1.09890794754s
2016-11-01 06:23:48:Fault Already Injected
2016-11-01 06:23:52:Fault Already Injected
2016-11-01 06:23:52:Fault Already Injected
2016-11-01 06:23:53:Fault Already Injected
2016-11-01 06:23:54:Fault Already Injected
2016-11-01 06:23:55:Fault Already Injected
2016-11-01 06:23:56:Fault Already Injected
2016-11-01 06:23:56:Fault Already Injected
2016-11-01 06:23:57:Fault Already Injected
2016-11-01 06:23:58:event type: exit
2016-11-01 06:23:58:exit code: 0
