[INFO -- 2017-03-27 01:26:58]
Starting GDB script
[INFO -- 2017-03-27 01:26:58]
initSignal:0.0
[INFO -- 2017-03-27 01:26:58]
endSignal:3.0
[INFO -- 2017-03-27 01:26:58]
seqSignal:30
[INFO -- 2017-03-27 01:26:59]
sending 30 signals using command: 'ssh -T mic0 killall -2 lavamd_check' after 0.837893910534s
[INFO -- 2017-03-27 01:27:00]
shell stdout: 
[INFO -- 2017-03-27 01:27:00]
shell stdout: 
[INFO -- 2017-03-27 01:27:00]
sending 30 signals using command: 'ssh -T mic0 killall -2 lavamd_check' after 1.58863923773s
[INFO -- 2017-03-27 01:27:00]
shell stdout: 
[INFO -- 2017-03-27 01:27:00]
shell stdout: 
[INFO -- 2017-03-27 01:27:01]
sending 30 signals using command: 'ssh -T mic0 killall -2 lavamd_check' after 2.19089232805s
[INFO -- 2017-03-27 01:27:01]
shell stdout: 
[INFO -- 2017-03-27 01:27:01]
shell stdout: 
[INFO -- 2017-03-27 01:27:01]
shell stdout: 
[INFO -- 2017-03-27 01:27:01]
shell stdout: 
[INFO -- 2017-03-27 01:27:01]
shell stdout: 
[INFO -- 2017-03-27 01:27:01]
shell stdout: 
[INFO -- 2017-03-27 01:27:02]
shell stdout: 
[INFO -- 2017-03-27 01:27:02]
shell stdout: 
[INFO -- 2017-03-27 01:27:02]
shell stdout: 
[INFO -- 2017-03-27 01:27:02]
shell stdout: 
[INFO -- 2017-03-27 01:27:02]
shell stdout: 
[INFO -- 2017-03-27 01:27:03]
shell stdout: 
[INFO -- 2017-03-27 01:27:03]
shell stdout: 
[INFO -- 2017-03-27 01:27:03]
shell stdout: 
[INFO -- 2017-03-27 01:27:03]
shell stdout: 
[INFO -- 2017-03-27 01:27:04]
shell stdout: 
[INFO -- 2017-03-27 01:27:04]
shell stdout: 
[INFO -- 2017-03-27 01:27:04]
shell stdout: 
[INFO -- 2017-03-27 01:27:04]
shell stdout: 
[INFO -- 2017-03-27 01:27:04]
shell stdout: 
[INFO -- 2017-03-27 01:27:04]
shell stdout: 
[INFO -- 2017-03-27 01:27:05]
shell stdout: 
[INFO -- 2017-03-27 01:27:05]
shell stdout: 
[INFO -- 2017-03-27 01:27:05]
shell stdout: 
[INFO -- 2017-03-27 01:27:06]
shell stdout: 
[INFO -- 2017-03-27 01:27:06]
shell stdout: 
[INFO -- 2017-03-27 01:27:06]
shell stdout: 
[INFO -- 2017-03-27 01:27:07]
shell stdout: 
[INFO -- 2017-03-27 01:27:07]
shell stdout: 
[INFO -- 2017-03-27 01:27:07]
shell stdout: 
[INFO -- 2017-03-27 01:27:07]
shell stdout: 
[INFO -- 2017-03-27 01:27:07]
shell stdout: 
[INFO -- 2017-03-27 01:27:07]
shell stdout: 
[INFO -- 2017-03-27 01:27:08]
shell stdout: 
[INFO -- 2017-03-27 01:27:08]
shell stdout: 
[INFO -- 2017-03-27 01:27:08]
shell stdout: 
[INFO -- 2017-03-27 01:27:09]
shell stdout: 
[INFO -- 2017-03-27 01:27:09]
shell stdout: 
[INFO -- 2017-03-27 01:27:09]
shell stdout: 
[INFO -- 2017-03-27 01:27:09]
shell stdout: 
[INFO -- 2017-03-27 01:27:09]
shell stdout: 
[INFO -- 2017-03-27 01:27:09]
shell stdout: 
[INFO -- 2017-03-27 01:27:10]
shell stdout: 
[INFO -- 2017-03-27 01:27:10]
shell stdout: 
[INFO -- 2017-03-27 01:27:10]
shell stdout: 
[INFO -- 2017-03-27 01:27:11]
shell stdout: 
[INFO -- 2017-03-27 01:27:11]
shell stdout: 
[INFO -- 2017-03-27 01:27:11]
shell stdout: 
[INFO -- 2017-03-27 01:27:11]
shell stdout: 
[INFO -- 2017-03-27 01:27:11]
shell stdout: 
[INFO -- 2017-03-27 01:27:11]
shell stdout: 
[INFO -- 2017-03-27 01:27:12]
shell stdout: 
[INFO -- 2017-03-27 01:27:12]
shell stdout: 
[INFO -- 2017-03-27 01:27:12]
shell stdout: 
[INFO -- 2017-03-27 01:27:12]
shell stdout: 
[INFO -- 2017-03-27 01:27:12]
shell stdout: 
[INFO -- 2017-03-27 01:27:12]
shell stdout: 
[INFO -- 2017-03-27 01:27:13]
shell stdout: 
[INFO -- 2017-03-27 01:27:13]
shell stdout: 
[INFO -- 2017-03-27 01:27:13]
shell stdout: 
[INFO -- 2017-03-27 01:27:13]
shell stdout: 
[INFO -- 2017-03-27 01:27:13]
shell stdout: 
[INFO -- 2017-03-27 01:27:13]
shell stdout: 
[INFO -- 2017-03-27 01:27:14]
shell stdout: 
[INFO -- 2017-03-27 01:27:14]
shell stdout: 
[INFO -- 2017-03-27 01:27:14]
shell stdout: 
[INFO -- 2017-03-27 01:27:14]
shell stdout: 
[INFO -- 2017-03-27 01:27:14]
shell stdout: 
[INFO -- 2017-03-27 01:27:14]
shell stdout: 
[INFO -- 2017-03-27 01:27:14]
shell stdout: 
[INFO -- 2017-03-27 01:27:14]
shell stdout: 
[INFO -- 2017-03-27 01:27:14]
shell stdout: 
[INFO -- 2017-03-27 01:27:15]
shell stdout: 
[INFO -- 2017-03-27 01:27:15]
shell stdout: 
[INFO -- 2017-03-27 01:27:15]
shell stdout: 
[INFO -- 2017-03-27 01:27:15]
shell stdout: 
[INFO -- 2017-03-27 01:27:15]
shell stdout: 
[INFO -- 2017-03-27 01:27:15]
shell stdout: 
[INFO -- 2017-03-27 01:27:16]
shell stdout: 
[INFO -- 2017-03-27 01:27:16]
shell stdout: 
[INFO -- 2017-03-27 01:27:16]
shell stdout: 
[INFO -- 2017-03-27 01:27:16]
shell stdout: 
[INFO -- 2017-03-27 01:27:16]
shell stdout: 
[INFO -- 2017-03-27 01:27:16]
shell stdout: 
[INFO -- 2017-03-27 01:27:17]
shell stdout: 
[INFO -- 2017-03-27 01:27:17]
shell stdout: 
[INFO -- 2017-03-27 01:27:23]
no gdbExecName running, out:
[INFO -- 2017-03-27 01:27:23]
checCmd:ps -e | grep -i gdb-mic
[INFO -- 2017-03-27 01:27:23]
finished now-timestampStart < maxWaitTime*5
[INFO -- 2017-03-27 01:27:23]
now: 1490578042
[INFO -- 2017-03-27 01:27:23]
timestampStart: 1490578018
[INFO -- 2017-03-27 01:27:23]
kill cmd: killall -9 gdb-mic
[INFO -- 2017-03-27 01:27:23]
shell stdout: 
[INFO -- 2017-03-27 01:27:23]
kill cmd: ssh -T mic0 killall -9 lavamd_check
[INFO -- 2017-03-27 01:27:23]
shell stdout: 
[INFO -- 2017-03-27 01:27:24]
kill cmd: ssh -T mic0 killall -9 gdbserver
[INFO -- 2017-03-27 01:27:24]
shell stdout: 
[INFO -- 2017-03-27 01:27:24]
kill cmd: ssh -T mic0 killall -9 sshd
[INFO -- 2017-03-27 01:27:24]
shell stdout: 
