[INFO -- 2017-03-09 03:15:48]
Starting GDB script
[INFO -- 2017-03-09 03:15:48]
initSignal:8.0
[INFO -- 2017-03-09 03:15:48]
endSignal:12.0
[INFO -- 2017-03-09 03:15:48]
seqSignal:30
[INFO -- 2017-03-09 03:15:57]
sending 30 signals using command: 'ssh -T mic0 killall -2 needle_check' after 8.5518785802s
[INFO -- 2017-03-09 03:15:57]
sending 30 signals using command: 'ssh -T mic0 killall -2 needle_check' after 8.78345487988s
[INFO -- 2017-03-09 03:15:57]
shell stdout: 
[INFO -- 2017-03-09 03:15:57]
shell stdout: 
[INFO -- 2017-03-09 03:15:58]
shell stdout: 
[INFO -- 2017-03-09 03:15:58]
shell stdout: 
[INFO -- 2017-03-09 03:15:58]
shell stdout: 
[INFO -- 2017-03-09 03:15:58]
shell stdout: 
[INFO -- 2017-03-09 03:15:58]
shell stdout: 
[INFO -- 2017-03-09 03:15:59]
shell stdout: 
[INFO -- 2017-03-09 03:15:59]
sending 30 signals using command: 'ssh -T mic0 killall -2 needle_check' after 10.4815276477s
[INFO -- 2017-03-09 03:15:59]
shell stdout: 
[INFO -- 2017-03-09 03:15:59]
shell stdout: 
[INFO -- 2017-03-09 03:15:59]
shell stdout: 
[INFO -- 2017-03-09 03:15:59]
shell stdout: 
[INFO -- 2017-03-09 03:15:59]
shell stdout: 
[INFO -- 2017-03-09 03:15:59]
shell stdout: 
[INFO -- 2017-03-09 03:16:00]
shell stdout: 
[INFO -- 2017-03-09 03:16:00]
shell stdout: 
[INFO -- 2017-03-09 03:16:00]
shell stdout: 
[INFO -- 2017-03-09 03:16:00]
shell stdout: 
[INFO -- 2017-03-09 03:16:00]
shell stdout: 
[INFO -- 2017-03-09 03:16:00]
shell stdout: 
[INFO -- 2017-03-09 03:16:00]
shell stdout: 
[INFO -- 2017-03-09 03:16:01]
shell stdout: 
[INFO -- 2017-03-09 03:16:01]
shell stdout: 
[INFO -- 2017-03-09 03:16:01]
shell stdout: 
[INFO -- 2017-03-09 03:16:01]
shell stdout: 
[INFO -- 2017-03-09 03:16:01]
shell stdout: 
[INFO -- 2017-03-09 03:16:01]
shell stdout: 
[INFO -- 2017-03-09 03:16:02]
shell stdout: 
[INFO -- 2017-03-09 03:16:02]
shell stdout: 
[INFO -- 2017-03-09 03:16:02]
shell stdout: 
[INFO -- 2017-03-09 03:16:02]
shell stdout: 
[INFO -- 2017-03-09 03:16:02]
shell stdout: 
[INFO -- 2017-03-09 03:16:02]
shell stdout: 
[INFO -- 2017-03-09 03:16:02]
shell stdout: 
[INFO -- 2017-03-09 03:16:02]
shell stdout: 
[INFO -- 2017-03-09 03:16:02]
shell stdout: 
[INFO -- 2017-03-09 03:16:03]
shell stdout: 
[INFO -- 2017-03-09 03:16:03]
shell stdout: 
[INFO -- 2017-03-09 03:16:03]
shell stdout: 
[INFO -- 2017-03-09 03:16:03]
shell stdout: 
[INFO -- 2017-03-09 03:16:03]
shell stdout: 
[INFO -- 2017-03-09 03:16:03]
shell stdout: 
[INFO -- 2017-03-09 03:16:04]
shell stdout: 
[INFO -- 2017-03-09 03:16:04]
shell stdout: 
[INFO -- 2017-03-09 03:16:04]
shell stdout: 
[INFO -- 2017-03-09 03:16:04]
shell stdout: 
[INFO -- 2017-03-09 03:16:04]
shell stdout: 
[INFO -- 2017-03-09 03:16:04]
shell stdout: 
[INFO -- 2017-03-09 03:16:04]
shell stdout: 
[INFO -- 2017-03-09 03:16:05]
shell stdout: 
[INFO -- 2017-03-09 03:16:05]
shell stdout: 
[INFO -- 2017-03-09 03:16:05]
shell stdout: 
[INFO -- 2017-03-09 03:16:05]
shell stdout: 
[INFO -- 2017-03-09 03:16:05]
shell stdout: 
[INFO -- 2017-03-09 03:16:05]
shell stdout: 
[INFO -- 2017-03-09 03:16:05]
shell stdout: 
[INFO -- 2017-03-09 03:16:05]
shell stdout: 
[INFO -- 2017-03-09 03:16:06]
shell stdout: 
[INFO -- 2017-03-09 03:16:06]
shell stdout: 
[INFO -- 2017-03-09 03:16:06]
shell stdout: 
[INFO -- 2017-03-09 03:16:06]
shell stdout: 
[INFO -- 2017-03-09 03:16:06]
shell stdout: 
[INFO -- 2017-03-09 03:16:06]
shell stdout: 
[INFO -- 2017-03-09 03:16:06]
shell stdout: 
[INFO -- 2017-03-09 03:16:07]
shell stdout: 
[INFO -- 2017-03-09 03:16:07]
shell stdout: 
[INFO -- 2017-03-09 03:16:07]
shell stdout: 
[INFO -- 2017-03-09 03:16:07]
shell stdout: 
[INFO -- 2017-03-09 03:16:07]
shell stdout: 
[INFO -- 2017-03-09 03:16:07]
shell stdout: 
[INFO -- 2017-03-09 03:16:07]
shell stdout: 
[INFO -- 2017-03-09 03:16:08]
shell stdout: 
[INFO -- 2017-03-09 03:16:08]
shell stdout: 
[INFO -- 2017-03-09 03:16:08]
shell stdout: 
[INFO -- 2017-03-09 03:16:08]
shell stdout: 
[INFO -- 2017-03-09 03:16:08]
shell stdout: 
[INFO -- 2017-03-09 03:16:08]
shell stdout: 
[INFO -- 2017-03-09 03:16:08]
shell stdout: 
[INFO -- 2017-03-09 03:16:08]
shell stdout: 
[INFO -- 2017-03-09 03:16:09]
shell stdout: 
[INFO -- 2017-03-09 03:16:09]
shell stdout: 
[INFO -- 2017-03-09 03:16:09]
shell stdout: 
[INFO -- 2017-03-09 03:16:09]
shell stdout: 
[INFO -- 2017-03-09 03:16:09]
shell stdout: 
[INFO -- 2017-03-09 03:16:09]
shell stdout: 
[INFO -- 2017-03-09 03:16:10]
shell stdout: 
[INFO -- 2017-03-09 03:16:10]
shell stdout: 
[INFO -- 2017-03-09 03:16:10]
shell stdout: 
[INFO -- 2017-03-09 03:16:11]
shell stdout: 
[INFO -- 2017-03-09 03:16:11]
shell stdout: 
[INFO -- 2017-03-09 03:16:31]
no gdbExecName running, out:
[INFO -- 2017-03-09 03:16:31]
checCmd:ps -e | grep -i gdb-mic
[INFO -- 2017-03-09 03:16:31]
finished now-timestampStart < maxWaitTime*5
[INFO -- 2017-03-09 03:16:31]
now: 1489047390
[INFO -- 2017-03-09 03:16:31]
timestampStart: 1489047348
[INFO -- 2017-03-09 03:16:31]
kill cmd: killall -9 gdb-mic
[INFO -- 2017-03-09 03:16:31]
shell stdout: 
[INFO -- 2017-03-09 03:16:32]
kill cmd: ssh -T mic0 killall -9 needle_check
[INFO -- 2017-03-09 03:16:32]
shell stdout: 
[INFO -- 2017-03-09 03:16:32]
kill cmd: ssh -T mic0 killall -9 gdbserver
[INFO -- 2017-03-09 03:16:32]
shell stdout: 
[INFO -- 2017-03-09 03:16:33]
kill cmd: ssh -T mic0 killall -9 sshd
[INFO -- 2017-03-09 03:16:33]
shell stdout: 
