[INFO -- 2017-03-17 10:43:39]
Starting flip_value script
version: 2.0
[INFO -- 2017-03-17 10:43:39]
Initialization strings:
[INFO -- 2017-03-17 10:43:39]
(1) target extended-remote | ssh -T mic0 gdbserver --multi -
[INFO -- 2017-03-17 10:43:39]
(2) set sysroot /opt/mpss/3.7/sysroots/k1om-mpss-linux/
[INFO -- 2017-03-17 10:43:39]
(3) set sysroot /opt/mpss/3.7/sysroots/k1om-mpss-linux/
[INFO -- 2017-03-17 10:43:40]
(4) file /micNfs/gdb-fault-injection/injector/bin/clamr/clamr_openmponly
[INFO -- 2017-03-17 10:43:40]
(5) set remote exec-file /micNfs/gdb-fault-injection/injector/bin/clamr/clamr_openmponly
[INFO -- 2017-03-17 10:43:40]
(6) cd /micNfs/gdb-fault-injection/injector/bin/clamr
[INFO -- 2017-03-17 10:43:40]
(7) set args -n 512 -t 100 -g 100 -G data -j md5file
[INFO -- 2017-03-17 10:43:40]
initSignal:25
[INFO -- 2017-03-17 10:43:40]
endSignal:30
[INFO -- 2017-03-17 10:43:40]
seqSignal:20
[INFO -- 2017-03-17 10:43:40]
faultMode:0
[EXCEPTION -- 2017-03-17 10:45:03]
pythonException: invalid frame
[EXCEPTION -- 2017-03-17 10:45:03]
pythonException: invalid frame
[EXCEPTION -- 2017-03-17 10:45:03]
pythonException: invalid frame
[EXCEPTION -- 2017-03-17 10:45:03]
pythonException: invalid frame
[EXCEPTION -- 2017-03-17 10:45:03]
pythonException: invalid frame
[EXCEPTION -- 2017-03-17 10:45:03]
pythonException: invalid frame
[EXCEPTION -- 2017-03-17 10:45:03]
pythonException: invalid frame
[EXCEPTION -- 2017-03-17 10:45:03]
pythonException: invalid frame
[EXCEPTION -- 2017-03-17 10:45:03]
pythonException: invalid frame
[EXCEPTION -- 2017-03-17 10:45:03]
pythonException: invalid frame
[EXCEPTION -- 2017-03-17 10:45:03]
pythonException: invalid frame
[EXCEPTION -- 2017-03-17 10:45:03]
pythonException: invalid frame
[EXCEPTION -- 2017-03-17 10:45:03]
pythonException: invalid frame
[EXCEPTION -- 2017-03-17 10:45:03]
pythonException: invalid frame
[EXCEPTION -- 2017-03-17 10:45:03]
pythonException: invalid frame
[EXCEPTION -- 2017-03-17 10:45:03]
pythonException: invalid frame
[EXCEPTION -- 2017-03-17 10:45:03]
pythonException: invalid frame
[EXCEPTION -- 2017-03-17 10:45:03]
pythonException: invalid frame
[EXCEPTION -- 2017-03-17 10:45:03]
pythonException: invalid frame
[EXCEPTION -- 2017-03-17 10:45:03]
pythonException: invalid frame
[EXCEPTION -- 2017-03-17 10:45:03]
pythonException: invalid frame
[EXCEPTION -- 2017-03-17 10:45:03]
pythonException: invalid frame
[EXCEPTION -- 2017-03-17 10:45:03]
pythonException: invalid frame
[EXCEPTION -- 2017-03-17 10:45:03]
pythonException: invalid frame
[EXCEPTION -- 2017-03-17 10:45:03]
pythonException: invalid frame
[EXCEPTION -- 2017-03-17 10:45:03]
pythonException: invalid frame
[EXCEPTION -- 2017-03-17 10:45:03]
pythonException: invalid frame
[EXCEPTION -- 2017-03-17 10:45:03]
pythonException: invalid frame
[EXCEPTION -- 2017-03-17 10:45:03]
pythonException: invalid frame
[EXCEPTION -- 2017-03-17 10:45:03]
pythonException: invalid frame
[EXCEPTION -- 2017-03-17 10:45:03]
pythonException: invalid frame
[EXCEPTION -- 2017-03-17 10:45:03]
pythonException: invalid frame
[EXCEPTION -- 2017-03-17 10:45:03]
pythonException: invalid frame
[EXCEPTION -- 2017-03-17 10:45:03]
pythonException: invalid frame
[EXCEPTION -- 2017-03-17 10:45:03]
pythonException: invalid frame
[EXCEPTION -- 2017-03-17 10:45:03]
pythonException: invalid frame
[EXCEPTION -- 2017-03-17 10:45:03]
pythonException: invalid frame
[EXCEPTION -- 2017-03-17 10:45:03]
pythonException: invalid frame
[EXCEPTION -- 2017-03-17 10:45:03]
pythonException: invalid frame
[EXCEPTION -- 2017-03-17 10:45:03]
pythonException: invalid frame
[EXCEPTION -- 2017-03-17 10:45:03]
pythonException: invalid frame
[EXCEPTION -- 2017-03-17 10:45:03]
pythonException: invalid frame
[EXCEPTION -- 2017-03-17 10:45:03]
pythonException: invalid frame
[EXCEPTION -- 2017-03-17 10:45:03]
pythonException: invalid frame
[EXCEPTION -- 2017-03-17 10:45:03]
pythonException: invalid frame
[EXCEPTION -- 2017-03-17 10:45:03]
pythonException: invalid frame
[EXCEPTION -- 2017-03-17 10:45:03]
pythonException: invalid frame
[EXCEPTION -- 2017-03-17 10:45:03]
pythonException: invalid frame
[EXCEPTION -- 2017-03-17 10:45:03]
pythonException: invalid frame
[EXCEPTION -- 2017-03-17 10:45:03]
pythonException: invalid frame
[EXCEPTION -- 2017-03-17 10:45:03]
pythonException: invalid frame
[EXCEPTION -- 2017-03-17 10:45:03]
pythonException: invalid frame
[EXCEPTION -- 2017-03-17 10:45:03]
pythonException: invalid frame
[EXCEPTION -- 2017-03-17 10:45:03]
pythonException: invalid frame
[EXCEPTION -- 2017-03-17 10:45:03]
pythonException: invalid frame
[EXCEPTION -- 2017-03-17 10:45:03]
pythonException: invalid frame
[EXCEPTION -- 2017-03-17 10:45:03]
pythonException: invalid frame
[EXCEPTION -- 2017-03-17 10:45:03]
pythonException: invalid frame
[EXCEPTION -- 2017-03-17 10:45:03]
pythonException: invalid frame
[EXCEPTION -- 2017-03-17 10:45:03]
pythonException: invalid frame
[EXCEPTION -- 2017-03-17 10:45:03]
pythonException: invalid frame
[EXCEPTION -- 2017-03-17 10:45:03]
pythonException: invalid frame
[EXCEPTION -- 2017-03-17 10:45:03]
pythonException: invalid frame
[EXCEPTION -- 2017-03-17 10:45:03]
pythonException: invalid frame
[EXCEPTION -- 2017-03-17 10:45:03]
pythonException: invalid frame
[EXCEPTION -- 2017-03-17 10:45:03]
pythonException: invalid frame
[EXCEPTION -- 2017-03-17 10:45:03]
pythonException: invalid frame
[EXCEPTION -- 2017-03-17 10:45:03]
pythonException: invalid frame
[EXCEPTION -- 2017-03-17 10:45:03]
pythonException: invalid frame
[EXCEPTION -- 2017-03-17 10:45:03]
pythonException: invalid frame
[EXCEPTION -- 2017-03-17 10:45:03]
pythonException: invalid frame
[EXCEPTION -- 2017-03-17 10:45:03]
pythonException: invalid frame
[EXCEPTION -- 2017-03-17 10:45:03]
pythonException: invalid frame
[EXCEPTION -- 2017-03-17 10:45:03]
pythonException: invalid frame
[EXCEPTION -- 2017-03-17 10:45:03]
pythonException: invalid frame
[EXCEPTION -- 2017-03-17 10:45:03]
pythonException: invalid frame
[EXCEPTION -- 2017-03-17 10:45:03]
pythonException: invalid frame
[EXCEPTION -- 2017-03-17 10:45:03]
pythonException: invalid frame
[EXCEPTION -- 2017-03-17 10:45:03]
pythonException: invalid frame
[EXCEPTION -- 2017-03-17 10:45:03]
pythonException: invalid frame
[EXCEPTION -- 2017-03-17 10:45:03]
pythonException: invalid frame
[EXCEPTION -- 2017-03-17 10:45:03]
pythonException: invalid frame
[EXCEPTION -- 2017-03-17 10:45:03]
pythonException: invalid frame
[EXCEPTION -- 2017-03-17 10:45:03]
pythonException: invalid frame
[EXCEPTION -- 2017-03-17 10:45:03]
pythonException: invalid frame
[EXCEPTION -- 2017-03-17 10:45:03]
pythonException: invalid frame
[EXCEPTION -- 2017-03-17 10:45:03]
pythonException: invalid frame
[EXCEPTION -- 2017-03-17 10:45:03]
pythonException: invalid frame
[EXCEPTION -- 2017-03-17 10:45:03]
pythonException: invalid frame
[EXCEPTION -- 2017-03-17 10:45:03]
pythonException: invalid frame
[EXCEPTION -- 2017-03-17 10:45:03]
pythonException: invalid frame
[EXCEPTION -- 2017-03-17 10:45:03]
pythonException: invalid frame
[EXCEPTION -- 2017-03-17 10:45:03]
pythonException: invalid frame
[EXCEPTION -- 2017-03-17 10:45:03]
pythonException: invalid frame
[EXCEPTION -- 2017-03-17 10:45:03]
pythonException: invalid frame
[EXCEPTION -- 2017-03-17 10:45:03]
pythonException: invalid frame
[EXCEPTION -- 2017-03-17 10:45:03]
pythonException: invalid frame
[EXCEPTION -- 2017-03-17 10:45:03]
pythonException: invalid frame
[EXCEPTION -- 2017-03-17 10:45:03]
pythonException: invalid frame
[EXCEPTION -- 2017-03-17 10:45:03]
pythonException: invalid frame
[EXCEPTION -- 2017-03-17 10:45:03]
pythonException: invalid frame
[EXCEPTION -- 2017-03-17 10:45:03]
pythonException: invalid frame
[EXCEPTION -- 2017-03-17 10:45:03]
pythonException: invalid frame
[EXCEPTION -- 2017-03-17 10:45:03]
pythonException: invalid frame
[EXCEPTION -- 2017-03-17 10:45:03]
pythonException: invalid frame
[EXCEPTION -- 2017-03-17 10:45:03]
pythonException: invalid frame
[EXCEPTION -- 2017-03-17 10:45:03]
pythonException: invalid frame
[EXCEPTION -- 2017-03-17 10:45:03]
pythonException: invalid frame
[EXCEPTION -- 2017-03-17 10:45:03]
pythonException: invalid frame
[EXCEPTION -- 2017-03-17 10:45:03]
pythonException: invalid frame
[EXCEPTION -- 2017-03-17 10:45:03]
pythonException: invalid frame
[EXCEPTION -- 2017-03-17 10:45:03]
pythonException: invalid frame
[EXCEPTION -- 2017-03-17 10:45:03]
pythonException: invalid frame
[EXCEPTION -- 2017-03-17 10:45:03]
pythonException: invalid frame
[EXCEPTION -- 2017-03-17 10:45:03]
pythonException: invalid frame
[EXCEPTION -- 2017-03-17 10:45:03]
pythonException: invalid frame
[EXCEPTION -- 2017-03-17 10:45:03]
pythonException: invalid frame
[EXCEPTION -- 2017-03-17 10:45:03]
pythonException: invalid frame
[EXCEPTION -- 2017-03-17 10:45:03]
pythonException: invalid frame
[EXCEPTION -- 2017-03-17 10:45:03]
pythonException: invalid frame
[EXCEPTION -- 2017-03-17 10:45:03]
pythonException: invalid frame
[EXCEPTION -- 2017-03-17 10:45:03]
pythonException: invalid frame
[EXCEPTION -- 2017-03-17 10:45:03]
pythonException: invalid frame
[EXCEPTION -- 2017-03-17 10:45:03]
pythonException: invalid frame
[EXCEPTION -- 2017-03-17 10:45:03]
pythonException: invalid frame
[EXCEPTION -- 2017-03-17 10:45:03]
pythonException: invalid frame
[EXCEPTION -- 2017-03-17 10:45:03]
pythonException: invalid frame
[EXCEPTION -- 2017-03-17 10:45:03]
pythonException: invalid frame
[EXCEPTION -- 2017-03-17 10:45:03]
pythonException: invalid frame
[EXCEPTION -- 2017-03-17 10:45:03]
pythonException: invalid frame
[EXCEPTION -- 2017-03-17 10:45:03]
pythonException: invalid frame
[EXCEPTION -- 2017-03-17 10:45:03]
pythonException: invalid frame
[EXCEPTION -- 2017-03-17 10:45:03]
pythonException: invalid frame
[EXCEPTION -- 2017-03-17 10:45:03]
pythonException: invalid frame
[EXCEPTION -- 2017-03-17 10:45:03]
pythonException: invalid frame
[EXCEPTION -- 2017-03-17 10:45:03]
pythonException: invalid frame
[EXCEPTION -- 2017-03-17 10:45:03]
pythonException: invalid frame
[EXCEPTION -- 2017-03-17 10:45:03]
pythonException: invalid frame
[EXCEPTION -- 2017-03-17 10:45:03]
pythonException: invalid frame
[EXCEPTION -- 2017-03-17 10:45:03]
pythonException: invalid frame
[EXCEPTION -- 2017-03-17 10:45:03]
pythonException: invalid frame
[EXCEPTION -- 2017-03-17 10:45:03]
pythonException: invalid frame
[EXCEPTION -- 2017-03-17 10:45:03]
pythonException: invalid frame
[EXCEPTION -- 2017-03-17 10:45:03]
pythonException: invalid frame
[EXCEPTION -- 2017-03-17 10:45:03]
pythonException: invalid frame
[EXCEPTION -- 2017-03-17 10:45:03]
pythonException: invalid frame
[EXCEPTION -- 2017-03-17 10:45:03]
pythonException: invalid frame
[EXCEPTION -- 2017-03-17 10:45:03]
pythonException: invalid frame
[EXCEPTION -- 2017-03-17 10:45:03]
pythonException: invalid frame
[EXCEPTION -- 2017-03-17 10:45:03]
pythonException: invalid frame
[EXCEPTION -- 2017-03-17 10:45:03]
pythonException: invalid frame
[EXCEPTION -- 2017-03-17 10:45:03]
pythonException: invalid frame
[EXCEPTION -- 2017-03-17 10:45:03]
pythonException: invalid frame
[EXCEPTION -- 2017-03-17 10:45:03]
pythonException: invalid frame
[EXCEPTION -- 2017-03-17 10:45:03]
pythonException: invalid frame
[EXCEPTION -- 2017-03-17 10:45:03]
pythonException: invalid frame
[EXCEPTION -- 2017-03-17 10:45:03]
pythonException: invalid frame
[EXCEPTION -- 2017-03-17 10:45:03]
pythonException: invalid frame
[EXCEPTION -- 2017-03-17 10:45:03]
pythonException: invalid frame
[EXCEPTION -- 2017-03-17 10:45:03]
pythonException: invalid frame
[EXCEPTION -- 2017-03-17 10:45:03]
pythonException: invalid frame
[EXCEPTION -- 2017-03-17 10:45:03]
pythonException: invalid frame
[EXCEPTION -- 2017-03-17 10:45:03]
pythonException: invalid frame
[EXCEPTION -- 2017-03-17 10:45:03]
pythonException: invalid frame
[EXCEPTION -- 2017-03-17 10:45:03]
pythonException: invalid frame
[EXCEPTION -- 2017-03-17 10:45:03]
pythonException: invalid frame
[EXCEPTION -- 2017-03-17 10:45:03]
pythonException: invalid frame
[INFO -- 2017-03-17 10:45:03]
Backtrace BEGIN:
#0  0x00000000004783fb in U_halfstep (deltaT=0.00038849844845863712, U_i=0, U_n=0, F_i=0, F_n=0, r_i=1, r_n=1, A_i=1, A_n=1, V_i=1, V_n=1) at /micNfs/gdb-fault-injection/injector/src/clamr/CLAMR/state.cpp:199
#1  0x00000000004556df in State::L__ZN5State22calc_finite_differenceEd_1210__par_loop0_2_37 () at /micNfs/gdb-fault-injection/injector/src/clamr/CLAMR/state.cpp:1411
#2  0x00007ffff790ba1f in ?? ()
#3  0x00007fffffffdac0 in ?? ()
#4  0x00007fffffffdab8 in ?? ()
#5  0x00007fffffffdad0 in ?? ()
#6  0x00007fffffffdad8 in ?? ()
#7  0x00007fffffffda38 in ?? ()
#8  0x00007fffffffda70 in ?? ()
#9  0x00007fffffffda68 in ?? ()
#10 0x00007fffffffdba8 in ?? ()
#11 0x00007fffffffdbc8 in ?? ()
#12 0x00007fffffffdbe8 in ?? ()
#13 0x00007fffffffda30 in ?? ()
#14 0x00000000000000e4 in ?? ()
#15 0x0000000000000000 in ?? ()

194	        real_t    A_n,        // Cell's neighbor's face surface area
195	        real_t    V_i,        // Cell's            volume
196	        real_t    V_n) {      // Cell's neighbor's volume
197	
198	   return (( r_i*U_n + r_n*U_i ) / ( r_i + r_n )) 
199	          - HALF*deltaT*(( F_n*A_n*min(ONE, A_i/A_n) - F_i*A_i*min(ONE, A_n/A_i) )
200	                    / ( V_n*min(HALF, V_i/V_n) + V_i*min(HALF, V_n/V_i) ));
201	
202	}
203	

Backtrace END
Fliping array at pos: 8
Fliping a bit of the pointer
Memory content before bitflip:0xc00xa60x560x000x000x000x000x00
Fault Mode: Single bit-flip
base address to flip value: 0x7ceae0 
address max offset: 8
Memory content after  bitflip:0xc00xa60x560x000x000x800x000x00
frame name: State::L__ZN5State22calc_finite_differenceEd_1210__par_loop0_2_37
symbol name: state_timer_descriptor
symbol filename: /micNfs/gdb-fault-injection/injector/src/clamr/CLAMR/state.cpp
symbol line: 135
value: {0x56a5f0 "state_timer_apply_BCs", 0x56a608 "state_timer_set_timestep", 0x56a624 "state_timer_finite_difference", 0x56a644 "state_timer_refine_potential", 0x56a664 "state_timer_calc_mpot", 0x56a67c "state_timer_rezone_all", 0x56a694 "state_timer_mass_sum", 0x56a6ac "state_timer_read", 0x80000056a6c0 <error: Cannot access memory at address 0x80000056a6c0>}
value address: 0x7ceaa0 <state_timer_descriptor>
Type: The type is an array.
Type sizeof: 72
Field name: None
Field Type: A range type, that is, an integer type with bounds.
Field Type sizeof: 1
Field Type range: (0L, 8L)

[INFO -- 2017-03-17 10:45:03]
Fault Injection Successful after 83.8470959663s
[INFO -- 2017-03-17 10:45:28]
event type: exit
[INFO -- 2017-03-17 10:45:28]
exit code: 0
