[INFO -- 2017-03-02 09:45:41]
Starting GDB script
[INFO -- 2017-03-02 09:45:41]
initSignal:28.0
[INFO -- 2017-03-02 09:45:41]
endSignal:28.0
[INFO -- 2017-03-02 09:45:41]
seqSignal:15
[INFO -- 2017-03-02 09:46:09]
sending 15 signals using command: 'ssh -T mic1 killall -2 dgemm_check' after 28.0s
[INFO -- 2017-03-02 09:46:09]
sending 15 signals using command: 'ssh -T mic1 killall -2 dgemm_check' after 28.0s
[INFO -- 2017-03-02 09:46:09]
sending 15 signals using command: 'ssh -T mic1 killall -2 dgemm_check' after 28.0s
[INFO -- 2017-03-02 09:46:10]
shell stdout: 
[INFO -- 2017-03-02 09:46:10]
shell stdout: 
[INFO -- 2017-03-02 09:46:10]
shell stdout: 
[INFO -- 2017-03-02 09:46:10]
shell stdout: 
[INFO -- 2017-03-02 09:46:10]
shell stdout: 
[INFO -- 2017-03-02 09:46:10]
shell stdout: 
[INFO -- 2017-03-02 09:46:11]
shell stdout: 
[INFO -- 2017-03-02 09:46:11]
shell stdout: 
[INFO -- 2017-03-02 09:46:11]
shell stdout: 
[INFO -- 2017-03-02 09:46:11]
shell stdout: 
[INFO -- 2017-03-02 09:46:11]
shell stdout: 
[INFO -- 2017-03-02 09:46:11]
shell stdout: 
[INFO -- 2017-03-02 09:46:11]
shell stdout: 
[INFO -- 2017-03-02 09:46:12]
shell stdout: 
[INFO -- 2017-03-02 09:46:12]
shell stdout: 
[INFO -- 2017-03-02 09:46:12]
shell stdout: 
[INFO -- 2017-03-02 09:46:12]
shell stdout: 
[INFO -- 2017-03-02 09:46:12]
shell stdout: 
[INFO -- 2017-03-02 09:46:12]
shell stdout: 
[INFO -- 2017-03-02 09:46:12]
shell stdout: 
[INFO -- 2017-03-02 09:46:13]
shell stdout: 
[INFO -- 2017-03-02 09:46:13]
shell stdout: 
[INFO -- 2017-03-02 09:46:13]
shell stdout: 
[INFO -- 2017-03-02 09:46:13]
shell stdout: 
[INFO -- 2017-03-02 09:46:13]
shell stdout: 
[INFO -- 2017-03-02 09:46:13]
shell stdout: 
[INFO -- 2017-03-02 09:46:13]
shell stdout: 
[INFO -- 2017-03-02 09:46:14]
shell stdout: 
[INFO -- 2017-03-02 09:46:14]
shell stdout: 
[INFO -- 2017-03-02 09:46:14]
shell stdout: 
[INFO -- 2017-03-02 09:46:14]
shell stdout: 
[INFO -- 2017-03-02 09:46:14]
shell stdout: 
[INFO -- 2017-03-02 09:46:14]
shell stdout: 
[INFO -- 2017-03-02 09:46:15]
shell stdout: 
[INFO -- 2017-03-02 09:46:15]
shell stdout: 
[INFO -- 2017-03-02 09:46:15]
shell stdout: 
[INFO -- 2017-03-02 09:46:15]
shell stdout: 
[INFO -- 2017-03-02 09:46:15]
shell stdout: 
[INFO -- 2017-03-02 09:46:15]
shell stdout: 
[INFO -- 2017-03-02 09:46:15]
shell stdout: 
[INFO -- 2017-03-02 09:46:16]
shell stdout: 
[INFO -- 2017-03-02 09:46:16]
shell stdout: 
[INFO -- 2017-03-02 09:46:16]
shell stdout: 
[INFO -- 2017-03-02 09:46:16]
shell stdout: 
[INFO -- 2017-03-02 09:46:16]
shell stdout: 
[INFO -- 2017-03-02 09:47:09]
no gdbExecName running, out:
[INFO -- 2017-03-02 09:47:09]
checCmd:ps -e | grep -i gdb-mic
[INFO -- 2017-03-02 09:47:09]
finished now-timestampStart < maxWaitTime*5
[INFO -- 2017-03-02 09:47:09]
now: 1488466021
[INFO -- 2017-03-02 09:47:09]
timestampStart: 1488465941
[INFO -- 2017-03-02 09:47:10]
kill cmd: killall -9 gdb-mic
[INFO -- 2017-03-02 09:47:10]
shell stdout: 
[INFO -- 2017-03-02 09:47:10]
kill cmd: ssh -T mic1 killall -9 dgemm_check
[INFO -- 2017-03-02 09:47:10]
shell stdout: 
[INFO -- 2017-03-02 09:47:10]
kill cmd: ssh -T mic1 killall -9 gdbserver
[INFO -- 2017-03-02 09:47:10]
shell stdout: 
[INFO -- 2017-03-02 09:47:11]
kill cmd: ssh -T mic1 killall -9 sshd
[INFO -- 2017-03-02 09:47:11]
shell stdout: 
