[INFO -- 2017-02-27 05:16:21]
Starting GDB script
[INFO -- 2017-02-27 05:16:21]
initSignal:4.0
[INFO -- 2017-02-27 05:16:21]
endSignal:8.0
[INFO -- 2017-02-27 05:16:21]
seqSignal:30
[INFO -- 2017-02-27 05:16:27]
sending 30 signals using command: 'ssh -T mic1 killall -2 lud_check' after 5.88216340095s
[INFO -- 2017-02-27 05:16:28]
shell stdout: 
[INFO -- 2017-02-27 05:16:28]
sending 30 signals using command: 'ssh -T mic1 killall -2 lud_check' after 7.07759515783s
[INFO -- 2017-02-27 05:16:28]
shell stdout: 
[INFO -- 2017-02-27 05:16:28]
shell stdout: 
[INFO -- 2017-02-27 05:16:28]
sending 30 signals using command: 'ssh -T mic1 killall -2 lud_check' after 7.51564445888s
[INFO -- 2017-02-27 05:16:29]
shell stdout: 
[INFO -- 2017-02-27 05:16:29]
shell stdout: 
[INFO -- 2017-02-27 05:16:29]
shell stdout: 
[INFO -- 2017-02-27 05:16:29]
shell stdout: 
[INFO -- 2017-02-27 05:16:29]
shell stdout: 
[INFO -- 2017-02-27 05:16:29]
shell stdout: 
[INFO -- 2017-02-27 05:16:29]
shell stdout: 
[INFO -- 2017-02-27 05:16:30]
shell stdout: 
[INFO -- 2017-02-27 05:16:30]
shell stdout: 
[INFO -- 2017-02-27 05:16:30]
shell stdout: 
[INFO -- 2017-02-27 05:16:30]
shell stdout: 
[INFO -- 2017-02-27 05:16:30]
shell stdout: 
[INFO -- 2017-02-27 05:16:30]
shell stdout: 
[INFO -- 2017-02-27 05:16:31]
shell stdout: 
[INFO -- 2017-02-27 05:16:31]
shell stdout: 
[INFO -- 2017-02-27 05:16:31]
shell stdout: 
[INFO -- 2017-02-27 05:16:31]
shell stdout: 
[INFO -- 2017-02-27 05:16:31]
shell stdout: 
[INFO -- 2017-02-27 05:16:31]
shell stdout: 
[INFO -- 2017-02-27 05:16:31]
shell stdout: 
[INFO -- 2017-02-27 05:16:32]
shell stdout: 
[INFO -- 2017-02-27 05:16:32]
shell stdout: 
[INFO -- 2017-02-27 05:16:32]
shell stdout: 
[INFO -- 2017-02-27 05:16:32]
shell stdout: 
[INFO -- 2017-02-27 05:16:32]
shell stdout: 
[INFO -- 2017-02-27 05:16:32]
shell stdout: 
[INFO -- 2017-02-27 05:16:32]
shell stdout: 
[INFO -- 2017-02-27 05:16:32]
shell stdout: 
[INFO -- 2017-02-27 05:16:33]
shell stdout: 
[INFO -- 2017-02-27 05:16:33]
shell stdout: 
[INFO -- 2017-02-27 05:16:33]
shell stdout: 
[INFO -- 2017-02-27 05:16:33]
shell stdout: 
[INFO -- 2017-02-27 05:16:33]
shell stdout: 
[INFO -- 2017-02-27 05:16:33]
shell stdout: 
[INFO -- 2017-02-27 05:16:34]
shell stdout: 
[INFO -- 2017-02-27 05:16:34]
shell stdout: 
[INFO -- 2017-02-27 05:16:34]
shell stdout: 
[INFO -- 2017-02-27 05:16:34]
shell stdout: 
[INFO -- 2017-02-27 05:16:34]
shell stdout: 
[INFO -- 2017-02-27 05:16:34]
shell stdout: 
[INFO -- 2017-02-27 05:16:34]
shell stdout: 
[INFO -- 2017-02-27 05:16:35]
shell stdout: 
[INFO -- 2017-02-27 05:16:35]
shell stdout: 
[INFO -- 2017-02-27 05:16:35]
shell stdout: 
[INFO -- 2017-02-27 05:16:35]
shell stdout: 
[INFO -- 2017-02-27 05:16:35]
shell stdout: 
[INFO -- 2017-02-27 05:16:35]
shell stdout: 
[INFO -- 2017-02-27 05:16:35]
shell stdout: 
[INFO -- 2017-02-27 05:16:35]
shell stdout: 
[INFO -- 2017-02-27 05:16:36]
shell stdout: 
[INFO -- 2017-02-27 05:16:36]
shell stdout: 
[INFO -- 2017-02-27 05:16:36]
shell stdout: 
[INFO -- 2017-02-27 05:16:36]
shell stdout: 
[INFO -- 2017-02-27 05:16:36]
shell stdout: 
[INFO -- 2017-02-27 05:16:36]
shell stdout: 
[INFO -- 2017-02-27 05:16:36]
shell stdout: 
[INFO -- 2017-02-27 05:16:37]
shell stdout: 
[INFO -- 2017-02-27 05:16:37]
shell stdout: 
[INFO -- 2017-02-27 05:16:37]
shell stdout: 
[INFO -- 2017-02-27 05:16:37]
shell stdout: 
[INFO -- 2017-02-27 05:16:37]
shell stdout: 
[INFO -- 2017-02-27 05:16:37]
shell stdout: 
[INFO -- 2017-02-27 05:16:38]
shell stdout: 
[INFO -- 2017-02-27 05:16:38]
shell stdout: 
[INFO -- 2017-02-27 05:16:38]
shell stdout: 
[INFO -- 2017-02-27 05:16:38]
shell stdout: 
[INFO -- 2017-02-27 05:16:38]
shell stdout: 
[INFO -- 2017-02-27 05:16:38]
shell stdout: 
[INFO -- 2017-02-27 05:16:38]
shell stdout: 
[INFO -- 2017-02-27 05:16:38]
shell stdout: 
[INFO -- 2017-02-27 05:16:39]
shell stdout: 
[INFO -- 2017-02-27 05:16:39]
shell stdout: 
[INFO -- 2017-02-27 05:16:39]
shell stdout: 
[INFO -- 2017-02-27 05:16:39]
shell stdout: 
[INFO -- 2017-02-27 05:16:39]
shell stdout: 
[INFO -- 2017-02-27 05:16:39]
shell stdout: 
[INFO -- 2017-02-27 05:16:39]
shell stdout: 
[INFO -- 2017-02-27 05:16:40]
shell stdout: 
[INFO -- 2017-02-27 05:16:40]
shell stdout: 
[INFO -- 2017-02-27 05:16:40]
shell stdout: 
[INFO -- 2017-02-27 05:16:40]
shell stdout: 
[INFO -- 2017-02-27 05:16:40]
shell stdout: 
[INFO -- 2017-02-27 05:16:40]
shell stdout: 
[INFO -- 2017-02-27 05:16:40]
shell stdout: 
[INFO -- 2017-02-27 05:16:41]
shell stdout: 
[INFO -- 2017-02-27 05:16:41]
shell stdout: 
[INFO -- 2017-02-27 05:16:41]
shell stdout: 
[INFO -- 2017-02-27 05:16:55]
no gdbExecName running, out:
[INFO -- 2017-02-27 05:16:55]
checCmd:ps -e | grep -i gdb-mic
[INFO -- 2017-02-27 05:16:55]
finished now-timestampStart < maxWaitTime*5
[INFO -- 2017-02-27 05:16:55]
now: 1488190614
[INFO -- 2017-02-27 05:16:55]
timestampStart: 1488190581
[INFO -- 2017-02-27 05:16:55]
kill cmd: killall -9 gdb-mic
[INFO -- 2017-02-27 05:16:55]
shell stdout: 
[INFO -- 2017-02-27 05:16:55]
kill cmd: ssh -T mic1 killall -9 lud_check
[INFO -- 2017-02-27 05:16:55]
shell stdout: 
[INFO -- 2017-02-27 05:16:56]
kill cmd: ssh -T mic1 killall -9 gdbserver
[INFO -- 2017-02-27 05:16:56]
shell stdout: 
[INFO -- 2017-02-27 05:16:56]
kill cmd: ssh -T mic1 killall -9 sshd
[INFO -- 2017-02-27 05:16:56]
shell stdout: 
