2016-10-20 16:14:16:Initialization strings:
2016-10-20 16:14:16:(1) target extended-remote | ssh -T mic0 gdbserver --multi -
2016-10-20 16:14:16:(2) set sysroot /opt/mpss/3.7/sysroots/k1om-mpss-linux/
2016-10-20 16:14:16:(3) set sysroot /opt/mpss/3.7/sysroots/k1om-mpss-linux/
2016-10-20 16:14:16:(4) file /micNfs/gdb-fault-injection-lavamd/bin/lavamd
2016-10-20 16:14:16:(5) set remote exec-file /micNfs/gdb-fault-injection-lavamd/bin/lavamd
2016-10-20 16:14:16:(6) set args 228 15 /micNfs/gdb-fault-injection-lavamd/bin/input_distance_228_15 /micNfs/gdb-fault-injection-lavamd/bin/input_charges_228_15 /micNfs/gdb-fault-injection-lavamd/bin/output_gold_228_15 1
2016-10-20 16:14:17:Trying Fault Injection
2016-10-20 16:14:17:Inferior PID: 214395
2016-10-20 16:14:17:Inferior is valid: True
2016-10-20 16:14:17:Inferior #threads: 1
2016-10-20 16:14:17:Backtrace BEGIN:
2016-10-20 16:14:17:#0  0x00007ffff7142953 in __GI__IO_file_xsgetn (fp=<optimized out>, data=<optimized out>, n=8) at fileops.c:1441
#1  0x00007ffff7138929 in __GI__IO_fread (buf=<optimized out>, size=1, count=8, fp=0x60e1c0) at iofread.c:42
#2  0x00000000004023b2 in main (argc=7, argv=0x7fffffffec08) at main_check.c:163

2016-10-20 16:14:17:1436	in fileops.c

2016-10-20 16:14:17:Backtrace END
2016-10-20 16:14:17:Thread name: None
2016-10-20 16:14:17:Thread num: 1
2016-10-20 16:14:17:Thread ptid: (214395, 214395, 0)
2016-10-20 16:14:17:bitFlip function
2016-10-20 16:14:17:Type: The type is a pointer.
2016-10-20 16:14:17:Type sizeof: 8
2016-10-20 16:14:17:Fliping a bit of the pointer
2016-10-20 16:14:17:Mem contents(hex):0xa00x860xff0xf70xff0x7f0x000x00
2016-10-20 16:14:17:base address to flip value: 0x7fffffffe9f8
2016-10-20 16:14:17:address max offset: 8
2016-10-20 16:14:17:Memory content before bitflip:0xa00x860xff0xf70xff0x7f0x000x00
2016-10-20 16:14:17:Memory content after  bitflip:0xa00x860xff0xf70xf70x7f0x000x00
2016-10-20 16:14:17:Mem contents(hex):0xa00x860xff0xf70xf70x7f0x000x00
2016-10-20 16:14:17:frame name: main
2016-10-20 16:14:17:symbol name: fv_cpu
2016-10-20 16:14:17:symbol filename: main_check.c
2016-10-20 16:14:17:symbol line: 60
2016-10-20 16:14:17:value: 0x7ffff7ff86a0
2016-10-20 16:14:17:value address: 0x7fffffffe9f8
2016-10-20 16:14:17:Type: The type is a pointer.
2016-10-20 16:14:17:Type sizeof: 8
2016-10-20 16:14:17:Fault Injection Successful after 1.26977300644s
2016-10-20 16:14:17:Fault Already Injected
2016-10-20 16:14:17:Fault Already Injected
2016-10-20 16:14:20:Fault Already Injected
2016-10-20 16:14:21:Fault Already Injected
2016-10-20 16:14:22:Fault Already Injected
2016-10-20 16:14:22:Fault Already Injected
2016-10-20 16:14:23:Fault Already Injected
2016-10-20 16:14:24:Fault Already Injected
2016-10-20 16:14:27:event type: exit
2016-10-20 16:14:27:exit code: 0
