[INFO -- 2017-03-05 17:57:25]
Starting flip_value script
version: 2.0
[INFO -- 2017-03-05 17:57:25]
Initialization strings:
[INFO -- 2017-03-05 17:57:25]
(1) target extended-remote | ssh -T mic0 gdbserver --multi -
[INFO -- 2017-03-05 17:57:25]
(2) set sysroot /opt/mpss/3.7/sysroots/k1om-mpss-linux/
[INFO -- 2017-03-05 17:57:25]
(3) set sysroot /opt/mpss/3.7/sysroots/k1om-mpss-linux/
[INFO -- 2017-03-05 17:57:25]
(4) file /micNfs/gdb-fault-injection/injector/bin/clamr/clamr_openmponly
[INFO -- 2017-03-05 17:57:25]
(5) set remote exec-file /micNfs/gdb-fault-injection/injector/bin/clamr/clamr_openmponly
[INFO -- 2017-03-05 17:57:25]
(6) cd /micNfs/gdb-fault-injection/injector/bin/clamr
[INFO -- 2017-03-05 17:57:25]
(7) set args -n 512 -t 100 -g 100 -G data -j md5file
[INFO -- 2017-03-05 17:57:25]
initSignal:5
[INFO -- 2017-03-05 17:57:25]
endSignal:10
[INFO -- 2017-03-05 17:57:25]
seqSignal:20
[INFO -- 2017-03-05 17:57:25]
faultMode:2
[INFO -- 2017-03-05 17:57:36]
Backtrace BEGIN:
#0  0x00000000005425b6 in Bounds_AddBounds (b=0x19e1ce0, add=0x1528160) at /micNfs/gdb-fault-injection/injector/src/clamr/CLAMR/mesh/kdtree/Bounds.c:78
#1  0x000000000053d096 in KDTree_CreateTree (t=0x7f9d50) at /micNfs/gdb-fault-injection/injector/src/clamr/CLAMR/mesh/kdtree/KDTree.c:255
#2  0x000000000053d3f4 in KDTree_QueryCircleIntersect_Double (t=0x7f9d50, result_num=0x7fffffffe5dc, result_indicies=0x181ae10, circ_radius=24, ncells=264192, x=0x7fff0c0d6010, dx=0x7ffecc1ce010, y=0x7ffe8c1cc010, dy=0x7ffe4c1bf010) at /micNfs/gdb-fault-injection/injector/src/clamr/CLAMR/mesh/kdtree/KDTree.c:329
#3  0x00000000005080fe in Mesh::init (this=0x7f9a50, nx=512, ny=512, circ_radius=24, initial_order=HILBERT_SORT, do_gpu_calc=0) at /micNfs/gdb-fault-injection/injector/src/clamr/CLAMR/mesh/mesh.cpp:1535
#4  0x000000000044516a in main (argc=11, argv=0x7fffffffec58) at /micNfs/gdb-fault-injection/injector/src/clamr/CLAMR/clamr_cpuonly.cpp:277

73	   b->max.y = NEGATIVE_INFINITY;
74	}
75	
76	void Bounds_AddBounds(TBounds* b, TBounds* add) {
77	   assert(b && add);
78	   b->min.x = MIN(b->min.x, add->min.x);
79	   b->min.y = MIN(b->min.y, add->min.y);
80	   b->max.x = MAX(b->max.x, add->max.x);
81	   b->max.y = MAX(b->max.y, add->max.y);
82	}

Backtrace END
Fliping array at pos: 25
Memory content before bitflip:0x00
Fault Mode: Random bit-flip
base address to flip value: 0x7fffffffe8a1 
address max offset: 1
Memory content after  bitflip:0x50
frame name: main
symbol name: temp
symbol filename: /micNfs/gdb-fault-injection/injector/src/clamr/CLAMR/clamr_cpuonly.cpp
symbol line: 201
value: "OMP THREADS = 228 \000\000\000\000\000\000\000P", '\000' <repeats 23 times>
value address: 0x7fffffffe888
Type: The type is an array.
Type sizeof: 50
Field name: None
Field Type: A range type, that is, an integer type with bounds.
Field Type sizeof: 1
Field Type range: (0L, 49L)

[INFO -- 2017-03-05 17:57:36]
Fault Injection Successful after 11.3976399899s
[INFO -- 2017-03-05 17:58:26]
event type: exit
[INFO -- 2017-03-05 17:58:26]
exit code: 0
