[INFO -- 2017-03-14 00:29:41]
shell stdout: 
[INFO -- 2017-03-14 00:29:41]
shell stdout: 
[INFO -- 2017-03-14 00:29:41]
shell stdout: 
[INFO -- 2017-03-14 00:29:41]
shell stdout: 
[INFO -- 2017-03-14 00:29:41]
shell stdout: 
[INFO -- 2017-03-14 00:29:42]
shell stdout: 
[INFO -- 2017-03-14 00:29:42]
shell stdout: 
[INFO -- 2017-03-14 00:29:42]
shell stdout: 
[INFO -- 2017-03-14 00:29:42]
shell stdout: 
[INFO -- 2017-03-14 00:29:42]
shell stdout: 
[INFO -- 2017-03-14 00:29:42]
shell stdout: 
[INFO -- 2017-03-14 00:29:42]
shell stdout: 
[INFO -- 2017-03-14 00:29:43]
shell stdout: 
[INFO -- 2017-03-14 00:29:43]
shell stdout: 
[INFO -- 2017-03-14 00:29:43]
shell stdout: 
[INFO -- 2017-03-14 00:29:43]
shell stdout: 
[INFO -- 2017-03-14 00:29:43]
shell stdout: 
[INFO -- 2017-03-14 00:29:43]
shell stdout: 
[INFO -- 2017-03-14 00:29:43]
shell stdout: 
[INFO -- 2017-03-14 00:29:43]
shell stdout: 
[INFO -- 2017-03-14 00:29:44]
shell stdout: 
[INFO -- 2017-03-14 00:29:44]
shell stdout: 
[INFO -- 2017-03-14 00:29:44]
shell stdout: 
[INFO -- 2017-03-14 00:29:44]
shell stdout: 
[INFO -- 2017-03-14 00:29:44]
shell stdout: 
[INFO -- 2017-03-14 00:29:44]
shell stdout: 
[INFO -- 2017-03-14 00:29:44]
shell stdout: 
[INFO -- 2017-03-14 00:29:45]
shell stdout: 
[INFO -- 2017-03-14 00:29:45]
shell stdout: 
[INFO -- 2017-03-14 00:29:45]
shell stdout: 
[INFO -- 2017-03-14 00:29:45]
shell stdout: 
[INFO -- 2017-03-14 00:29:45]
shell stdout: 
[INFO -- 2017-03-14 00:29:45]
shell stdout: 
[INFO -- 2017-03-14 00:29:46]
shell stdout: 
[INFO -- 2017-03-14 00:29:46]
shell stdout: 
[INFO -- 2017-03-14 00:29:46]
shell stdout: 
[INFO -- 2017-03-14 00:29:46]
shell stdout: 
[INFO -- 2017-03-14 00:29:46]
shell stdout: 
[INFO -- 2017-03-14 00:29:47]
shell stdout: 
[INFO -- 2017-03-14 00:29:47]
shell stdout: 
[INFO -- 2017-03-14 00:29:47]
shell stdout: 
[INFO -- 2017-03-14 00:29:47]
shell stdout: 
[INFO -- 2017-03-14 00:29:47]
shell stdout: 
[INFO -- 2017-03-14 00:29:47]
shell stdout: 
[INFO -- 2017-03-14 00:29:48]
shell stdout: 
[INFO -- 2017-03-14 00:29:48]
shell stdout: 
[INFO -- 2017-03-14 00:29:49]
shell stdout: 
[INFO -- 2017-03-14 00:29:49]
Starting GDB script
[INFO -- 2017-03-14 00:29:49]
initSignal:0.0
[INFO -- 2017-03-14 00:29:49]
endSignal:4.0
[INFO -- 2017-03-14 00:29:49]
seqSignal:30
[INFO -- 2017-03-14 00:29:51]
sending 30 signals using command: 'ssh -T mic0 killall -2 needle_check' after 1.79708718586s
[INFO -- 2017-03-14 00:29:51]
sending 30 signals using command: 'ssh -T mic0 killall -2 needle_check' after 2.14260175728s
[INFO -- 2017-03-14 00:29:51]
shell stdout: 
[INFO -- 2017-03-14 00:29:51]
shell stdout: 
[INFO -- 2017-03-14 00:29:51]
shell stdout: 
[INFO -- 2017-03-14 00:29:52]
shell stdout: 
[INFO -- 2017-03-14 00:29:52]
shell stdout: 
[INFO -- 2017-03-14 00:29:52]
shell stdout: 
[INFO -- 2017-03-14 00:29:52]
shell stdout: 
[INFO -- 2017-03-14 00:29:53]
sending 30 signals using command: 'ssh -T mic0 killall -2 needle_check' after 3.93386170852s
[INFO -- 2017-03-14 00:29:53]
shell stdout: 
[INFO -- 2017-03-14 00:29:53]
shell stdout: 
[INFO -- 2017-03-14 00:29:53]
shell stdout: 
[INFO -- 2017-03-14 00:29:53]
shell stdout: 
[INFO -- 2017-03-14 00:29:54]
shell stdout: 
[INFO -- 2017-03-14 00:29:54]
shell stdout: 
[INFO -- 2017-03-14 00:29:54]
shell stdout: 
[INFO -- 2017-03-14 00:29:54]
shell stdout: 
[INFO -- 2017-03-14 00:29:55]
shell stdout: 
[INFO -- 2017-03-14 00:29:55]
shell stdout: 
[INFO -- 2017-03-14 00:29:55]
shell stdout: 
[INFO -- 2017-03-14 00:29:55]
shell stdout: 
[INFO -- 2017-03-14 00:29:55]
shell stdout: 
[INFO -- 2017-03-14 00:29:55]
shell stdout: 
[INFO -- 2017-03-14 00:29:55]
shell stdout: 
[INFO -- 2017-03-14 00:29:55]
shell stdout: 
[INFO -- 2017-03-14 00:29:55]
shell stdout: 
[INFO -- 2017-03-14 00:29:56]
shell stdout: 
[INFO -- 2017-03-14 00:29:56]
shell stdout: 
[INFO -- 2017-03-14 00:29:56]
shell stdout: 
[INFO -- 2017-03-14 00:29:56]
shell stdout: 
[INFO -- 2017-03-14 00:29:56]
shell stdout: 
[INFO -- 2017-03-14 00:29:56]
shell stdout: 
[INFO -- 2017-03-14 00:29:57]
shell stdout: 
[INFO -- 2017-03-14 00:29:57]
shell stdout: 
[INFO -- 2017-03-14 00:29:57]
shell stdout: 
[INFO -- 2017-03-14 00:29:57]
shell stdout: 
[INFO -- 2017-03-14 00:29:57]
shell stdout: 
[INFO -- 2017-03-14 00:29:57]
shell stdout: 
[INFO -- 2017-03-14 00:29:58]
shell stdout: 
[INFO -- 2017-03-14 00:29:58]
shell stdout: 
[INFO -- 2017-03-14 00:29:58]
shell stdout: 
[INFO -- 2017-03-14 00:29:58]
shell stdout: 
[INFO -- 2017-03-14 00:29:58]
shell stdout: 
[INFO -- 2017-03-14 00:29:58]
shell stdout: 
[INFO -- 2017-03-14 00:29:59]
shell stdout: 
[INFO -- 2017-03-14 00:29:59]
shell stdout: 
[INFO -- 2017-03-14 00:29:59]
shell stdout: 
[INFO -- 2017-03-14 00:29:59]
shell stdout: 
[INFO -- 2017-03-14 00:29:59]
shell stdout: 
[INFO -- 2017-03-14 00:29:59]
shell stdout: 
[INFO -- 2017-03-14 00:29:59]
shell stdout: 
[INFO -- 2017-03-14 00:30:00]
shell stdout: 
[INFO -- 2017-03-14 00:30:00]
shell stdout: 
[INFO -- 2017-03-14 00:30:00]
shell stdout: 
[INFO -- 2017-03-14 00:30:00]
shell stdout: 
[INFO -- 2017-03-14 00:30:00]
shell stdout: 
[INFO -- 2017-03-14 00:30:00]
shell stdout: 
[INFO -- 2017-03-14 00:30:00]
shell stdout: 
[INFO -- 2017-03-14 00:30:00]
shell stdout: 
[INFO -- 2017-03-14 00:30:01]
shell stdout: 
[INFO -- 2017-03-14 00:30:01]
shell stdout: 
[INFO -- 2017-03-14 00:30:01]
shell stdout: 
[INFO -- 2017-03-14 00:30:01]
shell stdout: 
[INFO -- 2017-03-14 00:30:01]
shell stdout: 
[INFO -- 2017-03-14 00:30:01]
shell stdout: 
[INFO -- 2017-03-14 00:30:02]
shell stdout: 
[INFO -- 2017-03-14 00:30:02]
shell stdout: 
[INFO -- 2017-03-14 00:30:02]
shell stdout: 
[INFO -- 2017-03-14 00:30:02]
shell stdout: 
[INFO -- 2017-03-14 00:30:02]
shell stdout: 
[INFO -- 2017-03-14 00:30:02]
shell stdout: 
[INFO -- 2017-03-14 00:30:03]
shell stdout: 
[INFO -- 2017-03-14 00:30:03]
shell stdout: 
[INFO -- 2017-03-14 00:30:03]
shell stdout: 
[INFO -- 2017-03-14 00:30:03]
shell stdout: 
[INFO -- 2017-03-14 00:30:03]
shell stdout: 
[INFO -- 2017-03-14 00:30:03]
shell stdout: 
[INFO -- 2017-03-14 00:30:04]
shell stdout: 
[INFO -- 2017-03-14 00:30:04]
shell stdout: 
[INFO -- 2017-03-14 00:30:04]
shell stdout: 
[INFO -- 2017-03-14 00:30:04]
shell stdout: 
[INFO -- 2017-03-14 00:30:04]
shell stdout: 
[INFO -- 2017-03-14 00:30:04]
shell stdout: 
[INFO -- 2017-03-14 00:30:04]
shell stdout: 
[INFO -- 2017-03-14 00:30:05]
shell stdout: 
[INFO -- 2017-03-14 00:30:05]
shell stdout: 
[INFO -- 2017-03-14 00:30:05]
shell stdout: 
[INFO -- 2017-03-14 00:30:05]
shell stdout: 
[INFO -- 2017-03-14 00:30:06]
shell stdout: 
[INFO -- 2017-03-14 00:30:07]
shell stdout: 
[INFO -- 2017-03-14 00:30:08]
shell stdout: 
[INFO -- 2017-03-14 00:30:09]
shell stdout: 
[INFO -- 2017-03-14 00:31:15]
finished due now-timestampStart > maxWaitTime*5
[INFO -- 2017-03-14 00:31:15]
now: 1489465875
[INFO -- 2017-03-14 00:31:15]
timestampStart: 1489465789
[INFO -- 2017-03-14 00:31:15]
kill cmd: killall -9 gdb-mic
[INFO -- 2017-03-14 00:31:15]
shell stdout: 
[INFO -- 2017-03-14 00:31:16]
kill cmd: ssh -T mic0 killall -9 needle_check
[INFO -- 2017-03-14 00:31:16]
shell stdout: 
[INFO -- 2017-03-14 00:31:16]
kill cmd: ssh -T mic0 killall -9 gdbserver
[INFO -- 2017-03-14 00:31:16]
shell stdout: 
[INFO -- 2017-03-14 00:31:16]
kill cmd: ssh -T mic0 killall -9 sshd
[INFO -- 2017-03-14 00:31:16]
shell stdout: 
