2016-11-01 01:50:23:Starting GDB script
2016-11-01 01:50:24:sending signal using command: 'ssh -T mic0 killall -2 lavamd' after 0.47602010969s
2016-11-01 01:50:24:shell stdout: 
2016-11-01 01:50:24:sending signal using command: 'ssh -T mic0 killall -2 lavamd' after 0.755334331902s
2016-11-01 01:50:24:shell stdout: 
2016-11-01 01:50:24:sending signal using command: 'ssh -T mic0 killall -2 lavamd' after 0.962754886907s
2016-11-01 01:50:24:shell stdout: 
2016-11-01 01:50:25:sending signal using command: 'ssh -T mic0 killall -2 lavamd' after 1.07611896099s
2016-11-01 01:50:25:shell stdout: 
2016-11-01 01:50:27:sending signal using command: 'ssh -T mic0 killall -2 lavamd' after 2.66224517048s
2016-11-01 01:50:27:shell stdout: 
2016-11-01 01:50:28:sending signal using command: 'ssh -T mic0 killall -2 lavamd' after 4.04407523517s
2016-11-01 01:50:28:shell stdout: 
2016-11-01 01:50:29:sending signal using command: 'ssh -T mic0 killall -2 lavamd' after 5.6449632032s
2016-11-01 01:50:29:shell stdout: 
2016-11-01 01:50:31:sending signal using command: 'ssh -T mic0 killall -2 lavamd' after 7.99394560287s
2016-11-01 01:50:31:shell stdout: 
2016-11-01 01:50:32:sending signal using command: 'ssh -T mic0 killall -2 lavamd' after 8.24446022443s
2016-11-01 01:50:32:shell stdout: 
2016-11-01 01:50:33:sending signal using command: 'ssh -T mic0 killall -2 lavamd' after 9.7533350023s
2016-11-01 01:50:33:shell stdout: 
2016-11-01 01:50:34:no gdbExecName running, out:
2016-11-01 01:50:34:checCmd:ps -e | grep -i gdb-mic
2016-11-01 01:50:34:finished now-timestampStart < maxWaitTime*5
2016-11-01 01:50:34:now: 1477979433
2016-11-01 01:50:34:timestampStart: 1477979423
2016-11-01 01:50:34:kill cmd: killall -9 gdb-mic
2016-11-01 01:50:34:shell stdout: 
2016-11-01 01:50:35:kill cmd: ssh -T mic0 killall -9 lavamd
2016-11-01 01:50:35:shell stdout: 
2016-11-01 01:50:35:kill cmd: ssh -T mic0 killall -9 gdbserver
2016-11-01 01:50:35:shell stdout: 
2016-11-01 01:50:35:kill cmd: ssh -T mic0 killall -9 sshd
2016-11-01 01:50:35:shell stdout: 
