2017-01-20 15:31:51:Starting GDB script
2017-01-20 15:31:51:initSignal:28.0
2017-01-20 15:31:51:endSignal:28.0
2017-01-20 15:31:51:seqSignal:15
2017-01-20 15:32:19:sending 15 signals using command: 'ssh -T mic1 killall -2 dgemm_check' after 28.0s
2017-01-20 15:32:19:sending 15 signals using command: 'ssh -T mic1 killall -2 dgemm_check' after 28.0s
2017-01-20 15:32:19:sending 15 signals using command: 'ssh -T mic1 killall -2 dgemm_check' after 28.0s
2017-01-20 15:32:19:shell stdout: 
2017-01-20 15:32:20:shell stdout: 
2017-01-20 15:32:20:shell stdout: 
2017-01-20 15:32:20:shell stdout: 
2017-01-20 15:32:20:shell stdout: 
2017-01-20 15:32:20:shell stdout: 
2017-01-20 15:32:20:shell stdout: 
2017-01-20 15:32:20:shell stdout: 
2017-01-20 15:32:20:shell stdout: 
2017-01-20 15:32:21:shell stdout: 
2017-01-20 15:32:21:shell stdout: 
2017-01-20 15:32:21:shell stdout: 
2017-01-20 15:32:21:shell stdout: 
2017-01-20 15:32:21:shell stdout: 
2017-01-20 15:32:21:shell stdout: 
2017-01-20 15:32:22:shell stdout: 
2017-01-20 15:32:22:shell stdout: 
2017-01-20 15:32:22:shell stdout: 
2017-01-20 15:32:22:shell stdout: 
2017-01-20 15:32:22:shell stdout: 
2017-01-20 15:32:22:shell stdout: 
2017-01-20 15:32:23:shell stdout: 
2017-01-20 15:32:23:shell stdout: 
2017-01-20 15:32:23:shell stdout: 
2017-01-20 15:32:23:shell stdout: 
2017-01-20 15:32:23:shell stdout: 
2017-01-20 15:32:23:shell stdout: 
2017-01-20 15:32:23:shell stdout: 
2017-01-20 15:32:23:shell stdout: 
2017-01-20 15:32:24:shell stdout: 
2017-01-20 15:32:24:shell stdout: 
2017-01-20 15:32:24:shell stdout: 
2017-01-20 15:32:24:shell stdout: 
2017-01-20 15:32:24:shell stdout: 
2017-01-20 15:32:24:shell stdout: 
2017-01-20 15:32:24:shell stdout: 
2017-01-20 15:32:25:shell stdout: 
2017-01-20 15:32:25:shell stdout: 
2017-01-20 15:32:25:shell stdout: 
2017-01-20 15:32:25:shell stdout: 
2017-01-20 15:32:25:shell stdout: 
2017-01-20 15:32:25:shell stdout: 
2017-01-20 15:32:26:shell stdout: 
2017-01-20 15:32:26:shell stdout: 
2017-01-20 15:32:26:shell stdout: 
2017-01-20 15:33:02:no gdbExecName running, out:
2017-01-20 15:33:02:checCmd:ps -e | grep -i gdb-mic
2017-01-20 15:33:02:finished now-timestampStart < maxWaitTime*5
2017-01-20 15:33:02:now: 1484944373
2017-01-20 15:33:02:timestampStart: 1484944311
2017-01-20 15:33:02:kill cmd: killall -9 gdb-mic
2017-01-20 15:33:02:shell stdout: 
2017-01-20 15:33:02:kill cmd: ssh -T mic1 killall -9 dgemm_check
2017-01-20 15:33:02:shell stdout: 
2017-01-20 15:33:03:kill cmd: ssh -T mic1 killall -9 gdbserver
2017-01-20 15:33:03:shell stdout: 
2017-01-20 15:33:03:kill cmd: ssh -T mic1 killall -9 sshd
2017-01-20 15:33:03:shell stdout: 
