[INFO -- 2017-03-02 08:40:51]
Starting GDB script
[INFO -- 2017-03-02 08:40:51]
initSignal:6.0
[INFO -- 2017-03-02 08:40:51]
endSignal:10.0
[INFO -- 2017-03-02 08:40:51]
seqSignal:30
[INFO -- 2017-03-02 08:40:59]
sending 30 signals using command: 'ssh -T mic0 killall -2 lavamd_check' after 8.06315739119s
[INFO -- 2017-03-02 08:41:00]
sending 30 signals using command: 'ssh -T mic0 killall -2 lavamd_check' after 8.74595024775s
[INFO -- 2017-03-02 08:41:00]
shell stdout: 
[INFO -- 2017-03-02 08:41:00]
shell stdout: 
[INFO -- 2017-03-02 08:41:00]
shell stdout: 
[INFO -- 2017-03-02 08:41:00]
sending 30 signals using command: 'ssh -T mic0 killall -2 lavamd_check' after 9.47771600405s
[INFO -- 2017-03-02 08:41:01]
shell stdout: 
[INFO -- 2017-03-02 08:41:01]
shell stdout: 
[INFO -- 2017-03-02 08:41:01]
shell stdout: 
[INFO -- 2017-03-02 08:41:01]
shell stdout: 
[INFO -- 2017-03-02 08:41:01]
shell stdout: 
[INFO -- 2017-03-02 08:41:01]
shell stdout: 
[INFO -- 2017-03-02 08:41:01]
shell stdout: 
[INFO -- 2017-03-02 08:41:01]
shell stdout: 
[INFO -- 2017-03-02 08:41:01]
shell stdout: 
[INFO -- 2017-03-02 08:41:02]
shell stdout: 
[INFO -- 2017-03-02 08:41:02]
shell stdout: 
[INFO -- 2017-03-02 08:41:02]
shell stdout: 
[INFO -- 2017-03-02 08:41:02]
shell stdout: 
[INFO -- 2017-03-02 08:41:02]
shell stdout: 
[INFO -- 2017-03-02 08:41:02]
shell stdout: 
[INFO -- 2017-03-02 08:41:03]
shell stdout: 
[INFO -- 2017-03-02 08:41:03]
shell stdout: 
[INFO -- 2017-03-02 08:41:03]
shell stdout: 
[INFO -- 2017-03-02 08:41:03]
shell stdout: 
[INFO -- 2017-03-02 08:41:03]
shell stdout: 
[INFO -- 2017-03-02 08:41:03]
shell stdout: 
[INFO -- 2017-03-02 08:41:03]
shell stdout: 
[INFO -- 2017-03-02 08:41:04]
shell stdout: 
[INFO -- 2017-03-02 08:41:04]
shell stdout: 
[INFO -- 2017-03-02 08:41:04]
shell stdout: 
[INFO -- 2017-03-02 08:41:04]
shell stdout: 
[INFO -- 2017-03-02 08:41:04]
shell stdout: 
[INFO -- 2017-03-02 08:41:04]
shell stdout: 
[INFO -- 2017-03-02 08:41:04]
shell stdout: 
[INFO -- 2017-03-02 08:41:04]
shell stdout: 
[INFO -- 2017-03-02 08:41:05]
shell stdout: 
[INFO -- 2017-03-02 08:41:05]
shell stdout: 
[INFO -- 2017-03-02 08:41:05]
shell stdout: 
[INFO -- 2017-03-02 08:41:05]
shell stdout: 
[INFO -- 2017-03-02 08:41:05]
shell stdout: 
[INFO -- 2017-03-02 08:41:05]
shell stdout: 
[INFO -- 2017-03-02 08:41:06]
shell stdout: 
[INFO -- 2017-03-02 08:41:06]
shell stdout: 
[INFO -- 2017-03-02 08:41:06]
shell stdout: 
[INFO -- 2017-03-02 08:41:06]
shell stdout: 
[INFO -- 2017-03-02 08:41:06]
shell stdout: 
[INFO -- 2017-03-02 08:41:06]
shell stdout: 
[INFO -- 2017-03-02 08:41:06]
shell stdout: 
[INFO -- 2017-03-02 08:41:07]
shell stdout: 
[INFO -- 2017-03-02 08:41:07]
shell stdout: 
[INFO -- 2017-03-02 08:41:07]
shell stdout: 
[INFO -- 2017-03-02 08:41:07]
shell stdout: 
[INFO -- 2017-03-02 08:41:07]
shell stdout: 
[INFO -- 2017-03-02 08:41:07]
shell stdout: 
[INFO -- 2017-03-02 08:41:07]
shell stdout: 
[INFO -- 2017-03-02 08:41:07]
shell stdout: 
[INFO -- 2017-03-02 08:41:08]
shell stdout: 
[INFO -- 2017-03-02 08:41:08]
shell stdout: 
[INFO -- 2017-03-02 08:41:08]
shell stdout: 
[INFO -- 2017-03-02 08:41:08]
shell stdout: 
[INFO -- 2017-03-02 08:41:08]
shell stdout: 
[INFO -- 2017-03-02 08:41:08]
shell stdout: 
[INFO -- 2017-03-02 08:41:09]
shell stdout: 
[INFO -- 2017-03-02 08:41:09]
shell stdout: 
[INFO -- 2017-03-02 08:41:09]
shell stdout: 
[INFO -- 2017-03-02 08:41:09]
shell stdout: 
[INFO -- 2017-03-02 08:41:09]
shell stdout: 
[INFO -- 2017-03-02 08:41:09]
shell stdout: 
[INFO -- 2017-03-02 08:41:10]
shell stdout: 
[INFO -- 2017-03-02 08:41:10]
shell stdout: 
[INFO -- 2017-03-02 08:41:10]
shell stdout: 
[INFO -- 2017-03-02 08:41:10]
shell stdout: 
[INFO -- 2017-03-02 08:41:10]
shell stdout: 
[INFO -- 2017-03-02 08:41:10]
shell stdout: 
[INFO -- 2017-03-02 08:41:10]
shell stdout: 
[INFO -- 2017-03-02 08:41:10]
shell stdout: 
[INFO -- 2017-03-02 08:41:10]
shell stdout: 
[INFO -- 2017-03-02 08:41:11]
shell stdout: 
[INFO -- 2017-03-02 08:41:11]
shell stdout: 
[INFO -- 2017-03-02 08:41:11]
shell stdout: 
[INFO -- 2017-03-02 08:41:11]
shell stdout: 
[INFO -- 2017-03-02 08:41:11]
shell stdout: 
[INFO -- 2017-03-02 08:41:11]
shell stdout: 
[INFO -- 2017-03-02 08:41:12]
shell stdout: 
[INFO -- 2017-03-02 08:41:12]
shell stdout: 
[INFO -- 2017-03-02 08:41:12]
shell stdout: 
[INFO -- 2017-03-02 08:41:12]
shell stdout: 
[INFO -- 2017-03-02 08:41:12]
shell stdout: 
[INFO -- 2017-03-02 08:41:12]
shell stdout: 
[INFO -- 2017-03-02 08:41:12]
shell stdout: 
[INFO -- 2017-03-02 08:41:13]
shell stdout: 
[INFO -- 2017-03-02 08:41:13]
shell stdout: 
[INFO -- 2017-03-02 08:41:40]
no gdbExecName running, out:
[INFO -- 2017-03-02 08:41:40]
checCmd:ps -e | grep -i gdb-mic
[INFO -- 2017-03-02 08:41:40]
finished now-timestampStart < maxWaitTime*5
[INFO -- 2017-03-02 08:41:40]
now: 1488462099
[INFO -- 2017-03-02 08:41:40]
timestampStart: 1488462051
[INFO -- 2017-03-02 08:41:40]
kill cmd: killall -9 gdb-mic
[INFO -- 2017-03-02 08:41:40]
shell stdout: 
[INFO -- 2017-03-02 08:41:40]
kill cmd: ssh -T mic0 killall -9 lavamd_check
[INFO -- 2017-03-02 08:41:40]
shell stdout: 
[INFO -- 2017-03-02 08:41:41]
kill cmd: ssh -T mic0 killall -9 gdbserver
[INFO -- 2017-03-02 08:41:41]
shell stdout: 
[INFO -- 2017-03-02 08:41:41]
kill cmd: ssh -T mic0 killall -9 sshd
[INFO -- 2017-03-02 08:41:41]
shell stdout: 
