2017-02-21 02:29:35:Starting flip_value script
2017-02-21 02:29:35:Initialization strings:
2017-02-21 02:29:35:(1) target extended-remote | ssh -T mic0 gdbserver --multi -
2017-02-21 02:29:35:(2) set sysroot /opt/mpss/3.7/sysroots/k1om-mpss-linux/
2017-02-21 02:29:35:(3) set sysroot /opt/mpss/3.7/sysroots/k1om-mpss-linux/
2017-02-21 02:29:35:(4) file /micNfs/gdb-fault-injection/injector/bin/clamr/clamr_openmponly
2017-02-21 02:29:35:(5) set remote exec-file /micNfs/gdb-fault-injection/injector/bin/clamr/clamr_openmponly
2017-02-21 02:29:35:(6) cd /micNfs/gdb-fault-injection/injector/bin/clamr
2017-02-21 02:29:35:(7) set args -n 512 -t 100 -g 100 -G data -j md5file
2017-02-21 02:29:35:initSignal:30
2017-02-21 02:29:35:endSignal:35
2017-02-21 02:29:35:seqSignal:20
2017-02-21 02:30:06:Backtrace BEGIN:
2017-02-21 02:30:06:#0  0x0000000000449a10 in std::vector<int, std::allocator<int> >::operator[] (this=0x7fffffffe3b0, __n=59603) at /usr/linux-k1om-4.7/linux-k1om/../x86_64-k1om-linux/include/c++/4.7.0/bits/stl_vector.h:780
#1  0x00000000005209f9 in Mesh::rezone_all (this=0x7f9a50, icount=48, jcount=0, mpot=..., have_state=1, state_memory=...) at /micNfs/gdb-fault-injection/injector/src/clamr/CLAMR/mesh/mesh.cpp:3209
#2  0x0000000000471447 in State::rezone_all (this=0x7fa5e0, icount=48, jcount=0, mpot=...) at /micNfs/gdb-fault-injection/injector/src/clamr/CLAMR/state.cpp:1034
#3  0x0000000000446030 in do_calc () at /micNfs/gdb-fault-injection/injector/src/clamr/CLAMR/clamr_cpuonly.cpp:462
#4  0x0000000000445a73 in main (argc=11, argv=0x7fffffffec58) at /micNfs/gdb-fault-injection/injector/src/clamr/CLAMR/clamr_cpuonly.cpp:380

2017-02-21 02:30:06:775	       *  out_of_range lookups are not defined. (For checked lookups
776	       *  see at().)
777	       */
778	      reference
779	      operator[](size_type __n) _GLIBCXX_NOEXCEPT
780	      { return *(this->_M_impl._M_start + __n); }
781	
782	      /**
783	       *  @brief  Subscript access to the data contained in the %vector.
784	       *  @param __n The index of the element for which data should be

2017-02-21 02:30:06:Backtrace END
2017-02-21 02:30:10:Type: A floating point type.
2017-02-21 02:30:10:Type sizeof: 8
2017-02-21 02:30:10:Mem contents(hex):0x280x070x3f0xf70x6e0x880xfb0x3d
2017-02-21 02:30:10:Fault Mode: Single bit-flip
2017-02-21 02:30:10:base address to flip value: 0x7d0720 
2017-02-21 02:30:10:address max offset: 8
2017-02-21 02:30:10:Memory content before bitflip:0x280x070x3f0xf70x6e0x880xfb0x3d
2017-02-21 02:30:10:Memory content after  bitflip:0x280x070x2f0xf70x6e0x880xfb0x3d
2017-02-21 02:30:10:Mem contents(hex):0x280x070x2f0xf70x6e0x880xfb0x3d
2017-02-21 02:30:11:frame name: do_calc
2017-02-21 02:30:11:symbol name: upper_mass_diff_percentage
2017-02-21 02:30:11:symbol filename: /micNfs/gdb-fault-injection/injector/src/clamr/CLAMR/clamr_cpuonly.cpp
2017-02-21 02:30:11:symbol line: 149
2017-02-21 02:30:11:value: 4.0065705543520283e-10
2017-02-21 02:30:11:value address: 0x7d0720 <upper_mass_diff_percentage>
2017-02-21 02:30:11:Type: A floating point type.
2017-02-21 02:30:11:Type sizeof: 8
2017-02-21 02:30:11:Fault Injection Successful after 36.0153961182s
