2016-10-14 16:50:52:Starting GDB script
2016-10-14 16:50:53:sending signal using command: 'ssh -T mic0 killall -2 hotspot_check' after 0.558866160339s
2016-10-14 16:50:53:shell stdout: 
2016-10-14 16:50:54:sending signal using command: 'ssh -T mic0 killall -2 hotspot_check' after 1.47893750871s
2016-10-14 16:50:54:shell stdout: 
2016-10-14 16:50:55:sending signal using command: 'ssh -T mic0 killall -2 hotspot_check' after 2.09522578151s
2016-10-14 16:50:55:shell stdout: 
2016-10-14 16:50:57:sending signal using command: 'ssh -T mic0 killall -2 hotspot_check' after 4.32366288589s
2016-10-14 16:50:57:shell stdout: 
2016-10-14 16:50:58:sending signal using command: 'ssh -T mic0 killall -2 hotspot_check' after 5.66374124s
2016-10-14 16:50:58:shell stdout: 
2016-10-14 16:51:00:sending signal using command: 'ssh -T mic0 killall -2 hotspot_check' after 7.44026335641s
2016-10-14 16:51:00:shell stdout: 
2016-10-14 16:51:02:sending signal using command: 'ssh -T mic0 killall -2 hotspot_check' after 9.05244417168s
2016-10-14 16:51:02:shell stdout: 
2016-10-14 16:51:02:sending signal using command: 'ssh -T mic0 killall -2 hotspot_check' after 9.08902235505s
2016-10-14 16:51:02:shell stdout: 
2016-10-14 16:51:04:sending signal using command: 'ssh -T mic0 killall -2 hotspot_check' after 11.4357028216s
2016-10-14 16:51:04:shell stdout: 
2016-10-14 16:51:06:sending signal using command: 'ssh -T mic0 killall -2 hotspot_check' after 12.9413084343s
2016-10-14 16:51:06:shell stdout: 
2016-10-14 16:51:06:no gdbExecName running, out:
2016-10-14 16:51:06:checCmd:ps -e | grep -i gdb-mic
2016-10-14 16:51:06:finished now-timestampStart < maxWaitTime*5
2016-10-14 16:51:06:now: 1476478265
2016-10-14 16:51:06:timestampStart: 1476478252
2016-10-14 16:51:06:kill cmd: killall -9 gdb-mic
2016-10-14 16:51:06:shell stdout: 
2016-10-14 16:51:07:kill cmd: ssh -T mic0 killall -9 hotspot_check
2016-10-14 16:51:07:shell stdout: 
2016-10-14 16:51:07:kill cmd: ssh -T mic0 killall -9 gdbserver
2016-10-14 16:51:07:shell stdout: 
