2016-10-12 02:29:44:Starting GDB script
2016-10-12 02:29:45:sending signal using command: 'ssh -T mic0 killall -2 lavamd' after 0.384798325447s
2016-10-12 02:29:45:shell stdout: 
2016-10-12 02:29:46:sending signal using command: 'ssh -T mic0 killall -2 lavamd' after 1.24409612724s
2016-10-12 02:29:46:shell stdout: 
2016-10-12 02:29:46:sending signal using command: 'ssh -T mic0 killall -2 lavamd' after 1.53843985395s
2016-10-12 02:29:46:shell stdout: 
2016-10-12 02:29:47:sending signal using command: 'ssh -T mic0 killall -2 lavamd' after 2.6379104488s
2016-10-12 02:29:47:shell stdout: 
2016-10-12 02:29:49:sending signal using command: 'ssh -T mic0 killall -2 lavamd' after 4.22233448114s
2016-10-12 02:29:49:shell stdout: 
2016-10-12 02:29:50:sending signal using command: 'ssh -T mic0 killall -2 lavamd' after 5.19629477229s
2016-10-12 02:29:50:shell stdout: 
2016-10-12 02:29:51:no gdbExecName running, out:
2016-10-12 02:29:51:checCmd:ps -e | grep -i gdb-mic
2016-10-12 02:29:51:finished now-timestampStart < maxWaitTime*5
2016-10-12 02:29:51:now: 1476253790
2016-10-12 02:29:51:timestampStart: 1476253784
2016-10-12 02:29:51:kill cmd: killall -9 gdb-mic
2016-10-12 02:29:51:shell stdout: 
2016-10-12 02:29:52:sending signal using command: 'ssh -T mic0 killall -2 lavamd' after 7.09898344965s
2016-10-12 02:29:52:shell stdout: 
2016-10-12 02:29:52:kill cmd: ssh -T mic0 killall -9 lavamd
2016-10-12 02:29:52:shell stdout: 
2016-10-12 02:29:52:kill cmd: ssh -T mic0 killall -9 gdbserver
2016-10-12 02:29:52:shell stdout: 
2016-10-12 02:29:52:kill cmd: ssh -T mic0 killall -9 sshd
2016-10-12 02:29:52:shell stdout: 
