[INFO -- 2017-03-10 16:33:14]
shell stdout: 
[INFO -- 2017-03-10 16:33:14]
shell stdout: 
[INFO -- 2017-03-10 16:33:14]
shell stdout: 
[INFO -- 2017-03-10 16:33:14]
shell stdout: 
[INFO -- 2017-03-10 16:33:14]
shell stdout: 
[INFO -- 2017-03-10 16:33:15]
shell stdout: 
[INFO -- 2017-03-10 16:33:15]
shell stdout: 
[INFO -- 2017-03-10 16:33:15]
Starting GDB script
[INFO -- 2017-03-10 16:33:15]
initSignal:6.0
[INFO -- 2017-03-10 16:33:15]
endSignal:8.0
[INFO -- 2017-03-10 16:33:15]
seqSignal:30
[INFO -- 2017-03-10 16:33:21]
sending 30 signals using command: 'ssh -T mic0 killall -2 lud_check' after 6.14449630757s
[INFO -- 2017-03-10 16:33:22]
shell stdout: 
[INFO -- 2017-03-10 16:33:22]
sending 30 signals using command: 'ssh -T mic0 killall -2 lud_check' after 6.79653157278s
[INFO -- 2017-03-10 16:33:22]
shell stdout: 
[INFO -- 2017-03-10 16:33:22]
shell stdout: 
[INFO -- 2017-03-10 16:33:22]
sending 30 signals using command: 'ssh -T mic0 killall -2 lud_check' after 7.37566785924s
[INFO -- 2017-03-10 16:33:23]
shell stdout: 
[INFO -- 2017-03-10 16:33:23]
shell stdout: 
[INFO -- 2017-03-10 16:33:23]
shell stdout: 
[INFO -- 2017-03-10 16:33:23]
shell stdout: 
[INFO -- 2017-03-10 16:33:23]
shell stdout: 
[INFO -- 2017-03-10 16:33:23]
shell stdout: 
[INFO -- 2017-03-10 16:33:23]
shell stdout: 
[INFO -- 2017-03-10 16:33:24]
shell stdout: 
[INFO -- 2017-03-10 16:33:24]
shell stdout: 
[INFO -- 2017-03-10 16:33:24]
shell stdout: 
[INFO -- 2017-03-10 16:33:24]
shell stdout: 
[INFO -- 2017-03-10 16:33:24]
shell stdout: 
[INFO -- 2017-03-10 16:33:24]
shell stdout: 
[INFO -- 2017-03-10 16:33:24]
shell stdout: 
[INFO -- 2017-03-10 16:33:25]
shell stdout: 
[INFO -- 2017-03-10 16:33:25]
shell stdout: 
[INFO -- 2017-03-10 16:33:25]
shell stdout: 
[INFO -- 2017-03-10 16:33:25]
shell stdout: 
[INFO -- 2017-03-10 16:33:25]
shell stdout: 
[INFO -- 2017-03-10 16:33:25]
shell stdout: 
[INFO -- 2017-03-10 16:33:26]
shell stdout: 
[INFO -- 2017-03-10 16:33:26]
shell stdout: 
[INFO -- 2017-03-10 16:33:26]
shell stdout: 
[INFO -- 2017-03-10 16:33:26]
shell stdout: 
[INFO -- 2017-03-10 16:33:26]
shell stdout: 
[INFO -- 2017-03-10 16:33:26]
shell stdout: 
[INFO -- 2017-03-10 16:33:26]
shell stdout: 
[INFO -- 2017-03-10 16:33:26]
shell stdout: 
[INFO -- 2017-03-10 16:33:27]
shell stdout: 
[INFO -- 2017-03-10 16:33:27]
shell stdout: 
[INFO -- 2017-03-10 16:33:27]
shell stdout: 
[INFO -- 2017-03-10 16:33:27]
shell stdout: 
[INFO -- 2017-03-10 16:33:27]
shell stdout: 
[INFO -- 2017-03-10 16:33:27]
shell stdout: 
[INFO -- 2017-03-10 16:33:27]
shell stdout: 
[INFO -- 2017-03-10 16:33:28]
shell stdout: 
[INFO -- 2017-03-10 16:33:28]
shell stdout: 
[INFO -- 2017-03-10 16:33:28]
shell stdout: 
[INFO -- 2017-03-10 16:33:28]
shell stdout: 
[INFO -- 2017-03-10 16:33:28]
shell stdout: 
[INFO -- 2017-03-10 16:33:28]
shell stdout: 
[INFO -- 2017-03-10 16:33:29]
shell stdout: 
[INFO -- 2017-03-10 16:33:29]
shell stdout: 
[INFO -- 2017-03-10 16:33:29]
shell stdout: 
[INFO -- 2017-03-10 16:33:29]
shell stdout: 
[INFO -- 2017-03-10 16:33:29]
shell stdout: 
[INFO -- 2017-03-10 16:33:29]
shell stdout: 
[INFO -- 2017-03-10 16:33:29]
shell stdout: 
[INFO -- 2017-03-10 16:33:29]
shell stdout: 
[INFO -- 2017-03-10 16:33:30]
shell stdout: 
[INFO -- 2017-03-10 16:33:30]
shell stdout: 
[INFO -- 2017-03-10 16:33:30]
shell stdout: 
[INFO -- 2017-03-10 16:33:30]
shell stdout: 
[INFO -- 2017-03-10 16:33:30]
shell stdout: 
[INFO -- 2017-03-10 16:33:30]
shell stdout: 
[INFO -- 2017-03-10 16:33:30]
shell stdout: 
[INFO -- 2017-03-10 16:33:31]
shell stdout: 
[INFO -- 2017-03-10 16:33:31]
shell stdout: 
[INFO -- 2017-03-10 16:33:31]
shell stdout: 
[INFO -- 2017-03-10 16:33:31]
shell stdout: 
[INFO -- 2017-03-10 16:33:31]
shell stdout: 
[INFO -- 2017-03-10 16:33:31]
shell stdout: 
[INFO -- 2017-03-10 16:33:32]
shell stdout: 
[INFO -- 2017-03-10 16:33:32]
shell stdout: 
[INFO -- 2017-03-10 16:33:32]
shell stdout: 
[INFO -- 2017-03-10 16:33:32]
shell stdout: 
[INFO -- 2017-03-10 16:33:32]
shell stdout: 
[INFO -- 2017-03-10 16:33:32]
shell stdout: 
[INFO -- 2017-03-10 16:33:32]
shell stdout: 
[INFO -- 2017-03-10 16:33:32]
shell stdout: 
[INFO -- 2017-03-10 16:33:33]
shell stdout: 
[INFO -- 2017-03-10 16:33:33]
shell stdout: 
[INFO -- 2017-03-10 16:33:33]
shell stdout: 
[INFO -- 2017-03-10 16:33:33]
shell stdout: 
[INFO -- 2017-03-10 16:33:33]
shell stdout: 
[INFO -- 2017-03-10 16:33:33]
shell stdout: 
[INFO -- 2017-03-10 16:33:33]
shell stdout: 
[INFO -- 2017-03-10 16:33:34]
shell stdout: 
[INFO -- 2017-03-10 16:33:34]
shell stdout: 
[INFO -- 2017-03-10 16:33:34]
shell stdout: 
[INFO -- 2017-03-10 16:33:34]
shell stdout: 
[INFO -- 2017-03-10 16:33:34]
shell stdout: 
[INFO -- 2017-03-10 16:33:34]
shell stdout: 
[INFO -- 2017-03-10 16:33:35]
shell stdout: 
[INFO -- 2017-03-10 16:33:35]
shell stdout: 
[INFO -- 2017-03-10 16:33:35]
shell stdout: 
[INFO -- 2017-03-10 16:33:36]
shell stdout: 
[INFO -- 2017-03-10 16:33:55]
finished due now-timestampStart > maxWaitTime*5
[INFO -- 2017-03-10 16:33:55]
now: 1489181635
[INFO -- 2017-03-10 16:33:55]
timestampStart: 1489181595
[INFO -- 2017-03-10 16:33:55]
kill cmd: killall -9 gdb-mic
[INFO -- 2017-03-10 16:33:55]
shell stdout: 
[INFO -- 2017-03-10 16:33:55]
kill cmd: ssh -T mic0 killall -9 lud_check
[INFO -- 2017-03-10 16:33:55]
shell stdout: 
[INFO -- 2017-03-10 16:33:56]
kill cmd: ssh -T mic0 killall -9 gdbserver
[INFO -- 2017-03-10 16:33:56]
shell stdout: 
[INFO -- 2017-03-10 16:33:56]
kill cmd: ssh -T mic0 killall -9 sshd
[INFO -- 2017-03-10 16:33:56]
shell stdout: 
