2016-10-14 15:49:33:Starting GDB script
2016-10-14 15:49:36:sending signal using command: 'ssh -T mic0 killall -2 hotspot_check' after 2.78646635692s
2016-10-14 15:49:36:shell stdout: 
2016-10-14 15:49:37:sending signal using command: 'ssh -T mic0 killall -2 hotspot_check' after 3.76981883942s
2016-10-14 15:49:37:shell stdout: 
2016-10-14 15:49:38:sending signal using command: 'ssh -T mic0 killall -2 hotspot_check' after 4.56255837086s
2016-10-14 15:49:38:shell stdout: 
2016-10-14 15:49:39:sending signal using command: 'ssh -T mic0 killall -2 hotspot_check' after 5.86316765238s
2016-10-14 15:49:39:shell stdout: 
2016-10-14 15:49:41:sending signal using command: 'ssh -T mic0 killall -2 hotspot_check' after 7.33730870944s
2016-10-14 15:49:41:shell stdout: 
2016-10-14 15:49:42:sending signal using command: 'ssh -T mic0 killall -2 hotspot_check' after 8.45429792219s
2016-10-14 15:49:42:shell stdout: 
2016-10-14 15:49:43:sending signal using command: 'ssh -T mic0 killall -2 hotspot_check' after 9.91085747633s
2016-10-14 15:49:43:shell stdout: 
2016-10-14 15:49:44:sending signal using command: 'ssh -T mic0 killall -2 hotspot_check' after 10.2635029483s
2016-10-14 15:49:44:shell stdout: 
2016-10-14 15:49:44:sending signal using command: 'ssh -T mic0 killall -2 hotspot_check' after 10.2869870006s
2016-10-14 15:49:44:shell stdout: 
2016-10-14 15:49:45:sending signal using command: 'ssh -T mic0 killall -2 hotspot_check' after 11.8516810026s
2016-10-14 15:49:45:shell stdout: 
2016-10-14 15:50:48:finished due now-timestampStart > maxWaitTime*5
2016-10-14 15:50:48:now: 1476474648
2016-10-14 15:50:48:timestampStart: 1476474573
2016-10-14 15:50:48:kill cmd: killall -9 gdb-mic
2016-10-14 15:50:48:shell stdout: 
2016-10-14 15:50:49:kill cmd: ssh -T mic0 killall -9 hotspot_check
2016-10-14 15:50:49:shell stdout: 
2016-10-14 15:50:50:kill cmd: ssh -T mic0 killall -9 gdbserver
2016-10-14 15:50:50:shell stdout: 
