2017-01-10 05:12:31:Starting GDB script
2017-01-10 05:12:31:initSignal:4.0
2017-01-10 05:12:31:endSignal:8.0
2017-01-10 05:12:31:seqSignal:30
2017-01-10 05:12:36:sending 30 signals using command: 'ssh -T mic0 killall -2 needle_check' after 5.37366411759s
2017-01-10 05:12:37:shell stdout: 
2017-01-10 05:12:37:shell stdout: 
2017-01-10 05:12:37:shell stdout: 
2017-01-10 05:12:37:sending 30 signals using command: 'ssh -T mic0 killall -2 needle_check' after 6.69915467122s
2017-01-10 05:12:38:shell stdout: 
2017-01-10 05:12:38:shell stdout: 
2017-01-10 05:12:38:shell stdout: 
2017-01-10 05:12:38:shell stdout: 
2017-01-10 05:12:38:sending 30 signals using command: 'ssh -T mic0 killall -2 needle_check' after 7.63462138521s
2017-01-10 05:12:39:shell stdout: 
2017-01-10 05:12:39:shell stdout: 
2017-01-10 05:12:39:shell stdout: 
2017-01-10 05:12:39:shell stdout: 
2017-01-10 05:12:39:shell stdout: 
2017-01-10 05:12:39:shell stdout: 
2017-01-10 05:12:39:shell stdout: 
2017-01-10 05:12:39:shell stdout: 
2017-01-10 05:12:40:shell stdout: 
2017-01-10 05:12:40:shell stdout: 
2017-01-10 05:12:40:shell stdout: 
2017-01-10 05:12:40:shell stdout: 
2017-01-10 05:12:40:shell stdout: 
2017-01-10 05:12:40:shell stdout: 
2017-01-10 05:12:40:shell stdout: 
2017-01-10 05:12:41:shell stdout: 
2017-01-10 05:12:41:shell stdout: 
2017-01-10 05:12:41:shell stdout: 
2017-01-10 05:12:41:shell stdout: 
2017-01-10 05:12:41:shell stdout: 
2017-01-10 05:12:41:shell stdout: 
2017-01-10 05:12:41:shell stdout: 
2017-01-10 05:12:42:shell stdout: 
2017-01-10 05:12:42:shell stdout: 
2017-01-10 05:12:42:shell stdout: 
2017-01-10 05:12:42:shell stdout: 
2017-01-10 05:12:42:shell stdout: 
2017-01-10 05:12:42:shell stdout: 
2017-01-10 05:12:42:shell stdout: 
2017-01-10 05:12:42:shell stdout: 
2017-01-10 05:12:43:shell stdout: 
2017-01-10 05:12:43:shell stdout: 
2017-01-10 05:12:43:shell stdout: 
2017-01-10 05:12:43:shell stdout: 
2017-01-10 05:12:43:shell stdout: 
2017-01-10 05:12:43:shell stdout: 
2017-01-10 05:12:43:shell stdout: 
2017-01-10 05:12:44:shell stdout: 
2017-01-10 05:12:44:shell stdout: 
2017-01-10 05:12:44:shell stdout: 
2017-01-10 05:12:44:shell stdout: 
2017-01-10 05:12:44:shell stdout: 
2017-01-10 05:12:44:shell stdout: 
2017-01-10 05:12:44:shell stdout: 
2017-01-10 05:12:44:shell stdout: 
2017-01-10 05:12:45:shell stdout: 
2017-01-10 05:12:45:shell stdout: 
2017-01-10 05:12:45:shell stdout: 
2017-01-10 05:12:45:shell stdout: 
2017-01-10 05:12:45:shell stdout: 
2017-01-10 05:12:45:shell stdout: 
2017-01-10 05:12:45:shell stdout: 
2017-01-10 05:12:46:shell stdout: 
2017-01-10 05:12:46:shell stdout: 
2017-01-10 05:12:46:shell stdout: 
2017-01-10 05:12:46:shell stdout: 
2017-01-10 05:12:46:shell stdout: 
2017-01-10 05:12:46:shell stdout: 
2017-01-10 05:12:46:shell stdout: 
2017-01-10 05:12:47:shell stdout: 
2017-01-10 05:12:47:shell stdout: 
2017-01-10 05:12:47:shell stdout: 
2017-01-10 05:12:47:shell stdout: 
2017-01-10 05:12:47:shell stdout: 
2017-01-10 05:12:47:shell stdout: 
2017-01-10 05:12:47:shell stdout: 
2017-01-10 05:12:47:shell stdout: 
2017-01-10 05:12:48:shell stdout: 
2017-01-10 05:12:48:shell stdout: 
2017-01-10 05:12:48:shell stdout: 
2017-01-10 05:12:48:shell stdout: 
2017-01-10 05:12:48:shell stdout: 
2017-01-10 05:12:48:shell stdout: 
2017-01-10 05:12:48:shell stdout: 
2017-01-10 05:12:49:shell stdout: 
2017-01-10 05:12:49:shell stdout: 
2017-01-10 05:12:49:shell stdout: 
2017-01-10 05:12:49:shell stdout: 
2017-01-10 05:12:49:shell stdout: 
2017-01-10 05:12:50:shell stdout: 
2017-01-10 05:12:50:shell stdout: 
2017-01-10 05:12:50:shell stdout: 
2017-01-10 05:12:50:shell stdout: 
2017-01-10 05:13:16:no gdbExecName running, out:
2017-01-10 05:13:16:checCmd:ps -e | grep -i gdb-mic
2017-01-10 05:13:16:finished now-timestampStart < maxWaitTime*5
2017-01-10 05:13:16:now: 1484043194
2017-01-10 05:13:16:timestampStart: 1484043151
2017-01-10 05:13:16:kill cmd: killall -9 gdb-mic
2017-01-10 05:13:16:shell stdout: 
2017-01-10 05:13:16:kill cmd: ssh -T mic0 killall -9 needle_check
2017-01-10 05:13:16:shell stdout: 
2017-01-10 05:13:16:kill cmd: ssh -T mic0 killall -9 gdbserver
2017-01-10 05:13:16:shell stdout: 
2017-01-10 05:13:17:kill cmd: ssh -T mic0 killall -9 sshd
2017-01-10 05:13:17:shell stdout: 
