2016-10-25 06:02:23:Starting GDB script
2016-10-25 06:02:24:sending signal using command: 'ssh -T mic0 killall -2 lavamd' after 0.62606641897s
2016-10-25 06:02:24:shell stdout: 
2016-10-25 06:02:25:sending signal using command: 'ssh -T mic0 killall -2 lavamd' after 0.846897354773s
2016-10-25 06:02:25:shell stdout: 
2016-10-25 06:02:26:sending signal using command: 'ssh -T mic0 killall -2 lavamd' after 1.95296679219s
2016-10-25 06:02:26:shell stdout: 
2016-10-25 06:02:27:sending signal using command: 'ssh -T mic0 killall -2 lavamd' after 2.36856845963s
2016-10-25 06:02:27:shell stdout: 
2016-10-25 06:02:27:sending signal using command: 'ssh -T mic0 killall -2 lavamd' after 2.95865948402s
2016-10-25 06:02:27:shell stdout: 
2016-10-25 06:02:29:sending signal using command: 'ssh -T mic0 killall -2 lavamd' after 4.64273023666s
2016-10-25 06:02:29:shell stdout: 
2016-10-25 06:02:29:sending signal using command: 'ssh -T mic0 killall -2 lavamd' after 4.81738334838s
2016-10-25 06:02:29:shell stdout: 
2016-10-25 06:02:32:sending signal using command: 'ssh -T mic0 killall -2 lavamd' after 7.72833208227s
2016-10-25 06:02:32:shell stdout: 
2016-10-25 06:02:33:sending signal using command: 'ssh -T mic0 killall -2 lavamd' after 9.0836643954s
2016-10-25 06:02:33:shell stdout: 
2016-10-25 06:02:33:sending signal using command: 'ssh -T mic0 killall -2 lavamd' after 9.2595506669s
2016-10-25 06:02:33:shell stdout: 
2016-10-25 06:02:41:no gdbExecName running, out:
2016-10-25 06:02:41:checCmd:ps -e | grep -i gdb-mic
2016-10-25 06:02:41:finished now-timestampStart < maxWaitTime*5
2016-10-25 06:02:41:now: 1477389760
2016-10-25 06:02:41:timestampStart: 1477389743
2016-10-25 06:02:41:kill cmd: killall -9 gdb-mic
2016-10-25 06:02:41:shell stdout: 
2016-10-25 06:02:41:kill cmd: ssh -T mic0 killall -9 lavamd
2016-10-25 06:02:41:shell stdout: 
2016-10-25 06:02:41:kill cmd: ssh -T mic0 killall -9 gdbserver
2016-10-25 06:02:41:shell stdout: 
2016-10-25 06:02:42:kill cmd: ssh -T mic0 killall -9 sshd
2016-10-25 06:02:42:shell stdout: 
