[INFO -- 2017-02-27 08:57:48]
Starting GDB script
[INFO -- 2017-02-27 08:57:48]
initSignal:0.0
[INFO -- 2017-02-27 08:57:48]
endSignal:2.0
[INFO -- 2017-02-27 08:57:48]
seqSignal:30
[INFO -- 2017-02-27 08:57:49]
sending 30 signals using command: 'ssh -T mic1 killall -2 lud_check' after 0.253738385044s
[INFO -- 2017-02-27 08:57:49]
shell stdout: 
[INFO -- 2017-02-27 08:57:49]
shell stdout: 
[INFO -- 2017-02-27 08:57:49]
sending 30 signals using command: 'ssh -T mic1 killall -2 lud_check' after 1.19816536559s
[INFO -- 2017-02-27 08:57:50]
shell stdout: 
[INFO -- 2017-02-27 08:57:50]
shell stdout: 
[INFO -- 2017-02-27 08:57:50]
sending 30 signals using command: 'ssh -T mic1 killall -2 lud_check' after 1.70461709782s
[INFO -- 2017-02-27 08:57:50]
shell stdout: 
[INFO -- 2017-02-27 08:57:50]
shell stdout: 
[INFO -- 2017-02-27 08:57:50]
shell stdout: 
[INFO -- 2017-02-27 08:57:51]
shell stdout: 
[INFO -- 2017-02-27 08:57:51]
shell stdout: 
[INFO -- 2017-02-27 08:57:51]
shell stdout: 
[INFO -- 2017-02-27 08:57:51]
shell stdout: 
[INFO -- 2017-02-27 08:57:51]
shell stdout: 
[INFO -- 2017-02-27 08:57:51]
shell stdout: 
[INFO -- 2017-02-27 08:57:51]
shell stdout: 
[INFO -- 2017-02-27 08:57:52]
shell stdout: 
[INFO -- 2017-02-27 08:57:52]
shell stdout: 
[INFO -- 2017-02-27 08:57:52]
shell stdout: 
[INFO -- 2017-02-27 08:57:52]
shell stdout: 
[INFO -- 2017-02-27 08:57:52]
shell stdout: 
[INFO -- 2017-02-27 08:57:52]
shell stdout: 
[INFO -- 2017-02-27 08:57:52]
shell stdout: 
[INFO -- 2017-02-27 08:57:52]
shell stdout: 
[INFO -- 2017-02-27 08:57:53]
shell stdout: 
[INFO -- 2017-02-27 08:57:53]
shell stdout: 
[INFO -- 2017-02-27 08:57:53]
shell stdout: 
[INFO -- 2017-02-27 08:57:53]
shell stdout: 
[INFO -- 2017-02-27 08:57:53]
shell stdout: 
[INFO -- 2017-02-27 08:57:53]
shell stdout: 
[INFO -- 2017-02-27 08:57:53]
shell stdout: 
[INFO -- 2017-02-27 08:57:54]
shell stdout: 
[INFO -- 2017-02-27 08:57:54]
shell stdout: 
[INFO -- 2017-02-27 08:57:54]
shell stdout: 
[INFO -- 2017-02-27 08:57:54]
shell stdout: 
[INFO -- 2017-02-27 08:57:54]
shell stdout: 
[INFO -- 2017-02-27 08:57:54]
shell stdout: 
[INFO -- 2017-02-27 08:57:54]
shell stdout: 
[INFO -- 2017-02-27 08:57:54]
shell stdout: 
[INFO -- 2017-02-27 08:57:55]
shell stdout: 
[INFO -- 2017-02-27 08:57:55]
shell stdout: 
[INFO -- 2017-02-27 08:57:55]
shell stdout: 
[INFO -- 2017-02-27 08:57:55]
shell stdout: 
[INFO -- 2017-02-27 08:57:55]
shell stdout: 
[INFO -- 2017-02-27 08:57:55]
shell stdout: 
[INFO -- 2017-02-27 08:57:55]
shell stdout: 
[INFO -- 2017-02-27 08:57:56]
shell stdout: 
[INFO -- 2017-02-27 08:57:56]
shell stdout: 
[INFO -- 2017-02-27 08:57:56]
shell stdout: 
[INFO -- 2017-02-27 08:57:56]
shell stdout: 
[INFO -- 2017-02-27 08:57:56]
shell stdout: 
[INFO -- 2017-02-27 08:57:56]
shell stdout: 
[INFO -- 2017-02-27 08:57:56]
shell stdout: 
[INFO -- 2017-02-27 08:57:56]
shell stdout: 
[INFO -- 2017-02-27 08:57:57]
shell stdout: 
[INFO -- 2017-02-27 08:57:57]
shell stdout: 
[INFO -- 2017-02-27 08:57:57]
shell stdout: 
[INFO -- 2017-02-27 08:57:57]
shell stdout: 
[INFO -- 2017-02-27 08:57:57]
shell stdout: 
[INFO -- 2017-02-27 08:57:57]
shell stdout: 
[INFO -- 2017-02-27 08:57:57]
shell stdout: 
[INFO -- 2017-02-27 08:57:58]
shell stdout: 
[INFO -- 2017-02-27 08:57:58]
shell stdout: 
[INFO -- 2017-02-27 08:57:58]
shell stdout: 
[INFO -- 2017-02-27 08:57:58]
shell stdout: 
[INFO -- 2017-02-27 08:57:58]
shell stdout: 
[INFO -- 2017-02-27 08:57:58]
shell stdout: 
[INFO -- 2017-02-27 08:57:58]
shell stdout: 
[INFO -- 2017-02-27 08:57:58]
shell stdout: 
[INFO -- 2017-02-27 08:57:59]
shell stdout: 
[INFO -- 2017-02-27 08:57:59]
shell stdout: 
[INFO -- 2017-02-27 08:57:59]
shell stdout: 
[INFO -- 2017-02-27 08:57:59]
shell stdout: 
[INFO -- 2017-02-27 08:57:59]
shell stdout: 
[INFO -- 2017-02-27 08:57:59]
shell stdout: 
[INFO -- 2017-02-27 08:57:59]
shell stdout: 
[INFO -- 2017-02-27 08:58:00]
shell stdout: 
[INFO -- 2017-02-27 08:58:00]
shell stdout: 
[INFO -- 2017-02-27 08:58:00]
shell stdout: 
[INFO -- 2017-02-27 08:58:00]
shell stdout: 
[INFO -- 2017-02-27 08:58:00]
shell stdout: 
[INFO -- 2017-02-27 08:58:00]
shell stdout: 
[INFO -- 2017-02-27 08:58:00]
shell stdout: 
[INFO -- 2017-02-27 08:58:00]
shell stdout: 
[INFO -- 2017-02-27 08:58:01]
shell stdout: 
[INFO -- 2017-02-27 08:58:01]
shell stdout: 
[INFO -- 2017-02-27 08:58:01]
shell stdout: 
[INFO -- 2017-02-27 08:58:01]
shell stdout: 
[INFO -- 2017-02-27 08:58:01]
shell stdout: 
[INFO -- 2017-02-27 08:58:01]
shell stdout: 
[INFO -- 2017-02-27 08:58:02]
shell stdout: 
[INFO -- 2017-02-27 08:58:02]
shell stdout: 
[INFO -- 2017-02-27 08:58:20]
no gdbExecName running, out:
[INFO -- 2017-02-27 08:58:20]
checCmd:ps -e | grep -i gdb-mic
[INFO -- 2017-02-27 08:58:20]
finished now-timestampStart < maxWaitTime*5
[INFO -- 2017-02-27 08:58:20]
now: 1488203899
[INFO -- 2017-02-27 08:58:20]
timestampStart: 1488203868
[INFO -- 2017-02-27 08:58:20]
kill cmd: killall -9 gdb-mic
[INFO -- 2017-02-27 08:58:20]
shell stdout: 
[INFO -- 2017-02-27 08:58:20]
kill cmd: ssh -T mic1 killall -9 lud_check
[INFO -- 2017-02-27 08:58:20]
shell stdout: 
[INFO -- 2017-02-27 08:58:20]
kill cmd: ssh -T mic1 killall -9 gdbserver
[INFO -- 2017-02-27 08:58:20]
shell stdout: 
[INFO -- 2017-02-27 08:58:21]
kill cmd: ssh -T mic1 killall -9 sshd
[INFO -- 2017-02-27 08:58:21]
shell stdout: 
