2016-11-01 16:41:24:Starting GDB script
2016-11-01 16:41:24:sending signal using command: 'ssh -T mic0 killall -2 lud_check' after 0.160803284262s
2016-11-01 16:41:24:shell stdout: 
2016-11-01 16:41:24:sending signal using command: 'ssh -T mic0 killall -2 lud_check' after 0.402446141983s
2016-11-01 16:41:24:shell stdout: 
2016-11-01 16:41:25:sending signal using command: 'ssh -T mic0 killall -2 lud_check' after 1.38403679497s
2016-11-01 16:41:25:shell stdout: 
2016-11-01 16:41:27:sending signal using command: 'ssh -T mic0 killall -2 lud_check' after 2.43452261887s
2016-11-01 16:41:27:shell stdout: 
2016-11-01 16:41:27:sending signal using command: 'ssh -T mic0 killall -2 lud_check' after 2.89222506827s
2016-11-01 16:41:27:shell stdout: 
2016-11-01 16:41:27:sending signal using command: 'ssh -T mic0 killall -2 lud_check' after 3.12557716337s
2016-11-01 16:41:27:shell stdout: 
2016-11-01 16:41:27:sending signal using command: 'ssh -T mic0 killall -2 lud_check' after 3.15994015372s
2016-11-01 16:41:27:shell stdout: 
2016-11-01 16:41:29:sending signal using command: 'ssh -T mic0 killall -2 lud_check' after 4.71936370027s
2016-11-01 16:41:29:shell stdout: 
2016-11-01 16:41:29:sending signal using command: 'ssh -T mic0 killall -2 lud_check' after 4.88984525817s
2016-11-01 16:41:29:shell stdout: 
2016-11-01 16:41:30:sending signal using command: 'ssh -T mic0 killall -2 lud_check' after 5.55290480113s
2016-11-01 16:41:30:shell stdout: 
2016-11-01 16:41:39:no gdbExecName running, out:
2016-11-01 16:41:39:checCmd:ps -e | grep -i gdb-mic
2016-11-01 16:41:39:finished now-timestampStart < maxWaitTime*5
2016-11-01 16:41:39:now: 1478032899
2016-11-01 16:41:39:timestampStart: 1478032884
2016-11-01 16:41:39:kill cmd: killall -9 gdb-mic
2016-11-01 16:41:39:shell stdout: 
2016-11-01 16:41:39:kill cmd: ssh -T mic0 killall -9 lud_check
2016-11-01 16:41:39:shell stdout: 
2016-11-01 16:41:40:kill cmd: ssh -T mic0 killall -9 gdbserver
2016-11-01 16:41:40:shell stdout: 
2016-11-01 16:41:40:kill cmd: ssh -T mic0 killall -9 sshd
2016-11-01 16:41:40:shell stdout: 
