[INFO -- 2017-02-28 03:15:19]
Starting GDB script
[INFO -- 2017-02-28 03:15:19]
initSignal:4.0
[INFO -- 2017-02-28 03:15:19]
endSignal:8.0
[INFO -- 2017-02-28 03:15:19]
seqSignal:30
[INFO -- 2017-02-28 03:15:24]
sending 30 signals using command: 'ssh -T mic0 killall -2 needle_check' after 5.08914272256s
[INFO -- 2017-02-28 03:15:24]
sending 30 signals using command: 'ssh -T mic0 killall -2 needle_check' after 5.30332730324s
[INFO -- 2017-02-28 03:15:24]
shell stdout: 
[INFO -- 2017-02-28 03:15:24]
shell stdout: 
[INFO -- 2017-02-28 03:15:25]
shell stdout: 
[INFO -- 2017-02-28 03:15:25]
shell stdout: 
[INFO -- 2017-02-28 03:15:25]
shell stdout: 
[INFO -- 2017-02-28 03:15:25]
sending 30 signals using command: 'ssh -T mic0 killall -2 needle_check' after 6.36390561129s
[INFO -- 2017-02-28 03:15:25]
shell stdout: 
[INFO -- 2017-02-28 03:15:25]
shell stdout: 
[INFO -- 2017-02-28 03:15:26]
shell stdout: 
[INFO -- 2017-02-28 03:15:26]
shell stdout: 
[INFO -- 2017-02-28 03:15:26]
shell stdout: 
[INFO -- 2017-02-28 03:15:26]
shell stdout: 
[INFO -- 2017-02-28 03:15:26]
shell stdout: 
[INFO -- 2017-02-28 03:15:26]
shell stdout: 
[INFO -- 2017-02-28 03:15:26]
shell stdout: 
[INFO -- 2017-02-28 03:15:27]
shell stdout: 
[INFO -- 2017-02-28 03:15:27]
shell stdout: 
[INFO -- 2017-02-28 03:15:27]
shell stdout: 
[INFO -- 2017-02-28 03:15:27]
shell stdout: 
[INFO -- 2017-02-28 03:15:27]
shell stdout: 
[INFO -- 2017-02-28 03:15:27]
shell stdout: 
[INFO -- 2017-02-28 03:15:27]
shell stdout: 
[INFO -- 2017-02-28 03:15:28]
shell stdout: 
[INFO -- 2017-02-28 03:15:28]
shell stdout: 
[INFO -- 2017-02-28 03:15:28]
shell stdout: 
[INFO -- 2017-02-28 03:15:28]
shell stdout: 
[INFO -- 2017-02-28 03:15:28]
shell stdout: 
[INFO -- 2017-02-28 03:15:28]
shell stdout: 
[INFO -- 2017-02-28 03:15:28]
shell stdout: 
[INFO -- 2017-02-28 03:15:29]
shell stdout: 
[INFO -- 2017-02-28 03:15:29]
shell stdout: 
[INFO -- 2017-02-28 03:15:29]
shell stdout: 
[INFO -- 2017-02-28 03:15:29]
shell stdout: 
[INFO -- 2017-02-28 03:15:29]
shell stdout: 
[INFO -- 2017-02-28 03:15:29]
shell stdout: 
[INFO -- 2017-02-28 03:15:29]
shell stdout: 
[INFO -- 2017-02-28 03:15:29]
shell stdout: 
[INFO -- 2017-02-28 03:15:30]
shell stdout: 
[INFO -- 2017-02-28 03:15:30]
shell stdout: 
[INFO -- 2017-02-28 03:15:30]
shell stdout: 
[INFO -- 2017-02-28 03:15:30]
shell stdout: 
[INFO -- 2017-02-28 03:15:30]
shell stdout: 
[INFO -- 2017-02-28 03:15:30]
shell stdout: 
[INFO -- 2017-02-28 03:15:30]
shell stdout: 
[INFO -- 2017-02-28 03:15:31]
shell stdout: 
[INFO -- 2017-02-28 03:15:31]
shell stdout: 
[INFO -- 2017-02-28 03:15:31]
shell stdout: 
[INFO -- 2017-02-28 03:15:31]
shell stdout: 
[INFO -- 2017-02-28 03:15:31]
shell stdout: 
[INFO -- 2017-02-28 03:15:31]
shell stdout: 
[INFO -- 2017-02-28 03:15:31]
shell stdout: 
[INFO -- 2017-02-28 03:15:32]
shell stdout: 
[INFO -- 2017-02-28 03:15:32]
shell stdout: 
[INFO -- 2017-02-28 03:15:32]
shell stdout: 
[INFO -- 2017-02-28 03:15:32]
shell stdout: 
[INFO -- 2017-02-28 03:15:32]
shell stdout: 
[INFO -- 2017-02-28 03:15:32]
shell stdout: 
[INFO -- 2017-02-28 03:15:32]
shell stdout: 
[INFO -- 2017-02-28 03:15:32]
shell stdout: 
[INFO -- 2017-02-28 03:15:33]
shell stdout: 
[INFO -- 2017-02-28 03:15:33]
shell stdout: 
[INFO -- 2017-02-28 03:15:33]
shell stdout: 
[INFO -- 2017-02-28 03:15:33]
shell stdout: 
[INFO -- 2017-02-28 03:15:33]
shell stdout: 
[INFO -- 2017-02-28 03:15:33]
shell stdout: 
[INFO -- 2017-02-28 03:15:33]
shell stdout: 
[INFO -- 2017-02-28 03:15:34]
shell stdout: 
[INFO -- 2017-02-28 03:15:34]
shell stdout: 
[INFO -- 2017-02-28 03:15:34]
shell stdout: 
[INFO -- 2017-02-28 03:15:34]
shell stdout: 
[INFO -- 2017-02-28 03:15:34]
shell stdout: 
[INFO -- 2017-02-28 03:15:34]
shell stdout: 
[INFO -- 2017-02-28 03:15:34]
shell stdout: 
[INFO -- 2017-02-28 03:15:35]
shell stdout: 
[INFO -- 2017-02-28 03:15:35]
shell stdout: 
[INFO -- 2017-02-28 03:15:35]
shell stdout: 
[INFO -- 2017-02-28 03:15:35]
shell stdout: 
[INFO -- 2017-02-28 03:15:35]
shell stdout: 
[INFO -- 2017-02-28 03:15:35]
shell stdout: 
[INFO -- 2017-02-28 03:15:35]
shell stdout: 
[INFO -- 2017-02-28 03:15:35]
shell stdout: 
[INFO -- 2017-02-28 03:15:36]
shell stdout: 
[INFO -- 2017-02-28 03:15:36]
shell stdout: 
[INFO -- 2017-02-28 03:15:36]
shell stdout: 
[INFO -- 2017-02-28 03:15:36]
shell stdout: 
[INFO -- 2017-02-28 03:15:36]
shell stdout: 
[INFO -- 2017-02-28 03:15:36]
shell stdout: 
[INFO -- 2017-02-28 03:15:36]
shell stdout: 
[INFO -- 2017-02-28 03:15:37]
shell stdout: 
[INFO -- 2017-02-28 03:15:37]
shell stdout: 
[INFO -- 2017-02-28 03:15:37]
shell stdout: 
[INFO -- 2017-02-28 03:16:04]
no gdbExecName running, out:
[INFO -- 2017-02-28 03:16:04]
checCmd:ps -e | grep -i gdb-mic
[INFO -- 2017-02-28 03:16:04]
finished now-timestampStart < maxWaitTime*5
[INFO -- 2017-02-28 03:16:04]
now: 1488269762
[INFO -- 2017-02-28 03:16:04]
timestampStart: 1488269719
[INFO -- 2017-02-28 03:16:04]
kill cmd: killall -9 gdb-mic
[INFO -- 2017-02-28 03:16:04]
shell stdout: 
[INFO -- 2017-02-28 03:16:04]
kill cmd: ssh -T mic0 killall -9 needle_check
[INFO -- 2017-02-28 03:16:04]
shell stdout: 
[INFO -- 2017-02-28 03:16:04]
kill cmd: ssh -T mic0 killall -9 gdbserver
[INFO -- 2017-02-28 03:16:04]
shell stdout: 
[INFO -- 2017-02-28 03:16:05]
kill cmd: ssh -T mic0 killall -9 sshd
[INFO -- 2017-02-28 03:16:05]
shell stdout: 
