2016-10-24 22:26:01:Initialization strings:
2016-10-24 22:26:01:(1) target extended-remote | ssh -T mic0 gdbserver --multi -
2016-10-24 22:26:01:(2) set sysroot /opt/mpss/3.7/sysroots/k1om-mpss-linux/
2016-10-24 22:26:01:(3) set sysroot /opt/mpss/3.7/sysroots/k1om-mpss-linux/
2016-10-24 22:26:01:(4) file /micNfs/gdb-fault-injection-nw/bin/needle_check
2016-10-24 22:26:01:(5) set remote exec-file /micNfs/gdb-fault-injection-nw/bin/needle_check
2016-10-24 22:26:01:(6) set args 16384 10 228 /micNfs/gdb-fault-injection-nw/bin/input_16384_th_228_pen_10 /micNfs/gdb-fault-injection-nw/bin/gold_16384_th_228_pen_10
2016-10-24 22:26:01:Trying Fault Injection
2016-10-24 22:26:01:Inferior PID: 31451
2016-10-24 22:26:01:Inferior is valid: True
2016-10-24 22:26:01:Inferior #threads: 1
2016-10-24 22:26:01:Backtrace BEGIN:
2016-10-24 22:26:01:#0  0x00007ffff6e243d0 in __open_nocancel () at ../sysdeps/unix/syscall-template.S:81
#1  0x00007ffff6e2f923 in __get_nprocs () at ../sysdeps/unix/sysv/linux/getsysstats.c:146
#2  0x00007ffff6e03608 in posix_sysconf (name=84) at ../sysdeps/posix/sysconf.c:631
#3  linux_sysconf (name=84) at ../sysdeps/unix/sysv/linux/x86_64/../sysconf.c:140
#4  __GI___sysconf (name=84) at ../sysdeps/unix/sysv/linux/x86_64/sysconf.c:36
#5  0x00007ffff7915b0a in ?? ()
#6  0x00007ffff6b57cf8 in ?? ()
#7  0x00007ffff6b57c80 in ?? ()
#8  0x00007fffffffeb50 in ?? ()
#9  0x00007fffffffee9c in ?? ()
#10 0x0000000000000024 in ?? ()
#11 0x0000000000000000 in ?? ()

2016-10-24 22:26:01:76	in ../sysdeps/unix/syscall-template.S

2016-10-24 22:26:01:Backtrace END
2016-10-24 22:26:01:Thread name: None
2016-10-24 22:26:01:Thread num: 1
2016-10-24 22:26:01:Thread ptid: (31451, 31451, 0)
2016-10-24 22:26:01:bitFlip function
2016-10-24 22:26:01:Type: The type is an integer type.
2016-10-24 22:26:01:Type sizeof: 8
2016-10-24 22:26:01:Mem contents(hex):0x000x000x000x000x000x000x000x00
2016-10-24 22:26:01:base address to flip value: 0x7ffff70b5270 
2016-10-24 22:26:01:address max offset: 8
2016-10-24 22:26:01:Memory content before bitflip:0x000x000x000x000x000x000x000x00
2016-10-24 22:26:01:Memory content after  bitflip:0x020x000x000x000x000x000x000x00
2016-10-24 22:26:01:Mem contents(hex):0x020x000x000x000x000x000x000x00
2016-10-24 22:26:01:frame name: __get_nprocs
2016-10-24 22:26:01:symbol name: timestamp
2016-10-24 22:26:01:symbol filename: ../sysdeps/unix/sysv/linux/getsysstats.c
2016-10-24 22:26:01:symbol line: 129
2016-10-24 22:26:01:value: 2
2016-10-24 22:26:01:value address: 0x7ffff70b5270 <timestamp>
2016-10-24 22:26:01:Type: The type is an integer type.
2016-10-24 22:26:01:Type sizeof: 8
2016-10-24 22:26:01:Fault Injection Successful after 0.999855995178s
2016-10-24 22:26:05:Fault Already Injected
2016-10-24 22:26:09:Fault Already Injected
2016-10-24 22:26:13:Fault Already Injected
2016-10-24 22:26:16:event type: exit
2016-10-24 22:26:16:exit code: 0
