2016-10-22 11:43:51:Starting GDB script
2016-10-22 11:43:52:sending signal using command: 'ssh -T mic0 killall -2 lavamd' after 0.455783485722s
2016-10-22 11:43:52:shell stdout: 
2016-10-22 11:43:52:sending signal using command: 'ssh -T mic0 killall -2 lavamd' after 0.615388630356s
2016-10-22 11:43:52:shell stdout: 
2016-10-22 11:43:52:sending signal using command: 'ssh -T mic0 killall -2 lavamd' after 0.974872369078s
2016-10-22 11:43:52:shell stdout: 
2016-10-22 11:43:55:sending signal using command: 'ssh -T mic0 killall -2 lavamd' after 3.13555678987s
2016-10-22 11:43:55:shell stdout: 
2016-10-22 11:43:56:sending signal using command: 'ssh -T mic0 killall -2 lavamd' after 4.1929592031s
2016-10-22 11:43:56:shell stdout: 
2016-10-22 11:43:57:sending signal using command: 'ssh -T mic0 killall -2 lavamd' after 4.7832694239s
2016-10-22 11:43:57:shell stdout: 
2016-10-22 11:43:57:sending signal using command: 'ssh -T mic0 killall -2 lavamd' after 4.86535356915s
2016-10-22 11:43:57:shell stdout: 
2016-10-22 11:43:57:sending signal using command: 'ssh -T mic0 killall -2 lavamd' after 5.76496671261s
2016-10-22 11:43:57:shell stdout: 
2016-10-22 11:43:59:sending signal using command: 'ssh -T mic0 killall -2 lavamd' after 7.00457349525s
2016-10-22 11:43:59:shell stdout: 
2016-10-22 11:43:59:sending signal using command: 'ssh -T mic0 killall -2 lavamd' after 7.29010781171s
2016-10-22 11:43:59:shell stdout: 
2016-10-22 11:44:07:no gdbExecName running, out:
2016-10-22 11:44:07:checCmd:ps -e | grep -i gdb-mic
2016-10-22 11:44:07:finished now-timestampStart < maxWaitTime*5
2016-10-22 11:44:07:now: 1477151046
2016-10-22 11:44:07:timestampStart: 1477151031
2016-10-22 11:44:07:kill cmd: killall -9 gdb-mic
2016-10-22 11:44:07:shell stdout: 
2016-10-22 11:44:07:kill cmd: ssh -T mic0 killall -9 lavamd
2016-10-22 11:44:07:shell stdout: 
2016-10-22 11:44:08:kill cmd: ssh -T mic0 killall -9 gdbserver
2016-10-22 11:44:08:shell stdout: 
2016-10-22 11:44:08:kill cmd: ssh -T mic0 killall -9 sshd
2016-10-22 11:44:08:shell stdout: 
