2016-10-13 07:29:16:Starting GDB script
2016-10-13 07:29:17:sending signal using command: 'ssh -T mic0 killall -2 needle_check' after 0.294197337003s
2016-10-13 07:29:17:shell stdout: 
2016-10-13 07:29:17:sending signal using command: 'ssh -T mic0 killall -2 needle_check' after 0.675784090169s
2016-10-13 07:29:17:shell stdout: 
2016-10-13 07:29:21:sending signal using command: 'ssh -T mic0 killall -2 needle_check' after 4.35558387502s
2016-10-13 07:29:21:shell stdout: 
2016-10-13 07:29:22:sending signal using command: 'ssh -T mic0 killall -2 needle_check' after 5.62532821177s
2016-10-13 07:29:22:shell stdout: 
2016-10-13 07:29:23:sending signal using command: 'ssh -T mic0 killall -2 needle_check' after 5.74342684826s
2016-10-13 07:29:23:shell stdout: 
2016-10-13 07:29:23:sending signal using command: 'ssh -T mic0 killall -2 needle_check' after 6.63878242739s
2016-10-13 07:29:23:shell stdout: 
2016-10-13 07:29:24:no gdbExecName running, out:
2016-10-13 07:29:24:checCmd:ps -e | grep -i gdb-mic
2016-10-13 07:29:24:finished now-timestampStart < maxWaitTime*5
2016-10-13 07:29:24:now: 1476358163
2016-10-13 07:29:24:timestampStart: 1476358156
2016-10-13 07:29:24:kill cmd: killall -9 gdb-mic
2016-10-13 07:29:24:shell stdout: 
2016-10-13 07:29:24:kill cmd: ssh -T mic0 killall -9 needle_check
2016-10-13 07:29:24:shell stdout: 
2016-10-13 07:29:24:kill cmd: ssh -T mic0 killall -9 gdbserver
2016-10-13 07:29:24:shell stdout: 
2016-10-13 07:29:25:kill cmd: ssh -T mic0 killall -9 sshd
2016-10-13 07:29:25:shell stdout: 
