#HEADER max_rows:16384 max_cols:16384 penalty:10 omp_num_threads:228
#BEGIN Y:2016 M:10 D:19 Time:02:46:06
#IT Ite:0 KerTime:0.961594 AccTime:0.961594
#ERR  p: [1368, 455], r: -10, e: -8
#ERR  p: [2016, 831], r: -10, e: -9
#ERR  p: [2088, 1164], r: -5, e: -3
#ERR  p: [1296, 432], r: -10, e: -9
#ERR  p: [2232, 599], r: 0, e: 2
#ERR  p: [1872, 71], r: -10, e: -9
#ERR  p: [576, 99], r: -10, e: -8
#ERR  p: [1440, 14101], r: -10, e: -9
#ERR  p: [216, 143], r: -4, e: -2
#ERR  p: [144, 208], r: -4, e: -2
#ERR  p: [432, 199], r: -2, e: 0
#ERR  p: [648, 565], r: -7, e: -5
#ERR  p: [2160, 3587], r: -6, e: -4
#ERR  p: [288, 698], r: -1, e: 1
#ERR  p: [504, 789], r: -10, e: -8
#ERR  p: [1008, 1340], r: -7, e: -5
#ERR  p: [1656, 12163], r: -6, e: -4
#ERR  p: [1224, 3982], r: -7, e: -5
#ERR  p: [1800, 5228], r: 0, e: 2
#ERR  p: [864, 216], r: -10, e: -8
#ERR  p: [720, 11360], r: 1, e: 2
#ERR  p: [936, 1010], r: -7, e: -5
#ERR  p: [1080, 1351], r: -3, e: -1
#ERR  p: [1368, 1438], r: -10, e: -9
#ERR  p: [2448, 558], r: -5, e: -3
#ERR  p: [2088, 1839], r: 1, e: 3
#ERR  p: [2016, 2360], r: -9, e: -8
#ERR  p: [1733, 53], r: 0, e: 2
#ERR  p: [365, 67], r: -4, e: -2
#ERR  p: [2232, 600], r: -6, e: -4
#ERR  p: [1296, 605], r: 6, e: 7
#ERR  p: [1872, 157], r: -9, e: -8
#ERR  p: [2664, 144], r: 0, e: 2
#ERR  p: [576, 161], r: -9, e: -7
#ERR  p: [432, 231], r: -8, e: -6
#ERR  p: [216, 432], r: -10, e: -9
#ERR  p: [864, 1131], r: -4, e: -2
#ERR  p: [288, 699], r: -10, e: -9
#ERR  p: [1657, 12164], r: -8, e: -6
#ERR  p: [144, 231], r: -9, e: -7
#ERR  p: [2160, 8104], r: -8, e: -6
#ERR  p: [1800, 5229], r: 0, e: 2
#ERR  p: [504, 833], r: -9, e: -8
#ERR  p: [1008, 3621], r: -9, e: -7
#ERR  p: [1224, 6288], r: -7, e: -6
#ERR  p: [720, 11361], r: -9, e: -8
#ERR  p: [1080, 1645], r: -6, e: -4
#ERR  p: [936, 2405], r: -10, e: -9
#ERR  p: [2520, 56], r: -10, e: -9
#ERR  p: [1441, 14102], r: -14, e: -13
#ERR  p: [649, 566], r: -8, e: -6
#ERR  p: [1368, 5216], r: -9, e: -8
#ERR  p: [2448, 1216], r: -7, e: -5
#ERR  p: [2088, 1840], r: -9, e: -7
#ERR  p: [2016, 2466], r: -9, e: -7
#ERR  p: [1733, 54], r: -9, e: -8
#ERR  p: [2592, 1360], r: -8, e: -6
#ERR  p: [4968, 197], r: 4, e: 6
#ERR  p: [5040, 1074], r: -10, e: -8
#ERR  p: [4824, 113], r: -6, e: -5
#ERR  p: [5256, 490], r: -9, e: -7
#ERR  p: [2311, 207], r: -6, e: -4
#ERR  p: [5401, 159], r: -7, e: -5
#ERR  p: [2952, 166], r: -9, e: -7
#ERR  p: [4680, 992], r: -10, e: -9
#ERR  p: [5112, 2785], r: -6, e: -4
#ERR  p: [5616, 71], r: -8, e: -6
#ERR  p: [4896, 1410], r: -10, e: -9
#ERR  p: [16101, 200], r: -6, e: -4
#ERR  p: [5760, 199], r: 3, e: 5
#ERR  p: [16172, 602], r: -10, e: -8
#ERR  p: [4608, 13932], r: -7, e: -6
#ERR  p: [16314, 6246], r: -7, e: -5
#ERR  p: [5832, 152], r: -5, e: -3
#ERR  p: [7560, 6165], r: -2, e: 0
#ERR  p: [5688, 11262], r: -3, e: -1
#ERR  p: [14468, 75], r: -10, e: -9
#ERR  p: [2880, 257], r: -10, e: -9
#ERR  p: [6120, 35], r: -10, e: -8
#ERR  p: [3024, 433], r: 9, e: 11
#ERR  p: [5904, 807], r: -2, e: 0
#ERR  p: [6192, 12277], r: -10, e: -9
#ERR  p: [6696, 814], r: -8, e: -6
#ERR  p: [14610, 1013], r: -9, e: -7
#ERR  p: [5472, 520], r: 1, e: 3
#ERR  p: [2232, 785], r: -10, e: -9
#ERR  p: [1296, 606], r: -4, e: -3
#ERR  p: [1872, 787], r: -4, e: -3
#ERR  p: [576, 485], r: -10, e: -8
#ERR  p: [365, 109], r: -9, e: -7
#ERR  p: [216, 815], r: -8, e: -6
#ERR  p: [2664, 145], r: -10, e: -8
#ERR  p: [432, 777], r: -8, e: -6
#ERR  p: [88, 67], r: -9, e: -7
#ERR  p: [864, 1132], r: -10, e: -9
#ERR  p: [288, 1140], r: -10, e: -8
#ERR  p: [144, 241], r: -5, e: -3
#ERR  p: [2160, 9401], r: 7, e: 9
#ERR  p: [504, 3029], r: -2, e: 0
#ERR  p: [3816, 607], r: -10, e: -8
#ERR  p: [6264, 12266], r: -3, e: -2
#ERR  p: [2386, 33], r: -10, e: -9
#ERR  p: [1800, 5230], r: -9, e: -8
#ERR  p: [1658, 12165], r: -10, e: -9
#ERR  p: [15391, 613], r: -2, e: 0
#ERR  p: [14326, 5282], r: -10, e: -9
#ERR  p: [16243, 778], r: -8, e: -7
#ERR  p: [6480, 2115], r: -3, e: -1
#ERR  p: [1169, 33], r: -14, e: -12
#ERR  p: [6048, 9064], r: -9, e: -8
#ERR  p: [7056, 1919], r: -9, e: -7
#ERR  p: [15888, 139], r: -1, e: 1
#ERR  p: [1008, 6449], r: 2, e: 4
#ERR  p: [14112, 3116], r: 0, e: 2
#ERR  p: [14184, 11705], r: -6, e: -4
#ERR  p: [3384, 54], r: -10, e: -9
#ERR  p: [15249, 192], r: -12, e: -11
#ERR  p: [14823, 15851], r: -8, e: -6
#ERR  p: [5401, 185], r: -10, e: -8
#ERR  p: [14255, 55], r: -10, e: -8
#ERR  p: [14753, 33], r: -14, e: -12
#ERR  p: [7488, 269], r: -10, e: -9
#ERR  p: [7920, 70], r: -7, e: -5
#ERR  p: [6768, 117], r: -10, e: -9
#ERR  p: [1224, 6491], r: -6, e: -4
#ERR  p: [7992, 231], r: -10, e: -9
#ERR  p: [720, 11562], r: -10, e: -8
#ERR  p: [6624, 60], r: -3, e: -1
#ERR  p: [7200, 244], r: -10, e: -9
#ERR  p: [936, 2407], r: -8, e: -6
#ERR  p: [15677, 159], r: -5, e: -3
#ERR  p: [14539, 222], r: -9, e: -8
#ERR  p: [6336, 785], r: -6, e: -4
#ERR  p: [1080, 2117], r: -3, e: -1
#ERR  p: [15962, 109], r: -10, e: -8
#ERR  p: [2448, 2010], r: -9, e: -7
#ERR  p: [15604, 53], r: -3, e: -1
#ERR  p: [3528, 220], r: -5, e: -3
#ERR  p: [15462, 252], r: 1, e: 2
#ERR  p: [14397, 98], r: -10, e: -8
#ERR  p: [15746, 8737], r: -8, e: -7
#ERR  p: [13968, 811], r: -2, e: 0
#ERR  p: [13824, 232], r: -9, e: -7
#ERR  p: [4464, 1691], r: -9, e: -7
#ERR  p: [2520, 604], r: -10, e: -9
#ERR  p: [11376, 1016], r: -7, e: -5
#ERR  p: [11304, 171], r: 5, e: 7
#ERR  p: [9936, 70], r: -7, e: -5
#ERR  p: [15533, 1426], r: -9, e: -7
#ERR  p: [7344, 5763], r: -10, e: -9
#ERR  p: [9360, 1221], r: -7, e: -6
#ERR  p: [3096, 5874], r: -10, e: -9
#ERR  p: [7848, 1362], r: -9, e: -8
#ERR  p: [7632, 5213], r: -10, e: -8
#ERR  p: [1368, 6772], r: -10, e: -9
#ERR  p: [1528, 97], r: -10, e: -9
#ERR  p: [7128, 1327], r: -5, e: -3
#ERR  p: [3888, 10297], r: -2, e: 0
#ERR  p: [13896, 2348], r: -2, e: 0
#ERR  p: [3744, 1525], r: -9, e: -7
#ERR  p: [4680, 993], r: -1, e: 0
#ERR  p: [15039, 67], r: -10, e: -8
#ERR  p: [5040, 12775], r: -1, e: 1
#ERR  p: [5616, 234], r: -10, e: -9
#ERR  p: [16172, 792], r: -9, e: -7
#ERR  p: [4896, 6484], r: -4, e: -3
#ERR  p: [6840, 1209], r: -4, e: -2
#ERR  p: [15178, 487], r: -10, e: -8
#ERR  p: [8496, 455], r: -5, e: -3
#ERR  p: [7418, 53], r: -3, e: -1
#ERR  p: [16030, 435], r: 1, e: 3
#ERR  p: [6912, 9201], r: -9, e: -7
#ERR  p: [2880, 269], r: -8, e: -6
#ERR  p: [14965, 2183], r: -7, e: -6
#ERR  p: [650, 567], r: -7, e: -5
#ERR  p: [2088, 1908], r: -5, e: -3
#ERR  p: [4176, 2341], r: -2, e: 0
#ERR  p: [6120, 69], r: -9, e: -7
#ERR  p: [8712, 1789], r: -10, e: -9
#ERR  p: [10728, 6551], r: -4, e: -2
#ERR  p: [12024, 1466], r: -10, e: -9
#ERR  p: [11520, 1756], r: -10, e: -8
#ERR  p: [8784, 1161], r: -9, e: -8
#ERR  p: [13320, 11069], r: -9, e: -7
#ERR  p: [12456, 204], r: -10, e: -8
#ERR  p: [13608, 1260], r: -9, e: -8
#ERR  p: [5983, 189], r: -10, e: -9
#ERR  p: [13752, 3984], r: -3, e: -1
#ERR  p: [8568, 512], r: -8, e: -6
#ERR  p: [13248, 3305], r: -6, e: -4
#ERR  p: [13680, 7359], r: -4, e: -2
#ERR  p: [8136, 10208], r: -2, e: 0
#ERR  p: [14610, 1014], r: -6, e: -4
#ERR  p: [8856, 163], r: -10, e: -8
#ERR  p: [2016, 3027], r: -9, e: -7
#ERR  p: [8640, 8543], r: -1, e: 1
#ERR  p: [8064, 2402], r: -4, e: -2
#ERR  p: [4536, 8079], r: -9, e: -7
#ERR  p: [10656, 69], r: -8, e: -6
#ERR  p: [15116, 33], r: -10, e: -8
#ERR  p: [10800, 1403], r: -7, e: -5
#ERR  p: [10515, 53], r: -10, e: -9
#ERR  p: [9648, 861], r: -4, e: -2
#ERR  p: [11088, 3753], r: -10, e: -9
#ERR  p: [8208, 9198], r: -10, e: -9
#ERR  p: [365, 813], r: -8, e: -6
#ERR  p: [11160, 567], r: -10, e: -8
#ERR  p: [576, 592], r: -10, e: -9
#ERR  p: [11016, 814], r: -10, e: -9
#ERR  p: [9864, 456], r: -6, e: -4
#ERR  p: [10584, 7251], r: 1, e: 3
#ERR  p: [4112, 67], r: -10, e: -8
#ERR  p: [11592, 68], r: -10, e: -8
#ERR  p: [9576, 1014], r: -8, e: -6
#ERR  p: [11880, 8555], r: -1, e: 1
#ERR  p: [3456, 4243], r: -5, e: -4
#ERR  p: [9072, 98], r: -9, e: -7
#ERR  p: [11664, 57], r: -9, e: -7
#ERR  p: [10440, 602], r: -10, e: -9
#ERR  p: [12960, 210], r: -8, e: -7
#ERR  p: [10152, 100], r: -5, e: -3
#ERR  p: [11808, 602], r: -10, e: -9
#ERR  p: [3600, 215], r: -5, e: -4
#ERR  p: [9000, 359], r: -7, e: -5
#ERR  p: [8280, 792], r: -10, e: -9
#ERR  p: [12384, 110], r: -10, e: -9
#ERR  p: [13464, 35], r: -10, e: -9
#ERR  p: [1963, 53], r: -3, e: -1
#ERR  p: [10224, 207], r: -10, e: -8
#ERR  p: [4032, 2334], r: -7, e: -5
#ERR  p: [10008, 55], r: -6, e: -4
#ERR  p: [4762, 67], r: -7, e: -5
#ERR  p: [9504, 239], r: -6, e: -5
#ERR  p: [2592, 1361], r: -7, e: -6
#ERR  p: [4968, 198], r: -2, e: 0
#ERR  p: [1733, 207], r: -10, e: -8
#ERR  p: [14907, 230], r: -8, e: -6
#ERR  p: [4824, 202], r: -3, e: -1
#ERR  p: [9216, 782], r: -9, e: -7
#ERR  p: [9288, 511], r: -9, e: -8
#ERR  p: [10296, 3305], r: -9, e: -7
#ERR  p: [10368, 3981], r: -7, e: -5
#ERR  p: [5256, 983], r: 4, e: 6
#ERR  p: [7560, 8697], r: -6, e: -4
#ERR  p: [2952, 167], r: -2, e: 0
#ERR  p: [2311, 813], r: -8, e: -6
#ERR  p: [5760, 200], r: -7, e: -5
#ERR  p: [16101, 270], r: -8, e: -6
#ERR  p: [5112, 4351], r: -3, e: -1
#ERR  p: [5688, 11263], r: 2, e: 4
#ERR  p: [5832, 3804], r: -9, e: -7
#ERR  p: [14468, 582], r: -4, e: -2
#ERR  p: [7776, 216], r: -9, e: -7
#ERR  p: [12168, 438], r: -10, e: -9
#ERR  p: [12528, 2507], r: 1, e: 3
#ERR  p: [16315, 33], r: 6, e: 8
#ERR  p: [13392, 152], r: -4, e: -2
#ERR  p: [144, 777], r: -6, e: -4
#ERR  p: [1296, 1060], r: -8, e: -6
#ERR  p: [216, 2398], r: -3, e: -2
#ERR  p: [288, 2717], r: -10, e: -8
#ERR  p: [432, 787], r: -8, e: -6
#ERR  p: [504, 3160], r: -9, e: -8
#ERR  p: [2160, 12173], r: 1, e: 2
#ERR  p: [3528, 489], r: -7, e: -5
#ERR  p: [2880, 485], r: -5, e: -3
#ERR  p: [2232, 1333], r: -8, e: -7
#ERR  p: [11736, 3993], r: -10, e: -9
#ERR  p: [12312, 166], r: -9, e: -7
#ERR  p: [1169, 53], r: -14, e: -12
#ERR  p: [7344, 7624], r: -8, e: -6
#ERR  p: [7920, 162], r: -10, e: -9
#ERR  p: [1368, 7379], r: -8, e: -6
#ERR  p: [651, 568], r: -10, e: -8
#ERR  p: [1080, 2118], r: -5, e: -4
#ERR  p: [2664, 1215], r: -2, e: 0
#ERR  p: [1528, 189], r: -10, e: -8
#ERR  p: [936, 2920], r: -2, e: -1
#ERR  p: [2818, 230], r: -10, e: -9
#ERR  p: [816, 230], r: -8, e: -6
#ERR  p: [3024, 434], r: -1, e: 1
#ERR  p: [864, 1568], r: -6, e: -4
#ERR  p: [1224, 15736], r: -10, e: -9
#ERR  p: [1608, 33], r: -9, e: -7
#ERR  p: [3672, 1202], r: -10, e: -9
#ERR  p: [4320, 56], r: 0, e: 2
#ERR  p: [4609, 13933], r: -4, e: -3
#ERR  p: [5561, 97], r: -10, e: -9
#ERR  p: [5472, 521], r: -9, e: -7
#ERR  p: [6193, 12278], r: -14, e: -13
#ERR  p: [5904, 5938], r: 12, e: 14
#ERR  p: [1008, 6450], r: -6, e: -4
#ERR  p: [720, 14558], r: -9, e: -7
#ERR  p: [6696, 963], r: -10, e: -8
#ERR  p: [1872, 831], r: -9, e: -8
#ERR  p: [2448, 2101], r: -6, e: -4
#ERR  p: [1800, 10448], r: -7, e: -6
#ERR  p: [2386, 67], r: -8, e: -6
#ERR  p: [2520, 1358], r: -4, e: -2
#ERR  p: [2088, 2168], r: -3, e: -2
#ERR  p: [3384, 210], r: -8, e: -7
#ERR  p: [3096, 13353], r: -8, e: -6
#ERR  p: [3816, 608], r: -6, e: -4
#ERR  p: [10080, 9649], r: -8, e: -6
#ERR  p: [3888, 13890], r: -4, e: -2
#ERR  p: [3744, 3236], r: -8, e: -6
#ERR  p: [4464, 7306], r: -10, e: -9
#ERR  p: [10954, 53], r: -1, e: 1
#ERR  p: [4176, 2342], r: -10, e: -8
#ERR  p: [4680, 1337], r: 5, e: 7
#ERR  p: [4896, 7038], r: -3, e: -2
#ERR  p: [5040, 12776], r: -10, e: -9
#ERR  p: [5401, 198], r: -10, e: -8
#ERR  p: [12096, 11084], r: -5, e: -3
#ERR  p: [12240, 35], r: -6, e: -4
#ERR  p: [5616, 1526], r: -9, e: -7
#ERR  p: [6265, 12267], r: -4, e: -3
#ERR  p: [6336, 1121], r: -10, e: -9
#ERR  p: [6120, 509], r: -4, e: -2
#ERR  p: [6048, 9065], r: -6, e: -5
#ERR  p: [12600, 76], r: -2, e: 0
#ERR  p: [5983, 484], r: -7, e: -5
#ERR  p: [12672, 458], r: -9, e: -7
#ERR  p: [6480, 2116], r: 5, e: 7
#ERR  p: [6999, 67], r: -6, e: -4
#ERR  p: [12744, 1068], r: -2, e: 0
#ERR  p: [6624, 74], r: -8, e: -7
#ERR  p: [6768, 1906], r: -6, e: -4
#ERR  p: [6913, 9202], r: -12, e: -10
#ERR  p: [12818, 97], r: -9, e: -7
#ERR  p: [6840, 1260], r: -6, e: -4
#ERR  p: [7200, 1448], r: -1, e: 1
#ERR  p: [7128, 1447], r: -10, e: -8
#ERR  p: [7488, 300], r: -10, e: -8
#ERR  p: [7056, 3990], r: -7, e: -5
#ERR  p: [12888, 194], r: -10, e: -8
#ERR  p: [13041, 33], r: -14, e: -12
#ERR  p: [13176, 1176], r: -7, e: -5
#ERR  p: [365, 821], r: -8, e: -6
#ERR  p: [7418, 451], r: -10, e: -9
#ERR  p: [13538, 189], r: -10, e: -8
#ERR  p: [14052, 67], r: -10, e: -8
#ERR  p: [7633, 5214], r: -9, e: -7
#ERR  p: [576, 659], r: -4, e: -2
#ERR  p: [7992, 796], r: -9, e: -7
#ERR  p: [8136, 10209], r: 5, e: 7
#ERR  p: [16172, 827], r: -2, e: 0
#ERR  p: [7848, 5316], r: -2, e: 0
#ERR  p: [8437, 53], r: -10, e: -9
#ERR  p: [8712, 1817], r: -4, e: -2
#ERR  p: [8496, 556], r: -9, e: -7
#ERR  p: [8364, 139], r: -10, e: -8
#ERR  p: [8568, 1246], r: -8, e: -6
#ERR  p: [88, 109], r: -10, e: -9
#ERR  p: [3600, 1877], r: 1, e: 2
#ERR  p: [4762, 189], r: -6, e: -4
#ERR  p: [1690, 33], r: -10, e: -9
#ERR  p: [1733, 552], r: -9, e: -7
#ERR  p: [1963, 198], r: -10, e: -8
#ERR  p: [2016, 3260], r: -9, e: -7
#ERR  p: [9360, 2914], r: -6, e: -4
#ERR  p: [432, 963], r: -9, e: -7
#ERR  p: [4266, 139], r: -10, e: -8
#ERR  p: [11376, 1909], r: -9, e: -7
#ERR  p: [4968, 459], r: -6, e: -4
#ERR  p: [13248, 3306], r: -8, e: -6
#ERR  p: [13824, 815], r: -7, e: -5
#ERR  p: [14610, 1621], r: 5, e: 7
#ERR  p: [8641, 8544], r: -3, e: -1
#ERR  p: [16243, 779], r: -1, e: 1
#ERR  p: [3456, 11413], r: 0, e: 1
#ERR  p: [288, 6880], r: -9, e: -7
#ERR  p: [9648, 862], r: -6, e: -4
#ERR  p: [10440, 1328], r: -8, e: -6
#ERR  p: [4032, 2660], r: -7, e: -5
#ERR  p: [4112, 230], r: -10, e: -8
#ERR  p: [144, 796], r: -9, e: -7
#ERR  p: [1169, 67], r: -14, e: -12
#ERR  p: [4537, 8080], r: -8, e: -6
#ERR  p: [5349, 139], r: -10, e: -8
#ERR  p: [6432, 109], r: -10, e: -8
#ERR  p: [6569, 97], r: -7, e: -5
#ERR  p: [2592, 6480], r: -4, e: -2
#ERR  p: [4680, 1338], r: 7, e: 9
#ERR  p: [216, 4235], r: -8, e: -7
#ERR  p: [2771, 144], r: -10, e: -8
#ERR  p: [13125, 67], r: -10, e: -9
#ERR  p: [8064, 2736], r: -8, e: -6
#ERR  p: [8784, 1351], r: -8, e: -6
#ERR  p: [9936, 162], r: -9, e: -7
#ERR  p: [504, 3414], r: -10, e: -8
#ERR  p: [10728, 7679], r: -7, e: -5
#ERR  p: [4407, 97], r: -9, e: -7
#ERR  p: [11304, 172], r: 6, e: 8
#ERR  p: [11520, 1902], r: -10, e: -8
#ERR  p: [4824, 599], r: -4, e: -2
#ERR  p: [12024, 6245], r: -3, e: -1
#ERR  p: [11964, 185], r: -10, e: -9
#ERR  p: [12456, 1528], r: -3, e: -1
#ERR  p: [5211, 33], r: -10, e: -9
#ERR  p: [13608, 4230], r: -10, e: -9
#ERR  p: [13680, 7360], r: -8, e: -6
#ERR  p: [13896, 9138], r: -3, e: -1
#ERR  p: [13968, 812], r: -10, e: -8
#ERR  p: [14112, 3117], r: -10, e: -8
#ERR  p: [14184, 11706], r: 5, e: 7
#ERR  p: [14255, 232], r: -10, e: -8
#ERR  p: [14326, 11328], r: 6, e: 8
#ERR  p: [14397, 186], r: -5, e: -4
#ERR  p: [2311, 1056], r: -9, e: -7
#ERR  p: [7560, 13678], r: -7, e: -6
#ERR  p: [14539, 253], r: -8, e: -6
#ERR  p: [14753, 53], r: -14, e: -12
#ERR  p: [14824, 15852], r: -9, e: -7
#ERR  p: [8209, 9199], r: -10, e: -9
#ERR  p: [14965, 15453], r: 0, e: 1
#ERR  p: [8280, 4604], r: -10, e: -9
#ERR  p: [15039, 139], r: -8, e: -6
#ERR  p: [15178, 694], r: -7, e: -5
#ERR  p: [1296, 1684], r: -1, e: 1
#ERR  p: [15249, 3259], r: -10, e: -8
#ERR  p: [15462, 253], r: -8, e: -7
#ERR  p: [15392, 614], r: -1, e: 1
#ERR  p: [15533, 1427], r: 0, e: 2
#ERR  p: [15604, 552], r: -10, e: -9
#ERR  p: [15746, 9117], r: -8, e: -7
#ERR  p: [15677, 185], r: -10, e: -8
#ERR  p: [9000, 665], r: 3, e: 5
#ERR  p: [15888, 185], r: -10, e: -8
#ERR  p: [15962, 144], r: -9, e: -7
#ERR  p: [16030, 436], r: -5, e: -3
#ERR  p: [8856, 209], r: -10, e: -9
#ERR  p: [9072, 485], r: -7, e: -5
#ERR  p: [9504, 354], r: -3, e: -1
#ERR  p: [9576, 1245], r: -7, e: -5
#ERR  p: [9864, 788], r: -10, e: -8
#ERR  p: [10008, 430], r: -6, e: -4
#ERR  p: [10152, 275], r: -9, e: -8
#ERR  p: [10224, 599], r: -9, e: -7
#ERR  p: [1368, 7454], r: -10, e: -8
#ERR  p: [10515, 207], r: -7, e: -5
#ERR  p: [1080, 2646], r: -10, e: -9
#ERR  p: [10656, 143], r: -7, e: -5
#ERR  p: [10800, 1404], r: -8, e: -6
#ERR  p: [10584, 7252], r: -6, e: -4
#ERR  p: [11016, 1057], r: -9, e: -7
#ERR  p: [11089, 3754], r: -13, e: -12
#ERR  p: [11160, 1617], r: 0, e: 2
#ERR  p: [11592, 140], r: -10, e: -8
#ERR  p: [11664, 455], r: 1, e: 3
#ERR  p: [11808, 782], r: -7, e: -6
#ERR  p: [11880, 8556], r: -8, e: -6
#ERR  p: [12384, 145], r: -10, e: -8
#ERR  p: [3269, 67], r: 9, e: 11
#ERR  p: [3348, 53], r: -7, e: -5
#ERR  p: [12960, 779], r: -8, e: -6
#ERR  p: [2160, 12174], r: -1, e: 0
#ERR  p: [13464, 187], r: -10, e: -8
#ERR  p: [13752, 14649], r: -10, e: -9
#ERR  p: [2232, 1612], r: -2, e: 0
#ERR  p: [7316, 53], r: -10, e: -8
#ERR  p: [2664, 2100], r: -9, e: -7
#ERR  p: [7745, 33], r: -14, e: -12
#ERR  p: [14907, 351], r: -10, e: -9
#ERR  p: [15341, 53], r: -10, e: -8
#ERR  p: [15116, 185], r: -7, e: -5
#ERR  p: [2880, 591], r: -9, e: -8
#ERR  p: [2952, 168], r: -2, e: 0
#ERR  p: [9216, 982], r: 3, e: 5
#ERR  p: [9452, 144], r: -10, e: -8
#ERR  p: [9807, 67], r: -10, e: -8
#ERR  p: [9288, 2391], r: -5, e: -3
#ERR  p: [864, 1907], r: -4, e: -2
#ERR  p: [576, 692], r: -10, e: -9
#ERR  p: [3024, 981], r: -1, e: 1
#ERR  p: [3528, 779], r: -10, e: -9
#ERR  p: [10898, 109], r: -10, e: -9
#ERR  p: [11257, 144], r: -5, e: -3
#ERR  p: [10368, 3982], r: -7, e: -5
#ERR  p: [10296, 3982], r: -6, e: -5
#ERR  p: [816, 451], r: -10, e: -9
#ERR  p: [721, 11360], r: -9, e: -8
#ERR  p: [3816, 1334], r: -10, e: -8
#ERR  p: [936, 4110], r: -9, e: -8
#ERR  p: [365, 903], r: -8, e: -6
#ERR  p: [4610, 139], r: -7, e: -5
#ERR  p: [1528, 198], r: -5, e: -3
#ERR  p: [5760, 206], r: 0, e: 2
#ERR  p: [5688, 11264], r: -8, e: -6
#ERR  p: [1008, 11674], r: 12, e: 14
#ERR  p: [5832, 6776], r: -1, e: 1
#ERR  p: [5904, 5939], r: 2, e: 4
#ERR  p: [5112, 11961], r: -6, e: -4
#ERR  p: [5983, 601], r: -10, e: -9
#ERR  p: [8959, 109], r: -10, e: -9
#ERR  p: [14703, 33], r: -10, e: -9
#ERR  p: [15847, 67], r: -7, e: -5
#ERR  p: [11483, 198], r: -8, e: -6
#ERR  p: [5256, 984], r: -5, e: -3
#ERR  p: [9210, 109], r: -7, e: -5
#SDC Ite:0 KerTime:0.961594 AccTime:0.961594 KerErr:383058 AccErr:383058
#ABORT too many errors per iteration
#END