2016-10-29 09:53:00:Starting GDB script
2016-10-29 09:53:01:sending signal using command: 'ssh -T mic0 killall -2 lud_check' after 0.084848155152s
2016-10-29 09:53:01:shell stdout: 
2016-10-29 09:53:01:sending signal using command: 'ssh -T mic0 killall -2 lud_check' after 0.38844660119s
2016-10-29 09:53:01:shell stdout: 
2016-10-29 09:53:02:sending signal using command: 'ssh -T mic0 killall -2 lud_check' after 1.36430585345s
2016-10-29 09:53:02:shell stdout: 
2016-10-29 09:53:02:sending signal using command: 'ssh -T mic0 killall -2 lud_check' after 1.52119344266s
2016-10-29 09:53:02:shell stdout: 
2016-10-29 09:53:06:sending signal using command: 'ssh -T mic0 killall -2 lud_check' after 4.47147591253s
2016-10-29 09:53:06:shell stdout: 
2016-10-29 09:53:06:sending signal using command: 'ssh -T mic0 killall -2 lud_check' after 5.06210075671s
2016-10-29 09:53:06:shell stdout: 
2016-10-29 09:53:08:sending signal using command: 'ssh -T mic0 killall -2 lud_check' after 6.60322623591s
2016-10-29 09:53:08:shell stdout: 
2016-10-29 09:53:08:sending signal using command: 'ssh -T mic0 killall -2 lud_check' after 7.0495926189s
2016-10-29 09:53:08:shell stdout: 
2016-10-29 09:53:08:sending signal using command: 'ssh -T mic0 killall -2 lud_check' after 7.23329947334s
2016-10-29 09:53:08:shell stdout: 
2016-10-29 09:53:08:sending signal using command: 'ssh -T mic0 killall -2 lud_check' after 7.33258295438s
2016-10-29 09:53:08:shell stdout: 
2016-10-29 09:53:16:no gdbExecName running, out:
2016-10-29 09:53:16:checCmd:ps -e | grep -i gdb-mic
2016-10-29 09:53:16:finished now-timestampStart < maxWaitTime*5
2016-10-29 09:53:16:now: 1477749196
2016-10-29 09:53:16:timestampStart: 1477749180
2016-10-29 09:53:16:kill cmd: killall -9 gdb-mic
2016-10-29 09:53:16:shell stdout: 
2016-10-29 09:53:16:kill cmd: ssh -T mic0 killall -9 lud_check
2016-10-29 09:53:16:shell stdout: 
2016-10-29 09:53:16:kill cmd: ssh -T mic0 killall -9 gdbserver
2016-10-29 09:53:16:shell stdout: 
2016-10-29 09:53:17:kill cmd: ssh -T mic0 killall -9 sshd
2016-10-29 09:53:17:shell stdout: 
