2016-10-16 10:19:39:Starting GDB script
2016-10-16 10:19:40:sending signal using command: 'ssh -T mic0 killall -2 needle_check' after 0.767257423381s
2016-10-16 10:19:40:shell stdout: 
2016-10-16 10:19:40:sending signal using command: 'ssh -T mic0 killall -2 needle_check' after 1.41756433136s
2016-10-16 10:19:40:shell stdout: 
2016-10-16 10:19:41:sending signal using command: 'ssh -T mic0 killall -2 needle_check' after 2.05737553023s
2016-10-16 10:19:41:shell stdout: 
2016-10-16 10:19:41:sending signal using command: 'ssh -T mic0 killall -2 needle_check' after 2.49482722034s
2016-10-16 10:19:41:shell stdout: 
2016-10-16 10:19:44:sending signal using command: 'ssh -T mic0 killall -2 needle_check' after 4.96538871121s
2016-10-16 10:19:44:shell stdout: 
2016-10-16 10:19:45:sending signal using command: 'ssh -T mic0 killall -2 needle_check' after 5.81641430624s
2016-10-16 10:19:45:shell stdout: 
2016-10-16 10:19:45:sending signal using command: 'ssh -T mic0 killall -2 needle_check' after 6.37354748515s
2016-10-16 10:19:45:shell stdout: 
2016-10-16 10:19:48:sending signal using command: 'ssh -T mic0 killall -2 needle_check' after 8.90125350994s
2016-10-16 10:19:48:shell stdout: 
2016-10-16 10:19:48:sending signal using command: 'ssh -T mic0 killall -2 needle_check' after 9.14635042973s
2016-10-16 10:19:48:shell stdout: 
2016-10-16 10:19:53:sending signal using command: 'ssh -T mic0 killall -2 needle_check' after 14.1563315881s
2016-10-16 10:19:53:shell stdout: 
2016-10-16 10:19:57:no gdbExecName running, out:
2016-10-16 10:19:57:checCmd:ps -e | grep -i gdb-mic
2016-10-16 10:19:57:finished now-timestampStart < maxWaitTime*5
2016-10-16 10:19:57:now: 1476627596
2016-10-16 10:19:57:timestampStart: 1476627579
2016-10-16 10:19:57:kill cmd: killall -9 gdb-mic
2016-10-16 10:19:57:shell stdout: 
2016-10-16 10:19:57:kill cmd: ssh -T mic0 killall -9 needle_check
2016-10-16 10:19:57:shell stdout: 
2016-10-16 10:19:58:kill cmd: ssh -T mic0 killall -9 gdbserver
2016-10-16 10:19:58:shell stdout: 
2016-10-16 10:19:58:kill cmd: ssh -T mic0 killall -9 sshd
2016-10-16 10:19:58:shell stdout: 
