2016-10-29 11:30:52:Starting GDB script
2016-10-29 11:30:55:sending signal using command: 'ssh -T mic0 killall -2 needle_check' after 2.58274269665s
2016-10-29 11:30:55:shell stdout: 
2016-10-29 11:30:56:sending signal using command: 'ssh -T mic0 killall -2 needle_check' after 3.847550752s
2016-10-29 11:30:56:shell stdout: 
2016-10-29 11:30:59:sending signal using command: 'ssh -T mic0 killall -2 needle_check' after 6.50338815595s
2016-10-29 11:30:59:shell stdout: 
2016-10-29 11:30:59:sending signal using command: 'ssh -T mic0 killall -2 needle_check' after 6.68479526436s
2016-10-29 11:30:59:shell stdout: 
2016-10-29 11:31:00:sending signal using command: 'ssh -T mic0 killall -2 needle_check' after 7.94179190981s
2016-10-29 11:31:00:shell stdout: 
2016-10-29 11:31:01:sending signal using command: 'ssh -T mic0 killall -2 needle_check' after 8.76115539272s
2016-10-29 11:31:01:shell stdout: 
2016-10-29 11:31:02:sending signal using command: 'ssh -T mic0 killall -2 needle_check' after 9.77227742937s
2016-10-29 11:31:02:shell stdout: 
2016-10-29 11:31:03:sending signal using command: 'ssh -T mic0 killall -2 needle_check' after 10.5877169566s
2016-10-29 11:31:03:shell stdout: 
2016-10-29 11:31:06:sending signal using command: 'ssh -T mic0 killall -2 needle_check' after 14.2028720648s
2016-10-29 11:31:06:shell stdout: 
2016-10-29 11:31:08:sending signal using command: 'ssh -T mic0 killall -2 needle_check' after 15.9729350321s
2016-10-29 11:31:08:shell stdout: 
2016-10-29 11:31:29:no gdbExecName running, out:
2016-10-29 11:31:29:checCmd:ps -e | grep -i gdb-mic
2016-10-29 11:31:29:finished now-timestampStart < maxWaitTime*5
2016-10-29 11:31:29:now: 1477755088
2016-10-29 11:31:29:timestampStart: 1477755052
2016-10-29 11:31:29:kill cmd: killall -9 gdb-mic
2016-10-29 11:31:29:shell stdout: 
2016-10-29 11:31:30:kill cmd: ssh -T mic0 killall -9 needle_check
2016-10-29 11:31:30:shell stdout: 
2016-10-29 11:31:30:kill cmd: ssh -T mic0 killall -9 gdbserver
2016-10-29 11:31:30:shell stdout: 
2016-10-29 11:31:31:kill cmd: ssh -T mic0 killall -9 sshd
2016-10-29 11:31:31:shell stdout: 
