2016-10-15 06:34:11:Starting GDB script
2016-10-15 06:34:12:sending signal using command: 'ssh -T mic0 killall -2 hotspot_check' after 0.456286702765s
2016-10-15 06:34:12:shell stdout: 
2016-10-15 06:34:13:sending signal using command: 'ssh -T mic0 killall -2 hotspot_check' after 0.980917971289s
2016-10-15 06:34:13:shell stdout: 
2016-10-15 06:34:14:sending signal using command: 'ssh -T mic0 killall -2 hotspot_check' after 2.78935464897s
2016-10-15 06:34:14:shell stdout: 
2016-10-15 06:34:16:sending signal using command: 'ssh -T mic0 killall -2 hotspot_check' after 4.59386841686s
2016-10-15 06:34:16:shell stdout: 
2016-10-15 06:34:21:sending signal using command: 'ssh -T mic0 killall -2 hotspot_check' after 8.92205541313s
2016-10-15 06:34:21:shell stdout: 
2016-10-15 06:34:21:sending signal using command: 'ssh -T mic0 killall -2 hotspot_check' after 9.02920443433s
2016-10-15 06:34:21:shell stdout: 
2016-10-15 06:34:22:sending signal using command: 'ssh -T mic0 killall -2 hotspot_check' after 9.95620242703s
2016-10-15 06:34:22:shell stdout: 
2016-10-15 06:34:25:sending signal using command: 'ssh -T mic0 killall -2 hotspot_check' after 13.5092273842s
2016-10-15 06:34:25:shell stdout: 
2016-10-15 06:34:26:sending signal using command: 'ssh -T mic0 killall -2 hotspot_check' after 13.9644069819s
2016-10-15 06:34:26:shell stdout: 
2016-10-15 06:34:27:sending signal using command: 'ssh -T mic0 killall -2 hotspot_check' after 14.7907623144s
2016-10-15 06:34:27:shell stdout: 
2016-10-15 06:34:33:no gdbExecName running, out:
2016-10-15 06:34:33:checCmd:ps -e | grep -i gdb-mic
2016-10-15 06:34:33:finished now-timestampStart < maxWaitTime*5
2016-10-15 06:34:33:now: 1476527672
2016-10-15 06:34:33:timestampStart: 1476527651
2016-10-15 06:34:33:kill cmd: killall -9 gdb-mic
2016-10-15 06:34:33:shell stdout: 
2016-10-15 06:34:33:kill cmd: ssh -T mic0 killall -9 hotspot_check
2016-10-15 06:34:33:shell stdout: 
2016-10-15 06:34:33:kill cmd: ssh -T mic0 killall -9 gdbserver
2016-10-15 06:34:33:shell stdout: 
