2017-01-24 01:57:13:Starting GDB script
2017-01-24 01:57:13:initSignal:28.0
2017-01-24 01:57:13:endSignal:28.0
2017-01-24 01:57:13:seqSignal:15
2017-01-24 01:57:41:sending 15 signals using command: 'ssh -T mic1 killall -2 dgemm_check' after 28.0s
2017-01-24 01:57:41:sending 15 signals using command: 'ssh -T mic1 killall -2 dgemm_check' after 28.0s
2017-01-24 01:57:41:sending 15 signals using command: 'ssh -T mic1 killall -2 dgemm_check' after 28.0s
2017-01-24 01:57:42:shell stdout: 
2017-01-24 01:57:42:shell stdout: 
2017-01-24 01:57:42:shell stdout: 
2017-01-24 01:57:42:shell stdout: 
2017-01-24 01:57:42:shell stdout: 
2017-01-24 01:57:42:shell stdout: 
2017-01-24 01:57:42:shell stdout: 
2017-01-24 01:57:42:shell stdout: 
2017-01-24 01:57:42:shell stdout: 
2017-01-24 01:57:43:shell stdout: 
2017-01-24 01:57:43:shell stdout: 
2017-01-24 01:57:43:shell stdout: 
2017-01-24 01:57:43:shell stdout: 
2017-01-24 01:57:43:shell stdout: 
2017-01-24 01:57:43:shell stdout: 
2017-01-24 01:57:44:shell stdout: 
2017-01-24 01:57:44:shell stdout: 
2017-01-24 01:57:44:shell stdout: 
2017-01-24 01:57:44:shell stdout: 
2017-01-24 01:57:44:shell stdout: 
2017-01-24 01:57:44:shell stdout: 
2017-01-24 01:57:45:shell stdout: 
2017-01-24 01:57:45:shell stdout: 
2017-01-24 01:57:45:shell stdout: 
2017-01-24 01:57:45:shell stdout: 
2017-01-24 01:57:45:shell stdout: 
2017-01-24 01:57:45:shell stdout: 
2017-01-24 01:57:45:shell stdout: 
2017-01-24 01:57:45:shell stdout: 
2017-01-24 01:57:45:shell stdout: 
2017-01-24 01:57:46:shell stdout: 
2017-01-24 01:57:46:shell stdout: 
2017-01-24 01:57:46:shell stdout: 
2017-01-24 01:57:46:shell stdout: 
2017-01-24 01:57:46:shell stdout: 
2017-01-24 01:57:46:shell stdout: 
2017-01-24 01:57:47:shell stdout: 
2017-01-24 01:57:47:shell stdout: 
2017-01-24 01:57:47:shell stdout: 
2017-01-24 01:57:47:shell stdout: 
2017-01-24 01:57:47:shell stdout: 
2017-01-24 01:57:47:shell stdout: 
2017-01-24 01:57:47:shell stdout: 
2017-01-24 01:57:47:shell stdout: 
2017-01-24 01:57:48:shell stdout: 
2017-01-24 01:59:34:no gdbExecName running, out:
2017-01-24 01:59:34:checCmd:ps -e | grep -i gdb-mic
2017-01-24 01:59:34:finished now-timestampStart < maxWaitTime*5
2017-01-24 01:59:34:now: 1485241166
2017-01-24 01:59:34:timestampStart: 1485241033
2017-01-24 01:59:34:kill cmd: killall -9 gdb-mic
2017-01-24 01:59:34:shell stdout: 
2017-01-24 01:59:35:kill cmd: ssh -T mic1 killall -9 dgemm_check
2017-01-24 01:59:35:shell stdout: 
2017-01-24 01:59:35:kill cmd: ssh -T mic1 killall -9 gdbserver
2017-01-24 01:59:35:shell stdout: 
2017-01-24 01:59:36:kill cmd: ssh -T mic1 killall -9 sshd
2017-01-24 01:59:36:shell stdout: 
