2016-10-17 12:49:57:Initialization strings:
2016-10-17 12:49:57:(1) target extended-remote | ssh -T mic0 gdbserver --multi -
2016-10-17 12:49:57:(2) set sysroot /opt/mpss/3.7/sysroots/k1om-mpss-linux/
2016-10-17 12:49:57:(3) set sysroot /opt/mpss/3.7/sysroots/k1om-mpss-linux/
2016-10-17 12:49:57:(4) file /micNfs/gdb-fault-injection-nw/bin/needle_check
2016-10-17 12:49:57:(5) set remote exec-file /micNfs/gdb-fault-injection-nw/bin/needle_check
2016-10-17 12:49:57:(6) set args 16384 10 228 /micNfs/gdb-fault-injection-nw/bin/input_16384_th_228_pen_10 /micNfs/gdb-fault-injection-nw/bin/gold_16384_th_228_pen_10
2016-10-17 12:49:57:Trying Fault Injection
2016-10-17 12:49:57:Inferior PID: 64933
2016-10-17 12:49:57:Inferior is valid: True
2016-10-17 12:49:57:Inferior #threads: 1
2016-10-17 12:49:57:Backtrace BEGIN:
2016-10-17 12:49:57:#0  __GI__dl_debug_state () at dl-debug.c:74
#1  0x00007ffff7de084c in dl_main (phdr=<optimized out>, phnum=<optimized out>, user_entry=<optimized out>, auxv=<optimized out>) at rtld.c:2170
#2  0x00007ffff7df2548 in _dl_sysdep_start (start_argptr=start_argptr@entry=0x7fffffffec30, dl_main=dl_main@entry=0x7ffff7dde840 <dl_main>) at ../elf/dl-sysdep.c:249
#3  0x00007ffff7de1c6a in _dl_start_final (arg=0x7fffffffec30) at rtld.c:308
#4  _dl_start (arg=0x7fffffffec30) at rtld.c:414
#5  0x00007ffff7dddbc8 in _start () from /opt/mpss/3.7/sysroots/k1om-mpss-linux/lib64/ld-linux-k1om.so.2
#6  0x0000000000000006 in ?? ()
#7  0x00007fffffffee22 in ?? ()
#8  0x00007fffffffee52 in ?? ()
#9  0x00007fffffffee58 in ?? ()
#10 0x00007fffffffee5b in ?? ()
#11 0x00007fffffffee5f in ?? ()
#12 0x00007fffffffee9c in ?? ()
#13 0x0000000000000000 in ?? ()

2016-10-17 12:49:57:69	in dl-debug.c

2016-10-17 12:49:57:Backtrace END
2016-10-17 12:49:57:Thread name: None
2016-10-17 12:49:57:Thread num: 1
2016-10-17 12:49:57:Thread ptid: (64933, 64933, 0)
2016-10-17 12:49:57:bitFlip function
2016-10-17 12:49:57:Type: The type is a pointer.
2016-10-17 12:49:57:Type sizeof: 8
2016-10-17 12:49:57:Fliping a bit of the pointer
2016-10-17 12:49:57:Mem contents(hex):0x000x000x000x000x000x000x000x00
2016-10-17 12:49:57:base address to flip value: 0x7ffff7ffe038 
2016-10-17 12:49:57:address max offset: 8
2016-10-17 12:49:57:Memory content before bitflip:0x000x000x000x000x000x000x000x00
2016-10-17 12:49:57:Memory content after  bitflip:0x000x000x000x000x000x200x000x00
2016-10-17 12:49:57:Mem contents(hex):0x000x000x000x000x000x200x000x00
2016-10-17 12:49:57:frame name: _dl_start
2016-10-17 12:49:57:symbol name: audit_list
2016-10-17 12:49:57:symbol filename: rtld.c
2016-10-17 12:49:57:symbol line: 108
2016-10-17 12:49:57:value: 0x0
2016-10-17 12:49:57:value address: 0x7ffff7ffe038 <audit_list>
2016-10-17 12:49:57:Type: The type is a pointer.
2016-10-17 12:49:57:Type sizeof: 8
2016-10-17 12:49:57:Fault Injection Successful after 0.960834026337s
2016-10-17 12:50:02:Fault Already Injected
2016-10-17 12:50:06:Fault Already Injected
2016-10-17 12:50:11:event type: exit
2016-10-17 12:50:11:exit code: 0
