2017-01-25 00:19:06:Starting GDB script
2017-01-25 00:19:06:initSignal:2.0
2017-01-25 00:19:06:endSignal:4.0
2017-01-25 00:19:06:seqSignal:30
2017-01-25 00:19:08:sending 30 signals using command: 'ssh -T mic0 killall -2 lud_check' after 2.09242646653s
2017-01-25 00:19:09:sending 30 signals using command: 'ssh -T mic0 killall -2 lud_check' after 2.49021213466s
2017-01-25 00:19:09:sending 30 signals using command: 'ssh -T mic0 killall -2 lud_check' after 2.64545029249s
2017-01-25 00:19:09:shell stdout: 
2017-01-25 00:19:09:shell stdout: 
2017-01-25 00:19:10:shell stdout: 
2017-01-25 00:19:10:shell stdout: 
2017-01-25 00:19:10:shell stdout: 
2017-01-25 00:19:10:shell stdout: 
2017-01-25 00:19:10:shell stdout: 
2017-01-25 00:19:10:shell stdout: 
2017-01-25 00:19:10:shell stdout: 
2017-01-25 00:19:11:shell stdout: 
2017-01-25 00:19:11:shell stdout: 
2017-01-25 00:19:11:shell stdout: 
2017-01-25 00:19:11:shell stdout: 
2017-01-25 00:19:11:shell stdout: 
2017-01-25 00:19:11:shell stdout: 
2017-01-25 00:19:11:shell stdout: 
2017-01-25 00:19:12:shell stdout: 
2017-01-25 00:19:12:shell stdout: 
2017-01-25 00:19:12:shell stdout: 
2017-01-25 00:19:12:shell stdout: 
2017-01-25 00:19:12:shell stdout: 
2017-01-25 00:19:12:shell stdout: 
2017-01-25 00:19:12:shell stdout: 
2017-01-25 00:19:12:shell stdout: 
2017-01-25 00:19:13:shell stdout: 
2017-01-25 00:19:13:shell stdout: 
2017-01-25 00:19:13:shell stdout: 
2017-01-25 00:19:13:shell stdout: 
2017-01-25 00:19:13:shell stdout: 
2017-01-25 00:19:13:shell stdout: 
2017-01-25 00:19:14:shell stdout: 
2017-01-25 00:19:14:shell stdout: 
2017-01-25 00:19:14:shell stdout: 
2017-01-25 00:19:14:shell stdout: 
2017-01-25 00:19:14:shell stdout: 
2017-01-25 00:19:14:shell stdout: 
2017-01-25 00:19:15:shell stdout: 
2017-01-25 00:19:15:shell stdout: 
2017-01-25 00:19:15:shell stdout: 
2017-01-25 00:19:15:shell stdout: 
2017-01-25 00:19:16:shell stdout: 
2017-01-25 00:19:16:shell stdout: 
2017-01-25 00:19:16:shell stdout: 
2017-01-25 00:19:16:shell stdout: 
2017-01-25 00:19:16:shell stdout: 
2017-01-25 00:19:16:shell stdout: 
2017-01-25 00:19:17:shell stdout: 
2017-01-25 00:19:17:shell stdout: 
2017-01-25 00:19:17:shell stdout: 
2017-01-25 00:19:18:shell stdout: 
2017-01-25 00:19:18:shell stdout: 
2017-01-25 00:19:18:shell stdout: 
2017-01-25 00:19:18:shell stdout: 
2017-01-25 00:19:18:shell stdout: 
2017-01-25 00:19:18:shell stdout: 
2017-01-25 00:19:19:shell stdout: 
2017-01-25 00:19:19:shell stdout: 
2017-01-25 00:19:19:shell stdout: 
2017-01-25 00:19:20:shell stdout: 
2017-01-25 00:19:20:shell stdout: 
2017-01-25 00:19:20:shell stdout: 
2017-01-25 00:19:20:shell stdout: 
2017-01-25 00:19:20:shell stdout: 
2017-01-25 00:19:20:shell stdout: 
2017-01-25 00:19:21:shell stdout: 
2017-01-25 00:19:21:shell stdout: 
2017-01-25 00:19:21:shell stdout: 
2017-01-25 00:19:22:shell stdout: 
2017-01-25 00:19:22:shell stdout: 
2017-01-25 00:19:22:shell stdout: 
2017-01-25 00:19:22:shell stdout: 
2017-01-25 00:19:22:shell stdout: 
2017-01-25 00:19:22:shell stdout: 
2017-01-25 00:19:23:shell stdout: 
2017-01-25 00:19:23:shell stdout: 
2017-01-25 00:19:23:shell stdout: 
2017-01-25 00:19:23:shell stdout: 
2017-01-25 00:19:23:shell stdout: 
2017-01-25 00:19:23:shell stdout: 
2017-01-25 00:19:24:shell stdout: 
2017-01-25 00:19:24:shell stdout: 
2017-01-25 00:19:24:shell stdout: 
2017-01-25 00:19:24:shell stdout: 
2017-01-25 00:19:24:shell stdout: 
2017-01-25 00:19:24:shell stdout: 
2017-01-25 00:19:25:shell stdout: 
2017-01-25 00:19:25:shell stdout: 
2017-01-25 00:19:25:shell stdout: 
2017-01-25 00:19:25:shell stdout: 
2017-01-25 00:19:25:shell stdout: 
2017-01-25 00:19:29:no gdbExecName running, out:
2017-01-25 00:19:29:checCmd:ps -e | grep -i gdb-mic
2017-01-25 00:19:29:finished now-timestampStart < maxWaitTime*5
2017-01-25 00:19:29:now: 1485321568
2017-01-25 00:19:29:timestampStart: 1485321546
2017-01-25 00:19:29:kill cmd: killall -9 gdb-mic
2017-01-25 00:19:29:shell stdout: 
2017-01-25 00:19:29:kill cmd: ssh -T mic0 killall -9 lud_check
2017-01-25 00:19:29:shell stdout: 
2017-01-25 00:19:29:kill cmd: ssh -T mic0 killall -9 gdbserver
2017-01-25 00:19:29:shell stdout: 
2017-01-25 00:19:30:kill cmd: ssh -T mic0 killall -9 sshd
2017-01-25 00:19:30:shell stdout: 
