[INFO -- 2017-03-21 00:49:02]
Starting GDB script
[INFO -- 2017-03-21 00:49:02]
initSignal:8.0
[INFO -- 2017-03-21 00:49:02]
endSignal:12.0
[INFO -- 2017-03-21 00:49:02]
seqSignal:30
[INFO -- 2017-03-21 00:49:12]
sending 30 signals using command: 'ssh -T mic0 killall -2 needle_check' after 9.70753060878s
[INFO -- 2017-03-21 00:49:12]
sending 30 signals using command: 'ssh -T mic0 killall -2 needle_check' after 9.80743457365s
[INFO -- 2017-03-21 00:49:12]
shell stdout: 
[INFO -- 2017-03-21 00:49:12]
shell stdout: 
[INFO -- 2017-03-21 00:49:13]
shell stdout: 
[INFO -- 2017-03-21 00:49:13]
shell stdout: 
[INFO -- 2017-03-21 00:49:13]
shell stdout: 
[INFO -- 2017-03-21 00:49:13]
shell stdout: 
[INFO -- 2017-03-21 00:49:13]
sending 30 signals using command: 'ssh -T mic0 killall -2 needle_check' after 11.0633549465s
[INFO -- 2017-03-21 00:49:13]
shell stdout: 
[INFO -- 2017-03-21 00:49:14]
shell stdout: 
[INFO -- 2017-03-21 00:49:14]
shell stdout: 
[INFO -- 2017-03-21 00:49:14]
shell stdout: 
[INFO -- 2017-03-21 00:49:14]
shell stdout: 
[INFO -- 2017-03-21 00:49:14]
shell stdout: 
[INFO -- 2017-03-21 00:49:14]
shell stdout: 
[INFO -- 2017-03-21 00:49:14]
shell stdout: 
[INFO -- 2017-03-21 00:49:14]
shell stdout: 
[INFO -- 2017-03-21 00:49:15]
shell stdout: 
[INFO -- 2017-03-21 00:49:15]
shell stdout: 
[INFO -- 2017-03-21 00:49:15]
shell stdout: 
[INFO -- 2017-03-21 00:49:15]
shell stdout: 
[INFO -- 2017-03-21 00:49:15]
shell stdout: 
[INFO -- 2017-03-21 00:49:15]
shell stdout: 
[INFO -- 2017-03-21 00:49:15]
shell stdout: 
[INFO -- 2017-03-21 00:49:16]
shell stdout: 
[INFO -- 2017-03-21 00:49:16]
shell stdout: 
[INFO -- 2017-03-21 00:49:16]
shell stdout: 
[INFO -- 2017-03-21 00:49:16]
shell stdout: 
[INFO -- 2017-03-21 00:49:16]
shell stdout: 
[INFO -- 2017-03-21 00:49:16]
shell stdout: 
[INFO -- 2017-03-21 00:49:16]
shell stdout: 
[INFO -- 2017-03-21 00:49:16]
shell stdout: 
[INFO -- 2017-03-21 00:49:17]
shell stdout: 
[INFO -- 2017-03-21 00:49:17]
shell stdout: 
[INFO -- 2017-03-21 00:49:17]
shell stdout: 
[INFO -- 2017-03-21 00:49:17]
shell stdout: 
[INFO -- 2017-03-21 00:49:17]
shell stdout: 
[INFO -- 2017-03-21 00:49:17]
shell stdout: 
[INFO -- 2017-03-21 00:49:17]
shell stdout: 
[INFO -- 2017-03-21 00:49:18]
shell stdout: 
[INFO -- 2017-03-21 00:49:18]
shell stdout: 
[INFO -- 2017-03-21 00:49:18]
shell stdout: 
[INFO -- 2017-03-21 00:49:18]
shell stdout: 
[INFO -- 2017-03-21 00:49:18]
shell stdout: 
[INFO -- 2017-03-21 00:49:18]
shell stdout: 
[INFO -- 2017-03-21 00:49:18]
shell stdout: 
[INFO -- 2017-03-21 00:49:18]
shell stdout: 
[INFO -- 2017-03-21 00:49:19]
shell stdout: 
[INFO -- 2017-03-21 00:49:19]
shell stdout: 
[INFO -- 2017-03-21 00:49:19]
shell stdout: 
[INFO -- 2017-03-21 00:49:19]
shell stdout: 
[INFO -- 2017-03-21 00:49:19]
shell stdout: 
[INFO -- 2017-03-21 00:49:19]
shell stdout: 
[INFO -- 2017-03-21 00:49:20]
shell stdout: 
[INFO -- 2017-03-21 00:49:20]
shell stdout: 
[INFO -- 2017-03-21 00:49:20]
shell stdout: 
[INFO -- 2017-03-21 00:49:20]
shell stdout: 
[INFO -- 2017-03-21 00:49:20]
shell stdout: 
[INFO -- 2017-03-21 00:49:20]
shell stdout: 
[INFO -- 2017-03-21 00:49:20]
shell stdout: 
[INFO -- 2017-03-21 00:49:20]
shell stdout: 
[INFO -- 2017-03-21 00:49:21]
shell stdout: 
[INFO -- 2017-03-21 00:49:21]
shell stdout: 
[INFO -- 2017-03-21 00:49:21]
shell stdout: 
[INFO -- 2017-03-21 00:49:21]
shell stdout: 
[INFO -- 2017-03-21 00:49:21]
shell stdout: 
[INFO -- 2017-03-21 00:49:21]
shell stdout: 
[INFO -- 2017-03-21 00:49:21]
shell stdout: 
[INFO -- 2017-03-21 00:49:21]
shell stdout: 
[INFO -- 2017-03-21 00:49:22]
shell stdout: 
[INFO -- 2017-03-21 00:49:22]
shell stdout: 
[INFO -- 2017-03-21 00:49:22]
shell stdout: 
[INFO -- 2017-03-21 00:49:22]
shell stdout: 
[INFO -- 2017-03-21 00:49:22]
shell stdout: 
[INFO -- 2017-03-21 00:49:22]
shell stdout: 
[INFO -- 2017-03-21 00:49:23]
shell stdout: 
[INFO -- 2017-03-21 00:49:23]
shell stdout: 
[INFO -- 2017-03-21 00:49:23]
shell stdout: 
[INFO -- 2017-03-21 00:49:23]
shell stdout: 
[INFO -- 2017-03-21 00:49:23]
shell stdout: 
[INFO -- 2017-03-21 00:49:23]
shell stdout: 
[INFO -- 2017-03-21 00:49:23]
shell stdout: 
[INFO -- 2017-03-21 00:49:23]
shell stdout: 
[INFO -- 2017-03-21 00:49:24]
shell stdout: 
[INFO -- 2017-03-21 00:49:24]
shell stdout: 
[INFO -- 2017-03-21 00:49:24]
shell stdout: 
[INFO -- 2017-03-21 00:49:24]
shell stdout: 
[INFO -- 2017-03-21 00:49:24]
shell stdout: 
[INFO -- 2017-03-21 00:49:24]
shell stdout: 
[INFO -- 2017-03-21 00:49:25]
shell stdout: 
[INFO -- 2017-03-21 00:49:25]
shell stdout: 
[INFO -- 2017-03-21 00:49:25]
shell stdout: 
[INFO -- 2017-03-21 00:49:49]
no gdbExecName running, out:
[INFO -- 2017-03-21 00:49:49]
checCmd:ps -e | grep -i gdb-mic
[INFO -- 2017-03-21 00:49:49]
finished now-timestampStart < maxWaitTime*5
[INFO -- 2017-03-21 00:49:49]
now: 1490071787
[INFO -- 2017-03-21 00:49:49]
timestampStart: 1490071742
[INFO -- 2017-03-21 00:49:49]
kill cmd: killall -9 gdb-mic
[INFO -- 2017-03-21 00:49:49]
shell stdout: 
[INFO -- 2017-03-21 00:49:49]
kill cmd: ssh -T mic0 killall -9 needle_check
[INFO -- 2017-03-21 00:49:49]
shell stdout: 
[INFO -- 2017-03-21 00:49:50]
kill cmd: ssh -T mic0 killall -9 gdbserver
[INFO -- 2017-03-21 00:49:50]
shell stdout: 
[INFO -- 2017-03-21 00:49:50]
kill cmd: ssh -T mic0 killall -9 sshd
[INFO -- 2017-03-21 00:49:50]
shell stdout: 
