2017-01-25 12:02:57:Starting GDB script
2017-01-25 12:02:57:initSignal:2.0
2017-01-25 12:02:57:endSignal:4.0
2017-01-25 12:02:57:seqSignal:30
2017-01-25 12:02:59:sending 30 signals using command: 'ssh -T mic0 killall -2 lud_check' after 2.03308951388s
2017-01-25 12:03:00:sending 30 signals using command: 'ssh -T mic0 killall -2 lud_check' after 3.44035858193s
2017-01-25 12:03:00:sending 30 signals using command: 'ssh -T mic0 killall -2 lud_check' after 3.49343260921s
2017-01-25 12:03:00:shell stdout: 
2017-01-25 12:03:00:shell stdout: 
2017-01-25 12:03:00:shell stdout: 
2017-01-25 12:03:01:shell stdout: 
2017-01-25 12:03:01:shell stdout: 
2017-01-25 12:03:01:shell stdout: 
2017-01-25 12:03:01:shell stdout: 
2017-01-25 12:03:01:shell stdout: 
2017-01-25 12:03:01:shell stdout: 
2017-01-25 12:03:01:shell stdout: 
2017-01-25 12:03:02:shell stdout: 
2017-01-25 12:03:02:shell stdout: 
2017-01-25 12:03:02:shell stdout: 
2017-01-25 12:03:02:shell stdout: 
2017-01-25 12:03:02:shell stdout: 
2017-01-25 12:03:02:shell stdout: 
2017-01-25 12:03:03:shell stdout: 
2017-01-25 12:03:03:shell stdout: 
2017-01-25 12:03:03:shell stdout: 
2017-01-25 12:03:03:shell stdout: 
2017-01-25 12:03:03:shell stdout: 
2017-01-25 12:03:03:shell stdout: 
2017-01-25 12:03:04:shell stdout: 
2017-01-25 12:03:04:shell stdout: 
2017-01-25 12:03:04:shell stdout: 
2017-01-25 12:03:04:shell stdout: 
2017-01-25 12:03:04:shell stdout: 
2017-01-25 12:03:04:shell stdout: 
2017-01-25 12:03:04:shell stdout: 
2017-01-25 12:03:04:shell stdout: 
2017-01-25 12:03:05:shell stdout: 
2017-01-25 12:03:05:shell stdout: 
2017-01-25 12:03:05:shell stdout: 
2017-01-25 12:03:05:shell stdout: 
2017-01-25 12:03:05:shell stdout: 
2017-01-25 12:03:05:shell stdout: 
2017-01-25 12:03:05:shell stdout: 
2017-01-25 12:03:06:shell stdout: 
2017-01-25 12:03:06:shell stdout: 
2017-01-25 12:03:06:shell stdout: 
2017-01-25 12:03:06:shell stdout: 
2017-01-25 12:03:06:shell stdout: 
2017-01-25 12:03:06:shell stdout: 
2017-01-25 12:03:07:shell stdout: 
2017-01-25 12:03:07:shell stdout: 
2017-01-25 12:03:07:shell stdout: 
2017-01-25 12:03:07:shell stdout: 
2017-01-25 12:03:07:shell stdout: 
2017-01-25 12:03:07:shell stdout: 
2017-01-25 12:03:07:shell stdout: 
2017-01-25 12:03:07:shell stdout: 
2017-01-25 12:03:08:shell stdout: 
2017-01-25 12:03:08:shell stdout: 
2017-01-25 12:03:08:shell stdout: 
2017-01-25 12:03:08:shell stdout: 
2017-01-25 12:03:08:shell stdout: 
2017-01-25 12:03:08:shell stdout: 
2017-01-25 12:03:08:shell stdout: 
2017-01-25 12:03:09:shell stdout: 
2017-01-25 12:03:09:shell stdout: 
2017-01-25 12:03:09:shell stdout: 
2017-01-25 12:03:09:shell stdout: 
2017-01-25 12:03:09:shell stdout: 
2017-01-25 12:03:09:shell stdout: 
2017-01-25 12:03:09:shell stdout: 
2017-01-25 12:03:10:shell stdout: 
2017-01-25 12:03:10:shell stdout: 
2017-01-25 12:03:10:shell stdout: 
2017-01-25 12:03:10:shell stdout: 
2017-01-25 12:03:10:shell stdout: 
2017-01-25 12:03:10:shell stdout: 
2017-01-25 12:03:10:shell stdout: 
2017-01-25 12:03:10:shell stdout: 
2017-01-25 12:03:11:shell stdout: 
2017-01-25 12:03:11:shell stdout: 
2017-01-25 12:03:11:shell stdout: 
2017-01-25 12:03:11:shell stdout: 
2017-01-25 12:03:11:shell stdout: 
2017-01-25 12:03:11:shell stdout: 
2017-01-25 12:03:12:shell stdout: 
2017-01-25 12:03:12:shell stdout: 
2017-01-25 12:03:12:shell stdout: 
2017-01-25 12:03:12:shell stdout: 
2017-01-25 12:03:12:shell stdout: 
2017-01-25 12:03:12:shell stdout: 
2017-01-25 12:03:13:shell stdout: 
2017-01-25 12:03:13:shell stdout: 
2017-01-25 12:03:13:shell stdout: 
2017-01-25 12:03:13:shell stdout: 
2017-01-25 12:03:13:shell stdout: 
2017-01-25 12:03:23:no gdbExecName running, out:
2017-01-25 12:03:23:checCmd:ps -e | grep -i gdb-mic
2017-01-25 12:03:23:finished now-timestampStart < maxWaitTime*5
2017-01-25 12:03:23:now: 1485363802
2017-01-25 12:03:23:timestampStart: 1485363777
2017-01-25 12:03:23:kill cmd: killall -9 gdb-mic
2017-01-25 12:03:23:shell stdout: 
2017-01-25 12:03:23:kill cmd: ssh -T mic0 killall -9 lud_check
2017-01-25 12:03:23:shell stdout: 
2017-01-25 12:03:24:kill cmd: ssh -T mic0 killall -9 gdbserver
2017-01-25 12:03:24:shell stdout: 
2017-01-25 12:03:24:kill cmd: ssh -T mic0 killall -9 sshd
2017-01-25 12:03:24:shell stdout: 
