[INFO -- 2017-03-08 09:06:07]
Starting flip_value script
version: 2.0
[INFO -- 2017-03-08 09:06:07]
Initialization strings:
[INFO -- 2017-03-08 09:06:07]
(1) target extended-remote | ssh -T mic1 gdbserver --multi -
[INFO -- 2017-03-08 09:06:07]
(2) set sysroot /opt/mpss/3.7/sysroots/k1om-mpss-linux/
[INFO -- 2017-03-08 09:06:07]
(3) set sysroot /opt/mpss/3.7/sysroots/k1om-mpss-linux/
[INFO -- 2017-03-08 09:06:08]
(4) file /micNfs/gdb-fault-injection/injector/bin/clamr/clamr_openmponly
[INFO -- 2017-03-08 09:06:08]
(5) set remote exec-file /micNfs/gdb-fault-injection/injector/bin/clamr/clamr_openmponly
[INFO -- 2017-03-08 09:06:08]
(6) cd /micNfs/gdb-fault-injection/injector/bin/clamr
[INFO -- 2017-03-08 09:06:08]
(7) set args -n 512 -t 100 -g 100 -G data -j md5file
[INFO -- 2017-03-08 09:06:08]
initSignal:0
[INFO -- 2017-03-08 09:06:08]
endSignal:5
[INFO -- 2017-03-08 09:06:08]
seqSignal:20
[INFO -- 2017-03-08 09:06:08]
faultMode:3
[INFO -- 2017-03-08 09:06:16]
Backtrace BEGIN:
#0  0x000000000053b35e in hsfc2d (coord=0x7fffffffdfb8, nkey=2, key=0x7ffcc837b634) at /micNfs/gdb-fault-injection/injector/src/clamr/CLAMR/mesh/hsfc/hsfc.c:114
#1  0x000000000053a65d in hsfc2sort (N=264192, X=0x7ffd881b0010, Y=0x7ffd481a2010, ibase=0, Info=0x7ffd0809f010, LDInfo=1) at /micNfs/gdb-fault-injection/injector/src/clamr/CLAMR/mesh/hsfc/hsfcsort.c:138
#2  0x0000000000536b19 in Mesh::partition_cells (this=0x7fae50, numpe=1, z_order=..., method=HILBERT_SORT) at /micNfs/gdb-fault-injection/injector/src/clamr/CLAMR/mesh/partition.cpp:493
#3  0x0000000000507e48 in Mesh::init (this=0x7fae50, nx=512, ny=512, circ_radius=24, initial_order=HILBERT_SORT, do_gpu_calc=0) at /micNfs/gdb-fault-injection/injector/src/clamr/CLAMR/mesh/mesh.cpp:1516
#4  0x000000000044516a in main (argc=11, argv=0x7fffffffec58) at /micNfs/gdb-fault-injection/injector/src/clamr/CLAMR/clamr_cpuonly.cpp:277

109	    const unsigned which = off / MaxBits ;           /* Which word to update */
110	    const unsigned shift = MaxBits - off % MaxBits ; /* Which bits to update */
111	
112	    /* Set the two bits */
113	
114	    if ( shift == MaxBits ) { /* Word boundary */
115	      key[ which - 1 ] |= c ;
116	    }
117	    else {
118	      key[ which ] |= c << shift ;

Backtrace END
Memory content before bitflip:0x000xff0x010xfc0x070xf00x5f0x3f
Fault Mode: Zero bit-flip
base address to flip value: 0x7fffffffe1d0
address max offset: 8
Memory content after  bitflip:0x000x000x000x000x000x000x000x00
frame name: Mesh::partition_cells
symbol name: iscale
symbol filename: /micNfs/gdb-fault-injection/injector/src/clamr/CLAMR/mesh/partition.cpp
symbol line: 324
value: 0
value address: 0x7fffffffe1d0
Type: A floating point type.
Type sizeof: 8

[INFO -- 2017-03-08 09:06:16]
Fault Injection Successful after 8.72294807434s
[INFO -- 2017-03-08 09:07:06]
event type: exit
[INFO -- 2017-03-08 09:07:06]
exit code: 0
