2017-01-25 13:55:15:shell stdout: 
2017-01-25 13:55:16:shell stdout: 
2017-01-25 13:55:16:shell stdout: 
2017-01-25 13:55:16:shell stdout: 
2017-01-25 13:55:16:shell stdout: 
2017-01-25 13:55:16:shell stdout: 
2017-01-25 13:55:16:shell stdout: 
2017-01-25 13:55:16:shell stdout: 
2017-01-25 13:55:16:shell stdout: 
2017-01-25 13:55:17:shell stdout: 
2017-01-25 13:55:17:shell stdout: 
2017-01-25 13:55:17:shell stdout: 
2017-01-25 13:55:17:shell stdout: 
2017-01-25 13:55:17:shell stdout: 
2017-01-25 13:55:17:shell stdout: 
2017-01-25 13:55:17:shell stdout: 
2017-01-25 13:55:18:shell stdout: 
2017-01-25 13:55:18:shell stdout: 
2017-01-25 13:55:18:shell stdout: 
2017-01-25 13:55:18:shell stdout: 
2017-01-25 13:55:18:shell stdout: 
2017-01-25 13:55:18:shell stdout: 
2017-01-25 13:55:18:shell stdout: 
2017-01-25 13:55:19:shell stdout: 
2017-01-25 13:55:19:shell stdout: 
2017-01-25 13:55:19:shell stdout: 
2017-01-25 13:55:19:shell stdout: 
2017-01-25 13:55:19:shell stdout: 
2017-01-25 13:55:19:shell stdout: 
2017-01-25 13:55:19:shell stdout: 
2017-01-25 13:55:19:shell stdout: 
2017-01-25 13:55:20:shell stdout: 
2017-01-25 13:55:20:shell stdout: 
2017-01-25 13:55:20:shell stdout: 
2017-01-25 13:55:20:shell stdout: 
2017-01-25 13:55:20:shell stdout: 
2017-01-25 13:55:20:shell stdout: 
2017-01-25 13:55:20:shell stdout: 
2017-01-25 13:55:21:shell stdout: 
2017-01-25 13:55:21:shell stdout: 
2017-01-25 13:55:21:shell stdout: 
2017-01-25 13:55:21:shell stdout: 
2017-01-25 13:55:21:shell stdout: 
2017-01-25 13:55:22:shell stdout: 
2017-01-25 13:55:22:Starting GDB script
2017-01-25 13:55:22:initSignal:0.0
2017-01-25 13:55:22:endSignal:2.0
2017-01-25 13:55:22:seqSignal:30
2017-01-25 13:55:23:sending 30 signals using command: 'ssh -T mic0 killall -2 lud_check' after 1.1568450372s
2017-01-25 13:55:23:sending 30 signals using command: 'ssh -T mic0 killall -2 lud_check' after 1.28206120286s
2017-01-25 13:55:23:sending 30 signals using command: 'ssh -T mic0 killall -2 lud_check' after 1.37578087183s
2017-01-25 13:55:23:shell stdout: 
2017-01-25 13:55:24:shell stdout: 
2017-01-25 13:55:24:shell stdout: 
2017-01-25 13:55:24:shell stdout: 
2017-01-25 13:55:24:shell stdout: 
2017-01-25 13:55:24:shell stdout: 
2017-01-25 13:55:24:shell stdout: 
2017-01-25 13:55:24:shell stdout: 
2017-01-25 13:55:25:shell stdout: 
2017-01-25 13:55:25:shell stdout: 
2017-01-25 13:55:25:shell stdout: 
2017-01-25 13:55:25:shell stdout: 
2017-01-25 13:55:25:shell stdout: 
2017-01-25 13:55:25:shell stdout: 
2017-01-25 13:55:25:shell stdout: 
2017-01-25 13:55:26:shell stdout: 
2017-01-25 13:55:26:shell stdout: 
2017-01-25 13:55:26:shell stdout: 
2017-01-25 13:55:26:shell stdout: 
2017-01-25 13:55:26:shell stdout: 
2017-01-25 13:55:26:shell stdout: 
2017-01-25 13:55:26:shell stdout: 
2017-01-25 13:55:27:shell stdout: 
2017-01-25 13:55:27:shell stdout: 
2017-01-25 13:55:27:shell stdout: 
2017-01-25 13:55:27:shell stdout: 
2017-01-25 13:55:27:shell stdout: 
2017-01-25 13:55:27:shell stdout: 
2017-01-25 13:55:27:shell stdout: 
2017-01-25 13:55:27:shell stdout: 
2017-01-25 13:55:28:shell stdout: 
2017-01-25 13:55:28:shell stdout: 
2017-01-25 13:55:28:shell stdout: 
2017-01-25 13:55:28:shell stdout: 
2017-01-25 13:55:28:shell stdout: 
2017-01-25 13:55:28:shell stdout: 
2017-01-25 13:55:28:shell stdout: 
2017-01-25 13:55:29:shell stdout: 
2017-01-25 13:55:29:shell stdout: 
2017-01-25 13:55:29:shell stdout: 
2017-01-25 13:55:29:shell stdout: 
2017-01-25 13:55:29:shell stdout: 
2017-01-25 13:55:29:shell stdout: 
2017-01-25 13:55:30:shell stdout: 
2017-01-25 13:55:30:shell stdout: 
2017-01-25 13:55:30:shell stdout: 
2017-01-25 13:55:30:shell stdout: 
2017-01-25 13:55:30:shell stdout: 
2017-01-25 13:55:30:shell stdout: 
2017-01-25 13:55:30:shell stdout: 
2017-01-25 13:55:30:shell stdout: 
2017-01-25 13:55:31:shell stdout: 
2017-01-25 13:55:31:shell stdout: 
2017-01-25 13:55:31:shell stdout: 
2017-01-25 13:55:31:shell stdout: 
2017-01-25 13:55:31:shell stdout: 
2017-01-25 13:55:31:shell stdout: 
2017-01-25 13:55:31:shell stdout: 
2017-01-25 13:55:32:shell stdout: 
2017-01-25 13:55:32:shell stdout: 
2017-01-25 13:55:32:shell stdout: 
2017-01-25 13:55:32:shell stdout: 
2017-01-25 13:55:32:shell stdout: 
2017-01-25 13:55:32:shell stdout: 
2017-01-25 13:55:33:shell stdout: 
2017-01-25 13:55:33:shell stdout: 
2017-01-25 13:55:33:shell stdout: 
2017-01-25 13:55:33:shell stdout: 
2017-01-25 13:55:33:shell stdout: 
2017-01-25 13:55:33:shell stdout: 
2017-01-25 13:55:33:shell stdout: 
2017-01-25 13:55:34:shell stdout: 
2017-01-25 13:55:34:shell stdout: 
2017-01-25 13:55:34:shell stdout: 
2017-01-25 13:55:34:shell stdout: 
2017-01-25 13:55:34:shell stdout: 
2017-01-25 13:55:34:shell stdout: 
2017-01-25 13:55:34:shell stdout: 
2017-01-25 13:55:34:shell stdout: 
2017-01-25 13:55:35:shell stdout: 
2017-01-25 13:55:35:shell stdout: 
2017-01-25 13:55:35:shell stdout: 
2017-01-25 13:55:35:shell stdout: 
2017-01-25 13:55:35:shell stdout: 
2017-01-25 13:55:35:shell stdout: 
2017-01-25 13:55:36:shell stdout: 
2017-01-25 13:55:36:shell stdout: 
2017-01-25 13:55:36:shell stdout: 
2017-01-25 13:55:36:shell stdout: 
2017-01-25 13:55:36:shell stdout: 
2017-01-25 13:56:02:finished due now-timestampStart > maxWaitTime*5
2017-01-25 13:56:02:now: 1485370562
2017-01-25 13:56:02:timestampStart: 1485370522
2017-01-25 13:56:02:kill cmd: killall -9 gdb-mic
2017-01-25 13:56:02:shell stdout: 
2017-01-25 13:56:03:kill cmd: ssh -T mic0 killall -9 lud_check
2017-01-25 13:56:03:shell stdout: 
2017-01-25 13:56:03:kill cmd: ssh -T mic0 killall -9 gdbserver
2017-01-25 13:56:03:shell stdout: 
2017-01-25 13:56:03:kill cmd: ssh -T mic0 killall -9 sshd
2017-01-25 13:56:03:shell stdout: 
