2016-10-18 22:53:13:Starting GDB script
2016-10-18 22:53:14:sending signal using command: 'ssh -T mic0 killall -2 lavamd' after 0.104390439999s
2016-10-18 22:53:14:shell stdout: 
2016-10-18 22:53:14:sending signal using command: 'ssh -T mic0 killall -2 lavamd' after 0.278561464987s
2016-10-18 22:53:14:shell stdout: 
2016-10-18 22:53:18:sending signal using command: 'ssh -T mic0 killall -2 lavamd' after 3.43816055139s
2016-10-18 22:53:18:shell stdout: 
2016-10-18 22:53:18:sending signal using command: 'ssh -T mic0 killall -2 lavamd' after 3.71786982908s
2016-10-18 22:53:18:shell stdout: 
2016-10-18 22:53:19:sending signal using command: 'ssh -T mic0 killall -2 lavamd' after 4.76191154037s
2016-10-18 22:53:19:shell stdout: 
2016-10-18 22:53:19:sending signal using command: 'ssh -T mic0 killall -2 lavamd' after 5.097555225s
2016-10-18 22:53:19:shell stdout: 
2016-10-18 22:53:20:sending signal using command: 'ssh -T mic0 killall -2 lavamd' after 5.38343887894s
2016-10-18 22:53:20:shell stdout: 
2016-10-18 22:53:20:sending signal using command: 'ssh -T mic0 killall -2 lavamd' after 5.93378525296s
2016-10-18 22:53:20:shell stdout: 
2016-10-18 22:53:22:sending signal using command: 'ssh -T mic0 killall -2 lavamd' after 8.22371849755s
2016-10-18 22:53:22:shell stdout: 
2016-10-18 22:53:24:sending signal using command: 'ssh -T mic0 killall -2 lavamd' after 9.84073351857s
2016-10-18 22:53:24:shell stdout: 
2016-10-18 22:53:30:no gdbExecName running, out:
2016-10-18 22:53:30:checCmd:ps -e | grep -i gdb-mic
2016-10-18 22:53:30:finished now-timestampStart < maxWaitTime*5
2016-10-18 22:53:30:now: 1476845609
2016-10-18 22:53:30:timestampStart: 1476845593
2016-10-18 22:53:30:kill cmd: killall -9 gdb-mic
2016-10-18 22:53:30:shell stdout: 
2016-10-18 22:53:30:kill cmd: ssh -T mic0 killall -9 lavamd
2016-10-18 22:53:30:shell stdout: 
2016-10-18 22:53:30:kill cmd: ssh -T mic0 killall -9 gdbserver
2016-10-18 22:53:30:shell stdout: 
2016-10-18 22:53:31:kill cmd: ssh -T mic0 killall -9 sshd
2016-10-18 22:53:31:shell stdout: 
