[INFO -- 2017-02-25 22:43:56]
Starting GDB script
[INFO -- 2017-02-25 22:43:56]
initSignal:9.0
[INFO -- 2017-02-25 22:43:56]
endSignal:12.0
[INFO -- 2017-02-25 22:43:56]
seqSignal:15
[INFO -- 2017-02-25 22:44:06]
sending 15 signals using command: 'ssh -T mic0 killall -2 hotspot_check' after 9.72624849448s
[INFO -- 2017-02-25 22:44:06]
shell stdout: 
[INFO -- 2017-02-25 22:44:07]
shell stdout: 
[INFO -- 2017-02-25 22:44:07]
shell stdout: 
[INFO -- 2017-02-25 22:44:07]
shell stdout: 
[INFO -- 2017-02-25 22:44:08]
shell stdout: 
[INFO -- 2017-02-25 22:44:08]
sending 15 signals using command: 'ssh -T mic0 killall -2 hotspot_check' after 11.7225929954s
[INFO -- 2017-02-25 22:44:08]
sending 15 signals using command: 'ssh -T mic0 killall -2 hotspot_check' after 11.9991055832s
[INFO -- 2017-02-25 22:44:08]
shell stdout: 
[INFO -- 2017-02-25 22:44:08]
shell stdout: 
[INFO -- 2017-02-25 22:44:09]
shell stdout: 
[INFO -- 2017-02-25 22:44:09]
shell stdout: 
[INFO -- 2017-02-25 22:44:09]
shell stdout: 
[INFO -- 2017-02-25 22:44:09]
shell stdout: 
[INFO -- 2017-02-25 22:44:09]
shell stdout: 
[INFO -- 2017-02-25 22:44:09]
shell stdout: 
[INFO -- 2017-02-25 22:44:09]
shell stdout: 
[INFO -- 2017-02-25 22:44:09]
shell stdout: 
[INFO -- 2017-02-25 22:44:10]
shell stdout: 
[INFO -- 2017-02-25 22:44:10]
shell stdout: 
[INFO -- 2017-02-25 22:44:10]
shell stdout: 
[INFO -- 2017-02-25 22:44:10]
shell stdout: 
[INFO -- 2017-02-25 22:44:10]
shell stdout: 
[INFO -- 2017-02-25 22:44:10]
shell stdout: 
[INFO -- 2017-02-25 22:44:10]
shell stdout: 
[INFO -- 2017-02-25 22:44:11]
shell stdout: 
[INFO -- 2017-02-25 22:44:11]
shell stdout: 
[INFO -- 2017-02-25 22:44:11]
shell stdout: 
[INFO -- 2017-02-25 22:44:11]
shell stdout: 
[INFO -- 2017-02-25 22:44:11]
shell stdout: 
[INFO -- 2017-02-25 22:44:11]
shell stdout: 
[INFO -- 2017-02-25 22:44:12]
shell stdout: 
[INFO -- 2017-02-25 22:44:12]
shell stdout: 
[INFO -- 2017-02-25 22:44:12]
shell stdout: 
[INFO -- 2017-02-25 22:44:12]
shell stdout: 
[INFO -- 2017-02-25 22:44:12]
shell stdout: 
[INFO -- 2017-02-25 22:44:12]
shell stdout: 
[INFO -- 2017-02-25 22:44:13]
shell stdout: 
[INFO -- 2017-02-25 22:44:13]
shell stdout: 
[INFO -- 2017-02-25 22:44:13]
shell stdout: 
[INFO -- 2017-02-25 22:44:14]
shell stdout: 
[INFO -- 2017-02-25 22:44:14]
shell stdout: 
[INFO -- 2017-02-25 22:44:14]
shell stdout: 
[INFO -- 2017-02-25 22:44:14]
shell stdout: 
[INFO -- 2017-02-25 22:44:15]
shell stdout: 
[INFO -- 2017-02-25 22:44:15]
shell stdout: 
[INFO -- 2017-02-25 22:44:15]
shell stdout: 
[INFO -- 2017-02-25 22:44:15]
shell stdout: 
[INFO -- 2017-02-25 22:44:28]
no gdbExecName running, out:
[INFO -- 2017-02-25 22:44:28]
checCmd:ps -e | grep -i gdb-mic
[INFO -- 2017-02-25 22:44:28]
finished now-timestampStart < maxWaitTime*5
[INFO -- 2017-02-25 22:44:28]
now: 1488080667
[INFO -- 2017-02-25 22:44:28]
timestampStart: 1488080636
[INFO -- 2017-02-25 22:44:28]
kill cmd: killall -9 gdb-mic
[INFO -- 2017-02-25 22:44:28]
shell stdout: 
[INFO -- 2017-02-25 22:44:29]
kill cmd: ssh -T mic0 killall -9 hotspot_check
[INFO -- 2017-02-25 22:44:29]
shell stdout: 
[INFO -- 2017-02-25 22:44:29]
kill cmd: ssh -T mic0 killall -9 gdbserver
[INFO -- 2017-02-25 22:44:29]
shell stdout: 
[INFO -- 2017-02-25 22:44:29]
kill cmd: ssh -T mic0 killall -9 sshd
[INFO -- 2017-02-25 22:44:29]
shell stdout: 
