2016-10-21 09:55:56:Initialization strings:
2016-10-21 09:55:57:(1) target extended-remote | ssh -T mic0 gdbserver --multi -
2016-10-21 09:55:57:(2) set sysroot /opt/mpss/3.7/sysroots/k1om-mpss-linux/
2016-10-21 09:55:57:(3) set sysroot /opt/mpss/3.7/sysroots/k1om-mpss-linux/
2016-10-21 09:55:57:(4) file /micNfs/gdb-fault-injection-lavamd/bin/lavamd
2016-10-21 09:55:57:(5) set remote exec-file /micNfs/gdb-fault-injection-lavamd/bin/lavamd
2016-10-21 09:55:57:(6) set args 228 15 /micNfs/gdb-fault-injection-lavamd/bin/input_distance_228_15 /micNfs/gdb-fault-injection-lavamd/bin/input_charges_228_15 /micNfs/gdb-fault-injection-lavamd/bin/output_gold_228_15 1
2016-10-21 09:55:57:Trying Fault Injection
2016-10-21 09:55:57:Inferior PID: 91943
2016-10-21 09:55:57:Inferior is valid: True
2016-10-21 09:55:57:Inferior #threads: 1
2016-10-21 09:55:57:Backtrace BEGIN:
2016-10-21 09:55:57:#0  0x00007ffff7142876 in __GI__IO_file_xsgetn (fp=0x60e1c0, data=0x7ffff6a034f0, n=8) at fileops.c:1355
#1  0x00007ffff7138929 in __GI__IO_fread (buf=<optimized out>, size=1, count=8, fp=0x60e1c0) at iofread.c:42
#2  0x00000000004021c3 in main (argc=7, argv=0x7fffffffec08) at main_check.c:148

2016-10-21 09:55:57:1350	in fileops.c

2016-10-21 09:55:57:Backtrace END
2016-10-21 09:55:57:Thread name: None
2016-10-21 09:55:57:Thread num: 1
2016-10-21 09:55:57:Thread ptid: (91943, 91943, 0)
2016-10-21 09:55:57:bitFlip function
2016-10-21 09:55:57:Type: The type is a pointer.
2016-10-21 09:55:57:Type sizeof: 8
2016-10-21 09:55:57:Fliping a bit of the pointer
2016-10-21 09:55:57:Mem contents(hex):0x080xec0xff0xff0xff0x7f0x000x00
2016-10-21 09:55:57:base address to flip value: 0x7fffffffe868
2016-10-21 09:55:57:address max offset: 8
2016-10-21 09:55:57:Memory content before bitflip:0x080xec0xff0xff0xff0x7f0x000x00
2016-10-21 09:55:57:Memory content after  bitflip:0x080xec0xff0xff0xff0x7f0x800x00
2016-10-21 09:55:57:Mem contents(hex):0x080xec0xff0xff0xff0x7f0x800x00
2016-10-21 09:55:57:frame name: main
2016-10-21 09:55:57:symbol name: argv
2016-10-21 09:55:57:symbol filename: main_check.c
2016-10-21 09:55:57:symbol line: 43
2016-10-21 09:55:57:value: 0x7fffffffec08
2016-10-21 09:55:57:value address: 0x7fffffffe868
2016-10-21 09:55:57:Type: The type is a pointer.
2016-10-21 09:55:57:Type sizeof: 8
2016-10-21 09:55:57:Fault Injection Successful after 0.828947067261s
2016-10-21 09:55:58:Fault Already Injected
2016-10-21 09:55:59:Fault Already Injected
2016-10-21 09:56:00:Fault Already Injected
2016-10-21 09:56:00:Fault Already Injected
2016-10-21 09:56:01:Fault Already Injected
2016-10-21 09:56:02:Fault Already Injected
2016-10-21 09:56:03:Fault Already Injected
2016-10-21 09:56:04:Fault Already Injected
2016-10-21 09:56:05:Fault Already Injected
2016-10-21 09:56:07:event type: exit
2016-10-21 09:56:07:exit code: 0
