2016-10-29 08:32:31:Starting GDB script
2016-10-29 08:32:31:sending signal using command: 'ssh -T mic0 killall -2 lavamd' after 0.280422624044s
2016-10-29 08:32:31:shell stdout: 
2016-10-29 08:32:32:sending signal using command: 'ssh -T mic0 killall -2 lavamd' after 0.834791172479s
2016-10-29 08:32:32:shell stdout: 
2016-10-29 08:32:35:sending signal using command: 'ssh -T mic0 killall -2 lavamd' after 2.52870152738s
2016-10-29 08:32:35:shell stdout: 
2016-10-29 08:32:35:sending signal using command: 'ssh -T mic0 killall -2 lavamd' after 2.67783071005s
2016-10-29 08:32:35:shell stdout: 
2016-10-29 08:32:35:sending signal using command: 'ssh -T mic0 killall -2 lavamd' after 3.08452408833s
2016-10-29 08:32:35:shell stdout: 
2016-10-29 08:32:35:sending signal using command: 'ssh -T mic0 killall -2 lavamd' after 3.82492924382s
2016-10-29 08:32:35:shell stdout: 
2016-10-29 08:32:36:sending signal using command: 'ssh -T mic0 killall -2 lavamd' after 4.33354054937s
2016-10-29 08:32:36:shell stdout: 
2016-10-29 08:32:39:sending signal using command: 'ssh -T mic0 killall -2 lavamd' after 7.40911954591s
2016-10-29 08:32:39:shell stdout: 
2016-10-29 08:32:39:sending signal using command: 'ssh -T mic0 killall -2 lavamd' after 8.03828191422s
2016-10-29 08:32:39:shell stdout: 
2016-10-29 08:32:41:sending signal using command: 'ssh -T mic0 killall -2 lavamd' after 9.1923205391s
2016-10-29 08:32:41:shell stdout: 
2016-10-29 08:32:47:no gdbExecName running, out:
2016-10-29 08:32:47:checCmd:ps -e | grep -i gdb-mic
2016-10-29 08:32:47:finished now-timestampStart < maxWaitTime*5
2016-10-29 08:32:47:now: 1477744366
2016-10-29 08:32:47:timestampStart: 1477744351
2016-10-29 08:32:47:kill cmd: killall -9 gdb-mic
2016-10-29 08:32:47:shell stdout: 
2016-10-29 08:32:47:kill cmd: ssh -T mic0 killall -9 lavamd
2016-10-29 08:32:47:shell stdout: 
2016-10-29 08:32:48:kill cmd: ssh -T mic0 killall -9 gdbserver
2016-10-29 08:32:48:shell stdout: 
2016-10-29 08:32:48:kill cmd: ssh -T mic0 killall -9 sshd
2016-10-29 08:32:48:shell stdout: 
