2016-10-28 22:38:54:sending signal using command: 'ssh -T mic0 killall -2 needle_check' after 9.31858810398s
2016-10-28 22:38:54:shell stdout: 
2016-10-28 22:38:55:sending signal using command: 'ssh -T mic0 killall -2 needle_check' after 10.4125224947s
2016-10-28 22:38:55:shell stdout: 
2016-10-28 22:38:56:sending signal using command: 'ssh -T mic0 killall -2 needle_check' after 11.5743796369s
2016-10-28 22:38:56:shell stdout: 
2016-10-28 22:38:56:sending signal using command: 'ssh -T mic0 killall -2 needle_check' after 12.0458357979s
2016-10-28 22:38:56:shell stdout: 
2016-10-28 22:38:58:sending signal using command: 'ssh -T mic0 killall -2 needle_check' after 13.2327623775s
2016-10-28 22:38:58:shell stdout: 
2016-10-28 22:38:59:sending signal using command: 'ssh -T mic0 killall -2 needle_check' after 14.2440493628s
2016-10-28 22:38:59:shell stdout: 
2016-10-28 22:39:00:sending signal using command: 'ssh -T mic0 killall -2 needle_check' after 15.4313973381s
2016-10-28 22:39:00:shell stdout: 
2016-10-28 22:39:01:sending signal using command: 'ssh -T mic0 killall -2 needle_check' after 16.7196197249s
2016-10-28 22:39:01:shell stdout: 
2016-10-28 22:39:01:Starting GDB script
2016-10-28 22:39:07:sending signal using command: 'ssh -T mic0 killall -2 needle_check' after 5.3044340979s
2016-10-28 22:39:07:shell stdout: 
2016-10-28 22:39:08:sending signal using command: 'ssh -T mic0 killall -2 needle_check' after 6.00142451264s
2016-10-28 22:39:08:shell stdout: 
2016-10-28 22:39:08:sending signal using command: 'ssh -T mic0 killall -2 needle_check' after 6.58329389682s
2016-10-28 22:39:08:shell stdout: 
2016-10-28 22:39:10:sending signal using command: 'ssh -T mic0 killall -2 needle_check' after 8.76162834977s
2016-10-28 22:39:10:shell stdout: 
2016-10-28 22:39:14:sending signal using command: 'ssh -T mic0 killall -2 needle_check' after 12.2940654499s
2016-10-28 22:39:14:shell stdout: 
2016-10-28 22:39:14:sending signal using command: 'ssh -T mic0 killall -2 needle_check' after 12.3361169064s
2016-10-28 22:39:14:shell stdout: 
2016-10-28 22:39:15:sending signal using command: 'ssh -T mic0 killall -2 needle_check' after 13.2746284405s
2016-10-28 22:39:15:shell stdout: 
2016-10-28 22:39:15:sending signal using command: 'ssh -T mic0 killall -2 needle_check' after 13.43825057s
2016-10-28 22:39:15:shell stdout: 
2016-10-28 22:39:17:sending signal using command: 'ssh -T mic0 killall -2 needle_check' after 15.1885753526s
2016-10-28 22:39:17:shell stdout: 
2016-10-28 22:39:17:sending signal using command: 'ssh -T mic0 killall -2 needle_check' after 15.5708183561s
2016-10-28 22:39:17:shell stdout: 
2016-10-28 22:39:37:no gdbExecName running, out:
2016-10-28 22:39:37:checCmd:ps -e | grep -i gdb-mic
2016-10-28 22:39:37:finished now-timestampStart < maxWaitTime*5
2016-10-28 22:39:37:now: 1477708776
2016-10-28 22:39:37:timestampStart: 1477708741
2016-10-28 22:39:37:kill cmd: killall -9 gdb-mic
2016-10-28 22:39:37:shell stdout: 
2016-10-28 22:39:37:kill cmd: ssh -T mic0 killall -9 needle_check
2016-10-28 22:39:37:shell stdout: 
2016-10-28 22:39:37:kill cmd: ssh -T mic0 killall -9 gdbserver
2016-10-28 22:39:37:shell stdout: 
2016-10-28 22:39:38:kill cmd: ssh -T mic0 killall -9 sshd
2016-10-28 22:39:38:shell stdout: 
