2017-03-01 15:57:39:Starting flip_value script
2017-03-01 15:57:39:Initialization strings:
2017-03-01 15:57:39:(1) target extended-remote | ssh -T mic0 gdbserver --multi -
2017-03-01 15:57:39:(2) set sysroot /opt/mpss/3.7/sysroots/k1om-mpss-linux/
2017-03-01 15:57:39:(3) set sysroot /opt/mpss/3.7/sysroots/k1om-mpss-linux/
2017-03-01 15:57:39:(4) file /micNfs/gdb-fault-injection/injector/bin/lud/lud_check
2017-03-01 15:57:39:(5) set remote exec-file /micNfs/gdb-fault-injection/injector/bin/lud/lud_check
2017-03-01 15:57:39:(6) set args -s 2048 -n 228 -i /micNfs/gdb-fault-injection/injector/bin/lud/input_2048_th_228 -g /micNfs/gdb-fault-injection/injector/bin/lud/gold_2048_th_228
2017-03-01 15:57:39:initSignal:6
2017-03-01 15:57:39:endSignal:8
2017-03-01 15:57:39:seqSignal:30
2017-03-01 15:57:47:Backtrace BEGIN:
2017-03-01 15:57:47:#0  0x00007ffff78a97a9 in ?? ()
#1  0x3ed2795e3ed237e6 in ?? ()
#2  0x3ed2e07f3ed2aada in ?? ()
#3  0x00007fffed780100 in ?? ()
#4  0x0000000000000030 in ?? ()
#5  0x3ed4216900000030 in ?? ()
#6  0x3ed4953c00000000 in ?? ()
#7  0x3ed1719f00000003 in ?? ()
#8  0x0000000000000001 in ?? ()
#9  0x3ed23f7f00000040 in ?? ()
#10 0x3ed2a96b00000010 in ?? ()
#11 0x0000000000000010 in ?? ()
#12 0x3ed382933ed34847 in ?? ()
#13 0x3ed3ef5b3ed3b02c in ?? ()
#14 0x00007ffff4ea6b00 in ?? ()
#15 0x00007ffff4ea3900 in ?? ()
#16 0x00007fff00000001 in ?? ()
#17 0x00007fff00000005 in ?? ()
#18 0x00007ffff4ec7c80 in ?? ()
#19 0x00007ffff4ea3900 in ?? ()
#20 0x0000000000000005 in ?? ()
#21 0x00007ffff4eab040 in ?? ()
#22 0x0000000000000000 in ?? ()

2017-03-01 15:57:47:32	static struct option long_options[] = {
33	  /* name, has_arg, flag, val */
34	  {"input", 1, NULL, 'i'},
35	  {"gold", 1, NULL, 'g'},
36	  {"size", 1, NULL, 's'},
37	  {0,0,0,0}
38	};
39	
40	extern void
41	lud_omp(float *m, int matrix_dim);

2017-03-01 15:57:47:Backtrace END
2017-03-01 15:57:51:Backtrace BEGIN:
2017-03-01 15:57:52:#0  0x00007ffff78a97a9 in ?? ()
#1  0x3ed2795e3ed237e6 in ?? ()
#2  0x3ed2e07f3ed2aada in ?? ()
#3  0x00007fffed780100 in ?? ()
#4  0x0000000000000030 in ?? ()
#5  0x3ed4216900000030 in ?? ()
#6  0x3ed4953c00000000 in ?? ()
#7  0x3ed1719f00000003 in ?? ()
#8  0x0000000000000001 in ?? ()
#9  0x3ed23f7f00000040 in ?? ()
#10 0x3ed2a96b00000010 in ?? ()
#11 0x0000000000000010 in ?? ()
#12 0x3ed382933ed34847 in ?? ()
#13 0x3ed3ef5b3ed3b02c in ?? ()
#14 0x00007ffff4ea6b00 in ?? ()
#15 0x00007ffff4ea3900 in ?? ()
#16 0x00007fff00000001 in ?? ()
#17 0x00007fff00000005 in ?? ()
#18 0x00007ffff4ec7c80 in ?? ()
#19 0x00007ffff4ea3900 in ?? ()
#20 0x0000000000000005 in ?? ()
#21 0x00007ffff4eab040 in ?? ()
#22 0x0000000000000000 in ?? ()

2017-03-01 15:57:52:42	
43	int
44	main ( int argc, char *argv[] )
45	{
46	  int matrix_dim = 0; /* default size */
47	  int opt, option_index=0;
48	  func_ret_t ret;
49	  const char *input_file = NULL;
50	  const char *gold_file = NULL;
51	  float *m, *gold;

2017-03-01 15:57:52:Backtrace END
2017-03-01 15:57:56:Backtrace BEGIN:
2017-03-01 15:57:56:#0  0x00007ffff78a97a9 in ?? ()
#1  0x3ed2795e3ed237e6 in ?? ()
#2  0x3ed2e07f3ed2aada in ?? ()
#3  0x00007fffed780100 in ?? ()
#4  0x0000000000000030 in ?? ()
#5  0x3ed4216900000030 in ?? ()
#6  0x3ed4953c00000000 in ?? ()
#7  0x3ed1719f00000003 in ?? ()
#8  0x0000000000000001 in ?? ()
#9  0x3ed23f7f00000040 in ?? ()
#10 0x3ed2a96b00000010 in ?? ()
#11 0x0000000000000010 in ?? ()
#12 0x3ed382933ed34847 in ?? ()
#13 0x3ed3ef5b3ed3b02c in ?? ()
#14 0x00007ffff4ea6b00 in ?? ()
#15 0x00007ffff4ea3900 in ?? ()
#16 0x00007fff00000001 in ?? ()
#17 0x00007fff00000005 in ?? ()
#18 0x00007ffff4ec7c80 in ?? ()
#19 0x00007ffff4ea3900 in ?? ()
#20 0x0000000000000005 in ?? ()
#21 0x00007ffff4eab040 in ?? ()
#22 0x0000000000000000 in ?? ()

2017-03-01 15:57:56:52	  stopwatch sw;
53	
54		
55	  while ((opt = getopt_long(argc, argv, "::s:n:i:g:", 
56	                            long_options, &option_index)) != -1 ) {
57	    switch(opt){
58	    case 'i':
59	      input_file = optarg;
60	      break;
61	    case 'g':

2017-03-01 15:57:56:Backtrace END
2017-03-01 15:58:00:Backtrace BEGIN:
2017-03-01 15:58:00:#0  pthread_cond_timedwait@@GLIBC_2.3.2 () at ../sysdeps/unix/sysv/linux/x86_64/pthread_cond_timedwait.S:238
#1  0x00007ffff790c5ea in ?? ()
#2  0x00007ffff7fd2d18 in ?? ()
#3  0x0000000002a10a06 in ?? ()
#4  0x0000000000000017 in ?? ()
#5  0x00007ffff7fd2df0 in ?? ()
#6  0x00007ffff70e17d8 in ?? () from /opt/mpss/3.7/sysroots/k1om-mpss-linux/lib64/libc.so.6
#7  0x00007ffff7fd2d14 in ?? ()
#8  0x00007ffff7fd2de0 in ?? ()
#9  0x00007ffff7ff8630 in ?? ()
#10 0x0000000000000008 in ?? ()
#11 0x0000000000000000 in ?? ()

2017-03-01 15:58:00:233	in ../sysdeps/unix/sysv/linux/x86_64/pthread_cond_timedwait.S

2017-03-01 15:58:00:Backtrace END
2017-03-01 15:58:04:Backtrace BEGIN:
2017-03-01 15:58:04:#0  0x00007ffff78a97a9 in ?? ()
#1  0x3ed2795e3ed237e6 in ?? ()
#2  0x3ed2e07f3ed2aada in ?? ()
#3  0x00007fffed780100 in ?? ()
#4  0x0000000000000030 in ?? ()
#5  0x3ed4216900000030 in ?? ()
#6  0x3ed4953c00000000 in ?? ()
#7  0x3ed1719f00000003 in ?? ()
#8  0x0000000000000001 in ?? ()
#9  0x3ed23f7f00000040 in ?? ()
#10 0x3ed2a96b00000010 in ?? ()
#11 0x0000000000000010 in ?? ()
#12 0x3ed382933ed34847 in ?? ()
#13 0x3ed3ef5b3ed3b02c in ?? ()
#14 0x00007ffff4ea6b00 in ?? ()
#15 0x00007ffff4ea3900 in ?? ()
#16 0x00007fff00000001 in ?? ()
#17 0x00007fff00000005 in ?? ()
#18 0x00007ffff4ec7c80 in ?? ()
#19 0x00007ffff4ea3900 in ?? ()
#20 0x0000000000000005 in ?? ()
#21 0x00007ffff4eab040 in ?? ()
#22 0x0000000000000000 in ?? ()

2017-03-01 15:58:04:233	in ../sysdeps/unix/sysv/linux/x86_64/pthread_cond_timedwait.S

2017-03-01 15:58:04:Backtrace END
2017-03-01 15:58:09:event type: exit
2017-03-01 15:58:09:exit code: 0
