2016-10-26 23:08:42:Initialization strings:
2016-10-26 23:08:42:(1) target extended-remote | ssh -T mic0 gdbserver --multi -
2016-10-26 23:08:42:(2) set sysroot /opt/mpss/3.7/sysroots/k1om-mpss-linux/
2016-10-26 23:08:42:(3) set sysroot /opt/mpss/3.7/sysroots/k1om-mpss-linux/
2016-10-26 23:08:42:(4) file /micNfs/gdb-fault-injection-lavamd/bin/lavamd
2016-10-26 23:08:42:(5) set remote exec-file /micNfs/gdb-fault-injection-lavamd/bin/lavamd
2016-10-26 23:08:42:(6) set args 228 15 /micNfs/gdb-fault-injection-lavamd/bin/input_distance_228_15 /micNfs/gdb-fault-injection-lavamd/bin/input_charges_228_15 /micNfs/gdb-fault-injection-lavamd/bin/output_gold_228_15 1
2016-10-26 23:08:44:Trying Fault Injection
2016-10-26 23:08:44:Inferior PID: 189358
2016-10-26 23:08:44:Inferior is valid: True
2016-10-26 23:08:44:Inferior #threads: 79
2016-10-26 23:08:44:Backtrace BEGIN:
2016-10-26 23:08:44:#0  allocate_stack (stack=<synthetic pointer>, pdp=<synthetic pointer>, attr=0x7fffffffdd58) at allocatestack.c:548
#1  __pthread_create_2_1 (newthread=0x7fffffffdd50, attr=<optimized out>, start_routine=0x7ffff790bb10, arg=0x7ffff4108100) at pthread_create.c:524
#2  0x00007ffff790d323 in ?? ()
#3  0x0000000000000000 in ?? ()

2016-10-26 23:08:44:543	in allocatestack.c

2016-10-26 23:08:44:Backtrace END
2016-10-26 23:08:45:Thread name: None
2016-10-26 23:08:45:Thread num: 1
2016-10-26 23:08:45:Thread ptid: (189358, 189358, 0)
2016-10-26 23:08:45:bitFlip function
2016-10-26 23:08:45:Type: The type is an array.
2016-10-26 23:08:45:Type sizeof: 12
2016-10-26 23:08:45:Fliping array at pos: 2
2016-10-26 23:08:45:bitFlip function
2016-10-26 23:08:45:Type: The type is an integer type.
2016-10-26 23:08:45:Type sizeof: 4
2016-10-26 23:08:45:Mem contents(hex):0x400x060x000x00
2016-10-26 23:08:45:base address to flip value: 0x7ffff743c388 
2016-10-26 23:08:45:address max offset: 4
2016-10-26 23:08:45:Memory content before bitflip:0x400x060x000x00
2016-10-26 23:08:45:Memory content after  bitflip:0x400x060x200x00
2016-10-26 23:08:45:Mem contents(hex):0x400x060x200x00
2016-10-26 23:08:45:frame name: __pthread_create_2_1
2016-10-26 23:08:45:symbol name: _thread_db_pthread_start_routine
2016-10-26 23:08:45:symbol filename: ../nptl_db/structs.def
2016-10-26 23:08:45:symbol line: 30
2016-10-26 23:08:45:value: {64, 1, 2098752}
2016-10-26 23:08:45:value address: 0x7ffff743c380 <_thread_db_pthread_start_routine>
2016-10-26 23:08:45:Type: The type is an array.
2016-10-26 23:08:45:Type sizeof: 12
2016-10-26 23:08:45:Field name: None
2016-10-26 23:08:45:Field Type:
2016-10-26 23:08:45:Type: A range type, that is, an integer type with bounds.
2016-10-26 23:08:45:Type sizeof: 8
2016-10-26 23:08:45:Type range: (0L, 2L)
2016-10-26 23:08:45:Fault Injection Successful after 3.774091959s
2016-10-26 23:08:45:Fault Already Injected
2016-10-26 23:08:47:Fault Already Injected
2016-10-26 23:08:49:Fault Already Injected
2016-10-26 23:08:49:Fault Already Injected
2016-10-26 23:08:51:Fault Already Injected
2016-10-26 23:08:51:Fault Already Injected
2016-10-26 23:08:52:Fault Already Injected
2016-10-26 23:08:52:Fault Already Injected
2016-10-26 23:08:52:Fault Already Injected
2016-10-26 23:08:55:event type: exit
2016-10-26 23:08:55:exit code: 0
