[INFO -- 2017-02-25 09:20:31]
Starting GDB script
[INFO -- 2017-02-25 09:20:31]
initSignal:0.0
[INFO -- 2017-02-25 09:20:31]
endSignal:3.0
[INFO -- 2017-02-25 09:20:31]
seqSignal:15
[INFO -- 2017-02-25 09:20:33]
sending 15 signals using command: 'ssh -T mic1 killall -2 hotspot_check' after 2.77083389713s
[INFO -- 2017-02-25 09:20:33]
sending 15 signals using command: 'ssh -T mic1 killall -2 hotspot_check' after 2.8512890013s
[INFO -- 2017-02-25 09:20:33]
sending 15 signals using command: 'ssh -T mic1 killall -2 hotspot_check' after 2.85969520912s
[INFO -- 2017-02-25 09:20:34]
shell stdout: 
[INFO -- 2017-02-25 09:20:34]
shell stdout: 
[INFO -- 2017-02-25 09:20:34]
shell stdout: 
[INFO -- 2017-02-25 09:20:34]
shell stdout: 
[INFO -- 2017-02-25 09:20:34]
shell stdout: 
[INFO -- 2017-02-25 09:20:34]
shell stdout: 
[INFO -- 2017-02-25 09:20:35]
shell stdout: 
[INFO -- 2017-02-25 09:20:35]
shell stdout: 
[INFO -- 2017-02-25 09:20:35]
shell stdout: 
[INFO -- 2017-02-25 09:20:35]
shell stdout: 
[INFO -- 2017-02-25 09:20:35]
shell stdout: 
[INFO -- 2017-02-25 09:20:35]
shell stdout: 
[INFO -- 2017-02-25 09:20:35]
shell stdout: 
[INFO -- 2017-02-25 09:20:35]
shell stdout: 
[INFO -- 2017-02-25 09:20:36]
shell stdout: 
[INFO -- 2017-02-25 09:20:36]
shell stdout: 
[INFO -- 2017-02-25 09:20:36]
shell stdout: 
[INFO -- 2017-02-25 09:20:36]
shell stdout: 
[INFO -- 2017-02-25 09:20:36]
shell stdout: 
[INFO -- 2017-02-25 09:20:36]
shell stdout: 
[INFO -- 2017-02-25 09:20:36]
shell stdout: 
[INFO -- 2017-02-25 09:20:37]
shell stdout: 
[INFO -- 2017-02-25 09:20:37]
shell stdout: 
[INFO -- 2017-02-25 09:20:37]
shell stdout: 
[INFO -- 2017-02-25 09:20:37]
shell stdout: 
[INFO -- 2017-02-25 09:20:37]
shell stdout: 
[INFO -- 2017-02-25 09:20:37]
shell stdout: 
[INFO -- 2017-02-25 09:20:37]
shell stdout: 
[INFO -- 2017-02-25 09:20:38]
shell stdout: 
[INFO -- 2017-02-25 09:20:38]
shell stdout: 
[INFO -- 2017-02-25 09:20:38]
shell stdout: 
[INFO -- 2017-02-25 09:20:38]
shell stdout: 
[INFO -- 2017-02-25 09:20:38]
shell stdout: 
[INFO -- 2017-02-25 09:20:38]
shell stdout: 
[INFO -- 2017-02-25 09:20:38]
shell stdout: 
[INFO -- 2017-02-25 09:20:38]
shell stdout: 
[INFO -- 2017-02-25 09:20:39]
shell stdout: 
[INFO -- 2017-02-25 09:20:39]
shell stdout: 
[INFO -- 2017-02-25 09:20:39]
shell stdout: 
[INFO -- 2017-02-25 09:20:39]
shell stdout: 
[INFO -- 2017-02-25 09:20:39]
shell stdout: 
[INFO -- 2017-02-25 09:20:39]
shell stdout: 
[INFO -- 2017-02-25 09:20:40]
shell stdout: 
[INFO -- 2017-02-25 09:20:40]
shell stdout: 
[INFO -- 2017-02-25 09:20:40]
shell stdout: 
[INFO -- 2017-02-25 09:21:10]
no gdbExecName running, out:
[INFO -- 2017-02-25 09:21:10]
checCmd:ps -e | grep -i gdb-mic
[INFO -- 2017-02-25 09:21:10]
finished now-timestampStart < maxWaitTime*5
[INFO -- 2017-02-25 09:21:10]
now: 1488032469
[INFO -- 2017-02-25 09:21:10]
timestampStart: 1488032431
[INFO -- 2017-02-25 09:21:10]
kill cmd: killall -9 gdb-mic
[INFO -- 2017-02-25 09:21:10]
shell stdout: 
[INFO -- 2017-02-25 09:21:11]
kill cmd: ssh -T mic1 killall -9 hotspot_check
[INFO -- 2017-02-25 09:21:11]
shell stdout: 
[INFO -- 2017-02-25 09:21:11]
kill cmd: ssh -T mic1 killall -9 gdbserver
[INFO -- 2017-02-25 09:21:11]
shell stdout: 
[INFO -- 2017-02-25 09:21:11]
kill cmd: ssh -T mic1 killall -9 sshd
[INFO -- 2017-02-25 09:21:11]
shell stdout: 
