2017-01-23 23:54:24:Starting GDB script
2017-01-23 23:54:24:initSignal:4.0
2017-01-23 23:54:24:endSignal:6.0
2017-01-23 23:54:24:seqSignal:30
2017-01-23 23:54:29:sending 30 signals using command: 'ssh -T mic0 killall -2 lud_check' after 4.6078458872s
2017-01-23 23:54:29:sending 30 signals using command: 'ssh -T mic0 killall -2 lud_check' after 4.94627798515s
2017-01-23 23:54:30:sending 30 signals using command: 'ssh -T mic0 killall -2 lud_check' after 5.23690396197s
2017-01-23 23:54:30:shell stdout: 
2017-01-23 23:54:30:shell stdout: 
2017-01-23 23:54:30:shell stdout: 
2017-01-23 23:54:30:shell stdout: 
2017-01-23 23:54:31:shell stdout: 
2017-01-23 23:54:31:shell stdout: 
2017-01-23 23:54:31:shell stdout: 
2017-01-23 23:54:31:shell stdout: 
2017-01-23 23:54:31:shell stdout: 
2017-01-23 23:54:31:shell stdout: 
2017-01-23 23:54:31:shell stdout: 
2017-01-23 23:54:32:shell stdout: 
2017-01-23 23:54:32:shell stdout: 
2017-01-23 23:54:32:shell stdout: 
2017-01-23 23:54:32:shell stdout: 
2017-01-23 23:54:32:shell stdout: 
2017-01-23 23:54:32:shell stdout: 
2017-01-23 23:54:32:shell stdout: 
2017-01-23 23:54:33:shell stdout: 
2017-01-23 23:54:33:shell stdout: 
2017-01-23 23:54:33:shell stdout: 
2017-01-23 23:54:33:shell stdout: 
2017-01-23 23:54:33:shell stdout: 
2017-01-23 23:54:33:shell stdout: 
2017-01-23 23:54:33:shell stdout: 
2017-01-23 23:54:34:shell stdout: 
2017-01-23 23:54:34:shell stdout: 
2017-01-23 23:54:34:shell stdout: 
2017-01-23 23:54:34:shell stdout: 
2017-01-23 23:54:34:shell stdout: 
2017-01-23 23:54:34:shell stdout: 
2017-01-23 23:54:34:shell stdout: 
2017-01-23 23:54:35:shell stdout: 
2017-01-23 23:54:35:shell stdout: 
2017-01-23 23:54:35:shell stdout: 
2017-01-23 23:54:35:shell stdout: 
2017-01-23 23:54:35:shell stdout: 
2017-01-23 23:54:35:shell stdout: 
2017-01-23 23:54:35:shell stdout: 
2017-01-23 23:54:36:shell stdout: 
2017-01-23 23:54:36:shell stdout: 
2017-01-23 23:54:36:shell stdout: 
2017-01-23 23:54:36:shell stdout: 
2017-01-23 23:54:36:shell stdout: 
2017-01-23 23:54:36:shell stdout: 
2017-01-23 23:54:36:shell stdout: 
2017-01-23 23:54:37:shell stdout: 
2017-01-23 23:54:37:shell stdout: 
2017-01-23 23:54:37:shell stdout: 
2017-01-23 23:54:37:shell stdout: 
2017-01-23 23:54:37:shell stdout: 
2017-01-23 23:54:37:shell stdout: 
2017-01-23 23:54:37:shell stdout: 
2017-01-23 23:54:38:shell stdout: 
2017-01-23 23:54:38:shell stdout: 
2017-01-23 23:54:38:shell stdout: 
2017-01-23 23:54:38:shell stdout: 
2017-01-23 23:54:38:shell stdout: 
2017-01-23 23:54:38:shell stdout: 
2017-01-23 23:54:38:shell stdout: 
2017-01-23 23:54:38:shell stdout: 
2017-01-23 23:54:39:shell stdout: 
2017-01-23 23:54:39:shell stdout: 
2017-01-23 23:54:39:shell stdout: 
2017-01-23 23:54:39:shell stdout: 
2017-01-23 23:54:39:shell stdout: 
2017-01-23 23:54:39:shell stdout: 
2017-01-23 23:54:40:shell stdout: 
2017-01-23 23:54:40:shell stdout: 
2017-01-23 23:54:40:shell stdout: 
2017-01-23 23:54:40:shell stdout: 
2017-01-23 23:54:40:shell stdout: 
2017-01-23 23:54:40:shell stdout: 
2017-01-23 23:54:41:shell stdout: 
2017-01-23 23:54:41:shell stdout: 
2017-01-23 23:54:41:shell stdout: 
2017-01-23 23:54:41:shell stdout: 
2017-01-23 23:54:41:shell stdout: 
2017-01-23 23:54:41:shell stdout: 
2017-01-23 23:54:41:shell stdout: 
2017-01-23 23:54:42:shell stdout: 
2017-01-23 23:54:42:shell stdout: 
2017-01-23 23:54:42:shell stdout: 
2017-01-23 23:54:42:shell stdout: 
2017-01-23 23:54:42:shell stdout: 
2017-01-23 23:54:42:shell stdout: 
2017-01-23 23:54:42:shell stdout: 
2017-01-23 23:54:42:shell stdout: 
2017-01-23 23:54:43:shell stdout: 
2017-01-23 23:54:43:shell stdout: 
2017-01-23 23:54:47:no gdbExecName running, out:
2017-01-23 23:54:47:checCmd:ps -e | grep -i gdb-mic
2017-01-23 23:54:47:finished now-timestampStart < maxWaitTime*5
2017-01-23 23:54:47:now: 1485233686
2017-01-23 23:54:47:timestampStart: 1485233664
2017-01-23 23:54:47:kill cmd: killall -9 gdb-mic
2017-01-23 23:54:47:shell stdout: 
2017-01-23 23:54:47:kill cmd: ssh -T mic0 killall -9 lud_check
2017-01-23 23:54:47:shell stdout: 
2017-01-23 23:54:48:kill cmd: ssh -T mic0 killall -9 gdbserver
2017-01-23 23:54:48:shell stdout: 
2017-01-23 23:54:48:kill cmd: ssh -T mic0 killall -9 sshd
2017-01-23 23:54:48:shell stdout: 
