2017-01-26 00:36:52:Starting GDB script
2017-01-26 00:36:52:initSignal:14.0
2017-01-26 00:36:52:endSignal:21.0
2017-01-26 00:36:52:seqSignal:15
2017-01-26 00:37:07:sending 15 signals using command: 'ssh -T mic1 killall -2 dgemm_check' after 14.3704824269s
2017-01-26 00:37:07:sending 15 signals using command: 'ssh -T mic1 killall -2 dgemm_check' after 14.7117173566s
2017-01-26 00:37:07:shell stdout: 
2017-01-26 00:37:08:shell stdout: 
2017-01-26 00:37:08:shell stdout: 
2017-01-26 00:37:08:shell stdout: 
2017-01-26 00:37:08:shell stdout: 
2017-01-26 00:37:08:shell stdout: 
2017-01-26 00:37:09:shell stdout: 
2017-01-26 00:37:09:shell stdout: 
2017-01-26 00:37:09:shell stdout: 
2017-01-26 00:37:09:shell stdout: 
2017-01-26 00:37:09:shell stdout: 
2017-01-26 00:37:10:shell stdout: 
2017-01-26 00:37:10:shell stdout: 
2017-01-26 00:37:10:shell stdout: 
2017-01-26 00:37:10:sending 15 signals using command: 'ssh -T mic1 killall -2 dgemm_check' after 17.9029876916s
2017-01-26 00:37:10:shell stdout: 
2017-01-26 00:37:10:shell stdout: 
2017-01-26 00:37:11:shell stdout: 
2017-01-26 00:37:11:shell stdout: 
2017-01-26 00:37:11:shell stdout: 
2017-01-26 00:37:11:shell stdout: 
2017-01-26 00:37:11:shell stdout: 
2017-01-26 00:37:11:shell stdout: 
2017-01-26 00:37:11:shell stdout: 
2017-01-26 00:37:12:shell stdout: 
2017-01-26 00:37:12:shell stdout: 
2017-01-26 00:37:12:shell stdout: 
2017-01-26 00:37:12:shell stdout: 
2017-01-26 00:37:12:shell stdout: 
2017-01-26 00:37:12:shell stdout: 
2017-01-26 00:37:12:shell stdout: 
2017-01-26 00:37:13:shell stdout: 
2017-01-26 00:37:13:shell stdout: 
2017-01-26 00:37:13:shell stdout: 
2017-01-26 00:37:13:shell stdout: 
2017-01-26 00:37:13:shell stdout: 
2017-01-26 00:37:13:shell stdout: 
2017-01-26 00:37:13:shell stdout: 
2017-01-26 00:37:14:shell stdout: 
2017-01-26 00:37:14:shell stdout: 
2017-01-26 00:37:14:shell stdout: 
2017-01-26 00:37:15:shell stdout: 
2017-01-26 00:37:15:shell stdout: 
2017-01-26 00:37:16:shell stdout: 
2017-01-26 00:37:16:shell stdout: 
2017-01-26 00:37:16:shell stdout: 
2017-01-26 00:40:07:no gdbExecName running, out:
2017-01-26 00:40:07:checCmd:ps -e | grep -i gdb-mic
2017-01-26 00:40:07:finished now-timestampStart < maxWaitTime*5
2017-01-26 00:40:07:now: 1485409198
2017-01-26 00:40:07:timestampStart: 1485409012
2017-01-26 00:40:07:kill cmd: killall -9 gdb-mic
2017-01-26 00:40:07:shell stdout: 
2017-01-26 00:40:07:kill cmd: ssh -T mic1 killall -9 dgemm_check
2017-01-26 00:40:07:shell stdout: 
2017-01-26 00:40:07:kill cmd: ssh -T mic1 killall -9 gdbserver
2017-01-26 00:40:07:shell stdout: 
2017-01-26 00:40:08:kill cmd: ssh -T mic1 killall -9 sshd
2017-01-26 00:40:08:shell stdout: 
