[INFO -- 2017-03-19 11:46:16]
Starting GDB script
[INFO -- 2017-03-19 11:46:16]
initSignal:4.0
[INFO -- 2017-03-19 11:46:16]
endSignal:8.0
[INFO -- 2017-03-19 11:46:16]
seqSignal:30
[INFO -- 2017-03-19 11:46:21]
sending 30 signals using command: 'ssh -T mic0 killall -2 needle_check' after 4.84600822563s
[INFO -- 2017-03-19 11:46:22]
shell stdout: 
[INFO -- 2017-03-19 11:46:22]
sending 30 signals using command: 'ssh -T mic0 killall -2 needle_check' after 5.36303230541s
[INFO -- 2017-03-19 11:46:22]
shell stdout: 
[INFO -- 2017-03-19 11:46:22]
shell stdout: 
[INFO -- 2017-03-19 11:46:22]
shell stdout: 
[INFO -- 2017-03-19 11:46:22]
shell stdout: 
[INFO -- 2017-03-19 11:46:23]
shell stdout: 
[INFO -- 2017-03-19 11:46:23]
shell stdout: 
[INFO -- 2017-03-19 11:46:23]
sending 30 signals using command: 'ssh -T mic0 killall -2 needle_check' after 6.82745895823s
[INFO -- 2017-03-19 11:46:23]
shell stdout: 
[INFO -- 2017-03-19 11:46:23]
shell stdout: 
[INFO -- 2017-03-19 11:46:24]
shell stdout: 
[INFO -- 2017-03-19 11:46:24]
shell stdout: 
[INFO -- 2017-03-19 11:46:24]
shell stdout: 
[INFO -- 2017-03-19 11:46:24]
shell stdout: 
[INFO -- 2017-03-19 11:46:24]
shell stdout: 
[INFO -- 2017-03-19 11:46:24]
shell stdout: 
[INFO -- 2017-03-19 11:46:24]
shell stdout: 
[INFO -- 2017-03-19 11:46:25]
shell stdout: 
[INFO -- 2017-03-19 11:46:25]
shell stdout: 
[INFO -- 2017-03-19 11:46:25]
shell stdout: 
[INFO -- 2017-03-19 11:46:25]
shell stdout: 
[INFO -- 2017-03-19 11:46:25]
shell stdout: 
[INFO -- 2017-03-19 11:46:25]
shell stdout: 
[INFO -- 2017-03-19 11:46:26]
shell stdout: 
[INFO -- 2017-03-19 11:46:26]
shell stdout: 
[INFO -- 2017-03-19 11:46:26]
shell stdout: 
[INFO -- 2017-03-19 11:46:26]
shell stdout: 
[INFO -- 2017-03-19 11:46:26]
shell stdout: 
[INFO -- 2017-03-19 11:46:26]
shell stdout: 
[INFO -- 2017-03-19 11:46:26]
shell stdout: 
[INFO -- 2017-03-19 11:46:26]
shell stdout: 
[INFO -- 2017-03-19 11:46:27]
shell stdout: 
[INFO -- 2017-03-19 11:46:27]
shell stdout: 
[INFO -- 2017-03-19 11:46:27]
shell stdout: 
[INFO -- 2017-03-19 11:46:27]
shell stdout: 
[INFO -- 2017-03-19 11:46:27]
shell stdout: 
[INFO -- 2017-03-19 11:46:27]
shell stdout: 
[INFO -- 2017-03-19 11:46:27]
shell stdout: 
[INFO -- 2017-03-19 11:46:28]
shell stdout: 
[INFO -- 2017-03-19 11:46:28]
shell stdout: 
[INFO -- 2017-03-19 11:46:28]
shell stdout: 
[INFO -- 2017-03-19 11:46:28]
shell stdout: 
[INFO -- 2017-03-19 11:46:28]
shell stdout: 
[INFO -- 2017-03-19 11:46:28]
shell stdout: 
[INFO -- 2017-03-19 11:46:28]
shell stdout: 
[INFO -- 2017-03-19 11:46:29]
shell stdout: 
[INFO -- 2017-03-19 11:46:29]
shell stdout: 
[INFO -- 2017-03-19 11:46:29]
shell stdout: 
[INFO -- 2017-03-19 11:46:29]
shell stdout: 
[INFO -- 2017-03-19 11:46:29]
shell stdout: 
[INFO -- 2017-03-19 11:46:29]
shell stdout: 
[INFO -- 2017-03-19 11:46:29]
shell stdout: 
[INFO -- 2017-03-19 11:46:29]
shell stdout: 
[INFO -- 2017-03-19 11:46:30]
shell stdout: 
[INFO -- 2017-03-19 11:46:30]
shell stdout: 
[INFO -- 2017-03-19 11:46:30]
shell stdout: 
[INFO -- 2017-03-19 11:46:30]
shell stdout: 
[INFO -- 2017-03-19 11:46:30]
shell stdout: 
[INFO -- 2017-03-19 11:46:30]
shell stdout: 
[INFO -- 2017-03-19 11:46:31]
shell stdout: 
[INFO -- 2017-03-19 11:46:31]
shell stdout: 
[INFO -- 2017-03-19 11:46:31]
shell stdout: 
[INFO -- 2017-03-19 11:46:31]
shell stdout: 
[INFO -- 2017-03-19 11:46:31]
shell stdout: 
[INFO -- 2017-03-19 11:46:31]
shell stdout: 
[INFO -- 2017-03-19 11:46:31]
shell stdout: 
[INFO -- 2017-03-19 11:46:31]
shell stdout: 
[INFO -- 2017-03-19 11:46:31]
shell stdout: 
[INFO -- 2017-03-19 11:46:32]
shell stdout: 
[INFO -- 2017-03-19 11:46:32]
shell stdout: 
[INFO -- 2017-03-19 11:46:32]
shell stdout: 
[INFO -- 2017-03-19 11:46:32]
shell stdout: 
[INFO -- 2017-03-19 11:46:32]
shell stdout: 
[INFO -- 2017-03-19 11:46:32]
shell stdout: 
[INFO -- 2017-03-19 11:46:33]
shell stdout: 
[INFO -- 2017-03-19 11:46:33]
shell stdout: 
[INFO -- 2017-03-19 11:46:33]
shell stdout: 
[INFO -- 2017-03-19 11:46:33]
shell stdout: 
[INFO -- 2017-03-19 11:46:33]
shell stdout: 
[INFO -- 2017-03-19 11:46:33]
shell stdout: 
[INFO -- 2017-03-19 11:46:33]
shell stdout: 
[INFO -- 2017-03-19 11:46:34]
shell stdout: 
[INFO -- 2017-03-19 11:46:34]
shell stdout: 
[INFO -- 2017-03-19 11:46:34]
shell stdout: 
[INFO -- 2017-03-19 11:46:34]
shell stdout: 
[INFO -- 2017-03-19 11:46:34]
shell stdout: 
[INFO -- 2017-03-19 11:46:34]
shell stdout: 
[INFO -- 2017-03-19 11:46:34]
shell stdout: 
[INFO -- 2017-03-19 11:46:35]
shell stdout: 
[INFO -- 2017-03-19 11:46:35]
shell stdout: 
[INFO -- 2017-03-19 11:46:36]
shell stdout: 
[INFO -- 2017-03-19 11:47:05]
no gdbExecName running, out:
[INFO -- 2017-03-19 11:47:05]
checCmd:ps -e | grep -i gdb-mic
[INFO -- 2017-03-19 11:47:05]
finished now-timestampStart < maxWaitTime*5
[INFO -- 2017-03-19 11:47:05]
now: 1489938423
[INFO -- 2017-03-19 11:47:05]
timestampStart: 1489938376
[INFO -- 2017-03-19 11:47:05]
kill cmd: killall -9 gdb-mic
[INFO -- 2017-03-19 11:47:05]
shell stdout: 
[INFO -- 2017-03-19 11:47:05]
kill cmd: ssh -T mic0 killall -9 needle_check
[INFO -- 2017-03-19 11:47:05]
shell stdout: 
[INFO -- 2017-03-19 11:47:05]
kill cmd: ssh -T mic0 killall -9 gdbserver
[INFO -- 2017-03-19 11:47:05]
shell stdout: 
[INFO -- 2017-03-19 11:47:06]
kill cmd: ssh -T mic0 killall -9 sshd
[INFO -- 2017-03-19 11:47:06]
shell stdout: 
