[INFO -- 2017-03-07 21:33:04]
Starting GDB script
[INFO -- 2017-03-07 21:33:04]
initSignal:12.0
[INFO -- 2017-03-07 21:33:04]
endSignal:17.0
[INFO -- 2017-03-07 21:33:04]
seqSignal:30
[INFO -- 2017-03-07 21:33:17]
sending 30 signals using command: 'ssh -T mic0 killall -2 needle_check' after 13.1222965524s
[INFO -- 2017-03-07 21:33:17]
shell stdout: 
[INFO -- 2017-03-07 21:33:18]
shell stdout: 
[INFO -- 2017-03-07 21:33:18]
shell stdout: 
[INFO -- 2017-03-07 21:33:19]
shell stdout: 
[INFO -- 2017-03-07 21:33:19]
shell stdout: 
[INFO -- 2017-03-07 21:33:19]
shell stdout: 
[INFO -- 2017-03-07 21:33:20]
shell stdout: 
[INFO -- 2017-03-07 21:33:20]
shell stdout: 
[INFO -- 2017-03-07 21:33:20]
sending 30 signals using command: 'ssh -T mic0 killall -2 needle_check' after 16.3213136544s
[INFO -- 2017-03-07 21:33:20]
sending 30 signals using command: 'ssh -T mic0 killall -2 needle_check' after 16.5222093599s
[INFO -- 2017-03-07 21:33:21]
shell stdout: 
[INFO -- 2017-03-07 21:33:21]
shell stdout: 
[INFO -- 2017-03-07 21:33:21]
shell stdout: 
[INFO -- 2017-03-07 21:33:21]
shell stdout: 
[INFO -- 2017-03-07 21:33:21]
shell stdout: 
[INFO -- 2017-03-07 21:33:21]
shell stdout: 
[INFO -- 2017-03-07 21:33:21]
shell stdout: 
[INFO -- 2017-03-07 21:33:21]
shell stdout: 
[INFO -- 2017-03-07 21:33:22]
shell stdout: 
[INFO -- 2017-03-07 21:33:22]
shell stdout: 
[INFO -- 2017-03-07 21:33:22]
shell stdout: 
[INFO -- 2017-03-07 21:33:22]
shell stdout: 
[INFO -- 2017-03-07 21:33:22]
shell stdout: 
[INFO -- 2017-03-07 21:33:22]
shell stdout: 
[INFO -- 2017-03-07 21:33:22]
shell stdout: 
[INFO -- 2017-03-07 21:33:23]
shell stdout: 
[INFO -- 2017-03-07 21:33:23]
shell stdout: 
[INFO -- 2017-03-07 21:33:23]
shell stdout: 
[INFO -- 2017-03-07 21:33:23]
shell stdout: 
[INFO -- 2017-03-07 21:33:23]
shell stdout: 
[INFO -- 2017-03-07 21:33:23]
shell stdout: 
[INFO -- 2017-03-07 21:33:23]
shell stdout: 
[INFO -- 2017-03-07 21:33:24]
shell stdout: 
[INFO -- 2017-03-07 21:33:24]
shell stdout: 
[INFO -- 2017-03-07 21:33:24]
shell stdout: 
[INFO -- 2017-03-07 21:33:24]
shell stdout: 
[INFO -- 2017-03-07 21:33:24]
shell stdout: 
[INFO -- 2017-03-07 21:33:24]
shell stdout: 
[INFO -- 2017-03-07 21:33:24]
shell stdout: 
[INFO -- 2017-03-07 21:33:24]
shell stdout: 
[INFO -- 2017-03-07 21:33:25]
shell stdout: 
[INFO -- 2017-03-07 21:33:25]
shell stdout: 
[INFO -- 2017-03-07 21:33:25]
shell stdout: 
[INFO -- 2017-03-07 21:33:25]
shell stdout: 
[INFO -- 2017-03-07 21:33:25]
shell stdout: 
[INFO -- 2017-03-07 21:33:25]
shell stdout: 
[INFO -- 2017-03-07 21:33:26]
shell stdout: 
[INFO -- 2017-03-07 21:33:26]
shell stdout: 
[INFO -- 2017-03-07 21:33:26]
shell stdout: 
[INFO -- 2017-03-07 21:33:26]
shell stdout: 
[INFO -- 2017-03-07 21:33:26]
shell stdout: 
[INFO -- 2017-03-07 21:33:26]
shell stdout: 
[INFO -- 2017-03-07 21:33:26]
shell stdout: 
[INFO -- 2017-03-07 21:33:27]
shell stdout: 
[INFO -- 2017-03-07 21:33:27]
shell stdout: 
[INFO -- 2017-03-07 21:33:27]
shell stdout: 
[INFO -- 2017-03-07 21:33:27]
shell stdout: 
[INFO -- 2017-03-07 21:33:27]
shell stdout: 
[INFO -- 2017-03-07 21:33:27]
shell stdout: 
[INFO -- 2017-03-07 21:33:27]
shell stdout: 
[INFO -- 2017-03-07 21:33:27]
shell stdout: 
[INFO -- 2017-03-07 21:33:28]
shell stdout: 
[INFO -- 2017-03-07 21:33:28]
shell stdout: 
[INFO -- 2017-03-07 21:33:28]
shell stdout: 
[INFO -- 2017-03-07 21:33:28]
shell stdout: 
[INFO -- 2017-03-07 21:33:28]
shell stdout: 
[INFO -- 2017-03-07 21:33:28]
shell stdout: 
[INFO -- 2017-03-07 21:33:29]
shell stdout: 
[INFO -- 2017-03-07 21:33:29]
shell stdout: 
[INFO -- 2017-03-07 21:33:29]
shell stdout: 
[INFO -- 2017-03-07 21:33:29]
shell stdout: 
[INFO -- 2017-03-07 21:33:29]
shell stdout: 
[INFO -- 2017-03-07 21:33:29]
shell stdout: 
[INFO -- 2017-03-07 21:33:29]
shell stdout: 
[INFO -- 2017-03-07 21:33:29]
shell stdout: 
[INFO -- 2017-03-07 21:33:29]
shell stdout: 
[INFO -- 2017-03-07 21:33:30]
shell stdout: 
[INFO -- 2017-03-07 21:33:30]
shell stdout: 
[INFO -- 2017-03-07 21:33:30]
shell stdout: 
[INFO -- 2017-03-07 21:33:30]
shell stdout: 
[INFO -- 2017-03-07 21:33:31]
shell stdout: 
[INFO -- 2017-03-07 21:33:31]
shell stdout: 
[INFO -- 2017-03-07 21:33:31]
shell stdout: 
[INFO -- 2017-03-07 21:33:31]
shell stdout: 
[INFO -- 2017-03-07 21:33:32]
shell stdout: 
[INFO -- 2017-03-07 21:33:32]
shell stdout: 
[INFO -- 2017-03-07 21:33:32]
shell stdout: 
[INFO -- 2017-03-07 21:33:32]
shell stdout: 
[INFO -- 2017-03-07 21:33:32]
shell stdout: 
[INFO -- 2017-03-07 21:33:32]
shell stdout: 
[INFO -- 2017-03-07 21:33:33]
shell stdout: 
[INFO -- 2017-03-07 21:33:33]
shell stdout: 
[INFO -- 2017-03-07 21:33:52]
no gdbExecName running, out:
[INFO -- 2017-03-07 21:33:52]
checCmd:ps -e | grep -i gdb-mic
[INFO -- 2017-03-07 21:33:52]
finished now-timestampStart < maxWaitTime*5
[INFO -- 2017-03-07 21:33:52]
now: 1488940431
[INFO -- 2017-03-07 21:33:52]
timestampStart: 1488940384
[INFO -- 2017-03-07 21:33:52]
kill cmd: killall -9 gdb-mic
[INFO -- 2017-03-07 21:33:52]
shell stdout: 
[INFO -- 2017-03-07 21:33:53]
kill cmd: ssh -T mic0 killall -9 needle_check
[INFO -- 2017-03-07 21:33:53]
shell stdout: 
[INFO -- 2017-03-07 21:33:53]
kill cmd: ssh -T mic0 killall -9 gdbserver
[INFO -- 2017-03-07 21:33:53]
shell stdout: 
[INFO -- 2017-03-07 21:33:53]
kill cmd: ssh -T mic0 killall -9 sshd
[INFO -- 2017-03-07 21:33:53]
shell stdout: 
