2017-01-25 06:19:45:Starting GDB script
2017-01-25 06:19:45:initSignal:0.0
2017-01-25 06:19:45:endSignal:2.0
2017-01-25 06:19:45:seqSignal:30
2017-01-25 06:19:45:sending 30 signals using command: 'ssh -T mic0 killall -2 lud_check' after 0.303791418211s
2017-01-25 06:19:46:shell stdout: 
2017-01-25 06:19:46:sending 30 signals using command: 'ssh -T mic0 killall -2 lud_check' after 0.791092078799s
2017-01-25 06:19:46:sending 30 signals using command: 'ssh -T mic0 killall -2 lud_check' after 0.949462927815s
2017-01-25 06:19:46:shell stdout: 
2017-01-25 06:19:46:shell stdout: 
2017-01-25 06:19:46:shell stdout: 
2017-01-25 06:19:47:shell stdout: 
2017-01-25 06:19:47:shell stdout: 
2017-01-25 06:19:47:shell stdout: 
2017-01-25 06:19:47:shell stdout: 
2017-01-25 06:19:47:shell stdout: 
2017-01-25 06:19:47:shell stdout: 
2017-01-25 06:19:47:shell stdout: 
2017-01-25 06:19:48:shell stdout: 
2017-01-25 06:19:48:shell stdout: 
2017-01-25 06:19:48:shell stdout: 
2017-01-25 06:19:48:shell stdout: 
2017-01-25 06:19:48:shell stdout: 
2017-01-25 06:19:48:shell stdout: 
2017-01-25 06:19:48:shell stdout: 
2017-01-25 06:19:49:shell stdout: 
2017-01-25 06:19:49:shell stdout: 
2017-01-25 06:19:49:shell stdout: 
2017-01-25 06:19:49:shell stdout: 
2017-01-25 06:19:49:shell stdout: 
2017-01-25 06:19:49:shell stdout: 
2017-01-25 06:19:50:shell stdout: 
2017-01-25 06:19:50:shell stdout: 
2017-01-25 06:19:50:shell stdout: 
2017-01-25 06:19:50:shell stdout: 
2017-01-25 06:19:50:shell stdout: 
2017-01-25 06:19:50:shell stdout: 
2017-01-25 06:19:50:shell stdout: 
2017-01-25 06:19:51:shell stdout: 
2017-01-25 06:19:51:shell stdout: 
2017-01-25 06:19:51:shell stdout: 
2017-01-25 06:19:51:shell stdout: 
2017-01-25 06:19:51:shell stdout: 
2017-01-25 06:19:52:shell stdout: 
2017-01-25 06:19:52:shell stdout: 
2017-01-25 06:19:52:shell stdout: 
2017-01-25 06:19:52:shell stdout: 
2017-01-25 06:19:52:shell stdout: 
2017-01-25 06:19:52:shell stdout: 
2017-01-25 06:19:52:shell stdout: 
2017-01-25 06:19:53:shell stdout: 
2017-01-25 06:19:53:shell stdout: 
2017-01-25 06:19:53:shell stdout: 
2017-01-25 06:19:53:shell stdout: 
2017-01-25 06:19:53:shell stdout: 
2017-01-25 06:19:53:shell stdout: 
2017-01-25 06:19:53:shell stdout: 
2017-01-25 06:19:54:shell stdout: 
2017-01-25 06:19:54:shell stdout: 
2017-01-25 06:19:54:shell stdout: 
2017-01-25 06:19:54:shell stdout: 
2017-01-25 06:19:54:shell stdout: 
2017-01-25 06:19:54:shell stdout: 
2017-01-25 06:19:55:shell stdout: 
2017-01-25 06:19:55:shell stdout: 
2017-01-25 06:19:55:shell stdout: 
2017-01-25 06:19:55:shell stdout: 
2017-01-25 06:19:55:shell stdout: 
2017-01-25 06:19:55:shell stdout: 
2017-01-25 06:19:55:shell stdout: 
2017-01-25 06:19:56:shell stdout: 
2017-01-25 06:19:56:shell stdout: 
2017-01-25 06:19:56:shell stdout: 
2017-01-25 06:19:56:shell stdout: 
2017-01-25 06:19:56:shell stdout: 
2017-01-25 06:19:56:shell stdout: 
2017-01-25 06:19:57:shell stdout: 
2017-01-25 06:19:57:shell stdout: 
2017-01-25 06:19:57:shell stdout: 
2017-01-25 06:19:57:shell stdout: 
2017-01-25 06:19:57:shell stdout: 
2017-01-25 06:19:57:shell stdout: 
2017-01-25 06:19:57:shell stdout: 
2017-01-25 06:19:58:shell stdout: 
2017-01-25 06:19:58:shell stdout: 
2017-01-25 06:19:58:shell stdout: 
2017-01-25 06:19:58:shell stdout: 
2017-01-25 06:19:58:shell stdout: 
2017-01-25 06:19:59:shell stdout: 
2017-01-25 06:19:59:shell stdout: 
2017-01-25 06:19:59:shell stdout: 
2017-01-25 06:19:59:shell stdout: 
2017-01-25 06:19:59:shell stdout: 
2017-01-25 06:19:59:shell stdout: 
2017-01-25 06:20:00:shell stdout: 
2017-01-25 06:20:00:shell stdout: 
2017-01-25 06:20:01:shell stdout: 
2017-01-25 06:20:11:no gdbExecName running, out:
2017-01-25 06:20:11:checCmd:ps -e | grep -i gdb-mic
2017-01-25 06:20:11:finished now-timestampStart < maxWaitTime*5
2017-01-25 06:20:11:now: 1485343210
2017-01-25 06:20:11:timestampStart: 1485343185
2017-01-25 06:20:11:kill cmd: killall -9 gdb-mic
2017-01-25 06:20:11:shell stdout: 
2017-01-25 06:20:11:kill cmd: ssh -T mic0 killall -9 lud_check
2017-01-25 06:20:11:shell stdout: 
2017-01-25 06:20:11:kill cmd: ssh -T mic0 killall -9 gdbserver
2017-01-25 06:20:11:shell stdout: 
2017-01-25 06:20:12:kill cmd: ssh -T mic0 killall -9 sshd
2017-01-25 06:20:12:shell stdout: 
