[INFO -- 2017-03-07 15:05:52]
Starting GDB script
[INFO -- 2017-03-07 15:05:52]
initSignal:9.0
[INFO -- 2017-03-07 15:05:52]
endSignal:12.0
[INFO -- 2017-03-07 15:05:52]
seqSignal:15
[INFO -- 2017-03-07 15:06:02]
sending 15 signals using command: 'ssh -T mic0 killall -2 hotspot_check' after 9.77313301841s
[INFO -- 2017-03-07 15:06:02]
shell stdout: 
[INFO -- 2017-03-07 15:06:03]
shell stdout: 
[INFO -- 2017-03-07 15:06:03]
sending 15 signals using command: 'ssh -T mic0 killall -2 hotspot_check' after 10.6978031962s
[INFO -- 2017-03-07 15:06:03]
shell stdout: 
[INFO -- 2017-03-07 15:06:03]
shell stdout: 
[INFO -- 2017-03-07 15:06:04]
sending 15 signals using command: 'ssh -T mic0 killall -2 hotspot_check' after 11.2907124901s
[INFO -- 2017-03-07 15:06:04]
shell stdout: 
[INFO -- 2017-03-07 15:06:04]
shell stdout: 
[INFO -- 2017-03-07 15:06:04]
shell stdout: 
[INFO -- 2017-03-07 15:06:04]
shell stdout: 
[INFO -- 2017-03-07 15:06:04]
shell stdout: 
[INFO -- 2017-03-07 15:06:04]
shell stdout: 
[INFO -- 2017-03-07 15:06:05]
shell stdout: 
[INFO -- 2017-03-07 15:06:05]
shell stdout: 
[INFO -- 2017-03-07 15:06:05]
shell stdout: 
[INFO -- 2017-03-07 15:06:05]
shell stdout: 
[INFO -- 2017-03-07 15:06:05]
shell stdout: 
[INFO -- 2017-03-07 15:06:05]
shell stdout: 
[INFO -- 2017-03-07 15:06:05]
shell stdout: 
[INFO -- 2017-03-07 15:06:05]
shell stdout: 
[INFO -- 2017-03-07 15:06:06]
shell stdout: 
[INFO -- 2017-03-07 15:06:06]
shell stdout: 
[INFO -- 2017-03-07 15:06:06]
shell stdout: 
[INFO -- 2017-03-07 15:06:06]
shell stdout: 
[INFO -- 2017-03-07 15:06:06]
shell stdout: 
[INFO -- 2017-03-07 15:06:06]
shell stdout: 
[INFO -- 2017-03-07 15:06:06]
shell stdout: 
[INFO -- 2017-03-07 15:06:07]
shell stdout: 
[INFO -- 2017-03-07 15:06:07]
shell stdout: 
[INFO -- 2017-03-07 15:06:07]
shell stdout: 
[INFO -- 2017-03-07 15:06:07]
shell stdout: 
[INFO -- 2017-03-07 15:06:07]
shell stdout: 
[INFO -- 2017-03-07 15:06:07]
shell stdout: 
[INFO -- 2017-03-07 15:06:07]
shell stdout: 
[INFO -- 2017-03-07 15:06:08]
shell stdout: 
[INFO -- 2017-03-07 15:06:08]
shell stdout: 
[INFO -- 2017-03-07 15:06:08]
shell stdout: 
[INFO -- 2017-03-07 15:06:08]
shell stdout: 
[INFO -- 2017-03-07 15:06:08]
shell stdout: 
[INFO -- 2017-03-07 15:06:08]
shell stdout: 
[INFO -- 2017-03-07 15:06:08]
shell stdout: 
[INFO -- 2017-03-07 15:06:09]
shell stdout: 
[INFO -- 2017-03-07 15:06:09]
shell stdout: 
[INFO -- 2017-03-07 15:06:09]
shell stdout: 
[INFO -- 2017-03-07 15:06:09]
shell stdout: 
[INFO -- 2017-03-07 15:06:09]
shell stdout: 
[INFO -- 2017-03-07 15:06:10]
shell stdout: 
[INFO -- 2017-03-07 15:06:12]
no gdbExecName running, out:
[INFO -- 2017-03-07 15:06:12]
checCmd:ps -e | grep -i gdb-mic
[INFO -- 2017-03-07 15:06:12]
finished now-timestampStart < maxWaitTime*5
[INFO -- 2017-03-07 15:06:12]
now: 1488917171
[INFO -- 2017-03-07 15:06:12]
timestampStart: 1488917152
[INFO -- 2017-03-07 15:06:12]
kill cmd: killall -9 gdb-mic
[INFO -- 2017-03-07 15:06:12]
shell stdout: 
[INFO -- 2017-03-07 15:06:13]
kill cmd: ssh -T mic0 killall -9 hotspot_check
[INFO -- 2017-03-07 15:06:13]
shell stdout: 
[INFO -- 2017-03-07 15:06:13]
kill cmd: ssh -T mic0 killall -9 gdbserver
[INFO -- 2017-03-07 15:06:13]
shell stdout: 
[INFO -- 2017-03-07 15:06:13]
kill cmd: ssh -T mic0 killall -9 sshd
[INFO -- 2017-03-07 15:06:13]
shell stdout: 
