[INFO -- 2017-03-05 16:12:55]
Starting GDB script
[INFO -- 2017-03-05 16:12:55]
initSignal:35.0
[INFO -- 2017-03-05 16:12:55]
endSignal:40.0
[INFO -- 2017-03-05 16:12:55]
seqSignal:20
[INFO -- 2017-03-05 16:13:30]
sending 20 signals using command: 'ssh -T mic0 killall -2 clamr_openmponly' after 35.6428574514s
[INFO -- 2017-03-05 16:13:31]
sending 20 signals using command: 'ssh -T mic0 killall -2 clamr_openmponly' after 36.6038849961s
[INFO -- 2017-03-05 16:13:31]
shell stdout: 
[INFO -- 2017-03-05 16:13:32]
shell stdout: 
[INFO -- 2017-03-05 16:13:32]
shell stdout: 
[INFO -- 2017-03-05 16:13:32]
shell stdout: 
[INFO -- 2017-03-05 16:13:32]
shell stdout: 
[INFO -- 2017-03-05 16:13:33]
shell stdout: 
[INFO -- 2017-03-05 16:13:33]
shell stdout: 
[INFO -- 2017-03-05 16:13:33]
shell stdout: 
[INFO -- 2017-03-05 16:13:33]
shell stdout: 
[INFO -- 2017-03-05 16:13:34]
shell stdout: 
[INFO -- 2017-03-05 16:13:34]
shell stdout: 
[INFO -- 2017-03-05 16:13:34]
shell stdout: 
[INFO -- 2017-03-05 16:13:34]
shell stdout: 
[INFO -- 2017-03-05 16:13:34]
shell stdout: 
[INFO -- 2017-03-05 16:13:34]
shell stdout: 
[INFO -- 2017-03-05 16:13:35]
shell stdout: 
[INFO -- 2017-03-05 16:13:35]
shell stdout: 
[INFO -- 2017-03-05 16:13:35]
shell stdout: 
[INFO -- 2017-03-05 16:13:35]
shell stdout: 
[INFO -- 2017-03-05 16:13:36]
shell stdout: 
[INFO -- 2017-03-05 16:13:36]
shell stdout: 
[INFO -- 2017-03-05 16:13:36]
shell stdout: 
[INFO -- 2017-03-05 16:13:36]
shell stdout: 
[INFO -- 2017-03-05 16:13:37]
shell stdout: 
[INFO -- 2017-03-05 16:13:37]
shell stdout: 
[INFO -- 2017-03-05 16:13:37]
shell stdout: 
[INFO -- 2017-03-05 16:13:37]
shell stdout: 
[INFO -- 2017-03-05 16:13:37]
shell stdout: 
[INFO -- 2017-03-05 16:13:37]
shell stdout: 
[INFO -- 2017-03-05 16:13:38]
shell stdout: 
[INFO -- 2017-03-05 16:13:38]
shell stdout: 
[INFO -- 2017-03-05 16:13:38]
shell stdout: 
[INFO -- 2017-03-05 16:13:38]
shell stdout: 
[INFO -- 2017-03-05 16:13:39]
shell stdout: 
[INFO -- 2017-03-05 16:13:39]
shell stdout: 
[INFO -- 2017-03-05 16:13:39]
shell stdout: 
[INFO -- 2017-03-05 16:13:39]
shell stdout: 
[INFO -- 2017-03-05 16:13:39]
shell stdout: 
[INFO -- 2017-03-05 16:13:40]
shell stdout: 
[INFO -- 2017-03-05 16:13:40]
shell stdout: 
[INFO -- 2017-03-05 16:14:42]
no gdbExecName running, out:
[INFO -- 2017-03-05 16:14:42]
checCmd:ps -e | grep -i gdb-mic
[INFO -- 2017-03-05 16:14:42]
finished now-timestampStart < maxWaitTime*5
[INFO -- 2017-03-05 16:14:42]
now: 1488748473
[INFO -- 2017-03-05 16:14:42]
timestampStart: 1488748375
[INFO -- 2017-03-05 16:14:42]
kill cmd: killall -9 gdb-mic
[INFO -- 2017-03-05 16:14:42]
shell stdout: 
[INFO -- 2017-03-05 16:14:42]
kill cmd: ssh -T mic0 killall -9 clamr_openmponly
[INFO -- 2017-03-05 16:14:42]
shell stdout: 
[INFO -- 2017-03-05 16:14:43]
kill cmd: ssh -T mic0 killall -9 gdbserver
[INFO -- 2017-03-05 16:14:43]
shell stdout: 
[INFO -- 2017-03-05 16:14:43]
kill cmd: ssh -T mic0 killall -9 sshd
[INFO -- 2017-03-05 16:14:43]
shell stdout: 
