2017-01-26 04:35:16:Starting GDB script
2017-01-26 04:35:16:initSignal:0.0
2017-01-26 04:35:16:endSignal:2.0
2017-01-26 04:35:16:seqSignal:30
2017-01-26 04:35:16:sending 30 signals using command: 'ssh -T mic0 killall -2 lud_check' after 0.55949927949s
2017-01-26 04:35:17:sending 30 signals using command: 'ssh -T mic0 killall -2 lud_check' after 0.761201401376s
2017-01-26 04:35:17:shell stdout: 
2017-01-26 04:35:17:sending 30 signals using command: 'ssh -T mic0 killall -2 lud_check' after 1.08588536853s
2017-01-26 04:35:17:shell stdout: 
2017-01-26 04:35:17:shell stdout: 
2017-01-26 04:35:17:shell stdout: 
2017-01-26 04:35:17:shell stdout: 
2017-01-26 04:35:18:shell stdout: 
2017-01-26 04:35:18:shell stdout: 
2017-01-26 04:35:18:shell stdout: 
2017-01-26 04:35:18:shell stdout: 
2017-01-26 04:35:18:shell stdout: 
2017-01-26 04:35:18:shell stdout: 
2017-01-26 04:35:19:shell stdout: 
2017-01-26 04:35:19:shell stdout: 
2017-01-26 04:35:19:shell stdout: 
2017-01-26 04:35:20:shell stdout: 
2017-01-26 04:35:20:shell stdout: 
2017-01-26 04:35:20:shell stdout: 
2017-01-26 04:35:20:shell stdout: 
2017-01-26 04:35:21:shell stdout: 
2017-01-26 04:35:21:shell stdout: 
2017-01-26 04:35:21:shell stdout: 
2017-01-26 04:35:21:shell stdout: 
2017-01-26 04:35:21:shell stdout: 
2017-01-26 04:35:22:shell stdout: 
2017-01-26 04:35:22:shell stdout: 
2017-01-26 04:35:22:shell stdout: 
2017-01-26 04:35:23:shell stdout: 
2017-01-26 04:35:23:shell stdout: 
2017-01-26 04:35:23:shell stdout: 
2017-01-26 04:35:24:shell stdout: 
2017-01-26 04:35:24:shell stdout: 
2017-01-26 04:35:24:shell stdout: 
2017-01-26 04:35:25:shell stdout: 
2017-01-26 04:35:25:shell stdout: 
2017-01-26 04:35:25:shell stdout: 
2017-01-26 04:35:25:shell stdout: 
2017-01-26 04:35:26:shell stdout: 
2017-01-26 04:35:26:shell stdout: 
2017-01-26 04:35:26:shell stdout: 
2017-01-26 04:35:26:shell stdout: 
2017-01-26 04:35:26:shell stdout: 
2017-01-26 04:35:27:shell stdout: 
2017-01-26 04:35:27:shell stdout: 
2017-01-26 04:35:27:shell stdout: 
2017-01-26 04:35:28:shell stdout: 
2017-01-26 04:35:28:shell stdout: 
2017-01-26 04:35:28:shell stdout: 
2017-01-26 04:35:28:shell stdout: 
2017-01-26 04:35:28:shell stdout: 
2017-01-26 04:35:28:shell stdout: 
2017-01-26 04:35:29:shell stdout: 
2017-01-26 04:35:29:shell stdout: 
2017-01-26 04:35:29:shell stdout: 
2017-01-26 04:35:30:shell stdout: 
2017-01-26 04:35:30:shell stdout: 
2017-01-26 04:35:30:shell stdout: 
2017-01-26 04:35:31:shell stdout: 
2017-01-26 04:35:31:shell stdout: 
2017-01-26 04:35:31:shell stdout: 
2017-01-26 04:35:31:shell stdout: 
2017-01-26 04:35:31:shell stdout: 
2017-01-26 04:35:31:shell stdout: 
2017-01-26 04:35:32:shell stdout: 
2017-01-26 04:35:32:shell stdout: 
2017-01-26 04:35:32:shell stdout: 
2017-01-26 04:35:33:shell stdout: 
2017-01-26 04:35:33:shell stdout: 
2017-01-26 04:35:33:shell stdout: 
2017-01-26 04:35:33:shell stdout: 
2017-01-26 04:35:33:shell stdout: 
2017-01-26 04:35:33:shell stdout: 
2017-01-26 04:35:34:shell stdout: 
2017-01-26 04:35:34:shell stdout: 
2017-01-26 04:35:34:shell stdout: 
2017-01-26 04:35:35:shell stdout: 
2017-01-26 04:35:35:shell stdout: 
2017-01-26 04:35:35:shell stdout: 
2017-01-26 04:35:35:shell stdout: 
2017-01-26 04:35:35:shell stdout: 
2017-01-26 04:35:35:shell stdout: 
2017-01-26 04:35:36:shell stdout: 
2017-01-26 04:35:36:shell stdout: 
2017-01-26 04:35:36:shell stdout: 
2017-01-26 04:35:36:shell stdout: 
2017-01-26 04:35:36:shell stdout: 
2017-01-26 04:35:36:shell stdout: 
2017-01-26 04:35:36:shell stdout: 
2017-01-26 04:35:37:shell stdout: 
2017-01-26 04:35:37:shell stdout: 
2017-01-26 04:35:37:shell stdout: 
2017-01-26 04:35:56:finished due now-timestampStart > maxWaitTime*5
2017-01-26 04:35:56:now: 1485423356
2017-01-26 04:35:56:timestampStart: 1485423316
2017-01-26 04:35:56:kill cmd: killall -9 gdb-mic
2017-01-26 04:35:56:shell stdout: 
2017-01-26 04:35:57:kill cmd: ssh -T mic0 killall -9 lud_check
2017-01-26 04:35:57:shell stdout: 
2017-01-26 04:35:57:kill cmd: ssh -T mic0 killall -9 gdbserver
2017-01-26 04:35:57:shell stdout: 
2017-01-26 04:35:57:kill cmd: ssh -T mic0 killall -9 sshd
2017-01-26 04:35:57:shell stdout: 
