2017-01-24 07:07:48:Starting GDB script
2017-01-24 07:07:48:initSignal:2.0
2017-01-24 07:07:48:endSignal:4.0
2017-01-24 07:07:48:seqSignal:30
2017-01-24 07:07:51:sending 30 signals using command: 'ssh -T mic0 killall -2 lud_check' after 2.84554325404s
2017-01-24 07:07:51:sending 30 signals using command: 'ssh -T mic0 killall -2 lud_check' after 3.05571235053s
2017-01-24 07:07:52:sending 30 signals using command: 'ssh -T mic0 killall -2 lud_check' after 3.7304252894s
2017-01-24 07:07:52:shell stdout: 
2017-01-24 07:07:52:shell stdout: 
2017-01-24 07:07:52:shell stdout: 
2017-01-24 07:07:52:shell stdout: 
2017-01-24 07:07:52:shell stdout: 
2017-01-24 07:07:53:shell stdout: 
2017-01-24 07:07:53:shell stdout: 
2017-01-24 07:07:53:shell stdout: 
2017-01-24 07:07:53:shell stdout: 
2017-01-24 07:07:53:shell stdout: 
2017-01-24 07:07:53:shell stdout: 
2017-01-24 07:07:53:shell stdout: 
2017-01-24 07:07:54:shell stdout: 
2017-01-24 07:07:54:shell stdout: 
2017-01-24 07:07:54:shell stdout: 
2017-01-24 07:07:54:shell stdout: 
2017-01-24 07:07:54:shell stdout: 
2017-01-24 07:07:54:shell stdout: 
2017-01-24 07:07:54:shell stdout: 
2017-01-24 07:07:54:shell stdout: 
2017-01-24 07:07:55:shell stdout: 
2017-01-24 07:07:55:shell stdout: 
2017-01-24 07:07:55:shell stdout: 
2017-01-24 07:07:55:shell stdout: 
2017-01-24 07:07:55:shell stdout: 
2017-01-24 07:07:55:shell stdout: 
2017-01-24 07:07:56:shell stdout: 
2017-01-24 07:07:56:shell stdout: 
2017-01-24 07:07:56:shell stdout: 
2017-01-24 07:07:56:shell stdout: 
2017-01-24 07:07:56:shell stdout: 
2017-01-24 07:07:56:shell stdout: 
2017-01-24 07:07:57:shell stdout: 
2017-01-24 07:07:57:shell stdout: 
2017-01-24 07:07:57:shell stdout: 
2017-01-24 07:07:57:shell stdout: 
2017-01-24 07:07:57:shell stdout: 
2017-01-24 07:07:57:shell stdout: 
2017-01-24 07:07:57:shell stdout: 
2017-01-24 07:07:57:shell stdout: 
2017-01-24 07:07:57:shell stdout: 
2017-01-24 07:07:58:shell stdout: 
2017-01-24 07:07:58:shell stdout: 
2017-01-24 07:07:58:shell stdout: 
2017-01-24 07:07:58:shell stdout: 
2017-01-24 07:07:58:shell stdout: 
2017-01-24 07:07:58:shell stdout: 
2017-01-24 07:07:59:shell stdout: 
2017-01-24 07:07:59:shell stdout: 
2017-01-24 07:07:59:shell stdout: 
2017-01-24 07:07:59:shell stdout: 
2017-01-24 07:07:59:shell stdout: 
2017-01-24 07:07:59:shell stdout: 
2017-01-24 07:08:00:shell stdout: 
2017-01-24 07:08:00:shell stdout: 
2017-01-24 07:08:00:shell stdout: 
2017-01-24 07:08:00:shell stdout: 
2017-01-24 07:08:00:shell stdout: 
2017-01-24 07:08:00:shell stdout: 
2017-01-24 07:08:00:shell stdout: 
2017-01-24 07:08:00:shell stdout: 
2017-01-24 07:08:01:shell stdout: 
2017-01-24 07:08:01:shell stdout: 
2017-01-24 07:08:01:shell stdout: 
2017-01-24 07:08:01:shell stdout: 
2017-01-24 07:08:01:shell stdout: 
2017-01-24 07:08:01:shell stdout: 
2017-01-24 07:08:01:shell stdout: 
2017-01-24 07:08:02:shell stdout: 
2017-01-24 07:08:02:shell stdout: 
2017-01-24 07:08:02:shell stdout: 
2017-01-24 07:08:02:shell stdout: 
2017-01-24 07:08:02:shell stdout: 
2017-01-24 07:08:02:shell stdout: 
2017-01-24 07:08:02:shell stdout: 
2017-01-24 07:08:03:shell stdout: 
2017-01-24 07:08:03:shell stdout: 
2017-01-24 07:08:03:shell stdout: 
2017-01-24 07:08:03:shell stdout: 
2017-01-24 07:08:03:shell stdout: 
2017-01-24 07:08:03:shell stdout: 
2017-01-24 07:08:03:shell stdout: 
2017-01-24 07:08:03:shell stdout: 
2017-01-24 07:08:04:shell stdout: 
2017-01-24 07:08:04:shell stdout: 
2017-01-24 07:08:04:shell stdout: 
2017-01-24 07:08:04:shell stdout: 
2017-01-24 07:08:04:shell stdout: 
2017-01-24 07:08:04:shell stdout: 
2017-01-24 07:08:05:shell stdout: 
2017-01-24 07:08:25:no gdbExecName running, out:
2017-01-24 07:08:25:checCmd:ps -e | grep -i gdb-mic
2017-01-24 07:08:25:finished now-timestampStart < maxWaitTime*5
2017-01-24 07:08:25:now: 1485259704
2017-01-24 07:08:25:timestampStart: 1485259668
2017-01-24 07:08:25:kill cmd: killall -9 gdb-mic
2017-01-24 07:08:25:shell stdout: 
2017-01-24 07:08:25:kill cmd: ssh -T mic0 killall -9 lud_check
2017-01-24 07:08:25:shell stdout: 
2017-01-24 07:08:26:kill cmd: ssh -T mic0 killall -9 gdbserver
2017-01-24 07:08:26:shell stdout: 
2017-01-24 07:08:26:kill cmd: ssh -T mic0 killall -9 sshd
2017-01-24 07:08:26:shell stdout: 
