2017-01-13 08:13:41:Starting GDB script
2017-01-13 08:13:41:initSignal:21.0
2017-01-13 08:13:41:endSignal:28.0
2017-01-13 08:13:41:seqSignal:15
2017-01-13 08:14:08:sending 15 signals using command: 'ssh -T mic1 killall -2 dgemm_check' after 26.4502633995s
2017-01-13 08:14:09:shell stdout: 
2017-01-13 08:14:09:sending 15 signals using command: 'ssh -T mic1 killall -2 dgemm_check' after 27.244913743s
2017-01-13 08:14:09:shell stdout: 
2017-01-13 08:14:09:shell stdout: 
2017-01-13 08:14:09:sending 15 signals using command: 'ssh -T mic1 killall -2 dgemm_check' after 27.8232794111s
2017-01-13 08:14:10:shell stdout: 
2017-01-13 08:14:10:shell stdout: 
2017-01-13 08:14:10:shell stdout: 
2017-01-13 08:14:10:shell stdout: 
2017-01-13 08:14:10:shell stdout: 
2017-01-13 08:14:10:shell stdout: 
2017-01-13 08:14:10:shell stdout: 
2017-01-13 08:14:10:shell stdout: 
2017-01-13 08:14:11:shell stdout: 
2017-01-13 08:14:11:shell stdout: 
2017-01-13 08:14:11:shell stdout: 
2017-01-13 08:14:11:shell stdout: 
2017-01-13 08:14:11:shell stdout: 
2017-01-13 08:14:11:shell stdout: 
2017-01-13 08:14:11:shell stdout: 
2017-01-13 08:14:12:shell stdout: 
2017-01-13 08:14:12:shell stdout: 
2017-01-13 08:14:12:shell stdout: 
2017-01-13 08:14:12:shell stdout: 
2017-01-13 08:14:12:shell stdout: 
2017-01-13 08:14:12:shell stdout: 
2017-01-13 08:14:13:shell stdout: 
2017-01-13 08:14:13:shell stdout: 
2017-01-13 08:14:13:shell stdout: 
2017-01-13 08:14:13:shell stdout: 
2017-01-13 08:14:13:shell stdout: 
2017-01-13 08:14:13:shell stdout: 
2017-01-13 08:14:14:shell stdout: 
2017-01-13 08:14:14:shell stdout: 
2017-01-13 08:14:14:shell stdout: 
2017-01-13 08:14:14:shell stdout: 
2017-01-13 08:14:14:shell stdout: 
2017-01-13 08:14:14:shell stdout: 
2017-01-13 08:14:14:shell stdout: 
2017-01-13 08:14:14:shell stdout: 
2017-01-13 08:14:14:shell stdout: 
2017-01-13 08:14:15:shell stdout: 
2017-01-13 08:14:15:shell stdout: 
2017-01-13 08:14:15:shell stdout: 
2017-01-13 08:14:15:shell stdout: 
2017-01-13 08:14:15:shell stdout: 
2017-01-13 08:14:16:shell stdout: 
2017-01-13 08:17:05:no gdbExecName running, out:
2017-01-13 08:17:05:checCmd:ps -e | grep -i gdb-mic
2017-01-13 08:17:05:finished now-timestampStart < maxWaitTime*5
2017-01-13 08:17:05:now: 1484313416
2017-01-13 08:17:05:timestampStart: 1484313221
2017-01-13 08:17:05:kill cmd: killall -9 gdb-mic
2017-01-13 08:17:05:shell stdout: 
2017-01-13 08:17:05:kill cmd: ssh -T mic1 killall -9 dgemm_check
2017-01-13 08:17:05:shell stdout: 
2017-01-13 08:17:05:kill cmd: ssh -T mic1 killall -9 gdbserver
2017-01-13 08:17:05:shell stdout: 
2017-01-13 08:17:06:kill cmd: ssh -T mic1 killall -9 sshd
2017-01-13 08:17:06:shell stdout: 
