2016-10-29 12:31:10:Starting GDB script
2016-10-29 12:31:13:sending signal using command: 'ssh -T mic0 killall -2 needle_check' after 2.28607810392s
2016-10-29 12:31:13:shell stdout: 
2016-10-29 12:31:13:sending signal using command: 'ssh -T mic0 killall -2 needle_check' after 2.45809845428s
2016-10-29 12:31:13:shell stdout: 
2016-10-29 12:31:15:sending signal using command: 'ssh -T mic0 killall -2 needle_check' after 4.20389801466s
2016-10-29 12:31:15:shell stdout: 
2016-10-29 12:31:16:sending signal using command: 'ssh -T mic0 killall -2 needle_check' after 5.88449014635s
2016-10-29 12:31:16:shell stdout: 
2016-10-29 12:31:17:sending signal using command: 'ssh -T mic0 killall -2 needle_check' after 6.64979199916s
2016-10-29 12:31:17:shell stdout: 
2016-10-29 12:31:18:sending signal using command: 'ssh -T mic0 killall -2 needle_check' after 7.38551901561s
2016-10-29 12:31:18:shell stdout: 
2016-10-29 12:31:23:sending signal using command: 'ssh -T mic0 killall -2 needle_check' after 12.9458803689s
2016-10-29 12:31:23:shell stdout: 
2016-10-29 12:31:24:sending signal using command: 'ssh -T mic0 killall -2 needle_check' after 13.1783911552s
2016-10-29 12:31:24:shell stdout: 
2016-10-29 12:31:26:sending signal using command: 'ssh -T mic0 killall -2 needle_check' after 15.2443070559s
2016-10-29 12:31:26:shell stdout: 
2016-10-29 12:31:27:sending signal using command: 'ssh -T mic0 killall -2 needle_check' after 16.6149940935s
2016-10-29 12:31:27:shell stdout: 
2016-10-29 12:31:28:no gdbExecName running, out:
2016-10-29 12:31:28:checCmd:ps -e | grep -i gdb-mic
2016-10-29 12:31:28:finished now-timestampStart < maxWaitTime*5
2016-10-29 12:31:28:now: 1477758687
2016-10-29 12:31:28:timestampStart: 1477758670
2016-10-29 12:31:28:kill cmd: killall -9 gdb-mic
2016-10-29 12:31:28:shell stdout: 
2016-10-29 12:31:29:kill cmd: ssh -T mic0 killall -9 needle_check
2016-10-29 12:31:29:shell stdout: 
2016-10-29 12:31:29:kill cmd: ssh -T mic0 killall -9 gdbserver
2016-10-29 12:31:29:shell stdout: 
2016-10-29 12:31:29:kill cmd: ssh -T mic0 killall -9 sshd
2016-10-29 12:31:29:shell stdout: 
