2017-01-23 03:38:56:Starting GDB script
2017-01-23 03:38:56:initSignal:14.0
2017-01-23 03:38:56:endSignal:21.0
2017-01-23 03:38:56:seqSignal:15
2017-01-23 03:39:10:sending 15 signals using command: 'ssh -T mic1 killall -2 dgemm_check' after 14.0172320234s
2017-01-23 03:39:11:shell stdout: 
2017-01-23 03:39:11:shell stdout: 
2017-01-23 03:39:11:shell stdout: 
2017-01-23 03:39:12:shell stdout: 
2017-01-23 03:39:12:shell stdout: 
2017-01-23 03:39:12:sending 15 signals using command: 'ssh -T mic1 killall -2 dgemm_check' after 16.6353055363s
2017-01-23 03:39:13:shell stdout: 
2017-01-23 03:39:13:shell stdout: 
2017-01-23 03:39:13:shell stdout: 
2017-01-23 03:39:13:shell stdout: 
2017-01-23 03:39:14:shell stdout: 
2017-01-23 03:39:14:shell stdout: 
2017-01-23 03:39:14:shell stdout: 
2017-01-23 03:39:14:shell stdout: 
2017-01-23 03:39:15:shell stdout: 
2017-01-23 03:39:15:shell stdout: 
2017-01-23 03:39:15:shell stdout: 
2017-01-23 03:39:15:shell stdout: 
2017-01-23 03:39:15:shell stdout: 
2017-01-23 03:39:15:shell stdout: 
2017-01-23 03:39:16:shell stdout: 
2017-01-23 03:39:16:shell stdout: 
2017-01-23 03:39:16:sending 15 signals using command: 'ssh -T mic1 killall -2 dgemm_check' after 20.4030096644s
2017-01-23 03:39:16:shell stdout: 
2017-01-23 03:39:16:shell stdout: 
2017-01-23 03:39:17:shell stdout: 
2017-01-23 03:39:17:shell stdout: 
2017-01-23 03:39:17:shell stdout: 
2017-01-23 03:39:17:shell stdout: 
2017-01-23 03:39:17:shell stdout: 
2017-01-23 03:39:17:shell stdout: 
2017-01-23 03:39:18:shell stdout: 
2017-01-23 03:39:18:shell stdout: 
2017-01-23 03:39:18:shell stdout: 
2017-01-23 03:39:18:shell stdout: 
2017-01-23 03:39:19:shell stdout: 
2017-01-23 03:39:19:shell stdout: 
2017-01-23 03:39:19:shell stdout: 
2017-01-23 03:39:19:shell stdout: 
2017-01-23 03:39:20:shell stdout: 
2017-01-23 03:39:20:shell stdout: 
2017-01-23 03:39:20:shell stdout: 
2017-01-23 03:39:21:shell stdout: 
2017-01-23 03:39:22:shell stdout: 
2017-01-23 03:39:22:shell stdout: 
2017-01-23 03:39:23:shell stdout: 
2017-01-23 03:39:23:shell stdout: 
2017-01-23 03:46:17:finished due now-timestampStart > maxWaitTime*5
2017-01-23 03:46:17:now: 1485161177
2017-01-23 03:46:17:timestampStart: 1485160736
2017-01-23 03:46:17:kill cmd: killall -9 gdb-mic
2017-01-23 03:46:17:shell stdout: 
2017-01-23 03:46:18:kill cmd: ssh -T mic1 killall -9 dgemm_check
2017-01-23 03:46:18:shell stdout: 
2017-01-23 03:46:19:kill cmd: ssh -T mic1 killall -9 gdbserver
2017-01-23 03:46:19:shell stdout: 
2017-01-23 03:46:19:kill cmd: ssh -T mic1 killall -9 sshd
2017-01-23 03:46:19:shell stdout: 
