2017-01-24 20:33:05:Starting flip_value script
2017-01-24 20:33:05:Initialization strings:
2017-01-24 20:33:05:(1) target extended-remote | ssh -T mic0 gdbserver --multi -
2017-01-24 20:33:05:(2) set sysroot /opt/mpss/3.7/sysroots/k1om-mpss-linux/
2017-01-24 20:33:05:(3) set sysroot /opt/mpss/3.7/sysroots/k1om-mpss-linux/
2017-01-24 20:33:06:(4) file /micNfs/gdb-fault-injection/injector/bin/lud/lud_check
2017-01-24 20:33:06:(5) set remote exec-file /micNfs/gdb-fault-injection/injector/bin/lud/lud_check
2017-01-24 20:33:06:(6) set args -s 2048 -n 228 -i /micNfs/gdb-fault-injection/injector/bin/lud/input_2048_th_228 -g /micNfs/gdb-fault-injection/injector/bin/lud/gold_2048_th_228
2017-01-24 20:33:06:initSignal:4
2017-01-24 20:33:06:endSignal:6
2017-01-24 20:33:06:seqSignal:30
2017-01-24 20:33:11:Trying Fault Injection
2017-01-24 20:33:11:Inferior PID: 195904
2017-01-24 20:33:11:Inferior is valid: True
2017-01-24 20:33:11:Inferior #threads: 229
2017-01-24 20:33:11:Backtrace BEGIN:
2017-01-24 20:33:11:#0  0x0000000000404d1f in L_lud_omp_123__par_loop2_2_5 () at lud_omp.c:147
#1  0x00007ffff790ba1f in ?? ()
#2  0x00007fffffffd9c0 in ?? ()
#3  0x00007ffff4ea0100 in ?? ()
#4  0x0000000000000001 in ?? ()
#5  0x0000000000000003 in ?? ()
#6  0x0000000000000000 in ?? ()

2017-01-24 20:33:11:142	
143	            for (i = 0; i < BS; i++)
144	            {
145	                for (k=0; k < BS; k++) {
146	#pragma omp simd 
147	                    for (j = 0; j < BS; j++) {
148	                        sum[j] += temp_left[BS*i + k] * temp_top[BS*k + j];
149	                    }
150	                }
151	#pragma omp simd 

2017-01-24 20:33:11:Backtrace END
2017-01-24 20:33:18:Thread name: None
2017-01-24 20:33:18:Thread num: 36
2017-01-24 20:33:18:Thread ptid: (195904, 195943, 0)
2017-01-24 20:33:18:Error Exception(frameFlip): invalid frame
2017-01-24 20:33:18:Error Exception(frameFlip): invalid frame
2017-01-24 20:33:18:Error Exception(frameFlip): invalid frame
2017-01-24 20:33:18:Error Exception(frameFlip): invalid frame
2017-01-24 20:33:18:Error Exception(frameFlip): invalid frame
2017-01-24 20:33:18:Error Exception(frameFlip): invalid frame
2017-01-24 20:33:18:Error Exception(frameFlip): invalid frame
2017-01-24 20:33:18:Error Exception(frameFlip): invalid frame
2017-01-24 20:33:18:Error Exception(frameFlip): invalid frame
2017-01-24 20:33:18:Error Exception(frameFlip): invalid frame
2017-01-24 20:33:18:Error Exception(frameFlip): invalid frame
2017-01-24 20:33:18:Error Exception(frameFlip): invalid frame
2017-01-24 20:33:18:Error Exception(frameFlip): invalid frame
2017-01-24 20:33:18:Error Exception(frameFlip): invalid frame
2017-01-24 20:33:18:Error Exception(frameFlip): invalid frame
2017-01-24 20:33:18:Error Exception(frameFlip): invalid frame
2017-01-24 20:33:18:Error Exception(frameFlip): invalid frame
2017-01-24 20:33:18:Error Exception(frameFlip): invalid frame
2017-01-24 20:33:18:Error Exception(frameFlip): invalid frame
2017-01-24 20:33:18:Error Exception(frameFlip): invalid frame
2017-01-24 20:33:18:Error Exception(frameFlip): invalid frame
2017-01-24 20:33:18:Error Exception(frameFlip): invalid frame
2017-01-24 20:33:18:Error Exception(frameFlip): invalid frame
2017-01-24 20:33:18:Error Exception(frameFlip): invalid frame
2017-01-24 20:33:18:Error Exception(frameFlip): invalid frame
2017-01-24 20:33:18:Error Exception(frameFlip): invalid frame
2017-01-24 20:33:18:Error Exception(frameFlip): invalid frame
2017-01-24 20:33:18:Error Exception(frameFlip): invalid frame
2017-01-24 20:33:18:Error Exception(frameFlip): invalid frame
2017-01-24 20:33:18:Error Exception(frameFlip): invalid frame
2017-01-24 20:33:18:Error Exception(frameFlip): invalid frame
2017-01-24 20:33:18:Error Exception(frameFlip): invalid frame
2017-01-24 20:33:18:Error Exception(frameFlip): invalid frame
2017-01-24 20:33:18:Error Exception(frameFlip): invalid frame
2017-01-24 20:33:18:Error Exception(frameFlip): invalid frame
2017-01-24 20:33:18:Error Exception(frameFlip): invalid frame
2017-01-24 20:33:18:Error Exception(frameFlip): invalid frame
2017-01-24 20:33:18:Error Exception(frameFlip): invalid frame
2017-01-24 20:33:18:Error Exception(frameFlip): invalid frame
2017-01-24 20:33:18:bitFlip function
2017-01-24 20:33:18:Type: The type is an integer type.
2017-01-24 20:33:18:Type sizeof: 4
2017-01-24 20:33:18:Mem contents(hex):0x7d0x140x000x00
2017-01-24 20:33:18:base address to flip value: 0x7fffffffc614
2017-01-24 20:33:18:address max offset: 4
2017-01-24 20:33:18:Memory content before bitflip:0x7d0x140x000x00
2017-01-24 20:33:18:Memory content after  bitflip:0x7d0x140x000x10
2017-01-24 20:33:18:Mem contents(hex):0x7d0x140x000x10
2017-01-24 20:33:18:frame name: L_lud_omp_123__par_loop2_2_5
2017-01-24 20:33:18:symbol name: chunk_idx
2017-01-24 20:33:18:symbol filename: lud_omp.c
2017-01-24 20:33:18:symbol line: 45
2017-01-24 20:33:18:value: 268440701
2017-01-24 20:33:18:value address: 0x7fffffffc614
2017-01-24 20:33:18:Type: The type is an integer type.
2017-01-24 20:33:18:Type sizeof: 4
2017-01-24 20:33:18:Fault Injection Successful after 12.19084692s
2017-01-24 20:33:18:Fault Already Injected
2017-01-24 20:33:18:Fault Already Injected
2017-01-24 20:33:18:Fault Already Injected
2017-01-24 20:33:18:Fault Already Injected
2017-01-24 20:33:19:Fault Already Injected
2017-01-24 20:33:19:Fault Already Injected
2017-01-24 20:33:19:Fault Already Injected
2017-01-24 20:33:20:Fault Already Injected
2017-01-24 20:33:20:Fault Already Injected
2017-01-24 20:33:20:Fault Already Injected
2017-01-24 20:33:20:Fault Already Injected
2017-01-24 20:33:20:Fault Already Injected
2017-01-24 20:33:21:Fault Already Injected
2017-01-24 20:33:21:Fault Already Injected
2017-01-24 20:33:22:Fault Already Injected
2017-01-24 20:33:22:Fault Already Injected
2017-01-24 20:33:22:Fault Already Injected
2017-01-24 20:33:23:Fault Already Injected
2017-01-24 20:33:23:Fault Already Injected
2017-01-24 20:33:23:Fault Already Injected
2017-01-24 20:33:23:Fault Already Injected
2017-01-24 20:33:23:Fault Already Injected
2017-01-24 20:33:24:Fault Already Injected
2017-01-24 20:33:24:Fault Already Injected
2017-01-24 20:33:24:Fault Already Injected
2017-01-24 20:33:25:Fault Already Injected
2017-01-24 20:33:25:Fault Already Injected
2017-01-24 20:33:25:Fault Already Injected
2017-01-24 20:33:25:event type: exit
2017-01-24 20:33:25:exit code: 0
