2016-10-19 01:39:24:Starting GDB script
2016-10-19 01:39:26:sending signal using command: 'ssh -T mic0 killall -2 needle_check' after 1.12710756576s
2016-10-19 01:39:26:shell stdout: 
2016-10-19 01:39:27:sending signal using command: 'ssh -T mic0 killall -2 needle_check' after 1.95102557131s
2016-10-19 01:39:27:shell stdout: 
2016-10-19 01:39:28:sending signal using command: 'ssh -T mic0 killall -2 needle_check' after 3.58147825628s
2016-10-19 01:39:28:shell stdout: 
2016-10-19 01:39:29:sending signal using command: 'ssh -T mic0 killall -2 needle_check' after 4.07821936409s
2016-10-19 01:39:29:shell stdout: 
2016-10-19 01:39:30:sending signal using command: 'ssh -T mic0 killall -2 needle_check' after 5.27849541516s
2016-10-19 01:39:30:shell stdout: 
2016-10-19 01:39:32:sending signal using command: 'ssh -T mic0 killall -2 needle_check' after 7.52858912884s
2016-10-19 01:39:32:shell stdout: 
2016-10-19 01:39:34:sending signal using command: 'ssh -T mic0 killall -2 needle_check' after 8.85148024824s
2016-10-19 01:39:34:shell stdout: 
2016-10-19 01:39:37:sending signal using command: 'ssh -T mic0 killall -2 needle_check' after 11.3295502309s
2016-10-19 01:39:37:shell stdout: 
2016-10-19 01:39:38:sending signal using command: 'ssh -T mic0 killall -2 needle_check' after 12.5543235485s
2016-10-19 01:39:38:shell stdout: 
2016-10-19 01:39:38:sending signal using command: 'ssh -T mic0 killall -2 needle_check' after 12.92157241s
2016-10-19 01:39:38:shell stdout: 
2016-10-19 01:39:44:no gdbExecName running, out:
2016-10-19 01:39:44:checCmd:ps -e | grep -i gdb-mic
2016-10-19 01:39:44:finished now-timestampStart < maxWaitTime*5
2016-10-19 01:39:44:now: 1476855583
2016-10-19 01:39:44:timestampStart: 1476855564
2016-10-19 01:39:44:kill cmd: killall -9 gdb-mic
2016-10-19 01:39:44:shell stdout: 
2016-10-19 01:39:44:kill cmd: ssh -T mic0 killall -9 needle_check
2016-10-19 01:39:44:shell stdout: 
2016-10-19 01:39:45:kill cmd: ssh -T mic0 killall -9 gdbserver
2016-10-19 01:39:45:shell stdout: 
2016-10-19 01:39:45:kill cmd: ssh -T mic0 killall -9 sshd
2016-10-19 01:39:45:shell stdout: 
