2016-10-18 20:58:14:sending signal using command: 'ssh -T mic0 killall -2 hotspot_check' after 14.9055971382s
2016-10-18 20:58:14:shell stdout: 
2016-10-18 20:58:14:Starting GDB script
2016-10-18 20:58:16:sending signal using command: 'ssh -T mic0 killall -2 hotspot_check' after 1.24184329604s
2016-10-18 20:58:16:shell stdout: 
2016-10-18 20:58:17:sending signal using command: 'ssh -T mic0 killall -2 hotspot_check' after 2.49221782527s
2016-10-18 20:58:17:shell stdout: 
2016-10-18 20:58:17:sending signal using command: 'ssh -T mic0 killall -2 hotspot_check' after 2.67860042078s
2016-10-18 20:58:17:shell stdout: 
2016-10-18 20:58:21:sending signal using command: 'ssh -T mic0 killall -2 hotspot_check' after 6.46629691853s
2016-10-18 20:58:21:shell stdout: 
2016-10-18 20:58:23:sending signal using command: 'ssh -T mic0 killall -2 hotspot_check' after 8.22032612017s
2016-10-18 20:58:23:shell stdout: 
2016-10-18 20:58:23:sending signal using command: 'ssh -T mic0 killall -2 hotspot_check' after 8.74840792602s
2016-10-18 20:58:23:shell stdout: 
2016-10-18 20:58:24:sending signal using command: 'ssh -T mic0 killall -2 hotspot_check' after 8.92133054512s
2016-10-18 20:58:24:shell stdout: 
2016-10-18 20:58:25:sending signal using command: 'ssh -T mic0 killall -2 hotspot_check' after 10.0622782977s
2016-10-18 20:58:25:shell stdout: 
2016-10-18 20:58:26:sending signal using command: 'ssh -T mic0 killall -2 hotspot_check' after 11.4644608156s
2016-10-18 20:58:26:shell stdout: 
2016-10-18 20:58:28:sending signal using command: 'ssh -T mic0 killall -2 hotspot_check' after 13.3718256116s
2016-10-18 20:58:28:shell stdout: 
2016-10-18 20:58:35:no gdbExecName running, out:
2016-10-18 20:58:35:checCmd:ps -e | grep -i gdb-mic
2016-10-18 20:58:35:finished now-timestampStart < maxWaitTime*5
2016-10-18 20:58:35:now: 1476838714
2016-10-18 20:58:35:timestampStart: 1476838694
2016-10-18 20:58:35:kill cmd: killall -9 gdb-mic
2016-10-18 20:58:35:shell stdout: 
2016-10-18 20:58:35:kill cmd: ssh -T mic0 killall -9 hotspot_check
2016-10-18 20:58:35:shell stdout: 
2016-10-18 20:58:35:kill cmd: ssh -T mic0 killall -9 gdbserver
2016-10-18 20:58:35:shell stdout: 
