2016-10-13 06:30:46:Starting GDB script
2016-10-13 06:30:47:sending signal using command: 'ssh -T mic0 killall -2 lavamd' after 0.435500142151s
2016-10-13 06:30:47:shell stdout: 
2016-10-13 06:30:47:sending signal using command: 'ssh -T mic0 killall -2 lavamd' after 1.0527944476s
2016-10-13 06:30:47:shell stdout: 
2016-10-13 06:30:49:sending signal using command: 'ssh -T mic0 killall -2 lavamd' after 2.06232104751s
2016-10-13 06:30:49:shell stdout: 
2016-10-13 06:30:49:sending signal using command: 'ssh -T mic0 killall -2 lavamd' after 2.3813431529s
2016-10-13 06:30:49:shell stdout: 
2016-10-13 06:30:49:sending signal using command: 'ssh -T mic0 killall -2 lavamd' after 2.72232065077s
2016-10-13 06:30:49:shell stdout: 
2016-10-13 06:30:51:sending signal using command: 'ssh -T mic0 killall -2 lavamd' after 4.1206637967s
2016-10-13 06:30:51:shell stdout: 
2016-10-13 06:30:53:sending signal using command: 'ssh -T mic0 killall -2 lavamd' after 6.32522570608s
2016-10-13 06:30:53:shell stdout: 
2016-10-13 06:30:54:sending signal using command: 'ssh -T mic0 killall -2 lavamd' after 6.7631520999s
2016-10-13 06:30:54:shell stdout: 
2016-10-13 06:30:56:sending signal using command: 'ssh -T mic0 killall -2 lavamd' after 9.33188583382s
2016-10-13 06:30:56:shell stdout: 
2016-10-13 06:30:56:sending signal using command: 'ssh -T mic0 killall -2 lavamd' after 9.81453131074s
2016-10-13 06:30:56:shell stdout: 
2016-10-13 06:31:03:no gdbExecName running, out:
2016-10-13 06:31:03:checCmd:ps -e | grep -i gdb-mic
2016-10-13 06:31:03:finished now-timestampStart < maxWaitTime*5
2016-10-13 06:31:03:now: 1476354662
2016-10-13 06:31:03:timestampStart: 1476354646
2016-10-13 06:31:03:kill cmd: killall -9 gdb-mic
2016-10-13 06:31:03:shell stdout: 
2016-10-13 06:31:04:kill cmd: ssh -T mic0 killall -9 lavamd
2016-10-13 06:31:04:shell stdout: 
2016-10-13 06:31:04:kill cmd: ssh -T mic0 killall -9 gdbserver
2016-10-13 06:31:04:shell stdout: 
2016-10-13 06:31:04:kill cmd: ssh -T mic0 killall -9 sshd
2016-10-13 06:31:04:shell stdout: 
