2017-01-25 09:44:12:Starting GDB script
2017-01-25 09:44:12:initSignal:7.0
2017-01-25 09:44:12:endSignal:14.0
2017-01-25 09:44:12:seqSignal:15
2017-01-25 09:44:22:sending 15 signals using command: 'ssh -T mic1 killall -2 dgemm_check' after 10.0347288551s
2017-01-25 09:44:23:shell stdout: 
2017-01-25 09:44:24:shell stdout: 
2017-01-25 09:44:24:shell stdout: 
2017-01-25 09:44:24:shell stdout: 
2017-01-25 09:44:25:shell stdout: 
2017-01-25 09:44:25:sending 15 signals using command: 'ssh -T mic1 killall -2 dgemm_check' after 12.6091466121s
2017-01-25 09:44:25:shell stdout: 
2017-01-25 09:44:25:shell stdout: 
2017-01-25 09:44:26:shell stdout: 
2017-01-25 09:44:26:shell stdout: 
2017-01-25 09:44:26:sending 15 signals using command: 'ssh -T mic1 killall -2 dgemm_check' after 13.5704791437s
2017-01-25 09:44:26:shell stdout: 
2017-01-25 09:44:26:shell stdout: 
2017-01-25 09:44:26:shell stdout: 
2017-01-25 09:44:26:shell stdout: 
2017-01-25 09:44:27:shell stdout: 
2017-01-25 09:44:27:shell stdout: 
2017-01-25 09:44:27:shell stdout: 
2017-01-25 09:44:27:shell stdout: 
2017-01-25 09:44:27:shell stdout: 
2017-01-25 09:44:27:shell stdout: 
2017-01-25 09:44:28:shell stdout: 
2017-01-25 09:44:28:shell stdout: 
2017-01-25 09:44:28:shell stdout: 
2017-01-25 09:44:28:shell stdout: 
2017-01-25 09:44:28:shell stdout: 
2017-01-25 09:44:28:shell stdout: 
2017-01-25 09:44:28:shell stdout: 
2017-01-25 09:44:28:shell stdout: 
2017-01-25 09:44:29:shell stdout: 
2017-01-25 09:44:29:shell stdout: 
2017-01-25 09:44:29:shell stdout: 
2017-01-25 09:44:29:shell stdout: 
2017-01-25 09:44:29:shell stdout: 
2017-01-25 09:44:29:shell stdout: 
2017-01-25 09:44:30:shell stdout: 
2017-01-25 09:44:30:shell stdout: 
2017-01-25 09:44:30:shell stdout: 
2017-01-25 09:44:30:shell stdout: 
2017-01-25 09:44:30:shell stdout: 
2017-01-25 09:44:30:shell stdout: 
2017-01-25 09:44:31:shell stdout: 
2017-01-25 09:44:31:shell stdout: 
2017-01-25 09:44:31:shell stdout: 
2017-01-25 09:44:31:shell stdout: 
2017-01-25 09:44:32:shell stdout: 
2017-01-25 09:44:32:shell stdout: 
2017-01-25 09:51:16:no gdbExecName running, out:
2017-01-25 09:51:16:checCmd:ps -e | grep -i gdb-mic
2017-01-25 09:51:16:finished now-timestampStart < maxWaitTime*5
2017-01-25 09:51:16:now: 1485355867
2017-01-25 09:51:16:timestampStart: 1485355452
2017-01-25 09:51:16:kill cmd: killall -9 gdb-mic
2017-01-25 09:51:16:shell stdout: 
2017-01-25 09:51:17:kill cmd: ssh -T mic1 killall -9 dgemm_check
2017-01-25 09:51:17:shell stdout: 
2017-01-25 09:51:17:kill cmd: ssh -T mic1 killall -9 gdbserver
2017-01-25 09:51:17:shell stdout: 
2017-01-25 09:51:17:kill cmd: ssh -T mic1 killall -9 sshd
2017-01-25 09:51:17:shell stdout: 
