[INFO -- 2017-02-24 23:44:36]
Starting GDB script
[INFO -- 2017-02-24 23:44:36]
initSignal:0.0
[INFO -- 2017-02-24 23:44:36]
endSignal:3.0
[INFO -- 2017-02-24 23:44:36]
seqSignal:15
[INFO -- 2017-02-24 23:44:36]
sending 15 signals using command: 'ssh -T mic1 killall -2 hotspot_check' after 0.000455977143851s
[INFO -- 2017-02-24 23:44:36]
shell stdout: 
[INFO -- 2017-02-24 23:44:37]
shell stdout: 
[INFO -- 2017-02-24 23:44:37]
shell stdout: 
[INFO -- 2017-02-24 23:44:37]
shell stdout: 
[INFO -- 2017-02-24 23:44:38]
shell stdout: 
[INFO -- 2017-02-24 23:44:38]
sending 15 signals using command: 'ssh -T mic1 killall -2 hotspot_check' after 2.27687300645s
[INFO -- 2017-02-24 23:44:39]
sending 15 signals using command: 'ssh -T mic1 killall -2 hotspot_check' after 2.84539574964s
[INFO -- 2017-02-24 23:44:39]
shell stdout: 
[INFO -- 2017-02-24 23:44:39]
shell stdout: 
[INFO -- 2017-02-24 23:44:40]
shell stdout: 
[INFO -- 2017-02-24 23:44:40]
shell stdout: 
[INFO -- 2017-02-24 23:44:40]
shell stdout: 
[INFO -- 2017-02-24 23:44:40]
shell stdout: 
[INFO -- 2017-02-24 23:44:40]
shell stdout: 
[INFO -- 2017-02-24 23:44:41]
shell stdout: 
[INFO -- 2017-02-24 23:44:41]
shell stdout: 
[INFO -- 2017-02-24 23:44:41]
shell stdout: 
[INFO -- 2017-02-24 23:44:41]
shell stdout: 
[INFO -- 2017-02-24 23:44:41]
shell stdout: 
[INFO -- 2017-02-24 23:44:41]
shell stdout: 
[INFO -- 2017-02-24 23:44:41]
shell stdout: 
[INFO -- 2017-02-24 23:44:42]
shell stdout: 
[INFO -- 2017-02-24 23:44:42]
shell stdout: 
[INFO -- 2017-02-24 23:44:42]
shell stdout: 
[INFO -- 2017-02-24 23:44:42]
shell stdout: 
[INFO -- 2017-02-24 23:44:42]
shell stdout: 
[INFO -- 2017-02-24 23:44:42]
shell stdout: 
[INFO -- 2017-02-24 23:44:42]
shell stdout: 
[INFO -- 2017-02-24 23:44:43]
shell stdout: 
[INFO -- 2017-02-24 23:44:43]
shell stdout: 
[INFO -- 2017-02-24 23:44:43]
shell stdout: 
[INFO -- 2017-02-24 23:44:43]
shell stdout: 
[INFO -- 2017-02-24 23:44:43]
shell stdout: 
[INFO -- 2017-02-24 23:44:43]
shell stdout: 
[INFO -- 2017-02-24 23:44:43]
shell stdout: 
[INFO -- 2017-02-24 23:44:44]
shell stdout: 
[INFO -- 2017-02-24 23:44:44]
shell stdout: 
[INFO -- 2017-02-24 23:44:44]
shell stdout: 
[INFO -- 2017-02-24 23:44:44]
shell stdout: 
[INFO -- 2017-02-24 23:44:44]
shell stdout: 
[INFO -- 2017-02-24 23:44:45]
shell stdout: 
[INFO -- 2017-02-24 23:44:45]
shell stdout: 
[INFO -- 2017-02-24 23:44:45]
shell stdout: 
[INFO -- 2017-02-24 23:44:45]
shell stdout: 
[INFO -- 2017-02-24 23:44:45]
shell stdout: 
[INFO -- 2017-02-24 23:44:46]
shell stdout: 
[INFO -- 2017-02-24 23:44:46]
shell stdout: 
[INFO -- 2017-02-24 23:45:17]
no gdbExecName running, out:
[INFO -- 2017-02-24 23:45:17]
checCmd:ps -e | grep -i gdb-mic
[INFO -- 2017-02-24 23:45:17]
finished now-timestampStart < maxWaitTime*5
[INFO -- 2017-02-24 23:45:17]
now: 1487997915
[INFO -- 2017-02-24 23:45:17]
timestampStart: 1487997876
[INFO -- 2017-02-24 23:45:17]
kill cmd: killall -9 gdb-mic
[INFO -- 2017-02-24 23:45:17]
shell stdout: 
[INFO -- 2017-02-24 23:45:17]
kill cmd: ssh -T mic1 killall -9 hotspot_check
[INFO -- 2017-02-24 23:45:17]
shell stdout: 
[INFO -- 2017-02-24 23:45:18]
kill cmd: ssh -T mic1 killall -9 gdbserver
[INFO -- 2017-02-24 23:45:18]
shell stdout: 
[INFO -- 2017-02-24 23:45:18]
kill cmd: ssh -T mic1 killall -9 sshd
[INFO -- 2017-02-24 23:45:18]
shell stdout: 
