2017-01-23 19:10:41:Starting GDB script
2017-01-23 19:10:41:initSignal:2.0
2017-01-23 19:10:41:endSignal:4.0
2017-01-23 19:10:41:seqSignal:30
2017-01-23 19:10:43:sending 30 signals using command: 'ssh -T mic0 killall -2 lud_check' after 2.16059611303s
2017-01-23 19:10:44:sending 30 signals using command: 'ssh -T mic0 killall -2 lud_check' after 2.47768546893s
2017-01-23 19:10:45:shell stdout: 
2017-01-23 19:10:45:sending 30 signals using command: 'ssh -T mic0 killall -2 lud_check' after 3.64209851242s
2017-01-23 19:10:45:shell stdout: 
2017-01-23 19:10:45:shell stdout: 
2017-01-23 19:10:45:shell stdout: 
2017-01-23 19:10:45:shell stdout: 
2017-01-23 19:10:46:shell stdout: 
2017-01-23 19:10:46:shell stdout: 
2017-01-23 19:10:46:shell stdout: 
2017-01-23 19:10:46:shell stdout: 
2017-01-23 19:10:46:shell stdout: 
2017-01-23 19:10:46:shell stdout: 
2017-01-23 19:10:47:shell stdout: 
2017-01-23 19:10:47:shell stdout: 
2017-01-23 19:10:47:shell stdout: 
2017-01-23 19:10:47:shell stdout: 
2017-01-23 19:10:47:shell stdout: 
2017-01-23 19:10:47:shell stdout: 
2017-01-23 19:10:48:shell stdout: 
2017-01-23 19:10:48:shell stdout: 
2017-01-23 19:10:48:shell stdout: 
2017-01-23 19:10:48:shell stdout: 
2017-01-23 19:10:48:shell stdout: 
2017-01-23 19:10:48:shell stdout: 
2017-01-23 19:10:48:shell stdout: 
2017-01-23 19:10:48:shell stdout: 
2017-01-23 19:10:48:shell stdout: 
2017-01-23 19:10:49:shell stdout: 
2017-01-23 19:10:49:shell stdout: 
2017-01-23 19:10:49:shell stdout: 
2017-01-23 19:10:49:shell stdout: 
2017-01-23 19:10:49:shell stdout: 
2017-01-23 19:10:49:shell stdout: 
2017-01-23 19:10:50:shell stdout: 
2017-01-23 19:10:50:shell stdout: 
2017-01-23 19:10:50:shell stdout: 
2017-01-23 19:10:50:shell stdout: 
2017-01-23 19:10:50:shell stdout: 
2017-01-23 19:10:50:shell stdout: 
2017-01-23 19:10:51:shell stdout: 
2017-01-23 19:10:51:shell stdout: 
2017-01-23 19:10:51:shell stdout: 
2017-01-23 19:10:51:shell stdout: 
2017-01-23 19:10:51:shell stdout: 
2017-01-23 19:10:51:shell stdout: 
2017-01-23 19:10:51:shell stdout: 
2017-01-23 19:10:52:shell stdout: 
2017-01-23 19:10:52:shell stdout: 
2017-01-23 19:10:52:shell stdout: 
2017-01-23 19:10:52:shell stdout: 
2017-01-23 19:10:52:shell stdout: 
2017-01-23 19:10:52:shell stdout: 
2017-01-23 19:10:52:shell stdout: 
2017-01-23 19:10:52:shell stdout: 
2017-01-23 19:10:53:shell stdout: 
2017-01-23 19:10:53:shell stdout: 
2017-01-23 19:10:53:shell stdout: 
2017-01-23 19:10:53:shell stdout: 
2017-01-23 19:10:53:shell stdout: 
2017-01-23 19:10:53:shell stdout: 
2017-01-23 19:10:54:shell stdout: 
2017-01-23 19:10:54:shell stdout: 
2017-01-23 19:10:54:shell stdout: 
2017-01-23 19:10:54:shell stdout: 
2017-01-23 19:10:54:shell stdout: 
2017-01-23 19:10:54:shell stdout: 
2017-01-23 19:10:55:shell stdout: 
2017-01-23 19:10:55:shell stdout: 
2017-01-23 19:10:55:shell stdout: 
2017-01-23 19:10:55:shell stdout: 
2017-01-23 19:10:55:shell stdout: 
2017-01-23 19:10:55:shell stdout: 
2017-01-23 19:10:55:shell stdout: 
2017-01-23 19:10:55:shell stdout: 
2017-01-23 19:10:56:shell stdout: 
2017-01-23 19:10:56:shell stdout: 
2017-01-23 19:10:56:shell stdout: 
2017-01-23 19:10:56:shell stdout: 
2017-01-23 19:10:56:shell stdout: 
2017-01-23 19:10:56:shell stdout: 
2017-01-23 19:10:56:shell stdout: 
2017-01-23 19:10:57:shell stdout: 
2017-01-23 19:10:57:shell stdout: 
2017-01-23 19:10:57:shell stdout: 
2017-01-23 19:10:57:shell stdout: 
2017-01-23 19:10:57:shell stdout: 
2017-01-23 19:10:57:shell stdout: 
2017-01-23 19:10:58:shell stdout: 
2017-01-23 19:10:58:shell stdout: 
2017-01-23 19:10:58:shell stdout: 
2017-01-23 19:10:58:shell stdout: 
2017-01-23 19:11:19:no gdbExecName running, out:
2017-01-23 19:11:19:checCmd:ps -e | grep -i gdb-mic
2017-01-23 19:11:19:finished now-timestampStart < maxWaitTime*5
2017-01-23 19:11:19:now: 1485216679
2017-01-23 19:11:19:timestampStart: 1485216641
2017-01-23 19:11:19:kill cmd: killall -9 gdb-mic
2017-01-23 19:11:19:shell stdout: 
2017-01-23 19:11:20:kill cmd: ssh -T mic0 killall -9 lud_check
2017-01-23 19:11:20:shell stdout: 
2017-01-23 19:11:20:kill cmd: ssh -T mic0 killall -9 gdbserver
2017-01-23 19:11:20:shell stdout: 
2017-01-23 19:11:20:kill cmd: ssh -T mic0 killall -9 sshd
2017-01-23 19:11:20:shell stdout: 
