[INFO -- 2017-03-05 15:52:44]
Starting GDB script
[INFO -- 2017-03-05 15:52:44]
initSignal:12.0
[INFO -- 2017-03-05 15:52:44]
endSignal:17.0
[INFO -- 2017-03-05 15:52:44]
seqSignal:30
[INFO -- 2017-03-05 15:52:59]
sending 30 signals using command: 'ssh -T mic0 killall -2 needle_check' after 14.6435647721s
[INFO -- 2017-03-05 15:53:00]
shell stdout: 
[INFO -- 2017-03-05 15:53:00]
sending 30 signals using command: 'ssh -T mic0 killall -2 needle_check' after 15.2545523452s
[INFO -- 2017-03-05 15:53:00]
shell stdout: 
[INFO -- 2017-03-05 15:53:00]
shell stdout: 
[INFO -- 2017-03-05 15:53:00]
shell stdout: 
[INFO -- 2017-03-05 15:53:01]
shell stdout: 
[INFO -- 2017-03-05 15:53:01]
shell stdout: 
[INFO -- 2017-03-05 15:53:01]
shell stdout: 
[INFO -- 2017-03-05 15:53:01]
shell stdout: 
[INFO -- 2017-03-05 15:53:01]
shell stdout: 
[INFO -- 2017-03-05 15:53:01]
sending 30 signals using command: 'ssh -T mic0 killall -2 needle_check' after 16.8580286821s
[INFO -- 2017-03-05 15:53:01]
shell stdout: 
[INFO -- 2017-03-05 15:53:02]
shell stdout: 
[INFO -- 2017-03-05 15:53:02]
shell stdout: 
[INFO -- 2017-03-05 15:53:02]
shell stdout: 
[INFO -- 2017-03-05 15:53:02]
shell stdout: 
[INFO -- 2017-03-05 15:53:02]
shell stdout: 
[INFO -- 2017-03-05 15:53:02]
shell stdout: 
[INFO -- 2017-03-05 15:53:03]
shell stdout: 
[INFO -- 2017-03-05 15:53:03]
shell stdout: 
[INFO -- 2017-03-05 15:53:03]
shell stdout: 
[INFO -- 2017-03-05 15:53:03]
shell stdout: 
[INFO -- 2017-03-05 15:53:03]
shell stdout: 
[INFO -- 2017-03-05 15:53:03]
shell stdout: 
[INFO -- 2017-03-05 15:53:03]
shell stdout: 
[INFO -- 2017-03-05 15:53:03]
shell stdout: 
[INFO -- 2017-03-05 15:53:04]
shell stdout: 
[INFO -- 2017-03-05 15:53:04]
shell stdout: 
[INFO -- 2017-03-05 15:53:04]
shell stdout: 
[INFO -- 2017-03-05 15:53:04]
shell stdout: 
[INFO -- 2017-03-05 15:53:04]
shell stdout: 
[INFO -- 2017-03-05 15:53:04]
shell stdout: 
[INFO -- 2017-03-05 15:53:04]
shell stdout: 
[INFO -- 2017-03-05 15:53:05]
shell stdout: 
[INFO -- 2017-03-05 15:53:05]
shell stdout: 
[INFO -- 2017-03-05 15:53:05]
shell stdout: 
[INFO -- 2017-03-05 15:53:05]
shell stdout: 
[INFO -- 2017-03-05 15:53:05]
shell stdout: 
[INFO -- 2017-03-05 15:53:05]
shell stdout: 
[INFO -- 2017-03-05 15:53:05]
shell stdout: 
[INFO -- 2017-03-05 15:53:06]
shell stdout: 
[INFO -- 2017-03-05 15:53:06]
shell stdout: 
[INFO -- 2017-03-05 15:53:06]
shell stdout: 
[INFO -- 2017-03-05 15:53:06]
shell stdout: 
[INFO -- 2017-03-05 15:53:06]
shell stdout: 
[INFO -- 2017-03-05 15:53:06]
shell stdout: 
[INFO -- 2017-03-05 15:53:06]
shell stdout: 
[INFO -- 2017-03-05 15:53:06]
shell stdout: 
[INFO -- 2017-03-05 15:53:07]
shell stdout: 
[INFO -- 2017-03-05 15:53:07]
shell stdout: 
[INFO -- 2017-03-05 15:53:07]
shell stdout: 
[INFO -- 2017-03-05 15:53:07]
shell stdout: 
[INFO -- 2017-03-05 15:53:07]
shell stdout: 
[INFO -- 2017-03-05 15:53:07]
shell stdout: 
[INFO -- 2017-03-05 15:53:08]
shell stdout: 
[INFO -- 2017-03-05 15:53:08]
shell stdout: 
[INFO -- 2017-03-05 15:53:08]
shell stdout: 
[INFO -- 2017-03-05 15:53:08]
shell stdout: 
[INFO -- 2017-03-05 15:53:08]
shell stdout: 
[INFO -- 2017-03-05 15:53:08]
shell stdout: 
[INFO -- 2017-03-05 15:53:08]
shell stdout: 
[INFO -- 2017-03-05 15:53:08]
shell stdout: 
[INFO -- 2017-03-05 15:53:08]
shell stdout: 
[INFO -- 2017-03-05 15:53:09]
shell stdout: 
[INFO -- 2017-03-05 15:53:09]
shell stdout: 
[INFO -- 2017-03-05 15:53:09]
shell stdout: 
[INFO -- 2017-03-05 15:53:09]
shell stdout: 
[INFO -- 2017-03-05 15:53:09]
shell stdout: 
[INFO -- 2017-03-05 15:53:09]
shell stdout: 
[INFO -- 2017-03-05 15:53:10]
shell stdout: 
[INFO -- 2017-03-05 15:53:10]
shell stdout: 
[INFO -- 2017-03-05 15:53:10]
shell stdout: 
[INFO -- 2017-03-05 15:53:10]
shell stdout: 
[INFO -- 2017-03-05 15:53:10]
shell stdout: 
[INFO -- 2017-03-05 15:53:10]
shell stdout: 
[INFO -- 2017-03-05 15:53:10]
shell stdout: 
[INFO -- 2017-03-05 15:53:11]
shell stdout: 
[INFO -- 2017-03-05 15:53:11]
shell stdout: 
[INFO -- 2017-03-05 15:53:11]
shell stdout: 
[INFO -- 2017-03-05 15:53:11]
shell stdout: 
[INFO -- 2017-03-05 15:53:11]
shell stdout: 
[INFO -- 2017-03-05 15:53:11]
shell stdout: 
[INFO -- 2017-03-05 15:53:11]
shell stdout: 
[INFO -- 2017-03-05 15:53:11]
shell stdout: 
[INFO -- 2017-03-05 15:53:12]
shell stdout: 
[INFO -- 2017-03-05 15:53:12]
shell stdout: 
[INFO -- 2017-03-05 15:53:12]
shell stdout: 
[INFO -- 2017-03-05 15:53:12]
shell stdout: 
[INFO -- 2017-03-05 15:53:13]
shell stdout: 
[INFO -- 2017-03-05 15:53:13]
shell stdout: 
[INFO -- 2017-03-05 15:53:13]
shell stdout: 
[INFO -- 2017-03-05 15:53:14]
shell stdout: 
[INFO -- 2017-03-05 15:53:29]
no gdbExecName running, out:
[INFO -- 2017-03-05 15:53:29]
checCmd:ps -e | grep -i gdb-mic
[INFO -- 2017-03-05 15:53:29]
finished now-timestampStart < maxWaitTime*5
[INFO -- 2017-03-05 15:53:29]
now: 1488747208
[INFO -- 2017-03-05 15:53:29]
timestampStart: 1488747164
[INFO -- 2017-03-05 15:53:29]
kill cmd: killall -9 gdb-mic
[INFO -- 2017-03-05 15:53:29]
shell stdout: 
[INFO -- 2017-03-05 15:53:30]
kill cmd: ssh -T mic0 killall -9 needle_check
[INFO -- 2017-03-05 15:53:30]
shell stdout: 
[INFO -- 2017-03-05 15:53:30]
kill cmd: ssh -T mic0 killall -9 gdbserver
[INFO -- 2017-03-05 15:53:30]
shell stdout: 
[INFO -- 2017-03-05 15:53:31]
kill cmd: ssh -T mic0 killall -9 sshd
[INFO -- 2017-03-05 15:53:31]
shell stdout: 
