[INFO -- 2017-03-06 02:40:39]
Starting GDB script
[INFO -- 2017-03-06 02:40:39]
initSignal:12.0
[INFO -- 2017-03-06 02:40:39]
endSignal:17.0
[INFO -- 2017-03-06 02:40:39]
seqSignal:30
[INFO -- 2017-03-06 02:40:52]
sending 30 signals using command: 'ssh -T mic0 killall -2 needle_check' after 12.7967210695s
[INFO -- 2017-03-06 02:40:52]
shell stdout: 
[INFO -- 2017-03-06 02:40:53]
shell stdout: 
[INFO -- 2017-03-06 02:40:53]
shell stdout: 
[INFO -- 2017-03-06 02:40:53]
shell stdout: 
[INFO -- 2017-03-06 02:40:54]
shell stdout: 
[INFO -- 2017-03-06 02:40:54]
sending 30 signals using command: 'ssh -T mic0 killall -2 needle_check' after 15.0670479961s
[INFO -- 2017-03-06 02:40:54]
shell stdout: 
[INFO -- 2017-03-06 02:40:54]
shell stdout: 
[INFO -- 2017-03-06 02:40:55]
shell stdout: 
[INFO -- 2017-03-06 02:40:55]
shell stdout: 
[INFO -- 2017-03-06 02:40:55]
shell stdout: 
[INFO -- 2017-03-06 02:40:55]
shell stdout: 
[INFO -- 2017-03-06 02:40:55]
shell stdout: 
[INFO -- 2017-03-06 02:40:56]
shell stdout: 
[INFO -- 2017-03-06 02:40:56]
sending 30 signals using command: 'ssh -T mic0 killall -2 needle_check' after 16.7190648698s
[INFO -- 2017-03-06 02:40:56]
shell stdout: 
[INFO -- 2017-03-06 02:40:56]
shell stdout: 
[INFO -- 2017-03-06 02:40:56]
shell stdout: 
[INFO -- 2017-03-06 02:40:56]
shell stdout: 
[INFO -- 2017-03-06 02:40:57]
shell stdout: 
[INFO -- 2017-03-06 02:40:57]
shell stdout: 
[INFO -- 2017-03-06 02:40:57]
shell stdout: 
[INFO -- 2017-03-06 02:40:57]
shell stdout: 
[INFO -- 2017-03-06 02:40:57]
shell stdout: 
[INFO -- 2017-03-06 02:40:57]
shell stdout: 
[INFO -- 2017-03-06 02:40:57]
shell stdout: 
[INFO -- 2017-03-06 02:40:57]
shell stdout: 
[INFO -- 2017-03-06 02:40:57]
shell stdout: 
[INFO -- 2017-03-06 02:40:58]
shell stdout: 
[INFO -- 2017-03-06 02:40:58]
shell stdout: 
[INFO -- 2017-03-06 02:40:58]
shell stdout: 
[INFO -- 2017-03-06 02:40:58]
shell stdout: 
[INFO -- 2017-03-06 02:40:58]
shell stdout: 
[INFO -- 2017-03-06 02:40:58]
shell stdout: 
[INFO -- 2017-03-06 02:40:59]
shell stdout: 
[INFO -- 2017-03-06 02:40:59]
shell stdout: 
[INFO -- 2017-03-06 02:40:59]
shell stdout: 
[INFO -- 2017-03-06 02:40:59]
shell stdout: 
[INFO -- 2017-03-06 02:40:59]
shell stdout: 
[INFO -- 2017-03-06 02:40:59]
shell stdout: 
[INFO -- 2017-03-06 02:40:59]
shell stdout: 
[INFO -- 2017-03-06 02:40:59]
shell stdout: 
[INFO -- 2017-03-06 02:41:00]
shell stdout: 
[INFO -- 2017-03-06 02:41:00]
shell stdout: 
[INFO -- 2017-03-06 02:41:00]
shell stdout: 
[INFO -- 2017-03-06 02:41:00]
shell stdout: 
[INFO -- 2017-03-06 02:41:00]
shell stdout: 
[INFO -- 2017-03-06 02:41:00]
shell stdout: 
[INFO -- 2017-03-06 02:41:00]
shell stdout: 
[INFO -- 2017-03-06 02:41:01]
shell stdout: 
[INFO -- 2017-03-06 02:41:01]
shell stdout: 
[INFO -- 2017-03-06 02:41:01]
shell stdout: 
[INFO -- 2017-03-06 02:41:01]
shell stdout: 
[INFO -- 2017-03-06 02:41:01]
shell stdout: 
[INFO -- 2017-03-06 02:41:01]
shell stdout: 
[INFO -- 2017-03-06 02:41:02]
shell stdout: 
[INFO -- 2017-03-06 02:41:02]
shell stdout: 
[INFO -- 2017-03-06 02:41:02]
shell stdout: 
[INFO -- 2017-03-06 02:41:02]
shell stdout: 
[INFO -- 2017-03-06 02:41:02]
shell stdout: 
[INFO -- 2017-03-06 02:41:02]
shell stdout: 
[INFO -- 2017-03-06 02:41:02]
shell stdout: 
[INFO -- 2017-03-06 02:41:02]
shell stdout: 
[INFO -- 2017-03-06 02:41:02]
shell stdout: 
[INFO -- 2017-03-06 02:41:03]
shell stdout: 
[INFO -- 2017-03-06 02:41:03]
shell stdout: 
[INFO -- 2017-03-06 02:41:03]
shell stdout: 
[INFO -- 2017-03-06 02:41:03]
shell stdout: 
[INFO -- 2017-03-06 02:41:03]
shell stdout: 
[INFO -- 2017-03-06 02:41:03]
shell stdout: 
[INFO -- 2017-03-06 02:41:04]
shell stdout: 
[INFO -- 2017-03-06 02:41:04]
shell stdout: 
[INFO -- 2017-03-06 02:41:04]
shell stdout: 
[INFO -- 2017-03-06 02:41:04]
shell stdout: 
[INFO -- 2017-03-06 02:41:04]
shell stdout: 
[INFO -- 2017-03-06 02:41:04]
shell stdout: 
[INFO -- 2017-03-06 02:41:04]
shell stdout: 
[INFO -- 2017-03-06 02:41:05]
shell stdout: 
[INFO -- 2017-03-06 02:41:05]
shell stdout: 
[INFO -- 2017-03-06 02:41:05]
shell stdout: 
[INFO -- 2017-03-06 02:41:05]
shell stdout: 
[INFO -- 2017-03-06 02:41:05]
shell stdout: 
[INFO -- 2017-03-06 02:41:06]
shell stdout: 
[INFO -- 2017-03-06 02:41:06]
shell stdout: 
[INFO -- 2017-03-06 02:41:06]
shell stdout: 
[INFO -- 2017-03-06 02:41:06]
shell stdout: 
[INFO -- 2017-03-06 02:41:07]
shell stdout: 
[INFO -- 2017-03-06 02:41:07]
shell stdout: 
[INFO -- 2017-03-06 02:41:07]
shell stdout: 
[INFO -- 2017-03-06 02:41:07]
shell stdout: 
[INFO -- 2017-03-06 02:41:08]
shell stdout: 
[INFO -- 2017-03-06 02:41:08]
shell stdout: 
[INFO -- 2017-03-06 02:41:26]
no gdbExecName running, out:
[INFO -- 2017-03-06 02:41:26]
checCmd:ps -e | grep -i gdb-mic
[INFO -- 2017-03-06 02:41:26]
finished now-timestampStart < maxWaitTime*5
[INFO -- 2017-03-06 02:41:26]
now: 1488786084
[INFO -- 2017-03-06 02:41:26]
timestampStart: 1488786039
[INFO -- 2017-03-06 02:41:26]
kill cmd: killall -9 gdb-mic
[INFO -- 2017-03-06 02:41:26]
shell stdout: 
[INFO -- 2017-03-06 02:41:26]
kill cmd: ssh -T mic0 killall -9 needle_check
[INFO -- 2017-03-06 02:41:26]
shell stdout: 
[INFO -- 2017-03-06 02:41:26]
kill cmd: ssh -T mic0 killall -9 gdbserver
[INFO -- 2017-03-06 02:41:26]
shell stdout: 
[INFO -- 2017-03-06 02:41:27]
kill cmd: ssh -T mic0 killall -9 sshd
[INFO -- 2017-03-06 02:41:27]
shell stdout: 
