[INFO -- 2017-02-26 02:46:31]
Starting GDB script
[INFO -- 2017-02-26 02:46:31]
initSignal:9.0
[INFO -- 2017-02-26 02:46:31]
endSignal:12.0
[INFO -- 2017-02-26 02:46:31]
seqSignal:15
[INFO -- 2017-02-26 02:46:41]
sending 15 signals using command: 'ssh -T mic0 killall -2 hotspot_check' after 10.507759591s
[INFO -- 2017-02-26 02:46:41]
sending 15 signals using command: 'ssh -T mic0 killall -2 hotspot_check' after 10.5536451009s
[INFO -- 2017-02-26 02:46:42]
shell stdout: 
[INFO -- 2017-02-26 02:46:42]
shell stdout: 
[INFO -- 2017-02-26 02:46:42]
shell stdout: 
[INFO -- 2017-02-26 02:46:42]
shell stdout: 
[INFO -- 2017-02-26 02:46:42]
sending 15 signals using command: 'ssh -T mic0 killall -2 hotspot_check' after 11.5021110962s
[INFO -- 2017-02-26 02:46:43]
shell stdout: 
[INFO -- 2017-02-26 02:46:43]
shell stdout: 
[INFO -- 2017-02-26 02:46:43]
shell stdout: 
[INFO -- 2017-02-26 02:46:43]
shell stdout: 
[INFO -- 2017-02-26 02:46:43]
shell stdout: 
[INFO -- 2017-02-26 02:46:43]
shell stdout: 
[INFO -- 2017-02-26 02:46:44]
shell stdout: 
[INFO -- 2017-02-26 02:46:44]
shell stdout: 
[INFO -- 2017-02-26 02:46:44]
shell stdout: 
[INFO -- 2017-02-26 02:46:44]
shell stdout: 
[INFO -- 2017-02-26 02:46:44]
shell stdout: 
[INFO -- 2017-02-26 02:46:44]
shell stdout: 
[INFO -- 2017-02-26 02:46:44]
shell stdout: 
[INFO -- 2017-02-26 02:46:44]
shell stdout: 
[INFO -- 2017-02-26 02:46:44]
shell stdout: 
[INFO -- 2017-02-26 02:46:45]
shell stdout: 
[INFO -- 2017-02-26 02:46:45]
shell stdout: 
[INFO -- 2017-02-26 02:46:45]
shell stdout: 
[INFO -- 2017-02-26 02:46:45]
shell stdout: 
[INFO -- 2017-02-26 02:46:45]
shell stdout: 
[INFO -- 2017-02-26 02:46:45]
shell stdout: 
[INFO -- 2017-02-26 02:46:46]
shell stdout: 
[INFO -- 2017-02-26 02:46:46]
shell stdout: 
[INFO -- 2017-02-26 02:46:46]
shell stdout: 
[INFO -- 2017-02-26 02:46:46]
shell stdout: 
[INFO -- 2017-02-26 02:46:46]
shell stdout: 
[INFO -- 2017-02-26 02:46:46]
shell stdout: 
[INFO -- 2017-02-26 02:46:47]
shell stdout: 
[INFO -- 2017-02-26 02:46:47]
shell stdout: 
[INFO -- 2017-02-26 02:46:47]
shell stdout: 
[INFO -- 2017-02-26 02:46:47]
shell stdout: 
[INFO -- 2017-02-26 02:46:47]
shell stdout: 
[INFO -- 2017-02-26 02:46:48]
shell stdout: 
[INFO -- 2017-02-26 02:46:48]
shell stdout: 
[INFO -- 2017-02-26 02:46:48]
shell stdout: 
[INFO -- 2017-02-26 02:46:48]
shell stdout: 
[INFO -- 2017-02-26 02:46:48]
shell stdout: 
[INFO -- 2017-02-26 02:46:49]
shell stdout: 
[INFO -- 2017-02-26 02:46:49]
shell stdout: 
[INFO -- 2017-02-26 02:46:49]
shell stdout: 
[INFO -- 2017-02-26 02:46:50]
shell stdout: 
[INFO -- 2017-02-26 02:47:03]
no gdbExecName running, out:
[INFO -- 2017-02-26 02:47:03]
checCmd:ps -e | grep -i gdb-mic
[INFO -- 2017-02-26 02:47:03]
finished now-timestampStart < maxWaitTime*5
[INFO -- 2017-02-26 02:47:03]
now: 1488095221
[INFO -- 2017-02-26 02:47:03]
timestampStart: 1488095191
[INFO -- 2017-02-26 02:47:03]
kill cmd: killall -9 gdb-mic
[INFO -- 2017-02-26 02:47:03]
shell stdout: 
[INFO -- 2017-02-26 02:47:03]
kill cmd: ssh -T mic0 killall -9 hotspot_check
[INFO -- 2017-02-26 02:47:03]
shell stdout: 
[INFO -- 2017-02-26 02:47:04]
kill cmd: ssh -T mic0 killall -9 gdbserver
[INFO -- 2017-02-26 02:47:04]
shell stdout: 
[INFO -- 2017-02-26 02:47:04]
kill cmd: ssh -T mic0 killall -9 sshd
[INFO -- 2017-02-26 02:47:04]
shell stdout: 
