2017-01-09 03:21:04:Starting flip_value script
2017-01-09 03:21:04:Initialization strings:
2017-01-09 03:21:05:(1) target extended-remote | ssh -T mic0 gdbserver --multi -
2017-01-09 03:21:05:(2) set sysroot /opt/mpss/3.7/sysroots/k1om-mpss-linux/
2017-01-09 03:21:05:(3) set sysroot /opt/mpss/3.7/sysroots/k1om-mpss-linux/
2017-01-09 03:21:05:(4) file /micNfs/gdb-fault-injection/injector/bin/nw/needle_check
2017-01-09 03:21:05:(5) set remote exec-file /micNfs/gdb-fault-injection/injector/bin/nw/needle_check
2017-01-09 03:21:05:(6) set args 16394 10 228 /micNfs/gdb-fault-injection/injector/bin/nw/input_16394_th_228_pen_10 /micNfs/gdb-fault-injection/injector/bin/nw/gold_16394_th_228_pen_10
2017-01-09 03:21:05:initSignal:12
2017-01-09 03:21:05:endSignal:17
2017-01-09 03:21:05:seqSignal:30
2017-01-09 03:21:17:Trying Fault Injection
2017-01-09 03:21:17:Inferior PID: 38173
2017-01-09 03:21:17:Inferior is valid: True
2017-01-09 03:21:17:Inferior #threads: 1
2017-01-09 03:21:17:Backtrace BEGIN:
2017-01-09 03:21:17:#0  0x0000000000402ca2 in runTest (argc=6, argv=0x7fffffffec08) at needle_check.cpp:329
#1  0x0000000000401595 in main (argc=6, argv=0x7fffffffec08) at needle_check.cpp:114

2017-01-09 03:21:17:324	    //    input_itemsets[j] = rand() % 10 + 1;
325	    //}
326	
327	
328	    for (int i = 1 ; i < max_cols; i++){
329	        for (int j = 1 ; j < max_rows; j++){
330	            referrence[i*max_cols+j] = blosum62[input_itemsets[i*max_cols]][input_itemsets[j]];
331	        }
332	    }
333	

2017-01-09 03:21:17:Backtrace END
2017-01-09 03:21:17:Thread name: None
2017-01-09 03:21:17:Thread num: 1
2017-01-09 03:21:17:Thread ptid: (38173, 38173, 0)
2017-01-09 03:21:17:bitFlip function
2017-01-09 03:21:17:Type: The type is an integer type.
2017-01-09 03:21:17:Type sizeof: 4
2017-01-09 03:21:17:Mem contents(hex):0x060x000x000x00
2017-01-09 03:21:17:base address to flip value: 0x7fffffffeb10
2017-01-09 03:21:17:address max offset: 4
2017-01-09 03:21:17:Memory content before bitflip:0x060x000x000x00
2017-01-09 03:21:17:Memory content after  bitflip:0x060x040x000x00
2017-01-09 03:21:17:Mem contents(hex):0x060x040x000x00
2017-01-09 03:21:17:frame name: main
2017-01-09 03:21:17:symbol name: argc
2017-01-09 03:21:17:symbol filename: needle_check.cpp
2017-01-09 03:21:17:symbol line: 112
2017-01-09 03:21:17:value: 1030
2017-01-09 03:21:17:value address: 0x7fffffffeb10
2017-01-09 03:21:17:Type: The type is an integer type.
2017-01-09 03:21:17:Type sizeof: 4
2017-01-09 03:21:17:Fault Injection Successful after 12.5345211029s
2017-01-09 03:21:17:Fault Already Injected
2017-01-09 03:21:18:Fault Already Injected
2017-01-09 03:21:18:Fault Already Injected
2017-01-09 03:21:18:Fault Already Injected
2017-01-09 03:21:18:Fault Already Injected
2017-01-09 03:21:19:Fault Already Injected
2017-01-09 03:21:19:Fault Already Injected
2017-01-09 03:21:19:Fault Already Injected
2017-01-09 03:21:19:Fault Already Injected
2017-01-09 03:21:19:Fault Already Injected
2017-01-09 03:21:19:Fault Already Injected
2017-01-09 03:21:19:Fault Already Injected
2017-01-09 03:21:19:Fault Already Injected
2017-01-09 03:21:20:Fault Already Injected
2017-01-09 03:21:20:Fault Already Injected
2017-01-09 03:21:20:Fault Already Injected
2017-01-09 03:21:20:Fault Already Injected
2017-01-09 03:21:20:Fault Already Injected
2017-01-09 03:21:20:Fault Already Injected
2017-01-09 03:21:20:Fault Already Injected
2017-01-09 03:21:21:Fault Already Injected
2017-01-09 03:21:21:Fault Already Injected
2017-01-09 03:21:21:Fault Already Injected
2017-01-09 03:21:21:Fault Already Injected
2017-01-09 03:21:21:Fault Already Injected
2017-01-09 03:21:21:Fault Already Injected
2017-01-09 03:21:21:Fault Already Injected
2017-01-09 03:21:22:Fault Already Injected
2017-01-09 03:21:22:Fault Already Injected
2017-01-09 03:21:22:Fault Already Injected
2017-01-09 03:21:22:Fault Already Injected
2017-01-09 03:21:22:Fault Already Injected
2017-01-09 03:21:22:Fault Already Injected
2017-01-09 03:21:22:Fault Already Injected
2017-01-09 03:21:22:Fault Already Injected
2017-01-09 03:21:23:Fault Already Injected
2017-01-09 03:21:23:Fault Already Injected
2017-01-09 03:21:23:Fault Already Injected
2017-01-09 03:21:23:Fault Already Injected
2017-01-09 03:21:23:Fault Already Injected
2017-01-09 03:21:23:Fault Already Injected
2017-01-09 03:21:23:Fault Already Injected
2017-01-09 03:21:24:Fault Already Injected
2017-01-09 03:21:24:Fault Already Injected
2017-01-09 03:21:24:Fault Already Injected
2017-01-09 03:21:24:Fault Already Injected
2017-01-09 03:21:24:Fault Already Injected
2017-01-09 03:21:24:Fault Already Injected
2017-01-09 03:21:24:Fault Already Injected
2017-01-09 03:21:24:Fault Already Injected
2017-01-09 03:21:25:Fault Already Injected
2017-01-09 03:21:25:Fault Already Injected
2017-01-09 03:21:25:Fault Already Injected
2017-01-09 03:21:25:Fault Already Injected
2017-01-09 03:21:25:Fault Already Injected
2017-01-09 03:21:25:Fault Already Injected
2017-01-09 03:21:25:Fault Already Injected
2017-01-09 03:21:26:Fault Already Injected
2017-01-09 03:21:26:Fault Already Injected
2017-01-09 03:21:26:Fault Already Injected
2017-01-09 03:21:26:Fault Already Injected
2017-01-09 03:21:26:Fault Already Injected
2017-01-09 03:21:26:Fault Already Injected
2017-01-09 03:21:26:Fault Already Injected
2017-01-09 03:21:27:Fault Already Injected
2017-01-09 03:21:27:Fault Already Injected
2017-01-09 03:21:27:Fault Already Injected
2017-01-09 03:21:27:Fault Already Injected
2017-01-09 03:21:27:Fault Already Injected
2017-01-09 03:21:27:Fault Already Injected
2017-01-09 03:21:27:Fault Already Injected
2017-01-09 03:21:27:Fault Already Injected
2017-01-09 03:21:28:Fault Already Injected
2017-01-09 03:21:28:Fault Already Injected
2017-01-09 03:21:28:Fault Already Injected
2017-01-09 03:21:28:Fault Already Injected
2017-01-09 03:21:28:Fault Already Injected
2017-01-09 03:21:28:Fault Already Injected
2017-01-09 03:21:29:Fault Already Injected
2017-01-09 03:21:29:Fault Already Injected
2017-01-09 03:21:29:Fault Already Injected
2017-01-09 03:21:29:Fault Already Injected
2017-01-09 03:21:29:Fault Already Injected
2017-01-09 03:21:29:Fault Already Injected
2017-01-09 03:21:29:Fault Already Injected
2017-01-09 03:21:30:Fault Already Injected
2017-01-09 03:21:30:Fault Already Injected
2017-01-09 03:21:30:Fault Already Injected
2017-01-09 03:21:31:Fault Already Injected
2017-01-09 03:21:43:event type: exit
2017-01-09 03:21:43:exit code: 0
