[INFO -- 2017-03-14 02:26:49]
Starting GDB script
[INFO -- 2017-03-14 02:26:49]
initSignal:30.0
[INFO -- 2017-03-14 02:26:49]
endSignal:35.0
[INFO -- 2017-03-14 02:26:49]
seqSignal:20
[INFO -- 2017-03-14 02:27:20]
sending 20 signals using command: 'ssh -T mic0 killall -2 clamr_openmponly' after 30.3396508818s
[INFO -- 2017-03-14 02:27:21]
shell stdout: 
[INFO -- 2017-03-14 02:27:21]
sending 20 signals using command: 'ssh -T mic0 killall -2 clamr_openmponly' after 31.5907486232s
[INFO -- 2017-03-14 02:27:21]
shell stdout: 
[INFO -- 2017-03-14 02:27:21]
shell stdout: 
[INFO -- 2017-03-14 02:27:21]
shell stdout: 
[INFO -- 2017-03-14 02:27:22]
shell stdout: 
[INFO -- 2017-03-14 02:27:22]
shell stdout: 
[INFO -- 2017-03-14 02:27:22]
shell stdout: 
[INFO -- 2017-03-14 02:27:22]
shell stdout: 
[INFO -- 2017-03-14 02:27:22]
shell stdout: 
[INFO -- 2017-03-14 02:27:23]
shell stdout: 
[INFO -- 2017-03-14 02:27:23]
shell stdout: 
[INFO -- 2017-03-14 02:27:23]
shell stdout: 
[INFO -- 2017-03-14 02:27:23]
shell stdout: 
[INFO -- 2017-03-14 02:27:23]
shell stdout: 
[INFO -- 2017-03-14 02:27:24]
shell stdout: 
[INFO -- 2017-03-14 02:27:24]
shell stdout: 
[INFO -- 2017-03-14 02:27:24]
shell stdout: 
[INFO -- 2017-03-14 02:27:24]
shell stdout: 
[INFO -- 2017-03-14 02:27:25]
shell stdout: 
[INFO -- 2017-03-14 02:27:25]
shell stdout: 
[INFO -- 2017-03-14 02:27:25]
shell stdout: 
[INFO -- 2017-03-14 02:27:25]
shell stdout: 
[INFO -- 2017-03-14 02:27:25]
shell stdout: 
[INFO -- 2017-03-14 02:27:26]
shell stdout: 
[INFO -- 2017-03-14 02:27:26]
shell stdout: 
[INFO -- 2017-03-14 02:27:26]
shell stdout: 
[INFO -- 2017-03-14 02:27:26]
shell stdout: 
[INFO -- 2017-03-14 02:27:26]
shell stdout: 
[INFO -- 2017-03-14 02:27:27]
shell stdout: 
[INFO -- 2017-03-14 02:27:27]
shell stdout: 
[INFO -- 2017-03-14 02:27:27]
shell stdout: 
[INFO -- 2017-03-14 02:27:27]
shell stdout: 
[INFO -- 2017-03-14 02:27:27]
shell stdout: 
[INFO -- 2017-03-14 02:27:28]
shell stdout: 
[INFO -- 2017-03-14 02:27:28]
shell stdout: 
[INFO -- 2017-03-14 02:27:28]
shell stdout: 
[INFO -- 2017-03-14 02:27:28]
shell stdout: 
[INFO -- 2017-03-14 02:27:29]
shell stdout: 
[INFO -- 2017-03-14 02:27:29]
shell stdout: 
[INFO -- 2017-03-14 02:27:29]
shell stdout: 
[INFO -- 2017-03-14 02:28:19]
no gdbExecName running, out:
[INFO -- 2017-03-14 02:28:19]
checCmd:ps -e | grep -i gdb-mic
[INFO -- 2017-03-14 02:28:19]
finished now-timestampStart < maxWaitTime*5
[INFO -- 2017-03-14 02:28:19]
now: 1489472890
[INFO -- 2017-03-14 02:28:19]
timestampStart: 1489472809
[INFO -- 2017-03-14 02:28:19]
kill cmd: killall -9 gdb-mic
[INFO -- 2017-03-14 02:28:19]
shell stdout: 
[INFO -- 2017-03-14 02:28:19]
kill cmd: ssh -T mic0 killall -9 clamr_openmponly
[INFO -- 2017-03-14 02:28:19]
shell stdout: 
[INFO -- 2017-03-14 02:28:19]
kill cmd: ssh -T mic0 killall -9 gdbserver
[INFO -- 2017-03-14 02:28:19]
shell stdout: 
[INFO -- 2017-03-14 02:28:20]
kill cmd: ssh -T mic0 killall -9 sshd
[INFO -- 2017-03-14 02:28:20]
shell stdout: 
