[INFO -- 2017-03-17 19:52:40]
Starting GDB script
[INFO -- 2017-03-17 19:52:40]
initSignal:35.0
[INFO -- 2017-03-17 19:52:40]
endSignal:40.0
[INFO -- 2017-03-17 19:52:40]
seqSignal:20
[INFO -- 2017-03-17 19:53:16]
sending 20 signals using command: 'ssh -T mic0 killall -2 clamr_openmponly' after 35.3507705086s
[INFO -- 2017-03-17 19:53:17]
shell stdout: 
[INFO -- 2017-03-17 19:53:17]
shell stdout: 
[INFO -- 2017-03-17 19:53:17]
shell stdout: 
[INFO -- 2017-03-17 19:53:18]
shell stdout: 
[INFO -- 2017-03-17 19:53:18]
shell stdout: 
[INFO -- 2017-03-17 19:53:19]
shell stdout: 
[INFO -- 2017-03-17 19:53:19]
shell stdout: 
[INFO -- 2017-03-17 19:53:19]
sending 20 signals using command: 'ssh -T mic0 killall -2 clamr_openmponly' after 39.1581732359s
[INFO -- 2017-03-17 19:53:19]
shell stdout: 
[INFO -- 2017-03-17 19:53:20]
shell stdout: 
[INFO -- 2017-03-17 19:53:20]
shell stdout: 
[INFO -- 2017-03-17 19:53:20]
shell stdout: 
[INFO -- 2017-03-17 19:53:20]
shell stdout: 
[INFO -- 2017-03-17 19:53:21]
shell stdout: 
[INFO -- 2017-03-17 19:53:21]
shell stdout: 
[INFO -- 2017-03-17 19:53:21]
shell stdout: 
[INFO -- 2017-03-17 19:53:21]
shell stdout: 
[INFO -- 2017-03-17 19:53:22]
shell stdout: 
[INFO -- 2017-03-17 19:53:22]
shell stdout: 
[INFO -- 2017-03-17 19:53:22]
shell stdout: 
[INFO -- 2017-03-17 19:53:22]
shell stdout: 
[INFO -- 2017-03-17 19:53:23]
shell stdout: 
[INFO -- 2017-03-17 19:53:23]
shell stdout: 
[INFO -- 2017-03-17 19:53:23]
shell stdout: 
[INFO -- 2017-03-17 19:53:23]
shell stdout: 
[INFO -- 2017-03-17 19:53:24]
shell stdout: 
[INFO -- 2017-03-17 19:53:24]
shell stdout: 
[INFO -- 2017-03-17 19:53:25]
shell stdout: 
[INFO -- 2017-03-17 19:53:25]
shell stdout: 
[INFO -- 2017-03-17 19:53:25]
shell stdout: 
[INFO -- 2017-03-17 19:53:25]
shell stdout: 
[INFO -- 2017-03-17 19:53:26]
shell stdout: 
[INFO -- 2017-03-17 19:53:26]
shell stdout: 
[INFO -- 2017-03-17 19:53:27]
shell stdout: 
[INFO -- 2017-03-17 19:53:27]
shell stdout: 
[INFO -- 2017-03-17 19:53:28]
shell stdout: 
[INFO -- 2017-03-17 19:53:29]
shell stdout: 
[INFO -- 2017-03-17 19:53:29]
shell stdout: 
[INFO -- 2017-03-17 19:53:30]
shell stdout: 
[INFO -- 2017-03-17 19:53:31]
shell stdout: 
[INFO -- 2017-03-17 19:53:32]
shell stdout: 
[INFO -- 2017-03-17 20:00:07]
finished due now-timestampStart > maxWaitTime*5
[INFO -- 2017-03-17 20:00:07]
now: 1489795207
[INFO -- 2017-03-17 20:00:07]
timestampStart: 1489794760
[INFO -- 2017-03-17 20:00:07]
kill cmd: killall -9 gdb-mic
[INFO -- 2017-03-17 20:00:07]
shell stdout: 
[INFO -- 2017-03-17 20:00:07]
kill cmd: ssh -T mic0 killall -9 clamr_openmponly
[INFO -- 2017-03-17 20:00:07]
shell stdout: 
[INFO -- 2017-03-17 20:00:08]
kill cmd: ssh -T mic0 killall -9 gdbserver
[INFO -- 2017-03-17 20:00:08]
shell stdout: 
[INFO -- 2017-03-17 20:00:08]
kill cmd: ssh -T mic0 killall -9 sshd
[INFO -- 2017-03-17 20:00:08]
shell stdout: 
