2016-10-28 04:42:51:Starting GDB script
2016-10-28 04:42:52:sending signal using command: 'ssh -T mic0 killall -2 lavamd' after 1.05785026498s
2016-10-28 04:42:52:shell stdout: 
2016-10-28 04:42:52:sending signal using command: 'ssh -T mic0 killall -2 lavamd' after 1.40043969362s
2016-10-28 04:42:52:shell stdout: 
2016-10-28 04:42:53:sending signal using command: 'ssh -T mic0 killall -2 lavamd' after 1.77261280668s
2016-10-28 04:42:53:shell stdout: 
2016-10-28 04:42:56:sending signal using command: 'ssh -T mic0 killall -2 lavamd' after 3.79655592764s
2016-10-28 04:42:56:shell stdout: 
2016-10-28 04:42:56:sending signal using command: 'ssh -T mic0 killall -2 lavamd' after 3.91492487361s
2016-10-28 04:42:56:shell stdout: 
2016-10-28 04:42:56:sending signal using command: 'ssh -T mic0 killall -2 lavamd' after 4.91733119293s
2016-10-28 04:42:56:shell stdout: 
2016-10-28 04:43:00:sending signal using command: 'ssh -T mic0 killall -2 lavamd' after 8.41182198974s
2016-10-28 04:43:00:shell stdout: 
2016-10-28 04:43:00:sending signal using command: 'ssh -T mic0 killall -2 lavamd' after 8.79449521024s
2016-10-28 04:43:00:shell stdout: 
2016-10-28 04:43:01:sending signal using command: 'ssh -T mic0 killall -2 lavamd' after 9.5113516844s
2016-10-28 04:43:01:shell stdout: 
2016-10-28 04:43:01:sending signal using command: 'ssh -T mic0 killall -2 lavamd' after 9.72931078498s
2016-10-28 04:43:01:shell stdout: 
2016-10-28 04:43:07:no gdbExecName running, out:
2016-10-28 04:43:07:checCmd:ps -e | grep -i gdb-mic
2016-10-28 04:43:07:finished now-timestampStart < maxWaitTime*5
2016-10-28 04:43:07:now: 1477644186
2016-10-28 04:43:07:timestampStart: 1477644171
2016-10-28 04:43:07:kill cmd: killall -9 gdb-mic
2016-10-28 04:43:07:shell stdout: 
2016-10-28 04:43:07:kill cmd: ssh -T mic0 killall -9 lavamd
2016-10-28 04:43:07:shell stdout: 
2016-10-28 04:43:08:kill cmd: ssh -T mic0 killall -9 gdbserver
2016-10-28 04:43:08:shell stdout: 
2016-10-28 04:43:08:kill cmd: ssh -T mic0 killall -9 sshd
2016-10-28 04:43:08:shell stdout: 
