2016-10-26 23:06:38:Initialization strings:
2016-10-26 23:06:38:(1) target extended-remote | ssh -T mic0 gdbserver --multi -
2016-10-26 23:06:38:(2) set sysroot /opt/mpss/3.7/sysroots/k1om-mpss-linux/
2016-10-26 23:06:38:(3) set sysroot /opt/mpss/3.7/sysroots/k1om-mpss-linux/
2016-10-26 23:06:38:(4) file /micNfs/gdb-fault-injection-lavamd/bin/lavamd
2016-10-26 23:06:38:(5) set remote exec-file /micNfs/gdb-fault-injection-lavamd/bin/lavamd
2016-10-26 23:06:38:(6) set args 228 15 /micNfs/gdb-fault-injection-lavamd/bin/input_distance_228_15 /micNfs/gdb-fault-injection-lavamd/bin/input_charges_228_15 /micNfs/gdb-fault-injection-lavamd/bin/output_gold_228_15 1
2016-10-26 23:06:39:Trying Fault Injection
2016-10-26 23:06:39:Inferior PID: 187898
2016-10-26 23:06:39:Inferior is valid: True
2016-10-26 23:06:39:Inferior #threads: 1
2016-10-26 23:06:39:Backtrace BEGIN:
2016-10-26 23:06:39:#0  0x0000000000402665 in main (argc=7, argv=0x7fffffffec08) at main_check.c:182

2016-10-26 23:06:39:177	        fv_cpu[i].z = 0;
178	
179	        fread(&(fv_cpu_GOLD[i].v), 1, sizeof(double), file);
180	        fread(&(fv_cpu_GOLD[i].x), 1, sizeof(double), file);
181	        fread(&(fv_cpu_GOLD[i].y), 1, sizeof(double), file);
182	        fread(&(fv_cpu_GOLD[i].z), 1, sizeof(double), file);
183	    }
184	
185	    fclose(file);
186	

2016-10-26 23:06:39:Backtrace END
2016-10-26 23:06:39:Thread name: None
2016-10-26 23:06:39:Thread num: 1
2016-10-26 23:06:39:Thread ptid: (187898, 187898, 0)
2016-10-26 23:06:39:bitFlip function
2016-10-26 23:06:39:Type: The type is an integer type.
2016-10-26 23:06:39:Type sizeof: 4
2016-10-26 23:06:39:Mem contents(hex):0x2f0x0d0x000x00
2016-10-26 23:06:39:base address to flip value: 0x7fffffffe75c
2016-10-26 23:06:39:address max offset: 4
2016-10-26 23:06:39:Memory content before bitflip:0x2f0x0d0x000x00
2016-10-26 23:06:39:Memory content after  bitflip:0x2b0x0d0x000x00
2016-10-26 23:06:39:Mem contents(hex):0x2b0x0d0x000x00
2016-10-26 23:06:39:frame name: main
2016-10-26 23:06:39:symbol name: nh
2016-10-26 23:06:39:symbol filename: main_check.c
2016-10-26 23:06:39:symbol line: 62
2016-10-26 23:06:39:value: 3371
2016-10-26 23:06:39:value address: 0x7fffffffe75c
2016-10-26 23:06:39:Type: The type is an integer type.
2016-10-26 23:06:39:Type sizeof: 4
2016-10-26 23:06:39:Fault Injection Successful after 1.88509988785s
2016-10-26 23:06:39:Fault Already Injected
2016-10-26 23:06:39:Fault Already Injected
2016-10-26 23:06:42:Fault Already Injected
2016-10-26 23:06:42:Fault Already Injected
2016-10-26 23:06:45:Fault Already Injected
2016-10-26 23:06:46:Fault Already Injected
2016-10-26 23:06:47:Fault Already Injected
2016-10-26 23:06:48:Fault Already Injected
2016-10-26 23:06:49:event type: exit
2016-10-26 23:06:49:exit code: 0
