2016-10-23 15:47:44:Starting GDB script
2016-10-23 15:47:46:sending signal using command: 'ssh -T mic0 killall -2 hotspot_check' after 1.01134495886s
2016-10-23 15:47:46:shell stdout: 
2016-10-23 15:47:46:sending signal using command: 'ssh -T mic0 killall -2 hotspot_check' after 1.02794027827s
2016-10-23 15:47:46:shell stdout: 
2016-10-23 15:47:47:sending signal using command: 'ssh -T mic0 killall -2 hotspot_check' after 1.92018373279s
2016-10-23 15:47:47:shell stdout: 
2016-10-23 15:47:48:sending signal using command: 'ssh -T mic0 killall -2 hotspot_check' after 2.83519504844s
2016-10-23 15:47:48:shell stdout: 
2016-10-23 15:47:48:sending signal using command: 'ssh -T mic0 killall -2 hotspot_check' after 3.00403288018s
2016-10-23 15:47:48:shell stdout: 
2016-10-23 15:47:51:sending signal using command: 'ssh -T mic0 killall -2 hotspot_check' after 5.88882014069s
2016-10-23 15:47:51:shell stdout: 
2016-10-23 15:47:51:sending signal using command: 'ssh -T mic0 killall -2 hotspot_check' after 6.08444249516s
2016-10-23 15:47:51:shell stdout: 
2016-10-23 15:47:55:sending signal using command: 'ssh -T mic0 killall -2 hotspot_check' after 10.1186512957s
2016-10-23 15:47:55:shell stdout: 
2016-10-23 15:48:00:sending signal using command: 'ssh -T mic0 killall -2 hotspot_check' after 14.6164578329s
2016-10-23 15:48:00:shell stdout: 
2016-10-23 15:48:00:sending signal using command: 'ssh -T mic0 killall -2 hotspot_check' after 14.6953440738s
2016-10-23 15:48:00:shell stdout: 
2016-10-23 15:48:06:no gdbExecName running, out:
2016-10-23 15:48:06:checCmd:ps -e | grep -i gdb-mic
2016-10-23 15:48:06:finished now-timestampStart < maxWaitTime*5
2016-10-23 15:48:06:now: 1477252085
2016-10-23 15:48:06:timestampStart: 1477252064
2016-10-23 15:48:06:kill cmd: killall -9 gdb-mic
2016-10-23 15:48:06:shell stdout: 
2016-10-23 15:48:06:kill cmd: ssh -T mic0 killall -9 hotspot_check
2016-10-23 15:48:06:shell stdout: 
2016-10-23 15:48:07:kill cmd: ssh -T mic0 killall -9 gdbserver
2016-10-23 15:48:07:shell stdout: 
