2016-10-28 14:25:15:Initialization strings:
2016-10-28 14:25:16:(1) target extended-remote | ssh -T mic0 gdbserver --multi -
2016-10-28 14:25:16:(2) set sysroot /opt/mpss/3.7/sysroots/k1om-mpss-linux/
2016-10-28 14:25:16:(3) set sysroot /opt/mpss/3.7/sysroots/k1om-mpss-linux/
2016-10-28 14:25:16:(4) file /micNfs/gdb-fault-injection-hotspot/bin/hotspot_check
2016-10-28 14:25:16:(5) set remote exec-file /micNfs/gdb-fault-injection-hotspot/bin/hotspot_check
2016-10-28 14:25:16:(6) set args 1024 1024 2000 228 /micNfs/gdb-fault-injection-hotspot/bin/temp_1024 /micNfs/gdb-fault-injection-hotspot/bin/power_1024 /micNfs/gdb-fault-injection-hotspot/bin/GOLD_1024-2000-228
2016-10-28 14:25:16:Trying Fault Injection
2016-10-28 14:25:16:Backtrace BEGIN:
2016-10-28 14:25:16:#0  0x00007ffff713827b in _IO_fgets (buf=0x7fffffffe77a "327.061459\n", n=256, fp=0x609b40) at iofgets.c:42
#1  0x0000000000401712 in read_input (vect=<optimized out>, grid_rows=<optimized out>, grid_cols=-160649200, file=<optimized out>) at hotspot_check.c:201
#2  main (argc=-6278, argv=0x100) at hotspot_check.c:264

2016-10-28 14:25:16:37	in iofgets.c

2016-10-28 14:25:16:Backtrace END
2016-10-28 14:25:16:Type: The type is an integer type.
2016-10-28 14:25:16:Type sizeof: 4
2016-10-28 14:25:16:Mem contents(hex):0xe40x000x000x00
2016-10-28 14:25:16:base address to flip value: 0x608ec0 
2016-10-28 14:25:16:address max offset: 4
2016-10-28 14:25:16:Memory content before bitflip:0xe40x000x000x00
2016-10-28 14:25:16:Memory content after  bitflip:0xe00x000x000x00
2016-10-28 14:25:16:Mem contents(hex):0xe00x000x000x00
2016-10-28 14:25:16:frame name: main
2016-10-28 14:25:16:symbol name: num_omp_threads
2016-10-28 14:25:16:symbol filename: hotspot_check.c
2016-10-28 14:25:16:symbol line: 39
2016-10-28 14:25:16:value: 224
2016-10-28 14:25:16:value address: 0x608ec0 <num_omp_threads>
2016-10-28 14:25:16:Type: The type is an integer type.
2016-10-28 14:25:16:Type sizeof: 4
2016-10-28 14:25:16:Fault Injection Successful after 0.799592971802s
2016-10-28 14:25:17:Fault Already Injected
2016-10-28 14:25:17:Fault Already Injected
2016-10-28 14:25:17:Fault Already Injected
2016-10-28 14:25:20:Fault Already Injected
2016-10-28 14:25:20:Fault Already Injected
2016-10-28 14:25:21:Fault Already Injected
2016-10-28 14:25:24:Fault Already Injected
2016-10-28 14:25:24:Fault Already Injected
2016-10-28 14:25:29:Fault Already Injected
2016-10-28 14:25:32:event type: exit
2016-10-28 14:25:32:exit code: 1
