[INFO -- 2017-03-26 23:14:49]
Starting GDB script
[INFO -- 2017-03-26 23:14:49]
initSignal:0.0
[INFO -- 2017-03-26 23:14:49]
endSignal:3.0
[INFO -- 2017-03-26 23:14:49]
seqSignal:30
[INFO -- 2017-03-26 23:14:50]
sending 30 signals using command: 'ssh -T mic0 killall -2 lavamd_check' after 0.529145086672s
[INFO -- 2017-03-26 23:14:50]
shell stdout: 
[INFO -- 2017-03-26 23:14:50]
shell stdout: 
[INFO -- 2017-03-26 23:14:51]
sending 30 signals using command: 'ssh -T mic0 killall -2 lavamd_check' after 1.69830255358s
[INFO -- 2017-03-26 23:14:51]
shell stdout: 
[INFO -- 2017-03-26 23:14:51]
shell stdout: 
[INFO -- 2017-03-26 23:14:51]
shell stdout: 
[INFO -- 2017-03-26 23:14:52]
shell stdout: 
[INFO -- 2017-03-26 23:14:52]
shell stdout: 
[INFO -- 2017-03-26 23:14:52]
sending 30 signals using command: 'ssh -T mic0 killall -2 lavamd_check' after 2.95799136815s
[INFO -- 2017-03-26 23:14:52]
shell stdout: 
[INFO -- 2017-03-26 23:14:52]
shell stdout: 
[INFO -- 2017-03-26 23:14:53]
shell stdout: 
[INFO -- 2017-03-26 23:14:53]
shell stdout: 
[INFO -- 2017-03-26 23:14:53]
shell stdout: 
[INFO -- 2017-03-26 23:14:53]
shell stdout: 
[INFO -- 2017-03-26 23:14:54]
shell stdout: 
[INFO -- 2017-03-26 23:14:54]
shell stdout: 
[INFO -- 2017-03-26 23:14:54]
shell stdout: 
[INFO -- 2017-03-26 23:14:54]
shell stdout: 
[INFO -- 2017-03-26 23:14:54]
shell stdout: 
[INFO -- 2017-03-26 23:14:54]
shell stdout: 
[INFO -- 2017-03-26 23:14:55]
shell stdout: 
[INFO -- 2017-03-26 23:14:55]
shell stdout: 
[INFO -- 2017-03-26 23:14:55]
shell stdout: 
[INFO -- 2017-03-26 23:14:55]
shell stdout: 
[INFO -- 2017-03-26 23:14:56]
shell stdout: 
[INFO -- 2017-03-26 23:14:56]
shell stdout: 
[INFO -- 2017-03-26 23:14:56]
shell stdout: 
[INFO -- 2017-03-26 23:14:56]
shell stdout: 
[INFO -- 2017-03-26 23:14:56]
shell stdout: 
[INFO -- 2017-03-26 23:14:57]
shell stdout: 
[INFO -- 2017-03-26 23:14:57]
shell stdout: 
[INFO -- 2017-03-26 23:14:57]
shell stdout: 
[INFO -- 2017-03-26 23:14:58]
shell stdout: 
[INFO -- 2017-03-26 23:14:58]
shell stdout: 
[INFO -- 2017-03-26 23:14:58]
shell stdout: 
[INFO -- 2017-03-26 23:14:59]
shell stdout: 
[INFO -- 2017-03-26 23:14:59]
shell stdout: 
[INFO -- 2017-03-26 23:14:59]
shell stdout: 
[INFO -- 2017-03-26 23:15:00]
shell stdout: 
[INFO -- 2017-03-26 23:15:00]
shell stdout: 
[INFO -- 2017-03-26 23:15:00]
shell stdout: 
[INFO -- 2017-03-26 23:15:00]
shell stdout: 
[INFO -- 2017-03-26 23:15:00]
shell stdout: 
[INFO -- 2017-03-26 23:15:00]
shell stdout: 
[INFO -- 2017-03-26 23:15:01]
shell stdout: 
[INFO -- 2017-03-26 23:15:01]
shell stdout: 
[INFO -- 2017-03-26 23:15:01]
shell stdout: 
[INFO -- 2017-03-26 23:15:02]
shell stdout: 
[INFO -- 2017-03-26 23:15:02]
shell stdout: 
[INFO -- 2017-03-26 23:15:02]
shell stdout: 
[INFO -- 2017-03-26 23:15:02]
shell stdout: 
[INFO -- 2017-03-26 23:15:02]
shell stdout: 
[INFO -- 2017-03-26 23:15:02]
shell stdout: 
[INFO -- 2017-03-26 23:15:03]
shell stdout: 
[INFO -- 2017-03-26 23:15:03]
shell stdout: 
[INFO -- 2017-03-26 23:15:03]
shell stdout: 
[INFO -- 2017-03-26 23:15:03]
shell stdout: 
[INFO -- 2017-03-26 23:15:03]
shell stdout: 
[INFO -- 2017-03-26 23:15:03]
shell stdout: 
[INFO -- 2017-03-26 23:15:04]
shell stdout: 
[INFO -- 2017-03-26 23:15:04]
shell stdout: 
[INFO -- 2017-03-26 23:15:04]
shell stdout: 
[INFO -- 2017-03-26 23:15:04]
shell stdout: 
[INFO -- 2017-03-26 23:15:04]
shell stdout: 
[INFO -- 2017-03-26 23:15:04]
shell stdout: 
[INFO -- 2017-03-26 23:15:05]
shell stdout: 
[INFO -- 2017-03-26 23:15:05]
shell stdout: 
[INFO -- 2017-03-26 23:15:05]
shell stdout: 
[INFO -- 2017-03-26 23:15:05]
shell stdout: 
[INFO -- 2017-03-26 23:15:05]
shell stdout: 
[INFO -- 2017-03-26 23:15:05]
shell stdout: 
[INFO -- 2017-03-26 23:15:06]
shell stdout: 
[INFO -- 2017-03-26 23:15:06]
shell stdout: 
[INFO -- 2017-03-26 23:15:06]
shell stdout: 
[INFO -- 2017-03-26 23:15:06]
shell stdout: 
[INFO -- 2017-03-26 23:15:06]
shell stdout: 
[INFO -- 2017-03-26 23:15:06]
shell stdout: 
[INFO -- 2017-03-26 23:15:06]
shell stdout: 
[INFO -- 2017-03-26 23:15:06]
shell stdout: 
[INFO -- 2017-03-26 23:15:07]
shell stdout: 
[INFO -- 2017-03-26 23:15:07]
shell stdout: 
[INFO -- 2017-03-26 23:15:07]
shell stdout: 
[INFO -- 2017-03-26 23:15:07]
shell stdout: 
[INFO -- 2017-03-26 23:15:07]
shell stdout: 
[INFO -- 2017-03-26 23:15:07]
shell stdout: 
[INFO -- 2017-03-26 23:15:08]
shell stdout: 
[INFO -- 2017-03-26 23:15:08]
shell stdout: 
[INFO -- 2017-03-26 23:15:08]
shell stdout: 
[INFO -- 2017-03-26 23:15:08]
shell stdout: 
[INFO -- 2017-03-26 23:15:09]
shell stdout: 
[INFO -- 2017-03-26 23:15:09]
shell stdout: 
[INFO -- 2017-03-26 23:15:14]
no gdbExecName running, out:
[INFO -- 2017-03-26 23:15:14]
checCmd:ps -e | grep -i gdb-mic
[INFO -- 2017-03-26 23:15:14]
finished now-timestampStart < maxWaitTime*5
[INFO -- 2017-03-26 23:15:14]
now: 1490584513
[INFO -- 2017-03-26 23:15:14]
timestampStart: 1490584489
[INFO -- 2017-03-26 23:15:14]
kill cmd: killall -9 gdb-mic
[INFO -- 2017-03-26 23:15:14]
shell stdout: 
[INFO -- 2017-03-26 23:15:14]
kill cmd: ssh -T mic0 killall -9 lavamd_check
[INFO -- 2017-03-26 23:15:14]
shell stdout: 
[INFO -- 2017-03-26 23:15:14]
kill cmd: ssh -T mic0 killall -9 gdbserver
[INFO -- 2017-03-26 23:15:14]
shell stdout: 
[INFO -- 2017-03-26 23:15:15]
kill cmd: ssh -T mic0 killall -9 sshd
[INFO -- 2017-03-26 23:15:15]
shell stdout: 
