2016-11-02 08:27:03:Starting GDB script
2016-11-02 08:27:07:sending signal using command: 'ssh -T mic0 killall -2 needle_check' after 2.72256471763s
2016-11-02 08:27:07:shell stdout: 
2016-11-02 08:27:08:sending signal using command: 'ssh -T mic0 killall -2 needle_check' after 3.8360478989s
2016-11-02 08:27:08:shell stdout: 
2016-11-02 08:27:10:sending signal using command: 'ssh -T mic0 killall -2 needle_check' after 6.13205329246s
2016-11-02 08:27:10:shell stdout: 
2016-11-02 08:27:11:sending signal using command: 'ssh -T mic0 killall -2 needle_check' after 6.92863625111s
2016-11-02 08:27:11:shell stdout: 
2016-11-02 08:27:12:sending signal using command: 'ssh -T mic0 killall -2 needle_check' after 8.59599755641s
2016-11-02 08:27:12:shell stdout: 
2016-11-02 08:27:14:sending signal using command: 'ssh -T mic0 killall -2 needle_check' after 9.83167354317s
2016-11-02 08:27:14:shell stdout: 
2016-11-02 08:27:15:sending signal using command: 'ssh -T mic0 killall -2 needle_check' after 11.639723034s
2016-11-02 08:27:15:shell stdout: 
2016-11-02 08:27:16:sending signal using command: 'ssh -T mic0 killall -2 needle_check' after 11.860859234s
2016-11-02 08:27:16:shell stdout: 
2016-11-02 08:27:20:sending signal using command: 'ssh -T mic0 killall -2 needle_check' after 16.1318426277s
2016-11-02 08:27:20:shell stdout: 
2016-11-02 08:27:20:sending signal using command: 'ssh -T mic0 killall -2 needle_check' after 16.1973741121s
2016-11-02 08:27:20:shell stdout: 
2016-11-02 08:27:30:no gdbExecName running, out:
2016-11-02 08:27:30:checCmd:ps -e | grep -i gdb-mic
2016-11-02 08:27:30:finished now-timestampStart < maxWaitTime*5
2016-11-02 08:27:30:now: 1478089649
2016-11-02 08:27:30:timestampStart: 1478089623
2016-11-02 08:27:30:kill cmd: killall -9 gdb-mic
2016-11-02 08:27:30:shell stdout: 
2016-11-02 08:27:30:kill cmd: ssh -T mic0 killall -9 needle_check
2016-11-02 08:27:30:shell stdout: 
2016-11-02 08:27:30:kill cmd: ssh -T mic0 killall -9 gdbserver
2016-11-02 08:27:30:shell stdout: 
2016-11-02 08:27:31:kill cmd: ssh -T mic0 killall -9 sshd
2016-11-02 08:27:31:shell stdout: 
