2017-01-26 07:49:45:Starting GDB script
2017-01-26 07:49:45:initSignal:14.0
2017-01-26 07:49:45:endSignal:21.0
2017-01-26 07:49:45:seqSignal:15
2017-01-26 07:50:01:sending 15 signals using command: 'ssh -T mic1 killall -2 dgemm_check' after 16.682714539s
2017-01-26 07:50:02:shell stdout: 
2017-01-26 07:50:02:sending 15 signals using command: 'ssh -T mic1 killall -2 dgemm_check' after 17.5708096354s
2017-01-26 07:50:03:shell stdout: 
2017-01-26 07:50:03:shell stdout: 
2017-01-26 07:50:03:shell stdout: 
2017-01-26 07:50:03:shell stdout: 
2017-01-26 07:50:03:shell stdout: 
2017-01-26 07:50:03:shell stdout: 
2017-01-26 07:50:04:shell stdout: 
2017-01-26 07:50:04:shell stdout: 
2017-01-26 07:50:04:shell stdout: 
2017-01-26 07:50:04:shell stdout: 
2017-01-26 07:50:05:sending 15 signals using command: 'ssh -T mic1 killall -2 dgemm_check' after 19.8854601171s
2017-01-26 07:50:05:shell stdout: 
2017-01-26 07:50:05:shell stdout: 
2017-01-26 07:50:05:shell stdout: 
2017-01-26 07:50:05:shell stdout: 
2017-01-26 07:50:05:shell stdout: 
2017-01-26 07:50:05:shell stdout: 
2017-01-26 07:50:06:shell stdout: 
2017-01-26 07:50:06:shell stdout: 
2017-01-26 07:50:06:shell stdout: 
2017-01-26 07:50:06:shell stdout: 
2017-01-26 07:50:06:shell stdout: 
2017-01-26 07:50:06:shell stdout: 
2017-01-26 07:50:06:shell stdout: 
2017-01-26 07:50:06:shell stdout: 
2017-01-26 07:50:07:shell stdout: 
2017-01-26 07:50:07:shell stdout: 
2017-01-26 07:50:07:shell stdout: 
2017-01-26 07:50:07:shell stdout: 
2017-01-26 07:50:07:shell stdout: 
2017-01-26 07:50:07:shell stdout: 
2017-01-26 07:50:08:shell stdout: 
2017-01-26 07:50:08:shell stdout: 
2017-01-26 07:50:08:shell stdout: 
2017-01-26 07:50:08:shell stdout: 
2017-01-26 07:50:08:shell stdout: 
2017-01-26 07:50:08:shell stdout: 
2017-01-26 07:50:08:shell stdout: 
2017-01-26 07:50:08:shell stdout: 
2017-01-26 07:50:09:shell stdout: 
2017-01-26 07:50:09:shell stdout: 
2017-01-26 07:50:10:shell stdout: 
2017-01-26 07:50:10:shell stdout: 
2017-01-26 07:50:10:shell stdout: 
2017-01-26 07:50:11:shell stdout: 
2017-01-26 07:51:22:no gdbExecName running, out:
2017-01-26 07:51:22:checCmd:ps -e | grep -i gdb-mic
2017-01-26 07:51:22:finished now-timestampStart < maxWaitTime*5
2017-01-26 07:51:22:now: 1485435073
2017-01-26 07:51:22:timestampStart: 1485434985
2017-01-26 07:51:22:kill cmd: killall -9 gdb-mic
2017-01-26 07:51:22:shell stdout: 
2017-01-26 07:51:22:kill cmd: ssh -T mic1 killall -9 dgemm_check
2017-01-26 07:51:22:shell stdout: 
2017-01-26 07:51:23:kill cmd: ssh -T mic1 killall -9 gdbserver
2017-01-26 07:51:23:shell stdout: 
2017-01-26 07:51:23:kill cmd: ssh -T mic1 killall -9 sshd
2017-01-26 07:51:23:shell stdout: 
