#HEADER matrix_dim:2048 threads:228 block_size:16 block_offset:12
#BEGIN Y:2017 M:03 D:01 Time:18:17:36
#IT Ite:0 KerTime:42.782703 AccTime:42.782703
#ERR  p: [592, 0], r: 1.7566192231265467e+34, e: 1.6537441494172743e+34
#ERR  p: [592, 9], r: -5.8228789597639327e+33, e: -9.3739344209845586e+33
#ERR  p: [593, 0], r: -5.9190590882570890e+34, e: -6.1448451742728343e+34
#ERR  p: [593, 9], r: 5.2459024923953746e+30, e: -8.4404552022177186e+32
#ERR  p: [594, 0], r: -1.2462900962836552e+34, e: -1.3054091074495482e+34
#ERR  p: [594, 9], r: 4.0588399500133497e+34, e: 4.2258006406636502e+34
#ERR  p: [595, 0], r: 1.6830182075186822e+34, e: 1.6668142433510150e+34
#ERR  p: [595, 9], r: 2.0374608505943341e+34, e: 2.3790180735460385e+34
#ERR  p: [596, 0], r: 7.5916766210181830e+33, e: 1.0245664401970258e+34
#ERR  p: [596, 9], r: 7.4662659297129212e+33, e: 7.4851741741931490e+33
#ERR  p: [597, 0], r: 3.3715901064779610e+34, e: 3.2921709775100044e+34
#ERR  p: [597, 9], r: -5.0875378292068832e+33, e: -3.6676834904194726e+33
#ERR  p: [598, 0], r: -2.6301325153081722e+34, e: -2.5544159380701400e+34
#ERR  p: [598, 9], r: -3.1184670889388805e+34, e: -3.3837190856749288e+34
#ERR  p: [599, 0], r: 1.0046988489482082e+34, e: 1.2298984064390074e+34
#ERR  p: [599, 9], r: -1.7405782934774212e+34, e: -1.6082154021452120e+34
#ERR  p: [600, 0], r: 1.0807016509494742e+34, e: 8.6066178298757585e+33
#ERR  p: [600, 9], r: 4.1789010389380026e+34, e: 4.0732481262443417e+34
#ERR  p: [601, 0], r: -3.5867306881144920e+34, e: -3.5586202478623347e+34
#ERR  p: [601, 9], r: 1.9455847587865381e+34, e: 1.9670844721005185e+34
#ERR  p: [602, 0], r: -1.5683099081434635e+34, e: -1.3674314556042295e+34
#ERR  p: [602, 9], r: -4.8317657981956121e+33, e: -1.5750850722342878e+33
#ERR  p: [603, 0], r: 3.1461891869139667e+34, e: 3.1492560050969302e+34
#ERR  p: [603, 9], r: 3.7162723876864396e+33, e: 3.2422970559204119e+33
#ERR  p: [604, 0], r: -9.8991480181280720e+33, e: -7.7774478766978395e+33
#ERR  p: [604, 9], r: 3.3604560594678994e+34, e: 3.4174707204927079e+34
#ERR  p: [605, 0], r: -2.2046222095955367e+34, e: -2.4292797867036503e+34
#ERR  p: [605, 9], r: -2.1792730547927359e+34, e: -2.4779274478161691e+34
#ERR  p: [606, 0], r: -2.7769269300274056e+34, e: -2.8745223190724065e+34
#ERR  p: [606, 9], r: 2.5066756629545701e+34, e: 2.5695415456708900e+34
#ERR  p: [607, 0], r: -6.9076515923331532e+33, e: -5.5491997824808339e+33
#ERR  p: [607, 9], r: -4.0576367153127183e+34, e: -4.0999770760893693e+34
#ERR  p: [608, 0], r: -4.8518407741313108e+33, e: -3.5319067575958747e+33
#ERR  p: [608, 9], r: 1.5030550119042165e+34, e: 1.3529879012796754e+34
#ERR  p: [609, 0], r: 6.5636569312998969e+33, e: 8.1554066119037865e+33
#ERR  p: [609, 9], r: 2.5585246025049426e+34, e: 2.8072888569381346e+34
#ERR  p: [610, 0], r: 1.7199842050970186e+34, e: 1.9434079518942098e+34
#ERR  p: [610, 9], r: -6.4433992762430415e+33, e: -6.5129560359438604e+33
#ERR  p: [611, 0], r: -3.0968494979079260e+34, e: -3.1192106271187192e+34
#ERR  p: [611, 9], r: 9.3642326329980443e+33, e: 1.0461365121628917e+34
#ERR  p: [612, 0], r: -1.5067249670617710e+34, e: -1.5532139859067539e+34
#ERR  p: [612, 9], r: -2.3440553844674407e+34, e: -2.3627484298981211e+34
#ERR  p: [613, 0], r: -4.1247330328902452e+34, e: -4.3006750828980365e+34
#ERR  p: [613, 9], r: 1.2205127505015793e+34, e: 1.3907667258369026e+34
#ERR  p: [614, 0], r: 1.2327073877908262e+34, e: 1.1534422691631046e+34
#ERR  p: [614, 9], r: 2.6807480320334886e+34, e: 2.6538421273423744e+34
#ERR  p: [615, 0], r: -2.4561185578373758e+33, e: -5.7187430935413007e+33
#ERR  p: [615, 9], r: 5.0021676864248984e+33, e: 3.0003593437732995e+33
#ERR  p: [616, 0], r: 1.0769122645538203e+34, e: 1.1781699704798373e+34
#ERR  p: [616, 9], r: -2.6338379332835196e+34, e: -2.7470421837493698e+34
#ERR  p: [617, 0], r: 4.0827604643838416e+34, e: 4.0441020121823733e+34
#ERR  p: [617, 9], r: -6.5783765861581317e+33, e: -1.0092248123580778e+34
#ERR  p: [618, 0], r: -3.2866212070419108e+34, e: -3.6362078176752366e+34
#ERR  p: [618, 9], r: -4.9509531150944635e+34, e: -5.0885723732369377e+34
#ERR  p: [619, 0], r: -2.7212195806876490e+34, e: -2.4355206066863565e+34
#ERR  p: [619, 9], r: -2.6603157869816902e+34, e: -2.3104229005513710e+34
#ERR  p: [620, 0], r: 5.4316103636138368e+33, e: 1.2541851970923527e+33
#ERR  p: [620, 9], r: -3.5911871952126630e+34, e: -3.6004443874306560e+34
#ERR  p: [621, 0], r: 4.8630555365628570e+34, e: 5.0879367401915103e+34
#ERR  p: [621, 9], r: -5.4448199576431487e+34, e: -5.4321734082131019e+34
#ERR  p: [622, 0], r: -2.6007835203337654e+34, e: -2.6076372107678641e+34
#ERR  p: [622, 9], r: 4.5513276137002532e+33, e: 2.1383378596632699e+33
#ERR  p: [623, 0], r: 1.6703632934777813e+34, e: 1.7726721462538260e+34
#ERR  p: [623, 9], r: 2.0098018532359267e+33, e: 1.4723478289123468e+33
#ERR  p: [624, 0], r: 1.4267074351907722e+34, e: 1.4637502604516725e+34
#ERR  p: [624, 9], r: 2.3741196093600146e+34, e: 2.1731328773155994e+34
#ERR  p: [625, 0], r: -2.6183451938349440e+34, e: -2.4996187516944741e+34
#ERR  p: [625, 9], r: -6.7499930372172273e+33, e: -7.2130461487246590e+33
#ERR  p: [626, 0], r: 3.5106493416842534e+34, e: 2.8660012641114845e+34
#ERR  p: [626, 9], r: 3.3062009672492132e+34, e: 3.3894787993796355e+34
#ERR  p: [627, 0], r: -2.9396457256621258e+34, e: -3.1879381660914565e+34
#ERR  p: [627, 9], r: -2.2517283657029082e+34, e: -2.2680987587046169e+34
#ERR  p: [628, 0], r: -9.3543149759177939e+33, e: -1.0051111387319694e+34
#ERR  p: [628, 9], r: -4.8978393048936960e+33, e: -4.4175070235178611e+33
#ERR  p: [629, 0], r: -3.8486709445272631e+34, e: -3.6842108672599388e+34
#ERR  p: [629, 9], r: -3.2495143242757665e+34, e: -3.2945925673416159e+34
#ERR  p: [630, 0], r: -2.9808278321811948e+34, e: -3.0366735403639087e+34
#ERR  p: [630, 9], r: -1.9972811869420862e+34, e: -1.9874550000278265e+34
#ERR  p: [631, 0], r: -3.2897722405395038e+34, e: -3.2278427515007713e+34
#ERR  p: [631, 9], r: -3.9519806915363495e+33, e: -5.8221371507153733e+33
#ERR  p: [632, 0], r: -2.0595851203958034e+34, e: -2.1754251633123572e+34
#ERR  p: [632, 9], r: -4.2428642097388958e+33, e: 1.3514468817631912e+32
#ERR  p: [633, 0], r: 1.8441838241618195e+34, e: 1.7423707176182913e+34
#ERR  p: [633, 9], r: -8.3616882693097628e+33, e: -1.1164156819244762e+34
#ERR  p: [634, 0], r: 1.6938437906332935e+33, e: 4.0148574379222480e+32
#ERR  p: [634, 9], r: 1.8534448986603914e+34, e: 1.8152186659886624e+34
#ERR  p: [635, 0], r: 4.2458942164458499e+34, e: 4.3831725907676841e+34
#ERR  p: [635, 9], r: 1.3097483398937425e+34, e: 1.3778817672309402e+34
#ERR  p: [636, 0], r: -2.7710281738656704e+33, e: -3.2340954848226070e+33
#ERR  p: [636, 9], r: -3.9377539422379473e+34, e: -3.8924269973037763e+34
#ERR  p: [637, 0], r: -1.8724134497864347e+34, e: -1.7250848502943406e+34
#ERR  p: [637, 9], r: 2.5808231150968349e+34, e: 2.8693447147412982e+34
#ERR  p: [638, 0], r: -5.8339533729426985e+33, e: 8.7311068726025241e+32
#ERR  p: [638, 9], r: -3.2412074728388576e+34, e: -3.0716791122328956e+34
#ERR  p: [639, 0], r: -1.5225514715302051e+32, e: -4.0639078960232010e+32
#ERR  p: [639, 9], r: -1.6894828912772182e+34, e: -1.7941894292506087e+34
#ERR  p: [640, 0], r: -2.5663657525795498e+34, e: -2.7945701002495246e+34
#ERR  p: [640, 9], r: -3.9961174754470993e+34, e: -3.6072223888623671e+34
#ERR  p: [641, 0], r: 2.3831081756948407e+34, e: 2.2824445473263243e+34
#ERR  p: [641, 9], r: -1.4773210089042504e+34, e: -1.3116396862220108e+34
#ERR  p: [642, 0], r: -5.8679670715418053e+33, e: 1.1334635466918405e+33
#ERR  p: [642, 9], r: 2.2701817931465117e+34, e: 2.5965053429745335e+34
#ERR  p: [643, 0], r: 8.2514895634798615e+33, e: 6.6797803385113602e+33
#ERR  p: [643, 9], r: 4.5822653031242358e+34, e: 4.3332556809163210e+34
#ERR  p: [644, 0], r: -2.1318494731793510e+34, e: -2.3139127550616340e+34
#ERR  p: [644, 9], r: 4.0487027891207378e+34, e: 3.3489510505606231e+34
#ERR  p: [645, 0], r: 2.5694628217970130e+34, e: 2.3673625960533475e+34
#ERR  p: [645, 9], r: -2.6660539680783322e+34, e: -2.8820635364842913e+34
#ERR  p: [646, 0], r: -4.5399930371026975e+34, e: -4.8521222920315392e+34
#ERR  p: [646, 9], r: -8.5447984086790445e+33, e: -6.2857575556440034e+33
#ERR  p: [647, 0], r: -3.1331944754313287e+34, e: -3.1901560577848474e+34
#ERR  p: [647, 9], r: 2.8290636081659906e+33, e: 2.8898344072480326e+33
#ERR  p: [648, 0], r: 3.7545984142644429e+34, e: 3.3490704755228284e+34
#ERR  p: [648, 9], r: 1.4134014415567922e+33, e: 4.8451760580724277e+33
#ERR  p: [649, 0], r: -1.1888205166482000e+34, e: -1.2135853370129254e+34
#ERR  p: [649, 9], r: 1.9445503204114243e+34, e: 1.9368831833982201e+34
#ERR  p: [650, 0], r: 2.3535653937434720e+34, e: 2.5251582378379454e+34
#ERR  p: [650, 9], r: 4.9952471068631548e+33, e: 4.5343351129478964e+33
#ERR  p: [651, 0], r: 3.5691333432628980e+33, e: 4.9683380669921592e+33
#ERR  p: [651, 9], r: -4.5088737045948353e+34, e: -4.7882480932277705e+34
#ERR  p: [652, 0], r: 1.7772024440137933e+34, e: 1.6899689731453096e+34
#ERR  p: [652, 9], r: -5.1534918566916908e+34, e: -5.0572791581826904e+34
#ERR  p: [653, 0], r: -2.0791951270653123e+34, e: -2.0773541704264561e+34
#ERR  p: [653, 9], r: 2.8324451461337598e+34, e: 2.9017700959066353e+34
#ERR  p: [654, 0], r: 8.4056943757650525e+34, e: 8.1968048991877069e+34
#ERR  p: [654, 9], r: -9.0512856423809751e+32, e: -5.9519246151320549e+33
#ERR  p: [655, 0], r: -3.7248030023385769e+34, e: -3.4010370119288729e+34
#ERR  p: [655, 9], r: -3.7478050393354816e+34, e: -3.8379527754696275e+34
#ERR  p: [656, 0], r: -6.7882926319258497e+34, e: -6.8458086874132415e+34
#ERR  p: [656, 9], r: 1.7057316476713344e+34, e: 1.0893231339790214e+34
#ERR  p: [657, 0], r: 4.9894212903578889e+34, e: 4.9062184488863219e+34
#ERR  p: [657, 9], r: 2.4426858935897250e+34, e: 2.1160165389364592e+34
#ERR  p: [658, 0], r: 1.2727070131330230e+33, e: -7.1443689374332556e+32
#ERR  p: [658, 9], r: 1.0828013191339068e+34, e: 8.7772867461985606e+33
#ERR  p: [659, 0], r: -1.2985078492595652e+34, e: -1.4675857417677449e+34
#ERR  p: [659, 9], r: 1.0820564502126415e+34, e: 9.7082544639869569e+33
#ERR  p: [660, 0], r: 5.7072498928854248e+34, e: 6.1421429319292974e+34
#ERR  p: [660, 9], r: -2.3885206904289084e+34, e: -1.9998226137009941e+34
#ERR  p: [661, 0], r: -3.2639606644742053e+34, e: -3.3123014099126634e+34
#ERR  p: [661, 9], r: 6.7341454767801185e+31, e: -1.1452531153733022e+33
#ERR  p: [662, 0], r: 4.1872324658782955e+33, e: 5.0374927106936484e+33
#ERR  p: [662, 9], r: -3.2943533475644553e+34, e: -3.1195067699117726e+34
#ERR  p: [663, 0], r: -3.1806480909787683e+34, e: -3.2698885621010374e+34
#ERR  p: [663, 9], r: -3.1604485410303183e+34, e: -2.8278780411304412e+34
#ERR  p: [664, 0], r: -1.7078560716682606e+34, e: -1.7910684665137325e+34
#ERR  p: [664, 9], r: 8.3925353345103991e+32, e: -1.4644517772202625e+33
#ERR  p: [665, 0], r: -2.0874132006421807e+34, e: -2.3111085221343248e+34
#ERR  p: [665, 9], r: 5.9367646154937277e+33, e: 4.8334937899670730e+33
#ERR  p: [666, 0], r: -2.2028553595453551e+33, e: -1.1791195071601301e+33
#ERR  p: [666, 9], r: -4.5326942383460747e+34, e: -4.6110868820845185e+34
#ERR  p: [667, 0], r: 2.8331635421993782e+34, e: 2.5768533236205538e+34
#ERR  p: [667, 9], r: 2.6444794583837312e+34, e: 2.8092810455175514e+34
#ERR  p: [668, 0], r: 3.6205546411892755e+34, e: 3.1535842781579687e+34
#ERR  p: [668, 9], r: 2.3140173510859894e+34, e: 2.3477369041200702e+34
#ERR  p: [669, 0], r: 1.8549266241239179e+34, e: 1.6137297701079426e+34
#ERR  p: [669, 9], r: -1.0582165639683838e+33, e: 2.5269854256242026e+33
#ERR  p: [670, 0], r: -6.5550169425726876e+34, e: -5.9796937616976967e+34
#ERR  p: [670, 9], r: 2.3593457606264260e+34, e: 2.3305049551710426e+34
#ERR  p: [671, 0], r: -3.4738241050649869e+34, e: -3.5083294892994279e+34
#ERR  p: [671, 9], r: -3.3489478308117575e+33, e: -4.5698133043972809e+33
#ERR  p: [672, 0], r: 1.2097097188867876e+34, e: 1.4915458735862038e+34
#ERR  p: [672, 9], r: -3.6504558455623614e+33, e: -4.8338860565579853e+33
#ERR  p: [673, 0], r: -1.8084871824048645e+33, e: 2.4085722681760334e+33
#ERR  p: [673, 9], r: -1.8785812652566730e+34, e: -1.8081587425341834e+34
#ERR  p: [674, 0], r: 2.4135709974971071e+34, e: 2.1515375200185870e+34
#ERR  p: [674, 9], r: -1.6354752217713087e+33, e: -3.9711045202641723e+33
#ERR  p: [675, 0], r: -3.8395139954187949e+34, e: -3.2586702153991909e+34
#ERR  p: [675, 9], r: 1.7839449075171313e+34, e: 1.9018314719281068e+34
#ERR  p: [676, 0], r: -1.7814726266124485e+34, e: -1.9193863486244330e+34
#ERR  p: [676, 9], r: 7.9053514343834902e+33, e: 9.1528729798766381e+33
#ERR  p: [677, 0], r: -4.5750837257804704e+33, e: -7.3259623925481575e+33
#ERR  p: [677, 9], r: 5.1787191043576455e+33, e: 6.7412320591849307e+33
#ERR  p: [678, 0], r: -3.5477252073509558e+34, e: -3.9599131423483711e+34
#ERR  p: [678, 9], r: -5.9720922344460575e+34, e: -5.9729132433495680e+34
#ERR  p: [679, 0], r: 1.8076273805538799e+34, e: 1.8670842652665969e+34
#ERR  p: [679, 9], r: 3.4253329003037009e+33, e: 5.3906116562886510e+33
#ERR  p: [680, 0], r: -7.0134034459385519e+34, e: -7.0230118404218412e+34
#ERR  p: [680, 9], r: 1.6698314748455085e+34, e: 1.7055184032948040e+34
#ERR  p: [681, 0], r: 5.4120434604733100e+33, e: 6.4343305602543554e+33
#ERR  p: [681, 9], r: -2.0416261096440046e+33, e: -2.2148888322747338e+33
#ERR  p: [682, 0], r: -2.1667213843539880e+34, e: -2.0356791382472171e+34
#ERR  p: [682, 9], r: 4.4699045066115022e+33, e: 2.5878311035192806e+33
#ERR  p: [683, 0], r: 1.3456373365709837e+34, e: 1.5073036299677929e+34
#ERR  p: [683, 9], r: 1.6635207248000261e+34, e: 1.6849411662071895e+34
#ERR  p: [684, 0], r: -7.0440828962537649e+34, e: -6.7327954739823782e+34
#ERR  p: [684, 9], r: 4.6936060383655599e+33, e: 6.1079935760128470e+33
#ERR  p: [685, 0], r: -4.8118412322126678e+34, e: -4.3934875147953553e+34
#ERR  p: [685, 9], r: -2.2243775402012613e+34, e: -2.0638795453642698e+34
#ERR  p: [686, 0], r: 2.4787006025128170e+34, e: 2.9429913533400302e+34
#ERR  p: [686, 9], r: 4.3817916031416707e+33, e: 5.1191543969503766e+33
#ERR  p: [687, 0], r: 3.6518095372172182e+34, e: 3.5416277803973579e+34
#ERR  p: [687, 9], r: 4.1925718960154638e+33, e: 3.4591841496466694e+33
#ERR  p: [688, 0], r: 1.6139942950368500e+34, e: 1.5079596183209213e+34
#ERR  p: [688, 9], r: -9.9546022674170740e+33, e: -8.8971260542690841e+33
#ERR  p: [689, 0], r: 7.7712899990078688e+33, e: 4.5062431221620228e+33
#ERR  p: [689, 9], r: -7.6399680907841159e+33, e: -1.1265092874585292e+34
#ERR  p: [690, 0], r: 2.8429084772747359e+34, e: 2.8812450842398642e+34
#ERR  p: [690, 9], r: -3.5855313223389656e+33, e: -2.4864896922396797e+33
#ERR  p: [691, 0], r: -4.0022332958422029e+34, e: -3.8544504045721587e+34
#ERR  p: [691, 9], r: 3.2018624379732225e+34, e: 3.4258933307870519e+34
#ERR  p: [692, 0], r: -3.7703384490530867e+34, e: -3.8828538827876460e+34
#ERR  p: [692, 9], r: 2.7630808467484725e+34, e: 2.6013842469509888e+34
#ERR  p: [693, 0], r: -1.1896815538650379e+34, e: -1.5019307270609752e+34
#ERR  p: [693, 9], r: -2.9103260293498774e+34, e: -2.8208828191437315e+34
#ERR  p: [694, 0], r: -2.3857339363381727e+34, e: -2.6660074775954623e+34
#ERR  p: [694, 9], r: 1.1798597276584308e+34, e: 1.5622358101616502e+34
#ERR  p: [695, 0], r: -1.8614761662881896e+34, e: -2.4050244064386605e+34
#ERR  p: [695, 9], r: -5.0102542358128520e+33, e: -2.8858578732192833e+33
#ERR  p: [696, 0], r: 2.4471677890308586e+34, e: 2.5794460412199986e+34
#ERR  p: [696, 9], r: -2.5516873912818402e+34, e: -2.9336410981780903e+34
#ERR  p: [697, 0], r: 3.2298763217278269e+34, e: 2.7213751475998831e+34
#ERR  p: [697, 9], r: 2.3146384355766240e+34, e: 2.1067996833170294e+34
#ERR  p: [698, 0], r: 2.2451682465209049e+33, e: 1.8749596238251997e+33
#ERR  p: [698, 9], r: -1.3798789580951975e+34, e: -1.4557955991160252e+34
#ERR  p: [699, 0], r: -9.4605181872251522e+33, e: -1.1426522973321075e+34
#ERR  p: [699, 9], r: 1.0491468225184655e+34, e: 5.8124801083707005e+33
#ERR  p: [700, 0], r: -2.0169221684129711e+34, e: -2.3912588270555593e+34
#ERR  p: [700, 9], r: 3.2598343756314669e+33, e: 2.9987238404119396e+32
#ERR  p: [701, 0], r: 1.2919797184136573e+34, e: 1.1071149970778709e+34
#ERR  p: [701, 9], r: 2.3117884129986649e+34, e: 2.1823010669548430e+34
#ERR  p: [702, 0], r: 4.0168789138670675e+34, e: 3.9237618927316853e+34
#ERR  p: [702, 9], r: 1.0501579040297442e+34, e: 8.8788505585478111e+33
#ERR  p: [703, 0], r: -3.2967385789490007e+31, e: -2.3044076565558867e+33
#ERR  p: [703, 9], r: -3.0777007975245950e+34, e: -3.2209754454319491e+34
#ERR  p: [704, 0], r: -1.8946105837310485e+34, e: -1.9048286273440026e+34
#ERR  p: [704, 9], r: 1.1540804553807390e+34, e: 1.0588306653986868e+34
#ERR  p: [705, 0], r: 2.3072437130921962e+34, e: 2.4898205132423818e+34
#ERR  p: [705, 9], r: 2.0190437250498137e+34, e: 2.2685375420601232e+34
#ERR  p: [706, 0], r: -2.2318185042158398e+34, e: -2.4280295811218970e+34
#ERR  p: [706, 9], r: 4.3823764319516469e+34, e: 4.8798768924710650e+34
#ERR  p: [707, 0], r: -9.5324017698339410e+33, e: -9.8304946024976212e+33
#ERR  p: [707, 9], r: -5.1038564908473950e+33, e: 2.2112366911809522e+32
#ERR  p: [708, 0], r: 4.3128012825804696e+33, e: 5.2984644509622540e+33
#ERR  p: [708, 9], r: 5.3337159317033330e+34, e: 5.6184162332123884e+34
#ERR  p: [709, 0], r: -7.6659664607598220e+33, e: -4.4119848681676951e+33
#ERR  p: [709, 9], r: -1.3833592058389028e+34, e: -9.3046051469216370e+33
#ERR  p: [710, 0], r: -7.6084111613633667e+34, e: -7.4030389338129086e+34
#ERR  p: [710, 9], r: 1.6959576235975255e+34, e: 1.6473062955436841e+34
#ERR  p: [711, 0], r: 1.2372995219177755e+34, e: 1.2086378892316429e+34
#ERR  p: [711, 9], r: -2.4346872758158610e+34, e: -2.3122004467035309e+34
#ERR  p: [712, 0], r: 3.6066074776696962e+34, e: 3.1775558163429381e+34
#ERR  p: [712, 9], r: 3.1288429776501341e+34, e: 3.2279888001108230e+34
#ERR  p: [713, 0], r: 5.2377157586147453e+33, e: 2.5118002466697470e+33
#ERR  p: [713, 9], r: 2.4736447718357670e+34, e: 2.4485073472846126e+34
#ERR  p: [714, 0], r: -3.2958373415922195e+34, e: -3.3083826364121143e+34
#ERR  p: [714, 9], r: -3.1579574127596183e+34, e: -3.1916681053372175e+34
#ERR  p: [715, 0], r: -1.3458802885751537e+34, e: -1.1875066082560989e+34
#ERR  p: [715, 9], r: -3.4977909770175585e+34, e: -3.2495213726513471e+34
#ERR  p: [716, 0], r: 2.8492963894609976e+34, e: 2.5943606977160380e+34
#ERR  p: [716, 9], r: 3.5106256820082811e+34, e: 3.2202924938299402e+34
#ERR  p: [717, 0], r: 6.2151461022246714e+33, e: 7.3982282965154594e+33
#ERR  p: [717, 9], r: -2.2399458985771123e+34, e: -1.8654347839110888e+34
#ERR  p: [718, 0], r: 5.8009832670344465e+34, e: 5.6968389506934574e+34
#ERR  p: [718, 9], r: -1.5120309742397376e+34, e: -1.1219161493432995e+34
#ERR  p: [719, 0], r: 2.6549954002198411e+34, e: 2.0367542012741232e+34
#ERR  p: [719, 9], r: -2.0928088301164910e+34, e: -2.1714057530430389e+34
#ERR  p: [720, 0], r: 4.1499380228131638e+34, e: 3.9604676814792679e+34
#ERR  p: [720, 9], r: 1.0432636848328564e+34, e: 7.9247981393175145e+33
#ERR  p: [721, 0], r: 6.6806892893383398e+33, e: 6.5905589780758742e+33
#ERR  p: [721, 9], r: -3.0457140638945841e+33, e: -5.0775515603296402e+33
#ERR  p: [722, 0], r: -1.2593074820901725e+34, e: -1.3732537713420956e+34
#ERR  p: [722, 9], r: 1.3659755241574694e+34, e: 1.5385230161283956e+34
#ERR  p: [723, 0], r: -2.9689623255396901e+34, e: -2.8248770133876813e+34
#ERR  p: [723, 9], r: -2.7908694506729408e+33, e: -1.1832025705247456e+32
#ERR  p: [724, 0], r: -5.0340515971088201e+34, e: -4.6774583594736197e+34
#ERR  p: [724, 9], r: 4.9196219498150901e+34, e: 5.1817987729922420e+34
#ERR  p: [725, 0], r: -2.3558780541857292e+34, e: -2.4380451905546780e+34
#ERR  p: [725, 9], r: 1.2816698061725084e+34, e: 1.1920225313821192e+34
#ERR  p: [726, 0], r: 1.3188426252414329e+33, e: -1.0273269528323526e+33
#ERR  p: [726, 9], r: -2.5228472551707884e+34, e: -2.6765213107541285e+34
#ERR  p: [727, 0], r: -6.3301589211792801e+33, e: -7.7802196653590084e+33
#ERR  p: [727, 9], r: 1.4999463665155786e+34, e: 1.4054864245860514e+34
#ERR  p: [728, 0], r: -1.9753807263009872e+34, e: -1.9732573798463427e+34
#ERR  p: [728, 9], r: -1.4904467033465528e+34, e: -1.4116356308221963e+34
#ERR  p: [729, 0], r: -4.2656863367632004e+34, e: -3.8894743980341158e+34
#ERR  p: [729, 9], r: 1.6684703629235551e+34, e: 1.5942469488833975e+34
#ERR  p: [730, 0], r: -9.4946129656784063e+33, e: -7.0377817164518540e+33
#ERR  p: [730, 9], r: -1.9023464344006086e+34, e: -1.9003615888438955e+34
#ERR  p: [731, 0], r: 2.8403760376331642e+34, e: 2.7919639098268073e+34
#ERR  p: [731, 9], r: -8.9163146709714392e+33, e: -5.0436149502927198e+33
#ERR  p: [732, 0], r: -1.1853326942719436e+34, e: -9.5782007075095802e+33
#ERR  p: [732, 9], r: 1.5111875601458025e+34, e: 1.6343611661048899e+34
#ERR  p: [733, 0], r: 5.8675731728341665e+33, e: 2.8955472236087351e+33
#ERR  p: [733, 9], r: -2.1452731711698520e+34, e: -2.2703920629831256e+34
#ERR  p: [734, 0], r: -1.0133221521829586e+34, e: -6.8951952455722203e+33
#ERR  p: [734, 9], r: -5.2808616297971104e+33, e: -3.5579480607826248e+33
#ERR  p: [735, 0], r: -4.0580166106717866e+34, e: -4.2460865792327108e+34
#ERR  p: [735, 9], r: -1.6198946121825713e+34, e: -1.7274882664870448e+34
#ERR  p: [736, 0], r: 5.9738053963331324e+34, e: 5.8102629257631386e+34
#ERR  p: [736, 9], r: 5.7150632102068243e+33, e: 8.4758440726131589e+33
#ERR  p: [737, 0], r: 7.5601462422656438e+33, e: 1.1083547790129624e+34
#ERR  p: [737, 9], r: -1.5971484927610165e+34, e: -1.2626291557092015e+34
#ERR  p: [738, 0], r: -2.1890414902022334e+34, e: -2.2726173824719313e+34
#ERR  p: [738, 9], r: 2.5905980792431770e+34, e: 2.5197403428872991e+34
#ERR  p: [739, 0], r: -1.4194855410980195e+34, e: -2.0486679962716558e+34
#ERR  p: [739, 9], r: -1.7595142592207070e+34, e: -1.6998268693104472e+34
#ERR  p: [740, 0], r: 2.3534433270727619e+34, e: 2.2045077213976258e+34
#ERR  p: [740, 9], r: -3.4698281878528528e+34, e: -3.4656595633194719e+34
#ERR  p: [741, 0], r: 5.5548387770226249e+33, e: 6.6459930394626249e+33
#ERR  p: [741, 9], r: -9.7110457648111009e+33, e: -8.8774832436571618e+33
#ERR  p: [742, 0], r: 1.8727342933143035e+33, e: -4.2418827583065640e+33
#ERR  p: [742, 9], r: -1.1512909105421693e+34, e: -1.5365632606633544e+34
#ERR  p: [743, 0], r: -6.6357462945768172e+33, e: -3.9854194918491905e+33
#ERR  p: [743, 9], r: -1.2507178736600275e+34, e: -1.0829909395488082e+34
#ERR  p: [744, 0], r: -3.9409561205654252e+34, e: -4.1449279981315165e+34
#ERR  p: [744, 9], r: 3.8508761712662076e+33, e: 4.7126317601260454e+33
#ERR  p: [745, 0], r: -3.5913251012130741e+34, e: -3.1981899484975488e+34
#ERR  p: [745, 9], r: 1.1195276776628237e+34, e: 1.6963579619982159e+34
#ERR  p: [746, 0], r: -6.0553834654995503e+33, e: -7.4338616157904655e+33
#ERR  p: [746, 9], r: -4.2006294933208931e+34, e: -4.1879395880944876e+34
#ERR  p: [747, 0], r: 2.0072143191268785e+34, e: 1.6890285661984699e+34
#ERR  p: [747, 9], r: -3.0973262589120402e+34, e: -2.7971945789381218e+34
#ERR  p: [748, 0], r: 3.2092310930618797e+34, e: 3.4203199243539604e+34
#ERR  p: [748, 9], r: 2.0843662773124581e+34, e: 2.5422609757928787e+34
#ERR  p: [749, 0], r: -5.0211586761808083e+33, e: -6.9498587706557131e+33
#ERR  p: [749, 9], r: -4.8917804141556764e+31, e: 4.3610596844946501e+33
#ERR  p: [750, 0], r: -9.8907574543611788e+32, e: -3.8522658212513740e+33
#ERR  p: [750, 9], r: -4.0570628171742941e+34, e: -3.7761014857298123e+34
#ERR  p: [751, 0], r: -1.2567286195024999e+34, e: -1.0814656713505847e+34
#ERR  p: [751, 9], r: 3.0831947381705054e+34, e: 3.1515857828098855e+34
#ERR  p: [752, 0], r: 1.5067232997760033e+34, e: 1.2965660427085551e+34
#ERR  p: [752, 9], r: 2.6783482113675618e+34, e: 2.4078170545426879e+34
#ERR  p: [753, 0], r: 1.8301603481028684e+34, e: 2.0532059976405476e+34
#ERR  p: [753, 9], r: -3.0858031034302677e+34, e: -3.1302585810168369e+34
#ERR  p: [754, 0], r: 2.3051899983489260e+34, e: 1.7956491725239869e+34
#ERR  p: [754, 9], r: 3.1674723365266482e+33, e: 1.2873209585224249e+33
#ERR  p: [755, 0], r: -3.1901106957281765e+34, e: -3.1398977062691198e+34
#ERR  p: [755, 9], r: 2.5476001593273642e+34, e: 2.8461515543966161e+34
#ERR  p: [756, 0], r: 2.6771276004331226e+34, e: 2.7973176415736039e+34
#ERR  p: [756, 9], r: -4.3418541821615880e+33, e: -7.0803969839975112e+33
#ERR  p: [757, 0], r: -7.1795487326308375e+34, e: -6.5246693406812453e+34
#ERR  p: [757, 9], r: 1.8063501714401555e+34, e: 1.9834093203899927e+34
#ERR  p: [758, 0], r: -3.5669116598171854e+34, e: -3.5537171830922670e+34
#ERR  p: [758, 9], r: 1.7035365652670948e+34, e: 9.3017731548689442e+33
#ERR  p: [759, 0], r: 2.0808636464359103e+34, e: 2.0736070366267490e+34
#ERR  p: [759, 9], r: 2.9190780841101231e+34, e: 2.9872890998364726e+34
#ERR  p: [760, 0], r: 1.5412535736469186e+34, e: 1.0749068469919690e+34
#ERR  p: [760, 9], r: 1.4835463101804814e+34, e: 1.2091372185456413e+34
#ERR  p: [761, 0], r: -3.9232043656821391e+32, e: -3.5799894668959541e+33
#ERR  p: [761, 9], r: -7.3051453894925784e+33, e: -6.1342588818842383e+33
#ERR  p: [762, 0], r: 1.3593914317956416e+34, e: 1.2610654331045023e+34
#ERR  p: [762, 9], r: 2.8308539754077795e+33, e: 9.1549421574993314e+32
#ERR  p: [763, 0], r: -5.6885606085354398e+34, e: -5.6728041487690208e+34
#ERR  p: [763, 9], r: -1.8734635165082259e+34, e: -1.9063549609960037e+34
#ERR  p: [764, 0], r: 4.5863270707308189e+32, e: -2.2480541341778382e+33
#ERR  p: [764, 9], r: 4.0956528292273181e+34, e: 3.7634933315980761e+34
#ERR  p: [765, 0], r: -2.5905770370422343e+34, e: -1.8866056034777678e+34
#ERR  p: [765, 9], r: 5.1974686015422398e+34, e: 5.0006224275393682e+34
#ERR  p: [766, 0], r: -6.4557184710285823e+34, e: -6.2385453388267410e+34
#ERR  p: [766, 9], r: 8.5028729560306258e+33, e: 6.1801326124805353e+33
#ERR  p: [767, 0], r: 3.1548674817479455e+34, e: 3.2553008352620751e+34
#ERR  p: [767, 9], r: -4.4257084945029532e+34, e: -4.4652632987909997e+34
#ERR  p: [768, 0], r: 1.7563461119897963e+34, e: 2.1488169901202820e+34
#ERR  p: [768, 9], r: 4.9379364230260980e+33, e: 9.5293259308321488e+33
#ERR  p: [769, 0], r: -1.2803423500180872e+33, e: -7.0680418501050218e+33
#ERR  p: [769, 9], r: 2.4671518803113592e+33, e: 3.9868788230772449e+32
#ERR  p: [770, 0], r: 3.1490172490655190e+33, e: 3.0561643593402026e+33
#ERR  p: [770, 9], r: -1.5919941051328198e+34, e: -1.9285661909522102e+34
#ERR  p: [771, 0], r: -5.7817048809593721e+34, e: -5.8404508302627863e+34
#ERR  p: [771, 9], r: 1.4434501047060772e+34, e: 9.1196871744346683e+33
#ERR  p: [772, 0], r: -3.1211215669775108e+34, e: -3.0033835589370014e+34
#ERR  p: [772, 9], r: -3.1105206976934846e+34, e: -2.6988662134346310e+34
#ERR  p: [773, 0], r: -2.6997115363151745e+34, e: -2.9008477878724223e+34
#ERR  p: [773, 9], r: -1.6948941605903044e+34, e: -1.5433265518514398e+34
#ERR  p: [774, 0], r: -2.0313823249086388e+34, e: -1.8555828347524638e+34
#ERR  p: [774, 9], r: -3.0499810869326599e+34, e: -3.2071151950577068e+34
#ERR  p: [775, 0], r: 5.6847876487680719e+33, e: 6.5144608125606592e+33
#ERR  p: [775, 9], r: -1.0934121979335707e+34, e: -1.0405806444692455e+34
#ERR  p: [776, 0], r: -4.6947891536996838e+34, e: -4.6394058027790595e+34
#ERR  p: [776, 9], r: 1.6589759306640774e+34, e: 1.7549279294547290e+34
#ERR  p: [777, 0], r: 3.4993791306362887e+34, e: 3.7635903098259309e+34
#ERR  p: [777, 9], r: 3.8036982620474829e+34, e: 3.4212041959269638e+34
#ERR  p: [778, 0], r: -6.0641365982472693e+34, e: -5.9175738802684631e+34
#ERR  p: [778, 9], r: 2.8774147331987981e+34, e: 2.8160911154097386e+34
#ERR  p: [779, 0], r: 1.1908655718624198e+32, e: 1.2751329037741316e+33
#ERR  p: [779, 9], r: 3.1783974405985390e+34, e: 3.7150632822610425e+34
#ERR  p: [780, 0], r: 2.0393242712684607e+34, e: 1.9308749007452656e+34
#ERR  p: [780, 9], r: -3.0663871855651857e+34, e: -3.2498015921515567e+34
#ERR  p: [781, 0], r: -1.0312879017330429e+34, e: -1.1890722774297840e+34
#ERR  p: [781, 9], r: -1.5275657444020782e+34, e: -1.7062697283860067e+34
#ERR  p: [782, 0], r: 2.7549148815960402e+34, e: 2.7903451769515852e+34
#ERR  p: [782, 9], r: 1.9177543213677945e+34, e: 2.2592004895342911e+34
#ERR  p: [783, 0], r: -1.6991900489175034e+34, e: -1.3514051127042977e+34
#ERR  p: [783, 9], r: 3.5692532451142705e+33, e: 3.6110763719724407e+33
#ERR  p: [784, 0], r: -1.7293792467650611e+34, e: -1.4665548237623238e+34
#ERR  p: [784, 9], r: 6.1583214652677274e+34, e: 6.2745177114565980e+34
#ERR  p: [785, 0], r: -4.5316470482328338e+33, e: -3.7313747186118743e+33
#ERR  p: [785, 9], r: 2.1376610502237747e+34, e: 2.2879588449740510e+34
#ERR  p: [786, 0], r: -4.1157016540678643e+34, e: -4.1969065465368928e+34
#ERR  p: [786, 9], r: -3.5644915757652804e+34, e: -3.1211875207919244e+34
#ERR  p: [787, 0], r: 3.7580334211016683e+33, e: 1.4260631358726617e+33
#ERR  p: [787, 9], r: -2.0719156537757884e+34, e: -2.5577354552231842e+34
#ERR  p: [788, 0], r: 2.5020537794952352e+33, e: 2.5247785570317231e+33
#ERR  p: [788, 9], r: 3.8990605211807230e+34, e: 3.7587411579177181e+34
#ERR  p: [789, 0], r: -2.5093471340849826e+32, e: -1.3868731339513339e+33
#ERR  p: [789, 9], r: -1.5298708997250497e+33, e: -3.1320484625895161e+33
#ERR  p: [790, 0], r: -6.6324758662207454e+33, e: -4.7092292705590737e+33
#ERR  p: [790, 9], r: 7.4426416203760792e+33, e: 3.9415175796354175e+33
#ERR  p: [791, 0], r: -1.5319734307633492e+34, e: -1.2442417767036535e+34
#ERR  p: [791, 9], r: -6.8066347847118901e+33, e: -7.3873341248821226e+33
#ERR  p: [792, 0], r: 4.3588676120513693e+33, e: 5.4259727900746920e+33
#ERR  p: [792, 9], r: 2.0141211693234465e+34, e: 1.8560534955010617e+34
#ERR  p: [793, 0], r: 2.2368865842204120e+34, e: 1.9955496147429520e+34
#ERR  p: [793, 9], r: -1.6800583193434799e+34, e: -1.9280520099679098e+34
#ERR  p: [794, 0], r: 3.5579363674922758e+34, e: 3.5639116492730431e+34
#ERR  p: [794, 9], r: 2.7590334205960123e+34, e: 2.6077493490555137e+34
#ERR  p: [795, 0], r: 5.8352661643861282e+32, e: 5.9373348910870588e+33
#ERR  p: [795, 9], r: 1.4745722641951967e+34, e: 1.6723237799595331e+34
#ERR  p: [796, 0], r: 1.2320686949874029e+34, e: 1.5460049025941435e+34
#ERR  p: [796, 9], r: 1.0779084057422581e+33, e: -2.2222917680164815e+32
#ERR  p: [797, 0], r: 9.3148743969067373e+33, e: 6.6538670472445272e+33
#ERR  p: [797, 9], r: -1.8428507172070100e+34, e: -2.3094655178722223e+34
#ERR  p: [798, 0], r: -1.8389989981858294e+34, e: -2.1490565144907495e+34
#ERR  p: [798, 9], r: 4.7216438728849161e+34, e: 4.8355038409261234e+34
#ERR  p: [799, 0], r: 1.6073100109571768e+34, e: 1.4660370629446281e+34
#ERR  p: [799, 9], r: -2.6511893304550868e+34, e: -2.3724579014532653e+34
#ERR  p: [800, 0], r: -5.5838853741802019e+33, e: -9.5878610061596194e+33
#ERR  p: [800, 9], r: -1.1061082591803153e+34, e: -1.2857987524627762e+34
#ERR  p: [801, 0], r: -3.7049856825179493e+33, e: -4.4875590562249516e+33
#ERR  p: [801, 9], r: 3.0721390434466187e+34, e: 2.9677612246451571e+34
#ERR  p: [802, 0], r: -1.1585573661894331e+33, e: 2.8113654975069933e+33
#ERR  p: [802, 9], r: 2.5413085456351243e+34, e: 2.5444135247740109e+34
#ERR  p: [803, 0], r: 3.2305010307109133e+34, e: 3.1884718668158140e+34
#ERR  p: [803, 9], r: -2.0177464263173791e+34, e: -1.8030373882253748e+34
#ERR  p: [804, 0], r: 9.8542796509500822e+33, e: 1.3049562620274865e+34
#ERR  p: [804, 9], r: 6.1551471246558663e+33, e: 6.1787198796554388e+33
#ERR  p: [805, 0], r: 7.0570607466259943e+34, e: 7.1231635725748643e+34
#ERR  p: [805, 9], r: -1.8307096296903405e+34, e: -1.6467781329536471e+34
#ERR  p: [806, 0], r: -6.3028968261786967e+33, e: -7.3935777206644897e+33
#ERR  p: [806, 9], r: -2.3560489169795611e+34, e: -2.3979868770194382e+34
#ERR  p: [807, 0], r: -3.3202792625081480e+33, e: -7.0319782019906463e+33
#ERR  p: [807, 9], r: 2.7361687295952645e+34, e: 2.8043439535649335e+34
#ERR  p: [808, 0], r: 7.9738286231193439e+33, e: 7.5755513202778453e+33
#ERR  p: [808, 9], r: 5.9284110720020400e+33, e: 9.4802764053278652e+33
#ERR  p: [809, 0], r: -2.8686146454573376e+34, e: -2.4712520387827693e+34
#ERR  p: [809, 9], r: 2.7405026326607749e+34, e: 2.6841889824112447e+34
#ERR  p: [810, 0], r: -4.3221121603166950e+33, e: -7.0336727873351495e+33
#ERR  p: [810, 9], r: -1.6727010066074310e+34, e: -1.5974261681970826e+34
#ERR  p: [811, 0], r: -5.0380429756301814e+34, e: -4.9347057452685794e+34
#ERR  p: [811, 9], r: 2.1317686296830102e+34, e: 1.7605810477406730e+34
#ERR  p: [812, 0], r: 1.8651666982680637e+33, e: 5.0127066100250869e+33
#ERR  p: [812, 9], r: 1.0240503675562126e+34, e: 9.9508920871938359e+33
#ERR  p: [813, 0], r: -6.2512588104065015e+34, e: -6.6684953651367901e+34
#ERR  p: [813, 9], r: -9.6780142110211768e+33, e: -1.0619900724007887e+34
#ERR  p: [814, 0], r: -1.8862098774871678e+34, e: -1.4251934981782625e+34
#ERR  p: [814, 9], r: -2.9277447458910177e+32, e: 4.8285580856636129e+32
#ERR  p: [815, 0], r: -1.0278808410816092e+34, e: -7.9129617887831505e+33
#ERR  p: [815, 9], r: 2.7225649251601644e+33, e: 2.7799820750761385e+33
#ERR  p: [816, 0], r: 5.5852617421330352e+33, e: 6.5496124028402799e+33
#ERR  p: [816, 9], r: 3.6563527703564948e+33, e: 1.3040688465972663e+33
#ERR  p: [817, 0], r: 5.0604269818040535e+34, e: 5.6784821499539873e+34
#ERR  p: [817, 9], r: -2.8067103792560108e+34, e: -2.5852311046146372e+34
#ERR  p: [818, 0], r: 1.3172434959392126e+34, e: 1.4498736234157714e+34
#ERR  p: [818, 9], r: -2.8802006757057924e+34, e: -2.9449114960769922e+34
#ERR  p: [819, 0], r: 3.3345439663941382e+34, e: 3.6505024106753721e+34
#ERR  p: [819, 9], r: -3.0689622480659338e+34, e: -3.2531110467053558e+34
#ERR  p: [820, 0], r: 1.3737230370833745e+34, e: 1.4451227045091358e+34
#ERR  p: [820, 9], r: -4.9749135793561682e+32, e: -1.7162910336271991e+33
#ERR  p: [821, 0], r: 1.2752090534419741e+34, e: 9.0465804355535778e+33
#ERR  p: [821, 9], r: -1.0036316373108696e+34, e: -1.3191694993847678e+34
#ERR  p: [822, 0], r: 1.4510962888891038e+34, e: 1.6824475461253865e+34
#ERR  p: [822, 9], r: -2.3673686658559138e+34, e: -2.7172374009674726e+34
#ERR  p: [823, 0], r: -8.7310099012638470e+33, e: -9.1480723683384097e+33
#ERR  p: [823, 9], r: 6.3791759093255606e+34, e: 6.5997006057532396e+34
#ERR  p: [824, 0], r: 1.7200099797243992e+34, e: 1.8386223999336474e+34
#ERR  p: [824, 9], r: 1.2821150605989629e+34, e: 1.1268364798778153e+34
#ERR  p: [825, 0], r: 9.5803138747539895e+33, e: 9.3513734176270106e+33
#ERR  p: [825, 9], r: -3.9231550631229224e+33, e: -7.1461820401256095e+33
#ERR  p: [826, 0], r: 1.5967911243052952e+34, e: 1.2582194758740982e+34
#ERR  p: [826, 9], r: -5.0620592623040970e+32, e: -5.8167075830371367e+33
#ERR  p: [827, 0], r: 4.3090935474842899e+33, e: 2.4552940509255660e+33
#ERR  p: [827, 9], r: 1.3916745543190741e+34, e: 1.2974955812504205e+34
#ERR  p: [828, 0], r: -1.5121175272790910e+34, e: -1.4796726045478000e+34
#ERR  p: [828, 9], r: 2.3947254721043587e+34, e: 2.4553057947686100e+34
#ERR  p: [829, 0], r: 3.8039654020669759e+33, e: 3.8772585435848612e+33
#ERR  p: [829, 9], r: 2.4091454854385680e+32, e: 2.7578469110600694e+33
#ERR  p: [830, 0], r: 6.1483512906228071e+33, e: 4.2999399360227895e+33
#ERR  p: [830, 9], r: -1.2566702541156904e+34, e: -1.0770916851210995e+34
#ERR  p: [831, 0], r: -1.1316529596780209e+34, e: -7.8044089929278348e+33
#ERR  p: [831, 9], r: -1.0905440770505796e+34, e: -9.5076432207922145e+33
#ERR  p: [832, 0], r: 2.0032895193283085e+34, e: 2.0797617628690048e+34
#ERR  p: [832, 9], r: -3.7952237610110539e+34, e: -3.9145097007729087e+34
#ERR  p: [833, 0], r: -1.7771989560489056e+34, e: -1.5250980543196722e+34
#ERR  p: [833, 9], r: -2.8410819667204108e+34, e: -3.0129648867567175e+34
#ERR  p: [834, 0], r: -1.6494909579817583e+34, e: -1.5832001210170888e+34
#ERR  p: [834, 9], r: -2.3166461633072517e+34, e: -2.0809402582623075e+34
#ERR  p: [835, 0], r: -4.1686549335993569e+34, e: -3.7763916752665135e+34
#ERR  p: [835, 9], r: 2.2464392141422332e+34, e: 2.4943705634799780e+34
#ERR  p: [836, 0], r: 3.9244029538981951e+34, e: 3.5070635360191011e+34
#ERR  p: [836, 9], r: -2.3877149904149904e+34, e: -2.4197025854161724e+34
#ERR  p: [837, 0], r: 1.4373813170907741e+34, e: 1.1425030974236548e+34
#ERR  p: [837, 9], r: 3.7434497476301240e+33, e: 2.4266362767631115e+33
#ERR  p: [838, 0], r: 1.4763755324857384e+34, e: 1.4282840119050151e+34
#ERR  p: [838, 9], r: -5.6690217239025157e+34, e: -5.8632608553379598e+34
#ERR  p: [839, 0], r: 7.2733933629508390e+33, e: 9.8747414798424680e+33
#ERR  p: [839, 9], r: 1.1889900503177447e+34, e: 1.4032996393603040e+34
#ERR  p: [840, 0], r: -2.6014817265540071e+34, e: -2.5295274866016822e+34
#ERR  p: [840, 9], r: -1.1575870774974140e+34, e: -1.3277389790018315e+34
#ERR  p: [841, 0], r: -9.0399118840786241e+33, e: -9.3068370569210274e+33
#ERR  p: [841, 9], r: 2.2242173508786603e+34, e: 2.0374720906713804e+34
#SDC Ite:0 KerTime:42.782703 AccTime:42.782703 KerErr:23296 AccErr:23296
#ABORT too many errors per iteration
#END