2016-10-25 17:17:05:Starting GDB script
2016-10-25 17:17:08:sending signal using command: 'ssh -T mic0 killall -2 needle_check' after 2.35664778276s
2016-10-25 17:17:08:shell stdout: 
2016-10-25 17:17:09:sending signal using command: 'ssh -T mic0 killall -2 needle_check' after 3.02476271411s
2016-10-25 17:17:09:shell stdout: 
2016-10-25 17:17:10:sending signal using command: 'ssh -T mic0 killall -2 needle_check' after 4.35443424596s
2016-10-25 17:17:10:shell stdout: 
2016-10-25 17:17:12:sending signal using command: 'ssh -T mic0 killall -2 needle_check' after 6.24309547726s
2016-10-25 17:17:12:shell stdout: 
2016-10-25 17:17:13:sending signal using command: 'ssh -T mic0 killall -2 needle_check' after 7.52654674155s
2016-10-25 17:17:13:shell stdout: 
2016-10-25 17:17:17:sending signal using command: 'ssh -T mic0 killall -2 needle_check' after 10.9777691074s
2016-10-25 17:17:17:shell stdout: 
2016-10-25 17:17:17:sending signal using command: 'ssh -T mic0 killall -2 needle_check' after 11.1006590674s
2016-10-25 17:17:17:shell stdout: 
2016-10-25 17:17:17:sending signal using command: 'ssh -T mic0 killall -2 needle_check' after 11.2026609311s
2016-10-25 17:17:17:shell stdout: 
2016-10-25 17:17:17:sending signal using command: 'ssh -T mic0 killall -2 needle_check' after 11.3617689847s
2016-10-25 17:17:17:shell stdout: 
2016-10-25 17:17:21:sending signal using command: 'ssh -T mic0 killall -2 needle_check' after 15.213019584s
2016-10-25 17:17:21:shell stdout: 
2016-10-25 17:18:31:finished due now-timestampStart > maxWaitTime*5
2016-10-25 17:18:31:now: 1477430311
2016-10-25 17:18:31:timestampStart: 1477430225
2016-10-25 17:18:31:kill cmd: killall -9 gdb-mic
2016-10-25 17:18:31:shell stdout: 
2016-10-25 17:18:31:kill cmd: ssh -T mic0 killall -9 needle_check
2016-10-25 17:18:31:shell stdout: 
2016-10-25 17:18:32:kill cmd: ssh -T mic0 killall -9 gdbserver
2016-10-25 17:18:32:shell stdout: 
2016-10-25 17:18:32:kill cmd: ssh -T mic0 killall -9 sshd
2016-10-25 17:18:32:shell stdout: 
