2016-10-21 06:14:19:sending signal using command: 'ssh -T mic0 killall -2 hotspot_check' after 7.19937340564s
2016-10-21 06:14:19:shell stdout: 
2016-10-21 06:14:19:sending signal using command: 'ssh -T mic0 killall -2 hotspot_check' after 7.34865514925s
2016-10-21 06:14:19:shell stdout: 
2016-10-21 06:14:22:sending signal using command: 'ssh -T mic0 killall -2 hotspot_check' after 10.4520565562s
2016-10-21 06:14:22:shell stdout: 
2016-10-21 06:14:25:sending signal using command: 'ssh -T mic0 killall -2 hotspot_check' after 13.7166640383s
2016-10-21 06:14:25:shell stdout: 
2016-10-21 06:14:26:sending signal using command: 'ssh -T mic0 killall -2 hotspot_check' after 14.5149011254s
2016-10-21 06:14:26:shell stdout: 
2016-10-21 06:14:26:Starting GDB script
2016-10-21 06:14:29:sending signal using command: 'ssh -T mic0 killall -2 hotspot_check' after 2.55407049211s
2016-10-21 06:14:29:shell stdout: 
2016-10-21 06:14:29:sending signal using command: 'ssh -T mic0 killall -2 hotspot_check' after 2.58673995477s
2016-10-21 06:14:29:shell stdout: 
2016-10-21 06:14:29:sending signal using command: 'ssh -T mic0 killall -2 hotspot_check' after 2.82051664959s
2016-10-21 06:14:29:shell stdout: 
2016-10-21 06:14:30:sending signal using command: 'ssh -T mic0 killall -2 hotspot_check' after 3.85941810971s
2016-10-21 06:14:30:shell stdout: 
2016-10-21 06:14:32:sending signal using command: 'ssh -T mic0 killall -2 hotspot_check' after 6.22217174478s
2016-10-21 06:14:32:shell stdout: 
2016-10-21 06:14:33:sending signal using command: 'ssh -T mic0 killall -2 hotspot_check' after 6.5118495081s
2016-10-21 06:14:33:shell stdout: 
2016-10-21 06:14:36:sending signal using command: 'ssh -T mic0 killall -2 hotspot_check' after 10.0837226559s
2016-10-21 06:14:36:shell stdout: 
2016-10-21 06:14:38:sending signal using command: 'ssh -T mic0 killall -2 hotspot_check' after 11.9360196966s
2016-10-21 06:14:38:shell stdout: 
2016-10-21 06:14:38:sending signal using command: 'ssh -T mic0 killall -2 hotspot_check' after 12.1025012479s
2016-10-21 06:14:38:shell stdout: 
2016-10-21 06:14:41:sending signal using command: 'ssh -T mic0 killall -2 hotspot_check' after 14.0748638271s
2016-10-21 06:14:41:shell stdout: 
2016-10-21 06:14:47:no gdbExecName running, out:
2016-10-21 06:14:47:checCmd:ps -e | grep -i gdb-mic
2016-10-21 06:14:47:finished now-timestampStart < maxWaitTime*5
2016-10-21 06:14:47:now: 1477044886
2016-10-21 06:14:47:timestampStart: 1477044866
2016-10-21 06:14:47:kill cmd: killall -9 gdb-mic
2016-10-21 06:14:47:shell stdout: 
2016-10-21 06:14:48:kill cmd: ssh -T mic0 killall -9 hotspot_check
2016-10-21 06:14:48:shell stdout: 
2016-10-21 06:14:48:kill cmd: ssh -T mic0 killall -9 gdbserver
2016-10-21 06:14:48:shell stdout: 
