2016-10-15 09:19:57:Starting GDB script
2016-10-15 09:20:00:sending signal using command: 'ssh -T mic0 killall -2 hotspot_check' after 3.21811393938s
2016-10-15 09:20:00:shell stdout: 
2016-10-15 09:20:02:sending signal using command: 'ssh -T mic0 killall -2 hotspot_check' after 4.68869957417s
2016-10-15 09:20:02:shell stdout: 
2016-10-15 09:20:05:sending signal using command: 'ssh -T mic0 killall -2 hotspot_check' after 7.76378224237s
2016-10-15 09:20:05:shell stdout: 
2016-10-15 09:20:09:sending signal using command: 'ssh -T mic0 killall -2 hotspot_check' after 11.7569930506s
2016-10-15 09:20:09:shell stdout: 
2016-10-15 09:20:11:sending signal using command: 'ssh -T mic0 killall -2 hotspot_check' after 13.2423465707s
2016-10-15 09:20:11:shell stdout: 
2016-10-15 09:20:11:sending signal using command: 'ssh -T mic0 killall -2 hotspot_check' after 13.2642961517s
2016-10-15 09:20:11:shell stdout: 
2016-10-15 09:20:11:sending signal using command: 'ssh -T mic0 killall -2 hotspot_check' after 13.3165563761s
2016-10-15 09:20:11:shell stdout: 
2016-10-15 09:20:11:sending signal using command: 'ssh -T mic0 killall -2 hotspot_check' after 13.8715221724s
2016-10-15 09:20:11:shell stdout: 
2016-10-15 09:20:12:sending signal using command: 'ssh -T mic0 killall -2 hotspot_check' after 14.1966172949s
2016-10-15 09:20:12:shell stdout: 
2016-10-15 09:20:12:sending signal using command: 'ssh -T mic0 killall -2 hotspot_check' after 14.4654901371s
2016-10-15 09:20:12:shell stdout: 
2016-10-15 09:20:18:no gdbExecName running, out:
2016-10-15 09:20:18:checCmd:ps -e | grep -i gdb-mic
2016-10-15 09:20:18:finished now-timestampStart < maxWaitTime*5
2016-10-15 09:20:18:now: 1476537617
2016-10-15 09:20:18:timestampStart: 1476537597
2016-10-15 09:20:18:kill cmd: killall -9 gdb-mic
2016-10-15 09:20:18:shell stdout: 
2016-10-15 09:20:19:kill cmd: ssh -T mic0 killall -9 hotspot_check
2016-10-15 09:20:19:shell stdout: 
2016-10-15 09:20:19:kill cmd: ssh -T mic0 killall -9 gdbserver
2016-10-15 09:20:19:shell stdout: 
