2016-10-22 06:28:13:Starting GDB script
2016-10-22 06:28:15:sending signal using command: 'ssh -T mic0 killall -2 lavamd' after 0.996490059809s
2016-10-22 06:28:15:shell stdout: 
2016-10-22 06:28:15:sending signal using command: 'ssh -T mic0 killall -2 lavamd' after 1.04601941065s
2016-10-22 06:28:15:shell stdout: 
2016-10-22 06:28:17:sending signal using command: 'ssh -T mic0 killall -2 lavamd' after 2.54456596679s
2016-10-22 06:28:17:shell stdout: 
2016-10-22 06:28:18:sending signal using command: 'ssh -T mic0 killall -2 lavamd' after 3.3721103635s
2016-10-22 06:28:18:shell stdout: 
2016-10-22 06:28:18:sending signal using command: 'ssh -T mic0 killall -2 lavamd' after 3.66433973462s
2016-10-22 06:28:18:shell stdout: 
2016-10-22 06:28:18:sending signal using command: 'ssh -T mic0 killall -2 lavamd' after 3.82168470127s
2016-10-22 06:28:18:shell stdout: 
2016-10-22 06:28:22:sending signal using command: 'ssh -T mic0 killall -2 lavamd' after 8.33949085955s
2016-10-22 06:28:22:shell stdout: 
2016-10-22 06:28:22:sending signal using command: 'ssh -T mic0 killall -2 lavamd' after 8.47908076239s
2016-10-22 06:28:22:shell stdout: 
2016-10-22 06:28:23:sending signal using command: 'ssh -T mic0 killall -2 lavamd' after 8.70449059538s
2016-10-22 06:28:23:shell stdout: 
2016-10-22 06:28:23:sending signal using command: 'ssh -T mic0 killall -2 lavamd' after 8.87799908446s
2016-10-22 06:28:23:shell stdout: 
2016-10-22 06:28:30:no gdbExecName running, out:
2016-10-22 06:28:30:checCmd:ps -e | grep -i gdb-mic
2016-10-22 06:28:30:finished now-timestampStart < maxWaitTime*5
2016-10-22 06:28:30:now: 1477132109
2016-10-22 06:28:30:timestampStart: 1477132093
2016-10-22 06:28:30:kill cmd: killall -9 gdb-mic
2016-10-22 06:28:30:shell stdout: 
2016-10-22 06:28:30:kill cmd: ssh -T mic0 killall -9 lavamd
2016-10-22 06:28:30:shell stdout: 
2016-10-22 06:28:30:kill cmd: ssh -T mic0 killall -9 gdbserver
2016-10-22 06:28:30:shell stdout: 
2016-10-22 06:28:31:kill cmd: ssh -T mic0 killall -9 sshd
2016-10-22 06:28:31:shell stdout: 
