#HEADER matrix_dim:2048 threads:228 block_size:16 block_offset:12
#BEGIN Y:2017 M:01 D:10 Time:04:08:34
#IT Ite:0 KerTime:53.145876 AccTime:53.145876
#ERR  p: [1984, 0], r: -3.5958289112363788e+34, e: -3.4448114717384750e+34
#ERR  p: [1984, 9], r: -1.3842469216719299e+34, e: -1.0768571774911145e+34
#ERR  p: [1985, 0], r: 4.7565930742465216e+34, e: 4.8478933130586915e+34
#ERR  p: [1985, 9], r: -3.8949018870787502e+33, e: -3.1832534778290831e+33
#ERR  p: [1986, 0], r: -2.3671493822717434e+34, e: -2.0941976654244406e+34
#ERR  p: [1986, 9], r: -1.7847378447199588e+34, e: -1.9184645872068832e+34
#ERR  p: [1987, 0], r: 4.7522678835599915e+34, e: 4.7684380447189228e+34
#ERR  p: [1987, 9], r: -5.1371305347052627e+33, e: -5.1077640221606771e+33
#ERR  p: [1988, 0], r: -3.2606408010374858e+33, e: -3.4435120915966834e+33
#ERR  p: [1988, 9], r: -1.2426118088407482e+34, e: -1.2034266236469740e+34
#ERR  p: [1989, 0], r: -1.6323921426541605e+34, e: -1.7594029741438754e+34
#ERR  p: [1989, 9], r: -2.0137386672857103e+34, e: -1.8520380563007365e+34
#ERR  p: [1990, 0], r: -1.3841674733290424e+34, e: -1.3293173532043623e+34
#ERR  p: [1990, 9], r: 3.7391795051451075e+34, e: 3.5206992438055215e+34
#ERR  p: [1991, 0], r: 3.2610023634136304e+34, e: 3.1915845280517369e+34
#ERR  p: [1991, 9], r: -7.1727126346856495e+33, e: -6.3488527169222770e+33
#ERR  p: [1992, 0], r: -4.8112055512234229e+34, e: -4.8486966402334825e+34
#ERR  p: [1992, 9], r: 2.9341957296376588e+34, e: 2.8485148905992248e+34
#ERR  p: [1993, 0], r: 7.0230000644641508e+33, e: 7.7272337603751625e+33
#ERR  p: [1993, 9], r: 4.5673169151805512e+34, e: 4.5174567258452852e+34
#ERR  p: [1994, 0], r: -1.9109092418969703e+34, e: -1.7492029133844884e+34
#ERR  p: [1994, 9], r: 3.6693796582283870e+34, e: 3.6646930450426235e+34
#ERR  p: [1995, 0], r: -1.5477958491333775e+34, e: -1.7899680180450921e+34
#ERR  p: [1995, 9], r: 1.6427384901550489e+34, e: 1.8330416979407611e+34
#ERR  p: [1996, 0], r: 2.9482658735038435e+34, e: 2.8994244541927491e+34
#ERR  p: [1996, 9], r: 2.1216776071144862e+34, e: 2.2859208163493080e+34
#ERR  p: [1997, 0], r: 2.5733392981525519e+34, e: 2.6736342510289222e+34
#ERR  p: [1997, 9], r: -3.3277965165196409e+34, e: -3.3565370563083200e+34
#ERR  p: [1998, 0], r: 3.3134445921543783e+33, e: 1.5796731619698912e+33
#ERR  p: [1998, 9], r: -8.3362940608324625e+33, e: -8.6417104917234200e+33
#ERR  p: [1999, 0], r: 9.1314601356200111e+33, e: 1.1169548774634667e+34
#ERR  p: [1999, 9], r: -8.9343975154031158e+33, e: -6.9231219160681154e+33
#ERR  p: [1984, 1], r: 4.9642929825060079e+34, e: 4.9388105127157277e+34
#ERR  p: [1984, 10], r: -1.7204617643525812e+32, e: -1.1948857301033118e+33
#ERR  p: [1985, 1], r: 3.0703650368809846e+34, e: 3.1163097004973712e+34
#ERR  p: [1985, 10], r: 4.0675268678782334e+34, e: 4.1715360080924425e+34
#ERR  p: [1986, 1], r: 1.1041148584432252e+34, e: 8.7559775767618173e+33
#ERR  p: [1986, 10], r: -2.6747223028443379e+33, e: -8.0156114487640106e+32
#ERR  p: [1987, 1], r: 1.4143803139186877e+34, e: 1.4252380042608600e+34
#ERR  p: [1987, 10], r: -2.5745106809001805e+34, e: -2.6326318941751627e+34
#ERR  p: [1988, 1], r: -5.3181355625816433e+34, e: -5.2576534147936045e+34
#ERR  p: [1988, 10], r: -3.6128607651208580e+34, e: -3.7028233492382285e+34
#ERR  p: [1989, 1], r: -2.2062211193284760e+34, e: -2.2042129786965150e+34
#ERR  p: [1989, 10], r: 2.4762370464391321e+34, e: 2.4038674252181933e+34
#ERR  p: [1990, 1], r: 3.1194801789201581e+34, e: 3.1099093981444982e+34
#ERR  p: [1990, 10], r: -4.2786414426552123e+34, e: -4.2155313561154062e+34
#ERR  p: [1991, 1], r: -2.2555028229625810e+33, e: -8.5962661509326501e+32
#ERR  p: [1991, 10], r: -3.9205825899077230e+33, e: -3.8473202810278706e+33
#ERR  p: [1992, 1], r: 4.2138295019767467e+32, e: -6.4333342641459749e+32
#ERR  p: [1992, 10], r: 2.9854812470720633e+34, e: 3.0162624161383069e+34
#ERR  p: [1993, 1], r: 3.6114631359757391e+34, e: 3.4127900329874623e+34
#ERR  p: [1993, 10], r: 4.5156667784494512e+34, e: 4.4807462693923056e+34
#ERR  p: [1994, 1], r: -2.8832123021285980e+34, e: -2.9910171625151530e+34
#ERR  p: [1994, 10], r: -1.2360984097662913e+34, e: -1.2949050863006361e+34
#ERR  p: [1995, 1], r: 1.2379484975551767e+33, e: 1.8018491196407445e+33
#ERR  p: [1995, 10], r: 6.9760349673907281e+33, e: 4.2997505264933935e+33
#ERR  p: [1996, 1], r: 1.0910309529371699e+34, e: 1.1184904830822269e+34
#ERR  p: [1996, 10], r: 3.2326763989391651e+34, e: 3.1449564004785841e+34
#ERR  p: [1997, 1], r: -1.6477095837380069e+34, e: -1.7132633542372813e+34
#ERR  p: [1997, 10], r: 3.3498636806728297e+34, e: 3.2977658704951811e+34
#ERR  p: [1998, 1], r: -2.3649448162547975e+34, e: -2.4565806860993410e+34
#ERR  p: [1998, 10], r: 6.0227163149249882e+33, e: 5.1053808044304132e+33
#ERR  p: [1999, 1], r: 2.4650512339113278e+34, e: 2.5418499173172562e+34
#ERR  p: [1999, 10], r: -6.6080211154569901e+34, e: -6.6445736861473830e+34
#ERR  p: [1984, 2], r: -6.0232883291752279e+33, e: -7.3505228616497526e+33
#ERR  p: [1984, 11], r: 2.1125101792163233e+34, e: 1.9698356061719385e+34
#ERR  p: [1985, 2], r: 1.8379173847295341e+34, e: 1.8679428842597522e+34
#ERR  p: [1985, 11], r: 3.1125042862050140e+34, e: 2.9753045666001691e+34
#ERR  p: [1986, 2], r: -1.9460986703728619e+34, e: -1.9686804431537077e+34
#ERR  p: [1986, 11], r: 1.7956811693047610e+34, e: 1.9727717195415788e+34
#ERR  p: [1987, 2], r: -1.8281038439256398e+34, e: -1.8854958311291758e+34
#ERR  p: [1987, 11], r: 1.2149477836307341e+34, e: 1.3459793916140453e+34
#ERR  p: [1988, 2], r: -1.9845063353470049e+34, e: -1.7691891307951600e+34
#ERR  p: [1988, 11], r: 1.1911369324069453e+34, e: 1.0407439556045685e+34
#ERR  p: [1989, 2], r: 4.1244619096738112e+34, e: 3.9833505704486664e+34
#ERR  p: [1989, 11], r: -1.9524997968931990e+34, e: -2.0000280340117844e+34
#ERR  p: [1990, 2], r: -9.6634493552162082e+33, e: -7.0060710711244834e+33
#ERR  p: [1990, 11], r: 4.1679724614193393e+34, e: 4.1841358771703692e+34
#ERR  p: [1991, 2], r: 1.9327292051331418e+34, e: 1.8673088635579064e+34
#ERR  p: [1991, 11], r: -1.4162283182909521e+34, e: -1.5679871336856873e+34
#ERR  p: [1992, 2], r: -1.4804103797316046e+34, e: -1.3254846739438997e+34
#ERR  p: [1992, 11], r: -1.0395003394439100e+33, e: -1.1119817304817477e+33
#ERR  p: [1993, 2], r: -3.7827340650338023e+33, e: -2.7861538353331860e+33
#ERR  p: [1993, 11], r: 1.0997660592157901e+34, e: 1.2049415127621779e+34
#ERR  p: [1994, 2], r: 3.5367851969103693e+33, e: 2.0550818813177463e+33
#ERR  p: [1994, 11], r: -1.9443404898164299e+33, e: 6.3972677564206500e+32
#ERR  p: [1995, 2], r: 2.8291768316710826e+34, e: 2.6948687893687205e+34
#ERR  p: [1995, 11], r: 2.7115261009172338e+34, e: 2.6776211468916464e+34
#ERR  p: [1996, 2], r: 3.2746466328851784e+34, e: 3.0220081333316294e+34
#ERR  p: [1996, 11], r: -4.8401142254399995e+34, e: -4.7410737940264444e+34
#ERR  p: [1997, 2], r: -8.3001782811902738e+33, e: -9.6067830857890674e+33
#ERR  p: [1997, 11], r: -1.0788608438204351e+34, e: -8.0037843964534732e+33
#ERR  p: [1998, 2], r: 2.8160078242541449e+34, e: 2.8214926028936615e+34
#ERR  p: [1998, 11], r: -4.6540598779949597e+34, e: -4.6403280875654833e+34
#ERR  p: [1999, 2], r: -2.3400055753487860e+34, e: -2.5614785489941901e+34
#ERR  p: [1999, 11], r: -4.2159994929600868e+33, e: -3.8563398124533629e+33
#ERR  p: [1984, 3], r: -1.3389440746130715e+34, e: -1.5028470993210919e+34
#ERR  p: [1984, 12], r: -3.4028480538134337e+34, e: -3.5121446166155935e+34
#ERR  p: [1985, 3], r: -3.1925887413152933e+33, e: -4.1623389218385425e+33
#ERR  p: [1985, 12], r: 5.3308251030111345e+33, e: 5.2299950627383536e+33
#ERR  p: [1986, 3], r: 8.9222483691957697e+33, e: 5.3136380715727737e+33
#ERR  p: [1986, 12], r: -3.1095239088965179e+34, e: -3.2607974635828362e+34
#ERR  p: [1987, 3], r: 1.0247788435209914e+34, e: 1.1357844212070250e+34
#ERR  p: [1987, 12], r: -3.2343736716643832e+33, e: -1.4009923684016323e+33
#ERR  p: [1988, 3], r: -1.2425563551410444e+33, e: 1.1371793123642595e+33
#ERR  p: [1988, 12], r: 8.7164887210408356e+33, e: 9.1166836313491859e+33
#ERR  p: [1989, 3], r: -3.0352256524244101e+34, e: -3.0188028308482413e+34
#ERR  p: [1989, 12], r: 3.9858733237021502e+34, e: 3.8439949057626006e+34
#ERR  p: [1990, 3], r: -5.2232976650512047e+33, e: -4.1168606804035065e+33
#ERR  p: [1990, 12], r: -5.0707962765117168e+33, e: -4.2127869577611566e+33
#ERR  p: [1991, 3], r: 4.7326428121352822e+34, e: 4.6818017823997372e+34
#ERR  p: [1991, 12], r: -2.8072727998794372e+34, e: -2.7661702151052014e+34
#ERR  p: [1992, 3], r: -2.3732024876846614e+34, e: -2.3142787522630603e+34
#ERR  p: [1992, 12], r: 7.7077285460271828e+33, e: 5.6409138348991232e+33
#ERR  p: [1993, 3], r: -6.5928563355372989e+33, e: -6.3539608304650815e+33
#ERR  p: [1993, 12], r: 1.6128294972510433e+34, e: 1.4195282241277130e+34
#ERR  p: [1994, 3], r: -1.5645613773828222e+34, e: -1.6349934415045416e+34
#ERR  p: [1994, 12], r: 1.5387632915246397e+34, e: 1.6858204789948868e+34
#ERR  p: [1995, 3], r: 7.3212934455956046e+33, e: 9.5666774677353620e+33
#ERR  p: [1995, 12], r: -2.2237645359054385e+34, e: -2.2670058430618562e+34
#ERR  p: [1996, 3], r: -2.6524819596192658e+34, e: -2.6247708125260859e+34
#ERR  p: [1996, 12], r: 1.7965399400769893e+34, e: 1.8938742293040227e+34
#ERR  p: [1997, 3], r: 4.1679799014140107e+34, e: 4.2112597096302374e+34
#ERR  p: [1997, 12], r: 3.3334263310991972e+34, e: 3.5571622660975364e+34
#ERR  p: [1998, 3], r: 2.0748200004616110e+34, e: 2.1160116129819780e+34
#ERR  p: [1998, 12], r: -3.4421351611869771e+33, e: -6.0958907382469074e+33
#ERR  p: [1999, 3], r: 6.4554680608313120e+33, e: 5.2237437578641368e+33
#ERR  p: [1999, 12], r: -1.3220307380850338e+34, e: -1.0389421422497731e+34
#ERR  p: [1984, 4], r: -1.0033625454861256e+34, e: -1.1148494682233113e+34
#ERR  p: [1984, 13], r: 3.1048353141025452e+34, e: 3.0360029044285406e+34
#ERR  p: [1985, 4], r: 1.8025675156244508e+34, e: 1.8414244492500604e+34
#ERR  p: [1985, 13], r: 1.9233288597051840e+34, e: 1.8113679967959987e+34
#ERR  p: [1986, 4], r: -9.7334273242542614e+32, e: -3.4590488993548960e+33
#ERR  p: [1986, 13], r: -2.7010272391836038e+34, e: -2.7559908491549662e+34
#ERR  p: [1987, 4], r: -1.7516105924447715e+34, e: -1.7766450768447203e+34
#ERR  p: [1987, 13], r: -4.7411746807225958e+33, e: -5.0263066433135840e+33
#ERR  p: [1988, 4], r: 2.6817725547850950e+34, e: 2.8972371635777797e+34
#ERR  p: [1988, 13], r: -3.2181844447819564e+34, e: -3.3241494563159921e+34
#ERR  p: [1989, 4], r: -2.8404627500065922e+34, e: -2.7885126784236799e+34
#ERR  p: [1989, 13], r: -2.0750583267944731e+34, e: -1.9891591348560736e+34
#ERR  p: [1990, 4], r: 2.1009279723091679e+34, e: 2.1907394276869054e+34
#ERR  p: [1990, 13], r: -1.4759226037448867e+34, e: -1.5622805416124788e+34
#ERR  p: [1991, 4], r: -4.5237433063087496e+34, e: -4.5313317177971420e+34
#ERR  p: [1991, 13], r: 5.1982455331317200e+34, e: 5.2380724514274904e+34
#ERR  p: [1992, 4], r: 2.6467905734168422e+33, e: 4.0695041503935205e+33
#ERR  p: [1992, 13], r: 4.5544207111890767e+33, e: 4.5548317741580692e+33
#ERR  p: [1993, 4], r: 1.0420526342732556e+34, e: 1.0705340733451339e+34
#ERR  p: [1993, 13], r: 3.9231363582054652e+34, e: 3.8986766231784220e+34
#ERR  p: [1994, 4], r: 2.3658689017370412e+34, e: 2.1278829350420812e+34
#ERR  p: [1994, 13], r: -2.7494424621322369e+34, e: -2.7700608915602474e+34
#ERR  p: [1995, 4], r: -4.4738728278666675e+33, e: -3.6689712533446611e+33
#ERR  p: [1995, 13], r: 2.4841921906639430e+34, e: 2.6438071220356875e+34
#ERR  p: [1996, 4], r: -5.0961145503524160e+34, e: -5.1629715988292813e+34
#ERR  p: [1996, 13], r: -3.6159908784479994e+34, e: -3.5719938805122654e+34
#ERR  p: [1997, 4], r: -6.6881896440574252e+34, e: -6.8377655018358896e+34
#ERR  p: [1997, 13], r: 7.2950509995649228e+33, e: 6.9761636449350176e+33
#ERR  p: [1998, 4], r: -2.5097742682729623e+34, e: -2.4640902657215976e+34
#ERR  p: [1998, 13], r: -3.6162751700846140e+34, e: -3.4391843515717991e+34
#ERR  p: [1999, 4], r: 1.5876722639947059e+34, e: 1.3686286645058914e+34
#ERR  p: [1999, 13], r: -6.0723646311395289e+34, e: -6.1921743647389741e+34
#ERR  p: [1984, 5], r: 5.3550257551802453e+34, e: 5.1448720457150263e+34
#ERR  p: [1984, 14], r: -1.7696955861615941e+34, e: -1.8505442998665779e+34
#ERR  p: [1985, 5], r: -2.1904067941209624e+34, e: -2.1008363787840624e+34
#ERR  p: [1985, 14], r: 3.4425797360570407e+34, e: 3.4417233516359198e+34
#ERR  p: [1986, 5], r: -3.7435956986200159e+34, e: -3.6627434082616529e+34
#ERR  p: [1986, 14], r: 9.8265964541322212e+33, e: 1.1559404627920498e+34
#ERR  p: [1987, 5], r: -1.4640074039754482e+34, e: -1.4899452030830718e+34
#ERR  p: [1987, 14], r: 2.1854813844090225e+34, e: 2.1565693980101813e+34
#ERR  p: [1988, 5], r: 1.3089547855518900e+34, e: 1.2964417374371927e+34
#ERR  p: [1988, 14], r: 1.2688414396513272e+34, e: 1.1069392487613626e+34
#ERR  p: [1989, 5], r: 2.6302482046950865e+34, e: 2.5941888764965731e+34
#ERR  p: [1989, 14], r: -2.5814524082460295e+34, e: -2.5742195195867856e+34
#ERR  p: [1990, 5], r: -3.2200678403455570e+33, e: -2.2033170783742874e+33
#ERR  p: [1990, 14], r: -3.2014129191712003e+34, e: -3.2345341616889929e+34
#ERR  p: [1991, 5], r: -4.4455473475545933e+33, e: -4.8785333853070277e+33
#ERR  p: [1991, 14], r: -4.6249418138689997e+34, e: -4.6425799393010410e+34
#ERR  p: [1992, 5], r: 2.2327504431439658e+34, e: 2.3457156364515341e+34
#ERR  p: [1992, 14], r: 1.5839101326790617e+34, e: 1.6059147236077162e+34
#ERR  p: [1993, 5], r: 5.2123318323589235e+34, e: 5.2231235721139317e+34
#ERR  p: [1993, 14], r: -4.0134687755074951e+34, e: -4.0045406284636638e+34
#ERR  p: [1994, 5], r: 5.4315965087643597e+34, e: 5.3074826334785185e+34
#ERR  p: [1994, 14], r: 1.7852910298148877e+34, e: 1.8095666679486850e+34
#ERR  p: [1995, 5], r: 1.1920288580340872e+34, e: 9.7533775486837080e+33
#ERR  p: [1995, 14], r: -6.3211663191667202e+33, e: -7.4059241531814313e+33
#ERR  p: [1996, 5], r: 4.9739692036517184e+33, e: 4.2428885681937983e+33
#ERR  p: [1996, 14], r: -4.8247416238303307e+34, e: -4.8181371106795496e+34
#ERR  p: [1997, 5], r: -2.1910497726193871e+34, e: -2.2406352826711489e+34
#ERR  p: [1997, 14], r: -7.0879316509209919e+33, e: -6.9231956613908539e+33
#ERR  p: [1998, 5], r: -1.2884337518042820e+34, e: -1.3512272404559146e+34
#ERR  p: [1998, 14], r: -5.0328888520143097e+34, e: -5.0043700631690979e+34
#ERR  p: [1999, 5], r: 1.7915005536891611e+34, e: 1.6415473962335075e+34
#ERR  p: [1999, 14], r: 4.9315707067611183e+34, e: 4.8814422961821821e+34
#ERR  p: [1984, 6], r: 5.7553474629008821e+33, e: 5.8362714464678289e+33
#ERR  p: [1984, 15], r: -5.9221283238622381e+33, e: -6.2874714956211896e+33
#ERR  p: [1985, 6], r: 1.2173481716094386e+34, e: 1.1786723295821500e+34
#ERR  p: [1985, 15], r: 3.0007557938502597e+34, e: 2.8527307282003264e+34
#ERR  p: [1986, 6], r: 2.7935714569661162e+34, e: 2.9262486435310105e+34
#ERR  p: [1986, 15], r: -3.4938238711887254e+32, e: 2.6421865829948069e+33
#ERR  p: [1987, 6], r: 4.5312895380846323e+33, e: 3.2113336962728186e+33
#ERR  p: [1987, 15], r: 2.7214287478083490e+34, e: 2.7476443878746938e+34
#ERR  p: [1988, 6], r: -5.7994477400847205e+34, e: -5.8707087570233643e+34
#ERR  p: [1988, 15], r: -3.7894656342820845e+34, e: -3.8904807478548423e+34
#ERR  p: [1989, 6], r: 7.7640639447375376e+33, e: 6.9225311873215507e+33
#ERR  p: [1989, 15], r: 1.1969970226644034e+34, e: 8.3934606437019757e+33
#ERR  p: [1990, 6], r: 9.4694862748451448e+33, e: 1.0045510463213352e+34
#ERR  p: [1990, 15], r: -5.7992302365589810e+34, e: -5.5626328610805182e+34
#ERR  p: [1991, 6], r: -3.0336951146955409e+34, e: -2.9682209392762437e+34
#ERR  p: [1991, 15], r: -1.7012438532924459e+33, e: -1.8965835437937604e+33
#ERR  p: [1992, 6], r: -2.3386716494915794e+34, e: -2.3419998748589232e+34
#ERR  p: [1992, 15], r: 1.1880882300338067e+34, e: 1.0169472853777207e+34
#ERR  p: [1993, 6], r: 4.6314346384956979e+33, e: 4.4737698987573993e+33
#ERR  p: [1993, 15], r: -5.9197595168058227e+34, e: -5.9373041537164819e+34
#ERR  p: [1994, 6], r: 3.0180738796558953e+34, e: 2.9815032389593695e+34
#ERR  p: [1994, 15], r: 2.5768240961079644e+33, e: 5.7441316881039391e+33
#ERR  p: [1995, 6], r: -2.0383119593037421e+34, e: -2.1062332321980752e+34
#ERR  p: [1995, 15], r: 7.0993468893104577e+33, e: 4.9131887183471777e+33
#ERR  p: [1996, 6], r: -1.9924906049872724e+34, e: -2.1724835674310922e+34
#ERR  p: [1996, 15], r: -4.3597155863597474e+34, e: -4.5721694742132323e+34
#ERR  p: [1997, 6], r: 3.4467471656290350e+34, e: 3.3043614262618604e+34
#ERR  p: [1997, 15], r: 2.8345773342390852e+34, e: 3.0028301560358520e+34
#ERR  p: [1998, 6], r: -4.3750051204654229e+33, e: -3.2430449669899767e+33
#ERR  p: [1998, 15], r: 2.6059970990538129e+33, e: 1.9624733057267171e+33
#ERR  p: [1999, 6], r: -1.7426664484929117e+34, e: -1.8453135114059369e+34
#ERR  p: [1999, 15], r: 4.3908507821645440e+34, e: 4.5558706065893941e+34
#ERR  p: [1984, 7], r: 2.2186857329522305e+34, e: 2.2490280724770328e+34
#ERR  p: [1985, 7], r: -3.9841242603411852e+34, e: -3.9356534235759171e+34
#ERR  p: [1986, 7], r: 8.3208313576618722e+33, e: 7.5802357333209778e+33
#ERR  p: [1987, 7], r: 3.1957392273892765e+34, e: 3.0572952018586102e+34
#ERR  p: [1988, 7], r: 3.6946515032711540e+34, e: 3.7735772272408863e+34
#ERR  p: [1989, 7], r: 9.8259716164177424e+33, e: 1.0558028878814675e+34
#ERR  p: [1990, 7], r: -4.3797296540167048e+34, e: -4.3824056045468360e+34
#ERR  p: [1991, 7], r: 9.4419227348830193e+33, e: 9.9868707046445739e+33
#ERR  p: [1992, 7], r: 9.9743109631648740e+32, e: 2.1443328471646923e+33
#ERR  p: [1993, 7], r: -9.2619129787595903e+33, e: -9.0291908328261219e+33
#ERR  p: [1994, 7], r: -2.1843748677321016e+34, e: -2.4117139924909246e+34
#ERR  p: [1995, 7], r: 2.2982313947960570e+34, e: 2.3460668668711292e+34
#ERR  p: [1996, 7], r: -1.2291637538933878e+34, e: -1.3418162837337917e+34
#ERR  p: [1997, 7], r: -1.1945232121317595e+34, e: -1.4400493546056267e+34
#ERR  p: [1998, 7], r: 7.9066888072563613e+32, e: 2.0831962451384536e+33
#ERR  p: [1999, 7], r: 4.5801881077482673e+33, e: 2.4996952843273611e+33
#ERR  p: [1984, 8], r: 4.7643246029140544e+34, e: 4.9150450488982647e+34
#ERR  p: [1985, 8], r: -2.4889348647509725e+34, e: -2.5560237005790348e+34
#ERR  p: [1986, 8], r: 1.8580107982095956e+34, e: 2.0461883559729543e+34
#ERR  p: [1987, 8], r: 1.0990189029165747e+34, e: 1.1456966374886940e+34
#ERR  p: [1988, 8], r: 2.1480831674716190e+34, e: 2.0471205951519728e+34
#ERR  p: [1989, 8], r: 5.3660070289581723e+31, e: -1.1698309284212196e+33
#ERR  p: [1990, 8], r: 7.6945782207219311e+33, e: 7.6405368485906086e+33
#ERR  p: [1991, 8], r: -3.9260977050381630e+34, e: -3.9326487566672612e+34
#ERR  p: [1992, 8], r: 9.5427032368941083e+33, e: 7.9718508178018122e+33
#ERR  p: [1993, 8], r: -1.7118236636201927e+34, e: -1.7165469591799075e+34
#ERR  p: [1994, 8], r: 3.5793775198511176e+34, e: 3.8482247444433457e+34
#ERR  p: [1995, 8], r: 1.4991536681193272e+34, e: 1.4508356548990919e+34
#ERR  p: [1996, 8], r: -4.4758643255901567e+34, e: -4.4683625337947692e+34
#ERR  p: [1997, 8], r: -3.5699115755554104e+34, e: -3.4072426936892334e+34
#ERR  p: [1998, 8], r: -1.9197728844491321e+34, e: -1.9822489485952488e+34
#ERR  p: [1999, 8], r: -2.8342538118612386e+34, e: -2.5851584695639423e+34
#SDC Ite:0 KerTime:53.145876 AccTime:53.145876 KerErr:256 AccErr:256
#END