2016-10-30 23:46:06:Starting GDB script
2016-10-30 23:46:10:sending signal using command: 'ssh -T mic0 killall -2 hotspot_check' after 3.46083875724s
2016-10-30 23:46:10:shell stdout: 
2016-10-30 23:46:10:sending signal using command: 'ssh -T mic0 killall -2 hotspot_check' after 3.86054002175s
2016-10-30 23:46:10:shell stdout: 
2016-10-30 23:46:11:sending signal using command: 'ssh -T mic0 killall -2 hotspot_check' after 5.31749731949s
2016-10-30 23:46:11:shell stdout: 
2016-10-30 23:46:14:sending signal using command: 'ssh -T mic0 killall -2 hotspot_check' after 8.16505021991s
2016-10-30 23:46:14:shell stdout: 
2016-10-30 23:46:15:sending signal using command: 'ssh -T mic0 killall -2 hotspot_check' after 9.22321397895s
2016-10-30 23:46:15:shell stdout: 
2016-10-30 23:46:17:sending signal using command: 'ssh -T mic0 killall -2 hotspot_check' after 10.5504304413s
2016-10-30 23:46:17:shell stdout: 
2016-10-30 23:46:17:sending signal using command: 'ssh -T mic0 killall -2 hotspot_check' after 10.7019043018s
2016-10-30 23:46:17:shell stdout: 
2016-10-30 23:46:17:no gdbExecName running, out:
2016-10-30 23:46:17:checCmd:ps -e | grep -i gdb-mic
2016-10-30 23:46:17:finished now-timestampStart < maxWaitTime*5
2016-10-30 23:46:17:now: 1477885576
2016-10-30 23:46:17:timestampStart: 1477885566
2016-10-30 23:46:17:kill cmd: killall -9 gdb-mic
2016-10-30 23:46:17:shell stdout: 
2016-10-30 23:46:17:kill cmd: ssh -T mic0 killall -9 hotspot_check
2016-10-30 23:46:17:shell stdout: 
2016-10-30 23:46:18:kill cmd: ssh -T mic0 killall -9 gdbserver
2016-10-30 23:46:18:shell stdout: 
