2016-10-27 16:51:59:sending signal using command: 'ssh -T mic0 killall -2 hotspot_check' after 12.3557238962s
2016-10-27 16:51:59:shell stdout: 
2016-10-27 16:51:59:sending signal using command: 'ssh -T mic0 killall -2 hotspot_check' after 13.1855945654s
2016-10-27 16:51:59:shell stdout: 
2016-10-27 16:51:59:Starting GDB script
2016-10-27 16:52:01:sending signal using command: 'ssh -T mic0 killall -2 hotspot_check' after 0.675325696731s
2016-10-27 16:52:01:shell stdout: 
2016-10-27 16:52:05:sending signal using command: 'ssh -T mic0 killall -2 hotspot_check' after 4.95468211542s
2016-10-27 16:52:05:shell stdout: 
2016-10-27 16:52:06:sending signal using command: 'ssh -T mic0 killall -2 hotspot_check' after 6.57360651986s
2016-10-27 16:52:06:shell stdout: 
2016-10-27 16:52:08:sending signal using command: 'ssh -T mic0 killall -2 hotspot_check' after 8.04186640113s
2016-10-27 16:52:08:shell stdout: 
2016-10-27 16:52:08:sending signal using command: 'ssh -T mic0 killall -2 hotspot_check' after 8.23981548778s
2016-10-27 16:52:08:shell stdout: 
2016-10-27 16:52:09:sending signal using command: 'ssh -T mic0 killall -2 hotspot_check' after 9.56860444085s
2016-10-27 16:52:09:shell stdout: 
2016-10-27 16:52:10:sending signal using command: 'ssh -T mic0 killall -2 hotspot_check' after 10.3671657915s
2016-10-27 16:52:10:shell stdout: 
2016-10-27 16:52:11:sending signal using command: 'ssh -T mic0 killall -2 hotspot_check' after 11.250588212s
2016-10-27 16:52:11:shell stdout: 
2016-10-27 16:52:12:sending signal using command: 'ssh -T mic0 killall -2 hotspot_check' after 11.7990565642s
2016-10-27 16:52:12:shell stdout: 
2016-10-27 16:52:13:sending signal using command: 'ssh -T mic0 killall -2 hotspot_check' after 13.477575602s
2016-10-27 16:52:13:shell stdout: 
2016-10-27 16:52:21:no gdbExecName running, out:
2016-10-27 16:52:21:checCmd:ps -e | grep -i gdb-mic
2016-10-27 16:52:21:finished now-timestampStart < maxWaitTime*5
2016-10-27 16:52:21:now: 1477601540
2016-10-27 16:52:21:timestampStart: 1477601519
2016-10-27 16:52:21:kill cmd: killall -9 gdb-mic
2016-10-27 16:52:21:shell stdout: 
2016-10-27 16:52:21:kill cmd: ssh -T mic0 killall -9 hotspot_check
2016-10-27 16:52:21:shell stdout: 
2016-10-27 16:52:22:kill cmd: ssh -T mic0 killall -9 gdbserver
2016-10-27 16:52:22:shell stdout: 
