2017-01-23 19:48:40:shell stdout: 
2017-01-23 19:48:40:shell stdout: 
2017-01-23 19:48:40:shell stdout: 
2017-01-23 19:48:40:shell stdout: 
2017-01-23 19:48:41:shell stdout: 
2017-01-23 19:48:41:shell stdout: 
2017-01-23 19:48:41:shell stdout: 
2017-01-23 19:48:41:shell stdout: 
2017-01-23 19:48:41:shell stdout: 
2017-01-23 19:48:41:shell stdout: 
2017-01-23 19:48:42:shell stdout: 
2017-01-23 19:48:42:shell stdout: 
2017-01-23 19:48:42:shell stdout: 
2017-01-23 19:48:42:shell stdout: 
2017-01-23 19:48:42:shell stdout: 
2017-01-23 19:48:42:shell stdout: 
2017-01-23 19:48:42:shell stdout: 
2017-01-23 19:48:42:shell stdout: 
2017-01-23 19:48:42:shell stdout: 
2017-01-23 19:48:43:shell stdout: 
2017-01-23 19:48:43:shell stdout: 
2017-01-23 19:48:43:shell stdout: 
2017-01-23 19:48:43:shell stdout: 
2017-01-23 19:48:43:shell stdout: 
2017-01-23 19:48:43:shell stdout: 
2017-01-23 19:48:44:shell stdout: 
2017-01-23 19:48:44:shell stdout: 
2017-01-23 19:48:44:shell stdout: 
2017-01-23 19:48:44:shell stdout: 
2017-01-23 19:48:44:shell stdout: 
2017-01-23 19:48:44:shell stdout: 
2017-01-23 19:48:44:shell stdout: 
2017-01-23 19:48:45:shell stdout: 
2017-01-23 19:48:45:shell stdout: 
2017-01-23 19:48:45:shell stdout: 
2017-01-23 19:48:45:shell stdout: 
2017-01-23 19:48:45:shell stdout: 
2017-01-23 19:48:45:shell stdout: 
2017-01-23 19:48:45:shell stdout: 
2017-01-23 19:48:45:shell stdout: 
2017-01-23 19:48:46:shell stdout: 
2017-01-23 19:48:46:shell stdout: 
2017-01-23 19:48:46:shell stdout: 
2017-01-23 19:48:46:shell stdout: 
2017-01-23 19:48:47:shell stdout: 
2017-01-23 19:48:47:Starting GDB script
2017-01-23 19:48:47:initSignal:6.0
2017-01-23 19:48:47:endSignal:8.0
2017-01-23 19:48:47:seqSignal:30
2017-01-23 19:48:53:sending 30 signals using command: 'ssh -T mic0 killall -2 lud_check' after 6.1421949671s
2017-01-23 19:48:53:shell stdout: 
2017-01-23 19:48:54:sending 30 signals using command: 'ssh -T mic0 killall -2 lud_check' after 7.08519237286s
2017-01-23 19:48:54:shell stdout: 
2017-01-23 19:48:54:sending 30 signals using command: 'ssh -T mic0 killall -2 lud_check' after 7.50217133628s
2017-01-23 19:48:54:shell stdout: 
2017-01-23 19:48:54:shell stdout: 
2017-01-23 19:48:55:shell stdout: 
2017-01-23 19:48:55:shell stdout: 
2017-01-23 19:48:55:shell stdout: 
2017-01-23 19:48:55:shell stdout: 
2017-01-23 19:48:55:shell stdout: 
2017-01-23 19:48:55:shell stdout: 
2017-01-23 19:48:55:shell stdout: 
2017-01-23 19:48:55:shell stdout: 
2017-01-23 19:48:56:shell stdout: 
2017-01-23 19:48:56:shell stdout: 
2017-01-23 19:48:56:shell stdout: 
2017-01-23 19:48:56:shell stdout: 
2017-01-23 19:48:56:shell stdout: 
2017-01-23 19:48:56:shell stdout: 
2017-01-23 19:48:57:shell stdout: 
2017-01-23 19:48:57:shell stdout: 
2017-01-23 19:48:57:shell stdout: 
2017-01-23 19:48:57:shell stdout: 
2017-01-23 19:48:57:shell stdout: 
2017-01-23 19:48:57:shell stdout: 
2017-01-23 19:48:57:shell stdout: 
2017-01-23 19:48:58:shell stdout: 
2017-01-23 19:48:58:shell stdout: 
2017-01-23 19:48:58:shell stdout: 
2017-01-23 19:48:58:shell stdout: 
2017-01-23 19:48:58:shell stdout: 
2017-01-23 19:48:58:shell stdout: 
2017-01-23 19:48:59:shell stdout: 
2017-01-23 19:48:59:shell stdout: 
2017-01-23 19:48:59:shell stdout: 
2017-01-23 19:48:59:shell stdout: 
2017-01-23 19:48:59:shell stdout: 
2017-01-23 19:48:59:shell stdout: 
2017-01-23 19:49:00:shell stdout: 
2017-01-23 19:49:00:shell stdout: 
2017-01-23 19:49:00:shell stdout: 
2017-01-23 19:49:00:shell stdout: 
2017-01-23 19:49:00:shell stdout: 
2017-01-23 19:49:00:shell stdout: 
2017-01-23 19:49:00:shell stdout: 
2017-01-23 19:49:00:shell stdout: 
2017-01-23 19:49:00:shell stdout: 
2017-01-23 19:49:01:shell stdout: 
2017-01-23 19:49:01:shell stdout: 
2017-01-23 19:49:01:shell stdout: 
2017-01-23 19:49:01:shell stdout: 
2017-01-23 19:49:01:shell stdout: 
2017-01-23 19:49:01:shell stdout: 
2017-01-23 19:49:02:shell stdout: 
2017-01-23 19:49:02:shell stdout: 
2017-01-23 19:49:02:shell stdout: 
2017-01-23 19:49:02:shell stdout: 
2017-01-23 19:49:02:shell stdout: 
2017-01-23 19:49:02:shell stdout: 
2017-01-23 19:49:02:shell stdout: 
2017-01-23 19:49:03:shell stdout: 
2017-01-23 19:49:03:shell stdout: 
2017-01-23 19:49:03:shell stdout: 
2017-01-23 19:49:03:shell stdout: 
2017-01-23 19:49:03:shell stdout: 
2017-01-23 19:49:03:shell stdout: 
2017-01-23 19:49:03:shell stdout: 
2017-01-23 19:49:03:shell stdout: 
2017-01-23 19:49:04:shell stdout: 
2017-01-23 19:49:04:shell stdout: 
2017-01-23 19:49:04:shell stdout: 
2017-01-23 19:49:04:shell stdout: 
2017-01-23 19:49:04:shell stdout: 
2017-01-23 19:49:04:shell stdout: 
2017-01-23 19:49:05:shell stdout: 
2017-01-23 19:49:05:shell stdout: 
2017-01-23 19:49:05:shell stdout: 
2017-01-23 19:49:05:shell stdout: 
2017-01-23 19:49:05:shell stdout: 
2017-01-23 19:49:05:shell stdout: 
2017-01-23 19:49:05:shell stdout: 
2017-01-23 19:49:06:shell stdout: 
2017-01-23 19:49:06:shell stdout: 
2017-01-23 19:49:06:shell stdout: 
2017-01-23 19:49:06:shell stdout: 
2017-01-23 19:49:06:shell stdout: 
2017-01-23 19:49:06:shell stdout: 
2017-01-23 19:49:06:shell stdout: 
2017-01-23 19:49:06:shell stdout: 
2017-01-23 19:49:07:shell stdout: 
2017-01-23 19:49:07:shell stdout: 
2017-01-23 19:49:25:no gdbExecName running, out:
2017-01-23 19:49:25:checCmd:ps -e | grep -i gdb-mic
2017-01-23 19:49:25:finished now-timestampStart < maxWaitTime*5
2017-01-23 19:49:25:now: 1485218965
2017-01-23 19:49:25:timestampStart: 1485218927
2017-01-23 19:49:25:kill cmd: killall -9 gdb-mic
2017-01-23 19:49:25:shell stdout: 
2017-01-23 19:49:26:kill cmd: ssh -T mic0 killall -9 lud_check
2017-01-23 19:49:26:shell stdout: 
2017-01-23 19:49:26:kill cmd: ssh -T mic0 killall -9 gdbserver
2017-01-23 19:49:26:shell stdout: 
2017-01-23 19:49:27:kill cmd: ssh -T mic0 killall -9 sshd
2017-01-23 19:49:27:shell stdout: 
