2017-02-28 05:11:25:Starting flip_value script
2017-02-28 05:11:25:Initialization strings:
2017-02-28 05:11:25:(1) target extended-remote | ssh -T mic0 gdbserver --multi -
2017-02-28 05:11:25:(2) set sysroot /opt/mpss/3.7/sysroots/k1om-mpss-linux/
2017-02-28 05:11:25:(3) set sysroot /opt/mpss/3.7/sysroots/k1om-mpss-linux/
2017-02-28 05:11:25:(4) file /micNfs/gdb-fault-injection/injector/bin/hotspot/hotspot_check
2017-02-28 05:11:25:(5) set remote exec-file /micNfs/gdb-fault-injection/injector/bin/hotspot/hotspot_check
2017-02-28 05:11:25:(6) set args 1024 1024 1000 64 /micNfs/gdb-fault-injection/injector/data/hotspot/temp_1024 /micNfs/gdb-fault-injection/injector/data/hotspot/power_1024 /micNfs/gdb-fault-injection/injector/bin/hotspot/gold_1024_1000iter_64th
2017-02-28 05:11:25:initSignal:3
2017-02-28 05:11:25:endSignal:6
2017-02-28 05:11:25:seqSignal:15
2017-02-28 05:11:29:Backtrace BEGIN:
2017-02-28 05:11:29:#0  _IO_vfscanf_internal (s=s@entry=0x7fffffffe440, format=format@entry=0x4071c8 "%f", argptr=argptr@entry=0x7fffffffe568, errp=errp@entry=0x0) at vfscanf.c:584
#1  0x00007ffff71365ea in __GI___isoc99_vsscanf (string=0x7fffffffe640 "323.420699\n", format=0x4071c8 "%f", args=args@entry=0x7fffffffe568) at isoc99_vsscanf.c:43
#2  0x00007ffff7136569 in __isoc99_sscanf (s=<optimized out>, format=<optimized out>) at isoc99_sscanf.c:31
#3  0x0000000000404598 in read_input (vect=0x7ffff6acc010, grid_rows=1024, grid_cols=1024, file=0x7fffffffee07 "/micNfs/gdb-fault-injection/injector/data/hotspot/temp_1024") at hotspot_check.c:207
#4  0x0000000000404aae in main (argc=8, argv=0x7fffffffebb8) at hotspot_check.c:265

2017-02-28 05:11:29:579	in vfscanf.c

2017-02-28 05:11:29:Backtrace END
2017-02-28 05:11:29:Type: The type is an array.
2017-02-28 05:11:29:Type sizeof: 24
2017-02-28 05:11:29:Fliping array at pos: 0
2017-02-28 05:11:29:Type: The type is a structure.
2017-02-28 05:11:29:Type sizeof: 24
2017-02-28 05:11:29:Fliping value of field: gp_offset
2017-02-28 05:11:29:Type: The type is an integer type.
2017-02-28 05:11:29:Type sizeof: 4
2017-02-28 05:11:29:Mem contents(hex):0x100x000x000x00
2017-02-28 05:11:29:Fault Mode: Random bit-flip
2017-02-28 05:11:29:base address to flip value: 0x7fffffffe568
2017-02-28 05:11:29:address max offset: 4
2017-02-28 05:11:29:Memory content before bitflip:0x100x000x000x00
2017-02-28 05:11:29:Backtrace BEGIN:
2017-02-28 05:11:30:#0  __mpn_mul (prodp=<optimized out>, prodp@entry=0x7fffffffdf70, up=<optimized out>, usize=<optimized out>, vp=vp@entry=0x7fffffffdfc0, vsize=vsize@entry=1) at mul.c:151
#1  0x00007ffff7108d1e in __GI_____strtof_l_internal (nptr=nptr@entry=0x7fffffffe050 "323.374444", endptr=endptr@entry=0x7fffffffe280, group=group@entry=0, loc=<optimized out>) at strtod_l.c:1430
#2  0x00007ffff7107c00 in __GI___strtof_internal (nptr=nptr@entry=0x7fffffffe050 "323.374444", endptr=endptr@entry=0x7fffffffe280, group=group@entry=0) at strtod.c:54
#3  0x00007ffff7128bec in _IO_vfscanf_internal (s=s@entry=0x7fffffffe440, format=format@entry=0x4071c8 "%f", argptr=argptr@entry=0x7fffffffe568, errp=errp@entry=0x0) at vfscanf.c:2332
#4  0x00007ffff71365ea in __GI___isoc99_vsscanf (string=0x7fffffffe640 "323.374444\n", format=0x4071c8 "%f", args=args@entry=0x7fffffffe568) at isoc99_vsscanf.c:43
#5  0x00007ffff7136569 in __isoc99_sscanf (s=<optimized out>, format=<optimized out>) at isoc99_sscanf.c:31
#6  0x0000000000404598 in read_input (vect=0x7ffff6acc010, grid_rows=1024, grid_cols=1024, file=0x7fffffffee07 "/micNfs/gdb-fault-injection/injector/data/hotspot/temp_1024") at hotspot_check.c:207
#7  0x0000000000404aae in main (argc=8, argv=0x7fffffffebb8) at hotspot_check.c:265

2017-02-28 05:11:30:146	in mul.c

2017-02-28 05:11:30:Backtrace END
2017-02-28 05:11:30:Type: The type is an array.
2017-02-28 05:11:30:Type sizeof: 100
2017-02-28 05:11:30:Fliping array at pos: 5
2017-02-28 05:11:30:Type: The type is an integer type.
2017-02-28 05:11:30:Type sizeof: 1
2017-02-28 05:11:30:Mem contents(hex):0x65
2017-02-28 05:11:30:Fault Mode: Single bit-flip
2017-02-28 05:11:30:base address to flip value: 0x7fffffffe7a5 
2017-02-28 05:11:30:address max offset: 1
2017-02-28 05:11:30:Memory content before bitflip:0x65
2017-02-28 05:11:30:Memory content after  bitflip:0x61
2017-02-28 05:11:30:Mem contents(hex):0x61
2017-02-28 05:11:30:frame name: main
2017-02-28 05:11:30:symbol name: test_info
2017-02-28 05:11:30:symbol filename: hotspot_check.c
2017-02-28 05:11:30:symbol line: 253
2017-02-28 05:11:30:value: "simItar:1000 gridSize:1024x1024\000\025\000\000\000\000\000\000\000\340\350\377\377\377\177\000\000\220\325\335\367\377\177\000\000\004\350\377\377\377\177\000\000\320\350\377\377\377\177\000\000\060\206\377\367\377\177\000\000\b\000\000\000\000\000\000\000\034\327\354\366\000\000\000\000.(\274<"
2017-02-28 05:11:30:value address: 0x7fffffffe7a0
2017-02-28 05:11:30:Type: The type is an array.
2017-02-28 05:11:30:Type sizeof: 100
2017-02-28 05:11:30:Field name: None
2017-02-28 05:11:30:Field Type:
2017-02-28 05:11:30:Type: A range type, that is, an integer type with bounds.
2017-02-28 05:11:30:Type sizeof: 1
2017-02-28 05:11:30:Type range: (0L, 99L)
2017-02-28 05:11:30:Fault Injection Successful after 5.21185588837s
2017-02-28 05:11:50:event type: exit
2017-02-28 05:11:50:exit code: 0
