2016-10-27 06:31:12:sending signal using command: 'ssh -T mic0 killall -2 needle_check' after 7.90678455782s
2016-10-27 06:31:12:shell stdout: 
2016-10-27 06:31:14:sending signal using command: 'ssh -T mic0 killall -2 needle_check' after 10.0499595734s
2016-10-27 06:31:14:shell stdout: 
2016-10-27 06:31:15:sending signal using command: 'ssh -T mic0 killall -2 needle_check' after 11.1530832382s
2016-10-27 06:31:15:shell stdout: 
2016-10-27 06:31:17:sending signal using command: 'ssh -T mic0 killall -2 needle_check' after 13.1192919299s
2016-10-27 06:31:17:shell stdout: 
2016-10-27 06:31:19:sending signal using command: 'ssh -T mic0 killall -2 needle_check' after 14.9293341169s
2016-10-27 06:31:19:shell stdout: 
2016-10-27 06:31:21:sending signal using command: 'ssh -T mic0 killall -2 needle_check' after 16.4176475613s
2016-10-27 06:31:21:shell stdout: 
2016-10-27 06:31:21:Starting GDB script
2016-10-27 06:31:23:sending signal using command: 'ssh -T mic0 killall -2 needle_check' after 1.81032178714s
2016-10-27 06:31:23:shell stdout: 
2016-10-27 06:31:26:sending signal using command: 'ssh -T mic0 killall -2 needle_check' after 4.62597561699s
2016-10-27 06:31:26:shell stdout: 
2016-10-27 06:31:27:sending signal using command: 'ssh -T mic0 killall -2 needle_check' after 6.29918732264s
2016-10-27 06:31:27:shell stdout: 
2016-10-27 06:31:29:sending signal using command: 'ssh -T mic0 killall -2 needle_check' after 7.60611625771s
2016-10-27 06:31:29:shell stdout: 
2016-10-27 06:31:31:sending signal using command: 'ssh -T mic0 killall -2 needle_check' after 10.1124369146s
2016-10-27 06:31:31:shell stdout: 
2016-10-27 06:31:32:sending signal using command: 'ssh -T mic0 killall -2 needle_check' after 11.1949266189s
2016-10-27 06:31:32:shell stdout: 
2016-10-27 06:31:33:sending signal using command: 'ssh -T mic0 killall -2 needle_check' after 11.8225985642s
2016-10-27 06:31:33:shell stdout: 
2016-10-27 06:31:35:sending signal using command: 'ssh -T mic0 killall -2 needle_check' after 13.5744347676s
2016-10-27 06:31:35:shell stdout: 
2016-10-27 06:31:37:sending signal using command: 'ssh -T mic0 killall -2 needle_check' after 15.6791993119s
2016-10-27 06:31:37:shell stdout: 
2016-10-27 06:31:37:sending signal using command: 'ssh -T mic0 killall -2 needle_check' after 15.8580344072s
2016-10-27 06:31:37:shell stdout: 
2016-10-27 06:31:42:no gdbExecName running, out:
2016-10-27 06:31:42:checCmd:ps -e | grep -i gdb-mic
2016-10-27 06:31:42:finished now-timestampStart < maxWaitTime*5
2016-10-27 06:31:42:now: 1477564301
2016-10-27 06:31:42:timestampStart: 1477564281
2016-10-27 06:31:42:kill cmd: killall -9 gdb-mic
2016-10-27 06:31:42:shell stdout: 
2016-10-27 06:31:42:kill cmd: ssh -T mic0 killall -9 needle_check
2016-10-27 06:31:42:shell stdout: 
2016-10-27 06:31:43:kill cmd: ssh -T mic0 killall -9 gdbserver
2016-10-27 06:31:43:shell stdout: 
2016-10-27 06:31:43:kill cmd: ssh -T mic0 killall -9 sshd
2016-10-27 06:31:43:shell stdout: 
