[INFO -- 2017-02-26 03:16:25]
Starting GDB script
[INFO -- 2017-02-26 03:16:25]
initSignal:2.0
[INFO -- 2017-02-26 03:16:25]
endSignal:4.0
[INFO -- 2017-02-26 03:16:25]
seqSignal:30
[INFO -- 2017-02-26 03:16:27]
sending 30 signals using command: 'ssh -T mic1 killall -2 lud_check' after 2.55453682638s
[INFO -- 2017-02-26 03:16:28]
sending 30 signals using command: 'ssh -T mic1 killall -2 lud_check' after 2.90505189775s
[INFO -- 2017-02-26 03:16:28]
sending 30 signals using command: 'ssh -T mic1 killall -2 lud_check' after 3.2510947991s
[INFO -- 2017-02-26 03:16:29]
shell stdout: 
[INFO -- 2017-02-26 03:16:29]
shell stdout: 
[INFO -- 2017-02-26 03:16:29]
shell stdout: 
[INFO -- 2017-02-26 03:16:29]
shell stdout: 
[INFO -- 2017-02-26 03:16:29]
shell stdout: 
[INFO -- 2017-02-26 03:16:29]
shell stdout: 
[INFO -- 2017-02-26 03:16:30]
shell stdout: 
[INFO -- 2017-02-26 03:16:30]
shell stdout: 
[INFO -- 2017-02-26 03:16:30]
shell stdout: 
[INFO -- 2017-02-26 03:16:30]
shell stdout: 
[INFO -- 2017-02-26 03:16:30]
shell stdout: 
[INFO -- 2017-02-26 03:16:30]
shell stdout: 
[INFO -- 2017-02-26 03:16:30]
shell stdout: 
[INFO -- 2017-02-26 03:16:30]
shell stdout: 
[INFO -- 2017-02-26 03:16:31]
shell stdout: 
[INFO -- 2017-02-26 03:16:31]
shell stdout: 
[INFO -- 2017-02-26 03:16:31]
shell stdout: 
[INFO -- 2017-02-26 03:16:31]
shell stdout: 
[INFO -- 2017-02-26 03:16:31]
shell stdout: 
[INFO -- 2017-02-26 03:16:31]
shell stdout: 
[INFO -- 2017-02-26 03:16:31]
shell stdout: 
[INFO -- 2017-02-26 03:16:32]
shell stdout: 
[INFO -- 2017-02-26 03:16:32]
shell stdout: 
[INFO -- 2017-02-26 03:16:32]
shell stdout: 
[INFO -- 2017-02-26 03:16:32]
shell stdout: 
[INFO -- 2017-02-26 03:16:32]
shell stdout: 
[INFO -- 2017-02-26 03:16:32]
shell stdout: 
[INFO -- 2017-02-26 03:16:32]
shell stdout: 
[INFO -- 2017-02-26 03:16:33]
shell stdout: 
[INFO -- 2017-02-26 03:16:33]
shell stdout: 
[INFO -- 2017-02-26 03:16:33]
shell stdout: 
[INFO -- 2017-02-26 03:16:33]
shell stdout: 
[INFO -- 2017-02-26 03:16:33]
shell stdout: 
[INFO -- 2017-02-26 03:16:33]
shell stdout: 
[INFO -- 2017-02-26 03:16:33]
shell stdout: 
[INFO -- 2017-02-26 03:16:34]
shell stdout: 
[INFO -- 2017-02-26 03:16:34]
shell stdout: 
[INFO -- 2017-02-26 03:16:34]
shell stdout: 
[INFO -- 2017-02-26 03:16:34]
shell stdout: 
[INFO -- 2017-02-26 03:16:34]
shell stdout: 
[INFO -- 2017-02-26 03:16:34]
shell stdout: 
[INFO -- 2017-02-26 03:16:34]
shell stdout: 
[INFO -- 2017-02-26 03:16:35]
shell stdout: 
[INFO -- 2017-02-26 03:16:35]
shell stdout: 
[INFO -- 2017-02-26 03:16:35]
shell stdout: 
[INFO -- 2017-02-26 03:16:35]
shell stdout: 
[INFO -- 2017-02-26 03:16:35]
shell stdout: 
[INFO -- 2017-02-26 03:16:35]
shell stdout: 
[INFO -- 2017-02-26 03:16:35]
shell stdout: 
[INFO -- 2017-02-26 03:16:35]
shell stdout: 
[INFO -- 2017-02-26 03:16:36]
shell stdout: 
[INFO -- 2017-02-26 03:16:36]
shell stdout: 
[INFO -- 2017-02-26 03:16:36]
shell stdout: 
[INFO -- 2017-02-26 03:16:36]
shell stdout: 
[INFO -- 2017-02-26 03:16:36]
shell stdout: 
[INFO -- 2017-02-26 03:16:36]
shell stdout: 
[INFO -- 2017-02-26 03:16:36]
shell stdout: 
[INFO -- 2017-02-26 03:16:37]
shell stdout: 
[INFO -- 2017-02-26 03:16:37]
shell stdout: 
[INFO -- 2017-02-26 03:16:37]
shell stdout: 
[INFO -- 2017-02-26 03:16:37]
shell stdout: 
[INFO -- 2017-02-26 03:16:37]
shell stdout: 
[INFO -- 2017-02-26 03:16:37]
shell stdout: 
[INFO -- 2017-02-26 03:16:38]
shell stdout: 
[INFO -- 2017-02-26 03:16:38]
shell stdout: 
[INFO -- 2017-02-26 03:16:38]
shell stdout: 
[INFO -- 2017-02-26 03:16:38]
shell stdout: 
[INFO -- 2017-02-26 03:16:38]
shell stdout: 
[INFO -- 2017-02-26 03:16:38]
shell stdout: 
[INFO -- 2017-02-26 03:16:38]
shell stdout: 
[INFO -- 2017-02-26 03:16:39]
shell stdout: 
[INFO -- 2017-02-26 03:16:39]
shell stdout: 
[INFO -- 2017-02-26 03:16:39]
shell stdout: 
[INFO -- 2017-02-26 03:16:39]
shell stdout: 
[INFO -- 2017-02-26 03:16:39]
shell stdout: 
[INFO -- 2017-02-26 03:16:39]
shell stdout: 
[INFO -- 2017-02-26 03:16:39]
shell stdout: 
[INFO -- 2017-02-26 03:16:39]
shell stdout: 
[INFO -- 2017-02-26 03:16:40]
shell stdout: 
[INFO -- 2017-02-26 03:16:40]
shell stdout: 
[INFO -- 2017-02-26 03:16:40]
shell stdout: 
[INFO -- 2017-02-26 03:16:40]
shell stdout: 
[INFO -- 2017-02-26 03:16:40]
shell stdout: 
[INFO -- 2017-02-26 03:16:40]
shell stdout: 
[INFO -- 2017-02-26 03:16:41]
shell stdout: 
[INFO -- 2017-02-26 03:16:41]
shell stdout: 
[INFO -- 2017-02-26 03:16:41]
shell stdout: 
[INFO -- 2017-02-26 03:16:41]
shell stdout: 
[INFO -- 2017-02-26 03:16:41]
shell stdout: 
[INFO -- 2017-02-26 03:16:41]
shell stdout: 
[INFO -- 2017-02-26 03:16:56]
no gdbExecName running, out:
[INFO -- 2017-02-26 03:16:56]
checCmd:ps -e | grep -i gdb-mic
[INFO -- 2017-02-26 03:16:56]
finished now-timestampStart < maxWaitTime*5
[INFO -- 2017-02-26 03:16:56]
now: 1488097015
[INFO -- 2017-02-26 03:16:56]
timestampStart: 1488096985
[INFO -- 2017-02-26 03:16:56]
kill cmd: killall -9 gdb-mic
[INFO -- 2017-02-26 03:16:56]
shell stdout: 
[INFO -- 2017-02-26 03:16:57]
kill cmd: ssh -T mic1 killall -9 lud_check
[INFO -- 2017-02-26 03:16:57]
shell stdout: 
[INFO -- 2017-02-26 03:16:57]
kill cmd: ssh -T mic1 killall -9 gdbserver
[INFO -- 2017-02-26 03:16:57]
shell stdout: 
[INFO -- 2017-02-26 03:16:57]
kill cmd: ssh -T mic1 killall -9 sshd
[INFO -- 2017-02-26 03:16:57]
shell stdout: 
