2016-10-25 15:37:05:Starting GDB script
2016-10-25 15:37:06:sending signal using command: 'ssh -T mic0 killall -2 lud_check' after 0.571174400037s
2016-10-25 15:37:06:shell stdout: 
2016-10-25 15:37:06:sending signal using command: 'ssh -T mic0 killall -2 lud_check' after 0.61207632887s
2016-10-25 15:37:06:shell stdout: 
2016-10-25 15:37:07:sending signal using command: 'ssh -T mic0 killall -2 lud_check' after 1.69171897931s
2016-10-25 15:37:07:shell stdout: 
2016-10-25 15:37:11:sending signal using command: 'ssh -T mic0 killall -2 lud_check' after 4.55857325805s
2016-10-25 15:37:11:shell stdout: 
2016-10-25 15:37:12:sending signal using command: 'ssh -T mic0 killall -2 lud_check' after 5.67702728086s
2016-10-25 15:37:12:shell stdout: 
2016-10-25 15:37:12:sending signal using command: 'ssh -T mic0 killall -2 lud_check' after 5.8869113125s
2016-10-25 15:37:12:shell stdout: 
2016-10-25 15:37:13:sending signal using command: 'ssh -T mic0 killall -2 lud_check' after 6.61273333981s
2016-10-25 15:37:13:shell stdout: 
2016-10-25 15:37:13:sending signal using command: 'ssh -T mic0 killall -2 lud_check' after 6.67454706735s
2016-10-25 15:37:13:shell stdout: 
2016-10-25 15:37:13:sending signal using command: 'ssh -T mic0 killall -2 lud_check' after 6.8599254899s
2016-10-25 15:37:13:shell stdout: 
2016-10-25 15:37:14:sending signal using command: 'ssh -T mic0 killall -2 lud_check' after 7.65631637452s
2016-10-25 15:37:14:shell stdout: 
2016-10-25 15:37:21:no gdbExecName running, out:
2016-10-25 15:37:21:checCmd:ps -e | grep -i gdb-mic
2016-10-25 15:37:21:finished now-timestampStart < maxWaitTime*5
2016-10-25 15:37:21:now: 1477424241
2016-10-25 15:37:21:timestampStart: 1477424225
2016-10-25 15:37:21:kill cmd: killall -9 gdb-mic
2016-10-25 15:37:21:shell stdout: 
2016-10-25 15:37:22:kill cmd: ssh -T mic0 killall -9 lud_check
2016-10-25 15:37:22:shell stdout: 
2016-10-25 15:37:22:kill cmd: ssh -T mic0 killall -9 gdbserver
2016-10-25 15:37:22:shell stdout: 
2016-10-25 15:37:22:kill cmd: ssh -T mic0 killall -9 sshd
2016-10-25 15:37:22:shell stdout: 
