#HEADER matrix_dim:2048 threads:228
#BEGIN Y:2017 M:01 D:24 Time:04:21:44
#IT Ite:0 KerTime:16.216189 AccTime:16.216189
#ERR  p: [837, 1728], r: 4.1005003452301025e-01, e: 4.1016766428947449e-01
#ERR  p: [792, 1728], r: 3.9168310165405273e-01, e: 3.9222082495689392e-01
#ERR  p: [810, 1728], r: 3.9894008636474609e-01, e: 3.9934173226356506e-01
#ERR  p: [819, 1728], r: 4.0277022123336792e-01, e: 4.0288078784942627e-01
#ERR  p: [801, 1728], r: 3.9500552415847778e-01, e: 3.9567962288856506e-01
#ERR  p: [784, 1728], r: -5.7311325073242188e+00, e: 3.8899898529052734e-01
#ERR  p: [846, 1728], r: 4.1425472497940063e-01, e: 4.1397282481193542e-01
#ERR  p: [855, 1728], r: 4.1778156161308289e-01, e: 4.1768854856491089e-01
#ERR  p: [828, 1728], r: 4.0560445189476013e-01, e: 4.0655639767646790e-01
#ERR  p: [837, 1729], r: 4.0968871116638184e-01, e: 4.0980616211891174e-01
#ERR  p: [792, 1729], r: 3.9125758409500122e-01, e: 3.9179253578186035e-01
#ERR  p: [864, 1728], r: 4.2101687192916870e-01, e: 4.2152702808380127e-01
#ERR  p: [873, 1728], r: 4.2469465732574463e-01, e: 4.2532700300216675e-01
#ERR  p: [882, 1728], r: 4.2949995398521423e-01, e: 4.2916342616081238e-01
#ERR  p: [891, 1728], r: 4.3142005801200867e-01, e: 4.3291872739791870e-01
#ERR  p: [810, 1729], r: 3.9848923683166504e-01, e: 3.9888864755630493e-01
#ERR  p: [819, 1729], r: 4.0238568186759949e-01, e: 4.0249326825141907e-01
#ERR  p: [918, 1728], r: 4.4440889358520508e-01, e: 4.4484758377075195e-01
#ERR  p: [900, 1728], r: 4.3674230575561523e-01, e: 4.3689537048339844e-01
#ERR  p: [909, 1728], r: 4.4160550832748413e-01, e: 4.4083622097969055e-01
#ERR  p: [981, 1728], r: 4.7378051280975342e-01, e: 4.7378087043762207e-01
#ERR  p: [846, 1729], r: 4.1382738947868347e-01, e: 4.1354811191558838e-01
#ERR  p: [936, 1728], r: 4.5350617170333862e-01, e: 4.5287048816680908e-01
#ERR  p: [927, 1728], r: 4.4859933853149414e-01, e: 4.4879248738288879e-01
#ERR  p: [963, 1728], r: 4.6539390087127686e-01, e: 4.6519553661346436e-01
#ERR  p: [1044, 1728], r: 5.0492209196090698e-01, e: 5.0461465120315552e-01
#ERR  p: [784, 1729], r: -5.7253417968750000e+00, e: 3.8865330815315247e-01
#ERR  p: [801, 1729], r: 3.9461049437522888e-01, e: 3.9528143405914307e-01
#ERR  p: [945, 1728], r: 4.5696771144866943e-01, e: 4.5698305964469910e-01
#ERR  p: [1098, 1728], r: 5.3216552734375000e-01, e: 5.3252768516540527e-01
#ERR  p: [954, 1728], r: 4.6133559942245483e-01, e: 4.6108657121658325e-01
#ERR  p: [972, 1728], r: 4.6968957781791687e-01, e: 4.6946439146995544e-01
#ERR  p: [990, 1728], r: 4.7824248671531677e-01, e: 4.7802174091339111e-01
#ERR  p: [1008, 1728], r: 4.8616933822631836e-01, e: 4.8662874102592468e-01
#ERR  p: [1026, 1728], r: 4.9486878514289856e-01, e: 4.9546322226524353e-01
#ERR  p: [999, 1728], r: 4.8241624236106873e-01, e: 4.8230400681495667e-01
#ERR  p: [1017, 1728], r: 4.9118864536285400e-01, e: 4.9104887247085571e-01
#ERR  p: [1080, 1728], r: 5.2311217784881592e-01, e: 5.2310955524444580e-01
#ERR  p: [1089, 1728], r: 5.2799266576766968e-01, e: 5.2783739566802979e-01
#ERR  p: [1107, 1728], r: 5.3710502386093140e-01, e: 5.3741610050201416e-01
#ERR  p: [1035, 1728], r: 5.0019907951354980e-01, e: 5.0005549192428589e-01
#ERR  p: [1134, 1728], r: 5.5268985033035278e-01, e: 5.5201643705368042e-01
#ERR  p: [1143, 1728], r: 5.5739414691925049e-01, e: 5.5704849958419800e-01
#ERR  p: [1125, 1728], r: 5.4736757278442383e-01, e: 5.4728871583938599e-01
#ERR  p: [1071, 1728], r: 5.1837182044982910e-01, e: 5.1842850446701050e-01
#ERR  p: [1116, 1728], r: 5.4247879981994629e-01, e: 5.4229015111923218e-01
#ERR  p: [1053, 1728], r: 5.0897479057312012e-01, e: 5.0912767648696899e-01
#ERR  p: [1062, 1728], r: 5.1359659433364868e-01, e: 5.1372802257537842e-01
#ERR  p: [1980, 1728], r: 1.5540465712547302e-02, e: 1.5535905957221985e-02
#ERR  p: [2040, 1728], r: 1.4629766345024109e-02, e: 1.4628782868385315e-02
#ERR  p: [1926, 1728], r: 1.6392558813095093e-02, e: 1.6396164894104004e-02
#ERR  p: [2016, 1728], r: 1.4984607696533203e-02, e: 1.4985501766204834e-02
#ERR  p: [1944, 1728], r: 1.6102612018585205e-02, e: 1.6102075576782227e-02
#ERR  p: [1971, 1728], r: 1.5678063035011292e-02, e: 1.5672892332077026e-02
#ERR  p: [2007, 1728], r: 1.5124693512916565e-02, e: 1.5120044350624084e-02
#ERR  p: [792, 1730], r: 3.9085263013839722e-01, e: 3.9138868451118469e-01
#ERR  p: [810, 1730], r: 3.9815473556518555e-01, e: 3.9855524897575378e-01
#ERR  p: [828, 1729], r: 4.0522485971450806e-01, e: 4.0617457032203674e-01
#ERR  p: [1179, 1728], r: 5.7774215936660767e-01, e: 5.7749831676483154e-01
#ERR  p: [1197, 1728], r: 5.8827096223831177e-01, e: 5.8802038431167603e-01
#ERR  p: [855, 1729], r: 4.1736772656440735e-01, e: 4.1727840900421143e-01
#ERR  p: [837, 1730], r: 4.0929418802261353e-01, e: 4.0941110253334045e-01
#ERR  p: [864, 1729], r: 4.2056336998939514e-01, e: 4.2107653617858887e-01
#ERR  p: [873, 1729], r: 4.2418909072875977e-01, e: 4.2482140660285950e-01
#ERR  p: [882, 1729], r: 4.2905825376510620e-01, e: 4.2872619628906250e-01
#ERR  p: [891, 1729], r: 4.3103671073913574e-01, e: 4.3253463506698608e-01
#ERR  p: [1161, 1728], r: 5.6817036867141724e-01, e: 5.6720477342605591e-01
#ERR  p: [1152, 1728], r: 5.6217139959335327e-01, e: 5.6224149465560913e-01
#ERR  p: [1251, 1728], r: 6.2052589654922485e-01, e: 6.2066388130187988e-01
#ERR  p: [1188, 1728], r: 5.8303970098495483e-01, e: 5.8267503976821899e-01
#ERR  p: [1170, 1728], r: 5.7197618484497070e-01, e: 5.7239902019500732e-01
#ERR  p: [2032, 1728], r: 1.4751806855201721e-02, e: 1.4746785163879395e-02
#ERR  p: [1224, 1728], r: 6.0354727506637573e-01, e: 6.0408544540405273e-01
#ERR  p: [801, 1730], r: 3.9429122209548950e-01, e: 3.9496216177940369e-01
#ERR  p: [1233, 1728], r: 6.0909372568130493e-01, e: 6.0954993963241577e-01
#ERR  p: [1215, 1728], r: 5.9827631711959839e-01, e: 5.9877157211303711e-01
#ERR  p: [784, 1730], r: -5.7197446823120117e+00, e: 3.8821518421173096e-01
#ERR  p: [819, 1730], r: 4.0200862288475037e-01, e: 4.0211844444274902e-01
#ERR  p: [792, 1731], r: 3.9054048061370850e-01, e: 3.9107617735862732e-01
#ERR  p: [810, 1731], r: 3.9774078130722046e-01, e: 3.9813980460166931e-01
#ERR  p: [846, 1730], r: 4.1339597105979919e-01, e: 4.1311854124069214e-01
#ERR  p: [900, 1729], r: 4.3630290031433105e-01, e: 4.3645539879798889e-01
#ERR  p: [909, 1729], r: 4.4121283292770386e-01, e: 4.4044429063796997e-01
#ERR  p: [927, 1729], r: 4.4826671481132507e-01, e: 4.4845017790794373e-01
#ERR  p: [972, 1729], r: 4.6924555301666260e-01, e: 4.6902668476104736e-01
#ERR  p: [918, 1729], r: 4.4399315118789673e-01, e: 4.4442662596702576e-01
#ERR  p: [828, 1730], r: 4.0479305386543274e-01, e: 4.0574279427528381e-01
#ERR  p: [1053, 1729], r: 5.0853919982910156e-01, e: 5.0871449708938599e-01
#ERR  p: [1206, 1728], r: 5.9217017889022827e-01, e: 5.9328734874725342e-01
#ERR  p: [1242, 1728], r: 6.1556941270828247e-01, e: 6.1496877670288086e-01
#ERR  p: [1269, 1728], r: 6.3285881280899048e-01, e: 6.3180750608444214e-01
#ERR  p: [1296, 1728], r: 6.4923006296157837e-01, e: 6.4937549829483032e-01
#ERR  p: [1494, 1728], r: 7.9146254062652588e-01, e: 7.9148119688034058e-01
#ERR  p: [1458, 1728], r: 7.6340025663375854e-01, e: 7.6326680183410645e-01
#ERR  p: [936, 1729], r: 4.5301440358161926e-01, e: 4.5240107178688049e-01
#ERR  p: [1890, 1728], r: 1.6998797655105591e-02, e: 1.6995847225189209e-02
#ERR  p: [1899, 1728], r: 1.6845911741256714e-02, e: 1.6843855381011963e-02
#ERR  p: [945, 1729], r: 4.5657709240913391e-01, e: 4.5660954713821411e-01
#ERR  p: [1260, 1728], r: 6.2625259160995483e-01, e: 6.2624961137771606e-01
#ERR  p: [1908, 1728], r: 1.6693413257598877e-02, e: 1.6691356897354126e-02
#ERR  p: [1917, 1728], r: 1.6547620296478271e-02, e: 1.6544610261917114e-02
#ERR  p: [1935, 1728], r: 1.6254365444183350e-02, e: 1.6245365142822266e-02
#ERR  p: [1278, 1728], r: 6.3725036382675171e-01, e: 6.3769727945327759e-01
#ERR  p: [1287, 1728], r: 6.4404857158660889e-01, e: 6.4358401298522949e-01
#ERR  p: [1989, 1728], r: 1.5399008989334106e-02, e: 1.5394568443298340e-02
#ERR  p: [1998, 1728], r: 1.5263572335243225e-02, e: 1.5255153179168701e-02
#ERR  p: [1305, 1728], r: 6.5500724315643311e-01, e: 6.5508216619491577e-01
#ERR  p: [2024, 1728], r: 1.4867797493934631e-02, e: 1.4862805604934692e-02
#ERR  p: [1386, 1728], r: 7.1033585071563721e-01, e: 7.1015834808349609e-01
#ERR  p: [954, 1729], r: 4.6088746190071106e-01, e: 4.6063953638076782e-01
#ERR  p: [963, 1729], r: 4.6505093574523926e-01, e: 4.6486067771911621e-01
#ERR  p: [981, 1729], r: 4.7325420379638672e-01, e: 4.7325941920280457e-01
#ERR  p: [990, 1729], r: 4.7788155078887939e-01, e: 4.7766453027725220e-01
#ERR  p: [1953, 1728], r: 1.5964061021804810e-02, e: 1.5955746173858643e-02
#ERR  p: [1962, 1728], r: 1.5819132328033447e-02, e: 1.5814453363418579e-02
#ERR  p: [999, 1729], r: 4.8199602961540222e-01, e: 4.8187187314033508e-01
#ERR  p: [1008, 1729], r: 4.8579794168472290e-01, e: 4.8625063896179199e-01
#ERR  p: [1017, 1729], r: 4.9070888757705688e-01, e: 4.9056351184844971e-01
#ERR  p: [1350, 1728], r: 6.8485337495803833e-01, e: 6.8515419960021973e-01
#ERR  p: [1341, 1728], r: 6.7966359853744507e-01, e: 6.7912513017654419e-01
#ERR  p: [1026, 1729], r: 4.9444121122360229e-01, e: 4.9503487348556519e-01
#ERR  p: [1314, 1728], r: 6.6133993864059448e-01, e: 6.6106456518173218e-01
#ERR  p: [1323, 1728], r: 6.6653138399124146e-01, e: 6.6682070493698120e-01
#ERR  p: [1035, 1729], r: 4.9973481893539429e-01, e: 4.9959871172904968e-01
#ERR  p: [1332, 1728], r: 6.7304450273513794e-01, e: 6.7291831970214844e-01
#ERR  p: [1044, 1729], r: 5.0435197353363037e-01, e: 5.0403481721878052e-01
#ERR  p: [1368, 1728], r: 6.9752031564712524e-01, e: 6.9756239652633667e-01
#ERR  p: [1377, 1728], r: 7.0325499773025513e-01, e: 7.0386296510696411e-01
#ERR  p: [1404, 1728], r: 7.2336393594741821e-01, e: 7.2310602664947510e-01
#ERR  p: [1395, 1728], r: 7.1660482883453369e-01, e: 7.1671968698501587e-01
#ERR  p: [1413, 1728], r: 7.2965997457504272e-01, e: 7.2949898242950439e-01
#ERR  p: [1125, 1729], r: 5.4679745435714722e-01, e: 5.4670011997222900e-01
#ERR  p: [1422, 1728], r: 7.3651468753814697e-01, e: 7.3646175861358643e-01
#ERR  p: [1440, 1728], r: 7.4986314773559570e-01, e: 7.4960142374038696e-01
#ERR  p: [1431, 1728], r: 7.4345302581787109e-01, e: 7.4311000108718872e-01
#ERR  p: [1449, 1728], r: 7.5597757101058960e-01, e: 7.5649136304855347e-01
#ERR  p: [1881, 1728], r: 1.7151564359664917e-02, e: 1.7149001359939575e-02
#ERR  p: [1485, 1728], r: 7.8404515981674194e-01, e: 7.8416144847869873e-01
#ERR  p: [1062, 1729], r: 5.1309233903884888e-01, e: 5.1318496465682983e-01
#ERR  p: [1872, 1728], r: 1.7309784889221191e-02, e: 1.7307817935943604e-02
#ERR  p: [1071, 1729], r: 5.1792347431182861e-01, e: 5.1795035600662231e-01
#ERR  p: [1080, 1729], r: 5.2236807346343994e-01, e: 5.2241545915603638e-01
#ERR  p: [1089, 1729], r: 5.2744466066360474e-01, e: 5.2728122472763062e-01
#ERR  p: [1098, 1729], r: 5.3174930810928345e-01, e: 5.3210955858230591e-01
#ERR  p: [1116, 1729], r: 5.4184210300445557e-01, e: 5.4166167974472046e-01
#ERR  p: [1107, 1729], r: 5.3663361072540283e-01, e: 5.3697150945663452e-01
#ERR  p: [1134, 1729], r: 5.5219024419784546e-01, e: 5.5150192975997925e-01
#ERR  p: [1143, 1729], r: 5.5697727203369141e-01, e: 5.5665248632431030e-01
#ERR  p: [1197, 1729], r: 5.8783018589019775e-01, e: 5.8756250143051147e-01
#ERR  p: [1179, 1729], r: 5.7713884115219116e-01, e: 5.7690620422363281e-01
#ERR  p: [1359, 1728], r: 6.9195669889450073e-01, e: 6.9147640466690063e-01
#ERR  p: [801, 1731], r: 3.9389190077781677e-01, e: 3.9456245303153992e-01
#ERR  p: [1476, 1728], r: 7.7692610025405884e-01, e: 7.7707725763320923e-01
#ERR  p: [837, 1731], r: 4.0888234972953796e-01, e: 4.0899831056594849e-01
#ERR  p: [864, 1730], r: 4.2017850279808044e-01, e: 4.2068344354629517e-01
#ERR  p: [855, 1730], r: 4.1696876287460327e-01, e: 4.1687220335006714e-01
#ERR  p: [873, 1730], r: 4.2377001047134399e-01, e: 4.2439714074134827e-01
#ERR  p: [1467, 1728], r: 7.6972019672393799e-01, e: 7.7009749412536621e-01
#ERR  p: [2040, 1729], r: 1.4641471207141876e-02, e: 1.4636822044849396e-02
#ERR  p: [891, 1730], r: 4.3062466382980347e-01, e: 4.3211999535560608e-01
#ERR  p: [1944, 1729], r: 1.6118315979838371e-02, e: 1.6115428879857063e-02
#ERR  p: [1971, 1729], r: 1.5689825639128685e-02, e: 1.5686385333538055e-02
#ERR  p: [882, 1730], r: 4.2861583828926086e-01, e: 4.2828676104545593e-01
#ERR  p: [1926, 1729], r: 1.6410712152719498e-02, e: 1.6405826434493065e-02
#ERR  p: [2007, 1729], r: 1.5137081965804100e-02, e: 1.5130316838622093e-02
#ERR  p: [1980, 1729], r: 1.5546887181699276e-02, e: 1.5542120672762394e-02
#ERR  p: [2016, 1729], r: 1.5002052299678326e-02, e: 1.4998005703091621e-02
#ERR  p: [1521, 1728], r: 8.1273192167282104e-01, e: 8.1287336349487305e-01
#ERR  p: [1656, 1728], r: 9.3051344156265259e-01, e: 9.3040382862091064e-01
#ERR  p: [1170, 1729], r: 5.7131576538085938e-01, e: 5.7176011800765991e-01
#ERR  p: [1539, 1728], r: 8.2749354839324951e-01, e: 8.2773476839065552e-01
#ERR  p: [1503, 1728], r: 7.9900240898132324e-01, e: 7.9829096794128418e-01
#ERR  p: [1512, 1728], r: 8.0583333969116211e-01, e: 8.0562382936477661e-01
#ERR  p: [1530, 1728], r: 8.2008457183837891e-01, e: 8.2057607173919678e-01
#ERR  p: [1152, 1729], r: 5.6157028675079346e-01, e: 5.6165528297424316e-01
#ERR  p: [784, 1731], r: -5.7139210700988770e+00, e: 3.8788479566574097e-01
#ERR  p: [1161, 1729], r: 5.6760233640670776e-01, e: 5.6660580635070801e-01
#ERR  p: [1593, 1728], r: 8.7350350618362427e-01, e: 8.7383687496185303e-01
#ERR  p: [1602, 1728], r: 8.8168799877166748e-01, e: 8.8161343336105347e-01
#ERR  p: [1791, 1728], r: 1.8768161535263062e-02, e: 1.8764197826385498e-02
#ERR  p: [1647, 1728], r: 9.2230099439620972e-01, e: 9.2215037345886230e-01
#ERR  p: [1188, 1729], r: 5.8244818449020386e-01, e: 5.8219403028488159e-01
#ERR  p: [1638, 1728], r: 9.1333782672882080e-01, e: 9.1370469331741333e-01
#ERR  p: [1629, 1728], r: 9.0567392110824585e-01, e: 9.0565454959869385e-01
#ERR  p: [1584, 1728], r: 8.6606299877166748e-01, e: 8.6570060253143311e-01
#ERR  p: [1566, 1728], r: 8.5035294294357300e-01, e: 8.5054016113281250e-01
#ERR  p: [1827, 1728], r: 1.8106281757354736e-02, e: 1.8100261688232422e-02
#ERR  p: [1845, 1728], r: 1.7776697874069214e-02, e: 1.7776519060134888e-02
#ERR  p: [1620, 1728], r: 8.9758658409118652e-01, e: 8.9770036935806274e-01
#ERR  p: [1854, 1728], r: 1.7617583274841309e-02, e: 1.7614066600799561e-02
#ERR  p: [1557, 1728], r: 8.4292966127395630e-01, e: 8.4285807609558105e-01
#ERR  p: [1611, 1728], r: 8.8954156637191772e-01, e: 8.8953262567520142e-01
#ERR  p: [1710, 1728], r: 9.8206239938735962e-01, e: 9.8221153020858765e-01
#ERR  p: [1863, 1728], r: 1.7461895942687988e-02, e: 1.7457872629165649e-02
#ERR  p: [1575, 1728], r: 8.5802459716796875e-01, e: 8.5834491252899170e-01
#ERR  p: [1215, 1729], r: 5.9775424003601074e-01, e: 5.9825545549392700e-01
#ERR  p: [1224, 1729], r: 6.0303449630737305e-01, e: 6.0354840755462646e-01
#ERR  p: [1233, 1729], r: 6.0835719108581543e-01, e: 6.0880529880523682e-01
#ERR  p: [1665, 1728], r: 9.3897247314453125e-01, e: 9.3887656927108765e-01
#ERR  p: [1674, 1728], r: 9.4713240861892700e-01, e: 9.4756048917770386e-01
#ERR  p: [1683, 1728], r: 9.5617902278900146e-01, e: 9.5608037710189819e-01
#ERR  p: [1692, 1728], r: 9.6385437250137329e-01, e: 9.6462839841842651e-01
#ERR  p: [1701, 1728], r: 9.7366195917129517e-01, e: 9.7317063808441162e-01
#ERR  p: [1728, 1728], r: 1.9996434450149536e-02, e: 1.9988745450973511e-02
#ERR  p: [1719, 1728], r: 9.9115556478500366e-01, e: 9.9118095636367798e-01
#ERR  p: [1737, 1728], r: 1.9815117120742798e-02, e: 1.9806236028671265e-02
#ERR  p: [1764, 1728], r: 1.9284695386886597e-02, e: 1.9274801015853882e-02
#ERR  p: [1755, 1728], r: 1.9457459449768066e-02, e: 1.9452452659606934e-02
#ERR  p: [1746, 1728], r: 1.9642770290374756e-02, e: 1.9632846117019653e-02
#ERR  p: [1773, 1728], r: 1.9122332334518433e-02, e: 1.9105941057205200e-02
#ERR  p: [1782, 1728], r: 1.8938511610031128e-02, e: 1.8932342529296875e-02
#ERR  p: [1800, 1728], r: 1.8605679273605347e-02, e: 1.8602579832077026e-02
#ERR  p: [1818, 1728], r: 1.8265664577484131e-02, e: 1.8260926008224487e-02
#ERR  p: [1809, 1728], r: 1.8421560525894165e-02, e: 1.8422901630401611e-02
#ERR  p: [792, 1732], r: 3.9006838202476501e-01, e: 3.9060407876968384e-01
#ERR  p: [810, 1732], r: 3.9734140038490295e-01, e: 3.9774078130722046e-01
#ERR  p: [819, 1731], r: 4.0160703659057617e-01, e: 4.0171536803245544e-01
#ERR  p: [1836, 1728], r: 1.7948985099792480e-02, e: 1.7942875623703003e-02
#ERR  p: [1548, 1728], r: 8.3506166934967041e-01, e: 8.3519959449768066e-01
#ERR  p: [1251, 1729], r: 6.2002289295196533e-01, e: 6.2008702754974365e-01
#ERR  p: [828, 1731], r: 4.0442276000976562e-01, e: 4.0537101030349731e-01
#ERR  p: [846, 1731], r: 4.1301003098487854e-01, e: 4.1273149847984314e-01
#ERR  p: [900, 1730], r: 4.3587225675582886e-01, e: 4.3602234125137329e-01
#ERR  p: [909, 1730], r: 4.4080600142478943e-01, e: 4.4003334641456604e-01
#ERR  p: [784, 1732], r: -5.7081279754638672e+00, e: 3.8752794265747070e-01
#ERR  p: [792, 1733], r: 3.8968205451965332e-01, e: 3.9021754264831543e-01
#ERR  p: [1107, 1730], r: 5.3600251674652100e-01, e: 5.3634285926818848e-01
#ERR  p: [1170, 1730], r: 5.7073056697845459e-01, e: 5.7124876976013184e-01
#ERR  p: [1395, 1729], r: 7.1582621335983276e-01, e: 7.1607697010040283e-01
#ERR  p: [801, 1732], r: 3.9349177479743958e-01, e: 3.9415967464447021e-01
#ERR  p: [810, 1733], r: 3.9690098166465759e-01, e: 3.9729961752891541e-01
#ERR  p: [819, 1732], r: 4.0118438005447388e-01, e: 4.0129271149635315e-01
#ERR  p: [837, 1732], r: 4.0846154093742371e-01, e: 4.0858384966850281e-01
#ERR  p: [855, 1731], r: 4.1653478145599365e-01, e: 4.1644024848937988e-01
#ERR  p: [864, 1731], r: 4.1974514722824097e-01, e: 4.2025905847549438e-01
#ERR  p: [873, 1731], r: 4.2336100339889526e-01, e: 4.2398810386657715e-01
#ERR  p: [882, 1731], r: 4.2820927500724792e-01, e: 4.2786222696304321e-01
#ERR  p: [891, 1731], r: 4.3014398217201233e-01, e: 4.3164154887199402e-01
#ERR  p: [918, 1730], r: 4.4342544674873352e-01, e: 4.4386413693428040e-01
#ERR  p: [927, 1730], r: 4.4774764776229858e-01, e: 4.4793483614921570e-01
#ERR  p: [936, 1730], r: 4.5264640450477600e-01, e: 4.5201668143272400e-01
#ERR  p: [945, 1730], r: 4.5608749985694885e-01, e: 4.5610058307647705e-01
#ERR  p: [828, 1732], r: 4.0401634573936462e-01, e: 4.0496307611465454e-01
#ERR  p: [972, 1730], r: 4.6876272559165955e-01, e: 4.6852856874465942e-01
#ERR  p: [846, 1732], r: 4.1264125704765320e-01, e: 4.1235971450805664e-01
#ERR  p: [900, 1731], r: 4.3549773097038269e-01, e: 4.3564853072166443e-01
#ERR  p: [954, 1730], r: 4.6043822169303894e-01, e: 4.6018770337104797e-01
#ERR  p: [990, 1730], r: 4.7739157080650330e-01, e: 4.7715067863464355e-01
#ERR  p: [963, 1730], r: 4.6452549099922180e-01, e: 4.6432170271873474e-01
#ERR  p: [999, 1730], r: 4.8154261708259583e-01, e: 4.8141920566558838e-01
#ERR  p: [981, 1730], r: 4.7281029820442200e-01, e: 4.7280135750770569e-01
#ERR  p: [1008, 1730], r: 4.8528259992599487e-01, e: 4.8572784662246704e-01
#ERR  p: [909, 1731], r: 4.4026044011116028e-01, e: 4.3949785828590393e-01
#ERR  p: [1017, 1730], r: 4.9027013778686523e-01, e: 4.9011877179145813e-01
#ERR  p: [1035, 1730], r: 4.9927243590354919e-01, e: 4.9912327527999878e-01
#ERR  p: [1026, 1730], r: 4.9386161565780640e-01, e: 4.9447402358055115e-01
#ERR  p: [1044, 1730], r: 5.0384134054183960e-01, e: 5.0353628396987915e-01
#ERR  p: [1053, 1730], r: 5.0797384977340698e-01, e: 5.0815361738204956e-01
#ERR  p: [1062, 1730], r: 5.1254743337631226e-01, e: 5.1267439126968384e-01
#ERR  p: [1116, 1730], r: 5.4129040241241455e-01, e: 5.4112416505813599e-01
#ERR  p: [1125, 1730], r: 5.4619807004928589e-01, e: 5.4609924554824829e-01
#ERR  p: [1071, 1730], r: 5.1736849546432495e-01, e: 5.1741850376129150e-01
#ERR  p: [1080, 1730], r: 5.2189725637435913e-01, e: 5.2195173501968384e-01
#ERR  p: [1089, 1730], r: 5.2701658010482788e-01, e: 5.2684271335601807e-01
#ERR  p: [1098, 1730], r: 5.3132373094558716e-01, e: 5.3166872262954712e-01
#ERR  p: [1161, 1730], r: 5.6710857152938843e-01, e: 5.6613695621490479e-01
#ERR  p: [1143, 1730], r: 5.5641645193099976e-01, e: 5.5610066652297974e-01
#ERR  p: [1134, 1730], r: 5.5174875259399414e-01, e: 5.5104547739028931e-01
#ERR  p: [1206, 1729], r: 5.9158921241760254e-01, e: 5.9265416860580444e-01
#ERR  p: [1242, 1729], r: 6.1503815650939941e-01, e: 6.1441290378570557e-01
#ERR  p: [1152, 1730], r: 5.6100869178771973e-01, e: 5.6111013889312744e-01
#ERR  p: [1179, 1730], r: 5.7648932933807373e-01, e: 5.7623058557510376e-01
#ERR  p: [1269, 1729], r: 6.3229662179946899e-01, e: 6.3125729560852051e-01
#ERR  p: [1296, 1729], r: 6.4842146635055542e-01, e: 6.4863109588623047e-01
#ERR  p: [1224, 1730], r: 6.0231393575668335e-01, e: 6.0277640819549561e-01
#ERR  p: [1188, 1730], r: 5.8185791969299316e-01, e: 5.8155137300491333e-01
#ERR  p: [1260, 1729], r: 6.2556046247482300e-01, e: 6.2556421756744385e-01
#ERR  p: [1404, 1729], r: 7.2268706560134888e-01, e: 7.2240000963211060e-01
#ERR  p: [1197, 1730], r: 5.8713889122009277e-01, e: 5.8686220645904541e-01
#ERR  p: [1215, 1730], r: 5.9709042310714722e-01, e: 5.9751629829406738e-01
#ERR  p: [1233, 1730], r: 6.0789537429809570e-01, e: 6.0829347372055054e-01
#ERR  p: [1386, 1729], r: 7.0976835489273071e-01, e: 7.0959836244583130e-01
#ERR  p: [1251, 1730], r: 6.1916750669479370e-01, e: 6.1926519870758057e-01
#ERR  p: [1278, 1729], r: 6.3664680719375610e-01, e: 6.3701540231704712e-01
#ERR  p: [1305, 1729], r: 6.5427494049072266e-01, e: 6.5440249443054199e-01
#ERR  p: [1287, 1729], r: 6.4327377080917358e-01, e: 6.4274728298187256e-01
#ERR  p: [1458, 1729], r: 7.6277965307235718e-01, e: 7.6258796453475952e-01
#ERR  p: [1314, 1729], r: 6.6068989038467407e-01, e: 6.6040331125259399e-01
#ERR  p: [1440, 1729], r: 7.4920397996902466e-01, e: 7.4900037050247192e-01
#ERR  p: [1323, 1729], r: 6.6577827930450439e-01, e: 6.6600424051284790e-01
#ERR  p: [1350, 1729], r: 6.8396121263504028e-01, e: 6.8430233001708984e-01
#ERR  p: [1332, 1729], r: 6.7230206727981567e-01, e: 6.7221987247467041e-01
#ERR  p: [1557, 1729], r: 8.4197598695755005e-01, e: 8.4198272228240967e-01
#ERR  p: [1341, 1729], r: 6.7907959222793579e-01, e: 6.7854332923889160e-01
#ERR  p: [1368, 1729], r: 6.9674861431121826e-01, e: 6.9680565595626831e-01
#ERR  p: [1359, 1729], r: 6.9120794534683228e-01, e: 6.9068437814712524e-01
#ERR  p: [1566, 1729], r: 8.4954977035522461e-01, e: 8.4975337982177734e-01
#ERR  p: [1377, 1729], r: 7.0262771844863892e-01, e: 7.0319783687591553e-01
#ERR  p: [1422, 1729], r: 7.3577553033828735e-01, e: 7.3581504821777344e-01
#ERR  p: [1647, 1729], r: 9.2169386148452759e-01, e: 9.2170429229736328e-01
#ERR  p: [1431, 1729], r: 7.4269801378250122e-01, e: 7.4238699674606323e-01
#ERR  p: [1413, 1729], r: 7.2886824607849121e-01, e: 7.2880637645721436e-01
#ERR  p: [1755, 1729], r: 1.9474409520626068e-02, e: 1.9464418292045593e-02
#ERR  p: [1476, 1729], r: 7.7622473239898682e-01, e: 7.7637833356857300e-01
#ERR  p: [1467, 1729], r: 7.6893645524978638e-01, e: 7.6943385601043701e-01
#ERR  p: [1449, 1729], r: 7.5520431995391846e-01, e: 7.5579637289047241e-01
#ERR  p: [1494, 1729], r: 7.9080325365066528e-01, e: 7.9058963060379028e-01
#ERR  p: [1485, 1729], r: 7.8340905904769897e-01, e: 7.8333896398544312e-01
#ERR  p: [1521, 1729], r: 8.1182289123535156e-01, e: 8.1198209524154663e-01
#ERR  p: [1512, 1729], r: 8.0519062280654907e-01, e: 8.0497509241104126e-01
#ERR  p: [1503, 1729], r: 7.9805237054824829e-01, e: 7.9762130975723267e-01
#ERR  p: [1539, 1729], r: 8.2672250270843506e-01, e: 8.2697117328643799e-01
#ERR  p: [1530, 1729], r: 8.1934618949890137e-01, e: 8.1975269317626953e-01
#ERR  p: [1548, 1729], r: 8.3409988880157471e-01, e: 8.3441305160522461e-01
#ERR  p: [1575, 1729], r: 8.5721838474273682e-01, e: 8.5743910074234009e-01
#ERR  p: [1584, 1729], r: 8.6514884233474731e-01, e: 8.6475813388824463e-01
#ERR  p: [1602, 1729], r: 8.8110995292663574e-01, e: 8.8090157508850098e-01
#ERR  p: [1593, 1729], r: 8.7258857488632202e-01, e: 8.7284731864929199e-01
#ERR  p: [2024, 1729], r: 1.4877161942422390e-02, e: 1.4873946085572243e-02
#ERR  p: [1611, 1729], r: 8.8867813348770142e-01, e: 8.8856923580169678e-01
#ERR  p: [1620, 1729], r: 8.9658945798873901e-01, e: 8.9658087491989136e-01
#ERR  p: [1629, 1729], r: 9.0492445230484009e-01, e: 9.0480214357376099e-01
#ERR  p: [1638, 1729], r: 9.1269797086715698e-01, e: 9.1303914785385132e-01
#ERR  p: [1665, 1729], r: 9.3805980682373047e-01, e: 9.3797403573989868e-01
#ERR  p: [1656, 1729], r: 9.2937612533569336e-01, e: 9.2940747737884521e-01
#ERR  p: [1674, 1729], r: 9.4620245695114136e-01, e: 9.4660216569900513e-01
#ERR  p: [1683, 1729], r: 9.5549291372299194e-01, e: 9.5539873838424683e-01
#ERR  p: [1692, 1729], r: 9.6326977014541626e-01, e: 9.6378052234649658e-01
#ERR  p: [1701, 1729], r: 9.7272253036499023e-01, e: 9.7224313020706177e-01
#ERR  p: [1710, 1729], r: 9.8093777894973755e-01, e: 9.8105561733245850e-01
#ERR  p: [1719, 1729], r: 9.9032706022262573e-01, e: 9.9021440744400024e-01
#ERR  p: [1728, 1729], r: 9.9843806028366089e-01, e: 9.9897271394729614e-01
#ERR  p: [1746, 1729], r: 1.9647434353828430e-02, e: 1.9639663398265839e-02
#ERR  p: [1737, 1729], r: 1.9824579358100891e-02, e: 1.9820265471935272e-02
#ERR  p: [1764, 1729], r: 1.9301226362586021e-02, e: 1.9296001642942429e-02
#ERR  p: [1773, 1729], r: 1.9118374213576317e-02, e: 1.9115613773465157e-02
#ERR  p: [1791, 1729], r: 1.8786657601594925e-02, e: 1.8778616562485695e-02
#ERR  p: [1782, 1729], r: 1.8953816965222359e-02, e: 1.8947411328554153e-02
#ERR  p: [1809, 1729], r: 1.8448010087013245e-02, e: 1.8441798165440559e-02
#ERR  p: [784, 1733], r: -5.7025527954101562e+00, e: 3.8704842329025269e-01
#ERR  p: [792, 1734], r: 3.8930878043174744e-01, e: 3.8984277844429016e-01
#ERR  p: [801, 1733], r: 3.9306029677391052e-01, e: 3.9372974634170532e-01
#ERR  p: [837, 1733], r: 4.0810173749923706e-01, e: 4.0822067856788635e-01
#ERR  p: [1395, 1730], r: 7.1515142917633057e-01, e: 7.1542644500732422e-01
#ERR  p: [819, 1733], r: 4.0080571174621582e-01, e: 4.0091478824615479e-01
#ERR  p: [810, 1734], r: 3.9655974507331848e-01, e: 3.9695692062377930e-01
#ERR  p: [855, 1732], r: 4.1611048579216003e-01, e: 4.1601538658142090e-01
#ERR  p: [1062, 1731], r: 5.1212888956069946e-01, e: 5.1225215196609497e-01
#ERR  p: [1053, 1731], r: 5.0741076469421387e-01, e: 5.0759345293045044e-01
#ERR  p: [1044, 1731], r: 5.0339591503143311e-01, e: 5.0308662652969360e-01
#ERR  p: [828, 1733], r: 4.0357744693756104e-01, e: 4.0452232956886292e-01
#ERR  p: [1080, 1731], r: 5.2135151624679565e-01, e: 5.2139180898666382e-01
#ERR  p: [846, 1733], r: 4.1215798258781433e-01, e: 4.1188019514083862e-01
#ERR  p: [1071, 1731], r: 5.1681429147720337e-01, e: 5.1684635877609253e-01
#ERR  p: [864, 1732], r: 4.1931924223899841e-01, e: 4.1982719302177429e-01
#ERR  p: [873, 1732], r: 4.2295423150062561e-01, e: 4.2357799410820007e-01
#ERR  p: [1107, 1731], r: 5.3544527292251587e-01, e: 5.3576397895812988e-01
#ERR  p: [882, 1732], r: 4.2777869105339050e-01, e: 4.2744886875152588e-01
#ERR  p: [891, 1732], r: 4.2975953221321106e-01, e: 4.3125635385513306e-01
#ERR  p: [1170, 1731], r: 5.7017213106155396e-01, e: 5.7063746452331543e-01
#ERR  p: [900, 1732], r: 4.3500536680221558e-01, e: 4.3516141176223755e-01
#ERR  p: [909, 1732], r: 4.3983608484268188e-01, e: 4.3907424807548523e-01
#ERR  p: [1800, 1729], r: 1.8609378486871719e-02, e: 1.8600024282932281e-02
#ERR  p: [1818, 1729], r: 1.8280962482094765e-02, e: 1.8272919580340385e-02
#ERR  p: [927, 1731], r: 4.4739413261413574e-01, e: 4.4757685065269470e-01
#ERR  p: [1836, 1729], r: 1.7949840053915977e-02, e: 1.7946466803550720e-02
#ERR  p: [1827, 1729], r: 1.8115518614649773e-02, e: 1.8111852928996086e-02
#ERR  p: [918, 1731], r: 4.4311577081680298e-01, e: 4.4354981184005737e-01
#ERR  p: [1845, 1729], r: 1.7793258652091026e-02, e: 1.7789952456951141e-02
#ERR  p: [1863, 1729], r: 1.7483120784163475e-02, e: 1.7476908862590790e-02
#ERR  p: [1872, 1729], r: 1.7319714650511742e-02, e: 1.7310488969087601e-02
#ERR  p: [1881, 1729], r: 1.7162380740046501e-02, e: 1.7158631235361099e-02
#ERR  p: [1854, 1729], r: 1.7639974132180214e-02, e: 1.7634129151701927e-02
#ERR  p: [1890, 1729], r: 1.7009137198328972e-02, e: 1.7004605382680893e-02
#ERR  p: [1899, 1729], r: 1.6859289258718491e-02, e: 1.6852814704179764e-02
#ERR  p: [1908, 1729], r: 1.6709294170141220e-02, e: 1.6702216118574142e-02
#ERR  p: [1917, 1729], r: 1.6558565199375153e-02, e: 1.6553411260247231e-02
#ERR  p: [1926, 1730], r: 1.6420938074588776e-02, e: 1.6424797475337982e-02
#ERR  p: [1944, 1730], r: 1.6130182892084122e-02, e: 1.6130615025758743e-02
#ERR  p: [1935, 1729], r: 1.6264703124761581e-02, e: 1.6260117292404175e-02
#ERR  p: [1953, 1729], r: 1.5975734218955040e-02, e: 1.5969336032867432e-02
#ERR  p: [2040, 1730], r: 1.4656703919172287e-02, e: 1.4660617336630821e-02
#ERR  p: [1980, 1730], r: 1.5559285879135132e-02, e: 1.5562519431114197e-02
#ERR  p: [1971, 1730], r: 1.5702955424785614e-02, e: 1.5703383833169937e-02
#ERR  p: [2016, 1730], r: 1.5009105205535889e-02, e: 1.5009153634309769e-02
#ERR  p: [1989, 1729], r: 1.5412511304020882e-02, e: 1.5405510552227497e-02
#ERR  p: [2032, 1729], r: 1.4758576638996601e-02, e: 1.4752978459000587e-02
#ERR  p: [1998, 1729], r: 1.5269531868398190e-02, e: 1.5266190283000469e-02
#ERR  p: [1962, 1729], r: 1.5831263735890388e-02, e: 1.5826407819986343e-02
#ERR  p: [2007, 1730], r: 1.5146821737289429e-02, e: 1.5149673447012901e-02
#ERR  p: [784, 1734], r: -5.6968383789062500e+00, e: 3.8670650124549866e-01
#ERR  p: [792, 1735], r: 3.8894370198249817e-01, e: 3.8947713375091553e-01
#ERR  p: [801, 1734], r: 3.9268589019775391e-01, e: 3.9335539937019348e-01
#ERR  p: [936, 1731], r: 4.5212367177009583e-01, e: 4.5149692893028259e-01
#ERR  p: [945, 1731], r: 4.5565301179885864e-01, e: 4.5567879080772400e-01
#ERR  p: [954, 1731], r: 4.5997333526611328e-01, e: 4.5972800254821777e-01
#ERR  p: [810, 1735], r: 3.9615586400032043e-01, e: 3.9655491709709167e-01
#ERR  p: [963, 1731], r: 4.6411326527595520e-01, e: 4.6390661597251892e-01
#ERR  p: [972, 1731], r: 4.6831530332565308e-01, e: 4.6808117628097534e-01
#ERR  p: [819, 1734], r: 4.0037792921066284e-01, e: 4.0048336982727051e-01
#ERR  p: [981, 1731], r: 4.7230356931686401e-01, e: 4.7230282425880432e-01
#ERR  p: [837, 1734], r: 4.0767440199851990e-01, e: 4.0779206156730652e-01
#ERR  p: [882, 1733], r: 4.2736104130744934e-01, e: 4.2702451348304749e-01
#ERR  p: [1188, 1731], r: 5.8129674196243286e-01, e: 5.8093094825744629e-01
#ERR  p: [999, 1731], r: 4.8093557357788086e-01, e: 4.8082000017166138e-01
#ERR  p: [1449, 1730], r: 7.5441533327102661e-01, e: 7.5496119260787964e-01
#ERR  p: [990, 1731], r: 4.7690829634666443e-01, e: 4.7668606042861938e-01
#ERR  p: [1026, 1731], r: 4.9338647723197937e-01, e: 4.9397280812263489e-01
#ERR  p: [1008, 1731], r: 4.8483288288116455e-01, e: 4.8528259992599487e-01
#ERR  p: [1017, 1731], r: 4.8969978094100952e-01, e: 4.8955887556076050e-01
#ERR  p: [1035, 1731], r: 4.9874439835548401e-01, e: 4.9861091375350952e-01
#ERR  p: [1089, 1731], r: 5.2644473314285278e-01, e: 5.2628427743911743e-01
#ERR  p: [855, 1733], r: 4.1569903492927551e-01, e: 4.1560527682304382e-01
#ERR  p: [1098, 1731], r: 5.3075420856475830e-01, e: 5.3107982873916626e-01
#ERR  p: [864, 1733], r: 4.1893213987350464e-01, e: 4.1943782567977905e-01
#ERR  p: [828, 1734], r: 4.0322804450988770e-01, e: 4.0417331457138062e-01
#ERR  p: [873, 1733], r: 4.2247959971427917e-01, e: 4.2311155796051025e-01
#ERR  p: [846, 1734], r: 4.1178137063980103e-01, e: 4.1150468587875366e-01
#ERR  p: [1134, 1731], r: 5.5113053321838379e-01, e: 5.5044519901275635e-01
#ERR  p: [891, 1733], r: 4.2933666706085205e-01, e: 4.3083012104034424e-01
#ERR  p: [1116, 1731], r: 5.4076629877090454e-01, e: 5.4058438539505005e-01
#ERR  p: [1125, 1731], r: 5.4567784070968628e-01, e: 5.4555517435073853e-01
#ERR  p: [1143, 1731], r: 5.5576658248901367e-01, e: 5.5544775724411011e-01
#ERR  p: [1152, 1731], r: 5.6036657094955444e-01, e: 5.6044560670852661e-01
#ERR  p: [1161, 1731], r: 5.6645137071609497e-01, e: 5.6549584865570068e-01
#ERR  p: [1197, 1731], r: 5.8650797605514526e-01, e: 5.8627378940582275e-01
#ERR  p: [1179, 1731], r: 5.7612395286560059e-01, e: 5.7589203119277954e-01
#ERR  p: [1206, 1730], r: 5.9106826782226562e-01, e: 5.9214478731155396e-01
#ERR  p: [1215, 1731], r: 5.9636026620864868e-01, e: 5.9683084487915039e-01
#ERR  p: [1224, 1731], r: 6.0172063112258911e-01, e: 6.0227704048156738e-01
#ERR  p: [1233, 1731], r: 6.0726666450500488e-01, e: 6.0772883892059326e-01
#ERR  p: [1251, 1731], r: 6.1873662471771240e-01, e: 6.1874109506607056e-01
#ERR  p: [1242, 1730], r: 6.1429470777511597e-01, e: 6.1370903253555298e-01
#ERR  p: [1260, 1730], r: 6.2494146823883057e-01, e: 6.2495642900466919e-01
#ERR  p: [1287, 1730], r: 6.4280694723129272e-01, e: 6.4224874973297119e-01
#ERR  p: [1278, 1730], r: 6.3597166538238525e-01, e: 6.3637900352478027e-01
#ERR  p: [1269, 1730], r: 6.3166999816894531e-01, e: 6.3057321310043335e-01
#ERR  p: [1296, 1730], r: 6.4788067340850830e-01, e: 6.4807981252670288e-01
#ERR  p: [909, 1733], r: 4.3941208720207214e-01, e: 4.3864351511001587e-01
#ERR  p: [1305, 1730], r: 6.5353339910507202e-01, e: 6.5371829271316528e-01
#ERR  p: [1314, 1730], r: 6.5993249416351318e-01, e: 6.5962952375411987e-01
#ERR  p: [918, 1732], r: 4.4256654381752014e-01, e: 4.4300353527069092e-01
#ERR  p: [900, 1733], r: 4.3454432487487793e-01, e: 4.3469440937042236e-01
#ERR  p: [1368, 1730], r: 6.9606345891952515e-01, e: 6.9604706764221191e-01
#ERR  p: [1341, 1730], r: 6.7828679084777832e-01, e: 6.7782437801361084e-01
#ERR  p: [1323, 1730], r: 6.6522723436355591e-01, e: 6.6552776098251343e-01
#ERR  p: [1332, 1730], r: 6.7170768976211548e-01, e: 6.7161375284194946e-01
#ERR  p: [1359, 1730], r: 6.9048297405242920e-01, e: 6.9013917446136475e-01
#ERR  p: [1350, 1730], r: 6.8355184793472290e-01, e: 6.8385082483291626e-01
#ERR  p: [1377, 1730], r: 7.0188063383102417e-01, e: 7.0247524976730347e-01
#ERR  p: [1413, 1730], r: 7.2827553749084473e-01, e: 7.2817039489746094e-01
#ERR  p: [1431, 1730], r: 7.4187994003295898e-01, e: 7.4158686399459839e-01
#ERR  p: [1440, 1730], r: 7.4826210737228394e-01, e: 7.4800711870193481e-01
#ERR  p: [1386, 1730], r: 7.0881390571594238e-01, e: 7.0863044261932373e-01
#ERR  p: [1404, 1730], r: 7.2188568115234375e-01, e: 7.2162699699401855e-01
#ERR  p: [1422, 1730], r: 7.3500573635101318e-01, e: 7.3499602079391479e-01
#ERR  p: [1395, 1731], r: 7.1441400051116943e-01, e: 7.1469569206237793e-01
#ERR  p: [1494, 1730], r: 7.8989565372467041e-01, e: 7.8976440429687500e-01
#ERR  p: [1485, 1730], r: 7.8252911567687988e-01, e: 7.8260445594787598e-01
#ERR  p: [1458, 1730], r: 7.6189815998077393e-01, e: 7.6185196638107300e-01
#ERR  p: [1467, 1730], r: 7.6829665899276733e-01, e: 7.6869261264801025e-01
#ERR  p: [1476, 1730], r: 7.7553039789199829e-01, e: 7.7556401491165161e-01
#ERR  p: [1503, 1730], r: 7.9746025800704956e-01, e: 7.9682642221450806e-01
#ERR  p: [1521, 1730], r: 8.1118047237396240e-01, e: 8.1122964620590210e-01
#ERR  p: [1512, 1730], r: 8.0436146259307861e-01, e: 8.0413550138473511e-01
#ERR  p: [1539, 1730], r: 8.2573002576828003e-01, e: 8.2612001895904541e-01
#ERR  p: [1566, 1730], r: 8.4873837232589722e-01, e: 8.4891289472579956e-01
#ERR  p: [1548, 1730], r: 8.3329916000366211e-01, e: 8.3334314823150635e-01
#ERR  p: [927, 1732], r: 4.4692578911781311e-01, e: 4.4709882140159607e-01
#ERR  p: [1530, 1730], r: 8.1834453344345093e-01, e: 8.1870102882385254e-01
#ERR  p: [1557, 1730], r: 8.4111630916595459e-01, e: 8.4105551242828369e-01
#ERR  p: [1737, 1730], r: 1.9841251894831657e-02, e: 1.9842153415083885e-02
#ERR  p: [1755, 1730], r: 1.9487068057060242e-02, e: 1.9490603357553482e-02
#ERR  p: [1656, 1730], r: 9.2838722467422485e-01, e: 9.2844092845916748e-01
#ERR  p: [1584, 1730], r: 8.6443454027175903e-01, e: 8.6398863792419434e-01
#ERR  p: [1575, 1730], r: 8.5624289512634277e-01, e: 8.5649794340133667e-01
#ERR  p: [1593, 1730], r: 8.7157219648361206e-01, e: 8.7191671133041382e-01
#ERR  p: [1791, 1730], r: 1.8800973892211914e-02, e: 1.8803648650646210e-02
#ERR  p: [1602, 1730], r: 8.7994366884231567e-01, e: 8.7981247901916504e-01
#ERR  p: [1611, 1730], r: 8.8797497749328613e-01, e: 8.8779973983764648e-01
#ERR  p: [1620, 1730], r: 8.9569109678268433e-01, e: 8.9579516649246216e-01
#ERR  p: [1665, 1730], r: 9.3727540969848633e-01, e: 9.3719142675399780e-01
#ERR  p: [1629, 1730], r: 9.0402060747146606e-01, e: 9.0403556823730469e-01
#ERR  p: [1674, 1730], r: 9.4514203071594238e-01, e: 9.4566333293914795e-01
#ERR  p: [1638, 1730], r: 9.1151571273803711e-01, e: 9.1192919015884399e-01
#ERR  p: [1647, 1730], r: 9.2049890756607056e-01, e: 9.2054367065429688e-01
#ERR  p: [1692, 1730], r: 9.6197372674942017e-01, e: 9.6265608072280884e-01
#ERR  p: [1683, 1730], r: 9.5408487319946289e-01, e: 9.5391660928726196e-01
#ERR  p: [1701, 1730], r: 9.7155797481536865e-01, e: 9.7130930423736572e-01
#ERR  p: [1710, 1730], r: 9.8002648353576660e-01, e: 9.7996532917022705e-01
#ERR  p: [1719, 1730], r: 9.8927551507949829e-01, e: 9.8904061317443848e-01
#ERR  p: [1728, 1730], r: 9.9742907285690308e-01, e: 9.9771738052368164e-01
#ERR  p: [1746, 1730], r: 1.9659720361232758e-02, e: 1.9665069878101349e-02
#ERR  p: [1764, 1730], r: 1.9312579184770584e-02, e: 1.9316002726554871e-02
#ERR  p: [1044, 1732], r: 5.0279092788696289e-01, e: 5.0248271226882935e-01
#ERR  p: [1053, 1732], r: 5.0691699981689453e-01, e: 5.0709301233291626e-01
#ERR  p: [1782, 1730], r: 1.8971372395753860e-02, e: 1.8974542617797852e-02
#ERR  p: [2024, 1730], r: 1.4893211424350739e-02, e: 1.4894764870405197e-02
#ERR  p: [1773, 1730], r: 1.9138418138027191e-02, e: 1.9143689423799515e-02
#ERR  p: [1809, 1730], r: 1.8466420471668243e-02, e: 1.8468819558620453e-02
#SDC Ite:0 KerTime:16.216189 AccTime:16.216189 KerErr:404234 AccErr:404234
#ABORT too many errors per iteration
#END