2016-11-02 06:33:35:Starting GDB script
2016-11-02 06:33:35:sending signal using command: 'ssh -T mic0 killall -2 lavamd' after 0.0832615423389s
2016-11-02 06:33:35:shell stdout: 
2016-11-02 06:33:35:sending signal using command: 'ssh -T mic0 killall -2 lavamd' after 0.458684750459s
2016-11-02 06:33:35:shell stdout: 
2016-11-02 06:33:37:sending signal using command: 'ssh -T mic0 killall -2 lavamd' after 1.96739165872s
2016-11-02 06:33:37:shell stdout: 
2016-11-02 06:33:38:sending signal using command: 'ssh -T mic0 killall -2 lavamd' after 2.20508553127s
2016-11-02 06:33:38:shell stdout: 
2016-11-02 06:33:38:sending signal using command: 'ssh -T mic0 killall -2 lavamd' after 2.39365919833s
2016-11-02 06:33:38:shell stdout: 
2016-11-02 06:33:38:sending signal using command: 'ssh -T mic0 killall -2 lavamd' after 2.62168149188s
2016-11-02 06:33:38:shell stdout: 
2016-11-02 06:33:41:sending signal using command: 'ssh -T mic0 killall -2 lavamd' after 4.72451641867s
2016-11-02 06:33:41:shell stdout: 
2016-11-02 06:33:42:sending signal using command: 'ssh -T mic0 killall -2 lavamd' after 6.38252057377s
2016-11-02 06:33:42:shell stdout: 
2016-11-02 06:33:43:sending signal using command: 'ssh -T mic0 killall -2 lavamd' after 7.79055639143s
2016-11-02 06:33:43:shell stdout: 
2016-11-02 06:33:44:sending signal using command: 'ssh -T mic0 killall -2 lavamd' after 8.5907774415s
2016-11-02 06:33:44:shell stdout: 
2016-11-02 06:33:52:no gdbExecName running, out:
2016-11-02 06:33:52:checCmd:ps -e | grep -i gdb-mic
2016-11-02 06:33:52:finished now-timestampStart < maxWaitTime*5
2016-11-02 06:33:52:now: 1478082831
2016-11-02 06:33:52:timestampStart: 1478082815
2016-11-02 06:33:52:kill cmd: killall -9 gdb-mic
2016-11-02 06:33:52:shell stdout: 
2016-11-02 06:33:52:kill cmd: ssh -T mic0 killall -9 lavamd
2016-11-02 06:33:52:shell stdout: 
2016-11-02 06:33:53:kill cmd: ssh -T mic0 killall -9 gdbserver
2016-11-02 06:33:53:shell stdout: 
2016-11-02 06:33:53:kill cmd: ssh -T mic0 killall -9 sshd
2016-11-02 06:33:53:shell stdout: 
