2016-10-16 10:12:51:Starting GDB script
2016-10-16 10:12:52:sending signal using command: 'ssh -T mic0 killall -2 needle_check' after 0.757158620093s
2016-10-16 10:12:52:shell stdout: 
2016-10-16 10:12:54:sending signal using command: 'ssh -T mic0 killall -2 needle_check' after 2.00120842253s
2016-10-16 10:12:54:shell stdout: 
2016-10-16 10:12:54:sending signal using command: 'ssh -T mic0 killall -2 needle_check' after 2.17425076722s
2016-10-16 10:12:54:shell stdout: 
2016-10-16 10:12:54:sending signal using command: 'ssh -T mic0 killall -2 needle_check' after 2.490716416s
2016-10-16 10:12:54:shell stdout: 
2016-10-16 10:12:58:sending signal using command: 'ssh -T mic0 killall -2 needle_check' after 6.0678859332s
2016-10-16 10:12:58:shell stdout: 
2016-10-16 10:12:59:sending signal using command: 'ssh -T mic0 killall -2 needle_check' after 7.43487513924s
2016-10-16 10:12:59:shell stdout: 
2016-10-16 10:12:59:sending signal using command: 'ssh -T mic0 killall -2 needle_check' after 7.56858368033s
2016-10-16 10:12:59:shell stdout: 
2016-10-16 10:13:04:sending signal using command: 'ssh -T mic0 killall -2 needle_check' after 12.5663244466s
2016-10-16 10:13:04:shell stdout: 
2016-10-16 10:13:06:sending signal using command: 'ssh -T mic0 killall -2 needle_check' after 14.5058091237s
2016-10-16 10:13:06:shell stdout: 
2016-10-16 10:13:08:sending signal using command: 'ssh -T mic0 killall -2 needle_check' after 16.4752498387s
2016-10-16 10:13:08:shell stdout: 
2016-10-16 10:13:17:no gdbExecName running, out:
2016-10-16 10:13:17:checCmd:ps -e | grep -i gdb-mic
2016-10-16 10:13:17:finished now-timestampStart < maxWaitTime*5
2016-10-16 10:13:17:now: 1476627196
2016-10-16 10:13:17:timestampStart: 1476627171
2016-10-16 10:13:17:kill cmd: killall -9 gdb-mic
2016-10-16 10:13:17:shell stdout: 
2016-10-16 10:13:17:kill cmd: ssh -T mic0 killall -9 needle_check
2016-10-16 10:13:17:shell stdout: 
2016-10-16 10:13:17:kill cmd: ssh -T mic0 killall -9 gdbserver
2016-10-16 10:13:17:shell stdout: 
2016-10-16 10:13:18:kill cmd: ssh -T mic0 killall -9 sshd
2016-10-16 10:13:18:shell stdout: 
