[INFO -- 2017-03-10 18:51:07]
Starting GDB script
[INFO -- 2017-03-10 18:51:07]
initSignal:40.0
[INFO -- 2017-03-10 18:51:07]
endSignal:49.0
[INFO -- 2017-03-10 18:51:07]
seqSignal:20
[INFO -- 2017-03-10 18:51:53]
sending 20 signals using command: 'ssh -T mic0 killall -2 clamr_openmponly' after 46.1063369201s
[INFO -- 2017-03-10 18:51:54]
sending 20 signals using command: 'ssh -T mic0 killall -2 clamr_openmponly' after 46.424325873s
[INFO -- 2017-03-10 18:51:54]
shell stdout: 
[INFO -- 2017-03-10 18:51:55]
shell stdout: 
[INFO -- 2017-03-10 18:51:55]
shell stdout: 
[INFO -- 2017-03-10 18:51:55]
shell stdout: 
[INFO -- 2017-03-10 18:51:55]
shell stdout: 
[INFO -- 2017-03-10 18:51:55]
shell stdout: 
[INFO -- 2017-03-10 18:51:56]
shell stdout: 
[INFO -- 2017-03-10 18:51:56]
shell stdout: 
[INFO -- 2017-03-10 18:51:56]
shell stdout: 
[INFO -- 2017-03-10 18:51:56]
shell stdout: 
[INFO -- 2017-03-10 18:51:57]
shell stdout: 
[INFO -- 2017-03-10 18:51:57]
shell stdout: 
[INFO -- 2017-03-10 18:51:57]
shell stdout: 
[INFO -- 2017-03-10 18:51:57]
shell stdout: 
[INFO -- 2017-03-10 18:51:57]
shell stdout: 
[INFO -- 2017-03-10 18:51:58]
shell stdout: 
[INFO -- 2017-03-10 18:51:58]
shell stdout: 
[INFO -- 2017-03-10 18:51:58]
shell stdout: 
[INFO -- 2017-03-10 18:51:58]
shell stdout: 
[INFO -- 2017-03-10 18:51:58]
shell stdout: 
[INFO -- 2017-03-10 18:51:59]
shell stdout: 
[INFO -- 2017-03-10 18:51:59]
shell stdout: 
[INFO -- 2017-03-10 18:51:59]
shell stdout: 
[INFO -- 2017-03-10 18:51:59]
shell stdout: 
[INFO -- 2017-03-10 18:52:00]
shell stdout: 
[INFO -- 2017-03-10 18:52:00]
shell stdout: 
[INFO -- 2017-03-10 18:52:01]
shell stdout: 
[INFO -- 2017-03-10 18:52:01]
shell stdout: 
[INFO -- 2017-03-10 18:52:01]
shell stdout: 
[INFO -- 2017-03-10 18:52:01]
shell stdout: 
[INFO -- 2017-03-10 18:52:02]
shell stdout: 
[INFO -- 2017-03-10 18:52:02]
shell stdout: 
[INFO -- 2017-03-10 18:52:02]
shell stdout: 
[INFO -- 2017-03-10 18:52:02]
shell stdout: 
[INFO -- 2017-03-10 18:52:03]
shell stdout: 
[INFO -- 2017-03-10 18:52:03]
shell stdout: 
[INFO -- 2017-03-10 18:52:04]
shell stdout: 
[INFO -- 2017-03-10 18:52:04]
shell stdout: 
[INFO -- 2017-03-10 18:52:04]
shell stdout: 
[INFO -- 2017-03-10 18:52:04]
shell stdout: 
[INFO -- 2017-03-10 18:52:19]
no gdbExecName running, out:
[INFO -- 2017-03-10 18:52:19]
checCmd:ps -e | grep -i gdb-mic
[INFO -- 2017-03-10 18:52:19]
finished now-timestampStart < maxWaitTime*5
[INFO -- 2017-03-10 18:52:19]
now: 1489189930
[INFO -- 2017-03-10 18:52:19]
timestampStart: 1489189867
[INFO -- 2017-03-10 18:52:19]
kill cmd: killall -9 gdb-mic
[INFO -- 2017-03-10 18:52:19]
shell stdout: 
[INFO -- 2017-03-10 18:52:19]
kill cmd: ssh -T mic0 killall -9 clamr_openmponly
[INFO -- 2017-03-10 18:52:19]
shell stdout: 
[INFO -- 2017-03-10 18:52:19]
kill cmd: ssh -T mic0 killall -9 gdbserver
[INFO -- 2017-03-10 18:52:19]
shell stdout: 
[INFO -- 2017-03-10 18:52:20]
kill cmd: ssh -T mic0 killall -9 sshd
[INFO -- 2017-03-10 18:52:20]
shell stdout: 
