2017-01-20 05:00:48:Starting GDB script
2017-01-20 05:00:48:initSignal:21.0
2017-01-20 05:00:48:endSignal:28.0
2017-01-20 05:00:48:seqSignal:15
2017-01-20 05:01:13:sending 15 signals using command: 'ssh -T mic1 killall -2 dgemm_check' after 24.0603944781s
2017-01-20 05:01:13:shell stdout: 
2017-01-20 05:01:14:shell stdout: 
2017-01-20 05:01:14:shell stdout: 
2017-01-20 05:01:15:shell stdout: 
2017-01-20 05:01:15:shell stdout: 
2017-01-20 05:01:15:shell stdout: 
2017-01-20 05:01:16:sending 15 signals using command: 'ssh -T mic1 killall -2 dgemm_check' after 27.2708487937s
2017-01-20 05:01:16:shell stdout: 
2017-01-20 05:01:16:sending 15 signals using command: 'ssh -T mic1 killall -2 dgemm_check' after 27.5370235229s
2017-01-20 05:01:16:shell stdout: 
2017-01-20 05:01:16:shell stdout: 
2017-01-20 05:01:16:shell stdout: 
2017-01-20 05:01:17:shell stdout: 
2017-01-20 05:01:17:shell stdout: 
2017-01-20 05:01:17:shell stdout: 
2017-01-20 05:01:17:shell stdout: 
2017-01-20 05:01:17:shell stdout: 
2017-01-20 05:01:17:shell stdout: 
2017-01-20 05:01:17:shell stdout: 
2017-01-20 05:01:18:shell stdout: 
2017-01-20 05:01:18:shell stdout: 
2017-01-20 05:01:18:shell stdout: 
2017-01-20 05:01:18:shell stdout: 
2017-01-20 05:01:18:shell stdout: 
2017-01-20 05:01:18:shell stdout: 
2017-01-20 05:01:18:shell stdout: 
2017-01-20 05:01:19:shell stdout: 
2017-01-20 05:01:19:shell stdout: 
2017-01-20 05:01:19:shell stdout: 
2017-01-20 05:01:19:shell stdout: 
2017-01-20 05:01:19:shell stdout: 
2017-01-20 05:01:19:shell stdout: 
2017-01-20 05:01:19:shell stdout: 
2017-01-20 05:01:20:shell stdout: 
2017-01-20 05:01:20:shell stdout: 
2017-01-20 05:01:20:shell stdout: 
2017-01-20 05:01:20:shell stdout: 
2017-01-20 05:01:20:shell stdout: 
2017-01-20 05:01:21:shell stdout: 
2017-01-20 05:01:21:shell stdout: 
2017-01-20 05:01:21:shell stdout: 
2017-01-20 05:01:21:shell stdout: 
2017-01-20 05:01:22:shell stdout: 
2017-01-20 05:01:22:shell stdout: 
2017-01-20 05:01:22:shell stdout: 
2017-01-20 05:01:22:shell stdout: 
2017-01-20 05:01:22:shell stdout: 
2017-01-20 05:07:44:no gdbExecName running, out:
2017-01-20 05:07:44:checCmd:ps -e | grep -i gdb-mic
2017-01-20 05:07:44:finished now-timestampStart < maxWaitTime*5
2017-01-20 05:07:44:now: 1484906855
2017-01-20 05:07:44:timestampStart: 1484906448
2017-01-20 05:07:44:kill cmd: killall -9 gdb-mic
2017-01-20 05:07:44:shell stdout: 
2017-01-20 05:07:44:kill cmd: ssh -T mic1 killall -9 dgemm_check
2017-01-20 05:07:44:shell stdout: 
2017-01-20 05:07:44:kill cmd: ssh -T mic1 killall -9 gdbserver
2017-01-20 05:07:44:shell stdout: 
2017-01-20 05:07:45:kill cmd: ssh -T mic1 killall -9 sshd
2017-01-20 05:07:45:shell stdout: 
