[INFO -- 2017-03-06 14:40:13]
Starting flip_value script
version: 2.0
[INFO -- 2017-03-06 14:40:13]
Initialization strings:
[INFO -- 2017-03-06 14:40:13]
(1) target extended-remote | ssh -T mic0 gdbserver --multi -
[INFO -- 2017-03-06 14:40:13]
(2) set sysroot /opt/mpss/3.7/sysroots/k1om-mpss-linux/
[INFO -- 2017-03-06 14:40:13]
(3) set sysroot /opt/mpss/3.7/sysroots/k1om-mpss-linux/
[INFO -- 2017-03-06 14:40:13]
(4) file /micNfs/gdb-fault-injection/injector/bin/hotspot/hotspot_check
[INFO -- 2017-03-06 14:40:13]
(5) set remote exec-file /micNfs/gdb-fault-injection/injector/bin/hotspot/hotspot_check
[INFO -- 2017-03-06 14:40:13]
(6) set args 1024 1024 1000 64 /micNfs/gdb-fault-injection/injector/data/hotspot/temp_1024 /micNfs/gdb-fault-injection/injector/data/hotspot/power_1024 /micNfs/gdb-fault-injection/injector/bin/hotspot/gold_1024_1000iter_64th
[INFO -- 2017-03-06 14:40:13]
initSignal:6
[INFO -- 2017-03-06 14:40:13]
endSignal:9
[INFO -- 2017-03-06 14:40:13]
seqSignal:15
[INFO -- 2017-03-06 14:40:13]
faultMode:0
[INFO -- 2017-03-06 14:40:20]
Backtrace BEGIN:
#0  0x0000000000404540 in read_input (vect=0x7ffff6acc010, grid_rows=1024, grid_cols=1024, file=0x7fffffffee07 "/micNfs/gdb-fault-injection/injector/data/hotspot/temp_1024") at hotspot_check.c:202
#1  0x0000000000404aae in main (argc=8, argv=0x7fffffffebb8) at hotspot_check.c:265

197	    fp = fopen (file, "r");
198	    if (!fp)
199	        fatal ("file could not be opened for reading");
200	
201	    for (i=0; i < grid_rows * grid_cols; i++) {
202	        if (fgets(str, STR_SIZE, fp) == NULL) {
203	            fatal("fgets error");
204	        }
205	        if (feof(fp))
206	            fatal("not enough lines in file");

Backtrace END
Memory content before bitflip:0x050x000x000x00
Fault Mode: Single bit-flip
base address to flip value: 0x7fffffffe9a0
address max offset: 4
Memory content after  bitflip:0x050x000x400x00
frame name: main
symbol name: errors
symbol filename: hotspot_check.c
symbol line: 282
value: 4194309
value address: 0x7fffffffe9a0
Type: The type is an integer type.
Type sizeof: 4

[INFO -- 2017-03-06 14:40:20]
Fault Injection Successful after 7.68936395645s
[INFO -- 2017-03-06 14:40:42]
event type: exit
[INFO -- 2017-03-06 14:40:42]
exit code: 0
