[INFO -- 2017-03-26 02:40:46]
Starting flip_value script
version: 2.0
[INFO -- 2017-03-26 02:40:46]
Initialization strings:
[INFO -- 2017-03-26 02:40:46]
(1) target extended-remote | ssh -T mic0 gdbserver --multi -
[INFO -- 2017-03-26 02:40:46]
(2) set sysroot /opt/mpss/3.7/sysroots/k1om-mpss-linux/
[INFO -- 2017-03-26 02:40:46]
(3) set sysroot /opt/mpss/3.7/sysroots/k1om-mpss-linux/
[INFO -- 2017-03-26 02:40:46]
(4) file /micNfs/gdb-fault-injection/injector/bin/lavamd/lavamd_check
[INFO -- 2017-03-26 02:40:46]
(5) set remote exec-file /micNfs/gdb-fault-injection/injector/bin/lavamd/lavamd_check
[INFO -- 2017-03-26 02:40:46]
(6) set args 228 15 /micNfs/gdb-fault-injection/injector/bin/lavamd/input_distance_228_15 /micNfs/gdb-fault-injection/injector/bin/lavamd/input_charges_228_15 /micNfs/gdb-fault-injection/injector/bin/lavamd/output_gold_228_15 1
[INFO -- 2017-03-26 02:40:46]
initSignal:0
[INFO -- 2017-03-26 02:40:46]
endSignal:3
[INFO -- 2017-03-26 02:40:46]
seqSignal:30
[INFO -- 2017-03-26 02:40:46]
faultMode:3
[INFO -- 2017-03-26 02:40:59]
Backtrace BEGIN:
#0  pthread_cond_wait@@GLIBC_2.3.2 () at ../sysdeps/unix/sysv/linux/x86_64/pthread_cond_wait.S:185
#1  0x00007ffff7911675 in ?? ()
#2  0x0000000000000000 in ?? ()

180	in ../sysdeps/unix/sysv/linux/x86_64/pthread_cond_wait.S

Backtrace END
Fliping value of field: prev
Fliping a bit of the pointer
Memory content before bitflip:0xc00x690xff0xf70xff0x7f0x000x00
Fault Mode: Zero bit-flip
base address to flip value: 0x7ffff76462f8 
address max offset: 8
Memory content after  bitflip:0x000x000x000x000x000x000x000x00
frame name: allocate_stack
symbol name: __GI___stack_user
symbol filename: allocatestack.c
symbol line: 124
value: {next = 0x7ffff7ff69c0, prev = 0x0}
value address: 0x7ffff76462f0 <__stack_user>
Type: The type is a structure.
Type sizeof: 16
Field name: next
Field Type: The type is a pointer.
Field Type sizeof: 8
Field name: prev
Field Type: The type is a pointer.
Field Type sizeof: 8

[INFO -- 2017-03-26 02:40:59]
Fault Injection Successful after 13.8563868999s
[INFO -- 2017-03-26 02:41:00]
Backtrace BEGIN:
#0  pthread_cond_timedwait@@GLIBC_2.3.2 () at ../sysdeps/unix/sysv/linux/x86_64/pthread_cond_timedwait.S:238
#1  0x00007ffff790c5ea in ?? ()
#2  0x00007ffff4933d18 in ?? ()
#3  0x0000000002a10a06 in ?? ()
#4  0x0000000000000017 in ?? ()
#5  0x00007ffff4933df0 in ?? ()
#6  0x00007ffff70e17d8 in ?? () from /opt/mpss/3.7/sysroots/k1om-mpss-linux/lib64/libc.so.6
#7  0x00007ffff4933d14 in ?? ()
#8  0x00007ffff4933de0 in ?? ()
#9  0x00007ffff7ff8630 in ?? ()
#10 0x0000000000000008 in ?? ()
#11 0x0000000000000000 in ?? ()

233	in ../sysdeps/unix/sysv/linux/x86_64/pthread_cond_timedwait.S

Backtrace END
Fliping array at pos: 8
Memory content before bitflip:0x38
Fault Mode: Zero bit-flip
base address to flip value: 0x7ffff7df6608  
address max offset: 1
Memory content after  bitflip:0x00
frame name: malloc
symbol name: _itoa_lower_digits
symbol filename: dl-minimal.c
symbol line: 382
value: "01234567\000\071abcdef"
value address: 0x7ffff7df6600 <_itoa_lower_digits>
Type: The type is an array.
Type sizeof: 16
Field name: None
Field Type: A range type, that is, an integer type with bounds.
Field Type sizeof: 8
Field Type range: (0L, 15L)

[INFO -- 2017-03-26 02:41:00]
Fault Injection Successful after 14.2774100304s
