#HEADER max_rows:16384 max_cols:16384 penalty:10 omp_num_threads:228
#BEGIN Y:2016 M:10 D:16 Time:21:35:23
#IT Ite:0 KerTime:0.996191 AccTime:0.996191
#ERR  p: [1728, 62], r: -7, e: -8
#ERR  p: [1512, 210], r: 0, e: -1
#ERR  p: [2160, 31], r: -5, e: -6
#ERR  p: [1440, 67], r: -9, e: -10
#ERR  p: [1584, 72], r: -5, e: -6
#ERR  p: [1656, 3026], r: -2, e: -3
#ERR  p: [1296, 125], r: -3, e: -4
#ERR  p: [1008, 32], r: -6, e: -7
#ERR  p: [1224, 208], r: -1, e: -2
#ERR  p: [72, 1649], r: -8, e: -9
#ERR  p: [1152, 1471], r: -1, e: -2
#ERR  p: [1944, 572], r: -2, e: -3
#ERR  p: [1368, 7867], r: -2, e: -3
#ERR  p: [1800, 940], r: -6, e: -7
#ERR  p: [1872, 3777], r: -9, e: -10
#ERR  p: [792, 64], r: 4, e: 3
#ERR  p: [360, 62], r: 3, e: 2
#ERR  p: [576, 197], r: -8, e: -9
#ERR  p: [216, 419], r: -3, e: -4
#ERR  p: [144, 70], r: 0, e: -1
#ERR  p: [2016, 207], r: -6, e: -7
#ERR  p: [2232, 34], r: -8, e: -9
#ERR  p: [432, 271], r: -5, e: -6
#ERR  p: [936, 3058], r: -2, e: -3
#ERR  p: [288, 5642], r: -2, e: -3
#ERR  p: [1728, 197], r: -7, e: -8
#ERR  p: [721, 31], r: -5, e: -6
#ERR  p: [1512, 683], r: -2, e: -3
#ERR  p: [864, 10106], r: -8, e: -9
#ERR  p: [2160, 57], r: -5, e: -6
#ERR  p: [1584, 73], r: -7, e: -8
#ERR  p: [1440, 68], r: -8, e: -9
#ERR  p: [1656, 13076], r: -8, e: -9
#ERR  p: [1296, 215], r: -5, e: -6
#ERR  p: [1008, 34], r: -4, e: -5
#ERR  p: [2736, 1091], r: 0, e: -1
#ERR  p: [2808, 1068], r: 7, e: 6
#ERR  p: [2304, 67], r: -4, e: -6
#ERR  p: [1080, 204], r: -5, e: -6
#ERR  p: [508, 31], r: -5, e: -6
#ERR  p: [2448, 60], r: -9, e: -10
#ERR  p: [2664, 8883], r: 5, e: 4
#ERR  p: [1224, 209], r: -8, e: -9
#ERR  p: [1944, 759], r: 3, e: 2
#ERR  p: [72, 6650], r: -8, e: -9
#ERR  p: [2094, 31], r: -5, e: -6
#ERR  p: [1800, 964], r: 3, e: 2
#ERR  p: [1368, 8735], r: -9, e: -10
#ERR  p: [792, 65], r: 1, e: 0
#ERR  p: [216, 767], r: -8, e: -9
#ERR  p: [2232, 60], r: -8, e: -9
#ERR  p: [360, 63], r: -6, e: -7
#ERR  p: [576, 201], r: -8, e: -9
#ERR  p: [2016, 626], r: -1, e: -2
#ERR  p: [144, 533], r: -5, e: -6
#ERR  p: [1872, 12711], r: -6, e: -7
#ERR  p: [1153, 1471], r: -11, e: -12
#ERR  p: [432, 1018], r: -7, e: -8
#ERR  p: [1728, 253], r: -6, e: -7
#ERR  p: [721, 57], r: 2, e: 1
#ERR  p: [936, 9022], r: -9, e: -10
#ERR  p: [288, 13242], r: 0, e: -1
#ERR  p: [1512, 684], r: -4, e: -5
#ERR  p: [2160, 62], r: -5, e: -6
#ERR  p: [865, 10107], r: -9, e: -10
#ERR  p: [656, 31], r: -5, e: -6
#ERR  p: [15320, 409], r: 0, e: -1
#ERR  p: [15036, 7835], r: -2, e: -3
#ERR  p: [15604, 1404], r: -5, e: -6
#ERR  p: [15533, 80], r: -5, e: -6
#ERR  p: [4968, 577], r: -8, e: -9
#ERR  p: [7272, 32], r: -6, e: -7
#ERR  p: [14468, 75], r: -8, e: -9
#ERR  p: [6192, 262], r: 1, e: 0
#ERR  p: [6264, 992], r: -2, e: -3
#ERR  p: [6552, 112], r: -5, e: -6
#ERR  p: [6336, 74], r: -9, e: -10
#ERR  p: [6120, 69], r: -6, e: -7
#ERR  p: [6768, 392], r: -3, e: -4
#ERR  p: [15107, 269], r: -1, e: -2
#ERR  p: [6696, 66], r: -6, e: -7
#ERR  p: [14326, 31], r: -3, e: -4
#ERR  p: [14112, 65], r: -6, e: -7
#ERR  p: [6480, 762], r: 0, e: -1
#ERR  p: [6048, 6033], r: 1, e: 0
#ERR  p: [1080, 207], r: -3, e: -4
#ERR  p: [1584, 93], r: -9, e: -10
#ERR  p: [1440, 69], r: 3, e: 2
#ERR  p: [1008, 58], r: 1, e: 0
#ERR  p: [1656, 13614], r: -8, e: -9
#ERR  p: [2808, 1069], r: -3, e: -4
#ERR  p: [4896, 61], r: -9, e: -10
#ERR  p: [1296, 1127], r: 1, e: 0
#ERR  p: [2736, 2525], r: -4, e: -6
#ERR  p: [2304, 73], r: -8, e: -9
#ERR  p: [1944, 760], r: -5, e: -6
#ERR  p: [508, 57], r: -5, e: -6
#ERR  p: [2448, 65], r: -5, e: -6
#ERR  p: [2664, 8884], r: -5, e: -6
#ERR  p: [1224, 277], r: -7, e: -8
#ERR  p: [14040, 70], r: -7, e: -8
#ERR  p: [14255, 2185], r: -4, e: -5
#ERR  p: [5184, 38], r: -3, e: -4
#ERR  p: [72, 10272], r: 4, e: 3
#ERR  p: [2094, 57], r: -4, e: -5
#ERR  p: [5400, 196], r: -6, e: -7
#ERR  p: [7344, 31], r: -5, e: -6
#ERR  p: [5760, 31], r: -5, e: -6
#ERR  p: [5112, 33], r: -1, e: -2
#ERR  p: [13968, 130], r: -6, e: -7
#ERR  p: [16314, 32], r: 11, e: 10
#ERR  p: [5616, 42], r: 0, e: -1
#ERR  p: [13896, 60], r: -9, e: -10
#ERR  p: [5256, 264], r: -9, e: -10
#ERR  p: [15959, 31], r: -5, e: -6
#ERR  p: [1800, 965], r: -2, e: -3
#ERR  p: [7200, 35], r: 0, e: -1
#ERR  p: [5544, 71], r: -5, e: -6
#ERR  p: [5976, 35], r: -8, e: -9
#ERR  p: [6840, 31], r: -5, e: -6
#ERR  p: [4680, 3417], r: 1, e: 0
#ERR  p: [5040, 72], r: -4, e: -5
#ERR  p: [6984, 1416], r: -2, e: -3
#ERR  p: [3888, 258], r: -4, e: -5
#ERR  p: [6624, 751], r: -9, e: -10
#ERR  p: [15817, 62], r: -5, e: -6
#ERR  p: [5832, 1001], r: 1, e: 0
#ERR  p: [5904, 251], r: -9, e: -10
#ERR  p: [15888, 74], r: -1, e: -2
#ERR  p: [6408, 499], r: -6, e: -7
#ERR  p: [14610, 2823], r: -8, e: -9
#ERR  p: [1368, 8736], r: 9, e: 8
#ERR  p: [6912, 987], r: -6, e: -7
#ERR  p: [14191, 31], r: -5, e: -6
#ERR  p: [8424, 987], r: -3, e: -4
#ERR  p: [15178, 203], r: -4, e: -5
#ERR  p: [8712, 67], r: -6, e: -7
#ERR  p: [11664, 997], r: -9, e: -10
#ERR  p: [11520, 34], r: -8, e: -9
#ERR  p: [16030, 1419], r: 0, e: -1
#ERR  p: [14823, 210], r: -8, e: -9
#ERR  p: [3024, 1774], r: -7, e: -8
#ERR  p: [8352, 198], r: -8, e: -9
#ERR  p: [12024, 985], r: -5, e: -6
#ERR  p: [9000, 5067], r: -5, e: -6
#ERR  p: [13392, 67], r: -6, e: -7
#ERR  p: [7416, 414], r: -9, e: -10
#ERR  p: [15746, 256], r: -6, e: -7
#ERR  p: [9792, 73], r: -8, e: -9
#ERR  p: [3240, 1353], r: -8, e: -9
#ERR  p: [16244, 31], r: -5, e: -6
#ERR  p: [2952, 12236], r: -6, e: -7
#ERR  p: [4608, 32], r: -6, e: -7
#ERR  p: [5688, 418], r: 0, e: -2
#ERR  p: [8136, 200], r: -8, e: -9
#ERR  p: [8208, 1520], r: -9, e: -10
#ERR  p: [8640, 12854], r: 8, e: 7
#ERR  p: [7704, 111], r: -2, e: -3
#ERR  p: [14544, 31], r: -5, e: -6
#ERR  p: [7920, 78], r: -4, e: -5
#ERR  p: [9144, 50], r: -2, e: -3
#ERR  p: [7632, 65], r: 4, e: 3
#ERR  p: [3528, 10283], r: -4, e: -5
#ERR  p: [7560, 3978], r: 3, e: 2
#ERR  p: [9576, 425], r: -5, e: -6
#ERR  p: [3312, 211], r: 8, e: 7
#ERR  p: [15255, 31], r: 2, e: 1
#ERR  p: [13465, 31], r: -5, e: -6
#ERR  p: [7488, 7838], r: -7, e: -8
#ERR  p: [8280, 71], r: -9, e: -10
#ERR  p: [7848, 495], r: -5, e: -6
#ERR  p: [8064, 197], r: 6, e: 5
#ERR  p: [7128, 3959], r: -8, e: -9
#ERR  p: [3384, 781], r: -9, e: -10
#ERR  p: [2880, 9092], r: -7, e: -8
#ERR  p: [11592, 31], r: -5, e: -6
#ERR  p: [3456, 31], r: -1, e: -2
#ERR  p: [9072, 13017], r: -6, e: -7
#ERR  p: [14901, 31], r: 4, e: 3
#ERR  p: [12384, 33], r: -3, e: -4
#ERR  p: [11808, 1036], r: -2, e: -3
#ERR  p: [10656, 5204], r: 0, e: -1
#ERR  p: [10728, 794], r: -6, e: -7
#ERR  p: [792, 66], r: -5, e: -6
#ERR  p: [11304, 515], r: -8, e: -9
#ERR  p: [2232, 65], r: -4, e: -5
#ERR  p: [8928, 1002], r: -8, e: -9
#ERR  p: [8001, 31], r: -5, e: -6
#ERR  p: [216, 2129], r: 2, e: 1
#ERR  p: [10800, 1055], r: 5, e: 4
#ERR  p: [11232, 392], r: -9, e: -10
#ERR  p: [3744, 535], r: -7, e: -8
#ERR  p: [11376, 72], r: -6, e: -7
#ERR  p: [11016, 968], r: -9, e: -10
#ERR  p: [360, 67], r: -9, e: -10
#ERR  p: [9360, 33], r: -7, e: -8
#ERR  p: [10584, 684], r: 6, e: 5
#ERR  p: [11880, 754], r: -8, e: -9
#ERR  p: [576, 253], r: -8, e: -9
#ERR  p: [4176, 208], r: 2, e: 1
#ERR  p: [10512, 629], r: -3, e: -4
#ERR  p: [9864, 66], r: -6, e: -7
#ERR  p: [14760, 31], r: -5, e: -6
#ERR  p: [9936, 70], r: -3, e: -5
#ERR  p: [13608, 64], r: -9, e: -10
#ERR  p: [2016, 753], r: -6, e: -7
#ERR  p: [144, 754], r: -7, e: -8
#ERR  p: [10944, 5476], r: -3, e: -4
#ERR  p: [432, 1239], r: -9, e: -10
#ERR  p: [1872, 12712], r: 3, e: 2
#ERR  p: [1153, 1472], r: 3, e: 2
#ERR  p: [10440, 6070], r: -7, e: -8
#ERR  p: [3600, 40], r: -7, e: -8
#ERR  p: [10872, 755], r: 0, e: -1
#ERR  p: [1728, 373], r: -9, e: -10
#ERR  p: [3820, 31], r: -5, e: -6
#ERR  p: [11736, 71], r: -9, e: -10
#ERR  p: [4104, 1804], r: -7, e: -8
#ERR  p: [721, 58], r: -8, e: -9
#ERR  p: [12960, 32], r: -6, e: -7
#ERR  p: [12312, 46], r: -9, e: -10
#ERR  p: [13176, 214], r: -7, e: -8
#ERR  p: [9216, 265], r: 1, e: 0
#ERR  p: [10224, 7439], r: -9, e: -10
#ERR  p: [936, 9023], r: -3, e: -4
#ERR  p: [3168, 37], r: -9, e: -10
#ERR  p: [13680, 10366], r: -5, e: -6
#ERR  p: [5472, 778], r: -4, e: -5
#ERR  p: [12528, 202], r: 1, e: 0
#ERR  p: [12456, 204], r: -7, e: -8
#ERR  p: [12096, 71], r: -6, e: -7
#ERR  p: [9432, 40], r: 1, e: 0
#ERR  p: [12600, 35], r: -4, e: -5
#ERR  p: [8790, 31], r: -5, e: -6
#ERR  p: [4032, 649], r: -8, e: -9
#ERR  p: [12168, 1142], r: 11, e: 10
#ERR  p: [2160, 63], r: -5, e: -6
#ERR  p: [288, 13243], r: -4, e: -5
#ERR  p: [1512, 978], r: -4, e: -5
#ERR  p: [13032, 33], r: -4, e: -5
#ERR  p: [3675, 31], r: -5, e: -6
#ERR  p: [656, 57], r: -5, e: -6
#ERR  p: [13752, 31], r: -5, e: -6
#ERR  p: [12888, 208], r: -4, e: -5
#ERR  p: [13320, 1133], r: -9, e: -10
#ERR  p: [6192, 263], r: -7, e: -8
#ERR  p: [13104, 215], r: -7, e: -8
#ERR  p: [15320, 569], r: -9, e: -10
#ERR  p: [15036, 7836], r: -7, e: -8
#ERR  p: [15686, 31], r: -5, e: -6
#ERR  p: [12816, 995], r: -7, e: -8
#ERR  p: [10296, 966], r: -1, e: -2
#ERR  p: [6264, 993], r: 0, e: -1
#ERR  p: [15604, 1800], r: 6, e: 5
#ERR  p: [15533, 279], r: -8, e: -9
#ERR  p: [890, 31], r: -5, e: -6
#ERR  p: [7272, 58], r: -2, e: -3
#ERR  p: [4968, 1690], r: 1, e: 0
#ERR  p: [14468, 294], r: 0, e: -1
#ERR  p: [4320, 32], r: -6, e: -7
#ERR  p: [13252, 31], r: -5, e: -6
#ERR  p: [12672, 35], r: -5, e: -6
#ERR  p: [10080, 255], r: 5, e: 4
#ERR  p: [6120, 199], r: -9, e: -10
#ERR  p: [6336, 492], r: 2, e: 1
#ERR  p: [6552, 196], r: -7, e: -8
#ERR  p: [1440, 70], r: -7, e: -8
#ERR  p: [10016, 31], r: -5, e: -6
#ERR  p: [14695, 31], r: -5, e: -6
#ERR  p: [6768, 393], r: 0, e: -1
#ERR  p: [15107, 620], r: -3, e: -4
#ERR  p: [6696, 67], r: -9, e: -10
#ERR  p: [14112, 290], r: -1, e: -2
#ERR  p: [14326, 57], r: 1, e: 0
#ERR  p: [6048, 6034], r: -9, e: -10
#ERR  p: [6480, 763], r: -6, e: -7
#ERR  p: [1584, 118], r: -1, e: -2
#ERR  p: [1080, 208], r: -9, e: -10
#ERR  p: [1008, 59], r: -9, e: -10
#ERR  p: [4896, 66], r: -6, e: -7
#ERR  p: [1296, 1249], r: -4, e: -5
#ERR  p: [1656, 14550], r: -6, e: -7
#ERR  p: [5040, 80], r: -1, e: -2
#ERR  p: [5616, 43], r: -8, e: -9
#ERR  p: [1944, 996], r: -5, e: -6
#ERR  p: [5112, 59], r: -9, e: -10
#ERR  p: [2304, 244], r: -8, e: -9
#ERR  p: [508, 62], r: -5, e: -6
#ERR  p: [47, 31], r: -5, e: -6
#ERR  p: [15817, 67], r: -9, e: -10
#ERR  p: [14255, 2960], r: -5, e: -6
#ERR  p: [2736, 7611], r: -2, e: -3
#ERR  p: [14040, 71], r: -2, e: -3
#ERR  p: [2448, 66], r: -4, e: -5
#ERR  p: [1224, 678], r: -6, e: -7
#ERR  p: [14610, 3065], r: -5, e: -6
#ERR  p: [5184, 65], r: -6, e: -7
#ERR  p: [2808, 7276], r: -2, e: -3
#ERR  p: [72, 10273], r: -6, e: -7
#ERR  p: [5400, 252], r: -6, e: -7
#ERR  p: [2094, 62], r: -5, e: -6
#ERR  p: [7344, 57], r: 5, e: 4
#ERR  p: [5760, 57], r: -5, e: -6
#ERR  p: [13968, 1803], r: -5, e: -7
#ERR  p: [5256, 265], r: -2, e: -3
#ERR  p: [16314, 33], r: 1, e: 0
#ERR  p: [13896, 66], r: 0, e: -1
#ERR  p: [15959, 43], r: -7, e: -8
#ERR  p: [1800, 977], r: -2, e: -3
#ERR  p: [5544, 80], r: 4, e: 3
#ERR  p: [8424, 988], r: 4, e: 3
#ERR  p: [7200, 66], r: -8, e: -9
#ERR  p: [2665, 8884], r: 5, e: 4
#ERR  p: [6408, 1860], r: 0, e: -1
#ERR  p: [6840, 57], r: -5, e: -6
#ERR  p: [14414, 31], r: -5, e: -6
#ERR  p: [4680, 3418], r: -2, e: -3
#ERR  p: [6984, 5345], r: -6, e: -7
#ERR  p: [5904, 259], r: -6, e: -7
#ERR  p: [5832, 1002], r: -5, e: -6
#ERR  p: [6624, 971], r: -6, e: -7
#ERR  p: [5976, 61], r: -9, e: -10
#ERR  p: [3888, 405], r: 6, e: 5
#ERR  p: [15888, 755], r: -3, e: -4
#ERR  p: [8712, 68], r: -6, e: -7
#ERR  p: [15178, 405], r: 1, e: 0
#ERR  p: [6912, 1809], r: -8, e: -9
#ERR  p: [14191, 57], r: -5, e: -6
#ERR  p: [1368, 8737], r: 5, e: 4
#ERR  p: [16244, 57], r: 4, e: 3
#ERR  p: [11664, 998], r: 1, e: 0
#ERR  p: [11520, 66], r: -8, e: -9
#ERR  p: [16030, 1420], r: 6, e: 5
#ERR  p: [14823, 757], r: -8, e: -9
#ERR  p: [3024, 2266], r: -2, e: -3
#ERR  p: [9517, 31], r: -5, e: -6
#ERR  p: [2400, 31], r: -5, e: -6
#ERR  p: [12252, 31], r: 0, e: -1
#ERR  p: [13840, 31], r: -5, e: -6
#ERR  p: [12024, 986], r: 6, e: 5
#ERR  p: [8352, 202], r: -3, e: -4
#ERR  p: [9001, 5068], r: -7, e: -8
#ERR  p: [7416, 670], r: -9, e: -10
#ERR  p: [13392, 196], r: -6, e: -7
#ERR  p: [15746, 2825], r: -3, e: -4
#ERR  p: [9792, 272], r: -4, e: -5
#ERR  p: [3240, 5325], r: 5, e: 4
#ERR  p: [4608, 35], r: -7, e: -8
#ERR  p: [5688, 419], r: -8, e: -9
#ERR  p: [4768, 31], r: -5, e: -6
#ERR  p: [8136, 252], r: 7, e: 6
#ERR  p: [8208, 1889], r: 3, e: 2
#ERR  p: [2953, 12237], r: -6, e: -7
#ERR  p: [4837, 31], r: -5, e: -6
#ERR  p: [7848, 496], r: 9, e: 8
#ERR  p: [7920, 755], r: -8, e: -9
#ERR  p: [9576, 755], r: -8, e: -9
#ERR  p: [14544, 57], r: -5, e: -6
#ERR  p: [13465, 57], r: -5, e: -6
#ERR  p: [8640, 12855], r: -1, e: -2
#ERR  p: [10167, 31], r: -5, e: -6
#ERR  p: [7704, 285], r: -8, e: -9
#ERR  p: [7488, 11201], r: 4, e: 3
#ERR  p: [11592, 57], r: -5, e: -6
#ERR  p: [3384, 782], r: -1, e: -2
#ERR  p: [9144, 66], r: -9, e: -10
#ERR  p: [10728, 3057], r: -1, e: -2
#ERR  p: [2881, 9093], r: -8, e: -9
#ERR  p: [14901, 32], r: -6, e: -7
#ERR  p: [7632, 66], r: -5, e: -6
#ERR  p: [11376, 118], r: 9, e: 8
#ERR  p: [7560, 3979], r: -2, e: -3
#ERR  p: [10440, 6071], r: -7, e: -8
#ERR  p: [3312, 212], r: -2, e: -3
#ERR  p: [15255, 57], r: -2, e: -3
#ERR  p: [8001, 57], r: -5, e: -6
#ERR  p: [7128, 3960], r: 4, e: 3
#ERR  p: [8280, 80], r: 1, e: 0
#ERR  p: [8064, 198], r: -4, e: -5
#ERR  p: [9072, 15107], r: 0, e: -1
#ERR  p: [12384, 59], r: -9, e: -10
#ERR  p: [3456, 57], r: 11, e: 10
#ERR  p: [3529, 10284], r: -6, e: -7
#ERR  p: [11808, 1299], r: -7, e: -8
#ERR  p: [3109, 31], r: -5, e: -6
#ERR  p: [576, 400], r: -8, e: -9
#ERR  p: [4176, 209], r: -8, e: -9
#ERR  p: [8928, 6090], r: -4, e: -5
#ERR  p: [10656, 8820], r: -2, e: -3
#ERR  p: [3168, 198], r: -1, e: -2
#ERR  p: [936, 9024], r: -1, e: -2
#ERR  p: [9216, 746], r: -9, e: -10
#ERR  p: [792, 199], r: -3, e: -4
#ERR  p: [12960, 58], r: -8, e: -9
#ERR  p: [11304, 1015], r: -8, e: -9
#ERR  p: [216, 2130], r: -8, e: -9
#ERR  p: [2232, 66], r: -5, e: -6
#ERR  p: [10800, 1056], r: -5, e: -6
#ERR  p: [11232, 680], r: -9, e: -10
#ERR  p: [3744, 1973], r: -8, e: -9
#ERR  p: [11016, 1835], r: -4, e: -5
#ERR  p: [10584, 685], r: -4, e: -5
#ERR  p: [5472, 779], r: -7, e: -8
#ERR  p: [9360, 59], r: -5, e: -6
#ERR  p: [10225, 7440], r: -11, e: -12
#ERR  p: [360, 68], r: -4, e: -5
#ERR  p: [10512, 630], r: -8, e: -9
#ERR  p: [12456, 260], r: -4, e: -5
#ERR  p: [144, 960], r: -4, e: -5
#ERR  p: [9936, 76], r: -9, e: -10
#ERR  p: [10944, 5477], r: -4, e: -5
#ERR  p: [1153, 1473], r: -7, e: -8
#ERR  p: [9864, 200], r: -8, e: -9
#ERR  p: [2016, 1432], r: -7, e: -8
#ERR  p: [13608, 70], r: -8, e: -9
#ERR  p: [1872, 12713], r: 8, e: 7
#ERR  p: [12096, 72], r: -8, e: -9
#ERR  p: [11880, 1796], r: -3, e: -4
#ERR  p: [14760, 57], r: -5, e: -6
#ERR  p: [432, 3375], r: -3, e: -4
#ERR  p: [10872, 756], r: -6, e: -7
#ERR  p: [3600, 67], r: -8, e: -9
#ERR  p: [721, 62], r: -5, e: -6
#ERR  p: [1728, 400], r: -6, e: -7
#ERR  p: [4104, 3466], r: -8, e: -9
#ERR  p: [13176, 569], r: -8, e: -9
#ERR  p: [11736, 201], r: -5, e: -6
#ERR  p: [3820, 57], r: -5, e: -6
#ERR  p: [12312, 1041], r: -3, e: -4
#ERR  p: [16118, 31], r: -5, e: -6
#ERR  p: [12528, 203], r: -9, e: -10
#ERR  p: [13681, 10367], r: -7, e: -8
#ERR  p: [13752, 57], r: -5, e: -6
#ERR  p: [11174, 31], r: -5, e: -6
#ERR  p: [9432, 41], r: -6, e: -7
#ERR  p: [12600, 61], r: -7, e: -8
#ERR  p: [15482, 31], r: -5, e: -6
#ERR  p: [8790, 57], r: -5, e: -6
#ERR  p: [4032, 757], r: -4, e: -5
#ERR  p: [12168, 1143], r: 16, e: 15
#ERR  p: [2160, 71], r: -5, e: -6
#ERR  p: [8873, 31], r: -5, e: -6
#ERR  p: [11103, 31], r: -5, e: -6
#ERR  p: [288, 14153], r: 0, e: -1
#ERR  p: [13032, 59], r: -6, e: -7
#ERR  p: [1512, 1217], r: 7, e: 6
#ERR  p: [3675, 57], r: -5, e: -6
#ERR  p: [12888, 210], r: -5, e: -6
#ERR  p: [13104, 277], r: -9, e: -10
#ERR  p: [656, 62], r: -4, e: -5
#ERR  p: [14326, 58], r: -9, e: -10
#ERR  p: [15107, 749], r: -3, e: -4
#ERR  p: [15686, 57], r: 1, e: 0
#ERR  p: [6192, 975], r: -7, e: -8
#ERR  p: [13252, 57], r: -2, e: -3
#ERR  p: [12816, 1386], r: -8, e: -9
#ERR  p: [15533, 748], r: 0, e: -1
#ERR  p: [14468, 406], r: -6, e: -7
#ERR  p: [1584, 202], r: 1, e: 0
#ERR  p: [7272, 63], r: -4, e: -5
#ERR  p: [10296, 990], r: -5, e: -6
#ERR  p: [6696, 75], r: -9, e: -10
#ERR  p: [890, 57], r: -5, e: -6
#ERR  p: [13320, 1239], r: 1, e: 0
#ERR  p: [15320, 627], r: -4, e: -5
#ERR  p: [14695, 57], r: -5, e: -6
#ERR  p: [508, 63], r: -5, e: -6
#ERR  p: [5040, 291], r: -2, e: -3
#ERR  p: [6264, 994], r: -8, e: -9
#ERR  p: [15604, 1801], r: -4, e: -5
#ERR  p: [10080, 256], r: -5, e: -6
#ERR  p: [6552, 200], r: -3, e: -4
#ERR  p: [1296, 1393], r: -2, e: -3
#ERR  p: [4968, 1804], r: 1, e: 0
#ERR  p: [15037, 7836], r: -2, e: -3
#ERR  p: [6768, 1499], r: -9, e: -10
#ERR  p: [6120, 206], r: 2, e: 1
#ERR  p: [6336, 493], r: 3, e: 2
#ERR  p: [16194, 31], r: -6, e: -7
#ERR  p: [12672, 61], r: -6, e: -7
#ERR  p: [1944, 997], r: -8, e: -9
#ERR  p: [4320, 37], r: 0, e: -1
#ERR  p: [2304, 249], r: 0, e: -1
#ERR  p: [14112, 291], r: -9, e: -10
#ERR  p: [1080, 252], r: -5, e: -6
#ERR  p: [4896, 67], r: -5, e: -6
#ERR  p: [5616, 44], r: 5, e: 4
#ERR  p: [5112, 65], r: -6, e: -7
#ERR  p: [1008, 60], r: -5, e: -6
#ERR  p: [1440, 76], r: -3, e: -4
#ERR  p: [10016, 57], r: -5, e: -6
#ERR  p: [6480, 1411], r: -3, e: -4
#ERR  p: [8590, 31], r: -5, e: -6
#ERR  p: [12764, 31], r: -5, e: -6
#ERR  p: [9312, 31], r: -5, e: -6
#ERR  p: [2622, 31], r: -5, e: -6
#ERR  p: [10410, 31], r: 2, e: 1
#ERR  p: [4555, 31], r: -5, e: -6
#ERR  p: [5359, 31], r: -5, e: -6
#ERR  p: [11484, 31], r: -5, e: -6
#SDC Ite:0 KerTime:0.996191 AccTime:0.996191 KerErr:2880952 AccErr:2880952
#ABORT too many errors per iteration
#END