2016-10-29 02:31:41:Starting GDB script
2016-10-29 02:31:42:sending signal using command: 'ssh -T mic0 killall -2 lud_check' after 0.447954768674s
2016-10-29 02:31:42:shell stdout: 
2016-10-29 02:31:43:sending signal using command: 'ssh -T mic0 killall -2 lud_check' after 1.56331716062s
2016-10-29 02:31:43:shell stdout: 
2016-10-29 02:31:43:sending signal using command: 'ssh -T mic0 killall -2 lud_check' after 1.74671880346s
2016-10-29 02:31:43:shell stdout: 
2016-10-29 02:31:44:sending signal using command: 'ssh -T mic0 killall -2 lud_check' after 2.73327922192s
2016-10-29 02:31:44:shell stdout: 
2016-10-29 02:31:45:sending signal using command: 'ssh -T mic0 killall -2 lud_check' after 3.18620005146s
2016-10-29 02:31:45:shell stdout: 
2016-10-29 02:31:46:sending signal using command: 'ssh -T mic0 killall -2 lud_check' after 3.98227681078s
2016-10-29 02:31:46:shell stdout: 
2016-10-29 02:31:46:sending signal using command: 'ssh -T mic0 killall -2 lud_check' after 4.32082244161s
2016-10-29 02:31:46:shell stdout: 
2016-10-29 02:31:47:sending signal using command: 'ssh -T mic0 killall -2 lud_check' after 5.68142406715s
2016-10-29 02:31:47:shell stdout: 
2016-10-29 02:31:48:no gdbExecName running, out:
2016-10-29 02:31:48:checCmd:ps -e | grep -i gdb-mic
2016-10-29 02:31:48:finished now-timestampStart < maxWaitTime*5
2016-10-29 02:31:48:now: 1477722708
2016-10-29 02:31:48:timestampStart: 1477722701
2016-10-29 02:31:48:kill cmd: killall -9 gdb-mic
2016-10-29 02:31:48:shell stdout: 
2016-10-29 02:31:49:sending signal using command: 'ssh -T mic0 killall -2 lud_check' after 6.91310003758s
2016-10-29 02:31:49:shell stdout: 
2016-10-29 02:31:49:kill cmd: ssh -T mic0 killall -9 lud_check
2016-10-29 02:31:49:shell stdout: 
2016-10-29 02:31:49:sending signal using command: 'ssh -T mic0 killall -2 lud_check' after 7.33532464798s
2016-10-29 02:31:49:shell stdout: 
2016-10-29 02:31:49:kill cmd: ssh -T mic0 killall -9 gdbserver
2016-10-29 02:31:49:shell stdout: 
2016-10-29 02:31:49:kill cmd: ssh -T mic0 killall -9 sshd
2016-10-29 02:31:49:shell stdout: 
