2016-10-12 10:09:06:Starting GDB script
2016-10-12 10:09:08:sending signal using command: 'ssh -T mic0 killall -2 hotspot_check' after 1.53443692611s
2016-10-12 10:09:08:shell stdout: 
2016-10-12 10:09:10:sending signal using command: 'ssh -T mic0 killall -2 hotspot_check' after 4.09952871425s
2016-10-12 10:09:10:shell stdout: 
2016-10-12 10:09:12:sending signal using command: 'ssh -T mic0 killall -2 hotspot_check' after 5.873811572s
2016-10-12 10:09:12:shell stdout: 
2016-10-12 10:09:13:sending signal using command: 'ssh -T mic0 killall -2 hotspot_check' after 6.68845768497s
2016-10-12 10:09:13:shell stdout: 
2016-10-12 10:09:13:sending signal using command: 'ssh -T mic0 killall -2 hotspot_check' after 6.87315034421s
2016-10-12 10:09:13:shell stdout: 
2016-10-12 10:09:13:sending signal using command: 'ssh -T mic0 killall -2 hotspot_check' after 6.9900420358s
2016-10-12 10:09:13:shell stdout: 
2016-10-12 10:09:14:sending signal using command: 'ssh -T mic0 killall -2 hotspot_check' after 7.58215427668s
2016-10-12 10:09:14:shell stdout: 
2016-10-12 10:09:16:sending signal using command: 'ssh -T mic0 killall -2 hotspot_check' after 9.71974244484s
2016-10-12 10:09:16:shell stdout: 
2016-10-12 10:09:17:sending signal using command: 'ssh -T mic0 killall -2 hotspot_check' after 11.4353436754s
2016-10-12 10:09:17:shell stdout: 
2016-10-12 10:09:19:sending signal using command: 'ssh -T mic0 killall -2 hotspot_check' after 12.9986116187s
2016-10-12 10:09:19:shell stdout: 
2016-10-12 10:09:26:no gdbExecName running, out:
2016-10-12 10:09:26:checCmd:ps -e | grep -i gdb-mic
2016-10-12 10:09:26:finished now-timestampStart < maxWaitTime*5
2016-10-12 10:09:26:now: 1476281365
2016-10-12 10:09:26:timestampStart: 1476281346
2016-10-12 10:09:26:kill cmd: killall -9 gdb-mic
2016-10-12 10:09:26:shell stdout: 
2016-10-12 10:09:26:kill cmd: ssh -T mic0 killall -9 hotspot_check
2016-10-12 10:09:26:shell stdout: 
2016-10-12 10:09:27:kill cmd: ssh -T mic0 killall -9 gdbserver
2016-10-12 10:09:27:shell stdout: 
