2016-10-31 10:53:12:Initialization strings:
2016-10-31 10:53:12:(1) target extended-remote | ssh -T mic0 gdbserver --multi -
2016-10-31 10:53:12:(2) set sysroot /opt/mpss/3.7/sysroots/k1om-mpss-linux/
2016-10-31 10:53:12:(3) set sysroot /opt/mpss/3.7/sysroots/k1om-mpss-linux/
2016-10-31 10:53:12:(4) file /micNfs/gdb-fault-injection-nw/bin/needle_check
2016-10-31 10:53:12:(5) set remote exec-file /micNfs/gdb-fault-injection-nw/bin/needle_check
2016-10-31 10:53:12:(6) set args 16384 10 228 /micNfs/gdb-fault-injection-nw/bin/input_16384_th_228_pen_10 /micNfs/gdb-fault-injection-nw/bin/gold_16384_th_228_pen_10
2016-10-31 10:53:16:Trying Fault Injection
2016-10-31 10:53:16:Inferior PID: 138949
2016-10-31 10:53:16:Inferior is valid: True
2016-10-31 10:53:16:Inferior #threads: 1
2016-10-31 10:53:16:Backtrace BEGIN:
2016-10-31 10:53:17:#0  0x00007ffff6e245d0 in __read_nocancel () at ../sysdeps/unix/syscall-template.S:81
#1  0x00007ffff6dd0911 in __GI__IO_file_xsgetn (fp=0x61d900, data=<optimized out>, n=1073872900) at fileops.c:1422
#2  0x00007ffff6dc6929 in __GI__IO_fread (buf=<optimized out>, size=1073872900, count=1, fp=0x61d900) at iofread.c:42
#3  0x00000000004015e1 in ReadArrayFromFile (input_itemsets=<optimized out>, gold_itemsets=<optimized out>, max_rows=<optimized out>, filenameinput=<optimized out>, filenamegold=<optimized out>) at needle_check.cpp:49
#4  runTest (argc=<optimized out>, argv=<optimized out>) at needle_check.cpp:317
#5  main (argc=3, argv=0x7fff76919010) at needle_check.cpp:114

2016-10-31 10:53:17:76	in ../sysdeps/unix/syscall-template.S

2016-10-31 10:53:17:Backtrace END
2016-10-31 10:53:17:Thread name: None
2016-10-31 10:53:17:Thread num: 1
2016-10-31 10:53:17:Thread ptid: (138949, 138949, 0)
2016-10-31 10:53:17:bitFlip function
2016-10-31 10:53:17:Type: The type is an array.
2016-10-31 10:53:17:Type sizeof: 200
2016-10-31 10:53:17:Fliping array at pos: 87
2016-10-31 10:53:17:bitFlip function
2016-10-31 10:53:17:Type: The type is an integer type.
2016-10-31 10:53:17:Type sizeof: 1
2016-10-31 10:53:17:Mem contents(hex):0x00
2016-10-31 10:53:17:base address to flip value: 0x7fffffffe9df 
2016-10-31 10:53:17:address max offset: 1
2016-10-31 10:53:17:Memory content before bitflip:0x00
2016-10-31 10:53:17:Memory content after  bitflip:0x80
2016-10-31 10:53:17:Mem contents(hex):0x80
2016-10-31 10:53:17:frame name: ReadArrayFromFile
2016-10-31 10:53:17:symbol name: test_info
2016-10-31 10:53:17:symbol filename: needle_check.cpp
2016-10-31 10:53:17:symbol line: 292
2016-10-31 10:53:17:value: "max_rows:16384 max_cols:16384 penalty:10 omp_num_threads:228\000\000\000\000\000\200\377\367\000\000\000\000\024\353\377\377", '\000' <repeats 11 times>, "\200\000\000\000\000\000\000\000\000\001\000\000\000\000\000\000\000@\353\377\377\377\177\000\000\300\344\377\367\377\177\000\000\000\000\000\000\000\000\000\000h\353\377\377\377\177\000\000\360\213\377\367\377\177\000\000\314h\336\367\377\177\000\000\006\000\000\000\000\000\000\000\360\213\377\367\377\177\000\000\001", '\000' <repeats 15 times>, "\001\000\000\000\000\000\000\000h\341\377\367\377\177\000"
2016-10-31 10:53:17:value address: 0x7fffffffe988
2016-10-31 10:53:17:Type: The type is an array.
2016-10-31 10:53:17:Type sizeof: 200
2016-10-31 10:53:17:Field name: None
2016-10-31 10:53:17:Field Type:
2016-10-31 10:53:17:Type: A range type, that is, an integer type with bounds.
2016-10-31 10:53:17:Type sizeof: 1
2016-10-31 10:53:17:Type range: (0L, 199L)
2016-10-31 10:53:17:Fault Injection Successful after 5.07638001442s
2016-10-31 10:53:23:Fault Already Injected
2016-10-31 10:53:25:Fault Already Injected
2016-10-31 10:53:27:Fault Already Injected
2016-10-31 10:53:29:Fault Already Injected
2016-10-31 10:53:32:event type: exit
2016-10-31 10:53:32:exit code: 0
