2016-10-26 19:26:04:Starting GDB script
2016-10-26 19:26:04:sending signal using command: 'ssh -T mic0 killall -2 hotspot_check' after 0.0633785769125s
2016-10-26 19:26:04:shell stdout: 
2016-10-26 19:26:05:sending signal using command: 'ssh -T mic0 killall -2 hotspot_check' after 1.09747510437s
2016-10-26 19:26:05:shell stdout: 
2016-10-26 19:26:10:sending signal using command: 'ssh -T mic0 killall -2 hotspot_check' after 5.6436218716s
2016-10-26 19:26:10:shell stdout: 
2016-10-26 19:26:12:sending signal using command: 'ssh -T mic0 killall -2 hotspot_check' after 8.15419541209s
2016-10-26 19:26:12:shell stdout: 
2016-10-26 19:26:14:sending signal using command: 'ssh -T mic0 killall -2 hotspot_check' after 9.34878726747s
2016-10-26 19:26:14:shell stdout: 
2016-10-26 19:26:15:sending signal using command: 'ssh -T mic0 killall -2 hotspot_check' after 10.530858944s
2016-10-26 19:26:15:shell stdout: 
2016-10-26 19:26:16:sending signal using command: 'ssh -T mic0 killall -2 hotspot_check' after 11.3354720184s
2016-10-26 19:26:16:shell stdout: 
2016-10-26 19:26:17:sending signal using command: 'ssh -T mic0 killall -2 hotspot_check' after 12.7391308293s
2016-10-26 19:26:17:shell stdout: 
2016-10-26 19:26:18:sending signal using command: 'ssh -T mic0 killall -2 hotspot_check' after 13.2884357159s
2016-10-26 19:26:18:shell stdout: 
2016-10-26 19:26:19:sending signal using command: 'ssh -T mic0 killall -2 hotspot_check' after 14.2088072674s
2016-10-26 19:26:19:shell stdout: 
2016-10-26 19:26:25:no gdbExecName running, out:
2016-10-26 19:26:25:checCmd:ps -e | grep -i gdb-mic
2016-10-26 19:26:25:finished now-timestampStart < maxWaitTime*5
2016-10-26 19:26:25:now: 1477524384
2016-10-26 19:26:25:timestampStart: 1477524364
2016-10-26 19:26:25:kill cmd: killall -9 gdb-mic
2016-10-26 19:26:25:shell stdout: 
2016-10-26 19:26:26:kill cmd: ssh -T mic0 killall -9 hotspot_check
2016-10-26 19:26:26:shell stdout: 
2016-10-26 19:26:26:kill cmd: ssh -T mic0 killall -9 gdbserver
2016-10-26 19:26:26:shell stdout: 
