[INFO -- 2017-03-16 14:38:41]
Starting GDB script
[INFO -- 2017-03-16 14:38:41]
initSignal:4.0
[INFO -- 2017-03-16 14:38:41]
endSignal:8.0
[INFO -- 2017-03-16 14:38:41]
seqSignal:30
[INFO -- 2017-03-16 14:38:46]
sending 30 signals using command: 'ssh -T mic0 killall -2 needle_check' after 4.41249309004s
[INFO -- 2017-03-16 14:38:46]
shell stdout: 
[INFO -- 2017-03-16 14:38:47]
shell stdout: 
[INFO -- 2017-03-16 14:38:47]
sending 30 signals using command: 'ssh -T mic0 killall -2 needle_check' after 5.65981231771s
[INFO -- 2017-03-16 14:38:47]
shell stdout: 
[INFO -- 2017-03-16 14:38:48]
shell stdout: 
[INFO -- 2017-03-16 14:38:48]
sending 30 signals using command: 'ssh -T mic0 killall -2 needle_check' after 6.19564519875s
[INFO -- 2017-03-16 14:38:48]
shell stdout: 
[INFO -- 2017-03-16 14:38:48]
shell stdout: 
[INFO -- 2017-03-16 14:38:48]
shell stdout: 
[INFO -- 2017-03-16 14:38:48]
shell stdout: 
[INFO -- 2017-03-16 14:38:48]
shell stdout: 
[INFO -- 2017-03-16 14:38:48]
shell stdout: 
[INFO -- 2017-03-16 14:38:49]
shell stdout: 
[INFO -- 2017-03-16 14:38:49]
shell stdout: 
[INFO -- 2017-03-16 14:38:49]
shell stdout: 
[INFO -- 2017-03-16 14:38:49]
shell stdout: 
[INFO -- 2017-03-16 14:38:49]
shell stdout: 
[INFO -- 2017-03-16 14:38:49]
shell stdout: 
[INFO -- 2017-03-16 14:38:49]
shell stdout: 
[INFO -- 2017-03-16 14:38:50]
shell stdout: 
[INFO -- 2017-03-16 14:38:50]
shell stdout: 
[INFO -- 2017-03-16 14:38:50]
shell stdout: 
[INFO -- 2017-03-16 14:38:50]
shell stdout: 
[INFO -- 2017-03-16 14:38:50]
shell stdout: 
[INFO -- 2017-03-16 14:38:50]
shell stdout: 
[INFO -- 2017-03-16 14:38:50]
shell stdout: 
[INFO -- 2017-03-16 14:38:51]
shell stdout: 
[INFO -- 2017-03-16 14:38:51]
shell stdout: 
[INFO -- 2017-03-16 14:38:51]
shell stdout: 
[INFO -- 2017-03-16 14:38:51]
shell stdout: 
[INFO -- 2017-03-16 14:38:51]
shell stdout: 
[INFO -- 2017-03-16 14:38:51]
shell stdout: 
[INFO -- 2017-03-16 14:38:51]
shell stdout: 
[INFO -- 2017-03-16 14:38:51]
shell stdout: 
[INFO -- 2017-03-16 14:38:52]
shell stdout: 
[INFO -- 2017-03-16 14:38:52]
shell stdout: 
[INFO -- 2017-03-16 14:38:52]
shell stdout: 
[INFO -- 2017-03-16 14:38:52]
shell stdout: 
[INFO -- 2017-03-16 14:38:52]
shell stdout: 
[INFO -- 2017-03-16 14:38:52]
shell stdout: 
[INFO -- 2017-03-16 14:38:52]
shell stdout: 
[INFO -- 2017-03-16 14:38:53]
shell stdout: 
[INFO -- 2017-03-16 14:38:53]
shell stdout: 
[INFO -- 2017-03-16 14:38:53]
shell stdout: 
[INFO -- 2017-03-16 14:38:53]
shell stdout: 
[INFO -- 2017-03-16 14:38:53]
shell stdout: 
[INFO -- 2017-03-16 14:38:53]
shell stdout: 
[INFO -- 2017-03-16 14:38:53]
shell stdout: 
[INFO -- 2017-03-16 14:38:53]
shell stdout: 
[INFO -- 2017-03-16 14:38:53]
no gdbExecName running, out:
[INFO -- 2017-03-16 14:38:53]
checCmd:ps -e | grep -i gdb-mic
[INFO -- 2017-03-16 14:38:53]
finished now-timestampStart < maxWaitTime*5
[INFO -- 2017-03-16 14:38:53]
now: 1489689532
[INFO -- 2017-03-16 14:38:53]
timestampStart: 1489689521
[INFO -- 2017-03-16 14:38:53]
kill cmd: killall -9 gdb-mic
[INFO -- 2017-03-16 14:38:54]
shell stdout: 
[INFO -- 2017-03-16 14:38:54]
shell stdout: 
[INFO -- 2017-03-16 14:38:54]
shell stdout: 
[INFO -- 2017-03-16 14:38:54]
shell stdout: 
[INFO -- 2017-03-16 14:38:54]
kill cmd: ssh -T mic0 killall -9 needle_check
[INFO -- 2017-03-16 14:38:54]
shell stdout: 
[INFO -- 2017-03-16 14:38:54]
shell stdout: 
[INFO -- 2017-03-16 14:38:54]
shell stdout: 
[INFO -- 2017-03-16 14:38:54]
shell stdout: 
[INFO -- 2017-03-16 14:38:54]
kill cmd: ssh -T mic0 killall -9 gdbserver
[INFO -- 2017-03-16 14:38:54]
shell stdout: 
[INFO -- 2017-03-16 14:38:54]
shell stdout: 
[INFO -- 2017-03-16 14:38:55]
shell stdout: 
[INFO -- 2017-03-16 14:38:55]
shell stdout: 
[INFO -- 2017-03-16 14:38:55]
kill cmd: ssh -T mic0 killall -9 sshd
[INFO -- 2017-03-16 14:38:55]
shell stdout: 
[INFO -- 2017-03-16 14:38:55]
shell stdout: 
