2016-10-18 09:09:23:sending signal using command: 'ssh -T mic0 killall -2 needle_check' after 15.3966464655s
2016-10-18 09:09:23:shell stdout: 
2016-10-18 09:09:23:sending signal using command: 'ssh -T mic0 killall -2 needle_check' after 15.724557043s
2016-10-18 09:09:23:shell stdout: 
2016-10-18 09:09:23:Starting GDB script
2016-10-18 09:09:24:sending signal using command: 'ssh -T mic0 killall -2 needle_check' after 0.17109591704s
2016-10-18 09:09:24:shell stdout: 
2016-10-18 09:09:25:sending signal using command: 'ssh -T mic0 killall -2 needle_check' after 1.21304602166s
2016-10-18 09:09:25:shell stdout: 
2016-10-18 09:09:29:sending signal using command: 'ssh -T mic0 killall -2 needle_check' after 5.45022451507s
2016-10-18 09:09:29:shell stdout: 
2016-10-18 09:09:32:sending signal using command: 'ssh -T mic0 killall -2 needle_check' after 7.90543329117s
2016-10-18 09:09:32:shell stdout: 
2016-10-18 09:09:34:sending signal using command: 'ssh -T mic0 killall -2 needle_check' after 10.6342251225s
2016-10-18 09:09:34:shell stdout: 
2016-10-18 09:09:35:sending signal using command: 'ssh -T mic0 killall -2 needle_check' after 11.5430815815s
2016-10-18 09:09:35:shell stdout: 
2016-10-18 09:09:37:sending signal using command: 'ssh -T mic0 killall -2 needle_check' after 13.9556614365s
2016-10-18 09:09:37:shell stdout: 
2016-10-18 09:09:38:sending signal using command: 'ssh -T mic0 killall -2 needle_check' after 14.1080466001s
2016-10-18 09:09:38:shell stdout: 
2016-10-18 09:09:38:sending signal using command: 'ssh -T mic0 killall -2 needle_check' after 14.4757766116s
2016-10-18 09:09:38:shell stdout: 
2016-10-18 09:09:38:no gdbExecName running, out:
2016-10-18 09:09:38:checCmd:ps -e | grep -i gdb-mic
2016-10-18 09:09:38:finished now-timestampStart < maxWaitTime*5
2016-10-18 09:09:38:now: 1476796177
2016-10-18 09:09:38:timestampStart: 1476796163
2016-10-18 09:09:38:kill cmd: killall -9 gdb-mic
2016-10-18 09:09:38:shell stdout: 
2016-10-18 09:09:39:sending signal using command: 'ssh -T mic0 killall -2 needle_check' after 15.0191500585s
2016-10-18 09:09:39:shell stdout: 
2016-10-18 09:09:39:kill cmd: ssh -T mic0 killall -9 needle_check
2016-10-18 09:09:39:shell stdout: 
2016-10-18 09:09:39:kill cmd: ssh -T mic0 killall -9 gdbserver
2016-10-18 09:09:39:shell stdout: 
2016-10-18 09:09:39:kill cmd: ssh -T mic0 killall -9 sshd
2016-10-18 09:09:39:shell stdout: 
