2017-01-25 18:06:13:Starting flip_value script
2017-01-25 18:06:13:Initialization strings:
2017-01-25 18:06:13:(1) target extended-remote | ssh -T mic0 gdbserver --multi -
2017-01-25 18:06:13:(2) set sysroot /opt/mpss/3.7/sysroots/k1om-mpss-linux/
2017-01-25 18:06:13:(3) set sysroot /opt/mpss/3.7/sysroots/k1om-mpss-linux/
2017-01-25 18:06:13:(4) file /micNfs/gdb-fault-injection/injector/bin/lud/lud_check
2017-01-25 18:06:13:(5) set remote exec-file /micNfs/gdb-fault-injection/injector/bin/lud/lud_check
2017-01-25 18:06:13:(6) set args -s 2048 -n 228 -i /micNfs/gdb-fault-injection/injector/bin/lud/input_2048_th_228 -g /micNfs/gdb-fault-injection/injector/bin/lud/gold_2048_th_228
2017-01-25 18:06:13:initSignal:6
2017-01-25 18:06:13:endSignal:8
2017-01-25 18:06:13:seqSignal:30
2017-01-25 18:06:19:Trying Fault Injection
2017-01-25 18:06:19:Inferior PID: 199165
2017-01-25 18:06:19:Inferior is valid: True
2017-01-25 18:06:19:Inferior #threads: 229
2017-01-25 18:06:19:Backtrace BEGIN:
2017-01-25 18:06:19:#0  pthread_join (threadid=140737300436864, thread_return=0x7fffffffe980) at pthread_join.c:90
#1  0x00007ffff790e946 in ?? ()
#2  0x00007ffff4ebfe00 in ?? ()
#3  0x00007ffff4ec3fd8 in ?? ()
#4  0x00007ffff4ea2b00 in ?? ()
#5  0x00007ffff78de555 in ?? ()
#6  0x00007ffff4ea2df0 in ?? ()
#7  0x0000000000000001 in ?? ()
#8  0x0000000000000000 in ?? ()

2017-01-25 18:06:19:85	in pthread_join.c

2017-01-25 18:06:19:Backtrace END
2017-01-25 18:06:27:Thread name: None
2017-01-25 18:06:27:Thread num: 172
2017-01-25 18:06:27:Thread ptid: (199165, 199340, 0)
2017-01-25 18:06:27:Error Exception(frameFlip): invalid frame
2017-01-25 18:06:27:Error Exception(frameFlip): invalid frame
2017-01-25 18:06:27:Error Exception(frameFlip): invalid frame
2017-01-25 18:06:27:Error Exception(frameFlip): invalid frame
2017-01-25 18:06:27:Error Exception(frameFlip): invalid frame
2017-01-25 18:06:27:Error Exception(frameFlip): invalid frame
2017-01-25 18:06:27:Error Exception(frameFlip): invalid frame
2017-01-25 18:06:27:Error Exception(frameFlip): invalid frame
2017-01-25 18:06:27:Error Exception(frameFlip): invalid frame
2017-01-25 18:06:27:Error Exception(frameFlip): invalid frame
2017-01-25 18:06:27:Error Exception(frameFlip): invalid frame
2017-01-25 18:06:27:Error Exception(frameFlip): invalid frame
2017-01-25 18:06:27:Error Exception(frameFlip): invalid frame
2017-01-25 18:06:27:Error Exception(frameFlip): invalid frame
2017-01-25 18:06:27:Error Exception(frameFlip): invalid frame
2017-01-25 18:06:27:Error Exception(frameFlip): invalid frame
2017-01-25 18:06:27:Error Exception(frameFlip): invalid frame
2017-01-25 18:06:27:Error Exception(frameFlip): invalid frame
2017-01-25 18:06:27:Error Exception(frameFlip): invalid frame
2017-01-25 18:06:27:Error Exception(frameFlip): invalid frame
2017-01-25 18:06:27:Error Exception(frameFlip): invalid frame
2017-01-25 18:06:27:Error Exception(frameFlip): invalid frame
2017-01-25 18:06:27:Error Exception(frameFlip): invalid frame
2017-01-25 18:06:27:Error Exception(frameFlip): invalid frame
2017-01-25 18:06:27:Error Exception(frameFlip): invalid frame
2017-01-25 18:06:27:bitFlip function
2017-01-25 18:06:27:Type: The type is a structure.
2017-01-25 18:06:27:Type sizeof: 32
2017-01-25 18:06:27:Fliping value of field: __prev
2017-01-25 18:06:27:bitFlip function
2017-01-25 18:06:27:Type: The type is a pointer.
2017-01-25 18:06:27:Type sizeof: 8
2017-01-25 18:06:27:Fliping a bit of the pointer
2017-01-25 18:06:27:Mem contents(hex):0x000x000x000x000x000x000x000x00
2017-01-25 18:06:27:base address to flip value: 0x7fffffffe938
2017-01-25 18:06:27:address max offset: 8
2017-01-25 18:06:27:Memory content before bitflip:0x000x000x000x000x000x000x000x00
2017-01-25 18:06:27:Memory content after  bitflip:0x040x000x000x000x000x000x000x00
2017-01-25 18:06:27:Mem contents(hex):0x040x000x000x000x000x000x000x00
2017-01-25 18:06:27:frame name: pthread_join
2017-01-25 18:06:27:symbol name: _buffer
2017-01-25 18:06:27:symbol filename: pthread_join.c
2017-01-25 18:06:27:symbol line: 62
2017-01-25 18:06:27:value: {__routine = 0x7ffff7432480 <cleanup>, __arg = 0x7ffff4cc9da8, __canceltype = -138954096, __prev = 0x4}
2017-01-25 18:06:27:value address: 0x7fffffffe920
2017-01-25 18:06:27:Type: The type is a structure.
2017-01-25 18:06:27:Type sizeof: 32
2017-01-25 18:06:27:Field name: __routine
2017-01-25 18:06:27:Field Type:
2017-01-25 18:06:27:Type: The type is a pointer.
2017-01-25 18:06:27:Type sizeof: 8
2017-01-25 18:06:27:Field name: __arg
2017-01-25 18:06:27:Field Type:
2017-01-25 18:06:27:Type: The type is a pointer.
2017-01-25 18:06:27:Type sizeof: 8
2017-01-25 18:06:27:Field name: __canceltype
2017-01-25 18:06:27:Field Type:
2017-01-25 18:06:27:Type: The type is an integer type.
2017-01-25 18:06:27:Type sizeof: 4
2017-01-25 18:06:27:Field name: __prev
2017-01-25 18:06:27:Field Type:
2017-01-25 18:06:27:Type: The type is a pointer.
2017-01-25 18:06:27:Type sizeof: 8
2017-01-25 18:06:27:Fault Injection Successful after 14.492898941s
2017-01-25 18:06:27:Fault Already Injected
2017-01-25 18:06:27:Fault Already Injected
2017-01-25 18:06:27:Fault Already Injected
2017-01-25 18:06:27:Fault Already Injected
2017-01-25 18:06:27:event type: exit
2017-01-25 18:06:27:exit code: 0
