2016-10-23 07:49:49:Initialization strings:
2016-10-23 07:49:50:(1) target extended-remote | ssh -T mic0 gdbserver --multi -
2016-10-23 07:49:50:(2) set sysroot /opt/mpss/3.7/sysroots/k1om-mpss-linux/
2016-10-23 07:49:50:(3) set sysroot /opt/mpss/3.7/sysroots/k1om-mpss-linux/
2016-10-23 07:49:50:(4) file /micNfs/gdb-fault-injection-lavamd/bin/lavamd
2016-10-23 07:49:50:(5) set remote exec-file /micNfs/gdb-fault-injection-lavamd/bin/lavamd
2016-10-23 07:49:50:(6) set args 228 15 /micNfs/gdb-fault-injection-lavamd/bin/input_distance_228_15 /micNfs/gdb-fault-injection-lavamd/bin/input_charges_228_15 /micNfs/gdb-fault-injection-lavamd/bin/output_gold_228_15 1
2016-10-23 07:49:50:Trying Fault Injection
2016-10-23 07:49:50:Inferior PID: 164498
2016-10-23 07:49:50:Inferior is valid: True
2016-10-23 07:49:50:Inferior #threads: 1
2016-10-23 07:49:50:Backtrace BEGIN:
2016-10-23 07:49:50:#0  __GI__dl_debug_state () at dl-debug.c:74
#1  0x00007ffff7de084c in dl_main (phdr=<optimized out>, phnum=<optimized out>, user_entry=<optimized out>, auxv=<optimized out>) at rtld.c:2170
#2  0x00007ffff7df2548 in _dl_sysdep_start (start_argptr=start_argptr@entry=0x7fffffffec00, dl_main=dl_main@entry=0x7ffff7dde840 <dl_main>) at ../elf/dl-sysdep.c:249
#3  0x00007ffff7de1c6a in _dl_start_final (arg=0x7fffffffec00) at rtld.c:308
#4  _dl_start (arg=0x7fffffffec00) at rtld.c:414
#5  0x00007ffff7dddbc8 in _start () from /opt/mpss/3.7/sysroots/k1om-mpss-linux/lib64/ld-linux-k1om.so.2
#6  0x0000000000000007 in ?? ()
#7  0x00007fffffffedf0 in ?? ()
#8  0x00007fffffffee1e in ?? ()
#9  0x00007fffffffee22 in ?? ()
#10 0x00007fffffffee25 in ?? ()
#11 0x00007fffffffee62 in ?? ()
#12 0x00007fffffffee9e in ?? ()
#13 0x00007fffffffeed8 in ?? ()
#14 0x0000000000000000 in ?? ()

2016-10-23 07:49:50:69	in dl-debug.c

2016-10-23 07:49:50:Backtrace END
2016-10-23 07:49:50:Thread name: None
2016-10-23 07:49:50:Thread num: 1
2016-10-23 07:49:50:Thread ptid: (164498, 164498, 0)
2016-10-23 07:49:50:bitFlip function
2016-10-23 07:49:50:Type: The type is a pointer.
2016-10-23 07:49:50:Type sizeof: 8
2016-10-23 07:49:50:Error gdbException(frameFlip): Attempt to dereference a generic pointer.
2016-10-23 07:49:50:Fault Injection Failed after 0.701040029526s
2016-10-23 07:49:50:Trying Fault Injection
2016-10-23 07:49:50:Inferior PID: 164498
2016-10-23 07:49:50:Inferior is valid: True
2016-10-23 07:49:50:Inferior #threads: 1
2016-10-23 07:49:50:Backtrace BEGIN:
2016-10-23 07:49:50:#0  0x00007ffff71965d0 in __read_nocancel () at ../sysdeps/unix/syscall-template.S:81
#1  0x00007ffff71436c0 in _IO_new_file_underflow (fp=0x60e1c0) at fileops.c:580
#2  0x00007ffff71429e8 in __GI__IO_file_xsgetn (fp=0x60e1c0, data=<optimized out>, n=8) at fileops.c:1402
#3  0x00007ffff7138929 in __GI__IO_fread (buf=<optimized out>, size=1, count=8, fp=0x60e1c0) at iofread.c:42
#4  0x00000000004021c3 in main (argc=7, argv=0x7fffffffec08) at main_check.c:148

2016-10-23 07:49:50:76	in ../sysdeps/unix/syscall-template.S

2016-10-23 07:49:50:Backtrace END
2016-10-23 07:49:50:Thread name: None
2016-10-23 07:49:50:Thread num: 1
2016-10-23 07:49:50:Thread ptid: (164498, 164498, 0)
2016-10-23 07:49:50:bitFlip function
2016-10-23 07:49:50:Type: The type is an integer type.
2016-10-23 07:49:50:Type sizeof: 4
2016-10-23 07:49:50:Mem contents(hex):0x000x000x000x00
2016-10-23 07:49:50:base address to flip value: 0x7fffffffe760
2016-10-23 07:49:50:address max offset: 4
2016-10-23 07:49:50:Memory content before bitflip:0x000x000x000x00
2016-10-23 07:49:50:Memory content after  bitflip:0x000x000x040x00
2016-10-23 07:49:50:Mem contents(hex):0x000x000x040x00
2016-10-23 07:49:50:frame name: main
2016-10-23 07:49:50:symbol name: i
2016-10-23 07:49:50:symbol filename: main_check.c
2016-10-23 07:49:50:symbol line: 53
2016-10-23 07:49:50:value: 262144
2016-10-23 07:49:50:value address: 0x7fffffffe760
2016-10-23 07:49:50:Type: The type is an integer type.
2016-10-23 07:49:50:Type sizeof: 4
2016-10-23 07:49:50:Fault Injection Successful after 0.89453792572s
2016-10-23 07:49:51:Fault Already Injected
2016-10-23 07:49:51:Fault Already Injected
2016-10-23 07:49:51:Fault Already Injected
2016-10-23 07:49:53:Fault Already Injected
2016-10-23 07:49:55:Fault Already Injected
2016-10-23 07:49:56:Fault Already Injected
2016-10-23 07:49:57:Fault Already Injected
2016-10-23 07:49:59:Fault Already Injected
