2016-10-19 20:14:59:Starting GDB script
2016-10-19 20:15:00:sending signal using command: 'ssh -T mic0 killall -2 needle_check' after 0.49860572452s
2016-10-19 20:15:00:shell stdout: 
2016-10-19 20:15:01:sending signal using command: 'ssh -T mic0 killall -2 needle_check' after 1.64588649303s
2016-10-19 20:15:01:shell stdout: 
2016-10-19 20:15:01:sending signal using command: 'ssh -T mic0 killall -2 needle_check' after 1.71039300557s
2016-10-19 20:15:01:shell stdout: 
2016-10-19 20:15:04:sending signal using command: 'ssh -T mic0 killall -2 needle_check' after 4.16992238954s
2016-10-19 20:15:04:shell stdout: 
2016-10-19 20:15:05:sending signal using command: 'ssh -T mic0 killall -2 needle_check' after 5.79405035409s
2016-10-19 20:15:05:shell stdout: 
2016-10-19 20:15:06:sending signal using command: 'ssh -T mic0 killall -2 needle_check' after 6.00478248758s
2016-10-19 20:15:06:shell stdout: 
2016-10-19 20:15:12:sending signal using command: 'ssh -T mic0 killall -2 needle_check' after 12.3132157389s
2016-10-19 20:15:12:shell stdout: 
2016-10-19 20:15:12:sending signal using command: 'ssh -T mic0 killall -2 needle_check' after 12.3467866037s
2016-10-19 20:15:12:shell stdout: 
2016-10-19 20:15:14:sending signal using command: 'ssh -T mic0 killall -2 needle_check' after 14.4981017067s
2016-10-19 20:15:14:shell stdout: 
2016-10-19 20:15:15:sending signal using command: 'ssh -T mic0 killall -2 needle_check' after 15.1531147872s
2016-10-19 20:15:15:shell stdout: 
2016-10-19 20:15:31:no gdbExecName running, out:
2016-10-19 20:15:31:checCmd:ps -e | grep -i gdb-mic
2016-10-19 20:15:31:finished now-timestampStart < maxWaitTime*5
2016-10-19 20:15:31:now: 1476922530
2016-10-19 20:15:31:timestampStart: 1476922499
2016-10-19 20:15:31:kill cmd: killall -9 gdb-mic
2016-10-19 20:15:31:shell stdout: 
2016-10-19 20:15:31:kill cmd: ssh -T mic0 killall -9 needle_check
2016-10-19 20:15:31:shell stdout: 
2016-10-19 20:15:31:kill cmd: ssh -T mic0 killall -9 gdbserver
2016-10-19 20:15:31:shell stdout: 
2016-10-19 20:15:32:kill cmd: ssh -T mic0 killall -9 sshd
2016-10-19 20:15:32:shell stdout: 
