2017-02-22 01:50:19:Starting GDB script
2017-02-22 01:50:19:initSignal:0.0
2017-02-22 01:50:19:endSignal:4.0
2017-02-22 01:50:19:seqSignal:30
2017-02-22 01:50:20:sending 30 signals using command: 'ssh -T mic0 killall -2 needle_check' after 0.0818289661508s
2017-02-22 01:50:20:shell stdout: 
2017-02-22 01:50:20:shell stdout: 
2017-02-22 01:50:21:shell stdout: 
2017-02-22 01:50:21:shell stdout: 
2017-02-22 01:50:21:sending 30 signals using command: 'ssh -T mic0 killall -2 needle_check' after 1.94109303897s
2017-02-22 01:50:22:shell stdout: 
2017-02-22 01:50:22:shell stdout: 
2017-02-22 01:50:22:shell stdout: 
2017-02-22 01:50:22:shell stdout: 
2017-02-22 01:50:22:shell stdout: 
2017-02-22 01:50:23:sending 30 signals using command: 'ssh -T mic0 killall -2 needle_check' after 3.25345347273s
2017-02-22 01:50:23:shell stdout: 
2017-02-22 01:50:23:shell stdout: 
2017-02-22 01:50:23:shell stdout: 
2017-02-22 01:50:23:shell stdout: 
2017-02-22 01:50:23:shell stdout: 
2017-02-22 01:50:24:shell stdout: 
2017-02-22 01:50:24:shell stdout: 
2017-02-22 01:50:24:shell stdout: 
2017-02-22 01:50:24:shell stdout: 
2017-02-22 01:50:24:shell stdout: 
2017-02-22 01:50:24:shell stdout: 
2017-02-22 01:50:24:shell stdout: 
2017-02-22 01:50:24:shell stdout: 
2017-02-22 01:50:25:shell stdout: 
2017-02-22 01:50:25:shell stdout: 
2017-02-22 01:50:25:shell stdout: 
2017-02-22 01:50:25:shell stdout: 
2017-02-22 01:50:25:shell stdout: 
2017-02-22 01:50:25:shell stdout: 
2017-02-22 01:50:25:shell stdout: 
2017-02-22 01:50:26:shell stdout: 
2017-02-22 01:50:26:shell stdout: 
2017-02-22 01:50:26:shell stdout: 
2017-02-22 01:50:26:shell stdout: 
2017-02-22 01:50:26:shell stdout: 
2017-02-22 01:50:26:shell stdout: 
2017-02-22 01:50:27:shell stdout: 
2017-02-22 01:50:27:shell stdout: 
2017-02-22 01:50:27:shell stdout: 
2017-02-22 01:50:27:shell stdout: 
2017-02-22 01:50:27:shell stdout: 
2017-02-22 01:50:27:shell stdout: 
2017-02-22 01:50:28:shell stdout: 
2017-02-22 01:50:28:shell stdout: 
2017-02-22 01:50:28:shell stdout: 
2017-02-22 01:50:28:shell stdout: 
2017-02-22 01:50:28:shell stdout: 
2017-02-22 01:50:28:shell stdout: 
2017-02-22 01:50:29:shell stdout: 
2017-02-22 01:50:29:shell stdout: 
2017-02-22 01:50:29:shell stdout: 
2017-02-22 01:50:29:shell stdout: 
2017-02-22 01:50:29:shell stdout: 
2017-02-22 01:50:29:shell stdout: 
2017-02-22 01:50:30:shell stdout: 
2017-02-22 01:50:30:shell stdout: 
2017-02-22 01:50:30:shell stdout: 
2017-02-22 01:50:30:shell stdout: 
2017-02-22 01:50:30:shell stdout: 
2017-02-22 01:50:30:shell stdout: 
2017-02-22 01:50:31:shell stdout: 
2017-02-22 01:50:31:shell stdout: 
2017-02-22 01:50:31:shell stdout: 
2017-02-22 01:50:31:shell stdout: 
2017-02-22 01:50:31:shell stdout: 
2017-02-22 01:50:31:shell stdout: 
2017-02-22 01:50:31:shell stdout: 
2017-02-22 01:50:31:shell stdout: 
2017-02-22 01:50:31:shell stdout: 
2017-02-22 01:50:32:shell stdout: 
2017-02-22 01:50:32:shell stdout: 
2017-02-22 01:50:32:shell stdout: 
2017-02-22 01:50:32:shell stdout: 
2017-02-22 01:50:32:shell stdout: 
2017-02-22 01:50:32:shell stdout: 
2017-02-22 01:50:33:shell stdout: 
2017-02-22 01:50:33:shell stdout: 
2017-02-22 01:50:33:shell stdout: 
2017-02-22 01:50:33:shell stdout: 
2017-02-22 01:50:33:shell stdout: 
2017-02-22 01:50:33:shell stdout: 
2017-02-22 01:50:34:shell stdout: 
2017-02-22 01:50:34:shell stdout: 
2017-02-22 01:50:34:shell stdout: 
2017-02-22 01:50:34:shell stdout: 
2017-02-22 01:50:34:shell stdout: 
2017-02-22 01:50:35:shell stdout: 
2017-02-22 01:50:35:shell stdout: 
2017-02-22 01:50:35:shell stdout: 
2017-02-22 01:50:35:shell stdout: 
2017-02-22 01:50:36:shell stdout: 
2017-02-22 01:51:09:no gdbExecName running, out:
2017-02-22 01:51:09:checCmd:ps -e | grep -i gdb-mic
2017-02-22 01:51:09:finished now-timestampStart < maxWaitTime*5
2017-02-22 01:51:09:now: 1487746268
2017-02-22 01:51:09:timestampStart: 1487746219
2017-02-22 01:51:09:kill cmd: killall -9 gdb-mic
2017-02-22 01:51:09:shell stdout: 
2017-02-22 01:51:10:kill cmd: ssh -T mic0 killall -9 needle_check
2017-02-22 01:51:10:shell stdout: 
2017-02-22 01:51:10:kill cmd: ssh -T mic0 killall -9 gdbserver
2017-02-22 01:51:10:shell stdout: 
2017-02-22 01:51:11:kill cmd: ssh -T mic0 killall -9 sshd
2017-02-22 01:51:11:shell stdout: 
