2017-01-25 00:59:52:Starting GDB script
2017-01-25 00:59:52:initSignal:2.0
2017-01-25 00:59:52:endSignal:4.0
2017-01-25 00:59:52:seqSignal:30
2017-01-25 00:59:55:sending 30 signals using command: 'ssh -T mic0 killall -2 lud_check' after 3.00106940578s
2017-01-25 00:59:55:sending 30 signals using command: 'ssh -T mic0 killall -2 lud_check' after 3.47486775593s
2017-01-25 00:59:56:sending 30 signals using command: 'ssh -T mic0 killall -2 lud_check' after 3.91306626855s
2017-01-25 00:59:56:shell stdout: 
2017-01-25 00:59:56:shell stdout: 
2017-01-25 00:59:56:shell stdout: 
2017-01-25 00:59:56:shell stdout: 
2017-01-25 00:59:56:shell stdout: 
2017-01-25 00:59:56:shell stdout: 
2017-01-25 00:59:56:shell stdout: 
2017-01-25 00:59:57:shell stdout: 
2017-01-25 00:59:57:shell stdout: 
2017-01-25 00:59:57:shell stdout: 
2017-01-25 00:59:57:shell stdout: 
2017-01-25 00:59:57:shell stdout: 
2017-01-25 00:59:57:shell stdout: 
2017-01-25 00:59:58:shell stdout: 
2017-01-25 00:59:58:shell stdout: 
2017-01-25 00:59:58:shell stdout: 
2017-01-25 00:59:58:shell stdout: 
2017-01-25 00:59:58:shell stdout: 
2017-01-25 00:59:58:shell stdout: 
2017-01-25 00:59:58:shell stdout: 
2017-01-25 00:59:59:shell stdout: 
2017-01-25 00:59:59:shell stdout: 
2017-01-25 00:59:59:shell stdout: 
2017-01-25 00:59:59:shell stdout: 
2017-01-25 00:59:59:shell stdout: 
2017-01-25 00:59:59:shell stdout: 
2017-01-25 00:59:59:shell stdout: 
2017-01-25 00:59:59:shell stdout: 
2017-01-25 01:00:00:shell stdout: 
2017-01-25 01:00:00:shell stdout: 
2017-01-25 01:00:00:shell stdout: 
2017-01-25 01:00:00:shell stdout: 
2017-01-25 01:00:00:shell stdout: 
2017-01-25 01:00:00:shell stdout: 
2017-01-25 01:00:00:shell stdout: 
2017-01-25 01:00:01:shell stdout: 
2017-01-25 01:00:01:shell stdout: 
2017-01-25 01:00:01:shell stdout: 
2017-01-25 01:00:01:shell stdout: 
2017-01-25 01:00:01:shell stdout: 
2017-01-25 01:00:01:shell stdout: 
2017-01-25 01:00:02:shell stdout: 
2017-01-25 01:00:02:shell stdout: 
2017-01-25 01:00:02:shell stdout: 
2017-01-25 01:00:02:shell stdout: 
2017-01-25 01:00:02:shell stdout: 
2017-01-25 01:00:02:shell stdout: 
2017-01-25 01:00:02:shell stdout: 
2017-01-25 01:00:02:shell stdout: 
2017-01-25 01:00:03:shell stdout: 
2017-01-25 01:00:03:shell stdout: 
2017-01-25 01:00:03:shell stdout: 
2017-01-25 01:00:03:shell stdout: 
2017-01-25 01:00:03:shell stdout: 
2017-01-25 01:00:03:shell stdout: 
2017-01-25 01:00:03:shell stdout: 
2017-01-25 01:00:04:shell stdout: 
2017-01-25 01:00:04:shell stdout: 
2017-01-25 01:00:04:shell stdout: 
2017-01-25 01:00:04:shell stdout: 
2017-01-25 01:00:04:shell stdout: 
2017-01-25 01:00:04:shell stdout: 
2017-01-25 01:00:05:shell stdout: 
2017-01-25 01:00:05:shell stdout: 
2017-01-25 01:00:05:shell stdout: 
2017-01-25 01:00:05:shell stdout: 
2017-01-25 01:00:05:shell stdout: 
2017-01-25 01:00:05:shell stdout: 
2017-01-25 01:00:05:shell stdout: 
2017-01-25 01:00:05:shell stdout: 
2017-01-25 01:00:06:shell stdout: 
2017-01-25 01:00:06:shell stdout: 
2017-01-25 01:00:06:shell stdout: 
2017-01-25 01:00:06:shell stdout: 
2017-01-25 01:00:06:shell stdout: 
2017-01-25 01:00:06:shell stdout: 
2017-01-25 01:00:06:shell stdout: 
2017-01-25 01:00:07:shell stdout: 
2017-01-25 01:00:07:shell stdout: 
2017-01-25 01:00:07:shell stdout: 
2017-01-25 01:00:07:shell stdout: 
2017-01-25 01:00:07:shell stdout: 
2017-01-25 01:00:07:shell stdout: 
2017-01-25 01:00:08:shell stdout: 
2017-01-25 01:00:08:shell stdout: 
2017-01-25 01:00:08:shell stdout: 
2017-01-25 01:00:08:shell stdout: 
2017-01-25 01:00:08:shell stdout: 
2017-01-25 01:00:08:shell stdout: 
2017-01-25 01:00:08:shell stdout: 
2017-01-25 01:00:21:no gdbExecName running, out:
2017-01-25 01:00:21:checCmd:ps -e | grep -i gdb-mic
2017-01-25 01:00:21:finished now-timestampStart < maxWaitTime*5
2017-01-25 01:00:21:now: 1485324020
2017-01-25 01:00:21:timestampStart: 1485323992
2017-01-25 01:00:21:kill cmd: killall -9 gdb-mic
2017-01-25 01:00:21:shell stdout: 
2017-01-25 01:00:21:kill cmd: ssh -T mic0 killall -9 lud_check
2017-01-25 01:00:21:shell stdout: 
2017-01-25 01:00:21:kill cmd: ssh -T mic0 killall -9 gdbserver
2017-01-25 01:00:21:shell stdout: 
2017-01-25 01:00:22:kill cmd: ssh -T mic0 killall -9 sshd
2017-01-25 01:00:22:shell stdout: 
