2017-01-23 19:16:03:Starting GDB script
2017-01-23 19:16:03:initSignal:7.0
2017-01-23 19:16:03:endSignal:14.0
2017-01-23 19:16:03:seqSignal:15
2017-01-23 19:16:12:sending 15 signals using command: 'ssh -T mic1 killall -2 dgemm_check' after 9.17450393088s
2017-01-23 19:16:13:shell stdout: 
2017-01-23 19:16:13:shell stdout: 
2017-01-23 19:16:14:shell stdout: 
2017-01-23 19:16:14:sending 15 signals using command: 'ssh -T mic1 killall -2 dgemm_check' after 10.9668630562s
2017-01-23 19:16:14:shell stdout: 
2017-01-23 19:16:14:shell stdout: 
2017-01-23 19:16:14:shell stdout: 
2017-01-23 19:16:15:shell stdout: 
2017-01-23 19:16:15:shell stdout: 
2017-01-23 19:16:15:shell stdout: 
2017-01-23 19:16:15:shell stdout: 
2017-01-23 19:16:15:shell stdout: 
2017-01-23 19:16:16:shell stdout: 
2017-01-23 19:16:16:sending 15 signals using command: 'ssh -T mic1 killall -2 dgemm_check' after 12.9356844263s
2017-01-23 19:16:16:shell stdout: 
2017-01-23 19:16:16:shell stdout: 
2017-01-23 19:16:16:shell stdout: 
2017-01-23 19:16:16:shell stdout: 
2017-01-23 19:16:16:shell stdout: 
2017-01-23 19:16:17:shell stdout: 
2017-01-23 19:16:17:shell stdout: 
2017-01-23 19:16:17:shell stdout: 
2017-01-23 19:16:17:shell stdout: 
2017-01-23 19:16:17:shell stdout: 
2017-01-23 19:16:17:shell stdout: 
2017-01-23 19:16:17:shell stdout: 
2017-01-23 19:16:18:shell stdout: 
2017-01-23 19:16:18:shell stdout: 
2017-01-23 19:16:18:shell stdout: 
2017-01-23 19:16:18:shell stdout: 
2017-01-23 19:16:18:shell stdout: 
2017-01-23 19:16:18:shell stdout: 
2017-01-23 19:16:18:shell stdout: 
2017-01-23 19:16:18:shell stdout: 
2017-01-23 19:16:19:shell stdout: 
2017-01-23 19:16:19:shell stdout: 
2017-01-23 19:16:19:shell stdout: 
2017-01-23 19:16:19:shell stdout: 
2017-01-23 19:16:20:shell stdout: 
2017-01-23 19:16:20:shell stdout: 
2017-01-23 19:16:20:shell stdout: 
2017-01-23 19:16:20:shell stdout: 
2017-01-23 19:16:20:shell stdout: 
2017-01-23 19:16:21:shell stdout: 
2017-01-23 19:16:21:shell stdout: 
2017-01-23 19:16:22:shell stdout: 
2017-01-23 19:16:22:shell stdout: 
2017-01-23 19:18:06:no gdbExecName running, out:
2017-01-23 19:18:06:checCmd:ps -e | grep -i gdb-mic
2017-01-23 19:18:06:finished now-timestampStart < maxWaitTime*5
2017-01-23 19:18:06:now: 1485217078
2017-01-23 19:18:06:timestampStart: 1485216963
2017-01-23 19:18:06:kill cmd: killall -9 gdb-mic
2017-01-23 19:18:06:shell stdout: 
2017-01-23 19:18:07:kill cmd: ssh -T mic1 killall -9 dgemm_check
2017-01-23 19:18:07:shell stdout: 
2017-01-23 19:18:07:kill cmd: ssh -T mic1 killall -9 gdbserver
2017-01-23 19:18:07:shell stdout: 
2017-01-23 19:18:08:kill cmd: ssh -T mic1 killall -9 sshd
2017-01-23 19:18:08:shell stdout: 
