[INFO -- 2017-03-23 03:25:18]
Starting GDB script
[INFO -- 2017-03-23 03:25:18]
initSignal:0.0
[INFO -- 2017-03-23 03:25:18]
endSignal:4.0
[INFO -- 2017-03-23 03:25:18]
seqSignal:30
[INFO -- 2017-03-23 03:25:18]
sending 30 signals using command: 'ssh -T mic0 killall -2 needle_check' after 0.0445405308128s
[INFO -- 2017-03-23 03:25:19]
shell stdout: 
[INFO -- 2017-03-23 03:25:19]
shell stdout: 
[INFO -- 2017-03-23 03:25:20]
shell stdout: 
[INFO -- 2017-03-23 03:25:20]
sending 30 signals using command: 'ssh -T mic0 killall -2 needle_check' after 1.67123049313s
[INFO -- 2017-03-23 03:25:20]
shell stdout: 
[INFO -- 2017-03-23 03:25:20]
sending 30 signals using command: 'ssh -T mic0 killall -2 needle_check' after 1.97747215044s
[INFO -- 2017-03-23 03:25:20]
shell stdout: 
[INFO -- 2017-03-23 03:25:21]
shell stdout: 
[INFO -- 2017-03-23 03:25:21]
shell stdout: 
[INFO -- 2017-03-23 03:25:21]
shell stdout: 
[INFO -- 2017-03-23 03:25:21]
shell stdout: 
[INFO -- 2017-03-23 03:25:21]
shell stdout: 
[INFO -- 2017-03-23 03:25:21]
shell stdout: 
[INFO -- 2017-03-23 03:25:21]
shell stdout: 
[INFO -- 2017-03-23 03:25:22]
shell stdout: 
[INFO -- 2017-03-23 03:25:22]
shell stdout: 
[INFO -- 2017-03-23 03:25:22]
shell stdout: 
[INFO -- 2017-03-23 03:25:22]
shell stdout: 
[INFO -- 2017-03-23 03:25:22]
shell stdout: 
[INFO -- 2017-03-23 03:25:22]
shell stdout: 
[INFO -- 2017-03-23 03:25:22]
shell stdout: 
[INFO -- 2017-03-23 03:25:23]
shell stdout: 
[INFO -- 2017-03-23 03:25:23]
shell stdout: 
[INFO -- 2017-03-23 03:25:23]
shell stdout: 
[INFO -- 2017-03-23 03:25:23]
shell stdout: 
[INFO -- 2017-03-23 03:25:23]
shell stdout: 
[INFO -- 2017-03-23 03:25:23]
shell stdout: 
[INFO -- 2017-03-23 03:25:24]
shell stdout: 
[INFO -- 2017-03-23 03:25:24]
shell stdout: 
[INFO -- 2017-03-23 03:25:24]
shell stdout: 
[INFO -- 2017-03-23 03:25:24]
shell stdout: 
[INFO -- 2017-03-23 03:25:24]
shell stdout: 
[INFO -- 2017-03-23 03:25:24]
shell stdout: 
[INFO -- 2017-03-23 03:25:24]
shell stdout: 
[INFO -- 2017-03-23 03:25:25]
shell stdout: 
[INFO -- 2017-03-23 03:25:25]
shell stdout: 
[INFO -- 2017-03-23 03:25:25]
shell stdout: 
[INFO -- 2017-03-23 03:25:25]
shell stdout: 
[INFO -- 2017-03-23 03:25:25]
shell stdout: 
[INFO -- 2017-03-23 03:25:25]
shell stdout: 
[INFO -- 2017-03-23 03:25:26]
shell stdout: 
[INFO -- 2017-03-23 03:25:26]
shell stdout: 
[INFO -- 2017-03-23 03:25:26]
shell stdout: 
[INFO -- 2017-03-23 03:25:26]
shell stdout: 
[INFO -- 2017-03-23 03:25:26]
shell stdout: 
[INFO -- 2017-03-23 03:25:26]
shell stdout: 
[INFO -- 2017-03-23 03:25:26]
shell stdout: 
[INFO -- 2017-03-23 03:25:27]
shell stdout: 
[INFO -- 2017-03-23 03:25:27]
shell stdout: 
[INFO -- 2017-03-23 03:25:27]
shell stdout: 
[INFO -- 2017-03-23 03:25:27]
shell stdout: 
[INFO -- 2017-03-23 03:25:27]
shell stdout: 
[INFO -- 2017-03-23 03:25:27]
shell stdout: 
[INFO -- 2017-03-23 03:25:28]
shell stdout: 
[INFO -- 2017-03-23 03:25:28]
shell stdout: 
[INFO -- 2017-03-23 03:25:28]
shell stdout: 
[INFO -- 2017-03-23 03:25:28]
shell stdout: 
[INFO -- 2017-03-23 03:25:28]
shell stdout: 
[INFO -- 2017-03-23 03:25:28]
shell stdout: 
[INFO -- 2017-03-23 03:25:28]
shell stdout: 
[INFO -- 2017-03-23 03:25:29]
shell stdout: 
[INFO -- 2017-03-23 03:25:29]
shell stdout: 
[INFO -- 2017-03-23 03:25:29]
shell stdout: 
[INFO -- 2017-03-23 03:25:29]
shell stdout: 
[INFO -- 2017-03-23 03:25:29]
shell stdout: 
[INFO -- 2017-03-23 03:25:29]
shell stdout: 
[INFO -- 2017-03-23 03:25:30]
shell stdout: 
[INFO -- 2017-03-23 03:25:30]
shell stdout: 
[INFO -- 2017-03-23 03:25:30]
shell stdout: 
[INFO -- 2017-03-23 03:25:30]
shell stdout: 
[INFO -- 2017-03-23 03:25:30]
shell stdout: 
[INFO -- 2017-03-23 03:25:30]
shell stdout: 
[INFO -- 2017-03-23 03:25:31]
shell stdout: 
[INFO -- 2017-03-23 03:25:31]
shell stdout: 
[INFO -- 2017-03-23 03:25:31]
shell stdout: 
[INFO -- 2017-03-23 03:25:31]
shell stdout: 
[INFO -- 2017-03-23 03:25:31]
shell stdout: 
[INFO -- 2017-03-23 03:25:31]
shell stdout: 
[INFO -- 2017-03-23 03:25:32]
shell stdout: 
[INFO -- 2017-03-23 03:25:32]
shell stdout: 
[INFO -- 2017-03-23 03:25:32]
shell stdout: 
[INFO -- 2017-03-23 03:25:32]
shell stdout: 
[INFO -- 2017-03-23 03:25:32]
shell stdout: 
[INFO -- 2017-03-23 03:25:33]
shell stdout: 
[INFO -- 2017-03-23 03:25:33]
shell stdout: 
[INFO -- 2017-03-23 03:25:33]
shell stdout: 
[INFO -- 2017-03-23 03:25:33]
shell stdout: 
[INFO -- 2017-03-23 03:25:33]
shell stdout: 
[INFO -- 2017-03-23 03:25:33]
shell stdout: 
[INFO -- 2017-03-23 03:25:34]
shell stdout: 
[INFO -- 2017-03-23 03:25:34]
shell stdout: 
[INFO -- 2017-03-23 03:25:34]
shell stdout: 
[INFO -- 2017-03-23 03:26:43]
finished due now-timestampStart > maxWaitTime*5
[INFO -- 2017-03-23 03:26:43]
now: 1490254003
[INFO -- 2017-03-23 03:26:43]
timestampStart: 1490253918
[INFO -- 2017-03-23 03:26:43]
kill cmd: killall -9 gdb-mic
[INFO -- 2017-03-23 03:26:43]
shell stdout: 
[INFO -- 2017-03-23 03:26:43]
kill cmd: ssh -T mic0 killall -9 needle_check
[INFO -- 2017-03-23 03:26:43]
shell stdout: 
[INFO -- 2017-03-23 03:26:44]
kill cmd: ssh -T mic0 killall -9 gdbserver
[INFO -- 2017-03-23 03:26:44]
shell stdout: 
[INFO -- 2017-03-23 03:26:44]
kill cmd: ssh -T mic0 killall -9 sshd
[INFO -- 2017-03-23 03:26:44]
shell stdout: 
