2016-10-11 17:00:31:Starting GDB script
2016-10-11 17:00:32:sending signal using command: 'ssh -T mic0 killall -2 needle_check' after 0.692185680739s
2016-10-11 17:00:32:shell stdout: 
2016-10-11 17:00:32:sending signal using command: 'ssh -T mic0 killall -2 needle_check' after 1.00021638527s
2016-10-11 17:00:32:shell stdout: 
2016-10-11 17:00:33:sending signal using command: 'ssh -T mic0 killall -2 needle_check' after 1.83944323163s
2016-10-11 17:00:33:shell stdout: 
2016-10-11 17:00:33:sending signal using command: 'ssh -T mic0 killall -2 needle_check' after 1.88575150439s
2016-10-11 17:00:33:shell stdout: 
2016-10-11 17:00:36:sending signal using command: 'ssh -T mic0 killall -2 needle_check' after 4.71980208876s
2016-10-11 17:00:36:shell stdout: 
2016-10-11 17:00:38:sending signal using command: 'ssh -T mic0 killall -2 needle_check' after 6.62152897605s
2016-10-11 17:00:38:shell stdout: 
2016-10-11 17:00:42:sending signal using command: 'ssh -T mic0 killall -2 needle_check' after 10.3839543224s
2016-10-11 17:00:42:shell stdout: 
2016-10-11 17:00:42:sending signal using command: 'ssh -T mic0 killall -2 needle_check' after 11.0145716901s
2016-10-11 17:00:42:shell stdout: 
2016-10-11 17:00:43:sending signal using command: 'ssh -T mic0 killall -2 needle_check' after 11.7727575754s
2016-10-11 17:00:43:shell stdout: 
2016-10-11 17:00:44:sending signal using command: 'ssh -T mic0 killall -2 needle_check' after 13.0504856133s
2016-10-11 17:00:44:shell stdout: 
2016-10-11 17:00:47:no gdbExecName running, out:
2016-10-11 17:00:47:checCmd:ps -e | grep -i gdb-mic
2016-10-11 17:00:47:finished now-timestampStart < maxWaitTime*5
2016-10-11 17:00:47:now: 1476219646
2016-10-11 17:00:47:timestampStart: 1476219631
2016-10-11 17:00:47:kill cmd: killall -9 gdb-mic
2016-10-11 17:00:47:shell stdout: 
2016-10-11 17:00:47:kill cmd: ssh -T mic0 killall -9 needle_check
2016-10-11 17:00:47:shell stdout: 
2016-10-11 17:00:48:kill cmd: ssh -T mic0 killall -9 gdbserver
2016-10-11 17:00:48:shell stdout: 
2016-10-11 17:00:48:kill cmd: ssh -T mic0 killall -9 sshd
2016-10-11 17:00:48:shell stdout: 
