[INFO -- 2017-02-26 23:48:33]
Starting GDB script
[INFO -- 2017-02-26 23:48:33]
initSignal:0.0
[INFO -- 2017-02-26 23:48:33]
endSignal:2.0
[INFO -- 2017-02-26 23:48:33]
seqSignal:30
[INFO -- 2017-02-26 23:48:33]
sending 30 signals using command: 'ssh -T mic1 killall -2 lud_check' after 0.34359980296s
[INFO -- 2017-02-26 23:48:33]
shell stdout: 
[INFO -- 2017-02-26 23:48:33]
sending 30 signals using command: 'ssh -T mic1 killall -2 lud_check' after 0.737876296923s
[INFO -- 2017-02-26 23:48:34]
shell stdout: 
[INFO -- 2017-02-26 23:48:34]
shell stdout: 
[INFO -- 2017-02-26 23:48:34]
shell stdout: 
[INFO -- 2017-02-26 23:48:34]
shell stdout: 
[INFO -- 2017-02-26 23:48:35]
sending 30 signals using command: 'ssh -T mic1 killall -2 lud_check' after 1.87638630423s
[INFO -- 2017-02-26 23:48:35]
shell stdout: 
[INFO -- 2017-02-26 23:48:35]
shell stdout: 
[INFO -- 2017-02-26 23:48:35]
shell stdout: 
[INFO -- 2017-02-26 23:48:35]
shell stdout: 
[INFO -- 2017-02-26 23:48:35]
shell stdout: 
[INFO -- 2017-02-26 23:48:36]
shell stdout: 
[INFO -- 2017-02-26 23:48:36]
shell stdout: 
[INFO -- 2017-02-26 23:48:36]
shell stdout: 
[INFO -- 2017-02-26 23:48:37]
shell stdout: 
[INFO -- 2017-02-26 23:48:37]
shell stdout: 
[INFO -- 2017-02-26 23:48:37]
shell stdout: 
[INFO -- 2017-02-26 23:48:38]
shell stdout: 
[INFO -- 2017-02-26 23:48:38]
shell stdout: 
[INFO -- 2017-02-26 23:48:38]
shell stdout: 
[INFO -- 2017-02-26 23:48:38]
shell stdout: 
[INFO -- 2017-02-26 23:48:38]
shell stdout: 
[INFO -- 2017-02-26 23:48:38]
shell stdout: 
[INFO -- 2017-02-26 23:48:39]
shell stdout: 
[INFO -- 2017-02-26 23:48:39]
shell stdout: 
[INFO -- 2017-02-26 23:48:39]
shell stdout: 
[INFO -- 2017-02-26 23:48:40]
shell stdout: 
[INFO -- 2017-02-26 23:48:40]
shell stdout: 
[INFO -- 2017-02-26 23:48:40]
shell stdout: 
[INFO -- 2017-02-26 23:48:41]
shell stdout: 
[INFO -- 2017-02-26 23:48:41]
shell stdout: 
[INFO -- 2017-02-26 23:48:41]
shell stdout: 
[INFO -- 2017-02-26 23:48:42]
shell stdout: 
[INFO -- 2017-02-26 23:48:42]
shell stdout: 
[INFO -- 2017-02-26 23:48:42]
shell stdout: 
[INFO -- 2017-02-26 23:48:43]
shell stdout: 
[INFO -- 2017-02-26 23:48:43]
shell stdout: 
[INFO -- 2017-02-26 23:48:43]
shell stdout: 
[INFO -- 2017-02-26 23:48:44]
shell stdout: 
[INFO -- 2017-02-26 23:48:44]
shell stdout: 
[INFO -- 2017-02-26 23:48:44]
shell stdout: 
[INFO -- 2017-02-26 23:48:44]
shell stdout: 
[INFO -- 2017-02-26 23:48:44]
shell stdout: 
[INFO -- 2017-02-26 23:48:44]
shell stdout: 
[INFO -- 2017-02-26 23:48:45]
shell stdout: 
[INFO -- 2017-02-26 23:48:45]
shell stdout: 
[INFO -- 2017-02-26 23:48:45]
shell stdout: 
[INFO -- 2017-02-26 23:48:46]
shell stdout: 
[INFO -- 2017-02-26 23:48:46]
shell stdout: 
[INFO -- 2017-02-26 23:48:46]
shell stdout: 
[INFO -- 2017-02-26 23:48:47]
shell stdout: 
[INFO -- 2017-02-26 23:48:47]
shell stdout: 
[INFO -- 2017-02-26 23:48:47]
shell stdout: 
[INFO -- 2017-02-26 23:48:47]
shell stdout: 
[INFO -- 2017-02-26 23:48:47]
shell stdout: 
[INFO -- 2017-02-26 23:48:47]
shell stdout: 
[INFO -- 2017-02-26 23:48:47]
shell stdout: 
[INFO -- 2017-02-26 23:48:47]
shell stdout: 
[INFO -- 2017-02-26 23:48:47]
shell stdout: 
[INFO -- 2017-02-26 23:48:48]
shell stdout: 
[INFO -- 2017-02-26 23:48:48]
shell stdout: 
[INFO -- 2017-02-26 23:48:48]
shell stdout: 
[INFO -- 2017-02-26 23:48:48]
shell stdout: 
[INFO -- 2017-02-26 23:48:48]
shell stdout: 
[INFO -- 2017-02-26 23:48:48]
shell stdout: 
[INFO -- 2017-02-26 23:48:49]
shell stdout: 
[INFO -- 2017-02-26 23:48:49]
shell stdout: 
[INFO -- 2017-02-26 23:48:49]
shell stdout: 
[INFO -- 2017-02-26 23:48:49]
shell stdout: 
[INFO -- 2017-02-26 23:48:49]
shell stdout: 
[INFO -- 2017-02-26 23:48:49]
shell stdout: 
[INFO -- 2017-02-26 23:48:50]
shell stdout: 
[INFO -- 2017-02-26 23:48:50]
shell stdout: 
[INFO -- 2017-02-26 23:48:50]
shell stdout: 
[INFO -- 2017-02-26 23:48:50]
shell stdout: 
[INFO -- 2017-02-26 23:48:50]
shell stdout: 
[INFO -- 2017-02-26 23:48:50]
shell stdout: 
[INFO -- 2017-02-26 23:48:50]
shell stdout: 
[INFO -- 2017-02-26 23:48:50]
shell stdout: 
[INFO -- 2017-02-26 23:48:50]
shell stdout: 
[INFO -- 2017-02-26 23:48:51]
shell stdout: 
[INFO -- 2017-02-26 23:48:51]
shell stdout: 
[INFO -- 2017-02-26 23:48:51]
shell stdout: 
[INFO -- 2017-02-26 23:48:51]
shell stdout: 
[INFO -- 2017-02-26 23:48:51]
shell stdout: 
[INFO -- 2017-02-26 23:48:52]
shell stdout: 
[INFO -- 2017-02-26 23:48:52]
shell stdout: 
[INFO -- 2017-02-26 23:48:52]
shell stdout: 
[INFO -- 2017-02-26 23:48:52]
shell stdout: 
[INFO -- 2017-02-26 23:48:53]
shell stdout: 
[INFO -- 2017-02-26 23:48:53]
shell stdout: 
[INFO -- 2017-02-26 23:49:13]
finished due now-timestampStart > maxWaitTime*5
[INFO -- 2017-02-26 23:49:13]
now: 1488170953
[INFO -- 2017-02-26 23:49:13]
timestampStart: 1488170913
[INFO -- 2017-02-26 23:49:13]
kill cmd: killall -9 gdb-mic
[INFO -- 2017-02-26 23:49:13]
shell stdout: 
[INFO -- 2017-02-26 23:49:14]
kill cmd: ssh -T mic1 killall -9 lud_check
[INFO -- 2017-02-26 23:49:14]
shell stdout: 
[INFO -- 2017-02-26 23:49:14]
kill cmd: ssh -T mic1 killall -9 gdbserver
[INFO -- 2017-02-26 23:49:14]
shell stdout: 
[INFO -- 2017-02-26 23:49:14]
kill cmd: ssh -T mic1 killall -9 sshd
[INFO -- 2017-02-26 23:49:14]
shell stdout: 
