[INFO -- 2017-02-28 18:57:06]
Starting GDB script
[INFO -- 2017-02-28 18:57:06]
initSignal:4.0
[INFO -- 2017-02-28 18:57:06]
endSignal:6.0
[INFO -- 2017-02-28 18:57:06]
seqSignal:30
[INFO -- 2017-02-28 18:57:11]
sending 30 signals using command: 'ssh -T mic0 killall -2 lud_check' after 4.64238724122s
[INFO -- 2017-02-28 18:57:11]
sending 30 signals using command: 'ssh -T mic0 killall -2 lud_check' after 5.42747455211s
[INFO -- 2017-02-28 18:57:11]
sending 30 signals using command: 'ssh -T mic0 killall -2 lud_check' after 5.53579339115s
[INFO -- 2017-02-28 18:57:11]
shell stdout: 
[INFO -- 2017-02-28 18:57:12]
shell stdout: 
[INFO -- 2017-02-28 18:57:12]
shell stdout: 
[INFO -- 2017-02-28 18:57:12]
shell stdout: 
[INFO -- 2017-02-28 18:57:12]
shell stdout: 
[INFO -- 2017-02-28 18:57:12]
shell stdout: 
[INFO -- 2017-02-28 18:57:12]
shell stdout: 
[INFO -- 2017-02-28 18:57:13]
shell stdout: 
[INFO -- 2017-02-28 18:57:13]
shell stdout: 
[INFO -- 2017-02-28 18:57:13]
shell stdout: 
[INFO -- 2017-02-28 18:57:13]
shell stdout: 
[INFO -- 2017-02-28 18:57:13]
shell stdout: 
[INFO -- 2017-02-28 18:57:13]
shell stdout: 
[INFO -- 2017-02-28 18:57:14]
shell stdout: 
[INFO -- 2017-02-28 18:57:14]
shell stdout: 
[INFO -- 2017-02-28 18:57:14]
shell stdout: 
[INFO -- 2017-02-28 18:57:14]
shell stdout: 
[INFO -- 2017-02-28 18:57:14]
shell stdout: 
[INFO -- 2017-02-28 18:57:14]
shell stdout: 
[INFO -- 2017-02-28 18:57:14]
shell stdout: 
[INFO -- 2017-02-28 18:57:14]
shell stdout: 
[INFO -- 2017-02-28 18:57:15]
shell stdout: 
[INFO -- 2017-02-28 18:57:15]
shell stdout: 
[INFO -- 2017-02-28 18:57:15]
shell stdout: 
[INFO -- 2017-02-28 18:57:15]
shell stdout: 
[INFO -- 2017-02-28 18:57:15]
shell stdout: 
[INFO -- 2017-02-28 18:57:15]
shell stdout: 
[INFO -- 2017-02-28 18:57:15]
shell stdout: 
[INFO -- 2017-02-28 18:57:16]
shell stdout: 
[INFO -- 2017-02-28 18:57:16]
shell stdout: 
[INFO -- 2017-02-28 18:57:16]
shell stdout: 
[INFO -- 2017-02-28 18:57:16]
shell stdout: 
[INFO -- 2017-02-28 18:57:16]
shell stdout: 
[INFO -- 2017-02-28 18:57:16]
shell stdout: 
[INFO -- 2017-02-28 18:57:16]
shell stdout: 
[INFO -- 2017-02-28 18:57:17]
shell stdout: 
[INFO -- 2017-02-28 18:57:17]
shell stdout: 
[INFO -- 2017-02-28 18:57:17]
shell stdout: 
[INFO -- 2017-02-28 18:57:17]
shell stdout: 
[INFO -- 2017-02-28 18:57:17]
shell stdout: 
[INFO -- 2017-02-28 18:57:17]
shell stdout: 
[INFO -- 2017-02-28 18:57:17]
shell stdout: 
[INFO -- 2017-02-28 18:57:18]
shell stdout: 
[INFO -- 2017-02-28 18:57:18]
shell stdout: 
[INFO -- 2017-02-28 18:57:18]
shell stdout: 
[INFO -- 2017-02-28 18:57:18]
shell stdout: 
[INFO -- 2017-02-28 18:57:18]
shell stdout: 
[INFO -- 2017-02-28 18:57:18]
shell stdout: 
[INFO -- 2017-02-28 18:57:18]
shell stdout: 
[INFO -- 2017-02-28 18:57:19]
shell stdout: 
[INFO -- 2017-02-28 18:57:19]
shell stdout: 
[INFO -- 2017-02-28 18:57:19]
shell stdout: 
[INFO -- 2017-02-28 18:57:19]
shell stdout: 
[INFO -- 2017-02-28 18:57:19]
shell stdout: 
[INFO -- 2017-02-28 18:57:19]
shell stdout: 
[INFO -- 2017-02-28 18:57:19]
shell stdout: 
[INFO -- 2017-02-28 18:57:20]
shell stdout: 
[INFO -- 2017-02-28 18:57:20]
shell stdout: 
[INFO -- 2017-02-28 18:57:20]
shell stdout: 
[INFO -- 2017-02-28 18:57:20]
shell stdout: 
[INFO -- 2017-02-28 18:57:20]
shell stdout: 
[INFO -- 2017-02-28 18:57:20]
shell stdout: 
[INFO -- 2017-02-28 18:57:20]
shell stdout: 
[INFO -- 2017-02-28 18:57:21]
shell stdout: 
[INFO -- 2017-02-28 18:57:21]
shell stdout: 
[INFO -- 2017-02-28 18:57:21]
shell stdout: 
[INFO -- 2017-02-28 18:57:21]
shell stdout: 
[INFO -- 2017-02-28 18:57:21]
shell stdout: 
[INFO -- 2017-02-28 18:57:21]
shell stdout: 
[INFO -- 2017-02-28 18:57:21]
shell stdout: 
[INFO -- 2017-02-28 18:57:22]
shell stdout: 
[INFO -- 2017-02-28 18:57:22]
shell stdout: 
[INFO -- 2017-02-28 18:57:22]
shell stdout: 
[INFO -- 2017-02-28 18:57:22]
shell stdout: 
[INFO -- 2017-02-28 18:57:22]
shell stdout: 
[INFO -- 2017-02-28 18:57:22]
shell stdout: 
[INFO -- 2017-02-28 18:57:22]
shell stdout: 
[INFO -- 2017-02-28 18:57:23]
shell stdout: 
[INFO -- 2017-02-28 18:57:23]
shell stdout: 
[INFO -- 2017-02-28 18:57:23]
shell stdout: 
[INFO -- 2017-02-28 18:57:23]
shell stdout: 
[INFO -- 2017-02-28 18:57:23]
shell stdout: 
[INFO -- 2017-02-28 18:57:23]
shell stdout: 
[INFO -- 2017-02-28 18:57:23]
shell stdout: 
[INFO -- 2017-02-28 18:57:24]
shell stdout: 
[INFO -- 2017-02-28 18:57:24]
shell stdout: 
[INFO -- 2017-02-28 18:57:24]
shell stdout: 
[INFO -- 2017-02-28 18:57:24]
shell stdout: 
[INFO -- 2017-02-28 18:57:24]
shell stdout: 
[INFO -- 2017-02-28 18:57:24]
shell stdout: 
[INFO -- 2017-02-28 18:57:36]
no gdbExecName running, out:
[INFO -- 2017-02-28 18:57:36]
checCmd:ps -e | grep -i gdb-mic
[INFO -- 2017-02-28 18:57:36]
finished now-timestampStart < maxWaitTime*5
[INFO -- 2017-02-28 18:57:36]
now: 1488326256
[INFO -- 2017-02-28 18:57:36]
timestampStart: 1488326226
[INFO -- 2017-02-28 18:57:36]
kill cmd: killall -9 gdb-mic
[INFO -- 2017-02-28 18:57:36]
shell stdout: 
[INFO -- 2017-02-28 18:57:37]
kill cmd: ssh -T mic0 killall -9 lud_check
[INFO -- 2017-02-28 18:57:37]
shell stdout: 
[INFO -- 2017-02-28 18:57:37]
kill cmd: ssh -T mic0 killall -9 gdbserver
[INFO -- 2017-02-28 18:57:37]
shell stdout: 
[INFO -- 2017-02-28 18:57:38]
kill cmd: ssh -T mic0 killall -9 sshd
[INFO -- 2017-02-28 18:57:38]
shell stdout: 
