2016-10-29 21:03:34:Starting GDB script
2016-10-29 21:03:37:sending signal using command: 'ssh -T mic0 killall -2 hotspot_check' after 1.81291255338s
2016-10-29 21:03:37:shell stdout: 
2016-10-29 21:03:39:sending signal using command: 'ssh -T mic0 killall -2 hotspot_check' after 3.81034572467s
2016-10-29 21:03:39:shell stdout: 
2016-10-29 21:03:39:sending signal using command: 'ssh -T mic0 killall -2 hotspot_check' after 4.67025249182s
2016-10-29 21:03:39:shell stdout: 
2016-10-29 21:03:40:sending signal using command: 'ssh -T mic0 killall -2 hotspot_check' after 4.77866248917s
2016-10-29 21:03:40:shell stdout: 
2016-10-29 21:03:41:sending signal using command: 'ssh -T mic0 killall -2 hotspot_check' after 5.71285049387s
2016-10-29 21:03:41:shell stdout: 
2016-10-29 21:03:45:sending signal using command: 'ssh -T mic0 killall -2 hotspot_check' after 9.81171875212s
2016-10-29 21:03:45:shell stdout: 
2016-10-29 21:03:47:no gdbExecName running, out:
2016-10-29 21:03:47:checCmd:ps -e | grep -i gdb-mic
2016-10-29 21:03:47:finished now-timestampStart < maxWaitTime*5
2016-10-29 21:03:47:now: 1477789426
2016-10-29 21:03:47:timestampStart: 1477789414
2016-10-29 21:03:47:kill cmd: killall -9 gdb-mic
2016-10-29 21:03:47:shell stdout: 
2016-10-29 21:03:47:kill cmd: ssh -T mic0 killall -9 hotspot_check
2016-10-29 21:03:47:shell stdout: 
2016-10-29 21:03:47:sending signal using command: 'ssh -T mic0 killall -2 hotspot_check' after 12.4257188134s
2016-10-29 21:03:47:shell stdout: 
2016-10-29 21:03:47:kill cmd: ssh -T mic0 killall -9 gdbserver
2016-10-29 21:03:47:shell stdout: 
