#HEADER matrix_dim:2048 threads:228
#BEGIN Y:2017 M:01 D:23 Time:21:33:03
#IT Ite:0 KerTime:22.223624 AccTime:22.223624
#ERR  p: [528, 292], r: 2.6203277707099915e-01, e: 1.5779845416545868e-02
#ERR  p: [2032, 529], r: 4.4539556838572025e-03, e: 4.4450280256569386e-03
#ERR  p: [1197, 529], r: 1.0264807380735874e-02, e: 1.0244229808449745e-02
#ERR  p: [2040, 529], r: 4.4184736907482147e-03, e: 4.4096168130636215e-03
#ERR  p: [1242, 529], r: 9.8136970773339272e-03, e: 9.7940256819128990e-03
#ERR  p: [1224, 529], r: 9.9915135651826859e-03, e: 9.9714845418930054e-03
#ERR  p: [2024, 529], r: 4.4899438507854939e-03, e: 4.4809454120695591e-03
#ERR  p: [1233, 529], r: 9.9034262821078300e-03, e: 9.8835807293653488e-03
#ERR  p: [1206, 529], r: 1.0173139162361622e-02, e: 1.0152746923267841e-02
#ERR  p: [2016, 529], r: 4.5254006981849670e-03, e: 4.5163286849856377e-03
#ERR  p: [528, 293], r: 1.5774160623550415e-02, e: 1.5794396400451660e-02
#ERR  p: [1188, 529], r: 1.0357816703617573e-02, e: 1.0337052866816521e-02
#ERR  p: [1170, 529], r: 1.0546017438173294e-02, e: 1.0524877347052097e-02
#ERR  p: [2032, 530], r: 4.4400710612535477e-03, e: 4.4493898749351501e-03
#ERR  p: [1251, 529], r: 9.7261387854814529e-03, e: 9.7066452726721764e-03
#ERR  p: [1521, 529], r: 7.4242167174816132e-03, e: 7.4093346484005451e-03
#ERR  p: [1215, 529], r: 1.0082561522722244e-02, e: 1.0062353685498238e-02
#ERR  p: [1161, 529], r: 1.0640810243785381e-02, e: 1.0619478300213814e-02
#ERR  p: [1989, 529], r: 4.6495860442519188e-03, e: 4.6402667649090290e-03
#ERR  p: [1278, 529], r: 9.4684725627303123e-03, e: 9.4495015218853951e-03
#ERR  p: [1125, 529], r: 1.1031961999833584e-02, e: 1.1009849607944489e-02
#ERR  p: [1134, 529], r: 1.0933329351246357e-02, e: 1.0911416262388229e-02
#ERR  p: [1269, 529], r: 9.5524406060576439e-03, e: 9.5332907512784004e-03
#ERR  p: [1179, 529], r: 1.0452374815940857e-02, e: 1.0431425645947456e-02
#ERR  p: [1152, 529], r: 1.0737820528447628e-02, e: 1.0716297663748264e-02
#ERR  p: [1143, 529], r: 1.0836118832230568e-02, e: 1.0814400389790535e-02
#ERR  p: [1818, 529], r: 5.5165491066873074e-03, e: 5.5054915137588978e-03
#ERR  p: [1962, 529], r: 4.7765169292688370e-03, e: 4.7669429332017899e-03
#ERR  p: [1980, 529], r: 4.6912143006920815e-03, e: 4.6818093396723270e-03
#ERR  p: [1917, 529], r: 4.9970694817602634e-03, e: 4.9870540387928486e-03
#ERR  p: [1998, 529], r: 4.6077528968453407e-03, e: 4.5985165052115917e-03
#ERR  p: [1845, 529], r: 5.3696786053478718e-03, e: 5.3589167073369026e-03
#ERR  p: [1197, 530], r: 1.0233698412775993e-02, e: 1.0255176573991776e-02
#ERR  p: [1260, 529], r: 9.6391979604959488e-03, e: 9.6198776736855507e-03
#ERR  p: [1287, 529], r: 9.3832099810242653e-03, e: 9.3644056469202042e-03
#ERR  p: [1827, 529], r: 5.4668039083480835e-03, e: 5.4558441042900085e-03
#ERR  p: [1809, 529], r: 5.5665681138634682e-03, e: 5.5554094724357128e-03
#ERR  p: [1926, 529], r: 4.9518952146172523e-03, e: 4.9419701099395752e-03
#ERR  p: [1782, 529], r: 5.7190479710698128e-03, e: 5.7075843214988708e-03
#ERR  p: [1296, 529], r: 9.2983953654766083e-03, e: 9.2797577381134033e-03
#ERR  p: [1386, 529], r: 8.4977569058537483e-03, e: 8.4807239472866058e-03
#ERR  p: [1944, 529], r: 4.8632156103849411e-03, e: 4.8534655943512917e-03
#ERR  p: [1971, 529], r: 4.7341599129140377e-03, e: 4.7246706672012806e-03
#ERR  p: [2007, 529], r: 4.5667844824492931e-03, e: 4.5576305128633976e-03
#ERR  p: [1953, 529], r: 4.8203901387751102e-03, e: 4.8107290640473366e-03
#ERR  p: [1836, 529], r: 5.4178973659873009e-03, e: 5.4070372134447098e-03
#ERR  p: [1899, 529], r: 5.0870482809841633e-03, e: 5.0768507644534111e-03
#ERR  p: [1116, 529], r: 1.1131309904158115e-02, e: 1.1108997277915478e-02
#ERR  p: [1800, 529], r: 5.6175594218075275e-03, e: 5.6063015945255756e-03
#ERR  p: [1341, 529], r: 8.8878720998764038e-03, e: 8.8700540363788605e-03
#ERR  p: [1881, 529], r: 5.1795206964015961e-03, e: 5.1691378466784954e-03
#ERR  p: [1872, 529], r: 5.2268523722887039e-03, e: 5.2163768559694290e-03
#ERR  p: [1746, 529], r: 5.9293829835951328e-03, e: 5.9174997732043266e-03
#ERR  p: [1890, 529], r: 5.1337298937141895e-03, e: 5.1234411075711250e-03
#ERR  p: [1935, 529], r: 4.9076625145971775e-03, e: 4.8978254199028015e-03
#ERR  p: [1053, 529], r: 1.1855575256049633e-02, e: 1.1831809766590595e-02
#ERR  p: [1908, 529], r: 5.0417683087289333e-03, e: 5.0316620618104935e-03
#ERR  p: [1854, 529], r: 5.3221932612359524e-03, e: 5.3115268237888813e-03
#ERR  p: [1863, 529], r: 5.2738748490810394e-03, e: 5.2633038721978664e-03
#ERR  p: [1791, 529], r: 5.6669190526008606e-03, e: 5.6555573828518391e-03
#ERR  p: [981, 529], r: 1.2741341255605221e-02, e: 1.2715804390609264e-02
#ERR  p: [1080, 529], r: 1.1540191248059273e-02, e: 1.1517060920596123e-02
#ERR  p: [1368, 529], r: 8.6518833413720131e-03, e: 8.6345411837100983e-03
#ERR  p: [1332, 529], r: 8.9689670130610466e-03, e: 8.9509887620806694e-03
#ERR  p: [630, 529], r: 1.8096547573804855e-02, e: 1.8060270696878433e-02
#ERR  p: [783, 529], r: 1.5531333163380623e-02, e: 1.5500205568969250e-02
#ERR  p: [1044, 529], r: 1.1962767690420151e-02, e: 1.1938788928091526e-02
#ERR  p: [1107, 529], r: 1.1231438256800175e-02, e: 1.1208922602236271e-02
#ERR  p: [1026, 529], r: 1.2180187739431858e-02, e: 1.2155774980783463e-02
#ERR  p: [963, 529], r: 1.2972794473171234e-02, e: 1.2946796603500843e-02
#ERR  p: [558, 529], r: 1.9447777420282364e-02, e: 1.9408790394663811e-02
#ERR  p: [1773, 529], r: 5.7704267092049122e-03, e: 5.7588592171669006e-03
#ERR  p: [1359, 529], r: 8.7307393550872803e-03, e: 8.7132388725876808e-03
#ERR  p: [1395, 529], r: 8.4208771586418152e-03, e: 8.4039960056543350e-03
#ERR  p: [1512, 529], r: 7.4917725287377834e-03, e: 7.4767558835446835e-03
#ERR  p: [1737, 529], r: 5.9818411245942116e-03, e: 5.9698498807847500e-03
#ERR  p: [1314, 529], r: 9.1319857165217400e-03, e: 9.1136805713176727e-03
#ERR  p: [846, 529], r: 1.4582122676074505e-02, e: 1.4552892185747623e-02
#ERR  p: [576, 529], r: 1.9100720062851906e-02, e: 1.9062433391809464e-02
#ERR  p: [1764, 529], r: 5.8226482942700386e-03, e: 5.8109764941036701e-03
#ERR  p: [1701, 529], r: 6.2016439624130726e-03, e: 6.1892145313322544e-03
#ERR  p: [1377, 529], r: 8.5740871727466583e-03, e: 8.5569014772772789e-03
#ERR  p: [1350, 529], r: 8.8092191144824028e-03, e: 8.7915631011128426e-03
#ERR  p: [1476, 529], r: 7.7660600654780865e-03, e: 7.7504925429821014e-03
#ERR  p: [531, 292], r: 2.6125061511993408e-01, e: 1.5734329819679260e-02
#ERR  p: [1431, 529], r: 8.1243226304650307e-03, e: 8.1080403178930283e-03
#ERR  p: [1323, 529], r: 9.0508097782731056e-03, e: 9.0326694771647453e-03
#ERR  p: [1404, 529], r: 8.3460826426744461e-03, e: 8.3293542265892029e-03
#ERR  p: [936, 529], r: 1.3327874243259430e-02, e: 1.3301162980496883e-02
#ERR  p: [1728, 529], r: 6.0362149961292744e-03, e: 6.0241147875785828e-03
#ERR  p: [1755, 529], r: 5.8754682540893555e-03, e: 5.8636907488107681e-03
#ERR  p: [711, 529], r: 1.6690040007233620e-02, e: 1.6656588762998581e-02
#ERR  p: [1242, 530], r: 9.7831934690475464e-03, e: 9.8037272691726685e-03
#ERR  p: [2040, 530], r: 4.4048652052879333e-03, e: 4.4141104444861412e-03
#ERR  p: [1656, 529], r: 6.4859120175242424e-03, e: 6.4729088917374611e-03
#ERR  p: [990, 529], r: 1.2626021169126034e-02, e: 1.2600712478160858e-02
#ERR  p: [810, 529], r: 1.5115687623620033e-02, e: 1.5085387974977493e-02
#ERR  p: [882, 529], r: 1.4066534116864204e-02, e: 1.4038340188562870e-02
#ERR  p: [1089, 529], r: 1.1434691026806831e-02, e: 1.1411769315600395e-02
#ERR  p: [549, 529], r: 1.9624108448624611e-02, e: 1.9584771245718002e-02
#ERR  p: [693, 529], r: 1.6992291435599327e-02, e: 1.6958227381110191e-02
#ERR  p: [720, 529], r: 1.6538795083761215e-02, e: 1.6505640000104904e-02
#ERR  p: [639, 529], r: 1.7936138436198235e-02, e: 1.7900187522172928e-02
#ERR  p: [585, 529], r: 1.8931195139884949e-02, e: 1.8893251195549965e-02
#ERR  p: [621, 529], r: 1.8260501325130463e-02, e: 1.8223900347948074e-02
#ERR  p: [756, 529], r: 1.5955287963151932e-02, e: 1.5923306345939636e-02
#ERR  p: [612, 529], r: 1.8427561968564987e-02, e: 1.8390631303191185e-02
#ERR  p: [603, 529], r: 1.8592517822980881e-02, e: 1.8555250018835068e-02
#ERR  p: [738, 529], r: 1.6245007514953613e-02, e: 1.6212444752454758e-02
#ERR  p: [747, 529], r: 1.6097828745841980e-02, e: 1.6065552830696106e-02
#ERR  p: [648, 529], r: 1.7773712053894997e-02, e: 1.7738081514835358e-02
#ERR  p: [666, 529], r: 1.7457416281104088e-02, e: 1.7422420904040337e-02
#ERR  p: [1305, 529], r: 9.2148436233401299e-03, e: 9.1963754966855049e-03
#ERR  p: [675, 529], r: 1.7300805076956749e-02, e: 1.7266128212213516e-02
#ERR  p: [1413, 529], r: 8.2719316706061363e-03, e: 8.2553531974554062e-03
#ERR  p: [657, 529], r: 1.7616644501686096e-02, e: 1.7581336200237274e-02
#ERR  p: [1449, 529], r: 7.9791238531470299e-03, e: 7.9631302505731583e-03
#ERR  p: [1422, 529], r: 8.1981401890516281e-03, e: 8.1817116588354111e-03
#ERR  p: [819, 529], r: 1.4980647712945938e-02, e: 1.4950619079172611e-02
#ERR  p: [864, 529], r: 1.4321578666567802e-02, e: 1.4292871579527855e-02
#ERR  p: [1485, 529], r: 7.6971403323113918e-03, e: 7.6817125082015991e-03
#ERR  p: [1098, 529], r: 1.1334096081554890e-02, e: 1.1311380192637444e-02
#ERR  p: [828, 529], r: 1.4847503975033760e-02, e: 1.4817743562161922e-02
#ERR  p: [945, 529], r: 1.3208557851612568e-02, e: 1.3182085938751698e-02
#ERR  p: [1062, 529], r: 1.1749691329896450e-02, e: 1.1726141907274723e-02
#ERR  p: [918, 529], r: 1.3568188995122910e-02, e: 1.3540989719331264e-02
#ERR  p: [954, 529], r: 1.3089264743030071e-02, e: 1.3063026592135429e-02
#ERR  p: [1017, 529], r: 1.2289939448237419e-02, e: 1.2265305034816265e-02
#ERR  p: [927, 529], r: 1.3446508906781673e-02, e: 1.3419555500149727e-02
#ERR  p: [1629, 529], r: 6.6647734493017197e-03, e: 6.6514164209365845e-03
#ERR  p: [900, 529], r: 1.3815009966492653e-02, e: 1.3787316158413887e-02
#ERR  p: [909, 529], r: 1.3691255822777748e-02, e: 1.3663809746503830e-02
#ERR  p: [1458, 529], r: 7.9066595062613487e-03, e: 7.8908093273639679e-03
#ERR  p: [855, 529], r: 1.4450299553573132e-02, e: 1.4421331696212292e-02
#ERR  p: [873, 529], r: 1.4193177223205566e-02, e: 1.4164727181196213e-02
#ERR  p: [702, 529], r: 1.6840461641550064e-02, e: 1.6806706786155701e-02
#ERR  p: [801, 529], r: 1.5252538025379181e-02, e: 1.5221961773931980e-02
#ERR  p: [792, 529], r: 1.5390175394713879e-02, e: 1.5359325334429741e-02
#ERR  p: [594, 529], r: 1.8760422244668007e-02, e: 1.8722819164395332e-02
#ERR  p: [774, 529], r: 1.5670724213123322e-02, e: 1.5639316290616989e-02
#ERR  p: [837, 529], r: 1.4714002609252930e-02, e: 1.4684511348605156e-02
#ERR  p: [765, 529], r: 1.5811789780855179e-02, e: 1.5780096873641014e-02
#ERR  p: [729, 529], r: 1.6392551362514496e-02, e: 1.6359696164727211e-02
#ERR  p: [891, 529], r: 1.3939885422587395e-02, e: 1.3911942020058632e-02
#ERR  p: [1071, 529], r: 1.1644261889159679e-02, e: 1.1620922945439816e-02
#ERR  p: [1674, 529], r: 6.3702506013214588e-03, e: 6.3574793748557568e-03
#ERR  p: [1620, 529], r: 6.7243906669318676e-03, e: 6.7109111696481705e-03
#ERR  p: [1647, 529], r: 6.5456908196210861e-03, e: 6.5325717441737652e-03
#ERR  p: [1593, 529], r: 6.9092274643480778e-03, e: 6.8953796289861202e-03
#ERR  p: [1530, 529], r: 7.3579656891524792e-03, e: 7.3432181961834431e-03
#ERR  p: [1638, 529], r: 6.6038528457283974e-03, e: 6.5906131640076637e-03
#ERR  p: [1008, 529], r: 1.2401558458805084e-02, e: 1.2376700527966022e-02
#ERR  p: [1665, 529], r: 6.4299730584025383e-03, e: 6.4170886762440205e-03
#ERR  p: [1503, 529], r: 7.5594852678477764e-03, e: 7.5443335808813572e-03
#ERR  p: [1494, 529], r: 7.6283924281597137e-03, e: 7.6131043024361134e-03
#ERR  p: [1557, 529], r: 7.1622026152908802e-03, e: 7.1478458121418953e-03
#ERR  p: [1602, 529], r: 6.8461205810308456e-03, e: 6.8323970772325993e-03
#ERR  p: [1035, 529], r: 1.2070617638528347e-02, e: 1.2046423740684986e-02
#ERR  p: [1566, 529], r: 7.0979376323521137e-03, e: 7.0837121456861496e-03
#ERR  p: [1710, 529], r: 6.1455685645341873e-03, e: 6.1332499608397484e-03
#ERR  p: [1611, 529], r: 6.7855729721486568e-03, e: 6.7719710059463978e-03
#ERR  p: [999, 529], r: 1.2512861751019955e-02, e: 1.2487781234085560e-02
#ERR  p: [1683, 529], r: 6.3136839307844639e-03, e: 6.3010277226567268e-03
#ERR  p: [1584, 529], r: 6.9709802046418190e-03, e: 6.9570071063935757e-03
#ERR  p: [540, 292], r: 2.5890851020812988e-01, e: 1.5592183917760849e-02
#ERR  p: [1539, 529], r: 7.2921067476272583e-03, e: 7.2774901054799557e-03
#ERR  p: [567, 529], r: 1.9275519996881485e-02, e: 1.9236888736486435e-02
#ERR  p: [972, 529], r: 1.2855471111834049e-02, e: 1.2829705141484737e-02
#ERR  p: [1719, 529], r: 6.0905958525836468e-03, e: 6.0783876106142998e-03
#ERR  p: [1692, 529], r: 6.2569566071033478e-03, e: 6.2444135546684265e-03
#ERR  p: [684, 529], r: 1.7146883532404900e-02, e: 1.7112517729401588e-02
#ERR  p: [1440, 529], r: 8.0509083345532417e-03, e: 8.0347722396254539e-03
#ERR  p: [1467, 529], r: 7.8371483832597733e-03, e: 7.8214406967163086e-03
#ERR  p: [1575, 529], r: 7.0341639220714569e-03, e: 7.0200650952756405e-03
#ERR  p: [1548, 529], r: 7.2270105592906475e-03, e: 7.2125280275940895e-03
#ERR  p: [2024, 530], r: 4.4755302369594574e-03, e: 4.4849226251244545e-03
#ERR  p: [1224, 530], r: 9.9615361541509628e-03, e: 9.9824424833059311e-03
#ERR  p: [1206, 530], r: 1.0141965001821518e-02, e: 1.0163251310586929e-02
#ERR  p: [1233, 530], r: 9.8719969391822815e-03, e: 9.8927095532417297e-03
#ERR  p: [2016, 530], r: 4.5117475092411041e-03, e: 4.5212162658572197e-03
#ERR  p: [528, 294], r: 1.5829682350158691e-02, e: 1.5812799334526062e-02
#ERR  p: [1188, 530], r: 1.0325938463211060e-02, e: 1.0347612202167511e-02
#ERR  p: [1170, 530], r: 1.0514058172702789e-02, e: 1.0536124929785728e-02
#ERR  p: [2032, 531], r: 4.4598896056413651e-03, e: 4.4538490474224091e-03
#ERR  p: [1251, 530], r: 9.6960216760635376e-03, e: 9.7163692116737366e-03
#ERR  p: [1521, 530], r: 7.4016768485307693e-03, e: 7.4172113090753555e-03
#ERR  p: [558, 530], r: 1.9389383494853973e-02, e: 1.9430078566074371e-02
#ERR  p: [1215, 530], r: 1.0051082819700241e-02, e: 1.0072175413370132e-02
#ERR  p: [1989, 530], r: 4.6350806951522827e-03, e: 4.6448083594441414e-03
#ERR  p: [1161, 530], r: 1.0608861222863197e-02, e: 1.0631127282977104e-02
#ERR  p: [1629, 530], r: 6.6439164802432060e-03, e: 6.6578583791851997e-03
#ERR  p: [945, 530], r: 1.3165462762117386e-02, e: 1.3193093240261078e-02
#ERR  p: [1278, 530], r: 9.4366911798715591e-03, e: 9.4564929604530334e-03
#ERR  p: [1125, 530], r: 1.0997153818607330e-02, e: 1.1020235717296600e-02
#ERR  p: [1134, 530], r: 1.0898895561695099e-02, e: 1.0921768844127655e-02
#ERR  p: [1269, 530], r: 9.5222964882850647e-03, e: 9.5422826707363129e-03
#ERR  p: [1143, 530], r: 1.0800588876008987e-02, e: 1.0823257267475128e-02
#ERR  p: [1152, 530], r: 1.0705143213272095e-02, e: 1.0727606713771820e-02
#ERR  p: [1179, 530], r: 1.0419271886348724e-02, e: 1.0441137477755547e-02
#ERR  p: [1818, 530], r: 5.4995976388454437e-03, e: 5.5111404508352280e-03
#ERR  p: [1962, 530], r: 4.7625489532947540e-03, e: 4.7725420445203781e-03
#ERR  p: [1980, 530], r: 4.6772733330726624e-03, e: 4.6870913356542587e-03
#ERR  p: [1917, 530], r: 4.9809776246547699e-03, e: 4.9914317205548286e-03
#ERR  p: [1998, 530], r: 4.5937802642583847e-03, e: 4.6034213155508041e-03
#ERR  p: [1845, 530], r: 5.3533166646957397e-03, e: 5.3645502775907516e-03
#ERR  p: [1197, 531], r: 1.0279223322868347e-02, e: 1.0265301913022995e-02
#ERR  p: [1827, 530], r: 5.4505709558725357e-03, e: 5.4620103910565376e-03
#ERR  p: [1260, 530], r: 9.6085779368877411e-03, e: 9.6287447959184647e-03
#ERR  p: [1287, 530], r: 9.3524809926748276e-03, e: 9.3721076846122742e-03
#ERR  p: [1809, 530], r: 5.5493768304586411e-03, e: 5.5610239505767822e-03
#ERR  p: [1926, 530], r: 4.9368683248758316e-03, e: 4.9472283571958542e-03
#ERR  p: [1782, 530], r: 5.7010827586054802e-03, e: 5.7130474597215652e-03
#ERR  p: [1296, 530], r: 9.2689245939254761e-03, e: 9.2883780598640442e-03
#ERR  p: [1386, 530], r: 8.4709879010915756e-03, e: 8.4887668490409851e-03
#ERR  p: [1944, 530], r: 4.8486869782209396e-03, e: 4.8588644713163376e-03
#ERR  p: [1890, 530], r: 5.1174908876419067e-03, e: 5.1282308995723724e-03
#ERR  p: [1053, 530], r: 1.1818785220384598e-02, e: 1.1843590065836906e-02
#ERR  p: [1908, 530], r: 5.0263293087482452e-03, e: 5.0368793308734894e-03
#ERR  p: [1971, 530], r: 4.7191185876727104e-03, e: 4.7290232032537460e-03
#ERR  p: [2007, 530], r: 4.5524882152676582e-03, e: 4.5620435848832130e-03
#ERR  p: [1953, 530], r: 4.8047360032796860e-03, e: 4.8148203641176224e-03
#ERR  p: [1107, 530], r: 1.1198161169886589e-02, e: 1.1221662163734436e-02
#ERR  p: [1026, 530], r: 1.2142509222030640e-02, e: 1.2167990207672119e-02
#ERR  p: [963, 530], r: 1.2931358069181442e-02, e: 1.2958493083715439e-02
#ERR  p: [1737, 530], r: 5.9642000123858452e-03, e: 5.9767160564661026e-03
#ERR  p: [1350, 530], r: 8.7817907333374023e-03, e: 8.8002197444438934e-03
#ERR  p: [1899, 530], r: 5.0719138234853745e-03, e: 5.0825579091906548e-03
#ERR  p: [1836, 530], r: 5.4016197100281715e-03, e: 5.4129548370838165e-03
#ERR  p: [1701, 530], r: 6.1828307807445526e-03, e: 6.1958041042089462e-03
#ERR  p: [1512, 530], r: 7.4683921411633492e-03, e: 7.4840663000941277e-03
#ERR  p: [1314, 530], r: 9.1037563979625702e-03, e: 9.1228615492582321e-03
#ERR  p: [531, 293], r: 1.5726506710052490e-02, e: 1.5746690332889557e-02
#ERR  p: [1476, 530], r: 7.7423732727766037e-03, e: 7.7586211264133453e-03
#ERR  p: [1431, 530], r: 8.0986879765987396e-03, e: 8.1156827509403229e-03
#ERR  p: [1116, 530], r: 1.1097472161054611e-02, e: 1.1120762676000595e-02
#ERR  p: [1800, 530], r: 5.5992398411035538e-03, e: 5.6109894067049026e-03
#ERR  p: [711, 530], r: 1.6638100147247314e-02, e: 1.6673017293214798e-02
#ERR  p: [1242, 531], r: 9.8270289599895477e-03, e: 9.8137184977531433e-03
#ERR  p: [2040, 531], r: 4.4240625575184822e-03, e: 4.4180694967508316e-03
#ERR  p: [1341, 530], r: 8.8623780757188797e-03, e: 8.8809765875339508e-03
#ERR  p: [1656, 530], r: 6.4676422625780106e-03, e: 6.4812153577804565e-03
#ERR  p: [882, 530], r: 1.4023002237081528e-02, e: 1.4052432030439377e-02
#ERR  p: [1872, 530], r: 5.2108131349086761e-03, e: 5.2217468619346619e-03
#ERR  p: [1881, 530], r: 5.1643634214997292e-03, e: 5.1752012223005295e-03
#ERR  p: [810, 530], r: 1.5069423243403435e-02, e: 1.5101049095392227e-02
#ERR  p: [1746, 530], r: 5.9094093739986420e-03, e: 5.9218127280473709e-03
#ERR  p: [1935, 530], r: 4.8919618129730225e-03, e: 4.9022305756807327e-03
#ERR  p: [1854, 530], r: 5.3048431873321533e-03, e: 5.3159762173891068e-03
#ERR  p: [1863, 530], r: 5.2577219903469086e-03, e: 5.2687563002109528e-03
#ERR  p: [981, 530], r: 1.2701468542218208e-02, e: 1.2728124856948853e-02
#ERR  p: [1791, 530], r: 5.6507289409637451e-03, e: 5.6625884026288986e-03
#ERR  p: [1080, 530], r: 1.1503065004944801e-02, e: 1.1527208611369133e-02
#ERR  p: [1368, 530], r: 8.6251758038997650e-03, e: 8.6432769894599915e-03
#ERR  p: [1332, 530], r: 8.9410003274679184e-03, e: 8.9597646147012711e-03
#ERR  p: [630, 530], r: 1.8041536211967468e-02, e: 1.8079400062561035e-02
#ERR  p: [1044, 530], r: 1.1924467980861664e-02, e: 1.1949496343731880e-02
#ERR  p: [783, 530], r: 1.5480592846870422e-02, e: 1.5513081103563309e-02
#ERR  p: [1773, 530], r: 5.7531185448169708e-03, e: 5.7651922106742859e-03
#ERR  p: [819, 530], r: 1.4934102073311806e-02, e: 1.4965444803237915e-02
#ERR  p: [1359, 530], r: 8.7030809372663498e-03, e: 8.7213478982448578e-03
#ERR  p: [864, 530], r: 1.4278266578912735e-02, e: 1.4308230951428413e-02
#ERR  p: [1098, 530], r: 1.1299286037683487e-02, e: 1.1322997510433197e-02
#ERR  p: [828, 530], r: 1.4801478013396263e-02, e: 1.4832541346549988e-02
#ERR  p: [1485, 530], r: 7.6724253594875336e-03, e: 7.6885288581252098e-03
#ERR  p: [1395, 530], r: 8.3950795233249664e-03, e: 8.4126982837915421e-03
#ERR  p: [846, 530], r: 1.4536809176206589e-02, e: 1.4567319303750992e-02
#ERR  p: [576, 530], r: 1.9044235348701477e-02, e: 1.9084200263023376e-02
#ERR  p: [1764, 530], r: 5.8050137013196945e-03, e: 5.8171972632408142e-03
#ERR  p: [1323, 530], r: 9.0218856930732727e-03, e: 9.0408213436603546e-03
#ERR  p: [1377, 530], r: 8.5482224822044373e-03, e: 8.5661616176366806e-03
#ERR  p: [1404, 530], r: 8.3204675465822220e-03, e: 8.3379279822111130e-03
#ERR  p: [936, 530], r: 1.3285923749208450e-02, e: 1.3313805684447289e-02
#ERR  p: [1728, 530], r: 6.0169808566570282e-03, e: 6.0296114534139633e-03
#ERR  p: [1755, 530], r: 5.8572888374328613e-03, e: 5.8695822954177856e-03
#ERR  p: [549, 530], r: 1.9564330577850342e-02, e: 1.9605390727519989e-02
#ERR  p: [693, 530], r: 1.6939260065555573e-02, e: 1.6974817961454391e-02
#ERR  p: [990, 530], r: 1.2586485594511032e-02, e: 1.2612903490662575e-02
#ERR  p: [720, 530], r: 1.6488514840602875e-02, e: 1.6523122787475586e-02
#ERR  p: [1089, 530], r: 1.1401882395148277e-02, e: 1.1425808072090149e-02
#ERR  p: [639, 530], r: 1.7880391329526901e-02, e: 1.7917916178703308e-02
#ERR  p: [585, 530], r: 1.8872514367103577e-02, e: 1.8912114202976227e-02
#ERR  p: [621, 530], r: 1.8205009400844574e-02, e: 1.8243208527565002e-02
#ERR  p: [756, 530], r: 1.5905387699604034e-02, e: 1.5938770025968552e-02
#ERR  p: [612, 530], r: 1.8371194601058960e-02, e: 1.8409743905067444e-02
#ERR  p: [603, 530], r: 1.8536269664764404e-02, e: 1.8575169146060944e-02
#ERR  p: [738, 530], r: 1.6194988042116165e-02, e: 1.6228973865509033e-02
#ERR  p: [747, 530], r: 1.6048856079578400e-02, e: 1.6082547605037689e-02
#ERR  p: [1305, 530], r: 9.1855823993682861e-03, e: 9.2048570513725281e-03
#ERR  p: [648, 530], r: 1.7719566822052002e-02, e: 1.7756760120391846e-02
#ERR  p: [918, 530], r: 1.3527983799576759e-02, e: 1.3556372374296188e-02
#ERR  p: [954, 530], r: 1.3047900050878525e-02, e: 1.3075286522507668e-02
#ERR  p: [900, 530], r: 1.3773100450634956e-02, e: 1.3802006840705872e-02
#ERR  p: [855, 530], r: 1.4407791197299957e-02, e: 1.4438025653362274e-02
#ERR  p: [666, 530], r: 1.7403326928615570e-02, e: 1.7439857125282288e-02
#ERR  p: [927, 530], r: 1.3406507670879364e-02, e: 1.3434641063213348e-02
#ERR  p: [801, 530], r: 1.5206500887870789e-02, e: 1.5238417312502861e-02
#ERR  p: [792, 530], r: 1.5343137085437775e-02, e: 1.5375336632132530e-02
#ERR  p: [594, 530], r: 1.8702901899814606e-02, e: 1.8742151558399200e-02
#ERR  p: [675, 530], r: 1.7248712480068207e-02, e: 1.7284907400608063e-02
#ERR  p: [1413, 530], r: 8.2453191280364990e-03, e: 8.2626231014728546e-03
#ERR  p: [657, 530], r: 1.7560631036758423e-02, e: 1.7597489058971405e-02
#ERR  p: [1062, 530], r: 1.1713596060872078e-02, e: 1.1738177388906479e-02
#ERR  p: [1449, 530], r: 7.9535953700542450e-03, e: 7.9702902585268021e-03
#ERR  p: [1422, 530], r: 8.1715434789657593e-03, e: 8.1886909902095795e-03
#ERR  p: [729, 530], r: 1.6340486705303192e-02, e: 1.6374781727790833e-02
#ERR  p: [765, 530], r: 1.5764273703098297e-02, e: 1.5797354280948639e-02
#ERR  p: [1017, 530], r: 1.2252183631062508e-02, e: 1.2277897447347641e-02
#ERR  p: [909, 530], r: 1.3648135587573051e-02, e: 1.3676784932613373e-02
#ERR  p: [873, 530], r: 1.4149338006973267e-02, e: 1.4179032295942307e-02
#ERR  p: [702, 530], r: 1.6787268221378326e-02, e: 1.6822502017021179e-02
#ERR  p: [1458, 530], r: 7.8825000673532486e-03, e: 7.8990440815687180e-03
#ERR  p: [774, 530], r: 1.5622604638338089e-02, e: 1.5655387192964554e-02
#ERR  p: [1647, 530], r: 6.5252464264631271e-03, e: 6.5389405936002731e-03
#ERR  p: [837, 530], r: 1.4667887240648270e-02, e: 1.4698669314384460e-02
#ERR  p: [1620, 530], r: 6.7037902772426605e-03, e: 6.7178588360548019e-03
#ERR  p: [1530, 530], r: 7.3355007916688919e-03, e: 7.3508936911821365e-03
#ERR  p: [1638, 530], r: 6.5840315073728561e-03, e: 6.5978514030575752e-03
#ERR  p: [891, 530], r: 1.3896845281124115e-02, e: 1.3926010578870773e-02
#ERR  p: [1674, 530], r: 6.3517969101667404e-03, e: 6.3651278614997864e-03
#ERR  p: [1566, 530], r: 7.0765921846032143e-03, e: 7.0914402604103088e-03
#ERR  p: [1071, 530], r: 1.1608462780714035e-02, e: 1.1632826179265976e-02
#ERR  p: [1665, 530], r: 6.4082108438014984e-03, e: 6.4216600731015205e-03
#ERR  p: [1593, 530], r: 6.8871406838297844e-03, e: 6.9015948101878166e-03
#ERR  p: [1602, 530], r: 6.8263709545135498e-03, e: 6.8406946957111359e-03
#ERR  p: [1611, 530], r: 6.7643504589796066e-03, e: 6.7785475403070450e-03
#ERR  p: [999, 530], r: 1.2475112453103065e-02, e: 1.2501291930675507e-02
#ERR  p: [1584, 530], r: 6.9498158991336823e-03, e: 6.9644004106521606e-03
#ERR  p: [1683, 530], r: 6.2949638813734055e-03, e: 6.3081737607717514e-03
#ERR  p: [1008, 530], r: 1.2362053617835045e-02, e: 1.2387998402118683e-02
#ERR  p: [1575, 530], r: 7.0127453655004501e-03, e: 7.0274621248245239e-03
#ERR  p: [1503, 530], r: 7.5365155935287476e-03, e: 7.5523303821682930e-03
#ERR  p: [1539, 530], r: 7.2692325338721275e-03, e: 7.2844885289669037e-03
#ERR  p: [1719, 530], r: 6.0722371563315392e-03, e: 6.0849804431200027e-03
#ERR  p: [1692, 530], r: 6.2383748590946198e-03, e: 6.2514673918485641e-03
#ERR  p: [1440, 530], r: 8.0264434218406677e-03, e: 8.0432854592800140e-03
#ERR  p: [2024, 531], r: 4.4958740472793579e-03, e: 4.4897850602865219e-03
#ERR  p: [684, 530], r: 1.7093289643526077e-02, e: 1.7129160463809967e-02
#ERR  p: [1224, 531], r: 1.0005589574575424e-02, e: 9.9920406937599182e-03
#ERR  p: [1494, 530], r: 7.6036704704165459e-03, e: 7.6196277514100075e-03
#ERR  p: [1035, 530], r: 1.2034010142087936e-02, e: 1.2059263885021210e-02
#ERR  p: [1557, 530], r: 7.1401540189981461e-03, e: 7.1551389992237091e-03
#ERR  p: [1710, 530], r: 6.1272317543625832e-03, e: 6.1400895938277245e-03
#ERR  p: [540, 293], r: 1.5586674213409424e-02, e: 1.5606679022312164e-02
#ERR  p: [567, 530], r: 1.9216738641262054e-02, e: 1.9257061183452606e-02
#ERR  p: [1467, 530], r: 7.8113246709108353e-03, e: 7.8277196735143661e-03
#ERR  p: [1548, 530], r: 7.2048585861921310e-03, e: 7.2199758142232895e-03
#ERR  p: [972, 530], r: 1.2815153226256371e-02, e: 1.2842047959566116e-02
#ERR  p: [1206, 531], r: 1.0187223553657532e-02, e: 1.0173425078392029e-02
#ERR  p: [1233, 531], r: 9.9149569869041443e-03, e: 9.9015291780233383e-03
#ERR  p: [2016, 531], r: 4.5321686193346977e-03, e: 4.5260302722454071e-03
#ERR  p: [528, 295], r: 1.5832960605621338e-02, e: 1.5827342867851257e-02
#ERR  p: [1188, 531], r: 1.0371688753366470e-02, e: 1.0357638821005821e-02
#ERR  p: [1170, 531], r: 1.0559801012277603e-02, e: 1.0545495897531509e-02
#ERR  p: [2032, 532], r: 4.4565051794052124e-03, e: 4.4570695608854294e-03
#ERR  p: [1251, 531], r: 9.7381584346294403e-03, e: 9.7249671816825867e-03
#ERR  p: [1521, 531], r: 7.4340365827083588e-03, e: 7.4239671230316162e-03
#ERR  p: [1944, 531], r: 4.8695169389247894e-03, e: 4.8629185184836388e-03
#ERR  p: [558, 531], r: 1.9473955035209656e-02, e: 1.9447572529315948e-02
#ERR  p: [1215, 531], r: 1.0095361620187759e-02, e: 1.0081686079502106e-02
#ERR  p: [1989, 531], r: 4.6561649069190025e-03, e: 4.6498589217662811e-03
#ERR  p: [1323, 531], r: 9.0622026473283768e-03, e: 9.0499259531497955e-03
#ERR  p: [1161, 531], r: 1.0655287653207779e-02, e: 1.0640852153301239e-02
#ERR  p: [1629, 531], r: 6.6733676940202713e-03, e: 6.6643301397562027e-03
#ERR  p: [945, 531], r: 1.3226099312305450e-02, e: 1.3208188116550446e-02
#ERR  p: [1278, 531], r: 9.4789974391460419e-03, e: 9.4661600887775421e-03
#ERR  p: [1125, 531], r: 1.1046744883060455e-02, e: 1.1031780391931534e-02
#ERR  p: [1134, 531], r: 1.0946772992610931e-02, e: 1.0931942611932755e-02
#ERR  p: [1269, 531], r: 9.5652956515550613e-03, e: 9.5523428171873093e-03
#ERR  p: [1143, 531], r: 1.0849040001630783e-02, e: 1.0834343731403351e-02
#ERR  p: [1152, 531], r: 1.0750729590654373e-02, e: 1.0736167430877686e-02
#ERR  p: [1179, 531], r: 1.0466014966368675e-02, e: 1.0451842099428177e-02
#ERR  p: [1818, 531], r: 5.5243670940399170e-03, e: 5.5168829858303070e-03
#ERR  p: [1962, 531], r: 4.7830222174525261e-03, e: 4.7765448689460754e-03
#ERR  p: [1980, 531], r: 4.6972688287496567e-03, e: 4.6909032389521599e-03
#ERR  p: [1917, 531], r: 5.0034839659929276e-03, e: 4.9967076629400253e-03
#ERR  p: [1845, 531], r: 5.3767841309309006e-03, e: 5.3695011883974075e-03
#ERR  p: [1998, 531], r: 4.6139173209667206e-03, e: 4.6076681464910507e-03
#ERR  p: [1197, 532], r: 1.0272677987813950e-02, e: 1.0273974388837814e-02
#ERR  p: [1827, 531], r: 5.4745301604270935e-03, e: 5.4671149700880051e-03
#ERR  p: [1260, 531], r: 9.6506997942924500e-03, e: 9.6376240253448486e-03
#ERR  p: [1287, 531], r: 9.3942452222108841e-03, e: 9.3815233558416367e-03
#ERR  p: [1809, 531], r: 5.5734533816576004e-03, e: 5.5659040808677673e-03
#ERR  p: [1890, 531], r: 5.1400698721408844e-03, e: 5.1331073045730591e-03
#ERR  p: [1926, 531], r: 4.9581006169319153e-03, e: 4.9513848498463631e-03
#ERR  p: [1782, 531], r: 5.7266838848590851e-03, e: 5.7189278304576874e-03
#ERR  p: [1296, 531], r: 9.3089155852794647e-03, e: 9.2963017523288727e-03
#ERR  p: [1386, 531], r: 8.5088014602661133e-03, e: 8.4972772747278214e-03
#ERR  p: [1053, 531], r: 1.1870171874761581e-02, e: 1.1854093521833420e-02
#ERR  p: [1953, 531], r: 4.8265513032674789e-03, e: 4.8200152814388275e-03
#ERR  p: [2007, 531], r: 4.5730117708444595e-03, e: 4.5668184757232666e-03
#ERR  p: [1026, 531], r: 1.2196339666843414e-02, e: 1.2179825454950333e-02
#ERR  p: [1908, 531], r: 5.0484677776694298e-03, e: 5.0416281446814537e-03
#ERR  p: [1971, 531], r: 4.7405613586306572e-03, e: 4.7341398894786835e-03
#ERR  p: [1107, 531], r: 1.1246595531702042e-02, e: 1.1231359094381332e-02
#ERR  p: [963, 531], r: 1.2989647686481476e-02, e: 1.2972056865692139e-02
#ERR  p: [1737, 531], r: 5.9902928769588470e-03, e: 5.9821810573339462e-03
#ERR  p: [1899, 531], r: 5.0945533439517021e-03, e: 5.0876541063189507e-03
#ERR  p: [1350, 531], r: 8.8212247937917709e-03, e: 8.8092759251594543e-03
#ERR  p: [1836, 531], r: 5.4253060370683670e-03, e: 5.4179579019546509e-03
#ERR  p: [1701, 531], r: 6.2091723084449768e-03, e: 6.2007624655961990e-03
#ERR  p: [1512, 531], r: 7.5013637542724609e-03, e: 7.4912030249834061e-03
#ERR  p: [1746, 531], r: 5.9367939829826355e-03, e: 5.9287529438734055e-03
#ERR  p: [1314, 531], r: 9.1442000120878220e-03, e: 9.1318152844905853e-03
#ERR  p: [531, 294], r: 1.5780776739120483e-02, e: 1.5763923525810242e-02
#ERR  p: [810, 531], r: 1.5136878937482834e-02, e: 1.5116378664970398e-02
#ERR  p: [1854, 531], r: 5.3288526833057404e-03, e: 5.3216349333524704e-03
#ERR  p: [1935, 531], r: 4.9143359065055847e-03, e: 4.9076788127422333e-03
#ERR  p: [1476, 531], r: 7.7758412808179855e-03, e: 7.7653080224990845e-03
#ERR  p: [1431, 531], r: 8.1343874335289001e-03, e: 8.1233698874711990e-03
#ERR  p: [1116, 531], r: 1.1145837604999542e-02, e: 1.1130742728710175e-02
#ERR  p: [1800, 531], r: 5.6244172155857086e-03, e: 5.6167989969253540e-03
#ERR  p: [1332, 531], r: 8.9811850339174271e-03, e: 8.9690238237380981e-03
#ERR  p: [1080, 531], r: 1.1556167155504227e-02, e: 1.1540513485670090e-02
#ERR  p: [1044, 531], r: 1.1979535222053528e-02, e: 1.1963307857513428e-02
#ERR  p: [630, 531], r: 1.8122777342796326e-02, e: 1.8098235130310059e-02
#ERR  p: [711, 531], r: 1.6711838543415070e-02, e: 1.6689211130142212e-02
#ERR  p: [1242, 532], r: 9.8210200667381287e-03, e: 9.8222643136978149e-03
#ERR  p: [2040, 532], r: 4.4215563684701920e-03, e: 4.4221151620149612e-03
#ERR  p: [846, 531], r: 1.4600791037082672e-02, e: 1.4581013470888138e-02
#ERR  p: [1656, 531], r: 6.4953900873661041e-03, e: 6.4865909516811371e-03
#ERR  p: [882, 531], r: 1.4084298163652420e-02, e: 1.4065220952033997e-02
#ERR  p: [1773, 531], r: 5.7785119861364365e-03, e: 5.7706851512193680e-03
#ERR  p: [819, 531], r: 1.5001628547906876e-02, e: 1.4981307089328766e-02
#ERR  p: [1098, 531], r: 1.1347826570272446e-02, e: 1.1332459747791290e-02
#ERR  p: [576, 531], r: 1.9127417355775833e-02, e: 1.9101511687040329e-02
#ERR  p: [1764, 531], r: 5.8301780372858047e-03, e: 5.8222804218530655e-03
#ERR  p: [1872, 531], r: 5.2334284409880638e-03, e: 5.2263401448726654e-03
#ERR  p: [1341, 531], r: 8.8999681174755096e-03, e: 8.8879112154245377e-03
#ERR  p: [1881, 531], r: 5.1864283159375191e-03, e: 5.1794014871120453e-03
#ERR  p: [1863, 531], r: 5.2805505692958832e-03, e: 5.2733980119228363e-03
#ERR  p: [981, 531], r: 1.2756779789924622e-02, e: 1.2739498168230057e-02
#ERR  p: [1791, 531], r: 5.6745596230030060e-03, e: 5.6668706238269806e-03
#ERR  p: [1368, 531], r: 8.6631067097187042e-03, e: 8.6513739079236984e-03
#ERR  p: [783, 531], r: 1.5551920980215073e-02, e: 1.5530861914157867e-02
#ERR  p: [864, 531], r: 1.4340300112962723e-02, e: 1.4320876449346542e-02
#ERR  p: [828, 531], r: 1.4865681529045105e-02, e: 1.4845546334981918e-02
#ERR  p: [1395, 531], r: 8.4329657256603241e-03, e: 8.4215439856052399e-03
#ERR  p: [1485, 531], r: 7.7069327235221863e-03, e: 7.6964944601058960e-03
#ERR  p: [1359, 531], r: 8.7412949651479721e-03, e: 8.7294541299343109e-03
#ERR  p: [1755, 531], r: 5.8832913637161255e-03, e: 5.8753229677677155e-03
#ERR  p: [1377, 531], r: 8.5862651467323303e-03, e: 8.5746385157108307e-03
#ERR  p: [1728, 531], r: 6.0444734990596771e-03, e: 6.0362853109836578e-03
#ERR  p: [1404, 531], r: 8.3571001887321472e-03, e: 8.3457827568054199e-03
#ERR  p: [1305, 531], r: 9.2268250882625580e-03, e: 9.2143341898918152e-03
#ERR  p: [936, 531], r: 1.3343390077352524e-02, e: 1.3325314968824387e-02
#ERR  p: [549, 531], r: 1.9650470465421677e-02, e: 1.9623849540948868e-02
#ERR  p: [693, 531], r: 1.7016135156154633e-02, e: 1.6993090510368347e-02
#ERR  p: [990, 531], r: 1.2643881142139435e-02, e: 1.2626752257347107e-02
#ERR  p: [720, 531], r: 1.6563072800636292e-02, e: 1.6540635377168655e-02
#ERR  p: [1089, 531], r: 1.1451121419668198e-02, e: 1.1435613036155701e-02
#ERR  p: [639, 531], r: 1.7958901822566986e-02, e: 1.7934579402208328e-02
#ERR  p: [585, 531], r: 1.8955003470182419e-02, e: 1.8929339945316315e-02
#ERR  p: [621, 531], r: 1.8286000937223434e-02, e: 1.8261238932609558e-02
#ERR  p: [594, 531], r: 1.8786184489727020e-02, e: 1.8760733306407928e-02
#ERR  p: [792, 531], r: 1.5411753207445145e-02, e: 1.5390880405902863e-02
#ERR  p: [675, 531], r: 1.7324950546026230e-02, e: 1.7301484942436218e-02
#ERR  p: [657, 531], r: 1.7638981342315674e-02, e: 1.7615087330341339e-02
#ERR  p: [1413, 531], r: 8.2820467650890350e-03, e: 8.2708299160003662e-03
#ERR  p: [801, 531], r: 1.5272561460733414e-02, e: 1.5251871198415756e-02
#ERR  p: [612, 531], r: 1.8450245261192322e-02, e: 1.8425256013870239e-02
#ERR  p: [756, 531], r: 1.5977915376424789e-02, e: 1.5956275165081024e-02
#ERR  p: [603, 531], r: 1.8617395311594009e-02, e: 1.8592178821563721e-02
#ERR  p: [738, 531], r: 1.6266800463199615e-02, e: 1.6244769096374512e-02
#ERR  p: [648, 531], r: 1.7799034714698792e-02, e: 1.7774924635887146e-02
#ERR  p: [747, 531], r: 1.6121178865432739e-02, e: 1.6099341213703156e-02
#ERR  p: [765, 531], r: 1.5832446515560150e-02, e: 1.5811003744602203e-02
#ERR  p: [918, 531], r: 1.3584878295660019e-02, e: 1.3566475361585617e-02
#ERR  p: [1449, 531], r: 7.9889930784702301e-03, e: 7.9781711101531982e-03
#ERR  p: [1422, 531], r: 8.2083940505981445e-03, e: 8.1972759217023849e-03
#ERR  p: [873, 531], r: 1.4212809503078461e-02, e: 1.4193560928106308e-02
#ERR  p: [702, 531], r: 1.6864962875843048e-02, e: 1.6842126846313477e-02
#ERR  p: [954, 531], r: 1.3107210397720337e-02, e: 1.3089455664157867e-02
#ERR  p: [900, 531], r: 1.3833463191986084e-02, e: 1.3814724981784821e-02
#ERR  p: [666, 531], r: 1.7481237649917603e-02, e: 1.7457552254199982e-02
#ERR  p: [855, 531], r: 1.4469727873802185e-02, e: 1.4450132846832275e-02
#ERR  p: [1458, 531], r: 7.9185608774423599e-03, e: 7.9078376293182373e-03
#ERR  p: [1647, 531], r: 6.5546520054340363e-03, e: 6.5457746386528015e-03
#ERR  p: [837, 531], r: 1.4733470976352692e-02, e: 1.4713522046804428e-02
#ERR  p: [774, 531], r: 1.5691131353378296e-02, e: 1.5669882297515869e-02
#ERR  p: [1530, 531], r: 7.3673613369464874e-03, e: 7.3573812842369080e-03
#ERR  p: [1674, 531], r: 6.3802786171436310e-03, e: 6.3716378062963486e-03
#ERR  p: [1638, 531], r: 6.6139213740825653e-03, e: 6.6049601882696152e-03
#ERR  p: [927, 531], r: 1.3465642929077148e-02, e: 1.3447403907775879e-02
#ERR  p: [1062, 531], r: 1.1763460934162140e-02, e: 1.1747527867555618e-02
#ERR  p: [729, 531], r: 1.6413919627666473e-02, e: 1.6391687095165253e-02
#ERR  p: [1611, 531], r: 6.7950282245874405e-03, e: 6.7858248949050903e-03
#ERR  p: [1071, 531], r: 1.1660322546958923e-02, e: 1.1644527316093445e-02
#ERR  p: [1593, 531], r: 6.9180969148874283e-03, e: 6.9087278097867966e-03
#ERR  p: [1665, 531], r: 6.4373407512903214e-03, e: 6.4286217093467712e-03
#ERR  p: [1584, 531], r: 6.9800019264221191e-03, e: 6.9705471396446228e-03
#ERR  p: [1683, 531], r: 6.3224732875823975e-03, e: 6.3139107078313828e-03
#ERR  p: [1602, 531], r: 6.8556815385818481e-03, e: 6.8463962525129318e-03
#ERR  p: [1575, 531], r: 7.0436969399452209e-03, e: 7.0341546088457108e-03
#ERR  p: [891, 531], r: 1.3958536088466644e-02, e: 1.3939626514911652e-02
#ERR  p: [1017, 531], r: 1.2305706739425659e-02, e: 1.2289039790630341e-02
#ERR  p: [909, 531], r: 1.3711161911487579e-02, e: 1.3692591339349747e-02
#ERR  p: [1620, 531], r: 6.7332573235034943e-03, e: 6.7241378128528595e-03
#ERR  p: [1566, 531], r: 7.1071386337280273e-03, e: 7.0975143462419510e-03
#ERR  p: [999, 531], r: 1.2529868632555008e-02, e: 1.2512896209955215e-02
#ERR  p: [1008, 531], r: 1.2418009340763092e-02, e: 1.2401193380355835e-02
#SDC Ite:0 KerTime:22.223624 AccTime:22.223624 KerErr:2298449 AccErr:2298449
#ABORT too many errors per iteration
#END