[INFO -- 2017-02-27 18:34:22]
Starting GDB script
[INFO -- 2017-02-27 18:34:22]
initSignal:35.0
[INFO -- 2017-02-27 18:34:22]
endSignal:40.0
[INFO -- 2017-02-27 18:34:22]
seqSignal:20
[INFO -- 2017-02-27 18:34:58]
sending 20 signals using command: 'ssh -T mic0 killall -2 clamr_openmponly' after 36.0040474311s
[INFO -- 2017-02-27 18:34:58]
sending 20 signals using command: 'ssh -T mic0 killall -2 clamr_openmponly' after 36.3610537551s
[INFO -- 2017-02-27 18:34:59]
shell stdout: 
[INFO -- 2017-02-27 18:34:59]
shell stdout: 
[INFO -- 2017-02-27 18:34:59]
shell stdout: 
[INFO -- 2017-02-27 18:34:59]
shell stdout: 
[INFO -- 2017-02-27 18:35:00]
shell stdout: 
[INFO -- 2017-02-27 18:35:00]
shell stdout: 
[INFO -- 2017-02-27 18:35:00]
shell stdout: 
[INFO -- 2017-02-27 18:35:00]
shell stdout: 
[INFO -- 2017-02-27 18:35:00]
shell stdout: 
[INFO -- 2017-02-27 18:35:00]
shell stdout: 
[INFO -- 2017-02-27 18:35:01]
shell stdout: 
[INFO -- 2017-02-27 18:35:01]
shell stdout: 
[INFO -- 2017-02-27 18:35:01]
shell stdout: 
[INFO -- 2017-02-27 18:35:01]
shell stdout: 
[INFO -- 2017-02-27 18:35:02]
shell stdout: 
[INFO -- 2017-02-27 18:35:02]
shell stdout: 
[INFO -- 2017-02-27 18:35:02]
shell stdout: 
[INFO -- 2017-02-27 18:35:02]
shell stdout: 
[INFO -- 2017-02-27 18:35:03]
shell stdout: 
[INFO -- 2017-02-27 18:35:03]
shell stdout: 
[INFO -- 2017-02-27 18:35:03]
shell stdout: 
[INFO -- 2017-02-27 18:35:03]
shell stdout: 
[INFO -- 2017-02-27 18:35:03]
shell stdout: 
[INFO -- 2017-02-27 18:35:03]
shell stdout: 
[INFO -- 2017-02-27 18:35:04]
shell stdout: 
[INFO -- 2017-02-27 18:35:04]
shell stdout: 
[INFO -- 2017-02-27 18:35:04]
shell stdout: 
[INFO -- 2017-02-27 18:35:04]
shell stdout: 
[INFO -- 2017-02-27 18:35:05]
shell stdout: 
[INFO -- 2017-02-27 18:35:05]
shell stdout: 
[INFO -- 2017-02-27 18:35:05]
shell stdout: 
[INFO -- 2017-02-27 18:35:05]
shell stdout: 
[INFO -- 2017-02-27 18:35:06]
shell stdout: 
[INFO -- 2017-02-27 18:35:06]
shell stdout: 
[INFO -- 2017-02-27 18:35:06]
shell stdout: 
[INFO -- 2017-02-27 18:35:06]
shell stdout: 
[INFO -- 2017-02-27 18:35:06]
shell stdout: 
[INFO -- 2017-02-27 18:35:06]
shell stdout: 
[INFO -- 2017-02-27 18:35:07]
shell stdout: 
[INFO -- 2017-02-27 18:35:07]
shell stdout: 
[INFO -- 2017-02-27 18:36:54]
no gdbExecName running, out:
[INFO -- 2017-02-27 18:36:54]
checCmd:ps -e | grep -i gdb-mic
[INFO -- 2017-02-27 18:36:54]
finished now-timestampStart < maxWaitTime*5
[INFO -- 2017-02-27 18:36:54]
now: 1488238605
[INFO -- 2017-02-27 18:36:54]
timestampStart: 1488238462
[INFO -- 2017-02-27 18:36:54]
kill cmd: killall -9 gdb-mic
[INFO -- 2017-02-27 18:36:54]
shell stdout: 
[INFO -- 2017-02-27 18:36:54]
kill cmd: ssh -T mic0 killall -9 clamr_openmponly
[INFO -- 2017-02-27 18:36:54]
shell stdout: 
[INFO -- 2017-02-27 18:36:54]
kill cmd: ssh -T mic0 killall -9 gdbserver
[INFO -- 2017-02-27 18:36:54]
shell stdout: 
[INFO -- 2017-02-27 18:36:55]
kill cmd: ssh -T mic0 killall -9 sshd
[INFO -- 2017-02-27 18:36:55]
shell stdout: 
