[INFO -- 2017-03-27 02:34:09]
Starting GDB script
[INFO -- 2017-03-27 02:34:09]
initSignal:30.0
[INFO -- 2017-03-27 02:34:09]
endSignal:35.0
[INFO -- 2017-03-27 02:34:09]
seqSignal:20
[INFO -- 2017-03-27 02:34:40]
sending 20 signals using command: 'ssh -T mic1 killall -2 clamr_openmponly' after 31.4216355849s
[INFO -- 2017-03-27 02:34:41]
sending 20 signals using command: 'ssh -T mic1 killall -2 clamr_openmponly' after 31.7139332675s
[INFO -- 2017-03-27 02:34:41]
shell stdout: 
[INFO -- 2017-03-27 02:34:41]
shell stdout: 
[INFO -- 2017-03-27 02:34:42]
shell stdout: 
[INFO -- 2017-03-27 02:34:42]
shell stdout: 
[INFO -- 2017-03-27 02:34:42]
shell stdout: 
[INFO -- 2017-03-27 02:34:42]
shell stdout: 
[INFO -- 2017-03-27 02:34:43]
shell stdout: 
[INFO -- 2017-03-27 02:34:43]
shell stdout: 
[INFO -- 2017-03-27 02:34:43]
shell stdout: 
[INFO -- 2017-03-27 02:34:43]
shell stdout: 
[INFO -- 2017-03-27 02:34:43]
shell stdout: 
[INFO -- 2017-03-27 02:34:44]
shell stdout: 
[INFO -- 2017-03-27 02:34:44]
shell stdout: 
[INFO -- 2017-03-27 02:34:44]
shell stdout: 
[INFO -- 2017-03-27 02:34:44]
shell stdout: 
[INFO -- 2017-03-27 02:34:44]
shell stdout: 
[INFO -- 2017-03-27 02:34:45]
shell stdout: 
[INFO -- 2017-03-27 02:34:45]
shell stdout: 
[INFO -- 2017-03-27 02:34:45]
shell stdout: 
[INFO -- 2017-03-27 02:34:45]
shell stdout: 
[INFO -- 2017-03-27 02:34:46]
shell stdout: 
[INFO -- 2017-03-27 02:34:46]
shell stdout: 
[INFO -- 2017-03-27 02:34:46]
shell stdout: 
[INFO -- 2017-03-27 02:34:46]
shell stdout: 
[INFO -- 2017-03-27 02:34:46]
shell stdout: 
[INFO -- 2017-03-27 02:34:47]
shell stdout: 
[INFO -- 2017-03-27 02:34:47]
shell stdout: 
[INFO -- 2017-03-27 02:34:47]
shell stdout: 
[INFO -- 2017-03-27 02:34:47]
shell stdout: 
[INFO -- 2017-03-27 02:34:47]
shell stdout: 
[INFO -- 2017-03-27 02:34:48]
shell stdout: 
[INFO -- 2017-03-27 02:34:48]
shell stdout: 
[INFO -- 2017-03-27 02:34:48]
shell stdout: 
[INFO -- 2017-03-27 02:34:48]
shell stdout: 
[INFO -- 2017-03-27 02:34:49]
shell stdout: 
[INFO -- 2017-03-27 02:34:49]
shell stdout: 
[INFO -- 2017-03-27 02:34:49]
shell stdout: 
[INFO -- 2017-03-27 02:34:49]
shell stdout: 
[INFO -- 2017-03-27 02:34:49]
shell stdout: 
[INFO -- 2017-03-27 02:34:50]
shell stdout: 
[INFO -- 2017-03-27 02:35:56]
no gdbExecName running, out:
[INFO -- 2017-03-27 02:35:56]
checCmd:ps -e | grep -i gdb-mic
[INFO -- 2017-03-27 02:35:56]
finished now-timestampStart < maxWaitTime*5
[INFO -- 2017-03-27 02:35:56]
now: 1490596547
[INFO -- 2017-03-27 02:35:56]
timestampStart: 1490596449
[INFO -- 2017-03-27 02:35:56]
kill cmd: killall -9 gdb-mic
[INFO -- 2017-03-27 02:35:56]
shell stdout: 
[INFO -- 2017-03-27 02:35:57]
kill cmd: ssh -T mic1 killall -9 clamr_openmponly
[INFO -- 2017-03-27 02:35:57]
shell stdout: 
[INFO -- 2017-03-27 02:35:57]
kill cmd: ssh -T mic1 killall -9 gdbserver
[INFO -- 2017-03-27 02:35:57]
shell stdout: 
[INFO -- 2017-03-27 02:35:57]
kill cmd: ssh -T mic1 killall -9 sshd
[INFO -- 2017-03-27 02:35:57]
shell stdout: 
