[INFO -- 2017-02-25 01:05:41]
Starting GDB script
[INFO -- 2017-02-25 01:05:41]
initSignal:0.0
[INFO -- 2017-02-25 01:05:41]
endSignal:3.0
[INFO -- 2017-02-25 01:05:41]
seqSignal:15
[INFO -- 2017-02-25 01:05:41]
sending 15 signals using command: 'ssh -T mic1 killall -2 hotspot_check' after 0.132560588455s
[INFO -- 2017-02-25 01:05:42]
shell stdout: 
[INFO -- 2017-02-25 01:05:42]
shell stdout: 
[INFO -- 2017-02-25 01:05:43]
shell stdout: 
[INFO -- 2017-02-25 01:05:43]
sending 15 signals using command: 'ssh -T mic1 killall -2 hotspot_check' after 2.02924201114s
[INFO -- 2017-02-25 01:05:44]
sending 15 signals using command: 'ssh -T mic1 killall -2 hotspot_check' after 2.93679885869s
[INFO -- 2017-02-25 01:05:44]
shell stdout: 
[INFO -- 2017-02-25 01:05:44]
shell stdout: 
[INFO -- 2017-02-25 01:05:45]
shell stdout: 
[INFO -- 2017-02-25 01:05:45]
shell stdout: 
[INFO -- 2017-02-25 01:05:45]
shell stdout: 
[INFO -- 2017-02-25 01:05:45]
shell stdout: 
[INFO -- 2017-02-25 01:05:45]
shell stdout: 
[INFO -- 2017-02-25 01:05:46]
shell stdout: 
[INFO -- 2017-02-25 01:05:46]
shell stdout: 
[INFO -- 2017-02-25 01:05:46]
shell stdout: 
[INFO -- 2017-02-25 01:05:46]
shell stdout: 
[INFO -- 2017-02-25 01:05:46]
shell stdout: 
[INFO -- 2017-02-25 01:05:46]
shell stdout: 
[INFO -- 2017-02-25 01:05:46]
shell stdout: 
[INFO -- 2017-02-25 01:05:47]
shell stdout: 
[INFO -- 2017-02-25 01:05:47]
shell stdout: 
[INFO -- 2017-02-25 01:05:47]
shell stdout: 
[INFO -- 2017-02-25 01:05:47]
shell stdout: 
[INFO -- 2017-02-25 01:05:47]
shell stdout: 
[INFO -- 2017-02-25 01:05:47]
shell stdout: 
[INFO -- 2017-02-25 01:05:48]
shell stdout: 
[INFO -- 2017-02-25 01:05:48]
shell stdout: 
[INFO -- 2017-02-25 01:05:48]
shell stdout: 
[INFO -- 2017-02-25 01:05:48]
shell stdout: 
[INFO -- 2017-02-25 01:05:48]
shell stdout: 
[INFO -- 2017-02-25 01:05:48]
shell stdout: 
[INFO -- 2017-02-25 01:05:48]
shell stdout: 
[INFO -- 2017-02-25 01:05:48]
shell stdout: 
[INFO -- 2017-02-25 01:05:49]
shell stdout: 
[INFO -- 2017-02-25 01:05:49]
shell stdout: 
[INFO -- 2017-02-25 01:05:49]
shell stdout: 
[INFO -- 2017-02-25 01:05:49]
shell stdout: 
[INFO -- 2017-02-25 01:05:49]
shell stdout: 
[INFO -- 2017-02-25 01:05:49]
shell stdout: 
[INFO -- 2017-02-25 01:05:49]
shell stdout: 
[INFO -- 2017-02-25 01:05:50]
shell stdout: 
[INFO -- 2017-02-25 01:05:50]
shell stdout: 
[INFO -- 2017-02-25 01:05:50]
shell stdout: 
[INFO -- 2017-02-25 01:05:50]
shell stdout: 
[INFO -- 2017-02-25 01:05:51]
shell stdout: 
[INFO -- 2017-02-25 01:05:51]
shell stdout: 
[INFO -- 2017-02-25 01:05:51]
shell stdout: 
[INFO -- 2017-02-25 01:06:22]
no gdbExecName running, out:
[INFO -- 2017-02-25 01:06:22]
checCmd:ps -e | grep -i gdb-mic
[INFO -- 2017-02-25 01:06:22]
finished now-timestampStart < maxWaitTime*5
[INFO -- 2017-02-25 01:06:22]
now: 1488002781
[INFO -- 2017-02-25 01:06:22]
timestampStart: 1488002741
[INFO -- 2017-02-25 01:06:22]
kill cmd: killall -9 gdb-mic
[INFO -- 2017-02-25 01:06:22]
shell stdout: 
[INFO -- 2017-02-25 01:06:23]
kill cmd: ssh -T mic1 killall -9 hotspot_check
[INFO -- 2017-02-25 01:06:23]
shell stdout: 
[INFO -- 2017-02-25 01:06:23]
kill cmd: ssh -T mic1 killall -9 gdbserver
[INFO -- 2017-02-25 01:06:23]
shell stdout: 
[INFO -- 2017-02-25 01:06:23]
kill cmd: ssh -T mic1 killall -9 sshd
[INFO -- 2017-02-25 01:06:23]
shell stdout: 
