2016-10-23 09:33:36:Starting GDB script
2016-10-23 09:33:37:sending signal using command: 'ssh -T mic0 killall -2 lavamd' after 0.959676656477s
2016-10-23 09:33:37:shell stdout: 
2016-10-23 09:33:38:sending signal using command: 'ssh -T mic0 killall -2 lavamd' after 1.76160218105s
2016-10-23 09:33:38:shell stdout: 
2016-10-23 09:33:40:sending signal using command: 'ssh -T mic0 killall -2 lavamd' after 2.61653284938s
2016-10-23 09:33:40:shell stdout: 
2016-10-23 09:33:40:sending signal using command: 'ssh -T mic0 killall -2 lavamd' after 2.99081222858s
2016-10-23 09:33:40:shell stdout: 
2016-10-23 09:33:40:sending signal using command: 'ssh -T mic0 killall -2 lavamd' after 3.24422492071s
2016-10-23 09:33:40:shell stdout: 
2016-10-23 09:33:40:sending signal using command: 'ssh -T mic0 killall -2 lavamd' after 3.48067668667s
2016-10-23 09:33:40:shell stdout: 
2016-10-23 09:33:40:sending signal using command: 'ssh -T mic0 killall -2 lavamd' after 3.55560955025s
2016-10-23 09:33:40:shell stdout: 
2016-10-23 09:33:42:sending signal using command: 'ssh -T mic0 killall -2 lavamd' after 5.43198797611s
2016-10-23 09:33:42:shell stdout: 
2016-10-23 09:33:44:sending signal using command: 'ssh -T mic0 killall -2 lavamd' after 7.03441080751s
2016-10-23 09:33:44:shell stdout: 
2016-10-23 09:33:44:sending signal using command: 'ssh -T mic0 killall -2 lavamd' after 7.43780069668s
2016-10-23 09:33:44:shell stdout: 
2016-10-23 09:33:52:no gdbExecName running, out:
2016-10-23 09:33:52:checCmd:ps -e | grep -i gdb-mic
2016-10-23 09:33:52:finished now-timestampStart < maxWaitTime*5
2016-10-23 09:33:52:now: 1477229631
2016-10-23 09:33:52:timestampStart: 1477229616
2016-10-23 09:33:52:kill cmd: killall -9 gdb-mic
2016-10-23 09:33:52:shell stdout: 
2016-10-23 09:33:52:kill cmd: ssh -T mic0 killall -9 lavamd
2016-10-23 09:33:52:shell stdout: 
2016-10-23 09:33:53:kill cmd: ssh -T mic0 killall -9 gdbserver
2016-10-23 09:33:53:shell stdout: 
2016-10-23 09:33:53:kill cmd: ssh -T mic0 killall -9 sshd
2016-10-23 09:33:53:shell stdout: 
