#HEADER matrix_dim:2048 threads:228
#BEGIN Y:2017 M:01 D:26 Time:13:03:36
#IT Ite:0 KerTime:14.449251 AccTime:14.449251
#ERR  p: [1404, 1606], r: 8.1680494546890259e-01, e: 8.1680417060852051e-01
#ERR  p: [1414, 1606], r: 8.2534480094909668e-01, e: 8.2534331083297729e-01
#ERR  p: [1441, 1606], r: 8.4766781330108643e-01, e: 8.4767079353332520e-01
#ERR  p: [1449, 1606], r: 8.5471552610397339e-01, e: 8.5471850633621216e-01
#ERR  p: [1399, 1606], r: 8.1292665004730225e-01, e: 8.1297439336776733e-01
#ERR  p: [1424, 1606], r: 8.3374738693237305e-01, e: 8.3374887704849243e-01
#ERR  p: [1458, 1606], r: 8.6231088638305664e-01, e: 8.6231237649917603e-01
#ERR  p: [1467, 1606], r: 8.7001228332519531e-01, e: 8.7001752853393555e-01
#ERR  p: [1476, 1606], r: 8.7796401977539062e-01, e: 8.7796849012374878e-01
#ERR  p: [1485, 1606], r: 8.8584691286087036e-01, e: 8.8584470748901367e-01
#ERR  p: [1436, 1606], r: 8.4359431266784668e-01, e: 8.4359282255172729e-01
#ERR  p: [1521, 1606], r: 9.1808229684829712e-01, e: 9.1807484626770020e-01
#ERR  p: [1503, 1606], r: 9.0199810266494751e-01, e: 9.0199959278106689e-01
#ERR  p: [1557, 1606], r: 9.5224863290786743e-01, e: 9.5225012302398682e-01
#ERR  p: [1512, 1606], r: 9.1030800342559814e-01, e: 9.1030877828598022e-01
#ERR  p: [1494, 1606], r: 8.9391797780990601e-01, e: 8.9392095804214478e-01
#ERR  p: [1530, 1606], r: 9.2675435543060303e-01, e: 9.2675733566284180e-01
#ERR  p: [1539, 1606], r: 9.3517631292343140e-01, e: 9.3518227338790894e-01
#ERR  p: [1566, 1606], r: 9.6070688962936401e-01, e: 9.6069347858428955e-01
#ERR  p: [1548, 1606], r: 9.4358068704605103e-01, e: 9.4356727600097656e-01
#ERR  p: [1575, 1606], r: 9.6973705291748047e-01, e: 9.6972209215164185e-01
#ERR  p: [1593, 1606], r: 9.8700791597366333e-01, e: 9.8700720071792603e-01
#ERR  p: [1611, 1606], r: 1.9874729216098785e-02, e: 1.9874783232808113e-02
#ERR  p: [1584, 1606], r: 9.7804254293441772e-01, e: 9.7801566123962402e-01
#ERR  p: [1602, 1606], r: 9.9621719121932983e-01, e: 9.9621570110321045e-01
#ERR  p: [1638, 1606], r: 1.9351914525032043e-02, e: 1.9351847469806671e-02
#ERR  p: [1629, 1606], r: 1.9515998661518097e-02, e: 1.9515886902809143e-02
#ERR  p: [1647, 1606], r: 1.9171752035617828e-02, e: 1.9171513617038727e-02
#ERR  p: [1620, 1606], r: 1.9696108996868134e-02, e: 1.9695997238159180e-02
#ERR  p: [1656, 1606], r: 1.9004091620445251e-02, e: 1.9003808498382568e-02
#ERR  p: [1665, 1607], r: 1.8858611583709717e-02, e: 1.8858313560485840e-02
#ERR  p: [1674, 1606], r: 1.8663503229618073e-02, e: 1.8663778901100159e-02
#ERR  p: [1406, 1606], r: 8.1897753477096558e-01, e: 8.1897830963134766e-01
#ERR  p: [1710, 1606], r: 1.8002778291702271e-02, e: 1.8002904951572418e-02
#ERR  p: [1719, 1606], r: 1.7842940986156464e-02, e: 1.7842821776866913e-02
#ERR  p: [1683, 1606], r: 1.8492728471755981e-02, e: 1.8492490053176880e-02
#ERR  p: [1701, 1606], r: 1.8162883818149567e-02, e: 1.8162868916988373e-02
#ERR  p: [1692, 1606], r: 1.8327921628952026e-02, e: 1.8327862024307251e-02
#ERR  p: [1415, 1606], r: 8.2588762044906616e-01, e: 8.2588911056518555e-01
#ERR  p: [1400, 1606], r: 8.1387084722518921e-01, e: 8.1382310390472412e-01
#ERR  p: [1425, 1606], r: 8.3411437273025513e-01, e: 8.3411288261413574e-01
#ERR  p: [1437, 1606], r: 8.4442192316055298e-01, e: 8.4442341327667236e-01
#ERR  p: [1442, 1606], r: 8.4877777099609375e-01, e: 8.4877347946166992e-01
#ERR  p: [1459, 1606], r: 8.6320841312408447e-01, e: 8.6320972442626953e-01
#ERR  p: [1450, 1606], r: 8.5549175739288330e-01, e: 8.5549104213714600e-01
#ERR  p: [1468, 1606], r: 8.7088793516159058e-01, e: 8.7088197469711304e-01
#ERR  p: [1477, 1606], r: 8.7894201278686523e-01, e: 8.7893605232238770e-01
#ERR  p: [1486, 1606], r: 8.8718014955520630e-01, e: 8.8717794418334961e-01
#ERR  p: [1495, 1606], r: 8.9504277706146240e-01, e: 8.9503979682922363e-01
#ERR  p: [1513, 1606], r: 9.1127103567123413e-01, e: 9.1127848625183105e-01
#ERR  p: [1522, 1606], r: 9.1936856508255005e-01, e: 9.1937136650085449e-01
#ERR  p: [1585, 1606], r: 9.7927522659301758e-01, e: 9.7929757833480835e-01
#ERR  p: [1531, 1606], r: 9.2784732580184937e-01, e: 9.2785477638244629e-01
#ERR  p: [1540, 1606], r: 9.3612456321716309e-01, e: 9.3611973524093628e-01
#ERR  p: [1505, 1606], r: 9.0388572216033936e-01, e: 9.0387976169586182e-01
#ERR  p: [1409, 1606], r: 8.2133460044860840e-01, e: 8.2133311033248901e-01
#ERR  p: [1558, 1606], r: 9.5315670967102051e-01, e: 9.5314884185791016e-01
#ERR  p: [1549, 1606], r: 9.4452691078186035e-01, e: 9.4452840089797974e-01
#ERR  p: [1420, 1606], r: 8.3034276962280273e-01, e: 8.3034425973892212e-01
#ERR  p: [1567, 1606], r: 9.6191281080245972e-01, e: 9.6192771196365356e-01
#ERR  p: [1576, 1606], r: 9.7018975019454956e-01, e: 9.7018748521804810e-01
#ERR  p: [1611, 1607], r: 1.9902780652046204e-02, e: 1.9902400672435760e-02
#ERR  p: [1603, 1606], r: 9.9682217836380005e-01, e: 9.9681323766708374e-01
#ERR  p: [1594, 1606], r: 9.8843228816986084e-01, e: 9.8844271898269653e-01
#ERR  p: [1402, 1606], r: 8.1567996740341187e-01, e: 8.1568068265914917e-01
#ERR  p: [1620, 1607], r: 1.9727930426597595e-02, e: 1.9727721810340881e-02
#ERR  p: [1629, 1607], r: 1.9548520445823669e-02, e: 1.9548311829566956e-02
#ERR  p: [1638, 1607], r: 1.9373953342437744e-02, e: 1.9373700022697449e-02
#ERR  p: [1647, 1607], r: 1.9197747111320496e-02, e: 1.9197672605514526e-02
#ERR  p: [1656, 1607], r: 1.9028231501579285e-02, e: 1.9028201699256897e-02
#ERR  p: [1443, 1606], r: 8.4958750009536743e-01, e: 8.4959161281585693e-01
#ERR  p: [1665, 1610], r: 1.8915191292762756e-02, e: 1.8915161490440369e-02
#ERR  p: [1451, 1606], r: 8.5628020763397217e-01, e: 8.5628098249435425e-01
#ERR  p: [1674, 1607], r: 1.8685758113861084e-02, e: 1.8685176968574524e-02
#ERR  p: [1460, 1606], r: 8.6410510540008545e-01, e: 8.6410397291183472e-01
#ERR  p: [1487, 1606], r: 8.8779085874557495e-01, e: 8.8779383897781372e-01
#ERR  p: [1439, 1606], r: 8.4607446193695068e-01, e: 8.4607297182083130e-01
#ERR  p: [1469, 1606], r: 8.7207776308059692e-01, e: 8.7207704782485962e-01
#ERR  p: [1683, 1607], r: 1.8520593643188477e-02, e: 1.8520534038543701e-02
#ERR  p: [1692, 1607], r: 1.8354132771492004e-02, e: 1.8353894352912903e-02
#ERR  p: [1701, 1607], r: 1.8188670277595520e-02, e: 1.8188387155532837e-02
#ERR  p: [1421, 1606], r: 8.3101940155029297e-01, e: 8.3101791143417358e-01
#ERR  p: [1410, 1606], r: 8.2203668355941772e-01, e: 8.2203817367553711e-01
#ERR  p: [1710, 1607], r: 1.8023744225502014e-02, e: 1.8023326992988586e-02
#ERR  p: [1532, 1606], r: 9.2842608690261841e-01, e: 9.2843127250671387e-01
#ERR  p: [1611, 1609], r: 1.9938463345170021e-02, e: 1.9938467070460320e-02
#ERR  p: [1620, 1609], r: 1.9759148359298706e-02, e: 1.9759133458137512e-02
#ERR  p: [1719, 1607], r: 1.7863199114799500e-02, e: 1.7863027751445770e-02
#ERR  p: [1656, 1609], r: 1.9056484103202820e-02, e: 1.9056499004364014e-02
#ERR  p: [1604, 1606], r: 9.9820357561111450e-01, e: 9.9818420410156250e-01
#ERR  p: [1497, 1606], r: 8.9666420221328735e-01, e: 8.9666491746902466e-01
#ERR  p: [1541, 1606], r: 9.3678551912307739e-01, e: 9.3680751323699951e-01
#ERR  p: [1559, 1606], r: 9.5401477813720703e-01, e: 9.5402967929840088e-01
#ERR  p: [1523, 1606], r: 9.2072892189025879e-01, e: 9.2072588205337524e-01
#ERR  p: [1629, 1612], r: 1.9641518592834473e-02, e: 1.9641548395156860e-02
#ERR  p: [1550, 1606], r: 9.4548344612121582e-01, e: 9.4549536705017090e-01
#ERR  p: [1506, 1606], r: 9.0519082546234131e-01, e: 9.0520125627517700e-01
#ERR  p: [1403, 1606], r: 8.1617879867553711e-01, e: 8.1617802381515503e-01
#ERR  p: [1514, 1606], r: 9.1201525926589966e-01, e: 9.1201078891754150e-01
#ERR  p: [1479, 1606], r: 8.8087832927703857e-01, e: 8.8088095188140869e-01
#ERR  p: [1577, 1606], r: 9.7147095203399658e-01, e: 9.7148585319519043e-01
#ERR  p: [1638, 1610], r: 1.9433572888374329e-02, e: 1.9433602690696716e-02
#ERR  p: [1586, 1606], r: 9.8030960559844971e-01, e: 9.8027980327606201e-01
#ERR  p: [1568, 1606], r: 9.6248257160186768e-01, e: 9.6248853206634521e-01
#ERR  p: [1647, 1611], r: 1.9272878766059875e-02, e: 1.9272893667221069e-02
#ERR  p: [1595, 1606], r: 9.8924446105957031e-01, e: 9.8924744129180908e-01
#ERR  p: [1665, 1611], r: 1.8931940197944641e-02, e: 1.8931955099105835e-02
#ERR  p: [1444, 1606], r: 8.5039895772933960e-01, e: 8.5039782524108887e-01
#ERR  p: [1452, 1606], r: 8.5734033584594727e-01, e: 8.5734331607818604e-01
#ERR  p: [1461, 1606], r: 8.6488467454910278e-01, e: 8.6488580703735352e-01
#ERR  p: [1674, 1609], r: 1.8720448017120361e-02, e: 1.8720433115959167e-02
#ERR  p: [1470, 1606], r: 8.7269437313079834e-01, e: 8.7269657850265503e-01
#ERR  p: [1507, 1606], r: 9.0564686059951782e-01, e: 9.0564835071563721e-01
#ERR  p: [1524, 1606], r: 9.2099279165267944e-01, e: 9.2098271846771240e-01
#ERR  p: [1515, 1606], r: 9.1278249025344849e-01, e: 9.1278696060180664e-01
#ERR  p: [1498, 1606], r: 8.9781332015991211e-01, e: 8.9781999588012695e-01
#ERR  p: [1481, 1606], r: 8.8275939226150513e-01, e: 8.8275712728500366e-01
#ERR  p: [1587, 1606], r: 9.8095971345901489e-01, e: 9.8098653554916382e-01
#ERR  p: [1605, 1606], r: 9.9926245212554932e-01, e: 9.9928188323974609e-01
#ERR  p: [1647, 1612], r: 1.9293874502182007e-02, e: 1.9293844699859619e-02
#ERR  p: [1533, 1606], r: 9.2961293458938599e-01, e: 9.2960768938064575e-01
#ERR  p: [1638, 1611], r: 1.9445896148681641e-02, e: 1.9445866346359253e-02
#ERR  p: [1710, 1610], r: 1.8085286021232605e-02, e: 1.8085300922393799e-02
#ERR  p: [1542, 1606], r: 9.3802380561828613e-01, e: 9.3801373243331909e-01
#ERR  p: [1551, 1606], r: 9.4682168960571289e-01, e: 9.4683063030242920e-01
#ERR  p: [1446, 1606], r: 8.5199379920959473e-01, e: 8.5199344158172607e-01
#ERR  p: [1453, 1606], r: 8.5778415203094482e-01, e: 8.5777819156646729e-01
#ERR  p: [1611, 1610], r: 1.9960785284638405e-02, e: 1.9960789009928703e-02
#ERR  p: [1620, 1610], r: 1.9781216979026794e-02, e: 1.9781231880187988e-02
#ERR  p: [1560, 1606], r: 9.5493638515472412e-01, e: 9.5492893457412720e-01
#ERR  p: [1674, 1610], r: 1.8747881054878235e-02, e: 1.8747895956039429e-02
#ERR  p: [1489, 1606], r: 8.8936644792556763e-01, e: 8.8936346769332886e-01
#ERR  p: [1569, 1606], r: 9.6376097202301025e-01, e: 9.6375799179077148e-01
#ERR  p: [1629, 1613], r: 1.9669085741043091e-02, e: 1.9669026136398315e-02
#ERR  p: [1578, 1606], r: 9.7224777936935425e-01, e: 9.7223961353302002e-01
#ERR  p: [1596, 1606], r: 9.8981422185897827e-01, e: 9.8980897665023804e-01
#ERR  p: [1656, 1610], r: 1.9090726971626282e-02, e: 1.9090697169303894e-02
#ERR  p: [1692, 1609], r: 1.8387705087661743e-02, e: 1.8387690186500549e-02
#ERR  p: [1665, 1613], r: 1.8972501158714294e-02, e: 1.8972516059875488e-02
#ERR  p: [1462, 1606], r: 8.6569440364837646e-01, e: 8.6569476127624512e-01
#ERR  p: [1471, 1606], r: 8.7352418899536133e-01, e: 8.7352567911148071e-01
#ERR  p: [1508, 1606], r: 9.0664255619049072e-01, e: 9.0664440393447876e-01
#ERR  p: [1683, 1609], r: 1.8549799919128418e-02, e: 1.8549785017967224e-02
#ERR  p: [1701, 1609], r: 1.8223509192466736e-02, e: 1.8223494291305542e-02
#ERR  p: [1719, 1610], r: 1.7920762300491333e-02, e: 1.7920777201652527e-02
#ERR  p: [1454, 1606], r: 8.5926163196563721e-01, e: 8.5926687717437744e-01
#ERR  p: [1482, 1606], r: 8.8329017162322998e-01, e: 8.8329237699508667e-01
#ERR  p: [1499, 1606], r: 8.9839100837707520e-01, e: 8.9837759733200073e-01
#ERR  p: [1516, 1606], r: 9.1388666629791260e-01, e: 9.1388219594955444e-01
#ERR  p: [1447, 1606], r: 8.5302209854125977e-01, e: 8.5302430391311646e-01
#ERR  p: [1611, 1612], r: 9.9888277053833008e-01, e: 9.9888259172439575e-01
#ERR  p: [1606, 1606], r: 1.9977964460849762e-02, e: 1.9977636635303497e-02
#ERR  p: [1490, 1606], r: 8.9095133543014526e-01, e: 8.9095580577850342e-01
#ERR  p: [1525, 1606], r: 9.2224168777465820e-01, e: 9.2225211858749390e-01
#ERR  p: [1534, 1606], r: 9.3083560466766357e-01, e: 9.3081921339035034e-01
#ERR  p: [1620, 1617], r: 1.9918326288461685e-02, e: 1.9918264821171761e-02
#ERR  p: [1543, 1606], r: 9.3925666809082031e-01, e: 9.3925517797470093e-01
#ERR  p: [1552, 1606], r: 9.4738543033599854e-01, e: 9.4737946987152100e-01
#ERR  p: [1629, 1614], r: 1.9679129123687744e-02, e: 1.9679158926010132e-02
#ERR  p: [1561, 1606], r: 9.5588064193725586e-01, e: 9.5588809251785278e-01
#ERR  p: [1570, 1606], r: 9.6476119756698608e-01, e: 9.6475225687026978e-01
#ERR  p: [1579, 1606], r: 9.7318148612976074e-01, e: 9.7319716215133667e-01
#ERR  p: [1638, 1613], r: 1.9494548439979553e-02, e: 1.9494533538818359e-02
#ERR  p: [1647, 1613], r: 1.9317239522933960e-02, e: 1.9317254424095154e-02
#ERR  p: [1588, 1606], r: 9.8224484920501709e-01, e: 9.8223739862442017e-01
#ERR  p: [1597, 1606], r: 9.9107944965362549e-01, e: 9.9108695983886719e-01
#ERR  p: [1656, 1611], r: 1.9095689058303833e-02, e: 1.9095703959465027e-02
#ERR  p: [1665, 1614], r: 1.8982529640197754e-02, e: 1.8982499837875366e-02
#ERR  p: [1674, 1611], r: 1.8755286931991577e-02, e: 1.8755316734313965e-02
#ERR  p: [1692, 1610], r: 1.8411725759506226e-02, e: 1.8411740660667419e-02
#ERR  p: [1710, 1611], r: 1.8092066049575806e-02, e: 1.8092051148414612e-02
#ERR  p: [1463, 1606], r: 8.6696207523345947e-01, e: 8.6696130037307739e-01
#ERR  p: [1472, 1606], r: 8.7445187568664551e-01, e: 8.7444591522216797e-01
#ERR  p: [1509, 1606], r: 9.0785288810729980e-01, e: 9.0785098075866699e-01
#ERR  p: [1683, 1611], r: 1.8595308065414429e-02, e: 1.8595322966575623e-02
#ERR  p: [1719, 1611], r: 1.7931565642356873e-02, e: 1.7931550741195679e-02
#ERR  p: [1701, 1610], r: 1.8244832754135132e-02, e: 1.8244847655296326e-02
#ERR  p: [1448, 1606], r: 8.5381519794464111e-01, e: 8.5381072759628296e-01
#ERR  p: [1517, 1606], r: 9.1500741243362427e-01, e: 9.1501563787460327e-01
#ERR  p: [1491, 1606], r: 8.9127677679061890e-01, e: 8.9127695560455322e-01
#ERR  p: [1473, 1606], r: 8.7548583745956421e-01, e: 8.7548881769180298e-01
#ERR  p: [1464, 1606], r: 8.6767220497131348e-01, e: 8.6766993999481201e-01
#ERR  p: [1500, 1606], r: 8.9932256937026978e-01, e: 8.9932560920715332e-01
#ERR  p: [1611, 1613], r: 9.9811017513275146e-01, e: 9.9810945987701416e-01
#ERR  p: [1483, 1606], r: 8.8420820236206055e-01, e: 8.8420969247817993e-01
#ERR  p: [1589, 1606], r: 9.8327517509460449e-01, e: 9.8328226804733276e-01
#ERR  p: [1674, 1612], r: 1.8776699900627136e-02, e: 1.8776670098304749e-02
#ERR  p: [1544, 1606], r: 9.3984866142272949e-01, e: 9.3984639644622803e-01
#ERR  p: [1455, 1606], r: 8.5980933904647827e-01, e: 8.5980635881423950e-01
#ERR  p: [1535, 1606], r: 9.3132418394088745e-01, e: 9.3133014440536499e-01
#ERR  p: [1606, 1607], r: 9.9890214204788208e-01, e: 9.9891853332519531e-01
#ERR  p: [1562, 1606], r: 9.5687466859817505e-01, e: 9.5686870813369751e-01
#ERR  p: [1665, 1615], r: 1.9010096788406372e-02, e: 1.9010156393051147e-02
#ERR  p: [1647, 1615], r: 1.9356071949005127e-02, e: 1.9356101751327515e-02
#ERR  p: [1527, 1606], r: 9.2417192459106445e-01, e: 9.2416894435882568e-01
#ERR  p: [1598, 1606], r: 9.9190133810043335e-01, e: 9.9189388751983643e-01
#ERR  p: [1580, 1606], r: 9.7420340776443481e-01, e: 9.7419595718383789e-01
#ERR  p: [1571, 1606], r: 9.6546649932861328e-01, e: 9.6546947956085205e-01
#ERR  p: [1656, 1612], r: 1.9122555851936340e-02, e: 1.9122540950775146e-02
#ERR  p: [1629, 1615], r: 1.9701868295669556e-02, e: 1.9701898097991943e-02
#ERR  p: [1620, 1618], r: 1.9937045872211456e-02, e: 1.9937105476856232e-02
#ERR  p: [1553, 1606], r: 9.4799387454986572e-01, e: 9.4799536466598511e-01
#ERR  p: [1638, 1614], r: 1.9504487514495850e-02, e: 1.9504517316818237e-02
#ERR  p: [1692, 1612], r: 1.8447935581207275e-02, e: 1.8447950482368469e-02
#ERR  p: [1710, 1612], r: 1.8115341663360596e-02, e: 1.8115356564521790e-02
#ERR  p: [1510, 1606], r: 9.0864652395248413e-01, e: 9.0864354372024536e-01
#ERR  p: [1683, 1615], r: 1.8669217824935913e-02, e: 1.8669247627258301e-02
#ERR  p: [1701, 1612], r: 1.8278181552886963e-02, e: 1.8278196454048157e-02
#ERR  p: [1719, 1612], r: 1.7956212162971497e-02, e: 1.7956241965293884e-02
#ERR  p: [1638, 1615], r: 1.9525945186614990e-02, e: 1.9525915384292603e-02
#ERR  p: [1492, 1606], r: 8.9227610826492310e-01, e: 8.9226973056793213e-01
#ERR  p: [1511, 1606], r: 9.0918099880218506e-01, e: 9.0917724370956421e-01
#ERR  p: [1518, 1606], r: 9.1575103998184204e-01, e: 9.1574805974960327e-01
#ERR  p: [1465, 1606], r: 8.6833697557449341e-01, e: 8.6834073066711426e-01
#ERR  p: [1536, 1606], r: 9.3233472108840942e-01, e: 9.3234670162200928e-01
#ERR  p: [1501, 1606], r: 9.0046113729476929e-01, e: 9.0046709775924683e-01
#ERR  p: [1484, 1606], r: 8.8498568534851074e-01, e: 8.8498491048812866e-01
#ERR  p: [1606, 1608], r: 9.9786436557769775e-01, e: 9.9788069725036621e-01
#ERR  p: [1528, 1606], r: 9.2461156845092773e-01, e: 9.2461752891540527e-01
#ERR  p: [1611, 1614], r: 9.9651557207107544e-01, e: 9.9651598930358887e-01
#ERR  p: [1545, 1606], r: 9.4089829921722412e-01, e: 9.4089680910110474e-01
#ERR  p: [1620, 1619], r: 1.9960349425673485e-02, e: 1.9960317760705948e-02
#ERR  p: [1554, 1606], r: 9.4948768615722656e-01, e: 9.4948917627334595e-01
#ERR  p: [1629, 1617], r: 1.9741056486964226e-02, e: 1.9740967079997063e-02
#ERR  p: [1457, 1606], r: 8.6167305707931519e-01, e: 8.6167156696319580e-01
#ERR  p: [1563, 1606], r: 9.5802706480026245e-01, e: 9.5802855491638184e-01
#ERR  p: [1647, 1616], r: 1.9368708133697510e-02, e: 1.9368648529052734e-02
#ERR  p: [1572, 1606], r: 9.6650975942611694e-01, e: 9.6650826930999756e-01
#ERR  p: [1590, 1606], r: 9.8400270938873291e-01, e: 9.8399972915649414e-01
#ERR  p: [1581, 1606], r: 9.7526979446411133e-01, e: 9.7526532411575317e-01
#ERR  p: [1665, 1616], r: 1.9019186496734619e-02, e: 1.9019126892089844e-02
#ERR  p: [1656, 1613], r: 1.9142165780067444e-02, e: 1.9142180681228638e-02
#ERR  p: [1599, 1606], r: 9.9353617429733276e-01, e: 9.9353915452957153e-01
#ERR  p: [1683, 1616], r: 1.8680125474929810e-02, e: 1.8680095672607422e-02
#ERR  p: [1674, 1613], r: 1.8804997205734253e-02, e: 1.8804982304573059e-02
#ERR  p: [1692, 1615], r: 1.8503487110137939e-02, e: 1.8503516912460327e-02
#ERR  p: [1710, 1613], r: 1.8138751387596130e-02, e: 1.8138736486434937e-02
#ERR  p: [1493, 1606], r: 8.9317011833190918e-01, e: 8.9317494630813599e-01
#ERR  p: [1638, 1617], r: 1.9558181986212730e-02, e: 1.9558124244213104e-02
#ERR  p: [1701, 1613], r: 1.8303155899047852e-02, e: 1.8303170800209045e-02
#ERR  p: [1719, 1613], r: 1.7972901463508606e-02, e: 1.7972886562347412e-02
#ERR  p: [1519, 1606], r: 9.1643756628036499e-01, e: 9.1644054651260376e-01
#ERR  p: [1502, 1606], r: 9.0091556310653687e-01, e: 9.0090733766555786e-01
#ERR  p: [1466, 1606], r: 8.6946964263916016e-01, e: 8.6946737766265869e-01
#ERR  p: [1611, 1615], r: 9.9570530652999878e-01, e: 9.9570512771606445e-01
#ERR  p: [1665, 1617], r: 1.9044341519474983e-02, e: 1.9044285640120506e-02
#ERR  p: [1620, 1620], r: 1.9979761913418770e-02, e: 1.9979789853096008e-02
#ERR  p: [1537, 1606], r: 9.3363076448440552e-01, e: 9.3363064527511597e-01
#ERR  p: [1683, 1617], r: 1.8700359389185905e-02, e: 1.8700303509831429e-02
#ERR  p: [1606, 1609], r: 9.9711185693740845e-01, e: 9.9712818861007690e-01
#ERR  p: [1710, 1615], r: 1.8170267343521118e-02, e: 1.8170297145843506e-02
#ERR  p: [1692, 1616], r: 1.8514901399612427e-02, e: 1.8514871597290039e-02
#ERR  p: [1529, 1606], r: 9.2606770992279053e-01, e: 9.2605876922607422e-01
#ERR  p: [1546, 1606], r: 9.4176656007766724e-01, e: 9.4176131486892700e-01
#ERR  p: [1629, 1618], r: 1.9761089235544205e-02, e: 1.9761117175221443e-02
#ERR  p: [1564, 1606], r: 9.5871353149414062e-01, e: 9.5872843265533447e-01
#ERR  p: [1555, 1606], r: 9.5031017065048218e-01, e: 9.5030272006988525e-01
#ERR  p: [1573, 1606], r: 9.6741664409637451e-01, e: 9.6741217374801636e-01
#ERR  p: [1647, 1618], r: 1.9409462809562683e-02, e: 1.9409455358982086e-02
#ERR  p: [1582, 1606], r: 9.7643250226974487e-01, e: 9.7643548250198364e-01
#ERR  p: [1656, 1615], r: 1.9178241491317749e-02, e: 1.9178271293640137e-02
#ERR  p: [1591, 1606], r: 9.8551100492477417e-01, e: 9.8550277948379517e-01
#ERR  p: [1600, 1606], r: 9.9424135684967041e-01, e: 9.9425035715103149e-01
#ERR  p: [1638, 1618], r: 1.9585840404033661e-02, e: 1.9585892558097839e-02
#ERR  p: [1674, 1615], r: 1.8833369016647339e-02, e: 1.8833398818969727e-02
#ERR  p: [1520, 1606], r: 9.1762167215347290e-01, e: 9.1762018203735352e-01
#ERR  p: [1701, 1614], r: 1.8309175968170166e-02, e: 1.8309146165847778e-02
#ERR  p: [1719, 1614], r: 1.7988607287406921e-02, e: 1.7988577485084534e-02
#ERR  p: [1538, 1606], r: 9.3421262502670288e-01, e: 9.3420386314392090e-01
#ERR  p: [1556, 1606], r: 9.5110815763473511e-01, e: 9.5110851526260376e-01
#ERR  p: [1629, 1619], r: 1.9781317561864853e-02, e: 1.9781341776251793e-02
#ERR  p: [1692, 1617], r: 1.8531439825892448e-02, e: 1.8531385809183121e-02
#ERR  p: [1674, 1616], r: 1.8858343362808228e-02, e: 1.8858373165130615e-02
#ERR  p: [1565, 1606], r: 9.5995569229125977e-01, e: 9.5993781089782715e-01
#ERR  p: [1592, 1606], r: 9.8578524589538574e-01, e: 9.8578971624374390e-01
#ERR  p: [1710, 1616], r: 1.8186211585998535e-02, e: 1.8186122179031372e-02
#ERR  p: [1611, 1618], r: 9.9269568920135498e-01, e: 9.9269789457321167e-01
#ERR  p: [1547, 1606], r: 9.4240564107894897e-01, e: 9.4240933656692505e-01
#ERR  p: [1606, 1610], r: 9.9585282802581787e-01, e: 9.9586910009384155e-01
#ERR  p: [1620, 1621], r: 9.9901032447814941e-01, e: 9.9901020526885986e-01
#ERR  p: [1701, 1615], r: 1.8341302871704102e-02, e: 1.8341332674026489e-02
#ERR  p: [1638, 1619], r: 1.9597478210926056e-02, e: 1.9597508013248444e-02
#ERR  p: [1574, 1606], r: 9.6831345558166504e-01, e: 9.6832650899887085e-01
#ERR  p: [1583, 1606], r: 9.7708475589752197e-01, e: 9.7709369659423828e-01
#ERR  p: [1665, 1618], r: 1.9059106707572937e-02, e: 1.9059132784605026e-02
#ERR  p: [1683, 1618], r: 1.8721014261245728e-02, e: 1.8721006810665131e-02
#ERR  p: [1647, 1619], r: 1.9424140453338623e-02, e: 1.9424200057983398e-02
#ERR  p: [1656, 1616], r: 1.9195616245269775e-02, e: 1.9195556640625000e-02
#ERR  p: [1719, 1615], r: 1.8003642559051514e-02, e: 1.8003672361373901e-02
#ERR  p: [1606, 1611], r: 9.9489217996597290e-01, e: 9.9490851163864136e-01
#ERR  p: [1611, 1619], r: 9.9179863929748535e-01, e: 9.9179792404174805e-01
#ERR  p: [1620, 1622], r: 9.9794715642929077e-01, e: 9.9794983863830566e-01
#ERR  p: [1638, 1620], r: 1.9622869789600372e-02, e: 1.9622832536697388e-02
#ERR  p: [1629, 1620], r: 1.9794147461652756e-02, e: 1.9794175401329994e-02
#ERR  p: [1647, 1620], r: 1.9448146224021912e-02, e: 1.9448056817054749e-02
#ERR  p: [1656, 1617], r: 1.9212463870644569e-02, e: 1.9212465733289719e-02
#ERR  p: [1665, 1619], r: 1.9079506397247314e-02, e: 1.9079528748989105e-02
#ERR  p: [1674, 1617], r: 1.8869644030928612e-02, e: 1.8869558349251747e-02
#ERR  p: [1683, 1619], r: 1.8742028623819351e-02, e: 1.8742084503173828e-02
#ERR  p: [1692, 1618], r: 1.8558964133262634e-02, e: 1.8559016287326813e-02
#ERR  p: [1710, 1617], r: 1.8200697377324104e-02, e: 1.8200704827904701e-02
#ERR  p: [1701, 1616], r: 1.8348902463912964e-02, e: 1.8348842859268188e-02
#ERR  p: [1719, 1616], r: 1.8026798963546753e-02, e: 1.8026739358901978e-02
#ERR  p: [1606, 1612], r: 9.9373048543930054e-01, e: 9.9374675750732422e-01
#ERR  p: [1611, 1620], r: 9.9086064100265503e-01, e: 9.9085992574691772e-01
#ERR  p: [1620, 1623], r: 9.9707990884780884e-01, e: 9.9707937240600586e-01
#ERR  p: [1638, 1621], r: 1.9644945859909058e-02, e: 1.9644975662231445e-02
#ERR  p: [1629, 1621], r: 1.9822372123599052e-02, e: 1.9822375848889351e-02
#ERR  p: [1647, 1621], r: 1.9463881850242615e-02, e: 1.9463948905467987e-02
#ERR  p: [1656, 1618], r: 1.9236013293266296e-02, e: 1.9236009567975998e-02
#ERR  p: [1665, 1620], r: 1.9101813435554504e-02, e: 1.9101783633232117e-02
#ERR  p: [1674, 1618], r: 1.8888235092163086e-02, e: 1.8888231366872787e-02
#ERR  p: [1683, 1620], r: 1.8754258751869202e-02, e: 1.8754228949546814e-02
#ERR  p: [1692, 1619], r: 1.8568471074104309e-02, e: 1.8568411469459534e-02
#ERR  p: [1701, 1617], r: 1.8366960808634758e-02, e: 1.8366968259215355e-02
#ERR  p: [1710, 1618], r: 1.8224678933620453e-02, e: 1.8224697560071945e-02
#ERR  p: [1719, 1617], r: 1.8039681017398834e-02, e: 1.8039688467979431e-02
#ERR  p: [1606, 1613], r: 9.9277502298355103e-01, e: 9.9279129505157471e-01
#ERR  p: [1611, 1622], r: 9.8886531591415405e-01, e: 9.8886382579803467e-01
#ERR  p: [1620, 1624], r: 9.9601346254348755e-01, e: 9.9601614475250244e-01
#ERR  p: [1647, 1624], r: 1.9520536065101624e-02, e: 1.9520580768585205e-02
#ERR  p: [1656, 1619], r: 1.9246608018875122e-02, e: 1.9246630370616913e-02
#ERR  p: [1629, 1622], r: 1.9837183877825737e-02, e: 1.9837114959955215e-02
#ERR  p: [1638, 1622], r: 1.9659578800201416e-02, e: 1.9659519195556641e-02
#ERR  p: [1611, 1623], r: 9.8785203695297241e-01, e: 9.8785126209259033e-01
#ERR  p: [1665, 1621], r: 1.9116789102554321e-02, e: 1.9116915762424469e-02
#ERR  p: [1606, 1614], r: 9.9193328619003296e-01, e: 9.9194955825805664e-01
#ERR  p: [1674, 1619], r: 1.8904961645603180e-02, e: 1.8905073404312134e-02
#ERR  p: [1683, 1621], r: 1.8782861530780792e-02, e: 1.8782883882522583e-02
#ERR  p: [1692, 1620], r: 1.8593482673168182e-02, e: 1.8593512475490570e-02
#ERR  p: [1701, 1618], r: 1.8387854099273682e-02, e: 1.8387876451015472e-02
#ERR  p: [1710, 1620], r: 1.8255710601806641e-02, e: 1.8255740404129028e-02
#ERR  p: [1719, 1618], r: 1.8057812005281448e-02, e: 1.8057834357023239e-02
#ERR  p: [1620, 1625], r: 9.9465256929397583e-01, e: 9.9465382099151611e-01
#ERR  p: [1606, 1615], r: 9.9081885814666748e-01, e: 9.9083507061004639e-01
#ERR  p: [1611, 1624], r: 9.8704004287719727e-01, e: 9.8704075813293457e-01
#ERR  p: [1629, 1623], r: 1.9867435097694397e-02, e: 1.9867455586791039e-02
#ERR  p: [1638, 1623], r: 1.9687622785568237e-02, e: 1.9687682390213013e-02
#ERR  p: [1647, 1625], r: 1.9556820392608643e-02, e: 1.9556805491447449e-02
#ERR  p: [1656, 1620], r: 1.9276551902294159e-02, e: 1.9276529550552368e-02
#ERR  p: [1665, 1622], r: 1.9137047231197357e-02, e: 1.9137009978294373e-02
#ERR  p: [1620, 1626], r: 9.9402326345443726e-01, e: 9.9402749538421631e-01
#ERR  p: [1728, 1606], r: 1.7677068710327148e-02, e: 1.7677091062068939e-02
#ERR  p: [1674, 1620], r: 1.8930204212665558e-02, e: 1.8930122256278992e-02
#ERR  p: [1737, 1606], r: 1.7522104084491730e-02, e: 1.7521888017654419e-02
#ERR  p: [1683, 1622], r: 1.8794149160385132e-02, e: 1.8794231116771698e-02
#ERR  p: [1611, 1626], r: 9.8505812883377075e-01, e: 9.8505663871765137e-01
#ERR  p: [1629, 1624], r: 1.9880495965480804e-02, e: 1.9880568608641624e-02
#ERR  p: [1606, 1616], r: 9.8988848924636841e-01, e: 9.8990470170974731e-01
#ERR  p: [1854, 1606], r: 1.5586070716381073e-02, e: 1.5585973858833313e-02
#ERR  p: [1638, 1624], r: 1.9701391458511353e-02, e: 1.9701510667800903e-02
#ERR  p: [1647, 1626], r: 1.9557654857635498e-02, e: 1.9557669758796692e-02
#ERR  p: [1656, 1621], r: 1.9293785095214844e-02, e: 1.9293874502182007e-02
#ERR  p: [1692, 1621], r: 1.8606387078762054e-02, e: 1.8606416881084442e-02
#ERR  p: [1620, 1627], r: 9.9307823181152344e-01, e: 9.9307793378829956e-01
#ERR  p: [1701, 1619], r: 1.8408369272947311e-02, e: 1.8408387899398804e-02
#ERR  p: [1710, 1621], r: 1.8277153372764587e-02, e: 1.8277175724506378e-02
#ERR  p: [1719, 1619], r: 1.8076151609420776e-02, e: 1.8076181411743164e-02
#ERR  p: [1746, 1606], r: 1.7368920147418976e-02, e: 1.7368942499160767e-02
#ERR  p: [1755, 1606], r: 1.7211973667144775e-02, e: 1.7211779952049255e-02
#ERR  p: [1764, 1606], r: 1.7054677009582520e-02, e: 1.7054848372936249e-02
#ERR  p: [1773, 1606], r: 1.6908064484596252e-02, e: 1.6907975077629089e-02
#ERR  p: [1800, 1606], r: 1.6451582312583923e-02, e: 1.6451597213745117e-02
#ERR  p: [1791, 1606], r: 1.6596697270870209e-02, e: 1.6596458852291107e-02
#ERR  p: [1782, 1606], r: 1.6754075884819031e-02, e: 1.6753979027271271e-02
#ERR  p: [1809, 1606], r: 1.6304284334182739e-02, e: 1.6304239630699158e-02
#ERR  p: [1818, 1606], r: 1.6160234808921814e-02, e: 1.6160145401954651e-02
#ERR  p: [1827, 1606], r: 1.6018383204936981e-02, e: 1.6017995774745941e-02
#ERR  p: [1836, 1606], r: 1.5872925519943237e-02, e: 1.5872746706008911e-02
#ERR  p: [1845, 1606], r: 1.5729203820228577e-02, e: 1.5729352831840515e-02
#ERR  p: [1863, 1606], r: 1.5447795391082764e-02, e: 1.5447810292243958e-02
#ERR  p: [1917, 1606], r: 1.4635592699050903e-02, e: 1.4635361731052399e-02
#ERR  p: [1872, 1606], r: 1.5312381088733673e-02, e: 1.5312299132347107e-02
#ERR  p: [1944, 1606], r: 1.4243848621845245e-02, e: 1.4243856072425842e-02
#ERR  p: [1881, 1606], r: 1.5169471502304077e-02, e: 1.5169143676757812e-02
#ERR  p: [1890, 1606], r: 1.5036746859550476e-02, e: 1.5036724507808685e-02
#ERR  p: [1899, 1607], r: 1.4921166002750397e-02, e: 1.4920920133590698e-02
#ERR  p: [1908, 1606], r: 1.4768779277801514e-02, e: 1.4768682420253754e-02
#ERR  p: [1926, 1606], r: 1.4503218233585358e-02, e: 1.4502935111522675e-02
#ERR  p: [1935, 1606], r: 1.4373779296875000e-02, e: 1.4373481273651123e-02
#ERR  p: [1953, 1606], r: 1.4118626713752747e-02, e: 1.4118656516075134e-02
#ERR  p: [2040, 1606], r: 1.2943893671035767e-02, e: 1.2943983078002930e-02
#ERR  p: [1962, 1606], r: 1.3992227613925934e-02, e: 1.3992436230182648e-02
#ERR  p: [1971, 1606], r: 1.3867445290088654e-02, e: 1.3867147266864777e-02
#ERR  p: [1980, 1606], r: 1.3741657137870789e-02, e: 1.3741485774517059e-02
#ERR  p: [1989, 1606], r: 1.3619206845760345e-02, e: 1.3619214296340942e-02
#ERR  p: [1998, 1606], r: 1.3496443629264832e-02, e: 1.3496458530426025e-02
#ERR  p: [2007, 1606], r: 1.3379663228988647e-02, e: 1.3379424810409546e-02
#ERR  p: [2016, 1606], r: 1.3255245983600616e-02, e: 1.3255283236503601e-02
#ERR  p: [2024, 1606], r: 1.3150364160537720e-02, e: 1.3150356709957123e-02
#ERR  p: [2032, 1606], r: 1.3046011328697205e-02, e: 1.3045929372310638e-02
#ERR  p: [1683, 1623], r: 1.8820986151695251e-02, e: 1.8820852041244507e-02
#ERR  p: [1665, 1623], r: 1.9162625074386597e-02, e: 1.9162580370903015e-02
#ERR  p: [1674, 1621], r: 1.8944293260574341e-02, e: 1.8944345414638519e-02
#ERR  p: [1611, 1629], r: 9.8209345340728760e-01, e: 9.8209124803543091e-01
#ERR  p: [1692, 1622], r: 1.8628872931003571e-02, e: 1.8628828227519989e-02
#ERR  p: [1606, 1617], r: 9.8906201124191284e-01, e: 9.8907822370529175e-01
#ERR  p: [1620, 1628], r: 9.9171578884124756e-01, e: 9.9171864986419678e-01
#ERR  p: [1629, 1625], r: 1.9905930384993553e-02, e: 1.9905924797058105e-02
#ERR  p: [1647, 1627], r: 1.9580319523811340e-02, e: 1.9580438733100891e-02
#ERR  p: [1638, 1625], r: 1.9727051258087158e-02, e: 1.9726946949958801e-02
#ERR  p: [1728, 1607], r: 1.7706297338008881e-02, e: 1.7705984413623810e-02
#ERR  p: [1656, 1622], r: 1.9312977790832520e-02, e: 1.9312918186187744e-02
#ERR  p: [1737, 1607], r: 1.7545752227306366e-02, e: 1.7545677721500397e-02
#ERR  p: [1611, 1630], r: 9.8114877939224243e-01, e: 9.8114949464797974e-01
#ERR  p: [1665, 1624], r: 1.9178226590156555e-02, e: 1.9178271293640137e-02
#ERR  p: [1854, 1607], r: 1.5610121190547943e-02, e: 1.5609957277774811e-02
#ERR  p: [1674, 1622], r: 1.8968462944030762e-02, e: 1.8968433141708374e-02
#ERR  p: [1683, 1624], r: 1.8836215138435364e-02, e: 1.8836334347724915e-02
#ERR  p: [1701, 1620], r: 1.8420010805130005e-02, e: 1.8419966101646423e-02
#ERR  p: [1710, 1622], r: 1.8297813832759857e-02, e: 1.8297784030437469e-02
#ERR  p: [1719, 1621], r: 1.8114775419235229e-02, e: 1.8114767968654633e-02
#ERR  p: [1746, 1607], r: 1.7387419939041138e-02, e: 1.7387114465236664e-02
#ERR  p: [1755, 1607], r: 1.7235830426216125e-02, e: 1.7235741019248962e-02
#ERR  p: [1606, 1618], r: 9.8791712522506714e-01, e: 9.8793327808380127e-01
#ERR  p: [1620, 1629], r: 9.9080723524093628e-01, e: 9.9080997705459595e-01
#ERR  p: [1629, 1626], r: 1.9914047792553902e-02, e: 1.9914086908102036e-02
#ERR  p: [1647, 1628], r: 1.9608601927757263e-02, e: 1.9608482718467712e-02
#ERR  p: [1692, 1623], r: 1.8651038408279419e-02, e: 1.8651068210601807e-02
#ERR  p: [1638, 1626], r: 1.9736722111701965e-02, e: 1.9736826419830322e-02
#ERR  p: [1764, 1607], r: 1.7080284655094147e-02, e: 1.7079830169677734e-02
#ERR  p: [1773, 1607], r: 1.6924500465393066e-02, e: 1.6924306750297546e-02
#ERR  p: [1656, 1623], r: 1.9329354166984558e-02, e: 1.9329369068145752e-02
#ERR  p: [1782, 1607], r: 1.6774915158748627e-02, e: 1.6774736344814301e-02
#ERR  p: [1809, 1607], r: 1.6328275203704834e-02, e: 1.6328051686286926e-02
#ERR  p: [1827, 1607], r: 1.6031637787818909e-02, e: 1.6031764447689056e-02
#ERR  p: [1836, 1607], r: 1.5892215073108673e-02, e: 1.5892133116722107e-02
#ERR  p: [1845, 1607], r: 1.5746511518955231e-02, e: 1.5746101737022400e-02
#ERR  p: [1863, 1607], r: 1.5470549464225769e-02, e: 1.5470281243324280e-02
#ERR  p: [1872, 1607], r: 1.5330627560615540e-02, e: 1.5330463647842407e-02
#ERR  p: [1881, 1607], r: 1.5195846557617188e-02, e: 1.5195928514003754e-02
#ERR  p: [1611, 1631], r: 9.8008173704147339e-01, e: 9.8008024692535400e-01
#ERR  p: [1917, 1607], r: 1.4652788639068604e-02, e: 1.4652773737907410e-02
#ERR  p: [1926, 1607], r: 1.4525137841701508e-02, e: 1.4525182545185089e-02
#ERR  p: [1944, 1607], r: 1.4265909790992737e-02, e: 1.4265671372413635e-02
#ERR  p: [1791, 1607], r: 1.6627177596092224e-02, e: 1.6627140343189240e-02
#ERR  p: [1665, 1626], r: 1.9209340214729309e-02, e: 1.9209399819374084e-02
#ERR  p: [1971, 1607], r: 1.3885214924812317e-02, e: 1.3885289430618286e-02
#ERR  p: [1800, 1607], r: 1.6478262841701508e-02, e: 1.6477979719638824e-02
#ERR  p: [2032, 1607], r: 1.3065740466117859e-02, e: 1.3065613806247711e-02
#ERR  p: [1998, 1607], r: 1.3515025377273560e-02, e: 1.3514786958694458e-02
#ERR  p: [2024, 1607], r: 1.3168349862098694e-02, e: 1.3168141245841980e-02
#ERR  p: [1818, 1607], r: 1.6182281076908112e-02, e: 1.6182109713554382e-02
#ERR  p: [1890, 1607], r: 1.5055440366268158e-02, e: 1.5055216848850250e-02
#ERR  p: [1899, 1608], r: 1.4930404722690582e-02, e: 1.4930412173271179e-02
#ERR  p: [1908, 1607], r: 1.4788240194320679e-02, e: 1.4788098633289337e-02
#ERR  p: [1935, 1607], r: 1.4394424855709076e-02, e: 1.4394484460353851e-02
#ERR  p: [1674, 1623], r: 1.8992274999618530e-02, e: 1.8992289900779724e-02
#ERR  p: [1683, 1625], r: 1.8859863281250000e-02, e: 1.8859833478927612e-02
#ERR  p: [1953, 1607], r: 1.4139018952846527e-02, e: 1.4138758182525635e-02
#ERR  p: [1962, 1607], r: 1.4012709259986877e-02, e: 1.4012269675731659e-02
#ERR  p: [1989, 1607], r: 1.3637557625770569e-02, e: 1.3637326657772064e-02
#ERR  p: [1980, 1607], r: 1.3762861490249634e-02, e: 1.3762809336185455e-02
#ERR  p: [2016, 1607], r: 1.3277374207973480e-02, e: 1.3277120888233185e-02
#ERR  p: [2007, 1607], r: 1.3393402099609375e-02, e: 1.3393424451351166e-02
#ERR  p: [2040, 1607], r: 1.2959294021129608e-02, e: 1.2958995997905731e-02
#ERR  p: [1701, 1621], r: 1.8440462648868561e-02, e: 1.8440507352352142e-02
#ERR  p: [1710, 1623], r: 1.8319949507713318e-02, e: 1.8319934606552124e-02
#ERR  p: [1719, 1622], r: 1.8133103847503662e-02, e: 1.8133088946342468e-02
#ERR  p: [1728, 1609], r: 1.7737463116645813e-02, e: 1.7737478017807007e-02
#ERR  p: [1737, 1609], r: 1.7578437924385071e-02, e: 1.7578452825546265e-02
#ERR  p: [1746, 1608], r: 1.7398729920387268e-02, e: 1.7398715019226074e-02
#ERR  p: [1755, 1612], r: 1.7319455742835999e-02, e: 1.7319470643997192e-02
#ERR  p: [1606, 1619], r: 9.8689675331115723e-01, e: 9.8691290616989136e-01
#ERR  p: [1854, 1611], r: 1.5667036175727844e-02, e: 1.5667051076889038e-02
#ERR  p: [1620, 1630], r: 9.8999226093292236e-01, e: 9.8999339342117310e-01
#ERR  p: [1647, 1629], r: 1.9626319408416748e-02, e: 1.9626379013061523e-02
#ERR  p: [1629, 1627], r: 1.9935786724090576e-02, e: 1.9935812801122665e-02
#ERR  p: [1638, 1627], r: 1.9757881760597229e-02, e: 1.9757851958274841e-02
#ERR  p: [1692, 1624], r: 1.8670439720153809e-02, e: 1.8670469522476196e-02
#ERR  p: [1764, 1608], r: 1.7088651657104492e-02, e: 1.7088666558265686e-02
#ERR  p: [1773, 1608], r: 1.6937702894210815e-02, e: 1.6937732696533203e-02
#ERR  p: [1606, 1620], r: 9.8604828119277954e-01, e: 9.8606443405151367e-01
#ERR  p: [1656, 1624], r: 1.9356757402420044e-02, e: 1.9356831908226013e-02
#ERR  p: [1683, 1626], r: 1.8865957856178284e-02, e: 1.8866047263145447e-02
#ERR  p: [1611, 1636], r: 9.7498905658721924e-01, e: 9.7498983144760132e-01
#ERR  p: [1674, 1624], r: 1.9007071852684021e-02, e: 1.9007086753845215e-02
#ERR  p: [1710, 1624], r: 1.8331021070480347e-02, e: 1.8331080675125122e-02
#ERR  p: [1719, 1623], r: 1.8156066536903381e-02, e: 1.8156036734580994e-02
#ERR  p: [1665, 1627], r: 1.9236013293266296e-02, e: 1.9236057996749878e-02
#ERR  p: [1701, 1622], r: 1.8464379012584686e-02, e: 1.8464356660842896e-02
#ERR  p: [1728, 1610], r: 1.7760097980499268e-02, e: 1.7760083079338074e-02
#ERR  p: [1737, 1611], r: 1.7611876130104065e-02, e: 1.7611861228942871e-02
#ERR  p: [1746, 1609], r: 1.7421752214431763e-02, e: 1.7421767115592957e-02
#ERR  p: [1755, 1614], r: 1.7348438501358032e-02, e: 1.7348453402519226e-02
#ERR  p: [1782, 1610], r: 1.6830593347549438e-02, e: 1.6830578446388245e-02
#ERR  p: [1791, 1608], r: 1.6634181141853333e-02, e: 1.6634196043014526e-02
#ERR  p: [1800, 1613], r: 1.6576796770095825e-02, e: 1.6576826572418213e-02
#ERR  p: [1809, 1609], r: 1.6357764601707458e-02, e: 1.6357779502868652e-02
#ERR  p: [1818, 1610], r: 1.6231581568717957e-02, e: 1.6231596469879150e-02
#ERR  p: [1836, 1609], r: 1.5919432044029236e-02, e: 1.5919446945190430e-02
#ERR  p: [1827, 1615], r: 1.6168206930160522e-02, e: 1.6168221831321716e-02
#ERR  p: [1620, 1631], r: 9.8920524120330811e-01, e: 9.8920792341232300e-01
#ERR  p: [1629, 1628], r: 1.9965570420026779e-02, e: 1.9965583458542824e-02
#ERR  p: [1647, 1631], r: 1.9661545753479004e-02, e: 1.9661635160446167e-02
#ERR  p: [1638, 1628], r: 1.9786447286605835e-02, e: 1.9786477088928223e-02
#ERR  p: [1692, 1625], r: 1.8685951828956604e-02, e: 1.8686011433601379e-02
#ERR  p: [1764, 1610], r: 1.7136201262474060e-02, e: 1.7136216163635254e-02
#ERR  p: [1611, 1637], r: 9.7439557313919067e-01, e: 9.7439408302307129e-01
#ERR  p: [1606, 1621], r: 9.8504173755645752e-01, e: 9.8505789041519165e-01
#SDC Ite:0 KerTime:14.449251 AccTime:14.449251 KerErr:190420 AccErr:190420
#ABORT too many errors per iteration
#END