2016-11-01 10:22:46:Starting GDB script
2016-11-01 10:22:48:sending signal using command: 'ssh -T mic0 killall -2 lud_check' after 1.3874794279s
2016-11-01 10:22:48:shell stdout: 
2016-11-01 10:22:48:sending signal using command: 'ssh -T mic0 killall -2 lud_check' after 1.58813865138s
2016-11-01 10:22:48:shell stdout: 
2016-11-01 10:22:49:sending signal using command: 'ssh -T mic0 killall -2 lud_check' after 1.94439975616s
2016-11-01 10:22:49:shell stdout: 
2016-11-01 10:22:49:sending signal using command: 'ssh -T mic0 killall -2 lud_check' after 2.11916407867s
2016-11-01 10:22:49:shell stdout: 
2016-11-01 10:22:51:sending signal using command: 'ssh -T mic0 killall -2 lud_check' after 3.76145426894s
2016-11-01 10:22:51:shell stdout: 
2016-11-01 10:22:52:sending signal using command: 'ssh -T mic0 killall -2 lud_check' after 4.92480602064s
2016-11-01 10:22:52:shell stdout: 
2016-11-01 10:22:53:no gdbExecName running, out:
2016-11-01 10:22:53:checCmd:ps -e | grep -i gdb-mic
2016-11-01 10:22:53:finished now-timestampStart < maxWaitTime*5
2016-11-01 10:22:53:now: 1478010173
2016-11-01 10:22:53:timestampStart: 1478010166
2016-11-01 10:22:53:kill cmd: killall -9 gdb-mic
2016-11-01 10:22:53:shell stdout: 
2016-11-01 10:22:54:sending signal using command: 'ssh -T mic0 killall -2 lud_check' after 6.7745524788s
2016-11-01 10:22:54:shell stdout: 
2016-11-01 10:22:54:kill cmd: ssh -T mic0 killall -9 lud_check
2016-11-01 10:22:54:shell stdout: 
2016-11-01 10:22:54:sending signal using command: 'ssh -T mic0 killall -2 lud_check' after 7.03827866171s
2016-11-01 10:22:54:shell stdout: 
2016-11-01 10:22:54:sending signal using command: 'ssh -T mic0 killall -2 lud_check' after 7.30032005611s
2016-11-01 10:22:54:shell stdout: 
2016-11-01 10:22:54:sending signal using command: 'ssh -T mic0 killall -2 lud_check' after 7.36615057267s
2016-11-01 10:22:54:shell stdout: 
2016-11-01 10:22:54:kill cmd: ssh -T mic0 killall -9 gdbserver
2016-11-01 10:22:54:shell stdout: 
2016-11-01 10:22:55:kill cmd: ssh -T mic0 killall -9 sshd
2016-11-01 10:22:55:shell stdout: 
