2016-10-23 11:11:05:Starting GDB script
2016-10-23 11:11:07:sending signal using command: 'ssh -T mic0 killall -2 hotspot_check' after 0.74279817772s
2016-10-23 11:11:07:shell stdout: 
2016-10-23 11:11:07:sending signal using command: 'ssh -T mic0 killall -2 hotspot_check' after 1.61322703821s
2016-10-23 11:11:07:shell stdout: 
2016-10-23 11:11:09:sending signal using command: 'ssh -T mic0 killall -2 hotspot_check' after 3.48116942507s
2016-10-23 11:11:09:shell stdout: 
2016-10-23 11:11:10:sending signal using command: 'ssh -T mic0 killall -2 hotspot_check' after 4.19971410481s
2016-10-23 11:11:10:shell stdout: 
2016-10-23 11:11:11:sending signal using command: 'ssh -T mic0 killall -2 hotspot_check' after 4.79719928244s
2016-10-23 11:11:11:shell stdout: 
2016-10-23 11:11:11:sending signal using command: 'ssh -T mic0 killall -2 hotspot_check' after 4.96341121036s
2016-10-23 11:11:11:shell stdout: 
2016-10-23 11:11:12:sending signal using command: 'ssh -T mic0 killall -2 hotspot_check' after 5.89941240284s
2016-10-23 11:11:12:shell stdout: 
2016-10-23 11:11:16:sending signal using command: 'ssh -T mic0 killall -2 hotspot_check' after 10.066037403s
2016-10-23 11:11:16:shell stdout: 
2016-10-23 11:11:20:sending signal using command: 'ssh -T mic0 killall -2 hotspot_check' after 13.8006361642s
2016-10-23 11:11:20:shell stdout: 
2016-10-23 11:11:20:no gdbExecName running, out:
2016-10-23 11:11:20:checCmd:ps -e | grep -i gdb-mic
2016-10-23 11:11:20:finished now-timestampStart < maxWaitTime*5
2016-10-23 11:11:20:now: 1477235479
2016-10-23 11:11:20:timestampStart: 1477235465
2016-10-23 11:11:20:kill cmd: killall -9 gdb-mic
2016-10-23 11:11:20:shell stdout: 
2016-10-23 11:11:20:kill cmd: ssh -T mic0 killall -9 hotspot_check
2016-10-23 11:11:20:shell stdout: 
2016-10-23 11:11:20:kill cmd: ssh -T mic0 killall -9 gdbserver
2016-10-23 11:11:20:shell stdout: 
