[INFO -- 2017-03-28 19:54:45]
Starting GDB script
[INFO -- 2017-03-28 19:54:45]
initSignal:0.0
[INFO -- 2017-03-28 19:54:45]
endSignal:3.0
[INFO -- 2017-03-28 19:54:45]
seqSignal:30
[INFO -- 2017-03-28 19:54:45]
sending 30 signals using command: 'ssh -T mic0 killall -2 lavamd_check' after 0.415814054826s
[INFO -- 2017-03-28 19:54:45]
sending 30 signals using command: 'ssh -T mic0 killall -2 lavamd_check' after 0.510839367125s
[INFO -- 2017-03-28 19:54:46]
shell stdout: 
[INFO -- 2017-03-28 19:54:46]
shell stdout: 
[INFO -- 2017-03-28 19:54:46]
shell stdout: 
[INFO -- 2017-03-28 19:54:46]
shell stdout: 
[INFO -- 2017-03-28 19:54:46]
shell stdout: 
[INFO -- 2017-03-28 19:54:46]
shell stdout: 
[INFO -- 2017-03-28 19:54:47]
sending 30 signals using command: 'ssh -T mic0 killall -2 lavamd_check' after 1.83505584245s
[INFO -- 2017-03-28 19:54:47]
shell stdout: 
[INFO -- 2017-03-28 19:54:47]
shell stdout: 
[INFO -- 2017-03-28 19:54:47]
shell stdout: 
[INFO -- 2017-03-28 19:54:47]
shell stdout: 
[INFO -- 2017-03-28 19:54:47]
shell stdout: 
[INFO -- 2017-03-28 19:54:47]
shell stdout: 
[INFO -- 2017-03-28 19:54:48]
shell stdout: 
[INFO -- 2017-03-28 19:54:48]
shell stdout: 
[INFO -- 2017-03-28 19:54:48]
shell stdout: 
[INFO -- 2017-03-28 19:54:48]
shell stdout: 
[INFO -- 2017-03-28 19:54:48]
shell stdout: 
[INFO -- 2017-03-28 19:54:48]
shell stdout: 
[INFO -- 2017-03-28 19:54:49]
shell stdout: 
[INFO -- 2017-03-28 19:54:49]
shell stdout: 
[INFO -- 2017-03-28 19:54:49]
shell stdout: 
[INFO -- 2017-03-28 19:54:49]
shell stdout: 
[INFO -- 2017-03-28 19:54:49]
shell stdout: 
[INFO -- 2017-03-28 19:54:49]
shell stdout: 
[INFO -- 2017-03-28 19:54:50]
shell stdout: 
[INFO -- 2017-03-28 19:54:50]
shell stdout: 
[INFO -- 2017-03-28 19:54:50]
shell stdout: 
[INFO -- 2017-03-28 19:54:51]
shell stdout: 
[INFO -- 2017-03-28 19:54:51]
shell stdout: 
[INFO -- 2017-03-28 19:54:51]
shell stdout: 
[INFO -- 2017-03-28 19:54:52]
shell stdout: 
[INFO -- 2017-03-28 19:54:52]
shell stdout: 
[INFO -- 2017-03-28 19:54:52]
shell stdout: 
[INFO -- 2017-03-28 19:54:52]
shell stdout: 
[INFO -- 2017-03-28 19:54:52]
shell stdout: 
[INFO -- 2017-03-28 19:54:52]
shell stdout: 
[INFO -- 2017-03-28 19:54:53]
shell stdout: 
[INFO -- 2017-03-28 19:54:53]
shell stdout: 
[INFO -- 2017-03-28 19:54:53]
shell stdout: 
[INFO -- 2017-03-28 19:54:54]
shell stdout: 
[INFO -- 2017-03-28 19:54:54]
shell stdout: 
[INFO -- 2017-03-28 19:54:54]
shell stdout: 
[INFO -- 2017-03-28 19:54:54]
shell stdout: 
[INFO -- 2017-03-28 19:54:55]
shell stdout: 
[INFO -- 2017-03-28 19:54:55]
shell stdout: 
[INFO -- 2017-03-28 19:54:55]
shell stdout: 
[INFO -- 2017-03-28 19:54:55]
shell stdout: 
[INFO -- 2017-03-28 19:54:55]
shell stdout: 
[INFO -- 2017-03-28 19:54:56]
shell stdout: 
[INFO -- 2017-03-28 19:54:56]
shell stdout: 
[INFO -- 2017-03-28 19:54:56]
shell stdout: 
[INFO -- 2017-03-28 19:54:57]
shell stdout: 
[INFO -- 2017-03-28 19:54:57]
shell stdout: 
[INFO -- 2017-03-28 19:54:57]
shell stdout: 
[INFO -- 2017-03-28 19:54:57]
shell stdout: 
[INFO -- 2017-03-28 19:54:57]
shell stdout: 
[INFO -- 2017-03-28 19:54:57]
shell stdout: 
[INFO -- 2017-03-28 19:54:58]
shell stdout: 
[INFO -- 2017-03-28 19:54:58]
shell stdout: 
[INFO -- 2017-03-28 19:54:58]
shell stdout: 
[INFO -- 2017-03-28 19:54:58]
shell stdout: 
[INFO -- 2017-03-28 19:54:58]
shell stdout: 
[INFO -- 2017-03-28 19:54:58]
shell stdout: 
[INFO -- 2017-03-28 19:54:59]
shell stdout: 
[INFO -- 2017-03-28 19:54:59]
shell stdout: 
[INFO -- 2017-03-28 19:54:59]
shell stdout: 
[INFO -- 2017-03-28 19:54:59]
shell stdout: 
[INFO -- 2017-03-28 19:54:59]
shell stdout: 
[INFO -- 2017-03-28 19:54:59]
shell stdout: 
[INFO -- 2017-03-28 19:55:00]
shell stdout: 
[INFO -- 2017-03-28 19:55:00]
shell stdout: 
[INFO -- 2017-03-28 19:55:00]
shell stdout: 
[INFO -- 2017-03-28 19:55:00]
shell stdout: 
[INFO -- 2017-03-28 19:55:00]
shell stdout: 
[INFO -- 2017-03-28 19:55:00]
shell stdout: 
[INFO -- 2017-03-28 19:55:01]
shell stdout: 
[INFO -- 2017-03-28 19:55:01]
shell stdout: 
[INFO -- 2017-03-28 19:55:01]
shell stdout: 
[INFO -- 2017-03-28 19:55:01]
shell stdout: 
[INFO -- 2017-03-28 19:55:01]
shell stdout: 
[INFO -- 2017-03-28 19:55:01]
shell stdout: 
[INFO -- 2017-03-28 19:55:01]
shell stdout: 
[INFO -- 2017-03-28 19:55:01]
shell stdout: 
[INFO -- 2017-03-28 19:55:02]
shell stdout: 
[INFO -- 2017-03-28 19:55:02]
shell stdout: 
[INFO -- 2017-03-28 19:55:02]
shell stdout: 
[INFO -- 2017-03-28 19:55:02]
shell stdout: 
[INFO -- 2017-03-28 19:55:02]
shell stdout: 
[INFO -- 2017-03-28 19:55:03]
shell stdout: 
[INFO -- 2017-03-28 19:55:03]
shell stdout: 
[INFO -- 2017-03-28 19:55:08]
no gdbExecName running, out:
[INFO -- 2017-03-28 19:55:08]
checCmd:ps -e | grep -i gdb-mic
[INFO -- 2017-03-28 19:55:08]
finished now-timestampStart < maxWaitTime*5
[INFO -- 2017-03-28 19:55:08]
now: 1490730907
[INFO -- 2017-03-28 19:55:08]
timestampStart: 1490730885
[INFO -- 2017-03-28 19:55:08]
kill cmd: killall -9 gdb-mic
[INFO -- 2017-03-28 19:55:08]
shell stdout: 
[INFO -- 2017-03-28 19:55:09]
kill cmd: ssh -T mic0 killall -9 lavamd_check
[INFO -- 2017-03-28 19:55:09]
shell stdout: 
[INFO -- 2017-03-28 19:55:09]
kill cmd: ssh -T mic0 killall -9 gdbserver
[INFO -- 2017-03-28 19:55:09]
shell stdout: 
[INFO -- 2017-03-28 19:55:09]
kill cmd: ssh -T mic0 killall -9 sshd
[INFO -- 2017-03-28 19:55:09]
shell stdout: 
