2017-01-23 20:46:42:Starting GDB script
2017-01-23 20:46:42:initSignal:0.0
2017-01-23 20:46:42:endSignal:2.0
2017-01-23 20:46:42:seqSignal:30
2017-01-23 20:46:43:sending 30 signals using command: 'ssh -T mic0 killall -2 lud_check' after 0.537722670444s
2017-01-23 20:46:43:shell stdout: 
2017-01-23 20:46:43:sending 30 signals using command: 'ssh -T mic0 killall -2 lud_check' after 1.20847460079s
2017-01-23 20:46:44:shell stdout: 
2017-01-23 20:46:44:sending 30 signals using command: 'ssh -T mic0 killall -2 lud_check' after 1.4144676015s
2017-01-23 20:46:44:shell stdout: 
2017-01-23 20:46:44:shell stdout: 
2017-01-23 20:46:44:shell stdout: 
2017-01-23 20:46:44:shell stdout: 
2017-01-23 20:46:44:shell stdout: 
2017-01-23 20:46:45:shell stdout: 
2017-01-23 20:46:45:shell stdout: 
2017-01-23 20:46:45:shell stdout: 
2017-01-23 20:46:45:shell stdout: 
2017-01-23 20:46:45:shell stdout: 
2017-01-23 20:46:45:shell stdout: 
2017-01-23 20:46:45:shell stdout: 
2017-01-23 20:46:46:shell stdout: 
2017-01-23 20:46:46:shell stdout: 
2017-01-23 20:46:46:shell stdout: 
2017-01-23 20:46:46:shell stdout: 
2017-01-23 20:46:46:shell stdout: 
2017-01-23 20:46:46:shell stdout: 
2017-01-23 20:46:46:shell stdout: 
2017-01-23 20:46:47:shell stdout: 
2017-01-23 20:46:47:shell stdout: 
2017-01-23 20:46:47:shell stdout: 
2017-01-23 20:46:47:shell stdout: 
2017-01-23 20:46:47:shell stdout: 
2017-01-23 20:46:47:shell stdout: 
2017-01-23 20:46:48:shell stdout: 
2017-01-23 20:46:48:shell stdout: 
2017-01-23 20:46:48:shell stdout: 
2017-01-23 20:46:48:shell stdout: 
2017-01-23 20:46:48:shell stdout: 
2017-01-23 20:46:48:shell stdout: 
2017-01-23 20:46:49:shell stdout: 
2017-01-23 20:46:49:shell stdout: 
2017-01-23 20:46:49:shell stdout: 
2017-01-23 20:46:49:shell stdout: 
2017-01-23 20:46:49:shell stdout: 
2017-01-23 20:46:49:shell stdout: 
2017-01-23 20:46:49:shell stdout: 
2017-01-23 20:46:50:shell stdout: 
2017-01-23 20:46:50:shell stdout: 
2017-01-23 20:46:50:shell stdout: 
2017-01-23 20:46:50:shell stdout: 
2017-01-23 20:46:51:shell stdout: 
2017-01-23 20:46:51:shell stdout: 
2017-01-23 20:46:51:shell stdout: 
2017-01-23 20:46:51:shell stdout: 
2017-01-23 20:46:51:shell stdout: 
2017-01-23 20:46:51:shell stdout: 
2017-01-23 20:46:52:shell stdout: 
2017-01-23 20:46:52:shell stdout: 
2017-01-23 20:46:52:shell stdout: 
2017-01-23 20:46:52:shell stdout: 
2017-01-23 20:46:53:shell stdout: 
2017-01-23 20:46:53:shell stdout: 
2017-01-23 20:46:53:shell stdout: 
2017-01-23 20:46:53:shell stdout: 
2017-01-23 20:46:53:shell stdout: 
2017-01-23 20:46:54:shell stdout: 
2017-01-23 20:46:54:shell stdout: 
2017-01-23 20:46:54:shell stdout: 
2017-01-23 20:46:55:shell stdout: 
2017-01-23 20:46:55:shell stdout: 
2017-01-23 20:46:55:shell stdout: 
2017-01-23 20:46:55:shell stdout: 
2017-01-23 20:46:55:shell stdout: 
2017-01-23 20:46:55:shell stdout: 
2017-01-23 20:46:56:shell stdout: 
2017-01-23 20:46:56:shell stdout: 
2017-01-23 20:46:56:shell stdout: 
2017-01-23 20:46:57:shell stdout: 
2017-01-23 20:46:57:shell stdout: 
2017-01-23 20:46:57:shell stdout: 
2017-01-23 20:46:57:shell stdout: 
2017-01-23 20:46:57:shell stdout: 
2017-01-23 20:46:57:shell stdout: 
2017-01-23 20:46:58:shell stdout: 
2017-01-23 20:46:58:shell stdout: 
2017-01-23 20:46:58:shell stdout: 
2017-01-23 20:46:59:shell stdout: 
2017-01-23 20:46:59:shell stdout: 
2017-01-23 20:46:59:shell stdout: 
2017-01-23 20:46:59:shell stdout: 
2017-01-23 20:46:59:shell stdout: 
2017-01-23 20:46:59:shell stdout: 
2017-01-23 20:47:00:shell stdout: 
2017-01-23 20:47:00:shell stdout: 
2017-01-23 20:47:00:shell stdout: 
2017-01-23 20:47:00:shell stdout: 
2017-01-23 20:47:05:no gdbExecName running, out:
2017-01-23 20:47:05:checCmd:ps -e | grep -i gdb-mic
2017-01-23 20:47:05:finished now-timestampStart < maxWaitTime*5
2017-01-23 20:47:05:now: 1485222425
2017-01-23 20:47:05:timestampStart: 1485222402
2017-01-23 20:47:05:kill cmd: killall -9 gdb-mic
2017-01-23 20:47:05:shell stdout: 
2017-01-23 20:47:06:kill cmd: ssh -T mic0 killall -9 lud_check
2017-01-23 20:47:06:shell stdout: 
2017-01-23 20:47:06:kill cmd: ssh -T mic0 killall -9 gdbserver
2017-01-23 20:47:06:shell stdout: 
2017-01-23 20:47:07:kill cmd: ssh -T mic0 killall -9 sshd
2017-01-23 20:47:07:shell stdout: 
