[INFO -- 2017-02-28 04:59:44]
Starting GDB script
[INFO -- 2017-02-28 04:59:44]
initSignal:2.0
[INFO -- 2017-02-28 04:59:44]
endSignal:4.0
[INFO -- 2017-02-28 04:59:44]
seqSignal:30
[INFO -- 2017-02-28 04:59:46]
sending 30 signals using command: 'ssh -T mic0 killall -2 lud_check' after 2.07510734537s
[INFO -- 2017-02-28 04:59:46]
sending 30 signals using command: 'ssh -T mic0 killall -2 lud_check' after 2.19768768516s
[INFO -- 2017-02-28 04:59:46]
sending 30 signals using command: 'ssh -T mic0 killall -2 lud_check' after 2.33871965188s
[INFO -- 2017-02-28 04:59:47]
shell stdout: 
[INFO -- 2017-02-28 04:59:47]
shell stdout: 
[INFO -- 2017-02-28 04:59:47]
shell stdout: 
[INFO -- 2017-02-28 04:59:47]
shell stdout: 
[INFO -- 2017-02-28 04:59:48]
shell stdout: 
[INFO -- 2017-02-28 04:59:48]
shell stdout: 
[INFO -- 2017-02-28 04:59:48]
shell stdout: 
[INFO -- 2017-02-28 04:59:48]
shell stdout: 
[INFO -- 2017-02-28 04:59:48]
shell stdout: 
[INFO -- 2017-02-28 04:59:48]
shell stdout: 
[INFO -- 2017-02-28 04:59:48]
shell stdout: 
[INFO -- 2017-02-28 04:59:48]
shell stdout: 
[INFO -- 2017-02-28 04:59:49]
shell stdout: 
[INFO -- 2017-02-28 04:59:49]
shell stdout: 
[INFO -- 2017-02-28 04:59:49]
shell stdout: 
[INFO -- 2017-02-28 04:59:49]
shell stdout: 
[INFO -- 2017-02-28 04:59:49]
shell stdout: 
[INFO -- 2017-02-28 04:59:49]
shell stdout: 
[INFO -- 2017-02-28 04:59:50]
shell stdout: 
[INFO -- 2017-02-28 04:59:50]
shell stdout: 
[INFO -- 2017-02-28 04:59:50]
shell stdout: 
[INFO -- 2017-02-28 04:59:50]
shell stdout: 
[INFO -- 2017-02-28 04:59:50]
shell stdout: 
[INFO -- 2017-02-28 04:59:50]
shell stdout: 
[INFO -- 2017-02-28 04:59:50]
shell stdout: 
[INFO -- 2017-02-28 04:59:51]
shell stdout: 
[INFO -- 2017-02-28 04:59:51]
shell stdout: 
[INFO -- 2017-02-28 04:59:51]
shell stdout: 
[INFO -- 2017-02-28 04:59:51]
shell stdout: 
[INFO -- 2017-02-28 04:59:51]
shell stdout: 
[INFO -- 2017-02-28 04:59:51]
shell stdout: 
[INFO -- 2017-02-28 04:59:51]
shell stdout: 
[INFO -- 2017-02-28 04:59:51]
shell stdout: 
[INFO -- 2017-02-28 04:59:52]
shell stdout: 
[INFO -- 2017-02-28 04:59:52]
shell stdout: 
[INFO -- 2017-02-28 04:59:52]
shell stdout: 
[INFO -- 2017-02-28 04:59:52]
shell stdout: 
[INFO -- 2017-02-28 04:59:52]
shell stdout: 
[INFO -- 2017-02-28 04:59:52]
shell stdout: 
[INFO -- 2017-02-28 04:59:53]
shell stdout: 
[INFO -- 2017-02-28 04:59:53]
shell stdout: 
[INFO -- 2017-02-28 04:59:53]
shell stdout: 
[INFO -- 2017-02-28 04:59:53]
shell stdout: 
[INFO -- 2017-02-28 04:59:53]
shell stdout: 
[INFO -- 2017-02-28 04:59:53]
shell stdout: 
[INFO -- 2017-02-28 04:59:53]
shell stdout: 
[INFO -- 2017-02-28 04:59:54]
shell stdout: 
[INFO -- 2017-02-28 04:59:54]
shell stdout: 
[INFO -- 2017-02-28 04:59:54]
shell stdout: 
[INFO -- 2017-02-28 04:59:54]
shell stdout: 
[INFO -- 2017-02-28 04:59:54]
shell stdout: 
[INFO -- 2017-02-28 04:59:54]
shell stdout: 
[INFO -- 2017-02-28 04:59:54]
shell stdout: 
[INFO -- 2017-02-28 04:59:54]
shell stdout: 
[INFO -- 2017-02-28 04:59:55]
shell stdout: 
[INFO -- 2017-02-28 04:59:55]
shell stdout: 
[INFO -- 2017-02-28 04:59:55]
shell stdout: 
[INFO -- 2017-02-28 04:59:55]
shell stdout: 
[INFO -- 2017-02-28 04:59:55]
shell stdout: 
[INFO -- 2017-02-28 04:59:55]
shell stdout: 
[INFO -- 2017-02-28 04:59:56]
shell stdout: 
[INFO -- 2017-02-28 04:59:56]
shell stdout: 
[INFO -- 2017-02-28 04:59:56]
shell stdout: 
[INFO -- 2017-02-28 04:59:56]
shell stdout: 
[INFO -- 2017-02-28 04:59:56]
shell stdout: 
[INFO -- 2017-02-28 04:59:56]
shell stdout: 
[INFO -- 2017-02-28 04:59:57]
shell stdout: 
[INFO -- 2017-02-28 04:59:57]
shell stdout: 
[INFO -- 2017-02-28 04:59:57]
shell stdout: 
[INFO -- 2017-02-28 04:59:57]
shell stdout: 
[INFO -- 2017-02-28 04:59:57]
shell stdout: 
[INFO -- 2017-02-28 04:59:57]
shell stdout: 
[INFO -- 2017-02-28 04:59:57]
shell stdout: 
[INFO -- 2017-02-28 04:59:57]
shell stdout: 
[INFO -- 2017-02-28 04:59:57]
shell stdout: 
[INFO -- 2017-02-28 04:59:58]
shell stdout: 
[INFO -- 2017-02-28 04:59:58]
shell stdout: 
[INFO -- 2017-02-28 04:59:58]
shell stdout: 
[INFO -- 2017-02-28 04:59:58]
shell stdout: 
[INFO -- 2017-02-28 04:59:58]
shell stdout: 
[INFO -- 2017-02-28 04:59:58]
shell stdout: 
[INFO -- 2017-02-28 04:59:59]
shell stdout: 
[INFO -- 2017-02-28 04:59:59]
shell stdout: 
[INFO -- 2017-02-28 04:59:59]
shell stdout: 
[INFO -- 2017-02-28 04:59:59]
shell stdout: 
[INFO -- 2017-02-28 04:59:59]
shell stdout: 
[INFO -- 2017-02-28 04:59:59]
shell stdout: 
[INFO -- 2017-02-28 05:00:00]
shell stdout: 
[INFO -- 2017-02-28 05:00:00]
shell stdout: 
[INFO -- 2017-02-28 05:00:00]
shell stdout: 
[INFO -- 2017-02-28 05:00:06]
no gdbExecName running, out:
[INFO -- 2017-02-28 05:00:06]
checCmd:ps -e | grep -i gdb-mic
[INFO -- 2017-02-28 05:00:06]
finished now-timestampStart < maxWaitTime*5
[INFO -- 2017-02-28 05:00:06]
now: 1488276005
[INFO -- 2017-02-28 05:00:06]
timestampStart: 1488275984
[INFO -- 2017-02-28 05:00:06]
kill cmd: killall -9 gdb-mic
[INFO -- 2017-02-28 05:00:06]
shell stdout: 
[INFO -- 2017-02-28 05:00:06]
kill cmd: ssh -T mic0 killall -9 lud_check
[INFO -- 2017-02-28 05:00:06]
shell stdout: 
[INFO -- 2017-02-28 05:00:06]
kill cmd: ssh -T mic0 killall -9 gdbserver
[INFO -- 2017-02-28 05:00:06]
shell stdout: 
[INFO -- 2017-02-28 05:00:07]
kill cmd: ssh -T mic0 killall -9 sshd
[INFO -- 2017-02-28 05:00:07]
shell stdout: 
