2017-01-23 20:37:15:Starting flip_value script
2017-01-23 20:37:15:Initialization strings:
2017-01-23 20:37:16:(1) target extended-remote | ssh -T mic0 gdbserver --multi -
2017-01-23 20:37:16:(2) set sysroot /opt/mpss/3.7/sysroots/k1om-mpss-linux/
2017-01-23 20:37:16:(3) set sysroot /opt/mpss/3.7/sysroots/k1om-mpss-linux/
2017-01-23 20:37:16:(4) file /micNfs/gdb-fault-injection/injector/bin/lud/lud_check
2017-01-23 20:37:16:(5) set remote exec-file /micNfs/gdb-fault-injection/injector/bin/lud/lud_check
2017-01-23 20:37:16:(6) set args -s 2048 -n 228 -i /micNfs/gdb-fault-injection/injector/bin/lud/input_2048_th_228 -g /micNfs/gdb-fault-injection/injector/bin/lud/gold_2048_th_228
2017-01-23 20:37:16:initSignal:0
2017-01-23 20:37:16:endSignal:2
2017-01-23 20:37:16:seqSignal:30
2017-01-23 20:37:16:Trying Fault Injection
2017-01-23 20:37:16:Inferior PID: 217279
2017-01-23 20:37:16:Inferior is valid: True
2017-01-23 20:37:16:Inferior #threads: 1
2017-01-23 20:37:16:Backtrace BEGIN:
2017-01-23 20:37:16:#0  dl_main (phdr=<optimized out>, phnum=<optimized out>, user_entry=<optimized out>, auxv=<optimized out>) at rtld.c:1467
#1  0x00007ffff7df2548 in _dl_sysdep_start (start_argptr=start_argptr@entry=0x7fffffffec00, dl_main=dl_main@entry=0x7ffff7dde840 <dl_main>) at ../elf/dl-sysdep.c:249
#2  0x00007ffff7de1c6a in _dl_start_final (arg=0x7fffffffec00) at rtld.c:308
#3  _dl_start (arg=0x7fffffffec00) at rtld.c:414
#4  0x00007ffff7dddbc8 in _start () from /opt/mpss/3.7/sysroots/k1om-mpss-linux/lib64/ld-linux-k1om.so.2
#5  0x0000000000000009 in ?? ()
#6  0x00007fffffffee08 in ?? ()
#7  0x00007fffffffee3f in ?? ()
#8  0x00007fffffffee42 in ?? ()
#9  0x00007fffffffee47 in ?? ()
#10 0x00007fffffffee4a in ?? ()
#11 0x00007fffffffee4e in ?? ()
#12 0x00007fffffffee51 in ?? ()
#13 0x00007fffffffee90 in ?? ()
#14 0x00007fffffffee93 in ?? ()
#15 0x0000000000000000 in ?? ()

2017-01-23 20:37:16:1462	in rtld.c

2017-01-23 20:37:16:Backtrace END
2017-01-23 20:37:16:Thread name: None
2017-01-23 20:37:16:Thread num: 1
2017-01-23 20:37:16:Thread ptid: (217279, 217279, 0)
2017-01-23 20:37:16:bitFlip function
2017-01-23 20:37:16:Type: The type is a pointer.
2017-01-23 20:37:16:Type sizeof: 8
2017-01-23 20:37:16:Fliping a bit of the pointer
2017-01-23 20:37:16:Mem contents(hex):0x080xec0xff0xff0xff0x7f0x000x00
2017-01-23 20:37:16:base address to flip value: 0x7ffff7ffcca0 
2017-01-23 20:37:16:address max offset: 8
2017-01-23 20:37:16:Memory content before bitflip:0x080xec0xff0xff0xff0x7f0x000x00
2017-01-23 20:37:16:Memory content after  bitflip:0x280xec0xff0xff0xff0x7f0x000x00
2017-01-23 20:37:16:Mem contents(hex):0x280xec0xff0xff0xff0x7f0x000x00
2017-01-23 20:37:16:frame name: _dl_start
2017-01-23 20:37:16:symbol name: __GI__dl_argv
2017-01-23 20:37:16:symbol filename: rtld.c
2017-01-23 20:37:16:symbol line: 83
2017-01-23 20:37:16:value: 0x7fffffffec08
2017-01-23 20:37:16:value address: 0x7ffff7ffcca0 <_dl_argv>
2017-01-23 20:37:16:Type: The type is a pointer.
2017-01-23 20:37:16:Type sizeof: 8
2017-01-23 20:37:16:Fault Injection Successful after 0.576018095016s
2017-01-23 20:37:16:Fault Already Injected
2017-01-23 20:37:16:Fault Already Injected
2017-01-23 20:37:16:Fault Already Injected
2017-01-23 20:37:17:Fault Already Injected
2017-01-23 20:37:17:Fault Already Injected
2017-01-23 20:37:18:Fault Already Injected
2017-01-23 20:37:18:Fault Already Injected
2017-01-23 20:37:19:Fault Already Injected
2017-01-23 20:37:19:Fault Already Injected
2017-01-23 20:37:19:Fault Already Injected
2017-01-23 20:37:20:Fault Already Injected
2017-01-23 20:37:20:Fault Already Injected
2017-01-23 20:37:20:Fault Already Injected
2017-01-23 20:37:21:Fault Already Injected
2017-01-23 20:37:21:Fault Already Injected
2017-01-23 20:37:21:Fault Already Injected
2017-01-23 20:37:22:Fault Already Injected
2017-01-23 20:37:22:Fault Already Injected
2017-01-23 20:37:22:Fault Already Injected
2017-01-23 20:37:23:Fault Already Injected
2017-01-23 20:37:23:Fault Already Injected
2017-01-23 20:37:24:Fault Already Injected
2017-01-23 20:37:24:Fault Already Injected
2017-01-23 20:37:24:Fault Already Injected
2017-01-23 20:37:25:Fault Already Injected
2017-01-23 20:37:25:Fault Already Injected
2017-01-23 20:37:25:Fault Already Injected
2017-01-23 20:37:26:Fault Already Injected
2017-01-23 20:37:26:Fault Already Injected
2017-01-23 20:37:26:Fault Already Injected
2017-01-23 20:37:26:Fault Already Injected
2017-01-23 20:37:27:Fault Already Injected
2017-01-23 20:37:27:Fault Already Injected
2017-01-23 20:37:27:Fault Already Injected
2017-01-23 20:37:27:Fault Already Injected
2017-01-23 20:37:28:Fault Already Injected
2017-01-23 20:37:28:Fault Already Injected
2017-01-23 20:37:29:Fault Already Injected
2017-01-23 20:37:29:Fault Already Injected
2017-01-23 20:37:29:Fault Already Injected
2017-01-23 20:37:29:Fault Already Injected
2017-01-23 20:37:29:Fault Already Injected
2017-01-23 20:37:29:Fault Already Injected
2017-01-23 20:37:30:Fault Already Injected
2017-01-23 20:37:30:Fault Already Injected
2017-01-23 20:37:30:event type: exit
2017-01-23 20:37:30:exit code: 0
