[INFO -- 2017-02-26 06:22:03]
Starting GDB script
[INFO -- 2017-02-26 06:22:03]
initSignal:2.0
[INFO -- 2017-02-26 06:22:03]
endSignal:4.0
[INFO -- 2017-02-26 06:22:03]
seqSignal:30
[INFO -- 2017-02-26 06:22:06]
sending 30 signals using command: 'ssh -T mic1 killall -2 lud_check' after 2.19566174706s
[INFO -- 2017-02-26 06:22:06]
sending 30 signals using command: 'ssh -T mic1 killall -2 lud_check' after 2.82566813416s
[INFO -- 2017-02-26 06:22:07]
sending 30 signals using command: 'ssh -T mic1 killall -2 lud_check' after 3.51913336073s
[INFO -- 2017-02-26 06:22:07]
shell stdout: 
[INFO -- 2017-02-26 06:22:07]
shell stdout: 
[INFO -- 2017-02-26 06:22:07]
shell stdout: 
[INFO -- 2017-02-26 06:22:07]
shell stdout: 
[INFO -- 2017-02-26 06:22:08]
shell stdout: 
[INFO -- 2017-02-26 06:22:08]
shell stdout: 
[INFO -- 2017-02-26 06:22:08]
shell stdout: 
[INFO -- 2017-02-26 06:22:08]
shell stdout: 
[INFO -- 2017-02-26 06:22:08]
shell stdout: 
[INFO -- 2017-02-26 06:22:08]
shell stdout: 
[INFO -- 2017-02-26 06:22:09]
shell stdout: 
[INFO -- 2017-02-26 06:22:09]
shell stdout: 
[INFO -- 2017-02-26 06:22:09]
shell stdout: 
[INFO -- 2017-02-26 06:22:09]
shell stdout: 
[INFO -- 2017-02-26 06:22:09]
shell stdout: 
[INFO -- 2017-02-26 06:22:09]
shell stdout: 
[INFO -- 2017-02-26 06:22:09]
shell stdout: 
[INFO -- 2017-02-26 06:22:10]
shell stdout: 
[INFO -- 2017-02-26 06:22:10]
shell stdout: 
[INFO -- 2017-02-26 06:22:10]
shell stdout: 
[INFO -- 2017-02-26 06:22:10]
shell stdout: 
[INFO -- 2017-02-26 06:22:10]
shell stdout: 
[INFO -- 2017-02-26 06:22:10]
shell stdout: 
[INFO -- 2017-02-26 06:22:10]
shell stdout: 
[INFO -- 2017-02-26 06:22:10]
shell stdout: 
[INFO -- 2017-02-26 06:22:11]
shell stdout: 
[INFO -- 2017-02-26 06:22:11]
shell stdout: 
[INFO -- 2017-02-26 06:22:11]
shell stdout: 
[INFO -- 2017-02-26 06:22:11]
shell stdout: 
[INFO -- 2017-02-26 06:22:11]
shell stdout: 
[INFO -- 2017-02-26 06:22:11]
shell stdout: 
[INFO -- 2017-02-26 06:22:11]
shell stdout: 
[INFO -- 2017-02-26 06:22:12]
shell stdout: 
[INFO -- 2017-02-26 06:22:12]
shell stdout: 
[INFO -- 2017-02-26 06:22:12]
shell stdout: 
[INFO -- 2017-02-26 06:22:12]
shell stdout: 
[INFO -- 2017-02-26 06:22:12]
shell stdout: 
[INFO -- 2017-02-26 06:22:12]
shell stdout: 
[INFO -- 2017-02-26 06:22:12]
shell stdout: 
[INFO -- 2017-02-26 06:22:13]
shell stdout: 
[INFO -- 2017-02-26 06:22:13]
shell stdout: 
[INFO -- 2017-02-26 06:22:13]
shell stdout: 
[INFO -- 2017-02-26 06:22:13]
shell stdout: 
[INFO -- 2017-02-26 06:22:13]
shell stdout: 
[INFO -- 2017-02-26 06:22:13]
shell stdout: 
[INFO -- 2017-02-26 06:22:13]
shell stdout: 
[INFO -- 2017-02-26 06:22:13]
shell stdout: 
[INFO -- 2017-02-26 06:22:14]
shell stdout: 
[INFO -- 2017-02-26 06:22:14]
shell stdout: 
[INFO -- 2017-02-26 06:22:14]
shell stdout: 
[INFO -- 2017-02-26 06:22:14]
shell stdout: 
[INFO -- 2017-02-26 06:22:14]
shell stdout: 
[INFO -- 2017-02-26 06:22:14]
shell stdout: 
[INFO -- 2017-02-26 06:22:15]
shell stdout: 
[INFO -- 2017-02-26 06:22:15]
shell stdout: 
[INFO -- 2017-02-26 06:22:15]
shell stdout: 
[INFO -- 2017-02-26 06:22:15]
shell stdout: 
[INFO -- 2017-02-26 06:22:15]
shell stdout: 
[INFO -- 2017-02-26 06:22:15]
shell stdout: 
[INFO -- 2017-02-26 06:22:15]
shell stdout: 
[INFO -- 2017-02-26 06:22:16]
shell stdout: 
[INFO -- 2017-02-26 06:22:16]
shell stdout: 
[INFO -- 2017-02-26 06:22:16]
shell stdout: 
[INFO -- 2017-02-26 06:22:16]
shell stdout: 
[INFO -- 2017-02-26 06:22:16]
shell stdout: 
[INFO -- 2017-02-26 06:22:16]
shell stdout: 
[INFO -- 2017-02-26 06:22:16]
shell stdout: 
[INFO -- 2017-02-26 06:22:16]
shell stdout: 
[INFO -- 2017-02-26 06:22:17]
shell stdout: 
[INFO -- 2017-02-26 06:22:17]
shell stdout: 
[INFO -- 2017-02-26 06:22:17]
shell stdout: 
[INFO -- 2017-02-26 06:22:17]
shell stdout: 
[INFO -- 2017-02-26 06:22:17]
shell stdout: 
[INFO -- 2017-02-26 06:22:17]
shell stdout: 
[INFO -- 2017-02-26 06:22:18]
shell stdout: 
[INFO -- 2017-02-26 06:22:18]
shell stdout: 
[INFO -- 2017-02-26 06:22:18]
shell stdout: 
[INFO -- 2017-02-26 06:22:18]
shell stdout: 
[INFO -- 2017-02-26 06:22:18]
shell stdout: 
[INFO -- 2017-02-26 06:22:18]
shell stdout: 
[INFO -- 2017-02-26 06:22:18]
shell stdout: 
[INFO -- 2017-02-26 06:22:18]
shell stdout: 
[INFO -- 2017-02-26 06:22:18]
shell stdout: 
[INFO -- 2017-02-26 06:22:19]
shell stdout: 
[INFO -- 2017-02-26 06:22:19]
shell stdout: 
[INFO -- 2017-02-26 06:22:19]
shell stdout: 
[INFO -- 2017-02-26 06:22:19]
shell stdout: 
[INFO -- 2017-02-26 06:22:19]
shell stdout: 
[INFO -- 2017-02-26 06:22:19]
shell stdout: 
[INFO -- 2017-02-26 06:22:20]
shell stdout: 
[INFO -- 2017-02-26 06:22:32]
no gdbExecName running, out:
[INFO -- 2017-02-26 06:22:32]
checCmd:ps -e | grep -i gdb-mic
[INFO -- 2017-02-26 06:22:32]
finished now-timestampStart < maxWaitTime*5
[INFO -- 2017-02-26 06:22:32]
now: 1488108151
[INFO -- 2017-02-26 06:22:32]
timestampStart: 1488108123
[INFO -- 2017-02-26 06:22:32]
kill cmd: killall -9 gdb-mic
[INFO -- 2017-02-26 06:22:32]
shell stdout: 
[INFO -- 2017-02-26 06:22:32]
kill cmd: ssh -T mic1 killall -9 lud_check
[INFO -- 2017-02-26 06:22:32]
shell stdout: 
[INFO -- 2017-02-26 06:22:32]
kill cmd: ssh -T mic1 killall -9 gdbserver
[INFO -- 2017-02-26 06:22:32]
shell stdout: 
[INFO -- 2017-02-26 06:22:33]
kill cmd: ssh -T mic1 killall -9 sshd
[INFO -- 2017-02-26 06:22:33]
shell stdout: 
