[INFO -- 2017-02-25 06:13:33]
Starting GDB script
[INFO -- 2017-02-25 06:13:33]
initSignal:2.0
[INFO -- 2017-02-25 06:13:33]
endSignal:4.0
[INFO -- 2017-02-25 06:13:33]
seqSignal:30
[INFO -- 2017-02-25 06:13:34]
no gdbExecName running, out:
[INFO -- 2017-02-25 06:13:34]
checCmd:ps -e | grep -i gdb-mic
[INFO -- 2017-02-25 06:13:34]
finished now-timestampStart < maxWaitTime*5
[INFO -- 2017-02-25 06:13:34]
now: 1488021213
[INFO -- 2017-02-25 06:13:34]
timestampStart: 1488021213
[INFO -- 2017-02-25 06:13:34]
kill cmd: killall -9 gdb-mic
[INFO -- 2017-02-25 06:13:34]
shell stdout: 
[INFO -- 2017-02-25 06:13:34]
kill cmd: ssh -T mic1 killall -9 lud_check
[INFO -- 2017-02-25 06:13:34]
shell stdout: 
[INFO -- 2017-02-25 06:13:35]
kill cmd: ssh -T mic1 killall -9 gdbserver
[INFO -- 2017-02-25 06:13:35]
shell stdout: 
[INFO -- 2017-02-25 06:13:35]
kill cmd: ssh -T mic1 killall -9 sshd
[INFO -- 2017-02-25 06:13:35]
shell stdout: 
