2016-10-15 22:41:47:Starting GDB script
2016-10-15 22:41:49:sending signal using command: 'ssh -T mic0 killall -2 lavamd' after 1.06682586854s
2016-10-15 22:41:49:shell stdout: 
2016-10-15 22:41:49:sending signal using command: 'ssh -T mic0 killall -2 lavamd' after 1.57978905038s
2016-10-15 22:41:49:shell stdout: 
2016-10-15 22:41:50:sending signal using command: 'ssh -T mic0 killall -2 lavamd' after 1.80178521872s
2016-10-15 22:41:50:shell stdout: 
2016-10-15 22:41:50:sending signal using command: 'ssh -T mic0 killall -2 lavamd' after 1.99481130912s
2016-10-15 22:41:50:shell stdout: 
2016-10-15 22:41:54:sending signal using command: 'ssh -T mic0 killall -2 lavamd' after 5.9507326746s
2016-10-15 22:41:54:shell stdout: 
2016-10-15 22:41:55:sending signal using command: 'ssh -T mic0 killall -2 lavamd' after 6.59073428522s
2016-10-15 22:41:55:shell stdout: 
2016-10-15 22:41:55:sending signal using command: 'ssh -T mic0 killall -2 lavamd' after 6.7868599347s
2016-10-15 22:41:55:shell stdout: 
2016-10-15 22:41:55:sending signal using command: 'ssh -T mic0 killall -2 lavamd' after 6.87437388781s
2016-10-15 22:41:55:shell stdout: 
2016-10-15 22:41:57:sending signal using command: 'ssh -T mic0 killall -2 lavamd' after 9.60141518194s
2016-10-15 22:41:57:shell stdout: 
2016-10-15 22:41:58:sending signal using command: 'ssh -T mic0 killall -2 lavamd' after 9.89910732849s
2016-10-15 22:41:58:shell stdout: 
2016-10-15 22:42:37:finished due now-timestampStart > maxWaitTime*5
2016-10-15 22:42:37:now: 1476585757
2016-10-15 22:42:37:timestampStart: 1476585707
2016-10-15 22:42:37:kill cmd: killall -9 gdb-mic
2016-10-15 22:42:37:shell stdout: 
2016-10-15 22:42:38:kill cmd: ssh -T mic0 killall -9 lavamd
2016-10-15 22:42:38:shell stdout: 
2016-10-15 22:42:39:kill cmd: ssh -T mic0 killall -9 gdbserver
2016-10-15 22:42:39:shell stdout: 
2016-10-15 22:42:39:kill cmd: ssh -T mic0 killall -9 sshd
2016-10-15 22:42:39:shell stdout: 
