2017-01-24 05:37:58:shell stdout: 
2017-01-24 05:37:58:shell stdout: 
2017-01-24 05:37:58:shell stdout: 
2017-01-24 05:37:59:shell stdout: 
2017-01-24 05:37:59:shell stdout: 
2017-01-24 05:37:59:shell stdout: 
2017-01-24 05:37:59:shell stdout: 
2017-01-24 05:37:59:shell stdout: 
2017-01-24 05:37:59:shell stdout: 
2017-01-24 05:37:59:shell stdout: 
2017-01-24 05:38:00:shell stdout: 
2017-01-24 05:38:00:shell stdout: 
2017-01-24 05:38:00:shell stdout: 
2017-01-24 05:38:00:shell stdout: 
2017-01-24 05:38:00:shell stdout: 
2017-01-24 05:38:00:shell stdout: 
2017-01-24 05:38:00:shell stdout: 
2017-01-24 05:38:00:shell stdout: 
2017-01-24 05:38:01:shell stdout: 
2017-01-24 05:38:01:shell stdout: 
2017-01-24 05:38:01:shell stdout: 
2017-01-24 05:38:01:shell stdout: 
2017-01-24 05:38:01:shell stdout: 
2017-01-24 05:38:01:shell stdout: 
2017-01-24 05:38:01:shell stdout: 
2017-01-24 05:38:02:shell stdout: 
2017-01-24 05:38:02:shell stdout: 
2017-01-24 05:38:02:shell stdout: 
2017-01-24 05:38:02:shell stdout: 
2017-01-24 05:38:02:shell stdout: 
2017-01-24 05:38:02:shell stdout: 
2017-01-24 05:38:02:shell stdout: 
2017-01-24 05:38:03:shell stdout: 
2017-01-24 05:38:03:shell stdout: 
2017-01-24 05:38:03:shell stdout: 
2017-01-24 05:38:03:shell stdout: 
2017-01-24 05:38:03:shell stdout: 
2017-01-24 05:38:03:shell stdout: 
2017-01-24 05:38:03:shell stdout: 
2017-01-24 05:38:04:shell stdout: 
2017-01-24 05:38:04:shell stdout: 
2017-01-24 05:38:04:Starting GDB script
2017-01-24 05:38:04:initSignal:6.0
2017-01-24 05:38:04:endSignal:8.0
2017-01-24 05:38:04:seqSignal:30
2017-01-24 05:38:10:sending 30 signals using command: 'ssh -T mic0 killall -2 lud_check' after 6.20537502723s
2017-01-24 05:38:11:shell stdout: 
2017-01-24 05:38:11:sending 30 signals using command: 'ssh -T mic0 killall -2 lud_check' after 6.99642584028s
2017-01-24 05:38:11:shell stdout: 
2017-01-24 05:38:11:shell stdout: 
2017-01-24 05:38:11:shell stdout: 
2017-01-24 05:38:12:sending 30 signals using command: 'ssh -T mic0 killall -2 lud_check' after 7.84548623895s
2017-01-24 05:38:12:shell stdout: 
2017-01-24 05:38:12:shell stdout: 
2017-01-24 05:38:12:shell stdout: 
2017-01-24 05:38:12:shell stdout: 
2017-01-24 05:38:12:shell stdout: 
2017-01-24 05:38:13:shell stdout: 
2017-01-24 05:38:13:shell stdout: 
2017-01-24 05:38:13:shell stdout: 
2017-01-24 05:38:13:shell stdout: 
2017-01-24 05:38:13:shell stdout: 
2017-01-24 05:38:13:shell stdout: 
2017-01-24 05:38:13:shell stdout: 
2017-01-24 05:38:13:shell stdout: 
2017-01-24 05:38:14:shell stdout: 
2017-01-24 05:38:14:shell stdout: 
2017-01-24 05:38:14:shell stdout: 
2017-01-24 05:38:14:shell stdout: 
2017-01-24 05:38:14:shell stdout: 
2017-01-24 05:38:14:shell stdout: 
2017-01-24 05:38:14:shell stdout: 
2017-01-24 05:38:15:shell stdout: 
2017-01-24 05:38:15:shell stdout: 
2017-01-24 05:38:15:shell stdout: 
2017-01-24 05:38:15:shell stdout: 
2017-01-24 05:38:15:shell stdout: 
2017-01-24 05:38:15:shell stdout: 
2017-01-24 05:38:16:shell stdout: 
2017-01-24 05:38:16:shell stdout: 
2017-01-24 05:38:16:shell stdout: 
2017-01-24 05:38:16:shell stdout: 
2017-01-24 05:38:16:shell stdout: 
2017-01-24 05:38:16:shell stdout: 
2017-01-24 05:38:16:shell stdout: 
2017-01-24 05:38:17:shell stdout: 
2017-01-24 05:38:17:shell stdout: 
2017-01-24 05:38:17:shell stdout: 
2017-01-24 05:38:17:shell stdout: 
2017-01-24 05:38:17:shell stdout: 
2017-01-24 05:38:17:shell stdout: 
2017-01-24 05:38:17:shell stdout: 
2017-01-24 05:38:17:shell stdout: 
2017-01-24 05:38:18:shell stdout: 
2017-01-24 05:38:18:shell stdout: 
2017-01-24 05:38:18:shell stdout: 
2017-01-24 05:38:18:shell stdout: 
2017-01-24 05:38:18:shell stdout: 
2017-01-24 05:38:18:shell stdout: 
2017-01-24 05:38:19:shell stdout: 
2017-01-24 05:38:19:shell stdout: 
2017-01-24 05:38:19:shell stdout: 
2017-01-24 05:38:19:shell stdout: 
2017-01-24 05:38:19:shell stdout: 
2017-01-24 05:38:19:shell stdout: 
2017-01-24 05:38:19:shell stdout: 
2017-01-24 05:38:19:shell stdout: 
2017-01-24 05:38:19:shell stdout: 
2017-01-24 05:38:20:shell stdout: 
2017-01-24 05:38:20:shell stdout: 
2017-01-24 05:38:20:shell stdout: 
2017-01-24 05:38:20:shell stdout: 
2017-01-24 05:38:20:shell stdout: 
2017-01-24 05:38:20:shell stdout: 
2017-01-24 05:38:21:shell stdout: 
2017-01-24 05:38:21:shell stdout: 
2017-01-24 05:38:21:shell stdout: 
2017-01-24 05:38:21:shell stdout: 
2017-01-24 05:38:21:shell stdout: 
2017-01-24 05:38:21:shell stdout: 
2017-01-24 05:38:21:shell stdout: 
2017-01-24 05:38:22:shell stdout: 
2017-01-24 05:38:22:shell stdout: 
2017-01-24 05:38:22:shell stdout: 
2017-01-24 05:38:22:shell stdout: 
2017-01-24 05:38:22:shell stdout: 
2017-01-24 05:38:22:shell stdout: 
2017-01-24 05:38:22:shell stdout: 
2017-01-24 05:38:23:shell stdout: 
2017-01-24 05:38:23:shell stdout: 
2017-01-24 05:38:23:shell stdout: 
2017-01-24 05:38:23:shell stdout: 
2017-01-24 05:38:23:shell stdout: 
2017-01-24 05:38:23:shell stdout: 
2017-01-24 05:38:23:shell stdout: 
2017-01-24 05:38:24:shell stdout: 
2017-01-24 05:38:24:shell stdout: 
2017-01-24 05:38:24:shell stdout: 
2017-01-24 05:38:37:no gdbExecName running, out:
2017-01-24 05:38:37:checCmd:ps -e | grep -i gdb-mic
2017-01-24 05:38:37:finished now-timestampStart < maxWaitTime*5
2017-01-24 05:38:37:now: 1485254316
2017-01-24 05:38:37:timestampStart: 1485254284
2017-01-24 05:38:37:kill cmd: killall -9 gdb-mic
2017-01-24 05:38:37:shell stdout: 
2017-01-24 05:38:37:kill cmd: ssh -T mic0 killall -9 lud_check
2017-01-24 05:38:37:shell stdout: 
2017-01-24 05:38:38:kill cmd: ssh -T mic0 killall -9 gdbserver
2017-01-24 05:38:38:shell stdout: 
2017-01-24 05:38:38:kill cmd: ssh -T mic0 killall -9 sshd
2017-01-24 05:38:38:shell stdout: 
