2016-10-18 12:24:32:Initialization strings:
2016-10-18 12:24:32:(1) target extended-remote | ssh -T mic0 gdbserver --multi -
2016-10-18 12:24:32:(2) set sysroot /opt/mpss/3.7/sysroots/k1om-mpss-linux/
2016-10-18 12:24:32:(3) set sysroot /opt/mpss/3.7/sysroots/k1om-mpss-linux/
2016-10-18 12:24:32:(4) file /micNfs/gdb-fault-injection-hotspot/bin/hotspot_check
2016-10-18 12:24:32:(5) set remote exec-file /micNfs/gdb-fault-injection-hotspot/bin/hotspot_check
2016-10-18 12:24:32:(6) set args 1024 1024 2000 228 /micNfs/gdb-fault-injection-hotspot/bin/temp_1024 /micNfs/gdb-fault-injection-hotspot/bin/power_1024 /micNfs/gdb-fault-injection-hotspot/bin/GOLD_1024-2000-228
2016-10-18 12:24:34:Trying Fault Injection
2016-10-18 12:24:34:Backtrace BEGIN:
2016-10-18 12:24:34:#0  __GI_memcpy (dstpp=dstpp@entry=0x7fffffffdf80, srcpp=srcpp@entry=0x7fffffffdf30, len=<optimized out>, len@entry=8) at ../string/memcpy.c:62
#1  0x00007ffff7109f11 in __GI_____strtof_l_internal (nptr=nptr@entry=0x7fffffffe010 "328.172738", endptr=endptr@entry=0x7fffffffe240, group=group@entry=0, loc=<optimized out>) at strtod_l.c:1446
#2  0x00007ffff7107c00 in __GI___strtof_internal (nptr=nptr@entry=0x7fffffffe010 "328.172738", endptr=endptr@entry=0x7fffffffe240, group=group@entry=0) at strtod.c:54
#3  0x00007ffff7128bec in _IO_vfscanf_internal (s=s@entry=0x7fffffffe400, format=format@entry=0x407198 "%f", argptr=argptr@entry=0x7fffffffe528, errp=errp@entry=0x0) at vfscanf.c:2332
#4  0x00007ffff71365ea in __GI___isoc99_vsscanf (string=0x7fffffffe77a "328.172738\n", format=0x407198 "%f", args=args@entry=0x7fffffffe528) at isoc99_vsscanf.c:43
#5  0x00007ffff7136569 in __isoc99_sscanf (s=<optimized out>, format=<optimized out>) at isoc99_sscanf.c:31
#6  0x0000000000401744 in read_input (vect=<optimized out>, grid_rows=<optimized out>, grid_cols=-160649200, file=<optimized out>) at hotspot_check.c:206
#7  main (argc=-8312, argv=0xffffffffffffffb0) at hotspot_check.c:264

2016-10-18 12:24:34:57	in ../string/memcpy.c

2016-10-18 12:24:34:Backtrace END
2016-10-18 12:24:34:Type: The type is an array.
2016-10-18 12:24:34:Type sizeof: 21
2016-10-18 12:24:34:Fliping array at pos: 12
2016-10-18 12:24:34:Type: The type is an integer type.
2016-10-18 12:24:34:Type sizeof: 1
2016-10-18 12:24:34:Mem contents(hex):0x69
2016-10-18 12:24:34:base address to flip value: 0x7ffff71f6dbc  
2016-10-18 12:24:34:address max offset: 1
2016-10-18 12:24:34:Memory content before bitflip:0x69
2016-10-18 12:24:34:Memory content after  bitflip:0x68
2016-10-18 12:24:34:Mem contents(hex):0x68
2016-10-18 12:24:34:frame name: _IO_vfscanf_internal
2016-10-18 12:24:34:symbol name: __PRETTY_FUNCTION__
2016-10-18 12:24:34:symbol filename: vfscanf.c
2016-10-18 12:24:34:symbol line: 0
2016-10-18 12:24:34:value: "_IO_vfscanf_hnternal"
2016-10-18 12:24:34:value address: 0x7ffff71f6db0 <__PRETTY_FUNCTION__.12402>
2016-10-18 12:24:34:Type: The type is an array.
2016-10-18 12:24:34:Type sizeof: 21
2016-10-18 12:24:34:Field name: None
2016-10-18 12:24:34:Field Type:
2016-10-18 12:24:34:Type: A range type, that is, an integer type with bounds.
2016-10-18 12:24:34:Type sizeof: 8
2016-10-18 12:24:34:Type range: (0L, 20L)
2016-10-18 12:24:34:Fault Injection Successful after 2.84987306595s
2016-10-18 12:24:34:Fault Already Injected
2016-10-18 12:24:35:Fault Already Injected
2016-10-18 12:24:36:Fault Already Injected
2016-10-18 12:24:38:Fault Already Injected
2016-10-18 12:24:38:Fault Already Injected
2016-10-18 12:24:38:Fault Already Injected
2016-10-18 12:24:42:Fault Already Injected
2016-10-18 12:24:42:Fault Already Injected
2016-10-18 12:24:45:Fault Already Injected
2016-10-18 12:24:47:event type: exit
2016-10-18 12:24:47:exit code: 0
