2017-01-23 16:07:51:Starting GDB script
2017-01-23 16:07:51:initSignal:4.0
2017-01-23 16:07:51:endSignal:6.0
2017-01-23 16:07:51:seqSignal:30
2017-01-23 16:07:56:sending 30 signals using command: 'ssh -T mic0 killall -2 lud_check' after 4.89232684925s
2017-01-23 16:07:56:sending 30 signals using command: 'ssh -T mic0 killall -2 lud_check' after 5.13073679519s
2017-01-23 16:07:56:sending 30 signals using command: 'ssh -T mic0 killall -2 lud_check' after 5.35929239083s
2017-01-23 16:07:57:shell stdout: 
2017-01-23 16:07:57:shell stdout: 
2017-01-23 16:07:57:shell stdout: 
2017-01-23 16:07:57:shell stdout: 
2017-01-23 16:07:57:shell stdout: 
2017-01-23 16:07:57:shell stdout: 
2017-01-23 16:07:58:shell stdout: 
2017-01-23 16:07:58:shell stdout: 
2017-01-23 16:07:58:shell stdout: 
2017-01-23 16:07:58:shell stdout: 
2017-01-23 16:07:58:shell stdout: 
2017-01-23 16:07:58:shell stdout: 
2017-01-23 16:07:58:shell stdout: 
2017-01-23 16:07:59:shell stdout: 
2017-01-23 16:07:59:shell stdout: 
2017-01-23 16:07:59:shell stdout: 
2017-01-23 16:07:59:shell stdout: 
2017-01-23 16:07:59:shell stdout: 
2017-01-23 16:07:59:shell stdout: 
2017-01-23 16:07:59:shell stdout: 
2017-01-23 16:07:59:shell stdout: 
2017-01-23 16:08:00:shell stdout: 
2017-01-23 16:08:00:shell stdout: 
2017-01-23 16:08:00:shell stdout: 
2017-01-23 16:08:00:shell stdout: 
2017-01-23 16:08:00:shell stdout: 
2017-01-23 16:08:00:shell stdout: 
2017-01-23 16:08:01:shell stdout: 
2017-01-23 16:08:01:shell stdout: 
2017-01-23 16:08:01:shell stdout: 
2017-01-23 16:08:01:shell stdout: 
2017-01-23 16:08:01:shell stdout: 
2017-01-23 16:08:01:shell stdout: 
2017-01-23 16:08:01:shell stdout: 
2017-01-23 16:08:02:shell stdout: 
2017-01-23 16:08:02:shell stdout: 
2017-01-23 16:08:02:shell stdout: 
2017-01-23 16:08:02:shell stdout: 
2017-01-23 16:08:02:shell stdout: 
2017-01-23 16:08:02:shell stdout: 
2017-01-23 16:08:02:shell stdout: 
2017-01-23 16:08:02:shell stdout: 
2017-01-23 16:08:03:shell stdout: 
2017-01-23 16:08:03:shell stdout: 
2017-01-23 16:08:03:shell stdout: 
2017-01-23 16:08:03:shell stdout: 
2017-01-23 16:08:03:shell stdout: 
2017-01-23 16:08:03:shell stdout: 
2017-01-23 16:08:04:shell stdout: 
2017-01-23 16:08:04:shell stdout: 
2017-01-23 16:08:04:shell stdout: 
2017-01-23 16:08:04:shell stdout: 
2017-01-23 16:08:04:shell stdout: 
2017-01-23 16:08:04:shell stdout: 
2017-01-23 16:08:04:shell stdout: 
2017-01-23 16:08:05:shell stdout: 
2017-01-23 16:08:05:shell stdout: 
2017-01-23 16:08:05:shell stdout: 
2017-01-23 16:08:05:shell stdout: 
2017-01-23 16:08:05:shell stdout: 
2017-01-23 16:08:05:shell stdout: 
2017-01-23 16:08:05:shell stdout: 
2017-01-23 16:08:05:shell stdout: 
2017-01-23 16:08:06:shell stdout: 
2017-01-23 16:08:06:shell stdout: 
2017-01-23 16:08:06:shell stdout: 
2017-01-23 16:08:06:shell stdout: 
2017-01-23 16:08:06:shell stdout: 
2017-01-23 16:08:06:shell stdout: 
2017-01-23 16:08:06:shell stdout: 
2017-01-23 16:08:07:shell stdout: 
2017-01-23 16:08:07:shell stdout: 
2017-01-23 16:08:07:shell stdout: 
2017-01-23 16:08:07:shell stdout: 
2017-01-23 16:08:07:shell stdout: 
2017-01-23 16:08:07:shell stdout: 
2017-01-23 16:08:07:no gdbExecName running, out:
2017-01-23 16:08:07:checCmd:ps -e | grep -i gdb-mic
2017-01-23 16:08:07:finished now-timestampStart < maxWaitTime*5
2017-01-23 16:08:07:now: 1485205687
2017-01-23 16:08:07:timestampStart: 1485205671
2017-01-23 16:08:07:shell stdout: 
2017-01-23 16:08:07:kill cmd: killall -9 gdb-mic
2017-01-23 16:08:07:shell stdout: 
2017-01-23 16:08:07:shell stdout: 
2017-01-23 16:08:08:shell stdout: 
2017-01-23 16:08:08:shell stdout: 
2017-01-23 16:08:08:kill cmd: ssh -T mic0 killall -9 lud_check
2017-01-23 16:08:08:shell stdout: 
2017-01-23 16:08:08:shell stdout: 
2017-01-23 16:08:08:shell stdout: 
2017-01-23 16:08:08:shell stdout: 
2017-01-23 16:08:08:kill cmd: ssh -T mic0 killall -9 gdbserver
2017-01-23 16:08:08:shell stdout: 
2017-01-23 16:08:08:shell stdout: 
2017-01-23 16:08:08:shell stdout: 
2017-01-23 16:08:09:shell stdout: 
2017-01-23 16:08:09:kill cmd: ssh -T mic0 killall -9 sshd
2017-01-23 16:08:09:shell stdout: 
2017-01-23 16:08:09:shell stdout: 
