[INFO -- 2017-03-02 00:58:12]
Starting GDB script
[INFO -- 2017-03-02 00:58:12]
initSignal:28.0
[INFO -- 2017-03-02 00:58:12]
endSignal:28.0
[INFO -- 2017-03-02 00:58:12]
seqSignal:15
[INFO -- 2017-03-02 00:58:40]
sending 15 signals using command: 'ssh -T mic1 killall -2 dgemm_check' after 28.0s
[INFO -- 2017-03-02 00:58:40]
sending 15 signals using command: 'ssh -T mic1 killall -2 dgemm_check' after 28.0s
[INFO -- 2017-03-02 00:58:40]
sending 15 signals using command: 'ssh -T mic1 killall -2 dgemm_check' after 28.0s
[INFO -- 2017-03-02 00:58:41]
shell stdout: 
[INFO -- 2017-03-02 00:58:41]
shell stdout: 
[INFO -- 2017-03-02 00:58:41]
shell stdout: 
[INFO -- 2017-03-02 00:58:41]
shell stdout: 
[INFO -- 2017-03-02 00:58:41]
shell stdout: 
[INFO -- 2017-03-02 00:58:41]
shell stdout: 
[INFO -- 2017-03-02 00:58:42]
shell stdout: 
[INFO -- 2017-03-02 00:58:42]
shell stdout: 
[INFO -- 2017-03-02 00:58:42]
shell stdout: 
[INFO -- 2017-03-02 00:58:43]
shell stdout: 
[INFO -- 2017-03-02 00:58:43]
shell stdout: 
[INFO -- 2017-03-02 00:58:43]
shell stdout: 
[INFO -- 2017-03-02 00:58:43]
shell stdout: 
[INFO -- 2017-03-02 00:58:43]
shell stdout: 
[INFO -- 2017-03-02 00:58:43]
shell stdout: 
[INFO -- 2017-03-02 00:58:44]
shell stdout: 
[INFO -- 2017-03-02 00:58:44]
shell stdout: 
[INFO -- 2017-03-02 00:58:44]
shell stdout: 
[INFO -- 2017-03-02 00:58:44]
shell stdout: 
[INFO -- 2017-03-02 00:58:44]
shell stdout: 
[INFO -- 2017-03-02 00:58:44]
shell stdout: 
[INFO -- 2017-03-02 00:58:45]
shell stdout: 
[INFO -- 2017-03-02 00:58:45]
shell stdout: 
[INFO -- 2017-03-02 00:58:45]
shell stdout: 
[INFO -- 2017-03-02 00:58:45]
shell stdout: 
[INFO -- 2017-03-02 00:58:45]
shell stdout: 
[INFO -- 2017-03-02 00:58:45]
shell stdout: 
[INFO -- 2017-03-02 00:58:46]
shell stdout: 
[INFO -- 2017-03-02 00:58:46]
shell stdout: 
[INFO -- 2017-03-02 00:58:46]
shell stdout: 
[INFO -- 2017-03-02 00:58:47]
shell stdout: 
[INFO -- 2017-03-02 00:58:47]
shell stdout: 
[INFO -- 2017-03-02 00:58:47]
shell stdout: 
[INFO -- 2017-03-02 00:58:47]
shell stdout: 
[INFO -- 2017-03-02 00:58:47]
shell stdout: 
[INFO -- 2017-03-02 00:58:47]
shell stdout: 
[INFO -- 2017-03-02 00:58:48]
shell stdout: 
[INFO -- 2017-03-02 00:58:48]
shell stdout: 
[INFO -- 2017-03-02 00:58:48]
shell stdout: 
[INFO -- 2017-03-02 00:58:48]
shell stdout: 
[INFO -- 2017-03-02 00:58:48]
shell stdout: 
[INFO -- 2017-03-02 00:58:48]
shell stdout: 
[INFO -- 2017-03-02 00:58:49]
shell stdout: 
[INFO -- 2017-03-02 00:58:49]
shell stdout: 
[INFO -- 2017-03-02 00:58:49]
shell stdout: 
[INFO -- 2017-03-02 00:59:58]
no gdbExecName running, out:
[INFO -- 2017-03-02 00:59:58]
checCmd:ps -e | grep -i gdb-mic
[INFO -- 2017-03-02 00:59:58]
finished now-timestampStart < maxWaitTime*5
[INFO -- 2017-03-02 00:59:58]
now: 1488434389
[INFO -- 2017-03-02 00:59:58]
timestampStart: 1488434292
[INFO -- 2017-03-02 00:59:58]
kill cmd: killall -9 gdb-mic
[INFO -- 2017-03-02 00:59:58]
shell stdout: 
[INFO -- 2017-03-02 00:59:59]
kill cmd: ssh -T mic1 killall -9 dgemm_check
[INFO -- 2017-03-02 00:59:59]
shell stdout: 
[INFO -- 2017-03-02 00:59:59]
kill cmd: ssh -T mic1 killall -9 gdbserver
[INFO -- 2017-03-02 00:59:59]
shell stdout: 
[INFO -- 2017-03-02 01:00:00]
kill cmd: ssh -T mic1 killall -9 sshd
[INFO -- 2017-03-02 01:00:00]
shell stdout: 
