2017-01-26 06:42:20:Starting GDB script
2017-01-26 06:42:20:initSignal:21.0
2017-01-26 06:42:20:endSignal:28.0
2017-01-26 06:42:20:seqSignal:15
2017-01-26 06:42:44:sending 15 signals using command: 'ssh -T mic1 killall -2 dgemm_check' after 23.5875428314s
2017-01-26 06:42:44:sending 15 signals using command: 'ssh -T mic1 killall -2 dgemm_check' after 24.0612247932s
2017-01-26 06:42:45:shell stdout: 
2017-01-26 06:42:45:shell stdout: 
2017-01-26 06:42:45:shell stdout: 
2017-01-26 06:42:45:shell stdout: 
2017-01-26 06:42:46:shell stdout: 
2017-01-26 06:42:46:shell stdout: 
2017-01-26 06:42:46:shell stdout: 
2017-01-26 06:42:46:shell stdout: 
2017-01-26 06:42:46:shell stdout: 
2017-01-26 06:42:47:shell stdout: 
2017-01-26 06:42:47:shell stdout: 
2017-01-26 06:42:47:shell stdout: 
2017-01-26 06:42:47:shell stdout: 
2017-01-26 06:42:47:sending 15 signals using command: 'ssh -T mic1 killall -2 dgemm_check' after 27.0040310202s
2017-01-26 06:42:48:shell stdout: 
2017-01-26 06:42:48:shell stdout: 
2017-01-26 06:42:48:shell stdout: 
2017-01-26 06:42:48:shell stdout: 
2017-01-26 06:42:48:shell stdout: 
2017-01-26 06:42:48:shell stdout: 
2017-01-26 06:42:49:shell stdout: 
2017-01-26 06:42:49:shell stdout: 
2017-01-26 06:42:49:shell stdout: 
2017-01-26 06:42:49:shell stdout: 
2017-01-26 06:42:49:shell stdout: 
2017-01-26 06:42:49:shell stdout: 
2017-01-26 06:42:49:shell stdout: 
2017-01-26 06:42:49:shell stdout: 
2017-01-26 06:42:50:shell stdout: 
2017-01-26 06:42:50:shell stdout: 
2017-01-26 06:42:50:shell stdout: 
2017-01-26 06:42:50:shell stdout: 
2017-01-26 06:42:50:shell stdout: 
2017-01-26 06:42:50:shell stdout: 
2017-01-26 06:42:50:shell stdout: 
2017-01-26 06:42:51:shell stdout: 
2017-01-26 06:42:51:shell stdout: 
2017-01-26 06:42:51:shell stdout: 
2017-01-26 06:42:51:shell stdout: 
2017-01-26 06:42:51:shell stdout: 
2017-01-26 06:42:52:shell stdout: 
2017-01-26 06:42:52:shell stdout: 
2017-01-26 06:42:52:shell stdout: 
2017-01-26 06:42:53:shell stdout: 
2017-01-26 06:42:53:shell stdout: 
2017-01-26 06:42:54:shell stdout: 
2017-01-26 06:46:37:no gdbExecName running, out:
2017-01-26 06:46:37:checCmd:ps -e | grep -i gdb-mic
2017-01-26 06:46:37:finished now-timestampStart < maxWaitTime*5
2017-01-26 06:46:37:now: 1485431188
2017-01-26 06:46:37:timestampStart: 1485430940
2017-01-26 06:46:37:kill cmd: killall -9 gdb-mic
2017-01-26 06:46:37:shell stdout: 
2017-01-26 06:46:37:kill cmd: ssh -T mic1 killall -9 dgemm_check
2017-01-26 06:46:37:shell stdout: 
2017-01-26 06:46:37:kill cmd: ssh -T mic1 killall -9 gdbserver
2017-01-26 06:46:37:shell stdout: 
2017-01-26 06:46:38:kill cmd: ssh -T mic1 killall -9 sshd
2017-01-26 06:46:38:shell stdout: 
