2016-10-23 14:06:40:Starting GDB script
2016-10-23 14:06:41:sending signal using command: 'ssh -T mic0 killall -2 lavamd' after 0.164726610255s
2016-10-23 14:06:41:shell stdout: 
2016-10-23 14:06:42:sending signal using command: 'ssh -T mic0 killall -2 lavamd' after 1.30871051701s
2016-10-23 14:06:42:shell stdout: 
2016-10-23 14:06:42:sending signal using command: 'ssh -T mic0 killall -2 lavamd' after 1.41927359541s
2016-10-23 14:06:42:shell stdout: 
2016-10-23 14:06:44:sending signal using command: 'ssh -T mic0 killall -2 lavamd' after 2.32993350856s
2016-10-23 14:06:44:shell stdout: 
2016-10-23 14:06:45:sending signal using command: 'ssh -T mic0 killall -2 lavamd' after 3.5399286517s
2016-10-23 14:06:45:shell stdout: 
2016-10-23 14:06:46:sending signal using command: 'ssh -T mic0 killall -2 lavamd' after 4.27426878904s
2016-10-23 14:06:46:shell stdout: 
2016-10-23 14:06:46:sending signal using command: 'ssh -T mic0 killall -2 lavamd' after 4.78719975666s
2016-10-23 14:06:46:shell stdout: 
2016-10-23 14:06:46:sending signal using command: 'ssh -T mic0 killall -2 lavamd' after 5.05892345474s
2016-10-23 14:06:46:shell stdout: 
2016-10-23 14:06:49:sending signal using command: 'ssh -T mic0 killall -2 lavamd' after 7.66877932961s
2016-10-23 14:06:49:shell stdout: 
2016-10-23 14:06:50:sending signal using command: 'ssh -T mic0 killall -2 lavamd' after 8.81515415714s
2016-10-23 14:06:50:shell stdout: 
2016-10-23 14:06:57:no gdbExecName running, out:
2016-10-23 14:06:57:checCmd:ps -e | grep -i gdb-mic
2016-10-23 14:06:57:finished now-timestampStart < maxWaitTime*5
2016-10-23 14:06:57:now: 1477246016
2016-10-23 14:06:57:timestampStart: 1477246000
2016-10-23 14:06:57:kill cmd: killall -9 gdb-mic
2016-10-23 14:06:57:shell stdout: 
2016-10-23 14:06:57:kill cmd: ssh -T mic0 killall -9 lavamd
2016-10-23 14:06:57:shell stdout: 
2016-10-23 14:06:57:kill cmd: ssh -T mic0 killall -9 gdbserver
2016-10-23 14:06:57:shell stdout: 
2016-10-23 14:06:58:kill cmd: ssh -T mic0 killall -9 sshd
2016-10-23 14:06:58:shell stdout: 
