2016-10-28 12:42:42:Initialization strings:
2016-10-28 12:42:42:(1) target extended-remote | ssh -T mic0 gdbserver --multi -
2016-10-28 12:42:42:(2) set sysroot /opt/mpss/3.7/sysroots/k1om-mpss-linux/
2016-10-28 12:42:42:(3) set sysroot /opt/mpss/3.7/sysroots/k1om-mpss-linux/
2016-10-28 12:42:42:(4) file /micNfs/gdb-fault-injection-lavamd/bin/lavamd
2016-10-28 12:42:42:(5) set remote exec-file /micNfs/gdb-fault-injection-lavamd/bin/lavamd
2016-10-28 12:42:42:(6) set args 228 15 /micNfs/gdb-fault-injection-lavamd/bin/input_distance_228_15 /micNfs/gdb-fault-injection-lavamd/bin/input_charges_228_15 /micNfs/gdb-fault-injection-lavamd/bin/output_gold_228_15 1
2016-10-28 12:42:44:Trying Fault Injection
2016-10-28 12:42:44:Inferior PID: 225284
2016-10-28 12:42:44:Inferior is valid: True
2016-10-28 12:42:44:Inferior #threads: 125
2016-10-28 12:42:44:Backtrace BEGIN:
2016-10-28 12:42:44:#0  clone () at ../sysdeps/unix/sysv/linux/x86_64/clone.S:81
#1  0x00007ffff74312d0 in ?? () at pthread_create.c:237 from /opt/mpss/3.7/sysroots/k1om-mpss-linux/lib64/libpthread.so.0
#2  0x00007ffde7fff480 in ?? ()
#3  0x0000000000000000 in ?? ()

2016-10-28 12:42:44:76	in ../sysdeps/unix/sysv/linux/x86_64/clone.S

2016-10-28 12:42:44:Backtrace END
2016-10-28 12:42:46:Thread name: None
2016-10-28 12:42:46:Thread num: 1
2016-10-28 12:42:46:Thread ptid: (225284, 225284, 0)
2016-10-28 12:42:46:bitFlip function
2016-10-28 12:42:46:Type: The type is a pointer.
2016-10-28 12:42:46:Type sizeof: 8
2016-10-28 12:42:46:Error gdbException(frameFlip): Attempt to dereference a generic pointer.
2016-10-28 12:42:46:Fault Injection Failed after 4.1630730629s
2016-10-28 12:42:46:Trying Fault Injection
2016-10-28 12:42:46:Inferior PID: 225284
2016-10-28 12:42:46:Inferior is valid: True
2016-10-28 12:42:46:Inferior #threads: 125
2016-10-28 12:42:46:Backtrace BEGIN:
2016-10-28 12:42:46:#0  0x00007ffff719f097 in mprotect () at ../sysdeps/unix/syscall-template.S:81
#1  0x00007ffff74321df in allocate_stack (stack=<synthetic pointer>, pdp=<synthetic pointer>, attr=0x7fffffffdd58) at allocatestack.c:640
#2  __pthread_create_2_1 (newthread=0x7fffffffdd50, attr=<optimized out>, start_routine=0x7ffff790bb10, arg=0x7fffa81d2b00) at pthread_create.c:524
#3  0x00007ffff790d323 in ?? ()
#4  0x0000000000000000 in ?? ()

2016-10-28 12:42:46:88	in dl-minimal.c

2016-10-28 12:42:46:Backtrace END
2016-10-28 12:42:48:Thread name: None
2016-10-28 12:42:48:Thread num: 1
2016-10-28 12:42:48:Thread ptid: (225284, 225284, 0)
2016-10-28 12:42:48:bitFlip function
2016-10-28 12:42:48:Type: The type is an array.
2016-10-28 12:42:48:Type sizeof: 12
2016-10-28 12:42:48:Fliping array at pos: 1
2016-10-28 12:42:48:bitFlip function
2016-10-28 12:42:48:Type: The type is an integer type.
2016-10-28 12:42:48:Type sizeof: 4
2016-10-28 12:42:48:Mem contents(hex):0x010x000x000x00
2016-10-28 12:42:48:base address to flip value: 0x7ffff743c3a4 
2016-10-28 12:42:48:address max offset: 4
2016-10-28 12:42:48:Memory content before bitflip:0x010x000x000x00
2016-10-28 12:42:48:Memory content after  bitflip:0x010x040x000x00
2016-10-28 12:42:48:Mem contents(hex):0x010x040x000x00
2016-10-28 12:42:48:frame name: allocate_stack
2016-10-28 12:42:48:symbol name: _thread_db_pthread_tid
2016-10-28 12:42:48:symbol filename: ../nptl_db/structs.def
2016-10-28 12:42:48:symbol line: 28
2016-10-28 12:42:48:value: {32, 1025, 720}
2016-10-28 12:42:48:value address: 0x7ffff743c3a0 <_thread_db_pthread_tid>
2016-10-28 12:42:48:Type: The type is an array.
2016-10-28 12:42:48:Type sizeof: 12
2016-10-28 12:42:48:Field name: None
2016-10-28 12:42:48:Field Type:
2016-10-28 12:42:48:Type: A range type, that is, an integer type with bounds.
2016-10-28 12:42:48:Type sizeof: 8
2016-10-28 12:42:48:Type range: (0L, 2L)
2016-10-28 12:42:48:Fault Injection Successful after 6.29747104645s
2016-10-28 12:42:48:Fault Already Injected
2016-10-28 12:42:49:Fault Already Injected
2016-10-28 12:42:50:Fault Already Injected
2016-10-28 12:42:50:Fault Already Injected
2016-10-28 12:42:50:Fault Already Injected
2016-10-28 12:42:52:Fault Already Injected
2016-10-28 12:42:57:event type: exit
2016-10-28 12:42:57:exit code: 0
