#HEADER matrix_dim:2048 threads:228
#BEGIN Y:2017 M:02 D:26 Time:02:30:36
#IT Ite:0 KerTime:17.265280 AccTime:17.265280
#ERR  p: [1242, 1904], r: 5.1576161384582520e-01, e: 5.1570945978164673e-01
#ERR  p: [1116, 1904], r: 4.5494613051414490e-01, e: 4.5466133952140808e-01
#ERR  p: [2040, 1904], r: 1.7428696155548096e-02, e: 1.7429411411285400e-02
#ERR  p: [1251, 1904], r: 5.2050429582595825e-01, e: 5.2049887180328369e-01
#ERR  p: [2024, 1904], r: 1.7720401287078857e-02, e: 1.7718046903610229e-02
#ERR  p: [2032, 1904], r: 1.7573714256286621e-02, e: 1.7575502395629883e-02
#ERR  p: [1233, 1904], r: 5.1108419895172119e-01, e: 5.1115727424621582e-01
#ERR  p: [1215, 1904], r: 5.0201660394668579e-01, e: 5.0214642286300659e-01
#ERR  p: [1206, 1904], r: 4.9739879369735718e-01, e: 4.9759343266487122e-01
#ERR  p: [477, 1920], r: 2.3596648871898651e-01, e: 2.3621931672096252e-01
#ERR  p: [468, 1920], r: 2.3423019051551819e-01, e: 2.3408532142639160e-01
#ERR  p: [486, 1920], r: 2.3809354007244110e-01, e: 2.3832415044307709e-01
#ERR  p: [1116, 1905], r: 4.5449659228324890e-01, e: 4.5426920056343079e-01
#ERR  p: [1125, 1904], r: 4.5881050825119019e-01, e: 4.5885971188545227e-01
#ERR  p: [1134, 1904], r: 4.6320226788520813e-01, e: 4.6301656961441040e-01
#ERR  p: [1143, 1904], r: 4.6702414751052856e-01, e: 4.6714198589324951e-01
#ERR  p: [1152, 1904], r: 4.7159323096275330e-01, e: 4.7151044011116028e-01
#ERR  p: [1161, 1904], r: 4.7571343183517456e-01, e: 4.7564181685447693e-01
#ERR  p: [1170, 1904], r: 4.7983324527740479e-01, e: 4.7991302609443665e-01
#ERR  p: [1179, 1904], r: 4.8442676663398743e-01, e: 4.8436599969863892e-01
#ERR  p: [1188, 1904], r: 4.8860803246498108e-01, e: 4.8861324787139893e-01
#ERR  p: [1197, 1904], r: 4.9314582347869873e-01, e: 4.9303174018859863e-01
#ERR  p: [1224, 1904], r: 5.0658953189849854e-01, e: 5.0667273998260498e-01
#ERR  p: [1242, 1905], r: 5.1526242494583130e-01, e: 5.1519757509231567e-01
#ERR  p: [1269, 1904], r: 5.2967762947082520e-01, e: 5.2973580360412598e-01
#ERR  p: [1260, 1904], r: 5.2493035793304443e-01, e: 5.2506345510482788e-01
#ERR  p: [1278, 1904], r: 5.3489762544631958e-01, e: 5.3484314680099487e-01
#ERR  p: [1737, 1904], r: 8.4596312046051025e-01, e: 8.4585648775100708e-01
#ERR  p: [495, 1920], r: 2.4040856957435608e-01, e: 2.4048911035060883e-01
#ERR  p: [1791, 1904], r: 8.9287018775939941e-01, e: 8.9298504590988159e-01
#ERR  p: [1980, 1904], r: 1.8515616655349731e-02, e: 1.8518358469009399e-02
#ERR  p: [504, 1920], r: 2.4275471270084381e-01, e: 2.4268870055675507e-01
#ERR  p: [2007, 1904], r: 1.8026530742645264e-02, e: 1.8026292324066162e-02
#ERR  p: [2016, 1904], r: 1.7854750156402588e-02, e: 1.7855912446975708e-02
#ERR  p: [1818, 1904], r: 9.1802442073822021e-01, e: 9.1795283555984497e-01
#ERR  p: [513, 1920], r: 2.4513384699821472e-01, e: 2.4488642811775208e-01
#ERR  p: [1989, 1904], r: 1.8347084522247314e-02, e: 1.8346011638641357e-02
#ERR  p: [1836, 1904], r: 9.3390393257141113e-01, e: 9.3390840291976929e-01
#ERR  p: [1683, 1904], r: 8.0201804637908936e-01, e: 8.0178380012512207e-01
#ERR  p: [1998, 1904], r: 1.8184304237365723e-02, e: 1.8186092376708984e-02
#ERR  p: [576, 1920], r: 2.6055881381034851e-01, e: 2.6079708337783813e-01
#ERR  p: [522, 1920], r: 2.4714305996894836e-01, e: 2.4707072973251343e-01
#ERR  p: [2040, 1905], r: 1.7460327595472336e-02, e: 1.7461100593209267e-02
#ERR  p: [585, 1920], r: 2.6331254839897156e-01, e: 2.6319694519042969e-01
#ERR  p: [603, 1920], r: 2.6800930500030518e-01, e: 2.6795339584350586e-01
#ERR  p: [594, 1920], r: 2.6542317867279053e-01, e: 2.6555201411247253e-01
#ERR  p: [612, 1904], r: 2.7467533946037292e-01, e: 2.7474617958068848e-01
#ERR  p: [540, 1920], r: 2.5121575593948364e-01, e: 2.5155633687973022e-01
#ERR  p: [621, 1904], r: 2.7709656953811646e-01, e: 2.7718511223793030e-01
#ERR  p: [630, 1904], r: 2.7938699722290039e-01, e: 2.7972820401191711e-01
#ERR  p: [464, 1920], r: -3.4347007274627686e+00, e: 2.3316445946693420e-01
#ERR  p: [531, 1920], r: 2.4923096597194672e-01, e: 2.4938590824604034e-01
#ERR  p: [477, 1921], r: 2.3572149872779846e-01, e: 2.3597413301467896e-01
#ERR  p: [873, 1904], r: 3.5700735449790955e-01, e: 3.5658529400825500e-01
#ERR  p: [549, 1920], r: 2.5388818979263306e-01, e: 2.5385388731956482e-01
#ERR  p: [1908, 1904], r: 1.9895941019058228e-02, e: 1.9897371530532837e-02
#ERR  p: [558, 1920], r: 2.5629931688308716e-01, e: 2.5614753365516663e-01
#ERR  p: [468, 1921], r: 2.3400776088237762e-01, e: 2.3386251926422119e-01
#ERR  p: [567, 1920], r: 2.5824776291847229e-01, e: 2.5845775008201599e-01
#ERR  p: [486, 1921], r: 2.3785966634750366e-01, e: 2.3809111118316650e-01
#ERR  p: [639, 1904], r: 2.8202441334724426e-01, e: 2.8219741582870483e-01
#ERR  p: [648, 1904], r: 2.8467735648155212e-01, e: 2.8476777672767639e-01
#ERR  p: [657, 1904], r: 2.8751066327095032e-01, e: 2.8732940554618835e-01
#ERR  p: [666, 1904], r: 2.8989079594612122e-01, e: 2.8997787833213806e-01
#ERR  p: [675, 1904], r: 2.9221189022064209e-01, e: 2.9257631301879883e-01
#ERR  p: [684, 1904], r: 2.9478657245635986e-01, e: 2.9522699117660522e-01
#ERR  p: [693, 1904], r: 2.9804793000221252e-01, e: 2.9785931110382080e-01
#ERR  p: [702, 1904], r: 3.0134752392768860e-01, e: 3.0055409669876099e-01
#ERR  p: [711, 1904], r: 3.0335599184036255e-01, e: 3.0322140455245972e-01
#ERR  p: [720, 1904], r: 3.0599296092987061e-01, e: 3.0602020025253296e-01
#ERR  p: [729, 1904], r: 3.0878758430480957e-01, e: 3.0884760618209839e-01
#ERR  p: [738, 1904], r: 3.1142660975456238e-01, e: 3.1157055497169495e-01
#ERR  p: [747, 1904], r: 3.1382834911346436e-01, e: 3.1438770890235901e-01
#ERR  p: [765, 1904], r: 3.2020235061645508e-01, e: 3.2008826732635498e-01
#ERR  p: [756, 1904], r: 3.1742528080940247e-01, e: 3.1732085347175598e-01
#ERR  p: [774, 1904], r: 3.2259869575500488e-01, e: 3.2306465506553650e-01
#ERR  p: [783, 1904], r: 3.2627922296524048e-01, e: 3.2595476508140564e-01
#ERR  p: [792, 1904], r: 3.2893371582031250e-01, e: 3.2888168096542358e-01
#ERR  p: [801, 1904], r: 3.3174467086791992e-01, e: 3.3180764317512512e-01
#ERR  p: [819, 1904], r: 3.3753916621208191e-01, e: 3.3787718415260315e-01
#ERR  p: [810, 1904], r: 3.3477145433425903e-01, e: 3.3486914634704590e-01
#ERR  p: [828, 1904], r: 3.4097415208816528e-01, e: 3.4094431996345520e-01
#ERR  p: [837, 1904], r: 3.4394338726997375e-01, e: 3.4400287270545959e-01
#ERR  p: [846, 1904], r: 3.4715756773948669e-01, e: 3.4716501832008362e-01
#ERR  p: [1044, 1904], r: 4.2301180958747864e-01, e: 4.2315331101417542e-01
#ERR  p: [513, 1921], r: 2.4484427273273468e-01, e: 2.4459613859653473e-01
#ERR  p: [1026, 1904], r: 4.1551631689071655e-01, e: 4.1552561521530151e-01
#ERR  p: [1053, 1904], r: 4.2684832215309143e-01, e: 4.2695495486259460e-01
#ERR  p: [1017, 1904], r: 4.1185483336448669e-01, e: 4.1183620691299438e-01
#ERR  p: [1062, 1904], r: 4.3080621957778931e-01, e: 4.3082579970359802e-01
#ERR  p: [1071, 1904], r: 4.3499517440795898e-01, e: 4.3478780984878540e-01
#ERR  p: [1080, 1904], r: 4.3823346495628357e-01, e: 4.3860733509063721e-01
#ERR  p: [963, 1904], r: 3.9023175835609436e-01, e: 3.9018180966377258e-01
#ERR  p: [954, 1904], r: 3.8658630847930908e-01, e: 3.8662546873092651e-01
#ERR  p: [495, 1921], r: 2.4014158546924591e-01, e: 2.4021951854228973e-01
#ERR  p: [1089, 1904], r: 4.4249776005744934e-01, e: 4.4264835119247437e-01
#ERR  p: [936, 1904], r: 3.7997391819953918e-01, e: 3.7983673810958862e-01
#ERR  p: [1098, 1904], r: 4.4651287794113159e-01, e: 4.4663223624229431e-01
#ERR  p: [945, 1904], r: 3.8337767124176025e-01, e: 3.8331651687622070e-01
#ERR  p: [972, 1904], r: 3.9337205886840820e-01, e: 3.9369717240333557e-01
#ERR  p: [1107, 1904], r: 4.5087662339210510e-01, e: 4.5072668790817261e-01
#ERR  p: [927, 1904], r: 3.7664538621902466e-01, e: 3.7640672922134399e-01
#ERR  p: [522, 1921], r: 2.4694469571113586e-01, e: 2.4686975777149200e-01
#ERR  p: [882, 1904], r: 3.5958775877952576e-01, e: 3.5989332199096680e-01
#ERR  p: [918, 1904], r: 3.7348210811614990e-01, e: 3.7304937839508057e-01
#ERR  p: [891, 1904], r: 3.6317291855812073e-01, e: 3.6313301324844360e-01
#ERR  p: [909, 1904], r: 3.6963182687759399e-01, e: 3.6970344185829163e-01
#ERR  p: [981, 1904], r: 3.9730647206306458e-01, e: 3.9728429913520813e-01
#ERR  p: [900, 1904], r: 3.6632815003395081e-01, e: 3.6639758944511414e-01
#ERR  p: [990, 1904], r: 4.0066060423851013e-01, e: 4.0095072984695435e-01
#ERR  p: [1008, 1904], r: 4.0793085098266602e-01, e: 4.0816280245780945e-01
#ERR  p: [1035, 1904], r: 4.1937628388404846e-01, e: 4.1937851905822754e-01
#ERR  p: [999, 1904], r: 4.0471592545509338e-01, e: 4.0455633401870728e-01
#ERR  p: [855, 1904], r: 3.5071700811386108e-01, e: 3.5029083490371704e-01
#ERR  p: [864, 1904], r: 3.5363137722015381e-01, e: 3.5350382328033447e-01
#ERR  p: [540, 1921], r: 2.5100061297416687e-01, e: 2.5134065747261047e-01
#ERR  p: [504, 1921], r: 2.4250803887844086e-01, e: 2.4244296550750732e-01
#ERR  p: [1251, 1905], r: 5.2005815505981445e-01, e: 5.1996248960494995e-01
#ERR  p: [1116, 1906], r: 4.5405972003936768e-01, e: 4.5373690128326416e-01
#ERR  p: [1287, 1904], r: 5.3961241245269775e-01, e: 5.3944873809814453e-01
#ERR  p: [1296, 1904], r: 5.4473865032196045e-01, e: 5.4457527399063110e-01
#ERR  p: [1305, 1904], r: 5.4930287599563599e-01, e: 5.4933494329452515e-01
#ERR  p: [1314, 1904], r: 5.5447977781295776e-01, e: 5.5421668291091919e-01
#ERR  p: [1323, 1904], r: 5.5941349267959595e-01, e: 5.5925428867340088e-01
#ERR  p: [1125, 1905], r: 4.5843201875686646e-01, e: 4.5850509405136108e-01
#ERR  p: [1332, 1904], r: 5.6426161527633667e-01, e: 5.6441968679428101e-01
#ERR  p: [1341, 1904], r: 5.6953853368759155e-01, e: 5.6955641508102417e-01
#ERR  p: [1350, 1904], r: 5.7460588216781616e-01, e: 5.7464760541915894e-01
#ERR  p: [1359, 1904], r: 5.7978850603103638e-01, e: 5.7980120182037354e-01
#ERR  p: [1134, 1905], r: 4.6274438500404358e-01, e: 4.6256166696548462e-01
#ERR  p: [1368, 1904], r: 5.8483898639678955e-01, e: 5.8510553836822510e-01
#ERR  p: [1377, 1904], r: 5.9023594856262207e-01, e: 5.9028768539428711e-01
#ERR  p: [1386, 1904], r: 5.9527057409286499e-01, e: 5.9561026096343994e-01
#ERR  p: [1206, 1905], r: 4.9691590666770935e-01, e: 4.9707439541816711e-01
#ERR  p: [1395, 1904], r: 6.0110920667648315e-01, e: 6.0113549232482910e-01
#ERR  p: [1404, 1904], r: 6.0614079236984253e-01, e: 6.0624963045120239e-01
#ERR  p: [1413, 1904], r: 6.1177349090576172e-01, e: 6.1179804801940918e-01
#ERR  p: [1422, 1904], r: 6.1752700805664062e-01, e: 6.1759042739868164e-01
#ERR  p: [1215, 1905], r: 5.0152957439422607e-01, e: 5.0162506103515625e-01
#ERR  p: [1431, 1904], r: 6.2340635061264038e-01, e: 6.2315464019775391e-01
#ERR  p: [1440, 1904], r: 6.2872946262359619e-01, e: 6.2856912612915039e-01
#ERR  p: [1449, 1904], r: 6.3457661867141724e-01, e: 6.3450127840042114e-01
#ERR  p: [1458, 1904], r: 6.4016008377075195e-01, e: 6.4013248682022095e-01
#ERR  p: [1476, 1904], r: 6.5157508850097656e-01, e: 6.5163308382034302e-01
#ERR  p: [1710, 1904], r: 8.2355040311813354e-01, e: 8.2341837882995605e-01
#ERR  p: [1602, 1904], r: 7.3941814899444580e-01, e: 7.3925560712814331e-01
#ERR  p: [1701, 1904], r: 8.1618922948837280e-01, e: 8.1605654954910278e-01
#ERR  p: [1782, 1904], r: 8.8506424427032471e-01, e: 8.8497436046600342e-01
#ERR  p: [1485, 1904], r: 6.5747350454330444e-01, e: 6.5775167942047119e-01
#ERR  p: [1593, 1904], r: 7.3268806934356689e-01, e: 7.3270595073699951e-01
#ERR  p: [1728, 1904], r: 8.3857429027557373e-01, e: 8.3861452341079712e-01
#ERR  p: [1719, 1904], r: 8.3124285936355591e-01, e: 8.3105343580245972e-01
#ERR  p: [1233, 1905], r: 5.1062041521072388e-01, e: 5.1065397262573242e-01
#ERR  p: [1755, 1904], r: 8.6138015985488892e-01, e: 8.6150848865509033e-01
#ERR  p: [1494, 1904], r: 6.6371911764144897e-01, e: 6.6371506452560425e-01
#ERR  p: [1467, 1904], r: 6.4618980884552002e-01, e: 6.4598995447158813e-01
#ERR  p: [1512, 1904], r: 6.7582309246063232e-01, e: 6.7569148540496826e-01
#ERR  p: [1692, 1904], r: 8.0899494886398315e-01, e: 8.0886745452880859e-01
#ERR  p: [1746, 1904], r: 8.5387939214706421e-01, e: 8.5383892059326172e-01
#ERR  p: [1773, 1904], r: 8.7729394435882568e-01, e: 8.7726932764053345e-01
#ERR  p: [1584, 1904], r: 7.2585147619247437e-01, e: 7.2602593898773193e-01
#ERR  p: [1674, 1904], r: 7.9456198215484619e-01, e: 7.9449558258056641e-01
#ERR  p: [1503, 1904], r: 6.6953700780868530e-01, e: 6.6955637931823730e-01
#ERR  p: [1656, 1904], r: 7.8019815683364868e-01, e: 7.8028875589370728e-01
#ERR  p: [1521, 1904], r: 6.8140411376953125e-01, e: 6.8163973093032837e-01
#ERR  p: [1665, 1904], r: 7.8765487670898438e-01, e: 7.8743791580200195e-01
#ERR  p: [1539, 1904], r: 6.9411557912826538e-01, e: 6.9419765472412109e-01
#ERR  p: [1647, 1904], r: 7.7331042289733887e-01, e: 7.7330821752548218e-01
#ERR  p: [1530, 1904], r: 6.8812453746795654e-01, e: 6.8812304735183716e-01
#ERR  p: [1548, 1904], r: 7.0039969682693481e-01, e: 7.0047056674957275e-01
#ERR  p: [1764, 1904], r: 8.6953759193420410e-01, e: 8.6959129571914673e-01
#ERR  p: [1638, 1904], r: 7.6648688316345215e-01, e: 7.6627397537231445e-01
#ERR  p: [1557, 1904], r: 7.0672935247421265e-01, e: 7.0672893524169922e-01
#ERR  p: [1629, 1904], r: 7.5955510139465332e-01, e: 7.5953197479248047e-01
#ERR  p: [1611, 1904], r: 7.4596434831619263e-01, e: 7.4592560529708862e-01
#ERR  p: [1620, 1904], r: 7.5272834300994873e-01, e: 7.5264257192611694e-01
#ERR  p: [1566, 1904], r: 7.1311360597610474e-01, e: 7.1325904130935669e-01
#ERR  p: [1800, 1904], r: 9.0135920047760010e-01, e: 9.0136963129043579e-01
#ERR  p: [1575, 1904], r: 7.1950107812881470e-01, e: 7.1965843439102173e-01
#ERR  p: [1809, 1904], r: 9.0935057401657104e-01, e: 9.0949368476867676e-01
#ERR  p: [1827, 1904], r: 9.2578154802322388e-01, e: 9.2581570148468018e-01
#ERR  p: [1845, 1904], r: 9.4288045167922974e-01, e: 9.4306838512420654e-01
#ERR  p: [1854, 1904], r: 9.5125347375869751e-01, e: 9.5114004611968994e-01
#ERR  p: [1863, 1904], r: 9.5966649055480957e-01, e: 9.5975971221923828e-01
#ERR  p: [1872, 1904], r: 9.6868425607681274e-01, e: 9.6852761507034302e-01
#ERR  p: [1881, 1904], r: 9.7725188732147217e-01, e: 9.7726827859878540e-01
#ERR  p: [1890, 1904], r: 9.8624563217163086e-01, e: 9.8622941970825195e-01
#ERR  p: [1935, 1904], r: 1.9364237785339355e-02, e: 1.9363701343536377e-02
#ERR  p: [1926, 1904], r: 1.9540071487426758e-02, e: 1.9537508487701416e-02
#ERR  p: [1899, 1904], r: 9.9510222673416138e-01, e: 9.9502468109130859e-01
#ERR  p: [1917, 1904], r: 1.9716024398803711e-02, e: 1.9721299409866333e-02
#ERR  p: [1944, 1904], r: 1.9191145896911621e-02, e: 1.9190192222595215e-02
#ERR  p: [1953, 1904], r: 1.9022464752197266e-02, e: 1.9023060798645020e-02
#ERR  p: [1962, 1904], r: 1.8852353096008301e-02, e: 1.8852710723876953e-02
#ERR  p: [2032, 1905], r: 1.7599413171410561e-02, e: 1.7599618062376976e-02
#ERR  p: [1971, 1904], r: 1.8676847219467163e-02, e: 1.8680274486541748e-02
#ERR  p: [2024, 1905], r: 1.7732569947838783e-02, e: 1.7740245908498764e-02
#ERR  p: [585, 1921], r: 2.6302093267440796e-01, e: 2.6290178298950195e-01
#ERR  p: [558, 1921], r: 2.5603973865509033e-01, e: 2.5589093565940857e-01
#ERR  p: [531, 1921], r: 2.4892330169677734e-01, e: 2.4907600879669189e-01
#ERR  p: [464, 1921], r: -3.4312682151794434e+00, e: 2.3294071853160858e-01
#ERR  p: [540, 1922], r: 2.5072640180587769e-01, e: 2.5106513500213623e-01
#ERR  p: [477, 1922], r: 2.3552125692367554e-01, e: 2.3577277362346649e-01
#ERR  p: [549, 1921], r: 2.5365206599235535e-01, e: 2.5361654162406921e-01
#ERR  p: [1791, 1905], r: 8.9219003915786743e-01, e: 8.9225268363952637e-01
#ERR  p: [576, 1921], r: 2.6027205586433411e-01, e: 2.6051184535026550e-01
#ERR  p: [603, 1921], r: 2.6768621802330017e-01, e: 2.6763570308685303e-01
#ERR  p: [630, 1905], r: 2.7906519174575806e-01, e: 2.7940434217453003e-01
#ERR  p: [594, 1921], r: 2.6517200469970703e-01, e: 2.6529899239540100e-01
#ERR  p: [504, 1922], r: 2.4225483834743500e-01, e: 2.4219107627868652e-01
#ERR  p: [612, 1905], r: 2.7437070012092590e-01, e: 2.7445021271705627e-01
#ERR  p: [495, 1922], r: 2.3990109562873840e-01, e: 2.3997940123081207e-01
#ERR  p: [522, 1922], r: 2.4668070673942566e-01, e: 2.4660558998584747e-01
#ERR  p: [756, 1905], r: 3.1706780195236206e-01, e: 3.1697073578834534e-01
#ERR  p: [621, 1905], r: 2.7685552835464478e-01, e: 2.7694383263587952e-01
#ERR  p: [513, 1922], r: 2.4459947645664215e-01, e: 2.4435244500637054e-01
#ERR  p: [873, 1905], r: 3.5668745636940002e-01, e: 3.5626354813575745e-01
#ERR  p: [1098, 1905], r: 4.4610336422920227e-01, e: 4.4625255465507507e-01
#ERR  p: [486, 1922], r: 2.3761415481567383e-01, e: 2.3784345388412476e-01
#ERR  p: [468, 1922], r: 2.3376539349555969e-01, e: 2.3362070322036743e-01
#ERR  p: [1170, 1905], r: 4.7939223051071167e-01, e: 4.7941675782203674e-01
#ERR  p: [1179, 1905], r: 4.8390850424766541e-01, e: 4.8381417989730835e-01
#ERR  p: [567, 1921], r: 2.5800088047981262e-01, e: 2.5821083784103394e-01
#ERR  p: [1242, 1906], r: 5.1479041576385498e-01, e: 5.1479190587997437e-01
#ERR  p: [1269, 1905], r: 5.2918410301208496e-01, e: 5.2926158905029297e-01
#ERR  p: [1224, 1905], r: 5.0597977638244629e-01, e: 5.0611144304275513e-01
#ERR  p: [585, 1922], r: 2.6276606321334839e-01, e: 2.6265251636505127e-01
#ERR  p: [1260, 1905], r: 5.2436876296997070e-01, e: 5.2452874183654785e-01
#ERR  p: [1143, 1905], r: 4.6668261289596558e-01, e: 4.6671989560127258e-01
#ERR  p: [1152, 1905], r: 4.7116515040397644e-01, e: 4.7106370329856873e-01
#ERR  p: [1161, 1905], r: 4.7535052895545959e-01, e: 4.7524535655975342e-01
#ERR  p: [1188, 1905], r: 4.8820066452026367e-01, e: 4.8821446299552917e-01
#ERR  p: [1197, 1905], r: 4.9273490905761719e-01, e: 4.9260962009429932e-01
#ERR  p: [1278, 1905], r: 5.3430300951004028e-01, e: 5.3425377607345581e-01
#ERR  p: [639, 1905], r: 2.8178465366363525e-01, e: 2.8195357322692871e-01
#ERR  p: [666, 1905], r: 2.8961634635925293e-01, e: 2.8970265388488770e-01
#ERR  p: [657, 1905], r: 2.8725311160087585e-01, e: 2.8706771135330200e-01
#ERR  p: [648, 1905], r: 2.8441634774208069e-01, e: 2.8450545668601990e-01
#ERR  p: [711, 1905], r: 3.0309355258941650e-01, e: 3.0296418070793152e-01
#ERR  p: [684, 1905], r: 2.9447853565216064e-01, e: 2.9492193460464478e-01
#ERR  p: [675, 1905], r: 2.9191672801971436e-01, e: 2.9228079319000244e-01
#ERR  p: [693, 1905], r: 2.9778313636779785e-01, e: 2.9759305715560913e-01
#ERR  p: [702, 1905], r: 3.0105930566787720e-01, e: 3.0026626586914062e-01
#ERR  p: [1683, 1905], r: 8.0125319957733154e-01, e: 8.0110889673233032e-01
#ERR  p: [729, 1905], r: 3.0848404765129089e-01, e: 3.0853235721588135e-01
#ERR  p: [720, 1905], r: 3.0568686127662659e-01, e: 3.0571892857551575e-01
#ERR  p: [738, 1905], r: 3.1110396981239319e-01, e: 3.1124672293663025e-01
#ERR  p: [747, 1905], r: 3.1355574727058411e-01, e: 3.1410318613052368e-01
#ERR  p: [1737, 1905], r: 8.4514439105987549e-01, e: 8.4510260820388794e-01
#ERR  p: [558, 1922], r: 2.5577458739280701e-01, e: 2.5562390685081482e-01
#ERR  p: [1818, 1905], r: 9.1681617498397827e-01, e: 9.1671323776245117e-01
#ERR  p: [1836, 1905], r: 9.3304479122161865e-01, e: 9.3301498889923096e-01
#ERR  p: [1908, 1905], r: 1.9921552389860153e-02, e: 1.9918547943234444e-02
#ERR  p: [1854, 1905], r: 9.5049685239791870e-01, e: 9.5051926374435425e-01
#ERR  p: [765, 1905], r: 3.1988841295242310e-01, e: 3.1978923082351685e-01
#ERR  p: [774, 1905], r: 3.2223790884017944e-01, e: 3.2270517945289612e-01
#ERR  p: [1980, 1905], r: 1.8537010997533798e-02, e: 1.8535349518060684e-02
#ERR  p: [1998, 1905], r: 1.8204191699624062e-02, e: 1.8206529319286346e-02
#ERR  p: [1989, 1905], r: 1.8370747566223145e-02, e: 1.8372422084212303e-02
#ERR  p: [2016, 1905], r: 1.7881656065583229e-02, e: 1.7884535714983940e-02
#ERR  p: [2007, 1905], r: 1.8038358539342880e-02, e: 1.8037596717476845e-02
#ERR  p: [801, 1905], r: 3.3148142695426941e-01, e: 3.3154138922691345e-01
#ERR  p: [2040, 1906], r: 1.7471417784690857e-02, e: 1.7474148422479630e-02
#ERR  p: [783, 1905], r: 3.2596781849861145e-01, e: 3.2564932107925415e-01
#ERR  p: [792, 1905], r: 3.2867062091827393e-01, e: 3.2861822843551636e-01
#ERR  p: [810, 1905], r: 3.3446303009986877e-01, e: 3.3456745743751526e-01
#ERR  p: [464, 1922], r: -3.4278638362884521e+00, e: 2.3269721865653992e-01
#ERR  p: [477, 1923], r: 2.3524560034275055e-01, e: 2.3549777269363403e-01
#ERR  p: [531, 1922], r: 2.4867977201938629e-01, e: 2.4883435666561127e-01
#ERR  p: [549, 1922], r: 2.5340801477432251e-01, e: 2.5337472558021545e-01
#ERR  p: [540, 1923], r: 2.5048461556434631e-01, e: 2.5082632899284363e-01
#ERR  p: [576, 1922], r: 2.6003190875053406e-01, e: 2.6027056574821472e-01
#ERR  p: [603, 1922], r: 2.6748615503311157e-01, e: 2.6742762327194214e-01
#ERR  p: [504, 1923], r: 2.4204526841640472e-01, e: 2.4198076128959656e-01
#ERR  p: [486, 1923], r: 2.3739677667617798e-01, e: 2.3762673139572144e-01
#ERR  p: [495, 1923], r: 2.3969116806983948e-01, e: 2.3977059125900269e-01
#ERR  p: [468, 1923], r: 2.3356105387210846e-01, e: 2.3341684043407440e-01
#ERR  p: [585, 1923], r: 2.6251342892646790e-01, e: 2.6239278912544250e-01
#ERR  p: [612, 1906], r: 2.7410891652107239e-01, e: 2.7418062090873718e-01
#ERR  p: [513, 1923], r: 2.4436917901039124e-01, e: 2.4412326514720917e-01
#ERR  p: [558, 1923], r: 2.5553739070892334e-01, e: 2.5538522005081177e-01
#ERR  p: [522, 1923], r: 2.4643760919570923e-01, e: 2.4636247754096985e-01
#ERR  p: [828, 1905], r: 3.4067955613136292e-01, e: 3.4063670039176941e-01
#ERR  p: [864, 1905], r: 3.5327109694480896e-01, e: 3.5313647985458374e-01
#ERR  p: [567, 1922], r: 2.5773778557777405e-01, e: 2.5794884562492371e-01
#ERR  p: [594, 1922], r: 2.6488438248634338e-01, e: 2.6501277089118958e-01
#ERR  p: [909, 1905], r: 3.6927458643913269e-01, e: 3.6934730410575867e-01
#ERR  p: [927, 1905], r: 3.7634000182151794e-01, e: 3.7608084082603455e-01
#ERR  p: [918, 1905], r: 3.7303894758224487e-01, e: 3.7264090776443481e-01
#ERR  p: [936, 1905], r: 3.7959343194961548e-01, e: 3.7945902347564697e-01
#ERR  p: [621, 1906], r: 2.7657604217529297e-01, e: 2.7666118741035461e-01
#ERR  p: [963, 1905], r: 3.8984063267707825e-01, e: 3.8979178667068481e-01
#ERR  p: [648, 1906], r: 2.8410741686820984e-01, e: 2.8420081734657288e-01
#ERR  p: [819, 1905], r: 3.3723676204681396e-01, e: 3.3756443858146667e-01
#ERR  p: [990, 1905], r: 4.0024933218955994e-01, e: 4.0051332116127014e-01
#ERR  p: [981, 1905], r: 3.9689147472381592e-01, e: 3.9688587188720703e-01
#ERR  p: [1008, 1905], r: 4.0754157304763794e-01, e: 4.0773323178291321e-01
#ERR  p: [1017, 1905], r: 4.1144517064094543e-01, e: 4.1142055392265320e-01
#ERR  p: [1035, 1905], r: 4.1894111037254333e-01, e: 4.1896200180053711e-01
#ERR  p: [846, 1905], r: 3.4681674838066101e-01, e: 3.4679287672042847e-01
#ERR  p: [1062, 1905], r: 4.3047028779983521e-01, e: 4.3043598532676697e-01
#ERR  p: [1089, 1905], r: 4.4215926527976990e-01, e: 4.4228827953338623e-01
#ERR  p: [837, 1905], r: 3.4358784556388855e-01, e: 3.4365776181221008e-01
#ERR  p: [855, 1905], r: 3.5030835866928101e-01, e: 3.4988629817962646e-01
#ERR  p: [1134, 1906], r: 4.6226188540458679e-01, e: 4.6213883161544800e-01
#ERR  p: [486, 1924], r: 2.3715396225452423e-01, e: 2.3738308250904083e-01
#ERR  p: [464, 1923], r: -3.4244215488433838e+00, e: 2.3245930671691895e-01
#ERR  p: [504, 1924], r: 2.4178014695644379e-01, e: 2.4171544611454010e-01
#ERR  p: [477, 1924], r: 2.3505569994449615e-01, e: 2.3530741035938263e-01
#ERR  p: [531, 1923], r: 2.4842208623886108e-01, e: 2.4857404828071594e-01
#ERR  p: [630, 1906], r: 2.7881798148155212e-01, e: 2.7915897965431213e-01
#ERR  p: [639, 1906], r: 2.8147926926612854e-01, e: 2.8164967894554138e-01
#ERR  p: [1971, 1905], r: 1.8706247210502625e-02, e: 1.8704820424318314e-02
#ERR  p: [666, 1906], r: 2.8935006260871887e-01, e: 2.8943434357643127e-01
#ERR  p: [549, 1923], r: 2.5313422083854675e-01, e: 2.5309905409812927e-01
#ERR  p: [657, 1906], r: 2.8694969415664673e-01, e: 2.8676095604896545e-01
#ERR  p: [675, 1906], r: 2.9163622856140137e-01, e: 2.9200577735900879e-01
#ERR  p: [540, 1924], r: 2.5024077296257019e-01, e: 2.5058138370513916e-01
#ERR  p: [702, 1906], r: 3.0076065659523010e-01, e: 2.9996836185455322e-01
#ERR  p: [684, 1906], r: 2.9423314332962036e-01, e: 2.9467916488647461e-01
#ERR  p: [693, 1906], r: 2.9746401309967041e-01, e: 2.9727503657341003e-01
#ERR  p: [603, 1923], r: 2.6717740297317505e-01, e: 2.6712575554847717e-01
#ERR  p: [576, 1923], r: 2.5978693366050720e-01, e: 2.6002818346023560e-01
#ERR  p: [711, 1906], r: 3.0278784036636353e-01, e: 3.0265903472900391e-01
#ERR  p: [720, 1906], r: 3.0541428923606873e-01, e: 3.0543404817581177e-01
#ERR  p: [783, 1906], r: 3.2566946744918823e-01, e: 3.2534947991371155e-01
#ERR  p: [801, 1906], r: 3.3115968108177185e-01, e: 3.3121925592422485e-01
#ERR  p: [810, 1906], r: 3.3402523398399353e-01, e: 3.3412703871726990e-01
#ERR  p: [882, 1905], r: 3.5928863286972046e-01, e: 3.5958826541900635e-01
#ERR  p: [891, 1905], r: 3.6277130246162415e-01, e: 3.6274111270904541e-01
#ERR  p: [495, 1924], r: 2.3946557939052582e-01, e: 2.3954425752162933e-01
#ERR  p: [900, 1905], r: 3.6601561307907104e-01, e: 3.6607870459556580e-01
#ERR  p: [873, 1906], r: 3.5628217458724976e-01, e: 3.5589590668678284e-01
#ERR  p: [945, 1905], r: 3.8296711444854736e-01, e: 3.8290524482727051e-01
#ERR  p: [954, 1905], r: 3.8621124625205994e-01, e: 3.8626644015312195e-01
#ERR  p: [729, 1906], r: 3.0813148617744446e-01, e: 3.0819785594940186e-01
#ERR  p: [738, 1906], r: 3.1078970432281494e-01, e: 3.1093761324882507e-01
#ERR  p: [972, 1905], r: 3.9296305179595947e-01, e: 3.9328518509864807e-01
#ERR  p: [747, 1906], r: 3.1324025988578796e-01, e: 3.1379404664039612e-01
#ERR  p: [999, 1905], r: 4.0420302748680115e-01, e: 4.0405744314193726e-01
#ERR  p: [468, 1924], r: 2.3331122100353241e-01, e: 2.3316654562950134e-01
#ERR  p: [1026, 1905], r: 4.1505321860313416e-01, e: 4.1509681940078735e-01
#ERR  p: [774, 1906], r: 3.2195708155632019e-01, e: 3.2243946194648743e-01
#ERR  p: [1044, 1905], r: 4.2261394858360291e-01, e: 4.2269542813301086e-01
#ERR  p: [1053, 1905], r: 4.2640975117683411e-01, e: 4.2654326558113098e-01
#ERR  p: [765, 1906], r: 3.1957444548606873e-01, e: 3.1948161125183105e-01
#ERR  p: [1071, 1905], r: 4.3451404571533203e-01, e: 4.3430817127227783e-01
#ERR  p: [1080, 1905], r: 4.3775594234466553e-01, e: 4.3812683224678040e-01
#ERR  p: [756, 1906], r: 3.1675842404365540e-01, e: 3.1665343046188354e-01
#ERR  p: [1107, 1905], r: 4.5033097267150879e-01, e: 4.5026576519012451e-01
#ERR  p: [1116, 1907], r: 4.5365601778030396e-01, e: 4.5342004299163818e-01
#ERR  p: [792, 1906], r: 3.2828727364540100e-01, e: 3.2822853326797485e-01
#ERR  p: [1125, 1906], r: 4.5787790417671204e-01, e: 4.5793795585632324e-01
#ERR  p: [1098, 1906], r: 4.4567778706550598e-01, e: 4.4582697749137878e-01
#ERR  p: [513, 1924], r: 2.4416348338127136e-01, e: 2.4391943216323853e-01
#ERR  p: [1152, 1906], r: 4.7060802578926086e-01, e: 4.7054836153984070e-01
#ERR  p: [1161, 1906], r: 4.7481906414031982e-01, e: 4.7470080852508545e-01
#ERR  p: [1206, 1906], r: 4.9639534950256348e-01, e: 4.9656444787979126e-01
#ERR  p: [1215, 1906], r: 5.0088071823120117e-01, e: 5.0107091665267944e-01
#ERR  p: [1143, 1906], r: 4.6616357564926147e-01, e: 4.6624186635017395e-01
#ERR  p: [1233, 1906], r: 5.1008516550064087e-01, e: 5.1013892889022827e-01
#ERR  p: [1188, 1906], r: 4.8780113458633423e-01, e: 4.8771816492080688e-01
#ERR  p: [1251, 1906], r: 5.1935040950775146e-01, e: 5.1933091878890991e-01
#ERR  p: [1224, 1906], r: 5.0546401739120483e-01, e: 5.0563371181488037e-01
#ERR  p: [1287, 1905], r: 5.3917914628982544e-01, e: 5.3912472724914551e-01
#ERR  p: [1179, 1906], r: 4.8343536257743835e-01, e: 4.8335221409797668e-01
#ERR  p: [1296, 1905], r: 5.4411429166793823e-01, e: 5.4394721984863281e-01
#ERR  p: [1305, 1905], r: 5.4878795146942139e-01, e: 5.4876077175140381e-01
#ERR  p: [1314, 1905], r: 5.5404102802276611e-01, e: 5.5376881361007690e-01
#ERR  p: [1323, 1905], r: 5.5870288610458374e-01, e: 5.5860143899917603e-01
#ERR  p: [1278, 1906], r: 5.3379493951797485e-01, e: 5.3377258777618408e-01
#ERR  p: [1332, 1905], r: 5.6378185749053955e-01, e: 5.6380790472030640e-01
#ERR  p: [1269, 1906], r: 5.2856671810150146e-01, e: 5.2862882614135742e-01
#ERR  p: [1341, 1905], r: 5.6884938478469849e-01, e: 5.6884193420410156e-01
#ERR  p: [1359, 1905], r: 5.7930749654769897e-01, e: 5.7929402589797974e-01
#ERR  p: [1350, 1905], r: 5.7381808757781982e-01, e: 5.7397466897964478e-01
#ERR  p: [1404, 1905], r: 6.0571360588073730e-01, e: 6.0592311620712280e-01
#ERR  p: [1422, 1905], r: 6.1698549985885620e-01, e: 6.1697953939437866e-01
#ERR  p: [1431, 1905], r: 6.2274110317230225e-01, e: 6.2248498201370239e-01
#ERR  p: [1368, 1905], r: 5.8432900905609131e-01, e: 5.8431857824325562e-01
#ERR  p: [1377, 1905], r: 5.8961576223373413e-01, e: 5.8970171213150024e-01
#ERR  p: [1386, 1905], r: 5.9459239244461060e-01, e: 5.9487873315811157e-01
#ERR  p: [1395, 1905], r: 6.0043066740036011e-01, e: 6.0039228200912476e-01
#ERR  p: [1458, 1905], r: 6.3940125703811646e-01, e: 6.3949960470199585e-01
#ERR  p: [1413, 1905], r: 6.1115896701812744e-01, e: 6.1133563518524170e-01
#ERR  p: [1467, 1905], r: 6.4539861679077148e-01, e: 6.4516222476959229e-01
#ERR  p: [1440, 1905], r: 6.2822014093399048e-01, e: 6.2802851200103760e-01
#ERR  p: [1170, 1906], r: 4.7899281978607178e-01, e: 4.7908881306648254e-01
#ERR  p: [1449, 1905], r: 6.3405239582061768e-01, e: 6.3382714986801147e-01
#ERR  p: [1197, 1906], r: 4.9211147427558899e-01, e: 4.9204584956169128e-01
#ERR  p: [1476, 1905], r: 6.5082317590713501e-01, e: 6.5101540088653564e-01
#ERR  p: [1242, 1907], r: 5.1411712169647217e-01, e: 5.1408874988555908e-01
#ERR  p: [1485, 1905], r: 6.5664279460906982e-01, e: 6.5685981512069702e-01
#ERR  p: [1260, 1906], r: 5.2393323183059692e-01, e: 5.2409732341766357e-01
#ERR  p: [612, 1907], r: 2.7383503317832947e-01, e: 2.7390587329864502e-01
#ERR  p: [522, 1924], r: 2.4618853628635406e-01, e: 2.4611452221870422e-01
#ERR  p: [1494, 1905], r: 6.6317433118820190e-01, e: 6.6309899091720581e-01
#ERR  p: [1512, 1905], r: 6.7511808872222900e-01, e: 6.7514830827713013e-01
#ERR  p: [558, 1924], r: 2.5529348850250244e-01, e: 2.5514131784439087e-01
#ERR  p: [1503, 1905], r: 6.6888749599456787e-01, e: 6.6891509294509888e-01
#ERR  p: [1521, 1905], r: 6.8090945482254028e-01, e: 6.8114662170410156e-01
#ERR  p: [1539, 1905], r: 6.9338709115982056e-01, e: 6.9338858127593994e-01
#ERR  p: [594, 1923], r: 2.6463061571121216e-01, e: 2.6475349068641663e-01
#ERR  p: [1530, 1905], r: 6.8748235702514648e-01, e: 6.8747264146804810e-01
#ERR  p: [585, 1924], r: 2.6223132014274597e-01, e: 2.6211273670196533e-01
#ERR  p: [1548, 1905], r: 6.9976073503494263e-01, e: 6.9974881410598755e-01
#ERR  p: [1557, 1905], r: 7.0589530467987061e-01, e: 7.0596468448638916e-01
#ERR  p: [1566, 1905], r: 7.1261394023895264e-01, e: 7.1256321668624878e-01
#ERR  p: [1575, 1905], r: 7.1866095066070557e-01, e: 7.1901524066925049e-01
#ERR  p: [621, 1907], r: 2.7630591392517090e-01, e: 2.7639383077621460e-01
#ERR  p: [1584, 1905], r: 7.2505438327789307e-01, e: 7.2520500421524048e-01
#ERR  p: [567, 1923], r: 2.5746870040893555e-01, e: 2.5767847895622253e-01
#ERR  p: [1593, 1905], r: 7.3200052976608276e-01, e: 7.3204231262207031e-01
#ERR  p: [1602, 1905], r: 7.3866289854049683e-01, e: 7.3862636089324951e-01
#ERR  p: [648, 1907], r: 2.8383782505989075e-01, e: 2.8393328189849854e-01
#ERR  p: [1611, 1905], r: 7.4519485235214233e-01, e: 7.4519783258438110e-01
#ERR  p: [1620, 1905], r: 7.5186747312545776e-01, e: 7.5189751386642456e-01
#ERR  p: [1629, 1905], r: 7.5875866413116455e-01, e: 7.5876235961914062e-01
#ERR  p: [1638, 1905], r: 7.6566064357757568e-01, e: 7.6555323600769043e-01
#ERR  p: [1647, 1905], r: 7.7268683910369873e-01, e: 7.7267867326736450e-01
#ERR  p: [1656, 1905], r: 7.7928757667541504e-01, e: 7.7957916259765625e-01
#ERR  p: [1665, 1905], r: 7.8683048486709595e-01, e: 7.8669255971908569e-01
#ERR  p: [1674, 1905], r: 7.9374313354492188e-01, e: 7.9361784458160400e-01
#ERR  p: [1746, 1905], r: 8.5291981697082520e-01, e: 8.5295712947845459e-01
#ERR  p: [1692, 1905], r: 8.0799502134323120e-01, e: 8.0820453166961670e-01
#ERR  p: [1701, 1905], r: 8.1543248891830444e-01, e: 8.1529343128204346e-01
#ERR  p: [1710, 1905], r: 8.2288217544555664e-01, e: 8.2286131381988525e-01
#ERR  p: [1719, 1905], r: 8.3048814535140991e-01, e: 8.3042174577713013e-01
#ERR  p: [1683, 1906], r: 8.0042779445648193e-01, e: 8.0028587579727173e-01
#ERR  p: [1728, 1905], r: 8.3772444725036621e-01, e: 8.3762902021408081e-01
#ERR  p: [1755, 1905], r: 8.6037021875381470e-01, e: 8.6055225133895874e-01
#ERR  p: [1782, 1905], r: 8.8426649570465088e-01, e: 8.8412225246429443e-01
#ERR  p: [1764, 1905], r: 8.6840945482254028e-01, e: 8.6823087930679321e-01
#ERR  p: [1773, 1905], r: 8.7641417980194092e-01, e: 8.7619125843048096e-01
#ERR  p: [1809, 1905], r: 9.0814745426177979e-01, e: 9.0832030773162842e-01
#ERR  p: [1800, 1905], r: 9.0037477016448975e-01, e: 9.0029722452163696e-01
#ERR  p: [1737, 1906], r: 8.4418839216232300e-01, e: 8.4433752298355103e-01
#ERR  p: [1791, 1906], r: 8.9108037948608398e-01, e: 8.9119225740432739e-01
#ERR  p: [1827, 1905], r: 9.2480045557022095e-01, e: 9.2497944831848145e-01
#ERR  p: [1845, 1905], r: 9.4166553020477295e-01, e: 9.4165134429931641e-01
#ERR  p: [1863, 1905], r: 9.5889151096343994e-01, e: 9.5888406038284302e-01
#ERR  p: [1872, 1905], r: 9.6774756908416748e-01, e: 9.6768939495086670e-01
#ERR  p: [1881, 1905], r: 9.7593504190444946e-01, e: 9.7622042894363403e-01
#ERR  p: [1818, 1906], r: 9.1606879234313965e-01, e: 9.1590696573257446e-01
#ERR  p: [1890, 1905], r: 9.8484534025192261e-01, e: 9.8502695560455322e-01
#ERR  p: [1899, 1905], r: 9.9395602941513062e-01, e: 9.9410146474838257e-01
#ERR  p: [1953, 1905], r: 1.9048411399126053e-02, e: 1.9047273322939873e-02
#ERR  p: [1962, 1905], r: 1.8869539722800255e-02, e: 1.8873291090130806e-02
#ERR  p: [1836, 1906], r: 9.3215882778167725e-01, e: 9.3211704492568970e-01
#ERR  p: [1917, 1905], r: 1.9739747047424316e-02, e: 1.9740059971809387e-02
#ERR  p: [1926, 1905], r: 1.9562507048249245e-02, e: 1.9565228372812271e-02
#ERR  p: [1935, 1905], r: 1.9389409571886063e-02, e: 1.9393656402826309e-02
#ERR  p: [1854, 1906], r: 9.4950449466705322e-01, e: 9.4954329729080200e-01
#ERR  p: [1944, 1905], r: 1.9213842228055000e-02, e: 1.9218120723962784e-02
#ERR  p: [1908, 1906], r: 1.9938556477427483e-02, e: 1.9943363964557648e-02
#ERR  p: [2024, 1906], r: 1.7757356166839600e-02, e: 1.7756622284650803e-02
#ERR  p: [1980, 1906], r: 1.8556453287601471e-02, e: 1.8557459115982056e-02
#ERR  p: [2032, 1906], r: 1.7612941563129425e-02, e: 1.7614863812923431e-02
#ERR  p: [1998, 1906], r: 1.8225528299808502e-02, e: 1.8228478729724884e-02
#ERR  p: [1989, 1906], r: 1.8385879695415497e-02, e: 1.8390968441963196e-02
#ERR  p: [2007, 1906], r: 1.8061522394418716e-02, e: 1.8065690994262695e-02
#ERR  p: [2016, 1906], r: 1.7901770770549774e-02, e: 1.7901569604873657e-02
#ERR  p: [2040, 1907], r: 1.7492353916168213e-02, e: 1.7494842410087585e-02
#ERR  p: [486, 1925], r: 2.3692978918552399e-01, e: 2.3715890944004059e-01
#ERR  p: [504, 1925], r: 2.4153421819210052e-01, e: 2.4146933853626251e-01
#ERR  p: [464, 1924], r: -3.4209599494934082e+00, e: 2.3225869238376617e-01
#ERR  p: [477, 1925], r: 2.3482647538185120e-01, e: 2.3507714271545410e-01
#ERR  p: [540, 1925], r: 2.4997103214263916e-01, e: 2.5030937790870667e-01
#ERR  p: [837, 1906], r: 3.4331789612770081e-01, e: 3.4338501095771790e-01
#ERR  p: [576, 1924], r: 2.5951734185218811e-01, e: 2.5975671410560608e-01
#ERR  p: [549, 1924], r: 2.5288698077201843e-01, e: 2.5285378098487854e-01
#ERR  p: [531, 1924], r: 2.4817743897438049e-01, e: 2.4832867085933685e-01
#ERR  p: [657, 1907], r: 2.8665000200271606e-01, e: 2.8646278381347656e-01
#ERR  p: [603, 1924], r: 2.6692721247673035e-01, e: 2.6687574386596680e-01
#ERR  p: [684, 1907], r: 2.9386955499649048e-01, e: 2.9430958628654480e-01
#ERR  p: [630, 1907], r: 2.7853214740753174e-01, e: 2.7886980772018433e-01
#ERR  p: [711, 1907], r: 3.0251160264015198e-01, e: 3.0238038301467896e-01
#ERR  p: [756, 1907], r: 3.1646519899368286e-01, e: 3.1635797023773193e-01
#ERR  p: [639, 1907], r: 2.8121897578239441e-01, e: 2.8138828277587891e-01
#ERR  p: [468, 1925], r: 2.3306064307689667e-01, e: 2.3291689157485962e-01
#ERR  p: [495, 1925], r: 2.3923291265964508e-01, e: 2.3931121826171875e-01
#ERR  p: [774, 1907], r: 3.2166975736618042e-01, e: 3.2212284207344055e-01
#ERR  p: [666, 1907], r: 2.8903961181640625e-01, e: 2.8912276029586792e-01
#ERR  p: [675, 1907], r: 2.9129493236541748e-01, e: 2.9166299104690552e-01
#ERR  p: [693, 1907], r: 2.9717966914176941e-01, e: 2.9699039459228516e-01
#ERR  p: [702, 1907], r: 3.0046164989471436e-01, e: 2.9966896772384644e-01
#ERR  p: [486, 1926], r: 2.3670664429664612e-01, e: 2.3693537712097168e-01
#ERR  p: [927, 1906], r: 3.7590855360031128e-01, e: 3.7570270895957947e-01
#ERR  p: [918, 1906], r: 3.7273243069648743e-01, e: 3.7230959534645081e-01
#ERR  p: [765, 1907], r: 3.1925866007804871e-01, e: 3.1915462017059326e-01
#ERR  p: [513, 1925], r: 2.4390223622322083e-01, e: 2.4365444481372833e-01
#ERR  p: [522, 1925], r: 2.4592605233192444e-01, e: 2.4585203826427460e-01
#ERR  p: [819, 1906], r: 3.3688476681709290e-01, e: 3.3721774816513062e-01
#ERR  p: [828, 1906], r: 3.4032049775123596e-01, e: 3.4027910232543945e-01
#ERR  p: [846, 1906], r: 3.4650611877441406e-01, e: 3.4648451209068298e-01
#ERR  p: [855, 1906], r: 3.5000428557395935e-01, e: 3.4959322214126587e-01
#ERR  p: [864, 1906], r: 3.5291346907615662e-01, e: 3.5278779268264771e-01
#ERR  p: [909, 1906], r: 3.6882448196411133e-01, e: 3.6889123916625977e-01
#ERR  p: [936, 1906], r: 3.7923681735992432e-01, e: 3.7907108664512634e-01
#ERR  p: [963, 1906], r: 3.8946142792701721e-01, e: 3.8944500684738159e-01
#SDC Ite:0 KerTime:17.265280 AccTime:17.265280 KerErr:225585 AccErr:225585
#ABORT too many errors per iteration
#END