2017-01-24 15:20:27:Starting GDB script
2017-01-24 15:20:27:initSignal:2.0
2017-01-24 15:20:27:endSignal:4.0
2017-01-24 15:20:27:seqSignal:30
2017-01-24 15:20:30:sending 30 signals using command: 'ssh -T mic0 killall -2 lud_check' after 2.90324112099s
2017-01-24 15:20:31:sending 30 signals using command: 'ssh -T mic0 killall -2 lud_check' after 3.14977180291s
2017-01-24 15:20:31:sending 30 signals using command: 'ssh -T mic0 killall -2 lud_check' after 3.27513554619s
2017-01-24 15:20:31:shell stdout: 
2017-01-24 15:20:31:shell stdout: 
2017-01-24 15:20:31:shell stdout: 
2017-01-24 15:20:32:shell stdout: 
2017-01-24 15:20:32:shell stdout: 
2017-01-24 15:20:32:shell stdout: 
2017-01-24 15:20:32:shell stdout: 
2017-01-24 15:20:32:shell stdout: 
2017-01-24 15:20:32:shell stdout: 
2017-01-24 15:20:33:shell stdout: 
2017-01-24 15:20:33:shell stdout: 
2017-01-24 15:20:33:shell stdout: 
2017-01-24 15:20:33:shell stdout: 
2017-01-24 15:20:33:shell stdout: 
2017-01-24 15:20:33:shell stdout: 
2017-01-24 15:20:33:shell stdout: 
2017-01-24 15:20:33:shell stdout: 
2017-01-24 15:20:34:shell stdout: 
2017-01-24 15:20:34:shell stdout: 
2017-01-24 15:20:34:shell stdout: 
2017-01-24 15:20:34:shell stdout: 
2017-01-24 15:20:34:shell stdout: 
2017-01-24 15:20:34:shell stdout: 
2017-01-24 15:20:34:shell stdout: 
2017-01-24 15:20:35:shell stdout: 
2017-01-24 15:20:35:shell stdout: 
2017-01-24 15:20:35:shell stdout: 
2017-01-24 15:20:35:shell stdout: 
2017-01-24 15:20:35:shell stdout: 
2017-01-24 15:20:35:shell stdout: 
2017-01-24 15:20:36:shell stdout: 
2017-01-24 15:20:36:shell stdout: 
2017-01-24 15:20:36:shell stdout: 
2017-01-24 15:20:36:shell stdout: 
2017-01-24 15:20:36:shell stdout: 
2017-01-24 15:20:36:shell stdout: 
2017-01-24 15:20:36:shell stdout: 
2017-01-24 15:20:37:shell stdout: 
2017-01-24 15:20:37:shell stdout: 
2017-01-24 15:20:37:shell stdout: 
2017-01-24 15:20:37:shell stdout: 
2017-01-24 15:20:37:shell stdout: 
2017-01-24 15:20:37:shell stdout: 
2017-01-24 15:20:37:shell stdout: 
2017-01-24 15:20:37:shell stdout: 
2017-01-24 15:20:38:shell stdout: 
2017-01-24 15:20:38:shell stdout: 
2017-01-24 15:20:38:shell stdout: 
2017-01-24 15:20:38:shell stdout: 
2017-01-24 15:20:38:shell stdout: 
2017-01-24 15:20:38:shell stdout: 
2017-01-24 15:20:39:shell stdout: 
2017-01-24 15:20:39:shell stdout: 
2017-01-24 15:20:39:shell stdout: 
2017-01-24 15:20:39:shell stdout: 
2017-01-24 15:20:39:shell stdout: 
2017-01-24 15:20:39:shell stdout: 
2017-01-24 15:20:39:shell stdout: 
2017-01-24 15:20:40:shell stdout: 
2017-01-24 15:20:40:shell stdout: 
2017-01-24 15:20:40:shell stdout: 
2017-01-24 15:20:40:shell stdout: 
2017-01-24 15:20:40:shell stdout: 
2017-01-24 15:20:40:shell stdout: 
2017-01-24 15:20:41:shell stdout: 
2017-01-24 15:20:41:shell stdout: 
2017-01-24 15:20:41:shell stdout: 
2017-01-24 15:20:41:shell stdout: 
2017-01-24 15:20:41:shell stdout: 
2017-01-24 15:20:41:shell stdout: 
2017-01-24 15:20:41:shell stdout: 
2017-01-24 15:20:41:shell stdout: 
2017-01-24 15:20:41:shell stdout: 
2017-01-24 15:20:42:shell stdout: 
2017-01-24 15:20:42:shell stdout: 
2017-01-24 15:20:42:shell stdout: 
2017-01-24 15:20:42:shell stdout: 
2017-01-24 15:20:42:shell stdout: 
2017-01-24 15:20:42:shell stdout: 
2017-01-24 15:20:43:shell stdout: 
2017-01-24 15:20:43:shell stdout: 
2017-01-24 15:20:43:shell stdout: 
2017-01-24 15:20:43:shell stdout: 
2017-01-24 15:20:43:shell stdout: 
2017-01-24 15:20:43:shell stdout: 
2017-01-24 15:20:44:shell stdout: 
2017-01-24 15:20:44:shell stdout: 
2017-01-24 15:20:44:shell stdout: 
2017-01-24 15:20:44:shell stdout: 
2017-01-24 15:20:44:shell stdout: 
2017-01-24 15:20:57:no gdbExecName running, out:
2017-01-24 15:20:57:checCmd:ps -e | grep -i gdb-mic
2017-01-24 15:20:57:finished now-timestampStart < maxWaitTime*5
2017-01-24 15:20:57:now: 1485289256
2017-01-24 15:20:57:timestampStart: 1485289227
2017-01-24 15:20:57:kill cmd: killall -9 gdb-mic
2017-01-24 15:20:57:shell stdout: 
2017-01-24 15:20:57:kill cmd: ssh -T mic0 killall -9 lud_check
2017-01-24 15:20:57:shell stdout: 
2017-01-24 15:20:58:kill cmd: ssh -T mic0 killall -9 gdbserver
2017-01-24 15:20:58:shell stdout: 
2017-01-24 15:20:58:kill cmd: ssh -T mic0 killall -9 sshd
2017-01-24 15:20:58:shell stdout: 
