2016-10-25 01:02:53:Starting GDB script
2016-10-25 01:02:54:sending signal using command: 'ssh -T mic0 killall -2 needle_check' after 1.00033916165s
2016-10-25 01:02:54:shell stdout: 
2016-10-25 01:02:56:sending signal using command: 'ssh -T mic0 killall -2 needle_check' after 3.11757020062s
2016-10-25 01:02:56:shell stdout: 
2016-10-25 01:02:57:sending signal using command: 'ssh -T mic0 killall -2 needle_check' after 4.27307566712s
2016-10-25 01:02:57:shell stdout: 
2016-10-25 01:02:58:sending signal using command: 'ssh -T mic0 killall -2 needle_check' after 4.97532053759s
2016-10-25 01:02:58:shell stdout: 
2016-10-25 01:03:01:sending signal using command: 'ssh -T mic0 killall -2 needle_check' after 8.13445967758s
2016-10-25 01:03:01:shell stdout: 
2016-10-25 01:03:02:no gdbExecName running, out:
2016-10-25 01:03:02:checCmd:ps -e | grep -i gdb-mic
2016-10-25 01:03:02:finished now-timestampStart < maxWaitTime*5
2016-10-25 01:03:02:now: 1477371781
2016-10-25 01:03:02:timestampStart: 1477371773
2016-10-25 01:03:02:kill cmd: killall -9 gdb-mic
2016-10-25 01:03:02:shell stdout: 
2016-10-25 01:03:02:sending signal using command: 'ssh -T mic0 killall -2 needle_check' after 8.95291107613s
2016-10-25 01:03:02:shell stdout: 
2016-10-25 01:03:02:kill cmd: ssh -T mic0 killall -9 needle_check
2016-10-25 01:03:02:shell stdout: 
2016-10-25 01:03:03:kill cmd: ssh -T mic0 killall -9 gdbserver
2016-10-25 01:03:03:shell stdout: 
2016-10-25 01:03:03:sending signal using command: 'ssh -T mic0 killall -2 needle_check' after 9.58529575534s
2016-10-25 01:03:03:shell stdout: 
2016-10-25 01:03:03:sending signal using command: 'ssh -T mic0 killall -2 needle_check' after 9.67294864703s
2016-10-25 01:03:03:shell stdout: 
2016-10-25 01:03:03:kill cmd: ssh -T mic0 killall -9 sshd
2016-10-25 01:03:03:shell stdout: 
