2017-02-22 12:40:49:Starting GDB script
2017-02-22 12:40:49:initSignal:6.0
2017-02-22 12:40:49:endSignal:9.0
2017-02-22 12:40:49:seqSignal:15
2017-02-22 12:40:55:sending 15 signals using command: 'ssh -T mic0 killall -2 hotspot_check' after 6.3519745585s
2017-02-22 12:40:56:shell stdout: 
2017-02-22 12:40:56:shell stdout: 
2017-02-22 12:40:56:sending 15 signals using command: 'ssh -T mic0 killall -2 hotspot_check' after 7.16854748951s
2017-02-22 12:40:56:shell stdout: 
2017-02-22 12:40:56:shell stdout: 
2017-02-22 12:40:57:shell stdout: 
2017-02-22 12:40:57:shell stdout: 
2017-02-22 12:40:57:shell stdout: 
2017-02-22 12:40:57:shell stdout: 
2017-02-22 12:40:58:sending 15 signals using command: 'ssh -T mic0 killall -2 hotspot_check' after 8.77943571226s
2017-02-22 12:40:58:shell stdout: 
2017-02-22 12:40:58:shell stdout: 
2017-02-22 12:40:58:shell stdout: 
2017-02-22 12:40:58:shell stdout: 
2017-02-22 12:40:58:shell stdout: 
2017-02-22 12:40:58:shell stdout: 
2017-02-22 12:40:58:shell stdout: 
2017-02-22 12:40:59:shell stdout: 
2017-02-22 12:40:59:shell stdout: 
2017-02-22 12:40:59:shell stdout: 
2017-02-22 12:40:59:shell stdout: 
2017-02-22 12:40:59:shell stdout: 
2017-02-22 12:40:59:shell stdout: 
2017-02-22 12:40:59:shell stdout: 
2017-02-22 12:41:00:shell stdout: 
2017-02-22 12:41:00:shell stdout: 
2017-02-22 12:41:00:shell stdout: 
2017-02-22 12:41:00:shell stdout: 
2017-02-22 12:41:00:shell stdout: 
2017-02-22 12:41:00:shell stdout: 
2017-02-22 12:41:01:shell stdout: 
2017-02-22 12:41:01:shell stdout: 
2017-02-22 12:41:01:shell stdout: 
2017-02-22 12:41:01:shell stdout: 
2017-02-22 12:41:01:shell stdout: 
2017-02-22 12:41:01:shell stdout: 
2017-02-22 12:41:01:shell stdout: 
2017-02-22 12:41:01:shell stdout: 
2017-02-22 12:41:01:shell stdout: 
2017-02-22 12:41:02:shell stdout: 
2017-02-22 12:41:02:shell stdout: 
2017-02-22 12:41:02:shell stdout: 
2017-02-22 12:41:02:shell stdout: 
2017-02-22 12:41:03:shell stdout: 
2017-02-22 12:41:03:shell stdout: 
2017-02-22 12:41:03:shell stdout: 
2017-02-22 12:41:04:shell stdout: 
2017-02-22 12:41:21:no gdbExecName running, out:
2017-02-22 12:41:21:checCmd:ps -e | grep -i gdb-mic
2017-02-22 12:41:21:finished now-timestampStart < maxWaitTime*5
2017-02-22 12:41:21:now: 1487785279
2017-02-22 12:41:21:timestampStart: 1487785249
2017-02-22 12:41:21:kill cmd: killall -9 gdb-mic
2017-02-22 12:41:21:shell stdout: 
2017-02-22 12:41:21:kill cmd: ssh -T mic0 killall -9 hotspot_check
2017-02-22 12:41:21:shell stdout: 
2017-02-22 12:41:22:kill cmd: ssh -T mic0 killall -9 gdbserver
2017-02-22 12:41:22:shell stdout: 
2017-02-22 12:41:22:kill cmd: ssh -T mic0 killall -9 sshd
2017-02-22 12:41:22:shell stdout: 
