2017-01-11 16:31:13:Starting GDB script
2017-01-11 16:31:13:initSignal:14.0
2017-01-11 16:31:13:endSignal:21.0
2017-01-11 16:31:13:seqSignal:15
2017-01-11 16:31:28:sending 15 signals using command: 'ssh -T mic1 killall -2 dgemm_check' after 14.9367317692s
2017-01-11 16:31:28:shell stdout: 
2017-01-11 16:31:29:shell stdout: 
2017-01-11 16:31:29:shell stdout: 
2017-01-11 16:31:30:shell stdout: 
2017-01-11 16:31:30:shell stdout: 
2017-01-11 16:31:31:shell stdout: 
2017-01-11 16:31:31:shell stdout: 
2017-01-11 16:31:31:shell stdout: 
2017-01-11 16:31:32:shell stdout: 
2017-01-11 16:31:32:sending 15 signals using command: 'ssh -T mic1 killall -2 dgemm_check' after 19.3875082261s
2017-01-11 16:31:32:shell stdout: 
2017-01-11 16:31:33:shell stdout: 
2017-01-11 16:31:33:shell stdout: 
2017-01-11 16:31:33:shell stdout: 
2017-01-11 16:31:33:shell stdout: 
2017-01-11 16:31:33:sending 15 signals using command: 'ssh -T mic1 killall -2 dgemm_check' after 20.4267400488s
2017-01-11 16:31:34:shell stdout: 
2017-01-11 16:31:34:shell stdout: 
2017-01-11 16:31:34:shell stdout: 
2017-01-11 16:31:34:shell stdout: 
2017-01-11 16:31:34:shell stdout: 
2017-01-11 16:31:34:shell stdout: 
2017-01-11 16:31:34:shell stdout: 
2017-01-11 16:31:34:shell stdout: 
2017-01-11 16:31:35:shell stdout: 
2017-01-11 16:31:35:shell stdout: 
2017-01-11 16:31:35:shell stdout: 
2017-01-11 16:31:35:shell stdout: 
2017-01-11 16:31:35:shell stdout: 
2017-01-11 16:31:36:shell stdout: 
2017-01-11 16:31:36:shell stdout: 
2017-01-11 16:31:36:shell stdout: 
2017-01-11 16:31:36:shell stdout: 
2017-01-11 16:31:36:shell stdout: 
2017-01-11 16:31:37:shell stdout: 
2017-01-11 16:31:37:shell stdout: 
2017-01-11 16:31:37:shell stdout: 
2017-01-11 16:31:37:shell stdout: 
2017-01-11 16:31:37:shell stdout: 
2017-01-11 16:31:38:shell stdout: 
2017-01-11 16:31:38:shell stdout: 
2017-01-11 16:31:38:shell stdout: 
2017-01-11 16:31:38:shell stdout: 
2017-01-11 16:31:39:shell stdout: 
2017-01-11 16:31:39:shell stdout: 
2017-01-11 16:31:39:shell stdout: 
2017-01-11 16:31:40:shell stdout: 
2017-01-11 16:33:25:no gdbExecName running, out:
2017-01-11 16:33:25:checCmd:ps -e | grep -i gdb-mic
2017-01-11 16:33:25:finished now-timestampStart < maxWaitTime*5
2017-01-11 16:33:25:now: 1484170396
2017-01-11 16:33:25:timestampStart: 1484170273
2017-01-11 16:33:25:kill cmd: killall -9 gdb-mic
2017-01-11 16:33:25:shell stdout: 
2017-01-11 16:33:26:kill cmd: ssh -T mic1 killall -9 dgemm_check
2017-01-11 16:33:26:shell stdout: 
2017-01-11 16:33:26:kill cmd: ssh -T mic1 killall -9 gdbserver
2017-01-11 16:33:26:shell stdout: 
2017-01-11 16:33:27:kill cmd: ssh -T mic1 killall -9 sshd
2017-01-11 16:33:27:shell stdout: 
