[INFO -- 2017-02-27 03:56:47]
Starting GDB script
[INFO -- 2017-02-27 03:56:47]
initSignal:3.0
[INFO -- 2017-02-27 03:56:47]
endSignal:6.0
[INFO -- 2017-02-27 03:56:47]
seqSignal:15
[INFO -- 2017-02-27 03:56:51]
sending 15 signals using command: 'ssh -T mic0 killall -2 hotspot_check' after 4.70683656928s
[INFO -- 2017-02-27 03:56:52]
sending 15 signals using command: 'ssh -T mic0 killall -2 hotspot_check' after 5.05870538412s
[INFO -- 2017-02-27 03:56:52]
shell stdout: 
[INFO -- 2017-02-27 03:56:52]
shell stdout: 
[INFO -- 2017-02-27 03:56:52]
sending 15 signals using command: 'ssh -T mic0 killall -2 hotspot_check' after 5.48201313786s
[INFO -- 2017-02-27 03:56:52]
shell stdout: 
[INFO -- 2017-02-27 03:56:53]
shell stdout: 
[INFO -- 2017-02-27 03:56:53]
shell stdout: 
[INFO -- 2017-02-27 03:56:53]
shell stdout: 
[INFO -- 2017-02-27 03:56:53]
shell stdout: 
[INFO -- 2017-02-27 03:56:53]
shell stdout: 
[INFO -- 2017-02-27 03:56:53]
shell stdout: 
[INFO -- 2017-02-27 03:56:53]
shell stdout: 
[INFO -- 2017-02-27 03:56:53]
shell stdout: 
[INFO -- 2017-02-27 03:56:53]
shell stdout: 
[INFO -- 2017-02-27 03:56:54]
shell stdout: 
[INFO -- 2017-02-27 03:56:54]
shell stdout: 
[INFO -- 2017-02-27 03:56:54]
shell stdout: 
[INFO -- 2017-02-27 03:56:54]
shell stdout: 
[INFO -- 2017-02-27 03:56:54]
shell stdout: 
[INFO -- 2017-02-27 03:56:54]
shell stdout: 
[INFO -- 2017-02-27 03:56:55]
shell stdout: 
[INFO -- 2017-02-27 03:56:55]
shell stdout: 
[INFO -- 2017-02-27 03:56:55]
shell stdout: 
[INFO -- 2017-02-27 03:56:55]
shell stdout: 
[INFO -- 2017-02-27 03:56:55]
shell stdout: 
[INFO -- 2017-02-27 03:56:55]
shell stdout: 
[INFO -- 2017-02-27 03:56:56]
shell stdout: 
[INFO -- 2017-02-27 03:56:56]
shell stdout: 
[INFO -- 2017-02-27 03:56:56]
shell stdout: 
[INFO -- 2017-02-27 03:56:56]
shell stdout: 
[INFO -- 2017-02-27 03:56:56]
shell stdout: 
[INFO -- 2017-02-27 03:56:56]
shell stdout: 
[INFO -- 2017-02-27 03:56:56]
shell stdout: 
[INFO -- 2017-02-27 03:56:56]
shell stdout: 
[INFO -- 2017-02-27 03:56:56]
shell stdout: 
[INFO -- 2017-02-27 03:56:57]
shell stdout: 
[INFO -- 2017-02-27 03:56:57]
shell stdout: 
[INFO -- 2017-02-27 03:56:57]
shell stdout: 
[INFO -- 2017-02-27 03:56:57]
shell stdout: 
[INFO -- 2017-02-27 03:56:57]
shell stdout: 
[INFO -- 2017-02-27 03:56:57]
shell stdout: 
[INFO -- 2017-02-27 03:56:58]
shell stdout: 
[INFO -- 2017-02-27 03:56:58]
shell stdout: 
[INFO -- 2017-02-27 03:56:58]
shell stdout: 
[INFO -- 2017-02-27 03:56:58]
shell stdout: 
[INFO -- 2017-02-27 03:56:58]
shell stdout: 
[INFO -- 2017-02-27 03:56:58]
shell stdout: 
[INFO -- 2017-02-27 03:57:48]
no gdbExecName running, out:
[INFO -- 2017-02-27 03:57:48]
checCmd:ps -e | grep -i gdb-mic
[INFO -- 2017-02-27 03:57:48]
finished now-timestampStart < maxWaitTime*5
[INFO -- 2017-02-27 03:57:48]
now: 1488185866
[INFO -- 2017-02-27 03:57:48]
timestampStart: 1488185807
[INFO -- 2017-02-27 03:57:48]
kill cmd: killall -9 gdb-mic
[INFO -- 2017-02-27 03:57:48]
shell stdout: 
[INFO -- 2017-02-27 03:57:48]
kill cmd: ssh -T mic0 killall -9 hotspot_check
[INFO -- 2017-02-27 03:57:48]
shell stdout: 
[INFO -- 2017-02-27 03:57:49]
kill cmd: ssh -T mic0 killall -9 gdbserver
[INFO -- 2017-02-27 03:57:49]
shell stdout: 
[INFO -- 2017-02-27 03:57:49]
kill cmd: ssh -T mic0 killall -9 sshd
[INFO -- 2017-02-27 03:57:49]
shell stdout: 
