2016-11-01 06:12:45:sending signal using command: 'ssh -T mic0 killall -2 hotspot_check' after 12.8397195105s
2016-11-01 06:12:45:shell stdout: 
2016-11-01 06:12:47:sending signal using command: 'ssh -T mic0 killall -2 hotspot_check' after 14.7075248074s
2016-11-01 06:12:47:shell stdout: 
2016-11-01 06:12:47:Starting GDB script
2016-11-01 06:12:49:sending signal using command: 'ssh -T mic0 killall -2 hotspot_check' after 1.26030131138s
2016-11-01 06:12:49:shell stdout: 
2016-11-01 06:12:49:sending signal using command: 'ssh -T mic0 killall -2 hotspot_check' after 1.30176620554s
2016-11-01 06:12:49:shell stdout: 
2016-11-01 06:12:51:sending signal using command: 'ssh -T mic0 killall -2 hotspot_check' after 3.58559771273s
2016-11-01 06:12:51:shell stdout: 
2016-11-01 06:12:54:sending signal using command: 'ssh -T mic0 killall -2 hotspot_check' after 6.55902184326s
2016-11-01 06:12:54:shell stdout: 
2016-11-01 06:12:55:sending signal using command: 'ssh -T mic0 killall -2 hotspot_check' after 7.37831443691s
2016-11-01 06:12:55:shell stdout: 
2016-11-01 06:12:57:sending signal using command: 'ssh -T mic0 killall -2 hotspot_check' after 9.80760738357s
2016-11-01 06:12:57:shell stdout: 
2016-11-01 06:12:59:sending signal using command: 'ssh -T mic0 killall -2 hotspot_check' after 11.3019469329s
2016-11-01 06:12:59:shell stdout: 
2016-11-01 06:13:00:sending signal using command: 'ssh -T mic0 killall -2 hotspot_check' after 12.4280803138s
2016-11-01 06:13:00:shell stdout: 
2016-11-01 06:13:02:sending signal using command: 'ssh -T mic0 killall -2 hotspot_check' after 14.6950470762s
2016-11-01 06:13:02:shell stdout: 
2016-11-01 06:13:02:sending signal using command: 'ssh -T mic0 killall -2 hotspot_check' after 14.7333379305s
2016-11-01 06:13:02:shell stdout: 
2016-11-01 06:13:07:no gdbExecName running, out:
2016-11-01 06:13:07:checCmd:ps -e | grep -i gdb-mic
2016-11-01 06:13:07:finished now-timestampStart < maxWaitTime*5
2016-11-01 06:13:07:now: 1477995186
2016-11-01 06:13:07:timestampStart: 1477995167
2016-11-01 06:13:07:kill cmd: killall -9 gdb-mic
2016-11-01 06:13:07:shell stdout: 
2016-11-01 06:13:08:kill cmd: ssh -T mic0 killall -9 hotspot_check
2016-11-01 06:13:08:shell stdout: 
2016-11-01 06:13:08:kill cmd: ssh -T mic0 killall -9 gdbserver
2016-11-01 06:13:08:shell stdout: 
