2016-10-19 23:47:50:Starting GDB script
2016-10-19 23:47:51:sending signal using command: 'ssh -T mic0 killall -2 needle_check' after 0.0820785427726s
2016-10-19 23:47:51:shell stdout: 
2016-10-19 23:47:52:sending signal using command: 'ssh -T mic0 killall -2 needle_check' after 1.21894729724s
2016-10-19 23:47:52:shell stdout: 
2016-10-19 23:47:58:sending signal using command: 'ssh -T mic0 killall -2 needle_check' after 6.90856996484s
2016-10-19 23:47:58:shell stdout: 
2016-10-19 23:47:59:sending signal using command: 'ssh -T mic0 killall -2 needle_check' after 8.09376666503s
2016-10-19 23:47:59:shell stdout: 
2016-10-19 23:47:59:sending signal using command: 'ssh -T mic0 killall -2 needle_check' after 8.12456449011s
2016-10-19 23:47:59:shell stdout: 
2016-10-19 23:48:01:sending signal using command: 'ssh -T mic0 killall -2 needle_check' after 10.041348443s
2016-10-19 23:48:01:shell stdout: 
2016-10-19 23:48:01:sending signal using command: 'ssh -T mic0 killall -2 needle_check' after 10.1880460522s
2016-10-19 23:48:01:shell stdout: 
2016-10-19 23:48:03:sending signal using command: 'ssh -T mic0 killall -2 needle_check' after 12.0019472094s
2016-10-19 23:48:03:shell stdout: 
2016-10-19 23:48:04:sending signal using command: 'ssh -T mic0 killall -2 needle_check' after 13.0183651411s
2016-10-19 23:48:04:shell stdout: 
2016-10-19 23:48:04:sending signal using command: 'ssh -T mic0 killall -2 needle_check' after 13.6196189253s
2016-10-19 23:48:04:shell stdout: 
2016-10-19 23:48:11:no gdbExecName running, out:
2016-10-19 23:48:11:checCmd:ps -e | grep -i gdb-mic
2016-10-19 23:48:11:finished now-timestampStart < maxWaitTime*5
2016-10-19 23:48:11:now: 1476935290
2016-10-19 23:48:11:timestampStart: 1476935270
2016-10-19 23:48:11:kill cmd: killall -9 gdb-mic
2016-10-19 23:48:11:shell stdout: 
2016-10-19 23:48:11:kill cmd: ssh -T mic0 killall -9 needle_check
2016-10-19 23:48:11:shell stdout: 
2016-10-19 23:48:11:kill cmd: ssh -T mic0 killall -9 gdbserver
2016-10-19 23:48:11:shell stdout: 
2016-10-19 23:48:12:kill cmd: ssh -T mic0 killall -9 sshd
2016-10-19 23:48:12:shell stdout: 
