2016-10-13 03:46:43:Starting GDB script
2016-10-13 03:46:45:sending signal using command: 'ssh -T mic0 killall -2 lavamd' after 0.860278699143s
2016-10-13 03:46:45:shell stdout: 
2016-10-13 03:46:45:sending signal using command: 'ssh -T mic0 killall -2 lavamd' after 1.75492410877s
2016-10-13 03:46:45:shell stdout: 
2016-10-13 03:46:46:sending signal using command: 'ssh -T mic0 killall -2 lavamd' after 2.20466830706s
2016-10-13 03:46:46:shell stdout: 
2016-10-13 03:46:48:sending signal using command: 'ssh -T mic0 killall -2 lavamd' after 3.29002204937s
2016-10-13 03:46:48:shell stdout: 
2016-10-13 03:46:49:sending signal using command: 'ssh -T mic0 killall -2 lavamd' after 3.97100821368s
2016-10-13 03:46:49:shell stdout: 
2016-10-13 03:46:49:sending signal using command: 'ssh -T mic0 killall -2 lavamd' after 4.32742931381s
2016-10-13 03:46:49:shell stdout: 
2016-10-13 03:46:51:sending signal using command: 'ssh -T mic0 killall -2 lavamd' after 7.2102601927s
2016-10-13 03:46:51:shell stdout: 
2016-10-13 03:46:53:sending signal using command: 'ssh -T mic0 killall -2 lavamd' after 8.87653381716s
2016-10-13 03:46:53:shell stdout: 
2016-10-13 03:46:53:sending signal using command: 'ssh -T mic0 killall -2 lavamd' after 9.05626814415s
2016-10-13 03:46:53:shell stdout: 
2016-10-13 03:46:54:sending signal using command: 'ssh -T mic0 killall -2 lavamd' after 9.84816677466s
2016-10-13 03:46:54:shell stdout: 
2016-10-13 03:47:00:no gdbExecName running, out:
2016-10-13 03:47:00:checCmd:ps -e | grep -i gdb-mic
2016-10-13 03:47:00:finished now-timestampStart < maxWaitTime*5
2016-10-13 03:47:00:now: 1476344819
2016-10-13 03:47:00:timestampStart: 1476344803
2016-10-13 03:47:00:kill cmd: killall -9 gdb-mic
2016-10-13 03:47:00:shell stdout: 
2016-10-13 03:47:00:kill cmd: ssh -T mic0 killall -9 lavamd
2016-10-13 03:47:00:shell stdout: 
2016-10-13 03:47:00:kill cmd: ssh -T mic0 killall -9 gdbserver
2016-10-13 03:47:00:shell stdout: 
2016-10-13 03:47:01:kill cmd: ssh -T mic0 killall -9 sshd
2016-10-13 03:47:01:shell stdout: 
