2017-02-21 13:04:29:Starting flip_value script
2017-02-21 13:04:29:Initialization strings:
2017-02-21 13:04:30:(1) target extended-remote | ssh -T mic0 gdbserver --multi -
2017-02-21 13:04:30:(2) set sysroot /opt/mpss/3.7/sysroots/k1om-mpss-linux/
2017-02-21 13:04:30:(3) set sysroot /opt/mpss/3.7/sysroots/k1om-mpss-linux/
2017-02-21 13:04:30:(4) file /micNfs/gdb-fault-injection/injector/bin/clamr/clamr_openmponly
2017-02-21 13:04:30:(5) set remote exec-file /micNfs/gdb-fault-injection/injector/bin/clamr/clamr_openmponly
2017-02-21 13:04:30:(6) cd /micNfs/gdb-fault-injection/injector/bin/clamr
2017-02-21 13:04:30:(7) set args -n 512 -t 100 -g 100 -G data -j md5file
2017-02-21 13:04:30:initSignal:15
2017-02-21 13:04:30:endSignal:20
2017-02-21 13:04:30:seqSignal:20
2017-02-21 13:04:45:Backtrace BEGIN:
2017-02-21 13:04:45:#0  0x0000000000471655 in State::mass_sum (this=0x7fa5e0, enhanced_precision_sum=1) at /micNfs/gdb-fault-injection/injector/src/clamr/CLAMR/state.cpp:2988
#1  0x000000000044532f in main (argc=11, argv=0x7fffffffec58) at /micNfs/gdb-fault-injection/injector/src/clamr/CLAMR/clamr_cpuonly.cpp:292

2017-02-21 13:04:45:2983	      local.correction = 0.0;
2984	      int ic;
2985	      for (ic = 0; ic < (int)ncells; ic++) {
2986	         if (celltype[ic] == REAL_CELL) {
2987	            //  Exclude boundary cells.
2988	            corrected_next_term= H[ic]*mesh->lev_deltax[level[ic]]*mesh->lev_deltay[level[ic]] + local.correction;
2989	            new_sum            = local.sum + local.correction;
2990	            local.correction   = corrected_next_term - (new_sum - local.sum);
2991	            local.sum          = new_sum;
2992	         }

2017-02-21 13:04:45:Backtrace END
2017-02-21 13:04:51:Type: A floating point type.
2017-02-21 13:04:51:Type sizeof: 8
2017-02-21 13:04:51:Mem contents(hex):0x000x000x000x000xb80xda0x020x41
2017-02-21 13:04:51:Fault Mode: Single bit-flip
2017-02-21 13:04:51:base address to flip value: 0x7fffffffe798
2017-02-21 13:04:51:address max offset: 8
2017-02-21 13:04:51:Memory content before bitflip:0x000x000x000x000xb80xda0x020x41
2017-02-21 13:04:51:Memory content after  bitflip:0x020x000x000x000xb80xda0x020x41
2017-02-21 13:04:51:Mem contents(hex):0x020x000x000x000xb80xda0x020x41
2017-02-21 13:04:51:frame name: State::mass_sum
2017-02-21 13:04:51:symbol name: new_sum
2017-02-21 13:04:51:symbol filename: /micNfs/gdb-fault-injection/injector/src/clamr/CLAMR/state.cpp
2017-02-21 13:04:51:symbol line: 2976
2017-02-21 13:04:51:value: 154455.00000000006
2017-02-21 13:04:51:value address: 0x7fffffffe798
2017-02-21 13:04:51:Type: A floating point type.
2017-02-21 13:04:51:Type sizeof: 8
2017-02-21 13:04:51:Fault Injection Successful after 21.1131930351s
2017-02-21 13:05:52:event type: exit
2017-02-21 13:05:52:exit code: 0
