[INFO -- 2017-02-26 15:14:41]
Starting GDB script
[INFO -- 2017-02-26 15:14:41]
initSignal:12.0
[INFO -- 2017-02-26 15:14:41]
endSignal:15.0
[INFO -- 2017-02-26 15:14:41]
seqSignal:15
[INFO -- 2017-02-26 15:14:53]
sending 15 signals using command: 'ssh -T mic0 killall -2 hotspot_check' after 12.2079892577s
[INFO -- 2017-02-26 15:14:54]
shell stdout: 
[INFO -- 2017-02-26 15:14:54]
shell stdout: 
[INFO -- 2017-02-26 15:14:55]
shell stdout: 
[INFO -- 2017-02-26 15:14:55]
sending 15 signals using command: 'ssh -T mic0 killall -2 hotspot_check' after 13.7440520475s
[INFO -- 2017-02-26 15:14:55]
shell stdout: 
[INFO -- 2017-02-26 15:14:55]
sending 15 signals using command: 'ssh -T mic0 killall -2 hotspot_check' after 13.9346272681s
[INFO -- 2017-02-26 15:14:55]
shell stdout: 
[INFO -- 2017-02-26 15:14:55]
shell stdout: 
[INFO -- 2017-02-26 15:14:56]
shell stdout: 
[INFO -- 2017-02-26 15:14:56]
shell stdout: 
[INFO -- 2017-02-26 15:14:56]
shell stdout: 
[INFO -- 2017-02-26 15:14:56]
shell stdout: 
[INFO -- 2017-02-26 15:14:56]
shell stdout: 
[INFO -- 2017-02-26 15:14:57]
shell stdout: 
[INFO -- 2017-02-26 15:14:57]
shell stdout: 
[INFO -- 2017-02-26 15:14:57]
shell stdout: 
[INFO -- 2017-02-26 15:14:57]
shell stdout: 
[INFO -- 2017-02-26 15:14:57]
shell stdout: 
[INFO -- 2017-02-26 15:14:57]
shell stdout: 
[INFO -- 2017-02-26 15:14:58]
shell stdout: 
[INFO -- 2017-02-26 15:14:58]
shell stdout: 
[INFO -- 2017-02-26 15:14:58]
shell stdout: 
[INFO -- 2017-02-26 15:14:58]
shell stdout: 
[INFO -- 2017-02-26 15:14:58]
shell stdout: 
[INFO -- 2017-02-26 15:14:58]
shell stdout: 
[INFO -- 2017-02-26 15:14:59]
shell stdout: 
[INFO -- 2017-02-26 15:14:59]
shell stdout: 
[INFO -- 2017-02-26 15:14:59]
shell stdout: 
[INFO -- 2017-02-26 15:14:59]
shell stdout: 
[INFO -- 2017-02-26 15:14:59]
shell stdout: 
[INFO -- 2017-02-26 15:15:00]
shell stdout: 
[INFO -- 2017-02-26 15:15:00]
shell stdout: 
[INFO -- 2017-02-26 15:15:00]
shell stdout: 
[INFO -- 2017-02-26 15:15:00]
shell stdout: 
[INFO -- 2017-02-26 15:15:00]
shell stdout: 
[INFO -- 2017-02-26 15:15:01]
shell stdout: 
[INFO -- 2017-02-26 15:15:01]
shell stdout: 
[INFO -- 2017-02-26 15:15:01]
shell stdout: 
[INFO -- 2017-02-26 15:15:01]
shell stdout: 
[INFO -- 2017-02-26 15:15:01]
shell stdout: 
[INFO -- 2017-02-26 15:15:02]
shell stdout: 
[INFO -- 2017-02-26 15:15:02]
shell stdout: 
[INFO -- 2017-02-26 15:15:02]
shell stdout: 
[INFO -- 2017-02-26 15:15:02]
shell stdout: 
[INFO -- 2017-02-26 15:15:03]
shell stdout: 
[INFO -- 2017-02-26 15:15:03]
shell stdout: 
[INFO -- 2017-02-26 15:15:03]
shell stdout: 
[INFO -- 2017-02-26 15:15:13]
no gdbExecName running, out:
[INFO -- 2017-02-26 15:15:13]
checCmd:ps -e | grep -i gdb-mic
[INFO -- 2017-02-26 15:15:13]
finished now-timestampStart < maxWaitTime*5
[INFO -- 2017-02-26 15:15:13]
now: 1488140112
[INFO -- 2017-02-26 15:15:13]
timestampStart: 1488140081
[INFO -- 2017-02-26 15:15:13]
kill cmd: killall -9 gdb-mic
[INFO -- 2017-02-26 15:15:13]
shell stdout: 
[INFO -- 2017-02-26 15:15:14]
kill cmd: ssh -T mic0 killall -9 hotspot_check
[INFO -- 2017-02-26 15:15:14]
shell stdout: 
[INFO -- 2017-02-26 15:15:14]
kill cmd: ssh -T mic0 killall -9 gdbserver
[INFO -- 2017-02-26 15:15:14]
shell stdout: 
[INFO -- 2017-02-26 15:15:14]
kill cmd: ssh -T mic0 killall -9 sshd
[INFO -- 2017-02-26 15:15:14]
shell stdout: 
