[INFO -- 2017-03-07 09:40:56]
Starting GDB script
[INFO -- 2017-03-07 09:40:56]
initSignal:7.0
[INFO -- 2017-03-07 09:40:56]
endSignal:14.0
[INFO -- 2017-03-07 09:40:56]
seqSignal:15
[INFO -- 2017-03-07 09:41:05]
sending 15 signals using command: 'ssh -T mic1 killall -2 dgemm_check' after 9.15355296766s
[INFO -- 2017-03-07 09:41:06]
shell stdout: 
[INFO -- 2017-03-07 09:41:06]
shell stdout: 
[INFO -- 2017-03-07 09:41:07]
shell stdout: 
[INFO -- 2017-03-07 09:41:07]
shell stdout: 
[INFO -- 2017-03-07 09:41:07]
sending 15 signals using command: 'ssh -T mic1 killall -2 dgemm_check' after 11.3101104675s
[INFO -- 2017-03-07 09:41:08]
shell stdout: 
[INFO -- 2017-03-07 09:41:08]
sending 15 signals using command: 'ssh -T mic1 killall -2 dgemm_check' after 11.5939699118s
[INFO -- 2017-03-07 09:41:08]
shell stdout: 
[INFO -- 2017-03-07 09:41:08]
shell stdout: 
[INFO -- 2017-03-07 09:41:08]
shell stdout: 
[INFO -- 2017-03-07 09:41:08]
shell stdout: 
[INFO -- 2017-03-07 09:41:09]
shell stdout: 
[INFO -- 2017-03-07 09:41:09]
shell stdout: 
[INFO -- 2017-03-07 09:41:09]
shell stdout: 
[INFO -- 2017-03-07 09:41:09]
shell stdout: 
[INFO -- 2017-03-07 09:41:09]
shell stdout: 
[INFO -- 2017-03-07 09:41:09]
shell stdout: 
[INFO -- 2017-03-07 09:41:09]
shell stdout: 
[INFO -- 2017-03-07 09:41:09]
shell stdout: 
[INFO -- 2017-03-07 09:41:09]
shell stdout: 
[INFO -- 2017-03-07 09:41:10]
shell stdout: 
[INFO -- 2017-03-07 09:41:10]
shell stdout: 
[INFO -- 2017-03-07 09:41:10]
shell stdout: 
[INFO -- 2017-03-07 09:41:10]
shell stdout: 
[INFO -- 2017-03-07 09:41:10]
shell stdout: 
[INFO -- 2017-03-07 09:41:10]
shell stdout: 
[INFO -- 2017-03-07 09:41:11]
shell stdout: 
[INFO -- 2017-03-07 09:41:11]
shell stdout: 
[INFO -- 2017-03-07 09:41:11]
shell stdout: 
[INFO -- 2017-03-07 09:41:11]
shell stdout: 
[INFO -- 2017-03-07 09:41:11]
shell stdout: 
[INFO -- 2017-03-07 09:41:11]
shell stdout: 
[INFO -- 2017-03-07 09:41:12]
shell stdout: 
[INFO -- 2017-03-07 09:41:12]
shell stdout: 
[INFO -- 2017-03-07 09:41:12]
shell stdout: 
[INFO -- 2017-03-07 09:41:12]
shell stdout: 
[INFO -- 2017-03-07 09:41:12]
shell stdout: 
[INFO -- 2017-03-07 09:41:12]
shell stdout: 
[INFO -- 2017-03-07 09:41:12]
shell stdout: 
[INFO -- 2017-03-07 09:41:13]
shell stdout: 
[INFO -- 2017-03-07 09:41:13]
shell stdout: 
[INFO -- 2017-03-07 09:41:13]
shell stdout: 
[INFO -- 2017-03-07 09:41:13]
shell stdout: 
[INFO -- 2017-03-07 09:41:13]
shell stdout: 
[INFO -- 2017-03-07 09:41:14]
shell stdout: 
[INFO -- 2017-03-07 09:41:14]
shell stdout: 
[INFO -- 2017-03-07 09:41:14]
shell stdout: 
[INFO -- 2017-03-07 09:42:16]
no gdbExecName running, out:
[INFO -- 2017-03-07 09:42:16]
checCmd:ps -e | grep -i gdb-mic
[INFO -- 2017-03-07 09:42:16]
finished now-timestampStart < maxWaitTime*5
[INFO -- 2017-03-07 09:42:16]
now: 1488897727
[INFO -- 2017-03-07 09:42:16]
timestampStart: 1488897656
[INFO -- 2017-03-07 09:42:16]
kill cmd: killall -9 gdb-mic
[INFO -- 2017-03-07 09:42:16]
shell stdout: 
[INFO -- 2017-03-07 09:42:16]
kill cmd: ssh -T mic1 killall -9 dgemm_check
[INFO -- 2017-03-07 09:42:16]
shell stdout: 
[INFO -- 2017-03-07 09:42:16]
kill cmd: ssh -T mic1 killall -9 gdbserver
[INFO -- 2017-03-07 09:42:16]
shell stdout: 
[INFO -- 2017-03-07 09:42:17]
kill cmd: ssh -T mic1 killall -9 sshd
[INFO -- 2017-03-07 09:42:17]
shell stdout: 
