[INFO -- 2017-03-07 22:18:07]
Starting GDB script
[INFO -- 2017-03-07 22:18:07]
initSignal:2.0
[INFO -- 2017-03-07 22:18:07]
endSignal:4.0
[INFO -- 2017-03-07 22:18:07]
seqSignal:30
[INFO -- 2017-03-07 22:18:09]
sending 30 signals using command: 'ssh -T mic0 killall -2 lud_check' after 2.264559744s
[INFO -- 2017-03-07 22:18:10]
sending 30 signals using command: 'ssh -T mic0 killall -2 lud_check' after 3.17700321668s
[INFO -- 2017-03-07 22:18:10]
shell stdout: 
[INFO -- 2017-03-07 22:18:10]
shell stdout: 
[INFO -- 2017-03-07 22:18:10]
shell stdout: 
[INFO -- 2017-03-07 22:18:10]
sending 30 signals using command: 'ssh -T mic0 killall -2 lud_check' after 3.75558753213s
[INFO -- 2017-03-07 22:18:11]
shell stdout: 
[INFO -- 2017-03-07 22:18:11]
shell stdout: 
[INFO -- 2017-03-07 22:18:11]
shell stdout: 
[INFO -- 2017-03-07 22:18:11]
shell stdout: 
[INFO -- 2017-03-07 22:18:11]
shell stdout: 
[INFO -- 2017-03-07 22:18:11]
shell stdout: 
[INFO -- 2017-03-07 22:18:12]
shell stdout: 
[INFO -- 2017-03-07 22:18:12]
shell stdout: 
[INFO -- 2017-03-07 22:18:12]
shell stdout: 
[INFO -- 2017-03-07 22:18:12]
shell stdout: 
[INFO -- 2017-03-07 22:18:12]
shell stdout: 
[INFO -- 2017-03-07 22:18:12]
shell stdout: 
[INFO -- 2017-03-07 22:18:12]
shell stdout: 
[INFO -- 2017-03-07 22:18:12]
shell stdout: 
[INFO -- 2017-03-07 22:18:12]
shell stdout: 
[INFO -- 2017-03-07 22:18:13]
shell stdout: 
[INFO -- 2017-03-07 22:18:13]
shell stdout: 
[INFO -- 2017-03-07 22:18:13]
shell stdout: 
[INFO -- 2017-03-07 22:18:13]
shell stdout: 
[INFO -- 2017-03-07 22:18:13]
shell stdout: 
[INFO -- 2017-03-07 22:18:13]
shell stdout: 
[INFO -- 2017-03-07 22:18:14]
shell stdout: 
[INFO -- 2017-03-07 22:18:14]
shell stdout: 
[INFO -- 2017-03-07 22:18:14]
shell stdout: 
[INFO -- 2017-03-07 22:18:14]
shell stdout: 
[INFO -- 2017-03-07 22:18:14]
shell stdout: 
[INFO -- 2017-03-07 22:18:14]
shell stdout: 
[INFO -- 2017-03-07 22:18:15]
shell stdout: 
[INFO -- 2017-03-07 22:18:15]
shell stdout: 
[INFO -- 2017-03-07 22:18:15]
shell stdout: 
[INFO -- 2017-03-07 22:18:15]
shell stdout: 
[INFO -- 2017-03-07 22:18:15]
shell stdout: 
[INFO -- 2017-03-07 22:18:15]
shell stdout: 
[INFO -- 2017-03-07 22:18:16]
shell stdout: 
[INFO -- 2017-03-07 22:18:16]
shell stdout: 
[INFO -- 2017-03-07 22:18:16]
shell stdout: 
[INFO -- 2017-03-07 22:18:16]
shell stdout: 
[INFO -- 2017-03-07 22:18:16]
shell stdout: 
[INFO -- 2017-03-07 22:18:16]
shell stdout: 
[INFO -- 2017-03-07 22:18:16]
shell stdout: 
[INFO -- 2017-03-07 22:18:17]
shell stdout: 
[INFO -- 2017-03-07 22:18:17]
shell stdout: 
[INFO -- 2017-03-07 22:18:17]
shell stdout: 
[INFO -- 2017-03-07 22:18:17]
shell stdout: 
[INFO -- 2017-03-07 22:18:17]
shell stdout: 
[INFO -- 2017-03-07 22:18:17]
shell stdout: 
[INFO -- 2017-03-07 22:18:17]
shell stdout: 
[INFO -- 2017-03-07 22:18:17]
shell stdout: 
[INFO -- 2017-03-07 22:18:18]
shell stdout: 
[INFO -- 2017-03-07 22:18:18]
shell stdout: 
[INFO -- 2017-03-07 22:18:18]
shell stdout: 
[INFO -- 2017-03-07 22:18:18]
shell stdout: 
[INFO -- 2017-03-07 22:18:18]
shell stdout: 
[INFO -- 2017-03-07 22:18:18]
shell stdout: 
[INFO -- 2017-03-07 22:18:19]
shell stdout: 
[INFO -- 2017-03-07 22:18:19]
shell stdout: 
[INFO -- 2017-03-07 22:18:19]
shell stdout: 
[INFO -- 2017-03-07 22:18:19]
shell stdout: 
[INFO -- 2017-03-07 22:18:19]
shell stdout: 
[INFO -- 2017-03-07 22:18:19]
shell stdout: 
[INFO -- 2017-03-07 22:18:19]
shell stdout: 
[INFO -- 2017-03-07 22:18:20]
shell stdout: 
[INFO -- 2017-03-07 22:18:20]
shell stdout: 
[INFO -- 2017-03-07 22:18:20]
shell stdout: 
[INFO -- 2017-03-07 22:18:20]
shell stdout: 
[INFO -- 2017-03-07 22:18:20]
shell stdout: 
[INFO -- 2017-03-07 22:18:20]
shell stdout: 
[INFO -- 2017-03-07 22:18:20]
shell stdout: 
[INFO -- 2017-03-07 22:18:20]
shell stdout: 
[INFO -- 2017-03-07 22:18:21]
shell stdout: 
[INFO -- 2017-03-07 22:18:21]
shell stdout: 
[INFO -- 2017-03-07 22:18:21]
shell stdout: 
[INFO -- 2017-03-07 22:18:21]
shell stdout: 
[INFO -- 2017-03-07 22:18:21]
shell stdout: 
[INFO -- 2017-03-07 22:18:21]
shell stdout: 
[INFO -- 2017-03-07 22:18:22]
shell stdout: 
[INFO -- 2017-03-07 22:18:22]
shell stdout: 
[INFO -- 2017-03-07 22:18:22]
shell stdout: 
[INFO -- 2017-03-07 22:18:22]
shell stdout: 
[INFO -- 2017-03-07 22:18:22]
shell stdout: 
[INFO -- 2017-03-07 22:18:22]
shell stdout: 
[INFO -- 2017-03-07 22:18:22]
shell stdout: 
[INFO -- 2017-03-07 22:18:23]
shell stdout: 
[INFO -- 2017-03-07 22:18:23]
shell stdout: 
[INFO -- 2017-03-07 22:18:23]
shell stdout: 
[INFO -- 2017-03-07 22:18:23]
shell stdout: 
[INFO -- 2017-03-07 22:18:23]
shell stdout: 
[INFO -- 2017-03-07 22:18:43]
no gdbExecName running, out:
[INFO -- 2017-03-07 22:18:43]
checCmd:ps -e | grep -i gdb-mic
[INFO -- 2017-03-07 22:18:43]
finished now-timestampStart < maxWaitTime*5
[INFO -- 2017-03-07 22:18:43]
now: 1488943122
[INFO -- 2017-03-07 22:18:43]
timestampStart: 1488943087
[INFO -- 2017-03-07 22:18:43]
kill cmd: killall -9 gdb-mic
[INFO -- 2017-03-07 22:18:43]
shell stdout: 
[INFO -- 2017-03-07 22:18:43]
kill cmd: ssh -T mic0 killall -9 lud_check
[INFO -- 2017-03-07 22:18:43]
shell stdout: 
[INFO -- 2017-03-07 22:18:44]
kill cmd: ssh -T mic0 killall -9 gdbserver
[INFO -- 2017-03-07 22:18:44]
shell stdout: 
[INFO -- 2017-03-07 22:18:44]
kill cmd: ssh -T mic0 killall -9 sshd
[INFO -- 2017-03-07 22:18:44]
shell stdout: 
