2017-02-28 16:52:11:Starting flip_value script
2017-02-28 16:52:11:Initialization strings:
2017-02-28 16:52:11:(1) target extended-remote | ssh -T mic0 gdbserver --multi -
2017-02-28 16:52:11:(2) set sysroot /opt/mpss/3.7/sysroots/k1om-mpss-linux/
2017-02-28 16:52:11:(3) set sysroot /opt/mpss/3.7/sysroots/k1om-mpss-linux/
2017-02-28 16:52:11:(4) file /micNfs/gdb-fault-injection/injector/bin/nw/needle_check
2017-02-28 16:52:11:(5) set remote exec-file /micNfs/gdb-fault-injection/injector/bin/nw/needle_check
2017-02-28 16:52:11:(6) set args 16394 10 228 /micNfs/gdb-fault-injection/injector/bin/nw/input_16394_th_228_pen_10 /micNfs/gdb-fault-injection/injector/bin/nw/gold_16394_th_228_pen_10
2017-02-28 16:52:11:initSignal:4
2017-02-28 16:52:11:endSignal:8
2017-02-28 16:52:11:seqSignal:30
2017-02-28 16:52:16:Backtrace BEGIN:
2017-02-28 16:52:16:#0  0x00007ffff6e245d0 in __read_nocancel () at ../sysdeps/unix/syscall-template.S:81
#1  0x00007ffff6dd0911 in __GI__IO_file_xsgetn (fp=0x619b30, data=<optimized out>, n=1075184100) at fileops.c:1422
#2  0x00007ffff6dc6929 in __GI__IO_fread (buf=<optimized out>, size=1075184100, count=1, fp=0x619b30) at iofread.c:42
#3  0x00000000004014f6 in ReadArrayFromFile (input_itemsets=0x7fff76699010, gold_itemsets=0x7fff36538010, max_rows=16395, filenameinput=0x7fffffffee44 "/micNfs/gdb-fault-injection/injector/bin/nw/input_16394_th_228_pen_10", filenamegold=0x7fffffffee8a "/micNfs/gdb-fault-injection/injector/bin/nw/gold_16394_th_228_pen_10") at needle_check.cpp:50
#4  0x0000000000402bbc in runTest (argc=6, argv=0x7fffffffec08) at needle_check.cpp:319
#5  0x0000000000401595 in main (argc=6, argv=0x7fffffffec08) at needle_check.cpp:114

2017-02-28 16:52:16:76	in ../sysdeps/unix/syscall-template.S

2017-02-28 16:52:16:Backtrace END
2017-02-28 16:52:16:Type: The type is a structure.
2017-02-28 16:52:16:Type sizeof: 168
2017-02-28 16:52:16:Fliping value of field: __finish
2017-02-28 16:52:16:Type: The type is a pointer.
2017-02-28 16:52:16:Type sizeof: 8
2017-02-28 16:52:16:Fliping a bit of the value pointed by a pointer
2017-02-28 16:52:16:Type: The type is a function.
2017-02-28 16:52:16:Type sizeof: 1
2017-02-28 16:52:16:Mem contents(hex):0x53
2017-02-28 16:52:16:Fault Mode: Zero bit-flip
2017-02-28 16:52:16:base address to flip value: 0x7ffff6dd0f30 
2017-02-28 16:52:16:address max offset: 1
2017-02-28 16:52:16:Memory content before bitflip:0x53
2017-02-28 16:52:16:Backtrace BEGIN:
2017-02-28 16:52:16:#0  0x00007ffff6e245d0 in __read_nocancel () at ../sysdeps/unix/syscall-template.S:81
#1  0x00007ffff6dd0911 in __GI__IO_file_xsgetn (fp=0x619b30, data=<optimized out>, n=1075184100) at fileops.c:1422
#2  0x00007ffff6dc6929 in __GI__IO_fread (buf=<optimized out>, size=1075184100, count=1, fp=0x619b30) at iofread.c:42
#3  0x00000000004014f6 in ReadArrayFromFile (input_itemsets=0x7fff76699010, gold_itemsets=0x7fff36538010, max_rows=16395, filenameinput=0x7fffffffee44 "/micNfs/gdb-fault-injection/injector/bin/nw/input_16394_th_228_pen_10", filenamegold=0x7fffffffee8a "/micNfs/gdb-fault-injection/injector/bin/nw/gold_16394_th_228_pen_10") at needle_check.cpp:50
#4  0x0000000000402bbc in runTest (argc=6, argv=0x7fffffffec08) at needle_check.cpp:319
#5  0x0000000000401595 in main (argc=6, argv=0x7fffffffec08) at needle_check.cpp:114

2017-02-28 16:52:16:76	in ../sysdeps/unix/syscall-template.S

2017-02-28 16:52:16:Backtrace END
2017-02-28 16:52:16:Type: The type is an integer type.
2017-02-28 16:52:16:Type sizeof: 4
2017-02-28 16:52:16:Mem contents(hex):0x0a0x000x000x00
2017-02-28 16:52:16:Fault Mode: Zero bit-flip
2017-02-28 16:52:16:base address to flip value: 0x7fffffffe930
2017-02-28 16:52:16:address max offset: 4
2017-02-28 16:52:16:Memory content before bitflip:0x0a0x000x000x00
2017-02-28 16:52:16:Backtrace BEGIN:
2017-02-28 16:52:17:#0  0x00007ffff6e245d0 in __read_nocancel () at ../sysdeps/unix/syscall-template.S:81
#1  0x00007ffff6dd0911 in __GI__IO_file_xsgetn (fp=0x619b30, data=<optimized out>, n=1075184100) at fileops.c:1422
#2  0x00007ffff6dc6929 in __GI__IO_fread (buf=<optimized out>, size=1075184100, count=1, fp=0x619b30) at iofread.c:42
#3  0x00000000004014f6 in ReadArrayFromFile (input_itemsets=0x7fff76699010, gold_itemsets=0x7fff36538010, max_rows=16395, filenameinput=0x7fffffffee44 "/micNfs/gdb-fault-injection/injector/bin/nw/input_16394_th_228_pen_10", filenamegold=0x7fffffffee8a "/micNfs/gdb-fault-injection/injector/bin/nw/gold_16394_th_228_pen_10") at needle_check.cpp:50
#4  0x0000000000402bbc in runTest (argc=6, argv=0x7fffffffec08) at needle_check.cpp:319
#5  0x0000000000401595 in main (argc=6, argv=0x7fffffffec08) at needle_check.cpp:114

2017-02-28 16:52:17:76	in ../sysdeps/unix/syscall-template.S

2017-02-28 16:52:17:Backtrace END
2017-02-28 16:52:17:Type: The type is an integer type.
2017-02-28 16:52:17:Type sizeof: 4
2017-02-28 16:52:17:Mem contents(hex):0x0b0x400x000x00
2017-02-28 16:52:17:Fault Mode: Zero bit-flip
2017-02-28 16:52:17:base address to flip value: 0x7fffffffe6f0
2017-02-28 16:52:17:address max offset: 4
2017-02-28 16:52:17:Memory content before bitflip:0x0b0x400x000x00
2017-02-28 16:52:17:Backtrace BEGIN:
2017-02-28 16:52:17:#0  0x0000000000402c2e in runTest (argc=6, argv=0x7fffffffec08) at needle_check.cpp:330
#1  0x0000000000401595 in main (argc=6, argv=0x7fffffffec08) at needle_check.cpp:114

2017-02-28 16:52:17:325	    //}
326	
327	
328	    for (int i = 1 ; i < max_cols; i++){
329	        for (int j = 1 ; j < max_rows; j++){
330	            referrence[i*max_cols+j] = blosum62[input_itemsets[i*max_cols]][input_itemsets[j]];
331	        }
332	    }
333	
334	    for( int i = 1; i< max_rows ; i++)

2017-02-28 16:52:17:Backtrace END
2017-02-28 16:52:17:Type: The type is a pointer.
2017-02-28 16:52:17:Type sizeof: 8
2017-02-28 16:52:17:Fliping a bit of the pointer
2017-02-28 16:52:17:Mem contents(hex):0x100x800x530x360xff0x7f0x000x00
2017-02-28 16:52:17:Fault Mode: Random bit-flip
2017-02-28 16:52:17:base address to flip value: 0x7fffffffea38
2017-02-28 16:52:17:address max offset: 8
2017-02-28 16:52:17:Memory content before bitflip:0x100x800x530x360xff0x7f0x000x00
2017-02-28 16:52:17:Backtrace BEGIN:
2017-02-28 16:52:17:#0  0x0000000000402c35 in runTest (argc=6, argv=0x7fffffffec08) at needle_check.cpp:330
#1  0x0000000000401595 in main (argc=6, argv=0x7fffffffec08) at needle_check.cpp:114

2017-02-28 16:52:17:325	    //}
326	
327	
328	    for (int i = 1 ; i < max_cols; i++){
329	        for (int j = 1 ; j < max_rows; j++){
330	            referrence[i*max_cols+j] = blosum62[input_itemsets[i*max_cols]][input_itemsets[j]];
331	        }
332	    }
333	
334	    for( int i = 1; i< max_rows ; i++)

2017-02-28 16:52:17:Backtrace END
2017-02-28 16:52:17:Type: The type is an integer type.
2017-02-28 16:52:17:Type sizeof: 4
2017-02-28 16:52:17:Mem contents(hex):0x060x000x000x00
2017-02-28 16:52:17:Fault Mode: Random bit-flip
2017-02-28 16:52:17:base address to flip value: 0x7fffffffeb10
2017-02-28 16:52:17:address max offset: 4
2017-02-28 16:52:17:Memory content before bitflip:0x060x000x000x00
2017-02-28 16:52:17:Backtrace BEGIN:
2017-02-28 16:52:17:#0  0x0000000000402c53 in runTest (argc=6, argv=0x7fffffffec08) at needle_check.cpp:330
#1  0x0000000000401595 in main (argc=6, argv=0x7fffffffec08) at needle_check.cpp:114

2017-02-28 16:52:17:325	    //}
326	
327	
328	    for (int i = 1 ; i < max_cols; i++){
329	        for (int j = 1 ; j < max_rows; j++){
330	            referrence[i*max_cols+j] = blosum62[input_itemsets[i*max_cols]][input_itemsets[j]];
331	        }
332	    }
333	
334	    for( int i = 1; i< max_rows ; i++)

2017-02-28 16:52:17:Backtrace END
2017-02-28 16:52:17:Type: The type is a pointer.
2017-02-28 16:52:17:Type sizeof: 8
2017-02-28 16:52:17:Fliping a bit of the value pointed by a pointer
2017-02-28 16:52:17:Type: The type is a pointer.
2017-02-28 16:52:17:Type sizeof: 8
2017-02-28 16:52:17:Fliping a bit of the value pointed by a pointer
2017-02-28 16:52:17:Type: The type is an integer type.
2017-02-28 16:52:17:Type sizeof: 1
2017-02-28 16:52:17:Mem contents(hex):0x2f
2017-02-28 16:52:17:Fault Mode: Zero bit-flip
2017-02-28 16:52:17:base address to flip value: 0x7fffffffedfe 
2017-02-28 16:52:17:address max offset: 1
2017-02-28 16:52:17:Memory content before bitflip:0x2f
2017-02-28 16:52:17:Backtrace BEGIN:
2017-02-28 16:52:17:#0  0x0000000000402c27 in runTest (argc=6, argv=0x7fffffffec08) at needle_check.cpp:330
#1  0x0000000000401595 in main (argc=6, argv=0x7fffffffec08) at needle_check.cpp:114

2017-02-28 16:52:17:325	    //}
326	
327	
328	    for (int i = 1 ; i < max_cols; i++){
329	        for (int j = 1 ; j < max_rows; j++){
330	            referrence[i*max_cols+j] = blosum62[input_itemsets[i*max_cols]][input_itemsets[j]];
331	        }
332	    }
333	
334	    for( int i = 1; i< max_rows ; i++)

2017-02-28 16:52:17:Backtrace END
2017-02-28 16:52:17:Type: The type is an integer type.
2017-02-28 16:52:17:Type sizeof: 8
2017-02-28 16:52:17:Mem contents(hex):0xc80x2a0x860xf70xff0x7f0x000x00
2017-02-28 16:52:17:Fault Mode: Double bit-flip
2017-02-28 16:52:17:base address to flip value: 0x7fffffffea58
2017-02-28 16:52:17:address max offset: 8
2017-02-28 16:52:17:Memory content before bitflip:0xc80x2a0x860xf70xff0x7f0x000x00
2017-02-28 16:52:17:Memory content after  bitflip:0xc80x2a0xae0xf70xff0x7f0x000x00
2017-02-28 16:52:17:Mem contents(hex):0xc80x2a0xae0xf70xff0x7f0x000x00
2017-02-28 16:52:17:frame name: runTest
2017-02-28 16:52:17:symbol name: end_time
2017-02-28 16:52:17:symbol filename: needle_check.cpp
2017-02-28 16:52:17:symbol line: 355
2017-02-28 16:52:17:value: 140737348774600
2017-02-28 16:52:17:value address: 0x7fffffffea58
2017-02-28 16:52:17:Type: The type is an integer type.
2017-02-28 16:52:17:Type sizeof: 8
2017-02-28 16:52:17:Fault Injection Successful after 6.79308390617s
2017-02-28 16:52:49:event type: exit
2017-02-28 16:52:49:exit code: 0
