2017-03-02 07:48:59:Starting flip_value script
2017-03-02 07:48:59:Initialization strings:
2017-03-02 07:48:59:(1) target extended-remote | ssh -T mic0 gdbserver --multi -
2017-03-02 07:48:59:(2) set sysroot /opt/mpss/3.7/sysroots/k1om-mpss-linux/
2017-03-02 07:48:59:(3) set sysroot /opt/mpss/3.7/sysroots/k1om-mpss-linux/
2017-03-02 07:49:00:(4) file /micNfs/gdb-fault-injection/injector/bin/clamr/clamr_openmponly
2017-03-02 07:49:00:(5) set remote exec-file /micNfs/gdb-fault-injection/injector/bin/clamr/clamr_openmponly
2017-03-02 07:49:00:(6) cd /micNfs/gdb-fault-injection/injector/bin/clamr
2017-03-02 07:49:00:(7) set args -n 512 -t 100 -g 100 -G data -j md5file
2017-03-02 07:49:00:initSignal:15
2017-03-02 07:49:00:endSignal:20
2017-03-02 07:49:00:seqSignal:20
2017-03-02 07:49:16:Backtrace BEGIN:
2017-03-02 07:49:16:#0  0x00007ffff6ba1f5b in __strchrnul (s=s@entry=0x574750 ",%d\n", c_in=c_in@entry=37) at ../string/strchrnul.c:49
#1  0x00007ffff6b67453 in __find_specmb (format=0x574750 ",%d\n") at printf-parse.h:108
#2  _IO_vfprintf_internal (s=<optimized out>, format=<optimized out>, ap=ap@entry=0x7fffffffe128) at vfprintf.c:1669
#3  0x00007ffff6b6e969 in __fprintf (stream=<optimized out>, format=<optimized out>) at fprintf.c:32
#4  0x000000000054b93d in DrawSquaresToFile (graph_num=0, ncycle=0, simTime=0, rollback_img=0, rollback_num=0) at /micNfs/gdb-fault-injection/injector/src/clamr/CLAMR/graphics/graphics.c:477
#5  0x000000000054db06 in write_graphics_info (graph_num=0, ncycle=0, simTime=0, rollback_img=0, rollback_num=0) at /micNfs/gdb-fault-injection/injector/src/clamr/CLAMR/graphics/graphics.c:751
#6  0x0000000000445977 in main (argc=11, argv=0x7fffffffec58) at /micNfs/gdb-fault-injection/injector/src/clamr/CLAMR/clamr_cpuonly.cpp:353

2017-03-02 07:49:16:44	in ../string/strchrnul.c

2017-03-02 07:49:16:Backtrace END
2017-03-02 07:49:21:Type: The type is an array.
2017-03-02 07:49:21:Type sizeof: 120
2017-03-02 07:49:21:Fliping array at pos: 22
2017-03-02 07:49:21:Type: The type is an integer type.
2017-03-02 07:49:21:Type sizeof: 4
2017-03-02 07:49:21:Mem contents(hex):0xca0x320x000x00
2017-03-02 07:49:21:Fault Mode: Double bit-flip
2017-03-02 07:49:21:base address to flip value: 0x7ffff6c38cd8 
2017-03-02 07:49:21:address max offset: 4
2017-03-02 07:49:21:Memory content before bitflip:0xca0x320x000x00
2017-03-02 07:49:21:Memory content after  bitflip:0xd80x320x000x00
2017-03-02 07:49:21:Mem contents(hex):0xd80x320x000x00
2017-03-02 07:49:21:frame name: __find_specmb
2017-03-02 07:49:21:symbol name: step3b_jumps
2017-03-02 07:49:21:symbol filename: vfprintf.c
2017-03-02 07:49:21:symbol line: 1345
2017-03-02 07:49:21:value: {0 <repeats 11 times>, 11515, 0, 0, 7466, 7747, 14505, 15251, 15266, 12292, 14748, 15690, 13016, 13086, 14646, 15439, 12622, 0, 0, 0}
2017-03-02 07:49:21:value address: 0x7ffff6c38c80 <step3b_jumps>
2017-03-02 07:49:21:Type: The type is an array.
2017-03-02 07:49:21:Type sizeof: 120
2017-03-02 07:49:21:Field name: None
2017-03-02 07:49:21:Field Type:
2017-03-02 07:49:21:Type: A range type, that is, an integer type with bounds.
2017-03-02 07:49:21:Type sizeof: 8
2017-03-02 07:49:21:Type range: (0L, 29L)
2017-03-02 07:49:21:Fault Injection Successful after 21.8013799191s
2017-03-02 07:49:57:event type: exit
2017-03-02 07:49:57:exit code: 0
