2016-10-26 18:59:17:Starting GDB script
2016-10-26 18:59:18:sending signal using command: 'ssh -T mic0 killall -2 lud_check' after 0.552626181394s
2016-10-26 18:59:18:shell stdout: 
2016-10-26 18:59:19:sending signal using command: 'ssh -T mic0 killall -2 lud_check' after 1.79947413358s
2016-10-26 18:59:19:shell stdout: 
2016-10-26 18:59:21:sending signal using command: 'ssh -T mic0 killall -2 lud_check' after 3.23909419682s
2016-10-26 18:59:21:shell stdout: 
2016-10-26 18:59:21:sending signal using command: 'ssh -T mic0 killall -2 lud_check' after 3.43854636498s
2016-10-26 18:59:21:shell stdout: 
2016-10-26 18:59:21:sending signal using command: 'ssh -T mic0 killall -2 lud_check' after 3.43481310349s
2016-10-26 18:59:21:shell stdout: 
2016-10-26 18:59:22:sending signal using command: 'ssh -T mic0 killall -2 lud_check' after 4.41568876918s
2016-10-26 18:59:22:shell stdout: 
2016-10-26 18:59:22:sending signal using command: 'ssh -T mic0 killall -2 lud_check' after 4.53661013582s
2016-10-26 18:59:22:shell stdout: 
2016-10-26 18:59:23:sending signal using command: 'ssh -T mic0 killall -2 lud_check' after 5.5033801969s
2016-10-26 18:59:23:shell stdout: 
2016-10-26 18:59:23:sending signal using command: 'ssh -T mic0 killall -2 lud_check' after 5.80755619899s
2016-10-26 18:59:23:shell stdout: 
2016-10-26 18:59:23:sending signal using command: 'ssh -T mic0 killall -2 lud_check' after 6.1055203171s
2016-10-26 18:59:23:shell stdout: 
2016-10-26 18:59:32:no gdbExecName running, out:
2016-10-26 18:59:32:checCmd:ps -e | grep -i gdb-mic
2016-10-26 18:59:32:finished now-timestampStart < maxWaitTime*5
2016-10-26 18:59:32:now: 1477522772
2016-10-26 18:59:32:timestampStart: 1477522757
2016-10-26 18:59:32:kill cmd: killall -9 gdb-mic
2016-10-26 18:59:32:shell stdout: 
2016-10-26 18:59:33:kill cmd: ssh -T mic0 killall -9 lud_check
2016-10-26 18:59:33:shell stdout: 
2016-10-26 18:59:33:kill cmd: ssh -T mic0 killall -9 gdbserver
2016-10-26 18:59:33:shell stdout: 
2016-10-26 18:59:33:kill cmd: ssh -T mic0 killall -9 sshd
2016-10-26 18:59:33:shell stdout: 
