#HEADER max_rows:16384 max_cols:16384 penalty:10 omp_num_threads:228
#BEGIN Y:2016 M:10 D:16 Time:07:30:11
#IT Ite:0 KerTime:1.249327 AccTime:1.249327
#ERR  p: [2160, 1836], r: -10, e: -7
#ERR  p: [504, 109], r: -10, e: -2
#ERR  p: [2664, 3897], r: -10, e: -7
#ERR  p: [648, 1611], r: -10, e: -9
#ERR  p: [1512, 4720], r: -1, e: 0
#ERR  p: [360, 3624], r: -5, e: 8
#ERR  p: [2088, 7304], r: -10, e: -8
#ERR  p: [288, 5359], r: -9, e: 4
#ERR  p: [144, 5882], r: -10, e: -8
#ERR  p: [216, 6433], r: -10, e: -9
#ERR  p: [936, 2701], r: -6, e: -5
#ERR  p: [72, 12607], r: -10, e: -7
#ERR  p: [1224, 208], r: -10, e: -2
#ERR  p: [504, 351], r: -10, e: -9
#ERR  p: [648, 2598], r: -8, e: -4
#ERR  p: [216, 6434], r: -3, e: -1
#ERR  p: [9, 53], r: -10, e: -2
#ERR  p: [1296, 239], r: -10, e: -3
#ERR  p: [1584, 145], r: -7, e: -3
#ERR  p: [1368, 14918], r: -10, e: -9
#ERR  p: [1656, 10373], r: 1, e: 2
#ERR  p: [1080, 14625], r: -7, e: -3
#ERR  p: [1728, 15203], r: -10, e: -8
#ERR  p: [1801, 144], r: -10, e: -3
#ERR  p: [1872, 226], r: -9, e: -5
#ERR  p: [2016, 2856], r: -9, e: -5
#ERR  p: [2089, 7305], r: -10, e: -9
#ERR  p: [1158, 139], r: -10, e: -9
#ERR  p: [2160, 4600], r: -9, e: -3
#ERR  p: [2232, 910], r: -10, e: -6
#ERR  p: [360, 3625], r: -6, e: 7
#ERR  p: [2664, 5807], r: -3, e: -1
#ERR  p: [2595, 783], r: -10, e: -9
#ERR  p: [288, 5360], r: -10, e: -6
#ERR  p: [2520, 164], r: -6, e: -5
#ERR  p: [2808, 553], r: -9, e: -2
#ERR  p: [439, 189], r: -10, e: -9
#ERR  p: [583, 109], r: -10, e: -9
#ERR  p: [1224, 209], r: -10, e: -9
#ERR  p: [1512, 4817], r: -9, e: -8
#ERR  p: [2376, 825], r: -4, e: -3
#ERR  p: [936, 6482], r: -10, e: -9
#ERR  p: [504, 590], r: -10, e: -4
#ERR  p: [145, 5883], r: -12, e: -10
#ERR  p: [10728, 780], r: -10, e: -6
#ERR  p: [2880, 161], r: -10, e: -9
#ERR  p: [11016, 9334], r: -8, e: -7
#ERR  p: [10947, 97], r: -10, e: -6
#ERR  p: [2952, 5371], r: -3, e: -1
#ERR  p: [3168, 67], r: -10, e: -9
#ERR  p: [3240, 3349], r: -6, e: -5
#ERR  p: [3024, 13663], r: -8, e: 0
#ERR  p: [3096, 11447], r: -6, e: -4
#ERR  p: [4752, 143], r: -10, e: -6
#ERR  p: [4896, 213], r: -10, e: -8
#ERR  p: [15888, 3982], r: -10, e: -9
#ERR  p: [16101, 454], r: -10, e: -9
#ERR  p: [10800, 840], r: -2, e: 0
#ERR  p: [10656, 1920], r: -9, e: -8
#ERR  p: [10872, 6822], r: -9, e: -6
#ERR  p: [13896, 1356], r: -7, e: -6
#ERR  p: [11304, 3620], r: 4, e: 5
#ERR  p: [14468, 155], r: -10, e: -8
#ERR  p: [5116, 109], r: -10, e: -9
#ERR  p: [3528, 207], r: -10, e: -9
#ERR  p: [13968, 2285], r: -10, e: -5
#ERR  p: [14900, 215], r: -10, e: -3
#ERR  p: [14965, 1845], r: -10, e: -8
#ERR  p: [15320, 4687], r: -9, e: -8
#ERR  p: [15959, 12910], r: 1, e: 2
#ERR  p: [5040, 208], r: -10, e: -8
#ERR  p: [16172, 125], r: -10, e: -5
#ERR  p: [14117, 53], r: -10, e: -1
#ERR  p: [14184, 431], r: -7, e: -4
#ERR  p: [14397, 985], r: -10, e: -9
#ERR  p: [14326, 11725], r: -2, e: 6
#ERR  p: [14610, 611], r: -10, e: -6
#ERR  p: [14823, 782], r: -10, e: -7
#ERR  p: [3384, 1155], r: -10, e: -9
#ERR  p: [14761, 53], r: -10, e: -3
#ERR  p: [15249, 98], r: -13, e: -12
#ERR  p: [15178, 986], r: -10, e: -7
#ERR  p: [15391, 6549], r: -10, e: -6
#ERR  p: [4680, 72], r: -10, e: -7
#ERR  p: [15462, 3806], r: -10, e: -9
#ERR  p: [5616, 4810], r: 1, e: 4
#ERR  p: [11160, 165], r: 11, e: 20
#ERR  p: [11232, 3035], r: -10, e: -9
#ERR  p: [4608, 1933], r: 4, e: 5
#ERR  p: [4824, 14398], r: 5, e: 11
#ERR  p: [5333, 109], r: -10, e: -6
#ERR  p: [15746, 1065], r: -10, e: -9
#ERR  p: [11880, 1066], r: -3, e: 5
#ERR  p: [16030, 6772], r: -6, e: -5
#ERR  p: [13752, 2190], r: -8, e: -3
#ERR  p: [11808, 4490], r: -10, e: -9
#ERR  p: [14681, 2735], r: -4, e: -3
#ERR  p: [3960, 433], r: -10, e: -8
#ERR  p: [3744, 7630], r: -10, e: -1
#ERR  p: [9504, 452], r: -10, e: -7
#ERR  p: [5544, 199], r: -6, e: 4
#ERR  p: [5184, 1135], r: 1, e: 3
#ERR  p: [5400, 14100], r: -10, e: -9
#ERR  p: [9941, 67], r: -10, e: -1
#ERR  p: [9792, 58], r: -10, e: -9
#ERR  p: [4033, 33], r: -20, e: -13
#ERR  p: [6195, 109], r: -10, e: -3
#ERR  p: [9576, 837], r: -10, e: -7
#ERR  p: [9648, 784], r: -10, e: -4
#ERR  p: [5688, 1651], r: -10, e: -6
#ERR  p: [648, 2599], r: -10, e: 2
#ERR  p: [3600, 199], r: -10, e: 0
#ERR  p: [6408, 10980], r: -4, e: -3
#ERR  p: [9864, 821], r: -6, e: -5
#ERR  p: [4392, 2794], r: -10, e: -9
#ERR  p: [4176, 5210], r: -10, e: -7
#ERR  p: [5760, 226], r: -7, e: 3
#ERR  p: [6264, 110], r: -10, e: -9
#ERR  p: [6128, 53], r: -10, e: -5
#ERR  p: [10368, 617], r: 3, e: 11
#ERR  p: [216, 7297], r: -6, e: -4
#ERR  p: [9360, 1223], r: -9, e: -7
#ERR  p: [9, 601], r: -10, e: -2
#ERR  p: [5904, 807], r: -2, e: 0
#ERR  p: [7344, 7624], r: -8, e: -6
#ERR  p: [8425, 483], r: -10, e: -9
#ERR  p: [8712, 3190], r: -5, e: 1
#ERR  p: [7200, 72], r: -4, e: -3
#ERR  p: [8856, 3610], r: -5, e: 2
#ERR  p: [8496, 159], r: -5, e: -1
#ERR  p: [1296, 598], r: -10, e: -6
#ERR  p: [8208, 186], r: -8, e: -6
#ERR  p: [12240, 800], r: -4, e: -3
#ERR  p: [4320, 597], r: -7, e: -4
#ERR  p: [10585, 53], r: -10, e: -7
#ERR  p: [9000, 611], r: -8, e: 2
#ERR  p: [6840, 4122], r: -10, e: -9
#ERR  p: [8568, 53], r: -10, e: -9
#ERR  p: [11376, 782], r: -6, e: 1
#ERR  p: [9072, 5215], r: -10, e: -6
#ERR  p: [4248, 11376], r: -10, e: -3
#ERR  p: [8928, 5835], r: 3, e: 5
#ERR  p: [11955, 144], r: -10, e: -5
#ERR  p: [3672, 555], r: -9, e: -8
#ERR  p: [1801, 159], r: -10, e: -7
#ERR  p: [12096, 433], r: -10, e: -9
#ERR  p: [6624, 5842], r: -6, e: -5
#ERR  p: [7416, 11995], r: -8, e: -7
#ERR  p: [1584, 236], r: -8, e: -5
#ERR  p: [1656, 10374], r: -9, e: -8
#ERR  p: [5472, 203], r: -9, e: -8
#ERR  p: [8136, 793], r: -10, e: -7
#ERR  p: [6768, 2262], r: -9, e: -8
#ERR  p: [6984, 3808], r: -10, e: -9
#ERR  p: [12528, 829], r: -10, e: -6
#ERR  p: [10224, 3986], r: -10, e: -4
#ERR  p: [10296, 140], r: -10, e: -9
#ERR  p: [6912, 253], r: -6, e: -5
#ERR  p: [7488, 2878], r: 6, e: 9
#ERR  p: [8280, 269], r: -9, e: -8
#ERR  p: [12024, 985], r: -8, e: -6
#ERR  p: [439, 317], r: -10, e: -5
#ERR  p: [11520, 1130], r: -8, e: -6
#ERR  p: [1369, 14919], r: -10, e: -9
#ERR  p: [3456, 14658], r: -7, e: -4
#ERR  p: [1081, 14626], r: -9, e: -5
#ERR  p: [1729, 15204], r: -11, e: -9
#ERR  p: [8064, 2399], r: -7, e: -4
#ERR  p: [7704, 13616], r: -10, e: -2
#ERR  p: [1872, 1533], r: -7, e: -6
#ERR  p: [12456, 8611], r: -10, e: -8
#ERR  p: [10080, 840], r: -7, e: -5
#ERR  p: [2016, 5806], r: -3, e: -1
#ERR  p: [10518, 144], r: -10, e: -8
#ERR  p: [1158, 317], r: -10, e: -9
#ERR  p: [12177, 33], r: -20, e: -13
#ERR  p: [2160, 5142], r: -8, e: -6
#ERR  p: [11738, 109], r: -10, e: -7
#ERR  p: [2232, 984], r: -9, e: -7
#ERR  p: [360, 3626], r: -10, e: -3
#ERR  p: [2595, 821], r: -10, e: -6
#ERR  p: [2664, 7613], r: -10, e: -7
#ERR  p: [2090, 33], r: -10, e: -7
#ERR  p: [2808, 591], r: -10, e: -4
#ERR  p: [288, 14153], r: -10, e: -1
#ERR  p: [2520, 4179], r: -5, e: -4
#ERR  p: [7776, 3892], r: -2, e: 7
#ERR  p: [583, 139], r: -10, e: -9
#ERR  p: [13608, 2765], r: -1, e: 2
#ERR  p: [1224, 1843], r: -5, e: -4
#ERR  p: [2376, 1163], r: -10, e: -6
#ERR  p: [3317, 215], r: -10, e: -8
#ERR  p: [10728, 1333], r: -10, e: -9
#ERR  p: [10947, 483], r: -10, e: -4
#ERR  p: [16101, 693], r: -9, e: 3
#ERR  p: [11304, 3621], r: -4, e: -3
#ERR  p: [10656, 6287], r: -7, e: -6
#ERR  p: [13896, 3189], r: -6, e: -5
#ERR  p: [14397, 4329], r: -10, e: -5
#ERR  p: [15959, 12911], r: -2, e: -1
#ERR  p: [14823, 2738], r: -10, e: -5
#ERR  p: [14610, 2106], r: -10, e: -6
#ERR  p: [15888, 7536], r: -10, e: -6
#ERR  p: [14965, 4114], r: -8, e: -2
#ERR  p: [16172, 126], r: -5, e: 2
#ERR  p: [504, 799], r: -3, e: 2
#ERR  p: [9, 977], r: -10, e: -4
#ERR  p: [3025, 13663], r: -14, e: -10
#ERR  p: [1966, 205], r: -10, e: -4
#ERR  p: [936, 6548], r: -7, e: -6
#ERR  p: [648, 3979], r: -4, e: 4
#ERR  p: [1512, 8509], r: -10, e: -6
#ERR  p: [6264, 237], r: -10, e: -6
#ERR  p: [6492, 33], r: -10, e: -9
#ERR  p: [1801, 185], r: -10, e: -8
#ERR  p: [9792, 489], r: -10, e: -9
#ERR  p: [2880, 485], r: -8, e: -3
#ERR  p: [2952, 14379], r: -7, e: -5
#ERR  p: [11880, 1067], r: -10, e: -5
#ERR  p: [3097, 11448], r: -7, e: -5
#ERR  p: [9360, 2108], r: -1, e: 0
#ERR  p: [13752, 5358], r: -10, e: -3
#ERR  p: [3168, 198], r: -10, e: -2
#ERR  p: [439, 428], r: -10, e: -4
#ERR  p: [8136, 2543], r: -6, e: -2
#ERR  p: [119, 53], r: -7, e: 4
#ERR  p: [3240, 11859], r: -9, e: -1
#ERR  p: [3395, 207], r: -10, e: -6
#ERR  p: [3528, 230], r: -10, e: -9
#ERR  p: [15048, 67], r: -10, e: -4
#ERR  p: [6769, 2263], r: -11, e: -10
#ERR  p: [3745, 7631], r: -8, e: 1
#ERR  p: [3960, 1441], r: -10, e: -9
#ERR  p: [4033, 53], r: -20, e: -13
#ERR  p: [4608, 1934], r: -6, e: -5
#ERR  p: [4680, 456], r: -9, e: -5
#ERR  p: [4824, 14399], r: -5, e: 1
#ERR  p: [1296, 604], r: -10, e: 4
#ERR  p: [4752, 1906], r: -10, e: -7
#ERR  p: [5040, 777], r: -10, e: -9
#ERR  p: [4896, 1910], r: -9, e: -3
#ERR  p: [5116, 144], r: -10, e: -4
#ERR  p: [5184, 1136], r: -9, e: -7
#ERR  p: [5333, 236], r: -10, e: -7
#ERR  p: [5544, 200], r: -7, e: -6
#ERR  p: [3600, 796], r: -9, e: -3
#ERR  p: [5688, 2706], r: -8, e: -7
#ERR  p: [5616, 4811], r: -9, e: -6
#ERR  p: [769, 33], r: -17, e: -13
#ERR  p: [216, 14563], r: -7, e: -5
#ERR  p: [6195, 144], r: -10, e: -5
#ERR  p: [4177, 5211], r: -8, e: -5
#ERR  p: [4392, 4811], r: -10, e: -7
#ERR  p: [1463, 144], r: -10, e: -4
#ERR  p: [1584, 434], r: -10, e: -9
#ERR  p: [837, 351], r: -10, e: -9
#ERR  p: [5760, 227], r: -8, e: -5
#ERR  p: [5846, 53], r: -10, e: -6
#ERR  p: [6128, 189], r: -10, e: 3
#ERR  p: [5904, 2120], r: -7, e: -6
#ERR  p: [898, 109], r: -10, e: -9
#ERR  p: [6409, 10981], r: -6, e: -5
#ERR  p: [1066, 109], r: -10, e: -8
#ERR  p: [4320, 598], r: -10, e: -8
#ERR  p: [7200, 194], r: -5, e: -2
#ERR  p: [2016, 8500], r: -10, e: -9
#ERR  p: [7345, 7625], r: -8, e: -6
#ERR  p: [9504, 1032], r: -10, e: -8
#ERR  p: [2338, 53], r: -10, e: -8
#ERR  p: [9576, 972], r: -7, e: -4
#ERR  p: [9648, 787], r: -10, e: -5
#ERR  p: [9941, 139], r: -10, e: -9
#ERR  p: [7996, 299], r: -10, e: -7
#ERR  p: [2785, 33], r: -19, e: -13
#ERR  p: [583, 236], r: -10, e: -8
#ERR  p: [10800, 1653], r: -6, e: -5
#ERR  p: [10872, 9207], r: -10, e: -9
#ERR  p: [2476, 507], r: -10, e: -3
#ERR  p: [11017, 9335], r: -9, e: -8
#ERR  p: [11160, 166], r: 2, e: 11
#ERR  p: [11232, 4332], r: -9, e: -4
#ERR  p: [360, 3627], r: -10, e: -9
#ERR  p: [11808, 8745], r: -8, e: -6
#ERR  p: [8425, 590], r: -10, e: -8
#ERR  p: [8496, 160], r: -6, e: -2
#ERR  p: [8712, 3191], r: -2, e: 4
#ERR  p: [1657, 10374], r: 3, e: 4
#ERR  p: [8856, 3611], r: -10, e: -7
#ERR  p: [12744, 207], r: -10, e: -7
#ERR  p: [289, 5359], r: -9, e: -6
#ERR  p: [13104, 1069], r: -8, e: -7
#ERR  p: [13248, 966], r: -3, e: -2
#ERR  p: [6492, 189], r: -10, e: -3
#ERR  p: [13320, 4481], r: -7, e: -5
#ERR  p: [13392, 906], r: -8, e: -6
#ERR  p: [13537, 33], r: -20, e: -13
#ERR  p: [2808, 1159], r: -10, e: -6
#ERR  p: [2880, 1064], r: -7, e: -6
#ERR  p: [13968, 2661], r: -3, e: -1
#ERR  p: [14117, 67], r: -10, e: -5
#ERR  p: [14184, 1092], r: -10, e: -4
#ERR  p: [9864, 970], r: -10, e: -7
#ERR  p: [14326, 11726], r: -6, e: -1
#ERR  p: [14468, 7631], r: -9, e: -8
#ERR  p: [14681, 3994], r: -7, e: -4
#ERR  p: [14761, 109], r: -10, e: -8
#ERR  p: [13886, 144], r: -10, e: -5
#ERR  p: [10013, 33], r: -10, e: -9
#ERR  p: [14900, 590], r: -10, e: -8
#ERR  p: [1082, 14627], r: -9, e: -5
#ERR  p: [5987, 97], r: -10, e: -6
#ERR  p: [10368, 618], r: -7, e: 1
#ERR  p: [15178, 3417], r: -10, e: -8
#ERR  p: [15249, 485], r: -12, e: -8
#ERR  p: [3672, 593], r: -10, e: -8
#ERR  p: [15462, 5872], r: -6, e: -5
#ERR  p: [15543, 33], r: -10, e: -8
#ERR  p: [15391, 11082], r: -4, e: 5
#ERR  p: [15746, 5314], r: -10, e: -9
#ERR  p: [16030, 11724], r: -9, e: -7
#ERR  p: [4248, 11377], r: -9, e: -6
#ERR  p: [15888, 8504], r: 0, e: 2
#ERR  p: [4541, 109], r: -10, e: -8
#ERR  p: [12240, 908], r: -4, e: -3
#ERR  p: [4472, 230], r: -10, e: -8
#ERR  p: [12672, 822], r: 0, e: 5
#ERR  p: [8568, 215], r: -10, e: -2
#ERR  p: [6625, 5843], r: -9, e: -8
#ERR  p: [6984, 3809], r: -9, e: -7
#ERR  p: [5472, 212], r: -9, e: -7
#ERR  p: [6840, 13566], r: -4, e: -2
#ERR  p: [6068, 230], r: -10, e: -7
#ERR  p: [1224, 8475], r: -5, e: 2
#ERR  p: [3457, 14659], r: -10, e: -7
#ERR  p: [8208, 191], r: -10, e: -9
#ERR  p: [1158, 451], r: -10, e: -9
#ERR  p: [8928, 6090], r: -6, e: -5
#ERR  p: [9000, 612], r: -10, e: -8
#ERR  p: [6912, 1402], r: -10, e: -6
#ERR  p: [10162, 109], r: -10, e: -7
#ERR  p: [7488, 2879], r: -4, e: -1
#ERR  p: [9072, 12646], r: 8, e: 16
#ERR  p: [4134, 207], r: -10, e: -7
#ERR  p: [12528, 2988], r: -10, e: -9
#ERR  p: [10296, 452], r: -5, e: -4
#ERR  p: [9439, 109], r: -10, e: -9
#ERR  p: [2160, 8458], r: -10, e: -8
#ERR  p: [8064, 4293], r: -9, e: -7
#ERR  p: [504, 800], r: -10, e: -8
#ERR  p: [2090, 299], r: -10, e: -7
#ERR  p: [10585, 144], r: -10, e: -7
#ERR  p: [11376, 839], r: -6, e: -5
#ERR  p: [11097, 185], r: -10, e: -9
#ERR  p: [5333, 351], r: -10, e: -3
#ERR  p: [3600, 977], r: -10, e: 3
#ERR  p: [1872, 4291], r: 0, e: 1
#ERR  p: [8280, 462], r: -10, e: -6
#ERR  p: [8363, 109], r: -10, e: -9
#ERR  p: [898, 144], r: -10, e: -8
#ERR  p: [11955, 507], r: -10, e: -9
#ERR  p: [7200, 1261], r: -1, e: 0
#ERR  p: [12096, 600], r: -5, e: -4
#ERR  p: [2232, 996], r: -10, e: -6
#ERR  p: [10225, 3987], r: -12, e: -6
#ERR  p: [12024, 986], r: 0, e: 5
#ERR  p: [12888, 179], r: -8, e: -6
#ERR  p: [7705, 13617], r: -10, e: -4
#ERR  p: [9299, 53], r: -10, e: -4
#ERR  p: [7300, 109], r: -10, e: -3
#ERR  p: [3846, 109], r: -10, e: -9
#ERR  p: [7578, 97], r: -10, e: -6
#ERR  p: [2376, 1326], r: -10, e: -5
#ERR  p: [5421, 53], r: -10, e: -7
#ERR  p: [2520, 5065], r: -6, e: -5
#ERR  p: [10080, 907], r: -9, e: -7
#ERR  p: [2664, 7628], r: -5, e: -2
#ERR  p: [9, 1031], r: -10, e: -9
#ERR  p: [11520, 4471], r: -10, e: -8
#ERR  p: [6739, 53], r: -10, e: -9
#ERR  p: [10518, 159], r: -10, e: -8
#ERR  p: [2595, 1902], r: -10, e: -9
#ERR  p: [12456, 13939], r: -10, e: -9
#ERR  p: [9154, 139], r: -10, e: -5
#ERR  p: [5011, 185], r: -10, e: -9
#ERR  p: [3914, 1522], r: -10, e: -9
#ERR  p: [15691, 67], r: -10, e: -9
#ERR  p: [8655, 552], r: -10, e: -7
#ERR  p: [11464, 230], r: -10, e: -4
#ERR  p: [16256, 53], r: -10, e: -9
#ERR  p: [15825, 33], r: -18, e: -9
#ERR  p: [12390, 33], r: -10, e: -4
#ERR  p: [7143, 53], r: -10, e: -7
#ERR  p: [1738, 109], r: -10, e: -3
#ERR  p: [12968, 33], r: -10, e: -5
#ERR  p: [14280, 53], r: -7, e: -6
#ERR  p: [3317, 574], r: -10, e: -6
#ERR  p: [12820, 230], r: -10, e: -8
#ERR  p: [1377, 33], r: -19, e: -13
#ERR  p: [6385, 33], r: -20, e: -13
#ERR  p: [10459, 139], r: -10, e: -9
#ERR  p: [6589, 139], r: -10, e: -9
#ERR  p: [15125, 53], r: -10, e: -9
#ERR  p: [7433, 67], r: -10, e: -2
#ERR  p: [9261, 590], r: -10, e: -8
#ERR  p: [3025, 13664], r: -11, e: -3
#ERR  p: [13190, 144], r: -10, e: -9
#ERR  p: [1966, 215], r: -10, e: -9
#ERR  p: [648, 3980], r: -10, e: -6
#ERR  p: [936, 7005], r: -10, e: -7
#ERR  p: [7776, 3893], r: -10, e: -3
#ERR  p: [6264, 352], r: -8, e: -5
#ERR  p: [1513, 4721], r: -3, e: -2
#ERR  p: [12624, 205], r: -10, e: -4
#ERR  p: [15356, 189], r: -10, e: -7
#ERR  p: [190, 451], r: -6, e: -5
#ERR  p: [15639, 109], r: -10, e: -9
#ERR  p: [1801, 483], r: -10, e: -9
#ERR  p: [12354, 109], r: -10, e: -9
#ERR  p: [11623, 299], r: -10, e: -7
#ERR  p: [9792, 832], r: -8, e: -5
#ERR  p: [10728, 2694], r: -10, e: -9
#ERR  p: [10656, 7599], r: 4, e: 12
#ERR  p: [11699, 189], r: -10, e: -8
#ERR  p: [10947, 690], r: -10, e: -9
#ERR  p: [11738, 299], r: -10, e: -7
#ERR  p: [2953, 5372], r: -6, e: -4
#ERR  p: [11304, 10213], r: -6, e: -1
#ERR  p: [12177, 53], r: -20, e: -13
#ERR  p: [13069, 230], r: -10, e: -7
#ERR  p: [11880, 4608], r: -4, e: -3
#ERR  p: [7971, 1125], r: -10, e: -6
#ERR  p: [7688, 53], r: -10, e: -7
#ERR  p: [16351, 97], r: -10, e: -8
#ERR  p: [14600, 33], r: -10, e: -6
#ERR  p: [3098, 11449], r: -10, e: -8
#ERR  p: [9360, 2109], r: -4, e: -3
#ERR  p: [8848, 53], r: -10, e: -9
#ERR  p: [9787, 53], r: -10, e: -7
#ERR  p: [13608, 2766], r: -10, e: -8
#ERR  p: [13896, 7385], r: -10, e: -8
#ERR  p: [13749, 428], r: -10, e: -8
#ERR  p: [14397, 5364], r: -10, e: -4
#ERR  p: [13752, 8932], r: -9, e: -5
#ERR  p: [14610, 4236], r: -9, e: -6
#ERR  p: [14823, 3185], r: -10, e: -9
#ERR  p: [3168, 207], r: -10, e: -8
#ERR  p: [14965, 4260], r: -8, e: -7
#ERR  p: [439, 451], r: -10, e: -9
#ERR  p: [16101, 830], r: -3, e: -2
#ERR  p: [16172, 127], r: -10, e: -8
#ERR  p: [8136, 2544], r: -10, e: -8
#ERR  p: [15960, 12911], r: 0, e: 1
#ERR  p: [119, 198], r: -10, e: -1
#ERR  p: [3395, 590], r: -10, e: -9
#ERR  p: [3241, 3350], r: -9, e: -8
#ERR  p: [3528, 601], r: -10, e: -6
#ERR  p: [15048, 139], r: -10, e: -9
#ERR  p: [3745, 7632], r: -10, e: -9
#ERR  p: [3960, 1910], r: -10, e: -9
#ERR  p: [4608, 2104], r: -4, e: -3
#ERR  p: [4033, 67], r: -20, e: -9
#ERR  p: [4680, 779], r: -10, e: -3
#ERR  p: [4824, 14400], r: -10, e: -9
#ERR  p: [1296, 830], r: -10, e: -3
#ERR  p: [4752, 1928], r: -9, e: -6
#ERR  p: [6195, 189], r: -10, e: -8
#ERR  p: [5040, 814], r: -10, e: -9
#ERR  p: [5760, 1221], r: -7, e: -5
#ERR  p: [4896, 1911], r: -10, e: -9
#ERR  p: [5904, 2506], r: -9, e: -6
#ERR  p: [5116, 159], r: -10, e: -6
#ERR  p: [5544, 208], r: -9, e: 0
#ERR  p: [5184, 2408], r: 0, e: 1
#ERR  p: [216, 15454], r: -10, e: -8
#ERR  p: [769, 53], r: -17, e: -12
#ERR  p: [504, 813], r: -10, e: -9
#ERR  p: [5616, 5219], r: -8, e: -2
#ERR  p: [837, 574], r: -10, e: -9
#ERR  p: [4178, 5212], r: -10, e: -8
#ERR  p: [1584, 983], r: -1, e: 10
#ERR  p: [5688, 9054], r: -2, e: 2
#ERR  p: [1463, 574], r: -10, e: -8
#ERR  p: [5846, 139], r: -10, e: -6
#ERR  p: [6128, 215], r: -7, e: 2
#ERR  p: [1066, 299], r: -10, e: -7
#ERR  p: [4392, 9065], r: -10, e: -7
#ERR  p: [6410, 10982], r: -10, e: -9
#ERR  p: [4320, 6066], r: 0, e: 1
#ERR  p: [2016, 10244], r: -10, e: -7
#ERR  p: [9504, 1090], r: -7, e: -4
#ERR  p: [7346, 7626], r: -10, e: -8
#ERR  p: [2338, 207], r: -10, e: -8
#ERR  p: [9576, 3164], r: -6, e: -5
#ERR  p: [9648, 1143], r: -9, e: -8
#ERR  p: [9941, 507], r: -10, e: 0
#ERR  p: [289, 5360], r: -12, e: 1
#ERR  p: [583, 317], r: -10, e: -9
#ERR  p: [898, 207], r: -10, e: -1
#ERR  p: [1224, 8476], r: -10, e: -7
#ERR  p: [1158, 1321], r: -10, e: -8
#SDC Ite:0 KerTime:1.249327 AccTime:1.249327 KerErr:273331 AccErr:273331
#ABORT too many errors per iteration
#END