[INFO -- 2017-02-26 15:11:45]
Starting flip_value script
version: 2.0
[INFO -- 2017-02-26 15:11:45]
Initialization strings:
[INFO -- 2017-02-26 15:11:45]
(1) target extended-remote | ssh -T mic0 gdbserver --multi -
[INFO -- 2017-02-26 15:11:45]
(2) set sysroot /opt/mpss/3.7/sysroots/k1om-mpss-linux/
[INFO -- 2017-02-26 15:11:45]
(3) set sysroot /opt/mpss/3.7/sysroots/k1om-mpss-linux/
[INFO -- 2017-02-26 15:11:45]
(4) file /micNfs/gdb-fault-injection/injector/bin/hotspot/hotspot_check
[INFO -- 2017-02-26 15:11:45]
(5) set remote exec-file /micNfs/gdb-fault-injection/injector/bin/hotspot/hotspot_check
[INFO -- 2017-02-26 15:11:45]
(6) set args 1024 1024 1000 64 /micNfs/gdb-fault-injection/injector/data/hotspot/temp_1024 /micNfs/gdb-fault-injection/injector/data/hotspot/power_1024 /micNfs/gdb-fault-injection/injector/bin/hotspot/gold_1024_1000iter_64th
[INFO -- 2017-02-26 15:11:45]
initSignal:12
[INFO -- 2017-02-26 15:11:45]
endSignal:15
[INFO -- 2017-02-26 15:11:45]
seqSignal:15
[INFO -- 2017-02-26 15:11:45]
faultMode:3
[INFO -- 2017-02-26 15:11:58]
Backtrace BEGIN:
#0  0x00007ffff714f7ca in __memchr (s=s@entry=0x7ffff7fdb17a, c_in=c_in@entry=10, n=249, n@entry=255) at ../string/memchr.c:87
#1  0x00007ffff7139361 in __GI__IO_getline_info (fp=fp@entry=0x609b40, buf=buf@entry=0x7fffffffe640 "323.514465\n", n=255, delim=delim@entry=10, extract_delim=extract_delim@entry=1, eof=eof@entry=0x0) at iogetline.c:94
#2  0x00007ffff7139498 in __GI__IO_getline (fp=fp@entry=0x609b40, buf=buf@entry=0x7fffffffe640 "323.514465\n", n=<optimized out>, delim=delim@entry=10, extract_delim=extract_delim@entry=1) at iogetline.c:38
#3  0x00007ffff7138312 in _IO_fgets (buf=0x7fffffffe640 "323.514465\n", n=<optimized out>, fp=0x609b40) at iofgets.c:56
#4  0x0000000000404538 in read_input (vect=0x7ffff5ec9010, grid_rows=1024, grid_cols=1024, file=0x7fffffffee80 "/micNfs/gdb-fault-injection/injector/bin/hotspot/gold_1024_1000iter_64th") at hotspot_check.c:202
#5  0x0000000000404b00 in main (argc=8, argv=0x7fffffffebb8) at hotspot_check.c:267

82	in ../string/memchr.c

Backtrace END
Fliping a bit of the value pointed by a pointer
Memory content before bitflip:0x33
Fault Mode: Zero bit-flip
base address to flip value: 0x7fffffffe640 
address max offset: 1
Memory content after  bitflip:0x00
frame name: __GI__IO_getline_info
symbol name: buf
symbol filename: iogetline.c
symbol line: 53
value: 0x7fffffffe640 ""
value address: 0x7fffffffe5c8
Type: The type is a pointer.
Type sizeof: 8

[INFO -- 2017-02-26 15:11:58]
Fault Injection Successful after 13.4656898975s
[INFO -- 2017-02-26 15:12:11]
event type: exit
[INFO -- 2017-02-26 15:12:11]
exit code: 0
