2016-10-23 04:21:26:Starting GDB script
2016-10-23 04:21:28:sending signal using command: 'ssh -T mic0 killall -2 lavamd' after 1.00495562591s
2016-10-23 04:21:28:shell stdout: 
2016-10-23 04:21:31:sending signal using command: 'ssh -T mic0 killall -2 lavamd' after 3.31297747771s
2016-10-23 04:21:31:shell stdout: 
2016-10-23 04:21:32:sending signal using command: 'ssh -T mic0 killall -2 lavamd' after 4.13596777337s
2016-10-23 04:21:32:shell stdout: 
2016-10-23 04:21:33:sending signal using command: 'ssh -T mic0 killall -2 lavamd' after 6.4713914467s
2016-10-23 04:21:33:shell stdout: 
2016-10-23 04:21:34:sending signal using command: 'ssh -T mic0 killall -2 lavamd' after 6.94098875167s
2016-10-23 04:21:34:shell stdout: 
2016-10-23 04:21:34:sending signal using command: 'ssh -T mic0 killall -2 lavamd' after 6.96782272498s
2016-10-23 04:21:34:shell stdout: 
2016-10-23 04:21:35:sending signal using command: 'ssh -T mic0 killall -2 lavamd' after 7.95142621191s
2016-10-23 04:21:35:shell stdout: 
2016-10-23 04:21:35:sending signal using command: 'ssh -T mic0 killall -2 lavamd' after 8.39633969104s
2016-10-23 04:21:35:shell stdout: 
2016-10-23 04:21:35:sending signal using command: 'ssh -T mic0 killall -2 lavamd' after 8.54094649274s
2016-10-23 04:21:35:shell stdout: 
2016-10-23 04:21:36:sending signal using command: 'ssh -T mic0 killall -2 lavamd' after 8.94618097966s
2016-10-23 04:21:36:shell stdout: 
2016-10-23 04:21:44:no gdbExecName running, out:
2016-10-23 04:21:44:checCmd:ps -e | grep -i gdb-mic
2016-10-23 04:21:44:finished now-timestampStart < maxWaitTime*5
2016-10-23 04:21:44:now: 1477210902
2016-10-23 04:21:44:timestampStart: 1477210886
2016-10-23 04:21:44:kill cmd: killall -9 gdb-mic
2016-10-23 04:21:44:shell stdout: 
2016-10-23 04:21:44:kill cmd: ssh -T mic0 killall -9 lavamd
2016-10-23 04:21:44:shell stdout: 
2016-10-23 04:21:44:kill cmd: ssh -T mic0 killall -9 gdbserver
2016-10-23 04:21:44:shell stdout: 
2016-10-23 04:21:45:kill cmd: ssh -T mic0 killall -9 sshd
2016-10-23 04:21:45:shell stdout: 
