2016-10-18 02:48:39:Initialization strings:
2016-10-18 02:48:39:(1) target extended-remote | ssh -T mic0 gdbserver --multi -
2016-10-18 02:48:39:(2) set sysroot /opt/mpss/3.7/sysroots/k1om-mpss-linux/
2016-10-18 02:48:39:(3) set sysroot /opt/mpss/3.7/sysroots/k1om-mpss-linux/
2016-10-18 02:48:39:(4) file /micNfs/gdb-fault-injection-lavamd/bin/lavamd
2016-10-18 02:48:39:(5) set remote exec-file /micNfs/gdb-fault-injection-lavamd/bin/lavamd
2016-10-18 02:48:39:(6) set args 228 15 /micNfs/gdb-fault-injection-lavamd/bin/input_distance_228_15 /micNfs/gdb-fault-injection-lavamd/bin/input_charges_228_15 /micNfs/gdb-fault-injection-lavamd/bin/output_gold_228_15 1
2016-10-18 02:48:40:Trying Fault Injection
2016-10-18 02:48:40:Inferior PID: 55335
2016-10-18 02:48:40:Inferior is valid: True
2016-10-18 02:48:40:Inferior #threads: 1
2016-10-18 02:48:40:Backtrace BEGIN:
2016-10-18 02:48:40:#0  dl_main (phdr=<optimized out>, phnum=<optimized out>, user_entry=<optimized out>, auxv=<optimized out>) at rtld.c:2175
#1  0x00007ffff7df2548 in _dl_sysdep_start (start_argptr=start_argptr@entry=0x7fffffffec00, dl_main=dl_main@entry=0x7ffff7dde840 <dl_main>) at ../elf/dl-sysdep.c:249
#2  0x00007ffff7de1c6a in _dl_start_final (arg=0x7fffffffec00) at rtld.c:308
#3  _dl_start (arg=0x7fffffffec00) at rtld.c:414
#4  0x00007ffff7dddbc8 in _start () from /opt/mpss/3.7/sysroots/k1om-mpss-linux/lib64/ld-linux-k1om.so.2
#5  0x0000000000000007 in ?? ()
#6  0x00007fffffffedf0 in ?? ()
#7  0x00007fffffffee1e in ?? ()
#8  0x00007fffffffee22 in ?? ()
#9  0x00007fffffffee25 in ?? ()
#10 0x00007fffffffee62 in ?? ()
#11 0x00007fffffffee9e in ?? ()
#12 0x00007fffffffeed8 in ?? ()
#13 0x0000000000000000 in ?? ()

2016-10-18 02:48:40:2170	in rtld.c

2016-10-18 02:48:40:Backtrace END
2016-10-18 02:48:40:Thread name: None
2016-10-18 02:48:40:Thread num: 1
2016-10-18 02:48:40:Thread ptid: (55335, 55335, 0)
2016-10-18 02:48:40:bitFlip function
2016-10-18 02:48:40:Type: The type is an integer type.
2016-10-18 02:48:40:Type sizeof: 4
2016-10-18 02:48:40:Mem contents(hex):0x070x000x000x00
2016-10-18 02:48:40:base address to flip value: 0x7ffff7ffcca8 
2016-10-18 02:48:40:address max offset: 4
2016-10-18 02:48:40:Memory content before bitflip:0x070x000x000x00
2016-10-18 02:48:40:Memory content after  bitflip:0x070x000x000x01
2016-10-18 02:48:40:Mem contents(hex):0x070x000x000x01
2016-10-18 02:48:40:frame name: _dl_start_final
2016-10-18 02:48:40:symbol name: _dl_argc
2016-10-18 02:48:40:symbol filename: rtld.c
2016-10-18 02:48:40:symbol line: 82
2016-10-18 02:48:40:value: 16777223
2016-10-18 02:48:40:value address: 0x7ffff7ffcca8 <_dl_argc>
2016-10-18 02:48:40:Type: The type is an integer type.
2016-10-18 02:48:40:Type sizeof: 4
2016-10-18 02:48:40:Fault Injection Successful after 1.37750291824s
2016-10-18 02:48:41:Fault Already Injected
2016-10-18 02:48:44:Fault Already Injected
2016-10-18 02:48:44:Fault Already Injected
2016-10-18 02:48:46:Fault Already Injected
2016-10-18 02:48:46:Fault Already Injected
2016-10-18 02:48:46:Fault Already Injected
2016-10-18 02:48:47:Fault Already Injected
2016-10-18 02:48:48:Fault Already Injected
2016-10-18 02:48:48:Fault Already Injected
2016-10-18 02:48:50:event type: exit
2016-10-18 02:48:50:exit code: 0
