2016-10-22 08:03:33:Starting GDB script
2016-10-22 08:03:34:sending signal using command: 'ssh -T mic0 killall -2 hotspot_check' after 0.423845367948s
2016-10-22 08:03:34:shell stdout: 
2016-10-22 08:03:34:sending signal using command: 'ssh -T mic0 killall -2 hotspot_check' after 1.02006688677s
2016-10-22 08:03:34:shell stdout: 
2016-10-22 08:03:35:sending signal using command: 'ssh -T mic0 killall -2 hotspot_check' after 1.96206598451s
2016-10-22 08:03:35:shell stdout: 
2016-10-22 08:03:38:sending signal using command: 'ssh -T mic0 killall -2 hotspot_check' after 4.68536426162s
2016-10-22 08:03:38:shell stdout: 
2016-10-22 08:03:38:sending signal using command: 'ssh -T mic0 killall -2 hotspot_check' after 4.79169461815s
2016-10-22 08:03:38:shell stdout: 
2016-10-22 08:03:43:sending signal using command: 'ssh -T mic0 killall -2 hotspot_check' after 10.0648453833s
2016-10-22 08:03:43:shell stdout: 
2016-10-22 08:03:48:sending signal using command: 'ssh -T mic0 killall -2 hotspot_check' after 13.8908656792s
2016-10-22 08:03:48:shell stdout: 
2016-10-22 08:03:48:sending signal using command: 'ssh -T mic0 killall -2 hotspot_check' after 14.2976857331s
2016-10-22 08:03:48:shell stdout: 
2016-10-22 08:03:48:sending signal using command: 'ssh -T mic0 killall -2 hotspot_check' after 14.5460857091s
2016-10-22 08:03:48:shell stdout: 
2016-10-22 08:03:48:sending signal using command: 'ssh -T mic0 killall -2 hotspot_check' after 14.980220508s
2016-10-22 08:03:48:shell stdout: 
2016-10-22 08:03:55:no gdbExecName running, out:
2016-10-22 08:03:55:checCmd:ps -e | grep -i gdb-mic
2016-10-22 08:03:55:finished now-timestampStart < maxWaitTime*5
2016-10-22 08:03:55:now: 1477137834
2016-10-22 08:03:55:timestampStart: 1477137813
2016-10-22 08:03:55:kill cmd: killall -9 gdb-mic
2016-10-22 08:03:55:shell stdout: 
2016-10-22 08:03:56:kill cmd: ssh -T mic0 killall -9 hotspot_check
2016-10-22 08:03:56:shell stdout: 
2016-10-22 08:03:56:kill cmd: ssh -T mic0 killall -9 gdbserver
2016-10-22 08:03:56:shell stdout: 
