2017-01-25 09:34:58:Starting GDB script
2017-01-25 09:34:58:initSignal:0.0
2017-01-25 09:34:58:endSignal:7.0
2017-01-25 09:34:58:seqSignal:15
2017-01-25 09:35:00:sending 15 signals using command: 'ssh -T mic1 killall -2 dgemm_check' after 1.83646674116s
2017-01-25 09:35:00:shell stdout: 
2017-01-25 09:35:00:shell stdout: 
2017-01-25 09:35:01:shell stdout: 
2017-01-25 09:35:01:sending 15 signals using command: 'ssh -T mic1 killall -2 dgemm_check' after 3.30135349149s
2017-01-25 09:35:01:shell stdout: 
2017-01-25 09:35:01:shell stdout: 
2017-01-25 09:35:01:shell stdout: 
2017-01-25 09:35:02:shell stdout: 
2017-01-25 09:35:02:shell stdout: 
2017-01-25 09:35:02:shell stdout: 
2017-01-25 09:35:02:shell stdout: 
2017-01-25 09:35:03:sending 15 signals using command: 'ssh -T mic1 killall -2 dgemm_check' after 4.91166155729s
2017-01-25 09:35:03:shell stdout: 
2017-01-25 09:35:03:shell stdout: 
2017-01-25 09:35:03:shell stdout: 
2017-01-25 09:35:03:shell stdout: 
2017-01-25 09:35:03:shell stdout: 
2017-01-25 09:35:03:shell stdout: 
2017-01-25 09:35:03:shell stdout: 
2017-01-25 09:35:04:shell stdout: 
2017-01-25 09:35:04:shell stdout: 
2017-01-25 09:35:04:shell stdout: 
2017-01-25 09:35:04:shell stdout: 
2017-01-25 09:35:04:shell stdout: 
2017-01-25 09:35:04:shell stdout: 
2017-01-25 09:35:04:shell stdout: 
2017-01-25 09:35:05:shell stdout: 
2017-01-25 09:35:05:shell stdout: 
2017-01-25 09:35:05:shell stdout: 
2017-01-25 09:35:05:shell stdout: 
2017-01-25 09:35:05:shell stdout: 
2017-01-25 09:35:05:shell stdout: 
2017-01-25 09:35:06:shell stdout: 
2017-01-25 09:35:06:shell stdout: 
2017-01-25 09:35:06:shell stdout: 
2017-01-25 09:35:07:shell stdout: 
2017-01-25 09:35:07:shell stdout: 
2017-01-25 09:35:07:shell stdout: 
2017-01-25 09:35:07:shell stdout: 
2017-01-25 09:35:08:shell stdout: 
2017-01-25 09:35:08:shell stdout: 
2017-01-25 09:35:08:shell stdout: 
2017-01-25 09:35:09:shell stdout: 
2017-01-25 09:35:09:shell stdout: 
2017-01-25 09:35:10:shell stdout: 
2017-01-25 09:35:11:shell stdout: 
2017-01-25 09:35:11:shell stdout: 
2017-01-25 09:36:08:no gdbExecName running, out:
2017-01-25 09:36:08:checCmd:ps -e | grep -i gdb-mic
2017-01-25 09:36:08:finished now-timestampStart < maxWaitTime*5
2017-01-25 09:36:08:now: 1485354960
2017-01-25 09:36:08:timestampStart: 1485354898
2017-01-25 09:36:08:kill cmd: killall -9 gdb-mic
2017-01-25 09:36:08:shell stdout: 
2017-01-25 09:36:09:kill cmd: ssh -T mic1 killall -9 dgemm_check
2017-01-25 09:36:09:shell stdout: 
2017-01-25 09:36:09:kill cmd: ssh -T mic1 killall -9 gdbserver
2017-01-25 09:36:09:shell stdout: 
2017-01-25 09:36:10:kill cmd: ssh -T mic1 killall -9 sshd
2017-01-25 09:36:10:shell stdout: 
