2016-10-29 06:41:37:Starting GDB script
2016-10-29 06:41:38:sending signal using command: 'ssh -T mic0 killall -2 lavamd' after 0.789176101548s
2016-10-29 06:41:38:shell stdout: 
2016-10-29 06:41:39:sending signal using command: 'ssh -T mic0 killall -2 lavamd' after 1.14460708658s
2016-10-29 06:41:39:shell stdout: 
2016-10-29 06:41:39:sending signal using command: 'ssh -T mic0 killall -2 lavamd' after 1.24138396943s
2016-10-29 06:41:39:shell stdout: 
2016-10-29 06:41:43:sending signal using command: 'ssh -T mic0 killall -2 lavamd' after 4.09218484552s
2016-10-29 06:41:43:shell stdout: 
2016-10-29 06:41:43:sending signal using command: 'ssh -T mic0 killall -2 lavamd' after 4.15389243168s
2016-10-29 06:41:43:shell stdout: 
2016-10-29 06:41:43:sending signal using command: 'ssh -T mic0 killall -2 lavamd' after 4.57906906759s
2016-10-29 06:41:43:shell stdout: 
2016-10-29 06:41:43:sending signal using command: 'ssh -T mic0 killall -2 lavamd' after 4.71694891397s
2016-10-29 06:41:43:shell stdout: 
2016-10-29 06:41:46:sending signal using command: 'ssh -T mic0 killall -2 lavamd' after 7.87860636059s
2016-10-29 06:41:46:shell stdout: 
2016-10-29 06:41:46:sending signal using command: 'ssh -T mic0 killall -2 lavamd' after 8.76897899126s
2016-10-29 06:41:46:shell stdout: 
2016-10-29 06:41:47:sending signal using command: 'ssh -T mic0 killall -2 lavamd' after 9.1316842216s
2016-10-29 06:41:47:shell stdout: 
2016-10-29 06:41:54:no gdbExecName running, out:
2016-10-29 06:41:54:checCmd:ps -e | grep -i gdb-mic
2016-10-29 06:41:54:finished now-timestampStart < maxWaitTime*5
2016-10-29 06:41:54:now: 1477737713
2016-10-29 06:41:54:timestampStart: 1477737697
2016-10-29 06:41:54:kill cmd: killall -9 gdb-mic
2016-10-29 06:41:54:shell stdout: 
2016-10-29 06:41:55:kill cmd: ssh -T mic0 killall -9 lavamd
2016-10-29 06:41:55:shell stdout: 
2016-10-29 06:41:55:kill cmd: ssh -T mic0 killall -9 gdbserver
2016-10-29 06:41:55:shell stdout: 
2016-10-29 06:41:55:kill cmd: ssh -T mic0 killall -9 sshd
2016-10-29 06:41:55:shell stdout: 
