[INFO -- 2017-03-29 02:04:47]
Starting GDB script
[INFO -- 2017-03-29 02:04:47]
initSignal:0.0
[INFO -- 2017-03-29 02:04:47]
endSignal:3.0
[INFO -- 2017-03-29 02:04:47]
seqSignal:30
[INFO -- 2017-03-29 02:04:47]
sending 30 signals using command: 'ssh -T mic0 killall -2 lavamd_check' after 0.315399907833s
[INFO -- 2017-03-29 02:04:47]
sending 30 signals using command: 'ssh -T mic0 killall -2 lavamd_check' after 0.383438398418s
[INFO -- 2017-03-29 02:04:48]
shell stdout: 
[INFO -- 2017-03-29 02:04:48]
shell stdout: 
[INFO -- 2017-03-29 02:04:48]
shell stdout: 
[INFO -- 2017-03-29 02:04:48]
shell stdout: 
[INFO -- 2017-03-29 02:04:48]
sending 30 signals using command: 'ssh -T mic0 killall -2 lavamd_check' after 1.33829593518s
[INFO -- 2017-03-29 02:04:49]
shell stdout: 
[INFO -- 2017-03-29 02:04:49]
shell stdout: 
[INFO -- 2017-03-29 02:04:49]
shell stdout: 
[INFO -- 2017-03-29 02:04:49]
shell stdout: 
[INFO -- 2017-03-29 02:04:49]
shell stdout: 
[INFO -- 2017-03-29 02:04:49]
shell stdout: 
[INFO -- 2017-03-29 02:04:49]
shell stdout: 
[INFO -- 2017-03-29 02:04:50]
shell stdout: 
[INFO -- 2017-03-29 02:04:50]
shell stdout: 
[INFO -- 2017-03-29 02:04:50]
shell stdout: 
[INFO -- 2017-03-29 02:04:50]
shell stdout: 
[INFO -- 2017-03-29 02:04:50]
shell stdout: 
[INFO -- 2017-03-29 02:04:50]
shell stdout: 
[INFO -- 2017-03-29 02:04:50]
shell stdout: 
[INFO -- 2017-03-29 02:04:51]
shell stdout: 
[INFO -- 2017-03-29 02:04:51]
shell stdout: 
[INFO -- 2017-03-29 02:04:51]
shell stdout: 
[INFO -- 2017-03-29 02:04:51]
shell stdout: 
[INFO -- 2017-03-29 02:04:51]
shell stdout: 
[INFO -- 2017-03-29 02:04:52]
shell stdout: 
[INFO -- 2017-03-29 02:04:52]
shell stdout: 
[INFO -- 2017-03-29 02:04:52]
shell stdout: 
[INFO -- 2017-03-29 02:04:52]
shell stdout: 
[INFO -- 2017-03-29 02:04:52]
shell stdout: 
[INFO -- 2017-03-29 02:04:53]
shell stdout: 
[INFO -- 2017-03-29 02:04:53]
shell stdout: 
[INFO -- 2017-03-29 02:04:53]
shell stdout: 
[INFO -- 2017-03-29 02:04:53]
shell stdout: 
[INFO -- 2017-03-29 02:04:53]
shell stdout: 
[INFO -- 2017-03-29 02:04:53]
shell stdout: 
[INFO -- 2017-03-29 02:04:54]
shell stdout: 
[INFO -- 2017-03-29 02:04:54]
shell stdout: 
[INFO -- 2017-03-29 02:04:54]
shell stdout: 
[INFO -- 2017-03-29 02:04:55]
shell stdout: 
[INFO -- 2017-03-29 02:04:55]
shell stdout: 
[INFO -- 2017-03-29 02:04:55]
shell stdout: 
[INFO -- 2017-03-29 02:04:55]
shell stdout: 
[INFO -- 2017-03-29 02:04:55]
shell stdout: 
[INFO -- 2017-03-29 02:04:56]
shell stdout: 
[INFO -- 2017-03-29 02:04:56]
shell stdout: 
[INFO -- 2017-03-29 02:04:56]
shell stdout: 
[INFO -- 2017-03-29 02:04:56]
shell stdout: 
[INFO -- 2017-03-29 02:04:57]
shell stdout: 
[INFO -- 2017-03-29 02:04:57]
shell stdout: 
[INFO -- 2017-03-29 02:04:57]
shell stdout: 
[INFO -- 2017-03-29 02:04:58]
shell stdout: 
[INFO -- 2017-03-29 02:04:58]
shell stdout: 
[INFO -- 2017-03-29 02:04:58]
shell stdout: 
[INFO -- 2017-03-29 02:04:58]
shell stdout: 
[INFO -- 2017-03-29 02:04:58]
shell stdout: 
[INFO -- 2017-03-29 02:04:58]
shell stdout: 
[INFO -- 2017-03-29 02:04:59]
shell stdout: 
[INFO -- 2017-03-29 02:04:59]
shell stdout: 
[INFO -- 2017-03-29 02:04:59]
shell stdout: 
[INFO -- 2017-03-29 02:04:59]
shell stdout: 
[INFO -- 2017-03-29 02:05:00]
shell stdout: 
[INFO -- 2017-03-29 02:05:00]
shell stdout: 
[INFO -- 2017-03-29 02:05:00]
shell stdout: 
[INFO -- 2017-03-29 02:05:00]
shell stdout: 
[INFO -- 2017-03-29 02:05:00]
shell stdout: 
[INFO -- 2017-03-29 02:05:01]
shell stdout: 
[INFO -- 2017-03-29 02:05:01]
shell stdout: 
[INFO -- 2017-03-29 02:05:01]
shell stdout: 
[INFO -- 2017-03-29 02:05:01]
shell stdout: 
[INFO -- 2017-03-29 02:05:01]
shell stdout: 
[INFO -- 2017-03-29 02:05:01]
shell stdout: 
[INFO -- 2017-03-29 02:05:02]
shell stdout: 
[INFO -- 2017-03-29 02:05:02]
shell stdout: 
[INFO -- 2017-03-29 02:05:02]
shell stdout: 
[INFO -- 2017-03-29 02:05:02]
shell stdout: 
[INFO -- 2017-03-29 02:05:02]
shell stdout: 
[INFO -- 2017-03-29 02:05:02]
shell stdout: 
[INFO -- 2017-03-29 02:05:02]
shell stdout: 
[INFO -- 2017-03-29 02:05:03]
shell stdout: 
[INFO -- 2017-03-29 02:05:03]
shell stdout: 
[INFO -- 2017-03-29 02:05:03]
shell stdout: 
[INFO -- 2017-03-29 02:05:03]
shell stdout: 
[INFO -- 2017-03-29 02:05:03]
shell stdout: 
[INFO -- 2017-03-29 02:05:03]
shell stdout: 
[INFO -- 2017-03-29 02:05:03]
shell stdout: 
[INFO -- 2017-03-29 02:05:03]
shell stdout: 
[INFO -- 2017-03-29 02:05:04]
shell stdout: 
[INFO -- 2017-03-29 02:05:04]
shell stdout: 
[INFO -- 2017-03-29 02:05:04]
shell stdout: 
[INFO -- 2017-03-29 02:05:04]
shell stdout: 
[INFO -- 2017-03-29 02:05:05]
shell stdout: 
[INFO -- 2017-03-29 02:05:11]
no gdbExecName running, out:
[INFO -- 2017-03-29 02:05:11]
checCmd:ps -e | grep -i gdb-mic
[INFO -- 2017-03-29 02:05:11]
finished now-timestampStart < maxWaitTime*5
[INFO -- 2017-03-29 02:05:11]
now: 1490753109
[INFO -- 2017-03-29 02:05:11]
timestampStart: 1490753087
[INFO -- 2017-03-29 02:05:11]
kill cmd: killall -9 gdb-mic
[INFO -- 2017-03-29 02:05:11]
shell stdout: 
[INFO -- 2017-03-29 02:05:11]
kill cmd: ssh -T mic0 killall -9 lavamd_check
[INFO -- 2017-03-29 02:05:11]
shell stdout: 
[INFO -- 2017-03-29 02:05:11]
kill cmd: ssh -T mic0 killall -9 gdbserver
[INFO -- 2017-03-29 02:05:11]
shell stdout: 
[INFO -- 2017-03-29 02:05:12]
kill cmd: ssh -T mic0 killall -9 sshd
[INFO -- 2017-03-29 02:05:12]
shell stdout: 
