2016-10-14 13:07:37:Initialization strings:
2016-10-14 13:07:38:(1) target extended-remote | ssh -T mic0 gdbserver --multi -
2016-10-14 13:07:38:(2) set sysroot /opt/mpss/3.7/sysroots/k1om-mpss-linux/
2016-10-14 13:07:38:(3) set sysroot /opt/mpss/3.7/sysroots/k1om-mpss-linux/
2016-10-14 13:07:38:(4) file /micNfs/gdb-fault-injection-hotspot/bin/hotspot_check
2016-10-14 13:07:38:(5) set remote exec-file /micNfs/gdb-fault-injection-hotspot/bin/hotspot_check
2016-10-14 13:07:38:(6) set args 1024 1024 2000 228 /micNfs/gdb-fault-injection-hotspot/bin/temp_1024 /micNfs/gdb-fault-injection-hotspot/bin/power_1024 /micNfs/gdb-fault-injection-hotspot/bin/GOLD_1024-2000-228
2016-10-14 13:07:39:Trying Fault Injection
2016-10-14 13:07:39:Backtrace BEGIN:
2016-10-14 13:07:39:#0  __memchr (s=s@entry=0x7ffff7efae70, c_in=c_in@entry=10, n=<optimized out>, n@entry=255) at ../string/memchr.c:135
#1  0x00007ffff7139361 in __GI__IO_getline_info (fp=fp@entry=0x609b40, buf=buf@entry=0x7fffffffe77a "330.770642\n", n=255, delim=delim@entry=10, extract_delim=extract_delim@entry=1, eof=eof@entry=0x0) at iogetline.c:94
#2  0x00007ffff7139498 in __GI__IO_getline (fp=fp@entry=0x609b40, buf=buf@entry=0x7fffffffe77a "330.770642\n", n=<optimized out>, delim=delim@entry=10, extract_delim=extract_delim@entry=1) at iogetline.c:38
#3  0x00007ffff7138312 in _IO_fgets (buf=0x7fffffffe77a "330.770642\n", n=<optimized out>, fp=0x609b40) at iofgets.c:56
#4  0x0000000000401712 in read_input (vect=<optimized out>, grid_rows=<optimized out>, grid_cols=-160649200, file=<optimized out>) at hotspot_check.c:201
#5  main (argc=-135287176, argv=0xa) at hotspot_check.c:264

2016-10-14 13:07:39:130	in ../string/memchr.c

2016-10-14 13:07:39:Backtrace END
2016-10-14 13:07:39:Type: The type is a pointer.
2016-10-14 13:07:39:Type sizeof: 8
2016-10-14 13:07:39:Fliping a bit of the value pointed by a pointer
2016-10-14 13:07:39:Type: The type is an integer type.
2016-10-14 13:07:39:Type sizeof: 1
2016-10-14 13:07:39:Mem contents(hex):0x33
2016-10-14 13:07:39:base address to flip value: 0x7fffffffe77a 
2016-10-14 13:07:39:address max offset: 1
2016-10-14 13:07:39:Memory content before bitflip:0x33
2016-10-14 13:07:39:Memory content after  bitflip:0x3b
2016-10-14 13:07:39:Mem contents(hex):0x3b
2016-10-14 13:07:39:frame name: __GI__IO_getline_info
2016-10-14 13:07:39:symbol name: buf
2016-10-14 13:07:39:symbol filename: iogetline.c
2016-10-14 13:07:39:symbol line: 53
2016-10-14 13:07:39:value: 0x7fffffffe77a ";30.770642\n"
2016-10-14 13:07:39:value address: 0x7fffffffe588
2016-10-14 13:07:39:Type: The type is a pointer.
2016-10-14 13:07:39:Type sizeof: 8
2016-10-14 13:07:39:Fault Injection Successful after 1.29615902901s
2016-10-14 13:07:41:Fault Already Injected
2016-10-14 13:07:41:Fault Already Injected
2016-10-14 13:07:43:Fault Already Injected
2016-10-14 13:07:43:Fault Already Injected
2016-10-14 13:07:45:Fault Already Injected
2016-10-14 13:07:46:Fault Already Injected
2016-10-14 13:07:46:Fault Already Injected
2016-10-14 13:07:48:Fault Already Injected
2016-10-14 13:07:50:Fault Already Injected
2016-10-14 13:07:52:event type: exit
2016-10-14 13:07:52:exit code: 0
