2016-10-30 06:12:59:Starting GDB script
2016-10-30 06:13:02:sending signal using command: 'ssh -T mic0 killall -2 needle_check' after 2.42289183425s
2016-10-30 06:13:02:shell stdout: 
2016-10-30 06:13:03:sending signal using command: 'ssh -T mic0 killall -2 needle_check' after 3.29175088442s
2016-10-30 06:13:03:shell stdout: 
2016-10-30 06:13:03:sending signal using command: 'ssh -T mic0 killall -2 needle_check' after 4.01868399489s
2016-10-30 06:13:03:shell stdout: 
2016-10-30 06:13:06:sending signal using command: 'ssh -T mic0 killall -2 needle_check' after 7.07087736095s
2016-10-30 06:13:06:shell stdout: 
2016-10-30 06:13:07:sending signal using command: 'ssh -T mic0 killall -2 needle_check' after 7.63545984146s
2016-10-30 06:13:07:shell stdout: 
2016-10-30 06:13:09:sending signal using command: 'ssh -T mic0 killall -2 needle_check' after 9.62221188579s
2016-10-30 06:13:09:shell stdout: 
2016-10-30 06:13:09:sending signal using command: 'ssh -T mic0 killall -2 needle_check' after 10.0350349492s
2016-10-30 06:13:09:shell stdout: 
2016-10-30 06:13:11:sending signal using command: 'ssh -T mic0 killall -2 needle_check' after 11.3729908594s
2016-10-30 06:13:11:shell stdout: 
2016-10-30 06:13:11:sending signal using command: 'ssh -T mic0 killall -2 needle_check' after 11.5391290399s
2016-10-30 06:13:11:shell stdout: 
2016-10-30 06:13:12:sending signal using command: 'ssh -T mic0 killall -2 needle_check' after 12.359844527s
2016-10-30 06:13:12:shell stdout: 
2016-10-30 06:13:22:no gdbExecName running, out:
2016-10-30 06:13:22:checCmd:ps -e | grep -i gdb-mic
2016-10-30 06:13:22:finished now-timestampStart < maxWaitTime*5
2016-10-30 06:13:22:now: 1477822401
2016-10-30 06:13:22:timestampStart: 1477822379
2016-10-30 06:13:22:kill cmd: killall -9 gdb-mic
2016-10-30 06:13:22:shell stdout: 
2016-10-30 06:13:23:kill cmd: ssh -T mic0 killall -9 needle_check
2016-10-30 06:13:23:shell stdout: 
2016-10-30 06:13:23:kill cmd: ssh -T mic0 killall -9 gdbserver
2016-10-30 06:13:23:shell stdout: 
2016-10-30 06:13:24:kill cmd: ssh -T mic0 killall -9 sshd
2016-10-30 06:13:24:shell stdout: 
