[INFO -- 2017-03-25 19:44:58]
Starting GDB script
[INFO -- 2017-03-25 19:44:58]
initSignal:12.0
[INFO -- 2017-03-25 19:44:58]
endSignal:17.0
[INFO -- 2017-03-25 19:44:58]
seqSignal:30
[INFO -- 2017-03-25 19:45:10]
sending 30 signals using command: 'ssh -T mic0 killall -2 needle_check' after 12.7789720695s
[INFO -- 2017-03-25 19:45:10]
sending 30 signals using command: 'ssh -T mic0 killall -2 needle_check' after 12.8328568323s
[INFO -- 2017-03-25 19:45:11]
shell stdout: 
[INFO -- 2017-03-25 19:45:11]
shell stdout: 
[INFO -- 2017-03-25 19:45:11]
shell stdout: 
[INFO -- 2017-03-25 19:45:11]
shell stdout: 
[INFO -- 2017-03-25 19:45:12]
shell stdout: 
[INFO -- 2017-03-25 19:45:12]
shell stdout: 
[INFO -- 2017-03-25 19:45:12]
shell stdout: 
[INFO -- 2017-03-25 19:45:12]
shell stdout: 
[INFO -- 2017-03-25 19:45:12]
shell stdout: 
[INFO -- 2017-03-25 19:45:12]
shell stdout: 
[INFO -- 2017-03-25 19:45:13]
shell stdout: 
[INFO -- 2017-03-25 19:45:13]
shell stdout: 
[INFO -- 2017-03-25 19:45:13]
sending 30 signals using command: 'ssh -T mic0 killall -2 needle_check' after 15.5691575191s
[INFO -- 2017-03-25 19:45:13]
shell stdout: 
[INFO -- 2017-03-25 19:45:13]
shell stdout: 
[INFO -- 2017-03-25 19:45:14]
shell stdout: 
[INFO -- 2017-03-25 19:45:14]
shell stdout: 
[INFO -- 2017-03-25 19:45:14]
shell stdout: 
[INFO -- 2017-03-25 19:45:14]
shell stdout: 
[INFO -- 2017-03-25 19:45:14]
shell stdout: 
[INFO -- 2017-03-25 19:45:14]
shell stdout: 
[INFO -- 2017-03-25 19:45:14]
shell stdout: 
[INFO -- 2017-03-25 19:45:14]
shell stdout: 
[INFO -- 2017-03-25 19:45:14]
shell stdout: 
[INFO -- 2017-03-25 19:45:15]
shell stdout: 
[INFO -- 2017-03-25 19:45:15]
shell stdout: 
[INFO -- 2017-03-25 19:45:15]
shell stdout: 
[INFO -- 2017-03-25 19:45:15]
shell stdout: 
[INFO -- 2017-03-25 19:45:15]
shell stdout: 
[INFO -- 2017-03-25 19:45:15]
shell stdout: 
[INFO -- 2017-03-25 19:45:16]
shell stdout: 
[INFO -- 2017-03-25 19:45:16]
shell stdout: 
[INFO -- 2017-03-25 19:45:16]
shell stdout: 
[INFO -- 2017-03-25 19:45:16]
shell stdout: 
[INFO -- 2017-03-25 19:45:16]
shell stdout: 
[INFO -- 2017-03-25 19:45:16]
shell stdout: 
[INFO -- 2017-03-25 19:45:16]
shell stdout: 
[INFO -- 2017-03-25 19:45:17]
shell stdout: 
[INFO -- 2017-03-25 19:45:17]
shell stdout: 
[INFO -- 2017-03-25 19:45:17]
shell stdout: 
[INFO -- 2017-03-25 19:45:17]
shell stdout: 
[INFO -- 2017-03-25 19:45:17]
shell stdout: 
[INFO -- 2017-03-25 19:45:17]
shell stdout: 
[INFO -- 2017-03-25 19:45:17]
shell stdout: 
[INFO -- 2017-03-25 19:45:17]
shell stdout: 
[INFO -- 2017-03-25 19:45:18]
shell stdout: 
[INFO -- 2017-03-25 19:45:18]
shell stdout: 
[INFO -- 2017-03-25 19:45:18]
shell stdout: 
[INFO -- 2017-03-25 19:45:18]
shell stdout: 
[INFO -- 2017-03-25 19:45:18]
shell stdout: 
[INFO -- 2017-03-25 19:45:18]
shell stdout: 
[INFO -- 2017-03-25 19:45:18]
shell stdout: 
[INFO -- 2017-03-25 19:45:19]
shell stdout: 
[INFO -- 2017-03-25 19:45:19]
shell stdout: 
[INFO -- 2017-03-25 19:45:19]
shell stdout: 
[INFO -- 2017-03-25 19:45:19]
shell stdout: 
[INFO -- 2017-03-25 19:45:19]
shell stdout: 
[INFO -- 2017-03-25 19:45:19]
shell stdout: 
[INFO -- 2017-03-25 19:45:19]
shell stdout: 
[INFO -- 2017-03-25 19:45:19]
shell stdout: 
[INFO -- 2017-03-25 19:45:20]
shell stdout: 
[INFO -- 2017-03-25 19:45:20]
shell stdout: 
[INFO -- 2017-03-25 19:45:20]
shell stdout: 
[INFO -- 2017-03-25 19:45:20]
shell stdout: 
[INFO -- 2017-03-25 19:45:20]
shell stdout: 
[INFO -- 2017-03-25 19:45:20]
shell stdout: 
[INFO -- 2017-03-25 19:45:21]
shell stdout: 
[INFO -- 2017-03-25 19:45:21]
shell stdout: 
[INFO -- 2017-03-25 19:45:21]
shell stdout: 
[INFO -- 2017-03-25 19:45:21]
shell stdout: 
[INFO -- 2017-03-25 19:45:21]
shell stdout: 
[INFO -- 2017-03-25 19:45:21]
shell stdout: 
[INFO -- 2017-03-25 19:45:21]
shell stdout: 
[INFO -- 2017-03-25 19:45:22]
shell stdout: 
[INFO -- 2017-03-25 19:45:22]
shell stdout: 
[INFO -- 2017-03-25 19:45:22]
shell stdout: 
[INFO -- 2017-03-25 19:45:22]
shell stdout: 
[INFO -- 2017-03-25 19:45:22]
shell stdout: 
[INFO -- 2017-03-25 19:45:22]
shell stdout: 
[INFO -- 2017-03-25 19:45:22]
shell stdout: 
[INFO -- 2017-03-25 19:45:22]
shell stdout: 
[INFO -- 2017-03-25 19:45:23]
shell stdout: 
[INFO -- 2017-03-25 19:45:23]
shell stdout: 
[INFO -- 2017-03-25 19:45:23]
shell stdout: 
[INFO -- 2017-03-25 19:45:23]
shell stdout: 
[INFO -- 2017-03-25 19:45:23]
shell stdout: 
[INFO -- 2017-03-25 19:45:24]
shell stdout: 
[INFO -- 2017-03-25 19:45:24]
shell stdout: 
[INFO -- 2017-03-25 19:45:25]
shell stdout: 
[INFO -- 2017-03-25 19:45:25]
shell stdout: 
[INFO -- 2017-03-25 19:45:25]
shell stdout: 
[INFO -- 2017-03-25 19:46:24]
finished due now-timestampStart > maxWaitTime*5
[INFO -- 2017-03-25 19:46:24]
now: 1490485584
[INFO -- 2017-03-25 19:46:24]
timestampStart: 1490485498
[INFO -- 2017-03-25 19:46:24]
kill cmd: killall -9 gdb-mic
[INFO -- 2017-03-25 19:46:24]
shell stdout: 
[INFO -- 2017-03-25 19:46:24]
kill cmd: ssh -T mic0 killall -9 needle_check
[INFO -- 2017-03-25 19:46:24]
shell stdout: 
[INFO -- 2017-03-25 19:46:25]
kill cmd: ssh -T mic0 killall -9 gdbserver
[INFO -- 2017-03-25 19:46:25]
shell stdout: 
[INFO -- 2017-03-25 19:46:25]
kill cmd: ssh -T mic0 killall -9 sshd
[INFO -- 2017-03-25 19:46:25]
shell stdout: 
