[INFO -- 2017-02-26 12:30:08]
Starting flip_value script
version: 2.0
[INFO -- 2017-02-26 12:30:08]
Initialization strings:
[INFO -- 2017-02-26 12:30:08]
(1) target extended-remote | ssh -T mic0 gdbserver --multi -
[INFO -- 2017-02-26 12:30:08]
(2) set sysroot /opt/mpss/3.7/sysroots/k1om-mpss-linux/
[INFO -- 2017-02-26 12:30:08]
(3) set sysroot /opt/mpss/3.7/sysroots/k1om-mpss-linux/
[INFO -- 2017-02-26 12:30:08]
(4) file /micNfs/gdb-fault-injection/injector/bin/hotspot/hotspot_check
[INFO -- 2017-02-26 12:30:08]
(5) set remote exec-file /micNfs/gdb-fault-injection/injector/bin/hotspot/hotspot_check
[INFO -- 2017-02-26 12:30:08]
(6) set args 1024 1024 1000 64 /micNfs/gdb-fault-injection/injector/data/hotspot/temp_1024 /micNfs/gdb-fault-injection/injector/data/hotspot/power_1024 /micNfs/gdb-fault-injection/injector/bin/hotspot/gold_1024_1000iter_64th
[INFO -- 2017-02-26 12:30:08]
initSignal:9
[INFO -- 2017-02-26 12:30:08]
endSignal:12
[INFO -- 2017-02-26 12:30:08]
seqSignal:15
[INFO -- 2017-02-26 12:30:08]
faultMode:1
[INFO -- 2017-02-26 12:30:19]
Backtrace BEGIN:
#0  _IO_vfscanf_internal (s=s@entry=0x7fffffffe440, format=format@entry=0x4071c8 "%f", argptr=argptr@entry=0x7fffffffe568, errp=errp@entry=0x0) at vfscanf.c:1977
#1  0x00007ffff71365ea in __GI___isoc99_vsscanf (string=0x7fffffffe640 "327.857758\n", format=0x4071c8 "%f", args=args@entry=0x7fffffffe568) at isoc99_vsscanf.c:43
#2  0x00007ffff7136569 in __isoc99_sscanf (s=<optimized out>, format=<optimized out>) at isoc99_sscanf.c:31
#3  0x0000000000404598 in read_input (vect=0x7ffff5ec9010, grid_rows=1024, grid_cols=1024, file=0x7fffffffee80 "/micNfs/gdb-fault-injection/injector/bin/hotspot/gold_1024_1000iter_64th") at hotspot_check.c:207
#4  0x0000000000404b00 in main (argc=8, argv=0x7fffffffebb8) at hotspot_check.c:267

1972	in vfscanf.c

Backtrace END
Fliping array at pos: 0
Fliping value of field: gp_offset
Memory content before bitflip:0x100x000x000x00
Fault Mode: Double bit-flip
base address to flip value: 0x7fffffffe568
address max offset: 4
Memory content after  bitflip:0x980x000x000x00
frame name: __isoc99_sscanf
symbol name: arg
symbol filename: isoc99_sscanf.c
symbol line: 27
value: {{gp_offset = 152, fp_offset = 48, overflow_arg_area = 0x7fffffffe640, reg_save_area = 0x7fffffffe580}}
value address: 0x7fffffffe568
Type: The type is an array.
Type sizeof: 24

[INFO -- 2017-02-26 12:30:19]
Fault Injection Successful after 11.2089619637s
[INFO -- 2017-02-26 12:30:33]
event type: exit
[INFO -- 2017-02-26 12:30:33]
exit code: 0
