2017-02-28 08:31:57:Starting flip_value script
2017-02-28 08:31:57:Initialization strings:
2017-02-28 08:31:57:(1) target extended-remote | ssh -T mic1 gdbserver --multi -
2017-02-28 08:31:57:(2) set sysroot /opt/mpss/3.7/sysroots/k1om-mpss-linux/
2017-02-28 08:31:57:(3) set sysroot /opt/mpss/3.7/sysroots/k1om-mpss-linux/
2017-02-28 08:31:57:(4) file /micNfs/gdb-fault-injection/injector/bin/dgemm/dgemm_check
2017-02-28 08:31:57:(5) set remote exec-file /micNfs/gdb-fault-injection/injector/bin/dgemm/dgemm_check
2017-02-28 08:31:57:(6) set args 228 2048 16 /micNfs/gdb-fault-injection/injector/bin/dgemm/dgemm_a_8192 /micNfs/gdb-fault-injection/injector/bin/dgemm/dgemm_b_8192 /micNfs/gdb-fault-injection/injector/bin/dgemm/gold_2048_m-order_228_ths_16_blocks 1
2017-02-28 08:31:57:initSignal:28
2017-02-28 08:31:57:endSignal:28
2017-02-28 08:31:57:seqSignal:15
2017-02-28 08:32:26:Backtrace BEGIN:
2017-02-28 08:32:26:#0  0x000000000040377f in L_dgemm_185__par_region0_2_0 () at dgemm.c:221
#1  0x00007ffff790ba1f in ?? ()
#2  0x00007fffffffe550 in ?? ()
#3  0x0000000000000000 in ?? ()

2017-02-28 08:32:26:216	                            CC_arr(i,j) = 0.0;
217	
218	                    for (kg=kk,k=0; kg<MIN(kk+block,order); k++,kg++)
219	                        for (jg=jj,j=0; jg<MIN(jj+block,order); j++,jg++)
220	                            for (ig=ii,i=0; ig<MIN(ii+block,order); i++,ig++)
221	                                CC_arr(i,j) += AA_arr(i,k)*BB_arr(j,k);
222	
223	                    for (jg=jj,j=0; jg<MIN(jj+block,order); j++,jg++)
224	                        for (ig=ii,i=0; ig<MIN(ii+block,order); i++,ig++)
225	                            C_arr(ig,jg) += CC_arr(i,j);

2017-02-28 08:32:26:Backtrace END
2017-02-28 08:32:40:Type: The type is an integer type.
2017-02-28 08:32:40:Type sizeof: 4
2017-02-28 08:32:40:Mem contents(hex):0x000x000x000x00
2017-02-28 08:32:40:Fault Mode: One bit-flip
2017-02-28 08:32:40:base address to flip value: 0x7fffffffde90
2017-02-28 08:32:40:address max offset: 4
2017-02-28 08:32:40:Memory content before bitflip:0x000x000x000x00
2017-02-28 08:32:40:Backtrace BEGIN:
2017-02-28 08:32:40:#0  0x000000000040377f in L_dgemm_185__par_region0_2_0 () at dgemm.c:221
#1  0x00007ffff790ba1f in ?? ()
#2  0x00007fffffffe550 in ?? ()
#3  0x0000000000000000 in ?? ()

2017-02-28 08:32:40:216	                            CC_arr(i,j) = 0.0;
217	
218	                    for (kg=kk,k=0; kg<MIN(kk+block,order); k++,kg++)
219	                        for (jg=jj,j=0; jg<MIN(jj+block,order); j++,jg++)
220	                            for (ig=ii,i=0; ig<MIN(ii+block,order); i++,ig++)
221	                                CC_arr(i,j) += AA_arr(i,k)*BB_arr(j,k);
222	
223	                    for (jg=jj,j=0; jg<MIN(jj+block,order); j++,jg++)
224	                        for (ig=ii,i=0; ig<MIN(ii+block,order); i++,ig++)
225	                            C_arr(ig,jg) += CC_arr(i,j);

2017-02-28 08:32:40:Backtrace END
2017-02-28 08:32:52:Type: The type is an integer type.
2017-02-28 08:32:52:Type sizeof: 4
2017-02-28 08:32:52:Mem contents(hex):0x000x000x000x00
2017-02-28 08:32:52:Fault Mode: Random bit-flip
2017-02-28 08:32:52:base address to flip value: 0x7fffffffde90
2017-02-28 08:32:52:address max offset: 4
2017-02-28 08:32:52:Memory content before bitflip:0x000x000x000x00
2017-02-28 08:33:34:event type: exit
2017-02-28 08:33:34:exit code: 0
