2017-02-21 02:51:28:Starting flip_value script
2017-02-21 02:51:28:Initialization strings:
2017-02-21 02:51:28:(1) target extended-remote | ssh -T mic0 gdbserver --multi -
2017-02-21 02:51:28:(2) set sysroot /opt/mpss/3.7/sysroots/k1om-mpss-linux/
2017-02-21 02:51:28:(3) set sysroot /opt/mpss/3.7/sysroots/k1om-mpss-linux/
2017-02-21 02:51:28:(4) file /micNfs/gdb-fault-injection/injector/bin/dgemm/dgemm_check
2017-02-21 02:51:28:(5) set remote exec-file /micNfs/gdb-fault-injection/injector/bin/dgemm/dgemm_check
2017-02-21 02:51:28:(6) set args 228 2048 16 /micNfs/gdb-fault-injection/injector/bin/dgemm/dgemm_a_8192 /micNfs/gdb-fault-injection/injector/bin/dgemm/dgemm_b_8192 /micNfs/gdb-fault-injection/injector/bin/dgemm/gold_2048_m-order_228_ths_16_blocks 1
2017-02-21 02:51:28:initSignal:0
2017-02-21 02:51:28:endSignal:7
2017-02-21 02:51:28:seqSignal:15
2017-02-21 02:51:31:Backtrace BEGIN:
2017-02-21 02:51:31:#0  0x00007ffff71388eb in __GI__IO_fread (buf=0x7fffeee5d4c0, size=1, count=8, fp=0x6071c0) at iofread.c:41
#1  0x0000000000403d42 in read_gold (gold=0x7fffeecc9040, fileGold=0x7fffffffee78 "/micNfs/gdb-fault-injection/injector/bin/dgemm/gold_2048_m-order_228_ths_16_blocks", order=2048) at dgemm.c:266
#2  0x00000000004041e3 in main (argc=8, argv=0x7fffffffebf0) at dgemm.c:329

2017-02-21 02:51:31:36	in iofread.c

2017-02-21 02:51:31:Backtrace END
2017-02-21 02:51:31:Type: The type is a pointer.
2017-02-21 02:51:31:Type sizeof: 8
2017-02-21 02:51:31:Fliping a bit of the pointer
2017-02-21 02:51:31:Mem contents(hex):0xf00xeb0xff0xff0xff0x7f0x000x00
2017-02-21 02:51:31:Fault Mode: Random bit-flip
2017-02-21 02:51:31:base address to flip value: 0x7fffffffe9a0
2017-02-21 02:51:31:address max offset: 8
2017-02-21 02:51:31:Memory content before bitflip:0xf00xeb0xff0xff0xff0x7f0x000x00
2017-02-21 02:51:32:Backtrace BEGIN:
2017-02-21 02:51:32:#0  0x0000000000403d18 in read_gold (gold=0x7fffeecc9040, fileGold=0x7fffffffee78 "/micNfs/gdb-fault-injection/injector/bin/dgemm/gold_2048_m-order_228_ths_16_blocks", order=2048) at dgemm.c:266
#1  0x00000000004041e3 in main (argc=8, argv=0x7fffffffebf0) at dgemm.c:329

2017-02-21 02:51:32:261	        printf( "The gold file was not opened\n" );
262	        exit(1);
263	    }
264	
265	    for(j = 0; j < order; j++) for(i = 0; i < order; i++) {
266	            fread(&gold[(i)+(order)*(j)], 1, sizeof(double), file);
267	        }
268	    fclose(file);
269	}
270	

2017-02-21 02:51:32:Backtrace END
2017-02-21 02:51:32:Type: The type is a pointer.
2017-02-21 02:51:32:Type sizeof: 8
2017-02-21 02:51:32:Fliping a bit of the value pointed by a pointer
2017-02-21 02:51:32:Type: The type is an integer type.
2017-02-21 02:51:32:Type sizeof: 1
2017-02-21 02:51:32:Mem contents(hex):0x2f
2017-02-21 02:51:32:Fault Mode: One bit-flip
2017-02-21 02:51:32:base address to flip value: 0x7fffffffee3c 
2017-02-21 02:51:32:address max offset: 1
2017-02-21 02:51:32:Memory content before bitflip:0x2f
2017-02-21 02:51:32:Backtrace BEGIN:
2017-02-21 02:51:32:#0  0x00007ffff714286d in __GI__IO_file_xsgetn (fp=0x6071c0, data=0x7fffefec23a0, n=8) at fileops.c:1348
#1  0x00007ffff7138929 in __GI__IO_fread (buf=<optimized out>, size=1, count=8, fp=0x6071c0) at iofread.c:42
#2  0x0000000000403d42 in read_gold (gold=0x7fffeecc9040, fileGold=0x7fffffffee78 "/micNfs/gdb-fault-injection/injector/bin/dgemm/gold_2048_m-order_228_ths_16_blocks", order=2048) at dgemm.c:266
#3  0x00000000004041e3 in main (argc=8, argv=0x7fffffffebf0) at dgemm.c:329

2017-02-21 02:51:32:1343	in fileops.c

2017-02-21 02:51:32:Backtrace END
2017-02-21 02:51:32:Type: The type is a structure.
2017-02-21 02:51:32:Type sizeof: 168
2017-02-21 02:51:32:Fliping value of field: __xsputn
2017-02-21 02:51:32:Type: The type is a pointer.
2017-02-21 02:51:32:Type sizeof: 8
2017-02-21 02:51:32:Fliping a bit of the pointer
2017-02-21 02:51:32:Mem contents(hex):0xa00x2b0x140xf70xff0x7f0x000x00
2017-02-21 02:51:32:Fault Mode: Random bit-flip
2017-02-21 02:51:32:base address to flip value: 0x7ffff74236f8 
2017-02-21 02:51:32:address max offset: 8
2017-02-21 02:51:32:Memory content before bitflip:0xa00x2b0x140xf70xff0x7f0x000x00
2017-02-21 02:51:32:Backtrace BEGIN:
2017-02-21 02:51:32:#0  0x00007ffff714286d in __GI__IO_file_xsgetn (fp=0x6071c0, data=0x7fffefec23a0, n=8) at fileops.c:1348
#1  0x00007ffff7138929 in __GI__IO_fread (buf=<optimized out>, size=1, count=8, fp=0x6071c0) at iofread.c:42
#2  0x0000000000403d42 in read_gold (gold=0x7fffeecc9040, fileGold=0x7fffffffee78 "/micNfs/gdb-fault-injection/injector/bin/dgemm/gold_2048_m-order_228_ths_16_blocks", order=2048) at dgemm.c:266
#3  0x00000000004041e3 in main (argc=8, argv=0x7fffffffebf0) at dgemm.c:329

2017-02-21 02:51:32:1343	in fileops.c

2017-02-21 02:51:32:Backtrace END
2017-02-21 02:51:32:Type: The type is a structure.
2017-02-21 02:51:32:Type sizeof: 168
2017-02-21 02:51:32:Fliping value of field: __setbuf
2017-02-21 02:51:32:Type: The type is a pointer.
2017-02-21 02:51:32:Type sizeof: 8
2017-02-21 02:51:32:Fliping a bit of the value pointed by a pointer
2017-02-21 02:51:32:Type: The type is a function.
2017-02-21 02:51:32:Type sizeof: 1
2017-02-21 02:51:32:Mem contents(hex):0x53
2017-02-21 02:51:32:Fault Mode: One bit-flip
2017-02-21 02:51:32:base address to flip value: 0x7ffff7141cb0 
2017-02-21 02:51:32:address max offset: 1
2017-02-21 02:51:32:Memory content before bitflip:0x53
2017-02-21 02:51:32:Backtrace BEGIN:
2017-02-21 02:51:32:#0  __GI__IO_fread (buf=0x7ffff0441e10, size=1, count=8, fp=0x6071c0) at iofread.c:41
#1  0x0000000000403d42 in read_gold (gold=0x7fffeecc9040, fileGold=0x7fffffffee78 "/micNfs/gdb-fault-injection/injector/bin/dgemm/gold_2048_m-order_228_ths_16_blocks", order=2048) at dgemm.c:266
#2  0x00000000004041e3 in main (argc=8, argv=0x7fffffffebf0) at dgemm.c:329

2017-02-21 02:51:32:36	in iofread.c

2017-02-21 02:51:32:Backtrace END
2017-02-21 02:51:33:Type: The type is an integer type.
2017-02-21 02:51:33:Type sizeof: 4
2017-02-21 02:51:33:Mem contents(hex):0x080x000x000x00
2017-02-21 02:51:33:Fault Mode: Double bit-flip
2017-02-21 02:51:33:base address to flip value: 0x7fffffffe998
2017-02-21 02:51:33:address max offset: 4
2017-02-21 02:51:33:Memory content before bitflip:0x080x000x000x00
2017-02-21 02:51:33:Memory content after  bitflip:0x010x000x000x00
2017-02-21 02:51:33:Mem contents(hex):0x010x000x000x00
2017-02-21 02:51:33:frame name: main
2017-02-21 02:51:33:symbol name: argc
2017-02-21 02:51:33:symbol filename: dgemm.c
2017-02-21 02:51:33:symbol line: 271
2017-02-21 02:51:33:value: 1
2017-02-21 02:51:33:value address: 0x7fffffffe998
2017-02-21 02:51:33:Type: The type is an integer type.
2017-02-21 02:51:33:Type sizeof: 4
2017-02-21 02:51:33:Fault Injection Successful after 5.03517699242s
2017-02-21 02:52:12:event type: exit
2017-02-21 02:52:12:exit code: 0
