2016-10-19 05:09:14:Starting GDB script
2016-10-19 05:09:15:sending signal using command: 'ssh -T mic0 killall -2 lavamd' after 0.610033453664s
2016-10-19 05:09:15:shell stdout: 
2016-10-19 05:09:18:sending signal using command: 'ssh -T mic0 killall -2 lavamd' after 2.72150048864s
2016-10-19 05:09:18:shell stdout: 
2016-10-19 05:09:18:sending signal using command: 'ssh -T mic0 killall -2 lavamd' after 3.29639623008s
2016-10-19 05:09:18:shell stdout: 
2016-10-19 05:09:18:sending signal using command: 'ssh -T mic0 killall -2 lavamd' after 3.6842518546s
2016-10-19 05:09:18:shell stdout: 
2016-10-19 05:09:18:sending signal using command: 'ssh -T mic0 killall -2 lavamd' after 3.95059971448s
2016-10-19 05:09:18:shell stdout: 
2016-10-19 05:09:22:sending signal using command: 'ssh -T mic0 killall -2 lavamd' after 7.62327829046s
2016-10-19 05:09:22:shell stdout: 
2016-10-19 05:09:22:sending signal using command: 'ssh -T mic0 killall -2 lavamd' after 8.18501251225s
2016-10-19 05:09:22:shell stdout: 
2016-10-19 05:09:23:sending signal using command: 'ssh -T mic0 killall -2 lavamd' after 9.07877867875s
2016-10-19 05:09:23:shell stdout: 
2016-10-19 05:09:23:sending signal using command: 'ssh -T mic0 killall -2 lavamd' after 9.06841460358s
2016-10-19 05:09:23:shell stdout: 
2016-10-19 05:09:24:sending signal using command: 'ssh -T mic0 killall -2 lavamd' after 9.72229078308s
2016-10-19 05:09:24:shell stdout: 
2016-10-19 05:09:30:no gdbExecName running, out:
2016-10-19 05:09:30:checCmd:ps -e | grep -i gdb-mic
2016-10-19 05:09:30:finished now-timestampStart < maxWaitTime*5
2016-10-19 05:09:30:now: 1476868169
2016-10-19 05:09:30:timestampStart: 1476868154
2016-10-19 05:09:30:kill cmd: killall -9 gdb-mic
2016-10-19 05:09:30:shell stdout: 
2016-10-19 05:09:30:kill cmd: ssh -T mic0 killall -9 lavamd
2016-10-19 05:09:30:shell stdout: 
2016-10-19 05:09:31:kill cmd: ssh -T mic0 killall -9 gdbserver
2016-10-19 05:09:31:shell stdout: 
2016-10-19 05:09:31:kill cmd: ssh -T mic0 killall -9 sshd
2016-10-19 05:09:31:shell stdout: 
