2017-01-26 02:11:47:Starting GDB script
2017-01-26 02:11:47:initSignal:21.0
2017-01-26 02:11:47:endSignal:28.0
2017-01-26 02:11:47:seqSignal:15
2017-01-26 02:12:11:sending 15 signals using command: 'ssh -T mic1 killall -2 dgemm_check' after 24.0482902798s
2017-01-26 02:12:12:shell stdout: 
2017-01-26 02:12:12:shell stdout: 
2017-01-26 02:12:13:shell stdout: 
2017-01-26 02:12:13:sending 15 signals using command: 'ssh -T mic1 killall -2 dgemm_check' after 25.8555932825s
2017-01-26 02:12:13:shell stdout: 
2017-01-26 02:12:13:sending 15 signals using command: 'ssh -T mic1 killall -2 dgemm_check' after 26.1125245794s
2017-01-26 02:12:13:shell stdout: 
2017-01-26 02:12:14:shell stdout: 
2017-01-26 02:12:14:shell stdout: 
2017-01-26 02:12:14:shell stdout: 
2017-01-26 02:12:14:shell stdout: 
2017-01-26 02:12:14:shell stdout: 
2017-01-26 02:12:14:shell stdout: 
2017-01-26 02:12:14:shell stdout: 
2017-01-26 02:12:14:shell stdout: 
2017-01-26 02:12:15:shell stdout: 
2017-01-26 02:12:15:shell stdout: 
2017-01-26 02:12:15:shell stdout: 
2017-01-26 02:12:15:shell stdout: 
2017-01-26 02:12:15:shell stdout: 
2017-01-26 02:12:15:shell stdout: 
2017-01-26 02:12:15:shell stdout: 
2017-01-26 02:12:16:shell stdout: 
2017-01-26 02:12:16:shell stdout: 
2017-01-26 02:12:16:shell stdout: 
2017-01-26 02:12:16:shell stdout: 
2017-01-26 02:12:16:shell stdout: 
2017-01-26 02:12:16:shell stdout: 
2017-01-26 02:12:17:shell stdout: 
2017-01-26 02:12:17:shell stdout: 
2017-01-26 02:12:17:shell stdout: 
2017-01-26 02:12:17:shell stdout: 
2017-01-26 02:12:17:shell stdout: 
2017-01-26 02:12:17:shell stdout: 
2017-01-26 02:12:17:shell stdout: 
2017-01-26 02:12:18:shell stdout: 
2017-01-26 02:12:18:shell stdout: 
2017-01-26 02:12:18:shell stdout: 
2017-01-26 02:12:18:shell stdout: 
2017-01-26 02:12:18:shell stdout: 
2017-01-26 02:12:18:shell stdout: 
2017-01-26 02:12:18:shell stdout: 
2017-01-26 02:12:19:shell stdout: 
2017-01-26 02:12:19:shell stdout: 
2017-01-26 02:12:19:shell stdout: 
2017-01-26 02:12:19:shell stdout: 
2017-01-26 02:12:20:shell stdout: 
2017-01-26 02:12:31:no gdbExecName running, out:
2017-01-26 02:12:31:checCmd:ps -e | grep -i gdb-mic
2017-01-26 02:12:31:finished now-timestampStart < maxWaitTime*5
2017-01-26 02:12:31:now: 1485414742
2017-01-26 02:12:31:timestampStart: 1485414707
2017-01-26 02:12:31:kill cmd: killall -9 gdb-mic
2017-01-26 02:12:31:shell stdout: 
2017-01-26 02:12:32:kill cmd: ssh -T mic1 killall -9 dgemm_check
2017-01-26 02:12:32:shell stdout: 
2017-01-26 02:12:32:kill cmd: ssh -T mic1 killall -9 gdbserver
2017-01-26 02:12:32:shell stdout: 
2017-01-26 02:12:32:kill cmd: ssh -T mic1 killall -9 sshd
2017-01-26 02:12:32:shell stdout: 
