[INFO -- 2017-02-26 01:44:38]
Starting GDB script
[INFO -- 2017-02-26 01:44:38]
initSignal:4.0
[INFO -- 2017-02-26 01:44:38]
endSignal:8.0
[INFO -- 2017-02-26 01:44:38]
seqSignal:30
[INFO -- 2017-02-26 01:44:42]
sending 30 signals using command: 'ssh -T mic1 killall -2 lud_check' after 4.54415159926s
[INFO -- 2017-02-26 01:44:43]
sending 30 signals using command: 'ssh -T mic1 killall -2 lud_check' after 4.97575470001s
[INFO -- 2017-02-26 01:44:44]
shell stdout: 
[INFO -- 2017-02-26 01:44:44]
shell stdout: 
[INFO -- 2017-02-26 01:44:44]
sending 30 signals using command: 'ssh -T mic1 killall -2 lud_check' after 6.23793584059s
[INFO -- 2017-02-26 01:44:44]
shell stdout: 
[INFO -- 2017-02-26 01:44:44]
shell stdout: 
[INFO -- 2017-02-26 01:44:45]
shell stdout: 
[INFO -- 2017-02-26 01:44:45]
shell stdout: 
[INFO -- 2017-02-26 01:44:45]
shell stdout: 
[INFO -- 2017-02-26 01:44:45]
shell stdout: 
[INFO -- 2017-02-26 01:44:45]
shell stdout: 
[INFO -- 2017-02-26 01:44:45]
shell stdout: 
[INFO -- 2017-02-26 01:44:45]
shell stdout: 
[INFO -- 2017-02-26 01:44:45]
shell stdout: 
[INFO -- 2017-02-26 01:44:46]
shell stdout: 
[INFO -- 2017-02-26 01:44:46]
shell stdout: 
[INFO -- 2017-02-26 01:44:46]
shell stdout: 
[INFO -- 2017-02-26 01:44:46]
shell stdout: 
[INFO -- 2017-02-26 01:44:46]
shell stdout: 
[INFO -- 2017-02-26 01:44:46]
shell stdout: 
[INFO -- 2017-02-26 01:44:46]
shell stdout: 
[INFO -- 2017-02-26 01:44:47]
shell stdout: 
[INFO -- 2017-02-26 01:44:47]
shell stdout: 
[INFO -- 2017-02-26 01:44:47]
shell stdout: 
[INFO -- 2017-02-26 01:44:47]
shell stdout: 
[INFO -- 2017-02-26 01:44:47]
shell stdout: 
[INFO -- 2017-02-26 01:44:47]
shell stdout: 
[INFO -- 2017-02-26 01:44:48]
shell stdout: 
[INFO -- 2017-02-26 01:44:48]
shell stdout: 
[INFO -- 2017-02-26 01:44:48]
shell stdout: 
[INFO -- 2017-02-26 01:44:48]
shell stdout: 
[INFO -- 2017-02-26 01:44:48]
shell stdout: 
[INFO -- 2017-02-26 01:44:48]
shell stdout: 
[INFO -- 2017-02-26 01:44:49]
shell stdout: 
[INFO -- 2017-02-26 01:44:49]
shell stdout: 
[INFO -- 2017-02-26 01:44:49]
shell stdout: 
[INFO -- 2017-02-26 01:44:50]
shell stdout: 
[INFO -- 2017-02-26 01:44:50]
shell stdout: 
[INFO -- 2017-02-26 01:44:50]
shell stdout: 
[INFO -- 2017-02-26 01:44:50]
shell stdout: 
[INFO -- 2017-02-26 01:44:50]
shell stdout: 
[INFO -- 2017-02-26 01:44:50]
shell stdout: 
[INFO -- 2017-02-26 01:44:51]
shell stdout: 
[INFO -- 2017-02-26 01:44:51]
shell stdout: 
[INFO -- 2017-02-26 01:44:51]
shell stdout: 
[INFO -- 2017-02-26 01:44:52]
shell stdout: 
[INFO -- 2017-02-26 01:44:52]
shell stdout: 
[INFO -- 2017-02-26 01:44:52]
shell stdout: 
[INFO -- 2017-02-26 01:44:52]
shell stdout: 
[INFO -- 2017-02-26 01:44:52]
shell stdout: 
[INFO -- 2017-02-26 01:44:52]
shell stdout: 
[INFO -- 2017-02-26 01:44:52]
shell stdout: 
[INFO -- 2017-02-26 01:44:52]
shell stdout: 
[INFO -- 2017-02-26 01:44:52]
shell stdout: 
[INFO -- 2017-02-26 01:44:53]
shell stdout: 
[INFO -- 2017-02-26 01:44:53]
shell stdout: 
[INFO -- 2017-02-26 01:44:53]
shell stdout: 
[INFO -- 2017-02-26 01:44:53]
shell stdout: 
[INFO -- 2017-02-26 01:44:53]
shell stdout: 
[INFO -- 2017-02-26 01:44:53]
shell stdout: 
[INFO -- 2017-02-26 01:44:54]
shell stdout: 
[INFO -- 2017-02-26 01:44:54]
shell stdout: 
[INFO -- 2017-02-26 01:44:54]
shell stdout: 
[INFO -- 2017-02-26 01:44:54]
shell stdout: 
[INFO -- 2017-02-26 01:44:54]
shell stdout: 
[INFO -- 2017-02-26 01:44:54]
shell stdout: 
[INFO -- 2017-02-26 01:44:55]
shell stdout: 
[INFO -- 2017-02-26 01:44:55]
shell stdout: 
[INFO -- 2017-02-26 01:44:55]
shell stdout: 
[INFO -- 2017-02-26 01:44:55]
shell stdout: 
[INFO -- 2017-02-26 01:44:55]
shell stdout: 
[INFO -- 2017-02-26 01:44:55]
shell stdout: 
[INFO -- 2017-02-26 01:44:55]
shell stdout: 
[INFO -- 2017-02-26 01:44:55]
shell stdout: 
[INFO -- 2017-02-26 01:44:55]
shell stdout: 
[INFO -- 2017-02-26 01:44:56]
shell stdout: 
[INFO -- 2017-02-26 01:44:56]
shell stdout: 
[INFO -- 2017-02-26 01:44:56]
shell stdout: 
[INFO -- 2017-02-26 01:44:56]
shell stdout: 
[INFO -- 2017-02-26 01:44:56]
shell stdout: 
[INFO -- 2017-02-26 01:44:56]
shell stdout: 
[INFO -- 2017-02-26 01:44:57]
shell stdout: 
[INFO -- 2017-02-26 01:44:57]
shell stdout: 
[INFO -- 2017-02-26 01:44:57]
shell stdout: 
[INFO -- 2017-02-26 01:44:57]
shell stdout: 
[INFO -- 2017-02-26 01:44:57]
shell stdout: 
[INFO -- 2017-02-26 01:44:57]
shell stdout: 
[INFO -- 2017-02-26 01:44:58]
shell stdout: 
[INFO -- 2017-02-26 01:44:58]
shell stdout: 
[INFO -- 2017-02-26 01:44:58]
shell stdout: 
[INFO -- 2017-02-26 01:44:58]
shell stdout: 
[INFO -- 2017-02-26 01:44:58]
shell stdout: 
[INFO -- 2017-02-26 01:45:11]
no gdbExecName running, out:
[INFO -- 2017-02-26 01:45:11]
checCmd:ps -e | grep -i gdb-mic
[INFO -- 2017-02-26 01:45:11]
finished now-timestampStart < maxWaitTime*5
[INFO -- 2017-02-26 01:45:11]
now: 1488091510
[INFO -- 2017-02-26 01:45:11]
timestampStart: 1488091478
[INFO -- 2017-02-26 01:45:11]
kill cmd: killall -9 gdb-mic
[INFO -- 2017-02-26 01:45:11]
shell stdout: 
[INFO -- 2017-02-26 01:45:11]
kill cmd: ssh -T mic1 killall -9 lud_check
[INFO -- 2017-02-26 01:45:11]
shell stdout: 
[INFO -- 2017-02-26 01:45:12]
kill cmd: ssh -T mic1 killall -9 gdbserver
[INFO -- 2017-02-26 01:45:12]
shell stdout: 
[INFO -- 2017-02-26 01:45:12]
kill cmd: ssh -T mic1 killall -9 sshd
[INFO -- 2017-02-26 01:45:12]
shell stdout: 
