2016-11-01 02:53:40:Starting GDB script
2016-11-01 02:53:44:sending signal using command: 'ssh -T mic0 killall -2 needle_check' after 3.70402254439s
2016-11-01 02:53:44:shell stdout: 
2016-11-01 02:53:45:sending signal using command: 'ssh -T mic0 killall -2 needle_check' after 4.46438801117s
2016-11-01 02:53:45:shell stdout: 
2016-11-01 02:53:48:sending signal using command: 'ssh -T mic0 killall -2 needle_check' after 7.14435651021s
2016-11-01 02:53:48:shell stdout: 
2016-11-01 02:53:48:sending signal using command: 'ssh -T mic0 killall -2 needle_check' after 7.85756129691s
2016-11-01 02:53:48:shell stdout: 
2016-11-01 02:53:52:sending signal using command: 'ssh -T mic0 killall -2 needle_check' after 10.9877368941s
2016-11-01 02:53:52:shell stdout: 
2016-11-01 02:53:53:sending signal using command: 'ssh -T mic0 killall -2 needle_check' after 12.6321050928s
2016-11-01 02:53:53:shell stdout: 
2016-11-01 02:53:53:sending signal using command: 'ssh -T mic0 killall -2 needle_check' after 12.7290241144s
2016-11-01 02:53:53:shell stdout: 
2016-11-01 02:53:56:sending signal using command: 'ssh -T mic0 killall -2 needle_check' after 14.9931001958s
2016-11-01 02:53:56:shell stdout: 
2016-11-01 02:53:56:sending signal using command: 'ssh -T mic0 killall -2 needle_check' after 15.9122824172s
2016-11-01 02:53:56:shell stdout: 
2016-11-01 02:53:57:sending signal using command: 'ssh -T mic0 killall -2 needle_check' after 16.3135425573s
2016-11-01 02:53:57:shell stdout: 
2016-11-01 02:54:13:no gdbExecName running, out:
2016-11-01 02:54:13:checCmd:ps -e | grep -i gdb-mic
2016-11-01 02:54:13:finished now-timestampStart < maxWaitTime*5
2016-11-01 02:54:13:now: 1477983252
2016-11-01 02:54:13:timestampStart: 1477983220
2016-11-01 02:54:13:kill cmd: killall -9 gdb-mic
2016-11-01 02:54:13:shell stdout: 
2016-11-01 02:54:13:kill cmd: ssh -T mic0 killall -9 needle_check
2016-11-01 02:54:13:shell stdout: 
2016-11-01 02:54:13:kill cmd: ssh -T mic0 killall -9 gdbserver
2016-11-01 02:54:13:shell stdout: 
2016-11-01 02:54:14:kill cmd: ssh -T mic0 killall -9 sshd
2016-11-01 02:54:14:shell stdout: 
