[INFO -- 2017-03-08 11:36:26]
Starting GDB script
[INFO -- 2017-03-08 11:36:26]
initSignal:12.0
[INFO -- 2017-03-08 11:36:26]
endSignal:15.0
[INFO -- 2017-03-08 11:36:26]
seqSignal:15
[INFO -- 2017-03-08 11:36:38]
sending 15 signals using command: 'ssh -T mic0 killall -2 hotspot_check' after 12.1043490208s
[INFO -- 2017-03-08 11:36:39]
shell stdout: 
[INFO -- 2017-03-08 11:36:39]
sending 15 signals using command: 'ssh -T mic0 killall -2 hotspot_check' after 12.4978009803s
[INFO -- 2017-03-08 11:36:39]
shell stdout: 
[INFO -- 2017-03-08 11:36:39]
shell stdout: 
[INFO -- 2017-03-08 11:36:39]
shell stdout: 
[INFO -- 2017-03-08 11:36:40]
shell stdout: 
[INFO -- 2017-03-08 11:36:40]
shell stdout: 
[INFO -- 2017-03-08 11:36:40]
shell stdout: 
[INFO -- 2017-03-08 11:36:40]
sending 15 signals using command: 'ssh -T mic0 killall -2 hotspot_check' after 14.0265594757s
[INFO -- 2017-03-08 11:36:40]
shell stdout: 
[INFO -- 2017-03-08 11:36:40]
shell stdout: 
[INFO -- 2017-03-08 11:36:41]
shell stdout: 
[INFO -- 2017-03-08 11:36:41]
shell stdout: 
[INFO -- 2017-03-08 11:36:41]
shell stdout: 
[INFO -- 2017-03-08 11:36:41]
shell stdout: 
[INFO -- 2017-03-08 11:36:42]
shell stdout: 
[INFO -- 2017-03-08 11:36:42]
shell stdout: 
[INFO -- 2017-03-08 11:36:42]
shell stdout: 
[INFO -- 2017-03-08 11:36:42]
shell stdout: 
[INFO -- 2017-03-08 11:36:42]
shell stdout: 
[INFO -- 2017-03-08 11:36:42]
shell stdout: 
[INFO -- 2017-03-08 11:36:43]
shell stdout: 
[INFO -- 2017-03-08 11:36:43]
shell stdout: 
[INFO -- 2017-03-08 11:36:43]
shell stdout: 
[INFO -- 2017-03-08 11:36:43]
shell stdout: 
[INFO -- 2017-03-08 11:36:43]
shell stdout: 
[INFO -- 2017-03-08 11:36:43]
shell stdout: 
[INFO -- 2017-03-08 11:36:44]
shell stdout: 
[INFO -- 2017-03-08 11:36:44]
shell stdout: 
[INFO -- 2017-03-08 11:36:44]
shell stdout: 
[INFO -- 2017-03-08 11:36:44]
shell stdout: 
[INFO -- 2017-03-08 11:36:44]
shell stdout: 
[INFO -- 2017-03-08 11:36:44]
shell stdout: 
[INFO -- 2017-03-08 11:36:45]
shell stdout: 
[INFO -- 2017-03-08 11:36:45]
shell stdout: 
[INFO -- 2017-03-08 11:36:45]
shell stdout: 
[INFO -- 2017-03-08 11:36:45]
shell stdout: 
[INFO -- 2017-03-08 11:36:45]
shell stdout: 
[INFO -- 2017-03-08 11:36:45]
shell stdout: 
[INFO -- 2017-03-08 11:36:46]
shell stdout: 
[INFO -- 2017-03-08 11:36:46]
shell stdout: 
[INFO -- 2017-03-08 11:36:46]
shell stdout: 
[INFO -- 2017-03-08 11:36:46]
shell stdout: 
[INFO -- 2017-03-08 11:36:47]
shell stdout: 
[INFO -- 2017-03-08 11:36:47]
shell stdout: 
[INFO -- 2017-03-08 11:36:48]
shell stdout: 
[INFO -- 2017-03-08 11:36:48]
shell stdout: 
[INFO -- 2017-03-08 11:36:58]
no gdbExecName running, out:
[INFO -- 2017-03-08 11:36:58]
checCmd:ps -e | grep -i gdb-mic
[INFO -- 2017-03-08 11:36:58]
finished now-timestampStart < maxWaitTime*5
[INFO -- 2017-03-08 11:36:58]
now: 1488991017
[INFO -- 2017-03-08 11:36:58]
timestampStart: 1488990986
[INFO -- 2017-03-08 11:36:58]
kill cmd: killall -9 gdb-mic
[INFO -- 2017-03-08 11:36:58]
shell stdout: 
[INFO -- 2017-03-08 11:36:59]
kill cmd: ssh -T mic0 killall -9 hotspot_check
[INFO -- 2017-03-08 11:36:59]
shell stdout: 
[INFO -- 2017-03-08 11:36:59]
kill cmd: ssh -T mic0 killall -9 gdbserver
[INFO -- 2017-03-08 11:36:59]
shell stdout: 
[INFO -- 2017-03-08 11:36:59]
kill cmd: ssh -T mic0 killall -9 sshd
[INFO -- 2017-03-08 11:36:59]
shell stdout: 
