[INFO -- 2017-03-01 11:21:35]
Starting GDB script
[INFO -- 2017-03-01 11:21:35]
initSignal:4.0
[INFO -- 2017-03-01 11:21:35]
endSignal:8.0
[INFO -- 2017-03-01 11:21:35]
seqSignal:30
[INFO -- 2017-03-01 11:21:39]
sending 30 signals using command: 'ssh -T mic0 killall -2 needle_check' after 4.39190940929s
[INFO -- 2017-03-01 11:21:40]
shell stdout: 
[INFO -- 2017-03-01 11:21:40]
shell stdout: 
[INFO -- 2017-03-01 11:21:40]
sending 30 signals using command: 'ssh -T mic0 killall -2 needle_check' after 5.36249234998s
[INFO -- 2017-03-01 11:21:40]
shell stdout: 
[INFO -- 2017-03-01 11:21:41]
shell stdout: 
[INFO -- 2017-03-01 11:21:41]
shell stdout: 
[INFO -- 2017-03-01 11:21:41]
shell stdout: 
[INFO -- 2017-03-01 11:21:41]
shell stdout: 
[INFO -- 2017-03-01 11:21:41]
shell stdout: 
[INFO -- 2017-03-01 11:21:42]
sending 30 signals using command: 'ssh -T mic0 killall -2 needle_check' after 6.72778397214s
[INFO -- 2017-03-01 11:21:42]
shell stdout: 
[INFO -- 2017-03-01 11:21:42]
shell stdout: 
[INFO -- 2017-03-01 11:21:42]
shell stdout: 
[INFO -- 2017-03-01 11:21:42]
shell stdout: 
[INFO -- 2017-03-01 11:21:42]
shell stdout: 
[INFO -- 2017-03-01 11:21:42]
shell stdout: 
[INFO -- 2017-03-01 11:21:42]
shell stdout: 
[INFO -- 2017-03-01 11:21:43]
shell stdout: 
[INFO -- 2017-03-01 11:21:43]
shell stdout: 
[INFO -- 2017-03-01 11:21:43]
shell stdout: 
[INFO -- 2017-03-01 11:21:43]
shell stdout: 
[INFO -- 2017-03-01 11:21:43]
shell stdout: 
[INFO -- 2017-03-01 11:21:43]
shell stdout: 
[INFO -- 2017-03-01 11:21:43]
shell stdout: 
[INFO -- 2017-03-01 11:21:44]
shell stdout: 
[INFO -- 2017-03-01 11:21:44]
shell stdout: 
[INFO -- 2017-03-01 11:21:44]
shell stdout: 
[INFO -- 2017-03-01 11:21:44]
shell stdout: 
[INFO -- 2017-03-01 11:21:44]
shell stdout: 
[INFO -- 2017-03-01 11:21:44]
shell stdout: 
[INFO -- 2017-03-01 11:21:44]
shell stdout: 
[INFO -- 2017-03-01 11:21:45]
shell stdout: 
[INFO -- 2017-03-01 11:21:45]
shell stdout: 
[INFO -- 2017-03-01 11:21:45]
shell stdout: 
[INFO -- 2017-03-01 11:21:45]
shell stdout: 
[INFO -- 2017-03-01 11:21:45]
shell stdout: 
[INFO -- 2017-03-01 11:21:45]
shell stdout: 
[INFO -- 2017-03-01 11:21:45]
shell stdout: 
[INFO -- 2017-03-01 11:21:45]
shell stdout: 
[INFO -- 2017-03-01 11:21:46]
shell stdout: 
[INFO -- 2017-03-01 11:21:46]
shell stdout: 
[INFO -- 2017-03-01 11:21:46]
shell stdout: 
[INFO -- 2017-03-01 11:21:46]
shell stdout: 
[INFO -- 2017-03-01 11:21:46]
shell stdout: 
[INFO -- 2017-03-01 11:21:46]
shell stdout: 
[INFO -- 2017-03-01 11:21:47]
shell stdout: 
[INFO -- 2017-03-01 11:21:47]
shell stdout: 
[INFO -- 2017-03-01 11:21:47]
shell stdout: 
[INFO -- 2017-03-01 11:21:47]
shell stdout: 
[INFO -- 2017-03-01 11:21:47]
shell stdout: 
[INFO -- 2017-03-01 11:21:47]
shell stdout: 
[INFO -- 2017-03-01 11:21:47]
shell stdout: 
[INFO -- 2017-03-01 11:21:48]
shell stdout: 
[INFO -- 2017-03-01 11:21:48]
shell stdout: 
[INFO -- 2017-03-01 11:21:48]
shell stdout: 
[INFO -- 2017-03-01 11:21:48]
shell stdout: 
[INFO -- 2017-03-01 11:21:48]
shell stdout: 
[INFO -- 2017-03-01 11:21:48]
shell stdout: 
[INFO -- 2017-03-01 11:21:48]
shell stdout: 
[INFO -- 2017-03-01 11:21:48]
shell stdout: 
[INFO -- 2017-03-01 11:21:49]
shell stdout: 
[INFO -- 2017-03-01 11:21:49]
shell stdout: 
[INFO -- 2017-03-01 11:21:49]
shell stdout: 
[INFO -- 2017-03-01 11:21:49]
shell stdout: 
[INFO -- 2017-03-01 11:21:49]
shell stdout: 
[INFO -- 2017-03-01 11:21:49]
shell stdout: 
[INFO -- 2017-03-01 11:21:50]
shell stdout: 
[INFO -- 2017-03-01 11:21:50]
shell stdout: 
[INFO -- 2017-03-01 11:21:50]
shell stdout: 
[INFO -- 2017-03-01 11:21:50]
shell stdout: 
[INFO -- 2017-03-01 11:21:50]
shell stdout: 
[INFO -- 2017-03-01 11:21:50]
shell stdout: 
[INFO -- 2017-03-01 11:21:50]
shell stdout: 
[INFO -- 2017-03-01 11:21:50]
shell stdout: 
[INFO -- 2017-03-01 11:21:50]
shell stdout: 
[INFO -- 2017-03-01 11:21:51]
shell stdout: 
[INFO -- 2017-03-01 11:21:51]
shell stdout: 
[INFO -- 2017-03-01 11:21:51]
shell stdout: 
[INFO -- 2017-03-01 11:21:51]
shell stdout: 
[INFO -- 2017-03-01 11:21:51]
shell stdout: 
[INFO -- 2017-03-01 11:21:51]
shell stdout: 
[INFO -- 2017-03-01 11:21:52]
shell stdout: 
[INFO -- 2017-03-01 11:21:52]
shell stdout: 
[INFO -- 2017-03-01 11:21:52]
shell stdout: 
[INFO -- 2017-03-01 11:21:52]
shell stdout: 
[INFO -- 2017-03-01 11:21:52]
shell stdout: 
[INFO -- 2017-03-01 11:21:52]
shell stdout: 
[INFO -- 2017-03-01 11:21:53]
shell stdout: 
[INFO -- 2017-03-01 11:21:53]
shell stdout: 
[INFO -- 2017-03-01 11:21:53]
shell stdout: 
[INFO -- 2017-03-01 11:21:54]
shell stdout: 
[INFO -- 2017-03-01 11:21:54]
shell stdout: 
[INFO -- 2017-03-01 11:22:21]
no gdbExecName running, out:
[INFO -- 2017-03-01 11:22:21]
checCmd:ps -e | grep -i gdb-mic
[INFO -- 2017-03-01 11:22:21]
finished now-timestampStart < maxWaitTime*5
[INFO -- 2017-03-01 11:22:21]
now: 1488385340
[INFO -- 2017-03-01 11:22:21]
timestampStart: 1488385295
[INFO -- 2017-03-01 11:22:21]
kill cmd: killall -9 gdb-mic
[INFO -- 2017-03-01 11:22:21]
shell stdout: 
[INFO -- 2017-03-01 11:22:22]
kill cmd: ssh -T mic0 killall -9 needle_check
[INFO -- 2017-03-01 11:22:22]
shell stdout: 
[INFO -- 2017-03-01 11:22:22]
kill cmd: ssh -T mic0 killall -9 gdbserver
[INFO -- 2017-03-01 11:22:22]
shell stdout: 
[INFO -- 2017-03-01 11:22:23]
kill cmd: ssh -T mic0 killall -9 sshd
[INFO -- 2017-03-01 11:22:23]
shell stdout: 
