2016-10-26 14:59:41:Starting GDB script
2016-10-26 14:59:42:sending signal using command: 'ssh -T mic0 killall -2 lavamd' after 0.608303502253s
2016-10-26 14:59:42:shell stdout: 
2016-10-26 14:59:42:sending signal using command: 'ssh -T mic0 killall -2 lavamd' after 1.11627865403s
2016-10-26 14:59:42:shell stdout: 
2016-10-26 14:59:42:sending signal using command: 'ssh -T mic0 killall -2 lavamd' after 1.43832279477s
2016-10-26 14:59:42:shell stdout: 
2016-10-26 14:59:45:sending signal using command: 'ssh -T mic0 killall -2 lavamd' after 3.22057837395s
2016-10-26 14:59:45:shell stdout: 
2016-10-26 14:59:45:sending signal using command: 'ssh -T mic0 killall -2 lavamd' after 3.29437323049s
2016-10-26 14:59:45:shell stdout: 
2016-10-26 14:59:47:sending signal using command: 'ssh -T mic0 killall -2 lavamd' after 5.62633477607s
2016-10-26 14:59:47:shell stdout: 
2016-10-26 14:59:47:sending signal using command: 'ssh -T mic0 killall -2 lavamd' after 5.94414849132s
2016-10-26 14:59:47:shell stdout: 
2016-10-26 14:59:49:sending signal using command: 'ssh -T mic0 killall -2 lavamd' after 7.20711218828s
2016-10-26 14:59:49:shell stdout: 
2016-10-26 14:59:49:sending signal using command: 'ssh -T mic0 killall -2 lavamd' after 8.07517125344s
2016-10-26 14:59:49:shell stdout: 
2016-10-26 14:59:50:sending signal using command: 'ssh -T mic0 killall -2 lavamd' after 9.33803443876s
2016-10-26 14:59:50:shell stdout: 
2016-10-26 14:59:57:no gdbExecName running, out:
2016-10-26 14:59:57:checCmd:ps -e | grep -i gdb-mic
2016-10-26 14:59:57:finished now-timestampStart < maxWaitTime*5
2016-10-26 14:59:57:now: 1477508396
2016-10-26 14:59:57:timestampStart: 1477508381
2016-10-26 14:59:57:kill cmd: killall -9 gdb-mic
2016-10-26 14:59:57:shell stdout: 
2016-10-26 14:59:57:kill cmd: ssh -T mic0 killall -9 lavamd
2016-10-26 14:59:57:shell stdout: 
2016-10-26 14:59:58:kill cmd: ssh -T mic0 killall -9 gdbserver
2016-10-26 14:59:58:shell stdout: 
2016-10-26 14:59:58:kill cmd: ssh -T mic0 killall -9 sshd
2016-10-26 14:59:58:shell stdout: 
