2017-01-24 13:29:37:Starting flip_value script
2017-01-24 13:29:37:Initialization strings:
2017-01-24 13:29:38:(1) target extended-remote | ssh -T mic0 gdbserver --multi -
2017-01-24 13:29:38:(2) set sysroot /opt/mpss/3.7/sysroots/k1om-mpss-linux/
2017-01-24 13:29:38:(3) set sysroot /opt/mpss/3.7/sysroots/k1om-mpss-linux/
2017-01-24 13:29:38:(4) file /micNfs/gdb-fault-injection/injector/bin/lud/lud_check
2017-01-24 13:29:38:(5) set remote exec-file /micNfs/gdb-fault-injection/injector/bin/lud/lud_check
2017-01-24 13:29:38:(6) set args -s 2048 -n 228 -i /micNfs/gdb-fault-injection/injector/bin/lud/input_2048_th_228 -g /micNfs/gdb-fault-injection/injector/bin/lud/gold_2048_th_228
2017-01-24 13:29:38:initSignal:2
2017-01-24 13:29:38:endSignal:4
2017-01-24 13:29:38:seqSignal:30
2017-01-24 13:29:42:Trying Fault Injection
2017-01-24 13:29:42:Inferior PID: 189254
2017-01-24 13:29:42:Inferior is valid: True
2017-01-24 13:29:42:Inferior #threads: 229
2017-01-24 13:29:42:Backtrace BEGIN:
2017-01-24 13:29:42:#0  0x0000000000404c8d in L_lud_omp_123__par_loop2_2_5 () at lud_omp.c:148
#1  0x00007ffff790ba1f in ?? ()
#2  0x00007fffffffd9c0 in ?? ()
#3  0x00007ffff4ea0100 in ?? ()
#4  0x0000000000000001 in ?? ()
#5  0x0000000000000003 in ?? ()
#6  0x0000000000000000 in ?? ()

2017-01-24 13:29:42:143	            for (i = 0; i < BS; i++)
144	            {
145	                for (k=0; k < BS; k++) {
146	#pragma omp simd 
147	                    for (j = 0; j < BS; j++) {
148	                        sum[j] += temp_left[BS*i + k] * temp_top[BS*k + j];
149	                    }
150	                }
151	#pragma omp simd 
152	                for (j = 0; j < BS; j++) {

2017-01-24 13:29:42:Backtrace END
2017-01-24 13:29:53:Thread name: None
2017-01-24 13:29:53:Thread num: 3
2017-01-24 13:29:53:Thread ptid: (189254, 189260, 0)
2017-01-24 13:29:53:Error Exception(frameFlip): invalid frame
2017-01-24 13:29:53:Error Exception(frameFlip): invalid frame
2017-01-24 13:29:53:Error Exception(frameFlip): invalid frame
2017-01-24 13:29:53:Error Exception(frameFlip): invalid frame
2017-01-24 13:29:53:Error Exception(frameFlip): invalid frame
2017-01-24 13:29:53:Error Exception(frameFlip): invalid frame
2017-01-24 13:29:53:Error Exception(frameFlip): invalid frame
2017-01-24 13:29:53:Error Exception(frameFlip): invalid frame
2017-01-24 13:29:53:Error Exception(frameFlip): invalid frame
2017-01-24 13:29:53:Error Exception(frameFlip): invalid frame
2017-01-24 13:29:53:Error Exception(frameFlip): invalid frame
2017-01-24 13:29:53:Error Exception(frameFlip): invalid frame
2017-01-24 13:29:53:Error Exception(frameFlip): invalid frame
2017-01-24 13:29:53:Error Exception(frameFlip): invalid frame
2017-01-24 13:29:53:Error Exception(frameFlip): invalid frame
2017-01-24 13:29:53:Error Exception(frameFlip): invalid frame
2017-01-24 13:29:53:Error Exception(frameFlip): invalid frame
2017-01-24 13:29:53:Error Exception(frameFlip): invalid frame
2017-01-24 13:29:53:Error Exception(frameFlip): invalid frame
2017-01-24 13:29:53:Error Exception(frameFlip): invalid frame
2017-01-24 13:29:53:Error Exception(frameFlip): invalid frame
2017-01-24 13:29:53:Error Exception(frameFlip): invalid frame
2017-01-24 13:29:53:Error Exception(frameFlip): invalid frame
2017-01-24 13:29:53:Error Exception(frameFlip): invalid frame
2017-01-24 13:29:53:Error Exception(frameFlip): invalid frame
2017-01-24 13:29:53:Error Exception(frameFlip): invalid frame
2017-01-24 13:29:53:Error Exception(frameFlip): invalid frame
2017-01-24 13:29:53:Error Exception(frameFlip): invalid frame
2017-01-24 13:29:53:Error Exception(frameFlip): invalid frame
2017-01-24 13:29:53:Error Exception(frameFlip): invalid frame
2017-01-24 13:29:53:Error Exception(frameFlip): invalid frame
2017-01-24 13:29:53:Error Exception(frameFlip): invalid frame
2017-01-24 13:29:53:Error Exception(frameFlip): invalid frame
2017-01-24 13:29:53:Error Exception(frameFlip): invalid frame
2017-01-24 13:29:53:Error Exception(frameFlip): invalid frame
2017-01-24 13:29:53:Error Exception(frameFlip): invalid frame
2017-01-24 13:29:53:Error Exception(frameFlip): invalid frame
2017-01-24 13:29:53:Error Exception(frameFlip): invalid frame
2017-01-24 13:29:53:Error Exception(frameFlip): invalid frame
2017-01-24 13:29:53:Error Exception(frameFlip): invalid frame
2017-01-24 13:29:53:Error Exception(frameFlip): invalid frame
2017-01-24 13:29:53:Error Exception(frameFlip): invalid frame
2017-01-24 13:29:53:Error Exception(frameFlip): invalid frame
2017-01-24 13:29:53:Error Exception(frameFlip): invalid frame
2017-01-24 13:29:53:Error Exception(frameFlip): invalid frame
2017-01-24 13:29:53:Error Exception(frameFlip): invalid frame
2017-01-24 13:29:53:Error Exception(frameFlip): invalid frame
2017-01-24 13:29:53:Error Exception(frameFlip): invalid frame
2017-01-24 13:29:53:Error Exception(frameFlip): invalid frame
2017-01-24 13:29:53:Error Exception(frameFlip): invalid frame
2017-01-24 13:29:53:Error Exception(frameFlip): invalid frame
2017-01-24 13:29:53:Error Exception(frameFlip): invalid frame
2017-01-24 13:29:53:Error Exception(frameFlip): invalid frame
2017-01-24 13:29:53:Error Exception(frameFlip): invalid frame
2017-01-24 13:29:53:Error Exception(frameFlip): invalid frame
2017-01-24 13:29:53:Error Exception(frameFlip): invalid frame
2017-01-24 13:29:53:bitFlip function
2017-01-24 13:29:53:Type: The type is an integer type.
2017-01-24 13:29:53:Type sizeof: 4
2017-01-24 13:29:53:Mem contents(hex):0x0e0x000x000x00
2017-01-24 13:29:53:base address to flip value: 0x7fffffffc6c4
2017-01-24 13:29:53:address max offset: 4
2017-01-24 13:29:53:Memory content before bitflip:0x0e0x000x000x00
2017-01-24 13:29:53:Memory content after  bitflip:0x0e0x080x000x00
2017-01-24 13:29:53:Mem contents(hex):0x0e0x080x000x00
2017-01-24 13:29:53:frame name: L_lud_omp_123__par_loop2_2_5
2017-01-24 13:29:53:symbol name: k
2017-01-24 13:29:53:symbol filename: lud_omp.c
2017-01-24 13:29:53:symbol line: 127
2017-01-24 13:29:53:value: 2062
2017-01-24 13:29:53:value address: 0x7fffffffc6c4
2017-01-24 13:29:53:Type: The type is an integer type.
2017-01-24 13:29:53:Type sizeof: 4
2017-01-24 13:29:53:Fault Injection Successful after 15.6484370232s
2017-01-24 13:29:53:Fault Already Injected
2017-01-24 13:29:54:Fault Already Injected
2017-01-24 13:29:54:Fault Already Injected
2017-01-24 13:29:54:Fault Already Injected
2017-01-24 13:29:54:event type: exit
2017-01-24 13:29:54:exit code: no exit code available
