#HEADER matrix_dim:2048 threads:228
#BEGIN Y:2017 M:02 D:26 Time:12:50:17
#IT Ite:0 KerTime:22.045185 AccTime:22.045185
#ERR  p: [2032, 635], r: 4.9421787261962891e-03, e: 4.9421973526477814e-03
#ERR  p: [2016, 635], r: 5.0219669938087463e-03, e: 5.0219856202602386e-03
#ERR  p: [2040, 635], r: 4.9028620123863220e-03, e: 4.9028769135475159e-03
#ERR  p: [1251, 635], r: 1.0791562497615814e-02, e: 1.0791599750518799e-02
#ERR  p: [1116, 635], r: 1.2351244688034058e-02, e: 1.2351289391517639e-02
#ERR  p: [1971, 635], r: 5.2531622350215912e-03, e: 5.2531808614730835e-03
#ERR  p: [1836, 635], r: 6.0114115476608276e-03, e: 6.0114338994026184e-03
#ERR  p: [1242, 635], r: 1.0888792574405670e-02, e: 1.0888829827308655e-02
#ERR  p: [1233, 635], r: 1.0988026857376099e-02, e: 1.0988071560859680e-02
#ERR  p: [1206, 635], r: 1.1287905275821686e-02, e: 1.1287942528724670e-02
#ERR  p: [2024, 635], r: 4.9819052219390869e-03, e: 4.9819201231002808e-03
#ERR  p: [1215, 635], r: 1.1188492178916931e-02, e: 1.1188529431819916e-02
#ERR  p: [1269, 635], r: 1.0599367320537567e-02, e: 1.0599404573440552e-02
#ERR  p: [1197, 635], r: 1.1390440165996552e-02, e: 1.1390484869480133e-02
#ERR  p: [1161, 635], r: 1.1807948350906372e-02, e: 1.1807993054389954e-02
#ERR  p: [1926, 635], r: 5.4947063326835632e-03, e: 5.4947249591350555e-03
#ERR  p: [1989, 635], r: 5.1594413816928864e-03, e: 5.1594600081443787e-03
#ERR  p: [1188, 635], r: 1.1493816971778870e-02, e: 1.1493854224681854e-02
#ERR  p: [1962, 635], r: 5.3006410598754883e-03, e: 5.3006596863269806e-03
#ERR  p: [1179, 635], r: 1.1597469449043274e-02, e: 1.1597514152526855e-02
#ERR  p: [1170, 635], r: 1.1702761054039001e-02, e: 1.1702805757522583e-02
#ERR  p: [1278, 635], r: 1.0504268109798431e-02, e: 1.0504305362701416e-02
#ERR  p: [1998, 635], r: 5.1134563982486725e-03, e: 5.1134750247001648e-03
#ERR  p: [1980, 635], r: 5.2061043679714203e-03, e: 5.2061229944229126e-03
#ERR  p: [1224, 635], r: 1.1087059974670410e-02, e: 1.1087104678153992e-02
#ERR  p: [2007, 635], r: 5.0668492913246155e-03, e: 5.0668679177761078e-03
#ERR  p: [1125, 635], r: 1.2241482734680176e-02, e: 1.2241527438163757e-02
#ERR  p: [1845, 635], r: 5.9588477015495300e-03, e: 5.9588700532913208e-03
#ERR  p: [1134, 635], r: 1.2132063508033752e-02, e: 1.2132108211517334e-02
#ERR  p: [1143, 635], r: 1.2022420763969421e-02, e: 1.2022465467453003e-02
#ERR  p: [1872, 635], r: 5.7993233203887939e-03, e: 5.7993382215499878e-03
#ERR  p: [1953, 635], r: 5.3480416536331177e-03, e: 5.3480640053749084e-03
#ERR  p: [1917, 635], r: 5.5445469915866852e-03, e: 5.5445656180381775e-03
#ERR  p: [1899, 635], r: 5.6451223790645599e-03, e: 5.6451410055160522e-03
#ERR  p: [1881, 635], r: 5.7474449276924133e-03, e: 5.7474635541439056e-03
#ERR  p: [1260, 635], r: 1.0694354772567749e-02, e: 1.0694399476051331e-02
#ERR  p: [2032, 636], r: 4.9471482634544373e-03, e: 4.9471445381641388e-03
#ERR  p: [2016, 640], r: 5.0467997789382935e-03, e: 5.0468146800994873e-03
#ERR  p: [1935, 635], r: 5.4453946650028229e-03, e: 5.4454132914543152e-03
#ERR  p: [2040, 636], r: 4.9074068665504456e-03, e: 4.9074105918407440e-03
#ERR  p: [1944, 635], r: 5.3964368999004364e-03, e: 5.3964555263519287e-03
#ERR  p: [1890, 635], r: 5.6961141526699066e-03, e: 5.6961365044116974e-03
#ERR  p: [1908, 635], r: 5.5948570370674133e-03, e: 5.5948756635189056e-03
#ERR  p: [1827, 635], r: 6.0668215155601501e-03, e: 6.0668438673019409e-03
#ERR  p: [1854, 635], r: 5.9050545096397400e-03, e: 5.9050768613815308e-03
#ERR  p: [1791, 635], r: 6.2892585992813110e-03, e: 6.2892809510231018e-03
#ERR  p: [1863, 635], r: 5.8521404862403870e-03, e: 5.8521628379821777e-03
#ERR  p: [1386, 635], r: 9.4287171959877014e-03, e: 9.4287469983100891e-03
#ERR  p: [1152, 635], r: 1.1913955211639404e-02, e: 1.1913999915122986e-02
#ERR  p: [1377, 635], r: 9.5147490501403809e-03, e: 9.5147788524627686e-03
#ERR  p: [1305, 635], r: 1.0225035250186920e-02, e: 1.0225072503089905e-02
#ERR  p: [1314, 635], r: 1.0132998228073120e-02, e: 1.0133028030395508e-02
#ERR  p: [1818, 635], r: 6.1216503381729126e-03, e: 6.1216726899147034e-03
#ERR  p: [1350, 635], r: 9.7754076123237610e-03, e: 9.7754374146461487e-03
#ERR  p: [1287, 635], r: 1.0409742593765259e-02, e: 1.0409779846668243e-02
#ERR  p: [1296, 635], r: 1.0316982865333557e-02, e: 1.0317020118236542e-02
#ERR  p: [1809, 635], r: 6.1767324805259705e-03, e: 6.1767548322677612e-03
#ERR  p: [1782, 635], r: 6.3453540205955505e-03, e: 6.3453763723373413e-03
#ERR  p: [1800, 635], r: 6.2320679426193237e-03, e: 6.2320902943611145e-03
#ERR  p: [1107, 635], r: 1.2462928891181946e-02, e: 1.2462973594665527e-02
#ERR  p: [981, 635], r: 1.4136433601379395e-02, e: 1.4136478304862976e-02
#ERR  p: [1485, 635], r: 8.5393935441970825e-03, e: 8.5394233465194702e-03
#ERR  p: [1413, 635], r: 9.1766640543937683e-03, e: 9.1766938567161560e-03
#ERR  p: [1755, 635], r: 6.5203830599784851e-03, e: 6.5204054117202759e-03
#ERR  p: [1458, 635], r: 8.7751597166061401e-03, e: 8.7751895189285278e-03
#ERR  p: [846, 635], r: 1.6179218888282776e-02, e: 1.6179263591766357e-02
#ERR  p: [1476, 635], r: 8.6178109049797058e-03, e: 8.6178407073020935e-03
#ERR  p: [1341, 635], r: 9.8625272512435913e-03, e: 9.8625645041465759e-03
#ERR  p: [1098, 635], r: 1.2576818466186523e-02, e: 1.2576848268508911e-02
#ERR  p: [1089, 635], r: 1.2690022587776184e-02, e: 1.2690067291259766e-02
#ERR  p: [1368, 635], r: 9.5998570322990417e-03, e: 9.5998942852020264e-03
#ERR  p: [1062, 635], r: 1.3036474585533142e-02, e: 1.3036519289016724e-02
#ERR  p: [765, 635], r: 1.7544567584991455e-02, e: 1.7544627189636230e-02
#ERR  p: [1071, 635], r: 1.2918815016746521e-02, e: 1.2918859720230103e-02
#ERR  p: [1044, 635], r: 1.3273701071739197e-02, e: 1.3273745775222778e-02
#ERR  p: [1053, 635], r: 1.3154044747352600e-02, e: 1.3154089450836182e-02
#ERR  p: [1395, 635], r: 9.3437358736991882e-03, e: 9.3437656760215759e-03
#ERR  p: [1323, 635], r: 1.0041728615760803e-02, e: 1.0041765868663788e-02
#ERR  p: [1449, 635], r: 8.8534057140350342e-03, e: 8.8534355163574219e-03
#ERR  p: [1026, 635], r: 1.3515949249267578e-02, e: 1.3516008853912354e-02
#ERR  p: [675, 635], r: 1.9198939204216003e-02, e: 1.9198998808860779e-02
#ERR  p: [1701, 635], r: 6.8809166550636292e-03, e: 6.8809390068054199e-03
#ERR  p: [1080, 635], r: 1.2804806232452393e-02, e: 1.2804850935935974e-02
#ERR  p: [1422, 635], r: 9.0948790311813354e-03, e: 9.0949088335037231e-03
#ERR  p: [1404, 635], r: 9.2607736587524414e-03, e: 9.2608034610748291e-03
#ERR  p: [1602, 635], r: 7.5969994068145752e-03, e: 7.5970292091369629e-03
#ERR  p: [1359, 635], r: 9.6866711974143982e-03, e: 9.6867009997367859e-03
#ERR  p: [1332, 635], r: 9.9533423781394958e-03, e: 9.9533796310424805e-03
#ERR  p: [1431, 635], r: 9.0133845806121826e-03, e: 9.0134143829345703e-03
#ERR  p: [1017, 635], r: 1.3637453317642212e-02, e: 1.3637512922286987e-02
#ERR  p: [1521, 635], r: 8.2371532917022705e-03, e: 8.2371830940246582e-03
#ERR  p: [945, 635], r: 1.4655470848083496e-02, e: 1.4655515551567078e-02
#ERR  p: [1773, 635], r: 6.4032524824142456e-03, e: 6.4032748341560364e-03
#ERR  p: [1737, 635], r: 6.6382139921188354e-03, e: 6.6382363438606262e-03
#ERR  p: [1764, 635], r: 6.4602941274642944e-03, e: 6.4603164792060852e-03
#ERR  p: [1746, 635], r: 6.5783932805061340e-03, e: 6.5784156322479248e-03
#ERR  p: [1728, 635], r: 6.6981241106987000e-03, e: 6.6981539130210876e-03
#ERR  p: [990, 635], r: 1.4010235667228699e-02, e: 1.4010280370712280e-02
#ERR  p: [963, 635], r: 1.4393627643585205e-02, e: 1.4393672347068787e-02
#ERR  p: [936, 635], r: 1.4787659049034119e-02, e: 1.4787703752517700e-02
#ERR  p: [954, 635], r: 1.4522746205329895e-02, e: 1.4522805809974670e-02
#ERR  p: [1035, 635], r: 1.3393983244895935e-02, e: 1.3394042849540710e-02
#ERR  p: [1008, 635], r: 1.3760730624198914e-02, e: 1.3760790228843689e-02
#ERR  p: [927, 635], r: 1.4922097325325012e-02, e: 1.4922156929969788e-02
#ERR  p: [999, 635], r: 1.3886317610740662e-02, e: 1.3886362314224243e-02
#ERR  p: [1656, 635], r: 7.1984454989433289e-03, e: 7.1984678506851196e-03
#ERR  p: [801, 635], r: 1.6924753785133362e-02, e: 1.6924813389778137e-02
#ERR  p: [918, 635], r: 1.5056341886520386e-02, e: 1.5056401491165161e-02
#ERR  p: [909, 635], r: 1.5192136168479919e-02, e: 1.5192195773124695e-02
#ERR  p: [747, 635], r: 1.7864212393760681e-02, e: 1.7864271998405457e-02
#ERR  p: [711, 635], r: 1.8518298864364624e-02, e: 1.8518358469009399e-02
#ERR  p: [774, 635], r: 1.7385631799697876e-02, e: 1.7385691404342651e-02
#ERR  p: [828, 635], r: 1.6473487019538879e-02, e: 1.6473546624183655e-02
#ERR  p: [738, 635], r: 1.8025130033493042e-02, e: 1.8025189638137817e-02
#ERR  p: [729, 635], r: 1.8189951777458191e-02, e: 1.8190011382102966e-02
#ERR  p: [837, 635], r: 1.6325145959854126e-02, e: 1.6325205564498901e-02
#ERR  p: [855, 635], r: 1.6033947467803955e-02, e: 1.6034007072448730e-02
#ERR  p: [783, 635], r: 1.7231255769729614e-02, e: 1.7231315374374390e-02
#ERR  p: [756, 635], r: 1.7704948782920837e-02, e: 1.7705008387565613e-02
#ERR  p: [864, 635], r: 1.5891224145889282e-02, e: 1.5891283750534058e-02
#ERR  p: [1251, 638], r: 1.0824292898178101e-02, e: 1.0824307799339294e-02
#ERR  p: [873, 635], r: 1.5748471021652222e-02, e: 1.5748530626296997e-02
#ERR  p: [882, 635], r: 1.5607595443725586e-02, e: 1.5607655048370361e-02
#ERR  p: [1503, 635], r: 8.3874464035034180e-03, e: 8.3874762058258057e-03
#ERR  p: [1494, 635], r: 8.4646344184875488e-03, e: 8.4646642208099365e-03
#ERR  p: [819, 635], r: 1.6622662544250488e-02, e: 1.6622722148895264e-02
#ERR  p: [792, 635], r: 1.7077788710594177e-02, e: 1.7077848315238953e-02
#ERR  p: [810, 635], r: 1.6771793365478516e-02, e: 1.6771852970123291e-02
#ERR  p: [900, 635], r: 1.5330150723457336e-02, e: 1.5330210328102112e-02
#ERR  p: [1557, 635], r: 7.9464986920356750e-03, e: 7.9465210437774658e-03
#ERR  p: [702, 635], r: 1.8685117363929749e-02, e: 1.8685191869735718e-02
#ERR  p: [634, 418], r: 1.6101256012916565e-02, e: 1.6101017594337463e-02
#ERR  p: [693, 635], r: 1.8854886293411255e-02, e: 1.8854960799217224e-02
#ERR  p: [1674, 635], r: 7.0694237947463989e-03, e: 7.0694535970687866e-03
#ERR  p: [648, 635], r: 1.9723057746887207e-02, e: 1.9723132252693176e-02
#ERR  p: [1665, 635], r: 7.1328058838844299e-03, e: 7.1328282356262207e-03
#ERR  p: [972, 635], r: 1.4264017343521118e-02, e: 1.4264076948165894e-02
#ERR  p: [666, 635], r: 1.9372448325157166e-02, e: 1.9372522830963135e-02
#ERR  p: [657, 635], r: 1.9547119736671448e-02, e: 1.9547179341316223e-02
#ERR  p: [1647, 635], r: 7.2638317942619324e-03, e: 7.2638615965843201e-03
#ERR  p: [891, 635], r: 1.5468105673789978e-02, e: 1.5468165278434753e-02
#ERR  p: [1620, 635], r: 7.4609667062759399e-03, e: 7.4609890580177307e-03
#ERR  p: [1512, 635], r: 8.3122029900550842e-03, e: 8.3122327923774719e-03
#ERR  p: [1638, 635], r: 7.3295533657073975e-03, e: 7.3295757174491882e-03
#ERR  p: [1593, 635], r: 7.6655820012092590e-03, e: 7.6656118035316467e-03
#ERR  p: [1629, 635], r: 7.3950216174125671e-03, e: 7.3950439691543579e-03
#ERR  p: [639, 635], r: 1.9902369007468224e-02, e: 1.9902437925338745e-02
#ERR  p: [1440, 635], r: 8.9334771037101746e-03, e: 8.9335069060325623e-03
#ERR  p: [720, 635], r: 1.8352493643760681e-02, e: 1.8352553248405457e-02
#ERR  p: [1566, 635], r: 7.8747272491455078e-03, e: 7.8747496008872986e-03
#ERR  p: [1530, 635], r: 8.1647634506225586e-03, e: 8.1647932529449463e-03
#ERR  p: [1539, 635], r: 8.0906301736831665e-03, e: 8.0906599760055542e-03
#ERR  p: [1467, 635], r: 8.6959823966026306e-03, e: 8.6960121989250183e-03
#ERR  p: [1710, 635], r: 6.8190693855285645e-03, e: 6.8190917372703552e-03
#ERR  p: [1683, 635], r: 7.0067793130874634e-03, e: 7.0068016648292542e-03
#ERR  p: [1575, 635], r: 7.8056603670120239e-03, e: 7.8056901693344116e-03
#ERR  p: [1611, 635], r: 7.5289234519004822e-03, e: 7.5289532542228699e-03
#ERR  p: [1584, 635], r: 7.7353194355964661e-03, e: 7.7353492379188538e-03
#ERR  p: [1692, 635], r: 6.9442987442016602e-03, e: 6.9443210959434509e-03
#ERR  p: [1719, 635], r: 6.7569315433502197e-03, e: 6.7569538950920105e-03
#ERR  p: [684, 635], r: 1.9025504589080811e-02, e: 1.9025564193725586e-02
#ERR  p: [1548, 635], r: 8.0186277627944946e-03, e: 8.0186575651168823e-03
#ERR  p: [1116, 637], r: 1.2376904487609863e-02, e: 1.2376889586448669e-02
#ERR  p: [1971, 638], r: 5.2691623568534851e-03, e: 5.2691698074340820e-03
#ERR  p: [1836, 636], r: 6.0185343027114868e-03, e: 6.0185268521308899e-03
#ERR  p: [1242, 638], r: 1.0921597480773926e-02, e: 1.0921612381935120e-02
#ERR  p: [1233, 636], r: 1.0999098420143127e-02, e: 1.0999083518981934e-02
#ERR  p: [1395, 637], r: 9.3641653656959534e-03, e: 9.3641728162765503e-03
#ERR  p: [1062, 636], r: 1.3050749897956848e-02, e: 1.3050764799118042e-02
#ERR  p: [1206, 637], r: 1.1312082409858704e-02, e: 1.1312097311019897e-02
#ERR  p: [2024, 640], r: 5.0060302019119263e-03, e: 5.0060376524925232e-03
#ERR  p: [1215, 637], r: 1.1210754513740540e-02, e: 1.1210769414901733e-02
#ERR  p: [1269, 638], r: 1.0631620883941650e-02, e: 1.0631605982780457e-02
#ERR  p: [1197, 636], r: 1.1401742696762085e-02, e: 1.1401727795600891e-02
#ERR  p: [1161, 640], r: 1.1866807937622070e-02, e: 1.1866822838783264e-02
#ERR  p: [1926, 638], r: 5.5113136768341064e-03, e: 5.5113211274147034e-03
#ERR  p: [2007, 636], r: 5.0724446773529053e-03, e: 5.0724409520626068e-03
#ERR  p: [1989, 639], r: 5.1803961396217346e-03, e: 5.1804035902023315e-03
#ERR  p: [1188, 638], r: 1.1528074741363525e-02, e: 1.1528089642524719e-02
#ERR  p: [1962, 639], r: 5.3224265575408936e-03, e: 5.3224340081214905e-03
#ERR  p: [1179, 638], r: 1.1634141206741333e-02, e: 1.1634156107902527e-02
#ERR  p: [1278, 639], r: 1.0547742247581482e-02, e: 1.0547757148742676e-02
#ERR  p: [1170, 637], r: 1.1726379394531250e-02, e: 1.1726364493370056e-02
#ERR  p: [1917, 636], r: 5.5503770709037781e-03, e: 5.5503845214843750e-03
#ERR  p: [2016, 641], r: 5.0523392856121063e-03, e: 5.0523243844509125e-03
#ERR  p: [1998, 636], r: 5.1176510751247406e-03, e: 5.1176473498344421e-03
#ERR  p: [1980, 637], r: 5.2167400717735291e-03, e: 5.2167475223541260e-03
#ERR  p: [1224, 636], r: 1.1097624897956848e-02, e: 1.1097609996795654e-02
#ERR  p: [1125, 637], r: 1.2265428900718689e-02, e: 1.2265413999557495e-02
#ERR  p: [1845, 638], r: 5.9761703014373779e-03, e: 5.9761777520179749e-03
#ERR  p: [1134, 637], r: 1.2157022953033447e-02, e: 1.2157037854194641e-02
#ERR  p: [1143, 638], r: 1.2058511376380920e-02, e: 1.2058496475219727e-02
#ERR  p: [1872, 636], r: 5.8052465319633484e-03, e: 5.8052539825439453e-03
#ERR  p: [1953, 637], r: 5.3591653704643250e-03, e: 5.3591728210449219e-03
#ERR  p: [1899, 639], r: 5.6679323315620422e-03, e: 5.6679397821426392e-03
#ERR  p: [1260, 637], r: 1.0716795921325684e-02, e: 1.0716781020164490e-02
#ERR  p: [1881, 638], r: 5.7650208473205566e-03, e: 5.7650282979011536e-03
#ERR  p: [1935, 637], r: 5.4563432931900024e-03, e: 5.4563358426094055e-03
#ERR  p: [2032, 637], r: 4.9518644809722900e-03, e: 4.9518719315528870e-03
#ERR  p: [1944, 639], r: 5.4186806082725525e-03, e: 5.4186731576919556e-03
#ERR  p: [2040, 639], r: 4.9227923154830933e-03, e: 4.9228072166442871e-03
#ERR  p: [1890, 638], r: 5.7130008935928345e-03, e: 5.7129934430122375e-03
#ERR  p: [1908, 636], r: 5.5997073650360107e-03, e: 5.5997148156166077e-03
#ERR  p: [1800, 636], r: 6.2394887208938599e-03, e: 6.2394812703132629e-03
#ERR  p: [1827, 638], r: 6.0858353972434998e-03, e: 6.0858428478240967e-03
#ERR  p: [1854, 638], r: 5.9221386909484863e-03, e: 5.9221461415290833e-03
#ERR  p: [1791, 639], r: 6.3153132796287537e-03, e: 6.3153207302093506e-03
#ERR  p: [1413, 636], r: 9.1884732246398926e-03, e: 9.1884806752204895e-03
#ERR  p: [1485, 639], r: 8.5751116275787354e-03, e: 8.5751265287399292e-03
#ERR  p: [1863, 638], r: 5.8701932430267334e-03, e: 5.8701857924461365e-03
#ERR  p: [1386, 637], r: 9.4491392374038696e-03, e: 9.4491466879844666e-03
#ERR  p: [1377, 640], r: 9.5609724521636963e-03, e: 9.5609873533248901e-03
#ERR  p: [1152, 636], r: 1.1926651000976562e-02, e: 1.1926665902137756e-02
#ERR  p: [1314, 639], r: 1.0174855589866638e-02, e: 1.0174870491027832e-02
#ERR  p: [1305, 636], r: 1.0234303772449493e-02, e: 1.0234296321868896e-02
#ERR  p: [1341, 638], r: 9.8926126956939697e-03, e: 9.8925977945327759e-03
#ERR  p: [1098, 636], r: 1.2588649988174438e-02, e: 1.2588679790496826e-02
#ERR  p: [1368, 637], r: 9.6207782626152039e-03, e: 9.6207708120346069e-03
#ERR  p: [765, 638], r: 1.7598807811737061e-02, e: 1.7598822712898254e-02
#ERR  p: [1323, 636], r: 1.0052129626274109e-02, e: 1.0052122175693512e-02
#ERR  p: [1818, 636], r: 6.1274990439414978e-03, e: 6.1274915933609009e-03
#ERR  p: [1026, 636], r: 1.3528019189834595e-02, e: 1.3528004288673401e-02
#ERR  p: [1350, 636], r: 9.7838193178176880e-03, e: 9.7838267683982849e-03
#ERR  p: [1287, 642], r: 1.0484157130122185e-02, e: 1.0484155267477036e-02
#ERR  p: [1809, 637], r: 6.1894133687019348e-03, e: 6.1894208192825317e-03
#ERR  p: [1296, 636], r: 1.0327465832233429e-02, e: 1.0327458381652832e-02
#ERR  p: [1782, 636], r: 6.3526928424835205e-03, e: 6.3526853919029236e-03
#ERR  p: [1107, 636], r: 1.2476637959480286e-02, e: 1.2476652860641479e-02
#ERR  p: [1755, 638], r: 6.5393522381782532e-03, e: 6.5393596887588501e-03
#ERR  p: [981, 636], r: 1.4151602983474731e-02, e: 1.4151617884635925e-02
#ERR  p: [1458, 636], r: 8.7826400995254517e-03, e: 8.7826326489448547e-03
#ERR  p: [846, 636], r: 1.6197845339775085e-02, e: 1.6197860240936279e-02
#ERR  p: [1476, 638], r: 8.6426883935928345e-03, e: 8.6426958441734314e-03
#ERR  p: [1053, 636], r: 1.3169884681701660e-02, e: 1.3169899582862854e-02
#ERR  p: [1089, 639], r: 1.2741565704345703e-02, e: 1.2741580605506897e-02
#ERR  p: [1044, 638], r: 1.3313263654708862e-02, e: 1.3313248753547668e-02
#ERR  p: [1071, 637], r: 1.2946709990501404e-02, e: 1.2946695089340210e-02
#ERR  p: [1764, 638], r: 6.4805075526237488e-03, e: 6.4805001020431519e-03
#ERR  p: [1728, 636], r: 6.7044049501419067e-03, e: 6.7043974995613098e-03
#ERR  p: [1746, 637], r: 6.5922066569328308e-03, e: 6.5922141075134277e-03
#ERR  p: [936, 638], r: 1.4832660555839539e-02, e: 1.4832675457000732e-02
#ERR  p: [1449, 636], r: 8.8613331317901611e-03, e: 8.8613405823707581e-03
#ERR  p: [675, 639], r: 1.9275993108749390e-02, e: 1.9276022911071777e-02
#ERR  p: [1701, 638], r: 6.9018676877021790e-03, e: 6.9018751382827759e-03
#ERR  p: [1656, 636], r: 7.2042047977447510e-03, e: 7.2041973471641541e-03
#ERR  p: [747, 636], r: 1.7881363630294800e-02, e: 1.7881378531455994e-02
#ERR  p: [1080, 636], r: 1.2817561626434326e-02, e: 1.2817546725273132e-02
#ERR  p: [1422, 637], r: 9.1149583458900452e-03, e: 9.1149508953094482e-03
#ERR  p: [1602, 636], r: 7.6053440570831299e-03, e: 7.6053366065025330e-03
#ERR  p: [1359, 638], r: 9.7175687551498413e-03, e: 9.7175836563110352e-03
#ERR  p: [1404, 636], r: 9.2709809541702271e-03, e: 9.2709884047508240e-03
#ERR  p: [1332, 638], r: 9.9834650754928589e-03, e: 9.9834501743316650e-03
#ERR  p: [1431, 636], r: 9.0234577655792236e-03, e: 9.0234503149986267e-03
#ERR  p: [837, 637], r: 1.6360580921173096e-02, e: 1.6360566020011902e-02
#ERR  p: [729, 636], r: 1.8204391002655029e-02, e: 1.8204405903816223e-02
#ERR  p: [828, 637], r: 1.6507089138031006e-02, e: 1.6507104039192200e-02
#ERR  p: [855, 640], r: 1.6115009784698486e-02, e: 1.6115069389343262e-02
#ERR  p: [783, 638], r: 1.7283901572227478e-02, e: 1.7283916473388672e-02
#ERR  p: [1521, 638], r: 8.2631856203079224e-03, e: 8.2631781697273254e-03
#ERR  p: [1773, 637], r: 6.4159482717514038e-03, e: 6.4159408211708069e-03
#ERR  p: [1017, 636], r: 1.3650745153427124e-02, e: 1.3650715351104736e-02
#ERR  p: [945, 637], r: 1.4686495065689087e-02, e: 1.4686509966850281e-02
#ERR  p: [1737, 637], r: 6.6515356302261353e-03, e: 6.6515430808067322e-03
#ERR  p: [990, 638], r: 1.4051809906959534e-02, e: 1.4051839709281921e-02
#ERR  p: [963, 636], r: 1.4409199357032776e-02, e: 1.4409214258193970e-02
#ERR  p: [954, 637], r: 1.4554426074028015e-02, e: 1.4554411172866821e-02
#ERR  p: [1035, 636], r: 1.3408735394477844e-02, e: 1.3408720493316650e-02
#ERR  p: [1008, 637], r: 1.3789013028144836e-02, e: 1.3788998126983643e-02
#ERR  p: [927, 636], r: 1.4935642480850220e-02, e: 1.4935627579689026e-02
#ERR  p: [999, 636], r: 1.3898521661758423e-02, e: 1.3898506760597229e-02
#ERR  p: [702, 636], r: 1.8706947565078735e-02, e: 1.8706917762756348e-02
#ERR  p: [918, 636], r: 1.5072375535964966e-02, e: 1.5072390437126160e-02
#ERR  p: [801, 636], r: 1.6942203044891357e-02, e: 1.6942188143730164e-02
#ERR  p: [1665, 637], r: 7.1477964520454407e-03, e: 7.1478039026260376e-03
#ERR  p: [909, 636], r: 1.5208125114440918e-02, e: 1.5208110213279724e-02
#ERR  p: [1512, 638], r: 8.3374232053756714e-03, e: 8.3374306559562683e-03
#ERR  p: [711, 636], r: 1.8537610769271851e-02, e: 1.8537625670433044e-02
#ERR  p: [774, 638], r: 1.7441719770431519e-02, e: 1.7441734671592712e-02
#ERR  p: [1530, 637], r: 8.1809386610984802e-03, e: 8.1809312105178833e-03
#ERR  p: [738, 637], r: 1.8064096570014954e-02, e: 1.8064081668853760e-02
#ERR  p: [756, 638], r: 1.7758876085281372e-02, e: 1.7758890986442566e-02
#ERR  p: [864, 639], r: 1.5954464673995972e-02, e: 1.5954479575157166e-02
#ERR  p: [1251, 639], r: 1.0835483670234680e-02, e: 1.0835498571395874e-02
#ERR  p: [873, 638], r: 1.5797108411788940e-02, e: 1.5797123312950134e-02
#ERR  p: [882, 636], r: 1.5625372529029846e-02, e: 1.5625357627868652e-02
#ERR  p: [1503, 638], r: 8.4129124879837036e-03, e: 8.4129050374031067e-03
#ERR  p: [819, 637], r: 1.6657859086990356e-02, e: 1.6657844185829163e-02
#ERR  p: [1494, 639], r: 8.4970891475677490e-03, e: 8.4971040487289429e-03
#ERR  p: [792, 639], r: 1.7144829034805298e-02, e: 1.7144888639450073e-02
#ERR  p: [810, 640], r: 1.6857981681823730e-02, e: 1.6858011484146118e-02
#ERR  p: [900, 636], r: 1.5343964099884033e-02, e: 1.5343979001045227e-02
#ERR  p: [1557, 636], r: 7.9555511474609375e-03, e: 7.9555585980415344e-03
#ERR  p: [693, 637], r: 1.8894299864768982e-02, e: 1.8894270062446594e-02
#ERR  p: [634, 419], r: 1.6115769743919373e-02, e: 1.6116008162498474e-02
#ERR  p: [1674, 637], r: 7.0832371711730957e-03, e: 7.0832297205924988e-03
#ERR  p: [648, 642], r: 1.9862947985529900e-02, e: 1.9862918183207512e-02
#ERR  p: [666, 639], r: 1.9447356462478638e-02, e: 1.9447326660156250e-02
#ERR  p: [972, 636], r: 1.4278590679168701e-02, e: 1.4278575778007507e-02
#ERR  p: [657, 636], r: 1.9566357135772705e-02, e: 1.9566372036933899e-02
#ERR  p: [1647, 636], r: 7.2707161307334900e-03, e: 7.2707086801528931e-03
#ERR  p: [891, 636], r: 1.5484064817428589e-02, e: 1.5484049916267395e-02
#ERR  p: [1620, 637], r: 7.4769407510757446e-03, e: 7.4769333004951477e-03
#ERR  p: [639, 637], r: 1.9943216815590858e-02, e: 1.9943218678236008e-02
#ERR  p: [1638, 638], r: 7.3502510786056519e-03, e: 7.3502585291862488e-03
#ERR  p: [1629, 638], r: 7.4174404144287109e-03, e: 7.4174478650093079e-03
#ERR  p: [1593, 637], r: 7.6822862029075623e-03, e: 7.6822787523269653e-03
#ERR  p: [1566, 636], r: 7.8841745853424072e-03, e: 7.8841820359230042e-03
#ERR  p: [720, 637], r: 1.8392235040664673e-02, e: 1.8392249941825867e-02
#ERR  p: [1440, 636], r: 8.9426040649414062e-03, e: 8.9425966143608093e-03
#ERR  p: [1539, 638], r: 8.1167072057723999e-03, e: 8.1166997551918030e-03
#ERR  p: [1467, 638], r: 8.7214782834053040e-03, e: 8.7214857339859009e-03
#ERR  p: [1683, 636], r: 7.0132836699485779e-03, e: 7.0132911205291748e-03
#ERR  p: [1611, 639], r: 7.5610503554344177e-03, e: 7.5610578060150146e-03
#ERR  p: [1710, 638], r: 6.8395882844924927e-03, e: 6.8395957350730896e-03
#ERR  p: [1575, 638], r: 7.8284069895744324e-03, e: 7.8284144401550293e-03
#ERR  p: [1584, 636], r: 7.7432692050933838e-03, e: 7.7432617545127869e-03
#ERR  p: [1719, 637], r: 6.7725479602813721e-03, e: 6.7725405097007751e-03
#ERR  p: [1692, 636], r: 6.9497823715209961e-03, e: 6.9497898221015930e-03
#ERR  p: [684, 639], r: 1.9102245569229126e-02, e: 1.9102275371551514e-02
#ERR  p: [1548, 637], r: 8.0352872610092163e-03, e: 8.0352947115898132e-03
#ERR  p: [1116, 638], r: 1.2388333678245544e-02, e: 1.2388348579406738e-02
#ERR  p: [1971, 639], r: 5.2745565772056580e-03, e: 5.2745491266250610e-03
#ERR  p: [1836, 637], r: 6.0245767235755920e-03, e: 6.0245841741561890e-03
#ERR  p: [1242, 640], r: 1.0944381356239319e-02, e: 1.0944396257400513e-02
#ERR  p: [1233, 638], r: 1.1020198464393616e-02, e: 1.1020228266716003e-02
#ERR  p: [1395, 638], r: 9.3724131584167480e-03, e: 9.3724280595779419e-03
#ERR  p: [1062, 637], r: 1.3064071536064148e-02, e: 1.3064056634902954e-02
#ERR  p: [1206, 640], r: 1.1344373226165771e-02, e: 1.1344388127326965e-02
#ERR  p: [2024, 641], r: 5.0126425921916962e-03, e: 5.0126276910305023e-03
#ERR  p: [1215, 639], r: 1.1233434081077576e-02, e: 1.1233448982238770e-02
#ERR  p: [1269, 639], r: 1.0642871260643005e-02, e: 1.0642886161804199e-02
#ERR  p: [1197, 637], r: 1.1414229869842529e-02, e: 1.1414244771003723e-02
#ERR  p: [1161, 641], r: 1.1880126781761646e-02, e: 1.1880096979439259e-02
#ERR  p: [1926, 639], r: 5.5166706442832947e-03, e: 5.5166631937026978e-03
#ERR  p: [2007, 637], r: 5.0774291157722473e-03, e: 5.0774365663528442e-03
#ERR  p: [1989, 641], r: 5.1905051805078983e-03, e: 5.1904977299273014e-03
#ERR  p: [1188, 639], r: 1.1541038751602173e-02, e: 1.1541023850440979e-02
#ERR  p: [1962, 641], r: 5.3323330357670784e-03, e: 5.3323255851864815e-03
#ERR  p: [1179, 641], r: 1.1666987091302872e-02, e: 1.1666957288980484e-02
#ERR  p: [1278, 642], r: 1.0578416287899017e-02, e: 1.0578397661447525e-02
#ERR  p: [1170, 639], r: 1.1748865246772766e-02, e: 1.1748880147933960e-02
#ERR  p: [1917, 637], r: 5.5552050471305847e-03, e: 5.5551975965499878e-03
#ERR  p: [2016, 642], r: 5.0575900822877884e-03, e: 5.0575826317071915e-03
#ERR  p: [1998, 637], r: 5.1235705614089966e-03, e: 5.1235780119895935e-03
#ERR  p: [1224, 638], r: 1.1120602488517761e-02, e: 1.1120617389678955e-02
#ERR  p: [1980, 638], r: 5.2219480276107788e-03, e: 5.2219331264495850e-03
#ERR  p: [1125, 638], r: 1.2278422713279724e-02, e: 1.2278437614440918e-02
#ERR  p: [1845, 639], r: 5.9825032949447632e-03, e: 5.9824958443641663e-03
#ERR  p: [1143, 639], r: 1.2071862816810608e-02, e: 1.2071907520294189e-02
#ERR  p: [1134, 639], r: 1.2180775403976440e-02, e: 1.2180760502815247e-02
#ERR  p: [1953, 638], r: 5.3647384047508240e-03, e: 5.3647309541702271e-03
#ERR  p: [1872, 637], r: 5.8120489120483398e-03, e: 5.8120414614677429e-03
#ERR  p: [1899, 640], r: 5.6739300489425659e-03, e: 5.6739374995231628e-03
#ERR  p: [1260, 638], r: 1.0727986693382263e-02, e: 1.0728001594543457e-02
#ERR  p: [1881, 639], r: 5.7703331112861633e-03, e: 5.7703256607055664e-03
#ERR  p: [2032, 638], r: 4.9570575356483459e-03, e: 4.9570500850677490e-03
#ERR  p: [1935, 638], r: 5.4625719785690308e-03, e: 5.4625868797302246e-03
#ERR  p: [1413, 637], r: 9.1963186860084534e-03, e: 9.1963112354278564e-03
#ERR  p: [1944, 640], r: 5.4239705204963684e-03, e: 5.4239854216575623e-03
#ERR  p: [2040, 640], r: 4.9266368150711060e-03, e: 4.9266219139099121e-03
#ERR  p: [1908, 637], r: 5.6064650416374207e-03, e: 5.6064575910568237e-03
#ERR  p: [1890, 639], r: 5.7193934917449951e-03, e: 5.7194009423255920e-03
#ERR  p: [1800, 637], r: 6.2448978424072266e-03, e: 6.2449127435684204e-03
#ERR  p: [1854, 639], r: 5.9300437569618225e-03, e: 5.9300214052200317e-03
#ERR  p: [1827, 639], r: 6.0901492834091187e-03, e: 6.0901418328285217e-03
#ERR  p: [1791, 640], r: 6.3204541802406311e-03, e: 6.3204616308212280e-03
#ERR  p: [1485, 640], r: 8.5823386907577515e-03, e: 8.5823535919189453e-03
#ERR  p: [1863, 639], r: 5.8754384517669678e-03, e: 5.8754459023475647e-03
#ERR  p: [1386, 640], r: 9.4747096300125122e-03, e: 9.4747245311737061e-03
#ERR  p: [1314, 641], r: 1.0193886235356331e-02, e: 1.0193871334195137e-02
#ERR  p: [1377, 641], r: 9.5721688121557236e-03, e: 9.5721539109945297e-03
#ERR  p: [1152, 637], r: 1.1940553784370422e-02, e: 1.1940538883209229e-02
#ERR  p: [1305, 637], r: 1.0244965553283691e-02, e: 1.0244980454444885e-02
#ERR  p: [1341, 640], r: 9.9113434553146362e-03, e: 9.9113732576370239e-03
#ERR  p: [1098, 637], r: 1.2601211667060852e-02, e: 1.2601181864738464e-02
#ERR  p: [1368, 640], r: 9.6487849950790405e-03, e: 9.6488147974014282e-03
#ERR  p: [765, 640], r: 1.7633676528930664e-02, e: 1.7633736133575439e-02
#ERR  p: [1323, 638], r: 1.0072201490402222e-02, e: 1.0072231292724609e-02
#ERR  p: [1818, 638], r: 6.1405152082443237e-03, e: 6.1405301094055176e-03
#ERR  p: [1350, 639], r: 9.8143219947814941e-03, e: 9.8143070936203003e-03
#ERR  p: [1026, 637], r: 1.3542994856834412e-02, e: 1.3543009757995605e-02
#ERR  p: [981, 638], r: 1.4180824160575867e-02, e: 1.4180839061737061e-02
#ERR  p: [1287, 643], r: 1.0493267327547073e-02, e: 1.0493300855159760e-02
#ERR  p: [1296, 639], r: 1.0358005762100220e-02, e: 1.0358035564422607e-02
#ERR  p: [1809, 638], r: 6.1959102749824524e-03, e: 6.1959028244018555e-03
#ERR  p: [1107, 638], r: 1.2500733137130737e-02, e: 1.2500718235969543e-02
#ERR  p: [1782, 638], r: 6.3651353120803833e-03, e: 6.3651427626609802e-03
#ERR  p: [1755, 639], r: 6.5457150340080261e-03, e: 6.5457075834274292e-03
#ERR  p: [1458, 637], r: 8.7919235229492188e-03, e: 8.7919384241104126e-03
#ERR  p: [846, 637], r: 1.6213044524192810e-02, e: 1.6213029623031616e-02
#ERR  p: [1476, 640], r: 8.6604207754135132e-03, e: 8.6604356765747070e-03
#ERR  p: [1089, 641], r: 1.2766746804118156e-02, e: 1.2766717001795769e-02
#ERR  p: [1053, 637], r: 1.3182431459426880e-02, e: 1.3182416558265686e-02
#ERR  p: [1044, 640], r: 1.3338640332221985e-02, e: 1.3338685035705566e-02
#ERR  p: [1071, 638], r: 1.2959137558937073e-02, e: 1.2959167361259460e-02
#ERR  p: [1764, 639], r: 6.4871832728385925e-03, e: 6.4872056245803833e-03
#ERR  p: [1746, 639], r: 6.6049844026565552e-03, e: 6.6049918532371521e-03
#ERR  p: [1449, 637], r: 8.8722631335258484e-03, e: 8.8722556829452515e-03
#ERR  p: [936, 641], r: 1.4877674169838428e-02, e: 1.4877644367516041e-02
#ERR  p: [1728, 637], r: 6.7120417952537537e-03, e: 6.7120492458343506e-03
#ERR  p: [855, 641], r: 1.6131101176142693e-02, e: 1.6131041571497917e-02
#ERR  p: [675, 641], r: 1.9316155463457108e-02, e: 1.9316095858812332e-02
#ERR  p: [1701, 639], r: 6.9089233875274658e-03, e: 6.9089159369468689e-03
#ERR  p: [1737, 638], r: 6.6575631499290466e-03, e: 6.6575482487678528e-03
#ERR  p: [1656, 637], r: 7.2133913636207581e-03, e: 7.2133988142013550e-03
#ERR  p: [747, 637], r: 1.7901629209518433e-02, e: 1.7901614308357239e-02
#ERR  p: [1080, 638], r: 1.2843042612075806e-02, e: 1.2843057513237000e-02
#ERR  p: [1602, 638], r: 7.6199769973754883e-03, e: 7.6199918985366821e-03
#ERR  p: [1422, 638], r: 9.1222673654556274e-03, e: 9.1222822666168213e-03
#ERR  p: [1359, 641], r: 9.7455568611621857e-03, e: 9.7455419600009918e-03
#ERR  p: [1404, 637], r: 9.2798396944999695e-03, e: 9.2798322439193726e-03
#ERR  p: [1332, 639], r: 9.9926143884658813e-03, e: 9.9926292896270752e-03
#ERR  p: [1431, 637], r: 9.0321600437164307e-03, e: 9.0321749448776245e-03
#ERR  p: [729, 637], r: 1.8228441476821899e-02, e: 1.8228411674499512e-02
#ERR  p: [837, 638], r: 1.6374751925468445e-02, e: 1.6374766826629639e-02
#ERR  p: [828, 639], r: 1.6541317105293274e-02, e: 1.6541302204132080e-02
#ERR  p: [801, 637], r: 1.6959741711616516e-02, e: 1.6959756612777710e-02
#ERR  p: [783, 640], r: 1.7317771911621094e-02, e: 1.7317831516265869e-02
#ERR  p: [918, 637], r: 1.5085041522979736e-02, e: 1.5085026621818542e-02
#ERR  p: [1665, 639], r: 7.1629583835601807e-03, e: 7.1629509329795837e-03
#ERR  p: [909, 638], r: 1.5237689018249512e-02, e: 1.5237674117088318e-02
#ERR  p: [1512, 640], r: 8.3540081977844238e-03, e: 8.3540380001068115e-03
#ERR  p: [1521, 639], r: 8.2719773054122925e-03, e: 8.2719996571540833e-03
#ERR  p: [1017, 637], r: 1.3665467500686646e-02, e: 1.3665482401847839e-02
#ERR  p: [1773, 639], r: 6.4288973808288574e-03, e: 6.4289197325706482e-03
#ERR  p: [945, 639], r: 1.4714166522026062e-02, e: 1.4714181423187256e-02
#ERR  p: [711, 639], r: 1.8594413995742798e-02, e: 1.8594384193420410e-02
#ERR  p: [1251, 640], r: 1.0846316814422607e-02, e: 1.0846301913261414e-02
#ERR  p: [990, 639], r: 1.4067441225051880e-02, e: 1.4067411422729492e-02
#ERR  p: [873, 639], r: 1.5813723206520081e-02, e: 1.5813738107681274e-02
#ERR  p: [882, 637], r: 1.5640079975128174e-02, e: 1.5640094876289368e-02
#ERR  p: [963, 638], r: 1.4438033103942871e-02, e: 1.4438048005104065e-02
#ERR  p: [1035, 638], r: 1.3434275984764099e-02, e: 1.3434305787086487e-02
#ERR  p: [1008, 638], r: 1.3802185654640198e-02, e: 1.3802200555801392e-02
#ERR  p: [954, 639], r: 1.4582604169845581e-02, e: 1.4582619071006775e-02
#ERR  p: [927, 638], r: 1.4964401721954346e-02, e: 1.4964416623115540e-02
#ERR  p: [999, 637], r: 1.3913318514823914e-02, e: 1.3913333415985107e-02
#ERR  p: [702, 637], r: 1.8724381923675537e-02, e: 1.8724426627159119e-02
#ERR  p: [774, 640], r: 1.7475426197052002e-02, e: 1.7475455999374390e-02
#ERR  p: [756, 639], r: 1.7776906490325928e-02, e: 1.7776936292648315e-02
#ERR  p: [738, 638], r: 1.8080800771713257e-02, e: 1.8080845475196838e-02
#ERR  p: [864, 641], r: 1.5986790880560875e-02, e: 1.5986731275916100e-02
#ERR  p: [1530, 638], r: 8.1890746951103210e-03, e: 8.1890895962715149e-03
#ERR  p: [1503, 639], r: 8.4225609898567200e-03, e: 8.4225684404373169e-03
#ERR  p: [810, 641], r: 1.6874589025974274e-02, e: 1.6874559223651886e-02
#ERR  p: [819, 638], r: 1.6674116253852844e-02, e: 1.6674146056175232e-02
#ERR  p: [1494, 641], r: 8.5152070969343185e-03, e: 8.5151772946119308e-03
#ERR  p: [900, 637], r: 1.5361756086349487e-02, e: 1.5361741185188293e-02
#ERR  p: [792, 640], r: 1.7164856195449829e-02, e: 1.7164826393127441e-02
#ERR  p: [1638, 639], r: 7.3584616184234619e-03, e: 7.3584690690040588e-03
#ERR  p: [1557, 638], r: 7.9717338085174561e-03, e: 7.9717412590980530e-03
#ERR  p: [693, 638], r: 1.8909960985183716e-02, e: 1.8909990787506104e-02
#ERR  p: [634, 420], r: 1.6129203140735626e-02, e: 1.6129195690155029e-02
#ERR  p: [1674, 639], r: 7.0975199341773987e-03, e: 7.0975348353385925e-03
#ERR  p: [648, 643], r: 1.9879929721355438e-02, e: 1.9879989326000214e-02
#ERR  p: [972, 638], r: 1.4307498931884766e-02, e: 1.4307513833045959e-02
#ERR  p: [666, 640], r: 1.9467890262603760e-02, e: 1.9467920064926147e-02
#ERR  p: [657, 638], r: 1.9605278968811035e-02, e: 1.9605308771133423e-02
#ERR  p: [1647, 638], r: 7.2837993502616882e-03, e: 7.2838068008422852e-03
#ERR  p: [1620, 638], r: 7.4848458170890808e-03, e: 7.4848607182502747e-03
#ERR  p: [891, 637], r: 1.5499755740165710e-02, e: 1.5499770641326904e-02
#ERR  p: [639, 638], r: 1.9961617887020111e-02, e: 1.9961621612310410e-02
#ERR  p: [1593, 638], r: 7.6881721615791321e-03, e: 7.6881796121597290e-03
#ERR  p: [1629, 639], r: 7.4252784252166748e-03, e: 7.4252858757972717e-03
#ERR  p: [720, 638], r: 1.8407911062240601e-02, e: 1.8407881259918213e-02
#ERR  p: [1566, 640], r: 7.9150497913360596e-03, e: 7.9150646924972534e-03
#ERR  p: [1539, 639], r: 8.1242844462394714e-03, e: 8.1242918968200684e-03
#ERR  p: [1440, 638], r: 8.9605450630187988e-03, e: 8.9605599641799927e-03
#ERR  p: [1683, 639], r: 7.0348903536796570e-03, e: 7.0348829030990601e-03
#ERR  p: [1575, 640], r: 7.8439936041831970e-03, e: 7.8440010547637939e-03
#ERR  p: [1467, 642], r: 8.7572559714317322e-03, e: 8.7572447955608368e-03
#ERR  p: [1611, 640], r: 7.5661987066268921e-03, e: 7.5662136077880859e-03
#ERR  p: [1710, 639], r: 6.8469867110252380e-03, e: 6.8469792604446411e-03
#ERR  p: [1584, 637], r: 7.7519193291664124e-03, e: 7.7519267797470093e-03
#ERR  p: [1719, 638], r: 6.7783817648887634e-03, e: 6.7783892154693604e-03
#ERR  p: [1692, 637], r: 6.9575831294059753e-03, e: 6.9575756788253784e-03
#ERR  p: [684, 641], r: 1.9141504541039467e-02, e: 1.9141444936394691e-02
#ERR  p: [1116, 639], r: 1.2403249740600586e-02, e: 1.2403234839439392e-02
#ERR  p: [1548, 638], r: 8.0433264374732971e-03, e: 8.0433189868927002e-03
#ERR  p: [1971, 640], r: 5.2786618471145630e-03, e: 5.2786692976951599e-03
#ERR  p: [1836, 639], r: 6.0368627309799194e-03, e: 6.0368552803993225e-03
#ERR  p: [1242, 641], r: 1.0954841971397400e-02, e: 1.0954782366752625e-02
#ERR  p: [1233, 639], r: 1.1033818125724792e-02, e: 1.1033803224563599e-02
#ERR  p: [1395, 640], r: 9.3901306390762329e-03, e: 9.3901604413986206e-03
#ERR  p: [1062, 638], r: 1.3076752424240112e-02, e: 1.3076767325401306e-02
#ERR  p: [1206, 641], r: 1.1357581242918968e-02, e: 1.1357521638274193e-02
#ERR  p: [2024, 642], r: 5.0170253962278366e-03, e: 5.0170328468084335e-03
#ERR  p: [1215, 640], r: 1.1242613196372986e-02, e: 1.1242598295211792e-02
#ERR  p: [1269, 640], r: 1.0651111602783203e-02, e: 1.0651156306266785e-02
#ERR  p: [1197, 640], r: 1.1446580290794373e-02, e: 1.1446595191955566e-02
#ERR  p: [1161, 642], r: 1.1892199516296387e-02, e: 1.1892206966876984e-02
#ERR  p: [1926, 640], r: 5.5221170186996460e-03, e: 5.5221319198608398e-03
#ERR  p: [2007, 638], r: 5.0829201936721802e-03, e: 5.0829127430915833e-03
#ERR  p: [1989, 642], r: 5.1962565630674362e-03, e: 5.1962556317448616e-03
#ERR  p: [1188, 640], r: 1.1550709605216980e-02, e: 1.1550754308700562e-02
#ERR  p: [1962, 642], r: 5.3384546190500259e-03, e: 5.3384611383080482e-03
#ERR  p: [1179, 642], r: 1.1680254712700844e-02, e: 1.1680278927087784e-02
#ERR  p: [1278, 643], r: 1.0589357465505600e-02, e: 1.0589390993118286e-02
#ERR  p: [1170, 642], r: 1.1786948889493942e-02, e: 1.1786930263042450e-02
#ERR  p: [1917, 638], r: 5.5615231394767761e-03, e: 5.5615305900573730e-03
#SDC Ite:0 KerTime:22.045185 AccTime:22.045185 KerErr:1980775 AccErr:1980775
#ABORT too many errors per iteration
#END