2017-01-21 19:39:18:Starting GDB script
2017-01-21 19:39:18:initSignal:0.0
2017-01-21 19:39:18:endSignal:7.0
2017-01-21 19:39:18:seqSignal:15
2017-01-21 19:39:18:sending 15 signals using command: 'ssh -T mic1 killall -2 dgemm_check' after 0.422489077906s
2017-01-21 19:39:18:shell stdout: 
2017-01-21 19:39:19:shell stdout: 
2017-01-21 19:39:19:shell stdout: 
2017-01-21 19:39:20:shell stdout: 
2017-01-21 19:39:20:sending 15 signals using command: 'ssh -T mic1 killall -2 dgemm_check' after 2.12457749099s
2017-01-21 19:39:20:shell stdout: 
2017-01-21 19:39:20:shell stdout: 
2017-01-21 19:39:20:shell stdout: 
2017-01-21 19:39:21:shell stdout: 
2017-01-21 19:39:21:shell stdout: 
2017-01-21 19:39:21:shell stdout: 
2017-01-21 19:39:21:shell stdout: 
2017-01-21 19:39:21:shell stdout: 
2017-01-21 19:39:22:shell stdout: 
2017-01-21 19:39:22:shell stdout: 
2017-01-21 19:39:22:shell stdout: 
2017-01-21 19:39:22:shell stdout: 
2017-01-21 19:39:22:shell stdout: 
2017-01-21 19:39:23:shell stdout: 
2017-01-21 19:39:23:shell stdout: 
2017-01-21 19:39:23:shell stdout: 
2017-01-21 19:39:23:shell stdout: 
2017-01-21 19:39:23:shell stdout: 
2017-01-21 19:39:24:shell stdout: 
2017-01-21 19:39:24:shell stdout: 
2017-01-21 19:39:24:shell stdout: 
2017-01-21 19:39:24:shell stdout: 
2017-01-21 19:39:24:sending 15 signals using command: 'ssh -T mic1 killall -2 dgemm_check' after 6.75028715892s
2017-01-21 19:39:25:shell stdout: 
2017-01-21 19:39:25:shell stdout: 
2017-01-21 19:39:25:shell stdout: 
2017-01-21 19:39:25:shell stdout: 
2017-01-21 19:39:26:shell stdout: 
2017-01-21 19:39:26:shell stdout: 
2017-01-21 19:39:27:shell stdout: 
2017-01-21 19:39:27:shell stdout: 
2017-01-21 19:39:27:shell stdout: 
2017-01-21 19:39:28:shell stdout: 
2017-01-21 19:39:29:shell stdout: 
2017-01-21 19:39:29:shell stdout: 
2017-01-21 19:39:30:shell stdout: 
2017-01-21 19:39:31:shell stdout: 
2017-01-21 19:39:31:shell stdout: 
2017-01-21 19:39:32:shell stdout: 
2017-01-21 19:39:33:shell stdout: 
2017-01-21 19:39:33:shell stdout: 
2017-01-21 19:39:34:shell stdout: 
2017-01-21 19:41:30:no gdbExecName running, out:
2017-01-21 19:41:30:checCmd:ps -e | grep -i gdb-mic
2017-01-21 19:41:30:finished now-timestampStart < maxWaitTime*5
2017-01-21 19:41:30:now: 1485045681
2017-01-21 19:41:30:timestampStart: 1485045558
2017-01-21 19:41:30:kill cmd: killall -9 gdb-mic
2017-01-21 19:41:30:shell stdout: 
2017-01-21 19:41:30:kill cmd: ssh -T mic1 killall -9 dgemm_check
2017-01-21 19:41:30:shell stdout: 
2017-01-21 19:41:31:kill cmd: ssh -T mic1 killall -9 gdbserver
2017-01-21 19:41:31:shell stdout: 
2017-01-21 19:41:31:kill cmd: ssh -T mic1 killall -9 sshd
2017-01-21 19:41:31:shell stdout: 
