2016-10-16 23:37:02:Starting GDB script
2016-10-16 23:37:05:sending signal using command: 'ssh -T mic0 killall -2 needle_check' after 2.42127842314s
2016-10-16 23:37:05:shell stdout: 
2016-10-16 23:37:05:sending signal using command: 'ssh -T mic0 killall -2 needle_check' after 3.10431233371s
2016-10-16 23:37:05:shell stdout: 
2016-10-16 23:37:05:sending signal using command: 'ssh -T mic0 killall -2 needle_check' after 3.24661446974s
2016-10-16 23:37:05:shell stdout: 
2016-10-16 23:37:07:sending signal using command: 'ssh -T mic0 killall -2 needle_check' after 4.41345160486s
2016-10-16 23:37:07:shell stdout: 
2016-10-16 23:37:08:sending signal using command: 'ssh -T mic0 killall -2 needle_check' after 6.23721830457s
2016-10-16 23:37:08:shell stdout: 
2016-10-16 23:37:12:sending signal using command: 'ssh -T mic0 killall -2 needle_check' after 9.73407273597s
2016-10-16 23:37:12:shell stdout: 
2016-10-16 23:37:13:sending signal using command: 'ssh -T mic0 killall -2 needle_check' after 11.1147968195s
2016-10-16 23:37:13:shell stdout: 
2016-10-16 23:37:14:sending signal using command: 'ssh -T mic0 killall -2 needle_check' after 11.4333701846s
2016-10-16 23:37:14:shell stdout: 
2016-10-16 23:37:16:sending signal using command: 'ssh -T mic0 killall -2 needle_check' after 14.1737363959s
2016-10-16 23:37:16:shell stdout: 
2016-10-16 23:37:17:no gdbExecName running, out:
2016-10-16 23:37:17:checCmd:ps -e | grep -i gdb-mic
2016-10-16 23:37:17:finished now-timestampStart < maxWaitTime*5
2016-10-16 23:37:17:now: 1476675436
2016-10-16 23:37:17:timestampStart: 1476675422
2016-10-16 23:37:17:kill cmd: killall -9 gdb-mic
2016-10-16 23:37:17:shell stdout: 
2016-10-16 23:37:17:kill cmd: ssh -T mic0 killall -9 needle_check
2016-10-16 23:37:17:shell stdout: 
2016-10-16 23:37:18:kill cmd: ssh -T mic0 killall -9 gdbserver
2016-10-16 23:37:18:shell stdout: 
2016-10-16 23:37:18:kill cmd: ssh -T mic0 killall -9 sshd
2016-10-16 23:37:18:shell stdout: 
