2016-10-18 11:29:48:Starting GDB script
2016-10-18 11:29:49:sending signal using command: 'ssh -T mic0 killall -2 hotspot_check' after 0.658049560125s
2016-10-18 11:29:49:shell stdout: 
2016-10-18 11:29:52:sending signal using command: 'ssh -T mic0 killall -2 hotspot_check' after 3.77942532257s
2016-10-18 11:29:52:shell stdout: 
2016-10-18 11:29:56:sending signal using command: 'ssh -T mic0 killall -2 hotspot_check' after 7.47947434114s
2016-10-18 11:29:56:shell stdout: 
2016-10-18 11:29:57:sending signal using command: 'ssh -T mic0 killall -2 hotspot_check' after 9.33581259498s
2016-10-18 11:29:57:shell stdout: 
2016-10-18 11:29:59:sending signal using command: 'ssh -T mic0 killall -2 hotspot_check' after 11.1064634492s
2016-10-18 11:29:59:shell stdout: 
2016-10-18 11:30:00:sending signal using command: 'ssh -T mic0 killall -2 hotspot_check' after 11.3765528659s
2016-10-18 11:30:00:shell stdout: 
2016-10-18 11:30:00:sending signal using command: 'ssh -T mic0 killall -2 hotspot_check' after 12.3441205265s
2016-10-18 11:30:00:shell stdout: 
2016-10-18 11:30:01:sending signal using command: 'ssh -T mic0 killall -2 hotspot_check' after 12.3989421009s
2016-10-18 11:30:01:shell stdout: 
2016-10-18 11:30:01:sending signal using command: 'ssh -T mic0 killall -2 hotspot_check' after 12.5126590361s
2016-10-18 11:30:01:shell stdout: 
2016-10-18 11:30:01:sending signal using command: 'ssh -T mic0 killall -2 hotspot_check' after 12.7670920357s
2016-10-18 11:30:01:shell stdout: 
2016-10-18 11:30:08:no gdbExecName running, out:
2016-10-18 11:30:08:checCmd:ps -e | grep -i gdb-mic
2016-10-18 11:30:08:finished now-timestampStart < maxWaitTime*5
2016-10-18 11:30:08:now: 1476804607
2016-10-18 11:30:08:timestampStart: 1476804588
2016-10-18 11:30:08:kill cmd: killall -9 gdb-mic
2016-10-18 11:30:08:shell stdout: 
2016-10-18 11:30:08:kill cmd: ssh -T mic0 killall -9 hotspot_check
2016-10-18 11:30:08:shell stdout: 
2016-10-18 11:30:09:kill cmd: ssh -T mic0 killall -9 gdbserver
2016-10-18 11:30:09:shell stdout: 
