2016-10-15 23:00:50:sending signal using command: 'ssh -T mic0 killall -2 needle_check' after 13.8217832774s
2016-10-15 23:00:50:shell stdout: 
2016-10-15 23:00:53:sending signal using command: 'ssh -T mic0 killall -2 needle_check' after 16.4099459615s
2016-10-15 23:00:53:shell stdout: 
2016-10-15 23:00:53:sending signal using command: 'ssh -T mic0 killall -2 needle_check' after 16.9725662649s
2016-10-15 23:00:53:shell stdout: 
2016-10-15 23:42:27:Starting GDB script
2016-10-15 23:42:29:sending signal using command: 'ssh -T mic0 killall -2 needle_check' after 2.1257225789s
2016-10-15 23:42:29:shell stdout: 
2016-10-15 23:42:30:sending signal using command: 'ssh -T mic0 killall -2 needle_check' after 3.35520312099s
2016-10-15 23:42:30:shell stdout: 
2016-10-15 23:42:32:sending signal using command: 'ssh -T mic0 killall -2 needle_check' after 4.52833982675s
2016-10-15 23:42:32:shell stdout: 
2016-10-15 23:42:33:sending signal using command: 'ssh -T mic0 killall -2 needle_check' after 5.34785625879s
2016-10-15 23:42:33:shell stdout: 
2016-10-15 23:42:35:sending signal using command: 'ssh -T mic0 killall -2 needle_check' after 7.67225527854s
2016-10-15 23:42:35:shell stdout: 
2016-10-15 23:42:36:sending signal using command: 'ssh -T mic0 killall -2 needle_check' after 8.54763077717s
2016-10-15 23:42:36:shell stdout: 
2016-10-15 23:42:37:sending signal using command: 'ssh -T mic0 killall -2 needle_check' after 9.75833627371s
2016-10-15 23:42:37:shell stdout: 
2016-10-15 23:42:38:sending signal using command: 'ssh -T mic0 killall -2 needle_check' after 10.5157615002s
2016-10-15 23:42:38:shell stdout: 
2016-10-15 23:42:41:sending signal using command: 'ssh -T mic0 killall -2 needle_check' after 13.5627741972s
2016-10-15 23:42:41:shell stdout: 
2016-10-15 23:42:44:sending signal using command: 'ssh -T mic0 killall -2 needle_check' after 16.5551649963s
2016-10-15 23:42:44:shell stdout: 
2016-10-15 23:42:59:no gdbExecName running, out:
2016-10-15 23:42:59:checCmd:ps -e | grep -i gdb-mic
2016-10-15 23:42:59:finished now-timestampStart < maxWaitTime*5
2016-10-15 23:42:59:now: 1476589378
2016-10-15 23:42:59:timestampStart: 1476589347
2016-10-15 23:42:59:kill cmd: killall -9 gdb-mic
2016-10-15 23:42:59:shell stdout: 
2016-10-15 23:43:00:kill cmd: ssh -T mic0 killall -9 needle_check
2016-10-15 23:43:00:shell stdout: 
2016-10-15 23:43:00:kill cmd: ssh -T mic0 killall -9 gdbserver
2016-10-15 23:43:00:shell stdout: 
2016-10-15 23:43:00:kill cmd: ssh -T mic0 killall -9 sshd
2016-10-15 23:43:00:shell stdout: 
