[INFO -- 2017-03-26 06:11:44]
Starting GDB script
[INFO -- 2017-03-26 06:11:44]
initSignal:0.0
[INFO -- 2017-03-26 06:11:44]
endSignal:3.0
[INFO -- 2017-03-26 06:11:44]
seqSignal:30
[INFO -- 2017-03-26 06:11:45]
sending 30 signals using command: 'ssh -T mic0 killall -2 lavamd_check' after 0.412811463529s
[INFO -- 2017-03-26 06:11:45]
shell stdout: 
[INFO -- 2017-03-26 06:11:46]
shell stdout: 
[INFO -- 2017-03-26 06:11:46]
shell stdout: 
[INFO -- 2017-03-26 06:11:46]
shell stdout: 
[INFO -- 2017-03-26 06:11:47]
sending 30 signals using command: 'ssh -T mic0 killall -2 lavamd_check' after 2.25775297767s
[INFO -- 2017-03-26 06:11:47]
shell stdout: 
[INFO -- 2017-03-26 06:11:47]
sending 30 signals using command: 'ssh -T mic0 killall -2 lavamd_check' after 2.60370874159s
[INFO -- 2017-03-26 06:11:47]
shell stdout: 
[INFO -- 2017-03-26 06:11:47]
shell stdout: 
[INFO -- 2017-03-26 06:11:48]
shell stdout: 
[INFO -- 2017-03-26 06:11:48]
shell stdout: 
[INFO -- 2017-03-26 06:11:48]
shell stdout: 
[INFO -- 2017-03-26 06:11:49]
shell stdout: 
[INFO -- 2017-03-26 06:11:49]
shell stdout: 
[INFO -- 2017-03-26 06:11:49]
shell stdout: 
[INFO -- 2017-03-26 06:11:50]
shell stdout: 
[INFO -- 2017-03-26 06:11:50]
shell stdout: 
[INFO -- 2017-03-26 06:11:50]
shell stdout: 
[INFO -- 2017-03-26 06:11:51]
shell stdout: 
[INFO -- 2017-03-26 06:11:51]
shell stdout: 
[INFO -- 2017-03-26 06:11:51]
shell stdout: 
[INFO -- 2017-03-26 06:11:52]
shell stdout: 
[INFO -- 2017-03-26 06:11:52]
shell stdout: 
[INFO -- 2017-03-26 06:11:52]
shell stdout: 
[INFO -- 2017-03-26 06:11:52]
shell stdout: 
[INFO -- 2017-03-26 06:11:52]
shell stdout: 
[INFO -- 2017-03-26 06:11:52]
shell stdout: 
[INFO -- 2017-03-26 06:11:53]
shell stdout: 
[INFO -- 2017-03-26 06:11:53]
shell stdout: 
[INFO -- 2017-03-26 06:11:53]
shell stdout: 
[INFO -- 2017-03-26 06:11:54]
shell stdout: 
[INFO -- 2017-03-26 06:11:54]
shell stdout: 
[INFO -- 2017-03-26 06:11:54]
shell stdout: 
[INFO -- 2017-03-26 06:11:54]
shell stdout: 
[INFO -- 2017-03-26 06:11:55]
shell stdout: 
[INFO -- 2017-03-26 06:11:55]
shell stdout: 
[INFO -- 2017-03-26 06:11:55]
shell stdout: 
[INFO -- 2017-03-26 06:11:55]
shell stdout: 
[INFO -- 2017-03-26 06:11:55]
shell stdout: 
[INFO -- 2017-03-26 06:11:56]
shell stdout: 
[INFO -- 2017-03-26 06:11:56]
shell stdout: 
[INFO -- 2017-03-26 06:11:56]
shell stdout: 
[INFO -- 2017-03-26 06:11:56]
shell stdout: 
[INFO -- 2017-03-26 06:11:56]
shell stdout: 
[INFO -- 2017-03-26 06:11:56]
shell stdout: 
[INFO -- 2017-03-26 06:11:57]
shell stdout: 
[INFO -- 2017-03-26 06:11:57]
shell stdout: 
[INFO -- 2017-03-26 06:11:57]
shell stdout: 
[INFO -- 2017-03-26 06:11:57]
shell stdout: 
[INFO -- 2017-03-26 06:11:57]
shell stdout: 
[INFO -- 2017-03-26 06:11:57]
shell stdout: 
[INFO -- 2017-03-26 06:11:58]
shell stdout: 
[INFO -- 2017-03-26 06:11:58]
shell stdout: 
[INFO -- 2017-03-26 06:11:58]
shell stdout: 
[INFO -- 2017-03-26 06:11:58]
shell stdout: 
[INFO -- 2017-03-26 06:11:58]
shell stdout: 
[INFO -- 2017-03-26 06:11:58]
shell stdout: 
[INFO -- 2017-03-26 06:11:59]
shell stdout: 
[INFO -- 2017-03-26 06:11:59]
shell stdout: 
[INFO -- 2017-03-26 06:11:59]
shell stdout: 
[INFO -- 2017-03-26 06:11:59]
shell stdout: 
[INFO -- 2017-03-26 06:11:59]
shell stdout: 
[INFO -- 2017-03-26 06:11:59]
shell stdout: 
[INFO -- 2017-03-26 06:11:59]
shell stdout: 
[INFO -- 2017-03-26 06:12:00]
shell stdout: 
[INFO -- 2017-03-26 06:12:00]
shell stdout: 
[INFO -- 2017-03-26 06:12:00]
shell stdout: 
[INFO -- 2017-03-26 06:12:00]
shell stdout: 
[INFO -- 2017-03-26 06:12:00]
shell stdout: 
[INFO -- 2017-03-26 06:12:01]
shell stdout: 
[INFO -- 2017-03-26 06:12:01]
shell stdout: 
[INFO -- 2017-03-26 06:12:01]
shell stdout: 
[INFO -- 2017-03-26 06:12:01]
shell stdout: 
[INFO -- 2017-03-26 06:12:01]
shell stdout: 
[INFO -- 2017-03-26 06:12:01]
shell stdout: 
[INFO -- 2017-03-26 06:12:01]
shell stdout: 
[INFO -- 2017-03-26 06:12:02]
shell stdout: 
[INFO -- 2017-03-26 06:12:02]
shell stdout: 
[INFO -- 2017-03-26 06:12:02]
shell stdout: 
[INFO -- 2017-03-26 06:12:02]
shell stdout: 
[INFO -- 2017-03-26 06:12:02]
shell stdout: 
[INFO -- 2017-03-26 06:12:02]
shell stdout: 
[INFO -- 2017-03-26 06:12:02]
shell stdout: 
[INFO -- 2017-03-26 06:12:03]
shell stdout: 
[INFO -- 2017-03-26 06:12:03]
shell stdout: 
[INFO -- 2017-03-26 06:12:03]
shell stdout: 
[INFO -- 2017-03-26 06:12:03]
shell stdout: 
[INFO -- 2017-03-26 06:12:04]
shell stdout: 
[INFO -- 2017-03-26 06:12:04]
shell stdout: 
[INFO -- 2017-03-26 06:12:04]
shell stdout: 
[INFO -- 2017-03-26 06:12:04]
shell stdout: 
[INFO -- 2017-03-26 06:12:04]
shell stdout: 
[INFO -- 2017-03-26 06:12:06]
no gdbExecName running, out:
[INFO -- 2017-03-26 06:12:06]
checCmd:ps -e | grep -i gdb-mic
[INFO -- 2017-03-26 06:12:06]
finished now-timestampStart < maxWaitTime*5
[INFO -- 2017-03-26 06:12:06]
now: 1490523125
[INFO -- 2017-03-26 06:12:06]
timestampStart: 1490523104
[INFO -- 2017-03-26 06:12:06]
kill cmd: killall -9 gdb-mic
[INFO -- 2017-03-26 06:12:06]
shell stdout: 
[INFO -- 2017-03-26 06:12:06]
kill cmd: ssh -T mic0 killall -9 lavamd_check
[INFO -- 2017-03-26 06:12:06]
shell stdout: 
[INFO -- 2017-03-26 06:12:07]
kill cmd: ssh -T mic0 killall -9 gdbserver
[INFO -- 2017-03-26 06:12:07]
shell stdout: 
[INFO -- 2017-03-26 06:12:07]
kill cmd: ssh -T mic0 killall -9 sshd
[INFO -- 2017-03-26 06:12:07]
shell stdout: 
