2017-01-22 10:39:21:Starting GDB script
2017-01-22 10:39:21:initSignal:14.0
2017-01-22 10:39:21:endSignal:21.0
2017-01-22 10:39:21:seqSignal:15
2017-01-22 10:39:40:sending 15 signals using command: 'ssh -T mic1 killall -2 dgemm_check' after 19.0706197238s
2017-01-22 10:39:41:shell stdout: 
2017-01-22 10:39:41:sending 15 signals using command: 'ssh -T mic1 killall -2 dgemm_check' after 19.8663826604s
2017-01-22 10:39:41:sending 15 signals using command: 'ssh -T mic1 killall -2 dgemm_check' after 20.2037642964s
2017-01-22 10:39:41:shell stdout: 
2017-01-22 10:39:41:shell stdout: 
2017-01-22 10:39:42:shell stdout: 
2017-01-22 10:39:42:shell stdout: 
2017-01-22 10:39:42:shell stdout: 
2017-01-22 10:39:42:shell stdout: 
2017-01-22 10:39:42:shell stdout: 
2017-01-22 10:39:42:shell stdout: 
2017-01-22 10:39:43:shell stdout: 
2017-01-22 10:39:43:shell stdout: 
2017-01-22 10:39:43:shell stdout: 
2017-01-22 10:39:43:shell stdout: 
2017-01-22 10:39:43:shell stdout: 
2017-01-22 10:39:43:shell stdout: 
2017-01-22 10:39:44:shell stdout: 
2017-01-22 10:39:44:shell stdout: 
2017-01-22 10:39:44:shell stdout: 
2017-01-22 10:39:44:shell stdout: 
2017-01-22 10:39:44:shell stdout: 
2017-01-22 10:39:44:shell stdout: 
2017-01-22 10:39:44:shell stdout: 
2017-01-22 10:39:44:shell stdout: 
2017-01-22 10:39:45:shell stdout: 
2017-01-22 10:39:45:shell stdout: 
2017-01-22 10:39:45:shell stdout: 
2017-01-22 10:39:45:shell stdout: 
2017-01-22 10:39:45:shell stdout: 
2017-01-22 10:39:45:shell stdout: 
2017-01-22 10:39:45:shell stdout: 
2017-01-22 10:39:46:shell stdout: 
2017-01-22 10:39:46:shell stdout: 
2017-01-22 10:39:46:shell stdout: 
2017-01-22 10:39:46:shell stdout: 
2017-01-22 10:39:46:shell stdout: 
2017-01-22 10:39:46:shell stdout: 
2017-01-22 10:39:47:shell stdout: 
2017-01-22 10:39:47:shell stdout: 
2017-01-22 10:39:47:shell stdout: 
2017-01-22 10:39:47:shell stdout: 
2017-01-22 10:39:47:shell stdout: 
2017-01-22 10:39:47:shell stdout: 
2017-01-22 10:39:48:shell stdout: 
2017-01-22 10:39:48:shell stdout: 
2017-01-22 10:39:48:shell stdout: 
2017-01-22 10:41:16:no gdbExecName running, out:
2017-01-22 10:41:16:checCmd:ps -e | grep -i gdb-mic
2017-01-22 10:41:16:finished now-timestampStart < maxWaitTime*5
2017-01-22 10:41:16:now: 1485099667
2017-01-22 10:41:16:timestampStart: 1485099561
2017-01-22 10:41:16:kill cmd: killall -9 gdb-mic
2017-01-22 10:41:16:shell stdout: 
2017-01-22 10:41:16:kill cmd: ssh -T mic1 killall -9 dgemm_check
2017-01-22 10:41:16:shell stdout: 
2017-01-22 10:41:17:kill cmd: ssh -T mic1 killall -9 gdbserver
2017-01-22 10:41:17:shell stdout: 
2017-01-22 10:41:17:kill cmd: ssh -T mic1 killall -9 sshd
2017-01-22 10:41:17:shell stdout: 
