[INFO -- 2017-03-14 13:56:00]
Starting flip_value script
version: 2.0
[INFO -- 2017-03-14 13:56:00]
Initialization strings:
[INFO -- 2017-03-14 13:56:01]
(1) target extended-remote | ssh -T mic0 gdbserver --multi -
[INFO -- 2017-03-14 13:56:01]
(2) set sysroot /opt/mpss/3.7/sysroots/k1om-mpss-linux/
[INFO -- 2017-03-14 13:56:01]
(3) set sysroot /opt/mpss/3.7/sysroots/k1om-mpss-linux/
[INFO -- 2017-03-14 13:56:01]
(4) file /micNfs/gdb-fault-injection/injector/bin/nw/needle_check
[INFO -- 2017-03-14 13:56:01]
(5) set remote exec-file /micNfs/gdb-fault-injection/injector/bin/nw/needle_check
[INFO -- 2017-03-14 13:56:01]
(6) set args 16394 10 228 /micNfs/gdb-fault-injection/injector/bin/nw/input_16394_th_228_pen_10 /micNfs/gdb-fault-injection/injector/bin/nw/gold_16394_th_228_pen_10
[INFO -- 2017-03-14 13:56:01]
initSignal:0
[INFO -- 2017-03-14 13:56:01]
endSignal:4
[INFO -- 2017-03-14 13:56:01]
seqSignal:30
[INFO -- 2017-03-14 13:56:01]
faultMode:2
[INFO -- 2017-03-14 13:56:01]
Backtrace BEGIN:
#0  __GI___waitpid (pid=94739, stat_loc=stat_loc@entry=0x7fffffffe208, options=options@entry=0) at ../sysdeps/unix/sysv/linux/waitpid.c:31
#1  0x00007ffff6d9d41b in do_system (line=<optimized out>) at ../sysdeps/posix/system.c:148
#2  0x00000000004036ad in update_timestamp () at ../include/log_helper.cpp:107
#3  0x0000000000403a8d in start_log_file (benchmark_name=0x7fffffffe818 "openmpNW", test_info=0x7fffffffe750 "max_rows:16394 max_cols:16394 penalty:10 omp_num_threads:228") at ../include/log_helper.cpp:196
#4  0x0000000000402a6c in runTest (argc=6, argv=0x7fffffffec08) at needle_check.cpp:296
#5  0x0000000000401595 in main (argc=6, argv=0x7fffffffec08) at needle_check.cpp:114

26	in ../sysdeps/unix/sysv/linux/waitpid.c

Backtrace END
Memory content before bitflip:0x000x000x000x000x000x000x000x00
Fault Mode: Random bit-flip
base address to flip value: 0x606cb0 
address max offset: 8
Memory content after  bitflip:0x680xf60x550x780x2e0xd20x050x4b
frame name: start_log_file
symbol name: kernel_time_acc
symbol filename: ../include/log_helper.cpp
symbol line: 62
value: 2.6125483018507832e+53
value address: 0x606cb0 <kernel_time_acc>
Type: A floating point type.
Type sizeof: 8

[INFO -- 2017-03-14 13:56:01]
Fault Injection Successful after 0.961977005005s
[INFO -- 2017-03-14 13:56:53]
event type: exit
[INFO -- 2017-03-14 13:56:53]
exit code: 0
