#HEADER max_rows:16384 max_cols:16384 penalty:10 omp_num_threads:228
#BEGIN Y:2016 M:10 D:30 Time:23:00:25
#IT Ite:0 KerTime:1.414574 AccTime:1.414574
#ERR  p: [1656, 33], r: 8388582, e: -10
#ERR  p: [2160, 84], r: 8388509, e: -10
#ERR  p: [1584, 32], r: 8388597, e: -10
#ERR  p: [2088, 26], r: 8388601, e: -7
#ERR  p: [2592, 26], r: 8388603, e: -5
#ERR  p: [1872, 63], r: 8388527, e: -10
#ERR  p: [1944, 29], r: 8388603, e: -5
#ERR  p: [1800, 29], r: 8388601, e: -7
#ERR  p: [1728, 36], r: 8388593, e: -10
#ERR  p: [72, 39], r: 8388573, e: -10
#ERR  p: [2016, 27], r: 8388600, e: -8
#ERR  p: [792, 26], r: 8388604, e: -4
#ERR  p: [288, 32], r: 8388586, e: -10
#ERR  p: [216, 41], r: 8388576, e: -10
#ERR  p: [360, 33], r: 8388577, e: -10
#ERR  p: [720, 37], r: 8388589, e: -10
#ERR  p: [504, 45], r: 8388568, e: -10
#ERR  p: [144, 58], r: 8388528, e: -10
#ERR  p: [648, 45], r: 8388587, e: 0
#ERR  p: [576, 54], r: 8388555, e: -10
#ERR  p: [1008, 69], r: 8388544, e: -9
#ERR  p: [432, 36], r: 8388595, e: -10
#ERR  p: [2736, 83], r: 8388517, e: -10
#ERR  p: [936, 77], r: 8388524, e: -10
#ERR  p: [2232, 25], r: 8388604, e: -4
#ERR  p: [1440, 27], r: 8388601, e: -7
#ERR  p: [1224, 43], r: 8388581, e: -10
#ERR  p: [1296, 25], r: 8388604, e: -4
#ERR  p: [864, 38], r: 8388600, e: -6
#ERR  p: [1152, 30], r: 8388597, e: -10
#ERR  p: [1512, 32], r: 8388595, e: -10
#ERR  p: [2304, 42], r: 8388561, e: -10
#ERR  p: [2376, 47], r: 8388570, e: -10
#ERR  p: [2448, 50], r: 8388555, e: -10
#ERR  p: [2520, 77], r: 8388507, e: -10
#ERR  p: [1368, 55], r: 8388535, e: -10
#ERR  p: [1080, 26], r: 8388610, e: 2
#ERR  p: [2808, 29], r: 8388610, e: 2
#ERR  p: [3, 25], r: 8388604, e: -4
#ERR  p: [1656, 34], r: 8388595, e: -10
#ERR  p: [2160, 85], r: 8388532, e: -9
#ERR  p: [2088, 27], r: 8388599, e: -5
#ERR  p: [1584, 33], r: 8388591, e: -10
#ERR  p: [2592, 27], r: 8388593, e: -10
#ERR  p: [1872, 64], r: 8388561, e: -4
#ERR  p: [1800, 30], r: 8388591, e: -10
#ERR  p: [1944, 30], r: 8388593, e: -10
#ERR  p: [2664, 44], r: 8388560, e: -10
#ERR  p: [1728, 37], r: 8388586, e: -10
#ERR  p: [72, 40], r: 8388577, e: -10
#ERR  p: [2016, 28], r: 8388592, e: -10
#ERR  p: [288, 33], r: 8388578, e: -10
#ERR  p: [14184, 62], r: 8388532, e: -9
#ERR  p: [14539, 80], r: 8388487, e: -10
#ERR  p: [14468, 47], r: 8388578, e: -10
#ERR  p: [14112, 70], r: 8388521, e: -10
#ERR  p: [14326, 45], r: 8388567, e: -9
#ERR  p: [13968, 49], r: 8388570, e: -10
#ERR  p: [792, 27], r: 8388594, e: -10
#ERR  p: [216, 42], r: 8388580, e: -10
#ERR  p: [360, 34], r: 8388597, e: -10
#ERR  p: [14040, 57], r: 8388550, e: -6
#ERR  p: [13896, 68], r: 8388525, e: -9
#ERR  p: [13752, 63], r: 8388532, e: -6
#ERR  p: [14894, 60], r: 8388546, e: -10
#ERR  p: [13680, 28], r: 8388606, e: -2
#ERR  p: [14397, 64], r: 8388534, e: -9
#ERR  p: [14255, 29], r: 8388597, e: -10
#ERR  p: [13824, 32], r: 8388592, e: -10
#ERR  p: [720, 38], r: 8388584, e: -10
#ERR  p: [14965, 28], r: 8388596, e: -10
#ERR  p: [14752, 47], r: 8388579, e: -5
#ERR  p: [14610, 41], r: 8388558, e: -10
#ERR  p: [14823, 39], r: 8388578, e: -10
#ERR  p: [504, 46], r: 8388593, e: -7
#ERR  p: [14681, 33], r: 8388584, e: -10
#ERR  p: [2952, 61], r: 8388525, e: -10
#ERR  p: [16172, 26], r: 8388600, e: -8
#ERR  p: [16101, 41], r: 8388577, e: -10
#ERR  p: [2880, 97], r: 8388464, e: -10
#ERR  p: [15320, 90], r: 8388463, e: -10
#ERR  p: [3024, 43], r: 8388568, e: -10
#ERR  p: [3096, 62], r: 8388503, e: -10
#ERR  p: [15888, 32], r: 8388596, e: -10
#ERR  p: [3240, 101], r: 8388463, e: -10
#ERR  p: [15036, 62], r: 8388553, e: -4
#ERR  p: [15178, 64], r: 8388542, e: -10
#ERR  p: [16314, 46], r: 8388575, e: -7
#ERR  p: [15107, 37], r: 8388575, e: -10
#ERR  p: [3312, 32], r: 8388601, e: -7
#ERR  p: [144, 59], r: 8388542, e: -10
#ERR  p: [16243, 53], r: 8388540, e: -10
#ERR  p: [15533, 37], r: 8388586, e: -6
#ERR  p: [15249, 54], r: 8388546, e: -12
#ERR  p: [15959, 28], r: 8388599, e: -9
#ERR  p: [15391, 36], r: 8388591, e: -10
#ERR  p: [15604, 35], r: 8388578, e: -10
#ERR  p: [15675, 85], r: 8388494, e: -10
#ERR  p: [15746, 45], r: 8388550, e: -10
#ERR  p: [16030, 95], r: 8388471, e: -10
#ERR  p: [15817, 27], r: 8388602, e: -6
#ERR  p: [15462, 56], r: 8388571, e: -8
#ERR  p: [3816, 57], r: 8388543, e: -7
#ERR  p: [3888, 41], r: 8388574, e: -4
#ERR  p: [7272, 37], r: 8388582, e: -6
#ERR  p: [5832, 37], r: 8388576, e: -10
#ERR  p: [576, 55], r: 8388564, e: -10
#ERR  p: [6408, 26], r: 8388604, e: -4
#ERR  p: [648, 46], r: 8388578, e: -10
#ERR  p: [4968, 33], r: 8388592, e: -10
#ERR  p: [1008, 70], r: 8388550, e: -9
#ERR  p: [1440, 28], r: 8388591, e: -10
#ERR  p: [5040, 28], r: 8388600, e: -8
#ERR  p: [6120, 29], r: 8388605, e: -3
#ERR  p: [6696, 46], r: 8388551, e: -10
#ERR  p: [6048, 77], r: 8388519, e: -10
#ERR  p: [6264, 50], r: 8388554, e: -10
#ERR  p: [432, 37], r: 8388595, e: -4
#ERR  p: [2736, 84], r: 8388541, e: -10
#ERR  p: [5904, 45], r: 8388572, e: -4
#ERR  p: [4896, 51], r: 8388544, e: -10
#ERR  p: [6336, 34], r: 8388591, e: -10
#ERR  p: [6768, 56], r: 8388561, e: -4
#ERR  p: [936, 78], r: 8388548, e: -7
#ERR  p: [5976, 26], r: 8388602, e: -6
#ERR  p: [6480, 26], r: 8388607, e: -1
#ERR  p: [2232, 26], r: 8388594, e: -10
#ERR  p: [1224, 44], r: 8388592, e: -10
#ERR  p: [4680, 58], r: 8388535, e: -4
#ERR  p: [1296, 26], r: 8388594, e: -10
#ERR  p: [5760, 64], r: 8388523, e: -10
#ERR  p: [7992, 25], r: 8388604, e: -4
#ERR  p: [6912, 120], r: 8388456, e: 3
#ERR  p: [6984, 27], r: 8388603, e: -5
#ERR  p: [7200, 49], r: 8388558, e: -10
#ERR  p: [11304, 60], r: 8388537, e: -10
#ERR  p: [7344, 55], r: 8388566, e: -6
#ERR  p: [7704, 37], r: 8388578, e: -10
#ERR  p: [6624, 42], r: 8388562, e: -10
#ERR  p: [7632, 63], r: 8388551, e: -10
#ERR  p: [10800, 31], r: 8388598, e: -9
#ERR  p: [10440, 34], r: 8388585, e: -10
#ERR  p: [7488, 29], r: 8388598, e: -10
#ERR  p: [7416, 47], r: 8388540, e: -10
#ERR  p: [10584, 47], r: 8388568, e: -10
#ERR  p: [10728, 46], r: 8388559, e: -10
#ERR  p: [7848, 32], r: 8388594, e: -9
#ERR  p: [10872, 27], r: 8388601, e: -7
#ERR  p: [6552, 38], r: 8388573, e: -10
#ERR  p: [8424, 30], r: 8388600, e: -8
#ERR  p: [6840, 52], r: 8388549, e: -10
#ERR  p: [5328, 34], r: 8388591, e: -10
#ERR  p: [5112, 67], r: 8388531, e: -6
#ERR  p: [7128, 106], r: 8388455, e: -8
#ERR  p: [7056, 39], r: 8388599, e: -6
#ERR  p: [10944, 30], r: 8388603, e: -5
#ERR  p: [4752, 40], r: 8388576, e: -10
#ERR  p: [8136, 40], r: 8388562, e: -10
#ERR  p: [11376, 45], r: 8388570, e: -10
#ERR  p: [7560, 74], r: 8388493, e: -10
#ERR  p: [4104, 75], r: 8388531, e: -10
#ERR  p: [11088, 37], r: 8388589, e: -9
#ERR  p: [13608, 36], r: 8388585, e: -10
#ERR  p: [10656, 38], r: 8388585, e: -10
#ERR  p: [13536, 46], r: 8388548, e: -10
#ERR  p: [1512, 33], r: 8388601, e: 0
#ERR  p: [5544, 129], r: 8388397, e: -10
#ERR  p: [11448, 28], r: 8388597, e: -10
#ERR  p: [11880, 29], r: 8388596, e: -10
#ERR  p: [10512, 48], r: 8388571, e: -10
#ERR  p: [11808, 51], r: 8388536, e: -10
#ERR  p: [1152, 31], r: 8388587, e: -10
#ERR  p: [5256, 48], r: 8388570, e: -10
#ERR  p: [2304, 43], r: 8388578, e: -9
#ERR  p: [3168, 34], r: 8388587, e: -10
#ERR  p: [864, 39], r: 8388590, e: -10
#ERR  p: [1368, 56], r: 8388554, e: -10
#ERR  p: [6192, 36], r: 8388598, e: -10
#ERR  p: [5184, 40], r: 8388586, e: -10
#ERR  p: [2520, 78], r: 8388511, e: -10
#ERR  p: [4176, 25], r: 8388604, e: -4
#ERR  p: [3384, 25], r: 8388604, e: -4
#ERR  p: [2376, 48], r: 8388583, e: -10
#ERR  p: [2448, 51], r: 8388570, e: -10
#ERR  p: [4032, 54], r: 8388547, e: -10
#ERR  p: [2592, 28], r: 8388584, e: -10
#ERR  p: [8856, 52], r: 8388558, e: -10
#ERR  p: [8352, 39], r: 8388582, e: -10
#ERR  p: [8784, 51], r: 8388549, e: -9
#ERR  p: [2160, 86], r: 8388542, e: -10
#ERR  p: [8208, 108], r: 8388407, e: -10
#ERR  p: [11664, 31], r: 8388594, e: -7
#ERR  p: [3, 26], r: 8388594, e: -10
#ERR  p: [1080, 27], r: 8388600, e: -8
#ERR  p: [2808, 30], r: 8388600, e: -8
#ERR  p: [1656, 35], r: 8388596, e: -5
#ERR  p: [2088, 28], r: 8388589, e: -10
#ERR  p: [1872, 65], r: 8388553, e: -10
#ERR  p: [7920, 48], r: 8388562, e: -10
#ERR  p: [8712, 31], r: 8388589, e: -10
#ERR  p: [5616, 197], r: 8388281, e: -10
#ERR  p: [11592, 44], r: 8388570, e: -9
#ERR  p: [8496, 72], r: 8388520, e: -10
#ERR  p: [5400, 51], r: 8388546, e: -10
#ERR  p: [8568, 58], r: 8388528, e: -10
#ERR  p: [1584, 34], r: 8388581, e: -10
#ERR  p: [1800, 31], r: 8388583, e: -7
#ERR  p: [11016, 65], r: 8388515, e: -10
#ERR  p: [9000, 47], r: 8388593, e: -8
#ERR  p: [8640, 35], r: 8388590, e: -9
#ERR  p: [7776, 33], r: 8388604, e: -2
#ERR  p: [14468, 48], r: 8388589, e: -4
#ERR  p: [1944, 31], r: 8388583, e: -10
#ERR  p: [1728, 38], r: 8388581, e: -10
#ERR  p: [4824, 25], r: 8388604, e: -4
#ERR  p: [2664, 45], r: 8388591, e: 1
#ERR  p: [11232, 44], r: 8388571, e: -10
#ERR  p: [2016, 29], r: 8388582, e: -10
#ERR  p: [72, 41], r: 8388567, e: -10
#ERR  p: [14539, 81], r: 8388496, e: -10
#ERR  p: [288, 34], r: 8388570, e: -10
#ERR  p: [10368, 25], r: 8388604, e: -4
#ERR  p: [14184, 63], r: 8388570, e: -9
#ERR  p: [8064, 33], r: 8388588, e: -10
#ERR  p: [216, 43], r: 8388583, e: -10
#ERR  p: [14752, 48], r: 8388590, e: -8
#ERR  p: [14040, 58], r: 8388569, e: -3
#ERR  p: [8928, 62], r: 8388525, e: -10
#ERR  p: [14112, 71], r: 8388537, e: -10
#ERR  p: [13896, 69], r: 8388524, e: -10
#ERR  p: [14326, 46], r: 8388559, e: -10
#ERR  p: [9144, 32], r: 8388583, e: -10
#ERR  p: [13968, 50], r: 8388562, e: -10
#ERR  p: [11160, 60], r: 8388521, e: -10
#ERR  p: [9288, 31], r: 8388593, e: -10
#ERR  p: [13752, 64], r: 8388544, e: -10
#ERR  p: [10224, 101], r: 8388449, e: -10
#ERR  p: [792, 28], r: 8388588, e: -6
#ERR  p: [3960, 77], r: 8388489, e: -10
#ERR  p: [360, 35], r: 8388592, e: -8
#ERR  p: [4608, 30], r: 8388600, e: -7
#ERR  p: [10152, 33], r: 8388589, e: -9
#ERR  p: [5688, 41], r: 8388581, e: -7
#ERR  p: [13680, 29], r: 8388596, e: -10
#ERR  p: [14894, 61], r: 8388543, e: -10
#ERR  p: [9936, 75], r: 8388509, e: -10
#ERR  p: [3744, 38], r: 8388579, e: -10
#ERR  p: [14397, 65], r: 8388542, e: -8
#ERR  p: [3528, 27], r: 8388600, e: -8
#ERR  p: [720, 39], r: 8388574, e: -10
#ERR  p: [4392, 86], r: 8388503, e: -8
#ERR  p: [4464, 28], r: 8388604, e: -4
#ERR  p: [10008, 37], r: 8388580, e: -10
#ERR  p: [4248, 67], r: 8388511, e: -10
#ERR  p: [10296, 44], r: 8388569, e: -10
#ERR  p: [14255, 30], r: 8388592, e: -10
#ERR  p: [14681, 34], r: 8388594, e: -10
#ERR  p: [9360, 79], r: 8388487, e: -10
#ERR  p: [16172, 27], r: 8388590, e: -10
#ERR  p: [9792, 31], r: 8388598, e: -10
#ERR  p: [16101, 42], r: 8388600, e: -2
#ERR  p: [15320, 91], r: 8388481, e: -10
#ERR  p: [14823, 40], r: 8388585, e: -8
#ERR  p: [9072, 54], r: 8388578, e: -10
#ERR  p: [9576, 46], r: 8388581, e: -10
#ERR  p: [14965, 29], r: 8388603, e: -5
#ERR  p: [8280, 29], r: 8388597, e: -10
#ERR  p: [9216, 26], r: 8388603, e: -5
#ERR  p: [14610, 42], r: 8388575, e: -10
#ERR  p: [504, 47], r: 8388585, e: -10
#ERR  p: [13824, 33], r: 8388587, e: -10
#ERR  p: [2952, 62], r: 8388533, e: -10
#ERR  p: [2880, 98], r: 8388491, e: -10
#ERR  p: [4536, 52], r: 8388547, e: -10
#ERR  p: [3024, 44], r: 8388582, e: -7
#ERR  p: [3240, 102], r: 8388469, e: -10
#ERR  p: [3096, 63], r: 8388526, e: -10
#ERR  p: [15888, 33], r: 8388590, e: -10
#ERR  p: [9432, 28], r: 8388601, e: -7
#ERR  p: [9720, 62], r: 8388538, e: -7
#ERR  p: [9864, 32], r: 8388594, e: -7
#ERR  p: [9648, 114], r: 8388427, e: -10
#ERR  p: [9504, 27], r: 8388601, e: -7
#ERR  p: [15036, 63], r: 8388556, e: -10
#ERR  p: [13320, 76], r: 8388546, e: -10
#ERR  p: [13032, 45], r: 8388604, e: -4
#ERR  p: [12600, 38], r: 8388566, e: -10
#ERR  p: [16314, 47], r: 8388570, e: -10
#ERR  p: [15178, 65], r: 8388552, e: -10
#ERR  p: [15107, 38], r: 8388587, e: -10
#ERR  p: [13392, 32], r: 8388600, e: -8
#ERR  p: [3312, 33], r: 8388596, e: -8
#ERR  p: [12528, 55], r: 8388558, e: -10
#ERR  p: [12240, 35], r: 8388604, e: -4
#ERR  p: [11952, 34], r: 8388593, e: -10
#ERR  p: [3456, 32], r: 8388598, e: -10
#ERR  p: [11736, 31], r: 8388597, e: -10
#ERR  p: [11520, 30], r: 8388599, e: -9
#ERR  p: [144, 60], r: 8388544, e: -10
#ERR  p: [12456, 58], r: 8388538, e: -7
#ERR  p: [13176, 29], r: 8388605, e: -3
#ERR  p: [4320, 48], r: 8388558, e: -10
#ERR  p: [16243, 54], r: 8388564, e: 2
#ERR  p: [12312, 45], r: 8388598, e: -3
#ERR  p: [15959, 29], r: 8388593, e: -9
#ERR  p: [15391, 37], r: 8388584, e: -10
#ERR  p: [15533, 38], r: 8388588, e: -10
#ERR  p: [15249, 55], r: 8388554, e: -7
#ERR  p: [10080, 79], r: 8388498, e: -10
#ERR  p: [13464, 37], r: 8388568, e: -10
#ERR  p: [13248, 57], r: 8388538, e: -6
#ERR  p: [5472, 62], r: 8388533, e: -9
#ERR  p: [12096, 55], r: 8388541, e: -10
#ERR  p: [3600, 62], r: 8388521, e: -10
#ERR  p: [15604, 36], r: 8388585, e: -10
#ERR  p: [12960, 25], r: 8388611, e: 3
#ERR  p: [13104, 29], r: 8388596, e: -10
#ERR  p: [12168, 46], r: 8388556, e: -10
#ERR  p: [12024, 26], r: 8388601, e: -7
#ERR  p: [15746, 46], r: 8388569, e: -10
#ERR  p: [15675, 86], r: 8388509, e: -10
#ERR  p: [16030, 96], r: 8388485, e: -10
#ERR  p: [15817, 28], r: 8388592, e: -10
#ERR  p: [15462, 57], r: 8388575, e: -10
#ERR  p: [3, 27], r: 8388584, e: -10
#ERR  p: [360, 36], r: 8388582, e: -10
#ERR  p: [72, 42], r: 8388560, e: -10
#ERR  p: [4968, 34], r: 8388600, e: -8
#ERR  p: [6696, 47], r: 8388579, e: -5
#ERR  p: [432, 38], r: 8388585, e: -10
#ERR  p: [8784, 52], r: 8388561, e: -10
#ERR  p: [4824, 26], r: 8388594, e: -10
#ERR  p: [648, 47], r: 8388570, e: -10
#ERR  p: [11808, 52], r: 8388565, e: -10
#ERR  p: [576, 56], r: 8388562, e: -4
#ERR  p: [864, 40], r: 8388583, e: -9
#ERR  p: [936, 79], r: 8388556, e: -9
#ERR  p: [216, 44], r: 8388584, e: -7
#ERR  p: [1008, 71], r: 8388573, e: -6
#ERR  p: [288, 35], r: 8388560, e: -10
#ERR  p: [1152, 32], r: 8388579, e: -10
#ERR  p: [1224, 45], r: 8388582, e: -10
#ERR  p: [1296, 27], r: 8388584, e: -10
#ERR  p: [1368, 57], r: 8388567, e: -10
#ERR  p: [1440, 29], r: 8388583, e: -10
#ERR  p: [1512, 34], r: 8388591, e: -8
#ERR  p: [2160, 87], r: 8388547, e: -8
#ERR  p: [2232, 27], r: 8388584, e: -10
#ERR  p: [2304, 44], r: 8388571, e: -10
#ERR  p: [2376, 49], r: 8388577, e: -10
#ERR  p: [2448, 52], r: 8388561, e: -10
#ERR  p: [2520, 79], r: 8388527, e: -6
#ERR  p: [2592, 29], r: 8388574, e: -10
#ERR  p: [2736, 85], r: 8388535, e: -10
#ERR  p: [3168, 35], r: 8388587, e: -7
#ERR  p: [3384, 26], r: 8388594, e: -10
#ERR  p: [3672, 59], r: 8388544, e: -9
#ERR  p: [1080, 28], r: 8388590, e: -10
#ERR  p: [3816, 58], r: 8388551, e: -10
#ERR  p: [3888, 42], r: 8388591, e: -8
#ERR  p: [4032, 55], r: 8388565, e: -10
#ERR  p: [4176, 26], r: 8388594, e: -10
#ERR  p: [4104, 76], r: 8388540, e: -10
#ERR  p: [1872, 66], r: 8388546, e: -10
#ERR  p: [2016, 30], r: 8388606, e: -2
#ERR  p: [2088, 29], r: 8388579, e: -5
#ERR  p: [1656, 36], r: 8388586, e: -10
#ERR  p: [4680, 59], r: 8388540, e: -10
#ERR  p: [4752, 41], r: 8388570, e: -10
#ERR  p: [4896, 52], r: 8388562, e: -10
#ERR  p: [5040, 29], r: 8388594, e: -9
#ERR  p: [5184, 41], r: 8388579, e: -10
#ERR  p: [5112, 68], r: 8388551, e: -10
#ERR  p: [5256, 49], r: 8388588, e: -8
#ERR  p: [5328, 35], r: 8388581, e: -10
#ERR  p: [1800, 32], r: 8388573, e: -10
#ERR  p: [1728, 39], r: 8388573, e: -10
#ERR  p: [1944, 32], r: 8388575, e: -10
#ERR  p: [5544, 130], r: 8388422, e: -6
#ERR  p: [5760, 65], r: 8388536, e: -10
#ERR  p: [5832, 38], r: 8388585, e: -5
#ERR  p: [5904, 46], r: 8388573, e: -10
#ERR  p: [5976, 27], r: 8388593, e: -10
#ERR  p: [6048, 78], r: 8388538, e: -8
#ERR  p: [6120, 30], r: 8388599, e: -9
#ERR  p: [6192, 37], r: 8388598, e: -8
#ERR  p: [6264, 51], r: 8388569, e: -10
#ERR  p: [6336, 35], r: 8388585, e: -10
#ERR  p: [6408, 27], r: 8388594, e: -10
#ERR  p: [6480, 27], r: 8388597, e: -10
#ERR  p: [6552, 39], r: 8388582, e: -10
#ERR  p: [6624, 43], r: 8388568, e: -9
#ERR  p: [13752, 65], r: 8388535, e: -10
#ERR  p: [6768, 57], r: 8388562, e: -9
#ERR  p: [6840, 53], r: 8388560, e: -10
#ERR  p: [6912, 121], r: 8388469, e: -7
#ERR  p: [6984, 28], r: 8388594, e: -10
#ERR  p: [7056, 40], r: 8388589, e: -10
#ERR  p: [7128, 107], r: 8388477, e: -10
#ERR  p: [7200, 50], r: 8388573, e: -8
#ERR  p: [7272, 38], r: 8388592, e: -10
#ERR  p: [7416, 48], r: 8388567, e: -10
#ERR  p: [7344, 56], r: 8388556, e: -10
#ERR  p: [7632, 64], r: 8388564, e: -7
#ERR  p: [7560, 75], r: 8388524, e: -10
#ERR  p: [7488, 30], r: 8388588, e: -10
#ERR  p: [2664, 46], r: 8388581, e: -9
#ERR  p: [1584, 35], r: 8388571, e: -10
#ERR  p: [7704, 38], r: 8388594, e: -10
#ERR  p: [7848, 33], r: 8388589, e: -10
#ERR  p: [8136, 41], r: 8388581, e: -9
#ERR  p: [8208, 109], r: 8388441, e: -8
#ERR  p: [7992, 26], r: 8388594, e: -10
#ERR  p: [8352, 40], r: 8388598, e: -7
#ERR  p: [8424, 31], r: 8388594, e: -5
#ERR  p: [2808, 31], r: 8388598, e: -2
#ERR  p: [8856, 53], r: 8388565, e: -10
#ERR  p: [792, 29], r: 8388578, e: -10
#ERR  p: [4464, 29], r: 8388594, e: -10
#ERR  p: [4608, 31], r: 8388594, e: -7
#ERR  p: [4392, 87], r: 8388497, e: -10
#ERR  p: [720, 40], r: 8388569, e: -10
#ERR  p: [5400, 52], r: 8388559, e: -10
#ERR  p: [7920, 49], r: 8388585, e: -10
#ERR  p: [8064, 34], r: 8388584, e: -10
#ERR  p: [5616, 198], r: 8388335, e: -5
#ERR  p: [7776, 34], r: 8388594, e: -8
#ERR  p: [10440, 35], r: 8388591, e: -10
#ERR  p: [10512, 49], r: 8388581, e: -10
#ERR  p: [10656, 39], r: 8388577, e: -10
#ERR  p: [10800, 32], r: 8388588, e: -10
#ERR  p: [10728, 47], r: 8388573, e: -10
#ERR  p: [8568, 59], r: 8388544, e: -10
#ERR  p: [10872, 28], r: 8388591, e: -10
#ERR  p: [10944, 31], r: 8388595, e: -9
#ERR  p: [8496, 73], r: 8388535, e: -10
#ERR  p: [8712, 32], r: 8388583, e: -10
#ERR  p: [11088, 38], r: 8388581, e: -10
#ERR  p: [9000, 48], r: 8388597, e: -6
#ERR  p: [11304, 61], r: 8388546, e: -10
#ERR  p: [3528, 28], r: 8388593, e: -10
#ERR  p: [8928, 63], r: 8388543, e: -10
#ERR  p: [8640, 36], r: 8388580, e: -10
#ERR  p: [11448, 29], r: 8388588, e: -10
#ERR  p: [3744, 39], r: 8388580, e: -4
#ERR  p: [11664, 32], r: 8388594, e: -9
#ERR  p: [9288, 32], r: 8388585, e: -10
#ERR  p: [9144, 33], r: 8388589, e: -10
#ERR  p: [11880, 30], r: 8388588, e: -10
#ERR  p: [504, 48], r: 8388575, e: -10
#ERR  p: [3960, 78], r: 8388505, e: -10
#ERR  p: [12672, 26], r: 8388605, e: -3
#ERR  p: [12744, 74], r: 8388495, e: -10
#ERR  p: [12816, 32], r: 8388592, e: -10
#ERR  p: [10008, 38], r: 8388586, e: -10
#ERR  p: [4248, 68], r: 8388518, e: -10
#ERR  p: [10152, 34], r: 8388594, e: -10
#ERR  p: [12888, 28], r: 8388599, e: -9
#ERR  p: [10224, 102], r: 8388466, e: -5
#ERR  p: [5688, 42], r: 8388578, e: -10
#ERR  p: [13536, 47], r: 8388576, e: -9
#ERR  p: [13608, 37], r: 8388586, e: -10
#ERR  p: [9936, 76], r: 8388535, e: -10
#ERR  p: [10368, 26], r: 8388594, e: -10
#ERR  p: [10584, 48], r: 8388568, e: -10
#ERR  p: [11016, 66], r: 8388524, e: -10
#ERR  p: [2880, 99], r: 8388501, e: -10
#ERR  p: [11232, 45], r: 8388584, e: -10
#ERR  p: [11376, 46], r: 8388567, e: -10
#ERR  p: [11160, 61], r: 8388532, e: -10
#ERR  p: [11592, 45], r: 8388583, e: -10
#ERR  p: [2952, 63], r: 8388535, e: -10
#ERR  p: [3024, 45], r: 8388579, e: -9
#ERR  p: [12384, 34], r: 8388589, e: -10
#ERR  p: [3096, 64], r: 8388542, e: -10
#ERR  p: [13680, 30], r: 8388587, e: -10
#ERR  p: [14112, 72], r: 8388540, e: -10
#ERR  p: [13968, 51], r: 8388561, e: -10
#ERR  p: [14040, 59], r: 8388566, e: -10
#ERR  p: [14326, 47], r: 8388562, e: -10
#ERR  p: [14397, 66], r: 8388532, e: -10
#ERR  p: [14468, 49], r: 8388579, e: -10
#ERR  p: [14539, 82], r: 8388508, e: -10
#ERR  p: [13896, 70], r: 8388524, e: -10
#ERR  p: [14184, 64], r: 8388576, e: -9
#ERR  p: [14752, 49], r: 8388582, e: -10
#ERR  p: [14894, 62], r: 8388555, e: -10
#ERR  p: [9576, 47], r: 8388583, e: -8
#ERR  p: [9216, 27], r: 8388593, e: -10
#ERR  p: [9648, 115], r: 8388467, e: -9
#ERR  p: [9432, 29], r: 8388593, e: -10
#ERR  p: [9720, 63], r: 8388535, e: -10
#ERR  p: [8280, 30], r: 8388587, e: -10
#ERR  p: [3240, 103], r: 8388477, e: -10
#ERR  p: [9792, 32], r: 8388592, e: -10
#ERR  p: [9360, 80], r: 8388521, e: -10
#ERR  p: [9072, 55], r: 8388578, e: -8
#ERR  p: [9504, 28], r: 8388591, e: -10
#ERR  p: [10296, 45], r: 8388577, e: -10
#ERR  p: [4536, 53], r: 8388561, e: -10
