2016-10-16 00:31:41:Starting GDB script
2016-10-16 00:31:42:sending signal using command: 'ssh -T mic0 killall -2 lavamd' after 0.103760314096s
2016-10-16 00:31:42:shell stdout: 
2016-10-16 00:31:42:sending signal using command: 'ssh -T mic0 killall -2 lavamd' after 0.551966735344s
2016-10-16 00:31:42:shell stdout: 
2016-10-16 00:31:42:sending signal using command: 'ssh -T mic0 killall -2 lavamd' after 0.591443366885s
2016-10-16 00:31:42:shell stdout: 
2016-10-16 00:31:43:sending signal using command: 'ssh -T mic0 killall -2 lavamd' after 1.45734588962s
2016-10-16 00:31:43:shell stdout: 
2016-10-16 00:31:44:sending signal using command: 'ssh -T mic0 killall -2 lavamd' after 2.23291097067s
2016-10-16 00:31:44:shell stdout: 
2016-10-16 00:31:44:sending signal using command: 'ssh -T mic0 killall -2 lavamd' after 2.40750339203s
2016-10-16 00:31:44:shell stdout: 
2016-10-16 00:31:46:sending signal using command: 'ssh -T mic0 killall -2 lavamd' after 4.37015848333s
2016-10-16 00:31:46:shell stdout: 
2016-10-16 00:31:49:sending signal using command: 'ssh -T mic0 killall -2 lavamd' after 7.46440592509s
2016-10-16 00:31:49:shell stdout: 
2016-10-16 00:31:50:sending signal using command: 'ssh -T mic0 killall -2 lavamd' after 7.97357923103s
2016-10-16 00:31:50:shell stdout: 
2016-10-16 00:31:50:sending signal using command: 'ssh -T mic0 killall -2 lavamd' after 8.41470344654s
2016-10-16 00:31:50:shell stdout: 
2016-10-16 00:31:55:no gdbExecName running, out:
2016-10-16 00:31:55:checCmd:ps -e | grep -i gdb-mic
2016-10-16 00:31:55:finished now-timestampStart < maxWaitTime*5
2016-10-16 00:31:55:now: 1476592314
2016-10-16 00:31:55:timestampStart: 1476592301
2016-10-16 00:31:55:kill cmd: killall -9 gdb-mic
2016-10-16 00:31:55:shell stdout: 
2016-10-16 00:31:55:kill cmd: ssh -T mic0 killall -9 lavamd
2016-10-16 00:31:55:shell stdout: 
2016-10-16 00:31:55:kill cmd: ssh -T mic0 killall -9 gdbserver
2016-10-16 00:31:55:shell stdout: 
2016-10-16 00:31:56:kill cmd: ssh -T mic0 killall -9 sshd
2016-10-16 00:31:56:shell stdout: 
