[INFO -- 2017-03-25 23:18:33]
Starting GDB script
[INFO -- 2017-03-25 23:18:33]
initSignal:0.0
[INFO -- 2017-03-25 23:18:33]
endSignal:3.0
[INFO -- 2017-03-25 23:18:33]
seqSignal:30
[INFO -- 2017-03-25 23:18:33]
sending 30 signals using command: 'ssh -T mic0 killall -2 lavamd_check' after 0.509574741597s
[INFO -- 2017-03-25 23:18:34]
shell stdout: 
[INFO -- 2017-03-25 23:18:34]
shell stdout: 
[INFO -- 2017-03-25 23:18:34]
shell stdout: 
[INFO -- 2017-03-25 23:18:35]
shell stdout: 
[INFO -- 2017-03-25 23:18:35]
sending 30 signals using command: 'ssh -T mic0 killall -2 lavamd_check' after 2.10500226987s
[INFO -- 2017-03-25 23:18:35]
sending 30 signals using command: 'ssh -T mic0 killall -2 lavamd_check' after 2.29635560811s
[INFO -- 2017-03-25 23:18:35]
shell stdout: 
[INFO -- 2017-03-25 23:18:35]
shell stdout: 
[INFO -- 2017-03-25 23:18:35]
shell stdout: 
[INFO -- 2017-03-25 23:18:36]
shell stdout: 
[INFO -- 2017-03-25 23:18:36]
shell stdout: 
[INFO -- 2017-03-25 23:18:36]
shell stdout: 
[INFO -- 2017-03-25 23:18:36]
shell stdout: 
[INFO -- 2017-03-25 23:18:36]
shell stdout: 
[INFO -- 2017-03-25 23:18:36]
shell stdout: 
[INFO -- 2017-03-25 23:18:37]
shell stdout: 
[INFO -- 2017-03-25 23:18:37]
shell stdout: 
[INFO -- 2017-03-25 23:18:37]
shell stdout: 
[INFO -- 2017-03-25 23:18:37]
shell stdout: 
[INFO -- 2017-03-25 23:18:37]
shell stdout: 
[INFO -- 2017-03-25 23:18:37]
shell stdout: 
[INFO -- 2017-03-25 23:18:38]
shell stdout: 
[INFO -- 2017-03-25 23:18:38]
shell stdout: 
[INFO -- 2017-03-25 23:18:38]
shell stdout: 
[INFO -- 2017-03-25 23:18:39]
shell stdout: 
[INFO -- 2017-03-25 23:18:39]
shell stdout: 
[INFO -- 2017-03-25 23:18:39]
shell stdout: 
[INFO -- 2017-03-25 23:18:40]
shell stdout: 
[INFO -- 2017-03-25 23:18:40]
shell stdout: 
[INFO -- 2017-03-25 23:18:40]
shell stdout: 
[INFO -- 2017-03-25 23:18:41]
shell stdout: 
[INFO -- 2017-03-25 23:18:41]
shell stdout: 
[INFO -- 2017-03-25 23:18:41]
shell stdout: 
[INFO -- 2017-03-25 23:18:42]
shell stdout: 
[INFO -- 2017-03-25 23:18:42]
shell stdout: 
[INFO -- 2017-03-25 23:18:42]
shell stdout: 
[INFO -- 2017-03-25 23:18:43]
shell stdout: 
[INFO -- 2017-03-25 23:18:43]
shell stdout: 
[INFO -- 2017-03-25 23:18:43]
shell stdout: 
[INFO -- 2017-03-25 23:18:43]
shell stdout: 
[INFO -- 2017-03-25 23:18:43]
shell stdout: 
[INFO -- 2017-03-25 23:18:43]
shell stdout: 
[INFO -- 2017-03-25 23:18:44]
shell stdout: 
[INFO -- 2017-03-25 23:18:44]
shell stdout: 
[INFO -- 2017-03-25 23:18:44]
shell stdout: 
[INFO -- 2017-03-25 23:18:45]
shell stdout: 
[INFO -- 2017-03-25 23:18:45]
shell stdout: 
[INFO -- 2017-03-25 23:18:45]
shell stdout: 
[INFO -- 2017-03-25 23:18:46]
shell stdout: 
[INFO -- 2017-03-25 23:18:46]
shell stdout: 
[INFO -- 2017-03-25 23:18:46]
shell stdout: 
[INFO -- 2017-03-25 23:18:46]
shell stdout: 
[INFO -- 2017-03-25 23:18:46]
shell stdout: 
[INFO -- 2017-03-25 23:18:46]
shell stdout: 
[INFO -- 2017-03-25 23:18:47]
shell stdout: 
[INFO -- 2017-03-25 23:18:47]
shell stdout: 
[INFO -- 2017-03-25 23:18:47]
shell stdout: 
[INFO -- 2017-03-25 23:18:47]
shell stdout: 
[INFO -- 2017-03-25 23:18:47]
shell stdout: 
[INFO -- 2017-03-25 23:18:47]
shell stdout: 
[INFO -- 2017-03-25 23:18:48]
shell stdout: 
[INFO -- 2017-03-25 23:18:48]
shell stdout: 
[INFO -- 2017-03-25 23:18:48]
shell stdout: 
[INFO -- 2017-03-25 23:18:48]
shell stdout: 
[INFO -- 2017-03-25 23:18:48]
shell stdout: 
[INFO -- 2017-03-25 23:18:48]
shell stdout: 
[INFO -- 2017-03-25 23:18:48]
shell stdout: 
[INFO -- 2017-03-25 23:18:49]
shell stdout: 
[INFO -- 2017-03-25 23:18:49]
shell stdout: 
[INFO -- 2017-03-25 23:18:49]
shell stdout: 
[INFO -- 2017-03-25 23:18:49]
shell stdout: 
[INFO -- 2017-03-25 23:18:49]
shell stdout: 
[INFO -- 2017-03-25 23:18:49]
shell stdout: 
[INFO -- 2017-03-25 23:18:50]
shell stdout: 
[INFO -- 2017-03-25 23:18:50]
shell stdout: 
[INFO -- 2017-03-25 23:18:50]
shell stdout: 
[INFO -- 2017-03-25 23:18:50]
shell stdout: 
[INFO -- 2017-03-25 23:18:50]
shell stdout: 
[INFO -- 2017-03-25 23:18:50]
shell stdout: 
[INFO -- 2017-03-25 23:18:50]
shell stdout: 
[INFO -- 2017-03-25 23:18:50]
shell stdout: 
[INFO -- 2017-03-25 23:18:51]
shell stdout: 
[INFO -- 2017-03-25 23:18:51]
shell stdout: 
[INFO -- 2017-03-25 23:18:51]
shell stdout: 
[INFO -- 2017-03-25 23:18:51]
shell stdout: 
[INFO -- 2017-03-25 23:18:51]
shell stdout: 
[INFO -- 2017-03-25 23:18:51]
shell stdout: 
[INFO -- 2017-03-25 23:18:52]
shell stdout: 
[INFO -- 2017-03-25 23:18:52]
shell stdout: 
[INFO -- 2017-03-25 23:18:52]
shell stdout: 
[INFO -- 2017-03-25 23:18:52]
shell stdout: 
[INFO -- 2017-03-25 23:18:52]
shell stdout: 
[INFO -- 2017-03-25 23:18:58]
no gdbExecName running, out:
[INFO -- 2017-03-25 23:18:58]
checCmd:ps -e | grep -i gdb-mic
[INFO -- 2017-03-25 23:18:58]
finished now-timestampStart < maxWaitTime*5
[INFO -- 2017-03-25 23:18:58]
now: 1490498337
[INFO -- 2017-03-25 23:18:58]
timestampStart: 1490498313
[INFO -- 2017-03-25 23:18:58]
kill cmd: killall -9 gdb-mic
[INFO -- 2017-03-25 23:18:58]
shell stdout: 
[INFO -- 2017-03-25 23:18:59]
kill cmd: ssh -T mic0 killall -9 lavamd_check
[INFO -- 2017-03-25 23:18:59]
shell stdout: 
[INFO -- 2017-03-25 23:18:59]
kill cmd: ssh -T mic0 killall -9 gdbserver
[INFO -- 2017-03-25 23:18:59]
shell stdout: 
[INFO -- 2017-03-25 23:18:59]
kill cmd: ssh -T mic0 killall -9 sshd
[INFO -- 2017-03-25 23:18:59]
shell stdout: 
