[INFO -- 2017-03-02 11:37:53]
Starting GDB script
[INFO -- 2017-03-02 11:37:53]
initSignal:35.0
[INFO -- 2017-03-02 11:37:53]
endSignal:40.0
[INFO -- 2017-03-02 11:37:53]
seqSignal:20
[INFO -- 2017-03-02 11:38:29]
sending 20 signals using command: 'ssh -T mic0 killall -2 clamr_openmponly' after 36.3824082041s
[INFO -- 2017-03-02 11:38:30]
shell stdout: 
[INFO -- 2017-03-02 11:38:30]
shell stdout: 
[INFO -- 2017-03-02 11:38:31]
shell stdout: 
[INFO -- 2017-03-02 11:38:31]
shell stdout: 
[INFO -- 2017-03-02 11:38:31]
sending 20 signals using command: 'ssh -T mic0 killall -2 clamr_openmponly' after 38.163827708s
[INFO -- 2017-03-02 11:38:31]
shell stdout: 
[INFO -- 2017-03-02 11:38:32]
shell stdout: 
[INFO -- 2017-03-02 11:38:32]
shell stdout: 
[INFO -- 2017-03-02 11:38:32]
shell stdout: 
[INFO -- 2017-03-02 11:38:32]
shell stdout: 
[INFO -- 2017-03-02 11:38:32]
shell stdout: 
[INFO -- 2017-03-02 11:38:33]
shell stdout: 
[INFO -- 2017-03-02 11:38:33]
shell stdout: 
[INFO -- 2017-03-02 11:38:33]
shell stdout: 
[INFO -- 2017-03-02 11:38:33]
shell stdout: 
[INFO -- 2017-03-02 11:38:33]
shell stdout: 
[INFO -- 2017-03-02 11:38:33]
shell stdout: 
[INFO -- 2017-03-02 11:38:34]
shell stdout: 
[INFO -- 2017-03-02 11:38:34]
shell stdout: 
[INFO -- 2017-03-02 11:38:34]
shell stdout: 
[INFO -- 2017-03-02 11:38:34]
shell stdout: 
[INFO -- 2017-03-02 11:38:35]
shell stdout: 
[INFO -- 2017-03-02 11:38:35]
shell stdout: 
[INFO -- 2017-03-02 11:38:35]
shell stdout: 
[INFO -- 2017-03-02 11:38:35]
shell stdout: 
[INFO -- 2017-03-02 11:38:35]
shell stdout: 
[INFO -- 2017-03-02 11:38:35]
shell stdout: 
[INFO -- 2017-03-02 11:38:36]
shell stdout: 
[INFO -- 2017-03-02 11:38:36]
shell stdout: 
[INFO -- 2017-03-02 11:38:36]
shell stdout: 
[INFO -- 2017-03-02 11:38:36]
shell stdout: 
[INFO -- 2017-03-02 11:38:37]
shell stdout: 
[INFO -- 2017-03-02 11:38:37]
shell stdout: 
[INFO -- 2017-03-02 11:38:37]
shell stdout: 
[INFO -- 2017-03-02 11:38:37]
shell stdout: 
[INFO -- 2017-03-02 11:38:37]
shell stdout: 
[INFO -- 2017-03-02 11:38:37]
shell stdout: 
[INFO -- 2017-03-02 11:38:38]
shell stdout: 
[INFO -- 2017-03-02 11:38:38]
shell stdout: 
[INFO -- 2017-03-02 11:38:39]
shell stdout: 
[INFO -- 2017-03-02 11:38:39]
shell stdout: 
[INFO -- 2017-03-02 11:45:20]
finished due now-timestampStart > maxWaitTime*5
[INFO -- 2017-03-02 11:45:20]
now: 1488473120
[INFO -- 2017-03-02 11:45:20]
timestampStart: 1488472673
[INFO -- 2017-03-02 11:45:20]
kill cmd: killall -9 gdb-mic
[INFO -- 2017-03-02 11:45:20]
shell stdout: 
[INFO -- 2017-03-02 11:45:20]
kill cmd: ssh -T mic0 killall -9 clamr_openmponly
[INFO -- 2017-03-02 11:45:20]
shell stdout: 
[INFO -- 2017-03-02 11:45:21]
kill cmd: ssh -T mic0 killall -9 gdbserver
[INFO -- 2017-03-02 11:45:21]
shell stdout: 
[INFO -- 2017-03-02 11:45:21]
kill cmd: ssh -T mic0 killall -9 sshd
[INFO -- 2017-03-02 11:45:21]
shell stdout: 
