#HEADER matrix_dim:2048 threads:228 block_size:16 block_offset:12
#BEGIN Y:2017 M:01 D:25 Time:11:51:57
#IT Ite:0 KerTime:41.900854 AccTime:41.900854
#ERR  p: [224, 6], r: -1.6677177601303677e+34, e: -1.7911098573808513e+34
#ERR  p: [224, 9], r: 1.9549488614035224e+34, e: 1.9599377838059411e+34
#ERR  p: [225, 6], r: -7.4664199856803194e+33, e: -8.3930861209748441e+33
#ERR  p: [225, 9], r: -5.7464558982876721e+33, e: -5.7089894353216628e+33
#ERR  p: [226, 6], r: -4.2780349329303493e+34, e: -4.4176986385232926e+34
#ERR  p: [226, 9], r: -3.6129633276068126e+34, e: -3.6073165203544578e+34
#ERR  p: [227, 6], r: -8.2121360237097796e+33, e: -8.3651335033340632e+33
#ERR  p: [227, 9], r: -1.7345736174981578e+33, e: -1.7283877063205406e+33
#ERR  p: [228, 6], r: 7.4360938147465738e+33, e: 8.2840969669525544e+33
#ERR  p: [228, 9], r: -2.0648731849120100e+34, e: -2.0683017852986079e+34
#ERR  p: [229, 6], r: -3.3388469569038790e+34, e: -3.4571450434000659e+34
#ERR  p: [229, 9], r: 2.2147261084910413e+34, e: 2.2195090726113935e+34
#ERR  p: [230, 6], r: -3.1976545103418397e+34, e: -3.1069488714681288e+34
#ERR  p: [230, 9], r: -4.1035125235971225e+34, e: -4.1071798848292133e+34
#ERR  p: [231, 6], r: -6.5736569407405819e+33, e: -6.3795197496195651e+33
#ERR  p: [231, 9], r: -1.7824458797310260e+34, e: -1.7832308047007021e+34
#ERR  p: [232, 6], r: -5.3116391747699772e+33, e: -5.0040906582123550e+33
#ERR  p: [232, 9], r: 4.4859317960329748e+34, e: 4.4846883325387361e+34
#ERR  p: [233, 6], r: 1.8511549406353579e+34, e: 1.7262314192022067e+34
#ERR  p: [233, 9], r: -1.5327862778345651e+34, e: -1.5277354377195646e+34
#ERR  p: [234, 6], r: 1.6347923143930684e+34, e: 1.6737470547339430e+34
#ERR  p: [234, 9], r: 1.3289843922923009e+34, e: 1.3274093953427603e+34
#ERR  p: [235, 6], r: -2.1048161653617882e+34, e: -1.9591814509689017e+34
#ERR  p: [235, 9], r: -3.2031383776695456e+34, e: -3.2090266015136510e+34
#ERR  p: [236, 6], r: 6.1928356077148551e+33, e: 6.4471399848823836e+33
#ERR  p: [236, 9], r: 5.8724635505350914e+33, e: 5.8621816537803153e+33
#ERR  p: [237, 6], r: 9.3268514182875869e+33, e: 8.2510468198063619e+33
#ERR  p: [237, 9], r: 2.7309619246472948e+34, e: 2.7353115594955399e+34
#ERR  p: [238, 6], r: 2.2707299656914979e+34, e: 2.3392059783805941e+34
#ERR  p: [238, 9], r: 5.7772417851350655e+32, e: 5.5003832817582765e+32
#ERR  p: [239, 6], r: 1.1538731426546838e+34, e: 1.2232236956981299e+34
#ERR  p: [239, 9], r: 1.3051380473546383e+34, e: 1.3023341033792294e+34
#ERR  p: [224, 7], r: -5.8972165976749742e+34, e: -6.0145087594726358e+34
#ERR  p: [224, 10], r: -1.1016443596414786e+34, e: -9.8924097488872144e+33
#ERR  p: [225, 7], r: 4.8049163846996811e+33, e: 3.9240603437107733e+33
#ERR  p: [225, 10], r: 1.5401043854569835e+34, e: 1.6245185517316823e+34
#ERR  p: [226, 7], r: -1.9078682887683507e+34, e: -2.0406276657356975e+34
#ERR  p: [226, 10], r: -1.4678361184762756e+34, e: -1.3406101973227384e+34
#ERR  p: [227, 7], r: -3.9319956274205086e+34, e: -3.9465390264992176e+34
#ERR  p: [227, 10], r: -2.5961248598627327e+34, e: -2.5821876345852501e+34
#ERR  p: [228, 7], r: -5.7097009603217571e+34, e: -5.6290927810705700e+34
#ERR  p: [228, 10], r: 9.0928439263450756e+33, e: 8.3203598960634215e+33
#ERR  p: [229, 7], r: -3.1440108128968739e+34, e: -3.2564607883073521e+34
#ERR  p: [229, 10], r: -2.1124172085329452e+34, e: -2.0046541861981120e+34
#ERR  p: [230, 7], r: -4.6015063647434284e+34, e: -4.5152847937692493e+34
#ERR  p: [230, 10], r: -3.9874761308043383e+34, e: -4.0701039574865411e+34
#ERR  p: [231, 7], r: -1.4978669708715912e+34, e: -1.4794129763781791e+34
#ERR  p: [231, 10], r: -3.7338649937018845e+34, e: -3.7515498194521892e+34
#ERR  p: [232, 7], r: 1.1658084036491350e+34, e: 1.1950428774675674e+34
#ERR  p: [232, 10], r: -6.1326882973910669e+34, e: -6.1607042684354600e+34
#ERR  p: [233, 7], r: 1.9737157767121709e+34, e: 1.8549678972711847e+34
#ERR  p: [233, 10], r: -9.0250146205445682e+33, e: -7.8870303446297773e+33
#ERR  p: [234, 7], r: 4.5739993763251389e+34, e: 4.6110283741998769e+34
#ERR  p: [234, 10], r: 2.3164885570507020e+33, e: 1.9616323900799368e+33
#ERR  p: [235, 7], r: -4.2001557759884092e+34, e: -4.0617205693215602e+34
#ERR  p: [235, 10], r: -2.8017703008521257e+34, e: -2.9344354812001918e+34
#ERR  p: [236, 7], r: 2.6724839074764962e+34, e: 2.6966571817924660e+34
#ERR  p: [236, 10], r: 1.9174978539516524e+34, e: 1.8943321298996123e+34
#ERR  p: [237, 7], r: -1.4886345870229938e+33, e: -2.5112563743128048e+33
#ERR  p: [237, 10], r: -5.5641827488878491e+34, e: -5.4661828924169781e+34
#ERR  p: [238, 7], r: -5.5555126245335314e+33, e: -4.9046038760353255e+33
#ERR  p: [238, 10], r: -4.2094325678093816e+34, e: -4.2718104329412348e+34
#ERR  p: [239, 7], r: -2.2353549534428149e+34, e: -2.1694327714750615e+34
#ERR  p: [239, 10], r: -7.8172748880951037e+33, e: -8.4490201189695558e+33
#ERR  p: [224, 8], r: 3.0802937468888188e+33, e: 3.6020673757899875e+33
#ERR  p: [224, 11], r: 1.1155800180930960e+34, e: 1.0634334869846293e+34
#ERR  p: [225, 8], r: -8.0876086924122039e+33, e: -7.6957602977691259e+33
#ERR  p: [225, 11], r: -2.1980827726946622e+34, e: -2.2372444577037145e+34
#ERR  p: [226, 8], r: -8.2778224271861199e+33, e: -7.6872429645072063e+33
#ERR  p: [226, 11], r: 1.7132206081322299e+34, e: 1.6541975594061700e+34
#ERR  p: [227, 8], r: -3.1902405346304767e+34, e: -3.1837709104053336e+34
#ERR  p: [227, 11], r: 1.7661416364645914e+34, e: 1.7596758351624637e+34
#ERR  p: [228, 8], r: -1.7240871104175968e+34, e: -1.7599456209628829e+34
#ERR  p: [228, 11], r: 2.4496259620633686e+33, e: 2.8079991783546865e+33
#ERR  p: [229, 8], r: -1.5281099180445681e+33, e: -1.0278767324631724e+33
#ERR  p: [229, 11], r: 1.8889086763738456e+34, e: 1.8389149167652162e+34
#ERR  p: [230, 8], r: -3.5671999141362282e+34, e: -3.6055555393436182e+34
#ERR  p: [230, 11], r: -5.4644682061746347e+32, e: -1.6311721324078522e+32
#ERR  p: [231, 8], r: 1.7716046955369094e+33, e: 1.6895121880157349e+33
#ERR  p: [231, 11], r: 5.2590412661623243e+33, e: 5.3410852649408817e+33
#ERR  p: [232, 8], r: 2.7942313453898871e+34, e: 2.7812264034914051e+34
#ERR  p: [232, 11], r: 1.3872687766563404e+34, e: 1.4002660338903092e+34
#ERR  p: [233, 8], r: 2.5505444808047081e+34, e: 2.6033694190023068e+34
#ERR  p: [233, 11], r: 9.2628287876881214e+33, e: 8.7348915500732150e+33
#ERR  p: [234, 8], r: 3.5853485030204573e+34, e: 3.5688761707694714e+34
#ERR  p: [234, 11], r: 4.1624943636638300e+33, e: 4.3271203506007418e+33
#ERR  p: [235, 8], r: -3.4687007700673951e+34, e: -3.5302836065018109e+34
#ERR  p: [235, 11], r: 2.9265762251265658e+33, e: 3.5420406943903428e+33
#ERR  p: [236, 8], r: -1.2699702020811298e+34, e: -1.2807236717665338e+34
#ERR  p: [236, 11], r: 1.6497390785253729e+34, e: 1.6604861939488718e+34
#ERR  p: [237, 8], r: 2.6134481746476291e+34, e: 2.6589394566540147e+34
#ERR  p: [237, 11], r: 6.9064571185294092e+31, e: -3.8557943934198764e+32
#ERR  p: [238, 8], r: -5.9427871376720081e+33, e: -6.2323435876360805e+33
#ERR  p: [238, 11], r: -6.3863982526722139e+33, e: -6.0970129026017778e+33
#ERR  p: [239, 8], r: 3.0865479235557631e+34, e: 3.0572224719797794e+34
#ERR  p: [239, 11], r: 9.7621922064391360e+33, e: 1.0055273437105650e+34
#ERR  p: [224, 12], r: 5.3199855213026597e+33, e: 4.6000671850504604e+33
#ERR  p: [225, 12], r: -1.5875889133649227e+34, e: -1.6416542836153570e+34
#ERR  p: [226, 12], r: 1.4448016459830196e+33, e: 6.2994830605491491e+32
#ERR  p: [227, 12], r: 2.7634564471427794e+32, e: 1.8708085917594796e+32
#ERR  p: [228, 12], r: -1.6032204212820578e+34, e: -1.5537445608277645e+34
#ERR  p: [229, 12], r: 2.0009141091515299e+34, e: 1.9318943230308104e+34
#ERR  p: [230, 12], r: -4.0121362422757280e+33, e: -3.4829236421033269e+33
#ERR  p: [231, 12], r: 2.7289823478101471e+34, e: 2.7403090799713485e+34
#ERR  p: [232, 12], r: -1.4614657689828557e+34, e: -1.4435221711925090e+34
#ERR  p: [233, 12], r: -1.8288098936252433e+34, e: -1.9016952207352570e+34
#ERR  p: [234, 12], r: -1.8071769538259204e+34, e: -1.7844492164097961e+34
#ERR  p: [235, 12], r: -2.7077705527732912e+33, e: -1.8580799840697067e+33
#ERR  p: [236, 12], r: 2.6484049174535684e+33, e: 2.7967761569345340e+33
#ERR  p: [237, 12], r: 4.4317655042803854e+34, e: 4.3689988057697939e+34
#ERR  p: [238, 12], r: -7.1185622586619045e+33, e: -6.7190460965510806e+33
#ERR  p: [239, 12], r: -1.1953838244413726e+34, e: -1.1549219667716242e+34
#ERR  p: [224, 13], r: -3.5579748601852753e+33, e: -2.6043044615710823e+33
#ERR  p: [225, 13], r: 2.0191052359213856e+34, e: 2.0907252247473008e+34
#ERR  p: [226, 13], r: -4.9539712410188669e+34, e: -4.8460282327122831e+34
#ERR  p: [227, 13], r: -7.1504911822274986e+34, e: -7.1386663433090013e+34
#ERR  p: [228, 13], r: -1.1537681960926457e+34, e: -1.2193084958533899e+34
#ERR  p: [229, 13], r: 2.6530452405515318e+34, e: 2.7444752314650469e+34
#ERR  p: [230, 13], r: -2.2229139025684395e+34, e: -2.2930182971842833e+34
#ERR  p: [231, 13], r: 1.2256285765963231e+34, e: 1.2106241397995019e+34
#ERR  p: [232, 13], r: 3.7613751915271626e+33, e: 3.5236777028595400e+33
#ERR  p: [233, 13], r: 3.0343276898818276e+34, e: 3.1308783338340063e+34
#ERR  p: [234, 13], r: 2.7573715910139146e+34, e: 2.7272643284123398e+34
#ERR  p: [235, 13], r: 4.1713680449966847e+34, e: 4.0588101752287461e+34
#ERR  p: [236, 13], r: -1.4878981809420329e+34, e: -1.5075528073035881e+34
#ERR  p: [237, 13], r: 2.0580294058286678e+34, e: 2.1411759786745669e+34
#ERR  p: [238, 13], r: -2.8463797455595625e+34, e: -2.8993033506946261e+34
#ERR  p: [239, 13], r: -2.2817085182458511e+34, e: -2.3353080363987839e+34
#ERR  p: [224, 14], r: 3.8123969143184814e+34, e: 3.7253655047679627e+34
#ERR  p: [225, 14], r: -2.1048411399288525e+34, e: -2.1702011279138996e+34
#ERR  p: [226, 14], r: -1.9518515617530523e+34, e: -2.0503597274431768e+34
#ERR  p: [227, 14], r: 4.6061620543215550e+34, e: 4.5953707746479898e+34
#ERR  p: [228, 14], r: -8.1115382822319631e+33, e: -7.5134212935082018e+33
#ERR  p: [229, 14], r: 4.7161316640017801e+34, e: 4.6326931825730053e+34
#ERR  p: [230, 14], r: 1.3999839361769055e+33, e: 2.0397525908367022e+33
#ERR  p: [231, 14], r: -8.0597015892632838e+33, e: -7.9227719660059527e+33
#ERR  p: [232, 14], r: 1.2120275254286382e+34, e: 1.2337196609037688e+34
#ERR  p: [233, 14], r: -1.4582327318352908e+34, e: -1.5463442916402198e+34
#ERR  p: [234, 14], r: -1.7697214568447764e+34, e: -1.7422457429531606e+34
#ERR  p: [235, 14], r: 1.3716936511579396e+34, e: 1.4744133127532072e+34
#ERR  p: [236, 14], r: 3.5926907640256708e+34, e: 3.6106274624795654e+34
#ERR  p: [237, 14], r: -5.7167700896659984e+33, e: -6.4755609092813379e+33
#ERR  p: [238, 14], r: 1.1865645996836961e+34, e: 1.2348623759394430e+34
#ERR  p: [239, 14], r: 4.4462126225544581e+33, e: 4.9353587282590095e+33
#ERR  p: [224, 15], r: 1.4865515813984503e+34, e: 1.6125037304312763e+34
#ERR  p: [225, 15], r: -4.4601274763161799e+33, e: -3.5142355288006325e+33
#ERR  p: [226, 15], r: -1.3498292697396108e+34, e: -1.2072679205665778e+34
#ERR  p: [227, 15], r: 5.2129276245069073e+33, e: 5.3690993874048633e+33
#ERR  p: [228, 15], r: -2.1286395634826689e+34, e: -2.2151992555431220e+34
#ERR  p: [229, 15], r: -7.2097880084524318e+33, e: -6.0022634949157902e+33
#ERR  p: [230, 15], r: 1.9133597613762517e+34, e: 1.8207722261928000e+34
#ERR  p: [231, 15], r: 7.4496908845910932e+33, e: 7.2515258726191286e+33
#ERR  p: [232, 15], r: 8.0743356427223086e+33, e: 7.7604063275113390e+33
#ERR  p: [233, 15], r: -3.6843963047020199e+34, e: -3.5568809585829478e+34
#ERR  p: [234, 15], r: 7.0087422107930066e+33, e: 6.6111127539414189e+33
#ERR  p: [235, 15], r: -3.4696629451598638e+34, e: -3.6183191853916015e+34
#ERR  p: [236, 15], r: 2.1050524355067264e+34, e: 2.0790943850914850e+34
#ERR  p: [237, 15], r: 1.4376786566167637e+34, e: 1.5474911196005496e+34
#ERR  p: [238, 15], r: -2.0765192400287745e+33, e: -2.7754862847239116e+33
#ERR  p: [239, 15], r: 1.0611767286883317e+32, e: -6.0177621880442514e+32
#SDC Ite:0 KerTime:41.900854 AccTime:41.900854 KerErr:160 AccErr:160
#END