2016-10-29 12:23:59:Starting GDB script
2016-10-29 12:24:00:sending signal using command: 'ssh -T mic0 killall -2 lavamd' after 0.719466297258s
2016-10-29 12:24:00:shell stdout: 
2016-10-29 12:24:01:sending signal using command: 'ssh -T mic0 killall -2 lavamd' after 1.89985698748s
2016-10-29 12:24:01:shell stdout: 
2016-10-29 12:24:03:sending signal using command: 'ssh -T mic0 killall -2 lavamd' after 2.64134856177s
2016-10-29 12:24:03:shell stdout: 
2016-10-29 12:24:05:sending signal using command: 'ssh -T mic0 killall -2 lavamd' after 4.9272517584s
2016-10-29 12:24:05:shell stdout: 
2016-10-29 12:24:05:sending signal using command: 'ssh -T mic0 killall -2 lavamd' after 5.08252992038s
2016-10-29 12:24:05:shell stdout: 
2016-10-29 12:24:06:sending signal using command: 'ssh -T mic0 killall -2 lavamd' after 6.2804727535s
2016-10-29 12:24:06:shell stdout: 
2016-10-29 12:24:06:sending signal using command: 'ssh -T mic0 killall -2 lavamd' after 6.5757414s
2016-10-29 12:24:06:shell stdout: 
2016-10-29 12:24:07:sending signal using command: 'ssh -T mic0 killall -2 lavamd' after 7.34339788806s
2016-10-29 12:24:07:shell stdout: 
2016-10-29 12:24:08:sending signal using command: 'ssh -T mic0 killall -2 lavamd' after 8.58470916479s
2016-10-29 12:24:08:shell stdout: 
2016-10-29 12:24:09:sending signal using command: 'ssh -T mic0 killall -2 lavamd' after 9.71012544217s
2016-10-29 12:24:09:shell stdout: 
2016-10-29 12:24:16:no gdbExecName running, out:
2016-10-29 12:24:16:checCmd:ps -e | grep -i gdb-mic
2016-10-29 12:24:16:finished now-timestampStart < maxWaitTime*5
2016-10-29 12:24:16:now: 1477758255
2016-10-29 12:24:16:timestampStart: 1477758239
2016-10-29 12:24:16:kill cmd: killall -9 gdb-mic
2016-10-29 12:24:16:shell stdout: 
2016-10-29 12:24:17:kill cmd: ssh -T mic0 killall -9 lavamd
2016-10-29 12:24:17:shell stdout: 
2016-10-29 12:24:17:kill cmd: ssh -T mic0 killall -9 gdbserver
2016-10-29 12:24:17:shell stdout: 
2016-10-29 12:24:17:kill cmd: ssh -T mic0 killall -9 sshd
2016-10-29 12:24:17:shell stdout: 
