2016-10-22 06:15:32:Initialization strings:
2016-10-22 06:15:33:(1) target extended-remote | ssh -T mic0 gdbserver --multi -
2016-10-22 06:15:33:(2) set sysroot /opt/mpss/3.7/sysroots/k1om-mpss-linux/
2016-10-22 06:15:33:(3) set sysroot /opt/mpss/3.7/sysroots/k1om-mpss-linux/
2016-10-22 06:15:33:(4) file /micNfs/gdb-fault-injection-hotspot/bin/hotspot_check
2016-10-22 06:15:33:(5) set remote exec-file /micNfs/gdb-fault-injection-hotspot/bin/hotspot_check
2016-10-22 06:15:33:(6) set args 1024 1024 2000 228 /micNfs/gdb-fault-injection-hotspot/bin/temp_1024 /micNfs/gdb-fault-injection-hotspot/bin/power_1024 /micNfs/gdb-fault-injection-hotspot/bin/GOLD_1024-2000-228
2016-10-22 06:15:33:Trying Fault Injection
2016-10-22 06:15:33:Backtrace BEGIN:
2016-10-22 06:15:33:#0  0x00007ffff71449b8 in _IO_no_init (fp=fp@entry=0x7fffffffe400, flags=flags@entry=32768, orientation=orientation@entry=-1, wd=wd@entry=0x0, jmp=<error reading variable: can't compute CFA for this frame>, jmp@entry=0x0) at genops.c:670
#1  0x00007ffff71365b7 in __GI___isoc99_vsscanf (string=0x7fffffffe77a "325.403797\n", format=0x407198 "%f", args=args@entry=0x7fffffffe528) at isoc99_vsscanf.c:39
#2  0x00007ffff7136569 in __isoc99_sscanf (s=<optimized out>, format=<optimized out>) at isoc99_sscanf.c:31
#3  0x0000000000401744 in read_input (vect=<optimized out>, grid_rows=<optimized out>, grid_cols=-160649200, file=<optimized out>) at hotspot_check.c:206
#4  main (argc=-7168, argv=0xfbad8000) at hotspot_check.c:264

2016-10-22 06:15:33:665	in genops.c

2016-10-22 06:15:33:Backtrace END
2016-10-22 06:15:33:Type: A floating point type.
2016-10-22 06:15:33:Type sizeof: 4
2016-10-22 06:15:33:Mem contents(hex):0xa20xb50xa20x43
2016-10-22 06:15:33:base address to flip value: 0x7fffffffe634
2016-10-22 06:15:33:address max offset: 4
2016-10-22 06:15:33:Memory content before bitflip:0xa20xb50xa20x43
2016-10-22 06:15:33:Memory content after  bitflip:0xa20xb10xa20x43
2016-10-22 06:15:33:Mem contents(hex):0xa20xb10xa20x43
2016-10-22 06:15:33:frame name: read_input
2016-10-22 06:15:33:symbol name: val
2016-10-22 06:15:33:symbol filename: hotspot_check.c
2016-10-22 06:15:33:symbol line: 194
2016-10-22 06:15:33:value: 325.387756
2016-10-22 06:15:33:value address: 0x7fffffffe634
2016-10-22 06:15:33:Type: A floating point type.
2016-10-22 06:15:33:Type sizeof: 4
2016-10-22 06:15:33:Fault Injection Successful after 0.894921064377s
2016-10-22 06:15:35:Fault Already Injected
2016-10-22 06:15:35:Fault Already Injected
2016-10-22 06:15:36:Fault Already Injected
2016-10-22 06:15:37:Fault Already Injected
2016-10-22 06:15:42:Fault Already Injected
2016-10-22 06:15:42:Fault Already Injected
2016-10-22 06:15:42:Fault Already Injected
2016-10-22 06:15:43:Fault Already Injected
2016-10-22 06:15:46:Fault Already Injected
2016-10-22 06:15:48:event type: exit
2016-10-22 06:15:48:exit code: 0
