[INFO -- 2017-03-10 07:45:26]
Starting flip_value script
version: 2.0
[INFO -- 2017-03-10 07:45:26]
Initialization strings:
[INFO -- 2017-03-10 07:45:27]
(1) target extended-remote | ssh -T mic0 gdbserver --multi -
[INFO -- 2017-03-10 07:45:27]
(2) set sysroot /opt/mpss/3.7/sysroots/k1om-mpss-linux/
[INFO -- 2017-03-10 07:45:27]
(3) set sysroot /opt/mpss/3.7/sysroots/k1om-mpss-linux/
[INFO -- 2017-03-10 07:45:27]
(4) file /micNfs/gdb-fault-injection/injector/bin/clamr/clamr_openmponly
[INFO -- 2017-03-10 07:45:27]
(5) set remote exec-file /micNfs/gdb-fault-injection/injector/bin/clamr/clamr_openmponly
[INFO -- 2017-03-10 07:45:27]
(6) cd /micNfs/gdb-fault-injection/injector/bin/clamr
[INFO -- 2017-03-10 07:45:27]
(7) set args -n 512 -t 100 -g 100 -G data -j md5file
[INFO -- 2017-03-10 07:45:27]
initSignal:30
[INFO -- 2017-03-10 07:45:27]
endSignal:35
[INFO -- 2017-03-10 07:45:27]
seqSignal:20
[INFO -- 2017-03-10 07:45:27]
faultMode:0
[INFO -- 2017-03-10 07:46:08]
Backtrace BEGIN:
#0  0x00000000005208cf in Mesh::rezone_all (this=0x7fae50, icount=24, jcount=0, mpot=..., have_state=1, state_memory=...) at /micNfs/gdb-fault-injection/injector/src/clamr/CLAMR/mesh/mesh.cpp:3205
#1  0x0000000000471447 in State::rezone_all (this=0x7fb9e0, icount=24, jcount=0, mpot=...) at /micNfs/gdb-fault-injection/injector/src/clamr/CLAMR/state.cpp:1034
#2  0x0000000000446030 in do_calc () at /micNfs/gdb-fault-injection/injector/src/clamr/CLAMR/clamr_cpuonly.cpp:462
#3  0x0000000000445a73 in main (argc=11, argv=0x7fffffffec58) at /micNfs/gdb-fault-injection/injector/src/clamr/CLAMR/clamr_cpuonly.cpp:380

3200	      mesh_memory.memory_swap(&nrht,  &nrht_old);
3201	      mesh_memory.memory_swap(&nbot,  &nbot_old);
3202	      mesh_memory.memory_swap(&ntop,  &ntop_old);
3203	
3204	      for (int ic = 0; ic < (int)ncells; ic++){
3205	         int nc = index[ic];
3206	
3207	         if (mpot[ic] == 0){
3208	            if (nlft_old[ic] < (int)ncells && nlft_old[ic] >= 0){
3209	               nlft[nc] = (mpot[nlft_old[ic]] == 0) ? index[nlft_old[ic]] : -1;

Backtrace END
Fliping value of field: tv_usec
Memory content before bitflip:0x3f0x090x020x000x000x000x000x00
Fault Mode: Single bit-flip
base address to flip value: 0x7d0738 
address max offset: 8
Memory content after  bitflip:0x3f0x090x020x000x020x000x000x00
frame name: do_calc
symbol name: total_exec
symbol filename: /micNfs/gdb-fault-injection/injector/src/clamr/CLAMR/clamr_cpuonly.cpp
symbol line: 181
value: {tv_sec = 1489149927, tv_usec = 8590068031}
value address: 0x7d0730 <total_exec>
Type: The type is a structure.
Type sizeof: 16
Field name: tv_sec
Field Type: The type is an integer type.
Field Type sizeof: 8
Field name: tv_usec
Field Type: The type is an integer type.
Field Type sizeof: 8

[INFO -- 2017-03-10 07:46:08]
Fault Injection Successful after 41.1639959812s
[INFO -- 2017-03-10 07:46:29]
event type: exit
[INFO -- 2017-03-10 07:46:29]
exit code: 0
