[INFO -- 2017-02-25 07:58:29]
Starting GDB script
[INFO -- 2017-02-25 07:58:29]
initSignal:12.0
[INFO -- 2017-02-25 07:58:29]
endSignal:15.0
[INFO -- 2017-02-25 07:58:29]
seqSignal:15
[INFO -- 2017-02-25 07:58:42]
sending 15 signals using command: 'ssh -T mic0 killall -2 hotspot_check' after 13.0681622988s
[INFO -- 2017-02-25 07:58:42]
shell stdout: 
[INFO -- 2017-02-25 07:58:43]
shell stdout: 
[INFO -- 2017-02-25 07:58:43]
sending 15 signals using command: 'ssh -T mic0 killall -2 hotspot_check' after 14.1605603857s
[INFO -- 2017-02-25 07:58:43]
shell stdout: 
[INFO -- 2017-02-25 07:58:44]
shell stdout: 
[INFO -- 2017-02-25 07:58:44]
shell stdout: 
[INFO -- 2017-02-25 07:58:44]
sending 15 signals using command: 'ssh -T mic0 killall -2 hotspot_check' after 14.8421360164s
[INFO -- 2017-02-25 07:58:44]
shell stdout: 
[INFO -- 2017-02-25 07:58:44]
shell stdout: 
[INFO -- 2017-02-25 07:58:44]
shell stdout: 
[INFO -- 2017-02-25 07:58:44]
shell stdout: 
[INFO -- 2017-02-25 07:58:45]
shell stdout: 
[INFO -- 2017-02-25 07:58:45]
shell stdout: 
[INFO -- 2017-02-25 07:58:45]
shell stdout: 
[INFO -- 2017-02-25 07:58:45]
shell stdout: 
[INFO -- 2017-02-25 07:58:45]
shell stdout: 
[INFO -- 2017-02-25 07:58:45]
shell stdout: 
[INFO -- 2017-02-25 07:58:45]
shell stdout: 
[INFO -- 2017-02-25 07:58:46]
shell stdout: 
[INFO -- 2017-02-25 07:58:46]
shell stdout: 
[INFO -- 2017-02-25 07:58:46]
shell stdout: 
[INFO -- 2017-02-25 07:58:46]
shell stdout: 
[INFO -- 2017-02-25 07:58:46]
shell stdout: 
[INFO -- 2017-02-25 07:58:46]
shell stdout: 
[INFO -- 2017-02-25 07:58:46]
shell stdout: 
[INFO -- 2017-02-25 07:58:47]
shell stdout: 
[INFO -- 2017-02-25 07:58:47]
shell stdout: 
[INFO -- 2017-02-25 07:58:47]
shell stdout: 
[INFO -- 2017-02-25 07:58:47]
shell stdout: 
[INFO -- 2017-02-25 07:58:47]
shell stdout: 
[INFO -- 2017-02-25 07:58:47]
shell stdout: 
[INFO -- 2017-02-25 07:58:47]
shell stdout: 
[INFO -- 2017-02-25 07:58:48]
shell stdout: 
[INFO -- 2017-02-25 07:58:48]
shell stdout: 
[INFO -- 2017-02-25 07:58:48]
shell stdout: 
[INFO -- 2017-02-25 07:58:48]
shell stdout: 
[INFO -- 2017-02-25 07:58:48]
shell stdout: 
[INFO -- 2017-02-25 07:58:48]
shell stdout: 
[INFO -- 2017-02-25 07:58:48]
shell stdout: 
[INFO -- 2017-02-25 07:58:49]
shell stdout: 
[INFO -- 2017-02-25 07:58:49]
shell stdout: 
[INFO -- 2017-02-25 07:58:49]
shell stdout: 
[INFO -- 2017-02-25 07:58:49]
shell stdout: 
[INFO -- 2017-02-25 07:58:49]
shell stdout: 
[INFO -- 2017-02-25 07:58:50]
shell stdout: 
[INFO -- 2017-02-25 07:58:50]
shell stdout: 
[INFO -- 2017-02-25 07:58:50]
shell stdout: 
[INFO -- 2017-02-25 07:59:07]
no gdbExecName running, out:
[INFO -- 2017-02-25 07:59:07]
checCmd:ps -e | grep -i gdb-mic
[INFO -- 2017-02-25 07:59:07]
finished now-timestampStart < maxWaitTime*5
[INFO -- 2017-02-25 07:59:07]
now: 1488027546
[INFO -- 2017-02-25 07:59:07]
timestampStart: 1488027509
[INFO -- 2017-02-25 07:59:07]
kill cmd: killall -9 gdb-mic
[INFO -- 2017-02-25 07:59:07]
shell stdout: 
[INFO -- 2017-02-25 07:59:08]
kill cmd: ssh -T mic0 killall -9 hotspot_check
[INFO -- 2017-02-25 07:59:08]
shell stdout: 
[INFO -- 2017-02-25 07:59:08]
kill cmd: ssh -T mic0 killall -9 gdbserver
[INFO -- 2017-02-25 07:59:08]
shell stdout: 
[INFO -- 2017-02-25 07:59:08]
kill cmd: ssh -T mic0 killall -9 sshd
[INFO -- 2017-02-25 07:59:08]
shell stdout: 
