#HEADER matrix_dim:2048 threads:228
#BEGIN Y:2017 M:03 D:02 Time:16:12:15
#IT Ite:0 KerTime:22.747170 AccTime:22.747170
#ERR  p: [2032, 753], r: 5.5630346760153770e-03, e: 5.5609373375773430e-03
#ERR  p: [1251, 753], r: 1.2146719731390476e-02, e: 1.2142140418291092e-02
#ERR  p: [2024, 753], r: 5.6079407222568989e-03, e: 5.6058270856738091e-03
#ERR  p: [1224, 753], r: 1.2478680349886417e-02, e: 1.2473975308239460e-02
#ERR  p: [1233, 753], r: 1.2369540520012379e-02, e: 1.2364878319203854e-02
#ERR  p: [1269, 753], r: 1.1930700391530991e-02, e: 1.1926202103495598e-02
#ERR  p: [1278, 753], r: 1.1824009008705616e-02, e: 1.1819551698863506e-02
#ERR  p: [1242, 753], r: 1.2258316390216351e-02, e: 1.2253695167601109e-02
#ERR  p: [2032, 754], r: 5.5695716291666031e-03, e: 5.5662188678979874e-03
#ERR  p: [1971, 753], r: 5.9127812273800373e-03, e: 5.9105521067976952e-03
#ERR  p: [1197, 753], r: 1.2821736745536327e-02, e: 1.2816904112696648e-02
#ERR  p: [1170, 753], r: 1.3170101679861546e-02, e: 1.3165135867893696e-02
#ERR  p: [1161, 753], r: 1.3291783630847931e-02, e: 1.3286772184073925e-02
#ERR  p: [1260, 753], r: 1.2038061395287514e-02, e: 1.2033522129058838e-02
#ERR  p: [1989, 753], r: 5.8077098801732063e-03, e: 5.8055208064615726e-03
#ERR  p: [1998, 753], r: 5.7550608180463314e-03, e: 5.7528908364474773e-03
#ERR  p: [2016, 753], r: 5.6526237167418003e-03, e: 5.6504928506910801e-03
#ERR  p: [1962, 753], r: 5.9656868688762188e-03, e: 5.9634377248585224e-03
#ERR  p: [2040, 753], r: 5.5181290954351425e-03, e: 5.5160489864647388e-03
#ERR  p: [1944, 753], r: 6.0746870003640652e-03, e: 6.0723968781530857e-03
#ERR  p: [1980, 753], r: 5.8594220317900181e-03, e: 5.8572129346430302e-03
#ERR  p: [2007, 753], r: 5.7041621766984463e-03, e: 5.7020117528736591e-03
#ERR  p: [846, 753], r: 1.8209513276815414e-02, e: 1.8202647566795349e-02
#ERR  p: [1251, 754], r: 1.2163585051894188e-02, e: 1.2156262993812561e-02
#ERR  p: [1917, 753], r: 6.2408163212239742e-03, e: 6.2384638004004955e-03
#ERR  p: [1845, 753], r: 6.7066526971757412e-03, e: 6.7041241563856602e-03
#ERR  p: [2024, 754], r: 5.6140981614589691e-03, e: 5.6107183918356895e-03
#ERR  p: [1890, 753], r: 6.4125247299671173e-03, e: 6.4101079478859901e-03
#ERR  p: [1152, 753], r: 1.3411528430879116e-02, e: 1.3406472280621529e-02
#ERR  p: [1179, 753], r: 1.3055049814283848e-02, e: 1.3050128705799580e-02
#ERR  p: [918, 753], r: 1.6949050128459930e-02, e: 1.6942661255598068e-02
#ERR  p: [1953, 753], r: 6.0207075439393520e-03, e: 6.0184379108250141e-03
#ERR  p: [1188, 753], r: 1.2938125990331173e-02, e: 1.2933248654007912e-02
#ERR  p: [1881, 753], r: 6.4695999026298523e-03, e: 6.4671612344682217e-03
#ERR  p: [1215, 753], r: 1.2592172250151634e-02, e: 1.2587424367666245e-02
#ERR  p: [1206, 753], r: 1.2705561704933643e-02, e: 1.2700770981609821e-02
#ERR  p: [1827, 753], r: 6.8285395391285419e-03, e: 6.8259653635323048e-03
#ERR  p: [1926, 753], r: 6.1837588436901569e-03, e: 6.1814268119633198e-03
#ERR  p: [1908, 753], r: 6.2959613278508186e-03, e: 6.2935869209468365e-03
#ERR  p: [1935, 753], r: 6.1307516880333424e-03, e: 6.1284415423870087e-03
#ERR  p: [1854, 753], r: 6.6466615535318851e-03, e: 6.6441553644835949e-03
#ERR  p: [837, 753], r: 1.8377341330051422e-02, e: 1.8370414152741432e-02
#ERR  p: [774, 753], r: 1.9571278244256973e-02, e: 1.9563900306820869e-02
#ERR  p: [909, 753], r: 1.7099255695939064e-02, e: 1.7092809081077576e-02
#ERR  p: [1782, 753], r: 7.1427868679165840e-03, e: 7.1400939486920834e-03
#ERR  p: [1872, 753], r: 6.5272520296275616e-03, e: 6.5247910097241402e-03
#ERR  p: [828, 753], r: 1.8542051315307617e-02, e: 1.8535058945417404e-02
#ERR  p: [981, 753], r: 1.5913063660264015e-02, e: 1.5907065942883492e-02
#ERR  p: [801, 753], r: 1.9050665199756622e-02, e: 1.9043482840061188e-02
#ERR  p: [1773, 753], r: 7.2070243768393993e-03, e: 7.2043072432279587e-03
#ERR  p: [1809, 753], r: 6.9523509591817856e-03, e: 6.9497297517955303e-03
#ERR  p: [900, 753], r: 1.7252445220947266e-02, e: 1.7245939001441002e-02
#ERR  p: [1755, 753], r: 7.3386249132454395e-03, e: 7.3358579538762569e-03
#ERR  p: [1899, 753], r: 6.3539887778460979e-03, e: 6.3515934161841869e-03
#ERR  p: [873, 753], r: 1.7727006226778030e-02, e: 1.7720323055982590e-02
#ERR  p: [756, 416], r: 2.3793308436870575e-01, e: 1.4220431447029114e-02
#ERR  p: [783, 753], r: 1.9396154209971428e-02, e: 1.9388843327760696e-02
#ERR  p: [765, 416], r: 2.3580154776573181e-01, e: 1.4093503355979919e-02
#ERR  p: [1863, 753], r: 6.5868929959833622e-03, e: 6.5844096243381500e-03
#ERR  p: [1296, 753], r: 1.1613496579229832e-02, e: 1.1609118431806564e-02
#ERR  p: [945, 753], r: 1.6496751457452774e-02, e: 1.6490532085299492e-02
#ERR  p: [752, 416], r: 2.3888771235942841e-01, e: 1.4277890324592590e-02
#ERR  p: [1332, 753], r: 1.1202109977602959e-02, e: 1.1197886429727077e-02
#ERR  p: [1287, 753], r: 1.1718112044036388e-02, e: 1.1713693849742413e-02
#ERR  p: [792, 753], r: 1.9224407151341438e-02, e: 1.9217159599065781e-02
#ERR  p: [819, 753], r: 1.8710363656282425e-02, e: 1.8703309819102287e-02
#ERR  p: [810, 753], r: 1.8880140036344528e-02, e: 1.8873022869229317e-02
#ERR  p: [1386, 753], r: 1.0612816549837589e-02, e: 1.0608814656734467e-02
#ERR  p: [1818, 753], r: 6.8901637569069862e-03, e: 6.8875667639076710e-03
#ERR  p: [954, 753], r: 1.6347777098417282e-02, e: 1.6341613605618477e-02
#ERR  p: [1800, 753], r: 7.0157879963517189e-03, e: 7.0131435059010983e-03
#ERR  p: [1791, 753], r: 7.0791598409414291e-03, e: 7.0764916017651558e-03
#ERR  p: [1764, 753], r: 7.2722532786428928e-03, e: 7.2695119306445122e-03
#ERR  p: [1620, 753], r: 8.3986809477210045e-03, e: 8.3955144509673119e-03
#ERR  p: [1665, 753], r: 8.0292224884033203e-03, e: 8.0261956900358200e-03
#ERR  p: [1602, 753], r: 8.5507174953818321e-03, e: 8.5474932566285133e-03
#ERR  p: [1737, 753], r: 7.4707488529384136e-03, e: 7.4679320678114891e-03
#ERR  p: [936, 753], r: 1.6644211485981941e-02, e: 1.6637934371829033e-02
#ERR  p: [1539, 753], r: 9.1084074229001999e-03, e: 9.1049745678901672e-03
#ERR  p: [1746, 753], r: 7.4053970165550709e-03, e: 7.4026053771376610e-03
#ERR  p: [927, 753], r: 1.6793783754110336e-02, e: 1.6787452623248100e-02
#ERR  p: [1728, 753], r: 7.5397654436528683e-03, e: 7.5369235128164291e-03
#ERR  p: [855, 753], r: 1.8049100413918495e-02, e: 1.8042296171188354e-02
#ERR  p: [882, 753], r: 1.7569104209542274e-02, e: 1.7562480643391609e-02
#ERR  p: [1836, 753], r: 6.7669879645109177e-03, e: 6.7644366063177586e-03
#ERR  p: [1125, 753], r: 1.3778897002339363e-02, e: 1.3773702085018158e-02
#ERR  p: [1017, 753], r: 1.5349254943430424e-02, e: 1.5343468636274338e-02
#ERR  p: [1701, 753], r: 7.7448426745831966e-03, e: 7.7419225126504898e-03
#ERR  p: [1134, 753], r: 1.3655954971909523e-02, e: 1.3650807552039623e-02
#ERR  p: [1089, 753], r: 1.4282381162047386e-02, e: 1.4276996254920959e-02
#ERR  p: [1224, 754], r: 1.2494996190071106e-02, e: 1.2487474828958511e-02
#ERR  p: [1233, 754], r: 1.2381855398416519e-02, e: 1.2374397367238998e-02
#ERR  p: [1350, 753], r: 1.1002088896930218e-02, e: 1.0997940786182880e-02
#ERR  p: [1377, 753], r: 1.0707405395805836e-02, e: 1.0703368112444878e-02
#ERR  p: [1314, 753], r: 1.1405163444578648e-02, e: 1.1400863528251648e-02
#ERR  p: [1341, 753], r: 1.1103461496531963e-02, e: 1.1099276132881641e-02
#ERR  p: [1053, 753], r: 1.4808183535933495e-02, e: 1.4802601188421249e-02
#ERR  p: [1323, 753], r: 1.1302339844405651e-02, e: 1.1298079043626785e-02
#ERR  p: [1062, 753], r: 1.4673626981675625e-02, e: 1.4668093994259834e-02
#ERR  p: [864, 753], r: 1.7888393253087997e-02, e: 1.7881650477647781e-02
#ERR  p: [1485, 753], r: 9.6131144091486931e-03, e: 9.6094906330108643e-03
#ERR  p: [1359, 753], r: 1.0902354493737221e-02, e: 1.0898243635892868e-02
#ERR  p: [1368, 753], r: 1.0805942118167877e-02, e: 1.0801868513226509e-02
#ERR  p: [963, 753], r: 1.6201661899685860e-02, e: 1.6195554286241531e-02
#ERR  p: [1404, 753], r: 1.0424934327602386e-02, e: 1.0421005077660084e-02
#ERR  p: [1026, 753], r: 1.5211160294711590e-02, e: 1.5205425210297108e-02
#ERR  p: [1431, 753], r: 1.0145873762667179e-02, e: 1.0142048820853233e-02
#ERR  p: [1521, 753], r: 9.2724580317735672e-03, e: 9.2689618468284607e-03
#ERR  p: [1476, 753], r: 9.7001511603593826e-03, e: 9.6964947879314423e-03
#ERR  p: [1656, 753], r: 8.1014158204197884e-03, e: 8.0983610823750496e-03
#ERR  p: [891, 753], r: 1.7411082983016968e-02, e: 1.7404520884156227e-02
#ERR  p: [1305, 753], r: 1.1507973074913025e-02, e: 1.1503634043037891e-02
#ERR  p: [1071, 753], r: 1.4543893747031689e-02, e: 1.4538411051034927e-02
#ERR  p: [1098, 753], r: 1.4156545512378216e-02, e: 1.4151209034025669e-02
#ERR  p: [1395, 753], r: 1.0518671944737434e-02, e: 1.0514707304537296e-02
#ERR  p: [1458, 753], r: 9.8762717097997665e-03, e: 9.8725482821464539e-03
#ERR  p: [1413, 753], r: 1.0330170392990112e-02, e: 1.0326276533305645e-02
#ERR  p: [1116, 753], r: 1.3902166858315468e-02, e: 1.3896925374865532e-02
#ERR  p: [990, 753], r: 1.5768656507134438e-02, e: 1.5762710943818092e-02
#ERR  p: [1719, 753], r: 7.6070702634751797e-03, e: 7.6042022556066513e-03
#ERR  p: [1692, 753], r: 7.8159403055906296e-03, e: 7.8129945322871208e-03
#ERR  p: [1593, 753], r: 8.6283395066857338e-03, e: 8.6250863969326019e-03
#ERR  p: [1674, 753], r: 7.9573085531592369e-03, e: 7.9543087631464005e-03
#ERR  p: [1629, 753], r: 8.3234310150146484e-03, e: 8.3202933892607689e-03
#ERR  p: [1647, 753], r: 8.1741884350776672e-03, e: 8.1711066886782646e-03
#ERR  p: [1530, 753], r: 9.1895963996648788e-03, e: 9.1861318796873093e-03
#ERR  p: [1638, 753], r: 8.2491375505924225e-03, e: 8.2460269331932068e-03
#ERR  p: [1557, 753], r: 8.9449444785714149e-03, e: 8.9415721595287323e-03
#ERR  p: [1503, 753], r: 9.4412639737129211e-03, e: 9.4377044588327408e-03
#ERR  p: [1494, 753], r: 9.5276134088635445e-03, e: 9.5240222290158272e-03
#ERR  p: [972, 753], r: 1.6058500856161118e-02, e: 1.6052449122071266e-02
#ERR  p: [1611, 753], r: 8.4746191278100014e-03, e: 8.4714237600564957e-03
#ERR  p: [1449, 753], r: 9.9644288420677185e-03, e: 9.9606718868017197e-03
#ERR  p: [1422, 753], r: 1.0238074697554111e-02, e: 1.0234214365482330e-02
#ERR  p: [1044, 753], r: 1.4940317720174789e-02, e: 1.4934684149920940e-02
#ERR  p: [1080, 753], r: 1.4414429664611816e-02, e: 1.4408997260034084e-02
#ERR  p: [1107, 753], r: 1.4027791097760201e-02, e: 1.4022502116858959e-02
#ERR  p: [999, 753], r: 1.5627127140760422e-02, e: 1.5621235594153404e-02
#ERR  p: [1710, 753], r: 7.6760523952543736e-03, e: 7.6731587760150433e-03
#ERR  p: [1584, 753], r: 8.7069887667894363e-03, e: 8.7037067860364914e-03
#ERR  p: [1683, 753], r: 7.8851506114006042e-03, e: 7.8821778297424316e-03
#ERR  p: [1008, 753], r: 1.5488534234464169e-02, e: 1.5482694841921329e-02
#ERR  p: [1566, 753], r: 8.8648451492190361e-03, e: 8.8615035638213158e-03
#ERR  p: [1512, 753], r: 9.3568367883563042e-03, e: 9.3533098697662354e-03
#ERR  p: [1035, 753], r: 1.5075418166816235e-02, e: 1.5069734305143356e-02
#ERR  p: [1143, 753], r: 1.3532125391066074e-02, e: 1.3527023606002331e-02
#ERR  p: [1575, 753], r: 8.7858494371175766e-03, e: 8.7825376540422440e-03
#ERR  p: [1440, 753], r: 1.0054496116936207e-02, e: 1.0050704702734947e-02
#ERR  p: [1467, 753], r: 9.7877262160181999e-03, e: 9.7840363159775734e-03
#ERR  p: [1548, 753], r: 9.0256696566939354e-03, e: 9.0222675353288651e-03
#ERR  p: [1278, 754], r: 1.1838469654321671e-02, e: 1.1831343173980713e-02
#ERR  p: [1269, 754], r: 1.1944733560085297e-02, e: 1.1937543749809265e-02
#ERR  p: [1242, 754], r: 1.2272719293832779e-02, e: 1.2265332043170929e-02
#ERR  p: [2032, 755], r: 5.5693611502647400e-03, e: 5.5719837546348572e-03
#ERR  p: [1971, 754], r: 5.9204669669270515e-03, e: 5.9169027954339981e-03
#ERR  p: [1197, 754], r: 1.2836176902055740e-02, e: 1.2828446924686432e-02
#ERR  p: [1170, 754], r: 1.3190090656280518e-02, e: 1.3182150200009346e-02
#ERR  p: [1782, 754], r: 7.1519305929541588e-03, e: 7.1476250886917114e-03
#ERR  p: [1161, 754], r: 1.3307549059391022e-02, e: 1.3299535959959030e-02
#ERR  p: [1260, 754], r: 1.2053888291120529e-02, e: 1.2046633288264275e-02
#ERR  p: [1989, 754], r: 5.8142654597759247e-03, e: 5.8107655495405197e-03
#ERR  p: [1998, 754], r: 5.7622697204351425e-03, e: 5.7588014751672745e-03
#ERR  p: [1053, 754], r: 1.4825474470853806e-02, e: 1.4816548675298691e-02
#ERR  p: [1026, 754], r: 1.5232294797897339e-02, e: 1.5223123133182526e-02
#ERR  p: [2016, 754], r: 5.6594079360365868e-03, e: 5.6560002267360687e-03
#ERR  p: [1962, 754], r: 5.9736873954534531e-03, e: 5.9700906276702881e-03
#ERR  p: [2040, 754], r: 5.5261561647057533e-03, e: 5.5228294804692268e-03
#ERR  p: [1944, 754], r: 6.0819517821073532e-03, e: 6.0782898217439651e-03
#ERR  p: [1980, 754], r: 5.8673284947872162e-03, e: 5.8637950569391251e-03
#ERR  p: [2007, 754], r: 5.7101864367723465e-03, e: 5.7067489251494408e-03
#ERR  p: [1251, 755], r: 1.2161429971456528e-02, e: 1.2167155742645264e-02
#ERR  p: [846, 754], r: 1.8239323049783707e-02, e: 1.8228340893983841e-02
#ERR  p: [1917, 754], r: 6.2485439702868462e-03, e: 6.2447823584079742e-03
#ERR  p: [1845, 754], r: 6.7145247012376785e-03, e: 6.7104808986186981e-03
#ERR  p: [1890, 754], r: 6.4191948622465134e-03, e: 6.4153298735618591e-03
#ERR  p: [2024, 755], r: 5.6142918765544891e-03, e: 5.6169349700212479e-03
#ERR  p: [1152, 754], r: 1.3428982347249985e-02, e: 1.3420898467302322e-02
#ERR  p: [1179, 754], r: 1.3070313259959221e-02, e: 1.3062443584203720e-02
#ERR  p: [918, 754], r: 1.6969062387943268e-02, e: 1.6958847641944885e-02
#ERR  p: [1188, 754], r: 1.2953191995620728e-02, e: 1.2945394963026047e-02
#ERR  p: [1953, 754], r: 6.0276323929429054e-03, e: 6.0240048915147781e-03
#ERR  p: [1881, 754], r: 6.4772684127092361e-03, e: 6.4733680337667465e-03
#ERR  p: [837, 754], r: 1.8401384353637695e-02, e: 1.8390305340290070e-02
#ERR  p: [1854, 754], r: 6.6545084118843079e-03, e: 6.6505009308457375e-03
#ERR  p: [1872, 754], r: 6.5368507057428360e-03, e: 6.5329149365425110e-03
#ERR  p: [828, 754], r: 1.8566466867923737e-02, e: 1.8555290997028351e-02
#ERR  p: [1215, 754], r: 1.2609500437974930e-02, e: 1.2601908296346664e-02
#ERR  p: [1809, 754], r: 6.9613307714462280e-03, e: 6.9571398198604584e-03
#ERR  p: [1773, 754], r: 7.2160717099905014e-03, e: 7.2117280215024948e-03
#ERR  p: [1755, 754], r: 7.3478203266859055e-03, e: 7.3433965444564819e-03
#ERR  p: [1899, 754], r: 6.3616186380386353e-03, e: 6.3577890396118164e-03
#ERR  p: [1206, 754], r: 1.2722723186016083e-02, e: 1.2715065851807594e-02
#ERR  p: [1827, 754], r: 6.8373372778296471e-03, e: 6.8332199007272720e-03
#ERR  p: [752, 417], r: 1.4272496104240417e-02, e: 1.4291277155280113e-02
#ERR  p: [1287, 754], r: 1.1732030659914017e-02, e: 1.1724967509508133e-02
#ERR  p: [810, 754], r: 1.8900841474533081e-02, e: 1.8889456987380981e-02
#ERR  p: [954, 754], r: 1.6369618475437164e-02, e: 1.6359761357307434e-02
#ERR  p: [792, 754], r: 1.9244704395532608e-02, e: 1.9233118742704391e-02
#ERR  p: [1386, 754], r: 1.0627478361129761e-02, e: 1.0621080175042152e-02
#ERR  p: [1818, 754], r: 6.8987645208835602e-03, e: 6.8946126848459244e-03
#ERR  p: [819, 754], r: 1.8733367323875427e-02, e: 1.8722087144851685e-02
#ERR  p: [1800, 754], r: 7.0245880633592606e-03, e: 7.0203598588705063e-03
#ERR  p: [1791, 754], r: 7.0879831910133362e-03, e: 7.0837158709764481e-03
#ERR  p: [1926, 754], r: 6.1929617077112198e-03, e: 6.1892326921224594e-03
#ERR  p: [1908, 754], r: 6.3054747879505157e-03, e: 6.3016787171363831e-03
#ERR  p: [1935, 754], r: 6.1361826956272125e-03, e: 6.1324872076511383e-03
#ERR  p: [774, 754], r: 1.9596934318542480e-02, e: 1.9585132598876953e-02
#ERR  p: [909, 754], r: 1.7121888697147369e-02, e: 1.7111580818891525e-02
#ERR  p: [801, 754], r: 1.9072428345680237e-02, e: 1.9060947000980377e-02
#ERR  p: [1665, 754], r: 8.0395266413688660e-03, e: 8.0346874892711639e-03
#ERR  p: [1602, 754], r: 8.5627362132072449e-03, e: 8.5575804114341736e-03
#ERR  p: [936, 754], r: 1.6665235161781311e-02, e: 1.6655202955007553e-02
#ERR  p: [1737, 754], r: 7.4818134307861328e-03, e: 7.4773086234927177e-03
#ERR  p: [1728, 754], r: 7.5488761067390442e-03, e: 7.5443312525749207e-03
#ERR  p: [882, 754], r: 1.7588026821613312e-02, e: 1.7577432096004486e-02
#ERR  p: [1836, 754], r: 6.7761894315481186e-03, e: 6.7721102386713028e-03
#ERR  p: [1134, 754], r: 1.3673055917024612e-02, e: 1.3664826750755310e-02
#ERR  p: [1017, 754], r: 1.5369534492492676e-02, e: 1.5360284596681595e-02
#ERR  p: [1224, 755], r: 1.2496575713157654e-02, e: 1.2502454221248627e-02
#ERR  p: [1089, 754], r: 1.4301782473921776e-02, e: 1.4293173328042030e-02
#ERR  p: [981, 754], r: 1.5932455658912659e-02, e: 1.5922866761684418e-02
#ERR  p: [1233, 755], r: 1.2383360415697098e-02, e: 1.2389194220304489e-02
#ERR  p: [900, 754], r: 1.7278090119361877e-02, e: 1.7267689108848572e-02
#ERR  p: [756, 417], r: 1.4216095209121704e-02, e: 1.4234808273613453e-02
#ERR  p: [1863, 754], r: 6.5953545272350311e-03, e: 6.5913833677768707e-03
#ERR  p: [765, 417], r: 1.4087349176406860e-02, e: 1.4105871319770813e-02
#ERR  p: [1296, 754], r: 1.1627677828073502e-02, e: 1.1620678007602692e-02
#ERR  p: [873, 754], r: 1.7749600112438202e-02, e: 1.7738915979862213e-02
#ERR  p: [945, 754], r: 1.6515307128429413e-02, e: 1.6505368053913116e-02
#ERR  p: [783, 754], r: 1.9422139972448349e-02, e: 1.9410446286201477e-02
#ERR  p: [1332, 754], r: 1.1215958744287491e-02, e: 1.1209206655621529e-02
#ERR  p: [1764, 754], r: 7.2815418243408203e-03, e: 7.2771571576595306e-03
#ERR  p: [1620, 754], r: 8.4108784794807434e-03, e: 8.4058158099651337e-03
#ERR  p: [1746, 754], r: 7.4132252484560013e-03, e: 7.4087614193558693e-03
#ERR  p: [927, 754], r: 1.6818352043628693e-02, e: 1.6808226704597473e-02
#ERR  p: [1539, 754], r: 9.1184582561254501e-03, e: 9.1129671782255173e-03
#ERR  p: [1458, 754], r: 9.8884440958499908e-03, e: 9.8824910819530487e-03
#ERR  p: [1125, 754], r: 1.3794966042041779e-02, e: 1.3786658644676208e-02
#ERR  p: [855, 754], r: 1.8071837723255157e-02, e: 1.8060956150293350e-02
#ERR  p: [1701, 754], r: 7.7552217990159988e-03, e: 7.7505521476268768e-03
#ERR  p: [1377, 754], r: 1.0723281651735306e-02, e: 1.0716825723648071e-02
#ERR  p: [1350, 754], r: 1.1015612632036209e-02, e: 1.1008981615304947e-02
#ERR  p: [1647, 754], r: 8.1856474280357361e-03, e: 8.1807170063257217e-03
#ERR  p: [1314, 754], r: 1.1421322822570801e-02, e: 1.1414445936679840e-02
#ERR  p: [1692, 754], r: 7.8261354938149452e-03, e: 7.8214239329099655e-03
#ERR  p: [1674, 754], r: 7.9688467085361481e-03, e: 7.9640503972768784e-03
#ERR  p: [1593, 754], r: 8.6397789418697357e-03, e: 8.6345784366130829e-03
#ERR  p: [1638, 754], r: 8.2596838474273682e-03, e: 8.2547105848789215e-03
#ERR  p: [1341, 754], r: 1.1114958673715591e-02, e: 1.1108268052339554e-02
#ERR  p: [1323, 754], r: 1.1317931115627289e-02, e: 1.1311117559671402e-02
#ERR  p: [1062, 754], r: 1.4691580086946487e-02, e: 1.4682732522487640e-02
#ERR  p: [864, 754], r: 1.7910197377204895e-02, e: 1.7899412661790848e-02
#ERR  p: [1485, 754], r: 9.6258744597434998e-03, e: 9.6200779080390930e-03
#ERR  p: [1368, 754], r: 1.0820176452398300e-02, e: 1.0813662782311440e-02
#ERR  p: [963, 754], r: 1.6220618039369583e-02, e: 1.6210854053497314e-02
#ERR  p: [1359, 754], r: 1.0917939245700836e-02, e: 1.0911364108324051e-02
#ERR  p: [1404, 754], r: 1.0437052696943283e-02, e: 1.0430768132209778e-02
#ERR  p: [1431, 754], r: 1.0159064084291458e-02, e: 1.0152947157621384e-02
#ERR  p: [1521, 754], r: 9.2844590544700623e-03, e: 9.2788692563772202e-03
#ERR  p: [1656, 754], r: 8.1125348806381226e-03, e: 8.1076491624116898e-03
#ERR  p: [1476, 754], r: 9.7112841904163361e-03, e: 9.7054354846477509e-03
#ERR  p: [891, 754], r: 1.7432622611522675e-02, e: 1.7422124743461609e-02
#ERR  p: [1305, 754], r: 1.1524163186550140e-02, e: 1.1517224833369255e-02
#ERR  p: [1098, 754], r: 1.4171224087476730e-02, e: 1.4162691310048103e-02
#ERR  p: [1071, 754], r: 1.4561666175723076e-02, e: 1.4552898705005646e-02
#ERR  p: [1395, 754], r: 1.0532241314649582e-02, e: 1.0525900870561600e-02
#ERR  p: [1413, 754], r: 1.0343205183744431e-02, e: 1.0336976498365402e-02
#ERR  p: [1116, 754], r: 1.3919826596975327e-02, e: 1.3911444693803787e-02
#ERR  p: [1719, 754], r: 7.6163336634635925e-03, e: 7.6117496937513351e-03
#ERR  p: [990, 754], r: 1.5790142118930817e-02, e: 1.5780642628669739e-02
#ERR  p: [1629, 754], r: 8.3348378539085388e-03, e: 8.3298217505216599e-03
#ERR  p: [1557, 754], r: 8.9567247778177261e-03, e: 8.9513324201107025e-03
#ERR  p: [1530, 754], r: 9.2029459774494171e-03, e: 9.1974064707756042e-03
#ERR  p: [1503, 754], r: 9.4536859542131424e-03, e: 9.4479955732822418e-03
#ERR  p: [1494, 754], r: 9.5382146537303925e-03, e: 9.5324739813804626e-03
#ERR  p: [1449, 754], r: 9.9780764430761337e-03, e: 9.9720694124698639e-03
#ERR  p: [1584, 754], r: 8.7176114320755005e-03, e: 8.7123624980449677e-03
#ERR  p: [1422, 754], r: 1.0251030325889587e-02, e: 1.0244859382510185e-02
#ERR  p: [999, 754], r: 1.5648957341909409e-02, e: 1.5639536082744598e-02
#ERR  p: [1683, 754], r: 7.8967381268739700e-03, e: 7.8919827938079834e-03
#ERR  p: [1035, 754], r: 1.5095677226781845e-02, e: 1.5086587518453598e-02
#ERR  p: [1008, 754], r: 1.5506908297538757e-02, e: 1.5497570857405663e-02
#ERR  p: [1566, 754], r: 8.8761001825332642e-03, e: 8.8707543909549713e-03
#ERR  p: [1575, 754], r: 8.7962821125984192e-03, e: 8.7909847497940063e-03
#ERR  p: [972, 754], r: 1.6076423227787018e-02, e: 1.6066744923591614e-02
#ERR  p: [1512, 754], r: 9.3692801892757416e-03, e: 9.3636400997638702e-03
#ERR  p: [1044, 754], r: 1.4960147440433502e-02, e: 1.4951143413782120e-02
#ERR  p: [1467, 754], r: 9.7996909171342850e-03, e: 9.7937919199466705e-03
#ERR  p: [1269, 755], r: 1.1946439743041992e-02, e: 1.1952064931392670e-02
#ERR  p: [1278, 755], r: 1.1837471276521683e-02, e: 1.1843044310808182e-02
#ERR  p: [1611, 754], r: 8.4854140877723694e-03, e: 8.4803067147731781e-03
#ERR  p: [1080, 754], r: 1.4431081712245941e-02, e: 1.4422394335269928e-02
#ERR  p: [1107, 754], r: 1.4045760035514832e-02, e: 1.4037303626537323e-02
#ERR  p: [1710, 754], r: 7.6857991516590118e-03, e: 7.6811723411083221e-03
#ERR  p: [1143, 754], r: 1.3548679649829865e-02, e: 1.3540521264076233e-02
#ERR  p: [1440, 754], r: 1.0068636387586594e-02, e: 1.0062575340270996e-02
#ERR  p: [1548, 754], r: 9.0372785925865173e-03, e: 9.0318359434604645e-03
#ERR  p: [1242, 755], r: 1.2271106243133545e-02, e: 1.2276880443096161e-02
#ERR  p: [2032, 756], r: 5.5783689022064209e-03, e: 5.5777411907911301e-03
#ERR  p: [1971, 755], r: 5.9195663779973984e-03, e: 5.9223528951406479e-03
#ERR  p: [1197, 755], r: 1.2838594615459442e-02, e: 1.2844637036323547e-02
#ERR  p: [1170, 755], r: 1.3188123703002930e-02, e: 1.3194333761930466e-02
#ERR  p: [1782, 755], r: 7.1509685367345810e-03, e: 7.1543343365192413e-03
#ERR  p: [1881, 755], r: 6.4772292971611023e-03, e: 6.4802803099155426e-03
#ERR  p: [1161, 755], r: 1.3307437300682068e-02, e: 1.3313703238964081e-02
#ERR  p: [1260, 755], r: 1.2052711099386215e-02, e: 1.2058384716510773e-02
#ERR  p: [1908, 755], r: 6.3047688454389572e-03, e: 6.3077379018068314e-03
#ERR  p: [1134, 755], r: 1.3670604676008224e-02, e: 1.3677041977643967e-02
#ERR  p: [1989, 755], r: 5.8140382170677185e-03, e: 5.8167744427919388e-03
#ERR  p: [1998, 755], r: 5.7620983570814133e-03, e: 5.7648103684186935e-03
#ERR  p: [1053, 755], r: 1.4825455844402313e-02, e: 1.4832437038421631e-02
#ERR  p: [963, 755], r: 1.6222186386585236e-02, e: 1.6229823231697083e-02
#ERR  p: [1026, 755], r: 1.5231337398290634e-02, e: 1.5238512307405472e-02
#ERR  p: [2016, 755], r: 5.6598484516143799e-03, e: 5.6625120341777802e-03
#ERR  p: [1962, 755], r: 5.9736464172601700e-03, e: 5.9764590114355087e-03
#ERR  p: [2040, 755], r: 5.5246334522962570e-03, e: 5.5272355675697327e-03
#ERR  p: [1944, 755], r: 6.0824006795883179e-03, e: 6.0852635651826859e-03
#ERR  p: [1980, 755], r: 5.8666542172431946e-03, e: 5.8694183826446533e-03
#ERR  p: [2007, 755], r: 5.7104285806417465e-03, e: 5.7131163775920868e-03
#ERR  p: [1251, 756], r: 1.2179113924503326e-02, e: 1.2177743017673492e-02
#ERR  p: [846, 755], r: 1.8234226852655411e-02, e: 1.8242813646793365e-02
#ERR  p: [1917, 755], r: 6.2485057860612869e-03, e: 6.2514469027519226e-03
#ERR  p: [1845, 755], r: 6.7146886140108109e-03, e: 6.7178513854742050e-03
#ERR  p: [1890, 755], r: 6.4187794923782349e-03, e: 6.4218025654554367e-03
#ERR  p: [918, 755], r: 1.6967352479696274e-02, e: 1.6975343227386475e-02
#ERR  p: [2024, 756], r: 5.6220926344394684e-03, e: 5.6214593350887299e-03
#ERR  p: [1152, 755], r: 1.3425633311271667e-02, e: 1.3431955128908157e-02
#ERR  p: [1179, 755], r: 1.3070080429315567e-02, e: 1.3076234608888626e-02
#ERR  p: [1188, 755], r: 1.2952521443367004e-02, e: 1.2958616018295288e-02
#ERR  p: [1953, 755], r: 6.0269087553024292e-03, e: 6.0297474265098572e-03
#ERR  p: [837, 755], r: 1.8399246037006378e-02, e: 1.8407911062240601e-02
#ERR  p: [1287, 755], r: 1.1731769889593124e-02, e: 1.1737294495105743e-02
#ERR  p: [1854, 755], r: 6.6543463617563248e-03, e: 6.6574811935424805e-03
#ERR  p: [819, 755], r: 1.8732003867626190e-02, e: 1.8740825355052948e-02
#ERR  p: [1926, 755], r: 6.1923302710056305e-03, e: 6.1952471733093262e-03
#ERR  p: [1872, 755], r: 6.5352153033018112e-03, e: 6.5382923930883408e-03
#ERR  p: [1728, 755], r: 7.5482372194528580e-03, e: 7.5517930090427399e-03
#ERR  p: [828, 755], r: 1.8566295504570007e-02, e: 1.8575035035610199e-02
#ERR  p: [1089, 755], r: 1.4300972223281860e-02, e: 1.4307707548141479e-02
#ERR  p: [1215, 755], r: 1.2606449425220490e-02, e: 1.2612387537956238e-02
#ERR  p: [1809, 755], r: 6.9605316966772079e-03, e: 6.9638080894947052e-03
#ERR  p: [1773, 755], r: 7.2166640311479568e-03, e: 7.2200614959001541e-03
#ERR  p: [1755, 755], r: 7.3468871414661407e-03, e: 7.3503460735082626e-03
#ERR  p: [1899, 755], r: 6.3625480979681015e-03, e: 6.3655432313680649e-03
#ERR  p: [1206, 755], r: 1.2722350656986237e-02, e: 1.2728337198495865e-02
#ERR  p: [1233, 756], r: 1.2401763349771500e-02, e: 1.2400366365909576e-02
#ERR  p: [1827, 755], r: 6.8365354090929031e-03, e: 6.8397540599107742e-03
#ERR  p: [752, 418], r: 1.4318138360977173e-02, e: 1.4307841658592224e-02
#ERR  p: [810, 755], r: 1.8905319273471832e-02, e: 1.8914222717285156e-02
#ERR  p: [954, 755], r: 1.6366507858037949e-02, e: 1.6374211758375168e-02
#ERR  p: [792, 755], r: 1.9248537719249725e-02, e: 1.9257601350545883e-02
#ERR  p: [1818, 755], r: 6.8983267992734909e-03, e: 6.9015733897686005e-03
#ERR  p: [1800, 755], r: 7.0227533578872681e-03, e: 7.0260595530271530e-03
#ERR  p: [945, 755], r: 1.6516819596290588e-02, e: 1.6524590551853180e-02
#ERR  p: [1386, 755], r: 1.0624498128890991e-02, e: 1.0629501193761826e-02
#ERR  p: [1620, 755], r: 8.4074586629867554e-03, e: 8.4114186465740204e-03
#ERR  p: [1764, 755], r: 7.2815343737602234e-03, e: 7.2849653661251068e-03
#ERR  p: [1791, 755], r: 7.0871114730834961e-03, e: 7.0904493331909180e-03
#ERR  p: [1935, 755], r: 6.1375666409730911e-03, e: 6.1404556035995483e-03
#ERR  p: [774, 755], r: 1.9594457000494003e-02, e: 1.9603688269853592e-02
#ERR  p: [909, 755], r: 1.7121519893407822e-02, e: 1.7129577696323395e-02
#ERR  p: [801, 755], r: 1.9074648618698120e-02, e: 1.9083626568317413e-02
#ERR  p: [1665, 755], r: 8.0396253615617752e-03, e: 8.0434083938598633e-03
#ERR  p: [1602, 755], r: 8.5624158382415771e-03, e: 8.5664484649896622e-03
#ERR  p: [936, 755], r: 1.6665101051330566e-02, e: 1.6672946512699127e-02
#ERR  p: [1737, 755], r: 7.4799098074436188e-03, e: 7.4834320694208145e-03
#ERR  p: [882, 755], r: 1.7592541873455048e-02, e: 1.7600826919078827e-02
#ERR  p: [1836, 755], r: 6.7752283066511154e-03, e: 6.7784171551465988e-03
#ERR  p: [1017, 755], r: 1.5368569642305374e-02, e: 1.5375800430774689e-02
#ERR  p: [1224, 756], r: 1.2512449175119400e-02, e: 1.2511044740676880e-02
#ERR  p: [981, 755], r: 1.5933327376842499e-02, e: 1.5940830111503601e-02
#ERR  p: [900, 755], r: 1.7276559025049210e-02, e: 1.7284691333770752e-02
#ERR  p: [756, 418], r: 1.4260917901992798e-02, e: 1.4250680804252625e-02
#ERR  p: [1863, 755], r: 6.5954364836215973e-03, e: 6.5985415130853653e-03
#ERR  p: [1296, 755], r: 1.1626388877630234e-02, e: 1.1631861329078674e-02
#ERR  p: [765, 418], r: 1.4134734869003296e-02, e: 1.4124590903520584e-02
#ERR  p: [1332, 755], r: 1.1215448379516602e-02, e: 1.1220730841159821e-02
#ERR  p: [873, 755], r: 1.7747893929481506e-02, e: 1.7756246030330658e-02
#ERR  p: [1125, 755], r: 1.3795413076877594e-02, e: 1.3801909983158112e-02
#ERR  p: [783, 755], r: 1.9420944154262543e-02, e: 1.9430093467235565e-02
#ERR  p: [1746, 755], r: 7.4136760085821152e-03, e: 7.4171666055917740e-03
#ERR  p: [855, 755], r: 1.8071025609970093e-02, e: 1.8079534173011780e-02
#ERR  p: [1458, 755], r: 9.8877213895320892e-03, e: 9.8923742771148682e-03
#ERR  p: [927, 755], r: 1.6815632581710815e-02, e: 1.6823548823595047e-02
#ERR  p: [1539, 755], r: 9.1191120445728302e-03, e: 9.1234054416418076e-03
#ERR  p: [1701, 755], r: 7.7549088746309280e-03, e: 7.7585596591234207e-03
#ERR  p: [1377, 755], r: 1.0723717510700226e-02, e: 1.0728765279054642e-02
#ERR  p: [1350, 755], r: 1.1016093194484711e-02, e: 1.1021278798580170e-02
#ERR  p: [1674, 755], r: 7.9664289951324463e-03, e: 7.9701803624629974e-03
#ERR  p: [1692, 755], r: 7.8247189521789551e-03, e: 7.8284032642841339e-03
#ERR  p: [1638, 755], r: 8.2585755735635757e-03, e: 8.2624629139900208e-03
#ERR  p: [1647, 755], r: 8.1856548786163330e-03, e: 8.1895068287849426e-03
#ERR  p: [1314, 755], r: 1.1419273912906647e-02, e: 1.1424653232097626e-02
#ERR  p: [1593, 755], r: 8.6395330727100372e-03, e: 8.6436010897159576e-03
#ERR  p: [1323, 755], r: 1.1315848678350449e-02, e: 1.1321175843477249e-02
#ERR  p: [1485, 755], r: 9.6246339380741119e-03, e: 9.6291638910770416e-03
#ERR  p: [1341, 755], r: 1.1114638298749924e-02, e: 1.1119872331619263e-02
#ERR  p: [1062, 755], r: 1.4693096280097961e-02, e: 1.4700014144182205e-02
#ERR  p: [864, 755], r: 1.7909441143274307e-02, e: 1.7917875200510025e-02
#ERR  p: [1368, 755], r: 1.0819647461175919e-02, e: 1.0824739933013916e-02
#ERR  p: [1359, 755], r: 1.0916251689195633e-02, e: 1.0921392589807510e-02
#ERR  p: [1404, 755], r: 1.0435314849019051e-02, e: 1.0440228506922722e-02
#ERR  p: [1521, 755], r: 9.2850718647241592e-03, e: 9.2894453555345535e-03
#ERR  p: [1431, 755], r: 1.0157600045204163e-02, e: 1.0162383317947388e-02
#ERR  p: [1656, 755], r: 8.1121399998664856e-03, e: 8.1159602850675583e-03
#ERR  p: [891, 755], r: 1.7432011663913727e-02, e: 1.7440222203731537e-02
#ERR  p: [1305, 755], r: 1.1523805558681488e-02, e: 1.1529229581356049e-02
#ERR  p: [1476, 755], r: 9.7134262323379517e-03, e: 9.7180008888244629e-03
#ERR  p: [990, 755], r: 1.5790335834026337e-02, e: 1.5797764062881470e-02
#ERR  p: [1071, 755], r: 1.4560252428054810e-02, e: 1.4567110687494278e-02
#ERR  p: [1098, 755], r: 1.4174159616231918e-02, e: 1.4180831611156464e-02
#ERR  p: [1395, 755], r: 1.0529972612857819e-02, e: 1.0534930974245071e-02
#ERR  p: [1629, 755], r: 8.3344802260398865e-03, e: 8.3383992314338684e-03
#ERR  p: [1557, 755], r: 8.9558865875005722e-03, e: 8.9601054787635803e-03
#ERR  p: [1503, 755], r: 9.4519369304180145e-03, e: 9.4563849270343781e-03
#ERR  p: [1530, 755], r: 9.2000719159841537e-03, e: 9.2044044286012650e-03
#ERR  p: [1719, 755], r: 7.6173990964889526e-03, e: 7.6209846884012222e-03
#ERR  p: [1413, 755], r: 1.0343387722969055e-02, e: 1.0348256677389145e-02
#ERR  p: [1116, 755], r: 1.3919208198785782e-02, e: 1.3925760984420776e-02
#ERR  p: [1584, 755], r: 8.7171159684658051e-03, e: 8.7212193757295609e-03
#ERR  p: [1035, 755], r: 1.5093546360731125e-02, e: 1.5100654214620590e-02
#ERR  p: [1422, 755], r: 1.0248810052871704e-02, e: 1.0253634303808212e-02
#ERR  p: [1683, 755], r: 7.8946501016616821e-03, e: 7.8983679413795471e-03
#ERR  p: [999, 755], r: 1.5646763145923615e-02, e: 1.5654128044843674e-02
#ERR  p: [1575, 755], r: 8.7958574295043945e-03, e: 8.8000018149614334e-03
#ERR  p: [1566, 755], r: 8.8762007653713226e-03, e: 8.8803805410861969e-03
#ERR  p: [1008, 755], r: 1.5507500618696213e-02, e: 1.5514802187681198e-02
#ERR  p: [1449, 755], r: 9.9769961088895798e-03, e: 9.9816918373107910e-03
#ERR  p: [1494, 755], r: 9.5386262983083725e-03, e: 9.5431171357631683e-03
#ERR  p: [1467, 755], r: 9.7995735704898834e-03, e: 9.8041854798793793e-03
#ERR  p: [972, 755], r: 1.6075074672698975e-02, e: 1.6082644462585449e-02
#ERR  p: [1044, 755], r: 1.4959082007408142e-02, e: 1.4966122806072235e-02
#ERR  p: [1269, 756], r: 1.1962555348873138e-02, e: 1.1961210519075394e-02
#ERR  p: [1080, 755], r: 1.4429554343223572e-02, e: 1.4436345547437668e-02
#ERR  p: [1107, 755], r: 1.4045841991901398e-02, e: 1.4052454382181168e-02
#ERR  p: [1512, 755], r: 9.3681085854768753e-03, e: 9.3725174665451050e-03
#ERR  p: [1611, 755], r: 8.4843970835208893e-03, e: 8.4883905947208405e-03
#ERR  p: [1710, 755], r: 7.6855309307575226e-03, e: 7.6891500502824783e-03
#ERR  p: [1278, 756], r: 1.1854644864797592e-02, e: 1.1853307485580444e-02
#ERR  p: [1440, 755], r: 1.0067647323012352e-02, e: 1.0072387754917145e-02
#ERR  p: [1548, 755], r: 9.0369321405887604e-03, e: 9.0411882847547531e-03
#ERR  p: [1143, 755], r: 1.3549763709306717e-02, e: 1.3556141406297684e-02
#ERR  p: [1242, 756], r: 1.2289457023143768e-02, e: 1.2288071215152740e-02
#ERR  p: [2032, 757], r: 5.5819246917963028e-03, e: 5.5820029228925705e-03
#ERR  p: [1197, 756], r: 1.2853395193815231e-02, e: 1.2851946055889130e-02
#ERR  p: [1971, 756], r: 5.9286449104547501e-03, e: 5.9279762208461761e-03
#ERR  p: [1170, 756], r: 1.3207774609327316e-02, e: 1.3206284493207932e-02
#ERR  p: [1782, 756], r: 7.1623325347900391e-03, e: 7.1615278720855713e-03
#ERR  p: [1881, 756], r: 6.4870025962591171e-03, e: 6.4862687140703201e-03
#ERR  p: [1161, 756], r: 1.3326242566108704e-02, e: 1.3324741274118423e-02
#ERR  p: [1755, 756], r: 7.3576960712671280e-03, e: 7.3568709194660187e-03
#ERR  p: [1260, 756], r: 1.2071836739778519e-02, e: 1.2070477008819580e-02
#ERR  p: [1908, 756], r: 6.3141379505395889e-03, e: 6.3134282827377319e-03
#ERR  p: [1134, 756], r: 1.3691380620002747e-02, e: 1.3689834624528885e-02
#ERR  p: [1989, 756], r: 5.8226119726896286e-03, e: 5.8219581842422485e-03
#ERR  p: [1998, 756], r: 5.7707931846380234e-03, e: 5.7701431214809418e-03
#ERR  p: [1053, 756], r: 1.4843899756669998e-02, e: 1.4842230826616287e-02
#ERR  p: [963, 756], r: 1.6244515776634216e-02, e: 1.6242682933807373e-02
#ERR  p: [1026, 756], r: 1.5251159667968750e-02, e: 1.5249434858560562e-02
#ERR  p: [2016, 756], r: 5.6675598025321960e-03, e: 5.6669227778911591e-03
#ERR  p: [1962, 756], r: 5.9819258749485016e-03, e: 5.9812497347593307e-03
#ERR  p: [2040, 756], r: 5.5335089564323425e-03, e: 5.5328831076622009e-03
#ERR  p: [1944, 756], r: 6.0903131961822510e-03, e: 6.0896277427673340e-03
#ERR  p: [846, 756], r: 1.8259406089782715e-02, e: 1.8257349729537964e-02
#ERR  p: [1980, 756], r: 5.8759190142154694e-03, e: 5.8752559125423431e-03
#ERR  p: [2007, 756], r: 5.7192109525203705e-03, e: 5.7185702025890350e-03
#ERR  p: [1251, 757], r: 1.2189902365207672e-02, e: 1.2190073728561401e-02
#ERR  p: [1917, 756], r: 6.2570720911026001e-03, e: 6.2563680112361908e-03
#ERR  p: [1845, 756], r: 6.7245792597532272e-03, e: 6.7238211631774902e-03
#ERR  p: [1890, 756], r: 6.4292047172784805e-03, e: 6.4284782856702805e-03
#ERR  p: [1179, 756], r: 1.3088189065456390e-02, e: 1.3086717575788498e-02
#ERR  p: [918, 756], r: 1.6991771757602692e-02, e: 1.6989856958389282e-02
#ERR  p: [1152, 756], r: 1.3448197394609451e-02, e: 1.3446684926748276e-02
#ERR  p: [2024, 757], r: 5.6278035044670105e-03, e: 5.6278817355632782e-03
#ERR  p: [1188, 756], r: 1.2972220778465271e-02, e: 1.2970764189958572e-02
#ERR  p: [1953, 756], r: 6.0367919504642487e-03, e: 6.0361102223396301e-03
#ERR  p: [837, 756], r: 1.8426656723022461e-02, e: 1.8424585461616516e-02
#ERR  p: [1089, 756], r: 1.4322824776172638e-02, e: 1.4321208000183105e-02
#ERR  p: [1287, 756], r: 1.1749789118766785e-02, e: 1.1748462915420532e-02
#ERR  p: [1854, 756], r: 6.6641755402088165e-03, e: 6.6634230315685272e-03
#ERR  p: [819, 756], r: 1.8762826919555664e-02, e: 1.8760710954666138e-02
#ERR  p: [1926, 756], r: 6.2008462846279144e-03, e: 6.2001496553421021e-03
#ERR  p: [1872, 756], r: 6.5460130572319031e-03, e: 6.5452773123979568e-03
#ERR  p: [1728, 756], r: 7.5591392815113068e-03, e: 7.5582861900329590e-03
#ERR  p: [810, 756], r: 1.8929630517959595e-02, e: 1.8927499651908875e-02
#ERR  p: [828, 756], r: 1.8592983484268188e-02, e: 1.8590882420539856e-02
#ERR  p: [1809, 756], r: 6.9709159433841705e-03, e: 6.9701317697763443e-03
#ERR  p: [954, 756], r: 1.6391150653362274e-02, e: 1.6389310359954834e-02
#ERR  p: [792, 756], r: 1.9274383783340454e-02, e: 1.9272208213806152e-02
#ERR  p: [1215, 756], r: 1.2626107782125473e-02, e: 1.2624692171812057e-02
#ERR  p: [1773, 756], r: 7.2262194007635117e-03, e: 7.2254035621881485e-03
#ERR  p: [1899, 756], r: 6.3705164939165115e-03, e: 6.3697975128889084e-03
#ERR  p: [1233, 757], r: 1.2410547584295273e-02, e: 1.2410718947649002e-02
#ERR  p: [1206, 756], r: 1.2739207595586777e-02, e: 1.2737773358821869e-02
#ERR  p: [1827, 756], r: 6.8463422358036041e-03, e: 6.8455711007118225e-03
#ERR  p: [752, 419], r: 1.4342427253723145e-02, e: 1.4321267604827881e-02
#ERR  p: [1818, 756], r: 6.9085843861103058e-03, e: 6.9078076630830765e-03
#ERR  p: [1386, 756], r: 1.0642409324645996e-02, e: 1.0641209781169891e-02
#ERR  p: [1800, 756], r: 7.0341527462005615e-03, e: 7.0333611220121384e-03
#ERR  p: [945, 756], r: 1.6539335250854492e-02, e: 1.6537472605705261e-02
#SDC Ite:0 KerTime:22.747170 AccTime:22.747170 KerErr:1672412 AccErr:1672412
#ABORT too many errors per iteration
#END