2016-10-28 20:43:14:Starting GDB script
2016-10-28 20:43:15:sending signal using command: 'ssh -T mic0 killall -2 lavamd' after 1.18769588526s
2016-10-28 20:43:15:shell stdout: 
2016-10-28 20:43:17:sending signal using command: 'ssh -T mic0 killall -2 lavamd' after 2.24723067758s
2016-10-28 20:43:17:shell stdout: 
2016-10-28 20:43:18:sending signal using command: 'ssh -T mic0 killall -2 lavamd' after 3.72876652232s
2016-10-28 20:43:18:shell stdout: 
2016-10-28 20:43:19:sending signal using command: 'ssh -T mic0 killall -2 lavamd' after 4.16470374748s
2016-10-28 20:43:19:shell stdout: 
2016-10-28 20:43:20:sending signal using command: 'ssh -T mic0 killall -2 lavamd' after 5.00691479878s
2016-10-28 20:43:20:shell stdout: 
2016-10-28 20:43:20:sending signal using command: 'ssh -T mic0 killall -2 lavamd' after 5.87744601334s
2016-10-28 20:43:20:shell stdout: 
2016-10-28 20:43:22:sending signal using command: 'ssh -T mic0 killall -2 lavamd' after 7.08669749799s
2016-10-28 20:43:22:shell stdout: 
2016-10-28 20:43:23:sending signal using command: 'ssh -T mic0 killall -2 lavamd' after 8.31844710923s
2016-10-28 20:43:23:shell stdout: 
2016-10-28 20:43:23:sending signal using command: 'ssh -T mic0 killall -2 lavamd' after 9.11517317964s
2016-10-28 20:43:23:shell stdout: 
2016-10-28 20:43:24:sending signal using command: 'ssh -T mic0 killall -2 lavamd' after 9.46680506055s
2016-10-28 20:43:24:shell stdout: 
2016-10-28 20:43:31:no gdbExecName running, out:
2016-10-28 20:43:31:checCmd:ps -e | grep -i gdb-mic
2016-10-28 20:43:31:finished now-timestampStart < maxWaitTime*5
2016-10-28 20:43:31:now: 1477701810
2016-10-28 20:43:31:timestampStart: 1477701794
2016-10-28 20:43:31:kill cmd: killall -9 gdb-mic
2016-10-28 20:43:31:shell stdout: 
2016-10-28 20:43:31:kill cmd: ssh -T mic0 killall -9 lavamd
2016-10-28 20:43:31:shell stdout: 
2016-10-28 20:43:32:kill cmd: ssh -T mic0 killall -9 gdbserver
2016-10-28 20:43:32:shell stdout: 
2016-10-28 20:43:32:kill cmd: ssh -T mic0 killall -9 sshd
2016-10-28 20:43:32:shell stdout: 
