2016-10-14 03:22:07:Starting GDB script
2016-10-14 03:22:10:sending signal using command: 'ssh -T mic0 killall -2 hotspot_check' after 3.19899311354s
2016-10-14 03:22:10:shell stdout: 
2016-10-14 03:22:10:sending signal using command: 'ssh -T mic0 killall -2 hotspot_check' after 3.38435829685s
2016-10-14 03:22:10:shell stdout: 
2016-10-14 03:22:11:sending signal using command: 'ssh -T mic0 killall -2 hotspot_check' after 4.11465995611s
2016-10-14 03:22:11:shell stdout: 
2016-10-14 03:22:15:sending signal using command: 'ssh -T mic0 killall -2 hotspot_check' after 7.89318833649s
2016-10-14 03:22:15:shell stdout: 
2016-10-14 03:22:15:sending signal using command: 'ssh -T mic0 killall -2 hotspot_check' after 7.94125865008s
2016-10-14 03:22:15:shell stdout: 
2016-10-14 03:22:16:sending signal using command: 'ssh -T mic0 killall -2 hotspot_check' after 8.51749139651s
2016-10-14 03:22:16:shell stdout: 
2016-10-14 03:22:16:sending signal using command: 'ssh -T mic0 killall -2 hotspot_check' after 8.68046553205s
2016-10-14 03:22:16:shell stdout: 
2016-10-14 03:22:16:sending signal using command: 'ssh -T mic0 killall -2 hotspot_check' after 8.78100296124s
2016-10-14 03:22:16:shell stdout: 
2016-10-14 03:22:18:sending signal using command: 'ssh -T mic0 killall -2 hotspot_check' after 11.3461925201s
2016-10-14 03:22:18:shell stdout: 
2016-10-14 03:22:22:sending signal using command: 'ssh -T mic0 killall -2 hotspot_check' after 14.8146326394s
2016-10-14 03:22:22:shell stdout: 
2016-10-14 03:22:27:no gdbExecName running, out:
2016-10-14 03:22:27:checCmd:ps -e | grep -i gdb-mic
2016-10-14 03:22:27:finished now-timestampStart < maxWaitTime*5
2016-10-14 03:22:27:now: 1476429746
2016-10-14 03:22:27:timestampStart: 1476429727
2016-10-14 03:22:27:kill cmd: killall -9 gdb-mic
2016-10-14 03:22:27:shell stdout: 
2016-10-14 03:22:27:kill cmd: ssh -T mic0 killall -9 hotspot_check
2016-10-14 03:22:27:shell stdout: 
2016-10-14 03:22:28:kill cmd: ssh -T mic0 killall -9 gdbserver
2016-10-14 03:22:28:shell stdout: 
