2016-10-28 08:31:28:Starting GDB script
2016-10-28 08:31:30:sending signal using command: 'ssh -T mic0 killall -2 needle_check' after 1.44644426786s
2016-10-28 08:31:30:shell stdout: 
2016-10-28 08:31:31:sending signal using command: 'ssh -T mic0 killall -2 needle_check' after 2.56610210783s
2016-10-28 08:31:31:shell stdout: 
2016-10-28 08:31:32:sending signal using command: 'ssh -T mic0 killall -2 needle_check' after 3.75664451657s
2016-10-28 08:31:32:shell stdout: 
2016-10-28 08:31:33:sending signal using command: 'ssh -T mic0 killall -2 needle_check' after 5.52872084009s
2016-10-28 08:31:33:shell stdout: 
2016-10-28 08:31:38:sending signal using command: 'ssh -T mic0 killall -2 needle_check' after 9.76880476221s
2016-10-28 08:31:38:shell stdout: 
2016-10-28 08:31:40:sending signal using command: 'ssh -T mic0 killall -2 needle_check' after 12.4609582267s
2016-10-28 08:31:40:shell stdout: 
2016-10-28 08:31:41:sending signal using command: 'ssh -T mic0 killall -2 needle_check' after 12.9111380518s
2016-10-28 08:31:41:shell stdout: 
2016-10-28 08:31:42:sending signal using command: 'ssh -T mic0 killall -2 needle_check' after 13.5268527395s
2016-10-28 08:31:42:shell stdout: 
2016-10-28 08:31:44:sending signal using command: 'ssh -T mic0 killall -2 needle_check' after 15.4980299505s
2016-10-28 08:31:44:shell stdout: 
2016-10-28 08:31:44:sending signal using command: 'ssh -T mic0 killall -2 needle_check' after 15.9360872419s
2016-10-28 08:31:44:shell stdout: 
2016-10-28 08:31:49:no gdbExecName running, out:
2016-10-28 08:31:49:checCmd:ps -e | grep -i gdb-mic
2016-10-28 08:31:49:finished now-timestampStart < maxWaitTime*5
2016-10-28 08:31:49:now: 1477657908
2016-10-28 08:31:49:timestampStart: 1477657888
2016-10-28 08:31:49:kill cmd: killall -9 gdb-mic
2016-10-28 08:31:49:shell stdout: 
2016-10-28 08:31:49:kill cmd: ssh -T mic0 killall -9 needle_check
2016-10-28 08:31:49:shell stdout: 
2016-10-28 08:31:50:kill cmd: ssh -T mic0 killall -9 gdbserver
2016-10-28 08:31:50:shell stdout: 
2016-10-28 08:31:50:kill cmd: ssh -T mic0 killall -9 sshd
2016-10-28 08:31:50:shell stdout: 
