[INFO -- 2017-03-07 14:21:36]
Starting GDB script
[INFO -- 2017-03-07 14:21:36]
initSignal:40.0
[INFO -- 2017-03-07 14:21:36]
endSignal:49.0
[INFO -- 2017-03-07 14:21:36]
seqSignal:20
[INFO -- 2017-03-07 14:22:21]
sending 20 signals using command: 'ssh -T mic0 killall -2 clamr_openmponly' after 45.4421671047s
[INFO -- 2017-03-07 14:22:21]
sending 20 signals using command: 'ssh -T mic0 killall -2 clamr_openmponly' after 45.5435712718s
[INFO -- 2017-03-07 14:22:22]
shell stdout: 
[INFO -- 2017-03-07 14:22:22]
shell stdout: 
[INFO -- 2017-03-07 14:22:22]
shell stdout: 
[INFO -- 2017-03-07 14:22:22]
shell stdout: 
[INFO -- 2017-03-07 14:22:23]
shell stdout: 
[INFO -- 2017-03-07 14:22:23]
shell stdout: 
[INFO -- 2017-03-07 14:22:23]
shell stdout: 
[INFO -- 2017-03-07 14:22:23]
shell stdout: 
[INFO -- 2017-03-07 14:22:24]
shell stdout: 
[INFO -- 2017-03-07 14:22:24]
shell stdout: 
[INFO -- 2017-03-07 14:22:24]
shell stdout: 
[INFO -- 2017-03-07 14:22:24]
shell stdout: 
[INFO -- 2017-03-07 14:22:25]
shell stdout: 
[INFO -- 2017-03-07 14:22:25]
shell stdout: 
[INFO -- 2017-03-07 14:22:25]
shell stdout: 
[INFO -- 2017-03-07 14:22:25]
shell stdout: 
[INFO -- 2017-03-07 14:22:25]
shell stdout: 
[INFO -- 2017-03-07 14:22:26]
shell stdout: 
[INFO -- 2017-03-07 14:22:26]
shell stdout: 
[INFO -- 2017-03-07 14:22:26]
shell stdout: 
[INFO -- 2017-03-07 14:22:26]
shell stdout: 
[INFO -- 2017-03-07 14:22:26]
shell stdout: 
[INFO -- 2017-03-07 14:22:27]
shell stdout: 
[INFO -- 2017-03-07 14:22:27]
shell stdout: 
[INFO -- 2017-03-07 14:22:27]
shell stdout: 
[INFO -- 2017-03-07 14:22:27]
shell stdout: 
[INFO -- 2017-03-07 14:22:28]
shell stdout: 
[INFO -- 2017-03-07 14:22:28]
shell stdout: 
[INFO -- 2017-03-07 14:22:28]
shell stdout: 
[INFO -- 2017-03-07 14:22:28]
shell stdout: 
[INFO -- 2017-03-07 14:22:28]
shell stdout: 
[INFO -- 2017-03-07 14:22:29]
shell stdout: 
[INFO -- 2017-03-07 14:22:29]
shell stdout: 
[INFO -- 2017-03-07 14:22:29]
shell stdout: 
[INFO -- 2017-03-07 14:22:29]
shell stdout: 
[INFO -- 2017-03-07 14:22:29]
shell stdout: 
[INFO -- 2017-03-07 14:22:30]
shell stdout: 
[INFO -- 2017-03-07 14:22:30]
shell stdout: 
[INFO -- 2017-03-07 14:22:30]
shell stdout: 
[INFO -- 2017-03-07 14:22:30]
shell stdout: 
[INFO -- 2017-03-07 14:24:26]
no gdbExecName running, out:
[INFO -- 2017-03-07 14:24:26]
checCmd:ps -e | grep -i gdb-mic
[INFO -- 2017-03-07 14:24:26]
finished now-timestampStart < maxWaitTime*5
[INFO -- 2017-03-07 14:24:26]
now: 1488914657
[INFO -- 2017-03-07 14:24:26]
timestampStart: 1488914496
[INFO -- 2017-03-07 14:24:26]
kill cmd: killall -9 gdb-mic
[INFO -- 2017-03-07 14:24:26]
shell stdout: 
[INFO -- 2017-03-07 14:24:26]
kill cmd: ssh -T mic0 killall -9 clamr_openmponly
[INFO -- 2017-03-07 14:24:26]
shell stdout: 
[INFO -- 2017-03-07 14:24:26]
kill cmd: ssh -T mic0 killall -9 gdbserver
[INFO -- 2017-03-07 14:24:26]
shell stdout: 
[INFO -- 2017-03-07 14:24:27]
kill cmd: ssh -T mic0 killall -9 sshd
[INFO -- 2017-03-07 14:24:27]
shell stdout: 
