2017-01-24 23:45:30:Starting GDB script
2017-01-24 23:45:30:initSignal:7.0
2017-01-24 23:45:30:endSignal:14.0
2017-01-24 23:45:30:seqSignal:15
2017-01-24 23:45:39:sending 15 signals using command: 'ssh -T mic1 killall -2 dgemm_check' after 8.65599800293s
2017-01-24 23:45:40:shell stdout: 
2017-01-24 23:45:40:sending 15 signals using command: 'ssh -T mic1 killall -2 dgemm_check' after 9.61667549957s
2017-01-24 23:45:40:shell stdout: 
2017-01-24 23:45:40:shell stdout: 
2017-01-24 23:45:40:shell stdout: 
2017-01-24 23:45:41:shell stdout: 
2017-01-24 23:45:41:shell stdout: 
2017-01-24 23:45:41:shell stdout: 
2017-01-24 23:45:41:shell stdout: 
2017-01-24 23:45:41:shell stdout: 
2017-01-24 23:45:42:shell stdout: 
2017-01-24 23:45:42:shell stdout: 
2017-01-24 23:45:42:shell stdout: 
2017-01-24 23:45:42:shell stdout: 
2017-01-24 23:45:42:shell stdout: 
2017-01-24 23:45:43:shell stdout: 
2017-01-24 23:45:43:shell stdout: 
2017-01-24 23:45:43:sending 15 signals using command: 'ssh -T mic1 killall -2 dgemm_check' after 12.7117917541s
2017-01-24 23:45:43:shell stdout: 
2017-01-24 23:45:43:shell stdout: 
2017-01-24 23:45:43:shell stdout: 
2017-01-24 23:45:43:shell stdout: 
2017-01-24 23:45:44:shell stdout: 
2017-01-24 23:45:44:shell stdout: 
2017-01-24 23:45:44:shell stdout: 
2017-01-24 23:45:44:shell stdout: 
2017-01-24 23:45:44:shell stdout: 
2017-01-24 23:45:44:shell stdout: 
2017-01-24 23:45:45:shell stdout: 
2017-01-24 23:45:45:shell stdout: 
2017-01-24 23:45:45:shell stdout: 
2017-01-24 23:45:45:shell stdout: 
2017-01-24 23:45:45:shell stdout: 
2017-01-24 23:45:45:shell stdout: 
2017-01-24 23:45:45:shell stdout: 
2017-01-24 23:45:45:shell stdout: 
2017-01-24 23:45:46:shell stdout: 
2017-01-24 23:45:46:shell stdout: 
2017-01-24 23:45:46:shell stdout: 
2017-01-24 23:45:46:shell stdout: 
2017-01-24 23:45:47:shell stdout: 
2017-01-24 23:45:47:shell stdout: 
2017-01-24 23:45:48:shell stdout: 
2017-01-24 23:45:48:shell stdout: 
2017-01-24 23:45:48:shell stdout: 
2017-01-24 23:45:49:shell stdout: 
2017-01-24 23:45:49:shell stdout: 
2017-01-24 23:45:57:no gdbExecName running, out:
2017-01-24 23:45:57:checCmd:ps -e | grep -i gdb-mic
2017-01-24 23:45:57:finished now-timestampStart < maxWaitTime*5
2017-01-24 23:45:57:now: 1485319548
2017-01-24 23:45:57:timestampStart: 1485319530
2017-01-24 23:45:57:kill cmd: killall -9 gdb-mic
2017-01-24 23:45:57:shell stdout: 
2017-01-24 23:45:57:kill cmd: ssh -T mic1 killall -9 dgemm_check
2017-01-24 23:45:57:shell stdout: 
2017-01-24 23:45:57:kill cmd: ssh -T mic1 killall -9 gdbserver
2017-01-24 23:45:57:shell stdout: 
2017-01-24 23:45:58:kill cmd: ssh -T mic1 killall -9 sshd
2017-01-24 23:45:58:shell stdout: 
