2016-10-26 01:18:05:sending signal using command: 'ssh -T mic0 killall -2 hotspot_check' after 14.7972598872s
2016-10-26 01:18:05:shell stdout: 
2016-10-26 01:18:05:Starting GDB script
2016-10-26 01:18:05:sending signal using command: 'ssh -T mic0 killall -2 hotspot_check' after 0.31515438951s
2016-10-26 01:18:05:shell stdout: 
2016-10-26 01:18:08:sending signal using command: 'ssh -T mic0 killall -2 hotspot_check' after 2.56606967195s
2016-10-26 01:18:08:shell stdout: 
2016-10-26 01:18:09:sending signal using command: 'ssh -T mic0 killall -2 hotspot_check' after 3.76292610102s
2016-10-26 01:18:09:shell stdout: 
2016-10-26 01:18:09:sending signal using command: 'ssh -T mic0 killall -2 hotspot_check' after 3.94324619849s
2016-10-26 01:18:09:shell stdout: 
2016-10-26 01:18:12:sending signal using command: 'ssh -T mic0 killall -2 hotspot_check' after 6.5215208313s
2016-10-26 01:18:12:shell stdout: 
2016-10-26 01:18:14:sending signal using command: 'ssh -T mic0 killall -2 hotspot_check' after 8.47943210207s
2016-10-26 01:18:14:shell stdout: 
2016-10-26 01:18:17:sending signal using command: 'ssh -T mic0 killall -2 hotspot_check' after 11.4530844648s
2016-10-26 01:18:17:shell stdout: 
2016-10-26 01:18:17:sending signal using command: 'ssh -T mic0 killall -2 hotspot_check' after 11.592453223s
2016-10-26 01:18:17:shell stdout: 
2016-10-26 01:18:19:sending signal using command: 'ssh -T mic0 killall -2 hotspot_check' after 13.6045569334s
2016-10-26 01:18:19:shell stdout: 
2016-10-26 01:18:20:sending signal using command: 'ssh -T mic0 killall -2 hotspot_check' after 14.4999613845s
2016-10-26 01:18:20:shell stdout: 
2016-10-26 01:18:24:no gdbExecName running, out:
2016-10-26 01:18:24:checCmd:ps -e | grep -i gdb-mic
2016-10-26 01:18:24:finished now-timestampStart < maxWaitTime*5
2016-10-26 01:18:24:now: 1477459103
2016-10-26 01:18:24:timestampStart: 1477459085
2016-10-26 01:18:24:kill cmd: killall -9 gdb-mic
2016-10-26 01:18:24:shell stdout: 
2016-10-26 01:18:24:kill cmd: ssh -T mic0 killall -9 hotspot_check
2016-10-26 01:18:24:shell stdout: 
2016-10-26 01:18:25:kill cmd: ssh -T mic0 killall -9 gdbserver
2016-10-26 01:18:25:shell stdout: 
