2016-10-24 19:37:56:Starting GDB script
2016-10-24 19:38:00:sending signal using command: 'ssh -T mic0 killall -2 needle_check' after 3.34040200477s
2016-10-24 19:38:00:shell stdout: 
2016-10-24 19:38:00:sending signal using command: 'ssh -T mic0 killall -2 needle_check' after 3.75585314137s
2016-10-24 19:38:00:shell stdout: 
2016-10-24 19:38:03:sending signal using command: 'ssh -T mic0 killall -2 needle_check' after 6.31890015205s
2016-10-24 19:38:03:shell stdout: 
2016-10-24 19:38:03:sending signal using command: 'ssh -T mic0 killall -2 needle_check' after 6.49169247514s
2016-10-24 19:38:03:shell stdout: 
2016-10-24 19:38:03:sending signal using command: 'ssh -T mic0 killall -2 needle_check' after 7.0897567635s
2016-10-24 19:38:03:shell stdout: 
2016-10-24 19:38:04:sending signal using command: 'ssh -T mic0 killall -2 needle_check' after 7.3843118113s
2016-10-24 19:38:04:shell stdout: 
2016-10-24 19:38:06:sending signal using command: 'ssh -T mic0 killall -2 needle_check' after 9.43782764193s
2016-10-24 19:38:06:shell stdout: 
2016-10-24 19:38:06:sending signal using command: 'ssh -T mic0 killall -2 needle_check' after 9.63046323159s
2016-10-24 19:38:06:shell stdout: 
2016-10-24 19:38:06:sending signal using command: 'ssh -T mic0 killall -2 needle_check' after 9.78024475116s
2016-10-24 19:38:06:shell stdout: 
2016-10-24 19:38:11:sending signal using command: 'ssh -T mic0 killall -2 needle_check' after 14.6735409231s
2016-10-24 19:38:11:shell stdout: 
2016-10-24 19:38:18:no gdbExecName running, out:
2016-10-24 19:38:18:checCmd:ps -e | grep -i gdb-mic
2016-10-24 19:38:18:finished now-timestampStart < maxWaitTime*5
2016-10-24 19:38:18:now: 1477352297
2016-10-24 19:38:18:timestampStart: 1477352276
2016-10-24 19:38:18:kill cmd: killall -9 gdb-mic
2016-10-24 19:38:18:shell stdout: 
2016-10-24 19:38:19:kill cmd: ssh -T mic0 killall -9 needle_check
2016-10-24 19:38:19:shell stdout: 
2016-10-24 19:38:19:kill cmd: ssh -T mic0 killall -9 gdbserver
2016-10-24 19:38:19:shell stdout: 
2016-10-24 19:38:19:kill cmd: ssh -T mic0 killall -9 sshd
2016-10-24 19:38:19:shell stdout: 
