[INFO -- 2017-03-28 10:24:25]
Starting GDB script
[INFO -- 2017-03-28 10:24:25]
initSignal:0.0
[INFO -- 2017-03-28 10:24:25]
endSignal:3.0
[INFO -- 2017-03-28 10:24:25]
seqSignal:30
[INFO -- 2017-03-28 10:24:26]
sending 30 signals using command: 'ssh -T mic0 killall -2 lavamd_check' after 0.484030788479s
[INFO -- 2017-03-28 10:24:26]
shell stdout: 
[INFO -- 2017-03-28 10:24:26]
sending 30 signals using command: 'ssh -T mic0 killall -2 lavamd_check' after 0.897137380393s
[INFO -- 2017-03-28 10:24:26]
shell stdout: 
[INFO -- 2017-03-28 10:24:26]
shell stdout: 
[INFO -- 2017-03-28 10:24:27]
shell stdout: 
[INFO -- 2017-03-28 10:24:27]
shell stdout: 
[INFO -- 2017-03-28 10:24:27]
shell stdout: 
[INFO -- 2017-03-28 10:24:27]
shell stdout: 
[INFO -- 2017-03-28 10:24:28]
shell stdout: 
[INFO -- 2017-03-28 10:24:28]
shell stdout: 
[INFO -- 2017-03-28 10:24:28]
sending 30 signals using command: 'ssh -T mic0 killall -2 lavamd_check' after 2.79206980349s
[INFO -- 2017-03-28 10:24:29]
shell stdout: 
[INFO -- 2017-03-28 10:24:29]
shell stdout: 
[INFO -- 2017-03-28 10:24:29]
shell stdout: 
[INFO -- 2017-03-28 10:24:29]
shell stdout: 
[INFO -- 2017-03-28 10:24:29]
shell stdout: 
[INFO -- 2017-03-28 10:24:29]
shell stdout: 
[INFO -- 2017-03-28 10:24:30]
shell stdout: 
[INFO -- 2017-03-28 10:24:30]
shell stdout: 
[INFO -- 2017-03-28 10:24:30]
shell stdout: 
[INFO -- 2017-03-28 10:24:31]
shell stdout: 
[INFO -- 2017-03-28 10:24:31]
shell stdout: 
[INFO -- 2017-03-28 10:24:31]
shell stdout: 
[INFO -- 2017-03-28 10:24:32]
shell stdout: 
[INFO -- 2017-03-28 10:24:32]
shell stdout: 
[INFO -- 2017-03-28 10:24:32]
shell stdout: 
[INFO -- 2017-03-28 10:24:33]
shell stdout: 
[INFO -- 2017-03-28 10:24:33]
shell stdout: 
[INFO -- 2017-03-28 10:24:33]
shell stdout: 
[INFO -- 2017-03-28 10:24:33]
shell stdout: 
[INFO -- 2017-03-28 10:24:33]
shell stdout: 
[INFO -- 2017-03-28 10:24:33]
shell stdout: 
[INFO -- 2017-03-28 10:24:34]
shell stdout: 
[INFO -- 2017-03-28 10:24:34]
shell stdout: 
[INFO -- 2017-03-28 10:24:34]
shell stdout: 
[INFO -- 2017-03-28 10:24:35]
shell stdout: 
[INFO -- 2017-03-28 10:24:35]
shell stdout: 
[INFO -- 2017-03-28 10:24:35]
shell stdout: 
[INFO -- 2017-03-28 10:24:36]
shell stdout: 
[INFO -- 2017-03-28 10:24:36]
shell stdout: 
[INFO -- 2017-03-28 10:24:36]
shell stdout: 
[INFO -- 2017-03-28 10:24:36]
shell stdout: 
[INFO -- 2017-03-28 10:24:36]
shell stdout: 
[INFO -- 2017-03-28 10:24:36]
shell stdout: 
[INFO -- 2017-03-28 10:24:37]
shell stdout: 
[INFO -- 2017-03-28 10:24:37]
shell stdout: 
[INFO -- 2017-03-28 10:24:37]
shell stdout: 
[INFO -- 2017-03-28 10:24:38]
shell stdout: 
[INFO -- 2017-03-28 10:24:38]
shell stdout: 
[INFO -- 2017-03-28 10:24:38]
shell stdout: 
[INFO -- 2017-03-28 10:24:38]
shell stdout: 
[INFO -- 2017-03-28 10:24:38]
shell stdout: 
[INFO -- 2017-03-28 10:24:38]
shell stdout: 
[INFO -- 2017-03-28 10:24:39]
shell stdout: 
[INFO -- 2017-03-28 10:24:39]
shell stdout: 
[INFO -- 2017-03-28 10:24:39]
shell stdout: 
[INFO -- 2017-03-28 10:24:39]
shell stdout: 
[INFO -- 2017-03-28 10:24:39]
shell stdout: 
[INFO -- 2017-03-28 10:24:39]
shell stdout: 
[INFO -- 2017-03-28 10:24:40]
shell stdout: 
[INFO -- 2017-03-28 10:24:40]
shell stdout: 
[INFO -- 2017-03-28 10:24:40]
shell stdout: 
[INFO -- 2017-03-28 10:24:40]
shell stdout: 
[INFO -- 2017-03-28 10:24:40]
shell stdout: 
[INFO -- 2017-03-28 10:24:40]
shell stdout: 
[INFO -- 2017-03-28 10:24:40]
shell stdout: 
[INFO -- 2017-03-28 10:24:41]
shell stdout: 
[INFO -- 2017-03-28 10:24:41]
shell stdout: 
[INFO -- 2017-03-28 10:24:41]
shell stdout: 
[INFO -- 2017-03-28 10:24:41]
shell stdout: 
[INFO -- 2017-03-28 10:24:41]
shell stdout: 
[INFO -- 2017-03-28 10:24:41]
shell stdout: 
[INFO -- 2017-03-28 10:24:41]
shell stdout: 
[INFO -- 2017-03-28 10:24:41]
shell stdout: 
[INFO -- 2017-03-28 10:24:42]
shell stdout: 
[INFO -- 2017-03-28 10:24:42]
shell stdout: 
[INFO -- 2017-03-28 10:24:42]
shell stdout: 
[INFO -- 2017-03-28 10:24:42]
shell stdout: 
[INFO -- 2017-03-28 10:24:42]
shell stdout: 
[INFO -- 2017-03-28 10:24:42]
shell stdout: 
[INFO -- 2017-03-28 10:24:43]
shell stdout: 
[INFO -- 2017-03-28 10:24:43]
shell stdout: 
[INFO -- 2017-03-28 10:24:43]
shell stdout: 
[INFO -- 2017-03-28 10:24:43]
shell stdout: 
[INFO -- 2017-03-28 10:24:43]
shell stdout: 
[INFO -- 2017-03-28 10:24:43]
shell stdout: 
[INFO -- 2017-03-28 10:24:44]
shell stdout: 
[INFO -- 2017-03-28 10:24:44]
shell stdout: 
[INFO -- 2017-03-28 10:24:44]
shell stdout: 
[INFO -- 2017-03-28 10:24:44]
shell stdout: 
[INFO -- 2017-03-28 10:24:45]
shell stdout: 
[INFO -- 2017-03-28 10:24:45]
shell stdout: 
[INFO -- 2017-03-28 10:24:49]
no gdbExecName running, out:
[INFO -- 2017-03-28 10:24:49]
checCmd:ps -e | grep -i gdb-mic
[INFO -- 2017-03-28 10:24:49]
finished now-timestampStart < maxWaitTime*5
[INFO -- 2017-03-28 10:24:49]
now: 1490711088
[INFO -- 2017-03-28 10:24:49]
timestampStart: 1490711065
[INFO -- 2017-03-28 10:24:49]
kill cmd: killall -9 gdb-mic
[INFO -- 2017-03-28 10:24:49]
shell stdout: 
[INFO -- 2017-03-28 10:24:49]
kill cmd: ssh -T mic0 killall -9 lavamd_check
[INFO -- 2017-03-28 10:24:49]
shell stdout: 
[INFO -- 2017-03-28 10:24:50]
kill cmd: ssh -T mic0 killall -9 gdbserver
[INFO -- 2017-03-28 10:24:50]
shell stdout: 
[INFO -- 2017-03-28 10:24:50]
kill cmd: ssh -T mic0 killall -9 sshd
[INFO -- 2017-03-28 10:24:50]
shell stdout: 
