2016-10-28 17:24:39:Starting GDB script
2016-10-28 17:24:40:sending signal using command: 'ssh -T mic0 killall -2 lud_check' after 0.00571513603406s
2016-10-28 17:24:40:shell stdout: 
2016-10-28 17:24:41:sending signal using command: 'ssh -T mic0 killall -2 lud_check' after 1.19534219072s
2016-10-28 17:24:41:shell stdout: 
2016-10-28 17:24:41:sending signal using command: 'ssh -T mic0 killall -2 lud_check' after 1.28859482441s
2016-10-28 17:24:41:shell stdout: 
2016-10-28 17:24:43:sending signal using command: 'ssh -T mic0 killall -2 lud_check' after 2.4048893457s
2016-10-28 17:24:43:shell stdout: 
2016-10-28 17:24:43:sending signal using command: 'ssh -T mic0 killall -2 lud_check' after 2.5530635133s
2016-10-28 17:24:43:shell stdout: 
2016-10-28 17:24:43:sending signal using command: 'ssh -T mic0 killall -2 lud_check' after 2.97843938997s
2016-10-28 17:24:43:shell stdout: 
2016-10-28 17:24:43:sending signal using command: 'ssh -T mic0 killall -2 lud_check' after 3.00478432301s
2016-10-28 17:24:43:shell stdout: 
2016-10-28 17:24:44:sending signal using command: 'ssh -T mic0 killall -2 lud_check' after 3.75699547232s
2016-10-28 17:24:44:shell stdout: 
2016-10-28 17:24:45:sending signal using command: 'ssh -T mic0 killall -2 lud_check' after 4.35756328077s
2016-10-28 17:24:45:shell stdout: 
2016-10-28 17:24:48:sending signal using command: 'ssh -T mic0 killall -2 lud_check' after 7.61192145654s
2016-10-28 17:24:48:shell stdout: 
2016-10-28 17:24:55:no gdbExecName running, out:
2016-10-28 17:24:55:checCmd:ps -e | grep -i gdb-mic
2016-10-28 17:24:55:finished now-timestampStart < maxWaitTime*5
2016-10-28 17:24:55:now: 1477689895
2016-10-28 17:24:55:timestampStart: 1477689879
2016-10-28 17:24:55:kill cmd: killall -9 gdb-mic
2016-10-28 17:24:55:shell stdout: 
2016-10-28 17:24:55:kill cmd: ssh -T mic0 killall -9 lud_check
2016-10-28 17:24:55:shell stdout: 
2016-10-28 17:24:55:kill cmd: ssh -T mic0 killall -9 gdbserver
2016-10-28 17:24:55:shell stdout: 
2016-10-28 17:24:56:kill cmd: ssh -T mic0 killall -9 sshd
2016-10-28 17:24:56:shell stdout: 
