[INFO -- 2017-02-28 16:50:14]
Starting GDB script
[INFO -- 2017-02-28 16:50:14]
initSignal:30.0
[INFO -- 2017-02-28 16:50:14]
endSignal:35.0
[INFO -- 2017-02-28 16:50:14]
seqSignal:20
[INFO -- 2017-02-28 16:50:45]
sending 20 signals using command: 'ssh -T mic0 killall -2 clamr_openmponly' after 31.0286428273s
[INFO -- 2017-02-28 16:50:46]
shell stdout: 
[INFO -- 2017-02-28 16:50:46]
shell stdout: 
[INFO -- 2017-02-28 16:50:46]
sending 20 signals using command: 'ssh -T mic0 killall -2 clamr_openmponly' after 32.582437351s
[INFO -- 2017-02-28 16:50:47]
shell stdout: 
[INFO -- 2017-02-28 16:50:47]
shell stdout: 
[INFO -- 2017-02-28 16:50:47]
shell stdout: 
[INFO -- 2017-02-28 16:50:47]
shell stdout: 
[INFO -- 2017-02-28 16:50:48]
shell stdout: 
[INFO -- 2017-02-28 16:50:48]
shell stdout: 
[INFO -- 2017-02-28 16:50:48]
shell stdout: 
[INFO -- 2017-02-28 16:50:48]
shell stdout: 
[INFO -- 2017-02-28 16:50:48]
shell stdout: 
[INFO -- 2017-02-28 16:50:48]
shell stdout: 
[INFO -- 2017-02-28 16:50:49]
shell stdout: 
[INFO -- 2017-02-28 16:50:49]
shell stdout: 
[INFO -- 2017-02-28 16:50:49]
shell stdout: 
[INFO -- 2017-02-28 16:50:49]
shell stdout: 
[INFO -- 2017-02-28 16:50:50]
shell stdout: 
[INFO -- 2017-02-28 16:50:50]
shell stdout: 
[INFO -- 2017-02-28 16:50:50]
shell stdout: 
[INFO -- 2017-02-28 16:50:50]
shell stdout: 
[INFO -- 2017-02-28 16:50:51]
shell stdout: 
[INFO -- 2017-02-28 16:50:51]
shell stdout: 
[INFO -- 2017-02-28 16:50:51]
shell stdout: 
[INFO -- 2017-02-28 16:50:51]
shell stdout: 
[INFO -- 2017-02-28 16:50:51]
shell stdout: 
[INFO -- 2017-02-28 16:50:51]
shell stdout: 
[INFO -- 2017-02-28 16:50:52]
shell stdout: 
[INFO -- 2017-02-28 16:50:52]
shell stdout: 
[INFO -- 2017-02-28 16:50:52]
shell stdout: 
[INFO -- 2017-02-28 16:50:52]
shell stdout: 
[INFO -- 2017-02-28 16:50:53]
shell stdout: 
[INFO -- 2017-02-28 16:50:53]
shell stdout: 
[INFO -- 2017-02-28 16:50:53]
shell stdout: 
[INFO -- 2017-02-28 16:50:53]
shell stdout: 
[INFO -- 2017-02-28 16:50:54]
shell stdout: 
[INFO -- 2017-02-28 16:50:54]
shell stdout: 
[INFO -- 2017-02-28 16:50:54]
shell stdout: 
[INFO -- 2017-02-28 16:50:54]
shell stdout: 
[INFO -- 2017-02-28 16:50:54]
shell stdout: 
[INFO -- 2017-02-28 16:50:55]
shell stdout: 
[INFO -- 2017-02-28 16:51:34]
no gdbExecName running, out:
[INFO -- 2017-02-28 16:51:34]
checCmd:ps -e | grep -i gdb-mic
[INFO -- 2017-02-28 16:51:34]
finished now-timestampStart < maxWaitTime*5
[INFO -- 2017-02-28 16:51:34]
now: 1488318685
[INFO -- 2017-02-28 16:51:34]
timestampStart: 1488318614
[INFO -- 2017-02-28 16:51:34]
kill cmd: killall -9 gdb-mic
[INFO -- 2017-02-28 16:51:34]
shell stdout: 
[INFO -- 2017-02-28 16:51:34]
kill cmd: ssh -T mic0 killall -9 clamr_openmponly
[INFO -- 2017-02-28 16:51:34]
shell stdout: 
[INFO -- 2017-02-28 16:51:35]
kill cmd: ssh -T mic0 killall -9 gdbserver
[INFO -- 2017-02-28 16:51:35]
shell stdout: 
[INFO -- 2017-02-28 16:51:35]
kill cmd: ssh -T mic0 killall -9 sshd
[INFO -- 2017-02-28 16:51:35]
shell stdout: 
