[INFO -- 2017-03-24 02:35:36]
Starting GDB script
[INFO -- 2017-03-24 02:35:36]
initSignal:4.0
[INFO -- 2017-03-24 02:35:36]
endSignal:8.0
[INFO -- 2017-03-24 02:35:36]
seqSignal:30
[INFO -- 2017-03-24 02:35:41]
sending 30 signals using command: 'ssh -T mic0 killall -2 needle_check' after 4.34142298119s
[INFO -- 2017-03-24 02:35:41]
sending 30 signals using command: 'ssh -T mic0 killall -2 needle_check' after 4.41728478095s
[INFO -- 2017-03-24 02:35:41]
sending 30 signals using command: 'ssh -T mic0 killall -2 needle_check' after 4.73154274864s
[INFO -- 2017-03-24 02:35:41]
shell stdout: 
[INFO -- 2017-03-24 02:35:41]
shell stdout: 
[INFO -- 2017-03-24 02:35:42]
shell stdout: 
[INFO -- 2017-03-24 02:35:42]
shell stdout: 
[INFO -- 2017-03-24 02:35:42]
shell stdout: 
[INFO -- 2017-03-24 02:35:42]
shell stdout: 
[INFO -- 2017-03-24 02:35:42]
shell stdout: 
[INFO -- 2017-03-24 02:35:42]
shell stdout: 
[INFO -- 2017-03-24 02:35:43]
shell stdout: 
[INFO -- 2017-03-24 02:35:43]
shell stdout: 
[INFO -- 2017-03-24 02:35:43]
shell stdout: 
[INFO -- 2017-03-24 02:35:43]
shell stdout: 
[INFO -- 2017-03-24 02:35:43]
shell stdout: 
[INFO -- 2017-03-24 02:35:43]
shell stdout: 
[INFO -- 2017-03-24 02:35:43]
shell stdout: 
[INFO -- 2017-03-24 02:35:43]
shell stdout: 
[INFO -- 2017-03-24 02:35:43]
shell stdout: 
[INFO -- 2017-03-24 02:35:44]
shell stdout: 
[INFO -- 2017-03-24 02:35:44]
shell stdout: 
[INFO -- 2017-03-24 02:35:44]
shell stdout: 
[INFO -- 2017-03-24 02:35:44]
shell stdout: 
[INFO -- 2017-03-24 02:35:44]
shell stdout: 
[INFO -- 2017-03-24 02:35:44]
shell stdout: 
[INFO -- 2017-03-24 02:35:45]
shell stdout: 
[INFO -- 2017-03-24 02:35:45]
shell stdout: 
[INFO -- 2017-03-24 02:35:45]
shell stdout: 
[INFO -- 2017-03-24 02:35:45]
shell stdout: 
[INFO -- 2017-03-24 02:35:45]
shell stdout: 
[INFO -- 2017-03-24 02:35:45]
shell stdout: 
[INFO -- 2017-03-24 02:35:45]
shell stdout: 
[INFO -- 2017-03-24 02:35:46]
shell stdout: 
[INFO -- 2017-03-24 02:35:46]
shell stdout: 
[INFO -- 2017-03-24 02:35:46]
shell stdout: 
[INFO -- 2017-03-24 02:35:46]
shell stdout: 
[INFO -- 2017-03-24 02:35:46]
shell stdout: 
[INFO -- 2017-03-24 02:35:46]
shell stdout: 
[INFO -- 2017-03-24 02:35:46]
shell stdout: 
[INFO -- 2017-03-24 02:35:46]
shell stdout: 
[INFO -- 2017-03-24 02:35:47]
shell stdout: 
[INFO -- 2017-03-24 02:35:47]
shell stdout: 
[INFO -- 2017-03-24 02:35:47]
shell stdout: 
[INFO -- 2017-03-24 02:35:47]
shell stdout: 
[INFO -- 2017-03-24 02:35:47]
shell stdout: 
[INFO -- 2017-03-24 02:35:47]
shell stdout: 
[INFO -- 2017-03-24 02:35:48]
shell stdout: 
[INFO -- 2017-03-24 02:35:48]
shell stdout: 
[INFO -- 2017-03-24 02:35:48]
shell stdout: 
[INFO -- 2017-03-24 02:35:48]
shell stdout: 
[INFO -- 2017-03-24 02:35:48]
shell stdout: 
[INFO -- 2017-03-24 02:35:48]
shell stdout: 
[INFO -- 2017-03-24 02:35:48]
shell stdout: 
[INFO -- 2017-03-24 02:35:49]
shell stdout: 
[INFO -- 2017-03-24 02:35:49]
shell stdout: 
[INFO -- 2017-03-24 02:35:49]
shell stdout: 
[INFO -- 2017-03-24 02:35:49]
shell stdout: 
[INFO -- 2017-03-24 02:35:49]
shell stdout: 
[INFO -- 2017-03-24 02:35:49]
shell stdout: 
[INFO -- 2017-03-24 02:35:49]
shell stdout: 
[INFO -- 2017-03-24 02:35:49]
shell stdout: 
[INFO -- 2017-03-24 02:35:50]
shell stdout: 
[INFO -- 2017-03-24 02:35:50]
shell stdout: 
[INFO -- 2017-03-24 02:35:50]
shell stdout: 
[INFO -- 2017-03-24 02:35:50]
shell stdout: 
[INFO -- 2017-03-24 02:35:50]
shell stdout: 
[INFO -- 2017-03-24 02:35:50]
shell stdout: 
[INFO -- 2017-03-24 02:35:51]
shell stdout: 
[INFO -- 2017-03-24 02:35:51]
shell stdout: 
[INFO -- 2017-03-24 02:35:51]
shell stdout: 
[INFO -- 2017-03-24 02:35:51]
shell stdout: 
[INFO -- 2017-03-24 02:35:51]
shell stdout: 
[INFO -- 2017-03-24 02:35:51]
shell stdout: 
[INFO -- 2017-03-24 02:35:51]
shell stdout: 
[INFO -- 2017-03-24 02:35:51]
shell stdout: 
[INFO -- 2017-03-24 02:35:51]
shell stdout: 
[INFO -- 2017-03-24 02:35:52]
shell stdout: 
[INFO -- 2017-03-24 02:35:52]
shell stdout: 
[INFO -- 2017-03-24 02:35:52]
shell stdout: 
[INFO -- 2017-03-24 02:35:52]
shell stdout: 
[INFO -- 2017-03-24 02:35:52]
shell stdout: 
[INFO -- 2017-03-24 02:35:52]
shell stdout: 
[INFO -- 2017-03-24 02:35:53]
shell stdout: 
[INFO -- 2017-03-24 02:35:53]
shell stdout: 
[INFO -- 2017-03-24 02:35:53]
shell stdout: 
[INFO -- 2017-03-24 02:35:53]
shell stdout: 
[INFO -- 2017-03-24 02:35:53]
shell stdout: 
[INFO -- 2017-03-24 02:35:53]
shell stdout: 
[INFO -- 2017-03-24 02:35:53]
shell stdout: 
[INFO -- 2017-03-24 02:35:54]
shell stdout: 
[INFO -- 2017-03-24 02:35:54]
shell stdout: 
[INFO -- 2017-03-24 02:35:54]
shell stdout: 
[INFO -- 2017-03-24 02:36:28]
no gdbExecName running, out:
[INFO -- 2017-03-24 02:36:28]
checCmd:ps -e | grep -i gdb-mic
[INFO -- 2017-03-24 02:36:28]
finished now-timestampStart < maxWaitTime*5
[INFO -- 2017-03-24 02:36:28]
now: 1490337387
[INFO -- 2017-03-24 02:36:28]
timestampStart: 1490337336
[INFO -- 2017-03-24 02:36:28]
kill cmd: killall -9 gdb-mic
[INFO -- 2017-03-24 02:36:28]
shell stdout: 
[INFO -- 2017-03-24 02:36:29]
kill cmd: ssh -T mic0 killall -9 needle_check
[INFO -- 2017-03-24 02:36:29]
shell stdout: 
[INFO -- 2017-03-24 02:36:29]
kill cmd: ssh -T mic0 killall -9 gdbserver
[INFO -- 2017-03-24 02:36:29]
shell stdout: 
[INFO -- 2017-03-24 02:36:29]
kill cmd: ssh -T mic0 killall -9 sshd
[INFO -- 2017-03-24 02:36:29]
shell stdout: 
