2016-10-21 16:48:37:Initialization strings:
2016-10-21 16:48:37:(1) target extended-remote | ssh -T mic0 gdbserver --multi -
2016-10-21 16:48:37:(2) set sysroot /opt/mpss/3.7/sysroots/k1om-mpss-linux/
2016-10-21 16:48:37:(3) set sysroot /opt/mpss/3.7/sysroots/k1om-mpss-linux/
2016-10-21 16:48:37:(4) file /micNfs/gdb-fault-injection-hotspot/bin/hotspot_check
2016-10-21 16:48:37:(5) set remote exec-file /micNfs/gdb-fault-injection-hotspot/bin/hotspot_check
2016-10-21 16:48:37:(6) set args 1024 1024 2000 228 /micNfs/gdb-fault-injection-hotspot/bin/temp_1024 /micNfs/gdb-fault-injection-hotspot/bin/power_1024 /micNfs/gdb-fault-injection-hotspot/bin/GOLD_1024-2000-228
2016-10-21 16:48:38:Trying Fault Injection
2016-10-21 16:48:38:Backtrace BEGIN:
2016-10-21 16:48:38:#0  _IO_vfscanf_internal (s=s@entry=0x7fffffffe400, format=format@entry=0x407198 "%f", argptr=argptr@entry=0x7fffffffe528, errp=errp@entry=0x0) at vfscanf.c:2084
#1  0x00007ffff71365ea in __GI___isoc99_vsscanf (string=0x7fffffffe77a "324.569950\n", format=0x407198 "%f", args=args@entry=0x7fffffffe528) at isoc99_vsscanf.c:43
#2  0x00007ffff7136569 in __isoc99_sscanf (s=<optimized out>, format=<optimized out>) at isoc99_sscanf.c:31
#3  0x0000000000401744 in read_input (vect=<optimized out>, grid_rows=<optimized out>, grid_cols=-160649200, file=<optimized out>) at hotspot_check.c:206
#4  main (argc=-148961316, argv=0x4) at hotspot_check.c:264

2016-10-21 16:48:38:2079	in vfscanf.c

2016-10-21 16:48:38:Backtrace END
2016-10-21 16:48:38:Type: The type is an integer type.
2016-10-21 16:48:38:Type sizeof: 4
2016-10-21 16:48:38:Mem contents(hex):0x000x040x000x00
2016-10-21 16:48:38:base address to flip value: 0x7fffffffe600
2016-10-21 16:48:38:address max offset: 4
2016-10-21 16:48:38:Memory content before bitflip:0x000x040x000x00
2016-10-21 16:48:38:Memory content after  bitflip:0x000x0c0x000x00
2016-10-21 16:48:38:Mem contents(hex):0x000x0c0x000x00
2016-10-21 16:48:38:frame name: main
2016-10-21 16:48:38:symbol name: grid_rows
2016-10-21 16:48:38:symbol filename: hotspot_check.c
2016-10-21 16:48:38:symbol line: 229
2016-10-21 16:48:38:value: 3072
2016-10-21 16:48:38:value address: 0x7fffffffe600
2016-10-21 16:48:38:Type: The type is an integer type.
2016-10-21 16:48:38:Type sizeof: 4
2016-10-21 16:48:38:Fault Injection Successful after 1.8709499836s
2016-10-21 16:48:38:Fault Already Injected
2016-10-21 16:48:41:Fault Already Injected
2016-10-21 16:48:41:Fault Already Injected
2016-10-21 16:48:42:Fault Already Injected
2016-10-21 16:48:45:Fault Already Injected
2016-10-21 16:48:46:event type: exit
2016-10-21 16:48:46:exit code: 1
