2016-10-22 12:42:24:Initialization strings:
2016-10-22 12:42:24:(1) target extended-remote | ssh -T mic0 gdbserver --multi -
2016-10-22 12:42:24:(2) set sysroot /opt/mpss/3.7/sysroots/k1om-mpss-linux/
2016-10-22 12:42:24:(3) set sysroot /opt/mpss/3.7/sysroots/k1om-mpss-linux/
2016-10-22 12:42:24:(4) file /micNfs/gdb-fault-injection-nw/bin/needle_check
2016-10-22 12:42:24:(5) set remote exec-file /micNfs/gdb-fault-injection-nw/bin/needle_check
2016-10-22 12:42:24:(6) set args 16384 10 228 /micNfs/gdb-fault-injection-nw/bin/input_16384_th_228_pen_10 /micNfs/gdb-fault-injection-nw/bin/gold_16384_th_228_pen_10
2016-10-22 12:42:24:Trying Fault Injection
2016-10-22 12:42:24:Inferior PID: 12932
2016-10-22 12:42:24:Inferior is valid: True
2016-10-22 12:42:24:Inferior #threads: 1
2016-10-22 12:42:24:Backtrace BEGIN:
2016-10-22 12:42:24:#0  __GI__dl_debug_state () at dl-debug.c:74
#1  0x00007ffff7de084c in dl_main (phdr=<optimized out>, phnum=<optimized out>, user_entry=<optimized out>, auxv=<optimized out>) at rtld.c:2170
#2  0x00007ffff7df2548 in _dl_sysdep_start (start_argptr=start_argptr@entry=0x7fffffffec30, dl_main=dl_main@entry=0x7ffff7dde840 <dl_main>) at ../elf/dl-sysdep.c:249
#3  0x00007ffff7de1c6a in _dl_start_final (arg=0x7fffffffec30) at rtld.c:308
#4  _dl_start (arg=0x7fffffffec30) at rtld.c:414
#5  0x00007ffff7dddbc8 in _start () from /opt/mpss/3.7/sysroots/k1om-mpss-linux/lib64/ld-linux-k1om.so.2
#6  0x0000000000000006 in ?? ()
#7  0x00007fffffffee22 in ?? ()
#8  0x00007fffffffee52 in ?? ()
#9  0x00007fffffffee58 in ?? ()
#10 0x00007fffffffee5b in ?? ()
#11 0x00007fffffffee5f in ?? ()
#12 0x00007fffffffee9c in ?? ()
#13 0x0000000000000000 in ?? ()

2016-10-22 12:42:24:69	in dl-debug.c

2016-10-22 12:42:24:Backtrace END
2016-10-22 12:42:25:Thread name: None
2016-10-22 12:42:25:Thread num: 1
2016-10-22 12:42:25:Thread ptid: (12932, 12932, 0)
2016-10-22 12:42:25:bitFlip function
2016-10-22 12:42:25:Type: The type is an integer type.
2016-10-22 12:42:25:Type sizeof: 4
2016-10-22 12:42:25:Mem contents(hex):0x000x000x000x00
2016-10-22 12:42:25:base address to flip value: 0x7ffff7ffcc98 
2016-10-22 12:42:25:address max offset: 4
2016-10-22 12:42:25:Memory content before bitflip:0x000x000x000x00
2016-10-22 12:42:25:Memory content after  bitflip:0x000x000x100x00
2016-10-22 12:42:25:Mem contents(hex):0x000x000x100x00
2016-10-22 12:42:25:frame name: _dl_start
2016-10-22 12:42:25:symbol name: _dl_skip_args
2016-10-22 12:42:25:symbol filename: rtld.c
2016-10-22 12:42:25:symbol line: 84
2016-10-22 12:42:25:value: 1048576
2016-10-22 12:42:25:value address: 0x7ffff7ffcc98 <_dl_skip_args>
2016-10-22 12:42:25:Type: The type is an integer type.
2016-10-22 12:42:25:Type sizeof: 4
2016-10-22 12:42:25:Fault Injection Successful after 1.03471589088s
2016-10-22 12:42:25:Fault Already Injected
2016-10-22 12:42:25:event type: exit
2016-10-22 12:42:25:exit code: no exit code available
