[INFO -- 2017-03-16 07:08:01]
Starting GDB script
[INFO -- 2017-03-16 07:08:01]
initSignal:4.0
[INFO -- 2017-03-16 07:08:01]
endSignal:8.0
[INFO -- 2017-03-16 07:08:01]
seqSignal:30
[INFO -- 2017-03-16 07:08:06]
sending 30 signals using command: 'ssh -T mic0 killall -2 needle_check' after 5.13541487454s
[INFO -- 2017-03-16 07:08:07]
shell stdout: 
[INFO -- 2017-03-16 07:08:07]
shell stdout: 
[INFO -- 2017-03-16 07:08:08]
sending 30 signals using command: 'ssh -T mic0 killall -2 needle_check' after 6.40976615602s
[INFO -- 2017-03-16 07:08:08]
shell stdout: 
[INFO -- 2017-03-16 07:08:08]
shell stdout: 
[INFO -- 2017-03-16 07:08:08]
shell stdout: 
[INFO -- 2017-03-16 07:08:09]
shell stdout: 
[INFO -- 2017-03-16 07:08:09]
sending 30 signals using command: 'ssh -T mic0 killall -2 needle_check' after 7.47137183003s
[INFO -- 2017-03-16 07:08:09]
shell stdout: 
[INFO -- 2017-03-16 07:08:09]
shell stdout: 
[INFO -- 2017-03-16 07:08:09]
shell stdout: 
[INFO -- 2017-03-16 07:08:09]
shell stdout: 
[INFO -- 2017-03-16 07:08:10]
shell stdout: 
[INFO -- 2017-03-16 07:08:10]
shell stdout: 
[INFO -- 2017-03-16 07:08:10]
shell stdout: 
[INFO -- 2017-03-16 07:08:10]
shell stdout: 
[INFO -- 2017-03-16 07:08:10]
shell stdout: 
[INFO -- 2017-03-16 07:08:10]
shell stdout: 
[INFO -- 2017-03-16 07:08:11]
shell stdout: 
[INFO -- 2017-03-16 07:08:11]
shell stdout: 
[INFO -- 2017-03-16 07:08:11]
shell stdout: 
[INFO -- 2017-03-16 07:08:11]
shell stdout: 
[INFO -- 2017-03-16 07:08:11]
shell stdout: 
[INFO -- 2017-03-16 07:08:11]
shell stdout: 
[INFO -- 2017-03-16 07:08:12]
shell stdout: 
[INFO -- 2017-03-16 07:08:12]
shell stdout: 
[INFO -- 2017-03-16 07:08:12]
shell stdout: 
[INFO -- 2017-03-16 07:08:12]
shell stdout: 
[INFO -- 2017-03-16 07:08:12]
shell stdout: 
[INFO -- 2017-03-16 07:08:12]
shell stdout: 
[INFO -- 2017-03-16 07:08:13]
shell stdout: 
[INFO -- 2017-03-16 07:08:13]
shell stdout: 
[INFO -- 2017-03-16 07:08:13]
shell stdout: 
[INFO -- 2017-03-16 07:08:13]
shell stdout: 
[INFO -- 2017-03-16 07:08:13]
shell stdout: 
[INFO -- 2017-03-16 07:08:13]
shell stdout: 
[INFO -- 2017-03-16 07:08:13]
shell stdout: 
[INFO -- 2017-03-16 07:08:14]
shell stdout: 
[INFO -- 2017-03-16 07:08:14]
shell stdout: 
[INFO -- 2017-03-16 07:08:14]
shell stdout: 
[INFO -- 2017-03-16 07:08:14]
shell stdout: 
[INFO -- 2017-03-16 07:08:14]
shell stdout: 
[INFO -- 2017-03-16 07:08:14]
shell stdout: 
[INFO -- 2017-03-16 07:08:14]
shell stdout: 
[INFO -- 2017-03-16 07:08:14]
shell stdout: 
[INFO -- 2017-03-16 07:08:15]
shell stdout: 
[INFO -- 2017-03-16 07:08:15]
shell stdout: 
[INFO -- 2017-03-16 07:08:15]
shell stdout: 
[INFO -- 2017-03-16 07:08:15]
shell stdout: 
[INFO -- 2017-03-16 07:08:15]
shell stdout: 
[INFO -- 2017-03-16 07:08:15]
shell stdout: 
[INFO -- 2017-03-16 07:08:16]
shell stdout: 
[INFO -- 2017-03-16 07:08:16]
shell stdout: 
[INFO -- 2017-03-16 07:08:16]
shell stdout: 
[INFO -- 2017-03-16 07:08:16]
shell stdout: 
[INFO -- 2017-03-16 07:08:16]
shell stdout: 
[INFO -- 2017-03-16 07:08:16]
shell stdout: 
[INFO -- 2017-03-16 07:08:16]
shell stdout: 
[INFO -- 2017-03-16 07:08:17]
shell stdout: 
[INFO -- 2017-03-16 07:08:17]
shell stdout: 
[INFO -- 2017-03-16 07:08:17]
shell stdout: 
[INFO -- 2017-03-16 07:08:17]
shell stdout: 
[INFO -- 2017-03-16 07:08:17]
shell stdout: 
[INFO -- 2017-03-16 07:08:17]
shell stdout: 
[INFO -- 2017-03-16 07:08:17]
shell stdout: 
[INFO -- 2017-03-16 07:08:18]
shell stdout: 
[INFO -- 2017-03-16 07:08:18]
shell stdout: 
[INFO -- 2017-03-16 07:08:18]
shell stdout: 
[INFO -- 2017-03-16 07:08:18]
shell stdout: 
[INFO -- 2017-03-16 07:08:18]
shell stdout: 
[INFO -- 2017-03-16 07:08:18]
shell stdout: 
[INFO -- 2017-03-16 07:08:18]
shell stdout: 
[INFO -- 2017-03-16 07:08:19]
shell stdout: 
[INFO -- 2017-03-16 07:08:19]
shell stdout: 
[INFO -- 2017-03-16 07:08:19]
shell stdout: 
[INFO -- 2017-03-16 07:08:19]
shell stdout: 
[INFO -- 2017-03-16 07:08:19]
shell stdout: 
[INFO -- 2017-03-16 07:08:19]
shell stdout: 
[INFO -- 2017-03-16 07:08:19]
shell stdout: 
[INFO -- 2017-03-16 07:08:20]
shell stdout: 
[INFO -- 2017-03-16 07:08:20]
shell stdout: 
[INFO -- 2017-03-16 07:08:20]
shell stdout: 
[INFO -- 2017-03-16 07:08:20]
shell stdout: 
[INFO -- 2017-03-16 07:08:20]
shell stdout: 
[INFO -- 2017-03-16 07:08:20]
shell stdout: 
[INFO -- 2017-03-16 07:08:21]
shell stdout: 
[INFO -- 2017-03-16 07:08:21]
shell stdout: 
[INFO -- 2017-03-16 07:08:21]
shell stdout: 
[INFO -- 2017-03-16 07:08:21]
shell stdout: 
[INFO -- 2017-03-16 07:08:21]
shell stdout: 
[INFO -- 2017-03-16 07:08:22]
shell stdout: 
[INFO -- 2017-03-16 07:08:22]
shell stdout: 
[INFO -- 2017-03-16 07:09:00]
no gdbExecName running, out:
[INFO -- 2017-03-16 07:09:00]
checCmd:ps -e | grep -i gdb-mic
[INFO -- 2017-03-16 07:09:00]
finished now-timestampStart < maxWaitTime*5
[INFO -- 2017-03-16 07:09:00]
now: 1489662538
[INFO -- 2017-03-16 07:09:00]
timestampStart: 1489662481
[INFO -- 2017-03-16 07:09:00]
kill cmd: killall -9 gdb-mic
[INFO -- 2017-03-16 07:09:00]
shell stdout: 
[INFO -- 2017-03-16 07:09:00]
kill cmd: ssh -T mic0 killall -9 needle_check
[INFO -- 2017-03-16 07:09:00]
shell stdout: 
[INFO -- 2017-03-16 07:09:01]
kill cmd: ssh -T mic0 killall -9 gdbserver
[INFO -- 2017-03-16 07:09:01]
shell stdout: 
[INFO -- 2017-03-16 07:09:01]
kill cmd: ssh -T mic0 killall -9 sshd
[INFO -- 2017-03-16 07:09:01]
shell stdout: 
