[INFO -- 2017-03-01 13:14:01]
Starting GDB script
[INFO -- 2017-03-01 13:14:01]
initSignal:25.0
[INFO -- 2017-03-01 13:14:01]
endSignal:30.0
[INFO -- 2017-03-01 13:14:01]
seqSignal:20
[INFO -- 2017-03-01 13:14:27]
sending 20 signals using command: 'ssh -T mic0 killall -2 clamr_openmponly' after 26.2171724546s
[INFO -- 2017-03-01 13:14:28]
shell stdout: 
[INFO -- 2017-03-01 13:14:28]
shell stdout: 
[INFO -- 2017-03-01 13:14:28]
shell stdout: 
[INFO -- 2017-03-01 13:14:29]
sending 20 signals using command: 'ssh -T mic0 killall -2 clamr_openmponly' after 28.0826056197s
[INFO -- 2017-03-01 13:14:29]
shell stdout: 
[INFO -- 2017-03-01 13:14:29]
shell stdout: 
[INFO -- 2017-03-01 13:14:29]
shell stdout: 
[INFO -- 2017-03-01 13:14:30]
shell stdout: 
[INFO -- 2017-03-01 13:14:30]
shell stdout: 
[INFO -- 2017-03-01 13:14:30]
shell stdout: 
[INFO -- 2017-03-01 13:14:30]
shell stdout: 
[INFO -- 2017-03-01 13:14:30]
shell stdout: 
[INFO -- 2017-03-01 13:14:31]
shell stdout: 
[INFO -- 2017-03-01 13:14:31]
shell stdout: 
[INFO -- 2017-03-01 13:14:31]
shell stdout: 
[INFO -- 2017-03-01 13:14:31]
shell stdout: 
[INFO -- 2017-03-01 13:14:31]
shell stdout: 
[INFO -- 2017-03-01 13:14:32]
shell stdout: 
[INFO -- 2017-03-01 13:14:32]
shell stdout: 
[INFO -- 2017-03-01 13:14:32]
shell stdout: 
[INFO -- 2017-03-01 13:14:32]
shell stdout: 
[INFO -- 2017-03-01 13:14:33]
shell stdout: 
[INFO -- 2017-03-01 13:14:33]
shell stdout: 
[INFO -- 2017-03-01 13:14:33]
shell stdout: 
[INFO -- 2017-03-01 13:14:33]
shell stdout: 
[INFO -- 2017-03-01 13:14:34]
shell stdout: 
[INFO -- 2017-03-01 13:14:34]
shell stdout: 
[INFO -- 2017-03-01 13:14:35]
shell stdout: 
[INFO -- 2017-03-01 13:14:35]
shell stdout: 
[INFO -- 2017-03-01 13:14:35]
shell stdout: 
[INFO -- 2017-03-01 13:14:35]
shell stdout: 
[INFO -- 2017-03-01 13:14:36]
shell stdout: 
[INFO -- 2017-03-01 13:14:36]
shell stdout: 
[INFO -- 2017-03-01 13:14:37]
shell stdout: 
[INFO -- 2017-03-01 13:14:37]
shell stdout: 
[INFO -- 2017-03-01 13:14:37]
shell stdout: 
[INFO -- 2017-03-01 13:14:37]
shell stdout: 
[INFO -- 2017-03-01 13:14:38]
shell stdout: 
[INFO -- 2017-03-01 13:14:39]
shell stdout: 
[INFO -- 2017-03-01 13:14:39]
shell stdout: 
[INFO -- 2017-03-01 13:14:40]
shell stdout: 
[INFO -- 2017-03-01 13:17:17]
no gdbExecName running, out:
[INFO -- 2017-03-01 13:17:17]
checCmd:ps -e | grep -i gdb-mic
[INFO -- 2017-03-01 13:17:17]
finished now-timestampStart < maxWaitTime*5
[INFO -- 2017-03-01 13:17:17]
now: 1488392228
[INFO -- 2017-03-01 13:17:17]
timestampStart: 1488392041
[INFO -- 2017-03-01 13:17:17]
kill cmd: killall -9 gdb-mic
[INFO -- 2017-03-01 13:17:17]
shell stdout: 
[INFO -- 2017-03-01 13:17:18]
kill cmd: ssh -T mic0 killall -9 clamr_openmponly
[INFO -- 2017-03-01 13:17:18]
shell stdout: 
[INFO -- 2017-03-01 13:17:18]
kill cmd: ssh -T mic0 killall -9 gdbserver
[INFO -- 2017-03-01 13:17:18]
shell stdout: 
[INFO -- 2017-03-01 13:17:18]
kill cmd: ssh -T mic0 killall -9 sshd
[INFO -- 2017-03-01 13:17:18]
shell stdout: 
