[INFO -- 2017-02-27 01:05:15]
Starting GDB script
[INFO -- 2017-02-27 01:05:15]
initSignal:3.0
[INFO -- 2017-02-27 01:05:15]
endSignal:6.0
[INFO -- 2017-02-27 01:05:15]
seqSignal:15
[INFO -- 2017-02-27 01:05:18]
sending 15 signals using command: 'ssh -T mic0 killall -2 hotspot_check' after 3.41005790417s
[INFO -- 2017-02-27 01:05:19]
shell stdout: 
[INFO -- 2017-02-27 01:05:19]
shell stdout: 
[INFO -- 2017-02-27 01:05:19]
shell stdout: 
[INFO -- 2017-02-27 01:05:20]
sending 15 signals using command: 'ssh -T mic0 killall -2 hotspot_check' after 4.94004873704s
[INFO -- 2017-02-27 01:05:20]
shell stdout: 
[INFO -- 2017-02-27 01:05:20]
shell stdout: 
[INFO -- 2017-02-27 01:05:20]
shell stdout: 
[INFO -- 2017-02-27 01:05:21]
shell stdout: 
[INFO -- 2017-02-27 01:05:21]
shell stdout: 
[INFO -- 2017-02-27 01:05:21]
sending 15 signals using command: 'ssh -T mic0 killall -2 hotspot_check' after 5.97228895533s
[INFO -- 2017-02-27 01:05:21]
shell stdout: 
[INFO -- 2017-02-27 01:05:21]
shell stdout: 
[INFO -- 2017-02-27 01:05:21]
shell stdout: 
[INFO -- 2017-02-27 01:05:21]
shell stdout: 
[INFO -- 2017-02-27 01:05:21]
shell stdout: 
[INFO -- 2017-02-27 01:05:22]
shell stdout: 
[INFO -- 2017-02-27 01:05:22]
shell stdout: 
[INFO -- 2017-02-27 01:05:22]
shell stdout: 
[INFO -- 2017-02-27 01:05:22]
shell stdout: 
[INFO -- 2017-02-27 01:05:22]
shell stdout: 
[INFO -- 2017-02-27 01:05:22]
shell stdout: 
[INFO -- 2017-02-27 01:05:22]
shell stdout: 
[INFO -- 2017-02-27 01:05:23]
shell stdout: 
[INFO -- 2017-02-27 01:05:23]
shell stdout: 
[INFO -- 2017-02-27 01:05:23]
shell stdout: 
[INFO -- 2017-02-27 01:05:23]
shell stdout: 
[INFO -- 2017-02-27 01:05:23]
shell stdout: 
[INFO -- 2017-02-27 01:05:23]
shell stdout: 
[INFO -- 2017-02-27 01:05:23]
shell stdout: 
[INFO -- 2017-02-27 01:05:24]
shell stdout: 
[INFO -- 2017-02-27 01:05:24]
shell stdout: 
[INFO -- 2017-02-27 01:05:24]
shell stdout: 
[INFO -- 2017-02-27 01:05:24]
shell stdout: 
[INFO -- 2017-02-27 01:05:24]
shell stdout: 
[INFO -- 2017-02-27 01:05:24]
shell stdout: 
[INFO -- 2017-02-27 01:05:24]
shell stdout: 
[INFO -- 2017-02-27 01:05:24]
shell stdout: 
[INFO -- 2017-02-27 01:05:25]
shell stdout: 
[INFO -- 2017-02-27 01:05:25]
shell stdout: 
[INFO -- 2017-02-27 01:05:25]
shell stdout: 
[INFO -- 2017-02-27 01:05:25]
shell stdout: 
[INFO -- 2017-02-27 01:05:26]
shell stdout: 
[INFO -- 2017-02-27 01:05:26]
shell stdout: 
[INFO -- 2017-02-27 01:05:26]
shell stdout: 
[INFO -- 2017-02-27 01:05:26]
shell stdout: 
[INFO -- 2017-02-27 01:05:26]
shell stdout: 
[INFO -- 2017-02-27 01:05:27]
shell stdout: 
[INFO -- 2017-02-27 01:05:54]
no gdbExecName running, out:
[INFO -- 2017-02-27 01:05:54]
checCmd:ps -e | grep -i gdb-mic
[INFO -- 2017-02-27 01:05:54]
finished now-timestampStart < maxWaitTime*5
[INFO -- 2017-02-27 01:05:54]
now: 1488175553
[INFO -- 2017-02-27 01:05:54]
timestampStart: 1488175515
[INFO -- 2017-02-27 01:05:55]
kill cmd: killall -9 gdb-mic
[INFO -- 2017-02-27 01:05:55]
shell stdout: 
[INFO -- 2017-02-27 01:05:55]
kill cmd: ssh -T mic0 killall -9 hotspot_check
[INFO -- 2017-02-27 01:05:55]
shell stdout: 
[INFO -- 2017-02-27 01:05:55]
kill cmd: ssh -T mic0 killall -9 gdbserver
[INFO -- 2017-02-27 01:05:55]
shell stdout: 
[INFO -- 2017-02-27 01:05:56]
kill cmd: ssh -T mic0 killall -9 sshd
[INFO -- 2017-02-27 01:05:56]
shell stdout: 
