2016-10-21 13:36:49:Starting GDB script
2016-10-21 13:36:51:sending signal using command: 'ssh -T mic0 killall -2 needle_check' after 1.65130879549s
2016-10-21 13:36:51:shell stdout: 
2016-10-21 13:36:54:sending signal using command: 'ssh -T mic0 killall -2 needle_check' after 4.53655747285s
2016-10-21 13:36:54:shell stdout: 
2016-10-21 13:36:55:sending signal using command: 'ssh -T mic0 killall -2 needle_check' after 5.45600558646s
2016-10-21 13:36:55:shell stdout: 
2016-10-21 13:36:57:sending signal using command: 'ssh -T mic0 killall -2 needle_check' after 6.95316364519s
2016-10-21 13:36:57:shell stdout: 
2016-10-21 13:36:59:sending signal using command: 'ssh -T mic0 killall -2 needle_check' after 9.28640029136s
2016-10-21 13:36:59:shell stdout: 
2016-10-21 13:37:00:sending signal using command: 'ssh -T mic0 killall -2 needle_check' after 10.4987343951s
2016-10-21 13:37:00:shell stdout: 
2016-10-21 13:37:01:sending signal using command: 'ssh -T mic0 killall -2 needle_check' after 11.0352358479s
2016-10-21 13:37:01:shell stdout: 
2016-10-21 13:37:03:sending signal using command: 'ssh -T mic0 killall -2 needle_check' after 13.8128375723s
2016-10-21 13:37:03:shell stdout: 
2016-10-21 13:37:05:sending signal using command: 'ssh -T mic0 killall -2 needle_check' after 14.8918382132s
2016-10-21 13:37:05:shell stdout: 
2016-10-21 13:37:05:sending signal using command: 'ssh -T mic0 killall -2 needle_check' after 15.056001445s
2016-10-21 13:37:05:shell stdout: 
2016-10-21 13:37:09:no gdbExecName running, out:
2016-10-21 13:37:09:checCmd:ps -e | grep -i gdb-mic
2016-10-21 13:37:09:finished now-timestampStart < maxWaitTime*5
2016-10-21 13:37:09:now: 1477071428
2016-10-21 13:37:09:timestampStart: 1477071409
2016-10-21 13:37:09:kill cmd: killall -9 gdb-mic
2016-10-21 13:37:09:shell stdout: 
2016-10-21 13:37:09:kill cmd: ssh -T mic0 killall -9 needle_check
2016-10-21 13:37:09:shell stdout: 
2016-10-21 13:37:09:kill cmd: ssh -T mic0 killall -9 gdbserver
2016-10-21 13:37:09:shell stdout: 
2016-10-21 13:37:10:kill cmd: ssh -T mic0 killall -9 sshd
2016-10-21 13:37:10:shell stdout: 
