2016-10-18 13:19:03:Initialization strings:
2016-10-18 13:19:03:(1) target extended-remote | ssh -T mic0 gdbserver --multi -
2016-10-18 13:19:03:(2) set sysroot /opt/mpss/3.7/sysroots/k1om-mpss-linux/
2016-10-18 13:19:03:(3) set sysroot /opt/mpss/3.7/sysroots/k1om-mpss-linux/
2016-10-18 13:19:03:(4) file /micNfs/gdb-fault-injection-hotspot/bin/hotspot_check
2016-10-18 13:19:03:(5) set remote exec-file /micNfs/gdb-fault-injection-hotspot/bin/hotspot_check
2016-10-18 13:19:03:(6) set args 1024 1024 2000 228 /micNfs/gdb-fault-injection-hotspot/bin/temp_1024 /micNfs/gdb-fault-injection-hotspot/bin/power_1024 /micNfs/gdb-fault-injection-hotspot/bin/GOLD_1024-2000-228
2016-10-18 13:19:08:Trying Fault Injection
2016-10-18 13:19:08:Backtrace BEGIN:
2016-10-18 13:19:08:#0  0x00007ffff714f7f1 in __memchr (s=s@entry=0x7ffff7fb2252, c_in=c_in@entry=10, n=249, n@entry=255) at ../string/memchr.c:135
#1  0x00007ffff7139361 in __GI__IO_getline_info (fp=fp@entry=0x609b40, buf=buf@entry=0x7fffffffe87a "0.000008\n", n=255, delim=delim@entry=10, extract_delim=extract_delim@entry=1, eof=eof@entry=0x0) at iogetline.c:94
#2  0x00007ffff7139498 in __GI__IO_getline (fp=fp@entry=0x609b40, buf=buf@entry=0x7fffffffe87a "0.000008\n", n=<optimized out>, delim=delim@entry=10, extract_delim=extract_delim@entry=1) at iogetline.c:38
#3  0x00007ffff7138312 in _IO_fgets (buf=0x7fffffffe87a "0.000008\n", n=<optimized out>, fp=0x609b40) at iofgets.c:56
#4  0x00000000004017d6 in read_input (vect=<optimized out>, grid_rows=<optimized out>, grid_cols=-160649200, file=<optimized out>) at hotspot_check.c:201
#5  main (argc=-134536616, argv=0xa) at hotspot_check.c:265

2016-10-18 13:19:08:130	in ../string/memchr.c

2016-10-18 13:19:08:Backtrace END
2016-10-18 13:19:08:Type: The type is a pointer.
2016-10-18 13:19:08:Type sizeof: 8
2016-10-18 13:19:08:Fliping a bit of the value pointed by a pointer
2016-10-18 13:19:08:Type: The type is an integer type.
2016-10-18 13:19:08:Type sizeof: 1
2016-10-18 13:19:08:Mem contents(hex):0x30
2016-10-18 13:19:08:base address to flip value: 0x7fffffffe87a 
2016-10-18 13:19:08:address max offset: 1
2016-10-18 13:19:08:Memory content before bitflip:0x30
2016-10-18 13:19:08:Memory content after  bitflip:0x38
2016-10-18 13:19:08:Mem contents(hex):0x38
2016-10-18 13:19:08:frame name: __GI__IO_getline_info
2016-10-18 13:19:08:symbol name: buf
2016-10-18 13:19:08:symbol filename: iogetline.c
2016-10-18 13:19:08:symbol line: 53
2016-10-18 13:19:08:value: 0x7fffffffe87a "8.000008\n"
2016-10-18 13:19:08:value address: 0x7fffffffe588
2016-10-18 13:19:08:Type: The type is a pointer.
2016-10-18 13:19:08:Type sizeof: 8
2016-10-18 13:19:08:Fault Injection Successful after 5.4879219532s
2016-10-18 13:19:09:Fault Already Injected
2016-10-18 13:19:09:Fault Already Injected
2016-10-18 13:19:10:Fault Already Injected
2016-10-18 13:19:11:Fault Already Injected
2016-10-18 13:19:12:Fault Already Injected
2016-10-18 13:19:12:Fault Already Injected
2016-10-18 13:19:14:Fault Already Injected
2016-10-18 13:19:15:Fault Already Injected
2016-10-18 13:19:15:Fault Already Injected
2016-10-18 13:19:18:event type: exit
2016-10-18 13:19:18:exit code: 0
