2016-11-01 11:46:02:Starting GDB script
2016-11-01 11:46:03:sending signal using command: 'ssh -T mic0 killall -2 lavamd' after 0.12891652742s
2016-11-01 11:46:03:shell stdout: 
2016-11-01 11:46:03:sending signal using command: 'ssh -T mic0 killall -2 lavamd' after 0.192104949804s
2016-11-01 11:46:03:shell stdout: 
2016-11-01 11:46:03:sending signal using command: 'ssh -T mic0 killall -2 lavamd' after 0.75255158202s
2016-11-01 11:46:03:shell stdout: 
2016-11-01 11:46:07:sending signal using command: 'ssh -T mic0 killall -2 lavamd' after 3.61180837102s
2016-11-01 11:46:07:shell stdout: 
2016-11-01 11:46:08:sending signal using command: 'ssh -T mic0 killall -2 lavamd' after 4.63772096276s
2016-11-01 11:46:08:shell stdout: 
2016-11-01 11:46:08:sending signal using command: 'ssh -T mic0 killall -2 lavamd' after 5.18521050753s
2016-11-01 11:46:08:shell stdout: 
2016-11-01 11:46:09:sending signal using command: 'ssh -T mic0 killall -2 lavamd' after 6.04465934702s
2016-11-01 11:46:09:shell stdout: 
2016-11-01 11:46:10:sending signal using command: 'ssh -T mic0 killall -2 lavamd' after 7.24036589279s
2016-11-01 11:46:10:shell stdout: 
2016-11-01 11:46:11:sending signal using command: 'ssh -T mic0 killall -2 lavamd' after 8.31593586398s
2016-11-01 11:46:11:shell stdout: 
2016-11-01 11:46:12:sending signal using command: 'ssh -T mic0 killall -2 lavamd' after 9.93763577937s
2016-11-01 11:46:12:shell stdout: 
2016-11-01 11:46:19:no gdbExecName running, out:
2016-11-01 11:46:19:checCmd:ps -e | grep -i gdb-mic
2016-11-01 11:46:19:finished now-timestampStart < maxWaitTime*5
2016-11-01 11:46:19:now: 1478015178
2016-11-01 11:46:19:timestampStart: 1478015162
2016-11-01 11:46:19:kill cmd: killall -9 gdb-mic
2016-11-01 11:46:19:shell stdout: 
2016-11-01 11:46:20:kill cmd: ssh -T mic0 killall -9 lavamd
2016-11-01 11:46:20:shell stdout: 
2016-11-01 11:46:20:kill cmd: ssh -T mic0 killall -9 gdbserver
2016-11-01 11:46:20:shell stdout: 
2016-11-01 11:46:20:kill cmd: ssh -T mic0 killall -9 sshd
2016-11-01 11:46:20:shell stdout: 
