[INFO -- 2017-02-27 18:53:56]
Starting GDB script
[INFO -- 2017-02-27 18:53:56]
initSignal:25.0
[INFO -- 2017-02-27 18:53:56]
endSignal:30.0
[INFO -- 2017-02-27 18:53:56]
seqSignal:20
[INFO -- 2017-02-27 18:54:24]
sending 20 signals using command: 'ssh -T mic0 killall -2 clamr_openmponly' after 27.324712387s
[INFO -- 2017-02-27 18:54:25]
shell stdout: 
[INFO -- 2017-02-27 18:54:25]
shell stdout: 
[INFO -- 2017-02-27 18:54:26]
shell stdout: 
[INFO -- 2017-02-27 18:54:26]
sending 20 signals using command: 'ssh -T mic0 killall -2 clamr_openmponly' after 29.3158371321s
[INFO -- 2017-02-27 18:54:26]
shell stdout: 
[INFO -- 2017-02-27 18:54:26]
shell stdout: 
[INFO -- 2017-02-27 18:54:26]
shell stdout: 
[INFO -- 2017-02-27 18:54:27]
shell stdout: 
[INFO -- 2017-02-27 18:54:27]
shell stdout: 
[INFO -- 2017-02-27 18:54:27]
shell stdout: 
[INFO -- 2017-02-27 18:54:27]
shell stdout: 
[INFO -- 2017-02-27 18:54:27]
shell stdout: 
[INFO -- 2017-02-27 18:54:28]
shell stdout: 
[INFO -- 2017-02-27 18:54:28]
shell stdout: 
[INFO -- 2017-02-27 18:54:28]
shell stdout: 
[INFO -- 2017-02-27 18:54:28]
shell stdout: 
[INFO -- 2017-02-27 18:54:28]
shell stdout: 
[INFO -- 2017-02-27 18:54:29]
shell stdout: 
[INFO -- 2017-02-27 18:54:29]
shell stdout: 
[INFO -- 2017-02-27 18:54:29]
shell stdout: 
[INFO -- 2017-02-27 18:54:29]
shell stdout: 
[INFO -- 2017-02-27 18:54:30]
shell stdout: 
[INFO -- 2017-02-27 18:54:30]
shell stdout: 
[INFO -- 2017-02-27 18:54:30]
shell stdout: 
[INFO -- 2017-02-27 18:54:30]
shell stdout: 
[INFO -- 2017-02-27 18:54:30]
shell stdout: 
[INFO -- 2017-02-27 18:54:31]
shell stdout: 
[INFO -- 2017-02-27 18:54:31]
shell stdout: 
[INFO -- 2017-02-27 18:54:31]
shell stdout: 
[INFO -- 2017-02-27 18:54:31]
shell stdout: 
[INFO -- 2017-02-27 18:54:31]
shell stdout: 
[INFO -- 2017-02-27 18:54:32]
shell stdout: 
[INFO -- 2017-02-27 18:54:32]
shell stdout: 
[INFO -- 2017-02-27 18:54:32]
shell stdout: 
[INFO -- 2017-02-27 18:54:32]
shell stdout: 
[INFO -- 2017-02-27 18:54:33]
shell stdout: 
[INFO -- 2017-02-27 18:54:33]
shell stdout: 
[INFO -- 2017-02-27 18:54:33]
shell stdout: 
[INFO -- 2017-02-27 18:54:34]
shell stdout: 
[INFO -- 2017-02-27 18:54:34]
shell stdout: 
[INFO -- 2017-02-27 18:54:34]
shell stdout: 
[INFO -- 2017-02-27 18:57:40]
no gdbExecName running, out:
[INFO -- 2017-02-27 18:57:40]
checCmd:ps -e | grep -i gdb-mic
[INFO -- 2017-02-27 18:57:40]
finished now-timestampStart < maxWaitTime*5
[INFO -- 2017-02-27 18:57:40]
now: 1488239851
[INFO -- 2017-02-27 18:57:40]
timestampStart: 1488239636
[INFO -- 2017-02-27 18:57:40]
kill cmd: killall -9 gdb-mic
[INFO -- 2017-02-27 18:57:40]
shell stdout: 
[INFO -- 2017-02-27 18:57:40]
kill cmd: ssh -T mic0 killall -9 clamr_openmponly
[INFO -- 2017-02-27 18:57:40]
shell stdout: 
[INFO -- 2017-02-27 18:57:41]
kill cmd: ssh -T mic0 killall -9 gdbserver
[INFO -- 2017-02-27 18:57:41]
shell stdout: 
[INFO -- 2017-02-27 18:57:41]
kill cmd: ssh -T mic0 killall -9 sshd
[INFO -- 2017-02-27 18:57:41]
shell stdout: 
