2017-01-24 17:30:19:Starting GDB script
2017-01-24 17:30:19:initSignal:4.0
2017-01-24 17:30:19:endSignal:6.0
2017-01-24 17:30:19:seqSignal:30
2017-01-24 17:30:24:sending 30 signals using command: 'ssh -T mic0 killall -2 lud_check' after 4.43363646312s
2017-01-24 17:30:24:sending 30 signals using command: 'ssh -T mic0 killall -2 lud_check' after 4.55652032385s
2017-01-24 17:30:24:sending 30 signals using command: 'ssh -T mic0 killall -2 lud_check' after 4.60149802322s
2017-01-24 17:30:25:shell stdout: 
2017-01-24 17:30:25:shell stdout: 
2017-01-24 17:30:25:shell stdout: 
2017-01-24 17:30:26:shell stdout: 
2017-01-24 17:30:26:shell stdout: 
2017-01-24 17:30:26:shell stdout: 
2017-01-24 17:30:26:shell stdout: 
2017-01-24 17:30:26:shell stdout: 
2017-01-24 17:30:26:shell stdout: 
2017-01-24 17:30:27:shell stdout: 
2017-01-24 17:30:27:shell stdout: 
2017-01-24 17:30:27:shell stdout: 
2017-01-24 17:30:27:shell stdout: 
2017-01-24 17:30:27:shell stdout: 
2017-01-24 17:30:27:shell stdout: 
2017-01-24 17:30:27:shell stdout: 
2017-01-24 17:30:27:shell stdout: 
2017-01-24 17:30:27:shell stdout: 
2017-01-24 17:30:28:shell stdout: 
2017-01-24 17:30:28:shell stdout: 
2017-01-24 17:30:28:shell stdout: 
2017-01-24 17:30:28:shell stdout: 
2017-01-24 17:30:28:shell stdout: 
2017-01-24 17:30:28:shell stdout: 
2017-01-24 17:30:29:shell stdout: 
2017-01-24 17:30:29:shell stdout: 
2017-01-24 17:30:29:shell stdout: 
2017-01-24 17:30:29:shell stdout: 
2017-01-24 17:30:29:shell stdout: 
2017-01-24 17:30:29:shell stdout: 
2017-01-24 17:30:29:shell stdout: 
2017-01-24 17:30:30:shell stdout: 
2017-01-24 17:30:30:shell stdout: 
2017-01-24 17:30:30:shell stdout: 
2017-01-24 17:30:30:shell stdout: 
2017-01-24 17:30:30:shell stdout: 
2017-01-24 17:30:30:shell stdout: 
2017-01-24 17:30:30:shell stdout: 
2017-01-24 17:30:31:shell stdout: 
2017-01-24 17:30:31:shell stdout: 
2017-01-24 17:30:31:shell stdout: 
2017-01-24 17:30:31:shell stdout: 
2017-01-24 17:30:31:shell stdout: 
2017-01-24 17:30:31:shell stdout: 
2017-01-24 17:30:31:shell stdout: 
2017-01-24 17:30:32:shell stdout: 
2017-01-24 17:30:32:shell stdout: 
2017-01-24 17:30:32:shell stdout: 
2017-01-24 17:30:32:shell stdout: 
2017-01-24 17:30:32:shell stdout: 
2017-01-24 17:30:32:shell stdout: 
2017-01-24 17:30:32:shell stdout: 
2017-01-24 17:30:33:shell stdout: 
2017-01-24 17:30:33:shell stdout: 
2017-01-24 17:30:33:shell stdout: 
2017-01-24 17:30:33:shell stdout: 
2017-01-24 17:30:33:shell stdout: 
2017-01-24 17:30:34:shell stdout: 
2017-01-24 17:30:34:shell stdout: 
2017-01-24 17:30:34:shell stdout: 
2017-01-24 17:30:34:shell stdout: 
2017-01-24 17:30:34:shell stdout: 
2017-01-24 17:30:34:shell stdout: 
2017-01-24 17:30:35:shell stdout: 
2017-01-24 17:30:35:shell stdout: 
2017-01-24 17:30:35:shell stdout: 
2017-01-24 17:30:36:shell stdout: 
2017-01-24 17:30:36:shell stdout: 
2017-01-24 17:30:36:shell stdout: 
2017-01-24 17:30:37:shell stdout: 
2017-01-24 17:30:37:shell stdout: 
2017-01-24 17:30:37:shell stdout: 
2017-01-24 17:30:37:shell stdout: 
2017-01-24 17:30:37:shell stdout: 
2017-01-24 17:30:37:shell stdout: 
2017-01-24 17:30:38:shell stdout: 
2017-01-24 17:30:38:shell stdout: 
2017-01-24 17:30:38:shell stdout: 
2017-01-24 17:30:38:shell stdout: 
2017-01-24 17:30:38:shell stdout: 
2017-01-24 17:30:39:shell stdout: 
2017-01-24 17:30:39:shell stdout: 
2017-01-24 17:30:39:shell stdout: 
2017-01-24 17:30:39:shell stdout: 
2017-01-24 17:30:40:shell stdout: 
2017-01-24 17:30:40:shell stdout: 
2017-01-24 17:30:40:shell stdout: 
2017-01-24 17:30:40:shell stdout: 
2017-01-24 17:30:40:shell stdout: 
2017-01-24 17:30:40:shell stdout: 
2017-01-24 17:30:51:no gdbExecName running, out:
2017-01-24 17:30:51:checCmd:ps -e | grep -i gdb-mic
2017-01-24 17:30:51:finished now-timestampStart < maxWaitTime*5
2017-01-24 17:30:51:now: 1485297050
2017-01-24 17:30:51:timestampStart: 1485297019
2017-01-24 17:30:51:kill cmd: killall -9 gdb-mic
2017-01-24 17:30:51:shell stdout: 
2017-01-24 17:30:51:kill cmd: ssh -T mic0 killall -9 lud_check
2017-01-24 17:30:51:shell stdout: 
2017-01-24 17:30:51:kill cmd: ssh -T mic0 killall -9 gdbserver
2017-01-24 17:30:51:shell stdout: 
2017-01-24 17:30:52:kill cmd: ssh -T mic0 killall -9 sshd
2017-01-24 17:30:52:shell stdout: 
