[INFO -- 2017-03-26 03:26:20]
Starting GDB script
[INFO -- 2017-03-26 03:26:20]
initSignal:40.0
[INFO -- 2017-03-26 03:26:20]
endSignal:49.0
[INFO -- 2017-03-26 03:26:20]
seqSignal:20
[INFO -- 2017-03-26 03:27:00]
sending 20 signals using command: 'ssh -T mic1 killall -2 clamr_openmponly' after 40.1390577385s
[INFO -- 2017-03-26 03:27:01]
sending 20 signals using command: 'ssh -T mic1 killall -2 clamr_openmponly' after 40.7133312949s
[INFO -- 2017-03-26 03:27:01]
shell stdout: 
[INFO -- 2017-03-26 03:27:01]
shell stdout: 
[INFO -- 2017-03-26 03:27:01]
shell stdout: 
[INFO -- 2017-03-26 03:27:02]
shell stdout: 
[INFO -- 2017-03-26 03:27:02]
shell stdout: 
[INFO -- 2017-03-26 03:27:02]
shell stdout: 
[INFO -- 2017-03-26 03:27:02]
shell stdout: 
[INFO -- 2017-03-26 03:27:03]
shell stdout: 
[INFO -- 2017-03-26 03:27:03]
shell stdout: 
[INFO -- 2017-03-26 03:27:03]
shell stdout: 
[INFO -- 2017-03-26 03:27:03]
shell stdout: 
[INFO -- 2017-03-26 03:27:04]
shell stdout: 
[INFO -- 2017-03-26 03:27:04]
shell stdout: 
[INFO -- 2017-03-26 03:27:04]
shell stdout: 
[INFO -- 2017-03-26 03:27:04]
shell stdout: 
[INFO -- 2017-03-26 03:27:04]
shell stdout: 
[INFO -- 2017-03-26 03:27:04]
shell stdout: 
[INFO -- 2017-03-26 03:27:05]
shell stdout: 
[INFO -- 2017-03-26 03:27:05]
shell stdout: 
[INFO -- 2017-03-26 03:27:05]
shell stdout: 
[INFO -- 2017-03-26 03:27:05]
shell stdout: 
[INFO -- 2017-03-26 03:27:06]
shell stdout: 
[INFO -- 2017-03-26 03:27:06]
shell stdout: 
[INFO -- 2017-03-26 03:27:06]
shell stdout: 
[INFO -- 2017-03-26 03:27:06]
shell stdout: 
[INFO -- 2017-03-26 03:27:07]
shell stdout: 
[INFO -- 2017-03-26 03:27:07]
shell stdout: 
[INFO -- 2017-03-26 03:27:07]
shell stdout: 
[INFO -- 2017-03-26 03:27:07]
shell stdout: 
[INFO -- 2017-03-26 03:27:08]
shell stdout: 
[INFO -- 2017-03-26 03:27:08]
shell stdout: 
[INFO -- 2017-03-26 03:27:08]
shell stdout: 
[INFO -- 2017-03-26 03:27:08]
shell stdout: 
[INFO -- 2017-03-26 03:27:09]
shell stdout: 
[INFO -- 2017-03-26 03:27:09]
shell stdout: 
[INFO -- 2017-03-26 03:27:09]
shell stdout: 
[INFO -- 2017-03-26 03:27:10]
shell stdout: 
[INFO -- 2017-03-26 03:27:10]
shell stdout: 
[INFO -- 2017-03-26 03:27:10]
shell stdout: 
[INFO -- 2017-03-26 03:27:10]
shell stdout: 
[INFO -- 2017-03-26 03:33:47]
finished due now-timestampStart > maxWaitTime*5
[INFO -- 2017-03-26 03:33:47]
now: 1490513627
[INFO -- 2017-03-26 03:33:47]
timestampStart: 1490513180
[INFO -- 2017-03-26 03:33:47]
kill cmd: killall -9 gdb-mic
[INFO -- 2017-03-26 03:33:47]
shell stdout: 
[INFO -- 2017-03-26 03:33:47]
kill cmd: ssh -T mic1 killall -9 clamr_openmponly
[INFO -- 2017-03-26 03:33:47]
shell stdout: 
[INFO -- 2017-03-26 03:33:48]
kill cmd: ssh -T mic1 killall -9 gdbserver
[INFO -- 2017-03-26 03:33:48]
shell stdout: 
[INFO -- 2017-03-26 03:33:48]
kill cmd: ssh -T mic1 killall -9 sshd
[INFO -- 2017-03-26 03:33:48]
shell stdout: 
