[INFO -- 2017-02-27 02:32:15]
Starting GDB script
[INFO -- 2017-02-27 02:32:15]
initSignal:12.0
[INFO -- 2017-02-27 02:32:15]
endSignal:15.0
[INFO -- 2017-02-27 02:32:15]
seqSignal:15
[INFO -- 2017-02-27 02:32:28]
sending 15 signals using command: 'ssh -T mic0 killall -2 hotspot_check' after 12.4890382194s
[INFO -- 2017-02-27 02:32:28]
sending 15 signals using command: 'ssh -T mic0 killall -2 hotspot_check' after 12.7166091445s
[INFO -- 2017-02-27 02:32:28]
shell stdout: 
[INFO -- 2017-02-27 02:32:28]
sending 15 signals using command: 'ssh -T mic0 killall -2 hotspot_check' after 13.0802372129s
[INFO -- 2017-02-27 02:32:29]
shell stdout: 
[INFO -- 2017-02-27 02:32:29]
shell stdout: 
[INFO -- 2017-02-27 02:32:29]
shell stdout: 
[INFO -- 2017-02-27 02:32:29]
shell stdout: 
[INFO -- 2017-02-27 02:32:29]
shell stdout: 
[INFO -- 2017-02-27 02:32:29]
shell stdout: 
[INFO -- 2017-02-27 02:32:29]
shell stdout: 
[INFO -- 2017-02-27 02:32:30]
shell stdout: 
[INFO -- 2017-02-27 02:32:30]
shell stdout: 
[INFO -- 2017-02-27 02:32:30]
shell stdout: 
[INFO -- 2017-02-27 02:32:30]
shell stdout: 
[INFO -- 2017-02-27 02:32:30]
shell stdout: 
[INFO -- 2017-02-27 02:32:30]
shell stdout: 
[INFO -- 2017-02-27 02:32:31]
shell stdout: 
[INFO -- 2017-02-27 02:32:31]
shell stdout: 
[INFO -- 2017-02-27 02:32:31]
shell stdout: 
[INFO -- 2017-02-27 02:32:31]
shell stdout: 
[INFO -- 2017-02-27 02:32:31]
shell stdout: 
[INFO -- 2017-02-27 02:32:32]
shell stdout: 
[INFO -- 2017-02-27 02:32:32]
shell stdout: 
[INFO -- 2017-02-27 02:32:32]
shell stdout: 
[INFO -- 2017-02-27 02:32:32]
shell stdout: 
[INFO -- 2017-02-27 02:32:32]
shell stdout: 
[INFO -- 2017-02-27 02:32:32]
shell stdout: 
[INFO -- 2017-02-27 02:32:33]
shell stdout: 
[INFO -- 2017-02-27 02:32:33]
shell stdout: 
[INFO -- 2017-02-27 02:32:33]
shell stdout: 
[INFO -- 2017-02-27 02:32:33]
shell stdout: 
[INFO -- 2017-02-27 02:32:33]
shell stdout: 
[INFO -- 2017-02-27 02:32:34]
shell stdout: 
[INFO -- 2017-02-27 02:32:34]
shell stdout: 
[INFO -- 2017-02-27 02:32:34]
shell stdout: 
[INFO -- 2017-02-27 02:32:34]
shell stdout: 
[INFO -- 2017-02-27 02:32:34]
shell stdout: 
[INFO -- 2017-02-27 02:32:34]
shell stdout: 
[INFO -- 2017-02-27 02:32:35]
shell stdout: 
[INFO -- 2017-02-27 02:32:35]
shell stdout: 
[INFO -- 2017-02-27 02:32:35]
shell stdout: 
[INFO -- 2017-02-27 02:32:35]
shell stdout: 
[INFO -- 2017-02-27 02:32:35]
shell stdout: 
[INFO -- 2017-02-27 02:32:35]
shell stdout: 
[INFO -- 2017-02-27 02:32:36]
shell stdout: 
[INFO -- 2017-02-27 02:32:36]
shell stdout: 
[INFO -- 2017-02-27 02:32:36]
shell stdout: 
[INFO -- 2017-02-27 02:33:18]
no gdbExecName running, out:
[INFO -- 2017-02-27 02:33:18]
checCmd:ps -e | grep -i gdb-mic
[INFO -- 2017-02-27 02:33:18]
finished now-timestampStart < maxWaitTime*5
[INFO -- 2017-02-27 02:33:18]
now: 1488180796
[INFO -- 2017-02-27 02:33:18]
timestampStart: 1488180735
[INFO -- 2017-02-27 02:33:18]
kill cmd: killall -9 gdb-mic
[INFO -- 2017-02-27 02:33:18]
shell stdout: 
[INFO -- 2017-02-27 02:33:18]
kill cmd: ssh -T mic0 killall -9 hotspot_check
[INFO -- 2017-02-27 02:33:18]
shell stdout: 
[INFO -- 2017-02-27 02:33:19]
kill cmd: ssh -T mic0 killall -9 gdbserver
[INFO -- 2017-02-27 02:33:19]
shell stdout: 
[INFO -- 2017-02-27 02:33:19]
kill cmd: ssh -T mic0 killall -9 sshd
[INFO -- 2017-02-27 02:33:19]
shell stdout: 
