[INFO -- 2017-03-03 18:59:31]
Starting flip_value script
version: 2.0
[INFO -- 2017-03-03 18:59:31]
Initialization strings:
[INFO -- 2017-03-03 18:59:31]
(1) target extended-remote | ssh -T mic0 gdbserver --multi -
[INFO -- 2017-03-03 18:59:31]
(2) set sysroot /opt/mpss/3.7/sysroots/k1om-mpss-linux/
[INFO -- 2017-03-03 18:59:31]
(3) set sysroot /opt/mpss/3.7/sysroots/k1om-mpss-linux/
[INFO -- 2017-03-03 18:59:31]
(4) file /micNfs/gdb-fault-injection/injector/bin/clamr/clamr_openmponly
[INFO -- 2017-03-03 18:59:31]
(5) set remote exec-file /micNfs/gdb-fault-injection/injector/bin/clamr/clamr_openmponly
[INFO -- 2017-03-03 18:59:31]
(6) cd /micNfs/gdb-fault-injection/injector/bin/clamr
[INFO -- 2017-03-03 18:59:31]
(7) set args -n 512 -t 100 -g 100 -G data -j md5file
[INFO -- 2017-03-03 18:59:31]
initSignal:10
[INFO -- 2017-03-03 18:59:31]
endSignal:15
[INFO -- 2017-03-03 18:59:31]
seqSignal:20
[INFO -- 2017-03-03 18:59:31]
faultMode:3
[INFO -- 2017-03-03 18:59:49]
Backtrace BEGIN:
#0  0x0000000000520974 in Mesh::rezone_all (this=0x7f9a50, icount=564, jcount=0, mpot=..., have_state=0, state_memory=...) at /micNfs/gdb-fault-injection/injector/src/clamr/CLAMR/mesh/mesh.cpp:3208
#1  0x00000000005083a4 in Mesh::init (this=0x7f9a50, nx=512, ny=512, circ_radius=24, initial_order=HILBERT_SORT, do_gpu_calc=0) at /micNfs/gdb-fault-injection/injector/src/clamr/CLAMR/mesh/mesh.cpp:1553
#2  0x000000000044516a in main (argc=11, argv=0x7fffffffec58) at /micNfs/gdb-fault-injection/injector/src/clamr/CLAMR/clamr_cpuonly.cpp:277

3203	
3204	      for (int ic = 0; ic < (int)ncells; ic++){
3205	         int nc = index[ic];
3206	
3207	         if (mpot[ic] == 0){
3208	            if (nlft_old[ic] < (int)ncells && nlft_old[ic] >= 0){
3209	               nlft[nc] = (mpot[nlft_old[ic]] == 0) ? index[nlft_old[ic]] : -1;
3210	            }
3211	            if (nrht_old[ic] < (int)ncells && nrht_old[ic] >= 0){
3212	               nrht[nc] = (mpot[nrht_old[ic]] == 0) ? index[nrht_old[ic]] : -1;

Backtrace END
Memory content before bitflip:0x01
Fault Mode: Zero bit-flip
base address to flip value: 0x7d0782 
address max offset: 1
Memory content after  bitflip:0x00
frame name: main
symbol name: localStencil
symbol filename: /micNfs/gdb-fault-injection/injector/src/clamr/CLAMR/clamr_cpuonly.cpp
symbol line: 130
value: false
value address: 0x7d0782 <localStencil>
Type: A boolean type.
Type sizeof: 1

[INFO -- 2017-03-03 18:59:49]
Fault Injection Successful after 18.22539711s
[INFO -- 2017-03-03 19:01:11]
event type: exit
[INFO -- 2017-03-03 19:01:11]
exit code: 0
