2017-01-25 04:26:41:Starting GDB script
2017-01-25 04:26:41:initSignal:7.0
2017-01-25 04:26:41:endSignal:14.0
2017-01-25 04:26:41:seqSignal:15
2017-01-25 04:26:52:sending 15 signals using command: 'ssh -T mic1 killall -2 dgemm_check' after 10.3415190352s
2017-01-25 04:26:52:shell stdout: 
2017-01-25 04:26:53:shell stdout: 
2017-01-25 04:26:53:shell stdout: 
2017-01-25 04:26:54:shell stdout: 
2017-01-25 04:26:54:shell stdout: 
2017-01-25 04:26:54:sending 15 signals using command: 'ssh -T mic1 killall -2 dgemm_check' after 12.8461588435s
2017-01-25 04:26:54:sending 15 signals using command: 'ssh -T mic1 killall -2 dgemm_check' after 13.0526247185s
2017-01-25 04:26:54:shell stdout: 
2017-01-25 04:26:55:shell stdout: 
2017-01-25 04:26:55:shell stdout: 
2017-01-25 04:26:55:shell stdout: 
2017-01-25 04:26:55:shell stdout: 
2017-01-25 04:26:55:shell stdout: 
2017-01-25 04:26:55:shell stdout: 
2017-01-25 04:26:55:shell stdout: 
2017-01-25 04:26:56:shell stdout: 
2017-01-25 04:26:56:shell stdout: 
2017-01-25 04:26:56:shell stdout: 
2017-01-25 04:26:56:shell stdout: 
2017-01-25 04:26:56:shell stdout: 
2017-01-25 04:26:56:shell stdout: 
2017-01-25 04:26:56:shell stdout: 
2017-01-25 04:26:56:shell stdout: 
2017-01-25 04:26:57:shell stdout: 
2017-01-25 04:26:57:shell stdout: 
2017-01-25 04:26:57:shell stdout: 
2017-01-25 04:26:57:shell stdout: 
2017-01-25 04:26:57:shell stdout: 
2017-01-25 04:26:57:shell stdout: 
2017-01-25 04:26:57:shell stdout: 
2017-01-25 04:26:58:shell stdout: 
2017-01-25 04:26:58:shell stdout: 
2017-01-25 04:26:58:shell stdout: 
2017-01-25 04:26:58:shell stdout: 
2017-01-25 04:26:58:shell stdout: 
2017-01-25 04:26:58:shell stdout: 
2017-01-25 04:26:58:shell stdout: 
2017-01-25 04:26:59:shell stdout: 
2017-01-25 04:26:59:shell stdout: 
2017-01-25 04:26:59:shell stdout: 
2017-01-25 04:26:59:shell stdout: 
2017-01-25 04:26:59:shell stdout: 
2017-01-25 04:27:00:shell stdout: 
2017-01-25 04:27:00:shell stdout: 
2017-01-25 04:27:00:shell stdout: 
2017-01-25 04:27:00:shell stdout: 
2017-01-25 04:27:00:shell stdout: 
2017-01-25 04:27:17:no gdbExecName running, out:
2017-01-25 04:27:17:checCmd:ps -e | grep -i gdb-mic
2017-01-25 04:27:17:finished now-timestampStart < maxWaitTime*5
2017-01-25 04:27:17:now: 1485336428
2017-01-25 04:27:17:timestampStart: 1485336401
2017-01-25 04:27:17:kill cmd: killall -9 gdb-mic
2017-01-25 04:27:17:shell stdout: 
2017-01-25 04:27:17:kill cmd: ssh -T mic1 killall -9 dgemm_check
2017-01-25 04:27:17:shell stdout: 
2017-01-25 04:27:17:kill cmd: ssh -T mic1 killall -9 gdbserver
2017-01-25 04:27:17:shell stdout: 
2017-01-25 04:27:18:kill cmd: ssh -T mic1 killall -9 sshd
2017-01-25 04:27:18:shell stdout: 
