2016-10-16 05:55:11:Starting GDB script
2016-10-16 05:55:12:sending signal using command: 'ssh -T mic0 killall -2 needle_check' after 0.390749259138s
2016-10-16 05:55:12:shell stdout: 
2016-10-16 05:55:15:sending signal using command: 'ssh -T mic0 killall -2 needle_check' after 3.40031246776s
2016-10-16 05:55:15:shell stdout: 
2016-10-16 05:55:15:sending signal using command: 'ssh -T mic0 killall -2 needle_check' after 4.21168259502s
2016-10-16 05:55:15:shell stdout: 
2016-10-16 05:55:16:sending signal using command: 'ssh -T mic0 killall -2 needle_check' after 4.59973901144s
2016-10-16 05:55:16:shell stdout: 
2016-10-16 05:55:18:no gdbExecName running, out:
2016-10-16 05:55:18:checCmd:ps -e | grep -i gdb-mic
2016-10-16 05:55:18:finished now-timestampStart < maxWaitTime*5
2016-10-16 05:55:18:now: 1476611717
2016-10-16 05:55:18:timestampStart: 1476611711
2016-10-16 05:55:18:kill cmd: killall -9 gdb-mic
2016-10-16 05:55:18:shell stdout: 
2016-10-16 05:55:18:kill cmd: ssh -T mic0 killall -9 needle_check
2016-10-16 05:55:18:shell stdout: 
2016-10-16 05:55:19:kill cmd: ssh -T mic0 killall -9 gdbserver
2016-10-16 05:55:19:shell stdout: 
2016-10-16 05:55:19:kill cmd: ssh -T mic0 killall -9 sshd
2016-10-16 05:55:19:shell stdout: 
