[INFO -- 2017-03-12 23:51:58]
Starting GDB script
[INFO -- 2017-03-12 23:51:58]
initSignal:4.0
[INFO -- 2017-03-12 23:51:58]
endSignal:8.0
[INFO -- 2017-03-12 23:51:58]
seqSignal:30
[INFO -- 2017-03-12 23:52:03]
sending 30 signals using command: 'ssh -T mic0 killall -2 needle_check' after 4.53367811985s
[INFO -- 2017-03-12 23:52:03]
shell stdout: 
[INFO -- 2017-03-12 23:52:03]
shell stdout: 
[INFO -- 2017-03-12 23:52:04]
shell stdout: 
[INFO -- 2017-03-12 23:52:04]
shell stdout: 
[INFO -- 2017-03-12 23:52:05]
shell stdout: 
[INFO -- 2017-03-12 23:52:05]
sending 30 signals using command: 'ssh -T mic0 killall -2 needle_check' after 6.73493835442s
[INFO -- 2017-03-12 23:52:05]
shell stdout: 
[INFO -- 2017-03-12 23:52:05]
sending 30 signals using command: 'ssh -T mic0 killall -2 needle_check' after 7.10794701763s
[INFO -- 2017-03-12 23:52:05]
shell stdout: 
[INFO -- 2017-03-12 23:52:05]
shell stdout: 
[INFO -- 2017-03-12 23:52:06]
shell stdout: 
[INFO -- 2017-03-12 23:52:06]
shell stdout: 
[INFO -- 2017-03-12 23:52:06]
shell stdout: 
[INFO -- 2017-03-12 23:52:06]
shell stdout: 
[INFO -- 2017-03-12 23:52:06]
shell stdout: 
[INFO -- 2017-03-12 23:52:06]
shell stdout: 
[INFO -- 2017-03-12 23:52:07]
shell stdout: 
[INFO -- 2017-03-12 23:52:07]
shell stdout: 
[INFO -- 2017-03-12 23:52:07]
shell stdout: 
[INFO -- 2017-03-12 23:52:07]
shell stdout: 
[INFO -- 2017-03-12 23:52:07]
shell stdout: 
[INFO -- 2017-03-12 23:52:07]
shell stdout: 
[INFO -- 2017-03-12 23:52:07]
shell stdout: 
[INFO -- 2017-03-12 23:52:08]
shell stdout: 
[INFO -- 2017-03-12 23:52:08]
shell stdout: 
[INFO -- 2017-03-12 23:52:08]
shell stdout: 
[INFO -- 2017-03-12 23:52:08]
shell stdout: 
[INFO -- 2017-03-12 23:52:08]
shell stdout: 
[INFO -- 2017-03-12 23:52:08]
shell stdout: 
[INFO -- 2017-03-12 23:52:08]
shell stdout: 
[INFO -- 2017-03-12 23:52:08]
shell stdout: 
[INFO -- 2017-03-12 23:52:09]
shell stdout: 
[INFO -- 2017-03-12 23:52:09]
shell stdout: 
[INFO -- 2017-03-12 23:52:09]
shell stdout: 
[INFO -- 2017-03-12 23:52:09]
shell stdout: 
[INFO -- 2017-03-12 23:52:09]
shell stdout: 
[INFO -- 2017-03-12 23:52:09]
shell stdout: 
[INFO -- 2017-03-12 23:52:10]
shell stdout: 
[INFO -- 2017-03-12 23:52:10]
shell stdout: 
[INFO -- 2017-03-12 23:52:10]
shell stdout: 
[INFO -- 2017-03-12 23:52:10]
shell stdout: 
[INFO -- 2017-03-12 23:52:10]
shell stdout: 
[INFO -- 2017-03-12 23:52:10]
shell stdout: 
[INFO -- 2017-03-12 23:52:10]
shell stdout: 
[INFO -- 2017-03-12 23:52:11]
shell stdout: 
[INFO -- 2017-03-12 23:52:11]
shell stdout: 
[INFO -- 2017-03-12 23:52:11]
shell stdout: 
[INFO -- 2017-03-12 23:52:11]
shell stdout: 
[INFO -- 2017-03-12 23:52:11]
shell stdout: 
[INFO -- 2017-03-12 23:52:11]
shell stdout: 
[INFO -- 2017-03-12 23:52:11]
shell stdout: 
[INFO -- 2017-03-12 23:52:11]
shell stdout: 
[INFO -- 2017-03-12 23:52:12]
shell stdout: 
[INFO -- 2017-03-12 23:52:12]
shell stdout: 
[INFO -- 2017-03-12 23:52:12]
shell stdout: 
[INFO -- 2017-03-12 23:52:12]
shell stdout: 
[INFO -- 2017-03-12 23:52:12]
shell stdout: 
[INFO -- 2017-03-12 23:52:12]
shell stdout: 
[INFO -- 2017-03-12 23:52:12]
shell stdout: 
[INFO -- 2017-03-12 23:52:13]
shell stdout: 
[INFO -- 2017-03-12 23:52:13]
shell stdout: 
[INFO -- 2017-03-12 23:52:13]
shell stdout: 
[INFO -- 2017-03-12 23:52:13]
shell stdout: 
[INFO -- 2017-03-12 23:52:13]
shell stdout: 
[INFO -- 2017-03-12 23:52:13]
shell stdout: 
[INFO -- 2017-03-12 23:52:14]
shell stdout: 
[INFO -- 2017-03-12 23:52:14]
shell stdout: 
[INFO -- 2017-03-12 23:52:14]
shell stdout: 
[INFO -- 2017-03-12 23:52:14]
shell stdout: 
[INFO -- 2017-03-12 23:52:14]
shell stdout: 
[INFO -- 2017-03-12 23:52:14]
shell stdout: 
[INFO -- 2017-03-12 23:52:14]
shell stdout: 
[INFO -- 2017-03-12 23:52:14]
shell stdout: 
[INFO -- 2017-03-12 23:52:15]
shell stdout: 
[INFO -- 2017-03-12 23:52:15]
shell stdout: 
[INFO -- 2017-03-12 23:52:15]
shell stdout: 
[INFO -- 2017-03-12 23:52:15]
shell stdout: 
[INFO -- 2017-03-12 23:52:15]
shell stdout: 
[INFO -- 2017-03-12 23:52:15]
shell stdout: 
[INFO -- 2017-03-12 23:52:15]
shell stdout: 
[INFO -- 2017-03-12 23:52:16]
shell stdout: 
[INFO -- 2017-03-12 23:52:16]
shell stdout: 
[INFO -- 2017-03-12 23:52:16]
shell stdout: 
[INFO -- 2017-03-12 23:52:16]
shell stdout: 
[INFO -- 2017-03-12 23:52:16]
shell stdout: 
[INFO -- 2017-03-12 23:52:17]
shell stdout: 
[INFO -- 2017-03-12 23:52:17]
shell stdout: 
[INFO -- 2017-03-12 23:52:17]
shell stdout: 
[INFO -- 2017-03-12 23:52:17]
shell stdout: 
[INFO -- 2017-03-12 23:52:17]
shell stdout: 
[INFO -- 2017-03-12 23:52:18]
shell stdout: 
[INFO -- 2017-03-12 23:52:18]
shell stdout: 
[INFO -- 2017-03-12 23:52:43]
no gdbExecName running, out:
[INFO -- 2017-03-12 23:52:43]
checCmd:ps -e | grep -i gdb-mic
[INFO -- 2017-03-12 23:52:43]
finished now-timestampStart < maxWaitTime*5
[INFO -- 2017-03-12 23:52:43]
now: 1489377161
[INFO -- 2017-03-12 23:52:43]
timestampStart: 1489377118
[INFO -- 2017-03-12 23:52:43]
kill cmd: killall -9 gdb-mic
[INFO -- 2017-03-12 23:52:43]
shell stdout: 
[INFO -- 2017-03-12 23:52:43]
kill cmd: ssh -T mic0 killall -9 needle_check
[INFO -- 2017-03-12 23:52:43]
shell stdout: 
[INFO -- 2017-03-12 23:52:44]
kill cmd: ssh -T mic0 killall -9 gdbserver
[INFO -- 2017-03-12 23:52:44]
shell stdout: 
[INFO -- 2017-03-12 23:52:44]
kill cmd: ssh -T mic0 killall -9 sshd
[INFO -- 2017-03-12 23:52:44]
shell stdout: 
