2016-10-24 10:58:29:Starting GDB script
2016-10-24 10:58:31:sending signal using command: 'ssh -T mic0 killall -2 needle_check' after 1.05905112742s
2016-10-24 10:58:31:shell stdout: 
2016-10-24 10:58:33:sending signal using command: 'ssh -T mic0 killall -2 needle_check' after 2.90224418675s
2016-10-24 10:58:33:shell stdout: 
2016-10-24 10:58:34:sending signal using command: 'ssh -T mic0 killall -2 needle_check' after 3.84013808363s
2016-10-24 10:58:34:shell stdout: 
2016-10-24 10:58:34:sending signal using command: 'ssh -T mic0 killall -2 needle_check' after 3.90146692204s
2016-10-24 10:58:34:shell stdout: 
2016-10-24 10:58:35:sending signal using command: 'ssh -T mic0 killall -2 needle_check' after 5.28464266364s
2016-10-24 10:58:35:shell stdout: 
2016-10-24 10:58:36:sending signal using command: 'ssh -T mic0 killall -2 needle_check' after 5.83219743253s
2016-10-24 10:58:36:shell stdout: 
2016-10-24 10:58:38:sending signal using command: 'ssh -T mic0 killall -2 needle_check' after 8.50960779666s
2016-10-24 10:58:38:shell stdout: 
2016-10-24 10:58:39:sending signal using command: 'ssh -T mic0 killall -2 needle_check' after 8.99443241808s
2016-10-24 10:58:39:shell stdout: 
2016-10-24 10:58:39:sending signal using command: 'ssh -T mic0 killall -2 needle_check' after 9.23096338626s
2016-10-24 10:58:39:shell stdout: 
2016-10-24 10:58:46:sending signal using command: 'ssh -T mic0 killall -2 needle_check' after 16.2425370609s
2016-10-24 10:58:46:shell stdout: 
2016-10-24 10:58:49:no gdbExecName running, out:
2016-10-24 10:58:49:checCmd:ps -e | grep -i gdb-mic
2016-10-24 10:58:49:finished now-timestampStart < maxWaitTime*5
2016-10-24 10:58:49:now: 1477321128
2016-10-24 10:58:49:timestampStart: 1477321109
2016-10-24 10:58:49:kill cmd: killall -9 gdb-mic
2016-10-24 10:58:49:shell stdout: 
2016-10-24 10:58:49:kill cmd: ssh -T mic0 killall -9 needle_check
2016-10-24 10:58:49:shell stdout: 
2016-10-24 10:58:50:kill cmd: ssh -T mic0 killall -9 gdbserver
2016-10-24 10:58:50:shell stdout: 
2016-10-24 10:58:50:kill cmd: ssh -T mic0 killall -9 sshd
2016-10-24 10:58:50:shell stdout: 
