2017-01-24 01:18:18:Starting GDB script
2017-01-24 01:18:18:initSignal:0.0
2017-01-24 01:18:18:endSignal:2.0
2017-01-24 01:18:18:seqSignal:30
2017-01-24 01:18:19:sending 30 signals using command: 'ssh -T mic0 killall -2 lud_check' after 0.652700683589s
2017-01-24 01:18:19:shell stdout: 
2017-01-24 01:18:19:sending 30 signals using command: 'ssh -T mic0 killall -2 lud_check' after 1.12143522404s
2017-01-24 01:18:19:sending 30 signals using command: 'ssh -T mic0 killall -2 lud_check' after 1.27895681813s
2017-01-24 01:18:20:shell stdout: 
2017-01-24 01:18:20:shell stdout: 
2017-01-24 01:18:20:shell stdout: 
2017-01-24 01:18:20:shell stdout: 
2017-01-24 01:18:20:shell stdout: 
2017-01-24 01:18:20:shell stdout: 
2017-01-24 01:18:20:shell stdout: 
2017-01-24 01:18:21:shell stdout: 
2017-01-24 01:18:21:shell stdout: 
2017-01-24 01:18:21:shell stdout: 
2017-01-24 01:18:21:shell stdout: 
2017-01-24 01:18:21:shell stdout: 
2017-01-24 01:18:21:shell stdout: 
2017-01-24 01:18:21:shell stdout: 
2017-01-24 01:18:21:shell stdout: 
2017-01-24 01:18:22:shell stdout: 
2017-01-24 01:18:22:shell stdout: 
2017-01-24 01:18:22:shell stdout: 
2017-01-24 01:18:22:shell stdout: 
2017-01-24 01:18:22:shell stdout: 
2017-01-24 01:18:22:shell stdout: 
2017-01-24 01:18:22:shell stdout: 
2017-01-24 01:18:23:shell stdout: 
2017-01-24 01:18:23:shell stdout: 
2017-01-24 01:18:23:shell stdout: 
2017-01-24 01:18:23:shell stdout: 
2017-01-24 01:18:23:shell stdout: 
2017-01-24 01:18:23:shell stdout: 
2017-01-24 01:18:23:shell stdout: 
2017-01-24 01:18:24:shell stdout: 
2017-01-24 01:18:24:shell stdout: 
2017-01-24 01:18:24:shell stdout: 
2017-01-24 01:18:24:shell stdout: 
2017-01-24 01:18:24:shell stdout: 
2017-01-24 01:18:24:shell stdout: 
2017-01-24 01:18:24:shell stdout: 
2017-01-24 01:18:25:shell stdout: 
2017-01-24 01:18:25:shell stdout: 
2017-01-24 01:18:25:shell stdout: 
2017-01-24 01:18:25:shell stdout: 
2017-01-24 01:18:25:shell stdout: 
2017-01-24 01:18:25:shell stdout: 
2017-01-24 01:18:25:shell stdout: 
2017-01-24 01:18:26:shell stdout: 
2017-01-24 01:18:26:shell stdout: 
2017-01-24 01:18:26:shell stdout: 
2017-01-24 01:18:26:shell stdout: 
2017-01-24 01:18:26:shell stdout: 
2017-01-24 01:18:26:shell stdout: 
2017-01-24 01:18:26:shell stdout: 
2017-01-24 01:18:27:shell stdout: 
2017-01-24 01:18:27:shell stdout: 
2017-01-24 01:18:27:shell stdout: 
2017-01-24 01:18:27:shell stdout: 
2017-01-24 01:18:27:shell stdout: 
2017-01-24 01:18:27:shell stdout: 
2017-01-24 01:18:27:shell stdout: 
2017-01-24 01:18:27:shell stdout: 
2017-01-24 01:18:28:shell stdout: 
2017-01-24 01:18:28:shell stdout: 
2017-01-24 01:18:28:shell stdout: 
2017-01-24 01:18:28:shell stdout: 
2017-01-24 01:18:28:shell stdout: 
2017-01-24 01:18:28:shell stdout: 
2017-01-24 01:18:28:shell stdout: 
2017-01-24 01:18:29:shell stdout: 
2017-01-24 01:18:29:shell stdout: 
2017-01-24 01:18:29:shell stdout: 
2017-01-24 01:18:29:shell stdout: 
2017-01-24 01:18:29:shell stdout: 
2017-01-24 01:18:29:shell stdout: 
2017-01-24 01:18:29:shell stdout: 
2017-01-24 01:18:30:shell stdout: 
2017-01-24 01:18:30:shell stdout: 
2017-01-24 01:18:30:shell stdout: 
2017-01-24 01:18:30:shell stdout: 
2017-01-24 01:18:30:shell stdout: 
2017-01-24 01:18:30:shell stdout: 
2017-01-24 01:18:30:shell stdout: 
2017-01-24 01:18:31:shell stdout: 
2017-01-24 01:18:31:shell stdout: 
2017-01-24 01:18:31:shell stdout: 
2017-01-24 01:18:31:shell stdout: 
2017-01-24 01:18:31:shell stdout: 
2017-01-24 01:18:31:shell stdout: 
2017-01-24 01:18:31:shell stdout: 
2017-01-24 01:18:32:shell stdout: 
2017-01-24 01:18:32:shell stdout: 
2017-01-24 01:18:32:shell stdout: 
2017-01-24 01:18:58:finished due now-timestampStart > maxWaitTime*5
2017-01-24 01:18:58:now: 1485238738
2017-01-24 01:18:58:timestampStart: 1485238698
2017-01-24 01:18:58:kill cmd: killall -9 gdb-mic
2017-01-24 01:18:58:shell stdout: 
2017-01-24 01:18:58:kill cmd: ssh -T mic0 killall -9 lud_check
2017-01-24 01:18:58:shell stdout: 
2017-01-24 01:18:59:kill cmd: ssh -T mic0 killall -9 gdbserver
2017-01-24 01:18:59:shell stdout: 
2017-01-24 01:18:59:kill cmd: ssh -T mic0 killall -9 sshd
2017-01-24 01:18:59:shell stdout: 
