[INFO -- 2017-02-25 20:21:43]
Starting GDB script
[INFO -- 2017-02-25 20:21:43]
initSignal:2.0
[INFO -- 2017-02-25 20:21:43]
endSignal:4.0
[INFO -- 2017-02-25 20:21:43]
seqSignal:30
[INFO -- 2017-02-25 20:21:46]
sending 30 signals using command: 'ssh -T mic1 killall -2 lud_check' after 2.87807063199s
[INFO -- 2017-02-25 20:21:46]
sending 30 signals using command: 'ssh -T mic1 killall -2 lud_check' after 2.88772213325s
[INFO -- 2017-02-25 20:21:46]
sending 30 signals using command: 'ssh -T mic1 killall -2 lud_check' after 3.22216743682s
[INFO -- 2017-02-25 20:21:47]
shell stdout: 
[INFO -- 2017-02-25 20:21:47]
shell stdout: 
[INFO -- 2017-02-25 20:21:47]
shell stdout: 
[INFO -- 2017-02-25 20:21:48]
shell stdout: 
[INFO -- 2017-02-25 20:21:48]
shell stdout: 
[INFO -- 2017-02-25 20:21:48]
shell stdout: 
[INFO -- 2017-02-25 20:21:48]
shell stdout: 
[INFO -- 2017-02-25 20:21:48]
shell stdout: 
[INFO -- 2017-02-25 20:21:48]
shell stdout: 
[INFO -- 2017-02-25 20:21:48]
shell stdout: 
[INFO -- 2017-02-25 20:21:49]
shell stdout: 
[INFO -- 2017-02-25 20:21:49]
shell stdout: 
[INFO -- 2017-02-25 20:21:49]
shell stdout: 
[INFO -- 2017-02-25 20:21:49]
shell stdout: 
[INFO -- 2017-02-25 20:21:49]
shell stdout: 
[INFO -- 2017-02-25 20:21:49]
shell stdout: 
[INFO -- 2017-02-25 20:21:49]
shell stdout: 
[INFO -- 2017-02-25 20:21:49]
shell stdout: 
[INFO -- 2017-02-25 20:21:50]
shell stdout: 
[INFO -- 2017-02-25 20:21:50]
shell stdout: 
[INFO -- 2017-02-25 20:21:50]
shell stdout: 
[INFO -- 2017-02-25 20:21:50]
shell stdout: 
[INFO -- 2017-02-25 20:21:50]
shell stdout: 
[INFO -- 2017-02-25 20:21:50]
shell stdout: 
[INFO -- 2017-02-25 20:21:51]
shell stdout: 
[INFO -- 2017-02-25 20:21:51]
shell stdout: 
[INFO -- 2017-02-25 20:21:51]
shell stdout: 
[INFO -- 2017-02-25 20:21:51]
shell stdout: 
[INFO -- 2017-02-25 20:21:51]
shell stdout: 
[INFO -- 2017-02-25 20:21:51]
shell stdout: 
[INFO -- 2017-02-25 20:21:51]
shell stdout: 
[INFO -- 2017-02-25 20:21:52]
shell stdout: 
[INFO -- 2017-02-25 20:21:52]
shell stdout: 
[INFO -- 2017-02-25 20:21:52]
shell stdout: 
[INFO -- 2017-02-25 20:21:52]
shell stdout: 
[INFO -- 2017-02-25 20:21:52]
shell stdout: 
[INFO -- 2017-02-25 20:21:52]
shell stdout: 
[INFO -- 2017-02-25 20:21:52]
shell stdout: 
[INFO -- 2017-02-25 20:21:52]
shell stdout: 
[INFO -- 2017-02-25 20:21:53]
shell stdout: 
[INFO -- 2017-02-25 20:21:53]
shell stdout: 
[INFO -- 2017-02-25 20:21:53]
shell stdout: 
[INFO -- 2017-02-25 20:21:53]
shell stdout: 
[INFO -- 2017-02-25 20:21:53]
shell stdout: 
[INFO -- 2017-02-25 20:21:53]
shell stdout: 
[INFO -- 2017-02-25 20:21:54]
shell stdout: 
[INFO -- 2017-02-25 20:21:54]
shell stdout: 
[INFO -- 2017-02-25 20:21:54]
shell stdout: 
[INFO -- 2017-02-25 20:21:54]
shell stdout: 
[INFO -- 2017-02-25 20:21:54]
shell stdout: 
[INFO -- 2017-02-25 20:21:54]
shell stdout: 
[INFO -- 2017-02-25 20:21:54]
shell stdout: 
[INFO -- 2017-02-25 20:21:55]
shell stdout: 
[INFO -- 2017-02-25 20:21:55]
shell stdout: 
[INFO -- 2017-02-25 20:21:55]
shell stdout: 
[INFO -- 2017-02-25 20:21:55]
shell stdout: 
[INFO -- 2017-02-25 20:21:55]
shell stdout: 
[INFO -- 2017-02-25 20:21:55]
shell stdout: 
[INFO -- 2017-02-25 20:21:55]
shell stdout: 
[INFO -- 2017-02-25 20:21:55]
shell stdout: 
[INFO -- 2017-02-25 20:21:56]
shell stdout: 
[INFO -- 2017-02-25 20:21:56]
shell stdout: 
[INFO -- 2017-02-25 20:21:56]
shell stdout: 
[INFO -- 2017-02-25 20:21:56]
shell stdout: 
[INFO -- 2017-02-25 20:21:56]
shell stdout: 
[INFO -- 2017-02-25 20:21:56]
shell stdout: 
[INFO -- 2017-02-25 20:21:57]
shell stdout: 
[INFO -- 2017-02-25 20:21:57]
shell stdout: 
[INFO -- 2017-02-25 20:21:57]
shell stdout: 
[INFO -- 2017-02-25 20:21:57]
shell stdout: 
[INFO -- 2017-02-25 20:21:57]
shell stdout: 
[INFO -- 2017-02-25 20:21:57]
shell stdout: 
[INFO -- 2017-02-25 20:21:57]
shell stdout: 
[INFO -- 2017-02-25 20:21:58]
shell stdout: 
[INFO -- 2017-02-25 20:21:58]
shell stdout: 
[INFO -- 2017-02-25 20:21:58]
shell stdout: 
[INFO -- 2017-02-25 20:21:58]
shell stdout: 
[INFO -- 2017-02-25 20:21:58]
shell stdout: 
[INFO -- 2017-02-25 20:21:58]
shell stdout: 
[INFO -- 2017-02-25 20:21:58]
shell stdout: 
[INFO -- 2017-02-25 20:21:58]
shell stdout: 
[INFO -- 2017-02-25 20:21:59]
shell stdout: 
[INFO -- 2017-02-25 20:21:59]
shell stdout: 
[INFO -- 2017-02-25 20:21:59]
shell stdout: 
[INFO -- 2017-02-25 20:21:59]
shell stdout: 
[INFO -- 2017-02-25 20:21:59]
shell stdout: 
[INFO -- 2017-02-25 20:21:59]
shell stdout: 
[INFO -- 2017-02-25 20:22:00]
shell stdout: 
[INFO -- 2017-02-25 20:22:00]
shell stdout: 
[INFO -- 2017-02-25 20:22:00]
shell stdout: 
[INFO -- 2017-02-25 20:22:23]
finished due now-timestampStart > maxWaitTime*5
[INFO -- 2017-02-25 20:22:23]
now: 1488072143
[INFO -- 2017-02-25 20:22:23]
timestampStart: 1488072103
[INFO -- 2017-02-25 20:22:23]
kill cmd: killall -9 gdb-mic
[INFO -- 2017-02-25 20:22:23]
shell stdout: 
[INFO -- 2017-02-25 20:22:23]
kill cmd: ssh -T mic1 killall -9 lud_check
[INFO -- 2017-02-25 20:22:23]
shell stdout: 
[INFO -- 2017-02-25 20:22:24]
kill cmd: ssh -T mic1 killall -9 gdbserver
[INFO -- 2017-02-25 20:22:24]
shell stdout: 
[INFO -- 2017-02-25 20:22:24]
kill cmd: ssh -T mic1 killall -9 sshd
[INFO -- 2017-02-25 20:22:24]
shell stdout: 
