[INFO -- 2017-03-16 10:59:30]
Starting GDB script
[INFO -- 2017-03-16 10:59:30]
initSignal:0.0
[INFO -- 2017-03-16 10:59:30]
endSignal:4.0
[INFO -- 2017-03-16 10:59:30]
seqSignal:30
[INFO -- 2017-03-16 10:59:31]
sending 30 signals using command: 'ssh -T mic0 killall -2 needle_check' after 0.63189954321s
[INFO -- 2017-03-16 10:59:31]
shell stdout: 
[INFO -- 2017-03-16 10:59:31]
shell stdout: 
[INFO -- 2017-03-16 10:59:32]
sending 30 signals using command: 'ssh -T mic0 killall -2 needle_check' after 1.62792958106s
[INFO -- 2017-03-16 10:59:32]
shell stdout: 
[INFO -- 2017-03-16 10:59:32]
shell stdout: 
[INFO -- 2017-03-16 10:59:32]
shell stdout: 
[INFO -- 2017-03-16 10:59:33]
shell stdout: 
[INFO -- 2017-03-16 10:59:33]
shell stdout: 
[INFO -- 2017-03-16 10:59:33]
sending 30 signals using command: 'ssh -T mic0 killall -2 needle_check' after 2.90194003883s
[INFO -- 2017-03-16 10:59:33]
shell stdout: 
[INFO -- 2017-03-16 10:59:33]
shell stdout: 
[INFO -- 2017-03-16 10:59:33]
shell stdout: 
[INFO -- 2017-03-16 10:59:33]
shell stdout: 
[INFO -- 2017-03-16 10:59:34]
shell stdout: 
[INFO -- 2017-03-16 10:59:34]
shell stdout: 
[INFO -- 2017-03-16 10:59:34]
shell stdout: 
[INFO -- 2017-03-16 10:59:34]
shell stdout: 
[INFO -- 2017-03-16 10:59:34]
shell stdout: 
[INFO -- 2017-03-16 10:59:34]
shell stdout: 
[INFO -- 2017-03-16 10:59:35]
shell stdout: 
[INFO -- 2017-03-16 10:59:35]
shell stdout: 
[INFO -- 2017-03-16 10:59:35]
shell stdout: 
[INFO -- 2017-03-16 10:59:35]
shell stdout: 
[INFO -- 2017-03-16 10:59:35]
shell stdout: 
[INFO -- 2017-03-16 10:59:35]
shell stdout: 
[INFO -- 2017-03-16 10:59:36]
shell stdout: 
[INFO -- 2017-03-16 10:59:36]
shell stdout: 
[INFO -- 2017-03-16 10:59:36]
shell stdout: 
[INFO -- 2017-03-16 10:59:36]
shell stdout: 
[INFO -- 2017-03-16 10:59:36]
shell stdout: 
[INFO -- 2017-03-16 10:59:36]
shell stdout: 
[INFO -- 2017-03-16 10:59:36]
shell stdout: 
[INFO -- 2017-03-16 10:59:37]
shell stdout: 
[INFO -- 2017-03-16 10:59:37]
shell stdout: 
[INFO -- 2017-03-16 10:59:37]
shell stdout: 
[INFO -- 2017-03-16 10:59:37]
shell stdout: 
[INFO -- 2017-03-16 10:59:37]
shell stdout: 
[INFO -- 2017-03-16 10:59:37]
shell stdout: 
[INFO -- 2017-03-16 10:59:37]
shell stdout: 
[INFO -- 2017-03-16 10:59:37]
shell stdout: 
[INFO -- 2017-03-16 10:59:38]
shell stdout: 
[INFO -- 2017-03-16 10:59:38]
shell stdout: 
[INFO -- 2017-03-16 10:59:38]
shell stdout: 
[INFO -- 2017-03-16 10:59:38]
shell stdout: 
[INFO -- 2017-03-16 10:59:38]
shell stdout: 
[INFO -- 2017-03-16 10:59:38]
shell stdout: 
[INFO -- 2017-03-16 10:59:38]
shell stdout: 
[INFO -- 2017-03-16 10:59:39]
shell stdout: 
[INFO -- 2017-03-16 10:59:39]
shell stdout: 
[INFO -- 2017-03-16 10:59:39]
shell stdout: 
[INFO -- 2017-03-16 10:59:39]
shell stdout: 
[INFO -- 2017-03-16 10:59:39]
shell stdout: 
[INFO -- 2017-03-16 10:59:39]
shell stdout: 
[INFO -- 2017-03-16 10:59:39]
shell stdout: 
[INFO -- 2017-03-16 10:59:39]
shell stdout: 
[INFO -- 2017-03-16 10:59:40]
shell stdout: 
[INFO -- 2017-03-16 10:59:40]
shell stdout: 
[INFO -- 2017-03-16 10:59:40]
shell stdout: 
[INFO -- 2017-03-16 10:59:40]
shell stdout: 
[INFO -- 2017-03-16 10:59:40]
shell stdout: 
[INFO -- 2017-03-16 10:59:40]
shell stdout: 
[INFO -- 2017-03-16 10:59:41]
shell stdout: 
[INFO -- 2017-03-16 10:59:41]
shell stdout: 
[INFO -- 2017-03-16 10:59:41]
shell stdout: 
[INFO -- 2017-03-16 10:59:41]
shell stdout: 
[INFO -- 2017-03-16 10:59:41]
shell stdout: 
[INFO -- 2017-03-16 10:59:41]
shell stdout: 
[INFO -- 2017-03-16 10:59:41]
shell stdout: 
[INFO -- 2017-03-16 10:59:41]
shell stdout: 
[INFO -- 2017-03-16 10:59:42]
shell stdout: 
[INFO -- 2017-03-16 10:59:42]
shell stdout: 
[INFO -- 2017-03-16 10:59:42]
shell stdout: 
[INFO -- 2017-03-16 10:59:42]
shell stdout: 
[INFO -- 2017-03-16 10:59:42]
shell stdout: 
[INFO -- 2017-03-16 10:59:42]
shell stdout: 
[INFO -- 2017-03-16 10:59:42]
shell stdout: 
[INFO -- 2017-03-16 10:59:43]
shell stdout: 
[INFO -- 2017-03-16 10:59:43]
shell stdout: 
[INFO -- 2017-03-16 10:59:43]
shell stdout: 
[INFO -- 2017-03-16 10:59:43]
shell stdout: 
[INFO -- 2017-03-16 10:59:43]
shell stdout: 
[INFO -- 2017-03-16 10:59:43]
shell stdout: 
[INFO -- 2017-03-16 10:59:43]
shell stdout: 
[INFO -- 2017-03-16 10:59:44]
shell stdout: 
[INFO -- 2017-03-16 10:59:44]
shell stdout: 
[INFO -- 2017-03-16 10:59:44]
shell stdout: 
[INFO -- 2017-03-16 10:59:44]
shell stdout: 
[INFO -- 2017-03-16 10:59:44]
shell stdout: 
[INFO -- 2017-03-16 10:59:44]
shell stdout: 
[INFO -- 2017-03-16 10:59:45]
shell stdout: 
[INFO -- 2017-03-16 10:59:45]
shell stdout: 
[INFO -- 2017-03-16 10:59:45]
shell stdout: 
[INFO -- 2017-03-16 11:00:18]
no gdbExecName running, out:
[INFO -- 2017-03-16 11:00:18]
checCmd:ps -e | grep -i gdb-mic
[INFO -- 2017-03-16 11:00:18]
finished now-timestampStart < maxWaitTime*5
[INFO -- 2017-03-16 11:00:18]
now: 1489676417
[INFO -- 2017-03-16 11:00:18]
timestampStart: 1489676370
[INFO -- 2017-03-16 11:00:18]
kill cmd: killall -9 gdb-mic
[INFO -- 2017-03-16 11:00:18]
shell stdout: 
[INFO -- 2017-03-16 11:00:19]
kill cmd: ssh -T mic0 killall -9 needle_check
[INFO -- 2017-03-16 11:00:19]
shell stdout: 
[INFO -- 2017-03-16 11:00:19]
kill cmd: ssh -T mic0 killall -9 gdbserver
[INFO -- 2017-03-16 11:00:19]
shell stdout: 
[INFO -- 2017-03-16 11:00:19]
kill cmd: ssh -T mic0 killall -9 sshd
[INFO -- 2017-03-16 11:00:19]
shell stdout: 
