2017-01-24 19:56:12:Starting GDB script
2017-01-24 19:56:12:initSignal:0.0
2017-01-24 19:56:12:endSignal:2.0
2017-01-24 19:56:12:seqSignal:30
2017-01-24 19:56:12:sending 30 signals using command: 'ssh -T mic0 killall -2 lud_check' after 0.701630685408s
2017-01-24 19:56:13:shell stdout: 
2017-01-24 19:56:13:sending 30 signals using command: 'ssh -T mic0 killall -2 lud_check' after 1.15258316681s
2017-01-24 19:56:13:sending 30 signals using command: 'ssh -T mic0 killall -2 lud_check' after 1.45348857832s
2017-01-24 19:56:13:shell stdout: 
2017-01-24 19:56:13:shell stdout: 
2017-01-24 19:56:14:shell stdout: 
2017-01-24 19:56:14:shell stdout: 
2017-01-24 19:56:14:shell stdout: 
2017-01-24 19:56:15:shell stdout: 
2017-01-24 19:56:15:shell stdout: 
2017-01-24 19:56:15:shell stdout: 
2017-01-24 19:56:16:shell stdout: 
2017-01-24 19:56:16:shell stdout: 
2017-01-24 19:56:16:shell stdout: 
2017-01-24 19:56:17:shell stdout: 
2017-01-24 19:56:17:shell stdout: 
2017-01-24 19:56:17:shell stdout: 
2017-01-24 19:56:18:shell stdout: 
2017-01-24 19:56:18:shell stdout: 
2017-01-24 19:56:18:shell stdout: 
2017-01-24 19:56:19:shell stdout: 
2017-01-24 19:56:19:shell stdout: 
2017-01-24 19:56:19:shell stdout: 
2017-01-24 19:56:19:shell stdout: 
2017-01-24 19:56:19:shell stdout: 
2017-01-24 19:56:19:shell stdout: 
2017-01-24 19:56:20:shell stdout: 
2017-01-24 19:56:20:shell stdout: 
2017-01-24 19:56:20:shell stdout: 
2017-01-24 19:56:21:shell stdout: 
2017-01-24 19:56:21:shell stdout: 
2017-01-24 19:56:21:shell stdout: 
2017-01-24 19:56:22:shell stdout: 
2017-01-24 19:56:22:shell stdout: 
2017-01-24 19:56:22:shell stdout: 
2017-01-24 19:56:23:shell stdout: 
2017-01-24 19:56:23:shell stdout: 
2017-01-24 19:56:23:shell stdout: 
2017-01-24 19:56:23:shell stdout: 
2017-01-24 19:56:23:shell stdout: 
2017-01-24 19:56:23:shell stdout: 
2017-01-24 19:56:24:shell stdout: 
2017-01-24 19:56:24:shell stdout: 
2017-01-24 19:56:24:shell stdout: 
2017-01-24 19:56:25:shell stdout: 
2017-01-24 19:56:25:shell stdout: 
2017-01-24 19:56:25:shell stdout: 
2017-01-24 19:56:25:shell stdout: 
2017-01-24 19:56:25:shell stdout: 
2017-01-24 19:56:25:shell stdout: 
2017-01-24 19:56:26:shell stdout: 
2017-01-24 19:56:26:shell stdout: 
2017-01-24 19:56:26:shell stdout: 
2017-01-24 19:56:27:shell stdout: 
2017-01-24 19:56:27:shell stdout: 
2017-01-24 19:56:27:shell stdout: 
2017-01-24 19:56:27:shell stdout: 
2017-01-24 19:56:27:shell stdout: 
2017-01-24 19:56:27:shell stdout: 
2017-01-24 19:56:27:shell stdout: 
2017-01-24 19:56:27:shell stdout: 
2017-01-24 19:56:27:shell stdout: 
2017-01-24 19:56:28:shell stdout: 
2017-01-24 19:56:28:shell stdout: 
2017-01-24 19:56:28:shell stdout: 
2017-01-24 19:56:28:shell stdout: 
2017-01-24 19:56:28:shell stdout: 
2017-01-24 19:56:28:shell stdout: 
2017-01-24 19:56:29:shell stdout: 
2017-01-24 19:56:29:shell stdout: 
2017-01-24 19:56:29:shell stdout: 
2017-01-24 19:56:29:shell stdout: 
2017-01-24 19:56:29:shell stdout: 
2017-01-24 19:56:29:shell stdout: 
2017-01-24 19:56:29:shell stdout: 
2017-01-24 19:56:29:shell stdout: 
2017-01-24 19:56:30:shell stdout: 
2017-01-24 19:56:30:shell stdout: 
2017-01-24 19:56:30:shell stdout: 
2017-01-24 19:56:30:shell stdout: 
2017-01-24 19:56:30:shell stdout: 
2017-01-24 19:56:30:shell stdout: 
2017-01-24 19:56:30:shell stdout: 
2017-01-24 19:56:31:shell stdout: 
2017-01-24 19:56:31:shell stdout: 
2017-01-24 19:56:31:shell stdout: 
2017-01-24 19:56:31:shell stdout: 
2017-01-24 19:56:31:shell stdout: 
2017-01-24 19:56:31:shell stdout: 
2017-01-24 19:56:32:no gdbExecName running, out:
2017-01-24 19:56:32:checCmd:ps -e | grep -i gdb-mic
2017-01-24 19:56:32:finished now-timestampStart < maxWaitTime*5
2017-01-24 19:56:32:now: 1485305791
2017-01-24 19:56:32:timestampStart: 1485305772
2017-01-24 19:56:32:kill cmd: killall -9 gdb-mic
2017-01-24 19:56:32:shell stdout: 
2017-01-24 19:56:32:shell stdout: 
2017-01-24 19:56:32:shell stdout: 
2017-01-24 19:56:32:kill cmd: ssh -T mic0 killall -9 lud_check
2017-01-24 19:56:32:shell stdout: 
2017-01-24 19:56:32:shell stdout: 
2017-01-24 19:56:32:kill cmd: ssh -T mic0 killall -9 gdbserver
2017-01-24 19:56:32:shell stdout: 
2017-01-24 19:56:33:kill cmd: ssh -T mic0 killall -9 sshd
2017-01-24 19:56:33:shell stdout: 
