2017-01-24 19:20:14:Starting flip_value script
2017-01-24 19:20:14:Initialization strings:
2017-01-24 19:20:14:(1) target extended-remote | ssh -T mic0 gdbserver --multi -
2017-01-24 19:20:14:(2) set sysroot /opt/mpss/3.7/sysroots/k1om-mpss-linux/
2017-01-24 19:20:14:(3) set sysroot /opt/mpss/3.7/sysroots/k1om-mpss-linux/
2017-01-24 19:20:14:(4) file /micNfs/gdb-fault-injection/injector/bin/lud/lud_check
2017-01-24 19:20:14:(5) set remote exec-file /micNfs/gdb-fault-injection/injector/bin/lud/lud_check
2017-01-24 19:20:14:(6) set args -s 2048 -n 228 -i /micNfs/gdb-fault-injection/injector/bin/lud/input_2048_th_228 -g /micNfs/gdb-fault-injection/injector/bin/lud/gold_2048_th_228
2017-01-24 19:20:14:initSignal:0
2017-01-24 19:20:14:endSignal:2
2017-01-24 19:20:14:seqSignal:30
2017-01-24 19:20:15:Trying Fault Injection
2017-01-24 19:20:15:Inferior PID: 227595
2017-01-24 19:20:15:Inferior is valid: True
2017-01-24 19:20:15:Inferior #threads: 27
2017-01-24 19:20:15:Backtrace BEGIN:
2017-01-24 19:20:15:#0  allocate_stack (stack=<synthetic pointer>, pdp=<synthetic pointer>, attr=0x7fffffffd3d8) at allocatestack.c:548
#1  __pthread_create_2_1 (newthread=0x7fffffffd3d0, attr=<optimized out>, start_routine=0x7ffff790bb10, arg=0x7ffff7f49600) at pthread_create.c:524
#2  0x00007ffff790d323 in ?? ()
#3  0x0000000000000000 in ?? ()

2017-01-24 19:20:15:543	in allocatestack.c

2017-01-24 19:20:15:Backtrace END
2017-01-24 19:20:16:Thread name: None
2017-01-24 19:20:16:Thread num: 1
2017-01-24 19:20:16:Thread ptid: (227595, 227595, 0)
2017-01-24 19:20:16:bitFlip function
2017-01-24 19:20:16:Type: The type is an array.
2017-01-24 19:20:16:Type sizeof: 12
2017-01-24 19:20:16:Fliping array at pos: 1
2017-01-24 19:20:16:bitFlip function
2017-01-24 19:20:16:Type: The type is an integer type.
2017-01-24 19:20:16:Type sizeof: 4
2017-01-24 19:20:16:Mem contents(hex):0x010x000x000x00
2017-01-24 19:20:16:base address to flip value: 0x7ffff743c254 
2017-01-24 19:20:16:address max offset: 4
2017-01-24 19:20:16:Memory content before bitflip:0x010x000x000x00
2017-01-24 19:20:16:Memory content after  bitflip:0x010x000x000x01
2017-01-24 19:20:16:Mem contents(hex):0x010x000x000x01
2017-01-24 19:20:16:frame name: __pthread_create_2_1
2017-01-24 19:20:16:symbol name: _thread_db_pthread_dtvp
2017-01-24 19:20:16:symbol filename: ../nptl_db/structs.def
2017-01-24 19:20:16:symbol line: 78
2017-01-24 19:20:16:value: {64, 16777217, 8}
2017-01-24 19:20:16:value address: 0x7ffff743c250 <_thread_db_pthread_key_struct_destr>
2017-01-24 19:20:16:Type: The type is an array.
2017-01-24 19:20:16:Type sizeof: 12
2017-01-24 19:20:16:Field name: None
2017-01-24 19:20:16:Field Type:
2017-01-24 19:20:16:Type: A range type, that is, an integer type with bounds.
2017-01-24 19:20:16:Type sizeof: 8
2017-01-24 19:20:16:Type range: (0L, 2L)
2017-01-24 19:20:16:Fault Injection Successful after 2.02925109863s
2017-01-24 19:20:16:Fault Already Injected
2017-01-24 19:20:16:Fault Already Injected
2017-01-24 19:20:16:Fault Already Injected
2017-01-24 19:20:16:Fault Already Injected
2017-01-24 19:20:16:Fault Already Injected
2017-01-24 19:20:16:Fault Already Injected
2017-01-24 19:20:16:Fault Already Injected
2017-01-24 19:20:16:Fault Already Injected
2017-01-24 19:20:17:Fault Already Injected
2017-01-24 19:20:17:Fault Already Injected
2017-01-24 19:20:17:Fault Already Injected
2017-01-24 19:20:17:Fault Already Injected
2017-01-24 19:20:17:Fault Already Injected
2017-01-24 19:20:18:Fault Already Injected
2017-01-24 19:20:18:Fault Already Injected
2017-01-24 19:20:19:Fault Already Injected
2017-01-24 19:20:19:Fault Already Injected
2017-01-24 19:20:19:Fault Already Injected
2017-01-24 19:20:19:Fault Already Injected
2017-01-24 19:20:19:Fault Already Injected
2017-01-24 19:20:20:Fault Already Injected
2017-01-24 19:20:20:Fault Already Injected
2017-01-24 19:20:20:Fault Already Injected
2017-01-24 19:20:21:Fault Already Injected
2017-01-24 19:20:21:Fault Already Injected
2017-01-24 19:20:21:Fault Already Injected
2017-01-24 19:20:21:Fault Already Injected
2017-01-24 19:20:22:Fault Already Injected
2017-01-24 19:20:22:Fault Already Injected
2017-01-24 19:20:22:Fault Already Injected
2017-01-24 19:20:23:Fault Already Injected
2017-01-24 19:20:23:Fault Already Injected
2017-01-24 19:20:23:Fault Already Injected
2017-01-24 19:20:23:Fault Already Injected
2017-01-24 19:20:23:Fault Already Injected
2017-01-24 19:20:24:Fault Already Injected
2017-01-24 19:20:24:Fault Already Injected
2017-01-24 19:20:24:Fault Already Injected
2017-01-24 19:20:25:Fault Already Injected
2017-01-24 19:20:25:Fault Already Injected
2017-01-24 19:20:25:Fault Already Injected
2017-01-24 19:20:26:Fault Already Injected
2017-01-24 19:20:26:Fault Already Injected
2017-01-24 19:20:26:Fault Already Injected
2017-01-24 19:20:26:Fault Already Injected
2017-01-24 19:20:27:Fault Already Injected
2017-01-24 19:20:27:Fault Already Injected
2017-01-24 19:20:27:Fault Already Injected
2017-01-24 19:20:27:Fault Already Injected
2017-01-24 19:20:27:Fault Already Injected
2017-01-24 19:20:27:Fault Already Injected
2017-01-24 19:20:28:Fault Already Injected
2017-01-24 19:20:28:Fault Already Injected
2017-01-24 19:20:28:Fault Already Injected
2017-01-24 19:20:28:Fault Already Injected
2017-01-24 19:20:29:event type: exit
2017-01-24 19:20:29:exit code: 0
