2016-10-17 22:35:56:Starting GDB script
2016-10-17 22:35:56:sending signal using command: 'ssh -T mic0 killall -2 needle_check' after 0.0561529030102s
2016-10-17 22:35:56:shell stdout: 
2016-10-17 22:35:57:sending signal using command: 'ssh -T mic0 killall -2 needle_check' after 0.469101236525s
2016-10-17 22:35:57:shell stdout: 
2016-10-17 22:35:58:sending signal using command: 'ssh -T mic0 killall -2 needle_check' after 1.26910655271s
2016-10-17 22:35:58:shell stdout: 
2016-10-17 22:35:59:sending signal using command: 'ssh -T mic0 killall -2 needle_check' after 2.27834369788s
2016-10-17 22:35:59:shell stdout: 
2016-10-17 22:36:01:sending signal using command: 'ssh -T mic0 killall -2 needle_check' after 5.14479593769s
2016-10-17 22:36:01:shell stdout: 
2016-10-17 22:36:04:sending signal using command: 'ssh -T mic0 killall -2 needle_check' after 7.3432296517s
2016-10-17 22:36:04:shell stdout: 
2016-10-17 22:36:05:sending signal using command: 'ssh -T mic0 killall -2 needle_check' after 8.21208676904s
2016-10-17 22:36:05:shell stdout: 
2016-10-17 22:36:06:sending signal using command: 'ssh -T mic0 killall -2 needle_check' after 9.90760579974s
2016-10-17 22:36:06:shell stdout: 
2016-10-17 22:36:08:sending signal using command: 'ssh -T mic0 killall -2 needle_check' after 12.1857843457s
2016-10-17 22:36:08:shell stdout: 
2016-10-17 22:36:10:sending signal using command: 'ssh -T mic0 killall -2 needle_check' after 13.6734045632s
2016-10-17 22:36:10:shell stdout: 
2016-10-17 22:36:13:no gdbExecName running, out:
2016-10-17 22:36:13:checCmd:ps -e | grep -i gdb-mic
2016-10-17 22:36:13:finished now-timestampStart < maxWaitTime*5
2016-10-17 22:36:13:now: 1476758172
2016-10-17 22:36:13:timestampStart: 1476758156
2016-10-17 22:36:13:kill cmd: killall -9 gdb-mic
2016-10-17 22:36:13:shell stdout: 
2016-10-17 22:36:14:kill cmd: ssh -T mic0 killall -9 needle_check
2016-10-17 22:36:14:shell stdout: 
2016-10-17 22:36:14:kill cmd: ssh -T mic0 killall -9 gdbserver
2016-10-17 22:36:14:shell stdout: 
2016-10-17 22:36:14:kill cmd: ssh -T mic0 killall -9 sshd
2016-10-17 22:36:14:shell stdout: 
