2017-02-21 12:46:28:Starting flip_value script
2017-02-21 12:46:28:Initialization strings:
2017-02-21 12:46:28:(1) target extended-remote | ssh -T mic0 gdbserver --multi -
2017-02-21 12:46:28:(2) set sysroot /opt/mpss/3.7/sysroots/k1om-mpss-linux/
2017-02-21 12:46:28:(3) set sysroot /opt/mpss/3.7/sysroots/k1om-mpss-linux/
2017-02-21 12:46:28:(4) file /micNfs/gdb-fault-injection/injector/bin/clamr/clamr_openmponly
2017-02-21 12:46:28:(5) set remote exec-file /micNfs/gdb-fault-injection/injector/bin/clamr/clamr_openmponly
2017-02-21 12:46:28:(6) cd /micNfs/gdb-fault-injection/injector/bin/clamr
2017-02-21 12:46:28:(7) set args -n 512 -t 100 -g 100 -G data -j md5file
2017-02-21 12:46:28:initSignal:10
2017-02-21 12:46:28:endSignal:15
2017-02-21 12:46:28:seqSignal:20
2017-02-21 12:46:40:Backtrace BEGIN:
2017-02-21 12:46:40:#0  Bounds_AddBounds (b=0x7ffc510208d0, add=0x381acd0) at /micNfs/gdb-fault-injection/injector/src/clamr/CLAMR/mesh/kdtree/Bounds.c:82
#1  0x000000000053d096 in KDTree_CreateTree (t=0x7f9d50) at /micNfs/gdb-fault-injection/injector/src/clamr/CLAMR/mesh/kdtree/KDTree.c:255
#2  0x00000000005413f6 in KDTree_QueryCircleInterior_Double (t=0x7f9d50, result_num=0x7fffffffe65c, result_indicies=0xb01ad0, circ_radius=24, ncells=264756, x=0x1d268d0, dx=0x212e8e0, y=0x25368f0, dy=0x2c42e50) at /micNfs/gdb-fault-injection/injector/src/clamr/CLAMR/mesh/kdtree/KDTree.c:625
#3  0x0000000000471e70 in State::fill_circle (this=0x7fa5e0, circ_radius=24, fill_value=100, background=7) at /micNfs/gdb-fault-injection/injector/src/clamr/CLAMR/state.cpp:990
#4  0x00000000004452cb in main (argc=11, argv=0x7fffffffec58) at /micNfs/gdb-fault-injection/injector/src/clamr/CLAMR/clamr_cpuonly.cpp:282

2017-02-21 12:46:40:77	   assert(b && add);
78	   b->min.x = MIN(b->min.x, add->min.x);
79	   b->min.y = MIN(b->min.y, add->min.y);
80	   b->max.x = MAX(b->max.x, add->max.x);
81	   b->max.y = MAX(b->max.y, add->max.y);
82	}
83	
84	void Bounds_AddEpsilon(TBounds* b, double add) {
85	   assert(b);
86	   b->min.x = b->min.x - add;

2017-02-21 12:46:40:Backtrace END
2017-02-21 12:46:46:Type: A floating point type.
2017-02-21 12:46:46:Type sizeof: 8
2017-02-21 12:46:46:Mem contents(hex):0x000x000x000x000x000x400x500x40
2017-02-21 12:46:46:Fault Mode: Zero bit-flip
2017-02-21 12:46:46:base address to flip value: 0x7fffffffe508
2017-02-21 12:46:46:address max offset: 8
2017-02-21 12:46:46:Memory content before bitflip:0x000x000x000x000x000x400x500x40
2017-02-21 12:46:46:Backtrace BEGIN:
2017-02-21 12:46:46:#0  Bounds_AddBounds (b=0x7ffc510208d0, add=0x381acd0) at /micNfs/gdb-fault-injection/injector/src/clamr/CLAMR/mesh/kdtree/Bounds.c:82
#1  0x000000000053d096 in KDTree_CreateTree (t=0x7f9d50) at /micNfs/gdb-fault-injection/injector/src/clamr/CLAMR/mesh/kdtree/KDTree.c:255
#2  0x00000000005413f6 in KDTree_QueryCircleInterior_Double (t=0x7f9d50, result_num=0x7fffffffe65c, result_indicies=0xb01ad0, circ_radius=24, ncells=264756, x=0x1d268d0, dx=0x212e8e0, y=0x25368f0, dy=0x2c42e50) at /micNfs/gdb-fault-injection/injector/src/clamr/CLAMR/mesh/kdtree/KDTree.c:625
#3  0x0000000000471e70 in State::fill_circle (this=0x7fa5e0, circ_radius=24, fill_value=100, background=7) at /micNfs/gdb-fault-injection/injector/src/clamr/CLAMR/state.cpp:990
#4  0x00000000004452cb in main (argc=11, argv=0x7fffffffec58) at /micNfs/gdb-fault-injection/injector/src/clamr/CLAMR/clamr_cpuonly.cpp:282

2017-02-21 12:46:46:77	   assert(b && add);
78	   b->min.x = MIN(b->min.x, add->min.x);
79	   b->min.y = MIN(b->min.y, add->min.y);
80	   b->max.x = MAX(b->max.x, add->max.x);
81	   b->max.y = MAX(b->max.y, add->max.y);
82	}
83	
84	void Bounds_AddEpsilon(TBounds* b, double add) {
85	   assert(b);
86	   b->min.x = b->min.x - add;

2017-02-21 12:46:46:Backtrace END
2017-02-21 12:46:51:Type: A floating point type.
2017-02-21 12:46:51:Type sizeof: 8
2017-02-21 12:46:51:Mem contents(hex):0x000xe60xff0xff0xff0x7f0x000x00
2017-02-21 12:46:51:Fault Mode: Random bit-flip
2017-02-21 12:46:51:base address to flip value: 0x7fffffffe5c0
2017-02-21 12:46:51:address max offset: 8
2017-02-21 12:46:51:Memory content before bitflip:0x000xe60xff0xff0xff0x7f0x000x00
2017-02-21 12:46:51:Backtrace BEGIN:
2017-02-21 12:46:52:#0  Bounds_AddBounds (b=0x7ffc510208d0, add=0x381acd0) at /micNfs/gdb-fault-injection/injector/src/clamr/CLAMR/mesh/kdtree/Bounds.c:82
#1  0x000000000053d096 in KDTree_CreateTree (t=0x7f9d50) at /micNfs/gdb-fault-injection/injector/src/clamr/CLAMR/mesh/kdtree/KDTree.c:255
#2  0x00000000005413f6 in KDTree_QueryCircleInterior_Double (t=0x7f9d50, result_num=0x7fffffffe65c, result_indicies=0xb01ad0, circ_radius=24, ncells=264756, x=0x1d268d0, dx=0x212e8e0, y=0x25368f0, dy=0x2c42e50) at /micNfs/gdb-fault-injection/injector/src/clamr/CLAMR/mesh/kdtree/KDTree.c:625
#3  0x0000000000471e70 in State::fill_circle (this=0x7fa5e0, circ_radius=24, fill_value=100, background=7) at /micNfs/gdb-fault-injection/injector/src/clamr/CLAMR/state.cpp:990
#4  0x00000000004452cb in main (argc=11, argv=0x7fffffffec58) at /micNfs/gdb-fault-injection/injector/src/clamr/CLAMR/clamr_cpuonly.cpp:282

2017-02-21 12:46:52:77	   assert(b && add);
78	   b->min.x = MIN(b->min.x, add->min.x);
79	   b->min.y = MIN(b->min.y, add->min.y);
80	   b->max.x = MAX(b->max.x, add->max.x);
81	   b->max.y = MAX(b->max.y, add->max.y);
82	}
83	
84	void Bounds_AddEpsilon(TBounds* b, double add) {
85	   assert(b);
86	   b->min.x = b->min.x - add;

2017-02-21 12:46:52:Backtrace END
2017-02-21 12:46:57:Type: A floating point type.
2017-02-21 12:46:57:Type sizeof: 8
2017-02-21 12:46:57:Mem contents(hex):0x000x000x000x000x000x000x380x40
2017-02-21 12:46:57:Fault Mode: Single bit-flip
2017-02-21 12:46:57:base address to flip value: 0x7fffffffe558
2017-02-21 12:46:57:address max offset: 8
2017-02-21 12:46:57:Memory content before bitflip:0x000x000x000x000x000x000x380x40
2017-02-21 12:46:57:Memory content after  bitflip:0x000x000x000x000x400x000x380x40
2017-02-21 12:46:57:Mem contents(hex):0x000x000x000x000x400x000x380x40
2017-02-21 12:46:57:frame name: KDTree_QueryCircleInterior_Double
2017-02-21 12:46:57:symbol name: circ_radius
2017-02-21 12:46:57:symbol filename: /micNfs/gdb-fault-injection/injector/src/clamr/CLAMR/mesh/kdtree/KDTree.c
2017-02-21 12:46:57:symbol line: 617
2017-02-21 12:46:57:value: 24.0009765625
2017-02-21 12:46:57:value address: 0x7fffffffe558
2017-02-21 12:46:57:Type: A floating point type.
2017-02-21 12:46:57:Type sizeof: 8
2017-02-21 12:46:57:Fault Injection Successful after 29.2803230286s
2017-02-21 12:47:47:event type: exit
2017-02-21 12:47:47:exit code: 0
