[INFO -- 2017-03-28 21:50:22]
Starting GDB script
[INFO -- 2017-03-28 21:50:22]
initSignal:0.0
[INFO -- 2017-03-28 21:50:22]
endSignal:3.0
[INFO -- 2017-03-28 21:50:22]
seqSignal:30
[INFO -- 2017-03-28 21:50:23]
sending 30 signals using command: 'ssh -T mic0 killall -2 lavamd_check' after 0.831205813141s
[INFO -- 2017-03-28 21:50:23]
sending 30 signals using command: 'ssh -T mic0 killall -2 lavamd_check' after 0.98070155414s
[INFO -- 2017-03-28 21:50:24]
shell stdout: 
[INFO -- 2017-03-28 21:50:24]
shell stdout: 
[INFO -- 2017-03-28 21:50:24]
shell stdout: 
[INFO -- 2017-03-28 21:50:24]
shell stdout: 
[INFO -- 2017-03-28 21:50:24]
sending 30 signals using command: 'ssh -T mic0 killall -2 lavamd_check' after 1.79421369122s
[INFO -- 2017-03-28 21:50:24]
shell stdout: 
[INFO -- 2017-03-28 21:50:25]
shell stdout: 
[INFO -- 2017-03-28 21:50:25]
shell stdout: 
[INFO -- 2017-03-28 21:50:25]
shell stdout: 
[INFO -- 2017-03-28 21:50:25]
shell stdout: 
[INFO -- 2017-03-28 21:50:25]
shell stdout: 
[INFO -- 2017-03-28 21:50:25]
shell stdout: 
[INFO -- 2017-03-28 21:50:26]
shell stdout: 
[INFO -- 2017-03-28 21:50:26]
shell stdout: 
[INFO -- 2017-03-28 21:50:26]
shell stdout: 
[INFO -- 2017-03-28 21:50:26]
shell stdout: 
[INFO -- 2017-03-28 21:50:26]
shell stdout: 
[INFO -- 2017-03-28 21:50:26]
shell stdout: 
[INFO -- 2017-03-28 21:50:27]
shell stdout: 
[INFO -- 2017-03-28 21:50:27]
shell stdout: 
[INFO -- 2017-03-28 21:50:27]
shell stdout: 
[INFO -- 2017-03-28 21:50:27]
shell stdout: 
[INFO -- 2017-03-28 21:50:27]
shell stdout: 
[INFO -- 2017-03-28 21:50:28]
shell stdout: 
[INFO -- 2017-03-28 21:50:28]
shell stdout: 
[INFO -- 2017-03-28 21:50:28]
shell stdout: 
[INFO -- 2017-03-28 21:50:28]
shell stdout: 
[INFO -- 2017-03-28 21:50:29]
shell stdout: 
[INFO -- 2017-03-28 21:50:29]
shell stdout: 
[INFO -- 2017-03-28 21:50:29]
shell stdout: 
[INFO -- 2017-03-28 21:50:30]
shell stdout: 
[INFO -- 2017-03-28 21:50:30]
shell stdout: 
[INFO -- 2017-03-28 21:50:30]
shell stdout: 
[INFO -- 2017-03-28 21:50:31]
shell stdout: 
[INFO -- 2017-03-28 21:50:31]
shell stdout: 
[INFO -- 2017-03-28 21:50:31]
shell stdout: 
[INFO -- 2017-03-28 21:50:31]
shell stdout: 
[INFO -- 2017-03-28 21:50:31]
shell stdout: 
[INFO -- 2017-03-28 21:50:32]
shell stdout: 
[INFO -- 2017-03-28 21:50:32]
shell stdout: 
[INFO -- 2017-03-28 21:50:32]
shell stdout: 
[INFO -- 2017-03-28 21:50:32]
shell stdout: 
[INFO -- 2017-03-28 21:50:33]
shell stdout: 
[INFO -- 2017-03-28 21:50:33]
shell stdout: 
[INFO -- 2017-03-28 21:50:33]
shell stdout: 
[INFO -- 2017-03-28 21:50:34]
shell stdout: 
[INFO -- 2017-03-28 21:50:34]
shell stdout: 
[INFO -- 2017-03-28 21:50:34]
shell stdout: 
[INFO -- 2017-03-28 21:50:34]
shell stdout: 
[INFO -- 2017-03-28 21:50:34]
shell stdout: 
[INFO -- 2017-03-28 21:50:34]
shell stdout: 
[INFO -- 2017-03-28 21:50:35]
shell stdout: 
[INFO -- 2017-03-28 21:50:35]
shell stdout: 
[INFO -- 2017-03-28 21:50:35]
shell stdout: 
[INFO -- 2017-03-28 21:50:35]
shell stdout: 
[INFO -- 2017-03-28 21:50:35]
shell stdout: 
[INFO -- 2017-03-28 21:50:35]
shell stdout: 
[INFO -- 2017-03-28 21:50:36]
shell stdout: 
[INFO -- 2017-03-28 21:50:36]
shell stdout: 
[INFO -- 2017-03-28 21:50:36]
shell stdout: 
[INFO -- 2017-03-28 21:50:36]
shell stdout: 
[INFO -- 2017-03-28 21:50:36]
shell stdout: 
[INFO -- 2017-03-28 21:50:36]
shell stdout: 
[INFO -- 2017-03-28 21:50:37]
shell stdout: 
[INFO -- 2017-03-28 21:50:37]
shell stdout: 
[INFO -- 2017-03-28 21:50:37]
shell stdout: 
[INFO -- 2017-03-28 21:50:37]
shell stdout: 
[INFO -- 2017-03-28 21:50:37]
shell stdout: 
[INFO -- 2017-03-28 21:50:37]
shell stdout: 
[INFO -- 2017-03-28 21:50:38]
shell stdout: 
[INFO -- 2017-03-28 21:50:38]
shell stdout: 
[INFO -- 2017-03-28 21:50:38]
shell stdout: 
[INFO -- 2017-03-28 21:50:38]
shell stdout: 
[INFO -- 2017-03-28 21:50:38]
shell stdout: 
[INFO -- 2017-03-28 21:50:38]
shell stdout: 
[INFO -- 2017-03-28 21:50:39]
shell stdout: 
[INFO -- 2017-03-28 21:50:39]
shell stdout: 
[INFO -- 2017-03-28 21:50:39]
shell stdout: 
[INFO -- 2017-03-28 21:50:39]
shell stdout: 
[INFO -- 2017-03-28 21:50:39]
shell stdout: 
[INFO -- 2017-03-28 21:50:39]
shell stdout: 
[INFO -- 2017-03-28 21:50:40]
shell stdout: 
[INFO -- 2017-03-28 21:50:40]
shell stdout: 
[INFO -- 2017-03-28 21:50:40]
shell stdout: 
[INFO -- 2017-03-28 21:50:40]
shell stdout: 
[INFO -- 2017-03-28 21:50:40]
shell stdout: 
[INFO -- 2017-03-28 21:50:40]
shell stdout: 
[INFO -- 2017-03-28 21:50:41]
shell stdout: 
[INFO -- 2017-03-28 21:50:41]
shell stdout: 
[INFO -- 2017-03-28 21:50:41]
shell stdout: 
[INFO -- 2017-03-28 21:50:41]
shell stdout: 
[INFO -- 2017-03-28 21:51:12]
finished due now-timestampStart > maxWaitTime*5
[INFO -- 2017-03-28 21:51:12]
now: 1490752272
[INFO -- 2017-03-28 21:51:12]
timestampStart: 1490752222
[INFO -- 2017-03-28 21:51:12]
kill cmd: killall -9 gdb-mic
[INFO -- 2017-03-28 21:51:12]
shell stdout: 
[INFO -- 2017-03-28 21:51:12]
kill cmd: ssh -T mic0 killall -9 lavamd_check
[INFO -- 2017-03-28 21:51:12]
shell stdout: 
[INFO -- 2017-03-28 21:51:13]
kill cmd: ssh -T mic0 killall -9 gdbserver
[INFO -- 2017-03-28 21:51:13]
shell stdout: 
[INFO -- 2017-03-28 21:51:13]
kill cmd: ssh -T mic0 killall -9 sshd
[INFO -- 2017-03-28 21:51:13]
shell stdout: 
