2016-11-01 09:01:14:Starting GDB script
2016-11-01 09:01:16:sending signal using command: 'ssh -T mic0 killall -2 hotspot_check' after 1.60858108312s
2016-11-01 09:01:16:shell stdout: 
2016-11-01 09:01:17:sending signal using command: 'ssh -T mic0 killall -2 hotspot_check' after 2.55893887255s
2016-11-01 09:01:17:shell stdout: 
2016-11-01 09:01:18:sending signal using command: 'ssh -T mic0 killall -2 hotspot_check' after 3.52110342684s
2016-11-01 09:01:18:shell stdout: 
2016-11-01 09:01:20:sending signal using command: 'ssh -T mic0 killall -2 hotspot_check' after 5.70886385368s
2016-11-01 09:01:20:shell stdout: 
2016-11-01 09:01:20:sending signal using command: 'ssh -T mic0 killall -2 hotspot_check' after 5.7268342117s
2016-11-01 09:01:20:shell stdout: 
2016-11-01 09:01:21:sending signal using command: 'ssh -T mic0 killall -2 hotspot_check' after 7.33868788971s
2016-11-01 09:01:21:shell stdout: 
2016-11-01 09:01:22:sending signal using command: 'ssh -T mic0 killall -2 hotspot_check' after 7.91694658659s
2016-11-01 09:01:22:shell stdout: 
2016-11-01 09:01:23:sending signal using command: 'ssh -T mic0 killall -2 hotspot_check' after 8.85814959091s
2016-11-01 09:01:23:shell stdout: 
2016-11-01 09:01:24:sending signal using command: 'ssh -T mic0 killall -2 hotspot_check' after 10.0933949944s
2016-11-01 09:01:24:shell stdout: 
2016-11-01 09:01:27:sending signal using command: 'ssh -T mic0 killall -2 hotspot_check' after 13.3376354321s
2016-11-01 09:01:27:shell stdout: 
2016-11-01 09:01:34:no gdbExecName running, out:
2016-11-01 09:01:34:checCmd:ps -e | grep -i gdb-mic
2016-11-01 09:01:34:finished now-timestampStart < maxWaitTime*5
2016-11-01 09:01:34:now: 1478005293
2016-11-01 09:01:34:timestampStart: 1478005274
2016-11-01 09:01:34:kill cmd: killall -9 gdb-mic
2016-11-01 09:01:34:shell stdout: 
2016-11-01 09:01:34:kill cmd: ssh -T mic0 killall -9 hotspot_check
2016-11-01 09:01:34:shell stdout: 
2016-11-01 09:01:35:kill cmd: ssh -T mic0 killall -9 gdbserver
2016-11-01 09:01:35:shell stdout: 
