[INFO -- 2017-03-11 08:23:32]
Starting GDB script
[INFO -- 2017-03-11 08:23:32]
initSignal:25.0
[INFO -- 2017-03-11 08:23:32]
endSignal:30.0
[INFO -- 2017-03-11 08:23:32]
seqSignal:20
[INFO -- 2017-03-11 08:24:01]
sending 20 signals using command: 'ssh -T mic0 killall -2 clamr_openmponly' after 29.2049834538s
[INFO -- 2017-03-11 08:24:02]
sending 20 signals using command: 'ssh -T mic0 killall -2 clamr_openmponly' after 29.7722414162s
[INFO -- 2017-03-11 08:24:02]
shell stdout: 
[INFO -- 2017-03-11 08:24:02]
shell stdout: 
[INFO -- 2017-03-11 08:24:02]
shell stdout: 
[INFO -- 2017-03-11 08:24:03]
shell stdout: 
[INFO -- 2017-03-11 08:24:03]
shell stdout: 
[INFO -- 2017-03-11 08:24:03]
shell stdout: 
[INFO -- 2017-03-11 08:24:03]
shell stdout: 
[INFO -- 2017-03-11 08:24:03]
shell stdout: 
[INFO -- 2017-03-11 08:24:04]
shell stdout: 
[INFO -- 2017-03-11 08:24:04]
shell stdout: 
[INFO -- 2017-03-11 08:24:04]
shell stdout: 
[INFO -- 2017-03-11 08:24:04]
shell stdout: 
[INFO -- 2017-03-11 08:24:04]
shell stdout: 
[INFO -- 2017-03-11 08:24:05]
shell stdout: 
[INFO -- 2017-03-11 08:24:05]
shell stdout: 
[INFO -- 2017-03-11 08:24:05]
shell stdout: 
[INFO -- 2017-03-11 08:24:05]
shell stdout: 
[INFO -- 2017-03-11 08:24:06]
shell stdout: 
[INFO -- 2017-03-11 08:24:06]
shell stdout: 
[INFO -- 2017-03-11 08:24:06]
shell stdout: 
[INFO -- 2017-03-11 08:24:06]
shell stdout: 
[INFO -- 2017-03-11 08:24:07]
shell stdout: 
[INFO -- 2017-03-11 08:24:07]
shell stdout: 
[INFO -- 2017-03-11 08:24:07]
shell stdout: 
[INFO -- 2017-03-11 08:24:07]
shell stdout: 
[INFO -- 2017-03-11 08:24:07]
shell stdout: 
[INFO -- 2017-03-11 08:24:07]
shell stdout: 
[INFO -- 2017-03-11 08:24:08]
shell stdout: 
[INFO -- 2017-03-11 08:24:08]
shell stdout: 
[INFO -- 2017-03-11 08:24:08]
shell stdout: 
[INFO -- 2017-03-11 08:24:08]
shell stdout: 
[INFO -- 2017-03-11 08:24:09]
shell stdout: 
[INFO -- 2017-03-11 08:24:09]
shell stdout: 
[INFO -- 2017-03-11 08:24:09]
shell stdout: 
[INFO -- 2017-03-11 08:24:09]
shell stdout: 
[INFO -- 2017-03-11 08:24:10]
shell stdout: 
[INFO -- 2017-03-11 08:24:10]
shell stdout: 
[INFO -- 2017-03-11 08:24:10]
shell stdout: 
[INFO -- 2017-03-11 08:24:10]
shell stdout: 
[INFO -- 2017-03-11 08:24:10]
shell stdout: 
[INFO -- 2017-03-11 08:26:04]
no gdbExecName running, out:
[INFO -- 2017-03-11 08:26:04]
checCmd:ps -e | grep -i gdb-mic
[INFO -- 2017-03-11 08:26:04]
finished now-timestampStart < maxWaitTime*5
[INFO -- 2017-03-11 08:26:04]
now: 1489238755
[INFO -- 2017-03-11 08:26:04]
timestampStart: 1489238612
[INFO -- 2017-03-11 08:26:04]
kill cmd: killall -9 gdb-mic
[INFO -- 2017-03-11 08:26:04]
shell stdout: 
[INFO -- 2017-03-11 08:26:04]
kill cmd: ssh -T mic0 killall -9 clamr_openmponly
[INFO -- 2017-03-11 08:26:04]
shell stdout: 
[INFO -- 2017-03-11 08:26:04]
kill cmd: ssh -T mic0 killall -9 gdbserver
[INFO -- 2017-03-11 08:26:04]
shell stdout: 
[INFO -- 2017-03-11 08:26:05]
kill cmd: ssh -T mic0 killall -9 sshd
[INFO -- 2017-03-11 08:26:05]
shell stdout: 
