2016-10-23 22:20:32:Starting GDB script
2016-10-23 22:20:33:sending signal using command: 'ssh -T mic0 killall -2 needle_check' after 0.0978976532947s
2016-10-23 22:20:33:shell stdout: 
2016-10-23 22:20:33:sending signal using command: 'ssh -T mic0 killall -2 needle_check' after 0.534023797108s
2016-10-23 22:20:33:shell stdout: 
2016-10-23 22:20:34:sending signal using command: 'ssh -T mic0 killall -2 needle_check' after 0.85356043841s
2016-10-23 22:20:34:shell stdout: 
2016-10-23 22:20:34:sending signal using command: 'ssh -T mic0 killall -2 needle_check' after 1.09208963437s
2016-10-23 22:20:34:shell stdout: 
2016-10-23 22:20:36:sending signal using command: 'ssh -T mic0 killall -2 needle_check' after 3.82476709598s
2016-10-23 22:20:36:shell stdout: 
2016-10-23 22:20:38:sending signal using command: 'ssh -T mic0 killall -2 needle_check' after 5.60557928862s
2016-10-23 22:20:38:shell stdout: 
2016-10-23 22:20:39:no gdbExecName running, out:
2016-10-23 22:20:39:checCmd:ps -e | grep -i gdb-mic
2016-10-23 22:20:39:finished now-timestampStart < maxWaitTime*5
2016-10-23 22:20:39:now: 1477275638
2016-10-23 22:20:39:timestampStart: 1477275632
2016-10-23 22:20:39:kill cmd: killall -9 gdb-mic
2016-10-23 22:20:39:shell stdout: 
2016-10-23 22:20:40:kill cmd: ssh -T mic0 killall -9 needle_check
2016-10-23 22:20:40:shell stdout: 
2016-10-23 22:20:40:sending signal using command: 'ssh -T mic0 killall -2 needle_check' after 7.24205882084s
2016-10-23 22:20:40:shell stdout: 
2016-10-23 22:20:40:kill cmd: ssh -T mic0 killall -9 gdbserver
2016-10-23 22:20:40:shell stdout: 
2016-10-23 22:20:40:kill cmd: ssh -T mic0 killall -9 sshd
2016-10-23 22:20:40:shell stdout: 
