#HEADER matrix_dim:2048 threads:228
#BEGIN Y:2017 M:01 D:25 Time:02:33:54
#IT Ite:0 KerTime:22.793395 AccTime:22.793395
#ERR  p: [2032, 379], r: 1.5165892243385315e-01, e: 3.8254410028457642e-03
#ERR  p: [1206, 379], r: 3.4646660089492798e-01, e: 8.7392851710319519e-03
#ERR  p: [1161, 379], r: 3.6240524053573608e-01, e: 9.1397240757942200e-03
#ERR  p: [1233, 379], r: 3.3724325895309448e-01, e: 8.5053071379661560e-03
#ERR  p: [2016, 379], r: 1.5412378311157227e-01, e: 3.8875564932823181e-03
#ERR  p: [1197, 379], r: 3.4962785243988037e-01, e: 8.8175982236862183e-03
#ERR  p: [2024, 379], r: 1.5288394689559937e-01, e: 3.8561522960662842e-03
#ERR  p: [2040, 379], r: 1.5045738220214844e-01, e: 3.7952214479446411e-03
#ERR  p: [1989, 379], r: 1.5833052992820740e-01, e: 3.9932951331138611e-03
#ERR  p: [1269, 379], r: 3.2530447840690613e-01, e: 8.2054436206817627e-03
#ERR  p: [1188, 379], r: 3.5276085138320923e-01, e: 8.8981166481971741e-03
#ERR  p: [1215, 379], r: 3.4338843822479248e-01, e: 8.6612030863761902e-03
#ERR  p: [1170, 379], r: 3.5913240909576416e-01, e: 9.0591460466384888e-03
#ERR  p: [1251, 379], r: 3.3118617534637451e-01, e: 8.3544477820396423e-03
#ERR  p: [1845, 379], r: 1.8287278711795807e-01, e: 4.6125166118144989e-03
#ERR  p: [1827, 379], r: 1.8619415163993835e-01, e: 4.6961791813373566e-03
#ERR  p: [1179, 379], r: 3.5593050718307495e-01, e: 8.9774802327156067e-03
#ERR  p: [2007, 379], r: 1.5551285445690155e-01, e: 3.9223805069923401e-03
#ERR  p: [1134, 379], r: 3.7227472662925720e-01, e: 9.3899592757225037e-03
#ERR  p: [368, 379], r: 9.8009376525878906e+00, e: 9.8885905742645264e-01
#ERR  p: [2032, 380], r: -1.6257068514823914e-01, e: 3.8296356797218323e-03
#ERR  p: [1224, 379], r: 3.4028047323226929e-01, e: 8.5814744234085083e-03
#ERR  p: [1998, 379], r: 1.5693210065364838e-01, e: 3.9581581950187683e-03
#ERR  p: [1206, 380], r: -3.7139493227005005e-01, e: 8.7485238909721375e-03
#ERR  p: [1161, 380], r: -3.8848155736923218e-01, e: 9.1513544321060181e-03
#ERR  p: [1917, 379], r: 1.7016232013702393e-01, e: 4.2913705110549927e-03
#ERR  p: [441, 379], r: 7.4451816082000732e-01, e: 1.8778353929519653e-02
#ERR  p: [1971, 379], r: 1.6119474172592163e-01, e: 4.0662214159965515e-03
#ERR  p: [1962, 379], r: 1.6267254948616028e-01, e: 4.1031688451766968e-03
#ERR  p: [1125, 379], r: 3.7572467327117920e-01, e: 9.4751641154289246e-03
#ERR  p: [1782, 379], r: 1.9474072754383087e-01, e: 4.9123913049697876e-03
#ERR  p: [1242, 379], r: 3.3418858051300049e-01, e: 8.4297880530357361e-03
#ERR  p: [1953, 379], r: 1.6413541138172150e-01, e: 4.1400864720344543e-03
#ERR  p: [1872, 379], r: 1.7798769474029541e-01, e: 4.4893845915794373e-03
#ERR  p: [1233, 380], r: -3.6151024699211121e-01, e: 8.5146874189376831e-03
#ERR  p: [1116, 379], r: 3.7910729646682739e-01, e: 9.5615833997726440e-03
#ERR  p: [1152, 379], r: 3.6566448211669922e-01, e: 9.2235952615737915e-03
#ERR  p: [1881, 379], r: 1.7638087272644043e-01, e: 4.4487118721008301e-03
#ERR  p: [1143, 379], r: 3.6900481581687927e-01, e: 9.3071162700653076e-03
#ERR  p: [2016, 380], r: -1.6521310806274414e-01, e: 3.8917027413845062e-03
#ERR  p: [981, 379], r: 4.3386498093605042e-01, e: 1.0943531990051270e-02
#ERR  p: [1278, 379], r: 3.2237800955772400e-01, e: 8.1319361925125122e-03
#ERR  p: [1890, 379], r: 1.7482466995716095e-01, e: 4.4093839824199677e-03
#ERR  p: [513, 379], r: 6.9286906719207764e-01, e: 1.7474249005317688e-02
#ERR  p: [1899, 379], r: 1.7323301732540131e-01, e: 4.3697431683540344e-03
#ERR  p: [522, 379], r: 6.8664747476577759e-01, e: 1.7318561673164368e-02
#ERR  p: [1980, 379], r: 1.5975786745548248e-01, e: 4.0299855172634125e-03
#ERR  p: [486, 379], r: 7.1181082725524902e-01, e: 1.7950847744941711e-02
#ERR  p: [477, 379], r: 7.1813189983367920e-01, e: 1.8113523721694946e-02
#ERR  p: [495, 379], r: 7.0539879798889160e-01, e: 1.7789810895919800e-02
#ERR  p: [1926, 379], r: 1.6866326332092285e-01, e: 4.2534507811069489e-03
#ERR  p: [468, 379], r: 7.2468590736389160e-01, e: 1.8277674913406372e-02
#ERR  p: [1701, 379], r: 2.1120810508728027e-01, e: 5.3266286849975586e-03
#ERR  p: [927, 379], r: 4.5796763896942139e-01, e: 1.1550620198249817e-02
#ERR  p: [1026, 379], r: 4.1477286815643311e-01, e: 1.0461628437042236e-02
#ERR  p: [1944, 379], r: 1.6564136743545532e-01, e: 4.1775144636631012e-03
#ERR  p: [1287, 379], r: 3.1950026750564575e-01, e: 8.0591887235641479e-03
#ERR  p: [1908, 379], r: 1.7171368002891541e-01, e: 4.3304860591888428e-03
#ERR  p: [405, 379], r: 7.7176344394683838e-01, e: 1.9467443227767944e-02
#ERR  p: [1935, 379], r: 1.6711847484111786e-01, e: 4.2152702808380127e-03
#ERR  p: [1332, 379], r: 3.0541947484016418e-01, e: 7.7038779854774475e-03
#ERR  p: [1809, 379], r: 1.8959856033325195e-01, e: 4.7820359468460083e-03
#ERR  p: [423, 379], r: 7.5808191299438477e-01, e: 1.9118338823318481e-02
#ERR  p: [1053, 379], r: 4.0374284982681274e-01, e: 1.0183170437812805e-02
#ERR  p: [1791, 379], r: 1.9300866127014160e-01, e: 4.8686824738979340e-03
#ERR  p: [1818, 379], r: 1.8784984946250916e-01, e: 4.7383978962898254e-03
#ERR  p: [369, 379], r: 9.9161219596862793e-01, e: 9.9004811048507690e-01
#ERR  p: [378, 379], r: 9.0923911333084106e-01, e: 9.9893015623092651e-01
#ERR  p: [1863, 379], r: 1.7960411310195923e-01, e: 4.5299232006072998e-03
#ERR  p: [414, 379], r: 7.6482975482940674e-01, e: 1.9293963909149170e-02
#ERR  p: [1854, 379], r: 1.8122181296348572e-01, e: 4.5715905725955963e-03
#ERR  p: [387, 379], r: 7.8584170341491699e-01, e: 1.9822061061859131e-02
#ERR  p: [756, 379], r: 5.4337048530578613e-01, e: 1.3704448938369751e-02
#ERR  p: [1800, 379], r: 1.9127470254898071e-01, e: 4.8245303332805634e-03
#ERR  p: [432, 379], r: 7.5121259689331055e-01, e: 1.8948972225189209e-02
#ERR  p: [810, 379], r: 5.1480805873870850e-01, e: 1.2984260916709900e-02
#ERR  p: [1638, 379], r: 2.2492222487926483e-01, e: 5.6729950010776520e-03
#ERR  p: [1773, 379], r: 1.9652423262596130e-01, e: 4.9566552042961121e-03
#ERR  p: [1728, 379], r: 2.0555151998996735e-01, e: 5.1845647394657135e-03
#ERR  p: [459, 379], r: 7.3122906684875488e-01, e: 1.8442094326019287e-02
#ERR  p: [1755, 379], r: 2.0008493959903717e-01, e: 5.0466246902942657e-03
#ERR  p: [1611, 379], r: 2.3106595873832703e-01, e: 5.8277398347854614e-03
#ERR  p: [567, 379], r: 6.5632092952728271e-01, e: 1.6555041074752808e-02
#ERR  p: [1719, 379], r: 2.0743623375892639e-01, e: 5.2319280803203583e-03
#ERR  p: [1746, 379], r: 2.0186723768711090e-01, e: 5.0922185182571411e-03
#ERR  p: [450, 379], r: 7.3785722255706787e-01, e: 1.8610328435897827e-02
#ERR  p: [2040, 380], r: -1.6128262877464294e-01, e: 3.7992559373378754e-03
#ERR  p: [1989, 380], r: -1.6972242295742035e-01, e: 3.9984136819839478e-03
#ERR  p: [1467, 379], r: 2.6687794923782349e-01, e: 6.7309960722923279e-03
#ERR  p: [1836, 379], r: 1.8452227115631104e-01, e: 4.6537891030311584e-03
#ERR  p: [1440, 379], r: 2.7413892745971680e-01, e: 6.9150179624557495e-03
#ERR  p: [1260, 379], r: 3.2823061943054199e-01, e: 8.2783922553062439e-03
#ERR  p: [504, 379], r: 6.9908988475799561e-01, e: 1.7632558941841125e-02
#ERR  p: [1296, 379], r: 3.1662529706954956e-01, e: 7.9869404435157776e-03
#ERR  p: [1737, 379], r: 2.0374077558517456e-01, e: 5.1388703286647797e-03
#ERR  p: [1764, 379], r: 1.9827659428119659e-01, e: 5.0009749829769135e-03
#ERR  p: [846, 379], r: 4.9658697843551636e-01, e: 1.2525841593742371e-02
#ERR  p: [1386, 379], r: 2.8938731551170349e-01, e: 7.2988495230674744e-03
#ERR  p: [1089, 379], r: 3.8942021131515503e-01, e: 9.8226740956306458e-03
#ERR  p: [1080, 379], r: 3.9297997951507568e-01, e: 9.9115222692489624e-03
#ERR  p: [1098, 379], r: 3.8600075244903564e-01, e: 9.7352862358093262e-03
#ERR  p: [576, 379], r: 6.5049064159393311e-01, e: 1.6407340764999390e-02
#ERR  p: [1521, 379], r: 2.5281751155853271e-01, e: 6.3771679997444153e-03
#ERR  p: [1017, 379], r: 4.1858747601509094e-01, e: 1.0555610060691833e-02
#ERR  p: [945, 379], r: 4.4977676868438721e-01, e: 1.1344194412231445e-02
#ERR  p: [936, 379], r: 4.5383340120315552e-01, e: 1.1447042226791382e-02
#ERR  p: [1431, 379], r: 2.7664795517921448e-01, e: 6.9778561592102051e-03
#ERR  p: [1404, 379], r: 2.8422674536705017e-01, e: 7.1683749556541443e-03
#ERR  p: [963, 379], r: 4.4170278310775757e-01, e: 1.1141777038574219e-02
#ERR  p: [1107, 379], r: 3.8246223330497742e-01, e: 9.6473544836044312e-03
#ERR  p: [396, 379], r: 7.7881723642349243e-01, e: 1.9644007086753845e-02
#ERR  p: [1656, 379], r: 2.2094514966011047e-01, e: 5.5721476674079895e-03
#ERR  p: [1314, 379], r: 3.1097742915153503e-01, e: 7.8436881303787231e-03
#ERR  p: [1368, 379], r: 2.9465049505233765e-01, e: 7.4311122298240662e-03
#ERR  p: [1458, 379], r: 2.6926490664482117e-01, e: 6.7923441529273987e-03
#ERR  p: [711, 379], r: 5.6832808256149292e-01, e: 1.4335379004478455e-02
#ERR  p: [1377, 379], r: 2.9199796915054321e-01, e: 7.3646008968353271e-03
#ERR  p: [1350, 379], r: 3.0002048611640930e-01, e: 7.5667947530746460e-03
#ERR  p: [1476, 379], r: 2.6447990536689758e-01, e: 6.6706091165542603e-03
#ERR  p: [801, 379], r: 5.1940834522247314e-01, e: 1.3100951910018921e-02
#ERR  p: [765, 379], r: 5.3848952054977417e-01, e: 1.3581901788711548e-02
#ERR  p: [828, 379], r: 5.0554800033569336e-01, e: 1.2752234935760498e-02
#ERR  p: [1449, 379], r: 2.7172204852104187e-01, e: 6.8541988730430603e-03
#ERR  p: [747, 379], r: 5.4829305410385132e-01, e: 1.3827413320541382e-02
#ERR  p: [1413, 379], r: 2.8167396783828735e-01, e: 7.1047320961952209e-03
#ERR  p: [738, 379], r: 5.5316555500030518e-01, e: 1.3952717185020447e-02
#ERR  p: [1323, 379], r: 3.0818980932235718e-01, e: 7.7741816639900208e-03
#ERR  p: [1395, 379], r: 2.8681123256683350e-01, e: 7.2337463498115540e-03
#ERR  p: [531, 379], r: 6.8046820163726807e-01, e: 1.7164111137390137e-02
#ERR  p: [1485, 379], r: 2.6209741830825806e-01, e: 6.6106840968132019e-03
#ERR  p: [891, 379], r: 4.7476595640182495e-01, e: 1.1973202228546143e-02
#ERR  p: [666, 379], r: 5.9456092119216919e-01, e: 1.4995396137237549e-02
#ERR  p: [702, 379], r: 5.7354235649108887e-01, e: 1.4464288949966431e-02
#ERR  p: [1359, 379], r: 2.9729712009429932e-01, e: 7.4989050626754761e-03
#ERR  p: [693, 379], r: 5.7866764068603516e-01, e: 1.4595448970794678e-02
#ERR  p: [621, 379], r: 6.2184268236160278e-01, e: 1.5685170888900757e-02
#ERR  p: [657, 379], r: 5.9991687536239624e-01, e: 1.5131533145904541e-02
#ERR  p: [639, 379], r: 6.1081230640411377e-01, e: 1.5405803918838501e-02
#ERR  p: [612, 379], r: 6.2749791145324707e-01, e: 1.5826880931854248e-02
#ERR  p: [630, 379], r: 6.1632847785949707e-01, e: 1.5543863177299500e-02
#ERR  p: [1215, 380], r: -3.6809760332107544e-01, e: 8.6689442396163940e-03
#ERR  p: [594, 379], r: 6.3883638381958008e-01, e: 1.6114994883537292e-02
#ERR  p: [720, 379], r: 5.6323403120040894e-01, e: 1.4206558465957642e-02
#ERR  p: [585, 379], r: 6.4464730024337769e-01, e: 1.6260892152786255e-02
#ERR  p: [1197, 380], r: -3.7478619813919067e-01, e: 8.8272094726562500e-03
#ERR  p: [2024, 380], r: -1.6388401389122009e-01, e: 3.8605742156505585e-03
#ERR  p: [1071, 379], r: 3.9655750989913940e-01, e: 1.0001406073570251e-02
#ERR  p: [954, 379], r: 4.4574767351150513e-01, e: 1.1242523789405823e-02
#ERR  p: [1044, 379], r: 4.0737551450729370e-01, e: 1.0273508727550507e-02
#ERR  p: [1062, 379], r: 4.0010172128677368e-01, e: 1.0091662406921387e-02
#ERR  p: [1305, 379], r: 3.1381288170814514e-01, e: 7.9145729541778564e-03
#ERR  p: [864, 379], r: 4.8776996135711670e-01, e: 1.2302085757255554e-02
#ERR  p: [729, 379], r: 5.5823135375976562e-01, e: 1.4079317450523376e-02
#ERR  p: [1341, 379], r: 3.0269759893417358e-01, e: 7.6346993446350098e-03
#ERR  p: [792, 379], r: 5.2413141727447510e-01, e: 1.3220012187957764e-02
#ERR  p: [873, 379], r: 4.8334202170372009e-01, e: 1.2191355228424072e-02
#ERR  p: [909, 379], r: 4.6625867486000061e-01, e: 1.1761963367462158e-02
#ERR  p: [837, 379], r: 5.0111472606658936e-01, e: 1.2638419866561890e-02
#ERR  p: [819, 379], r: 5.1014304161071777e-01, e: 1.2868702411651611e-02
#ERR  p: [990, 379], r: 4.2994260787963867e-01, e: 1.0846033692359924e-02
#ERR  p: [1629, 379], r: 2.2696441411972046e-01, e: 5.7244412600994110e-03
#ERR  p: [1665, 379], r: 2.1894051134586334e-01, e: 5.5216662585735321e-03
#ERR  p: [918, 379], r: 4.6208781003952026e-01, e: 1.1654838919639587e-02
#ERR  p: [1422, 379], r: 2.7912947535514832e-01, e: 7.0407688617706299e-03
#ERR  p: [1503, 379], r: 2.5743502378463745e-01, e: 6.4927265048027039e-03
#ERR  p: [900, 379], r: 4.7050386667251587e-01, e: 1.1866420507431030e-02
#ERR  p: [1494, 379], r: 2.5976338982582092e-01, e: 6.5520107746124268e-03
#ERR  p: [1557, 379], r: 2.4388210475444794e-01, e: 6.1513110995292664e-03
#ERR  p: [972, 379], r: 4.3776711821556091e-01, e: 1.1042468249797821e-02
#ERR  p: [1620, 379], r: 2.2901706397533417e-01, e: 5.7760477066040039e-03
#ERR  p: [1593, 379], r: 2.3525610566139221e-01, e: 5.9339255094528198e-03
#ERR  p: [1674, 379], r: 2.1698617935180664e-01, e: 5.4721422493457794e-03
#ERR  p: [1566, 379], r: 2.4174401164054871e-01, e: 6.0970634222030640e-03
#ERR  p: [1647, 379], r: 2.2293144464492798e-01, e: 5.6225880980491638e-03
#ERR  p: [1512, 379], r: 2.5517001748085022e-01, e: 6.4351707696914673e-03
#ERR  p: [1539, 379], r: 2.4831108748912811e-01, e: 6.2632635235786438e-03
#ERR  p: [1602, 379], r: 2.3317927122116089e-01, e: 5.8811828494071960e-03
#ERR  p: [999, 379], r: 4.2617237567901611e-01, e: 1.0747678577899933e-02
#ERR  p: [774, 379], r: 5.3364866971969604e-01, e: 1.3460233807563782e-02
#ERR  p: [855, 379], r: 4.9215251207351685e-01, e: 1.2412250041961670e-02
#ERR  p: [882, 379], r: 4.7901630401611328e-01, e: 1.2081548571586609e-02
#ERR  p: [783, 379], r: 5.2887940406799316e-01, e: 1.3338357210159302e-02
#ERR  p: [648, 379], r: 6.0533499717712402e-01, e: 1.5267014503479004e-02
#ERR  p: [1710, 379], r: 2.0930032432079315e-01, e: 5.2793994545936584e-03
#ERR  p: [675, 379], r: 5.8919447660446167e-01, e: 1.4860674738883972e-02
#ERR  p: [549, 379], r: 6.6832673549652100e-01, e: 1.6856148838996887e-02
#ERR  p: [1683, 379], r: 2.1502068638801575e-01, e: 5.4236166179180145e-03
#ERR  p: [603, 379], r: 6.3316416740417480e-01, e: 1.5969946980476379e-02
#ERR  p: [1035, 379], r: 4.1107672452926636e-01, e: 1.0367959737777710e-02
#ERR  p: [1008, 379], r: 4.2229372262954712e-01, e: 1.0651402175426483e-02
#ERR  p: [558, 379], r: 6.6226863861083984e-01, e: 1.6705170273780823e-02
#ERR  p: [1692, 379], r: 2.1308264136314392e-01, e: 5.3748376667499542e-03
#ERR  p: [1584, 379], r: 2.3741813004016876e-01, e: 5.9875994920730591e-03
#ERR  p: [1530, 379], r: 2.5058731436729431e-01, e: 6.3199922442436218e-03
#ERR  p: [540, 379], r: 6.7433124780654907e-01, e: 1.7009630799293518e-02
#ERR  p: [684, 379], r: 5.8392804861068726e-01, e: 1.4727696776390076e-02
#ERR  p: [1575, 379], r: 2.3953667283058167e-01, e: 6.0418024659156799e-03
#ERR  p: [1548, 379], r: 2.4609926342964172e-01, e: 6.2078535556793213e-03
#ERR  p: [1188, 380], r: -3.7814337015151978e-01, e: 8.9061036705970764e-03
#ERR  p: [1269, 380], r: -3.4871071577072144e-01, e: 8.2136914134025574e-03
#ERR  p: [1170, 380], r: -3.8497161865234375e-01, e: 9.0683922171592712e-03
#ERR  p: [1251, 380], r: -3.5501489043235779e-01, e: 8.3622783422470093e-03
#ERR  p: [1845, 380], r: -1.9603106379508972e-01, e: 4.6174079179763794e-03
#ERR  p: [1827, 380], r: -1.9959142804145813e-01, e: 4.7013387084007263e-03
#ERR  p: [1179, 380], r: -3.8154044747352600e-01, e: 8.9873075485229492e-03
#ERR  p: [2007, 380], r: -1.6670237481594086e-01, e: 3.9267428219318390e-03
#ERR  p: [1134, 380], r: -3.9905911684036255e-01, e: 9.4013735651969910e-03
#ERR  p: [2032, 381], r: 3.8266368210315704e-03, e: 3.8332641124725342e-03
#ERR  p: [1224, 380], r: -3.6476546525955200e-01, e: 8.5923448204994202e-03
#ERR  p: [1998, 380], r: -1.6822384297847748e-01, e: 3.9625018835067749e-03
#ERR  p: [1206, 381], r: 8.7388753890991211e-03, e: 8.7540149688720703e-03
#ERR  p: [1161, 381], r: 9.1433078050613403e-03, e: 9.1591775417327881e-03
#ERR  p: [1917, 380], r: -1.8240669369697571e-01, e: 4.2963586747646332e-03
#ERR  p: [441, 380], r: -7.9808819293975830e-01, e: 1.8799215555191040e-02
#ERR  p: [1971, 380], r: -1.7279191315174103e-01, e: 4.0708519518375397e-03
#ERR  p: [1962, 380], r: -1.7437702417373657e-01, e: 4.1075088083744049e-03
#ERR  p: [1125, 380], r: -4.0276095271110535e-01, e: 9.4865933060646057e-03
#ERR  p: [945, 380], r: -4.8213908076286316e-01, e: 1.1357381939888000e-02
#ERR  p: [1782, 380], r: -2.0875182747840881e-01, e: 4.9176290631294250e-03
#ERR  p: [1242, 380], r: -3.5823303461074829e-01, e: 8.4387436509132385e-03
#ERR  p: [1953, 380], r: -1.7594496905803680e-01, e: 4.1446164250373840e-03
#ERR  p: [1872, 380], r: -1.9079387187957764e-01, e: 4.4945739209651947e-03
#ERR  p: [1233, 381], r: 8.5074156522750854e-03, e: 8.5221379995346069e-03
#ERR  p: [1116, 380], r: -4.0638622641563416e-01, e: 9.5716267824172974e-03
#ERR  p: [1881, 380], r: -1.8907102942466736e-01, e: 4.4545456767082214e-03
#ERR  p: [1152, 380], r: -3.9197465777397156e-01, e: 9.2326849699020386e-03
#ERR  p: [1143, 380], r: -3.9555540680885315e-01, e: 9.3176513910293579e-03
#ERR  p: [2016, 381], r: 3.8881003856658936e-03, e: 3.8948431611061096e-03
#ERR  p: [981, 380], r: -4.6508222818374634e-01, e: 1.0955035686492920e-02
#ERR  p: [513, 380], r: -7.4272495508193970e-01, e: 1.7494261264801025e-02
#ERR  p: [1890, 380], r: -1.8740424513816833e-01, e: 4.4139325618743896e-03
#ERR  p: [1278, 380], r: -3.4557363390922546e-01, e: 8.1395506858825684e-03
#ERR  p: [1899, 380], r: -1.8569660186767578e-01, e: 4.3747164309024811e-03
#ERR  p: [927, 380], r: -4.9092063307762146e-01, e: 1.1563062667846680e-02
#ERR  p: [1026, 380], r: -4.4461721181869507e-01, e: 1.0472536087036133e-02
#ERR  p: [1908, 380], r: -1.8406942486763000e-01, e: 4.3357908725738525e-03
#ERR  p: [405, 380], r: -8.2729077339172363e-01, e: 1.9488364458084106e-02
#ERR  p: [1809, 380], r: -2.0324161648750305e-01, e: 4.7864988446235657e-03
#ERR  p: [1818, 380], r: -2.0136527717113495e-01, e: 4.7436803579330444e-03
#ERR  p: [522, 380], r: -7.3605549335479736e-01, e: 1.7336159944534302e-02
#ERR  p: [387, 380], r: -8.4238600730895996e-01, e: 1.9840195775032043e-02
#ERR  p: [1980, 380], r: -1.7125201225280762e-01, e: 4.0342062711715698e-03
#ERR  p: [486, 380], r: -7.6303029060363770e-01, e: 1.7973050475120544e-02
#ERR  p: [459, 380], r: -7.8384292125701904e-01, e: 1.8464684486389160e-02
#ERR  p: [1638, 380], r: -2.4110594391822815e-01, e: 5.6793466210365295e-03
#ERR  p: [477, 380], r: -7.6979887485504150e-01, e: 1.8136724829673767e-02
#ERR  p: [495, 380], r: -7.5615644454956055e-01, e: 1.7810896039009094e-02
#ERR  p: [1926, 380], r: -1.8080058693885803e-01, e: 4.2578093707561493e-03
#ERR  p: [468, 380], r: -7.7682787179946899e-01, e: 1.8299952149391174e-02
#ERR  p: [1701, 380], r: -2.2640627622604370e-01, e: 5.3323283791542053e-03
#ERR  p: [1440, 380], r: -2.9386246204376221e-01, e: 6.9228783249855042e-03
#ERR  p: [1836, 380], r: -1.9779971241950989e-01, e: 4.6589002013206482e-03
#ERR  p: [1296, 380], r: -3.3940654993057251e-01, e: 7.9946219921112061e-03
#ERR  p: [1764, 380], r: -2.1254244446754456e-01, e: 5.0071552395820618e-03
#ERR  p: [846, 380], r: -5.3231781721115112e-01, e: 1.2537896633148193e-02
#ERR  p: [1080, 380], r: -4.2125642299652100e-01, e: 9.9225491285324097e-03
#ERR  p: [1737, 380], r: -2.1840152144432068e-01, e: 5.1433220505714417e-03
#ERR  p: [1017, 380], r: -4.4870913028717041e-01, e: 1.0568231344223022e-02
#ERR  p: [1521, 380], r: -2.7100723981857300e-01, e: 6.3842236995697021e-03
#ERR  p: [1431, 380], r: -2.9655313491821289e-01, e: 6.9855749607086182e-03
#ERR  p: [1404, 380], r: -3.0467811226844788e-01, e: 7.1767047047615051e-03
#ERR  p: [1314, 380], r: -3.3335334062576294e-01, e: 7.8517794609069824e-03
#ERR  p: [504, 380], r: -7.4939250946044922e-01, e: 1.7650857567787170e-02
#ERR  p: [1098, 380], r: -4.1377609968185425e-01, e: 9.7454339265823364e-03
#ERR  p: [711, 380], r: -6.0921871662139893e-01, e: 1.4351472258567810e-02
#ERR  p: [801, 380], r: -5.5677950382232666e-01, e: 1.3116404414176941e-02
#ERR  p: [1350, 380], r: -3.2160872220993042e-01, e: 7.5749456882476807e-03
#ERR  p: [828, 380], r: -5.4192048311233521e-01, e: 1.2766972184181213e-02
#ERR  p: [765, 380], r: -5.7723444700241089e-01, e: 1.3597667217254639e-02
#ERR  p: [1449, 380], r: -2.9127287864685059e-01, e: 6.8605020642280579e-03
#ERR  p: [1413, 380], r: -3.0194091796875000e-01, e: 7.1122422814369202e-03
#ERR  p: [1323, 380], r: -3.3036419749259949e-01, e: 7.7815353870391846e-03
#ERR  p: [747, 380], r: -5.8774733543395996e-01, e: 1.3843044638633728e-02
#ERR  p: [423, 380], r: -8.1262898445129395e-01, e: 1.9142657518386841e-02
#ERR  p: [1485, 380], r: -2.8095543384552002e-01, e: 6.6185817122459412e-03
#ERR  p: [1287, 380], r: -3.4248840808868408e-01, e: 8.0674737691879272e-03
#ERR  p: [1359, 380], r: -3.1868797540664673e-01, e: 7.5068250298500061e-03
#ERR  p: [621, 380], r: -6.6658461093902588e-01, e: 1.5701919794082642e-02
#ERR  p: [657, 380], r: -6.4308321475982666e-01, e: 1.5146896243095398e-02
#ERR  p: [1332, 380], r: -3.2739412784576416e-01, e: 7.7123939990997314e-03
#ERR  p: [1053, 380], r: -4.3279299139976501e-01, e: 1.0194852948188782e-02
#ERR  p: [1215, 381], r: 8.6617171764373779e-03, e: 8.6767300963401794e-03
#ERR  p: [630, 380], r: -6.6067636013031006e-01, e: 1.5562191605567932e-02
#ERR  p: [1935, 380], r: -1.7914262413978577e-01, e: 4.2200423777103424e-03
#ERR  p: [2024, 381], r: 3.8572661578655243e-03, e: 3.8639679551124573e-03
#ERR  p: [1944, 380], r: -1.7756055295467377e-01, e: 4.1819214820861816e-03
#ERR  p: [1791, 380], r: -2.0689593255519867e-01, e: 4.8731155693531036e-03
#ERR  p: [864, 380], r: -5.2286922931671143e-01, e: 1.2313827872276306e-02
#ERR  p: [1305, 380], r: -3.3639371395111084e-01, e: 7.9230964183807373e-03
#ERR  p: [1062, 380], r: -4.2889004945755005e-01, e: 1.0102435946464539e-02
#ERR  p: [1863, 380], r: -1.9252745807170868e-01, e: 4.5347400009632111e-03
#ERR  p: [729, 380], r: -5.9839808940887451e-01, e: 1.4095410704612732e-02
#ERR  p: [873, 380], r: -5.1811867952346802e-01, e: 1.2205049395561218e-02
#ERR  p: [837, 380], r: -5.3717374801635742e-01, e: 1.2651473283767700e-02
#ERR  p: [909, 380], r: -4.9980688095092773e-01, e: 1.1771485209465027e-02
#ERR  p: [414, 380], r: -8.1985694169998169e-01, e: 1.9313007593154907e-02
#ERR  p: [1422, 380], r: -2.9921251535415649e-01, e: 7.0485994219779968e-03
#ERR  p: [900, 380], r: -5.0435829162597656e-01, e: 1.1880546808242798e-02
#ERR  p: [1494, 380], r: -2.7845421433448792e-01, e: 6.5586715936660767e-03
#ERR  p: [1620, 380], r: -2.4549566209316254e-01, e: 5.7827532291412354e-03
#ERR  p: [1593, 380], r: -2.5218310952186584e-01, e: 5.9402659535408020e-03
#ERR  p: [1557, 380], r: -2.6142898201942444e-01, e: 6.1590448021888733e-03
#ERR  p: [1566, 380], r: -2.5913995504379272e-01, e: 6.1025097966194153e-03
#ERR  p: [1854, 380], r: -1.9426089525222778e-01, e: 4.5753940939903259e-03
#ERR  p: [370, 379], r: 9.9047708511352539e-01, e: 9.9108344316482544e-01
#ERR  p: [882, 380], r: -5.1348268985748291e-01, e: 1.2095540761947632e-02
#ERR  p: [855, 380], r: -5.2756464481353760e-01, e: 1.2427344918251038e-02
#ERR  p: [648, 380], r: -6.4889150857925415e-01, e: 1.5284538269042969e-02
#ERR  p: [783, 380], r: -5.6693440675735474e-01, e: 1.3354673981666565e-02
#ERR  p: [756, 380], r: -5.8246910572052002e-01, e: 1.3719022274017334e-02
#ERR  p: [549, 380], r: -7.1641623973846436e-01, e: 1.6874119639396667e-02
#ERR  p: [1683, 380], r: -2.3049202561378479e-01, e: 5.4289177060127258e-03
#ERR  p: [379, 379], r: 1.7782954499125481e-02, e: 1.9981026649475098e-02
#ERR  p: [1692, 380], r: -2.2841358184814453e-01, e: 5.3808614611625671e-03
#ERR  p: [432, 380], r: -8.0526316165924072e-01, e: 1.8967568874359131e-02
#ERR  p: [540, 380], r: -7.2284948825836182e-01, e: 1.7027065157890320e-02
#ERR  p: [1584, 380], r: -2.5450208783149719e-01, e: 5.9943273663520813e-03
#ERR  p: [1800, 380], r: -2.0503711700439453e-01, e: 4.8298239707946777e-03
#ERR  p: [1269, 381], r: 8.2066059112548828e-03, e: 8.2208290696144104e-03
#ERR  p: [810, 380], r: -5.5185109376907349e-01, e: 1.2998014688491821e-02
#ERR  p: [1773, 380], r: -2.1066503226757050e-01, e: 4.9619860947132111e-03
#ERR  p: [1728, 380], r: -2.2034133970737457e-01, e: 5.1902495324611664e-03
#ERR  p: [1755, 380], r: -2.1448166668415070e-01, e: 5.0520114600658417e-03
#ERR  p: [1611, 380], r: -2.4769124388694763e-01, e: 5.8352053165435791e-03
#ERR  p: [567, 380], r: -7.0354235172271729e-01, e: 1.6573593020439148e-02
#ERR  p: [1719, 380], r: -2.2236287593841553e-01, e: 5.2368044853210449e-03
#ERR  p: [450, 380], r: -7.9094755649566650e-01, e: 1.8631398677825928e-02
#ERR  p: [1746, 380], r: -2.1639102697372437e-01, e: 5.0975754857063293e-03
#ERR  p: [1989, 381], r: 3.9947964251041412e-03, e: 4.0017031133174896e-03
#ERR  p: [2040, 381], r: 3.7961117923259735e-03, e: 3.8026869297027588e-03
#ERR  p: [1251, 381], r: 8.3556622266769409e-03, e: 8.3701238036155701e-03
#ERR  p: [1467, 380], r: -2.8608128428459167e-01, e: 6.7381858825683594e-03
#ERR  p: [1260, 380], r: -3.5184729099273682e-01, e: 8.2885101437568665e-03
#ERR  p: [1089, 380], r: -4.1743868589401245e-01, e: 9.8335593938827515e-03
#ERR  p: [1386, 380], r: -3.1020981073379517e-01, e: 7.3068737983703613e-03
#ERR  p: [576, 380], r: -6.9729459285736084e-01, e: 1.6425013542175293e-02
#ERR  p: [1368, 380], r: -3.1585198640823364e-01, e: 7.4399635195732117e-03
#ERR  p: [396, 380], r: -8.3485591411590576e-01, e: 1.9663915038108826e-02
#ERR  p: [1458, 380], r: -2.8863859176635742e-01, e: 6.7987069487571716e-03
#ERR  p: [1656, 380], r: -2.3684389889240265e-01, e: 5.5782720446586609e-03
#ERR  p: [1107, 380], r: -4.0997979044914246e-01, e: 9.6580013632774353e-03
#ERR  p: [963, 380], r: -4.7348231077194214e-01, e: 1.1154145002365112e-02
#ERR  p: [936, 380], r: -4.8648726940155029e-01, e: 1.1459589004516602e-02
#ERR  p: [1377, 380], r: -3.1300792098045349e-01, e: 7.3732584714889526e-03
#ERR  p: [1476, 380], r: -2.8351056575775146e-01, e: 6.6776499152183533e-03
#ERR  p: [738, 380], r: -5.9296369552612305e-01, e: 1.3970360159873962e-02
#ERR  p: [1395, 380], r: -3.0744946002960205e-01, e: 7.2408542037010193e-03
#ERR  p: [531, 380], r: -7.2942978143692017e-01, e: 1.7180502414703369e-02
#ERR  p: [666, 380], r: -6.3734316825866699e-01, e: 1.5011414885520935e-02
#ERR  p: [891, 380], r: -5.0892812013626099e-01, e: 1.1987775564193726e-02
#ERR  p: [693, 380], r: -6.2030351161956787e-01, e: 1.4612033963203430e-02
#ERR  p: [639, 380], r: -6.5476286411285400e-01, e: 1.5422254800796509e-02
#ERR  p: [702, 380], r: -6.1481326818466187e-01, e: 1.4480695128440857e-02
#ERR  p: [720, 380], r: -6.0375779867172241e-01, e: 1.4223560690879822e-02
#ERR  p: [612, 380], r: -6.7264711856842041e-01, e: 1.5845224261283875e-02
#ERR  p: [1197, 381], r: 8.8192522525787354e-03, e: 8.8345333933830261e-03
#ERR  p: [594, 380], r: -6.8479931354522705e-01, e: 1.6131594777107239e-02
#ERR  p: [585, 380], r: -6.9103002548217773e-01, e: 1.6277238726615906e-02
#ERR  p: [1071, 380], r: -4.2509227991104126e-01, e: 1.0012343525886536e-02
#ERR  p: [954, 380], r: -4.7782015800476074e-01, e: 1.1255607008934021e-02
#ERR  p: [1044, 380], r: -4.3668758869171143e-01, e: 1.0287307202816010e-02
#ERR  p: [792, 380], r: -5.6184470653533936e-01, e: 1.3233438134193420e-02
#ERR  p: [1341, 380], r: -3.2447737455368042e-01, e: 7.6432377099990845e-03
#ERR  p: [819, 380], r: -5.4684704542160034e-01, e: 1.2881517410278320e-02
#ERR  p: [1629, 380], r: -2.4329569935798645e-01, e: 5.7303532958030701e-03
#ERR  p: [918, 380], r: -4.9533557891845703e-01, e: 1.1668443679809570e-02
#ERR  p: [990, 380], r: -4.6087586879730225e-01, e: 1.0856360197067261e-02
#ERR  p: [1665, 380], r: -2.3469479382038116e-01, e: 5.5278167128562927e-03
#ERR  p: [1503, 380], r: -2.7595883607864380e-01, e: 6.4999461174011230e-03
#ERR  p: [1647, 380], r: -2.3897317051887512e-01, e: 5.6280493736267090e-03
#ERR  p: [1512, 380], r: -2.7353239059448242e-01, e: 6.4415931701660156e-03
#ERR  p: [972, 380], r: -4.6926361322402954e-01, e: 1.1054620146751404e-02
#ERR  p: [1674, 380], r: -2.3259988427162170e-01, e: 5.4786577820777893e-03
#ERR  p: [1539, 380], r: -2.6617720723152161e-01, e: 6.2700733542442322e-03
#ERR  p: [999, 380], r: -4.5683899521827698e-01, e: 1.0759800672531128e-02
#ERR  p: [1602, 380], r: -2.4995777010917664e-01, e: 5.8872476220130920e-03
#ERR  p: [774, 380], r: -5.7204663753509521e-01, e: 1.3473674654960632e-02
#ERR  p: [1710, 380], r: -2.2436046600341797e-01, e: 5.2840411663055420e-03
#ERR  p: [675, 380], r: -6.3158923387527466e-01, e: 1.4876663684844971e-02
#ERR  p: [603, 380], r: -6.7872208356857300e-01, e: 1.5987217426300049e-02
#ERR  p: [1035, 380], r: -4.4065532088279724e-01, e: 1.0379433631896973e-02
#ERR  p: [1008, 380], r: -4.5267832279205322e-01, e: 1.0663226246833801e-02
#ERR  p: [558, 380], r: -7.0991903543472290e-01, e: 1.6722604632377625e-02
#ERR  p: [1530, 380], r: -2.6861858367919922e-01, e: 6.3268542289733887e-03
#ERR  p: [684, 380], r: -6.2594300508499146e-01, e: 1.4744654297828674e-02
#ERR  p: [1548, 380], r: -2.6380622386932373e-01, e: 6.2138736248016357e-03
#ERR  p: [1188, 381], r: 8.8996440172195435e-03, e: 8.9150294661521912e-03
#ERR  p: [1575, 380], r: -2.5677111744880676e-01, e: 6.0490071773529053e-03
#ERR  p: [1170, 381], r: 9.0607404708862305e-03, e: 9.0764462947845459e-03
#ERR  p: [1845, 381], r: 4.6131163835525513e-03, e: 4.6210810542106628e-03
#ERR  p: [1827, 381], r: 4.6968832612037659e-03, e: 4.7050192952156067e-03
#ERR  p: [1179, 381], r: 8.9801251888275146e-03, e: 8.9956894516944885e-03
#ERR  p: [2007, 381], r: 3.9234794676303864e-03, e: 3.9302706718444824e-03
#ERR  p: [1134, 381], r: 9.3931406736373901e-03, e: 9.4093754887580872e-03
#ERR  p: [2032, 382], r: 3.8079805672168732e-03, e: 3.8372613489627838e-03
#ERR  p: [1224, 381], r: 8.5848718881607056e-03, e: 8.5997432470321655e-03
#ERR  p: [1998, 381], r: 3.9585344493389130e-03, e: 3.9653852581977844e-03
#ERR  p: [1440, 381], r: 6.9169551134109497e-03, e: 6.9289281964302063e-03
#ERR  p: [1206, 382], r: 8.6984857916831970e-03, e: 8.7653622031211853e-03
#ERR  p: [1161, 382], r: 9.0986192226409912e-03, e: 9.1685503721237183e-03
#ERR  p: [1917, 381], r: 4.2935907840728760e-03, e: 4.3010227382183075e-03
#ERR  p: [1485, 381], r: 6.6122040152549744e-03, e: 6.6236406564712524e-03
#ERR  p: [441, 381], r: 1.8783390522003174e-02, e: 1.8815889954566956e-02
#ERR  p: [1971, 381], r: 4.0673166513442993e-03, e: 4.0743760764598846e-03
#ERR  p: [1962, 381], r: 4.1037425398826599e-03, e: 4.1108652949333191e-03
#ERR  p: [1125, 381], r: 9.4785839319229126e-03, e: 9.4950199127197266e-03
#ERR  p: [945, 381], r: 1.1347189545631409e-02, e: 1.1366799473762512e-02
#ERR  p: [1782, 381], r: 4.9135312438011169e-03, e: 4.9220174551010132e-03
#ERR  p: [1242, 381], r: 8.4310770034790039e-03, e: 8.4456801414489746e-03
#ERR  p: [1953, 381], r: 4.1413903236389160e-03, e: 4.1485726833343506e-03
#ERR  p: [1872, 381], r: 4.4907405972480774e-03, e: 4.4984966516494751e-03
#ERR  p: [1233, 382], r: 8.4664076566696167e-03, e: 8.5315555334091187e-03
#ERR  p: [1116, 381], r: 9.5637589693069458e-03, e: 9.5803290605545044e-03
#ERR  p: [1881, 381], r: 4.4496133923530579e-03, e: 4.4573172926902771e-03
#ERR  p: [1152, 381], r: 9.2259794473648071e-03, e: 9.2419385910034180e-03
#ERR  p: [1143, 381], r: 9.3079805374145508e-03, e: 9.3241408467292786e-03
#ERR  p: [2016, 382], r: 3.8692504167556763e-03, e: 3.8990192115306854e-03
#ERR  p: [981, 381], r: 1.0946452617645264e-02, e: 1.0965496301651001e-02
#ERR  p: [513, 381], r: 1.7477929592132568e-02, e: 1.7508268356323242e-02
#ERR  p: [1890, 381], r: 4.4106766581535339e-03, e: 4.4183135032653809e-03
#ERR  p: [1278, 381], r: 8.1335976719856262e-03, e: 8.1476718187332153e-03
#ERR  p: [1899, 381], r: 4.3709948658943176e-03, e: 4.3785683810710907e-03
#ERR  p: [927, 381], r: 1.1553257703781128e-02, e: 1.1573225259780884e-02
#ERR  p: [1026, 381], r: 1.0464489459991455e-02, e: 1.0482639074325562e-02
#ERR  p: [1908, 381], r: 4.3318048119544983e-03, e: 4.3393038213253021e-03
#ERR  p: [405, 381], r: 1.9472450017929077e-02, e: 1.9506186246871948e-02
#ERR  p: [1809, 381], r: 4.7826543450355530e-03, e: 4.7909207642078400e-03
#ERR  p: [1818, 381], r: 4.7396942973136902e-03, e: 4.7479085624217987e-03
#ERR  p: [522, 381], r: 1.7321377992630005e-02, e: 1.7351433634757996e-02
#ERR  p: [387, 381], r: 1.9826442003250122e-02, e: 1.9860744476318359e-02
#ERR  p: [1638, 381], r: 5.6745260953903198e-03, e: 5.6843608617782593e-03
#ERR  p: [1980, 381], r: 4.0308907628059387e-03, e: 4.0378831326961517e-03
#ERR  p: [486, 381], r: 1.7957061529159546e-02, e: 1.7988145351409912e-02
#ERR  p: [477, 381], r: 1.8120259046554565e-02, e: 1.8151670694351196e-02
#ERR  p: [459, 381], r: 1.8449217081069946e-02, e: 1.8481224775314331e-02
#ERR  p: [495, 381], r: 1.7796158790588379e-02, e: 1.7826974391937256e-02
#ERR  p: [1926, 381], r: 4.2549744248390198e-03, e: 4.2623504996299744e-03
#ERR  p: [468, 381], r: 1.8283426761627197e-02, e: 1.8315151333808899e-02
#ERR  p: [1701, 381], r: 5.3281560540199280e-03, e: 5.3373798727989197e-03
#ERR  p: [1080, 381], r: 9.9151134490966797e-03, e: 9.9322795867919922e-03
#ERR  p: [846, 381], r: 1.2527838349342346e-02, e: 1.2549564242362976e-02
#ERR  p: [1764, 381], r: 5.0027370452880859e-03, e: 5.0114169716835022e-03
#ERR  p: [1296, 381], r: 7.9881846904754639e-03, e: 8.0020427703857422e-03
#ERR  p: [1836, 381], r: 4.6554654836654663e-03, e: 4.6635270118713379e-03
#ERR  p: [1737, 381], r: 5.1394626498222351e-03, e: 5.1483809947967529e-03
#ERR  p: [1017, 381], r: 1.0558903217315674e-02, e: 1.0577246546745300e-02
#ERR  p: [1521, 381], r: 6.3788369297981262e-03, e: 6.3899084925651550e-03
#ERR  p: [1431, 381], r: 6.9793537259101868e-03, e: 6.9914460182189941e-03
#ERR  p: [1314, 381], r: 7.8466832637786865e-03, e: 7.8602880239486694e-03
#ERR  p: [1404, 381], r: 7.1709007024765015e-03, e: 7.1833059191703796e-03
#ERR  p: [504, 381], r: 1.7636060714721680e-02, e: 1.7666608095169067e-02
#ERR  p: [1098, 381], r: 9.7369849681854248e-03, e: 9.7538828849792480e-03
#ERR  p: [747, 381], r: 1.3832032680511475e-02, e: 1.3856023550033569e-02
#ERR  p: [1323, 381], r: 7.7755078673362732e-03, e: 7.7889636158943176e-03
#ERR  p: [711, 381], r: 1.4339104294776917e-02, e: 1.4363944530487061e-02
#ERR  p: [801, 381], r: 1.3104692101478577e-02, e: 1.3127371668815613e-02
#ERR  p: [765, 381], r: 1.3584643602371216e-02, e: 1.3608232140541077e-02
#ERR  p: [1350, 381], r: 7.5681954622268677e-03, e: 7.5813233852386475e-03
#ERR  p: [828, 381], r: 1.2755721807479858e-02, e: 1.2777775526046753e-02
#ERR  p: [1332, 381], r: 7.7060610055923462e-03, e: 7.7194646000862122e-03
#ERR  p: [1449, 381], r: 6.8546682596206665e-03, e: 6.8665742874145508e-03
#ERR  p: [1413, 381], r: 7.1063786745071411e-03, e: 7.1186572313308716e-03
#ERR  p: [1053, 381], r: 1.0185331106185913e-02, e: 1.0202959179878235e-02
#ERR  p: [657, 381], r: 1.5134990215301514e-02, e: 1.5161186456680298e-02
#ERR  p: [1359, 381], r: 7.5006932020187378e-03, e: 7.5136572122573853e-03
#ERR  p: [423, 381], r: 1.9123375415802002e-02, e: 1.9156515598297119e-02
#ERR  p: [1287, 381], r: 8.0602243542671204e-03, e: 8.0741941928863525e-03
#ERR  p: [621, 381], r: 1.5689671039581299e-02, e: 1.5716880559921265e-02
#ERR  p: [1215, 382], r: 8.6201727390289307e-03, e: 8.6864307522773743e-03
#ERR  p: [630, 381], r: 1.5549689531326294e-02, e: 1.5576601028442383e-02
#ERR  p: [864, 381], r: 1.2306198477745056e-02, e: 1.2327507138252258e-02
#ERR  p: [1935, 381], r: 4.2166337370872498e-03, e: 4.2239353060722351e-03
#ERR  p: [2024, 382], r: 3.8384795188903809e-03, e: 3.8679800927639008e-03
#ERR  p: [1944, 381], r: 4.1786432266235352e-03, e: 4.1858889162540436e-03
#ERR  p: [1791, 381], r: 4.8696398735046387e-03, e: 4.8780739307403564e-03
#ERR  p: [1305, 381], r: 7.9170092940330505e-03, e: 7.9307481646537781e-03
#ERR  p: [1062, 381], r: 1.0094672441482544e-02, e: 1.0112151503562927e-02
#ERR  p: [1863, 381], r: 4.5315250754356384e-03, e: 4.5393556356430054e-03
#ERR  p: [873, 381], r: 1.2194231152534485e-02, e: 1.2215331196784973e-02
#ERR  p: [729, 381], r: 1.4082416892051697e-02, e: 1.4106750488281250e-02
#ERR  p: [837, 381], r: 1.2641549110412598e-02, e: 1.2663438916206360e-02
#ERR  p: [909, 381], r: 1.1764273047447205e-02, e: 1.1784687638282776e-02
#ERR  p: [414, 381], r: 1.9299298524856567e-02, e: 1.9332706928253174e-02
#ERR  p: [1422, 381], r: 7.0426240563392639e-03, e: 7.0548281073570251e-03
#ERR  p: [1494, 381], r: 6.5532699227333069e-03, e: 6.5645948052406311e-03
#ERR  p: [900, 381], r: 1.1869311332702637e-02, e: 1.1889874935150146e-02
#ERR  p: [1620, 381], r: 5.7772994041442871e-03, e: 5.7873204350471497e-03
#ERR  p: [1593, 381], r: 5.9364214539527893e-03, e: 5.9467181563377380e-03
#ERR  p: [1557, 381], r: 6.1528086662292480e-03, e: 6.1634778976440430e-03
#ERR  p: [1566, 381], r: 6.0983374714851379e-03, e: 6.1088725924491882e-03
#ERR  p: [1854, 381], r: 4.5721009373664856e-03, e: 4.5800134539604187e-03
#ERR  p: [855, 381], r: 1.2415856122970581e-02, e: 1.2437328696250916e-02
#ERR  p: [648, 381], r: 1.5271559357643127e-02, e: 1.5298038721084595e-02
#ERR  p: [882, 381], r: 1.2085109949111938e-02, e: 1.2106046080589294e-02
#ERR  p: [783, 381], r: 1.3343736529350281e-02, e: 1.3366848230361938e-02
#ERR  p: [756, 381], r: 1.3707950711250305e-02, e: 1.3731643557548523e-02
#ERR  p: [549, 381], r: 1.6859889030456543e-02, e: 1.6889095306396484e-02
#ERR  p: [1683, 381], r: 5.4252073168754578e-03, e: 5.4346248507499695e-03
#ERR  p: [379, 380], r: 1.1223977804183960e+00, e: 9.9892514944076538e-01
#ERR  p: [371, 379], r: 9.9177587032318115e-01, e: 9.9198985099792480e-01
#SDC Ite:0 KerTime:22.793395 AccTime:22.793395 KerErr:2771429 AccErr:2771429
#ABORT too many errors per iteration
#END