2017-01-26 06:17:27:Starting flip_value script
2017-01-26 06:17:27:Initialization strings:
2017-01-26 06:17:27:(1) target extended-remote | ssh -T mic0 gdbserver --multi -
2017-01-26 06:17:27:(2) set sysroot /opt/mpss/3.7/sysroots/k1om-mpss-linux/
2017-01-26 06:17:27:(3) set sysroot /opt/mpss/3.7/sysroots/k1om-mpss-linux/
2017-01-26 06:17:27:(4) file /micNfs/gdb-fault-injection/injector/bin/lud/lud_check
2017-01-26 06:17:27:(5) set remote exec-file /micNfs/gdb-fault-injection/injector/bin/lud/lud_check
2017-01-26 06:17:27:(6) set args -s 2048 -n 228 -i /micNfs/gdb-fault-injection/injector/bin/lud/input_2048_th_228 -g /micNfs/gdb-fault-injection/injector/bin/lud/gold_2048_th_228
2017-01-26 06:17:27:initSignal:6
2017-01-26 06:17:27:endSignal:8
2017-01-26 06:17:27:seqSignal:30
2017-01-26 06:17:34:Trying Fault Injection
2017-01-26 06:17:34:Inferior PID: 141239
2017-01-26 06:17:34:Inferior is valid: True
2017-01-26 06:17:35:Inferior #threads: 229
2017-01-26 06:17:35:Backtrace BEGIN:
2017-01-26 06:17:35:#0  __GI___waitpid (pid=141478, stat_loc=stat_loc@entry=0x7fffffffe4d8, options=options@entry=0) at ../sysdeps/unix/sysv/linux/waitpid.c:40
#1  0x00007ffff710f41b in do_system (line=<optimized out>) at ../sysdeps/posix/system.c:148
#2  0x0000000000404fad in update_timestamp () at ../include/log_helper.c:107
#3  0x0000000000405f16 in log_error_count (kernel_errors=0) at ../include/log_helper.c:369
#4  0x0000000000402def in main (argc=9, argv=0x7fffffffec08) at lud_check.c:149

2017-01-26 06:17:35:35	in ../sysdeps/unix/sysv/linux/waitpid.c

2017-01-26 06:17:35:Backtrace END
2017-01-26 06:17:38:Thread name: None
2017-01-26 06:17:38:Thread num: 1
2017-01-26 06:17:38:Thread ptid: (141239, 141239, 0)
2017-01-26 06:17:38:bitFlip function
2017-01-26 06:17:38:Type: The type is an integer type.
2017-01-26 06:17:38:Type sizeof: 4
2017-01-26 06:17:38:Mem contents(hex):0x000x000x000x00
2017-01-26 06:17:38:base address to flip value: 0x60bd40 
2017-01-26 06:17:38:address max offset: 4
2017-01-26 06:17:38:Memory content before bitflip:0x000x000x000x00
2017-01-26 06:17:38:Memory content after  bitflip:0x000x000x200x00
2017-01-26 06:17:38:Mem contents(hex):0x000x000x200x00
2017-01-26 06:17:38:frame name: update_timestamp
2017-01-26 06:17:38:symbol name: log_error_detail_count
2017-01-26 06:17:38:symbol filename: ../include/log_helper.c
2017-01-26 06:17:38:symbol line: 50
2017-01-26 06:17:38:value: 2097152
2017-01-26 06:17:38:value address: 0x60bd40 <log_error_detail_count>
2017-01-26 06:17:38:Type: The type is an integer type.
2017-01-26 06:17:38:Type sizeof: 4
2017-01-26 06:17:38:Fault Injection Successful after 11.4391698837s
2017-01-26 06:17:38:Fault Already Injected
2017-01-26 06:17:38:Fault Already Injected
2017-01-26 06:17:39:Fault Already Injected
2017-01-26 06:17:39:event type: exit
2017-01-26 06:17:39:exit code: 0
