2016-10-16 02:51:38:Initialization strings:
2016-10-16 02:51:39:(1) target extended-remote | ssh -T mic0 gdbserver --multi -
2016-10-16 02:51:39:(2) set sysroot /opt/mpss/3.7/sysroots/k1om-mpss-linux/
2016-10-16 02:51:39:(3) set sysroot /opt/mpss/3.7/sysroots/k1om-mpss-linux/
2016-10-16 02:51:39:(4) file /micNfs/gdb-fault-injection-hotspot/bin/hotspot_check
2016-10-16 02:51:39:(5) set remote exec-file /micNfs/gdb-fault-injection-hotspot/bin/hotspot_check
2016-10-16 02:51:39:(6) set args 1024 1024 2000 228 /micNfs/gdb-fault-injection-hotspot/bin/temp_1024 /micNfs/gdb-fault-injection-hotspot/bin/power_1024 /micNfs/gdb-fault-injection-hotspot/bin/GOLD_1024-2000-228
2016-10-16 02:51:40:Trying Fault Injection
2016-10-16 02:51:40:Backtrace BEGIN:
2016-10-16 02:51:40:#0  0x000000000040175c in read_input (vect=<optimized out>, grid_rows=<optimized out>, grid_cols=-160649200, file=<optimized out>) at hotspot_check.c:200
#1  main (argc=-7552, argv=0x0) at hotspot_check.c:264

2016-10-16 02:51:40:195	
196	    fp = fopen (file, "r");
197	    if (!fp)
198	        fatal ("file could not be opened for reading");
199	
200	    for (i=0; i < grid_rows * grid_cols; i++) {
201	        if (fgets(str, STR_SIZE, fp) == NULL) {
202	            fatal("fgets error");
203	        }
204	        if (feof(fp))

2016-10-16 02:51:40:Backtrace END
2016-10-16 02:51:40:Type: The type is an array.
2016-10-16 02:51:40:Type sizeof: 256
2016-10-16 02:51:40:Fliping array at pos: 63
2016-10-16 02:51:40:Type: The type is an integer type.
2016-10-16 02:51:40:Type sizeof: 1
2016-10-16 02:51:40:Mem contents(hex):0xa5
2016-10-16 02:51:40:base address to flip value: 0x7fffffffe7b9 
2016-10-16 02:51:40:address max offset: 1
2016-10-16 02:51:40:Memory content before bitflip:0xa5
2016-10-16 02:51:40:Memory content after  bitflip:0xa4
2016-10-16 02:51:40:Mem contents(hex):0xa4
2016-10-16 02:51:40:frame name: read_input
2016-10-16 02:51:40:symbol name: str
2016-10-16 02:51:40:symbol filename: hotspot_check.c
2016-10-16 02:51:40:symbol line: 193
2016-10-16 02:51:40:value: "324.671493\n\000\000\000\020`\336\367\377\177\000\000\f\000\000\000\000\000\000\000\220\325\335\367\377\177\000\000\330\331\377\367\377\177\000\000\070\350\377\377\377\177\000\000\064\350\377\377\377\177\000\000\251\244B\000\000\000\000\000\070L\r\367\377\177\000\000H/\016\367\377\177\000\000U\251\245B\000\000\000\000\310L\r\367\377\177\000\000\070\350\377\377\377\177\000\000\245\226\n\001\000\000\000\000\025\000\000\000\000\000\000\000\020\351\377\377\377\177\000\000\220\325\335\367\377\177\000\000\064\350\377\377\377\177\000\000\000\351\377\377\377\177\000\000\060\206\377\367\377\177\000\000\b\000\000\000\000\000\000\000\034\327\354\366\000\000\000\000.(\274<", '\000' <repeats 12 times>, "\230\350"...
2016-10-16 02:51:40:value address: 0x7fffffffe77a
2016-10-16 02:51:40:Type: The type is an array.
2016-10-16 02:51:40:Type sizeof: 256
2016-10-16 02:51:40:Field name: None
2016-10-16 02:51:40:Field Type:
2016-10-16 02:51:40:Type: A range type, that is, an integer type with bounds.
2016-10-16 02:51:40:Type sizeof: 1
2016-10-16 02:51:40:Type range: (0L, 255L)
2016-10-16 02:51:40:Fault Injection Successful after 1.82696604729s
2016-10-16 02:51:42:Fault Already Injected
2016-10-16 02:51:44:Fault Already Injected
2016-10-16 02:51:45:Fault Already Injected
2016-10-16 02:51:45:Fault Already Injected
2016-10-16 02:51:47:Fault Already Injected
2016-10-16 02:51:47:Fault Already Injected
2016-10-16 02:51:49:Fault Already Injected
2016-10-16 02:51:51:Fault Already Injected
2016-10-16 02:51:53:Fault Already Injected
2016-10-16 02:51:54:event type: exit
2016-10-16 02:51:54:exit code: 0
