2016-10-25 14:46:48:Starting GDB script
2016-10-25 14:46:49:sending signal using command: 'ssh -T mic0 killall -2 lud_check' after 0.746205149497s
2016-10-25 14:46:49:shell stdout: 
2016-10-25 14:46:50:sending signal using command: 'ssh -T mic0 killall -2 lud_check' after 1.46852718902s
2016-10-25 14:46:50:shell stdout: 
2016-10-25 14:46:50:sending signal using command: 'ssh -T mic0 killall -2 lud_check' after 1.54619581116s
2016-10-25 14:46:50:shell stdout: 
2016-10-25 14:46:51:sending signal using command: 'ssh -T mic0 killall -2 lud_check' after 2.59362761962s
2016-10-25 14:46:51:shell stdout: 
2016-10-25 14:46:52:sending signal using command: 'ssh -T mic0 killall -2 lud_check' after 3.03661549388s
2016-10-25 14:46:52:shell stdout: 
2016-10-25 14:46:54:sending signal using command: 'ssh -T mic0 killall -2 lud_check' after 4.69577277992s
2016-10-25 14:46:54:shell stdout: 
2016-10-25 14:46:54:sending signal using command: 'ssh -T mic0 killall -2 lud_check' after 5.21038655111s
2016-10-25 14:46:54:shell stdout: 
2016-10-25 14:46:54:sending signal using command: 'ssh -T mic0 killall -2 lud_check' after 5.73852509225s
2016-10-25 14:46:54:shell stdout: 
2016-10-25 14:46:55:sending signal using command: 'ssh -T mic0 killall -2 lud_check' after 6.29803575763s
2016-10-25 14:46:55:shell stdout: 
2016-10-25 14:46:55:sending signal using command: 'ssh -T mic0 killall -2 lud_check' after 6.66094994373s
2016-10-25 14:46:55:shell stdout: 
2016-10-25 14:47:04:no gdbExecName running, out:
2016-10-25 14:47:04:checCmd:ps -e | grep -i gdb-mic
2016-10-25 14:47:04:finished now-timestampStart < maxWaitTime*5
2016-10-25 14:47:04:now: 1477421224
2016-10-25 14:47:04:timestampStart: 1477421208
2016-10-25 14:47:04:kill cmd: killall -9 gdb-mic
2016-10-25 14:47:04:shell stdout: 
2016-10-25 14:47:04:kill cmd: ssh -T mic0 killall -9 lud_check
2016-10-25 14:47:04:shell stdout: 
2016-10-25 14:47:04:kill cmd: ssh -T mic0 killall -9 gdbserver
2016-10-25 14:47:04:shell stdout: 
2016-10-25 14:47:05:kill cmd: ssh -T mic0 killall -9 sshd
2016-10-25 14:47:05:shell stdout: 
