2016-10-16 17:52:32:Initialization strings:
2016-10-16 17:52:32:(1) target extended-remote | ssh -T mic0 gdbserver --multi -
2016-10-16 17:52:32:(2) set sysroot /opt/mpss/3.7/sysroots/k1om-mpss-linux/
2016-10-16 17:52:32:(3) set sysroot /opt/mpss/3.7/sysroots/k1om-mpss-linux/
2016-10-16 17:52:32:(4) file /micNfs/gdb-fault-injection-hotspot/bin/hotspot_check
2016-10-16 17:52:32:(5) set remote exec-file /micNfs/gdb-fault-injection-hotspot/bin/hotspot_check
2016-10-16 17:52:32:(6) set args 1024 1024 2000 228 /micNfs/gdb-fault-injection-hotspot/bin/temp_1024 /micNfs/gdb-fault-injection-hotspot/bin/power_1024 /micNfs/gdb-fault-injection-hotspot/bin/GOLD_1024-2000-228
2016-10-16 17:52:34:Trying Fault Injection
2016-10-16 17:52:34:Backtrace BEGIN:
2016-10-16 17:52:34:#0  0x00007ffff713941c in __GI__IO_getline_info (fp=fp@entry=0x609b40, buf=buf@entry=0x7fffffffe77a "323.888694\n", n=<optimized out>, delim=delim@entry=10, extract_delim=extract_delim@entry=1, eof=eof@entry=0x0) at iogetline.c:116
#1  0x00007ffff7139498 in __GI__IO_getline (fp=fp@entry=0x609b40, buf=buf@entry=0x7fffffffe77a "323.888694\n", n=<optimized out>, delim=delim@entry=10, extract_delim=extract_delim@entry=1) at iogetline.c:38
#2  0x00007ffff7138312 in _IO_fgets (buf=0x7fffffffe77a "323.888694\n", n=<optimized out>, fp=0x609b40) at iofgets.c:56
#3  0x0000000000401712 in read_input (vect=<optimized out>, grid_rows=<optimized out>, grid_cols=-160649200, file=<optimized out>) at hotspot_check.c:201
#4  main (argc=-6267, argv=0xfffffffff7f136a2) at hotspot_check.c:264

2016-10-16 17:52:34:111	in iogetline.c

2016-10-16 17:52:34:Backtrace END
2016-10-16 17:52:34:Type: The type is an integer type.
2016-10-16 17:52:34:Type sizeof: 4
2016-10-16 17:52:34:Mem contents(hex):0x000x040x000x00
2016-10-16 17:52:34:base address to flip value: 0x7fffffffe604
2016-10-16 17:52:34:address max offset: 4
2016-10-16 17:52:34:Memory content before bitflip:0x000x040x000x00
2016-10-16 17:52:34:Memory content after  bitflip:0x800x040x000x00
2016-10-16 17:52:34:Mem contents(hex):0x800x040x000x00
2016-10-16 17:52:34:frame name: read_input
2016-10-16 17:52:34:symbol name: grid_cols
2016-10-16 17:52:34:symbol filename: hotspot_check.c
2016-10-16 17:52:34:symbol line: 229
2016-10-16 17:52:34:value: 1152
2016-10-16 17:52:34:value address: 0x7fffffffe604
2016-10-16 17:52:34:Type: The type is an integer type.
2016-10-16 17:52:34:Type sizeof: 4
2016-10-16 17:52:34:Fault Injection Successful after 2.95995998383s
2016-10-16 17:52:36:Fault Already Injected
2016-10-16 17:52:38:Fault Already Injected
2016-10-16 17:52:39:Fault Already Injected
2016-10-16 17:52:39:Fault Already Injected
2016-10-16 17:52:39:Fault Already Injected
2016-10-16 17:52:40:Fault Already Injected
2016-10-16 17:52:41:event type: exit
2016-10-16 17:52:41:exit code: 1
