2016-10-17 14:25:29:Initialization strings:
2016-10-17 14:25:29:(1) target extended-remote | ssh -T mic0 gdbserver --multi -
2016-10-17 14:25:29:(2) set sysroot /opt/mpss/3.7/sysroots/k1om-mpss-linux/
2016-10-17 14:25:29:(3) set sysroot /opt/mpss/3.7/sysroots/k1om-mpss-linux/
2016-10-17 14:25:29:(4) file /micNfs/gdb-fault-injection-lavamd/bin/lavamd
2016-10-17 14:25:29:(5) set remote exec-file /micNfs/gdb-fault-injection-lavamd/bin/lavamd
2016-10-17 14:25:29:(6) set args 228 15 /micNfs/gdb-fault-injection-lavamd/bin/input_distance_228_15 /micNfs/gdb-fault-injection-lavamd/bin/input_charges_228_15 /micNfs/gdb-fault-injection-lavamd/bin/output_gold_228_15 1
2016-10-17 14:25:30:Trying Fault Injection
2016-10-17 14:25:30:Inferior PID: 120528
2016-10-17 14:25:30:Inferior is valid: True
2016-10-17 14:25:30:Inferior #threads: 1
2016-10-17 14:25:30:Backtrace BEGIN:
2016-10-17 14:25:30:#0  0x00007ffff7138897 in __GI__IO_fread (buf=0x7ffff61a12f0, size=1, count=8, fp=0x60e1c0) at iofread.c:36
#1  0x00000000004021c3 in main (argc=7, argv=0x7fffffffec08) at main_check.c:148

2016-10-17 14:25:30:31	in iofread.c

2016-10-17 14:25:30:Backtrace END
2016-10-17 14:25:30:Thread name: None
2016-10-17 14:25:30:Thread num: 1
2016-10-17 14:25:30:Thread ptid: (120528, 120528, 0)
2016-10-17 14:25:30:bitFlip function
2016-10-17 14:25:30:Type: The type is a pointer.
2016-10-17 14:25:30:Type sizeof: 8
2016-10-17 14:25:30:Fliping a bit of the pointer
2016-10-17 14:25:30:Mem contents(hex):0xc00xe10x600x000x000x000x000x00
2016-10-17 14:25:30:base address to flip value: 0x7fffffffe950
2016-10-17 14:25:30:address max offset: 8
2016-10-17 14:25:30:Memory content before bitflip:0xc00xe10x600x000x000x000x000x00
2016-10-17 14:25:30:Memory content after  bitflip:0xc00xe10xe00x000x000x000x000x00
2016-10-17 14:25:30:Mem contents(hex):0xc00xe10xe00x000x000x000x000x00
2016-10-17 14:25:30:frame name: main
2016-10-17 14:25:30:symbol name: file
2016-10-17 14:25:30:symbol filename: main_check.c
2016-10-17 14:25:30:symbol line: 139
2016-10-17 14:25:30:value: 0x60e1c0
2016-10-17 14:25:30:value address: 0x7fffffffe950
2016-10-17 14:25:30:Type: The type is a pointer.
2016-10-17 14:25:30:Type sizeof: 8
2016-10-17 14:25:30:Fault Injection Successful after 1.53782296181s
2016-10-17 14:25:30:Fault Already Injected
2016-10-17 14:25:30:event type: exit
2016-10-17 14:25:30:exit code: no exit code available
