2016-11-02 05:03:16:sending signal using command: 'ssh -T mic0 killall -2 needle_check' after 7.94784020888s
2016-11-02 05:03:16:shell stdout: 
2016-11-02 05:03:16:sending signal using command: 'ssh -T mic0 killall -2 needle_check' after 8.07694163551s
2016-11-02 05:03:16:shell stdout: 
2016-11-02 05:03:17:sending signal using command: 'ssh -T mic0 killall -2 needle_check' after 9.12939752604s
2016-11-02 05:03:17:shell stdout: 
2016-11-02 05:03:17:sending signal using command: 'ssh -T mic0 killall -2 needle_check' after 9.39451422884s
2016-11-02 05:03:17:shell stdout: 
2016-11-02 05:03:17:sending signal using command: 'ssh -T mic0 killall -2 needle_check' after 9.5038258831s
2016-11-02 05:03:17:shell stdout: 
2016-11-02 05:03:18:sending signal using command: 'ssh -T mic0 killall -2 needle_check' after 10.2675162854s
2016-11-02 05:03:18:shell stdout: 
2016-11-02 05:03:20:sending signal using command: 'ssh -T mic0 killall -2 needle_check' after 12.6739392215s
2016-11-02 05:03:20:shell stdout: 
2016-11-02 05:03:20:Starting GDB script
2016-11-02 05:03:22:sending signal using command: 'ssh -T mic0 killall -2 needle_check' after 1.25857904017s
2016-11-02 05:03:22:shell stdout: 
2016-11-02 05:03:24:sending signal using command: 'ssh -T mic0 killall -2 needle_check' after 2.88350457811s
2016-11-02 05:03:24:shell stdout: 
2016-11-02 05:03:26:sending signal using command: 'ssh -T mic0 killall -2 needle_check' after 5.50622494176s
2016-11-02 05:03:26:shell stdout: 
2016-11-02 05:03:27:sending signal using command: 'ssh -T mic0 killall -2 needle_check' after 5.89484763113s
2016-11-02 05:03:27:shell stdout: 
2016-11-02 05:03:29:sending signal using command: 'ssh -T mic0 killall -2 needle_check' after 8.29724915789s
2016-11-02 05:03:29:shell stdout: 
2016-11-02 05:03:30:sending signal using command: 'ssh -T mic0 killall -2 needle_check' after 9.08243871135s
2016-11-02 05:03:30:shell stdout: 
2016-11-02 05:03:32:sending signal using command: 'ssh -T mic0 killall -2 needle_check' after 11.2135633076s
2016-11-02 05:03:32:shell stdout: 
2016-11-02 05:03:33:sending signal using command: 'ssh -T mic0 killall -2 needle_check' after 12.1104451125s
2016-11-02 05:03:33:shell stdout: 
2016-11-02 05:03:34:sending signal using command: 'ssh -T mic0 killall -2 needle_check' after 12.7843564164s
2016-11-02 05:03:34:shell stdout: 
2016-11-02 05:03:37:sending signal using command: 'ssh -T mic0 killall -2 needle_check' after 16.1471198509s
2016-11-02 05:03:37:shell stdout: 
2016-11-02 05:03:44:no gdbExecName running, out:
2016-11-02 05:03:44:checCmd:ps -e | grep -i gdb-mic
2016-11-02 05:03:44:finished now-timestampStart < maxWaitTime*5
2016-11-02 05:03:44:now: 1478077423
2016-11-02 05:03:44:timestampStart: 1478077400
2016-11-02 05:03:44:kill cmd: killall -9 gdb-mic
2016-11-02 05:03:44:shell stdout: 
2016-11-02 05:03:44:kill cmd: ssh -T mic0 killall -9 needle_check
2016-11-02 05:03:44:shell stdout: 
2016-11-02 05:03:44:kill cmd: ssh -T mic0 killall -9 gdbserver
2016-11-02 05:03:44:shell stdout: 
2016-11-02 05:03:45:kill cmd: ssh -T mic0 killall -9 sshd
2016-11-02 05:03:45:shell stdout: 
