2017-01-24 18:11:08:Starting GDB script
2017-01-24 18:11:08:initSignal:7.0
2017-01-24 18:11:08:endSignal:14.0
2017-01-24 18:11:08:seqSignal:15
2017-01-24 18:11:16:sending 15 signals using command: 'ssh -T mic1 killall -2 dgemm_check' after 7.2101799887s
2017-01-24 18:11:16:sending 15 signals using command: 'ssh -T mic1 killall -2 dgemm_check' after 7.79620848816s
2017-01-24 18:11:16:shell stdout: 
2017-01-24 18:11:17:shell stdout: 
2017-01-24 18:11:17:shell stdout: 
2017-01-24 18:11:17:shell stdout: 
2017-01-24 18:11:17:shell stdout: 
2017-01-24 18:11:18:shell stdout: 
2017-01-24 18:11:18:shell stdout: 
2017-01-24 18:11:18:shell stdout: 
2017-01-24 18:11:18:shell stdout: 
2017-01-24 18:11:18:sending 15 signals using command: 'ssh -T mic1 killall -2 dgemm_check' after 9.7664421226s
2017-01-24 18:11:18:shell stdout: 
2017-01-24 18:11:19:shell stdout: 
2017-01-24 18:11:19:shell stdout: 
2017-01-24 18:11:19:shell stdout: 
2017-01-24 18:11:19:shell stdout: 
2017-01-24 18:11:19:shell stdout: 
2017-01-24 18:11:19:shell stdout: 
2017-01-24 18:11:19:shell stdout: 
2017-01-24 18:11:19:shell stdout: 
2017-01-24 18:11:20:shell stdout: 
2017-01-24 18:11:20:shell stdout: 
2017-01-24 18:11:20:shell stdout: 
2017-01-24 18:11:20:shell stdout: 
2017-01-24 18:11:20:shell stdout: 
2017-01-24 18:11:20:shell stdout: 
2017-01-24 18:11:21:shell stdout: 
2017-01-24 18:11:21:shell stdout: 
2017-01-24 18:11:21:shell stdout: 
2017-01-24 18:11:21:shell stdout: 
2017-01-24 18:11:21:shell stdout: 
2017-01-24 18:11:21:shell stdout: 
2017-01-24 18:11:21:shell stdout: 
2017-01-24 18:11:21:shell stdout: 
2017-01-24 18:11:22:shell stdout: 
2017-01-24 18:11:22:shell stdout: 
2017-01-24 18:11:22:shell stdout: 
2017-01-24 18:11:22:shell stdout: 
2017-01-24 18:11:22:shell stdout: 
2017-01-24 18:11:22:shell stdout: 
2017-01-24 18:11:22:shell stdout: 
2017-01-24 18:11:23:shell stdout: 
2017-01-24 18:11:23:shell stdout: 
2017-01-24 18:11:23:shell stdout: 
2017-01-24 18:11:24:shell stdout: 
2017-01-24 18:11:24:shell stdout: 
2017-01-24 18:11:24:shell stdout: 
2017-01-24 18:13:56:no gdbExecName running, out:
2017-01-24 18:13:56:checCmd:ps -e | grep -i gdb-mic
2017-01-24 18:13:56:finished now-timestampStart < maxWaitTime*5
2017-01-24 18:13:56:now: 1485299627
2017-01-24 18:13:56:timestampStart: 1485299468
2017-01-24 18:13:56:kill cmd: killall -9 gdb-mic
2017-01-24 18:13:56:shell stdout: 
2017-01-24 18:13:57:kill cmd: ssh -T mic1 killall -9 dgemm_check
2017-01-24 18:13:57:shell stdout: 
2017-01-24 18:13:57:kill cmd: ssh -T mic1 killall -9 gdbserver
2017-01-24 18:13:57:shell stdout: 
2017-01-24 18:13:58:kill cmd: ssh -T mic1 killall -9 sshd
2017-01-24 18:13:58:shell stdout: 
