2017-01-23 16:25:36:Starting GDB script
2017-01-23 16:25:36:initSignal:4.0
2017-01-23 16:25:36:endSignal:6.0
2017-01-23 16:25:36:seqSignal:30
2017-01-23 16:25:41:sending 30 signals using command: 'ssh -T mic0 killall -2 lud_check' after 4.77433296817s
2017-01-23 16:25:41:sending 30 signals using command: 'ssh -T mic0 killall -2 lud_check' after 4.9258399375s
2017-01-23 16:25:41:sending 30 signals using command: 'ssh -T mic0 killall -2 lud_check' after 5.13075645578s
2017-01-23 16:25:42:shell stdout: 
2017-01-23 16:25:42:shell stdout: 
2017-01-23 16:25:42:shell stdout: 
2017-01-23 16:25:42:shell stdout: 
2017-01-23 16:25:42:shell stdout: 
2017-01-23 16:25:42:shell stdout: 
2017-01-23 16:25:43:shell stdout: 
2017-01-23 16:25:43:shell stdout: 
2017-01-23 16:25:43:shell stdout: 
2017-01-23 16:25:43:shell stdout: 
2017-01-23 16:25:43:shell stdout: 
2017-01-23 16:25:43:shell stdout: 
2017-01-23 16:25:44:shell stdout: 
2017-01-23 16:25:44:shell stdout: 
2017-01-23 16:25:44:shell stdout: 
2017-01-23 16:25:44:shell stdout: 
2017-01-23 16:25:44:shell stdout: 
2017-01-23 16:25:44:shell stdout: 
2017-01-23 16:25:45:shell stdout: 
2017-01-23 16:25:45:shell stdout: 
2017-01-23 16:25:45:shell stdout: 
2017-01-23 16:25:45:shell stdout: 
2017-01-23 16:25:45:shell stdout: 
2017-01-23 16:25:45:shell stdout: 
2017-01-23 16:25:45:shell stdout: 
2017-01-23 16:25:46:shell stdout: 
2017-01-23 16:25:46:shell stdout: 
2017-01-23 16:25:46:shell stdout: 
2017-01-23 16:25:46:shell stdout: 
2017-01-23 16:25:46:shell stdout: 
2017-01-23 16:25:46:shell stdout: 
2017-01-23 16:25:46:shell stdout: 
2017-01-23 16:25:46:shell stdout: 
2017-01-23 16:25:47:shell stdout: 
2017-01-23 16:25:47:shell stdout: 
2017-01-23 16:25:47:shell stdout: 
2017-01-23 16:25:47:shell stdout: 
2017-01-23 16:25:47:shell stdout: 
2017-01-23 16:25:47:shell stdout: 
2017-01-23 16:25:48:shell stdout: 
2017-01-23 16:25:48:shell stdout: 
2017-01-23 16:25:48:shell stdout: 
2017-01-23 16:25:48:shell stdout: 
2017-01-23 16:25:48:shell stdout: 
2017-01-23 16:25:48:shell stdout: 
2017-01-23 16:25:49:shell stdout: 
2017-01-23 16:25:49:shell stdout: 
2017-01-23 16:25:49:shell stdout: 
2017-01-23 16:25:49:shell stdout: 
2017-01-23 16:25:49:shell stdout: 
2017-01-23 16:25:49:shell stdout: 
2017-01-23 16:25:50:shell stdout: 
2017-01-23 16:25:50:shell stdout: 
2017-01-23 16:25:50:shell stdout: 
2017-01-23 16:25:50:shell stdout: 
2017-01-23 16:25:50:shell stdout: 
2017-01-23 16:25:50:shell stdout: 
2017-01-23 16:25:51:shell stdout: 
2017-01-23 16:25:51:shell stdout: 
2017-01-23 16:25:51:shell stdout: 
2017-01-23 16:25:51:shell stdout: 
2017-01-23 16:25:51:shell stdout: 
2017-01-23 16:25:51:shell stdout: 
2017-01-23 16:25:52:shell stdout: 
2017-01-23 16:25:52:shell stdout: 
2017-01-23 16:25:52:shell stdout: 
2017-01-23 16:25:52:shell stdout: 
2017-01-23 16:25:52:shell stdout: 
2017-01-23 16:25:52:shell stdout: 
2017-01-23 16:25:53:shell stdout: 
2017-01-23 16:25:53:shell stdout: 
2017-01-23 16:25:53:shell stdout: 
2017-01-23 16:25:53:shell stdout: 
2017-01-23 16:25:53:shell stdout: 
2017-01-23 16:25:53:shell stdout: 
2017-01-23 16:25:53:shell stdout: 
2017-01-23 16:25:54:shell stdout: 
2017-01-23 16:25:54:shell stdout: 
2017-01-23 16:25:54:shell stdout: 
2017-01-23 16:25:54:shell stdout: 
2017-01-23 16:25:54:shell stdout: 
2017-01-23 16:25:54:shell stdout: 
2017-01-23 16:25:54:shell stdout: 
2017-01-23 16:25:54:shell stdout: 
2017-01-23 16:25:55:shell stdout: 
2017-01-23 16:25:55:shell stdout: 
2017-01-23 16:25:55:shell stdout: 
2017-01-23 16:25:55:shell stdout: 
2017-01-23 16:25:55:shell stdout: 
2017-01-23 16:25:55:shell stdout: 
2017-01-23 16:26:02:no gdbExecName running, out:
2017-01-23 16:26:02:checCmd:ps -e | grep -i gdb-mic
2017-01-23 16:26:02:finished now-timestampStart < maxWaitTime*5
2017-01-23 16:26:02:now: 1485206761
2017-01-23 16:26:02:timestampStart: 1485206736
2017-01-23 16:26:02:kill cmd: killall -9 gdb-mic
2017-01-23 16:26:02:shell stdout: 
2017-01-23 16:26:02:kill cmd: ssh -T mic0 killall -9 lud_check
2017-01-23 16:26:02:shell stdout: 
2017-01-23 16:26:03:kill cmd: ssh -T mic0 killall -9 gdbserver
2017-01-23 16:26:03:shell stdout: 
2017-01-23 16:26:03:kill cmd: ssh -T mic0 killall -9 sshd
2017-01-23 16:26:03:shell stdout: 
