[INFO -- 2017-03-28 23:09:32]
Starting flip_value script
version: 2.0
[INFO -- 2017-03-28 23:09:32]
Initialization strings:
[INFO -- 2017-03-28 23:09:32]
(1) target extended-remote | ssh -T mic0 gdbserver --multi -
[INFO -- 2017-03-28 23:09:32]
(2) set sysroot /opt/mpss/3.7/sysroots/k1om-mpss-linux/
[INFO -- 2017-03-28 23:09:32]
(3) set sysroot /opt/mpss/3.7/sysroots/k1om-mpss-linux/
[INFO -- 2017-03-28 23:09:32]
(4) file /micNfs/gdb-fault-injection/injector/bin/lavamd/lavamd_check
[INFO -- 2017-03-28 23:09:32]
(5) set remote exec-file /micNfs/gdb-fault-injection/injector/bin/lavamd/lavamd_check
[INFO -- 2017-03-28 23:09:32]
(6) set args 228 15 /micNfs/gdb-fault-injection/injector/bin/lavamd/input_distance_228_15 /micNfs/gdb-fault-injection/injector/bin/lavamd/input_charges_228_15 /micNfs/gdb-fault-injection/injector/bin/lavamd/output_gold_228_15 1
[INFO -- 2017-03-28 23:09:32]
initSignal:0
[INFO -- 2017-03-28 23:09:32]
endSignal:3
[INFO -- 2017-03-28 23:09:32]
seqSignal:30
[INFO -- 2017-03-28 23:09:32]
faultMode:1
[INFO -- 2017-03-28 23:09:34]
Backtrace BEGIN:
#0  __GI__IO_sgetn (fp=0x60e1c0, data=0x7ffff536db98, n=8) at genops.c:495
#1  0x00007ffff7138929 in __GI__IO_fread (buf=<optimized out>, size=1, count=8, fp=0x60e1c0) at iofread.c:42
#2  0x00000000004025ee in main (argc=7, argv=0x7fffffffebc8) at main_check.c:180

490	in genops.c

Backtrace END
Memory content before bitflip:0x900xd50xdd0xf7
Fault Mode: Double bit-flip
base address to flip value: 0x7fffffffe778
address max offset: 4
Memory content after  bitflip:0xb40xd50xdd0xf7
frame name: main
symbol name: loop
symbol filename: main_check.c
symbol line: 198
value: -136456780
value address: 0x7fffffffe778
Type: The type is an integer type.
Type sizeof: 4

[INFO -- 2017-03-28 23:09:34]
Fault Injection Successful after 2.06150507927s
[INFO -- 2017-03-28 23:09:48]
event type: exit
[INFO -- 2017-03-28 23:09:48]
exit code: 0
