[INFO -- 2017-02-27 04:18:45]
Starting GDB script
[INFO -- 2017-02-27 04:18:45]
initSignal:6.0
[INFO -- 2017-02-27 04:18:45]
endSignal:9.0
[INFO -- 2017-02-27 04:18:45]
seqSignal:15
[INFO -- 2017-02-27 04:18:52]
sending 15 signals using command: 'ssh -T mic0 killall -2 hotspot_check' after 6.53624653048s
[INFO -- 2017-02-27 04:18:52]
shell stdout: 
[INFO -- 2017-02-27 04:18:52]
shell stdout: 
[INFO -- 2017-02-27 04:18:53]
sending 15 signals using command: 'ssh -T mic0 killall -2 hotspot_check' after 7.57792617652s
[INFO -- 2017-02-27 04:18:53]
shell stdout: 
[INFO -- 2017-02-27 04:18:53]
shell stdout: 
[INFO -- 2017-02-27 04:18:53]
shell stdout: 
[INFO -- 2017-02-27 04:18:53]
shell stdout: 
[INFO -- 2017-02-27 04:18:54]
sending 15 signals using command: 'ssh -T mic0 killall -2 hotspot_check' after 8.48659965496s
[INFO -- 2017-02-27 04:18:54]
shell stdout: 
[INFO -- 2017-02-27 04:18:54]
shell stdout: 
[INFO -- 2017-02-27 04:18:54]
shell stdout: 
[INFO -- 2017-02-27 04:18:54]
shell stdout: 
[INFO -- 2017-02-27 04:18:54]
shell stdout: 
[INFO -- 2017-02-27 04:18:54]
shell stdout: 
[INFO -- 2017-02-27 04:18:54]
shell stdout: 
[INFO -- 2017-02-27 04:18:55]
shell stdout: 
[INFO -- 2017-02-27 04:18:55]
shell stdout: 
[INFO -- 2017-02-27 04:18:55]
shell stdout: 
[INFO -- 2017-02-27 04:18:55]
shell stdout: 
[INFO -- 2017-02-27 04:18:55]
shell stdout: 
[INFO -- 2017-02-27 04:18:55]
shell stdout: 
[INFO -- 2017-02-27 04:18:55]
shell stdout: 
[INFO -- 2017-02-27 04:18:56]
shell stdout: 
[INFO -- 2017-02-27 04:18:56]
shell stdout: 
[INFO -- 2017-02-27 04:18:56]
shell stdout: 
[INFO -- 2017-02-27 04:18:56]
shell stdout: 
[INFO -- 2017-02-27 04:18:56]
shell stdout: 
[INFO -- 2017-02-27 04:18:56]
shell stdout: 
[INFO -- 2017-02-27 04:18:56]
shell stdout: 
[INFO -- 2017-02-27 04:18:56]
shell stdout: 
[INFO -- 2017-02-27 04:18:57]
shell stdout: 
[INFO -- 2017-02-27 04:18:57]
shell stdout: 
[INFO -- 2017-02-27 04:18:57]
shell stdout: 
[INFO -- 2017-02-27 04:18:57]
shell stdout: 
[INFO -- 2017-02-27 04:18:57]
shell stdout: 
[INFO -- 2017-02-27 04:18:57]
shell stdout: 
[INFO -- 2017-02-27 04:18:58]
shell stdout: 
[INFO -- 2017-02-27 04:18:58]
shell stdout: 
[INFO -- 2017-02-27 04:18:58]
shell stdout: 
[INFO -- 2017-02-27 04:18:58]
shell stdout: 
[INFO -- 2017-02-27 04:18:58]
shell stdout: 
[INFO -- 2017-02-27 04:18:58]
shell stdout: 
[INFO -- 2017-02-27 04:18:59]
shell stdout: 
[INFO -- 2017-02-27 04:18:59]
shell stdout: 
[INFO -- 2017-02-27 04:18:59]
shell stdout: 
[INFO -- 2017-02-27 04:18:59]
shell stdout: 
[INFO -- 2017-02-27 04:19:00]
shell stdout: 
[INFO -- 2017-02-27 04:19:16]
no gdbExecName running, out:
[INFO -- 2017-02-27 04:19:16]
checCmd:ps -e | grep -i gdb-mic
[INFO -- 2017-02-27 04:19:16]
finished now-timestampStart < maxWaitTime*5
[INFO -- 2017-02-27 04:19:16]
now: 1488187154
[INFO -- 2017-02-27 04:19:16]
timestampStart: 1488187125
[INFO -- 2017-02-27 04:19:16]
kill cmd: killall -9 gdb-mic
[INFO -- 2017-02-27 04:19:16]
shell stdout: 
[INFO -- 2017-02-27 04:19:16]
kill cmd: ssh -T mic0 killall -9 hotspot_check
[INFO -- 2017-02-27 04:19:16]
shell stdout: 
[INFO -- 2017-02-27 04:19:16]
kill cmd: ssh -T mic0 killall -9 gdbserver
[INFO -- 2017-02-27 04:19:16]
shell stdout: 
[INFO -- 2017-02-27 04:19:17]
kill cmd: ssh -T mic0 killall -9 sshd
[INFO -- 2017-02-27 04:19:17]
shell stdout: 
