[INFO -- 2017-02-27 07:13:17]
Starting GDB script
[INFO -- 2017-02-27 07:13:17]
initSignal:0.0
[INFO -- 2017-02-27 07:13:17]
endSignal:2.0
[INFO -- 2017-02-27 07:13:17]
seqSignal:30
[INFO -- 2017-02-27 07:13:18]
sending 30 signals using command: 'ssh -T mic1 killall -2 lud_check' after 0.712660828687s
[INFO -- 2017-02-27 07:13:18]
sending 30 signals using command: 'ssh -T mic1 killall -2 lud_check' after 0.887528242935s
[INFO -- 2017-02-27 07:13:18]
shell stdout: 
[INFO -- 2017-02-27 07:13:18]
shell stdout: 
[INFO -- 2017-02-27 07:13:18]
sending 30 signals using command: 'ssh -T mic1 killall -2 lud_check' after 1.30348668535s
[INFO -- 2017-02-27 07:13:18]
shell stdout: 
[INFO -- 2017-02-27 07:13:19]
shell stdout: 
[INFO -- 2017-02-27 07:13:19]
shell stdout: 
[INFO -- 2017-02-27 07:13:19]
shell stdout: 
[INFO -- 2017-02-27 07:13:19]
shell stdout: 
[INFO -- 2017-02-27 07:13:19]
shell stdout: 
[INFO -- 2017-02-27 07:13:19]
shell stdout: 
[INFO -- 2017-02-27 07:13:20]
shell stdout: 
[INFO -- 2017-02-27 07:13:20]
shell stdout: 
[INFO -- 2017-02-27 07:13:20]
shell stdout: 
[INFO -- 2017-02-27 07:13:20]
shell stdout: 
[INFO -- 2017-02-27 07:13:21]
shell stdout: 
[INFO -- 2017-02-27 07:13:21]
shell stdout: 
[INFO -- 2017-02-27 07:13:21]
shell stdout: 
[INFO -- 2017-02-27 07:13:21]
shell stdout: 
[INFO -- 2017-02-27 07:13:21]
shell stdout: 
[INFO -- 2017-02-27 07:13:22]
shell stdout: 
[INFO -- 2017-02-27 07:13:22]
shell stdout: 
[INFO -- 2017-02-27 07:13:22]
shell stdout: 
[INFO -- 2017-02-27 07:13:23]
shell stdout: 
[INFO -- 2017-02-27 07:13:23]
shell stdout: 
[INFO -- 2017-02-27 07:13:23]
shell stdout: 
[INFO -- 2017-02-27 07:13:24]
shell stdout: 
[INFO -- 2017-02-27 07:13:24]
shell stdout: 
[INFO -- 2017-02-27 07:13:24]
shell stdout: 
[INFO -- 2017-02-27 07:13:24]
shell stdout: 
[INFO -- 2017-02-27 07:13:24]
shell stdout: 
[INFO -- 2017-02-27 07:13:24]
shell stdout: 
[INFO -- 2017-02-27 07:13:25]
shell stdout: 
[INFO -- 2017-02-27 07:13:25]
shell stdout: 
[INFO -- 2017-02-27 07:13:25]
shell stdout: 
[INFO -- 2017-02-27 07:13:25]
shell stdout: 
[INFO -- 2017-02-27 07:13:25]
shell stdout: 
[INFO -- 2017-02-27 07:13:25]
shell stdout: 
[INFO -- 2017-02-27 07:13:26]
shell stdout: 
[INFO -- 2017-02-27 07:13:26]
shell stdout: 
[INFO -- 2017-02-27 07:13:26]
shell stdout: 
[INFO -- 2017-02-27 07:13:26]
shell stdout: 
[INFO -- 2017-02-27 07:13:26]
shell stdout: 
[INFO -- 2017-02-27 07:13:26]
shell stdout: 
[INFO -- 2017-02-27 07:13:27]
shell stdout: 
[INFO -- 2017-02-27 07:13:27]
shell stdout: 
[INFO -- 2017-02-27 07:13:27]
shell stdout: 
[INFO -- 2017-02-27 07:13:27]
shell stdout: 
[INFO -- 2017-02-27 07:13:28]
shell stdout: 
[INFO -- 2017-02-27 07:13:28]
shell stdout: 
[INFO -- 2017-02-27 07:13:28]
shell stdout: 
[INFO -- 2017-02-27 07:13:28]
shell stdout: 
[INFO -- 2017-02-27 07:13:28]
shell stdout: 
[INFO -- 2017-02-27 07:13:29]
shell stdout: 
[INFO -- 2017-02-27 07:13:29]
shell stdout: 
[INFO -- 2017-02-27 07:13:29]
shell stdout: 
[INFO -- 2017-02-27 07:13:29]
shell stdout: 
[INFO -- 2017-02-27 07:13:30]
shell stdout: 
[INFO -- 2017-02-27 07:13:30]
shell stdout: 
[INFO -- 2017-02-27 07:13:30]
shell stdout: 
[INFO -- 2017-02-27 07:13:30]
shell stdout: 
[INFO -- 2017-02-27 07:13:30]
shell stdout: 
[INFO -- 2017-02-27 07:13:31]
shell stdout: 
[INFO -- 2017-02-27 07:13:31]
shell stdout: 
[INFO -- 2017-02-27 07:13:31]
shell stdout: 
[INFO -- 2017-02-27 07:13:32]
shell stdout: 
[INFO -- 2017-02-27 07:13:32]
shell stdout: 
[INFO -- 2017-02-27 07:13:32]
shell stdout: 
[INFO -- 2017-02-27 07:13:32]
shell stdout: 
[INFO -- 2017-02-27 07:13:32]
shell stdout: 
[INFO -- 2017-02-27 07:13:32]
shell stdout: 
[INFO -- 2017-02-27 07:13:33]
shell stdout: 
[INFO -- 2017-02-27 07:13:33]
shell stdout: 
[INFO -- 2017-02-27 07:13:33]
shell stdout: 
[INFO -- 2017-02-27 07:13:34]
shell stdout: 
[INFO -- 2017-02-27 07:13:34]
shell stdout: 
[INFO -- 2017-02-27 07:13:34]
shell stdout: 
[INFO -- 2017-02-27 07:13:34]
shell stdout: 
[INFO -- 2017-02-27 07:13:34]
shell stdout: 
[INFO -- 2017-02-27 07:13:34]
shell stdout: 
[INFO -- 2017-02-27 07:13:35]
shell stdout: 
[INFO -- 2017-02-27 07:13:35]
shell stdout: 
[INFO -- 2017-02-27 07:13:35]
shell stdout: 
[INFO -- 2017-02-27 07:13:36]
shell stdout: 
[INFO -- 2017-02-27 07:13:36]
shell stdout: 
[INFO -- 2017-02-27 07:13:36]
shell stdout: 
[INFO -- 2017-02-27 07:13:36]
shell stdout: 
[INFO -- 2017-02-27 07:13:36]
shell stdout: 
[INFO -- 2017-02-27 07:13:36]
shell stdout: 
[INFO -- 2017-02-27 07:13:36]
shell stdout: 
[INFO -- 2017-02-27 07:13:36]
shell stdout: 
[INFO -- 2017-02-27 07:13:37]
shell stdout: 
[INFO -- 2017-02-27 07:13:50]
no gdbExecName running, out:
[INFO -- 2017-02-27 07:13:50]
checCmd:ps -e | grep -i gdb-mic
[INFO -- 2017-02-27 07:13:50]
finished now-timestampStart < maxWaitTime*5
[INFO -- 2017-02-27 07:13:50]
now: 1488197629
[INFO -- 2017-02-27 07:13:50]
timestampStart: 1488197597
[INFO -- 2017-02-27 07:13:50]
kill cmd: killall -9 gdb-mic
[INFO -- 2017-02-27 07:13:50]
shell stdout: 
[INFO -- 2017-02-27 07:13:50]
kill cmd: ssh -T mic1 killall -9 lud_check
[INFO -- 2017-02-27 07:13:50]
shell stdout: 
[INFO -- 2017-02-27 07:13:51]
kill cmd: ssh -T mic1 killall -9 gdbserver
[INFO -- 2017-02-27 07:13:51]
shell stdout: 
[INFO -- 2017-02-27 07:13:51]
kill cmd: ssh -T mic1 killall -9 sshd
[INFO -- 2017-02-27 07:13:51]
shell stdout: 
