2016-10-28 12:02:13:Starting GDB script
2016-10-28 12:02:14:sending signal using command: 'ssh -T mic0 killall -2 needle_check' after 0.406010760789s
2016-10-28 12:02:14:shell stdout: 
2016-10-28 12:02:16:sending signal using command: 'ssh -T mic0 killall -2 needle_check' after 2.02215632285s
2016-10-28 12:02:16:shell stdout: 
2016-10-28 12:02:16:sending signal using command: 'ssh -T mic0 killall -2 needle_check' after 2.13437788604s
2016-10-28 12:02:16:shell stdout: 
2016-10-28 12:02:17:sending signal using command: 'ssh -T mic0 killall -2 needle_check' after 2.80585140853s
2016-10-28 12:02:17:shell stdout: 
2016-10-28 12:02:17:sending signal using command: 'ssh -T mic0 killall -2 needle_check' after 3.6520209238s
2016-10-28 12:02:17:shell stdout: 
2016-10-28 12:02:22:sending signal using command: 'ssh -T mic0 killall -2 needle_check' after 8.07487715876s
2016-10-28 12:02:22:shell stdout: 
2016-10-28 12:02:23:sending signal using command: 'ssh -T mic0 killall -2 needle_check' after 8.83002115889s
2016-10-28 12:02:23:shell stdout: 
2016-10-28 12:02:25:sending signal using command: 'ssh -T mic0 killall -2 needle_check' after 11.0367802744s
2016-10-28 12:02:25:shell stdout: 
2016-10-28 12:02:25:sending signal using command: 'ssh -T mic0 killall -2 needle_check' after 11.3818836742s
2016-10-28 12:02:25:shell stdout: 
2016-10-28 12:02:30:sending signal using command: 'ssh -T mic0 killall -2 needle_check' after 15.7609577584s
2016-10-28 12:02:30:shell stdout: 
2016-10-28 12:02:38:no gdbExecName running, out:
2016-10-28 12:02:38:checCmd:ps -e | grep -i gdb-mic
2016-10-28 12:02:38:finished now-timestampStart < maxWaitTime*5
2016-10-28 12:02:38:now: 1477670557
2016-10-28 12:02:38:timestampStart: 1477670533
2016-10-28 12:02:38:kill cmd: killall -9 gdb-mic
2016-10-28 12:02:38:shell stdout: 
2016-10-28 12:02:38:kill cmd: ssh -T mic0 killall -9 needle_check
2016-10-28 12:02:38:shell stdout: 
2016-10-28 12:02:39:kill cmd: ssh -T mic0 killall -9 gdbserver
2016-10-28 12:02:39:shell stdout: 
2016-10-28 12:02:39:kill cmd: ssh -T mic0 killall -9 sshd
2016-10-28 12:02:39:shell stdout: 
