[INFO -- 2017-02-26 05:44:50]
Starting GDB script
[INFO -- 2017-02-26 05:44:50]
initSignal:0.0
[INFO -- 2017-02-26 05:44:50]
endSignal:2.0
[INFO -- 2017-02-26 05:44:50]
seqSignal:30
[INFO -- 2017-02-26 05:44:51]
sending 30 signals using command: 'ssh -T mic1 killall -2 lud_check' after 0.707245545168s
[INFO -- 2017-02-26 05:44:51]
shell stdout: 
[INFO -- 2017-02-26 05:44:51]
sending 30 signals using command: 'ssh -T mic1 killall -2 lud_check' after 1.39446043714s
[INFO -- 2017-02-26 05:44:51]
sending 30 signals using command: 'ssh -T mic1 killall -2 lud_check' after 1.45465065855s
[INFO -- 2017-02-26 05:44:51]
shell stdout: 
[INFO -- 2017-02-26 05:44:52]
shell stdout: 
[INFO -- 2017-02-26 05:44:52]
shell stdout: 
[INFO -- 2017-02-26 05:44:52]
shell stdout: 
[INFO -- 2017-02-26 05:44:52]
shell stdout: 
[INFO -- 2017-02-26 05:44:52]
shell stdout: 
[INFO -- 2017-02-26 05:44:52]
shell stdout: 
[INFO -- 2017-02-26 05:44:53]
shell stdout: 
[INFO -- 2017-02-26 05:44:53]
shell stdout: 
[INFO -- 2017-02-26 05:44:53]
shell stdout: 
[INFO -- 2017-02-26 05:44:54]
shell stdout: 
[INFO -- 2017-02-26 05:44:54]
shell stdout: 
[INFO -- 2017-02-26 05:44:54]
shell stdout: 
[INFO -- 2017-02-26 05:44:55]
shell stdout: 
[INFO -- 2017-02-26 05:44:55]
shell stdout: 
[INFO -- 2017-02-26 05:44:55]
shell stdout: 
[INFO -- 2017-02-26 05:44:56]
shell stdout: 
[INFO -- 2017-02-26 05:44:56]
shell stdout: 
[INFO -- 2017-02-26 05:44:56]
shell stdout: 
[INFO -- 2017-02-26 05:44:57]
shell stdout: 
[INFO -- 2017-02-26 05:44:57]
shell stdout: 
[INFO -- 2017-02-26 05:44:57]
shell stdout: 
[INFO -- 2017-02-26 05:44:58]
shell stdout: 
[INFO -- 2017-02-26 05:44:58]
shell stdout: 
[INFO -- 2017-02-26 05:44:58]
shell stdout: 
[INFO -- 2017-02-26 05:44:59]
shell stdout: 
[INFO -- 2017-02-26 05:44:59]
shell stdout: 
[INFO -- 2017-02-26 05:44:59]
shell stdout: 
[INFO -- 2017-02-26 05:44:59]
shell stdout: 
[INFO -- 2017-02-26 05:44:59]
shell stdout: 
[INFO -- 2017-02-26 05:44:59]
shell stdout: 
[INFO -- 2017-02-26 05:45:00]
shell stdout: 
[INFO -- 2017-02-26 05:45:00]
shell stdout: 
[INFO -- 2017-02-26 05:45:00]
shell stdout: 
[INFO -- 2017-02-26 05:45:01]
shell stdout: 
[INFO -- 2017-02-26 05:45:01]
shell stdout: 
[INFO -- 2017-02-26 05:45:01]
shell stdout: 
[INFO -- 2017-02-26 05:45:02]
shell stdout: 
[INFO -- 2017-02-26 05:45:02]
shell stdout: 
[INFO -- 2017-02-26 05:45:02]
shell stdout: 
[INFO -- 2017-02-26 05:45:03]
shell stdout: 
[INFO -- 2017-02-26 05:45:03]
shell stdout: 
[INFO -- 2017-02-26 05:45:03]
shell stdout: 
[INFO -- 2017-02-26 05:45:03]
shell stdout: 
[INFO -- 2017-02-26 05:45:03]
shell stdout: 
[INFO -- 2017-02-26 05:45:03]
shell stdout: 
[INFO -- 2017-02-26 05:45:04]
shell stdout: 
[INFO -- 2017-02-26 05:45:04]
shell stdout: 
[INFO -- 2017-02-26 05:45:04]
shell stdout: 
[INFO -- 2017-02-26 05:45:04]
shell stdout: 
[INFO -- 2017-02-26 05:45:04]
shell stdout: 
[INFO -- 2017-02-26 05:45:04]
shell stdout: 
[INFO -- 2017-02-26 05:45:05]
shell stdout: 
[INFO -- 2017-02-26 05:45:05]
shell stdout: 
[INFO -- 2017-02-26 05:45:05]
shell stdout: 
[INFO -- 2017-02-26 05:45:05]
shell stdout: 
[INFO -- 2017-02-26 05:45:05]
shell stdout: 
[INFO -- 2017-02-26 05:45:05]
shell stdout: 
[INFO -- 2017-02-26 05:45:05]
shell stdout: 
[INFO -- 2017-02-26 05:45:05]
shell stdout: 
[INFO -- 2017-02-26 05:45:06]
shell stdout: 
[INFO -- 2017-02-26 05:45:06]
shell stdout: 
[INFO -- 2017-02-26 05:45:06]
shell stdout: 
[INFO -- 2017-02-26 05:45:06]
shell stdout: 
[INFO -- 2017-02-26 05:45:06]
shell stdout: 
[INFO -- 2017-02-26 05:45:06]
shell stdout: 
[INFO -- 2017-02-26 05:45:06]
shell stdout: 
[INFO -- 2017-02-26 05:45:07]
shell stdout: 
[INFO -- 2017-02-26 05:45:07]
shell stdout: 
[INFO -- 2017-02-26 05:45:07]
shell stdout: 
[INFO -- 2017-02-26 05:45:07]
shell stdout: 
[INFO -- 2017-02-26 05:45:07]
shell stdout: 
[INFO -- 2017-02-26 05:45:07]
shell stdout: 
[INFO -- 2017-02-26 05:45:08]
shell stdout: 
[INFO -- 2017-02-26 05:45:08]
shell stdout: 
[INFO -- 2017-02-26 05:45:08]
shell stdout: 
[INFO -- 2017-02-26 05:45:08]
shell stdout: 
[INFO -- 2017-02-26 05:45:08]
shell stdout: 
[INFO -- 2017-02-26 05:45:08]
shell stdout: 
[INFO -- 2017-02-26 05:45:08]
shell stdout: 
[INFO -- 2017-02-26 05:45:08]
shell stdout: 
[INFO -- 2017-02-26 05:45:08]
shell stdout: 
[INFO -- 2017-02-26 05:45:09]
shell stdout: 
[INFO -- 2017-02-26 05:45:09]
shell stdout: 
[INFO -- 2017-02-26 05:45:09]
shell stdout: 
[INFO -- 2017-02-26 05:45:09]
shell stdout: 
[INFO -- 2017-02-26 05:45:09]
shell stdout: 
[INFO -- 2017-02-26 05:45:10]
shell stdout: 
[INFO -- 2017-02-26 05:45:10]
shell stdout: 
[INFO -- 2017-02-26 05:45:22]
no gdbExecName running, out:
[INFO -- 2017-02-26 05:45:22]
checCmd:ps -e | grep -i gdb-mic
[INFO -- 2017-02-26 05:45:22]
finished now-timestampStart < maxWaitTime*5
[INFO -- 2017-02-26 05:45:22]
now: 1488105921
[INFO -- 2017-02-26 05:45:22]
timestampStart: 1488105890
[INFO -- 2017-02-26 05:45:22]
kill cmd: killall -9 gdb-mic
[INFO -- 2017-02-26 05:45:22]
shell stdout: 
[INFO -- 2017-02-26 05:45:23]
kill cmd: ssh -T mic1 killall -9 lud_check
[INFO -- 2017-02-26 05:45:23]
shell stdout: 
[INFO -- 2017-02-26 05:45:23]
kill cmd: ssh -T mic1 killall -9 gdbserver
[INFO -- 2017-02-26 05:45:23]
shell stdout: 
[INFO -- 2017-02-26 05:45:23]
kill cmd: ssh -T mic1 killall -9 sshd
[INFO -- 2017-02-26 05:45:23]
shell stdout: 
