2016-10-28 16:15:37:Starting GDB script
2016-10-28 16:15:38:sending signal using command: 'ssh -T mic0 killall -2 lavamd' after 0.654317115484s
2016-10-28 16:15:38:shell stdout: 
2016-10-28 16:15:38:sending signal using command: 'ssh -T mic0 killall -2 lavamd' after 1.25172898735s
2016-10-28 16:15:38:shell stdout: 
2016-10-28 16:15:41:sending signal using command: 'ssh -T mic0 killall -2 lavamd' after 2.71460522904s
2016-10-28 16:15:41:shell stdout: 
2016-10-28 16:15:43:sending signal using command: 'ssh -T mic0 killall -2 lavamd' after 4.82335825271s
2016-10-28 16:15:43:shell stdout: 
2016-10-28 16:15:43:sending signal using command: 'ssh -T mic0 killall -2 lavamd' after 5.04386836733s
2016-10-28 16:15:43:shell stdout: 
2016-10-28 16:15:44:sending signal using command: 'ssh -T mic0 killall -2 lavamd' after 6.84116622187s
2016-10-28 16:15:44:shell stdout: 
2016-10-28 16:15:45:sending signal using command: 'ssh -T mic0 killall -2 lavamd' after 7.65331208574s
2016-10-28 16:15:45:shell stdout: 
2016-10-28 16:15:46:sending signal using command: 'ssh -T mic0 killall -2 lavamd' after 8.4691538009s
2016-10-28 16:15:46:shell stdout: 
2016-10-28 16:15:47:sending signal using command: 'ssh -T mic0 killall -2 lavamd' after 9.75113451427s
2016-10-28 16:15:47:shell stdout: 
2016-10-28 16:15:47:sending signal using command: 'ssh -T mic0 killall -2 lavamd' after 9.8343075922s
2016-10-28 16:15:47:shell stdout: 
2016-10-28 16:15:53:no gdbExecName running, out:
2016-10-28 16:15:53:checCmd:ps -e | grep -i gdb-mic
2016-10-28 16:15:53:finished now-timestampStart < maxWaitTime*5
2016-10-28 16:15:53:now: 1477685752
2016-10-28 16:15:53:timestampStart: 1477685737
2016-10-28 16:15:53:kill cmd: killall -9 gdb-mic
2016-10-28 16:15:53:shell stdout: 
2016-10-28 16:15:53:kill cmd: ssh -T mic0 killall -9 lavamd
2016-10-28 16:15:53:shell stdout: 
2016-10-28 16:15:54:kill cmd: ssh -T mic0 killall -9 gdbserver
2016-10-28 16:15:54:shell stdout: 
2016-10-28 16:15:54:kill cmd: ssh -T mic0 killall -9 sshd
2016-10-28 16:15:54:shell stdout: 
