[INFO -- 2017-03-28 17:25:28]
Starting GDB script
[INFO -- 2017-03-28 17:25:28]
initSignal:0.0
[INFO -- 2017-03-28 17:25:28]
endSignal:3.0
[INFO -- 2017-03-28 17:25:28]
seqSignal:30
[INFO -- 2017-03-28 17:25:28]
sending 30 signals using command: 'ssh -T mic0 killall -2 lavamd_check' after 0.165578804264s
[INFO -- 2017-03-28 17:25:28]
sending 30 signals using command: 'ssh -T mic0 killall -2 lavamd_check' after 0.469498514835s
[INFO -- 2017-03-28 17:25:28]
shell stdout: 
[INFO -- 2017-03-28 17:25:29]
shell stdout: 
[INFO -- 2017-03-28 17:25:29]
shell stdout: 
[INFO -- 2017-03-28 17:25:29]
sending 30 signals using command: 'ssh -T mic0 killall -2 lavamd_check' after 1.22728621054s
[INFO -- 2017-03-28 17:25:29]
shell stdout: 
[INFO -- 2017-03-28 17:25:29]
shell stdout: 
[INFO -- 2017-03-28 17:25:30]
shell stdout: 
[INFO -- 2017-03-28 17:25:30]
shell stdout: 
[INFO -- 2017-03-28 17:25:30]
shell stdout: 
[INFO -- 2017-03-28 17:25:30]
shell stdout: 
[INFO -- 2017-03-28 17:25:30]
shell stdout: 
[INFO -- 2017-03-28 17:25:30]
shell stdout: 
[INFO -- 2017-03-28 17:25:30]
shell stdout: 
[INFO -- 2017-03-28 17:25:30]
shell stdout: 
[INFO -- 2017-03-28 17:25:31]
shell stdout: 
[INFO -- 2017-03-28 17:25:31]
shell stdout: 
[INFO -- 2017-03-28 17:25:31]
shell stdout: 
[INFO -- 2017-03-28 17:25:31]
shell stdout: 
[INFO -- 2017-03-28 17:25:32]
shell stdout: 
[INFO -- 2017-03-28 17:25:32]
shell stdout: 
[INFO -- 2017-03-28 17:25:32]
shell stdout: 
[INFO -- 2017-03-28 17:25:33]
shell stdout: 
[INFO -- 2017-03-28 17:25:33]
shell stdout: 
[INFO -- 2017-03-28 17:25:33]
shell stdout: 
[INFO -- 2017-03-28 17:25:34]
shell stdout: 
[INFO -- 2017-03-28 17:25:34]
shell stdout: 
[INFO -- 2017-03-28 17:25:34]
shell stdout: 
[INFO -- 2017-03-28 17:25:34]
shell stdout: 
[INFO -- 2017-03-28 17:25:34]
shell stdout: 
[INFO -- 2017-03-28 17:25:34]
shell stdout: 
[INFO -- 2017-03-28 17:25:35]
shell stdout: 
[INFO -- 2017-03-28 17:25:35]
shell stdout: 
[INFO -- 2017-03-28 17:25:35]
shell stdout: 
[INFO -- 2017-03-28 17:25:36]
shell stdout: 
[INFO -- 2017-03-28 17:25:36]
shell stdout: 
[INFO -- 2017-03-28 17:25:36]
shell stdout: 
[INFO -- 2017-03-28 17:25:37]
shell stdout: 
[INFO -- 2017-03-28 17:25:37]
shell stdout: 
[INFO -- 2017-03-28 17:25:37]
shell stdout: 
[INFO -- 2017-03-28 17:25:38]
shell stdout: 
[INFO -- 2017-03-28 17:25:38]
shell stdout: 
[INFO -- 2017-03-28 17:25:38]
shell stdout: 
[INFO -- 2017-03-28 17:25:38]
shell stdout: 
[INFO -- 2017-03-28 17:25:38]
shell stdout: 
[INFO -- 2017-03-28 17:25:38]
shell stdout: 
[INFO -- 2017-03-28 17:25:39]
shell stdout: 
[INFO -- 2017-03-28 17:25:39]
shell stdout: 
[INFO -- 2017-03-28 17:25:39]
shell stdout: 
[INFO -- 2017-03-28 17:25:39]
shell stdout: 
[INFO -- 2017-03-28 17:25:39]
shell stdout: 
[INFO -- 2017-03-28 17:25:39]
shell stdout: 
[INFO -- 2017-03-28 17:25:40]
shell stdout: 
[INFO -- 2017-03-28 17:25:40]
shell stdout: 
[INFO -- 2017-03-28 17:25:40]
shell stdout: 
[INFO -- 2017-03-28 17:25:41]
shell stdout: 
[INFO -- 2017-03-28 17:25:41]
shell stdout: 
[INFO -- 2017-03-28 17:25:41]
shell stdout: 
[INFO -- 2017-03-28 17:25:41]
shell stdout: 
[INFO -- 2017-03-28 17:25:41]
shell stdout: 
[INFO -- 2017-03-28 17:25:41]
shell stdout: 
[INFO -- 2017-03-28 17:25:42]
shell stdout: 
[INFO -- 2017-03-28 17:25:42]
shell stdout: 
[INFO -- 2017-03-28 17:25:42]
shell stdout: 
[INFO -- 2017-03-28 17:25:42]
shell stdout: 
[INFO -- 2017-03-28 17:25:42]
shell stdout: 
[INFO -- 2017-03-28 17:25:42]
shell stdout: 
[INFO -- 2017-03-28 17:25:43]
shell stdout: 
[INFO -- 2017-03-28 17:25:43]
shell stdout: 
[INFO -- 2017-03-28 17:25:43]
shell stdout: 
[INFO -- 2017-03-28 17:25:43]
shell stdout: 
[INFO -- 2017-03-28 17:25:43]
shell stdout: 
[INFO -- 2017-03-28 17:25:43]
shell stdout: 
[INFO -- 2017-03-28 17:25:43]
shell stdout: 
[INFO -- 2017-03-28 17:25:43]
shell stdout: 
[INFO -- 2017-03-28 17:25:44]
shell stdout: 
[INFO -- 2017-03-28 17:25:44]
shell stdout: 
[INFO -- 2017-03-28 17:25:44]
shell stdout: 
[INFO -- 2017-03-28 17:25:44]
shell stdout: 
[INFO -- 2017-03-28 17:25:44]
shell stdout: 
[INFO -- 2017-03-28 17:25:44]
shell stdout: 
[INFO -- 2017-03-28 17:25:44]
shell stdout: 
[INFO -- 2017-03-28 17:25:45]
shell stdout: 
[INFO -- 2017-03-28 17:25:45]
shell stdout: 
[INFO -- 2017-03-28 17:25:45]
shell stdout: 
[INFO -- 2017-03-28 17:25:45]
shell stdout: 
[INFO -- 2017-03-28 17:25:45]
shell stdout: 
[INFO -- 2017-03-28 17:25:45]
shell stdout: 
[INFO -- 2017-03-28 17:25:46]
shell stdout: 
[INFO -- 2017-03-28 17:25:46]
shell stdout: 
[INFO -- 2017-03-28 17:25:46]
shell stdout: 
[INFO -- 2017-03-28 17:25:47]
shell stdout: 
[INFO -- 2017-03-28 17:26:18]
finished due now-timestampStart > maxWaitTime*5
[INFO -- 2017-03-28 17:26:18]
now: 1490736378
[INFO -- 2017-03-28 17:26:18]
timestampStart: 1490736328
[INFO -- 2017-03-28 17:26:18]
kill cmd: killall -9 gdb-mic
[INFO -- 2017-03-28 17:26:18]
shell stdout: 
[INFO -- 2017-03-28 17:26:19]
kill cmd: ssh -T mic0 killall -9 lavamd_check
[INFO -- 2017-03-28 17:26:19]
shell stdout: 
[INFO -- 2017-03-28 17:26:19]
kill cmd: ssh -T mic0 killall -9 gdbserver
[INFO -- 2017-03-28 17:26:19]
shell stdout: 
[INFO -- 2017-03-28 17:26:19]
kill cmd: ssh -T mic0 killall -9 sshd
[INFO -- 2017-03-28 17:26:19]
shell stdout: 
