2017-01-09 06:38:24:Starting GDB script
2017-01-09 06:38:24:initSignal:7.0
2017-01-09 06:38:24:endSignal:14.0
2017-01-09 06:38:24:seqSignal:15
2017-01-09 06:38:32:sending 15 signals using command: 'ssh -T mic1 killall -2 dgemm_check' after 7.97215594447s
2017-01-09 06:38:33:shell stdout: 
2017-01-09 06:38:33:shell stdout: 
2017-01-09 06:38:34:shell stdout: 
2017-01-09 06:38:34:shell stdout: 
2017-01-09 06:38:35:shell stdout: 
2017-01-09 06:38:35:shell stdout: 
2017-01-09 06:38:35:shell stdout: 
2017-01-09 06:38:36:shell stdout: 
2017-01-09 06:38:36:shell stdout: 
2017-01-09 06:38:37:shell stdout: 
2017-01-09 06:38:37:shell stdout: 
2017-01-09 06:38:37:sending 15 signals using command: 'ssh -T mic1 killall -2 dgemm_check' after 13.0648624732s
2017-01-09 06:38:37:sending 15 signals using command: 'ssh -T mic1 killall -2 dgemm_check' after 13.0611238077s
2017-01-09 06:38:38:shell stdout: 
2017-01-09 06:38:38:shell stdout: 
2017-01-09 06:38:38:shell stdout: 
2017-01-09 06:38:38:shell stdout: 
2017-01-09 06:38:38:shell stdout: 
2017-01-09 06:38:38:shell stdout: 
2017-01-09 06:38:38:shell stdout: 
2017-01-09 06:38:38:shell stdout: 
2017-01-09 06:38:39:shell stdout: 
2017-01-09 06:38:39:shell stdout: 
2017-01-09 06:38:39:shell stdout: 
2017-01-09 06:38:39:shell stdout: 
2017-01-09 06:38:39:shell stdout: 
2017-01-09 06:38:39:shell stdout: 
2017-01-09 06:38:40:shell stdout: 
2017-01-09 06:38:40:shell stdout: 
2017-01-09 06:38:40:shell stdout: 
2017-01-09 06:38:40:shell stdout: 
2017-01-09 06:38:41:shell stdout: 
2017-01-09 06:38:41:shell stdout: 
2017-01-09 06:38:41:shell stdout: 
2017-01-09 06:38:41:shell stdout: 
2017-01-09 06:38:42:shell stdout: 
2017-01-09 06:38:42:shell stdout: 
2017-01-09 06:38:42:shell stdout: 
2017-01-09 06:38:42:shell stdout: 
2017-01-09 06:38:42:shell stdout: 
2017-01-09 06:38:42:shell stdout: 
2017-01-09 06:38:43:shell stdout: 
2017-01-09 06:38:43:shell stdout: 
2017-01-09 06:38:43:shell stdout: 
2017-01-09 06:38:43:shell stdout: 
2017-01-09 06:38:44:shell stdout: 
2017-01-09 06:38:44:shell stdout: 
2017-01-09 06:40:37:no gdbExecName running, out:
2017-01-09 06:40:37:checCmd:ps -e | grep -i gdb-mic
2017-01-09 06:40:37:finished now-timestampStart < maxWaitTime*5
2017-01-09 06:40:37:now: 1483962028
2017-01-09 06:40:37:timestampStart: 1483961904
2017-01-09 06:40:37:kill cmd: killall -9 gdb-mic
2017-01-09 06:40:37:shell stdout: 
2017-01-09 06:40:37:kill cmd: ssh -T mic1 killall -9 dgemm_check
2017-01-09 06:40:37:shell stdout: 
2017-01-09 06:40:37:kill cmd: ssh -T mic1 killall -9 gdbserver
2017-01-09 06:40:37:shell stdout: 
2017-01-09 06:40:38:kill cmd: ssh -T mic1 killall -9 sshd
2017-01-09 06:40:38:shell stdout: 
