2016-10-31 07:23:44:Initialization strings:
2016-10-31 07:23:44:(1) target extended-remote | ssh -T mic0 gdbserver --multi -
2016-10-31 07:23:44:(2) set sysroot /opt/mpss/3.7/sysroots/k1om-mpss-linux/
2016-10-31 07:23:44:(3) set sysroot /opt/mpss/3.7/sysroots/k1om-mpss-linux/
2016-10-31 07:23:44:(4) file /micNfs/gdb-fault-injection-lud/bin/lud_check
2016-10-31 07:23:44:(5) set remote exec-file /micNfs/gdb-fault-injection-lud/bin/lud_check
2016-10-31 07:23:44:(6) set args -s 8192 -n 228 -i /micNfs/gdb-fault-injection-lud/bin/input_8192_th_228 -g /micNfs/gdb-fault-injection-lud/bin/gold_8192_th_228
2016-10-31 07:23:44:Trying Fault Injection
2016-10-31 07:23:44:Inferior PID: 29286
2016-10-31 07:23:44:Inferior is valid: True
2016-10-31 07:23:44:Inferior #threads: 1
2016-10-31 07:23:44:Backtrace BEGIN:
2016-10-31 07:23:44:#0  __GI__dl_debug_state () at dl-debug.c:74
#1  0x00007ffff7de084c in dl_main (phdr=<optimized out>, phnum=<optimized out>, user_entry=<optimized out>, auxv=<optimized out>) at rtld.c:2170
#2  0x00007ffff7df2548 in _dl_sysdep_start (start_argptr=start_argptr@entry=0x7fffffffec20, dl_main=dl_main@entry=0x7ffff7dde840 <dl_main>) at ../elf/dl-sysdep.c:249
#3  0x00007ffff7de1c6a in _dl_start_final (arg=0x7fffffffec20) at rtld.c:308
#4  _dl_start (arg=0x7fffffffec20) at rtld.c:414
#5  0x00007ffff7dddbc8 in _start () from /opt/mpss/3.7/sysroots/k1om-mpss-linux/lib64/ld-linux-k1om.so.2
#6  0x0000000000000009 in ?? ()
#7  0x00007fffffffee2c in ?? ()
#8  0x00007fffffffee5a in ?? ()
#9  0x00007fffffffee5d in ?? ()
#10 0x00007fffffffee62 in ?? ()
#11 0x00007fffffffee65 in ?? ()
#12 0x00007fffffffee69 in ?? ()
#13 0x00007fffffffee6c in ?? ()
#14 0x00007fffffffeea2 in ?? ()
#15 0x00007fffffffeea5 in ?? ()
#16 0x0000000000000000 in ?? ()

2016-10-31 07:23:44:69	in dl-debug.c

2016-10-31 07:23:44:Backtrace END
2016-10-31 07:23:45:Thread name: None
2016-10-31 07:23:45:Thread num: 1
2016-10-31 07:23:45:Thread ptid: (29286, 29286, 0)
2016-10-31 07:23:45:bitFlip function
2016-10-31 07:23:45:Type: The type is an integer type.
2016-10-31 07:23:45:Type sizeof: 4
2016-10-31 07:23:45:Mem contents(hex):0x000x000x000x00
2016-10-31 07:23:45:base address to flip value: 0x7ffff7ffce48 
2016-10-31 07:23:45:address max offset: 4
2016-10-31 07:23:45:Memory content before bitflip:0x000x000x000x00
2016-10-31 07:23:45:Memory content after  bitflip:0x000x000x100x00
2016-10-31 07:23:45:Mem contents(hex):0x000x000x100x00
2016-10-31 07:23:45:frame name: _dl_sysdep_start
2016-10-31 07:23:45:symbol name: __libc_enable_secure
2016-10-31 07:23:45:symbol filename: ../elf/dl-sysdep.c
2016-10-31 07:23:45:symbol line: 57
2016-10-31 07:23:45:value: 1048576
2016-10-31 07:23:45:value address: 0x7ffff7ffce48 <__libc_enable_secure>
2016-10-31 07:23:45:Type: The type is an integer type.
2016-10-31 07:23:45:Type sizeof: 4
2016-10-31 07:23:45:Fault Injection Successful after 1.04914093018s
2016-10-31 07:23:45:Fault Already Injected
2016-10-31 07:23:46:Fault Already Injected
2016-10-31 07:23:47:Fault Already Injected
2016-10-31 07:23:47:Fault Already Injected
2016-10-31 07:23:48:Fault Already Injected
2016-10-31 07:23:49:Fault Already Injected
2016-10-31 07:23:50:Fault Already Injected
2016-10-31 07:23:51:Fault Already Injected
2016-10-31 07:23:54:event type: exit
2016-10-31 07:23:54:exit code: 0
