2017-01-24 05:31:18:Starting GDB script
2017-01-24 05:31:18:initSignal:4.0
2017-01-24 05:31:18:endSignal:6.0
2017-01-24 05:31:18:seqSignal:30
2017-01-24 05:31:23:sending 30 signals using command: 'ssh -T mic0 killall -2 lud_check' after 5.20814980178s
2017-01-24 05:31:23:sending 30 signals using command: 'ssh -T mic0 killall -2 lud_check' after 5.22732807939s
2017-01-24 05:31:23:sending 30 signals using command: 'ssh -T mic0 killall -2 lud_check' after 5.41755203254s
2017-01-24 05:31:24:shell stdout: 
2017-01-24 05:31:24:shell stdout: 
2017-01-24 05:31:25:shell stdout: 
2017-01-24 05:31:25:shell stdout: 
2017-01-24 05:31:25:shell stdout: 
2017-01-24 05:31:25:shell stdout: 
2017-01-24 05:31:25:shell stdout: 
2017-01-24 05:31:25:shell stdout: 
2017-01-24 05:31:25:shell stdout: 
2017-01-24 05:31:26:shell stdout: 
2017-01-24 05:31:26:shell stdout: 
2017-01-24 05:31:26:shell stdout: 
2017-01-24 05:31:26:shell stdout: 
2017-01-24 05:31:26:shell stdout: 
2017-01-24 05:31:26:shell stdout: 
2017-01-24 05:31:27:shell stdout: 
2017-01-24 05:31:27:shell stdout: 
2017-01-24 05:31:27:shell stdout: 
2017-01-24 05:31:27:shell stdout: 
2017-01-24 05:31:27:shell stdout: 
2017-01-24 05:31:27:shell stdout: 
2017-01-24 05:31:27:shell stdout: 
2017-01-24 05:31:28:shell stdout: 
2017-01-24 05:31:28:shell stdout: 
2017-01-24 05:31:28:shell stdout: 
2017-01-24 05:31:28:shell stdout: 
2017-01-24 05:31:28:shell stdout: 
2017-01-24 05:31:28:shell stdout: 
2017-01-24 05:31:28:shell stdout: 
2017-01-24 05:31:29:shell stdout: 
2017-01-24 05:31:29:shell stdout: 
2017-01-24 05:31:29:shell stdout: 
2017-01-24 05:31:29:shell stdout: 
2017-01-24 05:31:30:shell stdout: 
2017-01-24 05:31:30:shell stdout: 
2017-01-24 05:31:30:shell stdout: 
2017-01-24 05:31:30:shell stdout: 
2017-01-24 05:31:30:shell stdout: 
2017-01-24 05:31:31:shell stdout: 
2017-01-24 05:31:31:shell stdout: 
2017-01-24 05:31:31:shell stdout: 
2017-01-24 05:31:31:shell stdout: 
2017-01-24 05:31:32:shell stdout: 
2017-01-24 05:31:32:shell stdout: 
2017-01-24 05:31:32:shell stdout: 
2017-01-24 05:31:33:shell stdout: 
2017-01-24 05:31:33:shell stdout: 
2017-01-24 05:31:33:shell stdout: 
2017-01-24 05:31:33:shell stdout: 
2017-01-24 05:31:33:shell stdout: 
2017-01-24 05:31:33:shell stdout: 
2017-01-24 05:31:34:shell stdout: 
2017-01-24 05:31:34:shell stdout: 
2017-01-24 05:31:34:shell stdout: 
2017-01-24 05:31:34:shell stdout: 
2017-01-24 05:31:34:shell stdout: 
2017-01-24 05:31:34:shell stdout: 
2017-01-24 05:31:34:shell stdout: 
2017-01-24 05:31:34:shell stdout: 
2017-01-24 05:31:34:shell stdout: 
2017-01-24 05:31:35:shell stdout: 
2017-01-24 05:31:35:shell stdout: 
2017-01-24 05:31:35:shell stdout: 
2017-01-24 05:31:35:shell stdout: 
2017-01-24 05:31:35:shell stdout: 
2017-01-24 05:31:35:shell stdout: 
2017-01-24 05:31:36:shell stdout: 
2017-01-24 05:31:36:shell stdout: 
2017-01-24 05:31:36:shell stdout: 
2017-01-24 05:31:36:shell stdout: 
2017-01-24 05:31:36:shell stdout: 
2017-01-24 05:31:36:shell stdout: 
2017-01-24 05:31:36:shell stdout: 
2017-01-24 05:31:36:shell stdout: 
2017-01-24 05:31:37:shell stdout: 
2017-01-24 05:31:37:shell stdout: 
2017-01-24 05:31:37:shell stdout: 
2017-01-24 05:31:37:shell stdout: 
2017-01-24 05:31:37:shell stdout: 
2017-01-24 05:31:37:shell stdout: 
2017-01-24 05:31:37:shell stdout: 
2017-01-24 05:31:38:shell stdout: 
2017-01-24 05:31:38:shell stdout: 
2017-01-24 05:31:38:shell stdout: 
2017-01-24 05:31:38:shell stdout: 
2017-01-24 05:31:38:shell stdout: 
2017-01-24 05:31:38:shell stdout: 
2017-01-24 05:31:38:shell stdout: 
2017-01-24 05:31:39:shell stdout: 
2017-01-24 05:31:39:shell stdout: 
2017-01-24 05:31:39:no gdbExecName running, out:
2017-01-24 05:31:39:checCmd:ps -e | grep -i gdb-mic
2017-01-24 05:31:39:finished now-timestampStart < maxWaitTime*5
2017-01-24 05:31:39:now: 1485253898
2017-01-24 05:31:39:timestampStart: 1485253878
2017-01-24 05:31:39:kill cmd: killall -9 gdb-mic
2017-01-24 05:31:39:shell stdout: 
2017-01-24 05:31:39:kill cmd: ssh -T mic0 killall -9 lud_check
2017-01-24 05:31:39:shell stdout: 
2017-01-24 05:31:39:kill cmd: ssh -T mic0 killall -9 gdbserver
2017-01-24 05:31:39:shell stdout: 
2017-01-24 05:31:40:kill cmd: ssh -T mic0 killall -9 sshd
2017-01-24 05:31:40:shell stdout: 
