2017-01-24 02:34:45:Starting GDB script
2017-01-24 02:34:45:initSignal:0.0
2017-01-24 02:34:45:endSignal:2.0
2017-01-24 02:34:45:seqSignal:30
2017-01-24 02:34:45:sending 30 signals using command: 'ssh -T mic0 killall -2 lud_check' after 0.033763998419s
2017-01-24 02:34:45:shell stdout: 
2017-01-24 02:34:46:shell stdout: 
2017-01-24 02:34:46:sending 30 signals using command: 'ssh -T mic0 killall -2 lud_check' after 1.04770852911s
2017-01-24 02:34:46:sending 30 signals using command: 'ssh -T mic0 killall -2 lud_check' after 1.07747182796s
2017-01-24 02:34:46:shell stdout: 
2017-01-24 02:34:47:shell stdout: 
2017-01-24 02:34:47:shell stdout: 
2017-01-24 02:34:47:shell stdout: 
2017-01-24 02:34:47:shell stdout: 
2017-01-24 02:34:47:shell stdout: 
2017-01-24 02:34:47:shell stdout: 
2017-01-24 02:34:47:shell stdout: 
2017-01-24 02:34:47:shell stdout: 
2017-01-24 02:34:48:shell stdout: 
2017-01-24 02:34:48:shell stdout: 
2017-01-24 02:34:48:shell stdout: 
2017-01-24 02:34:48:shell stdout: 
2017-01-24 02:34:49:shell stdout: 
2017-01-24 02:34:49:shell stdout: 
2017-01-24 02:34:49:shell stdout: 
2017-01-24 02:34:50:shell stdout: 
2017-01-24 02:34:50:shell stdout: 
2017-01-24 02:34:50:shell stdout: 
2017-01-24 02:34:51:shell stdout: 
2017-01-24 02:34:51:shell stdout: 
2017-01-24 02:34:51:shell stdout: 
2017-01-24 02:34:52:shell stdout: 
2017-01-24 02:34:52:shell stdout: 
2017-01-24 02:34:52:shell stdout: 
2017-01-24 02:34:53:shell stdout: 
2017-01-24 02:34:53:shell stdout: 
2017-01-24 02:34:53:shell stdout: 
2017-01-24 02:34:53:shell stdout: 
2017-01-24 02:34:53:shell stdout: 
2017-01-24 02:34:53:shell stdout: 
2017-01-24 02:34:54:shell stdout: 
2017-01-24 02:34:54:shell stdout: 
2017-01-24 02:34:54:shell stdout: 
2017-01-24 02:34:55:shell stdout: 
2017-01-24 02:34:55:shell stdout: 
2017-01-24 02:34:55:shell stdout: 
2017-01-24 02:34:56:shell stdout: 
2017-01-24 02:34:56:shell stdout: 
2017-01-24 02:34:56:shell stdout: 
2017-01-24 02:34:57:shell stdout: 
2017-01-24 02:34:57:shell stdout: 
2017-01-24 02:34:57:shell stdout: 
2017-01-24 02:34:58:shell stdout: 
2017-01-24 02:34:58:shell stdout: 
2017-01-24 02:34:58:shell stdout: 
2017-01-24 02:34:59:shell stdout: 
2017-01-24 02:34:59:shell stdout: 
2017-01-24 02:34:59:shell stdout: 
2017-01-24 02:34:59:shell stdout: 
2017-01-24 02:34:59:shell stdout: 
2017-01-24 02:34:59:shell stdout: 
2017-01-24 02:35:00:shell stdout: 
2017-01-24 02:35:00:shell stdout: 
2017-01-24 02:35:00:shell stdout: 
2017-01-24 02:35:00:shell stdout: 
2017-01-24 02:35:00:shell stdout: 
2017-01-24 02:35:00:shell stdout: 
2017-01-24 02:35:01:shell stdout: 
2017-01-24 02:35:01:shell stdout: 
2017-01-24 02:35:01:shell stdout: 
2017-01-24 02:35:01:shell stdout: 
2017-01-24 02:35:01:shell stdout: 
2017-01-24 02:35:01:shell stdout: 
2017-01-24 02:35:01:shell stdout: 
2017-01-24 02:35:02:shell stdout: 
2017-01-24 02:35:02:shell stdout: 
2017-01-24 02:35:02:shell stdout: 
2017-01-24 02:35:02:shell stdout: 
2017-01-24 02:35:02:shell stdout: 
2017-01-24 02:35:02:shell stdout: 
2017-01-24 02:35:02:shell stdout: 
2017-01-24 02:35:02:shell stdout: 
2017-01-24 02:35:03:shell stdout: 
2017-01-24 02:35:03:shell stdout: 
2017-01-24 02:35:03:shell stdout: 
2017-01-24 02:35:03:shell stdout: 
2017-01-24 02:35:03:shell stdout: 
2017-01-24 02:35:03:shell stdout: 
2017-01-24 02:35:04:shell stdout: 
2017-01-24 02:35:04:shell stdout: 
2017-01-24 02:35:04:shell stdout: 
2017-01-24 02:35:04:shell stdout: 
2017-01-24 02:35:04:shell stdout: 
2017-01-24 02:35:04:shell stdout: 
2017-01-24 02:35:04:shell stdout: 
2017-01-24 02:35:05:shell stdout: 
2017-01-24 02:35:05:shell stdout: 
2017-01-24 02:35:05:no gdbExecName running, out:
2017-01-24 02:35:05:checCmd:ps -e | grep -i gdb-mic
2017-01-24 02:35:05:finished now-timestampStart < maxWaitTime*5
2017-01-24 02:35:05:now: 1485243304
2017-01-24 02:35:05:timestampStart: 1485243285
2017-01-24 02:35:05:kill cmd: killall -9 gdb-mic
2017-01-24 02:35:05:shell stdout: 
2017-01-24 02:35:05:kill cmd: ssh -T mic0 killall -9 lud_check
2017-01-24 02:35:05:shell stdout: 
2017-01-24 02:35:06:kill cmd: ssh -T mic0 killall -9 gdbserver
2017-01-24 02:35:06:shell stdout: 
2017-01-24 02:35:06:kill cmd: ssh -T mic0 killall -9 sshd
2017-01-24 02:35:06:shell stdout: 
