[INFO -- 2017-03-16 18:35:11]
Starting GDB script
[INFO -- 2017-03-16 18:35:11]
initSignal:0.0
[INFO -- 2017-03-16 18:35:11]
endSignal:4.0
[INFO -- 2017-03-16 18:35:11]
seqSignal:30
[INFO -- 2017-03-16 18:35:12]
sending 30 signals using command: 'ssh -T mic0 killall -2 needle_check' after 1.49530786264s
[INFO -- 2017-03-16 18:35:13]
sending 30 signals using command: 'ssh -T mic0 killall -2 needle_check' after 1.80584104822s
[INFO -- 2017-03-16 18:35:13]
shell stdout: 
[INFO -- 2017-03-16 18:35:13]
shell stdout: 
[INFO -- 2017-03-16 18:35:13]
shell stdout: 
[INFO -- 2017-03-16 18:35:13]
shell stdout: 
[INFO -- 2017-03-16 18:35:14]
sending 30 signals using command: 'ssh -T mic0 killall -2 needle_check' after 2.70252185379s
[INFO -- 2017-03-16 18:35:14]
shell stdout: 
[INFO -- 2017-03-16 18:35:14]
shell stdout: 
[INFO -- 2017-03-16 18:35:14]
shell stdout: 
[INFO -- 2017-03-16 18:35:14]
shell stdout: 
[INFO -- 2017-03-16 18:35:14]
shell stdout: 
[INFO -- 2017-03-16 18:35:14]
shell stdout: 
[INFO -- 2017-03-16 18:35:15]
shell stdout: 
[INFO -- 2017-03-16 18:35:15]
shell stdout: 
[INFO -- 2017-03-16 18:35:15]
shell stdout: 
[INFO -- 2017-03-16 18:35:15]
shell stdout: 
[INFO -- 2017-03-16 18:35:15]
shell stdout: 
[INFO -- 2017-03-16 18:35:15]
shell stdout: 
[INFO -- 2017-03-16 18:35:16]
shell stdout: 
[INFO -- 2017-03-16 18:35:16]
shell stdout: 
[INFO -- 2017-03-16 18:35:16]
shell stdout: 
[INFO -- 2017-03-16 18:35:16]
shell stdout: 
[INFO -- 2017-03-16 18:35:16]
shell stdout: 
[INFO -- 2017-03-16 18:35:16]
shell stdout: 
[INFO -- 2017-03-16 18:35:17]
shell stdout: 
[INFO -- 2017-03-16 18:35:17]
shell stdout: 
[INFO -- 2017-03-16 18:35:17]
shell stdout: 
[INFO -- 2017-03-16 18:35:17]
shell stdout: 
[INFO -- 2017-03-16 18:35:17]
shell stdout: 
[INFO -- 2017-03-16 18:35:17]
shell stdout: 
[INFO -- 2017-03-16 18:35:17]
shell stdout: 
[INFO -- 2017-03-16 18:35:18]
shell stdout: 
[INFO -- 2017-03-16 18:35:18]
shell stdout: 
[INFO -- 2017-03-16 18:35:18]
shell stdout: 
[INFO -- 2017-03-16 18:35:18]
shell stdout: 
[INFO -- 2017-03-16 18:35:18]
shell stdout: 
[INFO -- 2017-03-16 18:35:18]
shell stdout: 
[INFO -- 2017-03-16 18:35:18]
shell stdout: 
[INFO -- 2017-03-16 18:35:19]
shell stdout: 
[INFO -- 2017-03-16 18:35:19]
shell stdout: 
[INFO -- 2017-03-16 18:35:19]
shell stdout: 
[INFO -- 2017-03-16 18:35:19]
shell stdout: 
[INFO -- 2017-03-16 18:35:19]
shell stdout: 
[INFO -- 2017-03-16 18:35:19]
shell stdout: 
[INFO -- 2017-03-16 18:35:19]
shell stdout: 
[INFO -- 2017-03-16 18:35:20]
shell stdout: 
[INFO -- 2017-03-16 18:35:20]
shell stdout: 
[INFO -- 2017-03-16 18:35:20]
shell stdout: 
[INFO -- 2017-03-16 18:35:20]
shell stdout: 
[INFO -- 2017-03-16 18:35:20]
shell stdout: 
[INFO -- 2017-03-16 18:35:20]
shell stdout: 
[INFO -- 2017-03-16 18:35:20]
shell stdout: 
[INFO -- 2017-03-16 18:35:21]
shell stdout: 
[INFO -- 2017-03-16 18:35:21]
shell stdout: 
[INFO -- 2017-03-16 18:35:21]
shell stdout: 
[INFO -- 2017-03-16 18:35:21]
shell stdout: 
[INFO -- 2017-03-16 18:35:21]
shell stdout: 
[INFO -- 2017-03-16 18:35:21]
shell stdout: 
[INFO -- 2017-03-16 18:35:21]
shell stdout: 
[INFO -- 2017-03-16 18:35:22]
shell stdout: 
[INFO -- 2017-03-16 18:35:22]
shell stdout: 
[INFO -- 2017-03-16 18:35:22]
shell stdout: 
[INFO -- 2017-03-16 18:35:22]
shell stdout: 
[INFO -- 2017-03-16 18:35:22]
shell stdout: 
[INFO -- 2017-03-16 18:35:22]
shell stdout: 
[INFO -- 2017-03-16 18:35:22]
shell stdout: 
[INFO -- 2017-03-16 18:35:22]
shell stdout: 
[INFO -- 2017-03-16 18:35:23]
shell stdout: 
[INFO -- 2017-03-16 18:35:23]
shell stdout: 
[INFO -- 2017-03-16 18:35:23]
shell stdout: 
[INFO -- 2017-03-16 18:35:23]
shell stdout: 
[INFO -- 2017-03-16 18:35:23]
shell stdout: 
[INFO -- 2017-03-16 18:35:23]
shell stdout: 
[INFO -- 2017-03-16 18:35:24]
shell stdout: 
[INFO -- 2017-03-16 18:35:24]
shell stdout: 
[INFO -- 2017-03-16 18:35:24]
shell stdout: 
[INFO -- 2017-03-16 18:35:24]
shell stdout: 
[INFO -- 2017-03-16 18:35:24]
shell stdout: 
[INFO -- 2017-03-16 18:35:24]
shell stdout: 
[INFO -- 2017-03-16 18:35:24]
shell stdout: 
[INFO -- 2017-03-16 18:35:24]
shell stdout: 
[INFO -- 2017-03-16 18:35:24]
shell stdout: 
[INFO -- 2017-03-16 18:35:25]
shell stdout: 
[INFO -- 2017-03-16 18:35:25]
shell stdout: 
[INFO -- 2017-03-16 18:35:25]
shell stdout: 
[INFO -- 2017-03-16 18:35:25]
shell stdout: 
[INFO -- 2017-03-16 18:35:25]
shell stdout: 
[INFO -- 2017-03-16 18:35:25]
shell stdout: 
[INFO -- 2017-03-16 18:35:26]
shell stdout: 
[INFO -- 2017-03-16 18:35:26]
shell stdout: 
[INFO -- 2017-03-16 18:35:26]
shell stdout: 
[INFO -- 2017-03-16 18:35:26]
shell stdout: 
[INFO -- 2017-03-16 18:36:01]
no gdbExecName running, out:
[INFO -- 2017-03-16 18:36:01]
checCmd:ps -e | grep -i gdb-mic
[INFO -- 2017-03-16 18:36:01]
finished now-timestampStart < maxWaitTime*5
[INFO -- 2017-03-16 18:36:01]
now: 1489703759
[INFO -- 2017-03-16 18:36:01]
timestampStart: 1489703711
[INFO -- 2017-03-16 18:36:01]
kill cmd: killall -9 gdb-mic
[INFO -- 2017-03-16 18:36:01]
shell stdout: 
[INFO -- 2017-03-16 18:36:01]
kill cmd: ssh -T mic0 killall -9 needle_check
[INFO -- 2017-03-16 18:36:01]
shell stdout: 
[INFO -- 2017-03-16 18:36:02]
kill cmd: ssh -T mic0 killall -9 gdbserver
[INFO -- 2017-03-16 18:36:02]
shell stdout: 
[INFO -- 2017-03-16 18:36:02]
kill cmd: ssh -T mic0 killall -9 sshd
[INFO -- 2017-03-16 18:36:02]
shell stdout: 
