[INFO -- 2017-02-26 20:44:14]
Starting GDB script
[INFO -- 2017-02-26 20:44:14]
initSignal:0.0
[INFO -- 2017-02-26 20:44:14]
endSignal:3.0
[INFO -- 2017-02-26 20:44:14]
seqSignal:15
[INFO -- 2017-02-26 20:44:14]
sending 15 signals using command: 'ssh -T mic1 killall -2 hotspot_check' after 0.40712482618s
[INFO -- 2017-02-26 20:44:14]
sending 15 signals using command: 'ssh -T mic1 killall -2 hotspot_check' after 0.455798818224s
[INFO -- 2017-02-26 20:44:16]
shell stdout: 
[INFO -- 2017-02-26 20:44:16]
shell stdout: 
[INFO -- 2017-02-26 20:44:16]
sending 15 signals using command: 'ssh -T mic1 killall -2 hotspot_check' after 2.58332561651s
[INFO -- 2017-02-26 20:44:17]
shell stdout: 
[INFO -- 2017-02-26 20:44:17]
shell stdout: 
[INFO -- 2017-02-26 20:44:17]
shell stdout: 
[INFO -- 2017-02-26 20:44:17]
shell stdout: 
[INFO -- 2017-02-26 20:44:17]
shell stdout: 
[INFO -- 2017-02-26 20:44:18]
shell stdout: 
[INFO -- 2017-02-26 20:44:18]
shell stdout: 
[INFO -- 2017-02-26 20:44:18]
shell stdout: 
[INFO -- 2017-02-26 20:44:18]
shell stdout: 
[INFO -- 2017-02-26 20:44:18]
shell stdout: 
[INFO -- 2017-02-26 20:44:18]
shell stdout: 
[INFO -- 2017-02-26 20:44:18]
shell stdout: 
[INFO -- 2017-02-26 20:44:18]
shell stdout: 
[INFO -- 2017-02-26 20:44:18]
shell stdout: 
[INFO -- 2017-02-26 20:44:19]
shell stdout: 
[INFO -- 2017-02-26 20:44:19]
shell stdout: 
[INFO -- 2017-02-26 20:44:19]
shell stdout: 
[INFO -- 2017-02-26 20:44:19]
shell stdout: 
[INFO -- 2017-02-26 20:44:19]
shell stdout: 
[INFO -- 2017-02-26 20:44:19]
shell stdout: 
[INFO -- 2017-02-26 20:44:20]
shell stdout: 
[INFO -- 2017-02-26 20:44:20]
shell stdout: 
[INFO -- 2017-02-26 20:44:20]
shell stdout: 
[INFO -- 2017-02-26 20:44:20]
shell stdout: 
[INFO -- 2017-02-26 20:44:20]
shell stdout: 
[INFO -- 2017-02-26 20:44:20]
shell stdout: 
[INFO -- 2017-02-26 20:44:20]
shell stdout: 
[INFO -- 2017-02-26 20:44:21]
shell stdout: 
[INFO -- 2017-02-26 20:44:21]
shell stdout: 
[INFO -- 2017-02-26 20:44:21]
shell stdout: 
[INFO -- 2017-02-26 20:44:21]
shell stdout: 
[INFO -- 2017-02-26 20:44:21]
shell stdout: 
[INFO -- 2017-02-26 20:44:21]
shell stdout: 
[INFO -- 2017-02-26 20:44:21]
shell stdout: 
[INFO -- 2017-02-26 20:44:21]
shell stdout: 
[INFO -- 2017-02-26 20:44:22]
shell stdout: 
[INFO -- 2017-02-26 20:44:22]
shell stdout: 
[INFO -- 2017-02-26 20:44:22]
shell stdout: 
[INFO -- 2017-02-26 20:44:22]
shell stdout: 
[INFO -- 2017-02-26 20:44:22]
shell stdout: 
[INFO -- 2017-02-26 20:44:22]
shell stdout: 
[INFO -- 2017-02-26 20:44:22]
shell stdout: 
[INFO -- 2017-02-26 20:44:23]
shell stdout: 
[INFO -- 2017-02-26 20:44:53]
no gdbExecName running, out:
[INFO -- 2017-02-26 20:44:53]
checCmd:ps -e | grep -i gdb-mic
[INFO -- 2017-02-26 20:44:53]
finished now-timestampStart < maxWaitTime*5
[INFO -- 2017-02-26 20:44:53]
now: 1488159892
[INFO -- 2017-02-26 20:44:53]
timestampStart: 1488159854
[INFO -- 2017-02-26 20:44:53]
kill cmd: killall -9 gdb-mic
[INFO -- 2017-02-26 20:44:53]
shell stdout: 
[INFO -- 2017-02-26 20:44:54]
kill cmd: ssh -T mic1 killall -9 hotspot_check
[INFO -- 2017-02-26 20:44:54]
shell stdout: 
[INFO -- 2017-02-26 20:44:54]
kill cmd: ssh -T mic1 killall -9 gdbserver
[INFO -- 2017-02-26 20:44:54]
shell stdout: 
[INFO -- 2017-02-26 20:44:55]
kill cmd: ssh -T mic1 killall -9 sshd
[INFO -- 2017-02-26 20:44:55]
shell stdout: 
