2017-02-22 04:11:46:Starting GDB script
2017-02-22 04:11:46:initSignal:12.0
2017-02-22 04:11:46:endSignal:17.0
2017-02-22 04:11:46:seqSignal:30
2017-02-22 04:11:58:sending 30 signals using command: 'ssh -T mic0 killall -2 needle_check' after 12.1845700901s
2017-02-22 04:11:59:shell stdout: 
2017-02-22 04:11:59:shell stdout: 
2017-02-22 04:11:59:sending 30 signals using command: 'ssh -T mic0 killall -2 needle_check' after 13.1060473567s
2017-02-22 04:11:59:shell stdout: 
2017-02-22 04:11:59:shell stdout: 
2017-02-22 04:12:00:shell stdout: 
2017-02-22 04:12:00:shell stdout: 
2017-02-22 04:12:00:sending 30 signals using command: 'ssh -T mic0 killall -2 needle_check' after 14.1198831764s
2017-02-22 04:12:00:shell stdout: 
2017-02-22 04:12:00:shell stdout: 
2017-02-22 04:12:01:shell stdout: 
2017-02-22 04:12:01:shell stdout: 
2017-02-22 04:12:01:shell stdout: 
2017-02-22 04:12:01:shell stdout: 
2017-02-22 04:12:01:shell stdout: 
2017-02-22 04:12:01:shell stdout: 
2017-02-22 04:12:01:shell stdout: 
2017-02-22 04:12:01:shell stdout: 
2017-02-22 04:12:01:shell stdout: 
2017-02-22 04:12:02:shell stdout: 
2017-02-22 04:12:02:shell stdout: 
2017-02-22 04:12:02:shell stdout: 
2017-02-22 04:12:02:shell stdout: 
2017-02-22 04:12:02:shell stdout: 
2017-02-22 04:12:02:shell stdout: 
2017-02-22 04:12:03:shell stdout: 
2017-02-22 04:12:03:shell stdout: 
2017-02-22 04:12:03:shell stdout: 
2017-02-22 04:12:03:shell stdout: 
2017-02-22 04:12:03:shell stdout: 
2017-02-22 04:12:03:shell stdout: 
2017-02-22 04:12:03:shell stdout: 
2017-02-22 04:12:04:shell stdout: 
2017-02-22 04:12:04:shell stdout: 
2017-02-22 04:12:04:shell stdout: 
2017-02-22 04:12:04:shell stdout: 
2017-02-22 04:12:04:shell stdout: 
2017-02-22 04:12:04:shell stdout: 
2017-02-22 04:12:04:shell stdout: 
2017-02-22 04:12:04:shell stdout: 
2017-02-22 04:12:05:shell stdout: 
2017-02-22 04:12:05:shell stdout: 
2017-02-22 04:12:05:shell stdout: 
2017-02-22 04:12:05:shell stdout: 
2017-02-22 04:12:05:shell stdout: 
2017-02-22 04:12:05:shell stdout: 
2017-02-22 04:12:05:shell stdout: 
2017-02-22 04:12:06:shell stdout: 
2017-02-22 04:12:06:shell stdout: 
2017-02-22 04:12:06:shell stdout: 
2017-02-22 04:12:06:shell stdout: 
2017-02-22 04:12:06:shell stdout: 
2017-02-22 04:12:06:shell stdout: 
2017-02-22 04:12:06:shell stdout: 
2017-02-22 04:12:07:shell stdout: 
2017-02-22 04:12:07:shell stdout: 
2017-02-22 04:12:07:shell stdout: 
2017-02-22 04:12:07:shell stdout: 
2017-02-22 04:12:07:shell stdout: 
2017-02-22 04:12:07:shell stdout: 
2017-02-22 04:12:07:shell stdout: 
2017-02-22 04:12:07:shell stdout: 
2017-02-22 04:12:08:shell stdout: 
2017-02-22 04:12:08:shell stdout: 
2017-02-22 04:12:08:shell stdout: 
2017-02-22 04:12:08:shell stdout: 
2017-02-22 04:12:08:shell stdout: 
2017-02-22 04:12:08:shell stdout: 
2017-02-22 04:12:09:shell stdout: 
2017-02-22 04:12:09:shell stdout: 
2017-02-22 04:12:09:shell stdout: 
2017-02-22 04:12:09:shell stdout: 
2017-02-22 04:12:09:shell stdout: 
2017-02-22 04:12:09:shell stdout: 
2017-02-22 04:12:09:shell stdout: 
2017-02-22 04:12:09:shell stdout: 
2017-02-22 04:12:10:shell stdout: 
2017-02-22 04:12:10:shell stdout: 
2017-02-22 04:12:10:shell stdout: 
2017-02-22 04:12:10:shell stdout: 
2017-02-22 04:12:10:shell stdout: 
2017-02-22 04:12:10:shell stdout: 
2017-02-22 04:12:10:shell stdout: 
2017-02-22 04:12:11:shell stdout: 
2017-02-22 04:12:11:shell stdout: 
2017-02-22 04:12:11:shell stdout: 
2017-02-22 04:12:11:shell stdout: 
2017-02-22 04:12:11:shell stdout: 
2017-02-22 04:12:12:shell stdout: 
2017-02-22 04:12:12:shell stdout: 
2017-02-22 04:12:12:shell stdout: 
2017-02-22 04:12:12:shell stdout: 
2017-02-22 04:12:31:no gdbExecName running, out:
2017-02-22 04:12:31:checCmd:ps -e | grep -i gdb-mic
2017-02-22 04:12:31:finished now-timestampStart < maxWaitTime*5
2017-02-22 04:12:31:now: 1487754749
2017-02-22 04:12:31:timestampStart: 1487754706
2017-02-22 04:12:31:kill cmd: killall -9 gdb-mic
2017-02-22 04:12:31:shell stdout: 
2017-02-22 04:12:31:kill cmd: ssh -T mic0 killall -9 needle_check
2017-02-22 04:12:31:shell stdout: 
2017-02-22 04:12:32:kill cmd: ssh -T mic0 killall -9 gdbserver
2017-02-22 04:12:32:shell stdout: 
2017-02-22 04:12:32:kill cmd: ssh -T mic0 killall -9 sshd
2017-02-22 04:12:32:shell stdout: 
