#HEADER matrix_dim:2048 threads:228 block_size:16 block_offset:12
#BEGIN Y:2017 M:01 D:25 Time:01:06:08
#IT Ite:0 KerTime:36.824594 AccTime:36.824594
#ERR  p: [896, 0], r: 7.5792998504634741e+33, e: 6.9037587560125336e+33
#ERR  p: [896, 9], r: -5.3104975432835175e+33, e: -3.8702612299890882e+33
#ERR  p: [897, 0], r: 1.9426012238837906e+34, e: 2.0394549652639725e+34
#ERR  p: [897, 9], r: -3.6848078195889650e+34, e: -3.7991158500240949e+34
#ERR  p: [898, 0], r: -1.6236665740772858e+34, e: -1.7735960637848402e+34
#ERR  p: [898, 9], r: -3.0578755732562906e+34, e: -3.1207420515459569e+34
#ERR  p: [899, 0], r: 2.5997820969542909e+34, e: 2.5275861378948669e+34
#ERR  p: [899, 9], r: 2.4539202373582428e+34, e: 2.6183056967497672e+34
#ERR  p: [900, 0], r: 2.3682006266494780e+34, e: 2.5231954244504026e+34
#ERR  p: [900, 9], r: 1.1805674975486993e+34, e: 1.3229950371458025e+34
#ERR  p: [901, 0], r: -1.5200042550145154e+34, e: -1.7173544479059762e+34
#ERR  p: [901, 9], r: 5.0159636457112737e+34, e: 4.8999453101869923e+34
#ERR  p: [902, 0], r: 1.7069569432720313e+34, e: 1.6077743230221215e+34
#ERR  p: [902, 9], r: -2.9636891465746623e+34, e: -3.0058434749437485e+34
#ERR  p: [903, 0], r: 7.0491086247181988e+33, e: 1.0231830273326996e+34
#ERR  p: [903, 9], r: 1.4417993810692260e+34, e: 1.3688178530479778e+34
#ERR  p: [904, 0], r: -2.5681884721015714e+34, e: -2.5875241301507193e+34
#ERR  p: [904, 9], r: 2.7212983261801726e+34, e: 2.6848531643062406e+34
#ERR  p: [905, 0], r: 1.8320542461891407e+34, e: 1.9172022905340839e+34
#ERR  p: [905, 9], r: -1.1739562011544901e+34, e: -7.1967872537485222e+33
#ERR  p: [906, 0], r: -4.2098883237824168e+34, e: -4.2548127429855283e+34
#ERR  p: [906, 9], r: -2.5871473154194917e+34, e: -2.6691981143678653e+34
#ERR  p: [907, 0], r: -2.2054352064253446e+34, e: -2.1190370333917498e+34
#ERR  p: [907, 9], r: -1.5271163706541064e+34, e: -1.8215552330526039e+34
#ERR  p: [908, 0], r: -1.5699645203814271e+34, e: -1.2044050312082681e+34
#ERR  p: [908, 9], r: 3.1552033948460661e+33, e: 1.1428991801222613e+34
#ERR  p: [909, 0], r: -1.4772688715964977e+34, e: -1.3494066954310220e+34
#ERR  p: [909, 9], r: -1.9806774280213899e+34, e: -1.9593921451017801e+34
#ERR  p: [910, 0], r: -3.8848490656199083e+34, e: -3.6732151655830083e+34
#ERR  p: [910, 9], r: -3.0273799258725850e+34, e: -2.8548696360181633e+34
#ERR  p: [911, 0], r: 4.5904789197989251e+32, e: 3.1466760550189929e+33
#ERR  p: [911, 9], r: -1.3956682845183385e+33, e: -4.5393406547553025e+32
#ERR  p: [896, 1], r: 2.2548027413342922e+34, e: 2.3867670013985049e+34
#ERR  p: [896, 10], r: 1.0217747772867020e+34, e: 1.0867759964535228e+34
#ERR  p: [897, 1], r: -1.2683301533158832e+34, e: -8.8159701132390924e+33
#ERR  p: [897, 10], r: -2.1234338803772134e+34, e: -2.0192982178077003e+34
#ERR  p: [898, 1], r: -2.6368790138624806e+34, e: -2.7044429243510711e+34
#ERR  p: [898, 10], r: 2.9375635247350892e+34, e: 2.6815961531217373e+34
#ERR  p: [899, 1], r: 1.4780700597797195e+34, e: 1.4372212570144925e+34
#ERR  p: [899, 10], r: -3.4777958822933415e+33, e: -5.4244827419776946e+33
#ERR  p: [900, 1], r: -2.3380251152106472e+34, e: -2.4116121073548136e+34
#ERR  p: [900, 10], r: -1.8629955737856739e+34, e: -1.7791253019993962e+34
#ERR  p: [901, 1], r: -3.7674040444648783e+34, e: -3.8904093680392821e+34
#ERR  p: [901, 10], r: -1.3581637777350024e+33, e: 4.8611606799000825e+32
#ERR  p: [902, 1], r: -8.3491317594983194e+33, e: -7.7732069813674138e+33
#ERR  p: [902, 10], r: 2.3469047763410055e+33, e: -1.7904423552102119e+33
#ERR  p: [903, 1], r: 2.2802078502090784e+34, e: 2.3723925097654392e+34
#ERR  p: [903, 10], r: 4.3405574212269242e+34, e: 4.4968888847695857e+34
#ERR  p: [904, 1], r: -2.5971619684727503e+34, e: -2.5307295191731276e+34
#ERR  p: [904, 10], r: -2.0452681205490213e+33, e: -5.5851061766592942e+33
#ERR  p: [905, 1], r: -1.5073208831906343e+34, e: -1.5175911226971327e+34
#ERR  p: [905, 10], r: -1.6133759848499864e+34, e: -1.7033194147976032e+34
#ERR  p: [906, 1], r: 2.2976958614721475e+34, e: 2.5141816572787724e+34
#ERR  p: [906, 10], r: 4.7859806277330426e+34, e: 4.5475252618301399e+34
#ERR  p: [907, 1], r: -1.5473821954462637e+34, e: -1.3487617622159921e+34
#ERR  p: [907, 10], r: -2.0361272971206107e+34, e: -2.0375051753571881e+34
#ERR  p: [908, 1], r: 8.7581339027328368e+33, e: 1.2724557583811417e+34
#ERR  p: [908, 10], r: -4.0997888794702671e+34, e: -4.1696586813215075e+34
#ERR  p: [909, 1], r: -1.7231330626594597e+34, e: -1.4841244895352432e+34
#ERR  p: [909, 10], r: 4.4279455589904710e+34, e: 4.3238935701743240e+34
#ERR  p: [910, 1], r: -2.7448676285913160e+34, e: -2.6586037417623164e+34
#ERR  p: [910, 10], r: 3.3825515146668349e+34, e: 3.2482007037741898e+34
#ERR  p: [911, 1], r: 5.2387931372135929e+33, e: 6.6189944708223593e+33
#ERR  p: [911, 10], r: 3.1610657991530168e+34, e: 3.1948457218294396e+34
#ERR  p: [896, 2], r: -1.1137037900166145e+34, e: -1.1561573614505339e+34
#ERR  p: [896, 11], r: -3.1462455007264857e+34, e: -3.1277114672379209e+34
#ERR  p: [897, 2], r: -1.5173428411289263e+34, e: -1.3160005041835393e+34
#ERR  p: [897, 11], r: -6.9203978601115698e+31, e: 1.7195981646334695e+33
#ERR  p: [898, 2], r: -1.0718062378396336e+34, e: -1.1648092893091736e+34
#ERR  p: [898, 11], r: -4.2236968638765005e+33, e: -6.9654162198800578e+33
#ERR  p: [899, 2], r: -2.1315052799016291e+34, e: -2.2883597303496702e+34
#ERR  p: [899, 11], r: -4.5087346463623109e+34, e: -4.6400969281560306e+34
#ERR  p: [900, 2], r: -4.0267153424847551e+34, e: -3.6983007694215218e+34
#ERR  p: [900, 11], r: -1.7433378737668135e+34, e: -1.8975762138849124e+34
#ERR  p: [901, 2], r: -3.7672342474812511e+33, e: -5.4293975343114521e+33
#ERR  p: [901, 11], r: 1.7614859575180652e+34, e: 2.0572262633383154e+34
#ERR  p: [902, 2], r: -2.5924849267056906e+34, e: -2.7891110175731890e+34
#ERR  p: [902, 11], r: 2.3446890566955745e+33, e: -9.3228017688408644e+32
#ERR  p: [903, 2], r: -5.7607385182144515e+34, e: -5.7303570623712532e+34
#ERR  p: [903, 11], r: 1.4208701533122745e+34, e: 1.3749615019638352e+34
#ERR  p: [904, 2], r: 2.5159424021668150e+34, e: 2.5476748426910365e+34
#ERR  p: [904, 11], r: -5.0826333650673677e+34, e: -5.6359998844123659e+34
#ERR  p: [905, 2], r: -1.4851150765179564e+34, e: -1.5101362024007937e+34
#ERR  p: [905, 11], r: -4.0728813435907695e+33, e: -7.0620552738492804e+33
#ERR  p: [906, 2], r: 7.7059243591192760e+33, e: 1.0788074603734120e+34
#ERR  p: [906, 11], r: -6.9136981620930970e+33, e: -6.5295276876958981e+33
#ERR  p: [907, 2], r: -3.4466968401573516e+34, e: -3.0760375954300188e+34
#ERR  p: [907, 11], r: 3.7335480295637066e+34, e: 3.5289736160585737e+34
#ERR  p: [908, 2], r: 4.7272050983404865e+33, e: 5.2610132098725919e+33
#ERR  p: [908, 11], r: 1.0924327488062877e+34, e: 1.1832573395117971e+34
#ERR  p: [909, 2], r: 1.7068983672989172e+34, e: 1.9136072473810574e+34
#ERR  p: [909, 11], r: 2.0957631034596790e+34, e: 1.7871149502419640e+34
#ERR  p: [910, 2], r: 8.5980123664899934e+34, e: 8.4485787374057184e+34
#ERR  p: [910, 11], r: 4.4398549900289192e+33, e: 2.8571171867242292e+33
#ERR  p: [911, 2], r: 6.2846776094512172e+33, e: 5.6421232181866911e+33
#ERR  p: [911, 11], r: 1.1454545742162961e+34, e: 9.2040850906666911e+33
#ERR  p: [896, 3], r: -3.1608738370578880e+34, e: -3.4194282730221702e+34
#ERR  p: [896, 12], r: -5.6449712170410672e+34, e: -5.4703520780853968e+34
#ERR  p: [897, 3], r: 2.2871345912027061e+34, e: 2.2419460633690155e+34
#ERR  p: [897, 12], r: -2.7393887502862761e+34, e: -2.6662587775677238e+34
#ERR  p: [898, 3], r: 6.4309653893870430e+33, e: 7.1333620149267176e+33
#ERR  p: [898, 12], r: 5.5383609051898710e+34, e: 5.3071603870857244e+34
#ERR  p: [899, 3], r: 1.2973560921912868e+34, e: 1.4696714507665707e+34
#ERR  p: [899, 12], r: 3.8958972854736774e+34, e: 3.6868761893780367e+34
#ERR  p: [900, 3], r: -1.8594940668045834e+34, e: -2.1215818917933450e+34
#ERR  p: [900, 12], r: 1.5833337666576863e+34, e: 1.6895306361608512e+34
#ERR  p: [901, 3], r: 1.6818823302792313e+34, e: 1.4933540410346547e+34
#ERR  p: [901, 12], r: 4.3568543852465257e+34, e: 4.3473523755531871e+34
#ERR  p: [902, 3], r: -5.5934989779815429e+33, e: -4.7291351510246296e+33
#ERR  p: [902, 12], r: 3.4140707948908873e+34, e: 3.3510395509426884e+34
#ERR  p: [903, 3], r: -5.0879374640731450e+34, e: -5.2933305622626539e+34
#ERR  p: [903, 12], r: 5.0426778622428237e+33, e: 3.0061248733392513e+33
#ERR  p: [904, 3], r: -1.0328338083441284e+34, e: -1.1054007467851688e+34
#ERR  p: [904, 12], r: -2.5829705482872649e+33, e: -4.5163819733472034e+33
#ERR  p: [905, 3], r: -2.3958677525458887e+34, e: -2.3051494306014102e+34
#ERR  p: [905, 12], r: -1.3346272990882014e+34, e: -1.6692678819219586e+34
#ERR  p: [906, 3], r: 2.1073426561894443e+34, e: 2.1532621108837685e+34
#ERR  p: [906, 12], r: -9.6891935686399707e+33, e: -5.8680877553246556e+33
#ERR  p: [907, 3], r: 2.7677968223845362e+34, e: 2.5903574567096910e+34
#ERR  p: [907, 12], r: 1.5733278621741166e+34, e: 1.6465340821092207e+34
#ERR  p: [908, 3], r: 3.5914400387957390e+34, e: 3.5574215818843043e+34
#ERR  p: [908, 12], r: 1.5719473172252952e+34, e: 1.6647207534453179e+34
#ERR  p: [909, 3], r: -3.3300124180750683e+33, e: -5.7711084329421485e+33
#ERR  p: [909, 12], r: -9.9464478492045928e+33, e: -1.3243379144612759e+34
#ERR  p: [910, 3], r: -4.3063046329976604e+33, e: -3.1812560887910141e+33
#ERR  p: [910, 12], r: -5.7755635679288657e+33, e: -7.5053941556279970e+33
#ERR  p: [911, 3], r: -1.2908828578667477e+34, e: -1.4217397248115940e+34
#ERR  p: [911, 12], r: 3.1662010861955544e+34, e: 2.8002931290418640e+34
#ERR  p: [896, 4], r: 1.0399387434262448e+34, e: 1.4188200924775059e+34
#ERR  p: [896, 13], r: -4.9876022778136170e+34, e: -5.0861521852267591e+34
#ERR  p: [897, 4], r: 2.2785827466485531e+34, e: 2.1746489129233485e+34
#ERR  p: [897, 13], r: 4.4657341538261147e+33, e: 2.5340647038740512e+33
#ERR  p: [898, 4], r: -2.7867311859481386e+31, e: -3.7488977974650680e+33
#ERR  p: [898, 13], r: -1.0138146049285678e+34, e: -1.0364444953338612e+34
#ERR  p: [899, 4], r: -3.6093342608761558e+34, e: -4.2824233539578968e+34
#ERR  p: [899, 13], r: 9.7205379569330481e+33, e: 9.7047119655851942e+33
#ERR  p: [900, 4], r: -8.0665327274216391e+32, e: 5.9369300622365006e+33
#ERR  p: [900, 13], r: 2.6051466337941414e+34, e: 2.8000807852275381e+34
#ERR  p: [901, 4], r: -2.1648952175192071e+34, e: -2.0132400840054631e+34
#ERR  p: [901, 13], r: -4.9424469159571063e+34, e: -5.0908166095393074e+34
#ERR  p: [902, 4], r: 2.6656526096746510e+34, e: 2.2635634999473031e+34
#ERR  p: [902, 13], r: -8.8829084150196123e+33, e: -9.5505605283851265e+33
#ERR  p: [903, 4], r: 2.9614116563465605e+34, e: 2.6088268877971884e+34
#ERR  p: [903, 13], r: -1.8695457939933021e+34, e: -1.7989146019179322e+34
#ERR  p: [904, 4], r: -3.5263554550501600e+34, e: -3.8883246179141902e+34
#ERR  p: [904, 13], r: 1.5720849244017810e+34, e: 1.4928595592925468e+34
#ERR  p: [905, 4], r: 1.3979584811974618e+34, e: 1.2284257388275151e+34
#ERR  p: [905, 13], r: 2.9221515609034539e+34, e: 2.6507362625819364e+34
#ERR  p: [906, 4], r: 1.7654620771872002e+33, e: -4.0288048119519077e+32
#ERR  p: [906, 13], r: -1.1367210901457319e+34, e: -1.1965947512547147e+34
#ERR  p: [907, 4], r: -3.2099511105000761e+33, e: 5.5864854428829335e+32
#ERR  p: [907, 13], r: -1.2305096829796656e+34, e: -1.2602796987386882e+34
#ERR  p: [908, 4], r: -5.4151283194900316e+34, e: -5.3915297514681998e+34
#ERR  p: [908, 13], r: 3.1404089447649746e+34, e: 3.1350762768851579e+34
#ERR  p: [909, 4], r: 1.3229466288583118e+34, e: 1.0760078523613880e+34
#ERR  p: [909, 13], r: -5.1139243807340996e+33, e: -7.6757774211203524e+33
#ERR  p: [910, 4], r: -2.3696646180926622e+33, e: -7.9460793872246130e+33
#ERR  p: [910, 13], r: -4.1352294181067392e+34, e: -4.2266912246979262e+34
#ERR  p: [911, 4], r: -1.9514646923710062e+32, e: -2.2168014272601024e+33
#ERR  p: [911, 13], r: 4.9617191755476342e+34, e: 5.0434729958713609e+34
#ERR  p: [896, 5], r: -3.7895862037368309e+34, e: -3.6700018593424662e+34
#ERR  p: [896, 14], r: -1.7551748093645664e+34, e: -1.7124052308808520e+34
#ERR  p: [897, 5], r: 1.3675033415705305e+34, e: 1.4784153633948077e+34
#ERR  p: [897, 14], r: 4.7093050726723544e+34, e: 4.7286052894619152e+34
#ERR  p: [898, 5], r: -2.8135806059884587e+34, e: -2.9179785751254070e+34
#ERR  p: [898, 14], r: -2.4077735749516542e+34, e: -2.5618150209934909e+34
#ERR  p: [899, 5], r: -2.5130833301129186e+34, e: -2.4977962903137998e+34
#ERR  p: [899, 14], r: -6.3974646700866368e+33, e: -4.8394681863288863e+33
#ERR  p: [900, 5], r: 1.2701344850610639e+34, e: 1.2930455455651759e+34
#ERR  p: [900, 14], r: 4.6452931891220079e+33, e: 3.7898280331204730e+33
#ERR  p: [901, 5], r: 5.4273650959984022e+34, e: 5.4940157905490794e+34
#ERR  p: [901, 14], r: 6.9417243701594690e+33, e: 5.7602191680725247e+33
#ERR  p: [902, 5], r: -8.5412283751059825e+33, e: -1.1423818218852651e+34
#ERR  p: [902, 14], r: -1.6615180887706738e+34, e: -1.7722517502828505e+34
#ERR  p: [903, 5], r: -8.8631072905540602e+33, e: -8.5997386640231465e+33
#ERR  p: [903, 14], r: -2.6412121152617828e+34, e: -2.5486503319225092e+34
#ERR  p: [904, 5], r: 2.9566770375433807e+33, e: 1.5614563704444205e+33
#ERR  p: [904, 14], r: -2.2634475802199017e+34, e: -2.3507426757956970e+34
#ERR  p: [905, 5], r: 2.0544670877943308e+34, e: 2.0736239788773194e+34
#ERR  p: [905, 14], r: -2.1309342167399024e+34, e: -2.1285117241473292e+34
#ERR  p: [906, 5], r: 5.3143231887419891e+34, e: 5.2056743424935779e+34
#ERR  p: [906, 14], r: -6.9842373080355596e+33, e: -9.1205619886243474e+33
#ERR  p: [907, 5], r: -4.0116160349265798e+34, e: -3.8276676664523915e+34
#ERR  p: [907, 14], r: -4.9398074093076864e+34, e: -5.0579796465585253e+34
#ERR  p: [908, 5], r: -3.2559594019847050e+34, e: -3.5447561908809828e+34
#ERR  p: [908, 14], r: -3.4362076545070429e+34, e: -3.1975566625414246e+34
#ERR  p: [909, 5], r: -2.7124080194437107e+34, e: -2.7490436458214498e+34
#ERR  p: [909, 14], r: -2.7404018713487568e+34, e: -3.0365138216680524e+34
#ERR  p: [910, 5], r: -3.6315115592612090e+34, e: -3.8029781931749208e+34
#ERR  p: [910, 14], r: 1.5155984811748758e+34, e: 1.3671599482370051e+34
#ERR  p: [911, 5], r: 3.3534594695665649e+34, e: 3.2197532776997568e+34
#ERR  p: [911, 14], r: 3.3737798556087251e+33, e: 4.0243299869084852e+33
#ERR  p: [896, 6], r: 2.2654247922570766e+33, e: 2.5305225944996839e+33
#ERR  p: [896, 15], r: -2.9961319379711099e+34, e: -2.6738684570762620e+34
#ERR  p: [897, 6], r: 2.2576341459851172e+34, e: 2.2878413104165691e+34
#ERR  p: [897, 15], r: 1.3579841939994393e+34, e: 1.1939694118132525e+34
#ERR  p: [898, 6], r: 2.0620273449236157e+34, e: 2.1035874015264433e+34
#ERR  p: [898, 15], r: 3.9580986111336273e+34, e: 3.8838518960043074e+34
#ERR  p: [899, 6], r: 3.3438126444602900e+34, e: 3.1141600844372773e+34
#ERR  p: [899, 15], r: 3.3504209706616390e+34, e: 2.9480634670397871e+34
#ERR  p: [900, 6], r: -1.5141023330372969e+34, e: -1.6016355650937045e+34
#ERR  p: [900, 15], r: 2.4922717670385893e+34, e: 2.9041518102120099e+34
#ERR  p: [901, 6], r: -4.4832350071489079e+34, e: -4.4097314449902982e+34
#ERR  p: [901, 15], r: 2.1144915458702000e+34, e: 2.0644725401493161e+34
#ERR  p: [902, 6], r: -1.3622489744307202e+34, e: -1.3162664227067655e+34
#ERR  p: [902, 15], r: -8.0043413228028096e+33, e: -8.3579324430279196e+33
#ERR  p: [903, 6], r: 2.7382881878389397e+34, e: 2.3155170952959894e+34
#ERR  p: [903, 15], r: 7.7526957848485775e+32, e: -1.5533489678474970e+33
#ERR  p: [904, 6], r: -8.2026471259160807e+32, e: -3.2524328292569359e+33
#ERR  p: [904, 15], r: 2.1926277239198092e+34, e: 2.3159596469443928e+34
#ERR  p: [905, 6], r: -1.4213078947377560e+34, e: -1.8302081890898477e+34
#ERR  p: [905, 15], r: 3.1871862428928167e+34, e: 3.4193936696470261e+34
#ERR  p: [906, 6], r: 3.3907161142550430e+34, e: 3.6734691515085573e+34
#ERR  p: [906, 15], r: 7.8189958657479016e+33, e: 6.0287348510314850e+33
#ERR  p: [907, 6], r: 3.6384115695493401e+34, e: 3.7694030942936310e+34
#ERR  p: [907, 15], r: -5.9709398027707578e+33, e: -5.0665727524208663e+33
#ERR  p: [908, 6], r: -1.1495348367313995e+34, e: -1.3943805600507652e+34
#ERR  p: [908, 15], r: 3.5221089924858663e+33, e: 4.0818428690681083e+33
#ERR  p: [909, 6], r: -5.8365802721284330e+33, e: -8.3745109390630517e+33
#ERR  p: [909, 15], r: 1.7971403088398262e+34, e: 1.8378782035691702e+34
#ERR  p: [910, 6], r: -1.3775636124913528e+34, e: -1.4467436435396539e+34
#ERR  p: [910, 15], r: -2.9707969965262765e+34, e: -3.1155237662580443e+34
#ERR  p: [911, 6], r: -1.0769037414696965e+34, e: -1.2391641886098555e+34
#ERR  p: [911, 15], r: -2.5824386220045924e+34, e: -2.4702645803829515e+34
#ERR  p: [896, 7], r: -1.3437993091051198e+34, e: -1.3304532055387958e+34
#ERR  p: [897, 7], r: 2.1397859890186341e+33, e: 2.0457048370752877e+33
#ERR  p: [898, 7], r: -3.5554345326670262e+34, e: -3.6149348575368055e+34
#ERR  p: [899, 7], r: -3.2177536274170813e+34, e: -3.5881529860105259e+34
#ERR  p: [900, 7], r: -3.8335395231600842e+34, e: -3.3663750204668028e+34
#ERR  p: [901, 7], r: -3.5953196582685008e+34, e: -3.9349048251558366e+34
#ERR  p: [902, 7], r: -2.9430846126779073e+34, e: -3.0556357236448829e+34
#ERR  p: [903, 7], r: -1.2898917189341522e+34, e: -1.9739703421433806e+34
#ERR  p: [904, 7], r: 1.4901829759959144e+34, e: 1.4144773864599233e+34
#ERR  p: [905, 7], r: -1.4598861184107131e+34, e: -1.4500483534744930e+34
#ERR  p: [906, 7], r: 2.6165635948740608e+34, e: 2.8098034089462975e+34
#ERR  p: [907, 7], r: 4.5460152518591620e+34, e: 5.0157861399597884e+34
#ERR  p: [908, 7], r: -1.1805475209613182e+34, e: -1.0878413504297891e+34
#ERR  p: [909, 7], r: 4.4348507859525786e+33, e: 2.5471214585983998e+33
#ERR  p: [910, 7], r: 2.5739212827313791e+33, e: -2.0774094153498342e+33
#ERR  p: [911, 7], r: 2.6525866633752700e+33, e: 4.9356811629104945e+32
#ERR  p: [896, 8], r: -1.1849438781699452e+34, e: -1.2277419945545270e+34
#ERR  p: [897, 8], r: 2.9287666881550361e+34, e: 3.0015679173090205e+34
#ERR  p: [898, 8], r: 3.1071984476161074e+34, e: 3.1913566780405755e+34
#ERR  p: [899, 8], r: 2.4587933514736511e+34, e: 2.1330692859657483e+34
#ERR  p: [900, 8], r: -1.8583730552256276e+34, e: -1.5959085260847892e+34
#ERR  p: [901, 8], r: -1.0045140572750873e+34, e: -1.2480762364375922e+34
#ERR  p: [902, 8], r: -2.1800349933101410e+34, e: -2.1980893670736641e+34
#ERR  p: [903, 8], r: -3.6715849233274772e+33, e: -6.4669759219069426e+33
#ERR  p: [904, 8], r: -3.2503897479334771e+34, e: -3.0415536081573209e+34
#ERR  p: [905, 8], r: -2.7729376781054110e+34, e: -3.1083312538739716e+34
#ERR  p: [906, 8], r: 2.1808712454524006e+34, e: 2.4712816120589697e+34
#ERR  p: [907, 8], r: 3.8020530226993494e+34, e: 4.1108991185337892e+34
#ERR  p: [908, 8], r: -6.3957856105310959e+33, e: -9.1452934251762336e+33
#ERR  p: [909, 8], r: -1.8855833391296024e+33, e: -2.5854999667859466e+33
#ERR  p: [910, 8], r: 1.5712677885549874e+33, e: -5.2308752142545163e+32
#ERR  p: [911, 8], r: 3.5951612959006291e+34, e: 3.6657301477301295e+34
#SDC Ite:0 KerTime:36.824594 AccTime:36.824594 KerErr:256 AccErr:256
#END