#HEADER matrix_dim:2048 threads:228 block_size:16 block_offset:12
#BEGIN Y:2017 M:01 D:12 Time:23:29:16
#IT Ite:0 KerTime:33.527313 AccTime:33.527313
#ERR  p: [0, 0], r: 2.5029687756479726e+34, e: 2.5029687728789254e+34
#ERR  p: [1, 0], r: 1.5472732742027535e+34, e: 1.5472732319906900e+34
#ERR  p: [2, 0], r: -3.8874365949323774e+34, e: -3.8874366046929076e+34
#ERR  p: [3, 0], r: 2.7923509410006086e+34, e: 2.7923509043532259e+34
#ERR  p: [4, 0], r: 1.5838828099533540e+34, e: 1.5838827552799098e+34
#ERR  p: [5, 0], r: -8.2832488907187145e+33, e: -8.2832482494277195e+33
#ERR  p: [6, 0], r: 1.0331921229787021e+34, e: 1.0331920850238865e+34
#ERR  p: [7, 0], r: -8.3166810923206518e+33, e: -8.3166816653604831e+33
#ERR  p: [8, 0], r: -3.1926608755763358e+34, e: -3.1926609281049678e+34
#ERR  p: [9, 0], r: 9.8197715213327228e+33, e: 9.8197709271930767e+33
#ERR  p: [10, 0], r: -4.9531656047975028e+34, e: -4.9531656014006123e+34
#ERR  p: [11, 0], r: -3.3722818000074591e+34, e: -3.3722818399534001e+34
#ERR  p: [12, 0], r: 1.3210258214440246e+34, e: 1.3210258062455395e+34
#ERR  p: [13, 0], r: 5.8484712496555463e+32, e: 5.8484668016087268e+32
#ERR  p: [14, 0], r: 7.5604740791728049e+33, e: 7.5604741579611916e+33
#ERR  p: [15, 0], r: 3.1131186348896279e+34, e: 3.1131185989499121e+34
#ERR  p: [16, 0], r: -2.9039928120077693e+34, e: -2.9039928238005140e+34
#ERR  p: [17, 0], r: 1.5872202576397608e+34, e: 1.5872203041693185e+34
#ERR  p: [18, 0], r: -1.0780231555155285e+34, e: -1.0780232014168324e+34
#ERR  p: [19, 0], r: 1.1622066571836000e+34, e: 1.1622066549734610e+34
#ERR  p: [20, 0], r: -1.9729082000559489e+34, e: -1.9729081678193699e+34
#ERR  p: [21, 0], r: -2.8083536416419685e+34, e: -2.8083536304898934e+34
#ERR  p: [22, 0], r: 1.2255477094609931e+34, e: 1.2255476706742732e+34
#ERR  p: [23, 0], r: 2.2884157491352914e+34, e: 2.2884157367475556e+34
#ERR  p: [24, 0], r: -1.2349513734936840e+34, e: -1.2349514397294657e+34
#ERR  p: [25, 0], r: -3.3927373853260603e+34, e: -3.3927374002152981e+34
#ERR  p: [26, 0], r: 1.9961065451318151e+34, e: 1.9961065414787584e+34
#ERR  p: [27, 0], r: 1.3599118006548428e+34, e: 1.3599117837201903e+34
#ERR  p: [28, 0], r: 4.9753965229276777e+34, e: 4.9753964987142988e+34
#ERR  p: [29, 0], r: -4.3093494146130411e+34, e: -4.3093494814402915e+34
#ERR  p: [30, 0], r: -6.5002432447251527e+33, e: -6.5002435388424198e+33
#ERR  p: [31, 0], r: -2.3563128967456175e+33, e: -2.3563122806353597e+33
#ERR  p: [32, 0], r: -7.2756645032319790e+33, e: -7.2756641992955146e+33
#ERR  p: [33, 0], r: 3.0945038961758810e+34, e: 3.0945039062539082e+34
#ERR  p: [34, 0], r: -8.2833304908882691e+33, e: -8.2833299670691379e+33
#ERR  p: [35, 0], r: -3.6393340965385621e+34, e: -3.6393341397851946e+34
#ERR  p: [36, 0], r: -1.2343787493397520e+34, e: -1.2343787451937485e+34
#ERR  p: [37, 0], r: -1.8267619546961610e+33, e: -1.8267618221020391e+33
#ERR  p: [38, 0], r: 8.6609424974340604e+33, e: 8.6609424433271314e+33
#ERR  p: [39, 0], r: 4.5909330514797748e+34, e: 4.5909329983594800e+34
#ERR  p: [40, 0], r: 2.2353674945840592e+34, e: 2.2353674964898089e+34
#ERR  p: [41, 0], r: 4.7348073157919158e+33, e: 4.7348066992960058e+33
#ERR  p: [42, 0], r: 7.0097324023664069e+33, e: 7.0097319022770290e+33
#ERR  p: [43, 0], r: 9.0147238978634815e+33, e: 9.0147244202327539e+33
#ERR  p: [44, 0], r: 1.8893880768349046e+34, e: 1.8893880096713134e+34
#ERR  p: [45, 0], r: 2.7627184772631759e+34, e: 2.7627184595420917e+34
#ERR  p: [46, 0], r: 9.1353956763783984e+33, e: 9.1353952311632649e+33
#ERR  p: [47, 0], r: -4.3158312742074136e+33, e: -4.3158319236475645e+33
#ERR  p: [48, 0], r: -8.8555410060735707e+33, e: -8.8555415269429430e+33
#ERR  p: [49, 0], r: -2.2403851874826530e+34, e: -2.2403851442824038e+34
#ERR  p: [50, 0], r: 4.5962217250357104e+34, e: 4.5962217508733823e+34
#ERR  p: [51, 0], r: -1.8642455166277065e+34, e: -1.8642454973550819e+34
#ERR  p: [52, 0], r: 7.5513644445914123e+33, e: 7.5513648515397252e+33
#ERR  p: [53, 0], r: 3.1850241268585594e+34, e: 3.1850240565606741e+34
#ERR  p: [54, 0], r: -2.7045934516628179e+33, e: -2.7045937740341190e+33
#ERR  p: [55, 0], r: -1.7144379159302058e+34, e: -1.7144378794567680e+34
#ERR  p: [56, 0], r: -1.0873406983102126e+34, e: -1.0873406784255352e+34
#ERR  p: [57, 0], r: -6.5813786038085111e+33, e: -6.5813781962376321e+33
#ERR  p: [58, 0], r: 6.6297965572773791e+33, e: 6.6297962480311394e+33
#ERR  p: [59, 0], r: -1.0680774973458761e+34, e: -1.0680775288566800e+34
#ERR  p: [60, 0], r: -1.6903660223220588e+33, e: -1.6903658946935699e+33
#ERR  p: [61, 0], r: 3.7751805462085992e+34, e: 3.7751805628574590e+34
#ERR  p: [62, 0], r: -3.7171248820624152e+34, e: -3.7171248145685881e+34
#ERR  p: [63, 0], r: 3.1730285358378392e+34, e: 3.1730285627870814e+34
#ERR  p: [64, 0], r: -1.6158277949249594e+33, e: -1.6158280981786683e+33
#ERR  p: [65, 0], r: -6.0711806762634429e+33, e: -6.0711811756532188e+33
#ERR  p: [66, 0], r: -1.0271023025232899e+34, e: -1.0271022980610281e+34
#ERR  p: [67, 0], r: -1.4602981068132225e+34, e: -1.4602981469580895e+34
#ERR  p: [68, 0], r: 2.9687874877612300e+34, e: 2.9687874239860705e+34
#ERR  p: [69, 0], r: 2.2215040742392254e+34, e: 2.2215040890396126e+34
#ERR  p: [70, 0], r: -4.2196915097335030e+34, e: -4.2196915322820448e+34
#ERR  p: [71, 0], r: -6.2509500112223521e+31, e: -6.2510035191191930e+31
#ERR  p: [72, 0], r: -2.2692900519932108e+34, e: -2.2692900915363838e+34
#ERR  p: [73, 0], r: -4.7806828880409495e+34, e: -4.7806828479933005e+34
#ERR  p: [74, 0], r: 6.5861022367613124e+33, e: 6.5861023827849361e+33
#ERR  p: [75, 0], r: -1.6944673255276960e+34, e: -1.6944672827713157e+34
#ERR  p: [76, 0], r: 5.1983070458179592e+34, e: 5.1983070779586899e+34
#ERR  p: [77, 0], r: 2.5088038872634850e+34, e: 2.5088038172291871e+34
#ERR  p: [78, 0], r: -1.1099134605181575e+34, e: -1.1099135150489180e+34
#ERR  p: [79, 0], r: -1.0891326105595669e+34, e: -1.0891325611589617e+34
#ERR  p: [80, 0], r: 4.1905786155660279e+34, e: 4.1905785769896184e+34
#ERR  p: [81, 0], r: 4.9525653108747209e+34, e: 4.9525652943666632e+34
#ERR  p: [82, 0], r: 6.1120399296650148e+33, e: 6.1120403459754977e+33
#ERR  p: [83, 0], r: 1.4553198589668551e+33, e: 1.4553193129878670e+33
#ERR  p: [84, 0], r: -2.0542812883523437e+34, e: -2.0542812441356282e+34
#ERR  p: [85, 0], r: -1.7444020782948372e+34, e: -1.7444021236154649e+34
#ERR  p: [86, 0], r: -1.6185060007753572e+34, e: -1.6185060549398866e+34
#ERR  p: [87, 0], r: 4.7072101666714597e+34, e: 4.7072101200349270e+34
#ERR  p: [88, 0], r: 1.5259717525896898e+33, e: 1.5259713651541075e+33
#ERR  p: [89, 0], r: 1.9284224586260706e+34, e: 1.9284225057629628e+34
#ERR  p: [90, 0], r: 7.4274818002433841e+33, e: 7.4274811633145621e+33
#ERR  p: [91, 0], r: -1.8646694628947427e+34, e: -1.8646695253115716e+34
#ERR  p: [92, 0], r: 8.7651025687835196e+33, e: 8.7651020205940305e+33
#ERR  p: [93, 0], r: -9.4367507237348563e+33, e: -9.4367506993192117e+33
#ERR  p: [94, 0], r: -3.3682633532101711e+34, e: -3.3682633174339617e+34
#ERR  p: [95, 0], r: 1.0098627364949373e+34, e: 1.0098627536014857e+34
#ERR  p: [96, 0], r: 3.2747527962540141e+34, e: 3.2747527819169675e+34
#ERR  p: [97, 0], r: -3.0308609729277821e+34, e: -3.0308609370063562e+34
#ERR  p: [98, 0], r: 6.2547836899401044e+32, e: 6.2547853680743548e+32
#ERR  p: [99, 0], r: -1.0253837003878622e+34, e: -1.0253837608788155e+34
#ERR  p: [100, 0], r: 3.2497932673988611e+34, e: 3.2497932817606502e+34
#ERR  p: [101, 0], r: -2.5096165948388715e+34, e: -2.5096165778134841e+34
#ERR  p: [102, 0], r: -1.7022051105074002e+34, e: -1.7022051038351138e+34
#ERR  p: [103, 0], r: 1.0368324547269732e+34, e: 1.0368323940523037e+34
#ERR  p: [104, 0], r: 7.4829633234664846e+34, e: 7.4829633601022274e+34
#ERR  p: [105, 0], r: -8.6490761835004262e+33, e: -8.6490760172673660e+33
#ERR  p: [106, 0], r: -1.8512962328010084e+34, e: -1.8512962220863555e+34
#ERR  p: [107, 0], r: 1.8528469014478094e+33, e: 1.8528470437126507e+33
#ERR  p: [108, 0], r: -8.2254917961102459e+33, e: -8.2254914654328233e+33
#ERR  p: [109, 0], r: -2.6735491889518600e+34, e: -2.6735491310934747e+34
#ERR  p: [110, 0], r: 3.7486009634208933e+34, e: 3.7486009662902678e+34
#ERR  p: [111, 0], r: 3.1256817074464832e+34, e: 3.1256817078493905e+34
#ERR  p: [112, 0], r: -1.9962326945376712e+34, e: -1.9962326846150892e+34
#ERR  p: [113, 0], r: -1.4786491992753322e+34, e: -1.4786492490898459e+34
#ERR  p: [114, 0], r: 1.0571774710938913e+34, e: 1.0571774231009068e+34
#ERR  p: [115, 0], r: 6.6963518287368170e+33, e: 6.6963520493481901e+33
#ERR  p: [116, 0], r: -4.6853139886901779e+34, e: -4.6853139934948344e+34
#ERR  p: [117, 0], r: -2.7353764335718824e+34, e: -2.7353764341700457e+34
#ERR  p: [118, 0], r: -1.7218366921253706e+34, e: -1.7218367482908364e+34
#ERR  p: [119, 0], r: -5.2971341067215947e+32, e: -5.2971298435084530e+32
#ERR  p: [120, 0], r: 4.4953312492350486e+33, e: 4.4953312294866930e+33
#ERR  p: [121, 0], r: -1.5906857324116291e+34, e: -1.5906857061627151e+34
#ERR  p: [122, 0], r: -2.3591348546637126e+34, e: -2.3591349068426424e+34
#ERR  p: [123, 0], r: -2.0338083473216511e+33, e: -2.0338079726087052e+33
#ERR  p: [124, 0], r: -1.3970688895243504e+33, e: -1.3970689744983177e+33
#ERR  p: [125, 0], r: -3.9466176547785928e+32, e: -3.9466192455865102e+32
#ERR  p: [126, 0], r: 7.0801978623115148e+33, e: 7.0801975240830282e+33
#ERR  p: [127, 0], r: -7.0463540073563698e+33, e: -7.0463534499555775e+33
#ERR  p: [128, 0], r: 6.6251751762090817e+34, e: 6.6251751313873987e+34
#ERR  p: [129, 0], r: -3.2024123962944022e+34, e: -3.2024124591315886e+34
#ERR  p: [130, 0], r: 7.9203289869162614e+33, e: 7.9203286714749685e+33
#ERR  p: [131, 0], r: -4.5168158867343870e+32, e: -4.5168212477433828e+32
#ERR  p: [132, 0], r: -2.5761256786677509e+33, e: -2.5761263519714377e+33
#ERR  p: [133, 0], r: 2.7517525949679165e+33, e: 2.7517529785140857e+33
#ERR  p: [134, 0], r: 8.2951289127419811e+33, e: 8.2951284862888557e+33
#ERR  p: [135, 0], r: 2.1098458348847981e+34, e: 2.1098457646950172e+34
#ERR  p: [136, 0], r: 5.2807851001789973e+34, e: 5.2807850363037222e+34
#ERR  p: [137, 0], r: 2.6400162267648048e+34, e: 2.6400162637202473e+34
#ERR  p: [138, 0], r: -3.5280686934441522e+33, e: -3.5280693845072851e+33
#ERR  p: [139, 0], r: -3.2648186114523575e+34, e: -3.2648186737819744e+34
#ERR  p: [140, 0], r: -6.8409927440927182e+33, e: -6.8409930877031669e+33
#ERR  p: [141, 0], r: 1.5929034657415878e+34, e: 1.5929034553456286e+34
#ERR  p: [142, 0], r: -6.1087653114806399e+34, e: -6.1087653323877333e+34
#ERR  p: [143, 0], r: -3.3637442704878535e+34, e: -3.3637442897362396e+34
#ERR  p: [144, 0], r: 3.3855467214719014e+34, e: 3.3855467071007422e+34
#ERR  p: [145, 0], r: 4.5889689917357909e+33, e: 4.5889695194252611e+33
#ERR  p: [146, 0], r: 1.9021970549325665e+34, e: 1.9021970049067176e+34
#ERR  p: [147, 0], r: -1.3739661861994382e+34, e: -1.3739661956277393e+34
#ERR  p: [148, 0], r: 4.9472389755695145e+34, e: 4.9472389933558909e+34
#ERR  p: [149, 0], r: -5.0859349604239780e+33, e: -5.0859352558205684e+33
#ERR  p: [150, 0], r: 2.2140176362948313e+34, e: 2.2140176805670526e+34
#ERR  p: [151, 0], r: 1.6415932149800330e+34, e: 1.6415932183367225e+34
#ERR  p: [152, 0], r: -3.8014247934966233e+34, e: -3.8014247258545396e+34
#ERR  p: [153, 0], r: -3.9885467746253070e+34, e: -3.9885468374467915e+34
#ERR  p: [154, 0], r: -2.2316949841429517e+33, e: -2.2316944931626866e+33
#ERR  p: [155, 0], r: -1.3061033956592980e+34, e: -1.3061034018914645e+34
#ERR  p: [156, 0], r: -1.4877139878677813e+32, e: -1.4877131955084577e+32
#ERR  p: [157, 0], r: 5.3208640997896626e+34, e: 5.3208641191785252e+34
#ERR  p: [158, 0], r: 1.8746658225193667e+33, e: 1.8746654532708676e+33
#ERR  p: [159, 0], r: 2.5259294535876908e+34, e: 2.5259294477111872e+34
#ERR  p: [160, 0], r: 8.9480895453762374e+33, e: 8.9480894542830054e+33
#ERR  p: [161, 0], r: -1.9854969206674027e+34, e: -1.9854969450429275e+34
#ERR  p: [162, 0], r: -8.1054211799808226e+33, e: -8.1054213758762888e+33
#ERR  p: [163, 0], r: -3.2327047688140746e+34, e: -3.2327047339930726e+34
#ERR  p: [164, 0], r: 5.8007630926801388e+34, e: 5.8007631606384015e+34
#ERR  p: [165, 0], r: 3.6623423164867824e+33, e: 3.6623427782234564e+33
#ERR  p: [166, 0], r: -4.7101396697280119e+33, e: -4.7101398858512461e+33
#ERR  p: [167, 0], r: -1.2104796455715021e+34, e: -1.2104796185849153e+34
#ERR  p: [168, 0], r: 3.6888891803900891e+34, e: 3.6888892045917350e+34
#ERR  p: [169, 0], r: 7.6507551092801002e+33, e: 7.6507548985269623e+33
#ERR  p: [170, 0], r: -5.1648660320834384e+34, e: -5.1648659817570460e+34
#ERR  p: [171, 0], r: -2.7102614616943624e+34, e: -2.7102614392985523e+34
#ERR  p: [172, 0], r: -1.1739420033539701e+34, e: -1.1739419744538030e+34
#ERR  p: [173, 0], r: 3.9427484883383554e+34, e: 3.9427484679639967e+34
#ERR  p: [174, 0], r: -1.9843920541577937e+34, e: -1.9843920778734906e+34
#ERR  p: [175, 0], r: 6.0832367157050361e+34, e: 6.0832367292201169e+34
#ERR  p: [176, 0], r: 5.8656126301100751e+34, e: 5.8656125851108073e+34
#ERR  p: [177, 0], r: 4.8615679080337179e+34, e: 4.8615678889092986e+34
#ERR  p: [178, 0], r: -1.2490491076275790e+34, e: -1.2490490794560757e+34
#ERR  p: [179, 0], r: -4.3107748030512834e+34, e: -4.3107747966074935e+34
#ERR  p: [180, 0], r: 3.1499059523464662e+34, e: 3.1499059076835480e+34
#ERR  p: [181, 0], r: -2.1787411331168501e+34, e: -2.1787411288740612e+34
#ERR  p: [182, 0], r: 2.5195880623998315e+34, e: 2.5195880989068013e+34
#ERR  p: [183, 0], r: 3.9934677778199380e+34, e: 3.9934678304102292e+34
#ERR  p: [184, 0], r: -1.9556629932110908e+34, e: -1.9556630634574563e+34
#ERR  p: [185, 0], r: -3.7169276882578283e+33, e: -3.7169283893495705e+33
#ERR  p: [186, 0], r: 3.8368299242358754e+34, e: 3.8368298628025287e+34
#ERR  p: [187, 0], r: 1.9973854821230233e+34, e: 1.9973854548121925e+34
#ERR  p: [188, 0], r: -7.0591570653911243e+33, e: -7.0591563963203196e+33
#ERR  p: [189, 0], r: -8.1944639483968795e+33, e: -8.1944636256177624e+33
#ERR  p: [190, 0], r: -1.5752488591539855e+34, e: -1.5752488602542665e+34
#ERR  p: [191, 0], r: -3.7456764911555623e+34, e: -3.7456765464300430e+34
#ERR  p: [192, 0], r: 9.9279062820084560e+33, e: 9.9279059749254981e+33
#ERR  p: [193, 0], r: 1.3504249723290286e+34, e: 1.3504249344764407e+34
#ERR  p: [194, 0], r: 1.0740305389083738e+34, e: 1.0740305530418319e+34
#ERR  p: [195, 0], r: 2.5734781977370415e+34, e: 2.5734782256891706e+34
#ERR  p: [196, 0], r: -4.0447759153973253e+33, e: -4.0447763597191707e+33
#ERR  p: [197, 0], r: -1.6135523013981844e+34, e: -1.6135523253671126e+34
#ERR  p: [198, 0], r: -4.2023150504149031e+34, e: -4.2023150526314537e+34
#ERR  p: [199, 0], r: 1.9341991989657663e+31, e: 1.9341863415224280e+31
#ERR  p: [200, 0], r: -1.5625565335399744e+34, e: -1.5625565390444769e+34
#ERR  p: [201, 0], r: -2.1844677864478436e+34, e: -2.1844678059949590e+34
#ERR  p: [202, 0], r: 6.4641818274716988e+34, e: 6.4641817696274907e+34
#ERR  p: [203, 0], r: 1.6181390066977057e+34, e: 1.6181389800624510e+34
#ERR  p: [204, 0], r: -4.6817271135140262e+34, e: -4.6817271352213909e+34
#ERR  p: [205, 0], r: -2.2028616118760325e+34, e: -2.2028616252626207e+34
#ERR  p: [206, 0], r: -4.6602695712181920e+34, e: -4.6602695854233858e+34
#ERR  p: [207, 0], r: -3.2032440901880840e+33, e: -3.2032440509022745e+33
#ERR  p: [208, 0], r: -1.5435327890786828e+34, e: -1.5435328593028761e+34
#ERR  p: [209, 0], r: -1.9328834481020314e+34, e: -1.9328834227165423e+34
#ERR  p: [210, 0], r: -5.4960235972771252e+32, e: -5.4960228469802519e+32
#ERR  p: [211, 0], r: 1.4823262153780792e+34, e: 1.4823262015936566e+34
#ERR  p: [212, 0], r: 4.0732189353349263e+34, e: 4.0732189552266177e+34
#ERR  p: [213, 0], r: 2.1562354202150613e+34, e: 2.1562354481964044e+34
#ERR  p: [214, 0], r: -2.1585173973665953e+34, e: -2.1585173336628086e+34
#ERR  p: [215, 0], r: -3.2977918831638625e+34, e: -3.2977918651158632e+34
#ERR  p: [216, 0], r: -2.6349883187891557e+34, e: -2.6349883137961007e+34
#ERR  p: [217, 0], r: -1.8272297527790925e+34, e: -1.8272296886818837e+34
#ERR  p: [218, 0], r: -6.7962619330548998e+33, e: -6.7962616882678142e+33
#ERR  p: [219, 0], r: 3.1920073863391452e+33, e: 3.1920076768140612e+33
#ERR  p: [220, 0], r: 2.2620532945634650e+34, e: 2.2620532720272309e+34
#ERR  p: [221, 0], r: 3.4311091287490501e+34, e: 3.4311091815485238e+34
#ERR  p: [222, 0], r: -1.2374920723219399e+34, e: -1.2374920524863308e+34
#ERR  p: [223, 0], r: 1.8821696465488554e+34, e: 1.8821696377297087e+34
#ERR  p: [224, 0], r: -5.6928095411381538e+34, e: -5.6928095839749505e+34
#ERR  p: [225, 0], r: -1.4323498181654736e+34, e: -1.4323498518090209e+34
#ERR  p: [226, 0], r: -7.6356815877082681e+33, e: -7.6356815450771046e+33
#ERR  p: [227, 0], r: 3.4838171541215454e+34, e: 3.4838171546942763e+34
#ERR  p: [228, 0], r: 2.2940873714467184e+34, e: 2.2940873591011727e+34
#ERR  p: [229, 0], r: -2.3055956148644476e+34, e: -2.3055956386753425e+34
#ERR  p: [230, 0], r: -1.4322970189277281e+34, e: -1.4322970408905992e+34
#ERR  p: [231, 0], r: -3.3977533512511582e+34, e: -3.3977533073344763e+34
#ERR  p: [232, 0], r: 2.5610906662334644e+34, e: 2.5610907318072243e+34
#ERR  p: [233, 0], r: 4.0415291153137468e+34, e: 4.0415291183285507e+34
#ERR  p: [234, 0], r: 3.8256945496262424e+34, e: 3.8256944909846241e+34
#ERR  p: [235, 0], r: 4.4314711837792860e+34, e: 4.4314712109622568e+34
#ERR  p: [236, 0], r: -3.7046605894692970e+33, e: -3.7046607686457457e+33
#ERR  p: [237, 0], r: 3.8441669689748029e+34, e: 3.8441669238912961e+34
#ERR  p: [238, 0], r: 4.0370972245262432e+33, e: 4.0370965504566014e+33
#ERR  p: [239, 0], r: 1.2965413415117563e+34, e: 1.2965413658769090e+34
#ERR  p: [240, 0], r: -2.2669330282616778e+34, e: -2.2669329927622156e+34
#ERR  p: [241, 0], r: -2.6707734321999303e+34, e: -2.6707733664651275e+34
#ERR  p: [242, 0], r: -7.6007571337885622e+33, e: -7.6007569724944563e+33
#ERR  p: [243, 0], r: -3.1067643063698441e+32, e: -3.1067644787155604e+32
#ERR  p: [244, 0], r: -7.6227661310186900e+34, e: -7.6227661017979276e+34
#ERR  p: [245, 0], r: 1.7143902173753102e+34, e: 1.7143902068765732e+34
#ERR  p: [246, 0], r: 8.9869227206142455e+33, e: 8.9869231359994997e+33
#ERR  p: [247, 0], r: -4.9242067068800046e+33, e: -4.9242060756414982e+33
#ERR  p: [248, 0], r: 6.4830889801872040e+32, e: 6.4830827116245941e+32
#ERR  p: [249, 0], r: -4.9982388110772098e+33, e: -4.9982388806042703e+33
#ERR  p: [250, 0], r: -3.3099434045371530e+33, e: -3.3099430789360945e+33
#ERR  p: [251, 0], r: 1.3702959405389549e+34, e: 1.3702959493462495e+34
#ERR  p: [252, 0], r: -1.1587973432255002e+34, e: -1.1587973086536371e+34
#ERR  p: [253, 0], r: -6.9055356750476624e+33, e: -6.9055361658518533e+33
#ERR  p: [254, 0], r: 2.6634420472764540e+34, e: 2.6634420299333620e+34
#ERR  p: [255, 0], r: -2.5025046838146644e+34, e: -2.5025047540577528e+34
#ERR  p: [256, 0], r: 1.0363184158843498e+34, e: 1.0363184547264634e+34
#ERR  p: [257, 0], r: 4.6776105164878586e+33, e: 4.6776104392689025e+33
#ERR  p: [258, 0], r: -1.1135512869723262e+34, e: -1.1135512908139211e+34
#ERR  p: [259, 0], r: -5.8087811085884331e+34, e: -5.8087811154738869e+34
#ERR  p: [260, 0], r: 1.1494905309116320e+34, e: 1.1494905687677012e+34
#ERR  p: [261, 0], r: -5.0954396252523201e+34, e: -5.0954396582561038e+34
#ERR  p: [262, 0], r: -4.9376362040107228e+34, e: -4.9376362536178121e+34
#ERR  p: [263, 0], r: -1.2306598246023353e+34, e: -1.2306598422129166e+34
#ERR  p: [264, 0], r: 1.8937447912888457e+33, e: 1.8937450974676179e+33
#ERR  p: [265, 0], r: -2.5000431341405438e+34, e: -2.5000431564481149e+34
#ERR  p: [266, 0], r: 1.4437432938245100e+34, e: 1.4437432238506418e+34
#ERR  p: [267, 0], r: 6.2400710935893055e+33, e: 6.2400712153852983e+33
#ERR  p: [268, 0], r: 3.2773784902963151e+34, e: 3.2773785133556002e+34
#ERR  p: [269, 0], r: -2.6521767722533892e+34, e: -2.6521767676547215e+34
#ERR  p: [270, 0], r: -5.6068182692411299e+34, e: -5.6068182580214420e+34
#ERR  p: [271, 0], r: -3.5141181362035067e+33, e: -3.5141185538863351e+33
#ERR  p: [272, 0], r: 7.3734687378579124e+34, e: 7.3734687405409802e+34
#ERR  p: [273, 0], r: 2.5967591511913554e+34, e: 2.5967591905838369e+34
#ERR  p: [274, 0], r: -5.7481313640750221e+34, e: -5.7481313501747788e+34
#ERR  p: [275, 0], r: 3.4584667043778557e+34, e: 3.4584666629576528e+34
#ERR  p: [276, 0], r: -2.5605028908347312e+34, e: -2.5605029413527383e+34
#ERR  p: [277, 0], r: 4.4919108768010256e+34, e: 4.4919109423110880e+34
#ERR  p: [278, 0], r: -1.5110844155953695e+34, e: -1.5110843870635156e+34
#ERR  p: [279, 0], r: 3.4563629398343498e+33, e: 3.4563629287801199e+33
#ERR  p: [280, 0], r: -2.1563520761648746e+34, e: -2.1563521184695252e+34
#ERR  p: [281, 0], r: -4.4621976638263378e+34, e: -4.4621976071394693e+34
#ERR  p: [282, 0], r: -1.6340764690107881e+34, e: -1.6340764330882849e+34
#ERR  p: [283, 0], r: 1.7250561000029703e+34, e: 1.7250561636348374e+34
#ERR  p: [284, 0], r: 2.2583512191796605e+34, e: 2.2583511855044642e+34
#ERR  p: [285, 0], r: 2.8311186828155186e+34, e: 2.8311186818726548e+34
#ERR  p: [286, 0], r: 5.9806820366001719e+33, e: 5.9806814060528742e+33
#ERR  p: [287, 0], r: -4.8663600721388133e+33, e: -4.8663604524843296e+33
#ERR  p: [288, 0], r: -3.5493979025258806e+34, e: -3.5493979218914312e+34
#ERR  p: [289, 0], r: 1.6569639164201256e+33, e: 1.6569640294759819e+33
#ERR  p: [290, 0], r: 9.8041741023758217e+33, e: 9.8041737846169583e+33
#ERR  p: [291, 0], r: 1.6139209749531697e+34, e: 1.6139209556033293e+34
#ERR  p: [292, 0], r: 3.3624670469366914e+33, e: 3.3624667299083859e+33
#ERR  p: [293, 0], r: -4.3375845774469141e+34, e: -4.3375845485535132e+34
#ERR  p: [294, 0], r: -1.0121559035971015e+34, e: -1.0121558751782417e+34
#ERR  p: [295, 0], r: -1.4587829247417456e+33, e: -1.4587830213626598e+33
#ERR  p: [296, 0], r: 3.1111560840825510e+34, e: 3.1111560228166910e+34
#ERR  p: [297, 0], r: -7.1615534368027295e+33, e: -7.1615539700880841e+33
#ERR  p: [298, 0], r: -3.3930240683303291e+34, e: -3.3930240180799290e+34
#ERR  p: [299, 0], r: -1.7696096267072210e+34, e: -1.7696096587096333e+34
#ERR  p: [300, 0], r: -4.1703656258734861e+34, e: -4.1703656129804645e+34
#ERR  p: [301, 0], r: 6.0029971926160507e+32, e: 6.0030038881629553e+32
#ERR  p: [302, 0], r: 3.6744578228452289e+34, e: 3.6744578200245788e+34
#ERR  p: [303, 0], r: -2.6639364539741736e+34, e: -2.6639364916717696e+34
#ERR  p: [304, 0], r: -2.2757979418970653e+34, e: -2.2757979772590614e+34
#ERR  p: [305, 0], r: -2.0110080572275700e+34, e: -2.0110080120433066e+34
#ERR  p: [306, 0], r: 5.1635321948175393e+34, e: 5.1635322111466857e+34
#ERR  p: [307, 0], r: 1.4424197096990667e+34, e: 1.4424197715796820e+34
#ERR  p: [308, 0], r: -2.4768075083801802e+33, e: -2.4768074448421642e+33
#ERR  p: [309, 0], r: -5.6644662191858413e+32, e: -5.6644607900746945e+32
#ERR  p: [310, 0], r: -4.3500910682633520e+33, e: -4.3500905390518548e+33
#ERR  p: [311, 0], r: -3.6051539984755086e+33, e: -3.6051544460152501e+33
#ERR  p: [312, 0], r: -4.2650376024054685e+34, e: -4.2650375763925156e+34
#ERR  p: [313, 0], r: 2.4113941670242535e+34, e: 2.4113942061719596e+34
#ERR  p: [314, 0], r: 1.4331223174321037e+34, e: 1.4331223024886979e+34
#ERR  p: [315, 0], r: -2.0217260674274461e+34, e: -2.0217260402297318e+34
#ERR  p: [316, 0], r: -9.2858737477040130e+33, e: -9.2858732773461056e+33
#ERR  p: [317, 0], r: 5.2320359425192734e+33, e: 5.2320361487560811e+33
#ERR  p: [318, 0], r: 1.4775139361392659e+34, e: 1.4775139935725248e+34
#ERR  p: [319, 0], r: -4.2981518304092212e+34, e: -4.2981518740211269e+34
#ERR  p: [320, 0], r: -2.0334316119541007e+34, e: -2.0334315825842527e+34
#ERR  p: [321, 0], r: -1.0478474567577129e+34, e: -1.0478474289885595e+34
#ERR  p: [322, 0], r: -7.3394166412159873e+33, e: -7.3394170235566158e+33
#ERR  p: [323, 0], r: -2.9745257430419734e+33, e: -2.9745260961973209e+33
#ERR  p: [324, 0], r: -1.1743888526004175e+34, e: -1.1743888762940940e+34
#ERR  p: [325, 0], r: -1.8373603722875826e+34, e: -1.8373604350360263e+34
#ERR  p: [326, 0], r: -2.1873657821291998e+34, e: -2.1873657841654464e+34
#ERR  p: [327, 0], r: 8.6386311772501527e+33, e: 8.6386307296693441e+33
#ERR  p: [328, 0], r: -2.7927612686420181e+34, e: -2.7927612629145549e+34
#ERR  p: [329, 0], r: 1.4028365754325224e+34, e: 1.4028366100317387e+34
#ERR  p: [330, 0], r: -1.1097268246807729e+34, e: -1.1097268887866978e+34
#ERR  p: [331, 0], r: -3.9508164113226781e+33, e: -3.9508157956282191e+33
#ERR  p: [332, 0], r: -2.9399045908135649e+34, e: -2.9399046389809107e+34
#ERR  p: [333, 0], r: -1.2072795496053109e+33, e: -1.2072799345636937e+33
#ERR  p: [334, 0], r: -1.9392890401990311e+34, e: -1.9392890407206640e+34
#ERR  p: [335, 0], r: -1.1827203070061298e+33, e: -1.1827206500428249e+33
#ERR  p: [336, 0], r: -1.3125094753739919e+34, e: -1.3125094830736034e+34
#ERR  p: [337, 0], r: -7.9433486093823990e+33, e: -7.9433485203187516e+33
#ERR  p: [338, 0], r: 4.2850204784634932e+34, e: 4.2850204959379029e+34
#ERR  p: [339, 0], r: 3.5643916281828456e+34, e: 3.5643916232046836e+34
#ERR  p: [340, 0], r: -1.9746494462543199e+34, e: -1.9746493808521387e+34
#ERR  p: [341, 0], r: -2.0000441185257953e+34, e: -2.0000441611584326e+34
#ERR  p: [342, 0], r: 1.7085358248666013e+34, e: 1.7085358609499675e+34
#ERR  p: [343, 0], r: -8.2382768973677126e+33, e: -8.2382766803497421e+33
#ERR  p: [344, 0], r: 1.1381838774256963e+34, e: 1.1381838572603779e+34
#ERR  p: [345, 0], r: 4.7117691191707816e+34, e: 4.7117690861248231e+34
#ERR  p: [346, 0], r: 4.6893284860428978e+33, e: 4.6893290106139090e+33
#ERR  p: [347, 0], r: -4.0131303316242653e+33, e: -4.0131306166803165e+33
#ERR  p: [348, 0], r: 2.2375241886078241e+34, e: 2.2375242336835925e+34
#ERR  p: [349, 0], r: -2.3092396795688760e+34, e: -2.3092397316540530e+34
#ERR  p: [350, 0], r: 2.5093356517793624e+34, e: 2.5093357139825656e+34
#ERR  p: [351, 0], r: -2.4430655378408220e+34, e: -2.4430655300793147e+34
#ERR  p: [352, 0], r: 5.5338524955671073e+34, e: 5.5338524754795189e+34
#ERR  p: [353, 0], r: 5.5284091201504336e+33, e: 5.5284085494411686e+33
#ERR  p: [354, 0], r: 2.0883222497671138e+34, e: 2.0883223128615899e+34
#ERR  p: [355, 0], r: 1.6759696496943195e+34, e: 1.6759697136976477e+34
#ERR  p: [356, 0], r: -2.4975817317565086e+34, e: -2.4975817886964305e+34
#ERR  p: [357, 0], r: -2.1984624693669205e+34, e: -2.1984624816217899e+34
#ERR  p: [358, 0], r: -1.6605692939891134e+34, e: -1.6605692871733661e+34
#ERR  p: [359, 0], r: -1.0772227202075367e+34, e: -1.0772227648941074e+34
#ERR  p: [360, 0], r: 6.9637649844867252e+33, e: 6.9637649855576970e+33
#ERR  p: [361, 0], r: -1.4703877889135765e+34, e: -1.4703878136986191e+34
#ERR  p: [362, 0], r: 1.2826025197079256e+34, e: 1.2826025433346566e+34
#ERR  p: [363, 0], r: 2.5583053689745800e+33, e: 2.5583052811056591e+33
#ERR  p: [364, 0], r: -3.6798222545987304e+34, e: -3.6798223020550492e+34
#ERR  p: [365, 0], r: 1.9982641565552323e+34, e: 1.9982642041710251e+34
#ERR  p: [366, 0], r: -1.4955776315051116e+34, e: -1.4955775674536370e+34
#ERR  p: [367, 0], r: 1.5638917717389934e+33, e: 1.5638918078353286e+33
#ERR  p: [368, 0], r: -2.4976392566884168e+34, e: -2.4976392502840887e+34
#ERR  p: [369, 0], r: 3.9865206349954726e+34, e: 3.9865206107053368e+34
#ERR  p: [370, 0], r: 4.7419777183499742e+33, e: 4.7419772916038915e+33
#ERR  p: [371, 0], r: -1.6755736360543669e+34, e: -1.6755736421763662e+34
#ERR  p: [372, 0], r: -1.8745329730344973e+34, e: -1.8745329775914583e+34
#ERR  p: [373, 0], r: 3.4951770538235668e+34, e: 3.4951770061882546e+34
#ERR  p: [374, 0], r: 2.1567549242457816e+34, e: 2.1567549881516137e+34
#ERR  p: [375, 0], r: 1.5006024815846524e+34, e: 1.5006025433296379e+34
#ERR  p: [376, 0], r: -3.7735856408141359e+34, e: -3.7735855995561564e+34
#ERR  p: [377, 0], r: 2.1312241117930340e+34, e: 2.1312241627293173e+34
#ERR  p: [378, 0], r: 4.4282532255174611e+33, e: 4.4282537905681413e+33
#ERR  p: [379, 0], r: 1.8946833275429274e+34, e: 1.8946833954892947e+34
#ERR  p: [380, 0], r: 2.1328767105326671e+34, e: 2.1328767646457614e+34
#ERR  p: [381, 0], r: 8.7751346531764010e+31, e: 8.7750928079678677e+31
#ERR  p: [382, 0], r: -2.5683349097005047e+34, e: -2.5683349428785059e+34
#ERR  p: [383, 0], r: -3.9232410281768888e+34, e: -3.9232410701658953e+34
#ERR  p: [384, 0], r: -3.7329867908014700e+34, e: -3.7329868096625648e+34
#ERR  p: [385, 0], r: -1.0079739604508294e+34, e: -1.0079739833665425e+34
#ERR  p: [386, 0], r: -2.4510414009665358e+34, e: -2.4510413546967134e+34
#ERR  p: [387, 0], r: 9.4267353999058426e+33, e: 9.4267359015274210e+33
#ERR  p: [388, 0], r: -1.9476055487160206e+34, e: -1.9476055232948287e+34
#ERR  p: [389, 0], r: -1.0028802134099747e+34, e: -1.0028802350791731e+34
#ERR  p: [390, 0], r: 4.9891725358470080e+33, e: 4.9891723662543784e+33
#ERR  p: [391, 0], r: 2.1078477754859751e+34, e: 2.1078477247084671e+34
#ERR  p: [392, 0], r: -1.0349112290489905e+34, e: -1.0349112176541047e+34
#ERR  p: [393, 0], r: -5.7483816927006392e+32, e: -5.7483793384423516e+32
#ERR  p: [394, 0], r: -2.1080072594271515e+34, e: -2.1080072827598293e+34
#ERR  p: [395, 0], r: -3.4790019882088920e+33, e: -3.4790018751302955e+33
#ERR  p: [396, 0], r: 6.6009829581277817e+33, e: 6.6009829874642568e+33
#ERR  p: [397, 0], r: 3.0761405344546987e+34, e: 3.0761404792822230e+34
#ERR  p: [398, 0], r: -1.4167606053190758e+34, e: -1.4167606012562260e+34
#ERR  p: [399, 0], r: 7.9091830006853847e+33, e: 7.9091831588628440e+33
#ERR  p: [400, 0], r: 1.2695866383989999e+34, e: 1.2695866862707657e+34
#ERR  p: [401, 0], r: 1.1537553838282406e+34, e: 1.1537553803300665e+34
#ERR  p: [402, 0], r: 3.5351408554176229e+33, e: 3.5351412224185569e+33
#ERR  p: [403, 0], r: -1.3957581601481324e+34, e: -1.3957582284111445e+34
#ERR  p: [404, 0], r: -1.7164377881918158e+34, e: -1.7164378046418298e+34
#ERR  p: [405, 0], r: 3.4458968053144809e+34, e: 3.4458967526453289e+34
#ERR  p: [406, 0], r: -2.4543118352398193e+34, e: -2.4543118122604695e+34
#ERR  p: [407, 0], r: 1.8036422750900818e+34, e: 1.8036423388152944e+34
#ERR  p: [408, 0], r: -4.4480333931331942e+34, e: -4.4480334235853044e+34
#ERR  p: [409, 0], r: -3.9408317873152492e+34, e: -3.9408317506819044e+34
#ERR  p: [410, 0], r: 3.9117787896591242e+34, e: 3.9117787642984076e+34
#ERR  p: [411, 0], r: 1.2492400590230441e+34, e: 1.2492401088544449e+34
#ERR  p: [412, 0], r: 1.2143929321996113e+34, e: 1.2143928839626244e+34
#ERR  p: [413, 0], r: -2.1200217655597018e+34, e: -2.1200217453953519e+34
#ERR  p: [414, 0], r: -2.5484859253047644e+33, e: -2.5484862219726052e+33
#ERR  p: [415, 0], r: -1.1391218839579670e+34, e: -1.1391218700945761e+34
#ERR  p: [416, 0], r: -3.9857177197370841e+34, e: -3.9857177564937989e+34
#ERR  p: [417, 0], r: 6.2533283297746003e+33, e: 6.2533287968318548e+33
#ERR  p: [418, 0], r: -4.3316673385363660e+34, e: -4.3316673471480099e+34
#ERR  p: [419, 0], r: 1.6549494212080106e+34, e: 1.6549494176318307e+34
#ERR  p: [420, 0], r: 3.7358970035698948e+33, e: 3.7358966170326459e+33
#ERR  p: [421, 0], r: -2.8807047043479464e+32, e: -2.8807032678641987e+32
#ERR  p: [422, 0], r: 2.2378900639317820e+34, e: 2.2378901155521822e+34
#ERR  p: [423, 0], r: 6.0609564444535366e+34, e: 6.0609563975125534e+34
#ERR  p: [424, 0], r: 1.1416308105748837e+34, e: 1.1416307718152666e+34
#ERR  p: [425, 0], r: 8.6905901762090951e+33, e: 8.6905905784018329e+33
#ERR  p: [426, 0], r: -1.6226522951804363e+34, e: -1.6226523231877118e+34
#ERR  p: [427, 0], r: -1.6772051683347732e+34, e: -1.6772051820464027e+34
#ERR  p: [428, 0], r: 4.7827660687991002e+34, e: 4.7827660878678556e+34
#ERR  p: [429, 0], r: -3.7936847408170247e+34, e: -3.7936847883996503e+34
#ERR  p: [430, 0], r: -7.9794717681141159e+33, e: -7.9794720001743916e+33
#ERR  p: [431, 0], r: 1.4374306183636690e+34, e: 1.4374305603297773e+34
#ERR  p: [432, 0], r: 5.1528551673470024e+33, e: 5.1528556621645499e+33
#ERR  p: [433, 0], r: 2.2700351107754273e+34, e: 2.2700351235918359e+34
#ERR  p: [434, 0], r: 2.8044110030308799e+33, e: 2.8044114025340800e+33
#ERR  p: [435, 0], r: -8.9653104915889751e+33, e: -8.9653109899128981e+33
#ERR  p: [436, 0], r: 6.0886194834287530e+33, e: 6.0886197417354573e+33
#ERR  p: [437, 0], r: -2.4042672463657079e+34, e: -2.4042671879077140e+34
#ERR  p: [438, 0], r: 8.2034096996381531e+33, e: 8.2034094694546630e+33
#ERR  p: [439, 0], r: -4.4581455220855014e+34, e: -4.4581454891069860e+34
#ERR  p: [440, 0], r: 9.3795778650327377e+33, e: 9.3795772207180354e+33
#ERR  p: [441, 0], r: -3.0049974697612139e+34, e: -3.0049975228237399e+34
#ERR  p: [442, 0], r: -4.1619486696224470e+34, e: -4.1619487104914446e+34
#ERR  p: [443, 0], r: 5.2567804518202139e+33, e: 5.2567808781140470e+33
#ERR  p: [444, 0], r: -3.6739594552300361e+34, e: -3.6739594427156985e+34
#ERR  p: [445, 0], r: -2.8525089214613958e+34, e: -2.8525088810238943e+34
#ERR  p: [446, 0], r: 4.2835756287539719e+34, e: 4.2835756629172673e+34
#ERR  p: [447, 0], r: -9.6587975079248536e+33, e: -9.6587974861114496e+33
#ERR  p: [448, 0], r: 1.1485676425679048e+34, e: 1.1485676864791219e+34
#ERR  p: [449, 0], r: 3.3025372438373828e+34, e: 3.3025373027116994e+34
#ERR  p: [450, 0], r: -2.7278392903895648e+34, e: -2.7278393317924306e+34
#ERR  p: [451, 0], r: -2.8101888053380829e+32, e: -2.8101868536092875e+32
#ERR  p: [452, 0], r: 2.7685376872608351e+34, e: 2.7685377336709792e+34
#ERR  p: [453, 0], r: 1.2284199532584926e+34, e: 1.2284199494965236e+34
#ERR  p: [454, 0], r: 4.0516082138043801e+34, e: 4.0516082376558283e+34
#ERR  p: [455, 0], r: 1.3897477248030103e+34, e: 1.3897477592526120e+34
#ERR  p: [456, 0], r: -1.1348284857539294e+33, e: -1.1348281180190041e+33
#ERR  p: [457, 0], r: 4.1493617362407806e+34, e: 4.1493616760577874e+34
#ERR  p: [458, 0], r: -1.8760565593253582e+34, e: -1.8760565718766658e+34
#ERR  p: [459, 0], r: 1.0928162769947814e+34, e: 1.0928163239348068e+34
#ERR  p: [460, 0], r: 2.4253870288664109e+34, e: 2.4253870791953314e+34
#ERR  p: [461, 0], r: 1.6467884104248160e+34, e: 1.6467884725319291e+34
#ERR  p: [462, 0], r: 3.3950793738845045e+34, e: 3.3950793780247969e+34
#ERR  p: [463, 0], r: -4.0584235856115545e+34, e: -4.0584236215917499e+34
#ERR  p: [464, 0], r: -1.3769680589343128e+34, e: -1.3769680452889536e+34
#ERR  p: [465, 0], r: 1.8347875572977355e+34, e: 1.8347876235699385e+34
#ERR  p: [466, 0], r: -5.1435503594914644e+34, e: -5.1435503931962622e+34
#ERR  p: [467, 0], r: -3.6622626227028152e+34, e: -3.6622625931967440e+34
#ERR  p: [468, 0], r: -4.7586755517596428e+33, e: -4.7586759552865321e+33
#ERR  p: [469, 0], r: 7.7431560077103553e+33, e: 7.7431557122733158e+33
#ERR  p: [470, 0], r: -6.5896650460367365e+33, e: -6.5896651528386853e+33
#ERR  p: [471, 0], r: -1.3865518298629676e+34, e: -1.3865518141084562e+34
#ERR  p: [472, 0], r: 1.7114859852744678e+34, e: 1.7114860444032139e+34
#ERR  p: [473, 0], r: -2.6863095552287432e+34, e: -2.6863095988717954e+34
#ERR  p: [474, 0], r: -1.4448663466909846e+34, e: -1.4448663358373040e+34
#ERR  p: [475, 0], r: 8.8077700085684422e+32, e: 8.8077680985307642e+32
#ERR  p: [476, 0], r: -1.1676125971734989e+33, e: -1.1676123468369317e+33
#ERR  p: [477, 0], r: -1.0127526773463474e+33, e: -1.0127532617727912e+33
#ERR  p: [478, 0], r: -3.5395243776108297e+34, e: -3.5395243359564832e+34
#ERR  p: [479, 0], r: 1.6420837571102394e+34, e: 1.6420837686948542e+34
#ERR  p: [480, 0], r: -1.0035307838347240e+34, e: -1.0035307825276689e+34
#ERR  p: [481, 0], r: -7.9866286397584678e+33, e: -7.9866290207449254e+33
#ERR  p: [482, 0], r: -7.8327571197157394e+34, e: -7.8327571601868924e+34
#ERR  p: [483, 0], r: 1.5206209934022125e+33, e: 1.5206215248359751e+33
#ERR  p: [484, 0], r: -3.0559300666997856e+33, e: -3.0559305515929479e+33
#ERR  p: [485, 0], r: -5.9755863340487849e+33, e: -5.9755865789418747e+33
#ERR  p: [486, 0], r: 4.3445295730322662e+34, e: 4.3445295358969920e+34
#ERR  p: [487, 0], r: -4.9666870429518734e+34, e: -4.9666870031923128e+34
#ERR  p: [488, 0], r: -1.1252543715153074e+34, e: -1.1252543518428150e+34
#ERR  p: [489, 0], r: 1.6759714370691682e+34, e: 1.6759714399992342e+34
#ERR  p: [490, 0], r: -5.5054654925933151e+34, e: -5.5054655588206791e+34
#ERR  p: [491, 0], r: -2.9420873198114125e+34, e: -2.9420872937434814e+34
#ERR  p: [492, 0], r: -4.1062561608266253e+34, e: -4.1062561996310421e+34
#ERR  p: [493, 0], r: -2.1620251546505030e+34, e: -2.1620250938344866e+34
#ERR  p: [494, 0], r: 1.6059535621352974e+34, e: 1.6059535081735175e+34
#ERR  p: [495, 0], r: -1.0637850174034238e+34, e: -1.0637850248946328e+34
#ERR  p: [496, 0], r: 4.2581172839186234e+34, e: 4.2581172300586105e+34
#ERR  p: [497, 0], r: 4.5059985425011941e+33, e: 4.5059984203342557e+33
#ERR  p: [498, 0], r: 1.8663251350028450e+33, e: 1.8663253215362888e+33
#ERR  p: [499, 0], r: -5.5030532846204132e+34, e: -5.5030532484630295e+34
#SDC Ite:0 KerTime:33.527313 AccTime:33.527313 KerErr:2044 AccErr:2044
#ABORT too many errors per iteration
#END