2017-01-11 18:16:47:shell stdout: 
2017-01-11 18:16:47:shell stdout: 
2017-01-11 18:16:47:shell stdout: 
2017-01-11 18:16:47:shell stdout: 
2017-01-11 18:16:48:shell stdout: 
2017-01-11 18:16:48:shell stdout: 
2017-01-11 18:16:48:shell stdout: 
2017-01-11 18:16:48:shell stdout: 
2017-01-11 18:16:48:shell stdout: 
2017-01-11 18:16:48:shell stdout: 
2017-01-11 18:16:48:shell stdout: 
2017-01-11 18:16:48:shell stdout: 
2017-01-11 18:16:49:shell stdout: 
2017-01-11 18:16:49:shell stdout: 
2017-01-11 18:16:49:shell stdout: 
2017-01-11 18:16:49:shell stdout: 
2017-01-11 18:16:49:shell stdout: 
2017-01-11 18:16:49:shell stdout: 
2017-01-11 18:16:49:shell stdout: 
2017-01-11 18:16:50:shell stdout: 
2017-01-11 18:16:50:shell stdout: 
2017-01-11 18:16:50:shell stdout: 
2017-01-11 18:16:50:shell stdout: 
2017-01-11 18:16:50:shell stdout: 
2017-01-11 18:16:50:shell stdout: 
2017-01-11 18:16:50:shell stdout: 
2017-01-11 18:16:51:shell stdout: 
2017-01-11 18:16:51:shell stdout: 
2017-01-11 18:16:51:shell stdout: 
2017-01-11 18:16:51:shell stdout: 
2017-01-11 18:16:51:shell stdout: 
2017-01-11 18:16:51:shell stdout: 
2017-01-11 18:16:52:shell stdout: 
2017-01-11 18:16:52:shell stdout: 
2017-01-11 18:16:52:shell stdout: 
2017-01-11 18:16:52:shell stdout: 
2017-01-11 18:16:53:shell stdout: 
2017-01-11 18:16:53:shell stdout: 
2017-01-11 18:16:53:shell stdout: 
2017-01-11 18:16:53:Starting GDB script
2017-01-11 18:16:53:initSignal:4.0
2017-01-11 18:16:53:endSignal:8.0
2017-01-11 18:16:53:seqSignal:30
2017-01-11 18:16:57:sending 30 signals using command: 'ssh -T mic0 killall -2 needle_check' after 4.3481169352s
2017-01-11 18:16:58:sending 30 signals using command: 'ssh -T mic0 killall -2 needle_check' after 4.73290560573s
2017-01-11 18:16:58:shell stdout: 
2017-01-11 18:16:58:shell stdout: 
2017-01-11 18:16:58:shell stdout: 
2017-01-11 18:16:58:sending 30 signals using command: 'ssh -T mic0 killall -2 needle_check' after 5.26671052657s
2017-01-11 18:16:59:shell stdout: 
2017-01-11 18:16:59:shell stdout: 
2017-01-11 18:16:59:shell stdout: 
2017-01-11 18:16:59:shell stdout: 
2017-01-11 18:16:59:shell stdout: 
2017-01-11 18:16:59:shell stdout: 
2017-01-11 18:16:59:shell stdout: 
2017-01-11 18:16:59:shell stdout: 
2017-01-11 18:17:00:shell stdout: 
2017-01-11 18:17:00:shell stdout: 
2017-01-11 18:17:00:shell stdout: 
2017-01-11 18:17:00:shell stdout: 
2017-01-11 18:17:00:shell stdout: 
2017-01-11 18:17:00:shell stdout: 
2017-01-11 18:17:00:shell stdout: 
2017-01-11 18:17:01:shell stdout: 
2017-01-11 18:17:01:shell stdout: 
2017-01-11 18:17:01:shell stdout: 
2017-01-11 18:17:01:shell stdout: 
2017-01-11 18:17:01:shell stdout: 
2017-01-11 18:17:01:shell stdout: 
2017-01-11 18:17:02:shell stdout: 
2017-01-11 18:17:02:shell stdout: 
2017-01-11 18:17:02:shell stdout: 
2017-01-11 18:17:02:shell stdout: 
2017-01-11 18:17:02:shell stdout: 
2017-01-11 18:17:02:shell stdout: 
2017-01-11 18:17:02:shell stdout: 
2017-01-11 18:17:02:shell stdout: 
2017-01-11 18:17:03:shell stdout: 
2017-01-11 18:17:03:shell stdout: 
2017-01-11 18:17:03:shell stdout: 
2017-01-11 18:17:03:shell stdout: 
2017-01-11 18:17:03:shell stdout: 
2017-01-11 18:17:03:shell stdout: 
2017-01-11 18:17:03:shell stdout: 
2017-01-11 18:17:04:shell stdout: 
2017-01-11 18:17:04:shell stdout: 
2017-01-11 18:17:04:shell stdout: 
2017-01-11 18:17:04:shell stdout: 
2017-01-11 18:17:04:shell stdout: 
2017-01-11 18:17:04:shell stdout: 
2017-01-11 18:17:04:shell stdout: 
2017-01-11 18:17:05:shell stdout: 
2017-01-11 18:17:05:shell stdout: 
2017-01-11 18:17:05:shell stdout: 
2017-01-11 18:17:05:shell stdout: 
2017-01-11 18:17:05:shell stdout: 
2017-01-11 18:17:05:shell stdout: 
2017-01-11 18:17:05:shell stdout: 
2017-01-11 18:17:05:shell stdout: 
2017-01-11 18:17:06:shell stdout: 
2017-01-11 18:17:06:shell stdout: 
2017-01-11 18:17:06:shell stdout: 
2017-01-11 18:17:06:shell stdout: 
2017-01-11 18:17:06:shell stdout: 
2017-01-11 18:17:06:shell stdout: 
2017-01-11 18:17:07:shell stdout: 
2017-01-11 18:17:07:shell stdout: 
2017-01-11 18:17:07:shell stdout: 
2017-01-11 18:17:07:shell stdout: 
2017-01-11 18:17:07:shell stdout: 
2017-01-11 18:17:07:shell stdout: 
2017-01-11 18:17:07:shell stdout: 
2017-01-11 18:17:07:shell stdout: 
2017-01-11 18:17:07:shell stdout: 
2017-01-11 18:17:08:shell stdout: 
2017-01-11 18:17:08:shell stdout: 
2017-01-11 18:17:08:shell stdout: 
2017-01-11 18:17:08:shell stdout: 
2017-01-11 18:17:08:shell stdout: 
2017-01-11 18:17:08:shell stdout: 
2017-01-11 18:17:09:shell stdout: 
2017-01-11 18:17:09:shell stdout: 
2017-01-11 18:17:09:shell stdout: 
2017-01-11 18:17:09:shell stdout: 
2017-01-11 18:17:09:shell stdout: 
2017-01-11 18:17:09:shell stdout: 
2017-01-11 18:17:09:shell stdout: 
2017-01-11 18:17:10:shell stdout: 
2017-01-11 18:17:10:shell stdout: 
2017-01-11 18:17:10:shell stdout: 
2017-01-11 18:17:10:shell stdout: 
2017-01-11 18:17:10:shell stdout: 
2017-01-11 18:17:10:shell stdout: 
2017-01-11 18:17:10:shell stdout: 
2017-01-11 18:17:11:shell stdout: 
2017-01-11 18:17:34:no gdbExecName running, out:
2017-01-11 18:17:34:checCmd:ps -e | grep -i gdb-mic
2017-01-11 18:17:34:finished now-timestampStart < maxWaitTime*5
2017-01-11 18:17:34:now: 1484176653
2017-01-11 18:17:34:timestampStart: 1484176613
2017-01-11 18:17:34:kill cmd: killall -9 gdb-mic
2017-01-11 18:17:34:shell stdout: 
2017-01-11 18:17:35:kill cmd: ssh -T mic0 killall -9 needle_check
2017-01-11 18:17:35:shell stdout: 
2017-01-11 18:17:35:kill cmd: ssh -T mic0 killall -9 gdbserver
2017-01-11 18:17:35:shell stdout: 
2017-01-11 18:17:36:kill cmd: ssh -T mic0 killall -9 sshd
2017-01-11 18:17:36:shell stdout: 
