2016-10-27 13:23:29:Starting GDB script
2016-10-27 13:23:32:sending signal using command: 'ssh -T mic0 killall -2 needle_check' after 2.51759664216s
2016-10-27 13:23:32:shell stdout: 
2016-10-27 13:23:32:sending signal using command: 'ssh -T mic0 killall -2 needle_check' after 2.61673666562s
2016-10-27 13:23:32:shell stdout: 
2016-10-27 13:23:33:sending signal using command: 'ssh -T mic0 killall -2 needle_check' after 3.51434092709s
2016-10-27 13:23:33:shell stdout: 
2016-10-27 13:23:35:sending signal using command: 'ssh -T mic0 killall -2 needle_check' after 5.88806373647s
2016-10-27 13:23:35:shell stdout: 
2016-10-27 13:23:37:sending signal using command: 'ssh -T mic0 killall -2 needle_check' after 8.11157300602s
2016-10-27 13:23:37:shell stdout: 
2016-10-27 13:23:37:sending signal using command: 'ssh -T mic0 killall -2 needle_check' after 8.21548521332s
2016-10-27 13:23:37:shell stdout: 
2016-10-27 13:23:38:sending signal using command: 'ssh -T mic0 killall -2 needle_check' after 8.55271589332s
2016-10-27 13:23:38:shell stdout: 
2016-10-27 13:23:40:sending signal using command: 'ssh -T mic0 killall -2 needle_check' after 11.2166643884s
2016-10-27 13:23:40:shell stdout: 
2016-10-27 13:23:43:sending signal using command: 'ssh -T mic0 killall -2 needle_check' after 13.341701489s
2016-10-27 13:23:43:shell stdout: 
2016-10-27 13:23:43:sending signal using command: 'ssh -T mic0 killall -2 needle_check' after 13.3947207076s
2016-10-27 13:23:43:shell stdout: 
2016-10-27 13:23:56:no gdbExecName running, out:
2016-10-27 13:23:56:checCmd:ps -e | grep -i gdb-mic
2016-10-27 13:23:56:finished now-timestampStart < maxWaitTime*5
2016-10-27 13:23:56:now: 1477589035
2016-10-27 13:23:56:timestampStart: 1477589009
2016-10-27 13:23:56:kill cmd: killall -9 gdb-mic
2016-10-27 13:23:56:shell stdout: 
2016-10-27 13:23:57:kill cmd: ssh -T mic0 killall -9 needle_check
2016-10-27 13:23:57:shell stdout: 
2016-10-27 13:23:57:kill cmd: ssh -T mic0 killall -9 gdbserver
2016-10-27 13:23:57:shell stdout: 
2016-10-27 13:23:57:kill cmd: ssh -T mic0 killall -9 sshd
2016-10-27 13:23:57:shell stdout: 
