[INFO -- 2017-03-06 13:28:45]
Starting GDB script
[INFO -- 2017-03-06 13:28:45]
initSignal:21.0
[INFO -- 2017-03-06 13:28:45]
endSignal:28.0
[INFO -- 2017-03-06 13:28:45]
seqSignal:15
[INFO -- 2017-03-06 13:29:08]
sending 15 signals using command: 'ssh -T mic1 killall -2 dgemm_check' after 22.979049202s
[INFO -- 2017-03-06 13:29:08]
shell stdout: 
[INFO -- 2017-03-06 13:29:09]
sending 15 signals using command: 'ssh -T mic1 killall -2 dgemm_check' after 24.0837617342s
[INFO -- 2017-03-06 13:29:09]
sending 15 signals using command: 'ssh -T mic1 killall -2 dgemm_check' after 24.1365049109s
[INFO -- 2017-03-06 13:29:09]
shell stdout: 
[INFO -- 2017-03-06 13:29:09]
shell stdout: 
[INFO -- 2017-03-06 13:29:09]
shell stdout: 
[INFO -- 2017-03-06 13:29:09]
shell stdout: 
[INFO -- 2017-03-06 13:29:10]
shell stdout: 
[INFO -- 2017-03-06 13:29:10]
shell stdout: 
[INFO -- 2017-03-06 13:29:10]
shell stdout: 
[INFO -- 2017-03-06 13:29:10]
shell stdout: 
[INFO -- 2017-03-06 13:29:10]
shell stdout: 
[INFO -- 2017-03-06 13:29:10]
shell stdout: 
[INFO -- 2017-03-06 13:29:10]
shell stdout: 
[INFO -- 2017-03-06 13:29:10]
shell stdout: 
[INFO -- 2017-03-06 13:29:11]
shell stdout: 
[INFO -- 2017-03-06 13:29:11]
shell stdout: 
[INFO -- 2017-03-06 13:29:11]
shell stdout: 
[INFO -- 2017-03-06 13:29:11]
shell stdout: 
[INFO -- 2017-03-06 13:29:11]
shell stdout: 
[INFO -- 2017-03-06 13:29:11]
shell stdout: 
[INFO -- 2017-03-06 13:29:11]
shell stdout: 
[INFO -- 2017-03-06 13:29:12]
shell stdout: 
[INFO -- 2017-03-06 13:29:12]
shell stdout: 
[INFO -- 2017-03-06 13:29:12]
shell stdout: 
[INFO -- 2017-03-06 13:29:12]
shell stdout: 
[INFO -- 2017-03-06 13:29:12]
shell stdout: 
[INFO -- 2017-03-06 13:29:12]
shell stdout: 
[INFO -- 2017-03-06 13:29:13]
shell stdout: 
[INFO -- 2017-03-06 13:29:13]
shell stdout: 
[INFO -- 2017-03-06 13:29:13]
shell stdout: 
[INFO -- 2017-03-06 13:29:13]
shell stdout: 
[INFO -- 2017-03-06 13:29:13]
shell stdout: 
[INFO -- 2017-03-06 13:29:13]
shell stdout: 
[INFO -- 2017-03-06 13:29:14]
shell stdout: 
[INFO -- 2017-03-06 13:29:14]
shell stdout: 
[INFO -- 2017-03-06 13:29:14]
shell stdout: 
[INFO -- 2017-03-06 13:29:14]
shell stdout: 
[INFO -- 2017-03-06 13:29:14]
shell stdout: 
[INFO -- 2017-03-06 13:29:14]
shell stdout: 
[INFO -- 2017-03-06 13:29:14]
shell stdout: 
[INFO -- 2017-03-06 13:29:14]
shell stdout: 
[INFO -- 2017-03-06 13:29:14]
shell stdout: 
[INFO -- 2017-03-06 13:29:15]
shell stdout: 
[INFO -- 2017-03-06 13:29:15]
shell stdout: 
[INFO -- 2017-03-06 13:29:15]
shell stdout: 
[INFO -- 2017-03-06 13:29:15]
shell stdout: 
[INFO -- 2017-03-06 13:33:27]
no gdbExecName running, out:
[INFO -- 2017-03-06 13:33:27]
checCmd:ps -e | grep -i gdb-mic
[INFO -- 2017-03-06 13:33:27]
finished now-timestampStart < maxWaitTime*5
[INFO -- 2017-03-06 13:33:27]
now: 1488825198
[INFO -- 2017-03-06 13:33:27]
timestampStart: 1488824925
[INFO -- 2017-03-06 13:33:27]
kill cmd: killall -9 gdb-mic
[INFO -- 2017-03-06 13:33:27]
shell stdout: 
[INFO -- 2017-03-06 13:33:28]
kill cmd: ssh -T mic1 killall -9 dgemm_check
[INFO -- 2017-03-06 13:33:28]
shell stdout: 
[INFO -- 2017-03-06 13:33:28]
kill cmd: ssh -T mic1 killall -9 gdbserver
[INFO -- 2017-03-06 13:33:28]
shell stdout: 
[INFO -- 2017-03-06 13:33:29]
kill cmd: ssh -T mic1 killall -9 sshd
[INFO -- 2017-03-06 13:33:29]
shell stdout: 
