2017-02-21 13:04:29:Starting GDB script
2017-02-21 13:04:29:initSignal:0.0
2017-02-21 13:04:29:endSignal:4.0
2017-02-21 13:04:29:seqSignal:30
2017-02-21 13:04:30:sending 30 signals using command: 'ssh -T mic0 killall -2 needle_check' after 1.53765842521s
2017-02-21 13:04:31:shell stdout: 
2017-02-21 13:04:32:shell stdout: 
2017-02-21 13:04:32:sending 30 signals using command: 'ssh -T mic0 killall -2 needle_check' after 3.09564339403s
2017-02-21 13:04:32:shell stdout: 
2017-02-21 13:04:32:shell stdout: 
2017-02-21 13:04:33:sending 30 signals using command: 'ssh -T mic0 killall -2 needle_check' after 3.58504024437s
2017-02-21 13:04:33:shell stdout: 
2017-02-21 13:04:33:shell stdout: 
2017-02-21 13:04:33:shell stdout: 
2017-02-21 13:04:33:shell stdout: 
2017-02-21 13:04:33:shell stdout: 
2017-02-21 13:04:33:shell stdout: 
2017-02-21 13:04:33:shell stdout: 
2017-02-21 13:04:34:shell stdout: 
2017-02-21 13:04:34:shell stdout: 
2017-02-21 13:04:34:shell stdout: 
2017-02-21 13:04:34:shell stdout: 
2017-02-21 13:04:35:shell stdout: 
2017-02-21 13:04:35:shell stdout: 
2017-02-21 13:04:35:shell stdout: 
2017-02-21 13:04:35:shell stdout: 
2017-02-21 13:04:35:shell stdout: 
2017-02-21 13:04:35:shell stdout: 
2017-02-21 13:04:36:shell stdout: 
2017-02-21 13:04:36:shell stdout: 
2017-02-21 13:04:36:shell stdout: 
2017-02-21 13:04:36:shell stdout: 
2017-02-21 13:04:36:shell stdout: 
2017-02-21 13:04:36:shell stdout: 
2017-02-21 13:04:36:shell stdout: 
2017-02-21 13:04:36:shell stdout: 
2017-02-21 13:04:37:shell stdout: 
2017-02-21 13:04:37:shell stdout: 
2017-02-21 13:04:37:shell stdout: 
2017-02-21 13:04:37:shell stdout: 
2017-02-21 13:04:37:shell stdout: 
2017-02-21 13:04:37:shell stdout: 
2017-02-21 13:04:37:shell stdout: 
2017-02-21 13:04:38:shell stdout: 
2017-02-21 13:04:38:shell stdout: 
2017-02-21 13:04:38:shell stdout: 
2017-02-21 13:04:38:shell stdout: 
2017-02-21 13:04:38:shell stdout: 
2017-02-21 13:04:38:shell stdout: 
2017-02-21 13:04:39:shell stdout: 
2017-02-21 13:04:39:shell stdout: 
2017-02-21 13:04:39:shell stdout: 
2017-02-21 13:04:39:shell stdout: 
2017-02-21 13:04:39:shell stdout: 
2017-02-21 13:04:39:shell stdout: 
2017-02-21 13:04:40:shell stdout: 
2017-02-21 13:04:40:shell stdout: 
2017-02-21 13:04:40:shell stdout: 
2017-02-21 13:04:40:shell stdout: 
2017-02-21 13:04:40:shell stdout: 
2017-02-21 13:04:40:shell stdout: 
2017-02-21 13:04:41:shell stdout: 
2017-02-21 13:04:41:shell stdout: 
2017-02-21 13:04:41:shell stdout: 
2017-02-21 13:04:41:shell stdout: 
2017-02-21 13:04:41:shell stdout: 
2017-02-21 13:04:41:shell stdout: 
2017-02-21 13:04:42:shell stdout: 
2017-02-21 13:04:42:shell stdout: 
2017-02-21 13:04:42:shell stdout: 
2017-02-21 13:04:42:shell stdout: 
2017-02-21 13:04:42:shell stdout: 
2017-02-21 13:04:42:shell stdout: 
2017-02-21 13:04:42:shell stdout: 
2017-02-21 13:04:42:shell stdout: 
2017-02-21 13:04:43:shell stdout: 
2017-02-21 13:04:43:shell stdout: 
2017-02-21 13:04:43:shell stdout: 
2017-02-21 13:04:43:shell stdout: 
2017-02-21 13:04:43:shell stdout: 
2017-02-21 13:04:43:shell stdout: 
2017-02-21 13:04:43:shell stdout: 
2017-02-21 13:04:44:shell stdout: 
2017-02-21 13:04:44:shell stdout: 
2017-02-21 13:04:44:shell stdout: 
2017-02-21 13:04:44:shell stdout: 
2017-02-21 13:04:44:shell stdout: 
2017-02-21 13:04:44:shell stdout: 
2017-02-21 13:04:44:shell stdout: 
2017-02-21 13:04:45:shell stdout: 
2017-02-21 13:04:45:shell stdout: 
2017-02-21 13:04:45:shell stdout: 
2017-02-21 13:04:45:shell stdout: 
2017-02-21 13:04:45:shell stdout: 
2017-02-21 13:04:45:shell stdout: 
2017-02-21 13:04:46:shell stdout: 
2017-02-21 13:04:46:shell stdout: 
2017-02-21 13:05:54:finished due now-timestampStart > maxWaitTime*5
2017-02-21 13:05:54:now: 1487700354
2017-02-21 13:05:54:timestampStart: 1487700269
2017-02-21 13:05:54:kill cmd: killall -9 gdb-mic
2017-02-21 13:05:54:shell stdout: 
2017-02-21 13:05:54:kill cmd: ssh -T mic0 killall -9 needle_check
2017-02-21 13:05:54:shell stdout: 
2017-02-21 13:05:55:kill cmd: ssh -T mic0 killall -9 gdbserver
2017-02-21 13:05:55:shell stdout: 
2017-02-21 13:05:55:kill cmd: ssh -T mic0 killall -9 sshd
2017-02-21 13:05:55:shell stdout: 
