[INFO -- 2017-02-27 08:15:13]
Starting GDB script
[INFO -- 2017-02-27 08:15:13]
initSignal:12.0
[INFO -- 2017-02-27 08:15:13]
endSignal:15.0
[INFO -- 2017-02-27 08:15:13]
seqSignal:15
[INFO -- 2017-02-27 08:15:26]
sending 15 signals using command: 'ssh -T mic0 killall -2 hotspot_check' after 12.7195596829s
[INFO -- 2017-02-27 08:15:26]
shell stdout: 
[INFO -- 2017-02-27 08:15:27]
sending 15 signals using command: 'ssh -T mic0 killall -2 hotspot_check' after 13.3846650277s
[INFO -- 2017-02-27 08:15:27]
shell stdout: 
[INFO -- 2017-02-27 08:15:27]
sending 15 signals using command: 'ssh -T mic0 killall -2 hotspot_check' after 13.573027172s
[INFO -- 2017-02-27 08:15:27]
shell stdout: 
[INFO -- 2017-02-27 08:15:27]
shell stdout: 
[INFO -- 2017-02-27 08:15:27]
shell stdout: 
[INFO -- 2017-02-27 08:15:28]
shell stdout: 
[INFO -- 2017-02-27 08:15:28]
shell stdout: 
[INFO -- 2017-02-27 08:15:28]
shell stdout: 
[INFO -- 2017-02-27 08:15:28]
shell stdout: 
[INFO -- 2017-02-27 08:15:28]
shell stdout: 
[INFO -- 2017-02-27 08:15:28]
shell stdout: 
[INFO -- 2017-02-27 08:15:29]
shell stdout: 
[INFO -- 2017-02-27 08:15:29]
shell stdout: 
[INFO -- 2017-02-27 08:15:29]
shell stdout: 
[INFO -- 2017-02-27 08:15:29]
shell stdout: 
[INFO -- 2017-02-27 08:15:30]
shell stdout: 
[INFO -- 2017-02-27 08:15:30]
shell stdout: 
[INFO -- 2017-02-27 08:15:30]
shell stdout: 
[INFO -- 2017-02-27 08:15:30]
shell stdout: 
[INFO -- 2017-02-27 08:15:30]
shell stdout: 
[INFO -- 2017-02-27 08:15:30]
shell stdout: 
[INFO -- 2017-02-27 08:15:31]
shell stdout: 
[INFO -- 2017-02-27 08:15:31]
shell stdout: 
[INFO -- 2017-02-27 08:15:31]
shell stdout: 
[INFO -- 2017-02-27 08:15:31]
shell stdout: 
[INFO -- 2017-02-27 08:15:31]
shell stdout: 
[INFO -- 2017-02-27 08:15:31]
shell stdout: 
[INFO -- 2017-02-27 08:15:32]
shell stdout: 
[INFO -- 2017-02-27 08:15:32]
shell stdout: 
[INFO -- 2017-02-27 08:15:32]
shell stdout: 
[INFO -- 2017-02-27 08:15:32]
shell stdout: 
[INFO -- 2017-02-27 08:15:32]
shell stdout: 
[INFO -- 2017-02-27 08:15:33]
shell stdout: 
[INFO -- 2017-02-27 08:15:33]
shell stdout: 
[INFO -- 2017-02-27 08:15:33]
shell stdout: 
[INFO -- 2017-02-27 08:15:33]
shell stdout: 
[INFO -- 2017-02-27 08:15:33]
shell stdout: 
[INFO -- 2017-02-27 08:15:34]
shell stdout: 
[INFO -- 2017-02-27 08:15:34]
shell stdout: 
[INFO -- 2017-02-27 08:15:34]
shell stdout: 
[INFO -- 2017-02-27 08:15:34]
shell stdout: 
[INFO -- 2017-02-27 08:15:34]
shell stdout: 
[INFO -- 2017-02-27 08:15:35]
shell stdout: 
[INFO -- 2017-02-27 08:15:35]
shell stdout: 
[INFO -- 2017-02-27 08:15:35]
shell stdout: 
[INFO -- 2017-02-27 08:15:45]
no gdbExecName running, out:
[INFO -- 2017-02-27 08:15:45]
checCmd:ps -e | grep -i gdb-mic
[INFO -- 2017-02-27 08:15:45]
finished now-timestampStart < maxWaitTime*5
[INFO -- 2017-02-27 08:15:45]
now: 1488201344
[INFO -- 2017-02-27 08:15:45]
timestampStart: 1488201313
[INFO -- 2017-02-27 08:15:45]
kill cmd: killall -9 gdb-mic
[INFO -- 2017-02-27 08:15:45]
shell stdout: 
[INFO -- 2017-02-27 08:15:46]
kill cmd: ssh -T mic0 killall -9 hotspot_check
[INFO -- 2017-02-27 08:15:46]
shell stdout: 
[INFO -- 2017-02-27 08:15:46]
kill cmd: ssh -T mic0 killall -9 gdbserver
[INFO -- 2017-02-27 08:15:46]
shell stdout: 
[INFO -- 2017-02-27 08:15:46]
kill cmd: ssh -T mic0 killall -9 sshd
[INFO -- 2017-02-27 08:15:46]
shell stdout: 
