2016-10-28 02:59:34:Initialization strings:
2016-10-28 02:59:34:(1) target extended-remote | ssh -T mic0 gdbserver --multi -
2016-10-28 02:59:34:(2) set sysroot /opt/mpss/3.7/sysroots/k1om-mpss-linux/
2016-10-28 02:59:34:(3) set sysroot /opt/mpss/3.7/sysroots/k1om-mpss-linux/
2016-10-28 02:59:34:(4) file /micNfs/gdb-fault-injection-lavamd/bin/lavamd
2016-10-28 02:59:34:(5) set remote exec-file /micNfs/gdb-fault-injection-lavamd/bin/lavamd
2016-10-28 02:59:34:(6) set args 228 15 /micNfs/gdb-fault-injection-lavamd/bin/input_distance_228_15 /micNfs/gdb-fault-injection-lavamd/bin/input_charges_228_15 /micNfs/gdb-fault-injection-lavamd/bin/output_gold_228_15 1
2016-10-28 02:59:35:Trying Fault Injection
2016-10-28 02:59:35:Inferior PID: 152424
2016-10-28 02:59:35:Inferior is valid: True
2016-10-28 02:59:35:Inferior #threads: 1
2016-10-28 02:59:35:Backtrace BEGIN:
2016-10-28 02:59:35:#0  __GI__dl_debug_state () at dl-debug.c:74
#1  0x00007ffff7de084c in dl_main (phdr=<optimized out>, phnum=<optimized out>, user_entry=<optimized out>, auxv=<optimized out>) at rtld.c:2170
#2  0x00007ffff7df2548 in _dl_sysdep_start (start_argptr=start_argptr@entry=0x7fffffffec00, dl_main=dl_main@entry=0x7ffff7dde840 <dl_main>) at ../elf/dl-sysdep.c:249
#3  0x00007ffff7de1c6a in _dl_start_final (arg=0x7fffffffec00) at rtld.c:308
#4  _dl_start (arg=0x7fffffffec00) at rtld.c:414
#5  0x00007ffff7dddbc8 in _start () from /opt/mpss/3.7/sysroots/k1om-mpss-linux/lib64/ld-linux-k1om.so.2
#6  0x0000000000000007 in ?? ()
#7  0x00007fffffffedf0 in ?? ()
#8  0x00007fffffffee1e in ?? ()
#9  0x00007fffffffee22 in ?? ()
#10 0x00007fffffffee25 in ?? ()
#11 0x00007fffffffee62 in ?? ()
#12 0x00007fffffffee9e in ?? ()
#13 0x00007fffffffeed8 in ?? ()
#14 0x0000000000000000 in ?? ()

2016-10-28 02:59:35:69	in dl-debug.c

2016-10-28 02:59:35:Backtrace END
2016-10-28 02:59:35:Thread name: None
2016-10-28 02:59:35:Thread num: 1
2016-10-28 02:59:35:Thread ptid: (152424, 152424, 0)
2016-10-28 02:59:35:bitFlip function
2016-10-28 02:59:35:Type: The type is a pointer.
2016-10-28 02:59:35:Type sizeof: 8
2016-10-28 02:59:35:Fliping a bit of the pointer
2016-10-28 02:59:35:Mem contents(hex):0x080xec0xff0xff0xff0x7f0x000x00
2016-10-28 02:59:35:base address to flip value: 0x7ffff7ffcca0 
2016-10-28 02:59:35:address max offset: 8
2016-10-28 02:59:35:Memory content before bitflip:0x080xec0xff0xff0xff0x7f0x000x00
2016-10-28 02:59:35:Memory content after  bitflip:0x080xec0xff0xff0xff0x770x000x00
2016-10-28 02:59:35:Mem contents(hex):0x080xec0xff0xff0xff0x770x000x00
2016-10-28 02:59:35:frame name: _dl_start_final
2016-10-28 02:59:35:symbol name: _dl_argv
2016-10-28 02:59:35:symbol filename: rtld.c
2016-10-28 02:59:35:symbol line: 86
2016-10-28 02:59:35:value: 0x7fffffffec08
2016-10-28 02:59:35:value address: 0x7ffff7ffcca0 <_dl_argv>
2016-10-28 02:59:35:Type: The type is a pointer.
2016-10-28 02:59:35:Type sizeof: 8
2016-10-28 02:59:35:Fault Injection Successful after 1.42672896385s
2016-10-28 02:59:35:Fault Already Injected
2016-10-28 02:59:35:event type: exit
2016-10-28 02:59:35:exit code: no exit code available
