2017-01-24 07:33:35:Starting GDB script
2017-01-24 07:33:35:initSignal:0.0
2017-01-24 07:33:35:endSignal:2.0
2017-01-24 07:33:35:seqSignal:30
2017-01-24 07:33:35:sending 30 signals using command: 'ssh -T mic0 killall -2 lud_check' after 0.29538570033s
2017-01-24 07:33:35:sending 30 signals using command: 'ssh -T mic0 killall -2 lud_check' after 0.494977273651s
2017-01-24 07:33:35:shell stdout: 
2017-01-24 07:33:36:shell stdout: 
2017-01-24 07:33:36:shell stdout: 
2017-01-24 07:33:36:sending 30 signals using command: 'ssh -T mic0 killall -2 lud_check' after 1.30267082173s
2017-01-24 07:33:36:shell stdout: 
2017-01-24 07:33:36:shell stdout: 
2017-01-24 07:33:36:shell stdout: 
2017-01-24 07:33:36:shell stdout: 
2017-01-24 07:33:37:shell stdout: 
2017-01-24 07:33:37:shell stdout: 
2017-01-24 07:33:37:shell stdout: 
2017-01-24 07:33:37:shell stdout: 
2017-01-24 07:33:37:shell stdout: 
2017-01-24 07:33:37:shell stdout: 
2017-01-24 07:33:38:shell stdout: 
2017-01-24 07:33:38:shell stdout: 
2017-01-24 07:33:38:shell stdout: 
2017-01-24 07:33:38:shell stdout: 
2017-01-24 07:33:39:shell stdout: 
2017-01-24 07:33:39:shell stdout: 
2017-01-24 07:33:39:shell stdout: 
2017-01-24 07:33:40:shell stdout: 
2017-01-24 07:33:40:shell stdout: 
2017-01-24 07:33:40:shell stdout: 
2017-01-24 07:33:40:shell stdout: 
2017-01-24 07:33:40:shell stdout: 
2017-01-24 07:33:40:shell stdout: 
2017-01-24 07:33:41:shell stdout: 
2017-01-24 07:33:41:shell stdout: 
2017-01-24 07:33:41:shell stdout: 
2017-01-24 07:33:42:shell stdout: 
2017-01-24 07:33:42:shell stdout: 
2017-01-24 07:33:42:shell stdout: 
2017-01-24 07:33:42:shell stdout: 
2017-01-24 07:33:42:shell stdout: 
2017-01-24 07:33:42:shell stdout: 
2017-01-24 07:33:43:shell stdout: 
2017-01-24 07:33:43:shell stdout: 
2017-01-24 07:33:43:shell stdout: 
2017-01-24 07:33:44:shell stdout: 
2017-01-24 07:33:44:shell stdout: 
2017-01-24 07:33:44:shell stdout: 
2017-01-24 07:33:45:shell stdout: 
2017-01-24 07:33:45:shell stdout: 
2017-01-24 07:33:45:shell stdout: 
2017-01-24 07:33:45:shell stdout: 
2017-01-24 07:33:45:shell stdout: 
2017-01-24 07:33:45:shell stdout: 
2017-01-24 07:33:46:shell stdout: 
2017-01-24 07:33:46:shell stdout: 
2017-01-24 07:33:46:shell stdout: 
2017-01-24 07:33:47:shell stdout: 
2017-01-24 07:33:47:shell stdout: 
2017-01-24 07:33:47:shell stdout: 
2017-01-24 07:33:47:shell stdout: 
2017-01-24 07:33:47:shell stdout: 
2017-01-24 07:33:47:shell stdout: 
2017-01-24 07:33:48:shell stdout: 
2017-01-24 07:33:48:shell stdout: 
2017-01-24 07:33:48:shell stdout: 
2017-01-24 07:33:48:shell stdout: 
2017-01-24 07:33:48:shell stdout: 
2017-01-24 07:33:48:shell stdout: 
2017-01-24 07:33:49:shell stdout: 
2017-01-24 07:33:49:shell stdout: 
2017-01-24 07:33:49:shell stdout: 
2017-01-24 07:33:49:shell stdout: 
2017-01-24 07:33:49:shell stdout: 
2017-01-24 07:33:49:shell stdout: 
2017-01-24 07:33:49:shell stdout: 
2017-01-24 07:33:50:shell stdout: 
2017-01-24 07:33:50:shell stdout: 
2017-01-24 07:33:50:shell stdout: 
2017-01-24 07:33:50:shell stdout: 
2017-01-24 07:33:50:shell stdout: 
2017-01-24 07:33:50:shell stdout: 
2017-01-24 07:33:50:shell stdout: 
2017-01-24 07:33:50:shell stdout: 
2017-01-24 07:33:51:shell stdout: 
2017-01-24 07:33:51:shell stdout: 
2017-01-24 07:33:51:shell stdout: 
2017-01-24 07:33:51:shell stdout: 
2017-01-24 07:33:51:shell stdout: 
2017-01-24 07:33:51:shell stdout: 
2017-01-24 07:33:52:shell stdout: 
2017-01-24 07:33:52:shell stdout: 
2017-01-24 07:33:52:shell stdout: 
2017-01-24 07:33:52:shell stdout: 
2017-01-24 07:33:52:shell stdout: 
2017-01-24 07:33:52:shell stdout: 
2017-01-24 07:33:53:shell stdout: 
2017-01-24 07:33:53:no gdbExecName running, out:
2017-01-24 07:33:53:checCmd:ps -e | grep -i gdb-mic
2017-01-24 07:33:53:finished now-timestampStart < maxWaitTime*5
2017-01-24 07:33:53:now: 1485261232
2017-01-24 07:33:53:timestampStart: 1485261215
2017-01-24 07:33:53:kill cmd: killall -9 gdb-mic
2017-01-24 07:33:53:shell stdout: 
2017-01-24 07:33:53:kill cmd: ssh -T mic0 killall -9 lud_check
2017-01-24 07:33:53:shell stdout: 
2017-01-24 07:33:54:kill cmd: ssh -T mic0 killall -9 gdbserver
2017-01-24 07:33:54:shell stdout: 
2017-01-24 07:33:54:kill cmd: ssh -T mic0 killall -9 sshd
2017-01-24 07:33:54:shell stdout: 
