2016-10-31 03:27:44:Starting GDB script
2016-10-31 03:27:45:sending signal using command: 'ssh -T mic0 killall -2 lavamd' after 0.670423813686s
2016-10-31 03:27:45:shell stdout: 
2016-10-31 03:27:46:sending signal using command: 'ssh -T mic0 killall -2 lavamd' after 1.40057164896s
2016-10-31 03:27:46:shell stdout: 
2016-10-31 03:27:46:sending signal using command: 'ssh -T mic0 killall -2 lavamd' after 1.68276129081s
2016-10-31 03:27:46:shell stdout: 
2016-10-31 03:27:47:sending signal using command: 'ssh -T mic0 killall -2 lavamd' after 1.84705627919s
2016-10-31 03:27:47:shell stdout: 
2016-10-31 03:27:50:sending signal using command: 'ssh -T mic0 killall -2 lavamd' after 4.31639459992s
2016-10-31 03:27:50:shell stdout: 
2016-10-31 03:27:51:sending signal using command: 'ssh -T mic0 killall -2 lavamd' after 5.12684792366s
2016-10-31 03:27:51:shell stdout: 
2016-10-31 03:27:51:sending signal using command: 'ssh -T mic0 killall -2 lavamd' after 5.07342873347s
2016-10-31 03:27:51:shell stdout: 
2016-10-31 03:27:53:sending signal using command: 'ssh -T mic0 killall -2 lavamd' after 7.91856449295s
2016-10-31 03:27:53:shell stdout: 
2016-10-31 03:27:53:sending signal using command: 'ssh -T mic0 killall -2 lavamd' after 7.94402070926s
2016-10-31 03:27:53:shell stdout: 
2016-10-31 03:27:55:sending signal using command: 'ssh -T mic0 killall -2 lavamd' after 9.9233445685s
2016-10-31 03:27:55:shell stdout: 
2016-10-31 03:28:34:finished due now-timestampStart > maxWaitTime*5
2016-10-31 03:28:34:now: 1477898914
2016-10-31 03:28:34:timestampStart: 1477898864
2016-10-31 03:28:34:kill cmd: killall -9 gdb-mic
2016-10-31 03:28:34:shell stdout: 
2016-10-31 03:28:35:kill cmd: ssh -T mic0 killall -9 lavamd
2016-10-31 03:28:35:shell stdout: 
2016-10-31 03:28:35:kill cmd: ssh -T mic0 killall -9 gdbserver
2016-10-31 03:28:35:shell stdout: 
2016-10-31 03:28:36:kill cmd: ssh -T mic0 killall -9 sshd
2016-10-31 03:28:36:shell stdout: 
