2017-01-25 00:50:37:Starting GDB script
2017-01-25 00:50:37:initSignal:4.0
2017-01-25 00:50:37:endSignal:6.0
2017-01-25 00:50:37:seqSignal:30
2017-01-25 00:50:42:sending 30 signals using command: 'ssh -T mic0 killall -2 lud_check' after 4.1841987817s
2017-01-25 00:50:43:sending 30 signals using command: 'ssh -T mic0 killall -2 lud_check' after 5.11162947991s
2017-01-25 00:50:43:shell stdout: 
2017-01-25 00:50:43:shell stdout: 
2017-01-25 00:50:43:shell stdout: 
2017-01-25 00:50:43:sending 30 signals using command: 'ssh -T mic0 killall -2 lud_check' after 5.84827894367s
2017-01-25 00:50:43:shell stdout: 
2017-01-25 00:50:44:shell stdout: 
2017-01-25 00:50:44:shell stdout: 
2017-01-25 00:50:44:shell stdout: 
2017-01-25 00:50:44:shell stdout: 
2017-01-25 00:50:44:shell stdout: 
2017-01-25 00:50:44:shell stdout: 
2017-01-25 00:50:44:shell stdout: 
2017-01-25 00:50:45:shell stdout: 
2017-01-25 00:50:45:shell stdout: 
2017-01-25 00:50:45:shell stdout: 
2017-01-25 00:50:45:shell stdout: 
2017-01-25 00:50:45:shell stdout: 
2017-01-25 00:50:45:shell stdout: 
2017-01-25 00:50:45:shell stdout: 
2017-01-25 00:50:46:shell stdout: 
2017-01-25 00:50:46:shell stdout: 
2017-01-25 00:50:46:shell stdout: 
2017-01-25 00:50:46:shell stdout: 
2017-01-25 00:50:46:shell stdout: 
2017-01-25 00:50:46:shell stdout: 
2017-01-25 00:50:47:shell stdout: 
2017-01-25 00:50:47:shell stdout: 
2017-01-25 00:50:47:shell stdout: 
2017-01-25 00:50:47:shell stdout: 
2017-01-25 00:50:47:shell stdout: 
2017-01-25 00:50:47:shell stdout: 
2017-01-25 00:50:47:shell stdout: 
2017-01-25 00:50:47:shell stdout: 
2017-01-25 00:50:48:shell stdout: 
2017-01-25 00:50:48:shell stdout: 
2017-01-25 00:50:48:shell stdout: 
2017-01-25 00:50:48:shell stdout: 
2017-01-25 00:50:48:shell stdout: 
2017-01-25 00:50:48:shell stdout: 
2017-01-25 00:50:49:shell stdout: 
2017-01-25 00:50:49:shell stdout: 
2017-01-25 00:50:49:shell stdout: 
2017-01-25 00:50:49:shell stdout: 
2017-01-25 00:50:49:shell stdout: 
2017-01-25 00:50:49:shell stdout: 
2017-01-25 00:50:49:shell stdout: 
2017-01-25 00:50:49:shell stdout: 
2017-01-25 00:50:50:shell stdout: 
2017-01-25 00:50:50:shell stdout: 
2017-01-25 00:50:50:shell stdout: 
2017-01-25 00:50:50:shell stdout: 
2017-01-25 00:50:50:shell stdout: 
2017-01-25 00:50:50:shell stdout: 
2017-01-25 00:50:50:shell stdout: 
2017-01-25 00:50:51:shell stdout: 
2017-01-25 00:50:51:shell stdout: 
2017-01-25 00:50:51:shell stdout: 
2017-01-25 00:50:51:shell stdout: 
2017-01-25 00:50:51:shell stdout: 
2017-01-25 00:50:51:shell stdout: 
2017-01-25 00:50:51:shell stdout: 
2017-01-25 00:50:52:shell stdout: 
2017-01-25 00:50:52:shell stdout: 
2017-01-25 00:50:52:shell stdout: 
2017-01-25 00:50:52:shell stdout: 
2017-01-25 00:50:52:shell stdout: 
2017-01-25 00:50:52:shell stdout: 
2017-01-25 00:50:52:shell stdout: 
2017-01-25 00:50:53:shell stdout: 
2017-01-25 00:50:53:shell stdout: 
2017-01-25 00:50:53:shell stdout: 
2017-01-25 00:50:53:shell stdout: 
2017-01-25 00:50:53:shell stdout: 
2017-01-25 00:50:53:shell stdout: 
2017-01-25 00:50:53:shell stdout: 
2017-01-25 00:50:53:shell stdout: 
2017-01-25 00:50:54:shell stdout: 
2017-01-25 00:50:54:shell stdout: 
2017-01-25 00:50:54:shell stdout: 
2017-01-25 00:50:54:no gdbExecName running, out:
2017-01-25 00:50:54:checCmd:ps -e | grep -i gdb-mic
2017-01-25 00:50:54:finished now-timestampStart < maxWaitTime*5
2017-01-25 00:50:54:now: 1485323453
2017-01-25 00:50:54:timestampStart: 1485323437
2017-01-25 00:50:54:kill cmd: killall -9 gdb-mic
2017-01-25 00:50:54:shell stdout: 
2017-01-25 00:50:54:shell stdout: 
2017-01-25 00:50:54:shell stdout: 
2017-01-25 00:50:54:shell stdout: 
2017-01-25 00:50:54:shell stdout: 
2017-01-25 00:50:54:kill cmd: ssh -T mic0 killall -9 lud_check
2017-01-25 00:50:54:shell stdout: 
2017-01-25 00:50:55:shell stdout: 
2017-01-25 00:50:55:shell stdout: 
2017-01-25 00:50:55:shell stdout: 
2017-01-25 00:50:55:kill cmd: ssh -T mic0 killall -9 gdbserver
2017-01-25 00:50:55:shell stdout: 
2017-01-25 00:50:55:shell stdout: 
2017-01-25 00:50:55:shell stdout: 
2017-01-25 00:50:55:shell stdout: 
2017-01-25 00:50:55:kill cmd: ssh -T mic0 killall -9 sshd
2017-01-25 00:50:55:shell stdout: 
