2017-01-12 23:29:32:Starting GDB script
2017-01-12 23:29:32:initSignal:7.0
2017-01-12 23:29:32:endSignal:14.0
2017-01-12 23:29:32:seqSignal:15
2017-01-12 23:29:39:sending 15 signals using command: 'ssh -T mic1 killall -2 dgemm_check' after 7.49948644988s
2017-01-12 23:29:39:sending 15 signals using command: 'ssh -T mic1 killall -2 dgemm_check' after 7.55486076686s
2017-01-12 23:29:40:shell stdout: 
2017-01-12 23:29:40:shell stdout: 
2017-01-12 23:29:41:shell stdout: 
2017-01-12 23:29:41:shell stdout: 
2017-01-12 23:29:41:shell stdout: 
2017-01-12 23:29:41:shell stdout: 
2017-01-12 23:29:42:shell stdout: 
2017-01-12 23:29:42:shell stdout: 
2017-01-12 23:29:42:shell stdout: 
2017-01-12 23:29:42:shell stdout: 
2017-01-12 23:29:42:shell stdout: 
2017-01-12 23:29:43:shell stdout: 
2017-01-12 23:29:43:shell stdout: 
2017-01-12 23:29:43:shell stdout: 
2017-01-12 23:29:43:shell stdout: 
2017-01-12 23:29:43:sending 15 signals using command: 'ssh -T mic1 killall -2 dgemm_check' after 11.4361902298s
2017-01-12 23:29:43:shell stdout: 
2017-01-12 23:29:44:shell stdout: 
2017-01-12 23:29:44:shell stdout: 
2017-01-12 23:29:44:shell stdout: 
2017-01-12 23:29:44:shell stdout: 
2017-01-12 23:29:44:shell stdout: 
2017-01-12 23:29:44:shell stdout: 
2017-01-12 23:29:45:shell stdout: 
2017-01-12 23:29:45:shell stdout: 
2017-01-12 23:29:45:shell stdout: 
2017-01-12 23:29:45:shell stdout: 
2017-01-12 23:29:45:shell stdout: 
2017-01-12 23:29:45:shell stdout: 
2017-01-12 23:29:46:shell stdout: 
2017-01-12 23:29:46:shell stdout: 
2017-01-12 23:29:46:shell stdout: 
2017-01-12 23:29:46:shell stdout: 
2017-01-12 23:29:46:shell stdout: 
2017-01-12 23:29:46:shell stdout: 
2017-01-12 23:29:46:shell stdout: 
2017-01-12 23:29:46:shell stdout: 
2017-01-12 23:29:46:shell stdout: 
2017-01-12 23:29:47:shell stdout: 
2017-01-12 23:29:47:shell stdout: 
2017-01-12 23:29:48:shell stdout: 
2017-01-12 23:29:48:shell stdout: 
2017-01-12 23:29:49:shell stdout: 
2017-01-12 23:29:49:shell stdout: 
2017-01-12 23:29:49:shell stdout: 
2017-01-12 23:29:50:shell stdout: 
2017-01-12 23:29:58:no gdbExecName running, out:
2017-01-12 23:29:58:checCmd:ps -e | grep -i gdb-mic
2017-01-12 23:29:58:finished now-timestampStart < maxWaitTime*5
2017-01-12 23:29:58:now: 1484281790
2017-01-12 23:29:58:timestampStart: 1484281772
2017-01-12 23:29:58:kill cmd: killall -9 gdb-mic
2017-01-12 23:29:58:shell stdout: 
2017-01-12 23:29:59:kill cmd: ssh -T mic1 killall -9 dgemm_check
2017-01-12 23:29:59:shell stdout: 
2017-01-12 23:29:59:kill cmd: ssh -T mic1 killall -9 gdbserver
2017-01-12 23:29:59:shell stdout: 
2017-01-12 23:30:00:kill cmd: ssh -T mic1 killall -9 sshd
2017-01-12 23:30:00:shell stdout: 
