[INFO -- 2017-03-01 13:09:11]
Starting GDB script
[INFO -- 2017-03-01 13:09:11]
initSignal:7.0
[INFO -- 2017-03-01 13:09:11]
endSignal:14.0
[INFO -- 2017-03-01 13:09:11]
seqSignal:15
[INFO -- 2017-03-01 13:09:21]
sending 15 signals using command: 'ssh -T mic1 killall -2 dgemm_check' after 10.0946477334s
[INFO -- 2017-03-01 13:09:21]
sending 15 signals using command: 'ssh -T mic1 killall -2 dgemm_check' after 10.1811150558s
[INFO -- 2017-03-01 13:09:22]
shell stdout: 
[INFO -- 2017-03-01 13:09:22]
shell stdout: 
[INFO -- 2017-03-01 13:09:22]
sending 15 signals using command: 'ssh -T mic1 killall -2 dgemm_check' after 10.7204565352s
[INFO -- 2017-03-01 13:09:22]
shell stdout: 
[INFO -- 2017-03-01 13:09:22]
shell stdout: 
[INFO -- 2017-03-01 13:09:22]
shell stdout: 
[INFO -- 2017-03-01 13:09:22]
shell stdout: 
[INFO -- 2017-03-01 13:09:23]
shell stdout: 
[INFO -- 2017-03-01 13:09:23]
shell stdout: 
[INFO -- 2017-03-01 13:09:23]
shell stdout: 
[INFO -- 2017-03-01 13:09:23]
shell stdout: 
[INFO -- 2017-03-01 13:09:23]
shell stdout: 
[INFO -- 2017-03-01 13:09:23]
shell stdout: 
[INFO -- 2017-03-01 13:09:23]
shell stdout: 
[INFO -- 2017-03-01 13:09:24]
shell stdout: 
[INFO -- 2017-03-01 13:09:24]
shell stdout: 
[INFO -- 2017-03-01 13:09:24]
shell stdout: 
[INFO -- 2017-03-01 13:09:24]
shell stdout: 
[INFO -- 2017-03-01 13:09:24]
shell stdout: 
[INFO -- 2017-03-01 13:09:24]
shell stdout: 
[INFO -- 2017-03-01 13:09:24]
shell stdout: 
[INFO -- 2017-03-01 13:09:25]
shell stdout: 
[INFO -- 2017-03-01 13:09:25]
shell stdout: 
[INFO -- 2017-03-01 13:09:25]
shell stdout: 
[INFO -- 2017-03-01 13:09:25]
shell stdout: 
[INFO -- 2017-03-01 13:09:25]
shell stdout: 
[INFO -- 2017-03-01 13:09:25]
shell stdout: 
[INFO -- 2017-03-01 13:09:25]
shell stdout: 
[INFO -- 2017-03-01 13:09:25]
shell stdout: 
[INFO -- 2017-03-01 13:09:26]
shell stdout: 
[INFO -- 2017-03-01 13:09:26]
shell stdout: 
[INFO -- 2017-03-01 13:09:26]
shell stdout: 
[INFO -- 2017-03-01 13:09:26]
shell stdout: 
[INFO -- 2017-03-01 13:09:26]
shell stdout: 
[INFO -- 2017-03-01 13:09:26]
shell stdout: 
[INFO -- 2017-03-01 13:09:26]
shell stdout: 
[INFO -- 2017-03-01 13:09:27]
shell stdout: 
[INFO -- 2017-03-01 13:09:27]
shell stdout: 
[INFO -- 2017-03-01 13:09:27]
shell stdout: 
[INFO -- 2017-03-01 13:09:27]
shell stdout: 
[INFO -- 2017-03-01 13:09:27]
shell stdout: 
[INFO -- 2017-03-01 13:09:27]
shell stdout: 
[INFO -- 2017-03-01 13:09:27]
shell stdout: 
[INFO -- 2017-03-01 13:09:28]
shell stdout: 
[INFO -- 2017-03-01 13:09:28]
shell stdout: 
[INFO -- 2017-03-01 13:09:28]
shell stdout: 
[INFO -- 2017-03-01 13:10:40]
no gdbExecName running, out:
[INFO -- 2017-03-01 13:10:40]
checCmd:ps -e | grep -i gdb-mic
[INFO -- 2017-03-01 13:10:40]
finished now-timestampStart < maxWaitTime*5
[INFO -- 2017-03-01 13:10:40]
now: 1488391831
[INFO -- 2017-03-01 13:10:40]
timestampStart: 1488391751
[INFO -- 2017-03-01 13:10:40]
kill cmd: killall -9 gdb-mic
[INFO -- 2017-03-01 13:10:40]
shell stdout: 
[INFO -- 2017-03-01 13:10:40]
kill cmd: ssh -T mic1 killall -9 dgemm_check
[INFO -- 2017-03-01 13:10:40]
shell stdout: 
[INFO -- 2017-03-01 13:10:40]
kill cmd: ssh -T mic1 killall -9 gdbserver
[INFO -- 2017-03-01 13:10:40]
shell stdout: 
[INFO -- 2017-03-01 13:10:41]
kill cmd: ssh -T mic1 killall -9 sshd
[INFO -- 2017-03-01 13:10:41]
shell stdout: 
