[INFO -- 2017-02-26 15:53:29]
Starting GDB script
[INFO -- 2017-02-26 15:53:29]
initSignal:0.0
[INFO -- 2017-02-26 15:53:29]
endSignal:3.0
[INFO -- 2017-02-26 15:53:29]
seqSignal:15
[INFO -- 2017-02-26 15:53:32]
sending 15 signals using command: 'ssh -T mic1 killall -2 hotspot_check' after 2.28131618281s
[INFO -- 2017-02-26 15:53:32]
sending 15 signals using command: 'ssh -T mic1 killall -2 hotspot_check' after 2.43574900288s
[INFO -- 2017-02-26 15:53:32]
sending 15 signals using command: 'ssh -T mic1 killall -2 hotspot_check' after 2.61344247244s
[INFO -- 2017-02-26 15:53:33]
shell stdout: 
[INFO -- 2017-02-26 15:53:33]
shell stdout: 
[INFO -- 2017-02-26 15:53:33]
shell stdout: 
[INFO -- 2017-02-26 15:53:34]
shell stdout: 
[INFO -- 2017-02-26 15:53:35]
shell stdout: 
[INFO -- 2017-02-26 15:53:35]
shell stdout: 
[INFO -- 2017-02-26 15:53:36]
shell stdout: 
[INFO -- 2017-02-26 15:53:36]
shell stdout: 
[INFO -- 2017-02-26 15:53:36]
shell stdout: 
[INFO -- 2017-02-26 15:53:36]
shell stdout: 
[INFO -- 2017-02-26 15:53:36]
shell stdout: 
[INFO -- 2017-02-26 15:53:36]
shell stdout: 
[INFO -- 2017-02-26 15:53:37]
shell stdout: 
[INFO -- 2017-02-26 15:53:37]
shell stdout: 
[INFO -- 2017-02-26 15:53:37]
shell stdout: 
[INFO -- 2017-02-26 15:53:37]
shell stdout: 
[INFO -- 2017-02-26 15:53:37]
shell stdout: 
[INFO -- 2017-02-26 15:53:37]
shell stdout: 
[INFO -- 2017-02-26 15:53:37]
shell stdout: 
[INFO -- 2017-02-26 15:53:37]
shell stdout: 
[INFO -- 2017-02-26 15:53:37]
shell stdout: 
[INFO -- 2017-02-26 15:53:38]
shell stdout: 
[INFO -- 2017-02-26 15:53:38]
shell stdout: 
[INFO -- 2017-02-26 15:53:38]
shell stdout: 
[INFO -- 2017-02-26 15:53:38]
shell stdout: 
[INFO -- 2017-02-26 15:53:38]
shell stdout: 
[INFO -- 2017-02-26 15:53:38]
shell stdout: 
[INFO -- 2017-02-26 15:53:39]
shell stdout: 
[INFO -- 2017-02-26 15:53:39]
shell stdout: 
[INFO -- 2017-02-26 15:53:39]
shell stdout: 
[INFO -- 2017-02-26 15:53:39]
shell stdout: 
[INFO -- 2017-02-26 15:53:39]
shell stdout: 
[INFO -- 2017-02-26 15:53:39]
shell stdout: 
[INFO -- 2017-02-26 15:53:40]
shell stdout: 
[INFO -- 2017-02-26 15:53:40]
shell stdout: 
[INFO -- 2017-02-26 15:53:40]
shell stdout: 
[INFO -- 2017-02-26 15:53:40]
shell stdout: 
[INFO -- 2017-02-26 15:53:40]
shell stdout: 
[INFO -- 2017-02-26 15:53:40]
shell stdout: 
[INFO -- 2017-02-26 15:53:40]
shell stdout: 
[INFO -- 2017-02-26 15:53:40]
shell stdout: 
[INFO -- 2017-02-26 15:53:40]
shell stdout: 
[INFO -- 2017-02-26 15:53:41]
shell stdout: 
[INFO -- 2017-02-26 15:53:41]
shell stdout: 
[INFO -- 2017-02-26 15:53:41]
shell stdout: 
[INFO -- 2017-02-26 15:54:05]
no gdbExecName running, out:
[INFO -- 2017-02-26 15:54:05]
checCmd:ps -e | grep -i gdb-mic
[INFO -- 2017-02-26 15:54:05]
finished now-timestampStart < maxWaitTime*5
[INFO -- 2017-02-26 15:54:05]
now: 1488142443
[INFO -- 2017-02-26 15:54:05]
timestampStart: 1488142409
[INFO -- 2017-02-26 15:54:05]
kill cmd: killall -9 gdb-mic
[INFO -- 2017-02-26 15:54:05]
shell stdout: 
[INFO -- 2017-02-26 15:54:05]
kill cmd: ssh -T mic1 killall -9 hotspot_check
[INFO -- 2017-02-26 15:54:05]
shell stdout: 
[INFO -- 2017-02-26 15:54:05]
kill cmd: ssh -T mic1 killall -9 gdbserver
[INFO -- 2017-02-26 15:54:05]
shell stdout: 
[INFO -- 2017-02-26 15:54:06]
kill cmd: ssh -T mic1 killall -9 sshd
[INFO -- 2017-02-26 15:54:06]
shell stdout: 
