2016-10-18 17:55:31:Starting GDB script
2016-10-18 17:55:35:sending signal using command: 'ssh -T mic0 killall -2 needle_check' after 4.13700412848s
2016-10-18 17:55:35:shell stdout: 
2016-10-18 17:55:43:sending signal using command: 'ssh -T mic0 killall -2 needle_check' after 11.923209907s
2016-10-18 17:55:43:shell stdout: 
2016-10-18 17:55:44:sending signal using command: 'ssh -T mic0 killall -2 needle_check' after 12.3378140844s
2016-10-18 17:55:44:shell stdout: 
2016-10-18 17:55:44:sending signal using command: 'ssh -T mic0 killall -2 needle_check' after 13.1533809004s
2016-10-18 17:55:44:shell stdout: 
2016-10-18 17:55:45:sending signal using command: 'ssh -T mic0 killall -2 needle_check' after 14.0322891957s
2016-10-18 17:55:45:shell stdout: 
2016-10-18 17:55:46:sending signal using command: 'ssh -T mic0 killall -2 needle_check' after 15.2730223448s
2016-10-18 17:55:46:shell stdout: 
2016-10-18 17:55:47:sending signal using command: 'ssh -T mic0 killall -2 needle_check' after 15.7333219114s
2016-10-18 17:55:47:shell stdout: 
2016-10-18 17:55:47:sending signal using command: 'ssh -T mic0 killall -2 needle_check' after 16.2997022996s
2016-10-18 17:55:47:shell stdout: 
2016-10-18 17:55:48:sending signal using command: 'ssh -T mic0 killall -2 needle_check' after 16.5198421685s
2016-10-18 17:55:48:shell stdout: 
2016-10-18 17:55:48:sending signal using command: 'ssh -T mic0 killall -2 needle_check' after 16.6294695748s
2016-10-18 17:55:48:shell stdout: 
2016-10-18 17:55:52:no gdbExecName running, out:
2016-10-18 17:55:52:checCmd:ps -e | grep -i gdb-mic
2016-10-18 17:55:52:finished now-timestampStart < maxWaitTime*5
2016-10-18 17:55:52:now: 1476827751
2016-10-18 17:55:52:timestampStart: 1476827731
2016-10-18 17:55:52:kill cmd: killall -9 gdb-mic
2016-10-18 17:55:52:shell stdout: 
2016-10-18 17:55:53:kill cmd: ssh -T mic0 killall -9 needle_check
2016-10-18 17:55:53:shell stdout: 
2016-10-18 17:55:53:kill cmd: ssh -T mic0 killall -9 gdbserver
2016-10-18 17:55:53:shell stdout: 
2016-10-18 17:55:53:kill cmd: ssh -T mic0 killall -9 sshd
2016-10-18 17:55:53:shell stdout: 
