2016-10-22 14:14:56:Starting GDB script
2016-10-22 14:14:57:sending signal using command: 'ssh -T mic0 killall -2 lavamd' after 0.0957879474706s
2016-10-22 14:14:57:shell stdout: 
2016-10-22 14:14:57:sending signal using command: 'ssh -T mic0 killall -2 lavamd' after 0.660950498026s
2016-10-22 14:14:57:shell stdout: 
2016-10-22 14:14:57:sending signal using command: 'ssh -T mic0 killall -2 lavamd' after 1.02864347546s
2016-10-22 14:14:57:shell stdout: 
2016-10-22 14:14:59:sending signal using command: 'ssh -T mic0 killall -2 lavamd' after 2.2367941422s
2016-10-22 14:14:59:shell stdout: 
2016-10-22 14:15:01:sending signal using command: 'ssh -T mic0 killall -2 lavamd' after 3.38922241134s
2016-10-22 14:15:01:shell stdout: 
2016-10-22 14:15:01:sending signal using command: 'ssh -T mic0 killall -2 lavamd' after 4.14296321399s
2016-10-22 14:15:01:shell stdout: 
2016-10-22 14:15:02:sending signal using command: 'ssh -T mic0 killall -2 lavamd' after 5.36748589837s
2016-10-22 14:15:02:shell stdout: 
2016-10-22 14:15:05:sending signal using command: 'ssh -T mic0 killall -2 lavamd' after 8.75986207538s
2016-10-22 14:15:05:shell stdout: 
2016-10-22 14:15:05:sending signal using command: 'ssh -T mic0 killall -2 lavamd' after 8.73584763282s
2016-10-22 14:15:05:shell stdout: 
2016-10-22 14:15:06:sending signal using command: 'ssh -T mic0 killall -2 lavamd' after 9.86966950187s
2016-10-22 14:15:06:shell stdout: 
2016-10-22 14:15:12:no gdbExecName running, out:
2016-10-22 14:15:12:checCmd:ps -e | grep -i gdb-mic
2016-10-22 14:15:12:finished now-timestampStart < maxWaitTime*5
2016-10-22 14:15:12:now: 1477160111
2016-10-22 14:15:12:timestampStart: 1477160096
2016-10-22 14:15:12:kill cmd: killall -9 gdb-mic
2016-10-22 14:15:12:shell stdout: 
2016-10-22 14:15:13:kill cmd: ssh -T mic0 killall -9 lavamd
2016-10-22 14:15:13:shell stdout: 
2016-10-22 14:15:13:kill cmd: ssh -T mic0 killall -9 gdbserver
2016-10-22 14:15:13:shell stdout: 
2016-10-22 14:15:13:kill cmd: ssh -T mic0 killall -9 sshd
2016-10-22 14:15:13:shell stdout: 
