[INFO -- 2017-02-26 12:39:39]
Starting GDB script
[INFO -- 2017-02-26 12:39:39]
initSignal:2.0
[INFO -- 2017-02-26 12:39:39]
endSignal:4.0
[INFO -- 2017-02-26 12:39:39]
seqSignal:30
[INFO -- 2017-02-26 12:39:42]
sending 30 signals using command: 'ssh -T mic1 killall -2 lud_check' after 2.6440871294s
[INFO -- 2017-02-26 12:39:43]
sending 30 signals using command: 'ssh -T mic1 killall -2 lud_check' after 3.61546985167s
[INFO -- 2017-02-26 12:39:43]
sending 30 signals using command: 'ssh -T mic1 killall -2 lud_check' after 3.90957805899s
[INFO -- 2017-02-26 12:39:43]
shell stdout: 
[INFO -- 2017-02-26 12:39:44]
shell stdout: 
[INFO -- 2017-02-26 12:39:44]
shell stdout: 
[INFO -- 2017-02-26 12:39:44]
shell stdout: 
[INFO -- 2017-02-26 12:39:44]
shell stdout: 
[INFO -- 2017-02-26 12:39:44]
shell stdout: 
[INFO -- 2017-02-26 12:39:44]
shell stdout: 
[INFO -- 2017-02-26 12:39:45]
shell stdout: 
[INFO -- 2017-02-26 12:39:45]
shell stdout: 
[INFO -- 2017-02-26 12:39:45]
shell stdout: 
[INFO -- 2017-02-26 12:39:45]
shell stdout: 
[INFO -- 2017-02-26 12:39:45]
shell stdout: 
[INFO -- 2017-02-26 12:39:45]
shell stdout: 
[INFO -- 2017-02-26 12:39:45]
shell stdout: 
[INFO -- 2017-02-26 12:39:46]
shell stdout: 
[INFO -- 2017-02-26 12:39:46]
shell stdout: 
[INFO -- 2017-02-26 12:39:46]
shell stdout: 
[INFO -- 2017-02-26 12:39:46]
shell stdout: 
[INFO -- 2017-02-26 12:39:46]
shell stdout: 
[INFO -- 2017-02-26 12:39:46]
shell stdout: 
[INFO -- 2017-02-26 12:39:46]
shell stdout: 
[INFO -- 2017-02-26 12:39:46]
shell stdout: 
[INFO -- 2017-02-26 12:39:47]
shell stdout: 
[INFO -- 2017-02-26 12:39:47]
shell stdout: 
[INFO -- 2017-02-26 12:39:47]
shell stdout: 
[INFO -- 2017-02-26 12:39:47]
shell stdout: 
[INFO -- 2017-02-26 12:39:47]
shell stdout: 
[INFO -- 2017-02-26 12:39:47]
shell stdout: 
[INFO -- 2017-02-26 12:39:48]
shell stdout: 
[INFO -- 2017-02-26 12:39:48]
shell stdout: 
[INFO -- 2017-02-26 12:39:48]
shell stdout: 
[INFO -- 2017-02-26 12:39:48]
shell stdout: 
[INFO -- 2017-02-26 12:39:48]
shell stdout: 
[INFO -- 2017-02-26 12:39:48]
shell stdout: 
[INFO -- 2017-02-26 12:39:49]
shell stdout: 
[INFO -- 2017-02-26 12:39:49]
shell stdout: 
[INFO -- 2017-02-26 12:39:49]
shell stdout: 
[INFO -- 2017-02-26 12:39:49]
shell stdout: 
[INFO -- 2017-02-26 12:39:49]
shell stdout: 
[INFO -- 2017-02-26 12:39:49]
shell stdout: 
[INFO -- 2017-02-26 12:39:49]
shell stdout: 
[INFO -- 2017-02-26 12:39:49]
shell stdout: 
[INFO -- 2017-02-26 12:39:49]
shell stdout: 
[INFO -- 2017-02-26 12:39:50]
shell stdout: 
[INFO -- 2017-02-26 12:39:50]
shell stdout: 
[INFO -- 2017-02-26 12:39:50]
shell stdout: 
[INFO -- 2017-02-26 12:39:50]
shell stdout: 
[INFO -- 2017-02-26 12:39:50]
shell stdout: 
[INFO -- 2017-02-26 12:39:50]
shell stdout: 
[INFO -- 2017-02-26 12:39:51]
shell stdout: 
[INFO -- 2017-02-26 12:39:51]
shell stdout: 
[INFO -- 2017-02-26 12:39:51]
shell stdout: 
[INFO -- 2017-02-26 12:39:51]
shell stdout: 
[INFO -- 2017-02-26 12:39:51]
shell stdout: 
[INFO -- 2017-02-26 12:39:51]
shell stdout: 
[INFO -- 2017-02-26 12:39:52]
shell stdout: 
[INFO -- 2017-02-26 12:39:52]
shell stdout: 
[INFO -- 2017-02-26 12:39:52]
shell stdout: 
[INFO -- 2017-02-26 12:39:52]
shell stdout: 
[INFO -- 2017-02-26 12:39:52]
shell stdout: 
[INFO -- 2017-02-26 12:39:52]
shell stdout: 
[INFO -- 2017-02-26 12:39:52]
shell stdout: 
[INFO -- 2017-02-26 12:39:52]
shell stdout: 
[INFO -- 2017-02-26 12:39:52]
shell stdout: 
[INFO -- 2017-02-26 12:39:53]
shell stdout: 
[INFO -- 2017-02-26 12:39:53]
shell stdout: 
[INFO -- 2017-02-26 12:39:53]
shell stdout: 
[INFO -- 2017-02-26 12:39:53]
shell stdout: 
[INFO -- 2017-02-26 12:39:53]
shell stdout: 
[INFO -- 2017-02-26 12:39:53]
shell stdout: 
[INFO -- 2017-02-26 12:39:54]
shell stdout: 
[INFO -- 2017-02-26 12:39:54]
shell stdout: 
[INFO -- 2017-02-26 12:39:54]
shell stdout: 
[INFO -- 2017-02-26 12:39:54]
shell stdout: 
[INFO -- 2017-02-26 12:39:54]
shell stdout: 
[INFO -- 2017-02-26 12:39:54]
shell stdout: 
[INFO -- 2017-02-26 12:39:55]
shell stdout: 
[INFO -- 2017-02-26 12:39:55]
shell stdout: 
[INFO -- 2017-02-26 12:39:55]
shell stdout: 
[INFO -- 2017-02-26 12:39:55]
shell stdout: 
[INFO -- 2017-02-26 12:39:55]
shell stdout: 
[INFO -- 2017-02-26 12:39:55]
shell stdout: 
[INFO -- 2017-02-26 12:39:55]
shell stdout: 
[INFO -- 2017-02-26 12:39:55]
shell stdout: 
[INFO -- 2017-02-26 12:39:55]
shell stdout: 
[INFO -- 2017-02-26 12:39:56]
shell stdout: 
[INFO -- 2017-02-26 12:39:56]
shell stdout: 
[INFO -- 2017-02-26 12:39:56]
shell stdout: 
[INFO -- 2017-02-26 12:39:56]
shell stdout: 
[INFO -- 2017-02-26 12:39:56]
shell stdout: 
[INFO -- 2017-02-26 12:40:09]
no gdbExecName running, out:
[INFO -- 2017-02-26 12:40:09]
checCmd:ps -e | grep -i gdb-mic
[INFO -- 2017-02-26 12:40:09]
finished now-timestampStart < maxWaitTime*5
[INFO -- 2017-02-26 12:40:09]
now: 1488130808
[INFO -- 2017-02-26 12:40:09]
timestampStart: 1488130779
[INFO -- 2017-02-26 12:40:09]
kill cmd: killall -9 gdb-mic
[INFO -- 2017-02-26 12:40:09]
shell stdout: 
[INFO -- 2017-02-26 12:40:10]
kill cmd: ssh -T mic1 killall -9 lud_check
[INFO -- 2017-02-26 12:40:10]
shell stdout: 
[INFO -- 2017-02-26 12:40:10]
kill cmd: ssh -T mic1 killall -9 gdbserver
[INFO -- 2017-02-26 12:40:10]
shell stdout: 
[INFO -- 2017-02-26 12:40:10]
kill cmd: ssh -T mic1 killall -9 sshd
[INFO -- 2017-02-26 12:40:10]
shell stdout: 
