2016-10-22 20:32:44:sending signal using command: 'ssh -T mic0 killall -2 lavamd' after 7.3747504772s
2016-10-22 20:32:44:shell stdout: 
2016-10-22 20:32:45:sending signal using command: 'ssh -T mic0 killall -2 lavamd' after 8.37362116559s
2016-10-22 20:32:45:shell stdout: 
2016-10-22 20:32:47:sending signal using command: 'ssh -T mic0 killall -2 lavamd' after 9.95501796925s
2016-10-22 20:32:47:shell stdout: 
2016-10-22 20:32:47:Starting GDB script
2016-10-22 20:32:49:sending signal using command: 'ssh -T mic0 killall -2 lavamd' after 1.58348160423s
2016-10-22 20:32:49:shell stdout: 
2016-10-22 20:32:52:sending signal using command: 'ssh -T mic0 killall -2 lavamd' after 3.68965643533s
2016-10-22 20:32:52:shell stdout: 
2016-10-22 20:32:52:sending signal using command: 'ssh -T mic0 killall -2 lavamd' after 3.84419701579s
2016-10-22 20:32:52:shell stdout: 
2016-10-22 20:32:52:sending signal using command: 'ssh -T mic0 killall -2 lavamd' after 4.46605664065s
2016-10-22 20:32:52:shell stdout: 
2016-10-22 20:32:54:sending signal using command: 'ssh -T mic0 killall -2 lavamd' after 5.66548227915s
2016-10-22 20:32:54:shell stdout: 
2016-10-22 20:32:54:sending signal using command: 'ssh -T mic0 killall -2 lavamd' after 6.09291248508s
2016-10-22 20:32:54:shell stdout: 
2016-10-22 20:32:55:sending signal using command: 'ssh -T mic0 killall -2 lavamd' after 7.7530958842s
2016-10-22 20:32:55:shell stdout: 
2016-10-22 20:32:56:sending signal using command: 'ssh -T mic0 killall -2 lavamd' after 8.14566449348s
2016-10-22 20:32:56:shell stdout: 
2016-10-22 20:32:56:sending signal using command: 'ssh -T mic0 killall -2 lavamd' after 9.06197017126s
2016-10-22 20:32:56:shell stdout: 
2016-10-22 20:32:57:sending signal using command: 'ssh -T mic0 killall -2 lavamd' after 9.89929052756s
2016-10-22 20:32:57:shell stdout: 
2016-10-22 20:33:04:no gdbExecName running, out:
2016-10-22 20:33:04:checCmd:ps -e | grep -i gdb-mic
2016-10-22 20:33:04:finished now-timestampStart < maxWaitTime*5
2016-10-22 20:33:04:now: 1477182783
2016-10-22 20:33:04:timestampStart: 1477182767
2016-10-22 20:33:04:kill cmd: killall -9 gdb-mic
2016-10-22 20:33:04:shell stdout: 
2016-10-22 20:33:04:kill cmd: ssh -T mic0 killall -9 lavamd
2016-10-22 20:33:04:shell stdout: 
2016-10-22 20:33:05:kill cmd: ssh -T mic0 killall -9 gdbserver
2016-10-22 20:33:05:shell stdout: 
2016-10-22 20:33:05:kill cmd: ssh -T mic0 killall -9 sshd
2016-10-22 20:33:05:shell stdout: 
