2016-10-26 13:58:12:Initialization strings:
2016-10-26 13:58:13:(1) target extended-remote | ssh -T mic0 gdbserver --multi -
2016-10-26 13:58:13:(2) set sysroot /opt/mpss/3.7/sysroots/k1om-mpss-linux/
2016-10-26 13:58:13:(3) set sysroot /opt/mpss/3.7/sysroots/k1om-mpss-linux/
2016-10-26 13:58:13:(4) file /micNfs/gdb-fault-injection-lavamd/bin/lavamd
2016-10-26 13:58:13:(5) set remote exec-file /micNfs/gdb-fault-injection-lavamd/bin/lavamd
2016-10-26 13:58:13:(6) set args 228 15 /micNfs/gdb-fault-injection-lavamd/bin/input_distance_228_15 /micNfs/gdb-fault-injection-lavamd/bin/input_charges_228_15 /micNfs/gdb-fault-injection-lavamd/bin/output_gold_228_15 1
2016-10-26 13:58:14:Trying Fault Injection
2016-10-26 13:58:14:Inferior PID: 133776
2016-10-26 13:58:14:Inferior is valid: True
2016-10-26 13:58:14:Inferior #threads: 1
2016-10-26 13:58:14:Backtrace BEGIN:
2016-10-26 13:58:14:#0  syscall () at ../sysdeps/unix/sysv/linux/x86_64/syscall.S:38
#1  0x00007ffff7916c8d in ?? ()
#2  0x0000000000000040 in ?? ()
#3  0x00000000000018f0 in ?? ()
#4  0x000000000000003f in ?? ()
#5  0x0000000000000000 in ?? ()

2016-10-26 13:58:14:33	in ../sysdeps/unix/sysv/linux/x86_64/syscall.S

2016-10-26 13:58:14:Backtrace END
2016-10-26 13:58:14:Error(threadFlip): No Threads with symbols
2016-10-26 13:58:14:Fault Injection Failed after 1.50526595116s
2016-10-26 13:58:14:Trying Fault Injection
2016-10-26 13:58:14:Inferior PID: 133776
2016-10-26 13:58:14:Inferior is valid: True
2016-10-26 13:58:14:Inferior #threads: 215
2016-10-26 13:58:14:Backtrace BEGIN:
2016-10-26 13:58:14:#0  0x00007ffff7930c40 in ?? ()
#1  0x00007ffff788c60a in ?? ()
#2  0x0000000000000000 in ?? ()

2016-10-26 13:58:14:33	in ../sysdeps/unix/sysv/linux/x86_64/syscall.S

2016-10-26 13:58:14:Backtrace END
2016-10-26 13:58:17:Error(threadFlip): No Threads with symbols
2016-10-26 13:58:17:Fault Injection Failed after 4.17123603821s
2016-10-26 13:58:17:Trying Fault Injection
2016-10-26 13:58:17:Inferior PID: 133776
2016-10-26 13:58:17:Inferior is valid: True
2016-10-26 13:58:17:Inferior #threads: 215
2016-10-26 13:58:17:Backtrace BEGIN:
2016-10-26 13:58:17:#0  0x00007ffff7930c40 in ?? ()
#1  0x00007ffff788c60a in ?? ()
#2  0x0000000000000000 in ?? ()

2016-10-26 13:58:17:33	in ../sysdeps/unix/sysv/linux/x86_64/syscall.S

2016-10-26 13:58:17:Backtrace END
2016-10-26 13:58:19:Error(threadFlip): No Threads with symbols
2016-10-26 13:58:19:Fault Injection Failed after 6.8822479248s
2016-10-26 13:58:20:Trying Fault Injection
2016-10-26 13:58:20:Inferior PID: 133776
2016-10-26 13:58:20:Inferior is valid: True
2016-10-26 13:58:20:Inferior #threads: 215
2016-10-26 13:58:20:Backtrace BEGIN:
2016-10-26 13:58:20:#0  0x00007ffff7930c40 in ?? ()
#1  0x00007ffff788c60a in ?? ()
#2  0x0000000000000000 in ?? ()

2016-10-26 13:58:20:33	in ../sysdeps/unix/sysv/linux/x86_64/syscall.S

2016-10-26 13:58:20:Backtrace END
2016-10-26 13:58:22:Error(threadFlip): No Threads with symbols
2016-10-26 13:58:22:Fault Injection Failed after 9.89539194107s
2016-10-26 13:58:23:Trying Fault Injection
2016-10-26 13:58:23:Inferior PID: 133776
2016-10-26 13:58:23:Inferior is valid: True
2016-10-26 13:58:23:Inferior #threads: 216
2016-10-26 13:58:23:Backtrace BEGIN:
2016-10-26 13:58:23:#0  pthread_cond_timedwait@@GLIBC_2.3.2 () at ../sysdeps/unix/sysv/linux/x86_64/pthread_cond_timedwait.S:238
#1  0x00007ffff790c5ea in ?? ()
#2  0x00007ffff4933d18 in ?? ()
#3  0x0000000002a10a06 in ?? ()
#4  0x0000000000000017 in ?? ()
#5  0x00007ffff4933df0 in ?? ()
#6  0x00007ffff70e17d8 in ?? () from /opt/mpss/3.7/sysroots/k1om-mpss-linux/lib64/libc.so.6
#7  0x00007ffff4933d14 in ?? ()
#8  0x00007ffff4933de0 in ?? ()
#9  0x00007ffff7ff8630 in ?? ()
#10 0x0000000000000008 in ?? ()
#11 0x0000000000000000 in ?? ()

2016-10-26 13:58:23:233	in ../sysdeps/unix/sysv/linux/x86_64/pthread_cond_timedwait.S

2016-10-26 13:58:23:Backtrace END
2016-10-26 13:58:26:Thread name: None
2016-10-26 13:58:26:Thread num: 1
2016-10-26 13:58:26:Thread ptid: (133776, 133776, 0)
2016-10-26 13:58:26:bitFlip function
2016-10-26 13:58:26:Type: The type is an array.
2016-10-26 13:58:26:Type sizeof: 12
2016-10-26 13:58:26:Fliping array at pos: 2
2016-10-26 13:58:26:bitFlip function
2016-10-26 13:58:26:Type: The type is an integer type.
2016-10-26 13:58:26:Type sizeof: 4
2016-10-26 13:58:26:Mem contents(hex):0x080x000x000x00
2016-10-26 13:58:26:base address to flip value: 0x7ffff743c258 
2016-10-26 13:58:26:address max offset: 4
2016-10-26 13:58:26:Memory content before bitflip:0x080x000x000x00
2016-10-26 13:58:26:Memory content after  bitflip:0x000x000x000x00
2016-10-26 13:58:26:Mem contents(hex):0x000x000x000x00
2016-10-26 13:58:26:frame name: __pthread_create_2_1
2016-10-26 13:58:26:symbol name: _thread_db_pthread_key_struct_destr
2016-10-26 13:58:26:symbol filename: ../nptl_db/structs.def
2016-10-26 13:58:26:symbol line: 64
2016-10-26 13:58:26:value: {64, 1, 0}
2016-10-26 13:58:26:value address: 0x7ffff743c250 <_thread_db_pthread_key_struct_destr>
2016-10-26 13:58:26:Type: The type is an array.
2016-10-26 13:58:26:Type sizeof: 12
2016-10-26 13:58:26:Field name: None
2016-10-26 13:58:26:Field Type:
2016-10-26 13:58:26:Type: A range type, that is, an integer type with bounds.
2016-10-26 13:58:26:Type sizeof: 8
2016-10-26 13:58:26:Type range: (0L, 2L)
2016-10-26 13:58:26:Fault Injection Successful after 13.3780419827s
2016-10-26 13:58:34:event type: exit
2016-10-26 13:58:34:exit code: 0
