2017-01-25 08:46:01:Starting GDB script
2017-01-25 08:46:01:initSignal:6.0
2017-01-25 08:46:01:endSignal:8.0
2017-01-25 08:46:01:seqSignal:30
2017-01-25 08:46:08:sending 30 signals using command: 'ssh -T mic0 killall -2 lud_check' after 6.19063502277s
2017-01-25 08:46:08:shell stdout: 
2017-01-25 08:46:08:sending 30 signals using command: 'ssh -T mic0 killall -2 lud_check' after 7.01344225463s
2017-01-25 08:46:08:sending 30 signals using command: 'ssh -T mic0 killall -2 lud_check' after 7.04138058443s
2017-01-25 08:46:08:shell stdout: 
2017-01-25 08:46:09:shell stdout: 
2017-01-25 08:46:09:shell stdout: 
2017-01-25 08:46:09:shell stdout: 
2017-01-25 08:46:09:shell stdout: 
2017-01-25 08:46:09:shell stdout: 
2017-01-25 08:46:09:shell stdout: 
2017-01-25 08:46:10:shell stdout: 
2017-01-25 08:46:10:shell stdout: 
2017-01-25 08:46:10:shell stdout: 
2017-01-25 08:46:10:shell stdout: 
2017-01-25 08:46:10:shell stdout: 
2017-01-25 08:46:10:shell stdout: 
2017-01-25 08:46:11:shell stdout: 
2017-01-25 08:46:11:shell stdout: 
2017-01-25 08:46:11:shell stdout: 
2017-01-25 08:46:11:shell stdout: 
2017-01-25 08:46:11:shell stdout: 
2017-01-25 08:46:11:shell stdout: 
2017-01-25 08:46:11:shell stdout: 
2017-01-25 08:46:11:shell stdout: 
2017-01-25 08:46:11:shell stdout: 
2017-01-25 08:46:12:shell stdout: 
2017-01-25 08:46:12:shell stdout: 
2017-01-25 08:46:12:shell stdout: 
2017-01-25 08:46:12:shell stdout: 
2017-01-25 08:46:12:shell stdout: 
2017-01-25 08:46:12:shell stdout: 
2017-01-25 08:46:13:shell stdout: 
2017-01-25 08:46:13:shell stdout: 
2017-01-25 08:46:13:shell stdout: 
2017-01-25 08:46:13:shell stdout: 
2017-01-25 08:46:13:shell stdout: 
2017-01-25 08:46:13:shell stdout: 
2017-01-25 08:46:14:shell stdout: 
2017-01-25 08:46:14:shell stdout: 
2017-01-25 08:46:14:shell stdout: 
2017-01-25 08:46:14:shell stdout: 
2017-01-25 08:46:14:shell stdout: 
2017-01-25 08:46:14:shell stdout: 
2017-01-25 08:46:15:shell stdout: 
2017-01-25 08:46:15:shell stdout: 
2017-01-25 08:46:15:shell stdout: 
2017-01-25 08:46:15:shell stdout: 
2017-01-25 08:46:15:shell stdout: 
2017-01-25 08:46:15:shell stdout: 
2017-01-25 08:46:15:shell stdout: 
2017-01-25 08:46:15:shell stdout: 
2017-01-25 08:46:15:shell stdout: 
2017-01-25 08:46:16:shell stdout: 
2017-01-25 08:46:16:shell stdout: 
2017-01-25 08:46:16:shell stdout: 
2017-01-25 08:46:16:shell stdout: 
2017-01-25 08:46:16:shell stdout: 
2017-01-25 08:46:16:shell stdout: 
2017-01-25 08:46:17:shell stdout: 
2017-01-25 08:46:17:shell stdout: 
2017-01-25 08:46:17:shell stdout: 
2017-01-25 08:46:17:shell stdout: 
2017-01-25 08:46:17:shell stdout: 
2017-01-25 08:46:17:shell stdout: 
2017-01-25 08:46:18:shell stdout: 
2017-01-25 08:46:18:shell stdout: 
2017-01-25 08:46:18:shell stdout: 
2017-01-25 08:46:18:shell stdout: 
2017-01-25 08:46:18:shell stdout: 
2017-01-25 08:46:18:shell stdout: 
2017-01-25 08:46:18:shell stdout: 
2017-01-25 08:46:18:shell stdout: 
2017-01-25 08:46:19:shell stdout: 
2017-01-25 08:46:19:shell stdout: 
2017-01-25 08:46:19:shell stdout: 
2017-01-25 08:46:19:shell stdout: 
2017-01-25 08:46:19:shell stdout: 
2017-01-25 08:46:19:shell stdout: 
2017-01-25 08:46:19:shell stdout: 
2017-01-25 08:46:20:shell stdout: 
2017-01-25 08:46:20:shell stdout: 
2017-01-25 08:46:20:shell stdout: 
2017-01-25 08:46:20:shell stdout: 
2017-01-25 08:46:20:shell stdout: 
2017-01-25 08:46:20:shell stdout: 
2017-01-25 08:46:20:no gdbExecName running, out:
2017-01-25 08:46:20:checCmd:ps -e | grep -i gdb-mic
2017-01-25 08:46:20:finished now-timestampStart < maxWaitTime*5
2017-01-25 08:46:20:now: 1485351979
2017-01-25 08:46:20:timestampStart: 1485351961
2017-01-25 08:46:20:kill cmd: killall -9 gdb-mic
2017-01-25 08:46:20:shell stdout: 
2017-01-25 08:46:20:shell stdout: 
2017-01-25 08:46:21:shell stdout: 
2017-01-25 08:46:21:shell stdout: 
2017-01-25 08:46:21:kill cmd: ssh -T mic0 killall -9 lud_check
2017-01-25 08:46:21:shell stdout: 
2017-01-25 08:46:21:shell stdout: 
2017-01-25 08:46:21:shell stdout: 
2017-01-25 08:46:21:kill cmd: ssh -T mic0 killall -9 gdbserver
2017-01-25 08:46:21:shell stdout: 
2017-01-25 08:46:21:shell stdout: 
2017-01-25 08:46:21:shell stdout: 
2017-01-25 08:46:22:kill cmd: ssh -T mic0 killall -9 sshd
2017-01-25 08:46:22:shell stdout: 
