2016-10-31 10:32:41:Starting GDB script
2016-10-31 10:32:44:sending signal using command: 'ssh -T mic0 killall -2 hotspot_check' after 2.8249027298s
2016-10-31 10:32:44:shell stdout: 
2016-10-31 10:32:46:sending signal using command: 'ssh -T mic0 killall -2 hotspot_check' after 4.38589943103s
2016-10-31 10:32:46:shell stdout: 
2016-10-31 10:32:46:sending signal using command: 'ssh -T mic0 killall -2 hotspot_check' after 4.41269170142s
2016-10-31 10:32:46:shell stdout: 
2016-10-31 10:32:46:sending signal using command: 'ssh -T mic0 killall -2 hotspot_check' after 4.64354513681s
2016-10-31 10:32:46:shell stdout: 
2016-10-31 10:32:48:sending signal using command: 'ssh -T mic0 killall -2 hotspot_check' after 6.2821575371s
2016-10-31 10:32:48:shell stdout: 
2016-10-31 10:32:49:sending signal using command: 'ssh -T mic0 killall -2 hotspot_check' after 7.56924927236s
2016-10-31 10:32:49:shell stdout: 
2016-10-31 10:32:51:sending signal using command: 'ssh -T mic0 killall -2 hotspot_check' after 9.2470870281s
2016-10-31 10:32:51:shell stdout: 
2016-10-31 10:32:52:sending signal using command: 'ssh -T mic0 killall -2 hotspot_check' after 10.700082571s
2016-10-31 10:32:52:shell stdout: 
2016-10-31 10:32:53:sending signal using command: 'ssh -T mic0 killall -2 hotspot_check' after 10.8546252881s
2016-10-31 10:32:53:shell stdout: 
2016-10-31 10:32:56:sending signal using command: 'ssh -T mic0 killall -2 hotspot_check' after 14.306035913s
2016-10-31 10:32:56:shell stdout: 
2016-10-31 10:33:03:no gdbExecName running, out:
2016-10-31 10:33:03:checCmd:ps -e | grep -i gdb-mic
2016-10-31 10:33:03:finished now-timestampStart < maxWaitTime*5
2016-10-31 10:33:03:now: 1477924382
2016-10-31 10:33:03:timestampStart: 1477924361
2016-10-31 10:33:03:kill cmd: killall -9 gdb-mic
2016-10-31 10:33:03:shell stdout: 
2016-10-31 10:33:03:kill cmd: ssh -T mic0 killall -9 hotspot_check
2016-10-31 10:33:03:shell stdout: 
2016-10-31 10:33:03:kill cmd: ssh -T mic0 killall -9 gdbserver
2016-10-31 10:33:03:shell stdout: 
