[INFO -- 2017-02-26 20:42:11]
Starting flip_value script
version: 2.0
[INFO -- 2017-02-26 20:42:11]
Initialization strings:
[INFO -- 2017-02-26 20:42:11]
(1) target extended-remote | ssh -T mic1 gdbserver --multi -
[INFO -- 2017-02-26 20:42:11]
(2) set sysroot /opt/mpss/3.7/sysroots/k1om-mpss-linux/
[INFO -- 2017-02-26 20:42:11]
(3) set sysroot /opt/mpss/3.7/sysroots/k1om-mpss-linux/
[INFO -- 2017-02-26 20:42:11]
(4) file /micNfs/gdb-fault-injection/injector/bin/lud/lud_check
[INFO -- 2017-02-26 20:42:11]
(5) set remote exec-file /micNfs/gdb-fault-injection/injector/bin/lud/lud_check
[INFO -- 2017-02-26 20:42:11]
(6) set args -s 2048 -n 228 -i /micNfs/gdb-fault-injection/injector/bin/lud/input_2048_th_228 -g /micNfs/gdb-fault-injection/injector/bin/lud/gold_2048_th_228
[INFO -- 2017-02-26 20:42:11]
initSignal:2
[INFO -- 2017-02-26 20:42:11]
endSignal:4
[INFO -- 2017-02-26 20:42:11]
seqSignal:30
[INFO -- 2017-02-26 20:42:11]
faultMode:1
[EXCEPTION -- 2017-02-26 20:42:32]
pythonException: invalid frame
[EXCEPTION -- 2017-02-26 20:42:32]
pythonException: invalid frame
[EXCEPTION -- 2017-02-26 20:42:32]
pythonException: invalid frame
[EXCEPTION -- 2017-02-26 20:42:32]
pythonException: invalid frame
[EXCEPTION -- 2017-02-26 20:42:32]
pythonException: invalid frame
[EXCEPTION -- 2017-02-26 20:42:32]
pythonException: invalid frame
[EXCEPTION -- 2017-02-26 20:42:32]
pythonException: invalid frame
[EXCEPTION -- 2017-02-26 20:42:32]
pythonException: invalid frame
[EXCEPTION -- 2017-02-26 20:42:32]
pythonException: invalid frame
[EXCEPTION -- 2017-02-26 20:42:32]
pythonException: invalid frame
[EXCEPTION -- 2017-02-26 20:42:32]
pythonException: invalid frame
[EXCEPTION -- 2017-02-26 20:42:32]
pythonException: invalid frame
[EXCEPTION -- 2017-02-26 20:42:32]
pythonException: invalid frame
[EXCEPTION -- 2017-02-26 20:42:32]
pythonException: invalid frame
[EXCEPTION -- 2017-02-26 20:42:32]
pythonException: invalid frame
[EXCEPTION -- 2017-02-26 20:42:32]
pythonException: invalid frame
[EXCEPTION -- 2017-02-26 20:42:32]
pythonException: invalid frame
[EXCEPTION -- 2017-02-26 20:42:32]
pythonException: invalid frame
[EXCEPTION -- 2017-02-26 20:42:32]
pythonException: invalid frame
[EXCEPTION -- 2017-02-26 20:42:32]
pythonException: invalid frame
[EXCEPTION -- 2017-02-26 20:42:32]
pythonException: invalid frame
[EXCEPTION -- 2017-02-26 20:42:32]
pythonException: invalid frame
[EXCEPTION -- 2017-02-26 20:42:32]
pythonException: invalid frame
[EXCEPTION -- 2017-02-26 20:42:32]
pythonException: invalid frame
[EXCEPTION -- 2017-02-26 20:42:32]
pythonException: invalid frame
[EXCEPTION -- 2017-02-26 20:42:32]
pythonException: invalid frame
[EXCEPTION -- 2017-02-26 20:42:32]
pythonException: invalid frame
[EXCEPTION -- 2017-02-26 20:42:32]
pythonException: invalid frame
[EXCEPTION -- 2017-02-26 20:42:32]
pythonException: invalid frame
[EXCEPTION -- 2017-02-26 20:42:32]
pythonException: invalid frame
[EXCEPTION -- 2017-02-26 20:42:32]
pythonException: invalid frame
[EXCEPTION -- 2017-02-26 20:42:32]
pythonException: invalid frame
[EXCEPTION -- 2017-02-26 20:42:32]
pythonException: invalid frame
[EXCEPTION -- 2017-02-26 20:42:32]
pythonException: invalid frame
[EXCEPTION -- 2017-02-26 20:42:32]
pythonException: invalid frame
[EXCEPTION -- 2017-02-26 20:42:32]
pythonException: invalid frame
[EXCEPTION -- 2017-02-26 20:42:32]
pythonException: invalid frame
[EXCEPTION -- 2017-02-26 20:42:32]
pythonException: invalid frame
[EXCEPTION -- 2017-02-26 20:42:32]
pythonException: invalid frame
[EXCEPTION -- 2017-02-26 20:42:32]
pythonException: invalid frame
[EXCEPTION -- 2017-02-26 20:42:32]
pythonException: invalid frame
[EXCEPTION -- 2017-02-26 20:42:32]
pythonException: invalid frame
[EXCEPTION -- 2017-02-26 20:42:32]
pythonException: invalid frame
[EXCEPTION -- 2017-02-26 20:42:32]
pythonException: invalid frame
[EXCEPTION -- 2017-02-26 20:42:32]
pythonException: invalid frame
[EXCEPTION -- 2017-02-26 20:42:32]
pythonException: invalid frame
[EXCEPTION -- 2017-02-26 20:42:32]
pythonException: invalid frame
[EXCEPTION -- 2017-02-26 20:42:32]
pythonException: invalid frame
[EXCEPTION -- 2017-02-26 20:42:32]
pythonException: invalid frame
[EXCEPTION -- 2017-02-26 20:42:32]
pythonException: invalid frame
[EXCEPTION -- 2017-02-26 20:42:32]
pythonException: invalid frame
[EXCEPTION -- 2017-02-26 20:42:32]
pythonException: invalid frame
[EXCEPTION -- 2017-02-26 20:42:32]
pythonException: invalid frame
[EXCEPTION -- 2017-02-26 20:42:32]
pythonException: invalid frame
[EXCEPTION -- 2017-02-26 20:42:32]
pythonException: invalid frame
[EXCEPTION -- 2017-02-26 20:42:32]
pythonException: invalid frame
[EXCEPTION -- 2017-02-26 20:42:32]
pythonException: invalid frame
[EXCEPTION -- 2017-02-26 20:42:32]
pythonException: invalid frame
[EXCEPTION -- 2017-02-26 20:42:32]
pythonException: invalid frame
[EXCEPTION -- 2017-02-26 20:42:32]
pythonException: invalid frame
[EXCEPTION -- 2017-02-26 20:42:32]
pythonException: invalid frame
[EXCEPTION -- 2017-02-26 20:42:32]
pythonException: invalid frame
[EXCEPTION -- 2017-02-26 20:42:32]
pythonException: invalid frame
[EXCEPTION -- 2017-02-26 20:42:32]
pythonException: invalid frame
[EXCEPTION -- 2017-02-26 20:42:32]
pythonException: invalid frame
[EXCEPTION -- 2017-02-26 20:42:32]
pythonException: invalid frame
[EXCEPTION -- 2017-02-26 20:42:32]
pythonException: invalid frame
[EXCEPTION -- 2017-02-26 20:42:32]
pythonException: invalid frame
[EXCEPTION -- 2017-02-26 20:42:32]
pythonException: invalid frame
[EXCEPTION -- 2017-02-26 20:42:32]
pythonException: invalid frame
[EXCEPTION -- 2017-02-26 20:42:32]
pythonException: invalid frame
[EXCEPTION -- 2017-02-26 20:42:32]
pythonException: invalid frame
[EXCEPTION -- 2017-02-26 20:42:32]
pythonException: invalid frame
[EXCEPTION -- 2017-02-26 20:42:32]
pythonException: invalid frame
[EXCEPTION -- 2017-02-26 20:42:32]
pythonException: invalid frame
[EXCEPTION -- 2017-02-26 20:42:32]
pythonException: invalid frame
[EXCEPTION -- 2017-02-26 20:42:32]
pythonException: invalid frame
[EXCEPTION -- 2017-02-26 20:42:32]
pythonException: invalid frame
[EXCEPTION -- 2017-02-26 20:42:32]
pythonException: invalid frame
[EXCEPTION -- 2017-02-26 20:42:32]
pythonException: invalid frame
[EXCEPTION -- 2017-02-26 20:42:32]
pythonException: invalid frame
[EXCEPTION -- 2017-02-26 20:42:32]
pythonException: invalid frame
[EXCEPTION -- 2017-02-26 20:42:32]
pythonException: invalid frame
[EXCEPTION -- 2017-02-26 20:42:32]
pythonException: invalid frame
[EXCEPTION -- 2017-02-26 20:42:32]
pythonException: invalid frame
[EXCEPTION -- 2017-02-26 20:42:32]
pythonException: invalid frame
[EXCEPTION -- 2017-02-26 20:42:32]
pythonException: invalid frame
[EXCEPTION -- 2017-02-26 20:42:32]
pythonException: invalid frame
[EXCEPTION -- 2017-02-26 20:42:32]
pythonException: invalid frame
[EXCEPTION -- 2017-02-26 20:42:32]
pythonException: invalid frame
[EXCEPTION -- 2017-02-26 20:42:32]
pythonException: invalid frame
[EXCEPTION -- 2017-02-26 20:42:32]
pythonException: invalid frame
[EXCEPTION -- 2017-02-26 20:42:32]
pythonException: invalid frame
[EXCEPTION -- 2017-02-26 20:42:32]
pythonException: invalid frame
[EXCEPTION -- 2017-02-26 20:42:32]
pythonException: invalid frame
[EXCEPTION -- 2017-02-26 20:42:32]
pythonException: invalid frame
[EXCEPTION -- 2017-02-26 20:42:32]
pythonException: invalid frame
[EXCEPTION -- 2017-02-26 20:42:32]
pythonException: invalid frame
[EXCEPTION -- 2017-02-26 20:42:32]
pythonException: invalid frame
[EXCEPTION -- 2017-02-26 20:42:32]
pythonException: invalid frame
[EXCEPTION -- 2017-02-26 20:42:32]
pythonException: invalid frame
[EXCEPTION -- 2017-02-26 20:42:32]
pythonException: invalid frame
[EXCEPTION -- 2017-02-26 20:42:32]
pythonException: invalid frame
[EXCEPTION -- 2017-02-26 20:42:32]
pythonException: invalid frame
[EXCEPTION -- 2017-02-26 20:42:32]
pythonException: invalid frame
[EXCEPTION -- 2017-02-26 20:42:32]
pythonException: invalid frame
[EXCEPTION -- 2017-02-26 20:42:32]
pythonException: invalid frame
[EXCEPTION -- 2017-02-26 20:42:32]
pythonException: invalid frame
[EXCEPTION -- 2017-02-26 20:42:32]
pythonException: invalid frame
[EXCEPTION -- 2017-02-26 20:42:32]
pythonException: invalid frame
[EXCEPTION -- 2017-02-26 20:42:32]
pythonException: invalid frame
[EXCEPTION -- 2017-02-26 20:42:32]
pythonException: invalid frame
[EXCEPTION -- 2017-02-26 20:42:32]
pythonException: invalid frame
[EXCEPTION -- 2017-02-26 20:42:32]
pythonException: invalid frame
[EXCEPTION -- 2017-02-26 20:42:32]
pythonException: invalid frame
[EXCEPTION -- 2017-02-26 20:42:32]
pythonException: invalid frame
[EXCEPTION -- 2017-02-26 20:42:32]
pythonException: invalid frame
[EXCEPTION -- 2017-02-26 20:42:32]
pythonException: invalid frame
[EXCEPTION -- 2017-02-26 20:42:32]
pythonException: invalid frame
[EXCEPTION -- 2017-02-26 20:42:32]
pythonException: invalid frame
[EXCEPTION -- 2017-02-26 20:42:32]
pythonException: invalid frame
[EXCEPTION -- 2017-02-26 20:42:32]
pythonException: invalid frame
[EXCEPTION -- 2017-02-26 20:42:32]
pythonException: invalid frame
[EXCEPTION -- 2017-02-26 20:42:32]
pythonException: invalid frame
[EXCEPTION -- 2017-02-26 20:42:32]
pythonException: invalid frame
[EXCEPTION -- 2017-02-26 20:42:32]
pythonException: invalid frame
[EXCEPTION -- 2017-02-26 20:42:32]
pythonException: invalid frame
[EXCEPTION -- 2017-02-26 20:42:32]
pythonException: invalid frame
[EXCEPTION -- 2017-02-26 20:42:32]
pythonException: invalid frame
[EXCEPTION -- 2017-02-26 20:42:32]
pythonException: invalid frame
[EXCEPTION -- 2017-02-26 20:42:32]
pythonException: invalid frame
[EXCEPTION -- 2017-02-26 20:42:32]
pythonException: invalid frame
[EXCEPTION -- 2017-02-26 20:42:32]
pythonException: invalid frame
[EXCEPTION -- 2017-02-26 20:42:32]
pythonException: invalid frame
[EXCEPTION -- 2017-02-26 20:42:32]
pythonException: invalid frame
[EXCEPTION -- 2017-02-26 20:42:32]
pythonException: invalid frame
[EXCEPTION -- 2017-02-26 20:42:32]
pythonException: invalid frame
[EXCEPTION -- 2017-02-26 20:42:32]
pythonException: invalid frame
[EXCEPTION -- 2017-02-26 20:42:32]
pythonException: invalid frame
[EXCEPTION -- 2017-02-26 20:42:32]
pythonException: invalid frame
[EXCEPTION -- 2017-02-26 20:42:32]
pythonException: invalid frame
[EXCEPTION -- 2017-02-26 20:42:32]
pythonException: invalid frame
[EXCEPTION -- 2017-02-26 20:42:32]
pythonException: invalid frame
[EXCEPTION -- 2017-02-26 20:42:32]
pythonException: invalid frame
[EXCEPTION -- 2017-02-26 20:42:32]
pythonException: invalid frame
[EXCEPTION -- 2017-02-26 20:42:32]
pythonException: invalid frame
[EXCEPTION -- 2017-02-26 20:42:32]
pythonException: invalid frame
[EXCEPTION -- 2017-02-26 20:42:32]
pythonException: invalid frame
[EXCEPTION -- 2017-02-26 20:42:32]
pythonException: invalid frame
[EXCEPTION -- 2017-02-26 20:42:32]
pythonException: invalid frame
[EXCEPTION -- 2017-02-26 20:42:32]
pythonException: invalid frame
[EXCEPTION -- 2017-02-26 20:42:32]
pythonException: invalid frame
[EXCEPTION -- 2017-02-26 20:42:32]
pythonException: invalid frame
[EXCEPTION -- 2017-02-26 20:42:32]
pythonException: invalid frame
[EXCEPTION -- 2017-02-26 20:42:32]
pythonException: invalid frame
[EXCEPTION -- 2017-02-26 20:42:32]
pythonException: invalid frame
[EXCEPTION -- 2017-02-26 20:42:32]
pythonException: invalid frame
[EXCEPTION -- 2017-02-26 20:42:32]
pythonException: invalid frame
[EXCEPTION -- 2017-02-26 20:42:32]
pythonException: invalid frame
[EXCEPTION -- 2017-02-26 20:42:32]
pythonException: invalid frame
[EXCEPTION -- 2017-02-26 20:42:32]
pythonException: invalid frame
[EXCEPTION -- 2017-02-26 20:42:32]
pythonException: invalid frame
[EXCEPTION -- 2017-02-26 20:42:32]
pythonException: invalid frame
[EXCEPTION -- 2017-02-26 20:42:32]
pythonException: invalid frame
[EXCEPTION -- 2017-02-26 20:42:32]
pythonException: invalid frame
[EXCEPTION -- 2017-02-26 20:42:32]
pythonException: invalid frame
[EXCEPTION -- 2017-02-26 20:42:32]
pythonException: invalid frame
[EXCEPTION -- 2017-02-26 20:42:32]
pythonException: invalid frame
[EXCEPTION -- 2017-02-26 20:42:32]
pythonException: invalid frame
[EXCEPTION -- 2017-02-26 20:42:32]
pythonException: invalid frame
[EXCEPTION -- 2017-02-26 20:42:32]
pythonException: invalid frame
[EXCEPTION -- 2017-02-26 20:42:32]
pythonException: invalid frame
[EXCEPTION -- 2017-02-26 20:42:32]
pythonException: invalid frame
[EXCEPTION -- 2017-02-26 20:42:32]
pythonException: invalid frame
[EXCEPTION -- 2017-02-26 20:42:32]
pythonException: invalid frame
[EXCEPTION -- 2017-02-26 20:42:32]
pythonException: invalid frame
[EXCEPTION -- 2017-02-26 20:42:32]
pythonException: invalid frame
[EXCEPTION -- 2017-02-26 20:42:32]
pythonException: invalid frame
[EXCEPTION -- 2017-02-26 20:42:32]
pythonException: invalid frame
[EXCEPTION -- 2017-02-26 20:42:32]
pythonException: invalid frame
[EXCEPTION -- 2017-02-26 20:42:32]
pythonException: invalid frame
[EXCEPTION -- 2017-02-26 20:42:32]
pythonException: invalid frame
[EXCEPTION -- 2017-02-26 20:42:32]
pythonException: invalid frame
[EXCEPTION -- 2017-02-26 20:42:32]
pythonException: invalid frame
[EXCEPTION -- 2017-02-26 20:42:32]
pythonException: invalid frame
[EXCEPTION -- 2017-02-26 20:42:32]
pythonException: invalid frame
[EXCEPTION -- 2017-02-26 20:42:32]
pythonException: invalid frame
[EXCEPTION -- 2017-02-26 20:42:32]
pythonException: invalid frame
[EXCEPTION -- 2017-02-26 20:42:32]
pythonException: invalid frame
[EXCEPTION -- 2017-02-26 20:42:32]
pythonException: invalid frame
[EXCEPTION -- 2017-02-26 20:42:32]
pythonException: invalid frame
[EXCEPTION -- 2017-02-26 20:42:32]
pythonException: invalid frame
[EXCEPTION -- 2017-02-26 20:42:32]
pythonException: invalid frame
[EXCEPTION -- 2017-02-26 20:42:32]
pythonException: invalid frame
[EXCEPTION -- 2017-02-26 20:42:32]
pythonException: invalid frame
[INFO -- 2017-02-26 20:42:32]
Backtrace BEGIN:
#0  0x0000000000404c96 in L_lud_omp_123__par_loop2_2_5 () at lud_omp.c:148
#1  0x00007ffff790ba1f in ?? ()
#2  0x00007fffffffd9c0 in ?? ()
#3  0x00007ffff4ea0100 in ?? ()
#4  0x0000000000000001 in ?? ()
#5  0x0000000000000003 in ?? ()
#6  0x0000000000000000 in ?? ()

143	            for (i = 0; i < BS; i++)
144	            {
145	                for (k=0; k < BS; k++) {
146	#pragma omp simd 
147	                    for (j = 0; j < BS; j++) {
148	                        sum[j] += temp_left[BS*i + k] * temp_top[BS*k + j];
149	                    }
150	                }
151	#pragma omp simd 
152	                for (j = 0; j < BS; j++) {

Backtrace END
Fliping array at pos: 7
Memory content before bitflip:0x060x0f0x160x3e
Fault Mode: Double bit-flip
base address to flip value: 0x7fffffffc85c
address max offset: 4
Memory content after  bitflip:0x0c0x0f0x160x3e
frame name: L_lud_omp_123__par_loop2_2_5
symbol name: sum
symbol filename: lud_omp.c
symbol line: 130
value: {0.16249463, 0.147423953, 0.147277102, 0.147130623, 0.146982342, 0.146836668, 0.146689668, 0.146541774, 0.146396294, 0.146249548, 0.146103114, 0.14595814, 0.145812079, 0.145665139, 0.145520166, 0.145374924}
value address: 0x7fffffffc840
Type: The type is an array.
Type sizeof: 64
Field name: None
Field Type: A range type, that is, an integer type with bounds.
Field Type sizeof: 1
Field Type range: (0L, 15L)

[INFO -- 2017-02-26 20:42:32]
Fault Injection Successful after 21.4533538818s
[INFO -- 2017-02-26 20:42:46]
event type: exit
[INFO -- 2017-02-26 20:42:46]
exit code: 1
