2016-10-26 04:05:20:Initialization strings:
2016-10-26 04:05:21:(1) target extended-remote | ssh -T mic0 gdbserver --multi -
2016-10-26 04:05:21:(2) set sysroot /opt/mpss/3.7/sysroots/k1om-mpss-linux/
2016-10-26 04:05:21:(3) set sysroot /opt/mpss/3.7/sysroots/k1om-mpss-linux/
2016-10-26 04:05:21:(4) file /micNfs/gdb-fault-injection-hotspot/bin/hotspot_check
2016-10-26 04:05:21:(5) set remote exec-file /micNfs/gdb-fault-injection-hotspot/bin/hotspot_check
2016-10-26 04:05:21:(6) set args 1024 1024 2000 228 /micNfs/gdb-fault-injection-hotspot/bin/temp_1024 /micNfs/gdb-fault-injection-hotspot/bin/power_1024 /micNfs/gdb-fault-injection-hotspot/bin/GOLD_1024-2000-228
2016-10-26 04:05:23:Trying Fault Injection
2016-10-26 04:05:23:Backtrace BEGIN:
2016-10-26 04:05:23:#0  0x00007ffff714f7d1 in __memchr (s=s@entry=0x7ffff7f60713, c_in=c_in@entry=10, n=250, n@entry=255) at ../string/memchr.c:131
#1  0x00007ffff7139361 in __GI__IO_getline_info (fp=fp@entry=0x609b40, buf=buf@entry=0x7fffffffe77a "325.057230\n", n=255, delim=delim@entry=10, extract_delim=extract_delim@entry=1, eof=eof@entry=0x0) at iogetline.c:94
#2  0x00007ffff7139498 in __GI__IO_getline (fp=fp@entry=0x609b40, buf=buf@entry=0x7fffffffe77a "325.057230\n", n=<optimized out>, delim=delim@entry=10, extract_delim=extract_delim@entry=1) at iogetline.c:38
#3  0x00007ffff7138312 in _IO_fgets (buf=0x7fffffffe77a "325.057230\n", n=<optimized out>, fp=0x609b40) at iofgets.c:56
#4  0x0000000000401712 in read_input (vect=<optimized out>, grid_rows=<optimized out>, grid_cols=-160649200, file=<optimized out>) at hotspot_check.c:201
#5  main (argc=-134871272, argv=0xa) at hotspot_check.c:264

2016-10-26 04:05:23:126	in ../string/memchr.c

2016-10-26 04:05:23:Backtrace END
2016-10-26 04:05:23:Type: A floating point type.
2016-10-26 04:05:23:Type sizeof: 4
2016-10-26 04:05:23:Mem contents(hex):0x000x000xa00x42
2016-10-26 04:05:23:base address to flip value: 0x4073a4 
2016-10-26 04:05:23:address max offset: 4
2016-10-26 04:05:23:Memory content before bitflip:0x000x000xa00x42
2016-10-26 04:05:23:Memory content after  bitflip:0x000x020xa00x42
2016-10-26 04:05:23:Mem contents(hex):0x000x020xa00x42
2016-10-26 04:05:23:frame name: main
2016-10-26 04:05:23:symbol name: amb_temp
2016-10-26 04:05:23:symbol filename: hotspot_check.c
2016-10-26 04:05:23:symbol line: 37
2016-10-26 04:05:23:value: 80.0039062
2016-10-26 04:05:23:value address: 0x4073a4 <amb_temp>
2016-10-26 04:05:23:Type: A floating point type.
2016-10-26 04:05:23:Type sizeof: 4
2016-10-26 04:05:23:Fault Injection Successful after 2.72561001778s
2016-10-26 04:05:24:Fault Already Injected
2016-10-26 04:05:27:Fault Already Injected
2016-10-26 04:05:29:Fault Already Injected
2016-10-26 04:05:29:Fault Already Injected
2016-10-26 04:05:30:Fault Already Injected
2016-10-26 04:05:31:Fault Already Injected
2016-10-26 04:05:31:Fault Already Injected
2016-10-26 04:05:33:Fault Already Injected
2016-10-26 04:05:34:Fault Already Injected
2016-10-26 04:05:35:event type: exit
2016-10-26 04:05:35:exit code: 0
