[INFO -- 2017-03-26 07:27:54]
Starting GDB script
[INFO -- 2017-03-26 07:27:54]
initSignal:0.0
[INFO -- 2017-03-26 07:27:54]
endSignal:3.0
[INFO -- 2017-03-26 07:27:54]
seqSignal:30
[INFO -- 2017-03-26 07:27:54]
sending 30 signals using command: 'ssh -T mic0 killall -2 lavamd_check' after 0.223278151583s
[INFO -- 2017-03-26 07:27:54]
shell stdout: 
[INFO -- 2017-03-26 07:27:55]
shell stdout: 
[INFO -- 2017-03-26 07:27:55]
sending 30 signals using command: 'ssh -T mic0 killall -2 lavamd_check' after 1.04457690578s
[INFO -- 2017-03-26 07:27:55]
shell stdout: 
[INFO -- 2017-03-26 07:27:55]
shell stdout: 
[INFO -- 2017-03-26 07:27:56]
shell stdout: 
[INFO -- 2017-03-26 07:27:56]
shell stdout: 
[INFO -- 2017-03-26 07:27:56]
shell stdout: 
[INFO -- 2017-03-26 07:27:56]
shell stdout: 
[INFO -- 2017-03-26 07:27:56]
sending 30 signals using command: 'ssh -T mic0 killall -2 lavamd_check' after 2.37384266164s
[INFO -- 2017-03-26 07:27:56]
shell stdout: 
[INFO -- 2017-03-26 07:27:56]
shell stdout: 
[INFO -- 2017-03-26 07:27:57]
shell stdout: 
[INFO -- 2017-03-26 07:27:57]
shell stdout: 
[INFO -- 2017-03-26 07:27:57]
shell stdout: 
[INFO -- 2017-03-26 07:27:57]
shell stdout: 
[INFO -- 2017-03-26 07:27:57]
shell stdout: 
[INFO -- 2017-03-26 07:27:58]
shell stdout: 
[INFO -- 2017-03-26 07:27:58]
shell stdout: 
[INFO -- 2017-03-26 07:27:58]
shell stdout: 
[INFO -- 2017-03-26 07:27:58]
shell stdout: 
[INFO -- 2017-03-26 07:27:58]
shell stdout: 
[INFO -- 2017-03-26 07:27:59]
shell stdout: 
[INFO -- 2017-03-26 07:27:59]
shell stdout: 
[INFO -- 2017-03-26 07:27:59]
shell stdout: 
[INFO -- 2017-03-26 07:27:59]
shell stdout: 
[INFO -- 2017-03-26 07:27:59]
shell stdout: 
[INFO -- 2017-03-26 07:27:59]
shell stdout: 
[INFO -- 2017-03-26 07:28:00]
shell stdout: 
[INFO -- 2017-03-26 07:28:00]
shell stdout: 
[INFO -- 2017-03-26 07:28:00]
shell stdout: 
[INFO -- 2017-03-26 07:28:01]
shell stdout: 
[INFO -- 2017-03-26 07:28:01]
shell stdout: 
[INFO -- 2017-03-26 07:28:01]
shell stdout: 
[INFO -- 2017-03-26 07:28:02]
shell stdout: 
[INFO -- 2017-03-26 07:28:02]
shell stdout: 
[INFO -- 2017-03-26 07:28:02]
shell stdout: 
[INFO -- 2017-03-26 07:28:02]
shell stdout: 
[INFO -- 2017-03-26 07:28:02]
shell stdout: 
[INFO -- 2017-03-26 07:28:02]
shell stdout: 
[INFO -- 2017-03-26 07:28:03]
shell stdout: 
[INFO -- 2017-03-26 07:28:03]
shell stdout: 
[INFO -- 2017-03-26 07:28:03]
shell stdout: 
[INFO -- 2017-03-26 07:28:04]
shell stdout: 
[INFO -- 2017-03-26 07:28:04]
shell stdout: 
[INFO -- 2017-03-26 07:28:04]
shell stdout: 
[INFO -- 2017-03-26 07:28:04]
shell stdout: 
[INFO -- 2017-03-26 07:28:04]
shell stdout: 
[INFO -- 2017-03-26 07:28:04]
shell stdout: 
[INFO -- 2017-03-26 07:28:05]
shell stdout: 
[INFO -- 2017-03-26 07:28:05]
shell stdout: 
[INFO -- 2017-03-26 07:28:05]
shell stdout: 
[INFO -- 2017-03-26 07:28:06]
shell stdout: 
[INFO -- 2017-03-26 07:28:06]
shell stdout: 
[INFO -- 2017-03-26 07:28:06]
shell stdout: 
[INFO -- 2017-03-26 07:28:06]
shell stdout: 
[INFO -- 2017-03-26 07:28:06]
shell stdout: 
[INFO -- 2017-03-26 07:28:06]
shell stdout: 
[INFO -- 2017-03-26 07:28:07]
shell stdout: 
[INFO -- 2017-03-26 07:28:07]
shell stdout: 
[INFO -- 2017-03-26 07:28:07]
shell stdout: 
[INFO -- 2017-03-26 07:28:07]
shell stdout: 
[INFO -- 2017-03-26 07:28:07]
shell stdout: 
[INFO -- 2017-03-26 07:28:07]
shell stdout: 
[INFO -- 2017-03-26 07:28:08]
shell stdout: 
[INFO -- 2017-03-26 07:28:08]
shell stdout: 
[INFO -- 2017-03-26 07:28:08]
shell stdout: 
[INFO -- 2017-03-26 07:28:08]
shell stdout: 
[INFO -- 2017-03-26 07:28:08]
shell stdout: 
[INFO -- 2017-03-26 07:28:08]
shell stdout: 
[INFO -- 2017-03-26 07:28:09]
shell stdout: 
[INFO -- 2017-03-26 07:28:09]
shell stdout: 
[INFO -- 2017-03-26 07:28:09]
shell stdout: 
[INFO -- 2017-03-26 07:28:09]
shell stdout: 
[INFO -- 2017-03-26 07:28:09]
shell stdout: 
[INFO -- 2017-03-26 07:28:09]
shell stdout: 
[INFO -- 2017-03-26 07:28:09]
shell stdout: 
[INFO -- 2017-03-26 07:28:09]
shell stdout: 
[INFO -- 2017-03-26 07:28:10]
shell stdout: 
[INFO -- 2017-03-26 07:28:10]
shell stdout: 
[INFO -- 2017-03-26 07:28:10]
shell stdout: 
[INFO -- 2017-03-26 07:28:10]
shell stdout: 
[INFO -- 2017-03-26 07:28:10]
shell stdout: 
[INFO -- 2017-03-26 07:28:10]
shell stdout: 
[INFO -- 2017-03-26 07:28:10]
shell stdout: 
[INFO -- 2017-03-26 07:28:11]
shell stdout: 
[INFO -- 2017-03-26 07:28:11]
shell stdout: 
[INFO -- 2017-03-26 07:28:11]
shell stdout: 
[INFO -- 2017-03-26 07:28:11]
shell stdout: 
[INFO -- 2017-03-26 07:28:12]
shell stdout: 
[INFO -- 2017-03-26 07:28:12]
shell stdout: 
[INFO -- 2017-03-26 07:28:13]
shell stdout: 
[INFO -- 2017-03-26 07:28:17]
no gdbExecName running, out:
[INFO -- 2017-03-26 07:28:17]
checCmd:ps -e | grep -i gdb-mic
[INFO -- 2017-03-26 07:28:17]
finished now-timestampStart < maxWaitTime*5
[INFO -- 2017-03-26 07:28:17]
now: 1490513296
[INFO -- 2017-03-26 07:28:17]
timestampStart: 1490513274
[INFO -- 2017-03-26 07:28:17]
kill cmd: killall -9 gdb-mic
[INFO -- 2017-03-26 07:28:17]
shell stdout: 
[INFO -- 2017-03-26 07:28:18]
kill cmd: ssh -T mic0 killall -9 lavamd_check
[INFO -- 2017-03-26 07:28:18]
shell stdout: 
[INFO -- 2017-03-26 07:28:18]
kill cmd: ssh -T mic0 killall -9 gdbserver
[INFO -- 2017-03-26 07:28:18]
shell stdout: 
[INFO -- 2017-03-26 07:28:18]
kill cmd: ssh -T mic0 killall -9 sshd
[INFO -- 2017-03-26 07:28:18]
shell stdout: 
