[INFO -- 2017-03-04 01:31:49]
Starting GDB script
[INFO -- 2017-03-04 01:31:49]
initSignal:15.0
[INFO -- 2017-03-04 01:31:49]
endSignal:20.0
[INFO -- 2017-03-04 01:31:49]
seqSignal:20
[INFO -- 2017-03-04 01:32:07]
sending 20 signals using command: 'ssh -T mic0 killall -2 clamr_openmponly' after 17.8864661459s
[INFO -- 2017-03-04 01:32:07]
sending 20 signals using command: 'ssh -T mic0 killall -2 clamr_openmponly' after 17.95096802s
[INFO -- 2017-03-04 01:32:07]
shell stdout: 
[INFO -- 2017-03-04 01:32:07]
shell stdout: 
[INFO -- 2017-03-04 01:32:07]
shell stdout: 
[INFO -- 2017-03-04 01:32:07]
shell stdout: 
[INFO -- 2017-03-04 01:32:08]
shell stdout: 
[INFO -- 2017-03-04 01:32:08]
shell stdout: 
[INFO -- 2017-03-04 01:32:08]
shell stdout: 
[INFO -- 2017-03-04 01:32:08]
shell stdout: 
[INFO -- 2017-03-04 01:32:09]
shell stdout: 
[INFO -- 2017-03-04 01:32:09]
shell stdout: 
[INFO -- 2017-03-04 01:32:09]
shell stdout: 
[INFO -- 2017-03-04 01:32:09]
shell stdout: 
[INFO -- 2017-03-04 01:32:09]
shell stdout: 
[INFO -- 2017-03-04 01:32:10]
shell stdout: 
[INFO -- 2017-03-04 01:32:10]
shell stdout: 
[INFO -- 2017-03-04 01:32:10]
shell stdout: 
[INFO -- 2017-03-04 01:32:10]
shell stdout: 
[INFO -- 2017-03-04 01:32:10]
shell stdout: 
[INFO -- 2017-03-04 01:32:11]
shell stdout: 
[INFO -- 2017-03-04 01:32:11]
shell stdout: 
[INFO -- 2017-03-04 01:32:11]
shell stdout: 
[INFO -- 2017-03-04 01:32:11]
shell stdout: 
[INFO -- 2017-03-04 01:32:12]
shell stdout: 
[INFO -- 2017-03-04 01:32:12]
shell stdout: 
[INFO -- 2017-03-04 01:32:12]
shell stdout: 
[INFO -- 2017-03-04 01:32:12]
shell stdout: 
[INFO -- 2017-03-04 01:32:13]
shell stdout: 
[INFO -- 2017-03-04 01:32:13]
shell stdout: 
[INFO -- 2017-03-04 01:32:13]
shell stdout: 
[INFO -- 2017-03-04 01:32:13]
shell stdout: 
[INFO -- 2017-03-04 01:32:13]
shell stdout: 
[INFO -- 2017-03-04 01:32:13]
shell stdout: 
[INFO -- 2017-03-04 01:32:14]
shell stdout: 
[INFO -- 2017-03-04 01:32:14]
shell stdout: 
[INFO -- 2017-03-04 01:32:14]
shell stdout: 
[INFO -- 2017-03-04 01:32:14]
shell stdout: 
[INFO -- 2017-03-04 01:32:15]
shell stdout: 
[INFO -- 2017-03-04 01:32:15]
shell stdout: 
[INFO -- 2017-03-04 01:32:15]
shell stdout: 
[INFO -- 2017-03-04 01:32:15]
shell stdout: 
[INFO -- 2017-03-04 01:37:19]
no gdbExecName running, out:
[INFO -- 2017-03-04 01:37:19]
checCmd:ps -e | grep -i gdb-mic
[INFO -- 2017-03-04 01:37:19]
finished now-timestampStart < maxWaitTime*5
[INFO -- 2017-03-04 01:37:19]
now: 1488609430
[INFO -- 2017-03-04 01:37:19]
timestampStart: 1488609109
[INFO -- 2017-03-04 01:37:19]
kill cmd: killall -9 gdb-mic
[INFO -- 2017-03-04 01:37:19]
shell stdout: 
[INFO -- 2017-03-04 01:37:20]
kill cmd: ssh -T mic0 killall -9 clamr_openmponly
[INFO -- 2017-03-04 01:37:20]
shell stdout: 
[INFO -- 2017-03-04 01:37:20]
kill cmd: ssh -T mic0 killall -9 gdbserver
[INFO -- 2017-03-04 01:37:20]
shell stdout: 
[INFO -- 2017-03-04 01:37:20]
kill cmd: ssh -T mic0 killall -9 sshd
[INFO -- 2017-03-04 01:37:20]
shell stdout: 
