[INFO -- 2017-02-26 12:18:15]
Starting GDB script
[INFO -- 2017-02-26 12:18:15]
initSignal:0.0
[INFO -- 2017-02-26 12:18:15]
endSignal:2.0
[INFO -- 2017-02-26 12:18:15]
seqSignal:30
[INFO -- 2017-02-26 12:18:15]
sending 30 signals using command: 'ssh -T mic1 killall -2 lud_check' after 0.643949770193s
[INFO -- 2017-02-26 12:18:16]
shell stdout: 
[INFO -- 2017-02-26 12:18:16]
sending 30 signals using command: 'ssh -T mic1 killall -2 lud_check' after 1.17266282349s
[INFO -- 2017-02-26 12:18:16]
shell stdout: 
[INFO -- 2017-02-26 12:18:16]
sending 30 signals using command: 'ssh -T mic1 killall -2 lud_check' after 1.53084475559s
[INFO -- 2017-02-26 12:18:16]
shell stdout: 
[INFO -- 2017-02-26 12:18:17]
shell stdout: 
[INFO -- 2017-02-26 12:18:17]
shell stdout: 
[INFO -- 2017-02-26 12:18:17]
shell stdout: 
[INFO -- 2017-02-26 12:18:17]
shell stdout: 
[INFO -- 2017-02-26 12:18:18]
shell stdout: 
[INFO -- 2017-02-26 12:18:18]
shell stdout: 
[INFO -- 2017-02-26 12:18:18]
shell stdout: 
[INFO -- 2017-02-26 12:18:18]
shell stdout: 
[INFO -- 2017-02-26 12:18:18]
shell stdout: 
[INFO -- 2017-02-26 12:18:19]
shell stdout: 
[INFO -- 2017-02-26 12:18:19]
shell stdout: 
[INFO -- 2017-02-26 12:18:19]
shell stdout: 
[INFO -- 2017-02-26 12:18:19]
shell stdout: 
[INFO -- 2017-02-26 12:18:19]
shell stdout: 
[INFO -- 2017-02-26 12:18:19]
shell stdout: 
[INFO -- 2017-02-26 12:18:20]
shell stdout: 
[INFO -- 2017-02-26 12:18:20]
shell stdout: 
[INFO -- 2017-02-26 12:18:20]
shell stdout: 
[INFO -- 2017-02-26 12:18:20]
shell stdout: 
[INFO -- 2017-02-26 12:18:20]
shell stdout: 
[INFO -- 2017-02-26 12:18:20]
shell stdout: 
[INFO -- 2017-02-26 12:18:20]
shell stdout: 
[INFO -- 2017-02-26 12:18:21]
shell stdout: 
[INFO -- 2017-02-26 12:18:21]
shell stdout: 
[INFO -- 2017-02-26 12:18:21]
shell stdout: 
[INFO -- 2017-02-26 12:18:21]
shell stdout: 
[INFO -- 2017-02-26 12:18:21]
shell stdout: 
[INFO -- 2017-02-26 12:18:22]
shell stdout: 
[INFO -- 2017-02-26 12:18:22]
shell stdout: 
[INFO -- 2017-02-26 12:18:22]
shell stdout: 
[INFO -- 2017-02-26 12:18:22]
shell stdout: 
[INFO -- 2017-02-26 12:18:22]
shell stdout: 
[INFO -- 2017-02-26 12:18:23]
shell stdout: 
[INFO -- 2017-02-26 12:18:23]
shell stdout: 
[INFO -- 2017-02-26 12:18:23]
shell stdout: 
[INFO -- 2017-02-26 12:18:23]
shell stdout: 
[INFO -- 2017-02-26 12:18:24]
shell stdout: 
[INFO -- 2017-02-26 12:18:24]
shell stdout: 
[INFO -- 2017-02-26 12:18:24]
shell stdout: 
[INFO -- 2017-02-26 12:18:25]
shell stdout: 
[INFO -- 2017-02-26 12:18:25]
shell stdout: 
[INFO -- 2017-02-26 12:18:25]
shell stdout: 
[INFO -- 2017-02-26 12:18:25]
shell stdout: 
[INFO -- 2017-02-26 12:18:25]
shell stdout: 
[INFO -- 2017-02-26 12:18:25]
shell stdout: 
[INFO -- 2017-02-26 12:18:26]
shell stdout: 
[INFO -- 2017-02-26 12:18:26]
shell stdout: 
[INFO -- 2017-02-26 12:18:26]
shell stdout: 
[INFO -- 2017-02-26 12:18:26]
shell stdout: 
[INFO -- 2017-02-26 12:18:26]
shell stdout: 
[INFO -- 2017-02-26 12:18:26]
shell stdout: 
[INFO -- 2017-02-26 12:18:27]
shell stdout: 
[INFO -- 2017-02-26 12:18:27]
shell stdout: 
[INFO -- 2017-02-26 12:18:27]
shell stdout: 
[INFO -- 2017-02-26 12:18:27]
shell stdout: 
[INFO -- 2017-02-26 12:18:27]
shell stdout: 
[INFO -- 2017-02-26 12:18:27]
shell stdout: 
[INFO -- 2017-02-26 12:18:28]
shell stdout: 
[INFO -- 2017-02-26 12:18:28]
shell stdout: 
[INFO -- 2017-02-26 12:18:28]
shell stdout: 
[INFO -- 2017-02-26 12:18:28]
shell stdout: 
[INFO -- 2017-02-26 12:18:28]
shell stdout: 
[INFO -- 2017-02-26 12:18:28]
shell stdout: 
[INFO -- 2017-02-26 12:18:29]
shell stdout: 
[INFO -- 2017-02-26 12:18:29]
shell stdout: 
[INFO -- 2017-02-26 12:18:29]
shell stdout: 
[INFO -- 2017-02-26 12:18:29]
shell stdout: 
[INFO -- 2017-02-26 12:18:29]
shell stdout: 
[INFO -- 2017-02-26 12:18:29]
shell stdout: 
[INFO -- 2017-02-26 12:18:30]
shell stdout: 
[INFO -- 2017-02-26 12:18:30]
shell stdout: 
[INFO -- 2017-02-26 12:18:30]
shell stdout: 
[INFO -- 2017-02-26 12:18:31]
shell stdout: 
[INFO -- 2017-02-26 12:18:31]
shell stdout: 
[INFO -- 2017-02-26 12:18:31]
shell stdout: 
[INFO -- 2017-02-26 12:18:31]
shell stdout: 
[INFO -- 2017-02-26 12:18:31]
shell stdout: 
[INFO -- 2017-02-26 12:18:31]
shell stdout: 
[INFO -- 2017-02-26 12:18:32]
shell stdout: 
[INFO -- 2017-02-26 12:18:32]
shell stdout: 
[INFO -- 2017-02-26 12:18:32]
shell stdout: 
[INFO -- 2017-02-26 12:18:33]
shell stdout: 
[INFO -- 2017-02-26 12:18:33]
shell stdout: 
[INFO -- 2017-02-26 12:18:33]
shell stdout: 
[INFO -- 2017-02-26 12:18:33]
shell stdout: 
[INFO -- 2017-02-26 12:18:33]
shell stdout: 
[INFO -- 2017-02-26 12:18:34]
shell stdout: 
[INFO -- 2017-02-26 12:18:53]
no gdbExecName running, out:
[INFO -- 2017-02-26 12:18:53]
checCmd:ps -e | grep -i gdb-mic
[INFO -- 2017-02-26 12:18:53]
finished now-timestampStart < maxWaitTime*5
[INFO -- 2017-02-26 12:18:53]
now: 1488129532
[INFO -- 2017-02-26 12:18:53]
timestampStart: 1488129495
[INFO -- 2017-02-26 12:18:53]
kill cmd: killall -9 gdb-mic
[INFO -- 2017-02-26 12:18:53]
shell stdout: 
[INFO -- 2017-02-26 12:18:53]
kill cmd: ssh -T mic1 killall -9 lud_check
[INFO -- 2017-02-26 12:18:53]
shell stdout: 
[INFO -- 2017-02-26 12:18:54]
kill cmd: ssh -T mic1 killall -9 gdbserver
[INFO -- 2017-02-26 12:18:54]
shell stdout: 
[INFO -- 2017-02-26 12:18:54]
kill cmd: ssh -T mic1 killall -9 sshd
[INFO -- 2017-02-26 12:18:54]
shell stdout: 
