2016-11-01 19:10:52:Starting GDB script
2016-11-01 19:10:53:sending signal using command: 'ssh -T mic0 killall -2 needle_check' after 0.863006229372s
2016-11-01 19:10:53:shell stdout: 
2016-11-01 19:10:54:sending signal using command: 'ssh -T mic0 killall -2 needle_check' after 1.40274650674s
2016-11-01 19:10:54:shell stdout: 
2016-11-01 19:10:54:sending signal using command: 'ssh -T mic0 killall -2 needle_check' after 1.9301364173s
2016-11-01 19:10:54:shell stdout: 
2016-11-01 19:10:55:sending signal using command: 'ssh -T mic0 killall -2 needle_check' after 2.76351649222s
2016-11-01 19:10:55:shell stdout: 
2016-11-01 19:10:56:sending signal using command: 'ssh -T mic0 killall -2 needle_check' after 3.6613217652s
2016-11-01 19:10:56:shell stdout: 
2016-11-01 19:11:02:sending signal using command: 'ssh -T mic0 killall -2 needle_check' after 9.79048011854s
2016-11-01 19:11:02:shell stdout: 
2016-11-01 19:11:03:sending signal using command: 'ssh -T mic0 killall -2 needle_check' after 10.2854207728s
2016-11-01 19:11:03:shell stdout: 
2016-11-01 19:11:04:sending signal using command: 'ssh -T mic0 killall -2 needle_check' after 11.3285633062s
2016-11-01 19:11:04:shell stdout: 
2016-11-01 19:11:05:sending signal using command: 'ssh -T mic0 killall -2 needle_check' after 12.2681009311s
2016-11-01 19:11:05:shell stdout: 
2016-11-01 19:11:06:sending signal using command: 'ssh -T mic0 killall -2 needle_check' after 13.6968481156s
2016-11-01 19:11:06:shell stdout: 
2016-11-01 19:11:14:no gdbExecName running, out:
2016-11-01 19:11:14:checCmd:ps -e | grep -i gdb-mic
2016-11-01 19:11:14:finished now-timestampStart < maxWaitTime*5
2016-11-01 19:11:14:now: 1478041873
2016-11-01 19:11:14:timestampStart: 1478041852
2016-11-01 19:11:14:kill cmd: killall -9 gdb-mic
2016-11-01 19:11:15:shell stdout: 
2016-11-01 19:11:15:kill cmd: ssh -T mic0 killall -9 needle_check
2016-11-01 19:11:15:shell stdout: 
2016-11-01 19:11:15:kill cmd: ssh -T mic0 killall -9 gdbserver
2016-11-01 19:11:15:shell stdout: 
2016-11-01 19:11:16:kill cmd: ssh -T mic0 killall -9 sshd
2016-11-01 19:11:16:shell stdout: 
