2016-11-02 08:39:51:Starting GDB script
2016-11-02 08:39:52:sending signal using command: 'ssh -T mic0 killall -2 lud_check' after 0.782843047611s
2016-11-02 08:39:52:shell stdout: 
2016-11-02 08:39:53:sending signal using command: 'ssh -T mic0 killall -2 lud_check' after 1.79621237699s
2016-11-02 08:39:53:shell stdout: 
2016-11-02 08:39:54:sending signal using command: 'ssh -T mic0 killall -2 lud_check' after 2.25576144931s
2016-11-02 08:39:54:shell stdout: 
2016-11-02 08:39:56:sending signal using command: 'ssh -T mic0 killall -2 lud_check' after 4.41324315624s
2016-11-02 08:39:56:shell stdout: 
2016-11-02 08:39:56:sending signal using command: 'ssh -T mic0 killall -2 lud_check' after 4.466593402s
2016-11-02 08:39:56:shell stdout: 
2016-11-02 08:39:57:sending signal using command: 'ssh -T mic0 killall -2 lud_check' after 4.90985986319s
2016-11-02 08:39:57:shell stdout: 
2016-11-02 08:39:57:sending signal using command: 'ssh -T mic0 killall -2 lud_check' after 4.9903136897s
2016-11-02 08:39:57:shell stdout: 
2016-11-02 08:39:57:sending signal using command: 'ssh -T mic0 killall -2 lud_check' after 5.05663030724s
2016-11-02 08:39:57:shell stdout: 
2016-11-02 08:39:57:sending signal using command: 'ssh -T mic0 killall -2 lud_check' after 5.71275619351s
2016-11-02 08:39:57:shell stdout: 
2016-11-02 08:39:58:no gdbExecName running, out:
2016-11-02 08:39:58:checCmd:ps -e | grep -i gdb-mic
2016-11-02 08:39:58:finished now-timestampStart < maxWaitTime*5
2016-11-02 08:39:58:now: 1478090398
2016-11-02 08:39:58:timestampStart: 1478090391
2016-11-02 08:39:58:kill cmd: killall -9 gdb-mic
2016-11-02 08:39:58:shell stdout: 
2016-11-02 08:39:59:kill cmd: ssh -T mic0 killall -9 lud_check
2016-11-02 08:39:59:shell stdout: 
2016-11-02 08:39:59:kill cmd: ssh -T mic0 killall -9 gdbserver
2016-11-02 08:39:59:shell stdout: 
2016-11-02 08:39:59:sending signal using command: 'ssh -T mic0 killall -2 lud_check' after 7.58033395568s
2016-11-02 08:39:59:shell stdout: 
2016-11-02 08:39:59:kill cmd: ssh -T mic0 killall -9 sshd
2016-11-02 08:39:59:shell stdout: 
