[INFO -- 2017-03-07 14:45:33]
Starting GDB script
[INFO -- 2017-03-07 14:45:33]
initSignal:5.0
[INFO -- 2017-03-07 14:45:33]
endSignal:10.0
[INFO -- 2017-03-07 14:45:33]
seqSignal:20
[INFO -- 2017-03-07 14:45:40]
sending 20 signals using command: 'ssh -T mic0 killall -2 clamr_openmponly' after 6.65448673851s
[INFO -- 2017-03-07 14:45:40]
shell stdout: 
[INFO -- 2017-03-07 14:45:41]
shell stdout: 
[INFO -- 2017-03-07 14:45:41]
shell stdout: 
[INFO -- 2017-03-07 14:45:42]
shell stdout: 
[INFO -- 2017-03-07 14:45:42]
shell stdout: 
[INFO -- 2017-03-07 14:45:42]
sending 20 signals using command: 'ssh -T mic0 killall -2 clamr_openmponly' after 8.82936668327s
[INFO -- 2017-03-07 14:45:43]
shell stdout: 
[INFO -- 2017-03-07 14:45:43]
shell stdout: 
[INFO -- 2017-03-07 14:45:43]
shell stdout: 
[INFO -- 2017-03-07 14:45:43]
shell stdout: 
[INFO -- 2017-03-07 14:45:43]
shell stdout: 
[INFO -- 2017-03-07 14:45:44]
shell stdout: 
[INFO -- 2017-03-07 14:45:44]
shell stdout: 
[INFO -- 2017-03-07 14:45:44]
shell stdout: 
[INFO -- 2017-03-07 14:45:44]
shell stdout: 
[INFO -- 2017-03-07 14:45:44]
shell stdout: 
[INFO -- 2017-03-07 14:45:45]
shell stdout: 
[INFO -- 2017-03-07 14:45:45]
shell stdout: 
[INFO -- 2017-03-07 14:45:45]
shell stdout: 
[INFO -- 2017-03-07 14:45:45]
shell stdout: 
[INFO -- 2017-03-07 14:45:46]
shell stdout: 
[INFO -- 2017-03-07 14:45:46]
shell stdout: 
[INFO -- 2017-03-07 14:45:46]
shell stdout: 
[INFO -- 2017-03-07 14:45:46]
shell stdout: 
[INFO -- 2017-03-07 14:45:46]
shell stdout: 
[INFO -- 2017-03-07 14:45:46]
shell stdout: 
[INFO -- 2017-03-07 14:45:47]
shell stdout: 
[INFO -- 2017-03-07 14:45:47]
shell stdout: 
[INFO -- 2017-03-07 14:45:47]
shell stdout: 
[INFO -- 2017-03-07 14:45:47]
shell stdout: 
[INFO -- 2017-03-07 14:45:48]
shell stdout: 
[INFO -- 2017-03-07 14:45:48]
shell stdout: 
[INFO -- 2017-03-07 14:45:48]
shell stdout: 
[INFO -- 2017-03-07 14:45:48]
shell stdout: 
[INFO -- 2017-03-07 14:45:48]
shell stdout: 
[INFO -- 2017-03-07 14:45:49]
shell stdout: 
[INFO -- 2017-03-07 14:45:49]
shell stdout: 
[INFO -- 2017-03-07 14:45:49]
shell stdout: 
[INFO -- 2017-03-07 14:45:50]
shell stdout: 
[INFO -- 2017-03-07 14:45:50]
shell stdout: 
[INFO -- 2017-03-07 14:45:50]
shell stdout: 
[INFO -- 2017-03-07 14:52:24]
no gdbExecName running, out:
[INFO -- 2017-03-07 14:52:24]
checCmd:ps -e | grep -i gdb-mic
[INFO -- 2017-03-07 14:52:24]
finished now-timestampStart < maxWaitTime*5
[INFO -- 2017-03-07 14:52:24]
now: 1488916336
[INFO -- 2017-03-07 14:52:24]
timestampStart: 1488915933
[INFO -- 2017-03-07 14:52:24]
kill cmd: killall -9 gdb-mic
[INFO -- 2017-03-07 14:52:24]
shell stdout: 
[INFO -- 2017-03-07 14:52:25]
kill cmd: ssh -T mic0 killall -9 clamr_openmponly
[INFO -- 2017-03-07 14:52:25]
shell stdout: 
[INFO -- 2017-03-07 14:52:25]
kill cmd: ssh -T mic0 killall -9 gdbserver
[INFO -- 2017-03-07 14:52:25]
shell stdout: 
[INFO -- 2017-03-07 14:52:26]
kill cmd: ssh -T mic0 killall -9 sshd
[INFO -- 2017-03-07 14:52:26]
shell stdout: 
