2016-10-28 12:54:26:Starting GDB script
2016-10-28 12:54:29:sending signal using command: 'ssh -T mic0 killall -2 needle_check' after 2.64318716597s
2016-10-28 12:54:29:shell stdout: 
2016-10-28 12:54:29:sending signal using command: 'ssh -T mic0 killall -2 needle_check' after 3.0356747556s
2016-10-28 12:54:29:shell stdout: 
2016-10-28 12:54:30:sending signal using command: 'ssh -T mic0 killall -2 needle_check' after 3.69351163082s
2016-10-28 12:54:30:shell stdout: 
2016-10-28 12:54:31:sending signal using command: 'ssh -T mic0 killall -2 needle_check' after 4.47760386829s
2016-10-28 12:54:31:shell stdout: 
2016-10-28 12:54:32:sending signal using command: 'ssh -T mic0 killall -2 needle_check' after 5.84874312258s
2016-10-28 12:54:32:shell stdout: 
2016-10-28 12:54:35:sending signal using command: 'ssh -T mic0 killall -2 needle_check' after 8.55749604803s
2016-10-28 12:54:35:shell stdout: 
2016-10-28 12:54:38:sending signal using command: 'ssh -T mic0 killall -2 needle_check' after 11.8753657796s
2016-10-28 12:54:38:shell stdout: 
2016-10-28 12:54:39:sending signal using command: 'ssh -T mic0 killall -2 needle_check' after 12.3664717002s
2016-10-28 12:54:39:shell stdout: 
2016-10-28 12:54:41:sending signal using command: 'ssh -T mic0 killall -2 needle_check' after 14.226155818s
2016-10-28 12:54:41:shell stdout: 
2016-10-28 12:54:42:sending signal using command: 'ssh -T mic0 killall -2 needle_check' after 15.090223107s
2016-10-28 12:54:42:shell stdout: 
2016-10-28 12:54:46:no gdbExecName running, out:
2016-10-28 12:54:46:checCmd:ps -e | grep -i gdb-mic
2016-10-28 12:54:46:finished now-timestampStart < maxWaitTime*5
2016-10-28 12:54:46:now: 1477673685
2016-10-28 12:54:46:timestampStart: 1477673666
2016-10-28 12:54:46:kill cmd: killall -9 gdb-mic
2016-10-28 12:54:46:shell stdout: 
2016-10-28 12:54:47:kill cmd: ssh -T mic0 killall -9 needle_check
2016-10-28 12:54:47:shell stdout: 
2016-10-28 12:54:47:kill cmd: ssh -T mic0 killall -9 gdbserver
2016-10-28 12:54:47:shell stdout: 
2016-10-28 12:54:48:kill cmd: ssh -T mic0 killall -9 sshd
2016-10-28 12:54:48:shell stdout: 
