2017-01-24 12:44:40:Starting GDB script
2017-01-24 12:44:40:initSignal:21.0
2017-01-24 12:44:40:endSignal:28.0
2017-01-24 12:44:40:seqSignal:15
2017-01-24 12:45:03:sending 15 signals using command: 'ssh -T mic1 killall -2 dgemm_check' after 23.4680296196s
2017-01-24 12:45:04:shell stdout: 
2017-01-24 12:45:04:sending 15 signals using command: 'ssh -T mic1 killall -2 dgemm_check' after 24.2160722904s
2017-01-24 12:45:04:shell stdout: 
2017-01-24 12:45:04:shell stdout: 
2017-01-24 12:45:05:shell stdout: 
2017-01-24 12:45:05:shell stdout: 
2017-01-24 12:45:05:shell stdout: 
2017-01-24 12:45:05:shell stdout: 
2017-01-24 12:45:05:sending 15 signals using command: 'ssh -T mic1 killall -2 dgemm_check' after 25.8641708133s
2017-01-24 12:45:05:shell stdout: 
2017-01-24 12:45:06:shell stdout: 
2017-01-24 12:45:06:shell stdout: 
2017-01-24 12:45:06:shell stdout: 
2017-01-24 12:45:06:shell stdout: 
2017-01-24 12:45:06:shell stdout: 
2017-01-24 12:45:06:shell stdout: 
2017-01-24 12:45:06:shell stdout: 
2017-01-24 12:45:07:shell stdout: 
2017-01-24 12:45:07:shell stdout: 
2017-01-24 12:45:07:shell stdout: 
2017-01-24 12:45:07:shell stdout: 
2017-01-24 12:45:07:shell stdout: 
2017-01-24 12:45:07:shell stdout: 
2017-01-24 12:45:08:shell stdout: 
2017-01-24 12:45:08:shell stdout: 
2017-01-24 12:45:08:shell stdout: 
2017-01-24 12:45:08:shell stdout: 
2017-01-24 12:45:08:shell stdout: 
2017-01-24 12:45:08:shell stdout: 
2017-01-24 12:45:08:shell stdout: 
2017-01-24 12:45:08:shell stdout: 
2017-01-24 12:45:08:shell stdout: 
2017-01-24 12:45:09:shell stdout: 
2017-01-24 12:45:09:shell stdout: 
2017-01-24 12:45:09:shell stdout: 
2017-01-24 12:45:09:shell stdout: 
2017-01-24 12:45:09:shell stdout: 
2017-01-24 12:45:09:shell stdout: 
2017-01-24 12:45:10:shell stdout: 
2017-01-24 12:45:10:shell stdout: 
2017-01-24 12:45:10:shell stdout: 
2017-01-24 12:45:10:shell stdout: 
2017-01-24 12:45:10:shell stdout: 
2017-01-24 12:45:10:shell stdout: 
2017-01-24 12:45:11:shell stdout: 
2017-01-24 12:45:11:shell stdout: 
2017-01-24 12:45:12:shell stdout: 
2017-01-24 12:45:59:no gdbExecName running, out:
2017-01-24 12:45:59:checCmd:ps -e | grep -i gdb-mic
2017-01-24 12:45:59:finished now-timestampStart < maxWaitTime*5
2017-01-24 12:45:59:now: 1485279950
2017-01-24 12:45:59:timestampStart: 1485279880
2017-01-24 12:45:59:kill cmd: killall -9 gdb-mic
2017-01-24 12:45:59:shell stdout: 
2017-01-24 12:46:00:kill cmd: ssh -T mic1 killall -9 dgemm_check
2017-01-24 12:46:00:shell stdout: 
2017-01-24 12:46:00:kill cmd: ssh -T mic1 killall -9 gdbserver
2017-01-24 12:46:00:shell stdout: 
2017-01-24 12:46:00:kill cmd: ssh -T mic1 killall -9 sshd
2017-01-24 12:46:00:shell stdout: 
