2016-10-17 00:16:57:Initialization strings:
2016-10-17 00:16:57:(1) target extended-remote | ssh -T mic0 gdbserver --multi -
2016-10-17 00:16:57:(2) set sysroot /opt/mpss/3.7/sysroots/k1om-mpss-linux/
2016-10-17 00:16:57:(3) set sysroot /opt/mpss/3.7/sysroots/k1om-mpss-linux/
2016-10-17 00:16:57:(4) file /micNfs/gdb-fault-injection-lavamd/bin/lavamd
2016-10-17 00:16:57:(5) set remote exec-file /micNfs/gdb-fault-injection-lavamd/bin/lavamd
2016-10-17 00:16:57:(6) set args 228 15 /micNfs/gdb-fault-injection-lavamd/bin/input_distance_228_15 /micNfs/gdb-fault-injection-lavamd/bin/input_charges_228_15 /micNfs/gdb-fault-injection-lavamd/bin/output_gold_228_15 1
2016-10-17 00:16:59:Trying Fault Injection
2016-10-17 00:16:59:Inferior PID: 130667
2016-10-17 00:16:59:Inferior is valid: True
2016-10-17 00:16:59:Inferior #threads: 9
2016-10-17 00:16:59:Backtrace BEGIN:
2016-10-17 00:16:59:#0  clone () at ../sysdeps/unix/sysv/linux/x86_64/clone.S:81
#1  0x00007ffff74312d0 in ?? () at pthread_create.c:237 from /opt/mpss/3.7/sysroots/k1om-mpss-linux/lib64/libpthread.so.0
#2  0x00007fffeeffaa80 in ?? ()
#3  0x0000000000000000 in ?? ()

2016-10-17 00:16:59:76	in ../sysdeps/unix/sysv/linux/x86_64/clone.S

2016-10-17 00:16:59:Backtrace END
2016-10-17 00:16:59:Thread name: None
2016-10-17 00:16:59:Thread num: 1
2016-10-17 00:16:59:Thread ptid: (130667, 130667, 0)
2016-10-17 00:16:59:bitFlip function
2016-10-17 00:16:59:Type: The type is a pointer.
2016-10-17 00:16:59:Type sizeof: 8
2016-10-17 00:16:59:Fliping a bit of the pointer
2016-10-17 00:16:59:Mem contents(hex):0x000x000x000x000x000x000x000x00
2016-10-17 00:16:59:base address to flip value: 0x7ffff7646318 
2016-10-17 00:16:59:address max offset: 8
2016-10-17 00:16:59:Memory content before bitflip:0x000x000x000x000x000x000x000x00
2016-10-17 00:16:59:Memory content after  bitflip:0x000x000x000x040x000x000x000x00
2016-10-17 00:16:59:Mem contents(hex):0x000x000x000x040x000x000x000x00
2016-10-17 00:16:59:frame name: create_thread
2016-10-17 00:16:59:symbol name: __nptl_last_event
2016-10-17 00:16:59:symbol filename: pthread_create.c
2016-10-17 00:16:59:symbol line: 47
2016-10-17 00:16:59:value: 0x0
2016-10-17 00:16:59:value address: 0x7ffff7646318 <__nptl_last_event>
2016-10-17 00:16:59:Type: The type is a pointer.
2016-10-17 00:16:59:Type sizeof: 8
2016-10-17 00:16:59:Fault Injection Successful after 2.57937407494s
2016-10-17 00:16:59:Fault Already Injected
2016-10-17 00:16:59:Fault Already Injected
2016-10-17 00:17:00:Fault Already Injected
2016-10-17 00:17:01:Fault Already Injected
2016-10-17 00:17:03:Fault Already Injected
2016-10-17 00:17:04:Fault Already Injected
2016-10-17 00:17:06:Fault Already Injected
2016-10-17 00:17:06:Fault Already Injected
2016-10-17 00:17:08:event type: exit
2016-10-17 00:17:08:exit code: 0
