#HEADER matrix_dim:2048 threads:228
#BEGIN Y:2017 M:03 D:07 Time:21:42:07
#IT Ite:0 KerTime:22.421182 AccTime:22.421182
#ERR  p: [505, 300], r: 1.6276538372039795e-02, e: 1.6275554895401001e-02
#ERR  p: [2032, 506], r: 4.3437816202640533e-03, e: 4.3438039720058441e-03
#ERR  p: [2024, 506], r: 4.3786317110061646e-03, e: 4.3786503374576569e-03
#ERR  p: [505, 301], r: 1.6294285655021667e-02, e: 1.6295269131660461e-02
#ERR  p: [2016, 506], r: 4.4136345386505127e-03, e: 4.4136568903923035e-03
#ERR  p: [1845, 506], r: 5.2365362644195557e-03, e: 5.2365623414516449e-03
#ERR  p: [2040, 506], r: 4.3094567954540253e-03, e: 4.3094791471958160e-03
#ERR  p: [1251, 506], r: 9.4847604632377625e-03, e: 9.4848051667213440e-03
#ERR  p: [1197, 506], r: 1.0010801255702972e-02, e: 1.0010845959186554e-02
#ERR  p: [1242, 506], r: 9.5712691545486450e-03, e: 9.5713138580322266e-03
#ERR  p: [1269, 506], r: 9.3168094754219055e-03, e: 9.3168541789054871e-03
#ERR  p: [1224, 506], r: 9.7450315952301025e-03, e: 9.7450762987136841e-03
#ERR  p: [1233, 506], r: 9.6579864621162415e-03, e: 9.6580311655998230e-03
#ERR  p: [1206, 506], r: 9.9219977855682373e-03, e: 9.9220424890518188e-03
#ERR  p: [505, 304], r: 1.6343295574188232e-02, e: 1.6343265771865845e-02
#ERR  p: [1188, 506], r: 1.0102488100528717e-02, e: 1.0102532804012299e-02
#ERR  p: [1170, 506], r: 1.0285817086696625e-02, e: 1.0285869240760803e-02
#ERR  p: [2032, 508], r: 4.3530836701393127e-03, e: 4.3530091643333435e-03
#ERR  p: [2024, 507], r: 4.3828487396240234e-03, e: 4.3828561902046204e-03
#ERR  p: [1917, 506], r: 4.8728249967098236e-03, e: 4.8728473484516144e-03
#ERR  p: [1116, 506], r: 1.0856389999389648e-02, e: 1.0856442153453827e-02
#ERR  p: [1161, 506], r: 1.0379105806350708e-02, e: 1.0379150509834290e-02
#ERR  p: [1134, 506], r: 1.0662212967872620e-02, e: 1.0662257671356201e-02
#ERR  p: [1215, 506], r: 9.8332390189170837e-03, e: 9.8332837224006653e-03
#ERR  p: [1998, 506], r: 4.4939890503883362e-03, e: 4.4940114021301270e-03
#ERR  p: [1962, 506], r: 4.6580508351325989e-03, e: 4.6580694615840912e-03
#ERR  p: [1152, 506], r: 1.0472677648067474e-02, e: 1.0472722351551056e-02
#ERR  p: [1971, 506], r: 4.6173706650733948e-03, e: 4.6173892915248871e-03
#ERR  p: [1989, 506], r: 4.5344382524490356e-03, e: 4.5344606041908264e-03
#ERR  p: [1179, 506], r: 1.0193608701229095e-02, e: 1.0193653404712677e-02
#ERR  p: [1278, 506], r: 9.2329010367393494e-03, e: 9.2329457402229309e-03
#ERR  p: [1953, 506], r: 4.7008246183395386e-03, e: 4.7008469700813293e-03
#ERR  p: [1881, 506], r: 5.0518698990345001e-03, e: 5.0518959760665894e-03
#ERR  p: [1287, 506], r: 9.1503337025642395e-03, e: 9.1503784060478210e-03
#ERR  p: [1827, 506], r: 5.3316429257392883e-03, e: 5.3316690027713776e-03
#ERR  p: [846, 506], r: 1.4221429824829102e-02, e: 1.4221489429473877e-02
#ERR  p: [1386, 506], r: 8.2872956991195679e-03, e: 8.2873329520225525e-03
#ERR  p: [981, 506], r: 1.2425735592842102e-02, e: 1.2425795197486877e-02
#ERR  p: [1773, 506], r: 5.6279972195625305e-03, e: 5.6280232965946198e-03
#ERR  p: [819, 506], r: 1.4610812067985535e-02, e: 1.4610886573791504e-02
#ERR  p: [1980, 506], r: 4.5752190053462982e-03, e: 4.5752376317977905e-03
#ERR  p: [2007, 506], r: 4.4536069035530090e-03, e: 4.4536292552947998e-03
#ERR  p: [1944, 506], r: 4.7429539263248444e-03, e: 4.7429762780666351e-03
#ERR  p: [1143, 506], r: 1.0566771030426025e-02, e: 1.0566823184490204e-02
#ERR  p: [1125, 506], r: 1.0758347809314728e-02, e: 1.0758392512798309e-02
#ERR  p: [1890, 506], r: 5.0066970288753510e-03, e: 5.0067193806171417e-03
#ERR  p: [693, 506], r: 1.6574472188949585e-02, e: 1.6574561595916748e-02
#ERR  p: [513, 506], r: 1.9841030240058899e-02, e: 1.9841119647026062e-02
#ERR  p: [1629, 506], r: 6.4997151494026184e-03, e: 6.4997524023056030e-03
#ERR  p: [522, 506], r: 1.9663363695144653e-02, e: 1.9663453102111816e-02
#ERR  p: [531, 506], r: 1.9485712051391602e-02, e: 1.9485801458358765e-02
#ERR  p: [1908, 506], r: 4.9170255661010742e-03, e: 4.9170479178428650e-03
#ERR  p: [1710, 506], r: 5.9939548373222351e-03, e: 5.9939809143543243e-03
#ERR  p: [1053, 506], r: 1.1563003063201904e-02, e: 1.1563062667846680e-02
#ERR  p: [1035, 506], r: 1.1771209537982941e-02, e: 1.1771261692047119e-02
#ERR  p: [1296, 506], r: 9.0674757957458496e-03, e: 9.0675130486488342e-03
#ERR  p: [1395, 506], r: 8.2130655646324158e-03, e: 8.2131028175354004e-03
#ERR  p: [1719, 506], r: 5.9410333633422852e-03, e: 5.9410631656646729e-03
#ERR  p: [1899, 506], r: 4.9618259072303772e-03, e: 4.9618482589721680e-03
#ERR  p: [1341, 506], r: 8.6685791611671448e-03, e: 8.6686164140701294e-03
#ERR  p: [1683, 506], r: 6.1590224504470825e-03, e: 6.1590485274791718e-03
#ERR  p: [1935, 506], r: 4.7861784696578979e-03, e: 4.7862008213996887e-03
#ERR  p: [1872, 506], r: 5.0973519682884216e-03, e: 5.0973780453205109e-03
#ERR  p: [1305, 506], r: 8.9869797229766846e-03, e: 8.9870244264602661e-03
#ERR  p: [1926, 506], r: 4.8294961452484131e-03, e: 4.8295184969902039e-03
#ERR  p: [1854, 506], r: 5.1905065774917603e-03, e: 5.1905289292335510e-03
#ERR  p: [1863, 506], r: 5.1431134343147278e-03, e: 5.1431395113468170e-03
#ERR  p: [1800, 506], r: 5.4782181978225708e-03, e: 5.4782442748546600e-03
#ERR  p: [1782, 506], r: 5.5775567889213562e-03, e: 5.5775828659534454e-03
#ERR  p: [1791, 506], r: 5.5276677012443542e-03, e: 5.5276937782764435e-03
#ERR  p: [1809, 506], r: 5.4287202656269073e-03, e: 5.4287426173686981e-03
#ERR  p: [765, 506], r: 1.5422016382217407e-02, e: 1.5422075986862183e-02
#ERR  p: [1818, 506], r: 5.3805112838745117e-03, e: 5.3805373609066010e-03
#ERR  p: [873, 506], r: 1.3843208551406860e-02, e: 1.3843268156051636e-02
#ERR  p: [738, 506], r: 1.5843525528907776e-02, e: 1.5843585133552551e-02
#ERR  p: [828, 506], r: 1.4478549361228943e-02, e: 1.4478608965873718e-02
#ERR  p: [747, 506], r: 1.5700653195381165e-02, e: 1.5700727701187134e-02
#ERR  p: [837, 506], r: 1.4350682497024536e-02, e: 1.4350742101669312e-02
#ERR  p: [855, 506], r: 1.4095366001129150e-02, e: 1.4095425605773926e-02
#ERR  p: [2016, 507], r: 4.4184103608131409e-03, e: 4.4184140861034393e-03
#ERR  p: [792, 506], r: 1.5009999275207520e-02, e: 1.5010058879852295e-02
#ERR  p: [756, 506], r: 1.5562757849693298e-02, e: 1.5562832355499268e-02
#ERR  p: [774, 506], r: 1.5283003449440002e-02, e: 1.5283077955245972e-02
#ERR  p: [810, 506], r: 1.4742508530616760e-02, e: 1.4742583036422729e-02
#ERR  p: [1737, 506], r: 5.8343037962913513e-03, e: 5.8343298733234406e-03
#ERR  p: [1764, 506], r: 5.6786984205245972e-03, e: 5.6787244975566864e-03
#ERR  p: [909, 506], r: 1.3352692127227783e-02, e: 1.3352751731872559e-02
#ERR  p: [1701, 506], r: 6.0484223067760468e-03, e: 6.0484483838081360e-03
#ERR  p: [801, 506], r: 1.4876052737236023e-02, e: 1.4876112341880798e-02
#ERR  p: [783, 506], r: 1.5147730708122253e-02, e: 1.5147805213928223e-02
#ERR  p: [918, 506], r: 1.3232767581939697e-02, e: 1.3232842087745667e-02
#ERR  p: [702, 506], r: 1.6423761844635010e-02, e: 1.6423836350440979e-02
#ERR  p: [729, 506], r: 1.5986979007720947e-02, e: 1.5987053513526917e-02
#ERR  p: [675, 506], r: 1.6875028610229492e-02, e: 1.6875118017196655e-02
#ERR  p: [648, 506], r: 1.7335593700408936e-02, e: 1.7335668206214905e-02
#ERR  p: [630, 506], r: 1.7649441957473755e-02, e: 1.7649516463279724e-02
#ERR  p: [621, 506], r: 1.7810255289077759e-02, e: 1.7810344696044922e-02
#ERR  p: [720, 506], r: 1.6131430864334106e-02, e: 1.6131505370140076e-02
#ERR  p: [612, 506], r: 1.7970189452171326e-02, e: 1.7970263957977295e-02
#ERR  p: [657, 506], r: 1.7181068658828735e-02, e: 1.7181143164634705e-02
#ERR  p: [1746, 506], r: 5.7819448411464691e-03, e: 5.7819709181785583e-03
#ERR  p: [1323, 506], r: 8.8267251849174500e-03, e: 8.8267624378204346e-03
#ERR  p: [1404, 506], r: 8.1392750144004822e-03, e: 8.1393122673034668e-03
#ERR  p: [1845, 507], r: 5.2426792681217194e-03, e: 5.2426829934120178e-03
#ERR  p: [1422, 506], r: 7.9942718148231506e-03, e: 7.9943090677261353e-03
#ERR  p: [900, 506], r: 1.3473823666572571e-02, e: 1.3473883271217346e-02
#ERR  p: [2040, 508], r: 4.3180137872695923e-03, e: 4.3179392814636230e-03
#ERR  p: [1098, 506], r: 1.1053711175918579e-02, e: 1.1053770780563354e-02
#ERR  p: [666, 506], r: 1.7027139663696289e-02, e: 1.7027214169502258e-02
#ERR  p: [1089, 506], r: 1.1154517531394958e-02, e: 1.1154562234878540e-02
#ERR  p: [1314, 506], r: 8.9063942432403564e-03, e: 8.9064389467239380e-03
#ERR  p: [585, 506], r: 1.8465235829353333e-02, e: 1.8465325236320496e-02
#ERR  p: [1485, 506], r: 7.5064674019813538e-03, e: 7.5064972043037415e-03
#ERR  p: [594, 506], r: 1.8298253417015076e-02, e: 1.8298342823982239e-02
#ERR  p: [639, 506], r: 1.7491862177848816e-02, e: 1.7491951584815979e-02
#ERR  p: [1350, 506], r: 8.5922628641128540e-03, e: 8.5923001170158386e-03
#ERR  p: [1359, 506], r: 8.5141956806182861e-03, e: 8.5142329335212708e-03
#ERR  p: [1368, 506], r: 8.4373652935028076e-03, e: 8.4374025464057922e-03
#ERR  p: [1377, 506], r: 8.3631351590156555e-03, e: 8.3631724119186401e-03
#ERR  p: [1044, 506], r: 1.1667378246784210e-02, e: 1.1667430400848389e-02
#ERR  p: [1755, 506], r: 5.7300850749015808e-03, e: 5.7301111519336700e-03
#ERR  p: [1026, 506], r: 1.1878922581672668e-02, e: 1.1878982186317444e-02
#ERR  p: [1728, 506], r: 5.8874338865280151e-03, e: 5.8874599635601044e-03
#ERR  p: [1413, 506], r: 8.0658420920372009e-03, e: 8.0658793449401855e-03
#ERR  p: [936, 506], r: 1.2997016310691833e-02, e: 1.2997075915336609e-02
#ERR  p: [1332, 506], r: 8.7473094463348389e-03, e: 8.7473466992378235e-03
#ERR  p: [1449, 506], r: 7.7819451689720154e-03, e: 7.7819824218750000e-03
#ERR  p: [1674, 506], r: 6.2131956219673157e-03, e: 6.2132254242897034e-03
#ERR  p: [1647, 506], r: 6.3840970396995544e-03, e: 6.3841268420219421e-03
#ERR  p: [1071, 506], r: 1.1356897652149200e-02, e: 1.1356949806213379e-02
#ERR  p: [1476, 506], r: 7.5743272900581360e-03, e: 7.5743570923805237e-03
#ERR  p: [1503, 506], r: 7.3716938495635986e-03, e: 7.3717311024665833e-03
#ERR  p: [549, 506], r: 1.9139260053634644e-02, e: 1.9139349460601807e-02
#ERR  p: [1620, 506], r: 6.5584406256675720e-03, e: 6.5584704279899597e-03
#ERR  p: [1836, 506], r: 5.2847042679786682e-03, e: 5.2847303450107574e-03
#ERR  p: [1458, 506], r: 7.7117830514907837e-03, e: 7.7118203043937683e-03
#ERR  p: [1260, 506], r: 9.4009563326835632e-03, e: 9.4010010361671448e-03
#ERR  p: [711, 506], r: 1.6277462244033813e-02, e: 1.6277536749839783e-02
#ERR  p: [1107, 506], r: 1.0954931378364563e-02, e: 1.0954983532428741e-02
#ERR  p: [576, 506], r: 1.8630400300025940e-02, e: 1.8630489706993103e-02
#ERR  p: [1566, 506], r: 6.9220885634422302e-03, e: 6.9221183657646179e-03
#ERR  p: [1656, 506], r: 6.3262805342674255e-03, e: 6.3263103365898132e-03
#ERR  p: [1521, 506], r: 7.2409138083457947e-03, e: 7.2409436106681824e-03
#ERR  p: [1539, 506], r: 7.1127861738204956e-03, e: 7.1128159761428833e-03
#ERR  p: [990, 506], r: 1.2313805520534515e-02, e: 1.2313857674598694e-02
#ERR  p: [882, 506], r: 1.3717085123062134e-02, e: 1.3717144727706909e-02
#ERR  p: [1512, 506], r: 7.3067992925643921e-03, e: 7.3068365454673767e-03
#ERR  p: [1602, 506], r: 6.6771283745765686e-03, e: 6.6771581768989563e-03
#ERR  p: [963, 506], r: 1.2650445103645325e-02, e: 1.2650489807128906e-02
#ERR  p: [1557, 506], r: 6.9851055741310120e-03, e: 6.9851353764533997e-03
#ERR  p: [1080, 506], r: 1.1255346238613129e-02, e: 1.1255398392677307e-02
#ERR  p: [1431, 506], r: 7.9223439097404480e-03, e: 7.9223811626434326e-03
#ERR  p: [945, 506], r: 1.2880772352218628e-02, e: 1.2880831956863403e-02
#ERR  p: [1008, 506], r: 1.2094214558601379e-02, e: 1.2094266712665558e-02
#ERR  p: [1017, 506], r: 1.1987373232841492e-02, e: 1.1987432837486267e-02
#ERR  p: [1062, 506], r: 1.1459708213806152e-02, e: 1.1459760367870331e-02
#ERR  p: [927, 506], r: 1.3114601373672485e-02, e: 1.3114660978317261e-02
#ERR  p: [999, 506], r: 1.2205012142658234e-02, e: 1.2205071747303009e-02
#ERR  p: [954, 506], r: 1.2766018509864807e-02, e: 1.2766078114509583e-02
#ERR  p: [864, 506], r: 1.3969093561172485e-02, e: 1.3969153165817261e-02
#ERR  p: [891, 506], r: 1.3596415519714355e-02, e: 1.3596475124359131e-02
#ERR  p: [1611, 506], r: 6.6185742616653442e-03, e: 6.6186115145683289e-03
#ERR  p: [1692, 506], r: 6.1024986207485199e-03, e: 6.1025284230709076e-03
#ERR  p: [1593, 506], r: 6.7381486296653748e-03, e: 6.7381784319877625e-03
#ERR  p: [1530, 506], r: 7.1757361292839050e-03, e: 7.1757733821868896e-03
#ERR  p: [1665, 506], r: 6.2699019908905029e-03, e: 6.2699317932128906e-03
#ERR  p: [1494, 506], r: 7.4386522173881531e-03, e: 7.4386894702911377e-03
#ERR  p: [1638, 506], r: 6.4412578940391541e-03, e: 6.4412876963615417e-03
#ERR  p: [1584, 506], r: 6.7983865737915039e-03, e: 6.7984163761138916e-03
#ERR  p: [1467, 506], r: 7.6430365443229675e-03, e: 7.6430663466453552e-03
#ERR  p: [603, 506], r: 1.8132299184799194e-02, e: 1.8132373690605164e-02
#ERR  p: [558, 506], r: 1.8968731164932251e-02, e: 1.8968820571899414e-02
#ERR  p: [972, 506], r: 1.2537300586700439e-02, e: 1.2537360191345215e-02
#ERR  p: [1440, 506], r: 7.8524798154830933e-03, e: 7.8525170683860779e-03
#ERR  p: [567, 506], r: 1.8798574805259705e-02, e: 1.8798664212226868e-02
#ERR  p: [1575, 506], r: 6.8612992763519287e-03, e: 6.8613290786743164e-03
#ERR  p: [540, 506], r: 1.9312277436256409e-02, e: 1.9312366843223572e-02
#ERR  p: [1548, 506], r: 7.0483386516571045e-03, e: 7.0483759045600891e-03
#ERR  p: [684, 506], r: 1.6720652580261230e-02, e: 1.6720727086067200e-02
#ERR  p: [1251, 507], r: 9.4954967498779297e-03, e: 9.4955042004585266e-03
#ERR  p: [1197, 507], r: 1.0021954774856567e-02, e: 1.0021969676017761e-02
#ERR  p: [1242, 507], r: 9.5810070633888245e-03, e: 9.5810145139694214e-03
#ERR  p: [1269, 508], r: 9.3351751565933228e-03, e: 9.3350112438201904e-03
#ERR  p: [1224, 507], r: 9.7548589110374451e-03, e: 9.7548738121986389e-03
#ERR  p: [1233, 507], r: 9.6672326326370239e-03, e: 9.6672400832176208e-03
#ERR  p: [1206, 507], r: 9.9316313862800598e-03, e: 9.9316462874412537e-03
#ERR  p: [505, 305], r: 1.6358148306608200e-02, e: 1.6358178108930588e-02
#ERR  p: [1188, 507], r: 1.0112620890140533e-02, e: 1.0112635791301727e-02
#ERR  p: [1170, 507], r: 1.0295793414115906e-02, e: 1.0295808315277100e-02
#ERR  p: [2032, 509], r: 4.3563656508922577e-03, e: 4.3562352657318115e-03
#ERR  p: [1809, 507], r: 5.4349303245544434e-03, e: 5.4349377751350403e-03
#ERR  p: [2024, 508], r: 4.3876096606254578e-03, e: 4.3875277042388916e-03
#ERR  p: [1917, 507], r: 4.8788264393806458e-03, e: 4.8788301646709442e-03
#ERR  p: [1116, 507], r: 1.0867387056350708e-02, e: 1.0867394506931305e-02
#ERR  p: [900, 508], r: 1.3500362634658813e-02, e: 1.3500139117240906e-02
#ERR  p: [1161, 507], r: 1.0388821363449097e-02, e: 1.0388836264610291e-02
#ERR  p: [1134, 507], r: 1.0673776268959045e-02, e: 1.0673791170120239e-02
#ERR  p: [1215, 507], r: 9.8432451486587524e-03, e: 9.8432525992393494e-03
#ERR  p: [1647, 507], r: 6.3904300332069397e-03, e: 6.3904374837875366e-03
#ERR  p: [1998, 507], r: 4.4987834990024567e-03, e: 4.4987872242927551e-03
#ERR  p: [1962, 507], r: 4.6640150249004364e-03, e: 4.6640224754810333e-03
#ERR  p: [1152, 507], r: 1.0482631623744965e-02, e: 1.0482653975486755e-02
#ERR  p: [1971, 507], r: 4.6215169131755829e-03, e: 4.6215243637561798e-03
#ERR  p: [1989, 507], r: 4.5396313071250916e-03, e: 4.5396350324153900e-03
#ERR  p: [1179, 507], r: 1.0203324258327484e-02, e: 1.0203331708908081e-02
#ERR  p: [1278, 507], r: 9.2419236898422241e-03, e: 9.2419311404228210e-03
#ERR  p: [1953, 507], r: 4.7055967152118683e-03, e: 4.7056041657924652e-03
#ERR  p: [1881, 508], r: 5.0619766116142273e-03, e: 5.0618872046470642e-03
#ERR  p: [1287, 507], r: 9.1594681143760681e-03, e: 9.1594755649566650e-03
#ERR  p: [1827, 508], r: 5.3431317210197449e-03, e: 5.3430423140525818e-03
#ERR  p: [846, 507], r: 1.4235764741897583e-02, e: 1.4235779643058777e-02
#ERR  p: [1890, 507], r: 5.0119757652282715e-03, e: 5.0119832158088684e-03
#ERR  p: [513, 507], r: 1.9863069057464600e-02, e: 1.9863083958625793e-02
#ERR  p: [1629, 508], r: 6.5133348107337952e-03, e: 6.5132156014442444e-03
#ERR  p: [1710, 507], r: 5.9996023774147034e-03, e: 5.9996098279953003e-03
#ERR  p: [1386, 507], r: 8.2961246371269226e-03, e: 8.2961395382881165e-03
#ERR  p: [981, 508], r: 1.2450769543647766e-02, e: 1.2450560927391052e-02
#ERR  p: [1296, 507], r: 9.0775564312934875e-03, e: 9.0775713324546814e-03
#ERR  p: [1395, 507], r: 8.2218870520591736e-03, e: 8.2218945026397705e-03
#ERR  p: [1719, 508], r: 5.9521049261093140e-03, e: 5.9520080685615540e-03
#ERR  p: [1341, 507], r: 8.6778104305267334e-03, e: 8.6778178811073303e-03
#ERR  p: [1773, 507], r: 5.6335851550102234e-03, e: 5.6335926055908203e-03
#ERR  p: [819, 507], r: 1.4624997973442078e-02, e: 1.4625012874603271e-02
#ERR  p: [2007, 508], r: 4.4629499316215515e-03, e: 4.4628717005252838e-03
#ERR  p: [1980, 507], r: 4.5805163681507111e-03, e: 4.5805238187313080e-03
#ERR  p: [1944, 507], r: 4.7484040260314941e-03, e: 4.7484077513217926e-03
#ERR  p: [1143, 508], r: 1.0588094592094421e-02, e: 1.0587900876998901e-02
#ERR  p: [1125, 507], r: 1.0770380496978760e-02, e: 1.0770402848720551e-02
#ERR  p: [693, 507], r: 1.6588985919952393e-02, e: 1.6589000821113586e-02
#ERR  p: [1908, 507], r: 4.9224905669689178e-03, e: 4.9224942922592163e-03
#ERR  p: [531, 508], r: 1.9525140523910522e-02, e: 1.9524812698364258e-02
#ERR  p: [522, 507], r: 1.9681483507156372e-02, e: 1.9681513309478760e-02
#ERR  p: [1035, 507], r: 1.1785954236984253e-02, e: 1.1785969138145447e-02
#ERR  p: [810, 507], r: 1.4758691191673279e-02, e: 1.4758706092834473e-02
#ERR  p: [1737, 507], r: 5.8405101299285889e-03, e: 5.8405175805091858e-03
#ERR  p: [783, 508], r: 1.5176638960838318e-02, e: 1.5176370739936829e-02
#ERR  p: [918, 508], r: 1.3259127736091614e-02, e: 1.3258874416351318e-02
#ERR  p: [1053, 508], r: 1.1585965752601624e-02, e: 1.1585757136344910e-02
#ERR  p: [1935, 507], r: 4.7913305461406708e-03, e: 4.7913379967212677e-03
#ERR  p: [1683, 507], r: 6.1639472842216492e-03, e: 6.1639547348022461e-03
#ERR  p: [1899, 507], r: 4.9671903252601624e-03, e: 4.9671977758407593e-03
#ERR  p: [1746, 507], r: 5.7879909873008728e-03, e: 5.7879984378814697e-03
#ERR  p: [1872, 508], r: 5.1072761416435242e-03, e: 5.1071867346763611e-03
#ERR  p: [1305, 507], r: 8.9952945709228516e-03, e: 8.9953020215034485e-03
#ERR  p: [1854, 507], r: 5.1949173212051392e-03, e: 5.1949210464954376e-03
#ERR  p: [1323, 507], r: 8.8349729776382446e-03, e: 8.8349804282188416e-03
#ERR  p: [1926, 507], r: 4.8346146941184998e-03, e: 4.8346221446990967e-03
#ERR  p: [1863, 508], r: 5.1539354026317596e-03, e: 5.1538459956645966e-03
#ERR  p: [1800, 507], r: 5.4833814501762390e-03, e: 5.4833889007568359e-03
#ERR  p: [1782, 507], r: 5.5828504264354706e-03, e: 5.5828541517257690e-03
#ERR  p: [1791, 507], r: 5.5329762399196625e-03, e: 5.5329799652099609e-03
#ERR  p: [765, 507], r: 1.5435948967933655e-02, e: 1.5435978770256042e-02
#ERR  p: [738, 507], r: 1.5859395265579224e-02, e: 1.5859425067901611e-02
#ERR  p: [1818, 508], r: 5.3917765617370605e-03, e: 5.3916871547698975e-03
#ERR  p: [873, 507], r: 1.3856709003448486e-02, e: 1.3856723904609680e-02
#ERR  p: [828, 507], r: 1.4495372772216797e-02, e: 1.4495402574539185e-02
#ERR  p: [747, 507], r: 1.5716642141342163e-02, e: 1.5716657042503357e-02
#ERR  p: [837, 507], r: 1.4364212751388550e-02, e: 1.4364227652549744e-02
#ERR  p: [855, 507], r: 1.4107182621955872e-02, e: 1.4107197523117065e-02
#ERR  p: [756, 507], r: 1.5575826168060303e-02, e: 1.5575855970382690e-02
#ERR  p: [2016, 508], r: 4.4228360056877136e-03, e: 4.4227503240108490e-03
#ERR  p: [792, 507], r: 1.5026822686195374e-02, e: 1.5026837587356567e-02
#ERR  p: [774, 508], r: 1.5314236283302307e-02, e: 1.5313968062400818e-02
#ERR  p: [1764, 507], r: 5.6847073137760162e-03, e: 5.6847147643566132e-03
#ERR  p: [1701, 507], r: 6.0541108250617981e-03, e: 6.0541182756423950e-03
#ERR  p: [909, 507], r: 1.3366281986236572e-02, e: 1.3366296887397766e-02
#ERR  p: [801, 507], r: 1.4890775084495544e-02, e: 1.4890804886817932e-02
#ERR  p: [675, 507], r: 1.6889721155166626e-02, e: 1.6889736056327820e-02
#ERR  p: [702, 507], r: 1.6441538929939270e-02, e: 1.6441568732261658e-02
#ERR  p: [729, 507], r: 1.6002446413040161e-02, e: 1.6002461314201355e-02
#ERR  p: [1728, 508], r: 5.8986917138099670e-03, e: 5.8985874056816101e-03
#ERR  p: [630, 507], r: 1.7668187618255615e-02, e: 1.7668217420578003e-02
#ERR  p: [621, 507], r: 1.7828181385993958e-02, e: 1.7828196287155151e-02
#ERR  p: [720, 507], r: 1.6149342060089111e-02, e: 1.6149356961250305e-02
#ERR  p: [648, 507], r: 1.7352223396301270e-02, e: 1.7352253198623657e-02
#ERR  p: [612, 507], r: 1.7990291118621826e-02, e: 1.7990320920944214e-02
#ERR  p: [657, 508], r: 1.7214983701705933e-02, e: 1.7214685678482056e-02
#ERR  p: [1404, 507], r: 8.1489756703376770e-03, e: 8.1489831209182739e-03
#ERR  p: [1845, 508], r: 5.2476339042186737e-03, e: 5.2475407719612122e-03
#ERR  p: [1422, 507], r: 8.0022811889648438e-03, e: 8.0022886395454407e-03
#ERR  p: [666, 507], r: 1.7041891813278198e-02, e: 1.7041906714439392e-02
#ERR  p: [2040, 509], r: 4.3226070702075958e-03, e: 4.3224804103374481e-03
#ERR  p: [1098, 507], r: 1.1064305901527405e-02, e: 1.1064313352108002e-02
#ERR  p: [1089, 507], r: 1.1164329946041107e-02, e: 1.1164344847202301e-02
#ERR  p: [1314, 508], r: 8.9238882064819336e-03, e: 8.9237317442893982e-03
#ERR  p: [585, 507], r: 1.8480449914932251e-02, e: 1.8480464816093445e-02
#ERR  p: [1485, 507], r: 7.5137168169021606e-03, e: 7.5137317180633545e-03
#ERR  p: [594, 507], r: 1.8315136432647705e-02, e: 1.8315151333808899e-02
#ERR  p: [1350, 507], r: 8.5993185639381409e-03, e: 8.5993334650993347e-03
#ERR  p: [549, 507], r: 1.9158691167831421e-02, e: 1.9158706068992615e-02
#ERR  p: [639, 507], r: 1.7510488629341125e-02, e: 1.7510503530502319e-02
#ERR  p: [1620, 508], r: 6.5717920660972595e-03, e: 6.5716803073883057e-03
#ERR  p: [1836, 507], r: 5.2894949913024902e-03, e: 5.2895024418830872e-03
#ERR  p: [1359, 508], r: 8.5310414433479309e-03, e: 8.5308924317359924e-03
#ERR  p: [1368, 507], r: 8.4462985396385193e-03, e: 8.4463134407997131e-03
#ERR  p: [1377, 507], r: 8.3695501089096069e-03, e: 8.3695575594902039e-03
#ERR  p: [1755, 507], r: 5.7364404201507568e-03, e: 5.7364478707313538e-03
#ERR  p: [576, 507], r: 1.8648013472557068e-02, e: 1.8648028373718262e-02
#ERR  p: [1044, 507], r: 1.1678725481033325e-02, e: 1.1678740382194519e-02
#ERR  p: [1026, 507], r: 1.1890828609466553e-02, e: 1.1890843510627747e-02
#ERR  p: [1521, 507], r: 7.2484761476516724e-03, e: 7.2484835982322693e-03
#ERR  p: [882, 507], r: 1.3733059167861938e-02, e: 1.3733088970184326e-02
#ERR  p: [1539, 507], r: 7.1183145046234131e-03, e: 7.1183219552040100e-03
#ERR  p: [1413, 507], r: 8.0748498439788818e-03, e: 8.0748572945594788e-03
#ERR  p: [936, 507], r: 1.3010948896408081e-02, e: 1.3010963797569275e-02
#ERR  p: [1332, 507], r: 8.7553113698959351e-03, e: 8.7553188204765320e-03
#ERR  p: [1449, 507], r: 7.7896639704704285e-03, e: 7.7896714210510254e-03
#ERR  p: [1674, 507], r: 6.2204524874687195e-03, e: 6.2204599380493164e-03
#ERR  p: [1602, 508], r: 6.6908001899719238e-03, e: 6.6906809806823730e-03
#ERR  p: [1080, 507], r: 1.1265166103839874e-02, e: 1.1265181005001068e-02
#ERR  p: [1431, 507], r: 7.9321414232254028e-03, e: 7.9321563243865967e-03
#ERR  p: [1008, 507], r: 1.2107223272323608e-02, e: 1.2107238173484802e-02
#ERR  p: [945, 507], r: 1.2895032763481140e-02, e: 1.2895047664642334e-02
#ERR  p: [864, 507], r: 1.3981446623802185e-02, e: 1.3981461524963379e-02
#ERR  p: [1017, 507], r: 1.1997565627098083e-02, e: 1.1997580528259277e-02
#ERR  p: [954, 507], r: 1.2778103351593018e-02, e: 1.2778118252754211e-02
#ERR  p: [1071, 507], r: 1.1366404592990875e-02, e: 1.1366419494152069e-02
#ERR  p: [1476, 507], r: 7.5819417834281921e-03, e: 7.5819566845893860e-03
#ERR  p: [1503, 507], r: 7.3798894882202148e-03, e: 7.3798969388008118e-03
#ERR  p: [1458, 508], r: 7.7272802591323853e-03, e: 7.7271461486816406e-03
#ERR  p: [711, 507], r: 1.6294747591018677e-02, e: 1.6294777393341064e-02
#ERR  p: [1260, 507], r: 9.4092413783073425e-03, e: 9.4092488288879395e-03
#ERR  p: [1566, 507], r: 6.9292113184928894e-03, e: 6.9292187690734863e-03
#ERR  p: [1107, 507], r: 1.0965690016746521e-02, e: 1.0965704917907715e-02
#ERR  p: [1656, 507], r: 6.3333064317703247e-03, e: 6.3333138823509216e-03
#ERR  p: [990, 507], r: 1.2327358126640320e-02, e: 1.2327373027801514e-02
#ERR  p: [1638, 507], r: 6.4480304718017578e-03, e: 6.4480230212211609e-03
#ERR  p: [1512, 507], r: 7.3140040040016174e-03, e: 7.3140114545822144e-03
#ERR  p: [1557, 507], r: 6.9916322827339172e-03, e: 6.9916397333145142e-03
#ERR  p: [999, 508], r: 1.2227833271026611e-02, e: 1.2227609753608704e-02
#ERR  p: [963, 507], r: 1.2664556503295898e-02, e: 1.2664586305618286e-02
#ERR  p: [1062, 507], r: 1.1470139026641846e-02, e: 1.1470153927803040e-02
#ERR  p: [927, 507], r: 1.3127923011779785e-02, e: 1.3127937912940979e-02
#ERR  p: [891, 507], r: 1.3608440756797791e-02, e: 1.3608455657958984e-02
#ERR  p: [1611, 508], r: 6.6311731934547424e-03, e: 6.6310539841651917e-03
#ERR  p: [1548, 508], r: 7.0615559816360474e-03, e: 7.0614218711853027e-03
#ERR  p: [1692, 507], r: 6.1089843511581421e-03, e: 6.1089918017387390e-03
#ERR  p: [1593, 507], r: 6.7449510097503662e-03, e: 6.7449584603309631e-03
#ERR  p: [1665, 508], r: 6.2824487686157227e-03, e: 6.2823444604873657e-03
#ERR  p: [1530, 508], r: 7.1900412440299988e-03, e: 7.1899145841598511e-03
#ERR  p: [1494, 507], r: 7.4470639228820801e-03, e: 7.4470713734626770e-03
#ERR  p: [1584, 507], r: 6.8063735961914062e-03, e: 6.8063810467720032e-03
#ERR  p: [603, 507], r: 1.8154203891754150e-02, e: 1.8154233694076538e-02
#ERR  p: [1467, 507], r: 7.6494887471199036e-03, e: 7.6495036482810974e-03
#ERR  p: [558, 507], r: 1.8986374139785767e-02, e: 1.8986389040946960e-02
#ERR  p: [972, 507], r: 1.2550294399261475e-02, e: 1.2550309300422668e-02
#ERR  p: [1440, 508], r: 7.8672468662261963e-03, e: 7.8671127557754517e-03
#ERR  p: [567, 508], r: 1.8834576010704041e-02, e: 1.8834233283996582e-02
#ERR  p: [1575, 507], r: 6.8662390112876892e-03, e: 6.8662464618682861e-03
#ERR  p: [540, 507], r: 1.9330799579620361e-02, e: 1.9330829381942749e-02
#ERR  p: [684, 507], r: 1.6739487648010254e-02, e: 1.6739517450332642e-02
#ERR  p: [1251, 508], r: 9.5041692256927490e-03, e: 9.5040053129196167e-03
#ERR  p: [1197, 508], r: 1.0031968355178833e-02, e: 1.0031789541244507e-02
#ERR  p: [1269, 509], r: 9.3435347080230713e-03, e: 9.3432590365409851e-03
#ERR  p: [1242, 508], r: 9.5912516117095947e-03, e: 9.5910727977752686e-03
#ERR  p: [1224, 508], r: 9.7649246454238892e-03, e: 9.7647458314895630e-03
#ERR  p: [1233, 508], r: 9.6772685647010803e-03, e: 9.6770897507667542e-03
#ERR  p: [1206, 508], r: 9.9426656961441040e-03, e: 9.9424645304679871e-03
#ERR  p: [505, 306], r: 1.6375470906496048e-02, e: 1.6375441104173660e-02
#ERR  p: [1188, 508], r: 1.0122597217559814e-02, e: 1.0122410953044891e-02
#ERR  p: [1170, 508], r: 1.0306656360626221e-02, e: 1.0306470096111298e-02
#ERR  p: [2032, 510], r: 4.3613463640213013e-03, e: 4.3614134192466736e-03
#ERR  p: [1809, 508], r: 5.4392740130424500e-03, e: 5.4391697049140930e-03
#ERR  p: [2024, 509], r: 4.3920576572418213e-03, e: 4.3919272720813751e-03
#ERR  p: [1917, 508], r: 4.8825480043888092e-03, e: 4.8824585974216461e-03
#ERR  p: [1116, 508], r: 1.0877817869186401e-02, e: 1.0877609252929688e-02
#ERR  p: [801, 508], r: 1.4905825257301331e-02, e: 1.4905527234077454e-02
#ERR  p: [900, 509], r: 1.3515472412109375e-02, e: 1.3515070080757141e-02
#ERR  p: [1161, 508], r: 1.0399416089057922e-02, e: 1.0399222373962402e-02
#ERR  p: [1134, 508], r: 1.0683968663215637e-02, e: 1.0683774948120117e-02
#ERR  p: [1215, 508], r: 9.8525136709213257e-03, e: 9.8523274064064026e-03
#ERR  p: [1647, 508], r: 6.3961297273635864e-03, e: 6.3960105180740356e-03
#ERR  p: [1998, 508], r: 4.5029930770397186e-03, e: 4.5029148459434509e-03
#ERR  p: [1962, 508], r: 4.6677105128765106e-03, e: 4.6676248311996460e-03
#ERR  p: [1152, 508], r: 1.0493628680706024e-02, e: 1.0493434965610504e-02
#ERR  p: [1971, 508], r: 4.6260431408882141e-03, e: 4.6259574592113495e-03
#ERR  p: [1989, 508], r: 4.5436881482601166e-03, e: 4.5436061918735504e-03
#ERR  p: [1278, 508], r: 9.2506408691406250e-03, e: 9.2504769563674927e-03
#ERR  p: [1179, 508], r: 1.0214574635028839e-02, e: 1.0214388370513916e-02
#ERR  p: [1953, 508], r: 4.7103427350521088e-03, e: 4.7102533280849457e-03
#ERR  p: [1881, 509], r: 5.0667896866798401e-03, e: 5.0666332244873047e-03
#ERR  p: [1287, 508], r: 9.1680437326431274e-03, e: 9.1678798198699951e-03
#ERR  p: [1827, 509], r: 5.3479298949241638e-03, e: 5.3477734327316284e-03
#ERR  p: [846, 508], r: 1.4249622821807861e-02, e: 1.4249384403228760e-02
#ERR  p: [513, 508], r: 1.9878894090652466e-02, e: 1.9878551363945007e-02
#ERR  p: [1890, 508], r: 5.0163567066192627e-03, e: 5.0162598490715027e-03
#ERR  p: [1341, 508], r: 8.6859837174415588e-03, e: 8.6858198046684265e-03
#ERR  p: [1629, 509], r: 6.5194368362426758e-03, e: 6.5192505717277527e-03
#ERR  p: [1710, 508], r: 6.0068517923355103e-03, e: 6.0067474842071533e-03
#ERR  p: [1386, 508], r: 8.3043128252029419e-03, e: 8.3041563630104065e-03
#ERR  p: [981, 509], r: 1.2463957071304321e-02, e: 1.2463584542274475e-02
#ERR  p: [1908, 508], r: 4.9269385635852814e-03, e: 4.9268491566181183e-03
#ERR  p: [1296, 508], r: 9.0857669711112976e-03, e: 9.0855956077575684e-03
#ERR  p: [1395, 508], r: 8.2295909523963928e-03, e: 8.2294419407844543e-03
#ERR  p: [783, 509], r: 1.5192255377769470e-02, e: 1.5191808342933655e-02
#ERR  p: [1719, 509], r: 5.9584900736808777e-03, e: 5.9583112597465515e-03
#ERR  p: [1035, 508], r: 1.1794909834861755e-02, e: 1.1794701218605042e-02
#ERR  p: [1737, 508], r: 5.8458819985389709e-03, e: 5.8457702398300171e-03
#ERR  p: [918, 509], r: 1.3274297118186951e-02, e: 1.3273909687995911e-02
#ERR  p: [1053, 509], r: 1.1596903204917908e-02, e: 1.1596575379371643e-02
#ERR  p: [810, 508], r: 1.4771416783332825e-02, e: 1.4771148562431335e-02
#ERR  p: [1773, 508], r: 5.6391730904579163e-03, e: 5.6390687823295593e-03
#ERR  p: [819, 508], r: 1.4640107750892639e-02, e: 1.4639854431152344e-02
#ERR  p: [1683, 508], r: 6.1703398823738098e-03, e: 6.1702206730842590e-03
#ERR  p: [1746, 508], r: 5.7935491204261780e-03, e: 5.7934373617172241e-03
#ERR  p: [1899, 508], r: 4.9710273742675781e-03, e: 4.9709305167198181e-03
#ERR  p: [1854, 508], r: 5.2003040909767151e-03, e: 5.2002146840095520e-03
#ERR  p: [2007, 509], r: 4.4673122465610504e-03, e: 4.4671744108200073e-03
#ERR  p: [1980, 508], r: 4.5848935842514038e-03, e: 4.5848041772842407e-03
#ERR  p: [1944, 508], r: 4.7524496912956238e-03, e: 4.7523602843284607e-03
#ERR  p: [1143, 509], r: 1.0600805282592773e-02, e: 1.0600492358207703e-02
#ERR  p: [1125, 508], r: 1.0780423879623413e-02, e: 1.0780215263366699e-02
#ERR  p: [693, 508], r: 1.6605317592620850e-02, e: 1.6605004668235779e-02
#ERR  p: [531, 509], r: 1.9546121358871460e-02, e: 1.9545525312423706e-02
#ERR  p: [522, 508], r: 1.9704818725585938e-02, e: 1.9704461097717285e-02
#ERR  p: [1935, 508], r: 4.7958903014659882e-03, e: 4.7957971692085266e-03
#ERR  p: [1323, 508], r: 8.8442787528038025e-03, e: 8.8441222906112671e-03
#ERR  p: [1305, 508], r: 9.0045109391212463e-03, e: 9.0043395757675171e-03
#ERR  p: [1872, 509], r: 5.1132291555404663e-03, e: 5.1130726933479309e-03
#ERR  p: [1926, 508], r: 4.8392936587333679e-03, e: 4.8392042517662048e-03
#ERR  p: [1863, 509], r: 5.1592215895652771e-03, e: 5.1590725779533386e-03
#ERR  p: [1800, 508], r: 5.4891183972358704e-03, e: 5.4890140891075134e-03
#ERR  p: [765, 508], r: 1.5453696250915527e-02, e: 1.5453413128852844e-02
#ERR  p: [1791, 508], r: 5.5384263396263123e-03, e: 5.5383220314979553e-03
#ERR  p: [1782, 508], r: 5.5889934301376343e-03, e: 5.5888965725898743e-03
#ERR  p: [738, 508], r: 1.5876099467277527e-02, e: 1.5875801444053650e-02
#ERR  p: [1818, 509], r: 5.3962767124176025e-03, e: 5.3961202502250671e-03
#ERR  p: [873, 508], r: 1.3869896531105042e-02, e: 1.3869628310203552e-02
#ERR  p: [828, 508], r: 1.4507576823234558e-02, e: 1.4507308602333069e-02
#ERR  p: [837, 508], r: 1.4378800988197327e-02, e: 1.4378547668457031e-02
#ERR  p: [747, 508], r: 1.5733554959297180e-02, e: 1.5733242034912109e-02
#ERR  p: [756, 508], r: 1.5591129660606384e-02, e: 1.5590816736221313e-02
#ERR  p: [855, 508], r: 1.4122962951660156e-02, e: 1.4122709631919861e-02
#ERR  p: [2016, 509], r: 4.4269748032093048e-03, e: 4.4268518686294556e-03
#ERR  p: [792, 508], r: 1.5040636062622070e-02, e: 1.5040367841720581e-02
#ERR  p: [1764, 508], r: 5.6903660297393799e-03, e: 5.6902617216110229e-03
#ERR  p: [774, 509], r: 1.5329092741012573e-02, e: 1.5328645706176758e-02
#ERR  p: [657, 509], r: 1.7233029007911682e-02, e: 1.7232522368431091e-02
#ERR  p: [1701, 508], r: 6.0600414872169495e-03, e: 6.0599297285079956e-03
#ERR  p: [909, 508], r: 1.3379663228988647e-02, e: 1.3379409909248352e-02
#ERR  p: [675, 508], r: 1.6908198595046997e-02, e: 1.6907870769500732e-02
#ERR  p: [702, 508], r: 1.6457140445709229e-02, e: 1.6456812620162964e-02
#ERR  p: [729, 508], r: 1.6019046306610107e-02, e: 1.6018748283386230e-02
#ERR  p: [1728, 509], r: 5.9045329689979553e-03, e: 5.9043616056442261e-03
#ERR  p: [630, 508], r: 1.7686322331428528e-02, e: 1.7686009407043457e-02
#ERR  p: [621, 508], r: 1.7844513058662415e-02, e: 1.7844185233116150e-02
#ERR  p: [648, 508], r: 1.7370581626892090e-02, e: 1.7370253801345825e-02
#ERR  p: [720, 508], r: 1.6162171959877014e-02, e: 1.6161873936653137e-02
#ERR  p: [612, 508], r: 1.8006563186645508e-02, e: 1.8006235361099243e-02
#ERR  p: [1404, 508], r: 8.1547871232032776e-03, e: 8.1546455621719360e-03
#ERR  p: [1845, 509], r: 5.2528753876686096e-03, e: 5.2527189254760742e-03
#ERR  p: [1422, 508], r: 8.0109909176826477e-03, e: 8.0108344554901123e-03
#ERR  p: [666, 508], r: 1.7061561346054077e-02, e: 1.7061248421669006e-02
#ERR  p: [1089, 508], r: 1.1175751686096191e-02, e: 1.1175543069839478e-02
#ERR  p: [2040, 510], r: 4.3260082602500916e-03, e: 4.3260753154754639e-03
#ERR  p: [1098, 508], r: 1.1076301336288452e-02, e: 1.1076107621192932e-02
#ERR  p: [1314, 509], r: 8.9337453246116638e-03, e: 8.9334771037101746e-03
#ERR  p: [585, 508], r: 1.8499538302421570e-02, e: 1.8499210476875305e-02
#ERR  p: [1485, 508], r: 7.5215473771095276e-03, e: 7.5214058160781860e-03
#ERR  p: [594, 508], r: 1.8333435058593750e-02, e: 1.8333107233047485e-02
#ERR  p: [549, 508], r: 1.9178688526153564e-02, e: 1.9178345799446106e-02
#ERR  p: [1350, 508], r: 8.6085721850395203e-03, e: 8.6084082722663879e-03
#ERR  p: [639, 508], r: 1.7526954412460327e-02, e: 1.7526626586914062e-02
#ERR  p: [1620, 509], r: 6.5780654549598694e-03, e: 6.5778642892837524e-03
#ERR  p: [1836, 508], r: 5.2947551012039185e-03, e: 5.2946582436561584e-03
#ERR  p: [1359, 509], r: 8.5408613085746765e-03, e: 8.5406154394149780e-03
#ERR  p: [1377, 508], r: 8.3801969885826111e-03, e: 8.3800405263900757e-03
#ERR  p: [1368, 508], r: 8.4555074572563171e-03, e: 8.4553435444831848e-03
#ERR  p: [1755, 508], r: 5.7415515184402466e-03, e: 5.7414472103118896e-03
#ERR  p: [1026, 508], r: 1.1902943253517151e-02, e: 1.1902734637260437e-02
#ERR  p: [576, 508], r: 1.8667429685592651e-02, e: 1.8667072057723999e-02
#ERR  p: [1044, 508], r: 1.1690199375152588e-02, e: 1.1689975857734680e-02
#ERR  p: [1521, 508], r: 7.2552412748336792e-03, e: 7.2551146149635315e-03
#ERR  p: [882, 508], r: 1.3745680451393127e-02, e: 1.3745427131652832e-02
#ERR  p: [1539, 508], r: 7.1264281868934631e-03, e: 7.1263015270233154e-03
#ERR  p: [936, 508], r: 1.3023152947425842e-02, e: 1.3022914528846741e-02
#ERR  p: [1413, 508], r: 8.0832093954086304e-03, e: 8.0830603837966919e-03
#ERR  p: [1332, 508], r: 8.7655708193778992e-03, e: 8.7654143571853638e-03
#ERR  p: [1260, 508], r: 9.4203799962997437e-03, e: 9.4202086329460144e-03
#ERR  p: [1602, 509], r: 6.6978707909584045e-03, e: 6.6976696252822876e-03
#ERR  p: [1449, 508], r: 7.7969357371330261e-03, e: 7.7968016266822815e-03
#ERR  p: [1008, 508], r: 1.2118548154830933e-02, e: 1.2118309736251831e-02
#ERR  p: [1674, 508], r: 6.2257274985313416e-03, e: 6.2256082892417908e-03
#ERR  p: [1080, 508], r: 1.1276260018348694e-02, e: 1.1276051402091980e-02
#ERR  p: [1431, 508], r: 7.9380720853805542e-03, e: 7.9379230737686157e-03
#ERR  p: [864, 508], r: 1.3995379209518433e-02, e: 1.3995125889778137e-02
#ERR  p: [1017, 508], r: 1.2010678648948669e-02, e: 1.2010440230369568e-02
#ERR  p: [945, 508], r: 1.2906476855278015e-02, e: 1.2906238436698914e-02
#ERR  p: [1476, 508], r: 7.5892731547355652e-03, e: 7.5891241431236267e-03
#ERR  p: [954, 508], r: 1.2791320681571960e-02, e: 1.2791082262992859e-02
#ERR  p: [1071, 508], r: 1.1379554867744446e-02, e: 1.1379331350326538e-02
#ERR  p: [1503, 508], r: 7.3876455426216125e-03, e: 7.3875114321708679e-03
#ERR  p: [711, 508], r: 1.6309872269630432e-02, e: 1.6309559345245361e-02
#ERR  p: [1458, 509], r: 7.7349394559860229e-03, e: 7.7347159385681152e-03
#ERR  p: [1566, 508], r: 6.9363117218017578e-03, e: 6.9361850619316101e-03
#ERR  p: [990, 508], r: 1.2338817119598389e-02, e: 1.2338608503341675e-02
#ERR  p: [1656, 508], r: 6.3391849398612976e-03, e: 6.3390657305717468e-03
#ERR  p: [1107, 508], r: 1.0977223515510559e-02, e: 1.0977014899253845e-02
#ERR  p: [1638, 508], r: 6.4547881484031677e-03, e: 6.4546838402748108e-03
#ERR  p: [1512, 508], r: 7.3204264044761658e-03, e: 7.3202922940254211e-03
#SDC Ite:0 KerTime:22.421182 AccTime:22.421182 KerErr:2364654 AccErr:2364654
#ABORT too many errors per iteration
#END