2016-10-18 08:02:34:sending signal using command: 'ssh -T mic0 killall -2 hotspot_check' after 12.1248144413s
2016-10-18 08:02:34:shell stdout: 
2016-10-18 08:02:34:sending signal using command: 'ssh -T mic0 killall -2 hotspot_check' after 12.375513764s
2016-10-18 08:02:34:shell stdout: 
2016-10-18 08:02:35:sending signal using command: 'ssh -T mic0 killall -2 hotspot_check' after 13.0714688698s
2016-10-18 08:02:35:shell stdout: 
2016-10-18 08:02:36:sending signal using command: 'ssh -T mic0 killall -2 hotspot_check' after 13.8949327101s
2016-10-18 08:02:36:shell stdout: 
2016-10-18 08:02:36:Starting GDB script
2016-10-18 08:02:38:sending signal using command: 'ssh -T mic0 killall -2 hotspot_check' after 1.33994253663s
2016-10-18 08:02:38:shell stdout: 
2016-10-18 08:02:38:sending signal using command: 'ssh -T mic0 killall -2 hotspot_check' after 2.05306885287s
2016-10-18 08:02:38:shell stdout: 
2016-10-18 08:02:39:sending signal using command: 'ssh -T mic0 killall -2 hotspot_check' after 3.01989783994s
2016-10-18 08:02:39:shell stdout: 
2016-10-18 08:02:41:sending signal using command: 'ssh -T mic0 killall -2 hotspot_check' after 5.18082319925s
2016-10-18 08:02:41:shell stdout: 
2016-10-18 08:02:42:sending signal using command: 'ssh -T mic0 killall -2 hotspot_check' after 6.14506272346s
2016-10-18 08:02:42:shell stdout: 
2016-10-18 08:02:43:sending signal using command: 'ssh -T mic0 killall -2 hotspot_check' after 6.53139526741s
2016-10-18 08:02:43:shell stdout: 
2016-10-18 08:02:43:sending signal using command: 'ssh -T mic0 killall -2 hotspot_check' after 6.80027831835s
2016-10-18 08:02:43:shell stdout: 
2016-10-18 08:02:45:sending signal using command: 'ssh -T mic0 killall -2 hotspot_check' after 8.48582323492s
2016-10-18 08:02:45:shell stdout: 
2016-10-18 08:02:45:sending signal using command: 'ssh -T mic0 killall -2 hotspot_check' after 9.05721810413s
2016-10-18 08:02:45:shell stdout: 
2016-10-18 08:02:50:sending signal using command: 'ssh -T mic0 killall -2 hotspot_check' after 13.8752099373s
2016-10-18 08:02:50:shell stdout: 
2016-10-18 08:02:51:no gdbExecName running, out:
2016-10-18 08:02:51:checCmd:ps -e | grep -i gdb-mic
2016-10-18 08:02:51:finished now-timestampStart < maxWaitTime*5
2016-10-18 08:02:51:now: 1476792170
2016-10-18 08:02:51:timestampStart: 1476792156
2016-10-18 08:02:51:kill cmd: killall -9 gdb-mic
2016-10-18 08:02:51:shell stdout: 
2016-10-18 08:02:52:kill cmd: ssh -T mic0 killall -9 hotspot_check
2016-10-18 08:02:52:shell stdout: 
2016-10-18 08:02:52:kill cmd: ssh -T mic0 killall -9 gdbserver
2016-10-18 08:02:52:shell stdout: 
