2017-01-23 14:34:49:Starting GDB script
2017-01-23 14:34:49:initSignal:14.0
2017-01-23 14:34:49:endSignal:21.0
2017-01-23 14:34:49:seqSignal:15
2017-01-23 14:35:06:sending 15 signals using command: 'ssh -T mic1 killall -2 dgemm_check' after 16.8545070712s
2017-01-23 14:35:07:shell stdout: 
2017-01-23 14:35:07:shell stdout: 
2017-01-23 14:35:08:shell stdout: 
2017-01-23 14:35:08:shell stdout: 
2017-01-23 14:35:08:shell stdout: 
2017-01-23 14:35:09:sending 15 signals using command: 'ssh -T mic1 killall -2 dgemm_check' after 19.6245245538s
2017-01-23 14:35:09:shell stdout: 
2017-01-23 14:35:09:sending 15 signals using command: 'ssh -T mic1 killall -2 dgemm_check' after 19.8790747134s
2017-01-23 14:35:09:shell stdout: 
2017-01-23 14:35:09:shell stdout: 
2017-01-23 14:35:09:shell stdout: 
2017-01-23 14:35:10:shell stdout: 
2017-01-23 14:35:10:shell stdout: 
2017-01-23 14:35:10:shell stdout: 
2017-01-23 14:35:10:shell stdout: 
2017-01-23 14:35:10:shell stdout: 
2017-01-23 14:35:10:shell stdout: 
2017-01-23 14:35:10:shell stdout: 
2017-01-23 14:35:10:shell stdout: 
2017-01-23 14:35:11:shell stdout: 
2017-01-23 14:35:11:shell stdout: 
2017-01-23 14:35:11:shell stdout: 
2017-01-23 14:35:11:shell stdout: 
2017-01-23 14:35:11:shell stdout: 
2017-01-23 14:35:11:shell stdout: 
2017-01-23 14:35:11:shell stdout: 
2017-01-23 14:35:12:shell stdout: 
2017-01-23 14:35:12:shell stdout: 
2017-01-23 14:35:12:shell stdout: 
2017-01-23 14:35:12:shell stdout: 
2017-01-23 14:35:12:shell stdout: 
2017-01-23 14:35:12:shell stdout: 
2017-01-23 14:35:12:shell stdout: 
2017-01-23 14:35:13:shell stdout: 
2017-01-23 14:35:13:shell stdout: 
2017-01-23 14:35:13:shell stdout: 
2017-01-23 14:35:13:shell stdout: 
2017-01-23 14:35:13:shell stdout: 
2017-01-23 14:35:14:shell stdout: 
2017-01-23 14:35:14:shell stdout: 
2017-01-23 14:35:14:shell stdout: 
2017-01-23 14:35:14:shell stdout: 
2017-01-23 14:35:14:shell stdout: 
2017-01-23 14:35:15:shell stdout: 
2017-01-23 14:35:15:shell stdout: 
2017-01-23 14:35:15:shell stdout: 
2017-01-23 14:35:15:shell stdout: 
2017-01-23 14:37:02:no gdbExecName running, out:
2017-01-23 14:37:02:checCmd:ps -e | grep -i gdb-mic
2017-01-23 14:37:02:finished now-timestampStart < maxWaitTime*5
2017-01-23 14:37:02:now: 1485200213
2017-01-23 14:37:02:timestampStart: 1485200089
2017-01-23 14:37:02:kill cmd: killall -9 gdb-mic
2017-01-23 14:37:02:shell stdout: 
2017-01-23 14:37:02:kill cmd: ssh -T mic1 killall -9 dgemm_check
2017-01-23 14:37:02:shell stdout: 
2017-01-23 14:37:02:kill cmd: ssh -T mic1 killall -9 gdbserver
2017-01-23 14:37:02:shell stdout: 
2017-01-23 14:37:03:kill cmd: ssh -T mic1 killall -9 sshd
2017-01-23 14:37:03:shell stdout: 
