[INFO -- 2017-03-27 17:41:59]
Starting flip_value script
version: 2.0
[INFO -- 2017-03-27 17:41:59]
Initialization strings:
[INFO -- 2017-03-27 17:42:00]
(1) target extended-remote | ssh -T mic0 gdbserver --multi -
[INFO -- 2017-03-27 17:42:00]
(2) set sysroot /opt/mpss/3.7/sysroots/k1om-mpss-linux/
[INFO -- 2017-03-27 17:42:00]
(3) set sysroot /opt/mpss/3.7/sysroots/k1om-mpss-linux/
[INFO -- 2017-03-27 17:42:00]
(4) file /micNfs/gdb-fault-injection/injector/bin/lavamd/lavamd_check
[INFO -- 2017-03-27 17:42:00]
(5) set remote exec-file /micNfs/gdb-fault-injection/injector/bin/lavamd/lavamd_check
[INFO -- 2017-03-27 17:42:00]
(6) set args 228 15 /micNfs/gdb-fault-injection/injector/bin/lavamd/input_distance_228_15 /micNfs/gdb-fault-injection/injector/bin/lavamd/input_charges_228_15 /micNfs/gdb-fault-injection/injector/bin/lavamd/output_gold_228_15 1
[INFO -- 2017-03-27 17:42:00]
initSignal:0
[INFO -- 2017-03-27 17:42:00]
endSignal:3
[INFO -- 2017-03-27 17:42:00]
seqSignal:30
[INFO -- 2017-03-27 17:42:00]
faultMode:3
[INFO -- 2017-03-27 17:42:00]
Backtrace BEGIN:
#0  __GI__dl_debug_state () at dl-debug.c:74
#1  0x00007ffff7de084c in dl_main (phdr=<optimized out>, phnum=<optimized out>, user_entry=<optimized out>, auxv=<optimized out>) at rtld.c:2170
#2  0x00007ffff7df2548 in _dl_sysdep_start (start_argptr=start_argptr@entry=0x7fffffffebc0, dl_main=dl_main@entry=0x7ffff7dde840 <dl_main>) at ../elf/dl-sysdep.c:249
#3  0x00007ffff7de1c6a in _dl_start_final (arg=0x7fffffffebc0) at rtld.c:308
#4  _dl_start (arg=0x7fffffffebc0) at rtld.c:414
#5  0x00007ffff7dddbc8 in _start () from /opt/mpss/3.7/sysroots/k1om-mpss-linux/lib64/ld-linux-k1om.so.2
#6  0x0000000000000007 in ?? ()
#7  0x00007fffffffedb7 in ?? ()
#8  0x00007fffffffedf4 in ?? ()
#9  0x00007fffffffedf8 in ?? ()
#10 0x00007fffffffedfb in ?? ()
#11 0x00007fffffffee41 in ?? ()
#12 0x00007fffffffee86 in ?? ()
#13 0x00007fffffffeec9 in ?? ()
#14 0x0000000000000000 in ?? ()

69	in dl-debug.c

Backtrace END
Memory content before bitflip:0xa40x990x120x000x000x000x000x00
Fault Mode: Zero bit-flip
base address to flip value: 0x7ffff7ffcc88 
address max offset: 8
Memory content after  bitflip:0x000x000x000x000x000x000x000x00
frame name: _dl_start_final
symbol name: load_time
symbol filename: rtld.c
symbol line: 201
value: 0
value address: 0x7ffff7ffcc88 <load_time>
Type: The type is an integer type.
Type sizeof: 8

[INFO -- 2017-03-27 17:42:00]
Fault Injection Successful after 0.689244031906s
[INFO -- 2017-03-27 17:42:18]
event type: exit
[INFO -- 2017-03-27 17:42:18]
exit code: 0
