[INFO -- 2017-02-26 21:51:04]
Starting flip_value script
version: 2.0
[INFO -- 2017-02-26 21:51:04]
Initialization strings:
[INFO -- 2017-02-26 21:51:05]
(1) target extended-remote | ssh -T mic1 gdbserver --multi -
[INFO -- 2017-02-26 21:51:05]
(2) set sysroot /opt/mpss/3.7/sysroots/k1om-mpss-linux/
[INFO -- 2017-02-26 21:51:05]
(3) set sysroot /opt/mpss/3.7/sysroots/k1om-mpss-linux/
[INFO -- 2017-02-26 21:51:05]
(4) file /micNfs/gdb-fault-injection/injector/bin/lud/lud_check
[INFO -- 2017-02-26 21:51:05]
(5) set remote exec-file /micNfs/gdb-fault-injection/injector/bin/lud/lud_check
[INFO -- 2017-02-26 21:51:05]
(6) set args -s 2048 -n 228 -i /micNfs/gdb-fault-injection/injector/bin/lud/input_2048_th_228 -g /micNfs/gdb-fault-injection/injector/bin/lud/gold_2048_th_228
[INFO -- 2017-02-26 21:51:05]
initSignal:0
[INFO -- 2017-02-26 21:51:05]
endSignal:2
[INFO -- 2017-02-26 21:51:05]
seqSignal:30
[INFO -- 2017-02-26 21:51:05]
faultMode:1
[EXCEPTION -- 2017-02-26 21:51:05]
gdbException: Attempt to dereference a generic pointer.
[INFO -- 2017-02-26 21:51:08]
Backtrace BEGIN:
#0  pthread_cond_timedwait@@GLIBC_2.3.2 () at ../sysdeps/unix/sysv/linux/x86_64/pthread_cond_timedwait.S:238
#1  0x00007ffff790c5ea in ?? ()
#2  0x00007ffff7fd2d18 in ?? ()
#3  0x0000000002a10a06 in ?? ()
#4  0x0000000000000017 in ?? ()
#5  0x00007ffff7fd2df0 in ?? ()
#6  0x00007ffff70e17d8 in ?? () from /opt/mpss/3.7/sysroots/k1om-mpss-linux/lib64/libc.so.6
#7  0x00007ffff7fd2d14 in ?? ()
#8  0x00007ffff7fd2de0 in ?? ()
#9  0x00007ffff7ff8630 in ?? ()
#10 0x0000000000000008 in ?? ()
#11 0x0000000000000000 in ?? ()

233	in ../sysdeps/unix/sysv/linux/x86_64/pthread_cond_timedwait.S

Backtrace END
Fliping array at pos: 0
Memory content before bitflip:0x400x000x000x00
Fault Mode: Double bit-flip
base address to flip value: 0x7ffff743c260 
address max offset: 4
Memory content after  bitflip:0x400xc00x000x00
frame name: __pthread_create_2_1
symbol name: _thread_db_pthread_key_struct_seq
symbol filename: ../nptl_db/structs.def
symbol line: 63
value: {49216, 1, 0}
value address: 0x7ffff743c260 <_thread_db_pthread_key_struct_seq>
Type: The type is an array.
Type sizeof: 12
Field name: None
Field Type: A range type, that is, an integer type with bounds.
Field Type sizeof: 8
Field Type range: (0L, 2L)

[INFO -- 2017-02-26 21:51:08]
Fault Injection Successful after 3.1553850174s
[INFO -- 2017-02-26 21:51:08]
Backtrace BEGIN:
#0  allocate_stack (stack=<synthetic pointer>, pdp=<synthetic pointer>, attr=0x7fffffffd3d8) at allocatestack.c:548
#1  __pthread_create_2_1 (newthread=0x7fffffffd3d0, attr=<optimized out>, start_routine=0x7ffff790bb10, arg=0x7fffed166b00) at pthread_create.c:524
#2  0x00007ffff790d323 in ?? ()
#3  0x0000000000000000 in ?? ()

543	in allocatestack.c

Backtrace END
Memory content before bitflip:0x100x000x000x00
Fault Mode: Double bit-flip
base address to flip value: 0x7ffff743c23c 
address max offset: 4
Memory content after  bitflip:0x100x440x000x00
frame name: allocate_stack
symbol name: _thread_db_sizeof_pthread_key_data
symbol filename: ../nptl_db/structs.def
symbol line: 66
value: 17424
value address: 0x7ffff743c23c <_thread_db_sizeof_pthread_key_struct>
Type: The type is an integer type.
Type sizeof: 4

[INFO -- 2017-02-26 21:51:08]
Fault Injection Successful after 3.33255600929s
[INFO -- 2017-02-26 21:51:25]
event type: exit
[INFO -- 2017-02-26 21:51:25]
exit code: 1
