2017-02-21 18:27:46:Starting flip_value script
2017-02-21 18:27:46:Initialization strings:
2017-02-21 18:27:46:(1) target extended-remote | ssh -T mic0 gdbserver --multi -
2017-02-21 18:27:46:(2) set sysroot /opt/mpss/3.7/sysroots/k1om-mpss-linux/
2017-02-21 18:27:46:(3) set sysroot /opt/mpss/3.7/sysroots/k1om-mpss-linux/
2017-02-21 18:27:46:(4) file /micNfs/gdb-fault-injection/injector/bin/hotspot/hotspot_check
2017-02-21 18:27:46:(5) set remote exec-file /micNfs/gdb-fault-injection/injector/bin/hotspot/hotspot_check
2017-02-21 18:27:46:(6) set args 1024 1024 1000 64 /micNfs/gdb-fault-injection/injector/data/hotspot/temp_1024 /micNfs/gdb-fault-injection/injector/data/hotspot/power_1024 /micNfs/gdb-fault-injection/injector/bin/hotspot/gold_1024_1000iter_64th
2017-02-21 18:27:46:initSignal:9
2017-02-21 18:27:46:endSignal:12
2017-02-21 18:27:46:seqSignal:15
2017-02-21 18:27:56:Backtrace BEGIN:
2017-02-21 18:27:56:#0  0x00007ffff7109e0c in __GI_____strtof_l_internal (nptr=nptr@entry=0x7fffffffe050 "0.000008", endptr=endptr@entry=0x7fffffffe280, group=group@entry=0, loc=<optimized out>) at strtod_l.c:1538
#1  0x00007ffff7107c00 in __GI___strtof_internal (nptr=nptr@entry=0x7fffffffe050 "0.000008", endptr=endptr@entry=0x7fffffffe280, group=group@entry=0) at strtod.c:54
#2  0x00007ffff7128bec in _IO_vfscanf_internal (s=s@entry=0x7fffffffe440, format=format@entry=0x4071c8 "%f", argptr=argptr@entry=0x7fffffffe568, errp=errp@entry=0x0) at vfscanf.c:2332
#3  0x00007ffff71365ea in __GI___isoc99_vsscanf (string=0x7fffffffe640 "0.000008\n", format=0x4071c8 "%f", args=args@entry=0x7fffffffe568) at isoc99_vsscanf.c:43
#4  0x00007ffff7136569 in __isoc99_sscanf (s=<optimized out>, format=<optimized out>) at isoc99_sscanf.c:31
#5  0x0000000000404598 in read_input (vect=0x7ffff66cb010, grid_rows=1024, grid_cols=1024, file=0x7fffffffee43 "/micNfs/gdb-fault-injection/injector/data/hotspot/power_1024") at hotspot_check.c:207
#6  0x0000000000404ad7 in main (argc=8, argv=0x7fffffffebb8) at hotspot_check.c:266

2017-02-21 18:27:56:1533	in strtod_l.c

2017-02-21 18:27:56:Backtrace END
2017-02-21 18:27:56:Type: A floating point type.
2017-02-21 18:27:56:Type sizeof: 4
2017-02-21 18:27:56:Mem contents(hex):0x6f0x120x830x3c
2017-02-21 18:27:56:Fault Mode: One bit-flip
2017-02-21 18:27:56:base address to flip value: 0x4074f8 
2017-02-21 18:27:56:address max offset: 4
2017-02-21 18:27:56:Memory content before bitflip:0x6f0x120x830x3c
2017-02-21 18:27:57:Backtrace BEGIN:
2017-02-21 18:27:57:#0  __GI_____strtof_l_internal (nptr=nptr@entry=0x7fffffffe050 "0.000033", endptr=endptr@entry=0x7fffffffe280, group=group@entry=0, loc=<optimized out>) at strtod_l.c:1468
#1  0x00007ffff7107c00 in __GI___strtof_internal (nptr=nptr@entry=0x7fffffffe050 "0.000033", endptr=endptr@entry=0x7fffffffe280, group=group@entry=0) at strtod.c:54
#2  0x00007ffff7128bec in _IO_vfscanf_internal (s=s@entry=0x7fffffffe440, format=format@entry=0x4071c8 "%f", argptr=argptr@entry=0x7fffffffe568, errp=errp@entry=0x0) at vfscanf.c:2332
#3  0x00007ffff71365ea in __GI___isoc99_vsscanf (string=0x7fffffffe640 "0.000033\n", format=0x4071c8 "%f", args=args@entry=0x7fffffffe568) at isoc99_vsscanf.c:43
#4  0x00007ffff7136569 in __isoc99_sscanf (s=<optimized out>, format=<optimized out>) at isoc99_sscanf.c:31
#5  0x0000000000404598 in read_input (vect=0x7ffff66cb010, grid_rows=1024, grid_cols=1024, file=0x7fffffffee43 "/micNfs/gdb-fault-injection/injector/data/hotspot/power_1024") at hotspot_check.c:207
#6  0x0000000000404ad7 in main (argc=8, argv=0x7fffffffebb8) at hotspot_check.c:266

2017-02-21 18:27:57:1463	in strtod_l.c

2017-02-21 18:27:57:Backtrace END
2017-02-21 18:27:57:Type: The type is an array.
2017-02-21 18:27:57:Type sizeof: 24
2017-02-21 18:27:57:Fliping array at pos: 0
2017-02-21 18:27:57:Type: The type is a structure.
2017-02-21 18:27:57:Type sizeof: 24
2017-02-21 18:27:57:Fliping value of field: overflow_arg_area
2017-02-21 18:27:57:Type: The type is a pointer.
2017-02-21 18:27:57:Type sizeof: 8
2017-02-21 18:27:57:Backtrace BEGIN:
2017-02-21 18:27:57:#0  __GI_____strtof_l_internal (nptr=nptr@entry=0x7fffffffe050 "0.000033", endptr=endptr@entry=0x7fffffffe280, group=group@entry=0, loc=<optimized out>) at strtod_l.c:1468
#1  0x00007ffff7107c00 in __GI___strtof_internal (nptr=nptr@entry=0x7fffffffe050 "0.000033", endptr=endptr@entry=0x7fffffffe280, group=group@entry=0) at strtod.c:54
#2  0x00007ffff7128bec in _IO_vfscanf_internal (s=s@entry=0x7fffffffe440, format=format@entry=0x4071c8 "%f", argptr=argptr@entry=0x7fffffffe568, errp=errp@entry=0x0) at vfscanf.c:2332
#3  0x00007ffff71365ea in __GI___isoc99_vsscanf (string=0x7fffffffe640 "0.000033\n", format=0x4071c8 "%f", args=args@entry=0x7fffffffe568) at isoc99_vsscanf.c:43
#4  0x00007ffff7136569 in __isoc99_sscanf (s=<optimized out>, format=<optimized out>) at isoc99_sscanf.c:31
#5  0x0000000000404598 in read_input (vect=0x7ffff66cb010, grid_rows=1024, grid_cols=1024, file=0x7fffffffee43 "/micNfs/gdb-fault-injection/injector/data/hotspot/power_1024") at hotspot_check.c:207
#6  0x0000000000404ad7 in main (argc=8, argv=0x7fffffffebb8) at hotspot_check.c:266

2017-02-21 18:27:57:1463	in strtod_l.c

2017-02-21 18:27:57:Backtrace END
2017-02-21 18:27:57:Type: The type is an array.
2017-02-21 18:27:57:Type sizeof: 8
2017-02-21 18:27:57:Fliping array at pos: 0
2017-02-21 18:27:57:Type: The type is an integer type.
2017-02-21 18:27:57:Type sizeof: 8
2017-02-21 18:27:57:Mem contents(hex):0x7b0x690x8a0x000x000x000x000x00
2017-02-21 18:27:57:Fault Mode: Random bit-flip
2017-02-21 18:27:57:base address to flip value: 0x7fffffffdf68
2017-02-21 18:27:57:address max offset: 8
2017-02-21 18:27:57:Memory content before bitflip:0x7b0x690x8a0x000x000x000x000x00
2017-02-21 18:27:57:Backtrace BEGIN:
2017-02-21 18:27:57:#0  __GI_____strtof_l_internal (nptr=nptr@entry=0x7fffffffe050 "0.000033", endptr=endptr@entry=0x7fffffffe280, group=group@entry=0, loc=<optimized out>) at strtod_l.c:1468
#1  0x00007ffff7107c00 in __GI___strtof_internal (nptr=nptr@entry=0x7fffffffe050 "0.000033", endptr=endptr@entry=0x7fffffffe280, group=group@entry=0) at strtod.c:54
#2  0x00007ffff7128bec in _IO_vfscanf_internal (s=s@entry=0x7fffffffe440, format=format@entry=0x4071c8 "%f", argptr=argptr@entry=0x7fffffffe568, errp=errp@entry=0x0) at vfscanf.c:2332
#3  0x00007ffff71365ea in __GI___isoc99_vsscanf (string=0x7fffffffe640 "0.000033\n", format=0x4071c8 "%f", args=args@entry=0x7fffffffe568) at isoc99_vsscanf.c:43
#4  0x00007ffff7136569 in __isoc99_sscanf (s=<optimized out>, format=<optimized out>) at isoc99_sscanf.c:31
#5  0x0000000000404598 in read_input (vect=0x7ffff66cb010, grid_rows=1024, grid_cols=1024, file=0x7fffffffee43 "/micNfs/gdb-fault-injection/injector/data/hotspot/power_1024") at hotspot_check.c:207
#6  0x0000000000404ad7 in main (argc=8, argv=0x7fffffffebb8) at hotspot_check.c:266

2017-02-21 18:27:57:1463	in strtod_l.c

2017-02-21 18:27:57:Backtrace END
2017-02-21 18:27:57:Type: The type is an array.
2017-02-21 18:27:57:Type sizeof: 24
2017-02-21 18:27:57:Fliping array at pos: 0
2017-02-21 18:27:57:Type: The type is a structure.
2017-02-21 18:27:57:Type sizeof: 24
2017-02-21 18:27:57:Fliping value of field: gp_offset
2017-02-21 18:27:57:Type: The type is an integer type.
2017-02-21 18:27:57:Type sizeof: 4
2017-02-21 18:27:57:Mem contents(hex):0x100x000x000x00
2017-02-21 18:27:57:Fault Mode: Zero bit-flip
2017-02-21 18:27:57:base address to flip value: 0x7fffffffe568
2017-02-21 18:27:57:address max offset: 4
2017-02-21 18:27:57:Memory content before bitflip:0x100x000x000x00
2017-02-21 18:27:57:Backtrace BEGIN:
2017-02-21 18:27:58:#0  __GI_____strtof_l_internal (nptr=nptr@entry=0x7fffffffe050 "0.000033", endptr=endptr@entry=0x7fffffffe280, group=group@entry=0, loc=<optimized out>) at strtod_l.c:1468
#1  0x00007ffff7107c00 in __GI___strtof_internal (nptr=nptr@entry=0x7fffffffe050 "0.000033", endptr=endptr@entry=0x7fffffffe280, group=group@entry=0) at strtod.c:54
#2  0x00007ffff7128bec in _IO_vfscanf_internal (s=s@entry=0x7fffffffe440, format=format@entry=0x4071c8 "%f", argptr=argptr@entry=0x7fffffffe568, errp=errp@entry=0x0) at vfscanf.c:2332
#3  0x00007ffff71365ea in __GI___isoc99_vsscanf (string=0x7fffffffe640 "0.000033\n", format=0x4071c8 "%f", args=args@entry=0x7fffffffe568) at isoc99_vsscanf.c:43
#4  0x00007ffff7136569 in __isoc99_sscanf (s=<optimized out>, format=<optimized out>) at isoc99_sscanf.c:31
#5  0x0000000000404598 in read_input (vect=0x7ffff66cb010, grid_rows=1024, grid_cols=1024, file=0x7fffffffee43 "/micNfs/gdb-fault-injection/injector/data/hotspot/power_1024") at hotspot_check.c:207
#6  0x0000000000404ad7 in main (argc=8, argv=0x7fffffffebb8) at hotspot_check.c:266

2017-02-21 18:27:58:1463	in strtod_l.c

2017-02-21 18:27:58:Backtrace END
2017-02-21 18:27:58:Type: The type is an array.
2017-02-21 18:27:58:Type sizeof: 24
2017-02-21 18:27:58:Fliping array at pos: 0
2017-02-21 18:27:58:Type: The type is a structure.
2017-02-21 18:27:58:Type sizeof: 24
2017-02-21 18:27:58:Fliping value of field: reg_save_area
2017-02-21 18:27:58:Type: The type is a pointer.
2017-02-21 18:27:58:Type sizeof: 8
2017-02-21 18:27:58:Backtrace BEGIN:
2017-02-21 18:27:58:#0  __GI_____strtof_l_internal (nptr=nptr@entry=0x7fffffffe050 "0.000033", endptr=endptr@entry=0x7fffffffe280, group=group@entry=0, loc=<optimized out>) at strtod_l.c:1468
#1  0x00007ffff7107c00 in __GI___strtof_internal (nptr=nptr@entry=0x7fffffffe050 "0.000033", endptr=endptr@entry=0x7fffffffe280, group=group@entry=0) at strtod.c:54
#2  0x00007ffff7128bec in _IO_vfscanf_internal (s=s@entry=0x7fffffffe440, format=format@entry=0x4071c8 "%f", argptr=argptr@entry=0x7fffffffe568, errp=errp@entry=0x0) at vfscanf.c:2332
#3  0x00007ffff71365ea in __GI___isoc99_vsscanf (string=0x7fffffffe640 "0.000033\n", format=0x4071c8 "%f", args=args@entry=0x7fffffffe568) at isoc99_vsscanf.c:43
#4  0x00007ffff7136569 in __isoc99_sscanf (s=<optimized out>, format=<optimized out>) at isoc99_sscanf.c:31
#5  0x0000000000404598 in read_input (vect=0x7ffff66cb010, grid_rows=1024, grid_cols=1024, file=0x7fffffffee43 "/micNfs/gdb-fault-injection/injector/data/hotspot/power_1024") at hotspot_check.c:207
#6  0x0000000000404ad7 in main (argc=8, argv=0x7fffffffebb8) at hotspot_check.c:266

2017-02-21 18:27:58:1463	in strtod_l.c

2017-02-21 18:27:58:Backtrace END
2017-02-21 18:27:58:Type: The type is a pointer.
2017-02-21 18:27:58:Type sizeof: 8
2017-02-21 18:27:58:Fliping a bit of the pointer
2017-02-21 18:27:58:Mem contents(hex):0x580xe00xff0xff0xff0x7f0x000x00
2017-02-21 18:27:58:Fault Mode: Zero bit-flip
2017-02-21 18:27:58:base address to flip value: 0x7fffffffe280
2017-02-21 18:27:58:address max offset: 8
2017-02-21 18:27:58:Memory content before bitflip:0x580xe00xff0xff0xff0x7f0x000x00
2017-02-21 18:27:58:Backtrace BEGIN:
2017-02-21 18:27:58:#0  __GI_____strtof_l_internal (nptr=nptr@entry=0x7fffffffe050 "0.000033", endptr=endptr@entry=0x7fffffffe280, group=group@entry=0, loc=<optimized out>) at strtod_l.c:1468
#1  0x00007ffff7107c00 in __GI___strtof_internal (nptr=nptr@entry=0x7fffffffe050 "0.000033", endptr=endptr@entry=0x7fffffffe280, group=group@entry=0) at strtod.c:54
#2  0x00007ffff7128bec in _IO_vfscanf_internal (s=s@entry=0x7fffffffe440, format=format@entry=0x4071c8 "%f", argptr=argptr@entry=0x7fffffffe568, errp=errp@entry=0x0) at vfscanf.c:2332
#3  0x00007ffff71365ea in __GI___isoc99_vsscanf (string=0x7fffffffe640 "0.000033\n", format=0x4071c8 "%f", args=args@entry=0x7fffffffe568) at isoc99_vsscanf.c:43
#4  0x00007ffff7136569 in __isoc99_sscanf (s=<optimized out>, format=<optimized out>) at isoc99_sscanf.c:31
#5  0x0000000000404598 in read_input (vect=0x7ffff66cb010, grid_rows=1024, grid_cols=1024, file=0x7fffffffee43 "/micNfs/gdb-fault-injection/injector/data/hotspot/power_1024") at hotspot_check.c:207
#6  0x0000000000404ad7 in main (argc=8, argv=0x7fffffffebb8) at hotspot_check.c:266

2017-02-21 18:27:58:1463	in strtod_l.c

2017-02-21 18:27:58:Backtrace END
2017-02-21 18:27:58:Type: The type is an array.
2017-02-21 18:27:58:Type sizeof: 8
2017-02-21 18:27:58:Fliping array at pos: 0
2017-02-21 18:27:58:Type: The type is an integer type.
2017-02-21 18:27:58:Type sizeof: 8
2017-02-21 18:27:58:Mem contents(hex):0x7b0x690x8a0x000x000x000x000x00
2017-02-21 18:27:58:Fault Mode: One bit-flip
2017-02-21 18:27:58:base address to flip value: 0x7fffffffdf68
2017-02-21 18:27:58:address max offset: 8
2017-02-21 18:27:58:Memory content before bitflip:0x7b0x690x8a0x000x000x000x000x00
2017-02-21 18:27:58:Backtrace BEGIN:
2017-02-21 18:27:58:#0  __GI_____strtof_l_internal (nptr=nptr@entry=0x7fffffffe050 "0.000033", endptr=endptr@entry=0x7fffffffe280, group=group@entry=0, loc=<optimized out>) at strtod_l.c:1468
#1  0x00007ffff7107c00 in __GI___strtof_internal (nptr=nptr@entry=0x7fffffffe050 "0.000033", endptr=endptr@entry=0x7fffffffe280, group=group@entry=0) at strtod.c:54
#2  0x00007ffff7128bec in _IO_vfscanf_internal (s=s@entry=0x7fffffffe440, format=format@entry=0x4071c8 "%f", argptr=argptr@entry=0x7fffffffe568, errp=errp@entry=0x0) at vfscanf.c:2332
#3  0x00007ffff71365ea in __GI___isoc99_vsscanf (string=0x7fffffffe640 "0.000033\n", format=0x4071c8 "%f", args=args@entry=0x7fffffffe568) at isoc99_vsscanf.c:43
#4  0x00007ffff7136569 in __isoc99_sscanf (s=<optimized out>, format=<optimized out>) at isoc99_sscanf.c:31
#5  0x0000000000404598 in read_input (vect=0x7ffff66cb010, grid_rows=1024, grid_cols=1024, file=0x7fffffffee43 "/micNfs/gdb-fault-injection/injector/data/hotspot/power_1024") at hotspot_check.c:207
#6  0x0000000000404ad7 in main (argc=8, argv=0x7fffffffebb8) at hotspot_check.c:266

2017-02-21 18:27:58:1463	in strtod_l.c

2017-02-21 18:27:58:Backtrace END
2017-02-21 18:27:59:Type: The type is an array.
2017-02-21 18:27:59:Type sizeof: 22
2017-02-21 18:27:59:Fliping array at pos: 12
2017-02-21 18:27:59:Type: The type is an integer type.
2017-02-21 18:27:59:Type sizeof: 1
2017-02-21 18:27:59:Mem contents(hex):0x5f
2017-02-21 18:27:59:Fault Mode: Random bit-flip
2017-02-21 18:27:59:base address to flip value: 0x7ffff71f6d3c  
2017-02-21 18:27:59:address max offset: 1
2017-02-21 18:27:59:Memory content before bitflip:0x5f
2017-02-21 18:27:59:Backtrace BEGIN:
2017-02-21 18:27:59:#0  __GI_____strtof_l_internal (nptr=nptr@entry=0x7fffffffe050 "0.000033", endptr=endptr@entry=0x7fffffffe280, group=group@entry=0, loc=<optimized out>) at strtod_l.c:1468
#1  0x00007ffff7107c00 in __GI___strtof_internal (nptr=nptr@entry=0x7fffffffe050 "0.000033", endptr=endptr@entry=0x7fffffffe280, group=group@entry=0) at strtod.c:54
#2  0x00007ffff7128bec in _IO_vfscanf_internal (s=s@entry=0x7fffffffe440, format=format@entry=0x4071c8 "%f", argptr=argptr@entry=0x7fffffffe568, errp=errp@entry=0x0) at vfscanf.c:2332
#3  0x00007ffff71365ea in __GI___isoc99_vsscanf (string=0x7fffffffe640 "0.000033\n", format=0x4071c8 "%f", args=args@entry=0x7fffffffe568) at isoc99_vsscanf.c:43
#4  0x00007ffff7136569 in __isoc99_sscanf (s=<optimized out>, format=<optimized out>) at isoc99_sscanf.c:31
#5  0x0000000000404598 in read_input (vect=0x7ffff66cb010, grid_rows=1024, grid_cols=1024, file=0x7fffffffee43 "/micNfs/gdb-fault-injection/injector/data/hotspot/power_1024") at hotspot_check.c:207
#6  0x0000000000404ad7 in main (argc=8, argv=0x7fffffffebb8) at hotspot_check.c:266

2017-02-21 18:27:59:1463	in strtod_l.c

2017-02-21 18:27:59:Backtrace END
2017-02-21 18:27:59:Type: The type is an integer type.
2017-02-21 18:27:59:Type sizeof: 4
2017-02-21 18:27:59:Mem contents(hex):0x000x000x000x00
2017-02-21 18:27:59:Fault Mode: Double bit-flip
2017-02-21 18:27:59:base address to flip value: 0x7fffffffe1e4
2017-02-21 18:27:59:address max offset: 4
2017-02-21 18:27:59:Memory content before bitflip:0x000x000x000x00
2017-02-21 18:27:59:Memory content after  bitflip:0x000x420x000x00
2017-02-21 18:27:59:Mem contents(hex):0x000x420x000x00
2017-02-21 18:27:59:frame name: _IO_vfscanf_internal
2017-02-21 18:27:59:symbol name: flags
2017-02-21 18:27:59:symbol filename: vfscanf.c
2017-02-21 18:27:59:symbol line: 215
2017-02-21 18:27:59:value: 16896
2017-02-21 18:27:59:value address: 0x7fffffffe1e4
2017-02-21 18:27:59:Type: The type is an integer type.
2017-02-21 18:27:59:Type sizeof: 4
2017-02-21 18:27:59:Fault Injection Successful after 13.3156840801s
2017-02-21 18:28:18:event type: exit
2017-02-21 18:28:18:exit code: 0
