2016-10-16 16:07:14:Starting GDB script
2016-10-16 16:07:15:sending signal using command: 'ssh -T mic0 killall -2 hotspot_check' after 1.32325476856s
2016-10-16 16:07:15:shell stdout: 
2016-10-16 16:07:16:sending signal using command: 'ssh -T mic0 killall -2 hotspot_check' after 2.11267492927s
2016-10-16 16:07:16:shell stdout: 
2016-10-16 16:07:22:sending signal using command: 'ssh -T mic0 killall -2 hotspot_check' after 7.75938801277s
2016-10-16 16:07:22:shell stdout: 
2016-10-16 16:07:22:sending signal using command: 'ssh -T mic0 killall -2 hotspot_check' after 8.2352598149s
2016-10-16 16:07:22:shell stdout: 
2016-10-16 16:07:25:sending signal using command: 'ssh -T mic0 killall -2 hotspot_check' after 10.7831930463s
2016-10-16 16:07:25:shell stdout: 
2016-10-16 16:07:25:no gdbExecName running, out:
2016-10-16 16:07:25:checCmd:ps -e | grep -i gdb-mic
2016-10-16 16:07:25:finished now-timestampStart < maxWaitTime*5
2016-10-16 16:07:25:now: 1476648444
2016-10-16 16:07:25:timestampStart: 1476648434
2016-10-16 16:07:25:kill cmd: killall -9 gdb-mic
2016-10-16 16:07:25:shell stdout: 
2016-10-16 16:07:25:kill cmd: ssh -T mic0 killall -9 hotspot_check
2016-10-16 16:07:25:shell stdout: 
2016-10-16 16:07:25:sending signal using command: 'ssh -T mic0 killall -2 hotspot_check' after 11.3063209933s
2016-10-16 16:07:25:shell stdout: 
2016-10-16 16:07:26:kill cmd: ssh -T mic0 killall -9 gdbserver
2016-10-16 16:07:26:shell stdout: 
