2016-10-17 15:21:22:Starting GDB script
2016-10-17 15:21:23:sending signal using command: 'ssh -T mic0 killall -2 lavamd' after 0.0209651906371s
2016-10-17 15:21:23:shell stdout: 
2016-10-17 15:21:23:sending signal using command: 'ssh -T mic0 killall -2 lavamd' after 0.829041256991s
2016-10-17 15:21:23:shell stdout: 
2016-10-17 15:21:27:sending signal using command: 'ssh -T mic0 killall -2 lavamd' after 3.55002145474s
2016-10-17 15:21:27:shell stdout: 
2016-10-17 15:21:28:sending signal using command: 'ssh -T mic0 killall -2 lavamd' after 4.23422025182s
2016-10-17 15:21:28:shell stdout: 
2016-10-17 15:21:29:sending signal using command: 'ssh -T mic0 killall -2 lavamd' after 5.2668292581s
2016-10-17 15:21:29:shell stdout: 
2016-10-17 15:21:30:sending signal using command: 'ssh -T mic0 killall -2 lavamd' after 6.69823684732s
2016-10-17 15:21:30:shell stdout: 
2016-10-17 15:21:31:sending signal using command: 'ssh -T mic0 killall -2 lavamd' after 7.84401207295s
2016-10-17 15:21:31:shell stdout: 
2016-10-17 15:21:32:sending signal using command: 'ssh -T mic0 killall -2 lavamd' after 8.99193290376s
2016-10-17 15:21:32:shell stdout: 
2016-10-17 15:21:32:sending signal using command: 'ssh -T mic0 killall -2 lavamd' after 9.25947126807s
2016-10-17 15:21:32:shell stdout: 
2016-10-17 15:21:32:sending signal using command: 'ssh -T mic0 killall -2 lavamd' after 9.39507059562s
2016-10-17 15:21:32:shell stdout: 
2016-10-17 15:21:39:no gdbExecName running, out:
2016-10-17 15:21:39:checCmd:ps -e | grep -i gdb-mic
2016-10-17 15:21:39:finished now-timestampStart < maxWaitTime*5
2016-10-17 15:21:39:now: 1476732098
2016-10-17 15:21:39:timestampStart: 1476732082
2016-10-17 15:21:39:kill cmd: killall -9 gdb-mic
2016-10-17 15:21:39:shell stdout: 
2016-10-17 15:21:39:kill cmd: ssh -T mic0 killall -9 lavamd
2016-10-17 15:21:39:shell stdout: 
2016-10-17 15:21:39:kill cmd: ssh -T mic0 killall -9 gdbserver
2016-10-17 15:21:39:shell stdout: 
2016-10-17 15:21:40:kill cmd: ssh -T mic0 killall -9 sshd
2016-10-17 15:21:40:shell stdout: 
