2016-10-23 01:42:27:sending signal using command: 'ssh -T mic0 killall -2 lavamd' after 8.04584359255s
2016-10-23 01:42:27:shell stdout: 
2016-10-23 01:42:27:Starting GDB script
2016-10-23 01:42:28:sending signal using command: 'ssh -T mic0 killall -2 lavamd' after 0.614463228888s
2016-10-23 01:42:28:shell stdout: 
2016-10-23 01:42:30:sending signal using command: 'ssh -T mic0 killall -2 lavamd' after 2.59166319684s
2016-10-23 01:42:30:shell stdout: 
2016-10-23 01:42:31:sending signal using command: 'ssh -T mic0 killall -2 lavamd' after 3.81601215031s
2016-10-23 01:42:31:shell stdout: 
2016-10-23 01:42:32:sending signal using command: 'ssh -T mic0 killall -2 lavamd' after 4.64039514733s
2016-10-23 01:42:32:shell stdout: 
2016-10-23 01:42:32:sending signal using command: 'ssh -T mic0 killall -2 lavamd' after 4.89759052507s
2016-10-23 01:42:32:shell stdout: 
2016-10-23 01:42:34:no gdbExecName running, out:
2016-10-23 01:42:34:checCmd:ps -e | grep -i gdb-mic
2016-10-23 01:42:34:finished now-timestampStart < maxWaitTime*5
2016-10-23 01:42:34:now: 1477201353
2016-10-23 01:42:34:timestampStart: 1477201347
2016-10-23 01:42:34:kill cmd: killall -9 gdb-mic
2016-10-23 01:42:34:shell stdout: 
2016-10-23 01:42:35:kill cmd: ssh -T mic0 killall -9 lavamd
2016-10-23 01:42:35:shell stdout: 
2016-10-23 01:42:35:kill cmd: ssh -T mic0 killall -9 gdbserver
2016-10-23 01:42:35:shell stdout: 
2016-10-23 01:42:35:sending signal using command: 'ssh -T mic0 killall -2 lavamd' after 7.51291910934s
2016-10-23 01:42:35:shell stdout: 
2016-10-23 01:42:35:kill cmd: ssh -T mic0 killall -9 sshd
2016-10-23 01:42:35:shell stdout: 
