2016-10-31 15:58:35:Starting GDB script
2016-10-31 15:58:36:sending signal using command: 'ssh -T mic0 killall -2 hotspot_check' after 1.51901997659s
2016-10-31 15:58:36:shell stdout: 
2016-10-31 15:58:37:sending signal using command: 'ssh -T mic0 killall -2 hotspot_check' after 1.64859041535s
2016-10-31 15:58:37:shell stdout: 
2016-10-31 15:58:37:sending signal using command: 'ssh -T mic0 killall -2 hotspot_check' after 1.7104013025s
2016-10-31 15:58:37:shell stdout: 
2016-10-31 15:58:39:sending signal using command: 'ssh -T mic0 killall -2 hotspot_check' after 3.83461744214s
2016-10-31 15:58:39:shell stdout: 
2016-10-31 15:58:40:sending signal using command: 'ssh -T mic0 killall -2 hotspot_check' after 4.98419768209s
2016-10-31 15:58:40:shell stdout: 
2016-10-31 15:58:40:sending signal using command: 'ssh -T mic0 killall -2 hotspot_check' after 5.22619900766s
2016-10-31 15:58:40:shell stdout: 
2016-10-31 15:58:43:sending signal using command: 'ssh -T mic0 killall -2 hotspot_check' after 7.81869688449s
2016-10-31 15:58:43:shell stdout: 
2016-10-31 15:58:47:sending signal using command: 'ssh -T mic0 killall -2 hotspot_check' after 12.5273572724s
2016-10-31 15:58:47:shell stdout: 
2016-10-31 15:58:48:sending signal using command: 'ssh -T mic0 killall -2 hotspot_check' after 12.7300448141s
2016-10-31 15:58:48:shell stdout: 
2016-10-31 15:58:48:sending signal using command: 'ssh -T mic0 killall -2 hotspot_check' after 12.7956471171s
2016-10-31 15:58:48:shell stdout: 
2016-10-31 15:58:55:no gdbExecName running, out:
2016-10-31 15:58:55:checCmd:ps -e | grep -i gdb-mic
2016-10-31 15:58:55:finished now-timestampStart < maxWaitTime*5
2016-10-31 15:58:55:now: 1477943934
2016-10-31 15:58:55:timestampStart: 1477943915
2016-10-31 15:58:55:kill cmd: killall -9 gdb-mic
2016-10-31 15:58:55:shell stdout: 
2016-10-31 15:58:55:kill cmd: ssh -T mic0 killall -9 hotspot_check
2016-10-31 15:58:55:shell stdout: 
2016-10-31 15:58:56:kill cmd: ssh -T mic0 killall -9 gdbserver
2016-10-31 15:58:56:shell stdout: 
