[INFO -- 2017-03-03 23:48:49]
Starting GDB script
[INFO -- 2017-03-03 23:48:49]
initSignal:28.0
[INFO -- 2017-03-03 23:48:49]
endSignal:28.0
[INFO -- 2017-03-03 23:48:49]
seqSignal:15
[INFO -- 2017-03-03 23:49:17]
sending 15 signals using command: 'ssh -T mic1 killall -2 dgemm_check' after 28.0s
[INFO -- 2017-03-03 23:49:17]
sending 15 signals using command: 'ssh -T mic1 killall -2 dgemm_check' after 28.0s
[INFO -- 2017-03-03 23:49:17]
sending 15 signals using command: 'ssh -T mic1 killall -2 dgemm_check' after 28.0s
[INFO -- 2017-03-03 23:49:18]
shell stdout: 
[INFO -- 2017-03-03 23:49:18]
shell stdout: 
[INFO -- 2017-03-03 23:49:18]
shell stdout: 
[INFO -- 2017-03-03 23:49:18]
shell stdout: 
[INFO -- 2017-03-03 23:49:18]
shell stdout: 
[INFO -- 2017-03-03 23:49:18]
shell stdout: 
[INFO -- 2017-03-03 23:49:19]
shell stdout: 
[INFO -- 2017-03-03 23:49:19]
shell stdout: 
[INFO -- 2017-03-03 23:49:19]
shell stdout: 
[INFO -- 2017-03-03 23:49:19]
shell stdout: 
[INFO -- 2017-03-03 23:49:19]
shell stdout: 
[INFO -- 2017-03-03 23:49:19]
shell stdout: 
[INFO -- 2017-03-03 23:49:20]
shell stdout: 
[INFO -- 2017-03-03 23:49:20]
shell stdout: 
[INFO -- 2017-03-03 23:49:20]
shell stdout: 
[INFO -- 2017-03-03 23:49:20]
shell stdout: 
[INFO -- 2017-03-03 23:49:20]
shell stdout: 
[INFO -- 2017-03-03 23:49:20]
shell stdout: 
[INFO -- 2017-03-03 23:49:21]
shell stdout: 
[INFO -- 2017-03-03 23:49:21]
shell stdout: 
[INFO -- 2017-03-03 23:49:21]
shell stdout: 
[INFO -- 2017-03-03 23:49:21]
shell stdout: 
[INFO -- 2017-03-03 23:49:21]
shell stdout: 
[INFO -- 2017-03-03 23:49:21]
shell stdout: 
[INFO -- 2017-03-03 23:49:21]
shell stdout: 
[INFO -- 2017-03-03 23:49:21]
shell stdout: 
[INFO -- 2017-03-03 23:49:22]
shell stdout: 
[INFO -- 2017-03-03 23:49:22]
shell stdout: 
[INFO -- 2017-03-03 23:49:22]
shell stdout: 
[INFO -- 2017-03-03 23:49:22]
shell stdout: 
[INFO -- 2017-03-03 23:49:22]
shell stdout: 
[INFO -- 2017-03-03 23:49:22]
shell stdout: 
[INFO -- 2017-03-03 23:49:22]
shell stdout: 
[INFO -- 2017-03-03 23:49:23]
shell stdout: 
[INFO -- 2017-03-03 23:49:23]
shell stdout: 
[INFO -- 2017-03-03 23:49:23]
shell stdout: 
[INFO -- 2017-03-03 23:49:23]
shell stdout: 
[INFO -- 2017-03-03 23:49:23]
shell stdout: 
[INFO -- 2017-03-03 23:49:23]
shell stdout: 
[INFO -- 2017-03-03 23:49:24]
shell stdout: 
[INFO -- 2017-03-03 23:49:24]
shell stdout: 
[INFO -- 2017-03-03 23:49:24]
shell stdout: 
[INFO -- 2017-03-03 23:49:24]
shell stdout: 
[INFO -- 2017-03-03 23:49:24]
shell stdout: 
[INFO -- 2017-03-03 23:49:24]
shell stdout: 
[INFO -- 2017-03-03 23:50:53]
no gdbExecName running, out:
[INFO -- 2017-03-03 23:50:53]
checCmd:ps -e | grep -i gdb-mic
[INFO -- 2017-03-03 23:50:53]
finished now-timestampStart < maxWaitTime*5
[INFO -- 2017-03-03 23:50:53]
now: 1488603044
[INFO -- 2017-03-03 23:50:53]
timestampStart: 1488602929
[INFO -- 2017-03-03 23:50:53]
kill cmd: killall -9 gdb-mic
[INFO -- 2017-03-03 23:50:53]
shell stdout: 
[INFO -- 2017-03-03 23:50:54]
kill cmd: ssh -T mic1 killall -9 dgemm_check
[INFO -- 2017-03-03 23:50:54]
shell stdout: 
[INFO -- 2017-03-03 23:50:54]
kill cmd: ssh -T mic1 killall -9 gdbserver
[INFO -- 2017-03-03 23:50:54]
shell stdout: 
[INFO -- 2017-03-03 23:50:54]
kill cmd: ssh -T mic1 killall -9 sshd
[INFO -- 2017-03-03 23:50:54]
shell stdout: 
