2017-01-20 00:31:14:Starting flip_value script
2017-01-20 00:31:14:Initialization strings:
2017-01-20 00:31:14:(1) target extended-remote | ssh -T mic1 gdbserver --multi -
2017-01-20 00:31:14:(2) set sysroot /opt/mpss/3.7/sysroots/k1om-mpss-linux/
2017-01-20 00:31:14:(3) set sysroot /opt/mpss/3.7/sysroots/k1om-mpss-linux/
2017-01-20 00:31:14:(4) file /micNfs/gdb-fault-injection/injector/bin/dgemm/dgemm_check
2017-01-20 00:31:14:(5) set remote exec-file /micNfs/gdb-fault-injection/injector/bin/dgemm/dgemm_check
2017-01-20 00:31:14:(6) set args 228 2048 16 /micNfs/gdb-fault-injection/injector/bin/dgemm/dgemm_a_8192 /micNfs/gdb-fault-injection/injector/bin/dgemm/dgemm_b_8192 /micNfs/gdb-fault-injection/injector/bin/dgemm/gold_2048_m-order_228_ths_16_blocks 1
2017-01-20 00:31:14:initSignal:28
2017-01-20 00:31:14:endSignal:28
2017-01-20 00:31:14:seqSignal:15
2017-01-20 00:31:42:Backtrace BEGIN:
2017-01-20 00:31:42:#0  0x00000000004036ab in L_dgemm_185__par_region0_2_0 () at dgemm.c:220
#1  0x00007ffff790ba1f in ?? ()
#2  0x00007fffffffe550 in ?? ()
#3  0x0000000000000000 in ?? ()

2017-01-20 00:31:42:215	                        for (ig=ii,i=0; ig<MIN(ii+block,order); i++,ig++)
216	                            CC_arr(i,j) = 0.0;
217	
218	                    for (kg=kk,k=0; kg<MIN(kk+block,order); k++,kg++)
219	                        for (jg=jj,j=0; jg<MIN(jj+block,order); j++,jg++)
220	                            for (ig=ii,i=0; ig<MIN(ii+block,order); i++,ig++)
221	                                CC_arr(i,j) += AA_arr(i,k)*BB_arr(j,k);
222	
223	                    for (jg=jj,j=0; jg<MIN(jj+block,order); j++,jg++)
224	                        for (ig=ii,i=0; ig<MIN(ii+block,order); i++,ig++)

2017-01-20 00:31:42:Backtrace END
2017-01-20 00:31:48:Type: The type is an integer type.
2017-01-20 00:31:48:Type sizeof: 4
2017-01-20 00:31:48:Mem contents(hex):0x000x000x000x00
2017-01-20 00:31:48:base address to flip value: 0x7fffffffde90
2017-01-20 00:31:48:address max offset: 4
2017-01-20 00:31:48:Memory content before bitflip:0x000x000x000x00
2017-01-20 00:31:48:Memory content after  bitflip:0x000x000x020x00
2017-01-20 00:31:48:Mem contents(hex):0x000x000x020x00
2017-01-20 00:31:48:frame name: L_dgemm_185__par_region0_2_0
2017-01-20 00:31:48:symbol name: jg
2017-01-20 00:31:48:symbol filename: dgemm.c
2017-01-20 00:31:48:symbol line: 183
2017-01-20 00:31:48:value: 131072
2017-01-20 00:31:48:value address: 0x7fffffffde90
2017-01-20 00:31:48:Type: The type is an integer type.
2017-01-20 00:31:48:Type sizeof: 4
2017-01-20 00:31:48:Fault Injection Successful after 34.3301270008s
2017-01-20 00:32:04:event type: exit
2017-01-20 00:32:04:exit code: no exit code available
