2016-10-20 17:00:45:Starting GDB script
2016-10-20 17:00:46:sending signal using command: 'ssh -T mic0 killall -2 lavamd' after 1.23600720237s
2016-10-20 17:00:46:shell stdout: 
2016-10-20 17:00:49:sending signal using command: 'ssh -T mic0 killall -2 lavamd' after 2.62383929107s
2016-10-20 17:00:49:shell stdout: 
2016-10-20 17:00:49:sending signal using command: 'ssh -T mic0 killall -2 lavamd' after 2.88432806383s
2016-10-20 17:00:49:shell stdout: 
2016-10-20 17:00:49:sending signal using command: 'ssh -T mic0 killall -2 lavamd' after 3.3218980251s
2016-10-20 17:00:49:shell stdout: 
2016-10-20 17:00:49:sending signal using command: 'ssh -T mic0 killall -2 lavamd' after 4.03885672584s
2016-10-20 17:00:49:shell stdout: 
2016-10-20 17:00:51:sending signal using command: 'ssh -T mic0 killall -2 lavamd' after 4.92181655238s
2016-10-20 17:00:51:shell stdout: 
2016-10-20 17:00:51:sending signal using command: 'ssh -T mic0 killall -2 lavamd' after 5.54536285827s
2016-10-20 17:00:51:shell stdout: 
2016-10-20 17:00:52:sending signal using command: 'ssh -T mic0 killall -2 lavamd' after 6.45075813398s
2016-10-20 17:00:52:shell stdout: 
2016-10-20 17:00:52:sending signal using command: 'ssh -T mic0 killall -2 lavamd' after 7.04536589017s
2016-10-20 17:00:52:shell stdout: 
2016-10-20 17:00:53:sending signal using command: 'ssh -T mic0 killall -2 lavamd' after 7.63622204612s
2016-10-20 17:00:53:shell stdout: 
2016-10-20 17:01:01:no gdbExecName running, out:
2016-10-20 17:01:01:checCmd:ps -e | grep -i gdb-mic
2016-10-20 17:01:01:finished now-timestampStart < maxWaitTime*5
2016-10-20 17:01:01:now: 1476997260
2016-10-20 17:01:01:timestampStart: 1476997245
2016-10-20 17:01:01:kill cmd: killall -9 gdb-mic
2016-10-20 17:01:01:shell stdout: 
2016-10-20 17:01:01:kill cmd: ssh -T mic0 killall -9 lavamd
2016-10-20 17:01:01:shell stdout: 
2016-10-20 17:01:02:kill cmd: ssh -T mic0 killall -9 gdbserver
2016-10-20 17:01:02:shell stdout: 
2016-10-20 17:01:02:kill cmd: ssh -T mic0 killall -9 sshd
2016-10-20 17:01:02:shell stdout: 
