#HEADER matrix_dim:2048 threads:228
#BEGIN Y:2017 M:01 D:25 Time:03:25:39
#IT Ite:0 KerTime:9.990148 AccTime:9.990148
#ERR  p: [1827, 1981], r: 8.5779070854187012e-01, e: 8.5743600130081177e-01
#ERR  p: [1845, 1981], r: 8.7506872415542603e-01, e: 8.7317353487014771e-01
#ERR  p: [1836, 1981], r: 8.6247646808624268e-01, e: 8.6461085081100464e-01
#ERR  p: [2032, 1981], r: 1.8989488482475281e-02, e: 1.8984168767929077e-02
#ERR  p: [2024, 1981], r: 1.9108906388282776e-02, e: 1.9142270088195801e-02
#ERR  p: [1824, 1981], r: 7.9422411918640137e+00, e: 8.5436105728149414e-01
#ERR  p: [1854, 1981], r: 8.8003081083297729e-01, e: 8.8070982694625854e-01
#ERR  p: [1863, 1981], r: 8.8756358623504639e-01, e: 8.8875180482864380e-01
#ERR  p: [1917, 1981], r: 9.4121372699737549e-01, e: 9.3776124715805054e-01
#ERR  p: [1872, 1981], r: 8.9572697877883911e-01, e: 8.9696341753005981e-01
#ERR  p: [1899, 1981], r: 9.2416572570800781e-01, e: 9.2106646299362183e-01
#ERR  p: [1998, 1981], r: 1.9630312919616699e-02, e: 1.9639760255813599e-02
#ERR  p: [1980, 1981], r: 1.0013772249221802e+00, e: 9.9909985065460205e-01
#ERR  p: [1971, 1981], r: 9.9137634038925171e-01, e: 9.8993974924087524e-01
#ERR  p: [1989, 1981], r: 1.9782036542892456e-02, e: 1.9817084074020386e-02
#ERR  p: [1944, 1981], r: 9.5961284637451172e-01, e: 9.6368652582168579e-01
#ERR  p: [1827, 1982], r: 8.5682696104049683e-01, e: 8.5648643970489502e-01
#ERR  p: [1953, 1981], r: 9.7268319129943848e-01, e: 9.7240185737609863e-01
#ERR  p: [1881, 1981], r: 9.0951406955718994e-01, e: 9.0471839904785156e-01
#ERR  p: [1845, 1982], r: 8.7399286031723022e-01, e: 8.7209582328796387e-01
#ERR  p: [1935, 1981], r: 9.5385909080505371e-01, e: 9.5517158508300781e-01
#ERR  p: [1935, 1982], r: 9.5280307531356812e-01, e: 9.5412307977676392e-01
#ERR  p: [1890, 1981], r: 9.1440510749816895e-01, e: 9.1319662332534790e-01
#ERR  p: [2040, 1981], r: 1.8802240490913391e-02, e: 1.8832042813301086e-02
#ERR  p: [1908, 1981], r: 9.2963296175003052e-01, e: 9.2937487363815308e-01
#ERR  p: [1962, 1981], r: 9.8270308971405029e-01, e: 9.8110681772232056e-01
#ERR  p: [2007, 1981], r: 1.9447147846221924e-02, e: 1.9467040896415710e-02
#ERR  p: [1926, 1981], r: 9.4508665800094604e-01, e: 9.4638103246688843e-01
#ERR  p: [2016, 1981], r: 1.9241273403167725e-02, e: 1.9286632537841797e-02
#ERR  p: [1836, 1982], r: 8.6160093545913696e-01, e: 8.6376887559890747e-01
#ERR  p: [2032, 1982], r: 1.9008785486221313e-02, e: 1.9009053707122803e-02
#ERR  p: [1824, 1982], r: 7.9346060752868652e+00, e: 8.5378241539001465e-01
#ERR  p: [2024, 1982], r: 1.9158989191055298e-02, e: 1.9158333539962769e-02
#ERR  p: [1935, 1983], r: 9.5342653989791870e-01, e: 9.5341312885284424e-01
#ERR  p: [1854, 1982], r: 8.7965029478073120e-01, e: 8.8033229112625122e-01
#ERR  p: [1863, 1982], r: 8.8684386014938354e-01, e: 8.8802528381347656e-01
#ERR  p: [1872, 1982], r: 8.9439058303833008e-01, e: 8.9563447237014771e-01
#ERR  p: [1917, 1982], r: 9.4039553403854370e-01, e: 9.3693864345550537e-01
#ERR  p: [1944, 1982], r: 9.5855903625488281e-01, e: 9.6263116598129272e-01
#ERR  p: [1989, 1982], r: 1.9846528768539429e-02, e: 1.9846558570861816e-02
#ERR  p: [1899, 1982], r: 9.2334914207458496e-01, e: 9.2026925086975098e-01
#ERR  p: [1998, 1982], r: 1.9666910171508789e-02, e: 1.9667148590087891e-02
#ERR  p: [1980, 1982], r: 1.0002275705337524e+00, e: 9.9794739484786987e-01
#ERR  p: [1971, 1982], r: 9.9037992954254150e-01, e: 9.8891770839691162e-01
#ERR  p: [1827, 1983], r: 8.5551595687866211e-01, e: 8.5550701618194580e-01
#ERR  p: [1953, 1982], r: 9.7194832563400269e-01, e: 9.7168040275573730e-01
#ERR  p: [1881, 1982], r: 9.0849006175994873e-01, e: 9.0369814634323120e-01
#ERR  p: [1845, 1983], r: 8.7118744850158691e-01, e: 8.7119042873382568e-01
#ERR  p: [1890, 1982], r: 9.1329765319824219e-01, e: 9.1210579872131348e-01
#ERR  p: [1962, 1982], r: 9.8179680109024048e-01, e: 9.8020279407501221e-01
#ERR  p: [2040, 1982], r: 1.8861711025238037e-02, e: 1.8861562013626099e-02
#ERR  p: [1908, 1982], r: 9.2903965711593628e-01, e: 9.2879354953765869e-01
#ERR  p: [2007, 1982], r: 1.9485950469970703e-02, e: 1.9486099481582642e-02
#ERR  p: [1926, 1982], r: 9.4397640228271484e-01, e: 9.4527864456176758e-01
#ERR  p: [2016, 1982], r: 1.9313216209411621e-02, e: 1.9313722848892212e-02
#ERR  p: [1836, 1983], r: 8.6293882131576538e-01, e: 8.6294776201248169e-01
#ERR  p: [2032, 1983], r: 1.9012570381164551e-02, e: 1.9028067588806152e-02
#ERR  p: [1824, 1983], r: 8.3868515491485596e-01, e: 8.5285788774490356e-01
#ERR  p: [2024, 1983], r: 1.9201338291168213e-02, e: 1.9179284572601318e-02
#ERR  p: [1881, 1983], r: 9.0272784233093262e-01, e: 9.0274345874786377e-01
#ERR  p: [1935, 1984], r: 9.5361298322677612e-01, e: 9.5229452848434448e-01
#ERR  p: [1827, 1984], r: 8.5422283411026001e-01, e: 8.5456579923629761e-01
#ERR  p: [1845, 1984], r: 8.6831825971603394e-01, e: 8.7021338939666748e-01
#ERR  p: [1854, 1983], r: 8.7895941734313965e-01, e: 8.7895864248275757e-01
#ERR  p: [1872, 1983], r: 8.9504832029342651e-01, e: 8.9504534006118774e-01
#ERR  p: [1944, 1983], r: 9.6151393651962280e-01, e: 9.6151173114776611e-01
#ERR  p: [1917, 1983], r: 9.3605482578277588e-01, e: 9.3605929613113403e-01
#ERR  p: [1899, 1983], r: 9.1932886838912964e-01, e: 9.1933858394622803e-01
#ERR  p: [1863, 1983], r: 8.8665813207626343e-01, e: 8.8665252923965454e-01
#ERR  p: [1824, 1984], r: -6.2288098335266113e+00, e: 8.5200190544128418e-01
#ERR  p: [1953, 1983], r: 9.7053074836730957e-01, e: 9.7052323818206787e-01
#ERR  p: [1980, 1983], r: 9.9709796905517578e-01, e: 9.9710869789123535e-01
#ERR  p: [1971, 1984], r: 9.8573410511016846e-01, e: 9.8717087507247925e-01
#ERR  p: [1989, 1983], r: 1.9879847764968872e-02, e: 1.9855976104736328e-02
#ERR  p: [1998, 1983], r: 1.9685059785842896e-02, e: 1.9686490297317505e-02
#ERR  p: [1836, 1984], r: 8.6441546678543091e-01, e: 8.6225122213363647e-01
#ERR  p: [1890, 1983], r: 9.1123759746551514e-01, e: 9.1123461723327637e-01
#ERR  p: [1908, 1983], r: 9.2746573686599731e-01, e: 9.2746424674987793e-01
#ERR  p: [1926, 1983], r: 9.4459301233291626e-01, e: 9.4457888603210449e-01
#ERR  p: [1962, 1983], r: 9.7914880514144897e-01, e: 9.7917044162750244e-01
#ERR  p: [2007, 1983], r: 1.9520848989486694e-02, e: 1.9511699676513672e-02
#ERR  p: [1827, 1985], r: 8.5347574949264526e-01, e: 8.5381293296813965e-01
#ERR  p: [1845, 1985], r: 8.6752545833587646e-01, e: 8.6941868066787720e-01
#ERR  p: [1854, 1984], r: 8.7875646352767944e-01, e: 8.7807744741439819e-01
#ERR  p: [1881, 1984], r: 8.9726513624191284e-01, e: 9.0205115079879761e-01
#ERR  p: [1935, 1985], r: 9.5248091220855713e-01, e: 9.5116692781448364e-01
#ERR  p: [2016, 1983], r: 1.9372224807739258e-02, e: 1.9336700439453125e-02
#ERR  p: [2024, 1984], r: 1.9186884164810181e-02, e: 1.9192159175872803e-02
#ERR  p: [2032, 1984], r: 1.8996447324752808e-02, e: 1.9039541482925415e-02
#ERR  p: [1863, 1984], r: 8.8731038570404053e-01, e: 8.8612926006317139e-01
#ERR  p: [1872, 1984], r: 8.9507818222045898e-01, e: 8.9384317398071289e-01
#ERR  p: [2040, 1983], r: 1.8894225358963013e-02, e: 1.8875122070312500e-02
#ERR  p: [1836, 1985], r: 8.6355596780776978e-01, e: 8.6136823892593384e-01
#ERR  p: [1824, 1985], r: -6.2227792739868164e+00, e: 8.5092222690582275e-01
#ERR  p: [1890, 1984], r: 9.0915042161941528e-01, e: 9.1035574674606323e-01
#ERR  p: [1908, 1984], r: 9.2660546302795410e-01, e: 9.2685455083847046e-01
#ERR  p: [1899, 1984], r: 9.1508567333221436e-01, e: 9.1817003488540649e-01
#ERR  p: [1917, 1984], r: 9.3160599470138550e-01, e: 9.3506586551666260e-01
#ERR  p: [1944, 1984], r: 9.6482312679290771e-01, e: 9.6076363325119019e-01
#ERR  p: [1926, 1984], r: 9.4479060173034668e-01, e: 9.4349396228790283e-01
#ERR  p: [1953, 1984], r: 9.6941155195236206e-01, e: 9.6967500448226929e-01
#ERR  p: [1962, 1984], r: 9.7665816545486450e-01, e: 9.7826486825942993e-01
#ERR  p: [1971, 1985], r: 9.8468315601348877e-01, e: 9.8612737655639648e-01
#ERR  p: [1989, 1984], r: 1.9876331090927124e-02, e: 1.9880622625350952e-02
#ERR  p: [1980, 1984], r: 9.9398386478424072e-01, e: 9.9625849723815918e-01
#ERR  p: [1998, 1984], r: 1.9669234752655029e-02, e: 1.9698977470397949e-02
#ERR  p: [2007, 1984], r: 1.9499480724334717e-02, e: 1.9518554210662842e-02
#ERR  p: [1828, 1981], r: 8.6015534400939941e-01, e: 8.5806274414062500e-01
#ERR  p: [1846, 1981], r: 8.7364256381988525e-01, e: 8.7348508834838867e-01
#ERR  p: [1854, 1985], r: 8.7827593088150024e-01, e: 8.7759697437286377e-01
#ERR  p: [1881, 1985], r: 8.9612340927124023e-01, e: 9.0090942382812500e-01
#ERR  p: [1863, 1985], r: 8.8628143072128296e-01, e: 8.8510149717330933e-01
#ERR  p: [1872, 1985], r: 8.9410418272018433e-01, e: 8.9286327362060547e-01
#ERR  p: [2007, 1985], r: 1.9540738314390182e-02, e: 1.9540786743164062e-02
#ERR  p: [1890, 1985], r: 9.0807265043258667e-01, e: 9.0927070379257202e-01
#ERR  p: [1825, 1981], r: 8.5782217979431152e-01, e: 8.5565775632858276e-01
#ERR  p: [1917, 1985], r: 9.3065953254699707e-01, e: 9.3411642313003540e-01
#ERR  p: [1899, 1985], r: 9.1438764333724976e-01, e: 9.1746675968170166e-01
#ERR  p: [1944, 1985], r: 9.6358132362365723e-01, e: 9.5951592922210693e-01
#ERR  p: [1908, 1985], r: 9.2555022239685059e-01, e: 9.2579483985900879e-01
#ERR  p: [2032, 1985], r: 1.9052546471357346e-02, e: 1.9052611663937569e-02
#ERR  p: [2016, 1984], r: 1.9354373216629028e-02, e: 1.9347429275512695e-02
#ERR  p: [1837, 1981], r: 8.6850333213806152e-01, e: 8.6611479520797729e-01
#ERR  p: [1828, 1982], r: 8.5932445526123047e-01, e: 8.5728520154953003e-01
#ERR  p: [1926, 1985], r: 9.4402337074279785e-01, e: 9.4273269176483154e-01
#ERR  p: [1962, 1985], r: 9.7557806968688965e-01, e: 9.7714298963546753e-01
#ERR  p: [1953, 1985], r: 9.6825301647186279e-01, e: 9.6853595972061157e-01
#ERR  p: [2024, 1985], r: 1.9207185134291649e-02, e: 1.9207971170544624e-02
#ERR  p: [1980, 1985], r: 9.9289798736572266e-01, e: 9.9516588449478149e-01
#ERR  p: [1972, 1981], r: 9.9016237258911133e-01, e: 9.9071007966995239e-01
#ERR  p: [1936, 1981], r: 9.5784443616867065e-01, e: 9.5590710639953613e-01
#ERR  p: [1855, 1981], r: 8.8332736492156982e-01, e: 8.8166427612304688e-01
#ERR  p: [2040, 1984], r: 1.8879622220993042e-02, e: 1.8887460231781006e-02
#ERR  p: [1846, 1982], r: 8.7268823385238647e-01, e: 8.7253594398498535e-01
#ERR  p: [1989, 1985], r: 1.9896384328603745e-02, e: 1.9896749407052994e-02
#ERR  p: [1998, 1985], r: 1.9716255366802216e-02, e: 1.9716517999768257e-02
#ERR  p: [1882, 1981], r: 9.0448051691055298e-01, e: 9.0552312135696411e-01
#ERR  p: [1873, 1981], r: 8.9778828620910645e-01, e: 8.9741933345794678e-01
#ERR  p: [1864, 1981], r: 8.8794076442718506e-01, e: 8.8968980312347412e-01
#ERR  p: [1828, 1983], r: 8.5634464025497437e-01, e: 8.5635691881179810e-01
#ERR  p: [2007, 1986], r: 1.9584190100431442e-02, e: 1.9559420645236969e-02
#ERR  p: [1837, 1982], r: 8.6765444278717041e-01, e: 8.6527711153030396e-01
#ERR  p: [1891, 1981], r: 9.1294121742248535e-01, e: 9.1392302513122559e-01
#ERR  p: [1846, 1983], r: 8.7167555093765259e-01, e: 8.7167441844940186e-01
#ERR  p: [1825, 1982], r: 8.5654544830322266e-01, e: 8.5437279939651489e-01
#ERR  p: [1855, 1982], r: 8.8206911087036133e-01, e: 8.8040411472320557e-01
#ERR  p: [1882, 1982], r: 9.0386223793029785e-01, e: 9.0490639209747314e-01
#ERR  p: [1936, 1982], r: 9.5678550004959106e-01, e: 9.5484077930450439e-01
#ERR  p: [1918, 1981], r: 9.3610984086990356e-01, e: 9.3878698348999023e-01
#ERR  p: [1900, 1981], r: 9.1828131675720215e-01, e: 9.2245209217071533e-01
#ERR  p: [2024, 1986], r: 1.9249230623245239e-02, e: 1.9237708300352097e-02
#ERR  p: [1909, 1981], r: 9.3394958972930908e-01, e: 9.3102747201919556e-01
#ERR  p: [1927, 1981], r: 9.4390451908111572e-01, e: 9.4731789827346802e-01
#ERR  p: [1972, 1982], r: 9.8945152759552002e-01, e: 9.9002712965011597e-01
#ERR  p: [1945, 1981], r: 9.6560537815093994e-01, e: 9.6456086635589600e-01
#ERR  p: [1989, 1986], r: 1.9928723573684692e-02, e: 1.9918190315365791e-02
#ERR  p: [1954, 1981], r: 9.7392719984054565e-01, e: 9.7329431772232056e-01
#ERR  p: [1963, 1981], r: 9.8112648725509644e-01, e: 9.8225855827331543e-01
#ERR  p: [1998, 1986], r: 1.9771844148635864e-02, e: 1.9736014306545258e-02
#ERR  p: [2016, 1985], r: 1.9362613558769226e-02, e: 1.9363034516572952e-02
#ERR  p: [2032, 1986], r: 1.9134059548377991e-02, e: 1.9085574895143509e-02
#ERR  p: [1981, 1981], r: 1.9976127892732620e-02, e: 1.9983172416687012e-02
#ERR  p: [2040, 1985], r: 1.8902661278843880e-02, e: 1.8903212621808052e-02
#ERR  p: [1873, 1982], r: 8.9701586961746216e-01, e: 8.9663958549499512e-01
#ERR  p: [1828, 1984], r: 8.5348302125930786e-01, e: 8.5554504394531250e-01
#ERR  p: [1837, 1983], r: 8.6421781778335571e-01, e: 8.6421334743499756e-01
#ERR  p: [1864, 1982], r: 8.8694435358047485e-01, e: 8.8869559764862061e-01
#ERR  p: [2007, 1989], r: 1.9632212817668915e-02, e: 1.9632153213024139e-02
#ERR  p: [1855, 1983], r: 8.7974202632904053e-01, e: 8.7974649667739868e-01
#ERR  p: [1825, 1983], r: 8.5395461320877075e-01, e: 8.5394948720932007e-01
#ERR  p: [1846, 1984], r: 8.7072342634201050e-01, e: 8.7087965011596680e-01
#ERR  p: [1873, 1983], r: 8.9565163850784302e-01, e: 8.9565747976303101e-01
#ERR  p: [1882, 1983], r: 9.0401065349578857e-01, e: 9.0400695800781250e-01
#ERR  p: [1891, 1982], r: 9.1220766305923462e-01, e: 9.1318458318710327e-01
#ERR  p: [1900, 1982], r: 9.1730648279190063e-01, e: 9.2146682739257812e-01
#ERR  p: [1909, 1982], r: 9.3272018432617188e-01, e: 9.2979240417480469e-01
#ERR  p: [1918, 1982], r: 9.3533724546432495e-01, e: 9.3803828954696655e-01
#ERR  p: [1927, 1982], r: 9.4331622123718262e-01, e: 9.4673711061477661e-01
#ERR  p: [1945, 1982], r: 9.6447587013244629e-01, e: 9.6343666315078735e-01
#ERR  p: [1972, 1983], r: 9.8879122734069824e-01, e: 9.8879420757293701e-01
#ERR  p: [1963, 1982], r: 9.8005259037017822e-01, e: 9.8117423057556152e-01
#ERR  p: [1936, 1983], r: 9.5393103361129761e-01, e: 9.5392501354217529e-01
#ERR  p: [1954, 1982], r: 9.7310078144073486e-01, e: 9.7247970104217529e-01
#ERR  p: [1981, 1982], r: 9.9884390830993652e-01, e: 9.9884396791458130e-01
#ERR  p: [1989, 1987], r: 1.9943885505199432e-02, e: 1.9943904131650925e-02
#ERR  p: [1998, 1987], r: 1.9772388041019440e-02, e: 1.9772386178374290e-02
#ERR  p: [2024, 1987], r: 1.9262209534645081e-02, e: 1.9262205809354782e-02
#ERR  p: [2016, 1986], r: 1.9389905035495758e-02, e: 1.9391246140003204e-02
#ERR  p: [2032, 1987], r: 1.9108749926090240e-02, e: 1.9108772277832031e-02
#ERR  p: [2040, 1986], r: 1.8943600356578827e-02, e: 1.8929783254861832e-02
#ERR  p: [1828, 1985], r: 8.5283219814300537e-01, e: 8.5488790273666382e-01
#ERR  p: [1837, 1984], r: 8.6083120107650757e-01, e: 8.6319065093994141e-01
#ERR  p: [1864, 1983], r: 8.8791018724441528e-01, e: 8.8790720701217651e-01
#ERR  p: [2007, 1990], r: 1.9639179110527039e-02, e: 1.9639238715171814e-02
#ERR  p: [1825, 1984], r: 8.5079121589660645e-01, e: 8.5295206308364868e-01
#ERR  p: [1855, 1984], r: 8.7732917070388794e-01, e: 8.7899339199066162e-01
#ERR  p: [1846, 1985], r: 8.6983245611190796e-01, e: 8.6999052762985229e-01
#ERR  p: [1873, 1984], r: 8.9444029331207275e-01, e: 8.9480769634246826e-01
#ERR  p: [1882, 1984], r: 9.0410387516021729e-01, e: 9.0306574106216431e-01
#ERR  p: [1891, 1983], r: 9.1199916601181030e-01, e: 9.1200065612792969e-01
#ERR  p: [1900, 1983], r: 9.2020183801651001e-01, e: 9.2018616199493408e-01
#ERR  p: [1918, 1983], r: 9.3706732988357544e-01, e: 9.3705838918685913e-01
#ERR  p: [1927, 1983], r: 9.4525855779647827e-01, e: 9.4525408744812012e-01
#ERR  p: [1909, 1983], r: 9.2899715900421143e-01, e: 9.2900460958480835e-01
#ERR  p: [1998, 1988], r: 1.9778406247496605e-02, e: 1.9778423011302948e-02
#ERR  p: [1963, 1983], r: 9.7991985082626343e-01, e: 9.7992879152297974e-01
#ERR  p: [1936, 1984], r: 9.5083039999008179e-01, e: 9.5278412103652954e-01
#ERR  p: [1945, 1983], r: 9.6302658319473267e-01, e: 9.6303111314773560e-01
#ERR  p: [2040, 1987], r: 1.8955767154693604e-02, e: 1.8955707550048828e-02
#ERR  p: [2032, 1988], r: 1.9115343689918518e-02, e: 1.9115328788757324e-02
#ERR  p: [2024, 1988], r: 1.9275031983852386e-02, e: 1.9275002181529999e-02
#ERR  p: [2016, 1987], r: 1.9414894282817841e-02, e: 1.9414983689785004e-02
#ERR  p: [1981, 1983], r: 9.9807482957839966e-01, e: 9.9772262573242188e-01
#ERR  p: [1829, 1981], r: 8.5590177774429321e-01, e: 8.5892307758331299e-01
#ERR  p: [1989, 1988], r: 1.9959414377808571e-02, e: 1.9959412515163422e-02
#ERR  p: [1972, 1984], r: 9.8838758468627930e-01, e: 9.8784321546554565e-01
#ERR  p: [1954, 1983], r: 9.7156774997711182e-01, e: 9.7157073020935059e-01
#ERR  p: [1864, 1984], r: 8.8863068819046021e-01, e: 8.8687717914581299e-01
#ERR  p: [1825, 1985], r: 8.4999251365661621e-01, e: 8.5216611623764038e-01
#ERR  p: [1837, 1985], r: 8.6017251014709473e-01, e: 8.6253499984741211e-01
#ERR  p: [1855, 1985], r: 8.7634938955307007e-01, e: 8.7801367044448853e-01
#ERR  p: [2007, 1991], r: 1.9659146666526794e-02, e: 1.9659161567687988e-02
#ERR  p: [1873, 1985], r: 8.9397418498992920e-01, e: 8.9434593915939331e-01
#ERR  p: [1829, 1982], r: 8.5468238592147827e-01, e: 8.5766601562500000e-01
#ERR  p: [2032, 1989], r: 1.9146338105201721e-02, e: 1.9146278500556946e-02
#ERR  p: [1900, 1984], r: 9.2374688386917114e-01, e: 9.1957610845565796e-01
#ERR  p: [1847, 1981], r: 8.7392514944076538e-01, e: 8.7457633018493652e-01
#ERR  p: [1891, 1984], r: 9.1201448440551758e-01, e: 9.1102838516235352e-01
#ERR  p: [1882, 1985], r: 9.0319329500198364e-01, e: 9.0215218067169189e-01
#ERR  p: [1909, 1984], r: 9.2498695850372314e-01, e: 9.2791843414306641e-01
#ERR  p: [1918, 1984], r: 9.3887799978256226e-01, e: 9.3618589639663696e-01
#ERR  p: [1927, 1984], r: 9.4797253608703613e-01, e: 9.4454872608184814e-01
#ERR  p: [1945, 1984], r: 9.6068048477172852e-01, e: 9.6171599626541138e-01
#ERR  p: [1936, 1985], r: 9.5004296302795410e-01, e: 9.5198029279708862e-01
#ERR  p: [1954, 1984], r: 9.6976208686828613e-01, e: 9.7039192914962769e-01
#ERR  p: [1963, 1984], r: 9.8023307323455811e-01, e: 9.7910475730895996e-01
#ERR  p: [1972, 1985], r: 9.8719227313995361e-01, e: 9.8664945363998413e-01
#ERR  p: [1864, 1985], r: 8.8779383897781372e-01, e: 8.8604336977005005e-01
#ERR  p: [2040, 1988], r: 1.8968403339385986e-02, e: 1.8968410789966583e-02
#ERR  p: [2024, 1989], r: 1.9300282001495361e-02, e: 1.9300222396850586e-02
#ERR  p: [1981, 1984], r: 9.9737334251403809e-01, e: 9.9668616056442261e-01
#ERR  p: [2016, 1988], r: 1.9424676895141602e-02, e: 1.9424572587013245e-02
#ERR  p: [1998, 1989], r: 1.9815670326352119e-02, e: 1.9815599545836449e-02
#ERR  p: [1989, 1989], r: 1.9986966624855995e-02, e: 1.9986907020211220e-02
#ERR  p: [1826, 1981], r: 8.5527127981185913e-01, e: 8.5649544000625610e-01
#ERR  p: [1838, 1981], r: 8.6687201261520386e-01, e: 8.6676758527755737e-01
#ERR  p: [1856, 1981], r: 8.8050872087478638e-01, e: 8.8258576393127441e-01
#ERR  p: [2007, 1992], r: 1.9684329628944397e-02, e: 1.9684299826622009e-02
#ERR  p: [1874, 1981], r: 8.9689731597900391e-01, e: 8.9866888523101807e-01
#ERR  p: [1900, 1985], r: 9.2289733886718750e-01, e: 9.1873627901077271e-01
#ERR  p: [2032, 1990], r: 1.9157074391841888e-02, e: 1.9157171249389648e-02
#ERR  p: [1829, 1983], r: 8.5719281435012817e-01, e: 8.5718309879302979e-01
#ERR  p: [1847, 1982], r: 8.7324702739715576e-01, e: 8.7389653921127319e-01
#ERR  p: [1891, 1985], r: 9.1115558147430420e-01, e: 9.1017395257949829e-01
#ERR  p: [1883, 1981], r: 9.0467703342437744e-01, e: 9.0669739246368408e-01
#ERR  p: [1826, 1982], r: 8.5473048686981201e-01, e: 8.5595971345901489e-01
#ERR  p: [1909, 1985], r: 9.2413687705993652e-01, e: 9.2705267667770386e-01
#ERR  p: [1918, 1985], r: 9.3797415494918823e-01, e: 9.3528950214385986e-01
#ERR  p: [1865, 1981], r: 8.9197236299514771e-01, e: 8.9036118984222412e-01
#ERR  p: [1927, 1985], r: 9.4672513008117676e-01, e: 9.4330877065658569e-01
#ERR  p: [1838, 1982], r: 8.6596655845642090e-01, e: 8.6587482690811157e-01
#ERR  p: [1874, 1982], r: 8.9592361450195312e-01, e: 8.9769518375396729e-01
#ERR  p: [1954, 1985], r: 9.6902632713317871e-01, e: 9.6964871883392334e-01
#ERR  p: [1945, 1985], r: 9.5938700437545776e-01, e: 9.6044564247131348e-01
#ERR  p: [1981, 1985], r: 9.9641406536102295e-01, e: 9.9572271108627319e-01
#ERR  p: [1973, 1981], r: 9.9142634868621826e-01, e: 9.9194031953811646e-01
#ERR  p: [1883, 1982], r: 9.0367251634597778e-01, e: 9.0568983554840088e-01
#ERR  p: [1847, 1983], r: 8.7299674749374390e-01, e: 8.7299597263336182e-01
#ERR  p: [1829, 1984], r: 8.5950297117233276e-01, e: 8.5651487112045288e-01
#ERR  p: [1998, 1990], r: 1.9811393693089485e-02, e: 1.9811498001217842e-02
#ERR  p: [1937, 1981], r: 9.5640325546264648e-01, e: 9.5657515525817871e-01
#ERR  p: [1989, 1990], r: 9.9896359443664551e-01, e: 9.9896150827407837e-01
#ERR  p: [1856, 1982], r: 8.7964582443237305e-01, e: 8.8172364234924316e-01
#ERR  p: [1963, 1985], r: 9.7943961620330811e-01, e: 9.7834926843643188e-01
#ERR  p: [1892, 1981], r: 9.1421306133270264e-01, e: 9.1470682621002197e-01
#ERR  p: [2016, 1989], r: 1.9455857574939728e-02, e: 1.9455805420875549e-02
#ERR  p: [2024, 1990], r: 1.9308164715766907e-02, e: 1.9308246672153473e-02
#ERR  p: [1901, 1981], r: 9.2278254032135010e-01, e: 9.2294961214065552e-01
#ERR  p: [2040, 1989], r: 1.8992736935615540e-02, e: 1.8992707133293152e-02
#ERR  p: [1826, 1983], r: 8.5479241609573364e-01, e: 8.5480397939682007e-01
#ERR  p: [2007, 1994], r: 1.9728481769561768e-02, e: 1.9728451967239380e-02
#ERR  p: [2032, 1991], r: 1.9169777631759644e-02, e: 1.9169822335243225e-02
#ERR  p: [1865, 1982], r: 8.9121633768081665e-01, e: 8.8960742950439453e-01
#ERR  p: [1910, 1981], r: 9.2926341295242310e-01, e: 9.3106979131698608e-01
#ERR  p: [1919, 1981], r: 9.4081449508666992e-01, e: 9.4027298688888550e-01
#ERR  p: [2016, 1990], r: 1.9463136792182922e-02, e: 1.9463226199150085e-02
#ERR  p: [1826, 1984], r: 8.5522055625915527e-01, e: 8.5401463508605957e-01
#ERR  p: [1847, 1984], r: 8.7265700101852417e-01, e: 8.7200480699539185e-01
#ERR  p: [1928, 1981], r: 9.5197486877441406e-01, e: 9.4808393716812134e-01
#ERR  p: [1829, 1985], r: 8.5842639207839966e-01, e: 8.5543119907379150e-01
#ERR  p: [1856, 1983], r: 8.8073468208312988e-01, e: 8.8073021173477173e-01
#ERR  p: [1838, 1983], r: 8.6519533395767212e-01, e: 8.6518639326095581e-01
#ERR  p: [1973, 1982], r: 9.9067491292953491e-01, e: 9.9117779731750488e-01
#ERR  p: [1874, 1983], r: 8.9647936820983887e-01, e: 8.9647489786148071e-01
#ERR  p: [1883, 1983], r: 9.0487396717071533e-01, e: 9.0486276149749756e-01
#ERR  p: [1901, 1982], r: 9.2193162441253662e-01, e: 9.2209047079086304e-01
#ERR  p: [1892, 1982], r: 9.1310405731201172e-01, e: 9.1359478235244751e-01
#ERR  p: [1937, 1982], r: 9.5585620403289795e-01, e: 9.5602369308471680e-01
#ERR  p: [1989, 1991], r: 9.9780118465423584e-01, e: 9.9780255556106567e-01
#ERR  p: [1981, 1986], r: 9.9509525299072266e-01, e: 9.9474436044692993e-01
#ERR  p: [1998, 1991], r: 1.9841844215989113e-02, e: 1.9841793924570084e-02
#ERR  p: [2007, 1997], r: 1.9778490066528320e-02, e: 1.9778460264205933e-02
#ERR  p: [2024, 1991], r: 1.9333913922309875e-02, e: 1.9333899021148682e-02
#ERR  p: [1946, 1981], r: 9.6407788991928101e-01, e: 9.6570652723312378e-01
#ERR  p: [2032, 1992], r: 1.9202098250389099e-02, e: 1.9201993942260742e-02
#ERR  p: [2040, 1990], r: 1.8999442458152771e-02, e: 1.8999457359313965e-02
#ERR  p: [1955, 1981], r: 9.7473531961441040e-01, e: 9.7450858354568481e-01
#ERR  p: [1964, 1981], r: 9.8252707719802856e-01, e: 9.8315501213073730e-01
#ERR  p: [1865, 1983], r: 8.8862770795822144e-01, e: 8.8863068819046021e-01
#ERR  p: [1910, 1982], r: 9.2846482992172241e-01, e: 9.3026894330978394e-01
#ERR  p: [1826, 1985], r: 8.5423523187637329e-01, e: 8.5302239656448364e-01
#ERR  p: [1838, 1984], r: 8.6422944068908691e-01, e: 8.6435174942016602e-01
#ERR  p: [1856, 1984], r: 8.8209801912307739e-01, e: 8.8002169132232666e-01
#ERR  p: [1847, 1985], r: 8.7193357944488525e-01, e: 8.7128251791000366e-01
#ERR  p: [1874, 1984], r: 8.9782494306564331e-01, e: 8.9606064558029175e-01
#ERR  p: [2016, 1991], r: 1.9491568207740784e-02, e: 1.9491583108901978e-02
#ERR  p: [1883, 1984], r: 9.0572637319564819e-01, e: 9.0370905399322510e-01
#ERR  p: [1901, 1983], r: 9.2143052816390991e-01, e: 9.2144018411636353e-01
#ERR  p: [1830, 1981], r: 8.6063963174819946e-01, e: 8.5959273576736450e-01
#ERR  p: [1919, 1982], r: 9.3948239088058472e-01, e: 9.3892592191696167e-01
#ERR  p: [1928, 1982], r: 9.5094358921051025e-01, e: 9.4704896211624146e-01
#ERR  p: [1973, 1983], r: 9.9004751443862915e-01, e: 9.9004602432250977e-01
#ERR  p: [2024, 1992], r: 1.9342482089996338e-02, e: 1.9342452287673950e-02
#ERR  p: [1910, 1983], r: 9.2947781085968018e-01, e: 9.2948377132415771e-01
#ERR  p: [1865, 1984], r: 8.8611066341400146e-01, e: 8.8772034645080566e-01
#ERR  p: [2007, 1998], r: 1.9804596900939941e-02, e: 1.9804537296295166e-02
#ERR  p: [1989, 1992], r: 9.9700719118118286e-01, e: 9.9701005220413208e-01
#ERR  p: [1955, 1982], r: 9.7371548414230347e-01, e: 9.7346514463424683e-01
#ERR  p: [1892, 1983], r: 9.1268754005432129e-01, e: 9.1268157958984375e-01
#ERR  p: [1946, 1982], r: 9.6315538883209229e-01, e: 9.6478182077407837e-01
#ERR  p: [1937, 1983], r: 9.5476108789443970e-01, e: 9.5477759838104248e-01
#ERR  p: [1964, 1982], r: 9.8158514499664307e-01, e: 9.8220938444137573e-01
#ERR  p: [1981, 1987], r: 9.9374657869338989e-01, e: 9.9339616298675537e-01
#ERR  p: [1998, 1992], r: 1.9855426624417305e-02, e: 1.9855460152029991e-02
#ERR  p: [2032, 1993], r: 1.9213810563087463e-02, e: 1.9213795661926270e-02
#ERR  p: [2040, 1991], r: 1.9025191664695740e-02, e: 1.9025221467018127e-02
#ERR  p: [1838, 1985], r: 8.6334300041198730e-01, e: 8.6352461576461792e-01
#ERR  p: [1856, 1985], r: 8.8120752573013306e-01, e: 8.7912821769714355e-01
#ERR  p: [1865, 1985], r: 8.8522344827651978e-01, e: 8.8683682680130005e-01
#ERR  p: [1874, 1985], r: 8.9654350280761719e-01, e: 8.9478218555450439e-01
#ERR  p: [1892, 1984], r: 9.1252160072326660e-01, e: 9.1203045845031738e-01
#ERR  p: [1830, 1982], r: 8.6013555526733398e-01, e: 8.5908198356628418e-01
#ERR  p: [1883, 1985], r: 9.0492689609527588e-01, e: 9.0291476249694824e-01
#ERR  p: [1901, 1984], r: 9.2048269510269165e-01, e: 9.2031562328338623e-01
#ERR  p: [1910, 1984], r: 9.3030923604965210e-01, e: 9.2850095033645630e-01
#ERR  p: [1848, 1981], r: 8.7606859207153320e-01, e: 8.7572741508483887e-01
#ERR  p: [1928, 1983], r: 9.4653964042663574e-01, e: 9.4653815031051636e-01
#ERR  p: [1946, 1983], r: 9.6366918087005615e-01, e: 9.6365207433700562e-01
#ERR  p: [1919, 1983], r: 9.3809950351715088e-01, e: 9.3810397386550903e-01
#ERR  p: [1964, 1983], r: 9.8121225833892822e-01, e: 9.8120629787445068e-01
#ERR  p: [1937, 1984], r: 9.5401763916015625e-01, e: 9.5383083820343018e-01
#ERR  p: [1955, 1983], r: 9.7208845615386963e-01, e: 9.7208678722381592e-01
#ERR  p: [1989, 1993], r: 9.9601191282272339e-01, e: 9.9601644277572632e-01
#ERR  p: [1839, 1981], r: 8.6611396074295044e-01, e: 8.6761742830276489e-01
#ERR  p: [2007, 2000], r: 1.9847244024276733e-02, e: 1.9847214221954346e-02
#ERR  p: [1998, 1993], r: 1.9886227324604988e-02, e: 1.9886156544089317e-02
#ERR  p: [1981, 1988], r: 9.9331688880920410e-01, e: 9.9296665191650391e-01
#ERR  p: [1973, 1984], r: 9.8939114809036255e-01, e: 9.8886758089065552e-01
#ERR  p: [2040, 1992], r: 1.9043460488319397e-02, e: 1.9043415784835815e-02
#ERR  p: [2024, 1993], r: 1.9369721412658691e-02, e: 1.9369646906852722e-02
#ERR  p: [2016, 1992], r: 1.9498541951179504e-02, e: 1.9498527050018311e-02
#ERR  p: [2032, 1994], r: 1.9244596362113953e-02, e: 1.9244626164436340e-02
#ERR  p: [1857, 1981], r: 8.8313227891921997e-01, e: 8.8344895839691162e-01
#ERR  p: [1830, 1983], r: 8.5798627138137817e-01, e: 8.5797917842864990e-01
#ERR  p: [1848, 1982], r: 8.7502467632293701e-01, e: 8.7468600273132324e-01
#ERR  p: [1875, 1981], r: 9.0063494443893433e-01, e: 8.9946919679641724e-01
#ERR  p: [1892, 1985], r: 9.1168999671936035e-01, e: 9.1120260953903198e-01
#ERR  p: [1901, 1985], r: 9.1954600811004639e-01, e: 9.1938048601150513e-01
#ERR  p: [1910, 1985], r: 9.2934471368789673e-01, e: 9.2754876613616943e-01
#ERR  p: [1928, 1984], r: 9.4142436981201172e-01, e: 9.4531154632568359e-01
#ERR  p: [1866, 1981], r: 8.9056223630905151e-01, e: 8.9147508144378662e-01
#ERR  p: [1919, 1984], r: 9.3684339523315430e-01, e: 9.3739682435989380e-01
#ERR  p: [1946, 1984], r: 9.6434336900711060e-01, e: 9.6273553371429443e-01
#ERR  p: [1884, 1981], r: 9.0882402658462524e-01, e: 9.0752887725830078e-01
#ERR  p: [1857, 1982], r: 8.8236314058303833e-01, e: 8.8267827033996582e-01
#ERR  p: [1955, 1984], r: 9.7101759910583496e-01, e: 9.7125154733657837e-01
#ERR  p: [1973, 1985], r: 9.8877471685409546e-01, e: 9.8823958635330200e-01
#ERR  p: [1981, 1989], r: 9.9200701713562012e-01, e: 9.9165725708007812e-01
#ERR  p: [1937, 1985], r: 9.5318913459777832e-01, e: 9.5303499698638916e-01
#ERR  p: [1989, 1994], r: 9.9506300687789917e-01, e: 9.9506509304046631e-01
#ERR  p: [1839, 1982], r: 8.6544579267501831e-01, e: 8.6695224046707153e-01
#ERR  p: [1964, 1984], r: 9.8079311847686768e-01, e: 9.8017781972885132e-01
#ERR  p: [1998, 1994], r: 1.9903978332877159e-02, e: 1.9904036074876785e-02
#ERR  p: [2016, 1993], r: 1.9529864192008972e-02, e: 1.9529819488525391e-02
#ERR  p: [2007, 2001], r: 1.9856173545122147e-02, e: 1.9856082275509834e-02
#ERR  p: [2024, 1994], r: 1.9397854804992676e-02, e: 1.9397914409637451e-02
#ERR  p: [2040, 1993], r: 1.9065454602241516e-02, e: 1.9065424799919128e-02
#ERR  p: [2032, 1995], r: 1.9249632954597473e-02, e: 1.9249573349952698e-02
#ERR  p: [1848, 1983], r: 8.7380641698837280e-01, e: 8.7380570173263550e-01
#ERR  p: [1830, 1984], r: 8.5607671737670898e-01, e: 8.5713589191436768e-01
#ERR  p: [1875, 1982], r: 8.9954620599746704e-01, e: 8.9837425947189331e-01
#ERR  p: [1857, 1983], r: 8.8189846277236938e-01, e: 8.8189995288848877e-01
#ERR  p: [1839, 1983], r: 8.6597675085067749e-01, e: 8.6598718166351318e-01
#ERR  p: [1884, 1982], r: 9.0766233205795288e-01, e: 9.0636044740676880e-01
#ERR  p: [1866, 1982], r: 8.8932567834854126e-01, e: 8.9022958278656006e-01
#ERR  p: [1893, 1981], r: 9.1577881574630737e-01, e: 9.1585451364517212e-01
#ERR  p: [1902, 1981], r: 9.2590439319610596e-01, e: 9.2411422729492188e-01
#ERR  p: [1911, 1981], r: 9.3518990278244019e-01, e: 9.3257451057434082e-01
#ERR  p: [1919, 1985], r: 9.3583196401596069e-01, e: 9.3637347221374512e-01
#ERR  p: [1928, 1985], r: 9.4063246250152588e-01, e: 9.4451141357421875e-01
#ERR  p: [1989, 1995], r: 9.9369835853576660e-01, e: 9.9369817972183228e-01
#ERR  p: [1946, 1985], r: 9.6367818117141724e-01, e: 9.6203160285949707e-01
#ERR  p: [1964, 1985], r: 9.7995108366012573e-01, e: 9.7930598258972168e-01
#ERR  p: [1955, 1985], r: 9.6996909379959106e-01, e: 9.7020155191421509e-01
#ERR  p: [1981, 1990], r: 9.9127745628356934e-01, e: 9.9092793464660645e-01
#ERR  p: [1998, 1995], r: 1.9917784258723259e-02, e: 1.9917726516723633e-02
#ERR  p: [1848, 1984], r: 8.7270385026931763e-01, e: 8.7304627895355225e-01
#ERR  p: [2040, 1994], r: 1.9081875681877136e-02, e: 1.9081920385360718e-02
#ERR  p: [1974, 1981], r: 9.9330645799636841e-01, e: 9.9312579631805420e-01
#ERR  p: [2024, 1995], r: 1.9406974315643311e-02, e: 1.9406959414482117e-02
#ERR  p: [1938, 1981], r: 9.5308881998062134e-01, e: 9.5811259746551514e-01
#ERR  p: [2007, 2002], r: 1.9876830279827118e-02, e: 1.9876858219504356e-02
#ERR  p: [2032, 1997], r: 1.9291922450065613e-02, e: 1.9291907548904419e-02
#ERR  p: [2016, 1994], r: 1.9553318619728088e-02, e: 1.9553363323211670e-02
#ERR  p: [1839, 1984], r: 8.6660170555114746e-01, e: 8.6508035659790039e-01
#ERR  p: [1830, 1985], r: 8.5524797439575195e-01, e: 8.5634738206863403e-01
#ERR  p: [1857, 1984], r: 8.8108444213867188e-01, e: 8.8076263666152954e-01
#ERR  p: [1875, 1983], r: 8.9817476272583008e-01, e: 8.9817625284194946e-01
#ERR  p: [1866, 1983], r: 8.8950836658477783e-01, e: 8.8950985670089722e-01
#ERR  p: [1884, 1983], r: 9.0561407804489136e-01, e: 9.0562450885772705e-01
#ERR  p: [1893, 1982], r: 9.1492486000061035e-01, e: 9.1499572992324829e-01
#ERR  p: [1902, 1982], r: 9.2479151487350464e-01, e: 9.2301481962203979e-01
#ERR  p: [1974, 1982], r: 9.9225515127182007e-01, e: 9.9208807945251465e-01
#ERR  p: [1911, 1982], r: 9.3399703502655029e-01, e: 9.3137496709823608e-01
#ERR  p: [1848, 1985], r: 8.7168478965759277e-01, e: 8.7202572822570801e-01
#ERR  p: [1938, 1982], r: 9.5164358615875244e-01, e: 9.5667594671249390e-01
#ERR  p: [1981, 1991], r: 9.9007350206375122e-01, e: 9.8972439765930176e-01
#ERR  p: [1920, 1981], r: 9.3590283393859863e-01, e: 9.4059979915618896e-01
#ERR  p: [1929, 1981], r: 9.4866538047790527e-01, e: 9.4881814718246460e-01
#ERR  p: [1989, 1996], r: 9.9278563261032104e-01, e: 9.9278652667999268e-01
#ERR  p: [1947, 1981], r: 9.6695977449417114e-01, e: 9.6659946441650391e-01
#ERR  p: [1965, 1981], r: 9.8636227846145630e-01, e: 9.8398125171661377e-01
#ERR  p: [1956, 1981], r: 9.7427308559417725e-01, e: 9.7559469938278198e-01
#ERR  p: [1998, 1996], r: 1.9940648227930069e-02, e: 1.9940683618187904e-02
#ERR  p: [2007, 2003], r: 1.9904579967260361e-02, e: 1.9904762506484985e-02
#ERR  p: [2016, 1995], r: 1.9563049077987671e-02, e: 1.9562959671020508e-02
#ERR  p: [2024, 1996], r: 1.9431531429290771e-02, e: 1.9431516528129578e-02
#ERR  p: [2032, 1998], r: 1.9311487674713135e-02, e: 1.9311428070068359e-02
#ERR  p: [2040, 1995], r: 1.9102782011032104e-02, e: 1.9102737307548523e-02
#ERR  p: [1839, 1985], r: 8.6554872989654541e-01, e: 8.6401396989822388e-01
#ERR  p: [1857, 1985], r: 8.7997674942016602e-01, e: 8.7965935468673706e-01
#ERR  p: [1831, 1981], r: 8.5856384038925171e-01, e: 8.6059635877609253e-01
#ERR  p: [1866, 1984], r: 8.8957399129867554e-01, e: 8.8866859674453735e-01
#ERR  p: [1902, 1984], r: 9.1972547769546509e-01, e: 9.2151409387588501e-01
#ERR  p: [1884, 1984], r: 9.0351068973541260e-01, e: 9.0480583906173706e-01
#ERR  p: [1893, 1983], r: 9.1418504714965820e-01, e: 9.1418951749801636e-01
#ERR  p: [1875, 1984], r: 8.9555537700653076e-01, e: 8.9672070741653442e-01
#ERR  p: [1911, 1983], r: 9.3032073974609375e-01, e: 9.3031251430511475e-01
#ERR  p: [1920, 1982], r: 9.3491244316101074e-01, e: 9.3959742784500122e-01
#ERR  p: [1929, 1982], r: 9.4779634475708008e-01, e: 9.4795286655426025e-01
#ERR  p: [1849, 1981], r: 8.7523716688156128e-01, e: 8.7612700462341309e-01
#ERR  p: [1938, 1983], r: 9.5578175783157349e-01, e: 9.5576977729797363e-01
#ERR  p: [1947, 1982], r: 9.6623247861862183e-01, e: 9.6586996316909790e-01
#ERR  p: [1956, 1982], r: 9.7296077013015747e-01, e: 9.7428578138351440e-01
#ERR  p: [1965, 1982], r: 9.8547011613845825e-01, e: 9.8310703039169312e-01
#ERR  p: [1989, 1997], r: 9.9237859249114990e-01, e: 9.9238061904907227e-01
#ERR  p: [1974, 1983], r: 9.9119299650192261e-01, e: 9.9119448661804199e-01
#ERR  p: [1981, 1992], r: 9.8920524120330811e-01, e: 9.8885643482208252e-01
#ERR  p: [2040, 1996], r: 1.9118309020996094e-02, e: 1.9118323922157288e-02
#ERR  p: [2032, 1999], r: 1.9339978694915771e-02, e: 1.9340008497238159e-02
#ERR  p: [2024, 1997], r: 1.9444599747657776e-02, e: 1.9444525241851807e-02
#ERR  p: [1840, 1981], r: -6.1048583984375000e+00, e: 8.6839306354522705e-01
#ERR  p: [2016, 1996], r: 1.9583776593208313e-02, e: 1.9583821296691895e-02
#ERR  p: [2007, 2004], r: 1.9911749288439751e-02, e: 1.9911659881472588e-02
#ERR  p: [1998, 1997], r: 1.9959097728133202e-02, e: 1.9958939403295517e-02
#ERR  p: [1858, 1981], r: 8.8741230964660645e-01, e: 8.8411808013916016e-01
#ERR  p: [1831, 1982], r: 8.5770487785339355e-01, e: 8.5972064733505249e-01
#ERR  p: [1849, 1982], r: 8.7445992231369019e-01, e: 8.7534481287002563e-01
#ERR  p: [1875, 1985], r: 8.9491689205169678e-01, e: 8.9607518911361694e-01
#ERR  p: [1866, 1985], r: 8.8862532377243042e-01, e: 8.8772141933441162e-01
#ERR  p: [1884, 1985], r: 9.0253317356109619e-01, e: 9.0382981300354004e-01
#ERR  p: [1893, 1984], r: 9.1341239213943481e-01, e: 9.1334414482116699e-01
#ERR  p: [1902, 1985], r: 9.1869461536407471e-01, e: 9.2046833038330078e-01
#ERR  p: [1920, 1983], r: 9.3878006935119629e-01, e: 9.3877559900283813e-01
#ERR  p: [1911, 1984], r: 9.2686367034912109e-01, e: 9.2948645353317261e-01
#ERR  p: [1929, 1983], r: 9.4707041978836060e-01, e: 9.4708603620529175e-01
#ERR  p: [1938, 1984], r: 9.6014523506164551e-01, e: 9.5513075590133667e-01
#ERR  p: [1840, 1982], r: -6.0988860130310059e+00, e: 8.6740440130233765e-01
#ERR  p: [1858, 1982], r: 8.8658106327056885e-01, e: 8.8329261541366577e-01
#ERR  p: [1947, 1983], r: 9.6466076374053955e-01, e: 9.6466749906539917e-01
#ERR  p: [1998, 1998], r: 1.9983837381005287e-02, e: 1.9983872771263123e-02
#ERR  p: [1981, 1993], r: 9.8844736814498901e-01, e: 9.8809880018234253e-01
#ERR  p: [1956, 1983], r: 9.7361278533935547e-01, e: 9.7360610961914062e-01
#ERR  p: [1965, 1983], r: 9.8241931200027466e-01, e: 9.8240286111831665e-01
#ERR  p: [1974, 1984], r: 9.9009925127029419e-01, e: 9.9030768871307373e-01
#ERR  p: [1989, 1998], r: 9.9080902338027954e-01, e: 9.9080830812454224e-01
#ERR  p: [2016, 1997], r: 1.9606113433837891e-02, e: 1.9605994224548340e-02
#ERR  p: [2007, 2005], r: 1.9943812862038612e-02, e: 1.9943969324231148e-02
#ERR  p: [2024, 1998], r: 1.9469320774078369e-02, e: 1.9469350576400757e-02
#ERR  p: [2032, 2000], r: 1.9347012042999268e-02, e: 1.9346952438354492e-02
#ERR  p: [2040, 1997], r: 1.9140422344207764e-02, e: 1.9140318036079407e-02
#ERR  p: [1831, 1983], r: 8.5883933305740356e-01, e: 8.5882478952407837e-01
#ERR  p: [1849, 1983], r: 8.7455296516418457e-01, e: 8.7455368041992188e-01
#ERR  p: [1867, 1981], r: 8.9328920841217041e-01, e: 8.9202839136123657e-01
#ERR  p: [1876, 1981], r: 9.0021055936813354e-01, e: 9.0048885345458984e-01
#ERR  p: [1920, 1984], r: 9.4231510162353516e-01, e: 9.3763154745101929e-01
#ERR  p: [1840, 1983], r: 8.8062262535095215e-01, e: 8.6668264865875244e-01
#ERR  p: [1858, 1983], r: 8.8265687227249146e-01, e: 8.8266134262084961e-01
#ERR  p: [1893, 1985], r: 9.1246038675308228e-01, e: 9.1239142417907715e-01
#ERR  p: [1911, 1985], r: 9.2589366436004639e-01, e: 9.2851352691650391e-01
#SDC Ite:0 KerTime:9.990148 AccTime:9.990148 KerErr:5093 AccErr:5093
#ABORT too many errors per iteration
#END