2016-10-24 11:33:31:Starting GDB script
2016-10-24 11:33:31:sending signal using command: 'ssh -T mic0 killall -2 lavamd' after 0.0439564603437s
2016-10-24 11:33:31:shell stdout: 
2016-10-24 11:33:32:sending signal using command: 'ssh -T mic0 killall -2 lavamd' after 0.401497152791s
2016-10-24 11:33:32:shell stdout: 
2016-10-24 11:33:32:sending signal using command: 'ssh -T mic0 killall -2 lavamd' after 0.751530890648s
2016-10-24 11:33:32:shell stdout: 
2016-10-24 11:33:35:sending signal using command: 'ssh -T mic0 killall -2 lavamd' after 2.42831415404s
2016-10-24 11:33:35:shell stdout: 
2016-10-24 11:33:40:sending signal using command: 'ssh -T mic0 killall -2 lavamd' after 8.03606452061s
2016-10-24 11:33:40:shell stdout: 
2016-10-24 11:33:40:sending signal using command: 'ssh -T mic0 killall -2 lavamd' after 8.7175060922s
2016-10-24 11:33:40:shell stdout: 
2016-10-24 11:33:41:sending signal using command: 'ssh -T mic0 killall -2 lavamd' after 9.31778169015s
2016-10-24 11:33:41:shell stdout: 
2016-10-24 11:33:41:sending signal using command: 'ssh -T mic0 killall -2 lavamd' after 9.79123493221s
2016-10-24 11:33:41:shell stdout: 
2016-10-24 11:33:41:sending signal using command: 'ssh -T mic0 killall -2 lavamd' after 9.85902800734s
2016-10-24 11:33:41:shell stdout: 
2016-10-24 11:33:41:sending signal using command: 'ssh -T mic0 killall -2 lavamd' after 9.97519773405s
2016-10-24 11:33:41:shell stdout: 
2016-10-24 11:33:47:no gdbExecName running, out:
2016-10-24 11:33:47:checCmd:ps -e | grep -i gdb-mic
2016-10-24 11:33:47:finished now-timestampStart < maxWaitTime*5
2016-10-24 11:33:47:now: 1477323226
2016-10-24 11:33:47:timestampStart: 1477323211
2016-10-24 11:33:47:kill cmd: killall -9 gdb-mic
2016-10-24 11:33:47:shell stdout: 
2016-10-24 11:33:47:kill cmd: ssh -T mic0 killall -9 lavamd
2016-10-24 11:33:47:shell stdout: 
2016-10-24 11:33:48:kill cmd: ssh -T mic0 killall -9 gdbserver
2016-10-24 11:33:48:shell stdout: 
2016-10-24 11:33:48:kill cmd: ssh -T mic0 killall -9 sshd
2016-10-24 11:33:48:shell stdout: 
