[INFO -- 2017-03-25 21:32:46]
Starting GDB script
[INFO -- 2017-03-25 21:32:46]
initSignal:0.0
[INFO -- 2017-03-25 21:32:46]
endSignal:3.0
[INFO -- 2017-03-25 21:32:46]
seqSignal:30
[INFO -- 2017-03-25 21:32:47]
sending 30 signals using command: 'ssh -T mic0 killall -2 lavamd_check' after 0.595049841579s
[INFO -- 2017-03-25 21:32:47]
shell stdout: 
[INFO -- 2017-03-25 21:32:48]
shell stdout: 
[INFO -- 2017-03-25 21:32:48]
sending 30 signals using command: 'ssh -T mic0 killall -2 lavamd_check' after 1.54382387682s
[INFO -- 2017-03-25 21:32:48]
shell stdout: 
[INFO -- 2017-03-25 21:32:48]
shell stdout: 
[INFO -- 2017-03-25 21:32:48]
shell stdout: 
[INFO -- 2017-03-25 21:32:48]
shell stdout: 
[INFO -- 2017-03-25 21:32:49]
shell stdout: 
[INFO -- 2017-03-25 21:32:49]
sending 30 signals using command: 'ssh -T mic0 killall -2 lavamd_check' after 2.64034933195s
[INFO -- 2017-03-25 21:32:49]
shell stdout: 
[INFO -- 2017-03-25 21:32:49]
shell stdout: 
[INFO -- 2017-03-25 21:32:49]
shell stdout: 
[INFO -- 2017-03-25 21:32:50]
shell stdout: 
[INFO -- 2017-03-25 21:32:50]
shell stdout: 
[INFO -- 2017-03-25 21:32:50]
shell stdout: 
[INFO -- 2017-03-25 21:32:50]
shell stdout: 
[INFO -- 2017-03-25 21:32:50]
shell stdout: 
[INFO -- 2017-03-25 21:32:51]
shell stdout: 
[INFO -- 2017-03-25 21:32:51]
shell stdout: 
[INFO -- 2017-03-25 21:32:51]
shell stdout: 
[INFO -- 2017-03-25 21:32:51]
shell stdout: 
[INFO -- 2017-03-25 21:32:52]
shell stdout: 
[INFO -- 2017-03-25 21:32:52]
shell stdout: 
[INFO -- 2017-03-25 21:32:52]
shell stdout: 
[INFO -- 2017-03-25 21:32:53]
shell stdout: 
[INFO -- 2017-03-25 21:32:53]
shell stdout: 
[INFO -- 2017-03-25 21:32:53]
shell stdout: 
[INFO -- 2017-03-25 21:32:54]
shell stdout: 
[INFO -- 2017-03-25 21:32:54]
shell stdout: 
[INFO -- 2017-03-25 21:32:54]
shell stdout: 
[INFO -- 2017-03-25 21:32:54]
shell stdout: 
[INFO -- 2017-03-25 21:32:54]
shell stdout: 
[INFO -- 2017-03-25 21:32:54]
shell stdout: 
[INFO -- 2017-03-25 21:32:55]
shell stdout: 
[INFO -- 2017-03-25 21:32:55]
shell stdout: 
[INFO -- 2017-03-25 21:32:55]
shell stdout: 
[INFO -- 2017-03-25 21:32:56]
shell stdout: 
[INFO -- 2017-03-25 21:32:56]
shell stdout: 
[INFO -- 2017-03-25 21:32:56]
shell stdout: 
[INFO -- 2017-03-25 21:32:56]
shell stdout: 
[INFO -- 2017-03-25 21:32:56]
shell stdout: 
[INFO -- 2017-03-25 21:32:56]
shell stdout: 
[INFO -- 2017-03-25 21:32:57]
shell stdout: 
[INFO -- 2017-03-25 21:32:57]
shell stdout: 
[INFO -- 2017-03-25 21:32:57]
shell stdout: 
[INFO -- 2017-03-25 21:32:58]
shell stdout: 
[INFO -- 2017-03-25 21:32:58]
shell stdout: 
[INFO -- 2017-03-25 21:32:58]
shell stdout: 
[INFO -- 2017-03-25 21:32:58]
shell stdout: 
[INFO -- 2017-03-25 21:32:58]
shell stdout: 
[INFO -- 2017-03-25 21:32:58]
shell stdout: 
[INFO -- 2017-03-25 21:32:59]
shell stdout: 
[INFO -- 2017-03-25 21:32:59]
shell stdout: 
[INFO -- 2017-03-25 21:32:59]
shell stdout: 
[INFO -- 2017-03-25 21:32:59]
shell stdout: 
[INFO -- 2017-03-25 21:32:59]
shell stdout: 
[INFO -- 2017-03-25 21:32:59]
shell stdout: 
[INFO -- 2017-03-25 21:33:00]
shell stdout: 
[INFO -- 2017-03-25 21:33:00]
shell stdout: 
[INFO -- 2017-03-25 21:33:00]
shell stdout: 
[INFO -- 2017-03-25 21:33:00]
shell stdout: 
[INFO -- 2017-03-25 21:33:00]
shell stdout: 
[INFO -- 2017-03-25 21:33:00]
shell stdout: 
[INFO -- 2017-03-25 21:33:01]
shell stdout: 
[INFO -- 2017-03-25 21:33:01]
shell stdout: 
[INFO -- 2017-03-25 21:33:01]
shell stdout: 
[INFO -- 2017-03-25 21:33:01]
shell stdout: 
[INFO -- 2017-03-25 21:33:01]
shell stdout: 
[INFO -- 2017-03-25 21:33:01]
shell stdout: 
[INFO -- 2017-03-25 21:33:02]
shell stdout: 
[INFO -- 2017-03-25 21:33:02]
shell stdout: 
[INFO -- 2017-03-25 21:33:02]
shell stdout: 
[INFO -- 2017-03-25 21:33:02]
shell stdout: 
[INFO -- 2017-03-25 21:33:02]
shell stdout: 
[INFO -- 2017-03-25 21:33:02]
shell stdout: 
[INFO -- 2017-03-25 21:33:02]
shell stdout: 
[INFO -- 2017-03-25 21:33:02]
shell stdout: 
[INFO -- 2017-03-25 21:33:02]
shell stdout: 
[INFO -- 2017-03-25 21:33:03]
shell stdout: 
[INFO -- 2017-03-25 21:33:03]
shell stdout: 
[INFO -- 2017-03-25 21:33:03]
shell stdout: 
[INFO -- 2017-03-25 21:33:03]
shell stdout: 
[INFO -- 2017-03-25 21:33:03]
shell stdout: 
[INFO -- 2017-03-25 21:33:03]
shell stdout: 
[INFO -- 2017-03-25 21:33:04]
shell stdout: 
[INFO -- 2017-03-25 21:33:04]
shell stdout: 
[INFO -- 2017-03-25 21:33:04]
shell stdout: 
[INFO -- 2017-03-25 21:33:04]
shell stdout: 
[INFO -- 2017-03-25 21:33:04]
shell stdout: 
[INFO -- 2017-03-25 21:33:05]
shell stdout: 
[INFO -- 2017-03-25 21:33:05]
shell stdout: 
[INFO -- 2017-03-25 21:33:05]
shell stdout: 
[INFO -- 2017-03-25 21:33:09]
no gdbExecName running, out:
[INFO -- 2017-03-25 21:33:09]
checCmd:ps -e | grep -i gdb-mic
[INFO -- 2017-03-25 21:33:09]
finished now-timestampStart < maxWaitTime*5
[INFO -- 2017-03-25 21:33:09]
now: 1490477588
[INFO -- 2017-03-25 21:33:09]
timestampStart: 1490477566
[INFO -- 2017-03-25 21:33:09]
kill cmd: killall -9 gdb-mic
[INFO -- 2017-03-25 21:33:09]
shell stdout: 
[INFO -- 2017-03-25 21:33:09]
kill cmd: ssh -T mic0 killall -9 lavamd_check
[INFO -- 2017-03-25 21:33:09]
shell stdout: 
[INFO -- 2017-03-25 21:33:09]
kill cmd: ssh -T mic0 killall -9 gdbserver
[INFO -- 2017-03-25 21:33:09]
shell stdout: 
[INFO -- 2017-03-25 21:33:10]
kill cmd: ssh -T mic0 killall -9 sshd
[INFO -- 2017-03-25 21:33:10]
shell stdout: 
