[INFO -- 2017-02-25 18:20:19]
Starting GDB script
[INFO -- 2017-02-25 18:20:19]
initSignal:0.0
[INFO -- 2017-02-25 18:20:19]
endSignal:3.0
[INFO -- 2017-02-25 18:20:19]
seqSignal:15
[INFO -- 2017-02-25 18:20:19]
sending 15 signals using command: 'ssh -T mic1 killall -2 hotspot_check' after 0.466576108823s
[INFO -- 2017-02-25 18:20:19]
sending 15 signals using command: 'ssh -T mic1 killall -2 hotspot_check' after 0.516565878795s
[INFO -- 2017-02-25 18:20:20]
shell stdout: 
[INFO -- 2017-02-25 18:20:20]
shell stdout: 
[INFO -- 2017-02-25 18:20:20]
sending 15 signals using command: 'ssh -T mic1 killall -2 hotspot_check' after 1.19297360527s
[INFO -- 2017-02-25 18:20:20]
shell stdout: 
[INFO -- 2017-02-25 18:20:20]
shell stdout: 
[INFO -- 2017-02-25 18:20:21]
shell stdout: 
[INFO -- 2017-02-25 18:20:21]
shell stdout: 
[INFO -- 2017-02-25 18:20:21]
shell stdout: 
[INFO -- 2017-02-25 18:20:22]
shell stdout: 
[INFO -- 2017-02-25 18:20:22]
shell stdout: 
[INFO -- 2017-02-25 18:20:23]
shell stdout: 
[INFO -- 2017-02-25 18:20:23]
shell stdout: 
[INFO -- 2017-02-25 18:20:23]
shell stdout: 
[INFO -- 2017-02-25 18:20:23]
shell stdout: 
[INFO -- 2017-02-25 18:20:23]
shell stdout: 
[INFO -- 2017-02-25 18:20:24]
shell stdout: 
[INFO -- 2017-02-25 18:20:24]
shell stdout: 
[INFO -- 2017-02-25 18:20:24]
shell stdout: 
[INFO -- 2017-02-25 18:20:24]
shell stdout: 
[INFO -- 2017-02-25 18:20:24]
shell stdout: 
[INFO -- 2017-02-25 18:20:24]
shell stdout: 
[INFO -- 2017-02-25 18:20:24]
shell stdout: 
[INFO -- 2017-02-25 18:20:25]
shell stdout: 
[INFO -- 2017-02-25 18:20:25]
shell stdout: 
[INFO -- 2017-02-25 18:20:25]
shell stdout: 
[INFO -- 2017-02-25 18:20:25]
shell stdout: 
[INFO -- 2017-02-25 18:20:25]
shell stdout: 
[INFO -- 2017-02-25 18:20:25]
shell stdout: 
[INFO -- 2017-02-25 18:20:25]
shell stdout: 
[INFO -- 2017-02-25 18:20:26]
shell stdout: 
[INFO -- 2017-02-25 18:20:26]
shell stdout: 
[INFO -- 2017-02-25 18:20:26]
shell stdout: 
[INFO -- 2017-02-25 18:20:26]
shell stdout: 
[INFO -- 2017-02-25 18:20:26]
shell stdout: 
[INFO -- 2017-02-25 18:20:26]
shell stdout: 
[INFO -- 2017-02-25 18:20:26]
shell stdout: 
[INFO -- 2017-02-25 18:20:27]
shell stdout: 
[INFO -- 2017-02-25 18:20:27]
shell stdout: 
[INFO -- 2017-02-25 18:20:27]
shell stdout: 
[INFO -- 2017-02-25 18:20:27]
shell stdout: 
[INFO -- 2017-02-25 18:20:27]
shell stdout: 
[INFO -- 2017-02-25 18:20:27]
shell stdout: 
[INFO -- 2017-02-25 18:20:27]
shell stdout: 
[INFO -- 2017-02-25 18:20:28]
shell stdout: 
[INFO -- 2017-02-25 18:20:28]
shell stdout: 
[INFO -- 2017-02-25 18:20:28]
shell stdout: 
[INFO -- 2017-02-25 18:21:00]
no gdbExecName running, out:
[INFO -- 2017-02-25 18:21:00]
checCmd:ps -e | grep -i gdb-mic
[INFO -- 2017-02-25 18:21:00]
finished now-timestampStart < maxWaitTime*5
[INFO -- 2017-02-25 18:21:00]
now: 1488064858
[INFO -- 2017-02-25 18:21:00]
timestampStart: 1488064819
[INFO -- 2017-02-25 18:21:00]
kill cmd: killall -9 gdb-mic
[INFO -- 2017-02-25 18:21:00]
shell stdout: 
[INFO -- 2017-02-25 18:21:00]
kill cmd: ssh -T mic1 killall -9 hotspot_check
[INFO -- 2017-02-25 18:21:00]
shell stdout: 
[INFO -- 2017-02-25 18:21:01]
kill cmd: ssh -T mic1 killall -9 gdbserver
[INFO -- 2017-02-25 18:21:01]
shell stdout: 
[INFO -- 2017-02-25 18:21:01]
kill cmd: ssh -T mic1 killall -9 sshd
[INFO -- 2017-02-25 18:21:01]
shell stdout: 
