2017-01-24 10:45:00:Starting GDB script
2017-01-24 10:45:00:initSignal:2.0
2017-01-24 10:45:00:endSignal:4.0
2017-01-24 10:45:00:seqSignal:30
2017-01-24 10:45:02:sending 30 signals using command: 'ssh -T mic0 killall -2 lud_check' after 2.21836258716s
2017-01-24 10:45:03:sending 30 signals using command: 'ssh -T mic0 killall -2 lud_check' after 2.85089183876s
2017-01-24 10:45:03:sending 30 signals using command: 'ssh -T mic0 killall -2 lud_check' after 2.96281796311s
2017-01-24 10:45:04:shell stdout: 
2017-01-24 10:45:04:shell stdout: 
2017-01-24 10:45:04:shell stdout: 
2017-01-24 10:45:04:shell stdout: 
2017-01-24 10:45:04:shell stdout: 
2017-01-24 10:45:04:shell stdout: 
2017-01-24 10:45:05:shell stdout: 
2017-01-24 10:45:05:shell stdout: 
2017-01-24 10:45:05:shell stdout: 
2017-01-24 10:45:05:shell stdout: 
2017-01-24 10:45:05:shell stdout: 
2017-01-24 10:45:05:shell stdout: 
2017-01-24 10:45:05:shell stdout: 
2017-01-24 10:45:06:shell stdout: 
2017-01-24 10:45:06:shell stdout: 
2017-01-24 10:45:06:shell stdout: 
2017-01-24 10:45:06:shell stdout: 
2017-01-24 10:45:06:shell stdout: 
2017-01-24 10:45:06:shell stdout: 
2017-01-24 10:45:06:shell stdout: 
2017-01-24 10:45:07:shell stdout: 
2017-01-24 10:45:07:shell stdout: 
2017-01-24 10:45:07:shell stdout: 
2017-01-24 10:45:07:shell stdout: 
2017-01-24 10:45:07:shell stdout: 
2017-01-24 10:45:07:shell stdout: 
2017-01-24 10:45:07:shell stdout: 
2017-01-24 10:45:07:shell stdout: 
2017-01-24 10:45:08:shell stdout: 
2017-01-24 10:45:08:shell stdout: 
2017-01-24 10:45:08:shell stdout: 
2017-01-24 10:45:08:shell stdout: 
2017-01-24 10:45:08:shell stdout: 
2017-01-24 10:45:08:shell stdout: 
2017-01-24 10:45:09:shell stdout: 
2017-01-24 10:45:09:shell stdout: 
2017-01-24 10:45:09:shell stdout: 
2017-01-24 10:45:09:shell stdout: 
2017-01-24 10:45:09:shell stdout: 
2017-01-24 10:45:09:shell stdout: 
2017-01-24 10:45:09:shell stdout: 
2017-01-24 10:45:10:shell stdout: 
2017-01-24 10:45:10:shell stdout: 
2017-01-24 10:45:10:shell stdout: 
2017-01-24 10:45:10:shell stdout: 
2017-01-24 10:45:10:shell stdout: 
2017-01-24 10:45:11:shell stdout: 
2017-01-24 10:45:11:shell stdout: 
2017-01-24 10:45:11:shell stdout: 
2017-01-24 10:45:11:shell stdout: 
2017-01-24 10:45:11:shell stdout: 
2017-01-24 10:45:11:shell stdout: 
2017-01-24 10:45:12:shell stdout: 
2017-01-24 10:45:12:shell stdout: 
2017-01-24 10:45:12:shell stdout: 
2017-01-24 10:45:13:shell stdout: 
2017-01-24 10:45:13:shell stdout: 
2017-01-24 10:45:13:shell stdout: 
2017-01-24 10:45:14:shell stdout: 
2017-01-24 10:45:14:shell stdout: 
2017-01-24 10:45:14:shell stdout: 
2017-01-24 10:45:14:shell stdout: 
2017-01-24 10:45:15:shell stdout: 
2017-01-24 10:45:15:shell stdout: 
2017-01-24 10:45:15:shell stdout: 
2017-01-24 10:45:15:shell stdout: 
2017-01-24 10:45:15:shell stdout: 
2017-01-24 10:45:16:shell stdout: 
2017-01-24 10:45:16:shell stdout: 
2017-01-24 10:45:16:shell stdout: 
2017-01-24 10:45:16:shell stdout: 
2017-01-24 10:45:16:shell stdout: 
2017-01-24 10:45:16:shell stdout: 
2017-01-24 10:45:17:shell stdout: 
2017-01-24 10:45:17:shell stdout: 
2017-01-24 10:45:17:shell stdout: 
2017-01-24 10:45:17:shell stdout: 
2017-01-24 10:45:17:shell stdout: 
2017-01-24 10:45:17:shell stdout: 
2017-01-24 10:45:18:shell stdout: 
2017-01-24 10:45:18:shell stdout: 
2017-01-24 10:45:18:shell stdout: 
2017-01-24 10:45:18:shell stdout: 
2017-01-24 10:45:18:shell stdout: 
2017-01-24 10:45:18:shell stdout: 
2017-01-24 10:45:19:shell stdout: 
2017-01-24 10:45:19:shell stdout: 
2017-01-24 10:45:19:shell stdout: 
2017-01-24 10:45:19:shell stdout: 
2017-01-24 10:45:19:shell stdout: 
2017-01-24 10:45:29:no gdbExecName running, out:
2017-01-24 10:45:29:checCmd:ps -e | grep -i gdb-mic
2017-01-24 10:45:29:finished now-timestampStart < maxWaitTime*5
2017-01-24 10:45:29:now: 1485272728
2017-01-24 10:45:29:timestampStart: 1485272700
2017-01-24 10:45:29:kill cmd: killall -9 gdb-mic
2017-01-24 10:45:29:shell stdout: 
2017-01-24 10:45:29:kill cmd: ssh -T mic0 killall -9 lud_check
2017-01-24 10:45:29:shell stdout: 
2017-01-24 10:45:30:kill cmd: ssh -T mic0 killall -9 gdbserver
2017-01-24 10:45:30:shell stdout: 
2017-01-24 10:45:30:kill cmd: ssh -T mic0 killall -9 sshd
2017-01-24 10:45:30:shell stdout: 
