2016-10-26 20:16:53:Starting GDB script
2016-10-26 20:16:55:sending signal using command: 'ssh -T mic0 killall -2 hotspot_check' after 1.11274478424s
2016-10-26 20:16:55:shell stdout: 
2016-10-26 20:16:57:sending signal using command: 'ssh -T mic0 killall -2 hotspot_check' after 3.21751275741s
2016-10-26 20:16:57:shell stdout: 
2016-10-26 20:16:59:sending signal using command: 'ssh -T mic0 killall -2 hotspot_check' after 5.29716701279s
2016-10-26 20:16:59:shell stdout: 
2016-10-26 20:17:01:sending signal using command: 'ssh -T mic0 killall -2 hotspot_check' after 6.87782618645s
2016-10-26 20:17:01:shell stdout: 
2016-10-26 20:17:02:sending signal using command: 'ssh -T mic0 killall -2 hotspot_check' after 7.91661234185s
2016-10-26 20:17:02:shell stdout: 
2016-10-26 20:17:03:sending signal using command: 'ssh -T mic0 killall -2 hotspot_check' after 8.85090657293s
2016-10-26 20:17:03:shell stdout: 
2016-10-26 20:17:03:sending signal using command: 'ssh -T mic0 killall -2 hotspot_check' after 8.96776298836s
2016-10-26 20:17:03:shell stdout: 
2016-10-26 20:17:07:sending signal using command: 'ssh -T mic0 killall -2 hotspot_check' after 13.203053878s
2016-10-26 20:17:07:shell stdout: 
2016-10-26 20:17:08:sending signal using command: 'ssh -T mic0 killall -2 hotspot_check' after 13.8317710509s
2016-10-26 20:17:08:shell stdout: 
2016-10-26 20:17:08:no gdbExecName running, out:
2016-10-26 20:17:08:checCmd:ps -e | grep -i gdb-mic
2016-10-26 20:17:08:finished now-timestampStart < maxWaitTime*5
2016-10-26 20:17:08:now: 1477527427
2016-10-26 20:17:08:timestampStart: 1477527413
2016-10-26 20:17:08:kill cmd: killall -9 gdb-mic
2016-10-26 20:17:08:shell stdout: 
2016-10-26 20:17:08:sending signal using command: 'ssh -T mic0 killall -2 hotspot_check' after 14.0734526493s
2016-10-26 20:17:08:shell stdout: 
2016-10-26 20:17:08:kill cmd: ssh -T mic0 killall -9 hotspot_check
2016-10-26 20:17:08:shell stdout: 
2016-10-26 20:17:08:kill cmd: ssh -T mic0 killall -9 gdbserver
2016-10-26 20:17:08:shell stdout: 
