2016-10-15 19:26:32:Starting GDB script
2016-10-15 19:26:33:sending signal using command: 'ssh -T mic0 killall -2 needle_check' after 0.22263995062s
2016-10-15 19:26:33:shell stdout: 
2016-10-15 19:26:35:sending signal using command: 'ssh -T mic0 killall -2 needle_check' after 2.73645333314s
2016-10-15 19:26:35:shell stdout: 
2016-10-15 19:26:39:no gdbExecName running, out:
2016-10-15 19:26:39:checCmd:ps -e | grep -i gdb-mic
2016-10-15 19:26:39:finished now-timestampStart < maxWaitTime*5
2016-10-15 19:26:39:now: 1476573998
2016-10-15 19:26:39:timestampStart: 1476573992
2016-10-15 19:26:39:kill cmd: killall -9 gdb-mic
2016-10-15 19:26:39:shell stdout: 
2016-10-15 19:26:39:kill cmd: ssh -T mic0 killall -9 needle_check
2016-10-15 19:26:39:shell stdout: 
2016-10-15 19:26:40:sending signal using command: 'ssh -T mic0 killall -2 needle_check' after 7.30513335642s
2016-10-15 19:26:40:shell stdout: 
2016-10-15 19:26:40:kill cmd: ssh -T mic0 killall -9 gdbserver
2016-10-15 19:26:40:shell stdout: 
2016-10-15 19:26:40:kill cmd: ssh -T mic0 killall -9 sshd
2016-10-15 19:26:40:shell stdout: 
