[INFO -- 2017-02-25 12:55:10]
Starting flip_value script
version: 2.0
[INFO -- 2017-02-25 12:55:10]
Initialization strings:
[INFO -- 2017-02-25 12:55:10]
(1) target extended-remote | ssh -T mic1 gdbserver --multi -
[INFO -- 2017-02-25 12:55:10]
(2) set sysroot /opt/mpss/3.7/sysroots/k1om-mpss-linux/
[INFO -- 2017-02-25 12:55:10]
(3) set sysroot /opt/mpss/3.7/sysroots/k1om-mpss-linux/
[INFO -- 2017-02-25 12:55:10]
(4) file /micNfs/gdb-fault-injection/injector/bin/hotspot/hotspot_check
[INFO -- 2017-02-25 12:55:10]
(5) set remote exec-file /micNfs/gdb-fault-injection/injector/bin/hotspot/hotspot_check
[INFO -- 2017-02-25 12:55:10]
(6) set args 1024 1024 1000 64 /micNfs/gdb-fault-injection/injector/data/hotspot/temp_1024 /micNfs/gdb-fault-injection/injector/data/hotspot/power_1024 /micNfs/gdb-fault-injection/injector/bin/hotspot/gold_1024_1000iter_64th
[INFO -- 2017-02-25 12:55:10]
initSignal:0
[INFO -- 2017-02-25 12:55:10]
endSignal:3
[INFO -- 2017-02-25 12:55:10]
seqSignal:15
[INFO -- 2017-02-25 12:55:10]
faultMode:2
[INFO -- 2017-02-25 12:55:13]
Backtrace BEGIN:
#0  str_to_mpn (str=0x7fffffffe053 ".365770", str@entry=0x7fffffffe050 "336.365770", digcnt=<optimized out>, digcnt@entry=3, n=n@entry=0x7fffffffdf70, nsize=nsize@entry=0x7fffffffdf58, exponent=exponent@entry=0x7fffffffdf60, decimal_len=decimal_len@entry=1, thousands=0x0, decimal=<optimized out>) at strtod_l.c:429
#1  0x00007ffff7109af9 in __GI_____strtof_l_internal (nptr=nptr@entry=0x7fffffffe050 "336.365770", endptr=endptr@entry=0x7fffffffe280, group=group@entry=0, loc=<optimized out>) at strtod_l.c:1198
#2  0x00007ffff7107c00 in __GI___strtof_internal (nptr=nptr@entry=0x7fffffffe050 "336.365770", endptr=endptr@entry=0x7fffffffe280, group=group@entry=0) at strtod.c:54
#3  0x00007ffff7128bec in _IO_vfscanf_internal (s=s@entry=0x7fffffffe440, format=format@entry=0x4071c8 "%f", argptr=argptr@entry=0x7fffffffe568, errp=errp@entry=0x0) at vfscanf.c:2332
#4  0x00007ffff71365ea in __GI___isoc99_vsscanf (string=0x7fffffffe640 "336.365770\n", format=0x4071c8 "%f", args=args@entry=0x7fffffffe568) at isoc99_vsscanf.c:43
#5  0x00007ffff7136569 in __isoc99_sscanf (s=<optimized out>, format=<optimized out>) at isoc99_sscanf.c:31
#6  0x0000000000404598 in read_input (vect=0x7ffff6acc010, grid_rows=1024, grid_cols=1024, file=0x7fffffffee07 "/micNfs/gdb-fault-injection/injector/data/hotspot/temp_1024") at hotspot_check.c:207
#7  0x0000000000404aae in main (argc=8, argv=0x7fffffffebb8) at hotspot_check.c:265

424	in strtod_l.c

Backtrace END
Fliping a bit of the pointer
Memory content before bitflip:0x000x000x000x000x000x000x000x00
Fault Mode: Random bit-flip
base address to flip value: 0x7fffffffdef0
address max offset: 8
Memory content after  bitflip:0x480x860xca0xb80x900xf50x390x34
frame name: str_to_mpn
symbol name: thousands
symbol filename: strtod_l.c
symbol line: 355
value: 0x0
value address: 0x7fffffffdef0
Type: The type is a pointer.
Type sizeof: 8

[INFO -- 2017-02-25 12:55:13]
Fault Injection Successful after 3.12125205994s
[INFO -- 2017-02-25 12:55:38]
event type: exit
[INFO -- 2017-02-25 12:55:38]
exit code: 0
