[INFO -- 2017-03-10 17:36:41]
Starting GDB script
[INFO -- 2017-03-10 17:36:41]
initSignal:0.0
[INFO -- 2017-03-10 17:36:41]
endSignal:4.0
[INFO -- 2017-03-10 17:36:41]
seqSignal:30
[INFO -- 2017-03-10 17:36:43]
sending 30 signals using command: 'ssh -T mic0 killall -2 needle_check' after 2.19139411156s
[INFO -- 2017-03-10 17:36:44]
shell stdout: 
[INFO -- 2017-03-10 17:36:44]
sending 30 signals using command: 'ssh -T mic0 killall -2 needle_check' after 2.7863873393s
[INFO -- 2017-03-10 17:36:44]
shell stdout: 
[INFO -- 2017-03-10 17:36:44]
shell stdout: 
[INFO -- 2017-03-10 17:36:44]
shell stdout: 
[INFO -- 2017-03-10 17:36:44]
shell stdout: 
[INFO -- 2017-03-10 17:36:45]
sending 30 signals using command: 'ssh -T mic0 killall -2 needle_check' after 3.83923220855s
[INFO -- 2017-03-10 17:36:45]
shell stdout: 
[INFO -- 2017-03-10 17:36:45]
shell stdout: 
[INFO -- 2017-03-10 17:36:45]
shell stdout: 
[INFO -- 2017-03-10 17:36:45]
shell stdout: 
[INFO -- 2017-03-10 17:36:45]
shell stdout: 
[INFO -- 2017-03-10 17:36:45]
shell stdout: 
[INFO -- 2017-03-10 17:36:46]
shell stdout: 
[INFO -- 2017-03-10 17:36:46]
shell stdout: 
[INFO -- 2017-03-10 17:36:46]
shell stdout: 
[INFO -- 2017-03-10 17:36:46]
shell stdout: 
[INFO -- 2017-03-10 17:36:46]
shell stdout: 
[INFO -- 2017-03-10 17:36:46]
shell stdout: 
[INFO -- 2017-03-10 17:36:47]
shell stdout: 
[INFO -- 2017-03-10 17:36:47]
shell stdout: 
[INFO -- 2017-03-10 17:36:47]
shell stdout: 
[INFO -- 2017-03-10 17:36:47]
shell stdout: 
[INFO -- 2017-03-10 17:36:47]
shell stdout: 
[INFO -- 2017-03-10 17:36:47]
shell stdout: 
[INFO -- 2017-03-10 17:36:47]
shell stdout: 
[INFO -- 2017-03-10 17:36:47]
shell stdout: 
[INFO -- 2017-03-10 17:36:48]
shell stdout: 
[INFO -- 2017-03-10 17:36:48]
shell stdout: 
[INFO -- 2017-03-10 17:36:48]
shell stdout: 
[INFO -- 2017-03-10 17:36:48]
shell stdout: 
[INFO -- 2017-03-10 17:36:48]
shell stdout: 
[INFO -- 2017-03-10 17:36:48]
shell stdout: 
[INFO -- 2017-03-10 17:36:48]
shell stdout: 
[INFO -- 2017-03-10 17:36:49]
shell stdout: 
[INFO -- 2017-03-10 17:36:49]
shell stdout: 
[INFO -- 2017-03-10 17:36:49]
shell stdout: 
[INFO -- 2017-03-10 17:36:49]
shell stdout: 
[INFO -- 2017-03-10 17:36:49]
shell stdout: 
[INFO -- 2017-03-10 17:36:49]
shell stdout: 
[INFO -- 2017-03-10 17:36:50]
shell stdout: 
[INFO -- 2017-03-10 17:36:50]
shell stdout: 
[INFO -- 2017-03-10 17:36:50]
shell stdout: 
[INFO -- 2017-03-10 17:36:50]
shell stdout: 
[INFO -- 2017-03-10 17:36:50]
shell stdout: 
[INFO -- 2017-03-10 17:36:50]
shell stdout: 
[INFO -- 2017-03-10 17:36:50]
shell stdout: 
[INFO -- 2017-03-10 17:36:50]
shell stdout: 
[INFO -- 2017-03-10 17:36:51]
shell stdout: 
[INFO -- 2017-03-10 17:36:51]
shell stdout: 
[INFO -- 2017-03-10 17:36:51]
shell stdout: 
[INFO -- 2017-03-10 17:36:51]
shell stdout: 
[INFO -- 2017-03-10 17:36:51]
shell stdout: 
[INFO -- 2017-03-10 17:36:51]
shell stdout: 
[INFO -- 2017-03-10 17:36:51]
shell stdout: 
[INFO -- 2017-03-10 17:36:52]
shell stdout: 
[INFO -- 2017-03-10 17:36:52]
shell stdout: 
[INFO -- 2017-03-10 17:36:52]
shell stdout: 
[INFO -- 2017-03-10 17:36:52]
shell stdout: 
[INFO -- 2017-03-10 17:36:52]
shell stdout: 
[INFO -- 2017-03-10 17:36:52]
shell stdout: 
[INFO -- 2017-03-10 17:36:52]
shell stdout: 
[INFO -- 2017-03-10 17:36:53]
shell stdout: 
[INFO -- 2017-03-10 17:36:53]
shell stdout: 
[INFO -- 2017-03-10 17:36:53]
shell stdout: 
[INFO -- 2017-03-10 17:36:53]
shell stdout: 
[INFO -- 2017-03-10 17:36:53]
shell stdout: 
[INFO -- 2017-03-10 17:36:53]
shell stdout: 
[INFO -- 2017-03-10 17:36:53]
shell stdout: 
[INFO -- 2017-03-10 17:36:53]
shell stdout: 
[INFO -- 2017-03-10 17:36:54]
shell stdout: 
[INFO -- 2017-03-10 17:36:54]
shell stdout: 
[INFO -- 2017-03-10 17:36:54]
shell stdout: 
[INFO -- 2017-03-10 17:36:54]
shell stdout: 
[INFO -- 2017-03-10 17:36:54]
shell stdout: 
[INFO -- 2017-03-10 17:36:54]
shell stdout: 
[INFO -- 2017-03-10 17:36:55]
shell stdout: 
[INFO -- 2017-03-10 17:36:55]
shell stdout: 
[INFO -- 2017-03-10 17:36:55]
shell stdout: 
[INFO -- 2017-03-10 17:36:55]
shell stdout: 
[INFO -- 2017-03-10 17:36:55]
shell stdout: 
[INFO -- 2017-03-10 17:36:55]
shell stdout: 
[INFO -- 2017-03-10 17:36:55]
shell stdout: 
[INFO -- 2017-03-10 17:36:55]
shell stdout: 
[INFO -- 2017-03-10 17:36:55]
shell stdout: 
[INFO -- 2017-03-10 17:36:56]
shell stdout: 
[INFO -- 2017-03-10 17:36:56]
shell stdout: 
[INFO -- 2017-03-10 17:36:56]
shell stdout: 
[INFO -- 2017-03-10 17:36:56]
shell stdout: 
[INFO -- 2017-03-10 17:36:56]
shell stdout: 
[INFO -- 2017-03-10 17:36:57]
shell stdout: 
[INFO -- 2017-03-10 17:36:57]
shell stdout: 
[INFO -- 2017-03-10 17:37:50]
no gdbExecName running, out:
[INFO -- 2017-03-10 17:37:50]
checCmd:ps -e | grep -i gdb-mic
[INFO -- 2017-03-10 17:37:50]
finished now-timestampStart < maxWaitTime*5
[INFO -- 2017-03-10 17:37:50]
now: 1489185468
[INFO -- 2017-03-10 17:37:50]
timestampStart: 1489185401
[INFO -- 2017-03-10 17:37:50]
kill cmd: killall -9 gdb-mic
[INFO -- 2017-03-10 17:37:50]
shell stdout: 
[INFO -- 2017-03-10 17:37:50]
kill cmd: ssh -T mic0 killall -9 needle_check
[INFO -- 2017-03-10 17:37:50]
shell stdout: 
[INFO -- 2017-03-10 17:37:51]
kill cmd: ssh -T mic0 killall -9 gdbserver
[INFO -- 2017-03-10 17:37:51]
shell stdout: 
[INFO -- 2017-03-10 17:37:51]
kill cmd: ssh -T mic0 killall -9 sshd
[INFO -- 2017-03-10 17:37:51]
shell stdout: 
