2017-01-26 08:02:02:Starting GDB script
2017-01-26 08:02:02:initSignal:2.0
2017-01-26 08:02:02:endSignal:4.0
2017-01-26 08:02:02:seqSignal:30
2017-01-26 08:02:04:sending 30 signals using command: 'ssh -T mic0 killall -2 lud_check' after 2.09487894305s
2017-01-26 08:02:05:sending 30 signals using command: 'ssh -T mic0 killall -2 lud_check' after 3.03779309587s
2017-01-26 08:02:05:sending 30 signals using command: 'ssh -T mic0 killall -2 lud_check' after 3.14481437434s
2017-01-26 08:02:06:shell stdout: 
2017-01-26 08:02:06:shell stdout: 
2017-01-26 08:02:06:shell stdout: 
2017-01-26 08:02:06:shell stdout: 
2017-01-26 08:02:07:shell stdout: 
2017-01-26 08:02:07:shell stdout: 
2017-01-26 08:02:07:shell stdout: 
2017-01-26 08:02:07:shell stdout: 
2017-01-26 08:02:07:shell stdout: 
2017-01-26 08:02:07:shell stdout: 
2017-01-26 08:02:07:shell stdout: 
2017-01-26 08:02:08:shell stdout: 
2017-01-26 08:02:08:shell stdout: 
2017-01-26 08:02:08:shell stdout: 
2017-01-26 08:02:08:shell stdout: 
2017-01-26 08:02:08:shell stdout: 
2017-01-26 08:02:08:shell stdout: 
2017-01-26 08:02:08:shell stdout: 
2017-01-26 08:02:08:shell stdout: 
2017-01-26 08:02:09:shell stdout: 
2017-01-26 08:02:09:shell stdout: 
2017-01-26 08:02:09:shell stdout: 
2017-01-26 08:02:09:shell stdout: 
2017-01-26 08:02:09:shell stdout: 
2017-01-26 08:02:09:shell stdout: 
2017-01-26 08:02:10:shell stdout: 
2017-01-26 08:02:10:shell stdout: 
2017-01-26 08:02:10:shell stdout: 
2017-01-26 08:02:10:shell stdout: 
2017-01-26 08:02:10:shell stdout: 
2017-01-26 08:02:10:shell stdout: 
2017-01-26 08:02:10:shell stdout: 
2017-01-26 08:02:11:shell stdout: 
2017-01-26 08:02:11:shell stdout: 
2017-01-26 08:02:11:shell stdout: 
2017-01-26 08:02:11:shell stdout: 
2017-01-26 08:02:11:shell stdout: 
2017-01-26 08:02:11:shell stdout: 
2017-01-26 08:02:11:shell stdout: 
2017-01-26 08:02:11:shell stdout: 
2017-01-26 08:02:12:shell stdout: 
2017-01-26 08:02:12:shell stdout: 
2017-01-26 08:02:12:shell stdout: 
2017-01-26 08:02:12:shell stdout: 
2017-01-26 08:02:12:shell stdout: 
2017-01-26 08:02:12:shell stdout: 
2017-01-26 08:02:13:shell stdout: 
2017-01-26 08:02:13:shell stdout: 
2017-01-26 08:02:13:shell stdout: 
2017-01-26 08:02:13:shell stdout: 
2017-01-26 08:02:13:shell stdout: 
2017-01-26 08:02:13:shell stdout: 
2017-01-26 08:02:14:shell stdout: 
2017-01-26 08:02:14:shell stdout: 
2017-01-26 08:02:14:shell stdout: 
2017-01-26 08:02:14:shell stdout: 
2017-01-26 08:02:14:shell stdout: 
2017-01-26 08:02:14:shell stdout: 
2017-01-26 08:02:14:shell stdout: 
2017-01-26 08:02:14:shell stdout: 
2017-01-26 08:02:14:shell stdout: 
2017-01-26 08:02:15:shell stdout: 
2017-01-26 08:02:15:shell stdout: 
2017-01-26 08:02:15:shell stdout: 
2017-01-26 08:02:15:shell stdout: 
2017-01-26 08:02:15:shell stdout: 
2017-01-26 08:02:15:shell stdout: 
2017-01-26 08:02:16:shell stdout: 
2017-01-26 08:02:16:shell stdout: 
2017-01-26 08:02:16:shell stdout: 
2017-01-26 08:02:16:shell stdout: 
2017-01-26 08:02:16:shell stdout: 
2017-01-26 08:02:16:shell stdout: 
2017-01-26 08:02:17:shell stdout: 
2017-01-26 08:02:17:shell stdout: 
2017-01-26 08:02:17:shell stdout: 
2017-01-26 08:02:17:shell stdout: 
2017-01-26 08:02:17:shell stdout: 
2017-01-26 08:02:17:shell stdout: 
2017-01-26 08:02:18:shell stdout: 
2017-01-26 08:02:18:shell stdout: 
2017-01-26 08:02:18:shell stdout: 
2017-01-26 08:02:18:shell stdout: 
2017-01-26 08:02:18:shell stdout: 
2017-01-26 08:02:18:shell stdout: 
2017-01-26 08:02:18:shell stdout: 
2017-01-26 08:02:18:shell stdout: 
2017-01-26 08:02:19:shell stdout: 
2017-01-26 08:02:19:shell stdout: 
2017-01-26 08:02:19:shell stdout: 
2017-01-26 08:02:37:no gdbExecName running, out:
2017-01-26 08:02:37:checCmd:ps -e | grep -i gdb-mic
2017-01-26 08:02:37:finished now-timestampStart < maxWaitTime*5
2017-01-26 08:02:37:now: 1485435756
2017-01-26 08:02:37:timestampStart: 1485435722
2017-01-26 08:02:37:kill cmd: killall -9 gdb-mic
2017-01-26 08:02:37:shell stdout: 
2017-01-26 08:02:37:kill cmd: ssh -T mic0 killall -9 lud_check
2017-01-26 08:02:37:shell stdout: 
2017-01-26 08:02:38:kill cmd: ssh -T mic0 killall -9 gdbserver
2017-01-26 08:02:38:shell stdout: 
2017-01-26 08:02:38:kill cmd: ssh -T mic0 killall -9 sshd
2017-01-26 08:02:38:shell stdout: 
