2016-10-20 16:59:37:Starting GDB script
2016-10-20 16:59:39:sending signal using command: 'ssh -T mic0 killall -2 hotspot_check' after 1.52448381812s
2016-10-20 16:59:39:shell stdout: 
2016-10-20 16:59:39:sending signal using command: 'ssh -T mic0 killall -2 hotspot_check' after 1.65555573249s
2016-10-20 16:59:39:shell stdout: 
2016-10-20 16:59:42:sending signal using command: 'ssh -T mic0 killall -2 hotspot_check' after 4.56704388706s
2016-10-20 16:59:42:shell stdout: 
2016-10-20 16:59:43:sending signal using command: 'ssh -T mic0 killall -2 hotspot_check' after 4.80757243629s
2016-10-20 16:59:43:shell stdout: 
2016-10-20 16:59:44:sending signal using command: 'ssh -T mic0 killall -2 hotspot_check' after 6.48322259154s
2016-10-20 16:59:44:shell stdout: 
2016-10-20 16:59:45:sending signal using command: 'ssh -T mic0 killall -2 hotspot_check' after 7.08747434554s
2016-10-20 16:59:45:shell stdout: 
2016-10-20 16:59:49:no gdbExecName running, out:
2016-10-20 16:59:49:checCmd:ps -e | grep -i gdb-mic
2016-10-20 16:59:49:finished now-timestampStart < maxWaitTime*5
2016-10-20 16:59:49:now: 1476997188
2016-10-20 16:59:49:timestampStart: 1476997177
2016-10-20 16:59:49:kill cmd: killall -9 gdb-mic
2016-10-20 16:59:49:shell stdout: 
2016-10-20 16:59:49:sending signal using command: 'ssh -T mic0 killall -2 hotspot_check' after 10.9027128679s
2016-10-20 16:59:49:shell stdout: 
2016-10-20 16:59:49:kill cmd: ssh -T mic0 killall -9 hotspot_check
2016-10-20 16:59:49:shell stdout: 
2016-10-20 16:59:49:kill cmd: ssh -T mic0 killall -9 gdbserver
2016-10-20 16:59:49:shell stdout: 
