2017-01-23 18:48:47:Starting GDB script
2017-01-23 18:48:47:initSignal:2.0
2017-01-23 18:48:47:endSignal:4.0
2017-01-23 18:48:47:seqSignal:30
2017-01-23 18:48:50:sending 30 signals using command: 'ssh -T mic0 killall -2 lud_check' after 2.77387600896s
2017-01-23 18:48:50:sending 30 signals using command: 'ssh -T mic0 killall -2 lud_check' after 2.9597361376s
2017-01-23 18:48:50:sending 30 signals using command: 'ssh -T mic0 killall -2 lud_check' after 3.23363828475s
2017-01-23 18:48:51:shell stdout: 
2017-01-23 18:48:51:shell stdout: 
2017-01-23 18:48:52:shell stdout: 
2017-01-23 18:48:52:shell stdout: 
2017-01-23 18:48:52:shell stdout: 
2017-01-23 18:48:52:shell stdout: 
2017-01-23 18:48:52:shell stdout: 
2017-01-23 18:48:52:shell stdout: 
2017-01-23 18:48:52:shell stdout: 
2017-01-23 18:48:53:shell stdout: 
2017-01-23 18:48:53:shell stdout: 
2017-01-23 18:48:53:shell stdout: 
2017-01-23 18:48:53:shell stdout: 
2017-01-23 18:48:53:shell stdout: 
2017-01-23 18:48:53:shell stdout: 
2017-01-23 18:48:54:shell stdout: 
2017-01-23 18:48:54:shell stdout: 
2017-01-23 18:48:54:shell stdout: 
2017-01-23 18:48:54:shell stdout: 
2017-01-23 18:48:54:shell stdout: 
2017-01-23 18:48:54:shell stdout: 
2017-01-23 18:48:54:shell stdout: 
2017-01-23 18:48:55:shell stdout: 
2017-01-23 18:48:55:shell stdout: 
2017-01-23 18:48:55:shell stdout: 
2017-01-23 18:48:55:shell stdout: 
2017-01-23 18:48:55:shell stdout: 
2017-01-23 18:48:55:shell stdout: 
2017-01-23 18:48:55:shell stdout: 
2017-01-23 18:48:55:shell stdout: 
2017-01-23 18:48:56:shell stdout: 
2017-01-23 18:48:56:shell stdout: 
2017-01-23 18:48:56:shell stdout: 
2017-01-23 18:48:56:shell stdout: 
2017-01-23 18:48:56:shell stdout: 
2017-01-23 18:48:56:shell stdout: 
2017-01-23 18:48:57:shell stdout: 
2017-01-23 18:48:57:shell stdout: 
2017-01-23 18:48:57:shell stdout: 
2017-01-23 18:48:57:shell stdout: 
2017-01-23 18:48:57:shell stdout: 
2017-01-23 18:48:57:shell stdout: 
2017-01-23 18:48:58:shell stdout: 
2017-01-23 18:48:58:shell stdout: 
2017-01-23 18:48:58:shell stdout: 
2017-01-23 18:48:58:shell stdout: 
2017-01-23 18:48:58:shell stdout: 
2017-01-23 18:48:58:shell stdout: 
2017-01-23 18:48:59:shell stdout: 
2017-01-23 18:48:59:shell stdout: 
2017-01-23 18:48:59:shell stdout: 
2017-01-23 18:49:00:shell stdout: 
2017-01-23 18:49:00:shell stdout: 
2017-01-23 18:49:00:shell stdout: 
2017-01-23 18:49:01:shell stdout: 
2017-01-23 18:49:01:shell stdout: 
2017-01-23 18:49:01:shell stdout: 
2017-01-23 18:49:02:shell stdout: 
2017-01-23 18:49:02:shell stdout: 
2017-01-23 18:49:02:shell stdout: 
2017-01-23 18:49:03:shell stdout: 
2017-01-23 18:49:03:shell stdout: 
2017-01-23 18:49:03:shell stdout: 
2017-01-23 18:49:04:shell stdout: 
2017-01-23 18:49:04:shell stdout: 
2017-01-23 18:49:04:shell stdout: 
2017-01-23 18:49:04:shell stdout: 
2017-01-23 18:49:04:shell stdout: 
2017-01-23 18:49:04:shell stdout: 
2017-01-23 18:49:05:shell stdout: 
2017-01-23 18:49:05:shell stdout: 
2017-01-23 18:49:05:shell stdout: 
2017-01-23 18:49:06:shell stdout: 
2017-01-23 18:49:06:shell stdout: 
2017-01-23 18:49:06:shell stdout: 
2017-01-23 18:49:06:shell stdout: 
2017-01-23 18:49:06:shell stdout: 
2017-01-23 18:49:06:shell stdout: 
2017-01-23 18:49:07:shell stdout: 
2017-01-23 18:49:07:shell stdout: 
2017-01-23 18:49:07:shell stdout: 
2017-01-23 18:49:07:shell stdout: 
2017-01-23 18:49:07:shell stdout: 
2017-01-23 18:49:07:shell stdout: 
2017-01-23 18:49:08:shell stdout: 
2017-01-23 18:49:08:shell stdout: 
2017-01-23 18:49:08:shell stdout: 
2017-01-23 18:49:08:shell stdout: 
2017-01-23 18:49:08:shell stdout: 
2017-01-23 18:49:08:shell stdout: 
2017-01-23 18:49:12:no gdbExecName running, out:
2017-01-23 18:49:12:checCmd:ps -e | grep -i gdb-mic
2017-01-23 18:49:12:finished now-timestampStart < maxWaitTime*5
2017-01-23 18:49:12:now: 1485215351
2017-01-23 18:49:12:timestampStart: 1485215327
2017-01-23 18:49:12:kill cmd: killall -9 gdb-mic
2017-01-23 18:49:12:shell stdout: 
2017-01-23 18:49:12:kill cmd: ssh -T mic0 killall -9 lud_check
2017-01-23 18:49:12:shell stdout: 
2017-01-23 18:49:13:kill cmd: ssh -T mic0 killall -9 gdbserver
2017-01-23 18:49:13:shell stdout: 
2017-01-23 18:49:13:kill cmd: ssh -T mic0 killall -9 sshd
2017-01-23 18:49:13:shell stdout: 
