[INFO -- 2017-03-24 04:37:51]
shell stdout: 
[INFO -- 2017-03-24 04:37:51]
shell stdout: 
[INFO -- 2017-03-24 04:37:51]
shell stdout: 
[INFO -- 2017-03-24 04:37:51]
shell stdout: 
[INFO -- 2017-03-24 04:37:52]
shell stdout: 
[INFO -- 2017-03-24 04:37:52]
shell stdout: 
[INFO -- 2017-03-24 04:37:52]
shell stdout: 
[INFO -- 2017-03-24 04:37:52]
shell stdout: 
[INFO -- 2017-03-24 04:37:52]
shell stdout: 
[INFO -- 2017-03-24 04:37:52]
shell stdout: 
[INFO -- 2017-03-24 04:37:52]
shell stdout: 
[INFO -- 2017-03-24 04:37:52]
shell stdout: 
[INFO -- 2017-03-24 04:37:53]
shell stdout: 
[INFO -- 2017-03-24 04:37:53]
shell stdout: 
[INFO -- 2017-03-24 04:37:53]
shell stdout: 
[INFO -- 2017-03-24 04:37:53]
shell stdout: 
[INFO -- 2017-03-24 04:37:53]
shell stdout: 
[INFO -- 2017-03-24 04:37:53]
shell stdout: 
[INFO -- 2017-03-24 04:37:53]
shell stdout: 
[INFO -- 2017-03-24 04:37:54]
shell stdout: 
[INFO -- 2017-03-24 04:37:54]
shell stdout: 
[INFO -- 2017-03-24 04:37:54]
shell stdout: 
[INFO -- 2017-03-24 04:37:54]
shell stdout: 
[INFO -- 2017-03-24 04:37:54]
shell stdout: 
[INFO -- 2017-03-24 04:37:54]
shell stdout: 
[INFO -- 2017-03-24 04:37:54]
shell stdout: 
[INFO -- 2017-03-24 04:37:55]
shell stdout: 
[INFO -- 2017-03-24 04:37:55]
shell stdout: 
[INFO -- 2017-03-24 04:37:55]
shell stdout: 
[INFO -- 2017-03-24 04:37:55]
shell stdout: 
[INFO -- 2017-03-24 04:37:55]
shell stdout: 
[INFO -- 2017-03-24 04:37:55]
shell stdout: 
[INFO -- 2017-03-24 04:37:55]
shell stdout: 
[INFO -- 2017-03-24 04:37:55]
shell stdout: 
[INFO -- 2017-03-24 04:37:56]
shell stdout: 
[INFO -- 2017-03-24 04:37:56]
shell stdout: 
[INFO -- 2017-03-24 04:37:56]
shell stdout: 
[INFO -- 2017-03-24 04:37:56]
shell stdout: 
[INFO -- 2017-03-24 04:37:56]
shell stdout: 
[INFO -- 2017-03-24 04:37:56]
shell stdout: 
[INFO -- 2017-03-24 04:37:57]
shell stdout: 
[INFO -- 2017-03-24 04:37:57]
shell stdout: 
[INFO -- 2017-03-24 04:37:57]
shell stdout: 
[INFO -- 2017-03-24 04:37:57]
shell stdout: 
[INFO -- 2017-03-24 04:37:57]
shell stdout: 
[INFO -- 2017-03-24 04:37:58]
shell stdout: 
[INFO -- 2017-03-24 04:37:58]
shell stdout: 
[INFO -- 2017-03-24 04:37:59]
shell stdout: 
[INFO -- 2017-03-24 04:37:59]
Starting GDB script
[INFO -- 2017-03-24 04:37:59]
initSignal:12.0
[INFO -- 2017-03-24 04:37:59]
endSignal:17.0
[INFO -- 2017-03-24 04:37:59]
seqSignal:30
[INFO -- 2017-03-24 04:38:13]
sending 30 signals using command: 'ssh -T mic0 killall -2 needle_check' after 14.6866529784s
[INFO -- 2017-03-24 04:38:14]
shell stdout: 
[INFO -- 2017-03-24 04:38:14]
shell stdout: 
[INFO -- 2017-03-24 04:38:14]
sending 30 signals using command: 'ssh -T mic0 killall -2 needle_check' after 15.6693403391s
[INFO -- 2017-03-24 04:38:14]
sending 30 signals using command: 'ssh -T mic0 killall -2 needle_check' after 15.7941663979s
[INFO -- 2017-03-24 04:38:15]
shell stdout: 
[INFO -- 2017-03-24 04:38:15]
shell stdout: 
[INFO -- 2017-03-24 04:38:15]
shell stdout: 
[INFO -- 2017-03-24 04:38:15]
shell stdout: 
[INFO -- 2017-03-24 04:38:15]
shell stdout: 
[INFO -- 2017-03-24 04:38:15]
shell stdout: 
[INFO -- 2017-03-24 04:38:15]
shell stdout: 
[INFO -- 2017-03-24 04:38:16]
shell stdout: 
[INFO -- 2017-03-24 04:38:16]
shell stdout: 
[INFO -- 2017-03-24 04:38:16]
shell stdout: 
[INFO -- 2017-03-24 04:38:16]
shell stdout: 
[INFO -- 2017-03-24 04:38:16]
shell stdout: 
[INFO -- 2017-03-24 04:38:16]
shell stdout: 
[INFO -- 2017-03-24 04:38:16]
shell stdout: 
[INFO -- 2017-03-24 04:38:17]
shell stdout: 
[INFO -- 2017-03-24 04:38:17]
shell stdout: 
[INFO -- 2017-03-24 04:38:17]
shell stdout: 
[INFO -- 2017-03-24 04:38:17]
shell stdout: 
[INFO -- 2017-03-24 04:38:17]
shell stdout: 
[INFO -- 2017-03-24 04:38:17]
shell stdout: 
[INFO -- 2017-03-24 04:38:17]
shell stdout: 
[INFO -- 2017-03-24 04:38:17]
shell stdout: 
[INFO -- 2017-03-24 04:38:18]
shell stdout: 
[INFO -- 2017-03-24 04:38:18]
shell stdout: 
[INFO -- 2017-03-24 04:38:18]
shell stdout: 
[INFO -- 2017-03-24 04:38:18]
shell stdout: 
[INFO -- 2017-03-24 04:38:18]
shell stdout: 
[INFO -- 2017-03-24 04:38:18]
shell stdout: 
[INFO -- 2017-03-24 04:38:18]
shell stdout: 
[INFO -- 2017-03-24 04:38:19]
shell stdout: 
[INFO -- 2017-03-24 04:38:19]
shell stdout: 
[INFO -- 2017-03-24 04:38:19]
shell stdout: 
[INFO -- 2017-03-24 04:38:19]
shell stdout: 
[INFO -- 2017-03-24 04:38:19]
shell stdout: 
[INFO -- 2017-03-24 04:38:19]
shell stdout: 
[INFO -- 2017-03-24 04:38:19]
shell stdout: 
[INFO -- 2017-03-24 04:38:20]
shell stdout: 
[INFO -- 2017-03-24 04:38:20]
shell stdout: 
[INFO -- 2017-03-24 04:38:20]
shell stdout: 
[INFO -- 2017-03-24 04:38:20]
shell stdout: 
[INFO -- 2017-03-24 04:38:20]
shell stdout: 
[INFO -- 2017-03-24 04:38:20]
shell stdout: 
[INFO -- 2017-03-24 04:38:20]
shell stdout: 
[INFO -- 2017-03-24 04:38:20]
shell stdout: 
[INFO -- 2017-03-24 04:38:21]
shell stdout: 
[INFO -- 2017-03-24 04:38:21]
shell stdout: 
[INFO -- 2017-03-24 04:38:21]
shell stdout: 
[INFO -- 2017-03-24 04:38:21]
shell stdout: 
[INFO -- 2017-03-24 04:38:21]
shell stdout: 
[INFO -- 2017-03-24 04:38:21]
shell stdout: 
[INFO -- 2017-03-24 04:38:21]
shell stdout: 
[INFO -- 2017-03-24 04:38:22]
shell stdout: 
[INFO -- 2017-03-24 04:38:22]
shell stdout: 
[INFO -- 2017-03-24 04:38:22]
shell stdout: 
[INFO -- 2017-03-24 04:38:22]
shell stdout: 
[INFO -- 2017-03-24 04:38:22]
shell stdout: 
[INFO -- 2017-03-24 04:38:22]
shell stdout: 
[INFO -- 2017-03-24 04:38:22]
shell stdout: 
[INFO -- 2017-03-24 04:38:23]
shell stdout: 
[INFO -- 2017-03-24 04:38:23]
shell stdout: 
[INFO -- 2017-03-24 04:38:23]
shell stdout: 
[INFO -- 2017-03-24 04:38:23]
shell stdout: 
[INFO -- 2017-03-24 04:38:23]
shell stdout: 
[INFO -- 2017-03-24 04:38:23]
shell stdout: 
[INFO -- 2017-03-24 04:38:23]
shell stdout: 
[INFO -- 2017-03-24 04:38:23]
shell stdout: 
[INFO -- 2017-03-24 04:38:24]
shell stdout: 
[INFO -- 2017-03-24 04:38:24]
shell stdout: 
[INFO -- 2017-03-24 04:38:24]
shell stdout: 
[INFO -- 2017-03-24 04:38:24]
shell stdout: 
[INFO -- 2017-03-24 04:38:24]
shell stdout: 
[INFO -- 2017-03-24 04:38:24]
shell stdout: 
[INFO -- 2017-03-24 04:38:24]
shell stdout: 
[INFO -- 2017-03-24 04:38:25]
shell stdout: 
[INFO -- 2017-03-24 04:38:25]
shell stdout: 
[INFO -- 2017-03-24 04:38:25]
shell stdout: 
[INFO -- 2017-03-24 04:38:25]
shell stdout: 
[INFO -- 2017-03-24 04:38:25]
shell stdout: 
[INFO -- 2017-03-24 04:38:25]
shell stdout: 
[INFO -- 2017-03-24 04:38:25]
shell stdout: 
[INFO -- 2017-03-24 04:38:26]
shell stdout: 
[INFO -- 2017-03-24 04:38:26]
shell stdout: 
[INFO -- 2017-03-24 04:38:26]
shell stdout: 
[INFO -- 2017-03-24 04:38:26]
shell stdout: 
[INFO -- 2017-03-24 04:38:26]
shell stdout: 
[INFO -- 2017-03-24 04:38:26]
shell stdout: 
[INFO -- 2017-03-24 04:38:27]
shell stdout: 
[INFO -- 2017-03-24 04:38:27]
shell stdout: 
[INFO -- 2017-03-24 04:39:01]
no gdbExecName running, out:
[INFO -- 2017-03-24 04:39:01]
checCmd:ps -e | grep -i gdb-mic
[INFO -- 2017-03-24 04:39:01]
finished now-timestampStart < maxWaitTime*5
[INFO -- 2017-03-24 04:39:01]
now: 1490344739
[INFO -- 2017-03-24 04:39:01]
timestampStart: 1490344679
[INFO -- 2017-03-24 04:39:01]
kill cmd: killall -9 gdb-mic
[INFO -- 2017-03-24 04:39:01]
shell stdout: 
[INFO -- 2017-03-24 04:39:01]
kill cmd: ssh -T mic0 killall -9 needle_check
[INFO -- 2017-03-24 04:39:01]
shell stdout: 
[INFO -- 2017-03-24 04:39:02]
kill cmd: ssh -T mic0 killall -9 gdbserver
[INFO -- 2017-03-24 04:39:02]
shell stdout: 
[INFO -- 2017-03-24 04:39:02]
kill cmd: ssh -T mic0 killall -9 sshd
[INFO -- 2017-03-24 04:39:02]
shell stdout: 
