[INFO -- 2017-03-03 23:53:06]
Starting GDB script
[INFO -- 2017-03-03 23:53:06]
initSignal:0.0
[INFO -- 2017-03-03 23:53:06]
endSignal:4.0
[INFO -- 2017-03-03 23:53:06]
seqSignal:30
[INFO -- 2017-03-03 23:53:08]
sending 30 signals using command: 'ssh -T mic0 killall -2 needle_check' after 1.98034842377s
[INFO -- 2017-03-03 23:53:09]
shell stdout: 
[INFO -- 2017-03-03 23:53:09]
sending 30 signals using command: 'ssh -T mic0 killall -2 needle_check' after 2.78870356219s
[INFO -- 2017-03-03 23:53:09]
shell stdout: 
[INFO -- 2017-03-03 23:53:09]
sending 30 signals using command: 'ssh -T mic0 killall -2 needle_check' after 2.87153480971s
[INFO -- 2017-03-03 23:53:10]
shell stdout: 
[INFO -- 2017-03-03 23:53:10]
shell stdout: 
[INFO -- 2017-03-03 23:53:10]
shell stdout: 
[INFO -- 2017-03-03 23:53:10]
shell stdout: 
[INFO -- 2017-03-03 23:53:10]
shell stdout: 
[INFO -- 2017-03-03 23:53:10]
shell stdout: 
[INFO -- 2017-03-03 23:53:10]
shell stdout: 
[INFO -- 2017-03-03 23:53:10]
shell stdout: 
[INFO -- 2017-03-03 23:53:10]
shell stdout: 
[INFO -- 2017-03-03 23:53:11]
shell stdout: 
[INFO -- 2017-03-03 23:53:11]
shell stdout: 
[INFO -- 2017-03-03 23:53:11]
shell stdout: 
[INFO -- 2017-03-03 23:53:11]
shell stdout: 
[INFO -- 2017-03-03 23:53:11]
shell stdout: 
[INFO -- 2017-03-03 23:53:11]
shell stdout: 
[INFO -- 2017-03-03 23:53:12]
shell stdout: 
[INFO -- 2017-03-03 23:53:12]
shell stdout: 
[INFO -- 2017-03-03 23:53:12]
shell stdout: 
[INFO -- 2017-03-03 23:53:12]
shell stdout: 
[INFO -- 2017-03-03 23:53:12]
shell stdout: 
[INFO -- 2017-03-03 23:53:12]
shell stdout: 
[INFO -- 2017-03-03 23:53:13]
shell stdout: 
[INFO -- 2017-03-03 23:53:13]
shell stdout: 
[INFO -- 2017-03-03 23:53:13]
shell stdout: 
[INFO -- 2017-03-03 23:53:13]
shell stdout: 
[INFO -- 2017-03-03 23:53:13]
shell stdout: 
[INFO -- 2017-03-03 23:53:13]
shell stdout: 
[INFO -- 2017-03-03 23:53:14]
shell stdout: 
[INFO -- 2017-03-03 23:53:14]
shell stdout: 
[INFO -- 2017-03-03 23:53:14]
shell stdout: 
[INFO -- 2017-03-03 23:53:14]
shell stdout: 
[INFO -- 2017-03-03 23:53:14]
shell stdout: 
[INFO -- 2017-03-03 23:53:14]
shell stdout: 
[INFO -- 2017-03-03 23:53:14]
shell stdout: 
[INFO -- 2017-03-03 23:53:15]
shell stdout: 
[INFO -- 2017-03-03 23:53:15]
shell stdout: 
[INFO -- 2017-03-03 23:53:15]
shell stdout: 
[INFO -- 2017-03-03 23:53:15]
shell stdout: 
[INFO -- 2017-03-03 23:53:15]
shell stdout: 
[INFO -- 2017-03-03 23:53:15]
shell stdout: 
[INFO -- 2017-03-03 23:53:15]
shell stdout: 
[INFO -- 2017-03-03 23:53:15]
shell stdout: 
[INFO -- 2017-03-03 23:53:16]
shell stdout: 
[INFO -- 2017-03-03 23:53:16]
shell stdout: 
[INFO -- 2017-03-03 23:53:16]
shell stdout: 
[INFO -- 2017-03-03 23:53:16]
shell stdout: 
[INFO -- 2017-03-03 23:53:16]
shell stdout: 
[INFO -- 2017-03-03 23:53:16]
shell stdout: 
[INFO -- 2017-03-03 23:53:17]
shell stdout: 
[INFO -- 2017-03-03 23:53:17]
shell stdout: 
[INFO -- 2017-03-03 23:53:17]
shell stdout: 
[INFO -- 2017-03-03 23:53:17]
shell stdout: 
[INFO -- 2017-03-03 23:53:17]
shell stdout: 
[INFO -- 2017-03-03 23:53:17]
shell stdout: 
[INFO -- 2017-03-03 23:53:18]
shell stdout: 
[INFO -- 2017-03-03 23:53:18]
shell stdout: 
[INFO -- 2017-03-03 23:53:18]
shell stdout: 
[INFO -- 2017-03-03 23:53:18]
shell stdout: 
[INFO -- 2017-03-03 23:53:18]
shell stdout: 
[INFO -- 2017-03-03 23:53:18]
shell stdout: 
[INFO -- 2017-03-03 23:53:18]
shell stdout: 
[INFO -- 2017-03-03 23:53:18]
shell stdout: 
[INFO -- 2017-03-03 23:53:18]
shell stdout: 
[INFO -- 2017-03-03 23:53:19]
shell stdout: 
[INFO -- 2017-03-03 23:53:19]
shell stdout: 
[INFO -- 2017-03-03 23:53:19]
shell stdout: 
[INFO -- 2017-03-03 23:53:19]
shell stdout: 
[INFO -- 2017-03-03 23:53:19]
shell stdout: 
[INFO -- 2017-03-03 23:53:19]
shell stdout: 
[INFO -- 2017-03-03 23:53:20]
shell stdout: 
[INFO -- 2017-03-03 23:53:20]
shell stdout: 
[INFO -- 2017-03-03 23:53:20]
shell stdout: 
[INFO -- 2017-03-03 23:53:20]
shell stdout: 
[INFO -- 2017-03-03 23:53:20]
shell stdout: 
[INFO -- 2017-03-03 23:53:20]
shell stdout: 
[INFO -- 2017-03-03 23:53:20]
shell stdout: 
[INFO -- 2017-03-03 23:53:21]
shell stdout: 
[INFO -- 2017-03-03 23:53:21]
shell stdout: 
[INFO -- 2017-03-03 23:53:21]
shell stdout: 
[INFO -- 2017-03-03 23:53:21]
shell stdout: 
[INFO -- 2017-03-03 23:53:21]
shell stdout: 
[INFO -- 2017-03-03 23:53:21]
shell stdout: 
[INFO -- 2017-03-03 23:53:21]
shell stdout: 
[INFO -- 2017-03-03 23:53:21]
shell stdout: 
[INFO -- 2017-03-03 23:53:22]
shell stdout: 
[INFO -- 2017-03-03 23:53:22]
shell stdout: 
[INFO -- 2017-03-03 23:53:22]
shell stdout: 
[INFO -- 2017-03-03 23:53:22]
shell stdout: 
[INFO -- 2017-03-03 23:54:14]
no gdbExecName running, out:
[INFO -- 2017-03-03 23:54:14]
checCmd:ps -e | grep -i gdb-mic
[INFO -- 2017-03-03 23:54:14]
finished now-timestampStart < maxWaitTime*5
[INFO -- 2017-03-03 23:54:14]
now: 1488603252
[INFO -- 2017-03-03 23:54:14]
timestampStart: 1488603186
[INFO -- 2017-03-03 23:54:14]
kill cmd: killall -9 gdb-mic
[INFO -- 2017-03-03 23:54:14]
shell stdout: 
[INFO -- 2017-03-03 23:54:14]
kill cmd: ssh -T mic0 killall -9 needle_check
[INFO -- 2017-03-03 23:54:14]
shell stdout: 
[INFO -- 2017-03-03 23:54:15]
kill cmd: ssh -T mic0 killall -9 gdbserver
[INFO -- 2017-03-03 23:54:15]
shell stdout: 
[INFO -- 2017-03-03 23:54:15]
kill cmd: ssh -T mic0 killall -9 sshd
[INFO -- 2017-03-03 23:54:15]
shell stdout: 
