[INFO -- 2017-03-19 16:31:04]
Starting GDB script
[INFO -- 2017-03-19 16:31:04]
initSignal:25.0
[INFO -- 2017-03-19 16:31:04]
endSignal:30.0
[INFO -- 2017-03-19 16:31:04]
seqSignal:20
[INFO -- 2017-03-19 16:31:30]
sending 20 signals using command: 'ssh -T mic0 killall -2 clamr_openmponly' after 25.4048692544s
[INFO -- 2017-03-19 16:31:30]
shell stdout: 
[INFO -- 2017-03-19 16:31:31]
shell stdout: 
[INFO -- 2017-03-19 16:31:31]
shell stdout: 
[INFO -- 2017-03-19 16:31:32]
shell stdout: 
[INFO -- 2017-03-19 16:31:32]
shell stdout: 
[INFO -- 2017-03-19 16:31:33]
shell stdout: 
[INFO -- 2017-03-19 16:31:33]
shell stdout: 
[INFO -- 2017-03-19 16:31:33]
sending 20 signals using command: 'ssh -T mic0 killall -2 clamr_openmponly' after 28.8578804222s
[INFO -- 2017-03-19 16:31:33]
shell stdout: 
[INFO -- 2017-03-19 16:31:34]
shell stdout: 
[INFO -- 2017-03-19 16:31:34]
shell stdout: 
[INFO -- 2017-03-19 16:31:34]
shell stdout: 
[INFO -- 2017-03-19 16:31:34]
shell stdout: 
[INFO -- 2017-03-19 16:31:34]
shell stdout: 
[INFO -- 2017-03-19 16:31:35]
shell stdout: 
[INFO -- 2017-03-19 16:31:35]
shell stdout: 
[INFO -- 2017-03-19 16:31:35]
shell stdout: 
[INFO -- 2017-03-19 16:31:35]
shell stdout: 
[INFO -- 2017-03-19 16:31:36]
shell stdout: 
[INFO -- 2017-03-19 16:31:36]
shell stdout: 
[INFO -- 2017-03-19 16:31:36]
shell stdout: 
[INFO -- 2017-03-19 16:31:36]
shell stdout: 
[INFO -- 2017-03-19 16:31:37]
shell stdout: 
[INFO -- 2017-03-19 16:31:37]
shell stdout: 
[INFO -- 2017-03-19 16:31:38]
shell stdout: 
[INFO -- 2017-03-19 16:31:38]
shell stdout: 
[INFO -- 2017-03-19 16:31:38]
shell stdout: 
[INFO -- 2017-03-19 16:31:38]
shell stdout: 
[INFO -- 2017-03-19 16:31:39]
shell stdout: 
[INFO -- 2017-03-19 16:31:39]
shell stdout: 
[INFO -- 2017-03-19 16:31:40]
shell stdout: 
[INFO -- 2017-03-19 16:31:40]
shell stdout: 
[INFO -- 2017-03-19 16:31:40]
shell stdout: 
[INFO -- 2017-03-19 16:31:40]
shell stdout: 
[INFO -- 2017-03-19 16:31:41]
shell stdout: 
[INFO -- 2017-03-19 16:31:42]
shell stdout: 
[INFO -- 2017-03-19 16:31:43]
shell stdout: 
[INFO -- 2017-03-19 16:31:43]
shell stdout: 
[INFO -- 2017-03-19 16:31:44]
shell stdout: 
[INFO -- 2017-03-19 16:31:45]
shell stdout: 
[INFO -- 2017-03-19 16:31:45]
shell stdout: 
[INFO -- 2017-03-19 16:32:43]
no gdbExecName running, out:
[INFO -- 2017-03-19 16:32:43]
checCmd:ps -e | grep -i gdb-mic
[INFO -- 2017-03-19 16:32:43]
finished now-timestampStart < maxWaitTime*5
[INFO -- 2017-03-19 16:32:43]
now: 1489955554
[INFO -- 2017-03-19 16:32:43]
timestampStart: 1489955464
[INFO -- 2017-03-19 16:32:43]
kill cmd: killall -9 gdb-mic
[INFO -- 2017-03-19 16:32:43]
shell stdout: 
[INFO -- 2017-03-19 16:32:43]
kill cmd: ssh -T mic0 killall -9 clamr_openmponly
[INFO -- 2017-03-19 16:32:43]
shell stdout: 
[INFO -- 2017-03-19 16:32:43]
kill cmd: ssh -T mic0 killall -9 gdbserver
[INFO -- 2017-03-19 16:32:43]
shell stdout: 
[INFO -- 2017-03-19 16:32:44]
kill cmd: ssh -T mic0 killall -9 sshd
[INFO -- 2017-03-19 16:32:44]
shell stdout: 
