2017-01-25 11:27:40:Starting GDB script
2017-01-25 11:27:40:initSignal:2.0
2017-01-25 11:27:40:endSignal:4.0
2017-01-25 11:27:40:seqSignal:30
2017-01-25 11:27:43:sending 30 signals using command: 'ssh -T mic0 killall -2 lud_check' after 3.13316626271s
2017-01-25 11:27:43:sending 30 signals using command: 'ssh -T mic0 killall -2 lud_check' after 3.14338318712s
2017-01-25 11:27:43:sending 30 signals using command: 'ssh -T mic0 killall -2 lud_check' after 3.38374526642s
2017-01-25 11:27:45:shell stdout: 
2017-01-25 11:27:45:shell stdout: 
2017-01-25 11:27:45:shell stdout: 
2017-01-25 11:27:45:shell stdout: 
2017-01-25 11:27:45:shell stdout: 
2017-01-25 11:27:45:shell stdout: 
2017-01-25 11:27:46:shell stdout: 
2017-01-25 11:27:46:shell stdout: 
2017-01-25 11:27:46:shell stdout: 
2017-01-25 11:27:46:shell stdout: 
2017-01-25 11:27:46:shell stdout: 
2017-01-25 11:27:46:shell stdout: 
2017-01-25 11:27:46:shell stdout: 
2017-01-25 11:27:46:shell stdout: 
2017-01-25 11:27:47:shell stdout: 
2017-01-25 11:27:47:shell stdout: 
2017-01-25 11:27:47:shell stdout: 
2017-01-25 11:27:47:shell stdout: 
2017-01-25 11:27:47:shell stdout: 
2017-01-25 11:27:47:shell stdout: 
2017-01-25 11:27:47:shell stdout: 
2017-01-25 11:27:48:shell stdout: 
2017-01-25 11:27:48:shell stdout: 
2017-01-25 11:27:48:shell stdout: 
2017-01-25 11:27:48:shell stdout: 
2017-01-25 11:27:48:shell stdout: 
2017-01-25 11:27:48:shell stdout: 
2017-01-25 11:27:49:shell stdout: 
2017-01-25 11:27:49:shell stdout: 
2017-01-25 11:27:49:shell stdout: 
2017-01-25 11:27:49:shell stdout: 
2017-01-25 11:27:49:shell stdout: 
2017-01-25 11:27:49:shell stdout: 
2017-01-25 11:27:49:shell stdout: 
2017-01-25 11:27:50:shell stdout: 
2017-01-25 11:27:50:shell stdout: 
2017-01-25 11:27:50:shell stdout: 
2017-01-25 11:27:50:shell stdout: 
2017-01-25 11:27:50:shell stdout: 
2017-01-25 11:27:51:shell stdout: 
2017-01-25 11:27:51:shell stdout: 
2017-01-25 11:27:51:shell stdout: 
2017-01-25 11:27:52:shell stdout: 
2017-01-25 11:27:52:shell stdout: 
2017-01-25 11:27:52:shell stdout: 
2017-01-25 11:27:52:shell stdout: 
2017-01-25 11:27:52:shell stdout: 
2017-01-25 11:27:52:shell stdout: 
2017-01-25 11:27:53:shell stdout: 
2017-01-25 11:27:53:shell stdout: 
2017-01-25 11:27:53:shell stdout: 
2017-01-25 11:27:54:shell stdout: 
2017-01-25 11:27:54:shell stdout: 
2017-01-25 11:27:54:shell stdout: 
2017-01-25 11:27:55:shell stdout: 
2017-01-25 11:27:55:shell stdout: 
2017-01-25 11:27:55:shell stdout: 
2017-01-25 11:27:56:shell stdout: 
2017-01-25 11:27:56:shell stdout: 
2017-01-25 11:27:56:shell stdout: 
2017-01-25 11:27:56:shell stdout: 
2017-01-25 11:27:56:shell stdout: 
2017-01-25 11:27:56:shell stdout: 
2017-01-25 11:27:57:shell stdout: 
2017-01-25 11:27:57:shell stdout: 
2017-01-25 11:27:57:shell stdout: 
2017-01-25 11:27:57:shell stdout: 
2017-01-25 11:27:57:shell stdout: 
2017-01-25 11:27:58:shell stdout: 
2017-01-25 11:27:58:shell stdout: 
2017-01-25 11:27:58:shell stdout: 
2017-01-25 11:27:58:shell stdout: 
2017-01-25 11:27:58:shell stdout: 
2017-01-25 11:27:58:shell stdout: 
2017-01-25 11:27:58:shell stdout: 
2017-01-25 11:27:59:shell stdout: 
2017-01-25 11:27:59:shell stdout: 
2017-01-25 11:27:59:shell stdout: 
2017-01-25 11:27:59:shell stdout: 
2017-01-25 11:27:59:shell stdout: 
2017-01-25 11:27:59:shell stdout: 
2017-01-25 11:28:00:shell stdout: 
2017-01-25 11:28:00:shell stdout: 
2017-01-25 11:28:00:shell stdout: 
2017-01-25 11:28:00:shell stdout: 
2017-01-25 11:28:00:shell stdout: 
2017-01-25 11:28:00:shell stdout: 
2017-01-25 11:28:00:shell stdout: 
2017-01-25 11:28:00:shell stdout: 
2017-01-25 11:28:00:shell stdout: 
2017-01-25 11:28:07:no gdbExecName running, out:
2017-01-25 11:28:07:checCmd:ps -e | grep -i gdb-mic
2017-01-25 11:28:07:finished now-timestampStart < maxWaitTime*5
2017-01-25 11:28:07:now: 1485361686
2017-01-25 11:28:07:timestampStart: 1485361660
2017-01-25 11:28:07:kill cmd: killall -9 gdb-mic
2017-01-25 11:28:07:shell stdout: 
2017-01-25 11:28:07:kill cmd: ssh -T mic0 killall -9 lud_check
2017-01-25 11:28:07:shell stdout: 
2017-01-25 11:28:07:kill cmd: ssh -T mic0 killall -9 gdbserver
2017-01-25 11:28:07:shell stdout: 
2017-01-25 11:28:08:kill cmd: ssh -T mic0 killall -9 sshd
2017-01-25 11:28:08:shell stdout: 
