[INFO -- 2017-03-13 13:20:02]
shell stdout: 
[INFO -- 2017-03-13 13:20:02]
shell stdout: 
[INFO -- 2017-03-13 13:20:03]
shell stdout: 
[INFO -- 2017-03-13 13:20:03]
shell stdout: 
[INFO -- 2017-03-13 13:20:03]
shell stdout: 
[INFO -- 2017-03-13 13:20:03]
shell stdout: 
[INFO -- 2017-03-13 13:20:03]
shell stdout: 
[INFO -- 2017-03-13 13:20:03]
shell stdout: 
[INFO -- 2017-03-13 13:20:03]
shell stdout: 
[INFO -- 2017-03-13 13:20:04]
shell stdout: 
[INFO -- 2017-03-13 13:20:04]
shell stdout: 
[INFO -- 2017-03-13 13:20:04]
shell stdout: 
[INFO -- 2017-03-13 13:20:04]
shell stdout: 
[INFO -- 2017-03-13 13:20:04]
shell stdout: 
[INFO -- 2017-03-13 13:20:04]
shell stdout: 
[INFO -- 2017-03-13 13:20:04]
shell stdout: 
[INFO -- 2017-03-13 13:20:05]
shell stdout: 
[INFO -- 2017-03-13 13:20:05]
shell stdout: 
[INFO -- 2017-03-13 13:20:05]
shell stdout: 
[INFO -- 2017-03-13 13:20:05]
shell stdout: 
[INFO -- 2017-03-13 13:20:05]
shell stdout: 
[INFO -- 2017-03-13 13:20:05]
shell stdout: 
[INFO -- 2017-03-13 13:20:05]
shell stdout: 
[INFO -- 2017-03-13 13:20:05]
shell stdout: 
[INFO -- 2017-03-13 13:20:06]
shell stdout: 
[INFO -- 2017-03-13 13:20:06]
shell stdout: 
[INFO -- 2017-03-13 13:20:06]
shell stdout: 
[INFO -- 2017-03-13 13:20:06]
shell stdout: 
[INFO -- 2017-03-13 13:20:06]
shell stdout: 
[INFO -- 2017-03-13 13:20:06]
shell stdout: 
[INFO -- 2017-03-13 13:20:07]
shell stdout: 
[INFO -- 2017-03-13 13:20:07]
shell stdout: 
[INFO -- 2017-03-13 13:20:07]
shell stdout: 
[INFO -- 2017-03-13 13:20:07]
shell stdout: 
[INFO -- 2017-03-13 13:20:07]
shell stdout: 
[INFO -- 2017-03-13 13:20:08]
shell stdout: 
[INFO -- 2017-03-13 13:20:08]
shell stdout: 
[INFO -- 2017-03-13 13:20:08]
shell stdout: 
[INFO -- 2017-03-13 13:20:08]
shell stdout: 
[INFO -- 2017-03-13 13:20:08]
shell stdout: 
[INFO -- 2017-03-13 13:20:09]
shell stdout: 
[INFO -- 2017-03-13 13:20:09]
shell stdout: 
[INFO -- 2017-03-13 13:20:10]
shell stdout: 
[INFO -- 2017-03-13 13:20:10]
shell stdout: 
[INFO -- 2017-03-13 13:20:11]
shell stdout: 
[INFO -- 2017-03-13 13:20:11]
shell stdout: 
[INFO -- 2017-03-13 13:20:11]
shell stdout: 
[INFO -- 2017-03-13 13:20:11]
Starting GDB script
[INFO -- 2017-03-13 13:20:11]
initSignal:12.0
[INFO -- 2017-03-13 13:20:11]
endSignal:17.0
[INFO -- 2017-03-13 13:20:11]
seqSignal:30
[INFO -- 2017-03-13 13:20:25]
sending 30 signals using command: 'ssh -T mic0 killall -2 needle_check' after 13.4684127361s
[INFO -- 2017-03-13 13:20:25]
shell stdout: 
[INFO -- 2017-03-13 13:20:26]
shell stdout: 
[INFO -- 2017-03-13 13:20:26]
sending 30 signals using command: 'ssh -T mic0 killall -2 needle_check' after 14.2743098546s
[INFO -- 2017-03-13 13:20:26]
shell stdout: 
[INFO -- 2017-03-13 13:20:26]
sending 30 signals using command: 'ssh -T mic0 killall -2 needle_check' after 14.6676687786s
[INFO -- 2017-03-13 13:20:26]
shell stdout: 
[INFO -- 2017-03-13 13:20:27]
shell stdout: 
[INFO -- 2017-03-13 13:20:27]
shell stdout: 
[INFO -- 2017-03-13 13:20:27]
shell stdout: 
[INFO -- 2017-03-13 13:20:27]
shell stdout: 
[INFO -- 2017-03-13 13:20:27]
shell stdout: 
[INFO -- 2017-03-13 13:20:27]
shell stdout: 
[INFO -- 2017-03-13 13:20:27]
shell stdout: 
[INFO -- 2017-03-13 13:20:27]
shell stdout: 
[INFO -- 2017-03-13 13:20:27]
shell stdout: 
[INFO -- 2017-03-13 13:20:28]
shell stdout: 
[INFO -- 2017-03-13 13:20:28]
shell stdout: 
[INFO -- 2017-03-13 13:20:28]
shell stdout: 
[INFO -- 2017-03-13 13:20:28]
shell stdout: 
[INFO -- 2017-03-13 13:20:28]
shell stdout: 
[INFO -- 2017-03-13 13:20:28]
shell stdout: 
[INFO -- 2017-03-13 13:20:29]
shell stdout: 
[INFO -- 2017-03-13 13:20:29]
shell stdout: 
[INFO -- 2017-03-13 13:20:29]
shell stdout: 
[INFO -- 2017-03-13 13:20:29]
shell stdout: 
[INFO -- 2017-03-13 13:20:29]
shell stdout: 
[INFO -- 2017-03-13 13:20:29]
shell stdout: 
[INFO -- 2017-03-13 13:20:30]
shell stdout: 
[INFO -- 2017-03-13 13:20:30]
shell stdout: 
[INFO -- 2017-03-13 13:20:30]
shell stdout: 
[INFO -- 2017-03-13 13:20:31]
shell stdout: 
[INFO -- 2017-03-13 13:20:31]
shell stdout: 
[INFO -- 2017-03-13 13:20:31]
shell stdout: 
[INFO -- 2017-03-13 13:20:32]
shell stdout: 
[INFO -- 2017-03-13 13:20:32]
shell stdout: 
[INFO -- 2017-03-13 13:20:32]
shell stdout: 
[INFO -- 2017-03-13 13:20:33]
shell stdout: 
[INFO -- 2017-03-13 13:20:33]
shell stdout: 
[INFO -- 2017-03-13 13:20:33]
shell stdout: 
[INFO -- 2017-03-13 13:20:34]
shell stdout: 
[INFO -- 2017-03-13 13:20:34]
shell stdout: 
[INFO -- 2017-03-13 13:20:34]
shell stdout: 
[INFO -- 2017-03-13 13:20:34]
shell stdout: 
[INFO -- 2017-03-13 13:20:34]
shell stdout: 
[INFO -- 2017-03-13 13:20:34]
shell stdout: 
[INFO -- 2017-03-13 13:20:35]
shell stdout: 
[INFO -- 2017-03-13 13:20:35]
shell stdout: 
[INFO -- 2017-03-13 13:20:35]
shell stdout: 
[INFO -- 2017-03-13 13:20:35]
shell stdout: 
[INFO -- 2017-03-13 13:20:35]
shell stdout: 
[INFO -- 2017-03-13 13:20:35]
shell stdout: 
[INFO -- 2017-03-13 13:20:36]
shell stdout: 
[INFO -- 2017-03-13 13:20:36]
shell stdout: 
[INFO -- 2017-03-13 13:20:36]
shell stdout: 
[INFO -- 2017-03-13 13:20:36]
shell stdout: 
[INFO -- 2017-03-13 13:20:36]
shell stdout: 
[INFO -- 2017-03-13 13:20:36]
shell stdout: 
[INFO -- 2017-03-13 13:20:36]
shell stdout: 
[INFO -- 2017-03-13 13:20:36]
shell stdout: 
[INFO -- 2017-03-13 13:20:37]
shell stdout: 
[INFO -- 2017-03-13 13:20:37]
shell stdout: 
[INFO -- 2017-03-13 13:20:37]
shell stdout: 
[INFO -- 2017-03-13 13:20:37]
shell stdout: 
[INFO -- 2017-03-13 13:20:37]
shell stdout: 
[INFO -- 2017-03-13 13:20:37]
shell stdout: 
[INFO -- 2017-03-13 13:20:37]
shell stdout: 
[INFO -- 2017-03-13 13:20:38]
shell stdout: 
[INFO -- 2017-03-13 13:20:38]
shell stdout: 
[INFO -- 2017-03-13 13:20:38]
shell stdout: 
[INFO -- 2017-03-13 13:20:38]
shell stdout: 
[INFO -- 2017-03-13 13:20:38]
shell stdout: 
[INFO -- 2017-03-13 13:20:38]
shell stdout: 
[INFO -- 2017-03-13 13:20:39]
shell stdout: 
[INFO -- 2017-03-13 13:20:39]
shell stdout: 
[INFO -- 2017-03-13 13:20:39]
shell stdout: 
[INFO -- 2017-03-13 13:20:39]
shell stdout: 
[INFO -- 2017-03-13 13:20:39]
shell stdout: 
[INFO -- 2017-03-13 13:20:39]
shell stdout: 
[INFO -- 2017-03-13 13:20:40]
shell stdout: 
[INFO -- 2017-03-13 13:20:40]
shell stdout: 
[INFO -- 2017-03-13 13:20:40]
shell stdout: 
[INFO -- 2017-03-13 13:20:40]
shell stdout: 
[INFO -- 2017-03-13 13:20:40]
shell stdout: 
[INFO -- 2017-03-13 13:20:40]
shell stdout: 
[INFO -- 2017-03-13 13:20:40]
shell stdout: 
[INFO -- 2017-03-13 13:20:41]
shell stdout: 
[INFO -- 2017-03-13 13:20:41]
shell stdout: 
[INFO -- 2017-03-13 13:20:41]
shell stdout: 
[INFO -- 2017-03-13 13:20:41]
shell stdout: 
[INFO -- 2017-03-13 13:20:41]
shell stdout: 
[INFO -- 2017-03-13 13:20:41]
shell stdout: 
[INFO -- 2017-03-13 13:20:42]
shell stdout: 
[INFO -- 2017-03-13 13:21:36]
finished due now-timestampStart > maxWaitTime*5
[INFO -- 2017-03-13 13:21:36]
now: 1489425696
[INFO -- 2017-03-13 13:21:36]
timestampStart: 1489425611
[INFO -- 2017-03-13 13:21:36]
kill cmd: killall -9 gdb-mic
[INFO -- 2017-03-13 13:21:36]
shell stdout: 
[INFO -- 2017-03-13 13:21:37]
kill cmd: ssh -T mic0 killall -9 needle_check
[INFO -- 2017-03-13 13:21:37]
shell stdout: 
[INFO -- 2017-03-13 13:21:37]
kill cmd: ssh -T mic0 killall -9 gdbserver
[INFO -- 2017-03-13 13:21:37]
shell stdout: 
[INFO -- 2017-03-13 13:21:37]
kill cmd: ssh -T mic0 killall -9 sshd
[INFO -- 2017-03-13 13:21:37]
shell stdout: 
