[INFO -- 2017-02-25 16:08:45]
Starting GDB script
[INFO -- 2017-02-25 16:08:45]
initSignal:4.0
[INFO -- 2017-02-25 16:08:45]
endSignal:8.0
[INFO -- 2017-02-25 16:08:45]
seqSignal:30
[INFO -- 2017-02-25 16:08:51]
sending 30 signals using command: 'ssh -T mic1 killall -2 lud_check' after 5.85898418783s
[INFO -- 2017-02-25 16:08:52]
sending 30 signals using command: 'ssh -T mic1 killall -2 lud_check' after 6.72745397447s
[INFO -- 2017-02-25 16:08:52]
sending 30 signals using command: 'ssh -T mic1 killall -2 lud_check' after 6.81125296023s
[INFO -- 2017-02-25 16:08:52]
shell stdout: 
[INFO -- 2017-02-25 16:08:52]
shell stdout: 
[INFO -- 2017-02-25 16:08:52]
shell stdout: 
[INFO -- 2017-02-25 16:08:52]
shell stdout: 
[INFO -- 2017-02-25 16:08:53]
shell stdout: 
[INFO -- 2017-02-25 16:08:53]
shell stdout: 
[INFO -- 2017-02-25 16:08:53]
shell stdout: 
[INFO -- 2017-02-25 16:08:53]
shell stdout: 
[INFO -- 2017-02-25 16:08:53]
shell stdout: 
[INFO -- 2017-02-25 16:08:53]
shell stdout: 
[INFO -- 2017-02-25 16:08:53]
shell stdout: 
[INFO -- 2017-02-25 16:08:54]
shell stdout: 
[INFO -- 2017-02-25 16:08:54]
shell stdout: 
[INFO -- 2017-02-25 16:08:54]
shell stdout: 
[INFO -- 2017-02-25 16:08:54]
shell stdout: 
[INFO -- 2017-02-25 16:08:54]
shell stdout: 
[INFO -- 2017-02-25 16:08:54]
shell stdout: 
[INFO -- 2017-02-25 16:08:54]
shell stdout: 
[INFO -- 2017-02-25 16:08:55]
shell stdout: 
[INFO -- 2017-02-25 16:08:55]
shell stdout: 
[INFO -- 2017-02-25 16:08:55]
shell stdout: 
[INFO -- 2017-02-25 16:08:55]
shell stdout: 
[INFO -- 2017-02-25 16:08:55]
shell stdout: 
[INFO -- 2017-02-25 16:08:55]
shell stdout: 
[INFO -- 2017-02-25 16:08:55]
shell stdout: 
[INFO -- 2017-02-25 16:08:56]
shell stdout: 
[INFO -- 2017-02-25 16:08:56]
shell stdout: 
[INFO -- 2017-02-25 16:08:56]
shell stdout: 
[INFO -- 2017-02-25 16:08:56]
shell stdout: 
[INFO -- 2017-02-25 16:08:56]
shell stdout: 
[INFO -- 2017-02-25 16:08:56]
shell stdout: 
[INFO -- 2017-02-25 16:08:56]
shell stdout: 
[INFO -- 2017-02-25 16:08:57]
shell stdout: 
[INFO -- 2017-02-25 16:08:57]
shell stdout: 
[INFO -- 2017-02-25 16:08:57]
shell stdout: 
[INFO -- 2017-02-25 16:08:57]
shell stdout: 
[INFO -- 2017-02-25 16:08:57]
shell stdout: 
[INFO -- 2017-02-25 16:08:57]
shell stdout: 
[INFO -- 2017-02-25 16:08:57]
shell stdout: 
[INFO -- 2017-02-25 16:08:58]
shell stdout: 
[INFO -- 2017-02-25 16:08:58]
shell stdout: 
[INFO -- 2017-02-25 16:08:58]
shell stdout: 
[INFO -- 2017-02-25 16:08:58]
shell stdout: 
[INFO -- 2017-02-25 16:08:58]
shell stdout: 
[INFO -- 2017-02-25 16:08:58]
shell stdout: 
[INFO -- 2017-02-25 16:08:58]
shell stdout: 
[INFO -- 2017-02-25 16:08:58]
shell stdout: 
[INFO -- 2017-02-25 16:08:59]
shell stdout: 
[INFO -- 2017-02-25 16:08:59]
shell stdout: 
[INFO -- 2017-02-25 16:08:59]
shell stdout: 
[INFO -- 2017-02-25 16:08:59]
shell stdout: 
[INFO -- 2017-02-25 16:08:59]
shell stdout: 
[INFO -- 2017-02-25 16:08:59]
shell stdout: 
[INFO -- 2017-02-25 16:08:59]
shell stdout: 
[INFO -- 2017-02-25 16:09:00]
shell stdout: 
[INFO -- 2017-02-25 16:09:00]
shell stdout: 
[INFO -- 2017-02-25 16:09:00]
shell stdout: 
[INFO -- 2017-02-25 16:09:00]
shell stdout: 
[INFO -- 2017-02-25 16:09:00]
shell stdout: 
[INFO -- 2017-02-25 16:09:00]
shell stdout: 
[INFO -- 2017-02-25 16:09:00]
shell stdout: 
[INFO -- 2017-02-25 16:09:00]
shell stdout: 
[INFO -- 2017-02-25 16:09:01]
shell stdout: 
[INFO -- 2017-02-25 16:09:01]
shell stdout: 
[INFO -- 2017-02-25 16:09:01]
shell stdout: 
[INFO -- 2017-02-25 16:09:01]
shell stdout: 
[INFO -- 2017-02-25 16:09:01]
shell stdout: 
[INFO -- 2017-02-25 16:09:01]
shell stdout: 
[INFO -- 2017-02-25 16:09:01]
shell stdout: 
[INFO -- 2017-02-25 16:09:02]
shell stdout: 
[INFO -- 2017-02-25 16:09:02]
shell stdout: 
[INFO -- 2017-02-25 16:09:02]
shell stdout: 
[INFO -- 2017-02-25 16:09:02]
shell stdout: 
[INFO -- 2017-02-25 16:09:02]
shell stdout: 
[INFO -- 2017-02-25 16:09:02]
shell stdout: 
[INFO -- 2017-02-25 16:09:02]
shell stdout: 
[INFO -- 2017-02-25 16:09:02]
shell stdout: 
[INFO -- 2017-02-25 16:09:03]
shell stdout: 
[INFO -- 2017-02-25 16:09:03]
shell stdout: 
[INFO -- 2017-02-25 16:09:03]
shell stdout: 
[INFO -- 2017-02-25 16:09:03]
shell stdout: 
[INFO -- 2017-02-25 16:09:03]
shell stdout: 
[INFO -- 2017-02-25 16:09:03]
shell stdout: 
[INFO -- 2017-02-25 16:09:03]
shell stdout: 
[INFO -- 2017-02-25 16:09:04]
shell stdout: 
[INFO -- 2017-02-25 16:09:04]
shell stdout: 
[INFO -- 2017-02-25 16:09:04]
shell stdout: 
[INFO -- 2017-02-25 16:09:04]
shell stdout: 
[INFO -- 2017-02-25 16:09:04]
shell stdout: 
[INFO -- 2017-02-25 16:09:04]
shell stdout: 
[INFO -- 2017-02-25 16:09:25]
finished due now-timestampStart > maxWaitTime*5
[INFO -- 2017-02-25 16:09:25]
now: 1488056965
[INFO -- 2017-02-25 16:09:25]
timestampStart: 1488056925
[INFO -- 2017-02-25 16:09:25]
kill cmd: killall -9 gdb-mic
[INFO -- 2017-02-25 16:09:25]
shell stdout: 
[INFO -- 2017-02-25 16:09:25]
kill cmd: ssh -T mic1 killall -9 lud_check
[INFO -- 2017-02-25 16:09:25]
shell stdout: 
[INFO -- 2017-02-25 16:09:25]
kill cmd: ssh -T mic1 killall -9 gdbserver
[INFO -- 2017-02-25 16:09:25]
shell stdout: 
[INFO -- 2017-02-25 16:09:26]
kill cmd: ssh -T mic1 killall -9 sshd
[INFO -- 2017-02-25 16:09:26]
shell stdout: 
