2017-02-28 19:19:25:Starting flip_value script
2017-02-28 19:19:25:Initialization strings:
2017-02-28 19:19:26:(1) target extended-remote | ssh -T mic0 gdbserver --multi -
2017-02-28 19:19:26:(2) set sysroot /opt/mpss/3.7/sysroots/k1om-mpss-linux/
2017-02-28 19:19:26:(3) set sysroot /opt/mpss/3.7/sysroots/k1om-mpss-linux/
2017-02-28 19:19:26:(4) file /micNfs/gdb-fault-injection/injector/bin/lavamd/lavamd_check
2017-02-28 19:19:26:(5) set remote exec-file /micNfs/gdb-fault-injection/injector/bin/lavamd/lavamd_check
2017-02-28 19:19:26:(6) set args 228 15 /micNfs/gdb-fault-injection/injector/bin/lavamd/input_distance_228_15 /micNfs/gdb-fault-injection/injector/bin/lavamd/input_charges_228_15 /micNfs/gdb-fault-injection/injector/bin/lavamd/output_gold_228_15 1
2017-02-28 19:19:26:initSignal:3
2017-02-28 19:19:26:endSignal:6
2017-02-28 19:19:26:seqSignal:30
2017-02-28 19:19:30:Backtrace BEGIN:
2017-02-28 19:19:30:#0  0x00000000004060b0 in L_kernel_cpu_48__par_loop0_2_1 () at kernel/kernel_cpu.c:87
#1  0x00007ffff790ba1f in ?? ()
#2  0x00007fffffffe270 in ?? ()
#3  0x00007fffffffe2b8 in ?? ()
#4  0x00007fffffffe3c0 in ?? ()
#5  0x0000000000000000 in ?? ()

2017-02-28 19:19:30:82	                    // // coefficients
83	                    r2 = rA[i].v + rB[j].v - DOT(rA[i],rB[j]);
84	                    u2 = a2*r2;
85	                    vij= exp(-u2);
86	                    fs = 2.*vij;
87	                    d.x = rA[i].x  - rB[j].x;
88	                    d.y = rA[i].y  - rB[j].y;
89	                    d.z = rA[i].z  - rB[j].z;
90	                    fxij=fs*d.x;
91	                    fyij=fs*d.y;

2017-02-28 19:19:30:Backtrace END
2017-02-28 19:19:56:Backtrace BEGIN:
2017-02-28 19:19:56:#0  0x00000000004060b0 in L_kernel_cpu_48__par_loop0_2_1 () at kernel/kernel_cpu.c:87
#1  0x00007ffff790ba1f in ?? ()
#2  0x00007fffffffe270 in ?? ()
#3  0x00007fffffffe2b8 in ?? ()
#4  0x00007fffffffe3c0 in ?? ()
#5  0x0000000000000000 in ?? ()

2017-02-28 19:19:56:82	                    // // coefficients
83	                    r2 = rA[i].v + rB[j].v - DOT(rA[i],rB[j]);
84	                    u2 = a2*r2;
85	                    vij= exp(-u2);
86	                    fs = 2.*vij;
87	                    d.x = rA[i].x  - rB[j].x;
88	                    d.y = rA[i].y  - rB[j].y;
89	                    d.z = rA[i].z  - rB[j].z;
90	                    fxij=fs*d.x;
91	                    fyij=fs*d.y;

2017-02-28 19:19:56:Backtrace END
