[INFO -- 2017-03-11 10:59:39]
Starting flip_value script
version: 2.0
[INFO -- 2017-03-11 10:59:39]
Initialization strings:
[INFO -- 2017-03-11 10:59:40]
(1) target extended-remote | ssh -T mic0 gdbserver --multi -
[INFO -- 2017-03-11 10:59:40]
(2) set sysroot /opt/mpss/3.7/sysroots/k1om-mpss-linux/
[INFO -- 2017-03-11 10:59:40]
(3) set sysroot /opt/mpss/3.7/sysroots/k1om-mpss-linux/
[INFO -- 2017-03-11 10:59:40]
(4) file /micNfs/gdb-fault-injection/injector/bin/nw/needle_check
[INFO -- 2017-03-11 10:59:40]
(5) set remote exec-file /micNfs/gdb-fault-injection/injector/bin/nw/needle_check
[INFO -- 2017-03-11 10:59:40]
(6) set args 16394 10 228 /micNfs/gdb-fault-injection/injector/bin/nw/input_16394_th_228_pen_10 /micNfs/gdb-fault-injection/injector/bin/nw/gold_16394_th_228_pen_10
[INFO -- 2017-03-11 10:59:40]
initSignal:4
[INFO -- 2017-03-11 10:59:40]
endSignal:8
[INFO -- 2017-03-11 10:59:40]
seqSignal:30
[INFO -- 2017-03-11 10:59:40]
faultMode:2
[INFO -- 2017-03-11 10:59:45]
Backtrace BEGIN:
#0  0x00007ffff6e245d0 in __read_nocancel () at ../sysdeps/unix/syscall-template.S:81
#1  0x00007ffff6dd0911 in __GI__IO_file_xsgetn (fp=0x619b30, data=<optimized out>, n=1075184100) at fileops.c:1422
#2  0x00007ffff6dc6929 in __GI__IO_fread (buf=<optimized out>, size=1075184100, count=1, fp=0x619b30) at iofread.c:42
#3  0x00000000004014f6 in ReadArrayFromFile (input_itemsets=0x7fff76699010, gold_itemsets=0x7fff36538010, max_rows=16395, filenameinput=0x7fffffffee44 "/micNfs/gdb-fault-injection/injector/bin/nw/input_16394_th_228_pen_10", filenamegold=0x7fffffffee8a "/micNfs/gdb-fault-injection/injector/bin/nw/gold_16394_th_228_pen_10") at needle_check.cpp:50
#4  0x0000000000402bbc in runTest (argc=6, argv=0x7fffffffec08) at needle_check.cpp:319
#5  0x0000000000401595 in main (argc=6, argv=0x7fffffffec08) at needle_check.cpp:114

76	in ../sysdeps/unix/syscall-template.S

Backtrace END
Memory content before bitflip:0x060x000x000x00
Fault Mode: Random bit-flip
base address to flip value: 0x7fffffffe9e8
address max offset: 4
Memory content after  bitflip:0x0c0xa40xec0xf3
frame name: runTest
symbol name: argc
symbol filename: needle_check.cpp
symbol line: 263
value: -202595316
value address: 0x7fffffffe9e8
Type: The type is an integer type.
Type sizeof: 4

[INFO -- 2017-03-11 10:59:45]
Fault Injection Successful after 5.86433410645s
[INFO -- 2017-03-11 11:00:36]
event type: exit
[INFO -- 2017-03-11 11:00:36]
exit code: 0
