2017-01-23 21:25:30:Starting GDB script
2017-01-23 21:25:30:initSignal:0.0
2017-01-23 21:25:30:endSignal:2.0
2017-01-23 21:25:30:seqSignal:30
2017-01-23 21:25:31:sending 30 signals using command: 'ssh -T mic0 killall -2 lud_check' after 0.464017402484s
2017-01-23 21:25:31:shell stdout: 
2017-01-23 21:25:31:sending 30 signals using command: 'ssh -T mic0 killall -2 lud_check' after 0.923261563906s
2017-01-23 21:25:31:shell stdout: 
2017-01-23 21:25:31:shell stdout: 
2017-01-23 21:25:32:sending 30 signals using command: 'ssh -T mic0 killall -2 lud_check' after 1.46904144979s
2017-01-23 21:25:32:shell stdout: 
2017-01-23 21:25:32:shell stdout: 
2017-01-23 21:25:32:shell stdout: 
2017-01-23 21:25:32:shell stdout: 
2017-01-23 21:25:32:shell stdout: 
2017-01-23 21:25:32:shell stdout: 
2017-01-23 21:25:33:shell stdout: 
2017-01-23 21:25:33:shell stdout: 
2017-01-23 21:25:33:shell stdout: 
2017-01-23 21:25:33:shell stdout: 
2017-01-23 21:25:33:shell stdout: 
2017-01-23 21:25:34:shell stdout: 
2017-01-23 21:25:34:shell stdout: 
2017-01-23 21:25:34:shell stdout: 
2017-01-23 21:25:34:shell stdout: 
2017-01-23 21:25:35:shell stdout: 
2017-01-23 21:25:35:shell stdout: 
2017-01-23 21:25:35:shell stdout: 
2017-01-23 21:25:35:shell stdout: 
2017-01-23 21:25:35:shell stdout: 
2017-01-23 21:25:36:shell stdout: 
2017-01-23 21:25:36:shell stdout: 
2017-01-23 21:25:36:shell stdout: 
2017-01-23 21:25:36:shell stdout: 
2017-01-23 21:25:37:shell stdout: 
2017-01-23 21:25:37:shell stdout: 
2017-01-23 21:25:37:shell stdout: 
2017-01-23 21:25:38:shell stdout: 
2017-01-23 21:25:38:shell stdout: 
2017-01-23 21:25:38:shell stdout: 
2017-01-23 21:25:38:shell stdout: 
2017-01-23 21:25:38:shell stdout: 
2017-01-23 21:25:38:shell stdout: 
2017-01-23 21:25:39:shell stdout: 
2017-01-23 21:25:39:shell stdout: 
2017-01-23 21:25:39:shell stdout: 
2017-01-23 21:25:40:shell stdout: 
2017-01-23 21:25:40:shell stdout: 
2017-01-23 21:25:40:shell stdout: 
2017-01-23 21:25:41:shell stdout: 
2017-01-23 21:25:41:shell stdout: 
2017-01-23 21:25:41:shell stdout: 
2017-01-23 21:25:41:shell stdout: 
2017-01-23 21:25:41:shell stdout: 
2017-01-23 21:25:41:shell stdout: 
2017-01-23 21:25:42:shell stdout: 
2017-01-23 21:25:42:shell stdout: 
2017-01-23 21:25:42:shell stdout: 
2017-01-23 21:25:42:shell stdout: 
2017-01-23 21:25:42:shell stdout: 
2017-01-23 21:25:42:shell stdout: 
2017-01-23 21:25:43:shell stdout: 
2017-01-23 21:25:43:shell stdout: 
2017-01-23 21:25:43:shell stdout: 
2017-01-23 21:25:43:shell stdout: 
2017-01-23 21:25:43:shell stdout: 
2017-01-23 21:25:43:shell stdout: 
2017-01-23 21:25:44:shell stdout: 
2017-01-23 21:25:44:shell stdout: 
2017-01-23 21:25:44:shell stdout: 
2017-01-23 21:25:44:shell stdout: 
2017-01-23 21:25:44:shell stdout: 
2017-01-23 21:25:44:shell stdout: 
2017-01-23 21:25:45:shell stdout: 
2017-01-23 21:25:45:shell stdout: 
2017-01-23 21:25:45:shell stdout: 
2017-01-23 21:25:45:shell stdout: 
2017-01-23 21:25:45:shell stdout: 
2017-01-23 21:25:45:shell stdout: 
2017-01-23 21:25:46:shell stdout: 
2017-01-23 21:25:46:shell stdout: 
2017-01-23 21:25:46:shell stdout: 
2017-01-23 21:25:46:shell stdout: 
2017-01-23 21:25:46:shell stdout: 
2017-01-23 21:25:46:shell stdout: 
2017-01-23 21:25:46:shell stdout: 
2017-01-23 21:25:46:shell stdout: 
2017-01-23 21:25:46:shell stdout: 
2017-01-23 21:25:47:shell stdout: 
2017-01-23 21:25:47:shell stdout: 
2017-01-23 21:25:47:shell stdout: 
2017-01-23 21:25:47:shell stdout: 
2017-01-23 21:25:47:shell stdout: 
2017-01-23 21:25:47:shell stdout: 
2017-01-23 21:25:48:shell stdout: 
2017-01-23 21:25:48:shell stdout: 
2017-01-23 21:25:48:shell stdout: 
2017-01-23 21:25:49:no gdbExecName running, out:
2017-01-23 21:25:49:checCmd:ps -e | grep -i gdb-mic
2017-01-23 21:25:49:finished now-timestampStart < maxWaitTime*5
2017-01-23 21:25:49:now: 1485224748
2017-01-23 21:25:49:timestampStart: 1485224730
2017-01-23 21:25:49:kill cmd: killall -9 gdb-mic
2017-01-23 21:25:49:shell stdout: 
2017-01-23 21:25:49:kill cmd: ssh -T mic0 killall -9 lud_check
2017-01-23 21:25:49:shell stdout: 
2017-01-23 21:25:50:kill cmd: ssh -T mic0 killall -9 gdbserver
2017-01-23 21:25:50:shell stdout: 
2017-01-23 21:25:50:kill cmd: ssh -T mic0 killall -9 sshd
2017-01-23 21:25:50:shell stdout: 
