2017-01-09 03:10:58:Starting flip_value script
2017-01-09 03:10:58:Initialization strings:
2017-01-09 03:10:59:(1) target extended-remote | ssh -T mic0 gdbserver --multi -
2017-01-09 03:10:59:(2) set sysroot /opt/mpss/3.7/sysroots/k1om-mpss-linux/
2017-01-09 03:10:59:(3) set sysroot /opt/mpss/3.7/sysroots/k1om-mpss-linux/
2017-01-09 03:10:59:(4) file /micNfs/gdb-fault-injection/injector/bin/nw/needle_check
2017-01-09 03:10:59:(5) set remote exec-file /micNfs/gdb-fault-injection/injector/bin/nw/needle_check
2017-01-09 03:10:59:(6) set args 16394 10 228 /micNfs/gdb-fault-injection/injector/bin/nw/input_16394_th_228_pen_10 /micNfs/gdb-fault-injection/injector/bin/nw/gold_16394_th_228_pen_10
2017-01-09 03:10:59:initSignal:4
2017-01-09 03:10:59:endSignal:8
2017-01-09 03:10:59:seqSignal:30
2017-01-09 03:11:04:Trying Fault Injection
2017-01-09 03:11:04:Inferior PID: 32297
2017-01-09 03:11:04:Inferior is valid: True
2017-01-09 03:11:04:Inferior #threads: 1
2017-01-09 03:11:04:Backtrace BEGIN:
2017-01-09 03:11:04:#0  0x00007ffff6e245d0 in __read_nocancel () at ../sysdeps/unix/syscall-template.S:81
#1  0x00007ffff6dd0911 in __GI__IO_file_xsgetn (fp=0x619b30, data=<optimized out>, n=1075184100) at fileops.c:1422
#2  0x00007ffff6dc6929 in __GI__IO_fread (buf=<optimized out>, size=1075184100, count=1, fp=0x619b30) at iofread.c:42
#3  0x00000000004014f6 in ReadArrayFromFile (input_itemsets=0x7fff76699010, gold_itemsets=0x7fff36538010, max_rows=16395, filenameinput=0x7fffffffee44 "/micNfs/gdb-fault-injection/injector/bin/nw/input_16394_th_228_pen_10", filenamegold=0x7fffffffee8a "/micNfs/gdb-fault-injection/injector/bin/nw/gold_16394_th_228_pen_10") at needle_check.cpp:50
#4  0x0000000000402bbc in runTest (argc=6, argv=0x7fffffffec08) at needle_check.cpp:319
#5  0x0000000000401595 in main (argc=6, argv=0x7fffffffec08) at needle_check.cpp:114

2017-01-09 03:11:04:76	in ../sysdeps/unix/syscall-template.S

2017-01-09 03:11:04:Backtrace END
2017-01-09 03:11:04:Thread name: None
2017-01-09 03:11:04:Thread num: 1
2017-01-09 03:11:04:Thread ptid: (32297, 32297, 0)
2017-01-09 03:11:04:bitFlip function
2017-01-09 03:11:04:Type: The type is an array.
2017-01-09 03:11:04:Type sizeof: 2304
2017-01-09 03:11:04:Fliping array at pos: 14
2017-01-09 03:11:04:bitFlip function
2017-01-09 03:11:04:Type: The type is an array.
2017-01-09 03:11:04:Type sizeof: 96
2017-01-09 03:11:04:Fliping array at pos: 18
2017-01-09 03:11:04:bitFlip function
2017-01-09 03:11:04:Type: The type is an integer type.
2017-01-09 03:11:04:Type sizeof: 4
2017-01-09 03:11:04:Mem contents(hex):0xfd0xff0xff0xff
2017-01-09 03:11:04:base address to flip value: 0x606388 
2017-01-09 03:11:04:address max offset: 4
2017-01-09 03:11:04:Memory content before bitflip:0xfd0xff0xff0xff
2017-01-09 03:11:04:Memory content after  bitflip:0xfd0xff0xfd0xff
2017-01-09 03:11:04:Mem contents(hex):0xfd0xff0xfd0xff
2017-01-09 03:11:04:frame name: main
2017-01-09 03:11:04:symbol name: blosum62
2017-01-09 03:11:04:symbol filename: needle_check.cpp
2017-01-09 03:11:04:symbol line: 80
2017-01-09 03:11:04:value: {{4, -1, -2, -2, 0, -1, -1, 0, -2, -1, -1, -1, -1, -2, -1, 1, 0, -3, -2, 0, -2, -1, 0, -4}, {-1, 5, 0, -2, -3, 1, 0, -2, 0, -3, -2, 2, -1, -3, -2, -1, -1, -3, -2, -3, -1, 0, -1, -4}, {-2, 0, 6, 1, -3, 0, 0, 0, 1, -3, -3, 0, -2, -3, -2, 1, 0, -4, -2, -3, 3, 0, -1, -4}, {-2, -2, 1, 6, -3, 0, 2, -1, -1, -3, -4, -1, -3, -3, -1, 0, -1, -4, -3, -3, 4, 1, -1, -4}, {0, -3, -3, -3, 9, -3, -4, -3, -3, -1, -1, -3, -1, -2, -3, -1, -1, -2, -2, -1, -3, -3, -2, -4}, {-1, 1, 0, 0, -3, 5, 2, -2, 0, -3, -2, 1, 0, -3, -1, 0, -1, -2, -1, -2, 0, 3, -1, -4}, {-1, 0, 0, 2, -4, 2, 5, -2, 0, -3, -3, 1, -2, -3, -1, 0, -1, -3, -2, -2, 1, 4, -1, -4}, {0, -2, 0, -1, -3, -2, -2, 6, -2, -4, -4, -2, -3, -3, -2, 0, -2, -2, -3, -3, -1, -2, -1, -4}, {-2, 0, 1, -1, -3, 0, 0, -2, 8, -3, -3, -1, -2, -1, -2, -1, -2, -2, 2, -3, 0, 0, -1, -4}, {-1, -3, -3, -3, -1, -3, -3, -4, -3, 4, 2, -3, 1, 0, -3, -2, -1, -3, -1, 3, -3, -3, -1, -4}, {-1, -2, -3, -4, -1, -2, -3, -4, -3, 2, 4, -2, 2, 0, -3, -2, -1, -2, -1, 1, -4, -3, -1, -4}, {-1, 2, 0, -1, -3, 1, 1, -2, -1, -3, -2, 5, -1, -3, -1, 0, -1, -3, -2, -2, 0, 1, -1, -4}, {-1, -1, -2, -3, -1, 0, -2, -3, -2, 1, 2, -1, 5, 0, -2, -1, -1, -1, -1, 1, -3, -1, -1, -4}, {-2, -3, -3, -3, -2, -3, -3, -3, -1, 0, 0, -3, 0, 6, -4, -2, -2, 1, 3, -1, -3, -3, -1, -4}, {-1, -2, -2, -1, -3, -1, -1, -2, -2, -3, -3, -1, -2, -4, 7, -1, -1, -4, -131075, -2, -2, -1, -2, -4}, {1, -1, 1, 0, -1, 0, 0, 0, -1, -2, -2, 0, -1, -2, -1, 4, 1, -3, -2, -2, 0, 0, 0, -4}, {0, -1, 0, -1, -1, -1, -1, -2, -2, -1, -1, -1, -1, -2, -1, 1, 5, -2, -2, 0, -1, -1, 0, -4}, {-3, -3, -4, -4, -2, -2, -3, -2, -2, -3, -2, -3, -1, 1, -4, -3, -2, 11, 2, -3, -4, -3, -2, -4}, {-2, -2, -2, -3, -2, -1, -2, -3, 2, -1, -1, -2, -1, 3, -3, -2, -2, 2, 7, -1, -3, -2, -1, -4}, {0, -3, -3, -3, -1, -2, -2, -3, -3, 3, 1, -2, 1, -1, -2, -2, 0, -3, -1, 4, -3, -2, -1, -4}, {-2, -1, 3, 4, -3, 0, 1, -1, 0, -3, -4, 0, -3, -3, -2, 0, -1, -4, -3, -3, 4, 1, -1, -4}, {-1, 0, 0, 1, -3, 3, 4, -2, 0, -3, -3, 1, -1, -3, -1, 0, -1, -3, -2, -2, 1, 4, -1, -4}, {0, -1, -1, -1, -2, -1, -1, -1, -1, -1, -1, -1, -1, -1, -2, 0, 0, -2, -1, -1, -1, -1, -1, -4}, {-4 <repeats 23 times>, 1}}
2017-01-09 03:11:04:value address: 0x605e00 <blosum62>
2017-01-09 03:11:04:Type: The type is an array.
2017-01-09 03:11:04:Type sizeof: 2304
2017-01-09 03:11:04:Field name: None
2017-01-09 03:11:04:Field Type:
2017-01-09 03:11:04:Type: A range type, that is, an integer type with bounds.
2017-01-09 03:11:04:Type sizeof: 1
2017-01-09 03:11:04:Type range: (0L, 23L)
2017-01-09 03:11:04:Fault Injection Successful after 5.5977499485s
2017-01-09 03:11:04:Fault Already Injected
2017-01-09 03:11:04:Fault Already Injected
2017-01-09 03:11:04:Fault Already Injected
2017-01-09 03:11:05:Fault Already Injected
2017-01-09 03:11:05:Fault Already Injected
2017-01-09 03:11:05:Fault Already Injected
2017-01-09 03:11:05:Fault Already Injected
2017-01-09 03:11:05:Fault Already Injected
2017-01-09 03:11:05:Fault Already Injected
2017-01-09 03:11:05:Fault Already Injected
2017-01-09 03:11:05:Fault Already Injected
2017-01-09 03:11:06:Fault Already Injected
2017-01-09 03:11:06:Fault Already Injected
2017-01-09 03:11:06:Fault Already Injected
2017-01-09 03:11:06:Fault Already Injected
2017-01-09 03:11:06:Fault Already Injected
2017-01-09 03:11:06:Fault Already Injected
2017-01-09 03:11:06:Fault Already Injected
2017-01-09 03:11:07:Fault Already Injected
2017-01-09 03:11:07:Fault Already Injected
2017-01-09 03:11:07:Fault Already Injected
2017-01-09 03:11:07:Fault Already Injected
2017-01-09 03:11:07:Fault Already Injected
2017-01-09 03:11:07:Fault Already Injected
2017-01-09 03:11:07:Fault Already Injected
2017-01-09 03:11:07:Fault Already Injected
2017-01-09 03:11:08:Fault Already Injected
2017-01-09 03:11:08:Fault Already Injected
2017-01-09 03:11:08:Fault Already Injected
2017-01-09 03:11:08:Fault Already Injected
2017-01-09 03:11:08:Fault Already Injected
2017-01-09 03:11:08:Fault Already Injected
2017-01-09 03:11:08:Fault Already Injected
2017-01-09 03:11:09:Fault Already Injected
2017-01-09 03:11:09:Fault Already Injected
2017-01-09 03:11:09:Fault Already Injected
2017-01-09 03:11:09:Fault Already Injected
2017-01-09 03:11:09:Fault Already Injected
2017-01-09 03:11:09:Fault Already Injected
2017-01-09 03:11:09:Fault Already Injected
2017-01-09 03:11:09:Fault Already Injected
2017-01-09 03:11:10:Fault Already Injected
2017-01-09 03:11:10:Fault Already Injected
2017-01-09 03:11:10:Fault Already Injected
2017-01-09 03:11:10:Fault Already Injected
2017-01-09 03:11:10:Fault Already Injected
2017-01-09 03:11:10:Fault Already Injected
2017-01-09 03:11:10:Fault Already Injected
2017-01-09 03:11:11:Fault Already Injected
2017-01-09 03:11:11:Fault Already Injected
2017-01-09 03:11:11:Fault Already Injected
2017-01-09 03:11:11:Fault Already Injected
2017-01-09 03:11:11:Fault Already Injected
2017-01-09 03:11:11:Fault Already Injected
2017-01-09 03:11:11:Fault Already Injected
2017-01-09 03:11:11:Fault Already Injected
2017-01-09 03:11:12:Fault Already Injected
2017-01-09 03:11:12:Fault Already Injected
2017-01-09 03:11:12:Fault Already Injected
2017-01-09 03:11:12:Fault Already Injected
2017-01-09 03:11:12:Fault Already Injected
2017-01-09 03:11:12:Fault Already Injected
2017-01-09 03:11:12:Fault Already Injected
2017-01-09 03:11:13:Fault Already Injected
2017-01-09 03:11:13:Fault Already Injected
2017-01-09 03:11:13:Fault Already Injected
2017-01-09 03:11:13:Fault Already Injected
2017-01-09 03:11:13:Fault Already Injected
2017-01-09 03:11:13:Fault Already Injected
2017-01-09 03:11:13:Fault Already Injected
2017-01-09 03:11:14:Fault Already Injected
2017-01-09 03:11:14:Fault Already Injected
2017-01-09 03:11:14:Fault Already Injected
2017-01-09 03:11:14:Fault Already Injected
2017-01-09 03:11:14:Fault Already Injected
2017-01-09 03:11:14:Fault Already Injected
2017-01-09 03:11:14:Fault Already Injected
2017-01-09 03:11:14:Fault Already Injected
2017-01-09 03:11:15:Fault Already Injected
2017-01-09 03:11:15:Fault Already Injected
2017-01-09 03:11:15:Fault Already Injected
2017-01-09 03:11:15:Fault Already Injected
2017-01-09 03:11:15:Fault Already Injected
2017-01-09 03:11:15:Fault Already Injected
2017-01-09 03:11:15:Fault Already Injected
2017-01-09 03:11:16:Fault Already Injected
2017-01-09 03:11:16:Fault Already Injected
2017-01-09 03:11:16:Fault Already Injected
