[INFO -- 2017-02-25 11:03:30]
Starting GDB script
[INFO -- 2017-02-25 11:03:30]
initSignal:0.0
[INFO -- 2017-02-25 11:03:30]
endSignal:3.0
[INFO -- 2017-02-25 11:03:30]
seqSignal:15
[INFO -- 2017-02-25 11:03:30]
sending 15 signals using command: 'ssh -T mic1 killall -2 hotspot_check' after 0.412349659521s
[INFO -- 2017-02-25 11:03:31]
shell stdout: 
[INFO -- 2017-02-25 11:03:31]
sending 15 signals using command: 'ssh -T mic1 killall -2 hotspot_check' after 1.14723428748s
[INFO -- 2017-02-25 11:03:31]
sending 15 signals using command: 'ssh -T mic1 killall -2 hotspot_check' after 1.18226365892s
[INFO -- 2017-02-25 11:03:31]
shell stdout: 
[INFO -- 2017-02-25 11:03:31]
shell stdout: 
[INFO -- 2017-02-25 11:03:31]
shell stdout: 
[INFO -- 2017-02-25 11:03:31]
shell stdout: 
[INFO -- 2017-02-25 11:03:32]
shell stdout: 
[INFO -- 2017-02-25 11:03:32]
shell stdout: 
[INFO -- 2017-02-25 11:03:33]
shell stdout: 
[INFO -- 2017-02-25 11:03:34]
shell stdout: 
[INFO -- 2017-02-25 11:03:34]
shell stdout: 
[INFO -- 2017-02-25 11:03:34]
shell stdout: 
[INFO -- 2017-02-25 11:03:35]
shell stdout: 
[INFO -- 2017-02-25 11:03:35]
shell stdout: 
[INFO -- 2017-02-25 11:03:35]
shell stdout: 
[INFO -- 2017-02-25 11:03:36]
shell stdout: 
[INFO -- 2017-02-25 11:03:36]
shell stdout: 
[INFO -- 2017-02-25 11:03:36]
shell stdout: 
[INFO -- 2017-02-25 11:03:36]
shell stdout: 
[INFO -- 2017-02-25 11:03:36]
shell stdout: 
[INFO -- 2017-02-25 11:03:36]
shell stdout: 
[INFO -- 2017-02-25 11:03:37]
shell stdout: 
[INFO -- 2017-02-25 11:03:37]
shell stdout: 
[INFO -- 2017-02-25 11:03:37]
shell stdout: 
[INFO -- 2017-02-25 11:03:37]
shell stdout: 
[INFO -- 2017-02-25 11:03:37]
shell stdout: 
[INFO -- 2017-02-25 11:03:37]
shell stdout: 
[INFO -- 2017-02-25 11:03:38]
shell stdout: 
[INFO -- 2017-02-25 11:03:38]
shell stdout: 
[INFO -- 2017-02-25 11:03:38]
shell stdout: 
[INFO -- 2017-02-25 11:03:38]
shell stdout: 
[INFO -- 2017-02-25 11:03:38]
shell stdout: 
[INFO -- 2017-02-25 11:03:38]
shell stdout: 
[INFO -- 2017-02-25 11:03:38]
shell stdout: 
[INFO -- 2017-02-25 11:03:39]
shell stdout: 
[INFO -- 2017-02-25 11:03:39]
shell stdout: 
[INFO -- 2017-02-25 11:03:39]
shell stdout: 
[INFO -- 2017-02-25 11:03:39]
shell stdout: 
[INFO -- 2017-02-25 11:03:39]
shell stdout: 
[INFO -- 2017-02-25 11:03:39]
shell stdout: 
[INFO -- 2017-02-25 11:03:39]
shell stdout: 
[INFO -- 2017-02-25 11:03:40]
shell stdout: 
[INFO -- 2017-02-25 11:03:40]
shell stdout: 
[INFO -- 2017-02-25 11:03:40]
shell stdout: 
[INFO -- 2017-02-25 11:03:40]
shell stdout: 
[INFO -- 2017-02-25 11:03:40]
shell stdout: 
[INFO -- 2017-02-25 11:04:00]
no gdbExecName running, out:
[INFO -- 2017-02-25 11:04:00]
checCmd:ps -e | grep -i gdb-mic
[INFO -- 2017-02-25 11:04:00]
finished now-timestampStart < maxWaitTime*5
[INFO -- 2017-02-25 11:04:00]
now: 1488038639
[INFO -- 2017-02-25 11:04:00]
timestampStart: 1488038610
[INFO -- 2017-02-25 11:04:00]
kill cmd: killall -9 gdb-mic
[INFO -- 2017-02-25 11:04:00]
shell stdout: 
[INFO -- 2017-02-25 11:04:01]
kill cmd: ssh -T mic1 killall -9 hotspot_check
[INFO -- 2017-02-25 11:04:01]
shell stdout: 
[INFO -- 2017-02-25 11:04:01]
kill cmd: ssh -T mic1 killall -9 gdbserver
[INFO -- 2017-02-25 11:04:01]
shell stdout: 
[INFO -- 2017-02-25 11:04:01]
kill cmd: ssh -T mic1 killall -9 sshd
[INFO -- 2017-02-25 11:04:01]
shell stdout: 
