[INFO -- 2017-03-02 04:03:32]
Starting GDB script
[INFO -- 2017-03-02 04:03:32]
initSignal:0.0
[INFO -- 2017-03-02 04:03:32]
endSignal:3.0
[INFO -- 2017-03-02 04:03:32]
seqSignal:30
[INFO -- 2017-03-02 04:03:32]
sending 30 signals using command: 'ssh -T mic1 killall -2 lavamd_check' after 0.196273085851s
[INFO -- 2017-03-02 04:03:32]
sending 30 signals using command: 'ssh -T mic1 killall -2 lavamd_check' after 0.291367283507s
[INFO -- 2017-03-02 04:03:32]
shell stdout: 
[INFO -- 2017-03-02 04:03:32]
shell stdout: 
[INFO -- 2017-03-02 04:03:33]
shell stdout: 
[INFO -- 2017-03-02 04:03:33]
shell stdout: 
[INFO -- 2017-03-02 04:03:33]
shell stdout: 
[INFO -- 2017-03-02 04:03:33]
shell stdout: 
[INFO -- 2017-03-02 04:03:34]
shell stdout: 
[INFO -- 2017-03-02 04:03:34]
shell stdout: 
[INFO -- 2017-03-02 04:03:34]
sending 30 signals using command: 'ssh -T mic1 killall -2 lavamd_check' after 2.14481019968s
[INFO -- 2017-03-02 04:03:34]
shell stdout: 
[INFO -- 2017-03-02 04:03:34]
shell stdout: 
[INFO -- 2017-03-02 04:03:34]
shell stdout: 
[INFO -- 2017-03-02 04:03:34]
shell stdout: 
[INFO -- 2017-03-02 04:03:34]
shell stdout: 
[INFO -- 2017-03-02 04:03:35]
shell stdout: 
[INFO -- 2017-03-02 04:03:35]
shell stdout: 
[INFO -- 2017-03-02 04:03:35]
shell stdout: 
[INFO -- 2017-03-02 04:03:35]
shell stdout: 
[INFO -- 2017-03-02 04:03:35]
shell stdout: 
[INFO -- 2017-03-02 04:03:35]
shell stdout: 
[INFO -- 2017-03-02 04:03:36]
shell stdout: 
[INFO -- 2017-03-02 04:03:36]
shell stdout: 
[INFO -- 2017-03-02 04:03:36]
shell stdout: 
[INFO -- 2017-03-02 04:03:36]
shell stdout: 
[INFO -- 2017-03-02 04:03:36]
shell stdout: 
[INFO -- 2017-03-02 04:03:36]
shell stdout: 
[INFO -- 2017-03-02 04:03:37]
shell stdout: 
[INFO -- 2017-03-02 04:03:37]
shell stdout: 
[INFO -- 2017-03-02 04:03:37]
shell stdout: 
[INFO -- 2017-03-02 04:03:37]
shell stdout: 
[INFO -- 2017-03-02 04:03:38]
shell stdout: 
[INFO -- 2017-03-02 04:03:38]
shell stdout: 
[INFO -- 2017-03-02 04:03:38]
shell stdout: 
[INFO -- 2017-03-02 04:03:38]
shell stdout: 
[INFO -- 2017-03-02 04:03:38]
shell stdout: 
[INFO -- 2017-03-02 04:03:39]
shell stdout: 
[INFO -- 2017-03-02 04:03:39]
shell stdout: 
[INFO -- 2017-03-02 04:03:39]
shell stdout: 
[INFO -- 2017-03-02 04:03:39]
shell stdout: 
[INFO -- 2017-03-02 04:03:39]
shell stdout: 
[INFO -- 2017-03-02 04:03:39]
shell stdout: 
[INFO -- 2017-03-02 04:03:40]
shell stdout: 
[INFO -- 2017-03-02 04:03:40]
shell stdout: 
[INFO -- 2017-03-02 04:03:40]
shell stdout: 
[INFO -- 2017-03-02 04:03:40]
shell stdout: 
[INFO -- 2017-03-02 04:03:41]
shell stdout: 
[INFO -- 2017-03-02 04:03:41]
shell stdout: 
[INFO -- 2017-03-02 04:03:41]
shell stdout: 
[INFO -- 2017-03-02 04:03:41]
shell stdout: 
[INFO -- 2017-03-02 04:03:41]
shell stdout: 
[INFO -- 2017-03-02 04:03:42]
shell stdout: 
[INFO -- 2017-03-02 04:03:42]
shell stdout: 
[INFO -- 2017-03-02 04:03:42]
shell stdout: 
[INFO -- 2017-03-02 04:03:43]
shell stdout: 
[INFO -- 2017-03-02 04:03:43]
shell stdout: 
[INFO -- 2017-03-02 04:03:43]
shell stdout: 
[INFO -- 2017-03-02 04:03:43]
shell stdout: 
[INFO -- 2017-03-02 04:03:43]
shell stdout: 
[INFO -- 2017-03-02 04:03:43]
shell stdout: 
[INFO -- 2017-03-02 04:03:44]
shell stdout: 
[INFO -- 2017-03-02 04:03:44]
shell stdout: 
[INFO -- 2017-03-02 04:03:44]
shell stdout: 
[INFO -- 2017-03-02 04:03:45]
shell stdout: 
[INFO -- 2017-03-02 04:03:45]
shell stdout: 
[INFO -- 2017-03-02 04:03:45]
shell stdout: 
[INFO -- 2017-03-02 04:03:45]
shell stdout: 
[INFO -- 2017-03-02 04:03:45]
shell stdout: 
[INFO -- 2017-03-02 04:03:45]
shell stdout: 
[INFO -- 2017-03-02 04:03:46]
shell stdout: 
[INFO -- 2017-03-02 04:03:46]
shell stdout: 
[INFO -- 2017-03-02 04:03:46]
shell stdout: 
[INFO -- 2017-03-02 04:03:46]
shell stdout: 
[INFO -- 2017-03-02 04:03:46]
shell stdout: 
[INFO -- 2017-03-02 04:03:46]
shell stdout: 
[INFO -- 2017-03-02 04:03:47]
shell stdout: 
[INFO -- 2017-03-02 04:03:47]
shell stdout: 
[INFO -- 2017-03-02 04:03:47]
shell stdout: 
[INFO -- 2017-03-02 04:03:47]
shell stdout: 
[INFO -- 2017-03-02 04:03:47]
shell stdout: 
[INFO -- 2017-03-02 04:03:47]
shell stdout: 
[INFO -- 2017-03-02 04:03:48]
shell stdout: 
[INFO -- 2017-03-02 04:03:48]
shell stdout: 
[INFO -- 2017-03-02 04:03:48]
shell stdout: 
[INFO -- 2017-03-02 04:03:48]
shell stdout: 
[INFO -- 2017-03-02 04:03:48]
shell stdout: 
[INFO -- 2017-03-02 04:03:48]
shell stdout: 
[INFO -- 2017-03-02 04:03:49]
shell stdout: 
[INFO -- 2017-03-02 04:03:49]
shell stdout: 
[INFO -- 2017-03-02 04:03:50]
shell stdout: 
[INFO -- 2017-03-02 04:03:50]
shell stdout: 
[INFO -- 2017-03-02 04:03:51]
shell stdout: 
[INFO -- 2017-03-02 04:03:55]
no gdbExecName running, out:
[INFO -- 2017-03-02 04:03:55]
checCmd:ps -e | grep -i gdb-mic
[INFO -- 2017-03-02 04:03:55]
finished now-timestampStart < maxWaitTime*5
[INFO -- 2017-03-02 04:03:55]
now: 1488445434
[INFO -- 2017-03-02 04:03:55]
timestampStart: 1488445412
[INFO -- 2017-03-02 04:03:55]
kill cmd: killall -9 gdb-mic
[INFO -- 2017-03-02 04:03:55]
shell stdout: 
[INFO -- 2017-03-02 04:03:56]
kill cmd: ssh -T mic1 killall -9 lavamd_check
[INFO -- 2017-03-02 04:03:56]
shell stdout: 
[INFO -- 2017-03-02 04:03:56]
kill cmd: ssh -T mic1 killall -9 gdbserver
[INFO -- 2017-03-02 04:03:56]
shell stdout: 
[INFO -- 2017-03-02 04:03:56]
kill cmd: ssh -T mic1 killall -9 sshd
[INFO -- 2017-03-02 04:03:56]
shell stdout: 
