[INFO -- 2017-02-27 09:25:04]
Starting GDB script
[INFO -- 2017-02-27 09:25:04]
initSignal:0.0
[INFO -- 2017-02-27 09:25:04]
endSignal:2.0
[INFO -- 2017-02-27 09:25:04]
seqSignal:30
[INFO -- 2017-02-27 09:25:05]
sending 30 signals using command: 'ssh -T mic1 killall -2 lud_check' after 0.440013467396s
[INFO -- 2017-02-27 09:25:05]
sending 30 signals using command: 'ssh -T mic1 killall -2 lud_check' after 0.753070233444s
[INFO -- 2017-02-27 09:25:05]
shell stdout: 
[INFO -- 2017-02-27 09:25:05]
shell stdout: 
[INFO -- 2017-02-27 09:25:05]
shell stdout: 
[INFO -- 2017-02-27 09:25:06]
shell stdout: 
[INFO -- 2017-02-27 09:25:06]
shell stdout: 
[INFO -- 2017-02-27 09:25:06]
sending 30 signals using command: 'ssh -T mic1 killall -2 lud_check' after 1.82021965307s
[INFO -- 2017-02-27 09:25:06]
shell stdout: 
[INFO -- 2017-02-27 09:25:07]
shell stdout: 
[INFO -- 2017-02-27 09:25:07]
shell stdout: 
[INFO -- 2017-02-27 09:25:07]
shell stdout: 
[INFO -- 2017-02-27 09:25:07]
shell stdout: 
[INFO -- 2017-02-27 09:25:07]
shell stdout: 
[INFO -- 2017-02-27 09:25:08]
shell stdout: 
[INFO -- 2017-02-27 09:25:08]
shell stdout: 
[INFO -- 2017-02-27 09:25:08]
shell stdout: 
[INFO -- 2017-02-27 09:25:09]
shell stdout: 
[INFO -- 2017-02-27 09:25:09]
shell stdout: 
[INFO -- 2017-02-27 09:25:09]
shell stdout: 
[INFO -- 2017-02-27 09:25:09]
shell stdout: 
[INFO -- 2017-02-27 09:25:09]
shell stdout: 
[INFO -- 2017-02-27 09:25:09]
shell stdout: 
[INFO -- 2017-02-27 09:25:10]
shell stdout: 
[INFO -- 2017-02-27 09:25:10]
shell stdout: 
[INFO -- 2017-02-27 09:25:10]
shell stdout: 
[INFO -- 2017-02-27 09:25:11]
shell stdout: 
[INFO -- 2017-02-27 09:25:11]
shell stdout: 
[INFO -- 2017-02-27 09:25:11]
shell stdout: 
[INFO -- 2017-02-27 09:25:11]
shell stdout: 
[INFO -- 2017-02-27 09:25:11]
shell stdout: 
[INFO -- 2017-02-27 09:25:11]
shell stdout: 
[INFO -- 2017-02-27 09:25:12]
shell stdout: 
[INFO -- 2017-02-27 09:25:12]
shell stdout: 
[INFO -- 2017-02-27 09:25:12]
shell stdout: 
[INFO -- 2017-02-27 09:25:12]
shell stdout: 
[INFO -- 2017-02-27 09:25:12]
shell stdout: 
[INFO -- 2017-02-27 09:25:13]
shell stdout: 
[INFO -- 2017-02-27 09:25:13]
shell stdout: 
[INFO -- 2017-02-27 09:25:13]
shell stdout: 
[INFO -- 2017-02-27 09:25:13]
shell stdout: 
[INFO -- 2017-02-27 09:25:14]
shell stdout: 
[INFO -- 2017-02-27 09:25:14]
shell stdout: 
[INFO -- 2017-02-27 09:25:14]
shell stdout: 
[INFO -- 2017-02-27 09:25:14]
shell stdout: 
[INFO -- 2017-02-27 09:25:14]
shell stdout: 
[INFO -- 2017-02-27 09:25:15]
shell stdout: 
[INFO -- 2017-02-27 09:25:15]
shell stdout: 
[INFO -- 2017-02-27 09:25:15]
shell stdout: 
[INFO -- 2017-02-27 09:25:15]
shell stdout: 
[INFO -- 2017-02-27 09:25:16]
shell stdout: 
[INFO -- 2017-02-27 09:25:16]
shell stdout: 
[INFO -- 2017-02-27 09:25:16]
shell stdout: 
[INFO -- 2017-02-27 09:25:17]
shell stdout: 
[INFO -- 2017-02-27 09:25:17]
shell stdout: 
[INFO -- 2017-02-27 09:25:17]
shell stdout: 
[INFO -- 2017-02-27 09:25:18]
shell stdout: 
[INFO -- 2017-02-27 09:25:18]
shell stdout: 
[INFO -- 2017-02-27 09:25:18]
shell stdout: 
[INFO -- 2017-02-27 09:25:18]
shell stdout: 
[INFO -- 2017-02-27 09:25:18]
shell stdout: 
[INFO -- 2017-02-27 09:25:18]
shell stdout: 
[INFO -- 2017-02-27 09:25:19]
shell stdout: 
[INFO -- 2017-02-27 09:25:19]
shell stdout: 
[INFO -- 2017-02-27 09:25:19]
shell stdout: 
[INFO -- 2017-02-27 09:25:20]
shell stdout: 
[INFO -- 2017-02-27 09:25:20]
shell stdout: 
[INFO -- 2017-02-27 09:25:20]
shell stdout: 
[INFO -- 2017-02-27 09:25:21]
shell stdout: 
[INFO -- 2017-02-27 09:25:21]
shell stdout: 
[INFO -- 2017-02-27 09:25:21]
shell stdout: 
[INFO -- 2017-02-27 09:25:21]
shell stdout: 
[INFO -- 2017-02-27 09:25:21]
shell stdout: 
[INFO -- 2017-02-27 09:25:21]
shell stdout: 
[INFO -- 2017-02-27 09:25:22]
shell stdout: 
[INFO -- 2017-02-27 09:25:22]
shell stdout: 
[INFO -- 2017-02-27 09:25:22]
shell stdout: 
[INFO -- 2017-02-27 09:25:22]
shell stdout: 
[INFO -- 2017-02-27 09:25:22]
shell stdout: 
[INFO -- 2017-02-27 09:25:22]
shell stdout: 
[INFO -- 2017-02-27 09:25:23]
shell stdout: 
[INFO -- 2017-02-27 09:25:23]
shell stdout: 
[INFO -- 2017-02-27 09:25:23]
shell stdout: 
[INFO -- 2017-02-27 09:25:23]
shell stdout: 
[INFO -- 2017-02-27 09:25:23]
shell stdout: 
[INFO -- 2017-02-27 09:25:23]
shell stdout: 
[INFO -- 2017-02-27 09:25:24]
shell stdout: 
[INFO -- 2017-02-27 09:25:24]
shell stdout: 
[INFO -- 2017-02-27 09:25:24]
shell stdout: 
[INFO -- 2017-02-27 09:25:24]
shell stdout: 
[INFO -- 2017-02-27 09:25:24]
shell stdout: 
[INFO -- 2017-02-27 09:25:24]
shell stdout: 
[INFO -- 2017-02-27 09:25:25]
shell stdout: 
[INFO -- 2017-02-27 09:25:42]
no gdbExecName running, out:
[INFO -- 2017-02-27 09:25:42]
checCmd:ps -e | grep -i gdb-mic
[INFO -- 2017-02-27 09:25:42]
finished now-timestampStart < maxWaitTime*5
[INFO -- 2017-02-27 09:25:42]
now: 1488205541
[INFO -- 2017-02-27 09:25:42]
timestampStart: 1488205504
[INFO -- 2017-02-27 09:25:42]
kill cmd: killall -9 gdb-mic
[INFO -- 2017-02-27 09:25:42]
shell stdout: 
[INFO -- 2017-02-27 09:25:42]
kill cmd: ssh -T mic1 killall -9 lud_check
[INFO -- 2017-02-27 09:25:42]
shell stdout: 
[INFO -- 2017-02-27 09:25:43]
kill cmd: ssh -T mic1 killall -9 gdbserver
[INFO -- 2017-02-27 09:25:43]
shell stdout: 
[INFO -- 2017-02-27 09:25:43]
kill cmd: ssh -T mic1 killall -9 sshd
[INFO -- 2017-02-27 09:25:43]
shell stdout: 
