2016-10-18 00:04:53:Initialization strings:
2016-10-18 00:04:54:(1) target extended-remote | ssh -T mic0 gdbserver --multi -
2016-10-18 00:04:54:(2) set sysroot /opt/mpss/3.7/sysroots/k1om-mpss-linux/
2016-10-18 00:04:54:(3) set sysroot /opt/mpss/3.7/sysroots/k1om-mpss-linux/
2016-10-18 00:04:54:(4) file /micNfs/gdb-fault-injection-hotspot/bin/hotspot_check
2016-10-18 00:04:54:(5) set remote exec-file /micNfs/gdb-fault-injection-hotspot/bin/hotspot_check
2016-10-18 00:04:54:(6) set args 1024 1024 2000 228 /micNfs/gdb-fault-injection-hotspot/bin/temp_1024 /micNfs/gdb-fault-injection-hotspot/bin/power_1024 /micNfs/gdb-fault-injection-hotspot/bin/GOLD_1024-2000-228
2016-10-18 00:04:55:Trying Fault Injection
2016-10-18 00:04:55:Backtrace BEGIN:
2016-10-18 00:04:55:#0  0x00007ffff71392f5 in __GI__IO_getline_info (fp=fp@entry=0x609b40, buf=buf@entry=0x7fffffffe77a "327.921282\n", n=255, delim=delim@entry=10, extract_delim=extract_delim@entry=1, eof=eof@entry=0x0) at iogetline.c:58
#1  0x00007ffff7139498 in __GI__IO_getline (fp=fp@entry=0x609b40, buf=buf@entry=0x7fffffffe77a "327.921282\n", n=<optimized out>, delim=delim@entry=10, extract_delim=extract_delim@entry=1) at iogetline.c:38
#2  0x00007ffff7138312 in _IO_fgets (buf=0x7fffffffe77a "327.921282\n", n=<optimized out>, fp=0x609b40) at iofgets.c:56
#3  0x0000000000401712 in read_input (vect=<optimized out>, grid_rows=<optimized out>, grid_cols=-160649200, file=<optimized out>) at hotspot_check.c:201
#4  main (argc=6331200, argv=0x7fffffffe77a) at hotspot_check.c:264

2016-10-18 00:04:55:53	in iogetline.c

2016-10-18 00:04:55:Backtrace END
2016-10-18 00:04:55:Type: A floating point type.
2016-10-18 00:04:55:Type sizeof: 4
2016-10-18 00:04:55:Mem contents(hex):0x6f0x120x830x3c
2016-10-18 00:04:55:base address to flip value: 0x4073a0 
2016-10-18 00:04:55:address max offset: 4
2016-10-18 00:04:55:Memory content before bitflip:0x6f0x120x830x3c
2016-10-18 00:04:55:Memory content after  bitflip:0x6f0x320x830x3c
2016-10-18 00:04:55:Mem contents(hex):0x6f0x320x830x3c
2016-10-18 00:04:55:frame name: read_input
2016-10-18 00:04:55:symbol name: chip_width
2016-10-18 00:04:55:symbol filename: hotspot_check.c
2016-10-18 00:04:55:symbol line: 34
2016-10-18 00:04:55:value: 0.0160152595
2016-10-18 00:04:55:value address: 0x4073a0 <chip_width>
2016-10-18 00:04:55:Type: A floating point type.
2016-10-18 00:04:55:Type sizeof: 4
2016-10-18 00:04:55:Fault Injection Successful after 1.06626796722s
2016-10-18 00:04:55:Fault Already Injected
2016-10-18 00:04:56:Fault Already Injected
2016-10-18 00:04:58:Fault Already Injected
2016-10-18 00:04:58:Fault Already Injected
2016-10-18 00:05:02:Fault Already Injected
2016-10-18 00:05:02:Fault Already Injected
2016-10-18 00:05:03:Fault Already Injected
2016-10-18 00:05:04:Fault Already Injected
2016-10-18 00:05:04:Fault Already Injected
2016-10-18 00:05:08:event type: exit
2016-10-18 00:05:08:exit code: 0
