2017-01-24 05:14:37:shell stdout: 
2017-01-24 05:14:37:shell stdout: 
2017-01-24 05:14:37:shell stdout: 
2017-01-24 05:14:38:shell stdout: 
2017-01-24 05:14:38:Starting GDB script
2017-01-24 05:14:38:initSignal:2.0
2017-01-24 05:14:38:endSignal:4.0
2017-01-24 05:14:38:seqSignal:30
2017-01-24 05:14:40:sending 30 signals using command: 'ssh -T mic0 killall -2 lud_check' after 2.36653475434s
2017-01-24 05:14:41:sending 30 signals using command: 'ssh -T mic0 killall -2 lud_check' after 3.11357892742s
2017-01-24 05:14:41:sending 30 signals using command: 'ssh -T mic0 killall -2 lud_check' after 3.25655494269s
2017-01-24 05:14:41:shell stdout: 
2017-01-24 05:14:41:shell stdout: 
2017-01-24 05:14:41:shell stdout: 
2017-01-24 05:14:41:shell stdout: 
2017-01-24 05:14:42:shell stdout: 
2017-01-24 05:14:42:shell stdout: 
2017-01-24 05:14:42:shell stdout: 
2017-01-24 05:14:42:shell stdout: 
2017-01-24 05:14:42:shell stdout: 
2017-01-24 05:14:42:shell stdout: 
2017-01-24 05:14:43:shell stdout: 
2017-01-24 05:14:43:shell stdout: 
2017-01-24 05:14:43:shell stdout: 
2017-01-24 05:14:43:shell stdout: 
2017-01-24 05:14:43:shell stdout: 
2017-01-24 05:14:43:shell stdout: 
2017-01-24 05:14:43:shell stdout: 
2017-01-24 05:14:43:shell stdout: 
2017-01-24 05:14:44:shell stdout: 
2017-01-24 05:14:44:shell stdout: 
2017-01-24 05:14:44:shell stdout: 
2017-01-24 05:14:44:shell stdout: 
2017-01-24 05:14:44:shell stdout: 
2017-01-24 05:14:44:shell stdout: 
2017-01-24 05:14:44:shell stdout: 
2017-01-24 05:14:45:shell stdout: 
2017-01-24 05:14:45:shell stdout: 
2017-01-24 05:14:45:shell stdout: 
2017-01-24 05:14:45:shell stdout: 
2017-01-24 05:14:45:shell stdout: 
2017-01-24 05:14:45:shell stdout: 
2017-01-24 05:14:46:shell stdout: 
2017-01-24 05:14:46:shell stdout: 
2017-01-24 05:14:46:shell stdout: 
2017-01-24 05:14:46:shell stdout: 
2017-01-24 05:14:46:shell stdout: 
2017-01-24 05:14:46:shell stdout: 
2017-01-24 05:14:46:shell stdout: 
2017-01-24 05:14:47:shell stdout: 
2017-01-24 05:14:47:shell stdout: 
2017-01-24 05:14:47:shell stdout: 
2017-01-24 05:14:47:shell stdout: 
2017-01-24 05:14:47:shell stdout: 
2017-01-24 05:14:47:shell stdout: 
2017-01-24 05:14:47:shell stdout: 
2017-01-24 05:14:47:shell stdout: 
2017-01-24 05:14:48:shell stdout: 
2017-01-24 05:14:48:shell stdout: 
2017-01-24 05:14:48:shell stdout: 
2017-01-24 05:14:48:shell stdout: 
2017-01-24 05:14:48:shell stdout: 
2017-01-24 05:14:48:shell stdout: 
2017-01-24 05:14:49:shell stdout: 
2017-01-24 05:14:49:shell stdout: 
2017-01-24 05:14:49:shell stdout: 
2017-01-24 05:14:49:shell stdout: 
2017-01-24 05:14:49:shell stdout: 
2017-01-24 05:14:49:shell stdout: 
2017-01-24 05:14:49:shell stdout: 
2017-01-24 05:14:50:shell stdout: 
2017-01-24 05:14:50:shell stdout: 
2017-01-24 05:14:50:shell stdout: 
2017-01-24 05:14:50:shell stdout: 
2017-01-24 05:14:50:shell stdout: 
2017-01-24 05:14:50:shell stdout: 
2017-01-24 05:14:50:shell stdout: 
2017-01-24 05:14:50:shell stdout: 
2017-01-24 05:14:51:shell stdout: 
2017-01-24 05:14:51:shell stdout: 
2017-01-24 05:14:51:shell stdout: 
2017-01-24 05:14:51:shell stdout: 
2017-01-24 05:14:51:shell stdout: 
2017-01-24 05:14:51:shell stdout: 
2017-01-24 05:14:52:shell stdout: 
2017-01-24 05:14:52:shell stdout: 
2017-01-24 05:14:52:shell stdout: 
2017-01-24 05:14:52:shell stdout: 
2017-01-24 05:14:52:shell stdout: 
2017-01-24 05:14:52:shell stdout: 
2017-01-24 05:14:52:shell stdout: 
2017-01-24 05:14:53:shell stdout: 
2017-01-24 05:14:53:shell stdout: 
2017-01-24 05:14:53:shell stdout: 
2017-01-24 05:14:53:shell stdout: 
2017-01-24 05:14:53:shell stdout: 
2017-01-24 05:14:53:shell stdout: 
2017-01-24 05:14:53:shell stdout: 
2017-01-24 05:14:53:shell stdout: 
2017-01-24 05:14:54:shell stdout: 
2017-01-24 05:14:54:shell stdout: 
2017-01-24 05:15:15:no gdbExecName running, out:
2017-01-24 05:15:15:checCmd:ps -e | grep -i gdb-mic
2017-01-24 05:15:15:finished now-timestampStart < maxWaitTime*5
2017-01-24 05:15:15:now: 1485252914
2017-01-24 05:15:15:timestampStart: 1485252878
2017-01-24 05:15:15:kill cmd: killall -9 gdb-mic
2017-01-24 05:15:15:shell stdout: 
2017-01-24 05:15:15:kill cmd: ssh -T mic0 killall -9 lud_check
2017-01-24 05:15:15:shell stdout: 
2017-01-24 05:15:16:kill cmd: ssh -T mic0 killall -9 gdbserver
2017-01-24 05:15:16:shell stdout: 
2017-01-24 05:15:16:kill cmd: ssh -T mic0 killall -9 sshd
2017-01-24 05:15:16:shell stdout: 
