[INFO -- 2017-03-14 17:09:05]
Starting flip_value script
version: 2.0
[INFO -- 2017-03-14 17:09:05]
Initialization strings:
[INFO -- 2017-03-14 17:09:05]
(1) target extended-remote | ssh -T mic0 gdbserver --multi -
[INFO -- 2017-03-14 17:09:05]
(2) set sysroot /opt/mpss/3.7/sysroots/k1om-mpss-linux/
[INFO -- 2017-03-14 17:09:05]
(3) set sysroot /opt/mpss/3.7/sysroots/k1om-mpss-linux/
[INFO -- 2017-03-14 17:09:06]
(4) file /micNfs/gdb-fault-injection/injector/bin/clamr/clamr_openmponly
[INFO -- 2017-03-14 17:09:06]
(5) set remote exec-file /micNfs/gdb-fault-injection/injector/bin/clamr/clamr_openmponly
[INFO -- 2017-03-14 17:09:06]
(6) cd /micNfs/gdb-fault-injection/injector/bin/clamr
[INFO -- 2017-03-14 17:09:06]
(7) set args -n 512 -t 100 -g 100 -G data -j md5file
[INFO -- 2017-03-14 17:09:06]
initSignal:30
[INFO -- 2017-03-14 17:09:06]
endSignal:35
[INFO -- 2017-03-14 17:09:06]
seqSignal:20
[INFO -- 2017-03-14 17:09:06]
faultMode:2
[INFO -- 2017-03-14 17:09:47]
Backtrace BEGIN:
#0  0x000000000052096b in Mesh::rezone_all (this=0x7f9a50, icount=24, jcount=0, mpot=..., have_state=1, state_memory=...) at /micNfs/gdb-fault-injection/injector/src/clamr/CLAMR/mesh/mesh.cpp:3208
#1  0x0000000000471447 in State::rezone_all (this=0x7fa5e0, icount=24, jcount=0, mpot=...) at /micNfs/gdb-fault-injection/injector/src/clamr/CLAMR/state.cpp:1034
#2  0x0000000000446030 in do_calc () at /micNfs/gdb-fault-injection/injector/src/clamr/CLAMR/clamr_cpuonly.cpp:462
#3  0x0000000000445a73 in main (argc=11, argv=0x7fffffffec58) at /micNfs/gdb-fault-injection/injector/src/clamr/CLAMR/clamr_cpuonly.cpp:380

3203	
3204	      for (int ic = 0; ic < (int)ncells; ic++){
3205	         int nc = index[ic];
3206	
3207	         if (mpot[ic] == 0){
3208	            if (nlft_old[ic] < (int)ncells && nlft_old[ic] >= 0){
3209	               nlft[nc] = (mpot[nlft_old[ic]] == 0) ? index[nlft_old[ic]] : -1;
3210	            }
3211	            if (nrht_old[ic] < (int)ncells && nrht_old[ic] >= 0){
3212	               nrht[nc] = (mpot[nrht_old[ic]] == 0) ? index[nrht_old[ic]] : -1;

Backtrace END
Fliping array at pos: 16
Fliping a bit of the value pointed by a pointer
Memory content before bitflip:0x6d
Fault Mode: Random bit-flip
base address to flip value: 0x57212c 
address max offset: 1
Memory content after  bitflip:0xb8
frame name: Mesh::rezone_all
symbol name: mesh_timer_descriptor
symbol filename: /micNfs/gdb-fault-injection/injector/src/clamr/CLAMR/mesh/mesh.cpp
symbol line: 149
value: {0x571f98 "mesh_timer_count_BCs", 0x571fb0 "mesh_timer_calc_neighbors", 0x571fcc "mesh_timer_hash_setup", 0x571fe4 "mesh_timer_hash_query", 0x571ffc "mesh_timer_find_boundary", 0x572018 "mesh_timer_push_setup", 0x572030 "mesh_timer_push_boundary", 0x57204c "mesh_timer_local_list", 0x572064 "mesh_timer_layer1", 0x572078 "mesh_timer_layer2", 0x57208c "mesh_timer_layer_list", 0x5720a4 "mesh_timer_copy_mesh_data", 0x5720c0 "mesh_timer_fill_mesh_ghost", 0x5720dc "mesh_timer_fill_neigh_ghost", 0x5720f8 "mesh_timer_set_corner_neigh", 0x572114 "mesh_timer_neigh_adjust", 0x57212c "\270esh_timer_setup_comm", 0x572144 "mesh_timer_kdtree_setup", 0x57215c "mesh_timer_kdtree_query", 0x572174 "mesh_timer_refine_smooth", 0x572190 "mesh_timer_rezone_all", 0x5721a8 "mesh_timer_partition", 0x5721c0 "mesh_timer_calc_spatial_coordinates", 0x5721e4 "mesh_timer_load_balance"}
value address: 0x7cee20 <mesh_timer_descriptor>
Type: The type is an array.
Type sizeof: 192
Field name: None
Field Type: A range type, that is, an integer type with bounds.
Field Type sizeof: 1
Field Type range: (0L, 23L)

[INFO -- 2017-03-14 17:09:47]
Fault Injection Successful after 41.3780651093s
[INFO -- 2017-03-14 17:10:08]
event type: exit
[INFO -- 2017-03-14 17:10:08]
exit code: 0
