2016-10-16 03:07:03:Starting GDB script
2016-10-16 03:07:05:sending signal using command: 'ssh -T mic0 killall -2 needle_check' after 1.70178545577s
2016-10-16 03:07:05:shell stdout: 
2016-10-16 03:07:06:sending signal using command: 'ssh -T mic0 killall -2 needle_check' after 3.15576325381s
2016-10-16 03:07:06:shell stdout: 
2016-10-16 03:07:07:sending signal using command: 'ssh -T mic0 killall -2 needle_check' after 3.73617629962s
2016-10-16 03:07:07:shell stdout: 
2016-10-16 03:07:08:sending signal using command: 'ssh -T mic0 killall -2 needle_check' after 5.3001284031s
2016-10-16 03:07:08:shell stdout: 
2016-10-16 03:07:09:sending signal using command: 'ssh -T mic0 killall -2 needle_check' after 5.9211147011s
2016-10-16 03:07:09:shell stdout: 
2016-10-16 03:07:12:sending signal using command: 'ssh -T mic0 killall -2 needle_check' after 8.90464377303s
2016-10-16 03:07:12:shell stdout: 
2016-10-16 03:07:13:sending signal using command: 'ssh -T mic0 killall -2 needle_check' after 10.5243413384s
2016-10-16 03:07:13:shell stdout: 
2016-10-16 03:07:15:sending signal using command: 'ssh -T mic0 killall -2 needle_check' after 12.077773638s
2016-10-16 03:07:15:shell stdout: 
2016-10-16 03:07:16:sending signal using command: 'ssh -T mic0 killall -2 needle_check' after 12.8640815157s
2016-10-16 03:07:16:shell stdout: 
2016-10-16 03:07:17:sending signal using command: 'ssh -T mic0 killall -2 needle_check' after 13.8584335885s
2016-10-16 03:07:17:shell stdout: 
2016-10-16 03:08:28:finished due now-timestampStart > maxWaitTime*5
2016-10-16 03:08:28:now: 1476601708
2016-10-16 03:08:28:timestampStart: 1476601623
2016-10-16 03:08:28:kill cmd: killall -9 gdb-mic
2016-10-16 03:08:28:shell stdout: 
2016-10-16 03:08:29:kill cmd: ssh -T mic0 killall -9 needle_check
2016-10-16 03:08:29:shell stdout: 
2016-10-16 03:08:29:kill cmd: ssh -T mic0 killall -9 gdbserver
2016-10-16 03:08:29:shell stdout: 
2016-10-16 03:08:29:kill cmd: ssh -T mic0 killall -9 sshd
2016-10-16 03:08:29:shell stdout: 
