[INFO -- 2017-02-26 19:43:26]
Starting GDB script
[INFO -- 2017-02-26 19:43:26]
initSignal:3.0
[INFO -- 2017-02-26 19:43:26]
endSignal:6.0
[INFO -- 2017-02-26 19:43:26]
seqSignal:15
[INFO -- 2017-02-26 19:43:30]
sending 15 signals using command: 'ssh -T mic0 killall -2 hotspot_check' after 3.79733925442s
[INFO -- 2017-02-26 19:43:30]
sending 15 signals using command: 'ssh -T mic0 killall -2 hotspot_check' after 3.94886668072s
[INFO -- 2017-02-26 19:43:31]
shell stdout: 
[INFO -- 2017-02-26 19:43:31]
shell stdout: 
[INFO -- 2017-02-26 19:43:31]
shell stdout: 
[INFO -- 2017-02-26 19:43:31]
shell stdout: 
[INFO -- 2017-02-26 19:43:31]
shell stdout: 
[INFO -- 2017-02-26 19:43:32]
shell stdout: 
[INFO -- 2017-02-26 19:43:32]
shell stdout: 
[INFO -- 2017-02-26 19:43:32]
sending 15 signals using command: 'ssh -T mic0 killall -2 hotspot_check' after 5.43161920247s
[INFO -- 2017-02-26 19:43:32]
shell stdout: 
[INFO -- 2017-02-26 19:43:32]
shell stdout: 
[INFO -- 2017-02-26 19:43:32]
shell stdout: 
[INFO -- 2017-02-26 19:43:32]
shell stdout: 
[INFO -- 2017-02-26 19:43:33]
shell stdout: 
[INFO -- 2017-02-26 19:43:33]
shell stdout: 
[INFO -- 2017-02-26 19:43:33]
shell stdout: 
[INFO -- 2017-02-26 19:43:33]
shell stdout: 
[INFO -- 2017-02-26 19:43:33]
shell stdout: 
[INFO -- 2017-02-26 19:43:33]
shell stdout: 
[INFO -- 2017-02-26 19:43:34]
shell stdout: 
[INFO -- 2017-02-26 19:43:34]
shell stdout: 
[INFO -- 2017-02-26 19:43:34]
shell stdout: 
[INFO -- 2017-02-26 19:43:34]
shell stdout: 
[INFO -- 2017-02-26 19:43:34]
shell stdout: 
[INFO -- 2017-02-26 19:43:34]
shell stdout: 
[INFO -- 2017-02-26 19:43:34]
shell stdout: 
[INFO -- 2017-02-26 19:43:34]
shell stdout: 
[INFO -- 2017-02-26 19:43:34]
shell stdout: 
[INFO -- 2017-02-26 19:43:35]
shell stdout: 
[INFO -- 2017-02-26 19:43:35]
shell stdout: 
[INFO -- 2017-02-26 19:43:35]
shell stdout: 
[INFO -- 2017-02-26 19:43:35]
shell stdout: 
[INFO -- 2017-02-26 19:43:35]
shell stdout: 
[INFO -- 2017-02-26 19:43:35]
shell stdout: 
[INFO -- 2017-02-26 19:43:36]
shell stdout: 
[INFO -- 2017-02-26 19:43:36]
shell stdout: 
[INFO -- 2017-02-26 19:43:36]
shell stdout: 
[INFO -- 2017-02-26 19:43:36]
shell stdout: 
[INFO -- 2017-02-26 19:43:36]
shell stdout: 
[INFO -- 2017-02-26 19:43:36]
shell stdout: 
[INFO -- 2017-02-26 19:43:36]
shell stdout: 
[INFO -- 2017-02-26 19:43:36]
shell stdout: 
[INFO -- 2017-02-26 19:43:37]
shell stdout: 
[INFO -- 2017-02-26 19:43:37]
shell stdout: 
[INFO -- 2017-02-26 19:43:37]
shell stdout: 
[INFO -- 2017-02-26 19:43:38]
shell stdout: 
[INFO -- 2017-02-26 19:43:38]
shell stdout: 
[INFO -- 2017-02-26 19:44:31]
no gdbExecName running, out:
[INFO -- 2017-02-26 19:44:31]
checCmd:ps -e | grep -i gdb-mic
[INFO -- 2017-02-26 19:44:31]
finished now-timestampStart < maxWaitTime*5
[INFO -- 2017-02-26 19:44:31]
now: 1488156269
[INFO -- 2017-02-26 19:44:31]
timestampStart: 1488156206
[INFO -- 2017-02-26 19:44:31]
kill cmd: killall -9 gdb-mic
[INFO -- 2017-02-26 19:44:31]
shell stdout: 
[INFO -- 2017-02-26 19:44:31]
kill cmd: ssh -T mic0 killall -9 hotspot_check
[INFO -- 2017-02-26 19:44:31]
shell stdout: 
[INFO -- 2017-02-26 19:44:31]
kill cmd: ssh -T mic0 killall -9 gdbserver
[INFO -- 2017-02-26 19:44:31]
shell stdout: 
[INFO -- 2017-02-26 19:44:32]
kill cmd: ssh -T mic0 killall -9 sshd
[INFO -- 2017-02-26 19:44:32]
shell stdout: 
