[INFO -- 2017-03-05 15:48:17]
Starting GDB script
[INFO -- 2017-03-05 15:48:17]
initSignal:8.0
[INFO -- 2017-03-05 15:48:17]
endSignal:12.0
[INFO -- 2017-03-05 15:48:17]
seqSignal:30
[INFO -- 2017-03-05 15:48:27]
sending 30 signals using command: 'ssh -T mic0 killall -2 needle_check' after 9.75194165848s
[INFO -- 2017-03-05 15:48:27]
shell stdout: 
[INFO -- 2017-03-05 15:48:28]
shell stdout: 
[INFO -- 2017-03-05 15:48:28]
sending 30 signals using command: 'ssh -T mic0 killall -2 needle_check' after 10.7543302199s
[INFO -- 2017-03-05 15:48:28]
sending 30 signals using command: 'ssh -T mic0 killall -2 needle_check' after 10.8648947796s
[INFO -- 2017-03-05 15:48:28]
shell stdout: 
[INFO -- 2017-03-05 15:48:28]
shell stdout: 
[INFO -- 2017-03-05 15:48:28]
shell stdout: 
[INFO -- 2017-03-05 15:48:29]
shell stdout: 
[INFO -- 2017-03-05 15:48:29]
shell stdout: 
[INFO -- 2017-03-05 15:48:29]
shell stdout: 
[INFO -- 2017-03-05 15:48:29]
shell stdout: 
[INFO -- 2017-03-05 15:48:29]
shell stdout: 
[INFO -- 2017-03-05 15:48:29]
shell stdout: 
[INFO -- 2017-03-05 15:48:30]
shell stdout: 
[INFO -- 2017-03-05 15:48:30]
shell stdout: 
[INFO -- 2017-03-05 15:48:30]
shell stdout: 
[INFO -- 2017-03-05 15:48:30]
shell stdout: 
[INFO -- 2017-03-05 15:48:30]
shell stdout: 
[INFO -- 2017-03-05 15:48:30]
shell stdout: 
[INFO -- 2017-03-05 15:48:30]
shell stdout: 
[INFO -- 2017-03-05 15:48:31]
shell stdout: 
[INFO -- 2017-03-05 15:48:31]
shell stdout: 
[INFO -- 2017-03-05 15:48:31]
shell stdout: 
[INFO -- 2017-03-05 15:48:31]
shell stdout: 
[INFO -- 2017-03-05 15:48:31]
shell stdout: 
[INFO -- 2017-03-05 15:48:31]
shell stdout: 
[INFO -- 2017-03-05 15:48:31]
shell stdout: 
[INFO -- 2017-03-05 15:48:31]
shell stdout: 
[INFO -- 2017-03-05 15:48:32]
shell stdout: 
[INFO -- 2017-03-05 15:48:32]
shell stdout: 
[INFO -- 2017-03-05 15:48:32]
shell stdout: 
[INFO -- 2017-03-05 15:48:32]
shell stdout: 
[INFO -- 2017-03-05 15:48:32]
shell stdout: 
[INFO -- 2017-03-05 15:48:32]
shell stdout: 
[INFO -- 2017-03-05 15:48:33]
shell stdout: 
[INFO -- 2017-03-05 15:48:33]
shell stdout: 
[INFO -- 2017-03-05 15:48:33]
shell stdout: 
[INFO -- 2017-03-05 15:48:33]
shell stdout: 
[INFO -- 2017-03-05 15:48:33]
shell stdout: 
[INFO -- 2017-03-05 15:48:33]
shell stdout: 
[INFO -- 2017-03-05 15:48:33]
shell stdout: 
[INFO -- 2017-03-05 15:48:33]
shell stdout: 
[INFO -- 2017-03-05 15:48:34]
shell stdout: 
[INFO -- 2017-03-05 15:48:34]
shell stdout: 
[INFO -- 2017-03-05 15:48:34]
shell stdout: 
[INFO -- 2017-03-05 15:48:34]
shell stdout: 
[INFO -- 2017-03-05 15:48:34]
shell stdout: 
[INFO -- 2017-03-05 15:48:34]
shell stdout: 
[INFO -- 2017-03-05 15:48:34]
shell stdout: 
[INFO -- 2017-03-05 15:48:35]
shell stdout: 
[INFO -- 2017-03-05 15:48:35]
shell stdout: 
[INFO -- 2017-03-05 15:48:35]
shell stdout: 
[INFO -- 2017-03-05 15:48:35]
shell stdout: 
[INFO -- 2017-03-05 15:48:35]
shell stdout: 
[INFO -- 2017-03-05 15:48:35]
shell stdout: 
[INFO -- 2017-03-05 15:48:35]
shell stdout: 
[INFO -- 2017-03-05 15:48:36]
shell stdout: 
[INFO -- 2017-03-05 15:48:36]
shell stdout: 
[INFO -- 2017-03-05 15:48:36]
shell stdout: 
[INFO -- 2017-03-05 15:48:36]
shell stdout: 
[INFO -- 2017-03-05 15:48:36]
shell stdout: 
[INFO -- 2017-03-05 15:48:36]
shell stdout: 
[INFO -- 2017-03-05 15:48:36]
shell stdout: 
[INFO -- 2017-03-05 15:48:36]
shell stdout: 
[INFO -- 2017-03-05 15:48:37]
shell stdout: 
[INFO -- 2017-03-05 15:48:37]
shell stdout: 
[INFO -- 2017-03-05 15:48:37]
shell stdout: 
[INFO -- 2017-03-05 15:48:37]
shell stdout: 
[INFO -- 2017-03-05 15:48:37]
shell stdout: 
[INFO -- 2017-03-05 15:48:37]
shell stdout: 
[INFO -- 2017-03-05 15:48:37]
shell stdout: 
[INFO -- 2017-03-05 15:48:38]
shell stdout: 
[INFO -- 2017-03-05 15:48:38]
shell stdout: 
[INFO -- 2017-03-05 15:48:38]
shell stdout: 
[INFO -- 2017-03-05 15:48:38]
shell stdout: 
[INFO -- 2017-03-05 15:48:38]
shell stdout: 
[INFO -- 2017-03-05 15:48:38]
shell stdout: 
[INFO -- 2017-03-05 15:48:38]
shell stdout: 
[INFO -- 2017-03-05 15:48:38]
shell stdout: 
[INFO -- 2017-03-05 15:48:39]
shell stdout: 
[INFO -- 2017-03-05 15:48:39]
shell stdout: 
[INFO -- 2017-03-05 15:48:39]
shell stdout: 
[INFO -- 2017-03-05 15:48:39]
shell stdout: 
[INFO -- 2017-03-05 15:48:39]
shell stdout: 
[INFO -- 2017-03-05 15:48:39]
shell stdout: 
[INFO -- 2017-03-05 15:48:40]
shell stdout: 
[INFO -- 2017-03-05 15:48:40]
shell stdout: 
[INFO -- 2017-03-05 15:48:40]
shell stdout: 
[INFO -- 2017-03-05 15:48:41]
shell stdout: 
[INFO -- 2017-03-05 15:48:41]
shell stdout: 
[INFO -- 2017-03-05 15:48:42]
shell stdout: 
[INFO -- 2017-03-05 15:48:42]
shell stdout: 
[INFO -- 2017-03-05 15:49:42]
finished due now-timestampStart > maxWaitTime*5
[INFO -- 2017-03-05 15:49:42]
now: 1488746982
[INFO -- 2017-03-05 15:49:42]
timestampStart: 1488746897
[INFO -- 2017-03-05 15:49:42]
kill cmd: killall -9 gdb-mic
[INFO -- 2017-03-05 15:49:42]
shell stdout: 
[INFO -- 2017-03-05 15:49:42]
kill cmd: ssh -T mic0 killall -9 needle_check
[INFO -- 2017-03-05 15:49:42]
shell stdout: 
[INFO -- 2017-03-05 15:49:42]
kill cmd: ssh -T mic0 killall -9 gdbserver
[INFO -- 2017-03-05 15:49:42]
shell stdout: 
[INFO -- 2017-03-05 15:49:43]
kill cmd: ssh -T mic0 killall -9 sshd
[INFO -- 2017-03-05 15:49:43]
shell stdout: 
