2016-10-27 16:07:42:Starting GDB script
2016-10-27 16:07:43:sending signal using command: 'ssh -T mic0 killall -2 lavamd' after 0.977344042229s
2016-10-27 16:07:43:shell stdout: 
2016-10-27 16:07:44:sending signal using command: 'ssh -T mic0 killall -2 lavamd' after 1.71334628906s
2016-10-27 16:07:44:shell stdout: 
2016-10-27 16:07:46:sending signal using command: 'ssh -T mic0 killall -2 lavamd' after 3.21389982031s
2016-10-27 16:07:46:shell stdout: 
2016-10-27 16:07:47:sending signal using command: 'ssh -T mic0 killall -2 lavamd' after 3.76039379758s
2016-10-27 16:07:47:shell stdout: 
2016-10-27 16:07:48:sending signal using command: 'ssh -T mic0 killall -2 lavamd' after 4.8973850697s
2016-10-27 16:07:48:shell stdout: 
2016-10-27 16:07:48:sending signal using command: 'ssh -T mic0 killall -2 lavamd' after 5.13929450375s
2016-10-27 16:07:48:shell stdout: 
2016-10-27 16:07:49:sending signal using command: 'ssh -T mic0 killall -2 lavamd' after 6.14594143494s
2016-10-27 16:07:49:shell stdout: 
2016-10-27 16:07:50:sending signal using command: 'ssh -T mic0 killall -2 lavamd' after 7.11528869148s
2016-10-27 16:07:50:shell stdout: 
2016-10-27 16:07:50:sending signal using command: 'ssh -T mic0 killall -2 lavamd' after 7.23455918808s
2016-10-27 16:07:50:shell stdout: 
2016-10-27 16:07:51:sending signal using command: 'ssh -T mic0 killall -2 lavamd' after 8.47088206942s
2016-10-27 16:07:51:shell stdout: 
2016-10-27 16:07:59:no gdbExecName running, out:
2016-10-27 16:07:59:checCmd:ps -e | grep -i gdb-mic
2016-10-27 16:07:59:finished now-timestampStart < maxWaitTime*5
2016-10-27 16:07:59:now: 1477598878
2016-10-27 16:07:59:timestampStart: 1477598862
2016-10-27 16:07:59:kill cmd: killall -9 gdb-mic
2016-10-27 16:07:59:shell stdout: 
2016-10-27 16:07:59:kill cmd: ssh -T mic0 killall -9 lavamd
2016-10-27 16:07:59:shell stdout: 
2016-10-27 16:08:00:kill cmd: ssh -T mic0 killall -9 gdbserver
2016-10-27 16:08:00:shell stdout: 
2016-10-27 16:08:00:kill cmd: ssh -T mic0 killall -9 sshd
2016-10-27 16:08:00:shell stdout: 
