[INFO -- 2017-03-24 04:30:03]
Starting GDB script
[INFO -- 2017-03-24 04:30:03]
initSignal:4.0
[INFO -- 2017-03-24 04:30:03]
endSignal:8.0
[INFO -- 2017-03-24 04:30:03]
seqSignal:30
[INFO -- 2017-03-24 04:30:08]
sending 30 signals using command: 'ssh -T mic0 killall -2 needle_check' after 4.50215127196s
[INFO -- 2017-03-24 04:30:08]
sending 30 signals using command: 'ssh -T mic0 killall -2 needle_check' after 4.50907793804s
[INFO -- 2017-03-24 04:30:08]
shell stdout: 
[INFO -- 2017-03-24 04:30:08]
shell stdout: 
[INFO -- 2017-03-24 04:30:09]
shell stdout: 
[INFO -- 2017-03-24 04:30:09]
shell stdout: 
[INFO -- 2017-03-24 04:30:09]
shell stdout: 
[INFO -- 2017-03-24 04:30:09]
shell stdout: 
[INFO -- 2017-03-24 04:30:09]
shell stdout: 
[INFO -- 2017-03-24 04:30:09]
shell stdout: 
[INFO -- 2017-03-24 04:30:10]
shell stdout: 
[INFO -- 2017-03-24 04:30:10]
shell stdout: 
[INFO -- 2017-03-24 04:30:10]
shell stdout: 
[INFO -- 2017-03-24 04:30:10]
shell stdout: 
[INFO -- 2017-03-24 04:30:11]
shell stdout: 
[INFO -- 2017-03-24 04:30:11]
shell stdout: 
[INFO -- 2017-03-24 04:30:11]
sending 30 signals using command: 'ssh -T mic0 killall -2 needle_check' after 7.66037065223s
[INFO -- 2017-03-24 04:30:11]
shell stdout: 
[INFO -- 2017-03-24 04:30:11]
shell stdout: 
[INFO -- 2017-03-24 04:30:11]
shell stdout: 
[INFO -- 2017-03-24 04:30:11]
shell stdout: 
[INFO -- 2017-03-24 04:30:12]
shell stdout: 
[INFO -- 2017-03-24 04:30:12]
shell stdout: 
[INFO -- 2017-03-24 04:30:12]
shell stdout: 
[INFO -- 2017-03-24 04:30:12]
shell stdout: 
[INFO -- 2017-03-24 04:30:12]
shell stdout: 
[INFO -- 2017-03-24 04:30:12]
shell stdout: 
[INFO -- 2017-03-24 04:30:12]
shell stdout: 
[INFO -- 2017-03-24 04:30:12]
shell stdout: 
[INFO -- 2017-03-24 04:30:13]
shell stdout: 
[INFO -- 2017-03-24 04:30:13]
shell stdout: 
[INFO -- 2017-03-24 04:30:13]
shell stdout: 
[INFO -- 2017-03-24 04:30:13]
shell stdout: 
[INFO -- 2017-03-24 04:30:13]
shell stdout: 
[INFO -- 2017-03-24 04:30:13]
shell stdout: 
[INFO -- 2017-03-24 04:30:14]
shell stdout: 
[INFO -- 2017-03-24 04:30:14]
shell stdout: 
[INFO -- 2017-03-24 04:30:14]
shell stdout: 
[INFO -- 2017-03-24 04:30:14]
shell stdout: 
[INFO -- 2017-03-24 04:30:14]
shell stdout: 
[INFO -- 2017-03-24 04:30:14]
shell stdout: 
[INFO -- 2017-03-24 04:30:14]
shell stdout: 
[INFO -- 2017-03-24 04:30:14]
shell stdout: 
[INFO -- 2017-03-24 04:30:15]
shell stdout: 
[INFO -- 2017-03-24 04:30:15]
shell stdout: 
[INFO -- 2017-03-24 04:30:15]
shell stdout: 
[INFO -- 2017-03-24 04:30:15]
shell stdout: 
[INFO -- 2017-03-24 04:30:15]
shell stdout: 
[INFO -- 2017-03-24 04:30:15]
shell stdout: 
[INFO -- 2017-03-24 04:30:15]
shell stdout: 
[INFO -- 2017-03-24 04:30:16]
shell stdout: 
[INFO -- 2017-03-24 04:30:16]
shell stdout: 
[INFO -- 2017-03-24 04:30:16]
shell stdout: 
[INFO -- 2017-03-24 04:30:16]
shell stdout: 
[INFO -- 2017-03-24 04:30:16]
shell stdout: 
[INFO -- 2017-03-24 04:30:16]
shell stdout: 
[INFO -- 2017-03-24 04:30:16]
shell stdout: 
[INFO -- 2017-03-24 04:30:17]
shell stdout: 
[INFO -- 2017-03-24 04:30:17]
shell stdout: 
[INFO -- 2017-03-24 04:30:17]
shell stdout: 
[INFO -- 2017-03-24 04:30:17]
shell stdout: 
[INFO -- 2017-03-24 04:30:17]
shell stdout: 
[INFO -- 2017-03-24 04:30:17]
no gdbExecName running, out:
[INFO -- 2017-03-24 04:30:17]
checCmd:ps -e | grep -i gdb-mic
[INFO -- 2017-03-24 04:30:17]
finished now-timestampStart < maxWaitTime*5
[INFO -- 2017-03-24 04:30:17]
now: 1490344215
[INFO -- 2017-03-24 04:30:17]
timestampStart: 1490344203
[INFO -- 2017-03-24 04:30:17]
kill cmd: killall -9 gdb-mic
[INFO -- 2017-03-24 04:30:17]
shell stdout: 
[INFO -- 2017-03-24 04:30:17]
shell stdout: 
[INFO -- 2017-03-24 04:30:17]
shell stdout: 
[INFO -- 2017-03-24 04:30:17]
shell stdout: 
[INFO -- 2017-03-24 04:30:17]
kill cmd: ssh -T mic0 killall -9 needle_check
[INFO -- 2017-03-24 04:30:17]
shell stdout: 
[INFO -- 2017-03-24 04:30:18]
shell stdout: 
[INFO -- 2017-03-24 04:30:18]
shell stdout: 
[INFO -- 2017-03-24 04:30:18]
shell stdout: 
[INFO -- 2017-03-24 04:30:18]
kill cmd: ssh -T mic0 killall -9 gdbserver
[INFO -- 2017-03-24 04:30:18]
shell stdout: 
[INFO -- 2017-03-24 04:30:18]
shell stdout: 
[INFO -- 2017-03-24 04:30:18]
shell stdout: 
[INFO -- 2017-03-24 04:30:18]
shell stdout: 
[INFO -- 2017-03-24 04:30:18]
kill cmd: ssh -T mic0 killall -9 sshd
[INFO -- 2017-03-24 04:30:18]
shell stdout: 
