2016-10-31 17:02:24:Initialization strings:
2016-10-31 17:02:24:(1) target extended-remote | ssh -T mic0 gdbserver --multi -
2016-10-31 17:02:24:(2) set sysroot /opt/mpss/3.7/sysroots/k1om-mpss-linux/
2016-10-31 17:02:24:(3) set sysroot /opt/mpss/3.7/sysroots/k1om-mpss-linux/
2016-10-31 17:02:24:(4) file /micNfs/gdb-fault-injection-lavamd/bin/lavamd
2016-10-31 17:02:24:(5) set remote exec-file /micNfs/gdb-fault-injection-lavamd/bin/lavamd
2016-10-31 17:02:24:(6) set args 228 15 /micNfs/gdb-fault-injection-lavamd/bin/input_distance_228_15 /micNfs/gdb-fault-injection-lavamd/bin/input_charges_228_15 /micNfs/gdb-fault-injection-lavamd/bin/output_gold_228_15 1
2016-10-31 17:02:26:Trying Fault Injection
2016-10-31 17:02:26:Inferior PID: 94347
2016-10-31 17:02:26:Inferior is valid: True
2016-10-31 17:02:26:Inferior #threads: 1
2016-10-31 17:02:26:Backtrace BEGIN:
2016-10-31 17:02:26:#0  0x00000000004025c1 in main (argc=7, argv=0x7fffffffec08) at main_check.c:180

2016-10-31 17:02:26:175	        fv_cpu[i].x = 0;
176	        fv_cpu[i].y = 0;
177	        fv_cpu[i].z = 0;
178	
179	        fread(&(fv_cpu_GOLD[i].v), 1, sizeof(double), file);
180	        fread(&(fv_cpu_GOLD[i].x), 1, sizeof(double), file);
181	        fread(&(fv_cpu_GOLD[i].y), 1, sizeof(double), file);
182	        fread(&(fv_cpu_GOLD[i].z), 1, sizeof(double), file);
183	    }
184	

2016-10-31 17:02:26:Backtrace END
2016-10-31 17:02:26:Thread name: None
2016-10-31 17:02:26:Thread num: 1
2016-10-31 17:02:26:Thread ptid: (94347, 94347, 0)
2016-10-31 17:02:26:bitFlip function
2016-10-31 17:02:26:Type: The type is a structure.
2016-10-31 17:02:26:Type sizeof: 56
2016-10-31 17:02:26:Fliping value of field: cores_arg
2016-10-31 17:02:26:bitFlip function
2016-10-31 17:02:26:Type: The type is an integer type.
2016-10-31 17:02:26:Type sizeof: 4
2016-10-31 17:02:26:Mem contents(hex):0xe40x000x000x00
2016-10-31 17:02:26:base address to flip value: 0x7fffffffe898
2016-10-31 17:02:26:address max offset: 4
2016-10-31 17:02:26:Memory content before bitflip:0xe40x000x000x00
2016-10-31 17:02:26:Memory content after  bitflip:0xf40x000x000x00
2016-10-31 17:02:26:Mem contents(hex):0xf40x000x000x00
2016-10-31 17:02:26:frame name: main
2016-10-31 17:02:26:symbol name: dim_cpu
2016-10-31 17:02:26:symbol filename: main_check.c
2016-10-31 17:02:26:symbol line: 56
2016-10-31 17:02:26:value: {cur_arg = -134247168, arch_arg = 32767, cores_arg = 244, boxes1d_arg = 15, number_boxes = 3375, box_mem = 2214000, space_elem = 337500, space_mem = 10800000, space_mem2 = 2700000}
2016-10-31 17:02:26:value address: 0x7fffffffe890
2016-10-31 17:02:26:Type: The type is a structure.
2016-10-31 17:02:26:Type sizeof: 56
2016-10-31 17:02:26:Field name: cur_arg
2016-10-31 17:02:26:Field Type:
2016-10-31 17:02:26:Type: The type is an integer type.
2016-10-31 17:02:26:Type sizeof: 4
2016-10-31 17:02:26:Field name: arch_arg
2016-10-31 17:02:26:Field Type:
2016-10-31 17:02:26:Type: The type is an integer type.
2016-10-31 17:02:26:Type sizeof: 4
2016-10-31 17:02:26:Field name: cores_arg
2016-10-31 17:02:26:Field Type:
2016-10-31 17:02:26:Type: The type is an integer type.
2016-10-31 17:02:26:Type sizeof: 4
2016-10-31 17:02:26:Field name: boxes1d_arg
2016-10-31 17:02:26:Field Type:
2016-10-31 17:02:26:Type: The type is an integer type.
2016-10-31 17:02:26:Type sizeof: 4
2016-10-31 17:02:26:Field name: number_boxes
2016-10-31 17:02:26:Field Type:
2016-10-31 17:02:26:Type: The type is an integer type.
2016-10-31 17:02:26:Type sizeof: 8
2016-10-31 17:02:26:Field name: box_mem
2016-10-31 17:02:26:Field Type:
2016-10-31 17:02:26:Type: The type is an integer type.
2016-10-31 17:02:26:Type sizeof: 8
2016-10-31 17:02:26:Field name: space_elem
2016-10-31 17:02:26:Field Type:
2016-10-31 17:02:26:Type: The type is an integer type.
2016-10-31 17:02:26:Type sizeof: 8
2016-10-31 17:02:26:Field name: space_mem
2016-10-31 17:02:26:Field Type:
2016-10-31 17:02:26:Type: The type is an integer type.
2016-10-31 17:02:26:Type sizeof: 8
2016-10-31 17:02:26:Field name: space_mem2
2016-10-31 17:02:26:Field Type:
2016-10-31 17:02:26:Type: The type is an integer type.
2016-10-31 17:02:26:Type sizeof: 8
2016-10-31 17:02:26:Fault Injection Successful after 2.24090194702s
2016-10-31 17:02:26:Fault Already Injected
2016-10-31 17:02:26:Fault Already Injected
2016-10-31 17:02:27:Fault Already Injected
2016-10-31 17:02:28:Fault Already Injected
2016-10-31 17:02:32:Fault Already Injected
2016-10-31 17:02:32:Fault Already Injected
2016-10-31 17:02:32:Fault Already Injected
2016-10-31 17:02:34:Fault Already Injected
2016-10-31 17:02:34:Fault Already Injected
2016-10-31 17:02:35:event type: exit
2016-10-31 17:02:35:exit code: 0
