[INFO -- 2017-02-25 11:13:42]
Starting GDB script
[INFO -- 2017-02-25 11:13:42]
initSignal:0.0
[INFO -- 2017-02-25 11:13:42]
endSignal:2.0
[INFO -- 2017-02-25 11:13:42]
seqSignal:30
[INFO -- 2017-02-25 11:13:43]
sending 30 signals using command: 'ssh -T mic1 killall -2 lud_check' after 1.13782392591s
[INFO -- 2017-02-25 11:13:43]
sending 30 signals using command: 'ssh -T mic1 killall -2 lud_check' after 1.16038722804s
[INFO -- 2017-02-25 11:13:43]
sending 30 signals using command: 'ssh -T mic1 killall -2 lud_check' after 1.45820014276s
[INFO -- 2017-02-25 11:13:44]
shell stdout: 
[INFO -- 2017-02-25 11:13:44]
shell stdout: 
[INFO -- 2017-02-25 11:13:44]
shell stdout: 
[INFO -- 2017-02-25 11:13:44]
shell stdout: 
[INFO -- 2017-02-25 11:13:44]
shell stdout: 
[INFO -- 2017-02-25 11:13:44]
shell stdout: 
[INFO -- 2017-02-25 11:13:45]
shell stdout: 
[INFO -- 2017-02-25 11:13:45]
shell stdout: 
[INFO -- 2017-02-25 11:13:45]
shell stdout: 
[INFO -- 2017-02-25 11:13:45]
shell stdout: 
[INFO -- 2017-02-25 11:13:45]
shell stdout: 
[INFO -- 2017-02-25 11:13:45]
shell stdout: 
[INFO -- 2017-02-25 11:13:45]
shell stdout: 
[INFO -- 2017-02-25 11:13:45]
shell stdout: 
[INFO -- 2017-02-25 11:13:46]
shell stdout: 
[INFO -- 2017-02-25 11:13:46]
shell stdout: 
[INFO -- 2017-02-25 11:13:46]
shell stdout: 
[INFO -- 2017-02-25 11:13:46]
shell stdout: 
[INFO -- 2017-02-25 11:13:46]
shell stdout: 
[INFO -- 2017-02-25 11:13:46]
shell stdout: 
[INFO -- 2017-02-25 11:13:46]
shell stdout: 
[INFO -- 2017-02-25 11:13:47]
shell stdout: 
[INFO -- 2017-02-25 11:13:47]
shell stdout: 
[INFO -- 2017-02-25 11:13:47]
shell stdout: 
[INFO -- 2017-02-25 11:13:47]
shell stdout: 
[INFO -- 2017-02-25 11:13:47]
shell stdout: 
[INFO -- 2017-02-25 11:13:47]
shell stdout: 
[INFO -- 2017-02-25 11:13:48]
shell stdout: 
[INFO -- 2017-02-25 11:13:48]
shell stdout: 
[INFO -- 2017-02-25 11:13:48]
shell stdout: 
[INFO -- 2017-02-25 11:13:48]
shell stdout: 
[INFO -- 2017-02-25 11:13:48]
shell stdout: 
[INFO -- 2017-02-25 11:13:48]
shell stdout: 
[INFO -- 2017-02-25 11:13:48]
shell stdout: 
[INFO -- 2017-02-25 11:13:48]
shell stdout: 
[INFO -- 2017-02-25 11:13:49]
shell stdout: 
[INFO -- 2017-02-25 11:13:49]
shell stdout: 
[INFO -- 2017-02-25 11:13:49]
shell stdout: 
[INFO -- 2017-02-25 11:13:49]
shell stdout: 
[INFO -- 2017-02-25 11:13:49]
shell stdout: 
[INFO -- 2017-02-25 11:13:49]
shell stdout: 
[INFO -- 2017-02-25 11:13:49]
shell stdout: 
[INFO -- 2017-02-25 11:13:50]
shell stdout: 
[INFO -- 2017-02-25 11:13:50]
shell stdout: 
[INFO -- 2017-02-25 11:13:50]
shell stdout: 
[INFO -- 2017-02-25 11:13:50]
shell stdout: 
[INFO -- 2017-02-25 11:13:50]
shell stdout: 
[INFO -- 2017-02-25 11:13:50]
shell stdout: 
[INFO -- 2017-02-25 11:13:51]
shell stdout: 
[INFO -- 2017-02-25 11:13:51]
shell stdout: 
[INFO -- 2017-02-25 11:13:51]
shell stdout: 
[INFO -- 2017-02-25 11:13:51]
shell stdout: 
[INFO -- 2017-02-25 11:13:51]
shell stdout: 
[INFO -- 2017-02-25 11:13:51]
shell stdout: 
[INFO -- 2017-02-25 11:13:51]
shell stdout: 
[INFO -- 2017-02-25 11:13:52]
shell stdout: 
[INFO -- 2017-02-25 11:13:52]
shell stdout: 
[INFO -- 2017-02-25 11:13:52]
shell stdout: 
[INFO -- 2017-02-25 11:13:52]
shell stdout: 
[INFO -- 2017-02-25 11:13:52]
shell stdout: 
[INFO -- 2017-02-25 11:13:52]
shell stdout: 
[INFO -- 2017-02-25 11:13:52]
shell stdout: 
[INFO -- 2017-02-25 11:13:52]
shell stdout: 
[INFO -- 2017-02-25 11:13:53]
shell stdout: 
[INFO -- 2017-02-25 11:13:53]
shell stdout: 
[INFO -- 2017-02-25 11:13:53]
shell stdout: 
[INFO -- 2017-02-25 11:13:53]
shell stdout: 
[INFO -- 2017-02-25 11:13:53]
shell stdout: 
[INFO -- 2017-02-25 11:13:53]
shell stdout: 
[INFO -- 2017-02-25 11:13:54]
shell stdout: 
[INFO -- 2017-02-25 11:13:54]
shell stdout: 
[INFO -- 2017-02-25 11:13:54]
shell stdout: 
[INFO -- 2017-02-25 11:13:54]
shell stdout: 
[INFO -- 2017-02-25 11:13:54]
shell stdout: 
[INFO -- 2017-02-25 11:13:54]
shell stdout: 
[INFO -- 2017-02-25 11:13:54]
shell stdout: 
[INFO -- 2017-02-25 11:13:54]
shell stdout: 
[INFO -- 2017-02-25 11:13:55]
shell stdout: 
[INFO -- 2017-02-25 11:13:55]
shell stdout: 
[INFO -- 2017-02-25 11:13:55]
shell stdout: 
[INFO -- 2017-02-25 11:13:55]
shell stdout: 
[INFO -- 2017-02-25 11:13:55]
shell stdout: 
[INFO -- 2017-02-25 11:13:55]
shell stdout: 
[INFO -- 2017-02-25 11:13:55]
shell stdout: 
[INFO -- 2017-02-25 11:13:56]
shell stdout: 
[INFO -- 2017-02-25 11:13:56]
shell stdout: 
[INFO -- 2017-02-25 11:13:56]
shell stdout: 
[INFO -- 2017-02-25 11:13:56]
shell stdout: 
[INFO -- 2017-02-25 11:13:56]
shell stdout: 
[INFO -- 2017-02-25 11:13:56]
shell stdout: 
[INFO -- 2017-02-25 11:14:22]
finished due now-timestampStart > maxWaitTime*5
[INFO -- 2017-02-25 11:14:22]
now: 1488039262
[INFO -- 2017-02-25 11:14:22]
timestampStart: 1488039222
[INFO -- 2017-02-25 11:14:22]
kill cmd: killall -9 gdb-mic
[INFO -- 2017-02-25 11:14:22]
shell stdout: 
[INFO -- 2017-02-25 11:14:23]
kill cmd: ssh -T mic1 killall -9 lud_check
[INFO -- 2017-02-25 11:14:23]
shell stdout: 
[INFO -- 2017-02-25 11:14:23]
kill cmd: ssh -T mic1 killall -9 gdbserver
[INFO -- 2017-02-25 11:14:23]
shell stdout: 
[INFO -- 2017-02-25 11:14:23]
kill cmd: ssh -T mic1 killall -9 sshd
[INFO -- 2017-02-25 11:14:23]
shell stdout: 
