2017-01-25 09:55:07:Starting GDB script
2017-01-25 09:55:07:initSignal:0.0
2017-01-25 09:55:07:endSignal:2.0
2017-01-25 09:55:07:seqSignal:30
2017-01-25 09:55:08:sending 30 signals using command: 'ssh -T mic0 killall -2 lud_check' after 1.43215183301s
2017-01-25 09:55:08:sending 30 signals using command: 'ssh -T mic0 killall -2 lud_check' after 1.85490850113s
2017-01-25 09:55:09:sending 30 signals using command: 'ssh -T mic0 killall -2 lud_check' after 1.9016767166s
2017-01-25 09:55:09:shell stdout: 
2017-01-25 09:55:09:shell stdout: 
2017-01-25 09:55:09:shell stdout: 
2017-01-25 09:55:09:shell stdout: 
2017-01-25 09:55:10:shell stdout: 
2017-01-25 09:55:10:shell stdout: 
2017-01-25 09:55:10:shell stdout: 
2017-01-25 09:55:10:shell stdout: 
2017-01-25 09:55:10:shell stdout: 
2017-01-25 09:55:10:shell stdout: 
2017-01-25 09:55:11:shell stdout: 
2017-01-25 09:55:11:shell stdout: 
2017-01-25 09:55:11:shell stdout: 
2017-01-25 09:55:11:shell stdout: 
2017-01-25 09:55:11:shell stdout: 
2017-01-25 09:55:11:shell stdout: 
2017-01-25 09:55:11:shell stdout: 
2017-01-25 09:55:11:shell stdout: 
2017-01-25 09:55:11:shell stdout: 
2017-01-25 09:55:12:shell stdout: 
2017-01-25 09:55:12:shell stdout: 
2017-01-25 09:55:12:shell stdout: 
2017-01-25 09:55:12:shell stdout: 
2017-01-25 09:55:12:shell stdout: 
2017-01-25 09:55:12:shell stdout: 
2017-01-25 09:55:13:shell stdout: 
2017-01-25 09:55:13:shell stdout: 
2017-01-25 09:55:13:shell stdout: 
2017-01-25 09:55:13:shell stdout: 
2017-01-25 09:55:13:shell stdout: 
2017-01-25 09:55:13:shell stdout: 
2017-01-25 09:55:14:shell stdout: 
2017-01-25 09:55:14:shell stdout: 
2017-01-25 09:55:14:shell stdout: 
2017-01-25 09:55:14:shell stdout: 
2017-01-25 09:55:14:shell stdout: 
2017-01-25 09:55:14:shell stdout: 
2017-01-25 09:55:14:shell stdout: 
2017-01-25 09:55:14:shell stdout: 
2017-01-25 09:55:15:shell stdout: 
2017-01-25 09:55:15:shell stdout: 
2017-01-25 09:55:15:shell stdout: 
2017-01-25 09:55:15:shell stdout: 
2017-01-25 09:55:15:shell stdout: 
2017-01-25 09:55:15:shell stdout: 
2017-01-25 09:55:15:shell stdout: 
2017-01-25 09:55:16:shell stdout: 
2017-01-25 09:55:16:shell stdout: 
2017-01-25 09:55:16:shell stdout: 
2017-01-25 09:55:16:shell stdout: 
2017-01-25 09:55:16:shell stdout: 
2017-01-25 09:55:16:shell stdout: 
2017-01-25 09:55:17:shell stdout: 
2017-01-25 09:55:17:shell stdout: 
2017-01-25 09:55:17:shell stdout: 
2017-01-25 09:55:17:shell stdout: 
2017-01-25 09:55:17:shell stdout: 
2017-01-25 09:55:17:shell stdout: 
2017-01-25 09:55:18:shell stdout: 
2017-01-25 09:55:18:shell stdout: 
2017-01-25 09:55:18:shell stdout: 
2017-01-25 09:55:18:shell stdout: 
2017-01-25 09:55:18:shell stdout: 
2017-01-25 09:55:18:shell stdout: 
2017-01-25 09:55:18:shell stdout: 
2017-01-25 09:55:18:shell stdout: 
2017-01-25 09:55:18:shell stdout: 
2017-01-25 09:55:19:shell stdout: 
2017-01-25 09:55:19:shell stdout: 
2017-01-25 09:55:19:shell stdout: 
2017-01-25 09:55:19:shell stdout: 
2017-01-25 09:55:19:shell stdout: 
2017-01-25 09:55:19:shell stdout: 
2017-01-25 09:55:20:shell stdout: 
2017-01-25 09:55:20:shell stdout: 
2017-01-25 09:55:20:shell stdout: 
2017-01-25 09:55:20:shell stdout: 
2017-01-25 09:55:20:shell stdout: 
2017-01-25 09:55:20:shell stdout: 
2017-01-25 09:55:20:shell stdout: 
2017-01-25 09:55:21:shell stdout: 
2017-01-25 09:55:21:shell stdout: 
2017-01-25 09:55:21:shell stdout: 
2017-01-25 09:55:21:shell stdout: 
2017-01-25 09:55:21:shell stdout: 
2017-01-25 09:55:21:shell stdout: 
2017-01-25 09:55:21:shell stdout: 
2017-01-25 09:55:21:shell stdout: 
2017-01-25 09:55:22:shell stdout: 
2017-01-25 09:55:22:shell stdout: 
2017-01-25 09:55:36:no gdbExecName running, out:
2017-01-25 09:55:36:checCmd:ps -e | grep -i gdb-mic
2017-01-25 09:55:36:finished now-timestampStart < maxWaitTime*5
2017-01-25 09:55:36:now: 1485356135
2017-01-25 09:55:36:timestampStart: 1485356107
2017-01-25 09:55:36:kill cmd: killall -9 gdb-mic
2017-01-25 09:55:36:shell stdout: 
2017-01-25 09:55:36:kill cmd: ssh -T mic0 killall -9 lud_check
2017-01-25 09:55:36:shell stdout: 
2017-01-25 09:55:36:kill cmd: ssh -T mic0 killall -9 gdbserver
2017-01-25 09:55:36:shell stdout: 
2017-01-25 09:55:37:kill cmd: ssh -T mic0 killall -9 sshd
2017-01-25 09:55:37:shell stdout: 
