#HEADER max_rows:16384 max_cols:16384 penalty:10 omp_num_threads:228
#BEGIN Y:2016 M:10 D:19 Time:10:39:34
#IT Ite:0 KerTime:0.955318 AccTime:0.955318
#ERR  p: [2160, 125], r: 2147483557, e: -9
#ERR  p: [2088, 88], r: 2147483635, e: -10
#ERR  p: [1512, 108], r: 2147483619, e: -9
#ERR  p: [2664, 105], r: 2147483594, e: -10
#ERR  p: [2592, 110], r: 2147483592, e: -8
#ERR  p: [1224, 150], r: 2147483524, e: -10
#ERR  p: [72, 86], r: 2147483639, e: -9
#ERR  p: [216, 92], r: 2147483617, e: -10
#ERR  p: [2160, 126], r: 2147483579, e: -10
#ERR  p: [2088, 89], r: 2147483626, e: -10
#ERR  p: [2664, 106], r: 2147483617, e: -10
#ERR  p: [1512, 109], r: 2147483623, e: -2
#ERR  p: [2592, 111], r: 2147483595, e: -10
#ERR  p: [2, 85], r: 2147482825, e: -10
#ERR  p: [1224, 151], r: 2147483544, e: 1
#ERR  p: [864, 107], r: 2147483609, e: -7
#ERR  p: [792, 87], r: 2147483644, e: -4
#ERR  p: [432, 93], r: 2147483621, e: -10
#ERR  p: [144, 91], r: 2147483626, e: -10
#ERR  p: [504, 96], r: 2147483612, e: -10
#ERR  p: [1008, 125], r: 2147483584, e: -9
#ERR  p: [648, 192], r: 2147483432, e: -10
#ERR  p: [360, 102], r: 2147483603, e: -10
#ERR  p: [1440, 88], r: 2147483639, e: -9
#ERR  p: [288, 110], r: 2147483580, e: -10
#ERR  p: [720, 111], r: 2147483600, e: -8
#ERR  p: [576, 125], r: 2147483582, e: 2
#ERR  p: [936, 135], r: 2147483548, e: -10
#ERR  p: [1728, 91], r: 2147483627, e: -10
#ERR  p: [1944, 87], r: 2147483635, e: -10
#ERR  p: [1800, 102], r: 2147483603, e: -9
#ERR  p: [1872, 110], r: 2147483584, e: -10
#ERR  p: [1296, 91], r: 2147483629, e: -10
#ERR  p: [1152, 88], r: 2147483641, e: -6
#ERR  p: [2016, 105], r: 2147483588, e: -10
#ERR  p: [2232, 91], r: -10, e: -3
#ERR  p: [1584, 88], r: 2147483636, e: -9
#ERR  p: [1656, 99], r: 2147483627, e: -1
#ERR  p: [1368, 97], r: 2147483613, e: -10
#ERR  p: [72, 87], r: 2147483629, e: -10
#ERR  p: [2808, 92], r: 2147483616, e: -10
#ERR  p: [2736, 103], r: 2147483599, e: -10
#ERR  p: [2304, 104], r: 2147483609, e: -8
#ERR  p: [2376, 89], r: 2147483635, e: -10
#ERR  p: [2520, 117], r: 2147483600, e: 10
#ERR  p: [2448, 135], r: 2147483547, e: -10
#ERR  p: [2160, 127], r: 2147483573, e: -10
#ERR  p: [216, 93], r: 2147483626, e: -10
#ERR  p: [2088, 90], r: 2147483616, e: -10
#ERR  p: [2664, 107], r: 2147483608, e: -10
#ERR  p: [1512, 110], r: 2147483630, e: -10
#ERR  p: [2592, 112], r: 2147483593, e: -10
#ERR  p: [1080, 192], r: 2147483434, e: -10
#ERR  p: [2, 86], r: 2147482815, e: -10
#ERR  p: [1224, 152], r: 2147483548, e: -9
#ERR  p: [864, 108], r: 2147483613, e: -10
#ERR  p: [792, 88], r: 2147483634, e: -10
#ERR  p: [432, 94], r: 2147483620, e: -10
#ERR  p: [144, 92], r: 2147483624, e: -10
#ERR  p: [504, 97], r: 2147483617, e: -10
#ERR  p: [4896, 138], r: 2147483539, e: -6
#ERR  p: [16172, 88], r: 2147483636, e: -9
#ERR  p: [5040, 95], r: 2147483616, e: -10
#ERR  p: [4968, 92], r: 2147483622, e: -10
#ERR  p: [15959, 95], r: 2147483615, e: -10
#ERR  p: [15604, 94], r: 2147483606, e: -10
#ERR  p: [1008, 126], r: 2147483612, e: 3
#ERR  p: [5112, 110], r: 2147483599, e: -8
#ERR  p: [648, 193], r: 2147483449, e: -10
#ERR  p: [360, 103], r: 2147483616, e: -10
#ERR  p: [14397, 161], r: 2147483444, e: -10
#ERR  p: [15533, 112], r: 2147483588, e: -10
#ERR  p: [16101, 109], r: 2147483584, e: -8
#ERR  p: [936, 136], r: 2147483560, e: -3
#ERR  p: [14752, 89], r: 2147483635, e: -9
#ERR  p: [14468, 85], r: 2147483638, e: -10
#ERR  p: [1872, 111], r: 2147483589, e: -10
#ERR  p: [14539, 93], r: 2147483625, e: -10
#ERR  p: [1440, 89], r: 2147483632, e: -10
#ERR  p: [14610, 92], r: 2147483617, e: -10
#ERR  p: [1584, 89], r: 2147483626, e: -10
#ERR  p: [288, 111], r: 2147483577, e: -10
#ERR  p: [15888, 89], r: 2147483628, e: -10
#ERR  p: [14184, 98], r: 2147483610, e: -6
#ERR  p: [15320, 108], r: 2147483590, e: -6
#ERR  p: [14255, 103], r: 2147483596, e: -10
#ERR  p: [15675, 95], r: 2147483626, e: -8
#ERR  p: [5616, 94], r: 2147483626, e: -10
#ERR  p: [14326, 94], r: 2147483609, e: -10
#ERR  p: [5760, 99], r: 2147483613, e: -8
#ERR  p: [14112, 102], r: 2147483605, e: -10
#ERR  p: [13968, 88], r: 2147483630, e: -10
#ERR  p: [14040, 101], r: 2147483596, e: -10
#ERR  p: [720, 112], r: 2147483606, e: -10
#ERR  p: [576, 126], r: 2147483578, e: -3
#ERR  p: [1944, 88], r: 2147483630, e: -8
#ERR  p: [1728, 92], r: 2147483619, e: -10
#ERR  p: [1800, 103], r: 2147483609, e: -10
#ERR  p: [2448, 136], r: 2147483559, e: -10
#ERR  p: [13896, 113], r: 2147483576, e: -10
#ERR  p: [1152, 89], r: 2147483631, e: -10
#ERR  p: [13824, 126], r: 2147483541, e: -9
#ERR  p: [16243, 119], r: 2147483557, e: -9
#ERR  p: [6624, 89], r: 2147483632, e: -10
#ERR  p: [1296, 92], r: 2147483627, e: -9
#ERR  p: [16314, 133], r: 2147483551, e: -8
#ERR  p: [15036, 89], r: 2147483628, e: -10
#ERR  p: [15249, 115], r: 2147483585, e: -11
#ERR  p: [13752, 90], r: 2147483631, e: -10
#ERR  p: [2952, 108], r: 2147483567, e: -10
#ERR  p: [7200, 104], r: 2147483602, e: -8
#ERR  p: [15107, 127], r: 2147483539, e: -6
#ERR  p: [6048, 85], r: 2147483638, e: -10
#ERR  p: [14965, 117], r: 2147483586, e: -9
#ERR  p: [5328, 98], r: 2147483610, e: -10
#ERR  p: [15462, 121], r: 2147483578, e: -10
#ERR  p: [2232, 101], r: 2147483608, e: -7
#ERR  p: [15391, 85], r: 2147483638, e: -10
#ERR  p: [2016, 106], r: 2147483595, e: -10
#ERR  p: [10800, 100], r: 2147483625, e: -10
#ERR  p: [5256, 94], r: 2147483616, e: -10
#ERR  p: [6120, 95], r: 2147483620, e: -10
#ERR  p: [11880, 111], r: 2147483588, e: -10
#ERR  p: [4824, 117], r: 2147483561, e: -10
#ERR  p: [6552, 111], r: 2147483571, e: -10
#ERR  p: [6336, 89], r: 2147483631, e: -10
#ERR  p: [1656, 100], r: 2147483620, e: -10
#ERR  p: [72, 88], r: 2147483619, e: -10
#ERR  p: [1368, 98], r: 2147483628, e: -9
#ERR  p: [2808, 93], r: 2147483618, e: -10
#ERR  p: [4680, 219], r: 2147483421, e: -8
#ERR  p: [11592, 89], r: 2147483634, e: -10
#ERR  p: [10872, 100], r: 2147483615, e: -4
#ERR  p: [11088, 110], r: 2147483602, e: -10
#ERR  p: [4752, 93], r: 2147483629, e: -10
#ERR  p: [11952, 101], r: 2147483612, e: -10
#ERR  p: [2520, 118], r: 2147483591, e: 1
#ERR  p: [2736, 104], r: 2147483616, e: -10
#ERR  p: [11232, 109], r: 2147483581, e: -10
#ERR  p: [7272, 95], r: 2147483604, e: -10
#ERR  p: [5544, 112], r: 2147483586, e: -10
#ERR  p: [5400, 129], r: 2147483566, e: -8
#ERR  p: [2304, 105], r: 2147483622, e: -9
#ERR  p: [2376, 90], r: 2147483628, e: -10
#ERR  p: [2160, 128], r: 2147483574, e: -10
#ERR  p: [216, 94], r: 2147483618, e: -10
#ERR  p: [2088, 91], r: 2147483606, e: -10
#ERR  p: [2664, 108], r: 2147483604, e: -10
#ERR  p: [9000, 88], r: 2147483635, e: -10
#ERR  p: [14823, 155], r: 2147483496, e: -10
#ERR  p: [1512, 111], r: 2147483621, e: -10
#ERR  p: [2592, 113], r: 2147483585, e: -10
#ERR  p: [9288, 108], r: 2147483575, e: -10
#ERR  p: [13032, 85], r: 2147483638, e: -10
#ERR  p: [14894, 115], r: 2147483576, e: -10
#ERR  p: [8568, 131], r: 2147483529, e: -10
#ERR  p: [6192, 92], r: 2147483626, e: -10
#ERR  p: [16172, 89], r: 2147483629, e: -10
#ERR  p: [6408, 113], r: 2147483567, e: -10
#ERR  p: [3240, 122], r: 2147483554, e: -10
#ERR  p: [8496, 100], r: 2147483609, e: -10
#ERR  p: [3024, 112], r: 2147483598, e: -10
#ERR  p: [5904, 179], r: 2147483469, e: -10
#ERR  p: [5184, 89], r: 2147483632, e: -10
#ERR  p: [9360, 91], r: 2147483627, e: -10
#ERR  p: [5976, 114], r: 2147483587, e: -10
#ERR  p: [1224, 153], r: 2147483579, e: 2
#ERR  p: [15746, 115], r: 2147483590, e: -10
#ERR  p: [6768, 92], r: 2147483628, e: -10
#ERR  p: [15817, 124], r: 2147483558, e: -10
#ERR  p: [1080, 193], r: 2147483453, e: -9
#ERR  p: [16030, 94], r: 2147483628, e: -10
#ERR  p: [7344, 104], r: 2147483596, e: -4
#ERR  p: [15178, 109], r: 2147483607, e: -10
#ERR  p: [864, 109], r: 2147483607, e: -9
#ERR  p: [2, 87], r: 2147482805, e: -10
#ERR  p: [5832, 111], r: 2147483590, e: -10
#ERR  p: [6696, 97], r: 2147483606, e: -10
#ERR  p: [6264, 135], r: 2147483559, e: -10
#ERR  p: [10728, 157], r: 2147483490, e: -10
#ERR  p: [10512, 98], r: 2147483618, e: -10
#ERR  p: [6480, 89], r: 2147483643, e: -5
#ERR  p: [11016, 107], r: 2147483597, e: -10
#ERR  p: [10944, 87], r: 2147483635, e: -10
#ERR  p: [11808, 104], r: 2147483594, e: -6
#ERR  p: [792, 89], r: 2147483624, e: -10
#ERR  p: [13536, 115], r: 2147483588, e: -10
#ERR  p: [11304, 106], r: 2147483615, e: -10
#ERR  p: [10440, 112], r: 2147483584, e: -10
#ERR  p: [6984, 85], r: 2147483638, e: -10
#ERR  p: [4608, 152], r: 2147483521, e: -9
#ERR  p: [5688, 93], r: 2147483618, e: -10
#ERR  p: [3312, 136], r: 2147483543, e: -10
#ERR  p: [432, 95], r: 2147483617, e: -10
#ERR  p: [10656, 90], r: 2147483629, e: -10
#ERR  p: [7488, 98], r: 2147483624, e: -10
#ERR  p: [13176, 109], r: 2147483581, e: -6
#ERR  p: [12744, 139], r: 2147483517, e: -10
#ERR  p: [7920, 86], r: 2147483638, e: -10
#ERR  p: [8424, 85], r: 2147483638, e: -10
#ERR  p: [14681, 143], r: 2147483545, e: -1
#ERR  p: [3816, 126], r: 2147483559, e: -10
#ERR  p: [2880, 85], r: 2147483638, e: -10
#ERR  p: [6840, 159], r: 2147483531, e: -10
#ERR  p: [13608, 182], r: 2147483455, e: -10
#ERR  p: [7704, 112], r: 2147483578, e: -10
#ERR  p: [11376, 102], r: 2147483621, e: -10
#ERR  p: [8856, 106], r: 2147483595, e: -10
#ERR  p: [11160, 92], r: 2147483632, e: -10
#ERR  p: [12096, 89], r: 2147483637, e: -10
#ERR  p: [3096, 106], r: 2147483593, e: -10
#ERR  p: [8640, 134], r: 2147483527, e: -10
#ERR  p: [13680, 92], r: 2147483624, e: -10
#ERR  p: [9576, 122], r: 2147483569, e: -10
#ERR  p: [8208, 118], r: 2147483571, e: -10
#ERR  p: [9936, 105], r: 2147483613, e: -5
#ERR  p: [4176, 148], r: 2147483521, e: -10
#ERR  p: [144, 93], r: 2147483615, e: -9
#ERR  p: [10008, 103], r: 2147483602, e: -10
#ERR  p: [7056, 115], r: 2147483584, e: -7
#ERR  p: [7992, 90], r: 2147483625, e: -10
#ERR  p: [12672, 85], r: 2147483638, e: -10
#ERR  p: [10584, 115], r: 2147483575, e: -10
#ERR  p: [3888, 93], r: 2147483626, e: -8
#ERR  p: [11664, 136], r: 2147483542, e: -10
#ERR  p: [11448, 94], r: 2147483611, e: -10
#ERR  p: [13392, 85], r: 2147483638, e: -10
#ERR  p: [504, 98], r: 2147483608, e: -10
#ERR  p: [9792, 86], r: 2147483638, e: -10
#ERR  p: [8928, 94], r: 2147483620, e: -10
#ERR  p: [10224, 95], r: 2147483624, e: -10
#ERR  p: [13464, 152], r: 2147483491, e: -10
#ERR  p: [4464, 121], r: 2147483567, e: -10
#ERR  p: [10368, 116], r: 2147483574, e: -10
#ERR  p: [5472, 95], r: 2147483637, e: -6
#ERR  p: [7128, 86], r: 2147483641, e: -7
#ERR  p: [9648, 102], r: 2147483599, e: -10
#ERR  p: [9504, 94], r: 2147483631, e: -10
#ERR  p: [8712, 92], r: 2147483634, e: -10
#ERR  p: [6912, 102], r: 2147483607, e: -10
#ERR  p: [11736, 92], r: 2147483622, e: -10
#ERR  p: [9720, 90], r: 2147483632, e: -10
#ERR  p: [8064, 116], r: 2147483571, e: -10
#ERR  p: [8784, 113], r: 2147483579, e: -10
#ERR  p: [7632, 118], r: 2147483587, e: -5
#ERR  p: [7416, 92], r: 2147483621, e: -6
#ERR  p: [7560, 108], r: 2147483590, e: -9
#ERR  p: [8280, 92], r: 2147483619, e: -8
#ERR  p: [8352, 86], r: 2147483635, e: -10
#ERR  p: [9144, 94], r: 2147483615, e: -10
#ERR  p: [12024, 85], r: 2147483639, e: -9
#ERR  p: [13320, 122], r: 2147483558, e: -10
#ERR  p: [648, 194], r: 2147483474, e: -7
#ERR  p: [10296, 85], r: 2147483647, e: -1
#ERR  p: [10152, 89], r: 2147483630, e: -10
#ERR  p: [9072, 104], r: 2147483601, e: -10
#ERR  p: [4896, 139], r: 2147483547, e: -7
#ERR  p: [5040, 96], r: 2147483616, e: -9
#ERR  p: [3384, 104], r: 2147483595, e: -10
#ERR  p: [9216, 111], r: 2147483588, e: -10
#ERR  p: [12528, 122], r: 2147483568, e: -8
#ERR  p: [7848, 91], r: 2147483623, e: -10
#ERR  p: [3168, 112], r: 2147483604, e: -2
#ERR  p: [8136, 113], r: 2147483591, e: -10
#ERR  p: [12168, 88], r: 2147483638, e: -6
#ERR  p: [4968, 93], r: 2147483621, e: -7
#ERR  p: [9432, 95], r: 2147483608, e: -10
#ERR  p: [15959, 96], r: 2147483625, e: -10
#ERR  p: [7776, 180], r: 2147483458, e: -10
#ERR  p: [13104, 151], r: 2147483517, e: -10
#ERR  p: [12456, 87], r: 2147483638, e: -10
#ERR  p: [12600, 97], r: 2147483620, e: -8
#ERR  p: [9864, 97], r: 2147483633, e: -9
#ERR  p: [4104, 122], r: 2147483568, e: -10
#ERR  p: [12312, 100], r: 2147483611, e: -10
#ERR  p: [12960, 92], r: 2147483620, e: -10
#ERR  p: [12240, 129], r: 2147483574, e: -10
#ERR  p: [12888, 143], r: 2147483509, e: -8
#ERR  p: [3960, 99], r: 2147483610, e: -10
#ERR  p: [11520, 147], r: 2147483483, e: -10
#ERR  p: [13248, 126], r: 2147483579, e: -8
#ERR  p: [3744, 85], r: 2147483641, e: -7
#ERR  p: [10080, 87], r: 2147483634, e: -10
#ERR  p: [3528, 89], r: 2147483634, e: -3
#ERR  p: [1008, 127], r: 2147483602, e: -7
#ERR  p: [15604, 95], r: 2147483617, e: -10
#ERR  p: [12816, 116], r: 2147483583, e: -8
#ERR  p: [4032, 94], r: 2147483629, e: -10
#ERR  p: [4392, 94], r: 2147483615, e: -10
#ERR  p: [5112, 111], r: 2147483605, e: -10
#ERR  p: [12384, 95], r: 2147483631, e: -10
#ERR  p: [360, 104], r: 2147483627, e: -6
#ERR  p: [4248, 88], r: 2147483633, e: -10
#ERR  p: [14397, 162], r: 2147483473, e: -10
#ERR  p: [3456, 88], r: 2147483632, e: -10
#ERR  p: [15533, 113], r: 2147483583, e: -10
#ERR  p: [16101, 110], r: 2147483587, e: -10
#ERR  p: [936, 137], r: 2147483568, e: -10
#ERR  p: [14752, 90], r: 2147483626, e: -10
#ERR  p: [4536, 95], r: 2147483618, e: -8
#ERR  p: [3600, 105], r: 2147483607, e: -10
#ERR  p: [4320, 114], r: 2147483617, e: -9
#ERR  p: [3672, 104], r: 2147483598, e: -10
#ERR  p: [14468, 86], r: 2147483628, e: -10
#ERR  p: [1872, 112], r: 2147483605, e: -10
#ERR  p: [1440, 90], r: 2147483624, e: -10
#ERR  p: [14539, 94], r: 2147483620, e: -10
#ERR  p: [14610, 93], r: 2147483624, e: -10
#ERR  p: [1584, 90], r: 2147483616, e: -10
#ERR  p: [288, 112], r: 2147483589, e: -10
#ERR  p: [15888, 90], r: 2147483623, e: -10
#ERR  p: [14184, 99], r: 2147483615, e: -4
#ERR  p: [15320, 109], r: 2147483591, e: -10
#ERR  p: [14255, 104], r: 2147483615, e: -6
#ERR  p: [15675, 96], r: 2147483621, e: -9
#ERR  p: [5616, 95], r: 2147483625, e: -8
#ERR  p: [14326, 95], r: 2147483614, e: -10
#ERR  p: [5760, 100], r: 2147483610, e: -8
#ERR  p: [13968, 89], r: 2147483625, e: -9
#ERR  p: [14040, 102], r: 2147483602, e: -10
#ERR  p: [720, 113], r: 2147483602, e: -10
#ERR  p: [15249, 116], r: 2147483593, e: -12
#ERR  p: [14112, 103], r: 2147483616, e: -10
#ERR  p: [7200, 105], r: 2147483608, e: -9
#ERR  p: [2808, 94], r: 2147483614, e: -10
#ERR  p: [576, 127], r: 2147483585, e: -10
#ERR  p: [16314, 134], r: 2147483561, e: -10
#ERR  p: [2232, 102], r: 2147483611, e: -10
#ERR  p: [6336, 90], r: 2147483621, e: -10
#ERR  p: [15036, 90], r: 2147483619, e: -10
#ERR  p: [1296, 93], r: 2147483625, e: -5
#ERR  p: [1728, 93], r: 2147483613, e: -10
#ERR  p: [2016, 107], r: 2147483597, e: -10
#ERR  p: [5256, 95], r: 2147483624, e: -10
#ERR  p: [6552, 112], r: 2147483607, e: -6
#ERR  p: [13896, 114], r: 2147483597, e: -10
#ERR  p: [14965, 118], r: 2147483595, e: -7
#ERR  p: [5328, 99], r: 2147483609, e: -10
#ERR  p: [1656, 101], r: 2147483611, e: -10
#ERR  p: [1800, 104], r: 2147483624, e: -6
#ERR  p: [15391, 86], r: 2147483628, e: 2
#ERR  p: [2952, 109], r: 2147483591, e: -10
#ERR  p: [6120, 96], r: 2147483624, e: -10
#ERR  p: [4824, 118], r: 2147483579, e: -3
#ERR  p: [6624, 90], r: 2147483624, e: -10
#ERR  p: [2448, 137], r: 2147483562, e: -10
#ERR  p: [4680, 220], r: 2147483425, e: -10
#ERR  p: [4752, 94], r: 2147483630, e: -7
#ERR  p: [15462, 122], r: 2147483600, e: -8
#ERR  p: [11088, 111], r: 2147483611, e: -10
#ERR  p: [6048, 86], r: 2147483628, e: -10
#ERR  p: [10800, 101], r: 2147483620, e: -10
#ERR  p: [11592, 90], r: 2147483628, e: -10
#ERR  p: [1368, 99], r: 2147483618, e: -10
#ERR  p: [1152, 90], r: 2147483621, e: -10
#ERR  p: [13752, 91], r: 2147483621, e: -10
#ERR  p: [11952, 102], r: 2147483615, e: -10
#ERR  p: [10872, 101], r: 2147483609, e: -10
#ERR  p: [11880, 112], r: 2147483591, e: -10
#ERR  p: [1944, 89], r: 2147483620, e: -10
#ERR  p: [13824, 127], r: 2147483573, e: -10
#ERR  p: [15107, 128], r: 2147483552, e: -8
#ERR  p: [72, 89], r: 2147483609, e: -10
#ERR  p: [16243, 120], r: 2147483567, e: -9
#ERR  p: [2736, 105], r: 2147483621, e: -8
#ERR  p: [2520, 119], r: 2147483582, e: -9
#ERR  p: [5400, 130], r: 2147483571, e: -10
#ERR  p: [2376, 91], r: 2147483618, e: -10
#ERR  p: [2304, 106], r: 2147483617, e: -6
#ERR  p: [2664, 109], r: 2147483604, e: -3
#ERR  p: [11232, 110], r: 2147483592, e: -9
#ERR  p: [216, 95], r: 2147483612, e: -10
#ERR  p: [5544, 113], r: 2147483607, e: -3
#ERR  p: [2160, 129], r: 2147483584, e: -7
#ERR  p: [7272, 96], r: 2147483619, e: -10
#ERR  p: [2088, 92], r: 2147483599, e: -10
#ERR  p: [14823, 156], r: 2147483510, e: -10
#ERR  p: [2592, 114], r: 2147483601, e: -10
#ERR  p: [1512, 112], r: 2147483611, e: -10
#ERR  p: [9000, 89], r: 2147483628, e: -9
#ERR  p: [9288, 109], r: 2147483591, e: -10
#ERR  p: [13032, 86], r: 2147483628, e: -10
#ERR  p: [11808, 105], r: 2147483607, e: -9
#ERR  p: [14894, 116], r: 2147483581, e: -10
#ERR  p: [6192, 93], r: 2147483625, e: -4
#ERR  p: [8568, 132], r: 2147483545, e: -10
#ERR  p: [6408, 114], r: 2147483585, e: -9
#ERR  p: [3240, 123], r: 2147483576, e: -10
#ERR  p: [16172, 90], r: 2147483619, e: -10
#ERR  p: [3024, 113], r: 2147483611, e: -10
#ERR  p: [8496, 101], r: 2147483619, e: -10
#ERR  p: [6768, 93], r: 2147483618, e: -10
#ERR  p: [13536, 116], r: 2147483581, e: -10
#ERR  p: [6480, 90], r: 2147483633, e: -10
#ERR  p: [5832, 112], r: 2147483598, e: -10
#ERR  p: [11016, 108], r: 2147483614, e: -9
#ERR  p: [9360, 92], r: 2147483625, e: 0
#ERR  p: [16030, 95], r: 2147483618, e: -10
#ERR  p: [5904, 180], r: 2147483492, e: -10
#ERR  p: [792, 90], r: 2147483614, e: -10
#ERR  p: [5184, 90], r: 2147483631, e: -9
#ERR  p: [10944, 88], r: 2147483625, e: -10
#ERR  p: [15178, 110], r: 2147483620, e: -9
#ERR  p: [11304, 107], r: 2147483623, e: -10
#ERR  p: [5976, 115], r: 2147483594, e: -10
#ERR  p: [1224, 154], r: 2147483569, e: -8
#ERR  p: [15746, 116], r: 2147483599, e: -2
#ERR  p: [1080, 194], r: 2147483482, e: -10
#ERR  p: [15817, 125], r: 2147483569, e: -10
#ERR  p: [7344, 105], r: 2147483596, e: -9
#ERR  p: [2, 88], r: 2147482795, e: -10
#ERR  p: [864, 110], r: 2147483601, e: -10
#ERR  p: [6696, 98], r: 2147483615, e: -10
#ERR  p: [10512, 99], r: 2147483613, e: -10
#ERR  p: [10728, 158], r: 2147483535, e: -7
#ERR  p: [6984, 86], r: 2147483628, e: -10
#ERR  p: [10440, 113], r: 2147483594, e: -10
#ERR  p: [4608, 153], r: 2147483516, e: -10
#ERR  p: [10656, 91], r: 2147483622, e: -10
#ERR  p: [5688, 94], r: 2147483631, e: -10
#ERR  p: [3312, 137], r: 2147483559, e: -10
#ERR  p: [7920, 87], r: 2147483628, e: -10
#ERR  p: [14681, 144], r: 2147483537, e: -10
#ERR  p: [432, 96], r: 2147483610, e: -10
#ERR  p: [13176, 110], r: 2147483586, e: -10
#ERR  p: [7488, 99], r: 2147483614, e: -10
#ERR  p: [12744, 140], r: 2147483540, e: -6
#ERR  p: [8424, 86], r: 2147483628, e: -10
#ERR  p: [3816, 127], r: 2147483574, e: -10
#ERR  p: [2880, 86], r: 2147483628, e: -9
#ERR  p: [7704, 113], r: 2147483591, e: -10
#ERR  p: [13608, 183], r: 2147483466, e: -10
#ERR  p: [6840, 160], r: 2147483547, e: -10
#ERR  p: [11376, 103], r: 2147483618, e: -9
#ERR  p: [8856, 107], r: 2147483608, e: -3
#ERR  p: [11160, 93], r: 2147483623, e: -10
#ERR  p: [12096, 90], r: 2147483636, e: -8
#ERR  p: [9936, 106], r: 2147483626, e: -9
#ERR  p: [3096, 107], r: 2147483599, e: -10
#ERR  p: [8640, 135], r: 2147483545, e: -10
#ERR  p: [10008, 104], r: 2147483615, e: -10
#ERR  p: [9576, 123], r: 2147483584, e: -6
#ERR  p: [13680, 93], r: 2147483616, e: -10
#ERR  p: [8208, 119], r: 2147483582, e: -10
#ERR  p: [144, 94], r: 2147483607, e: -10
#ERR  p: [7056, 116], r: 2147483594, e: -6
#ERR  p: [11736, 93], r: 2147483623, e: -10
#ERR  p: [10368, 117], r: 2147483579, e: -5
#ERR  p: [12672, 86], r: 2147483628, e: -10
#ERR  p: [10584, 116], r: 2147483605, e: -4
#ERR  p: [7992, 91], r: 2147483621, e: -10
#ERR  p: [13464, 153], r: 2147483520, e: -10
#ERR  p: [11448, 95], r: 2147483614, e: -10
#ERR  p: [4176, 149], r: 2147483533, e: -10
#ERR  p: [6912, 103], r: 2147483612, e: -8
#ERR  p: [7632, 119], r: 2147483597, e: -4
#ERR  p: [8280, 93], r: 2147483625, e: -10
#ERR  p: [7560, 109], r: 2147483594, e: -10
#ERR  p: [9144, 95], r: 2147483620, e: -10
#ERR  p: [3888, 94], r: 2147483624, e: -9
#ERR  p: [13392, 86], r: 2147483628, e: -10
#ERR  p: [12024, 86], r: 2147483629, e: -10
#ERR  p: [11664, 137], r: 2147483569, e: -10
#ERR  p: [504, 99], r: 2147483609, e: -7
#ERR  p: [9792, 87], r: 2147483628, e: -10
#ERR  p: [6264, 136], r: 2147483570, e: -10
#ERR  p: [10152, 90], r: 2147483622, e: -10
#ERR  p: [8928, 95], r: 2147483618, e: -10
#ERR  p: [10224, 96], r: 2147483614, e: -10
#ERR  p: [4896, 140], r: 2147483575, e: -7
#ERR  p: [4464, 122], r: 2147483580, e: -8
#ERR  p: [9720, 91], r: 2147483622, e: -10
#ERR  p: [9504, 95], r: 2147483621, e: -10
#ERR  p: [8712, 93], r: 2147483626, e: -10
#ERR  p: [5472, 96], r: 2147483627, e: -10
#ERR  p: [12528, 123], r: 2147483578, e: -10
#ERR  p: [9648, 103], r: 2147483611, e: -8
#ERR  p: [8784, 114], r: 2147483609, e: -2
#ERR  p: [7128, 87], r: 2147483631, e: -10
#ERR  p: [8064, 117], r: 2147483590, e: -10
#ERR  p: [8352, 87], r: 2147483627, e: -10
#ERR  p: [10296, 86], r: 2147483637, e: -10
#ERR  p: [9072, 105], r: 2147483608, e: -10
#ERR  p: [7416, 93], r: 2147483629, e: -10
#ERR  p: [13320, 123], r: 2147483591, e: -10
#ERR  p: [648, 195], r: 2147483474, e: -10
#ERR  p: [5040, 97], r: 2147483615, e: -10
#ERR  p: [3384, 105], r: 2147483603, e: -10
#ERR  p: [9432, 96], r: 2147483615, e: -10
#ERR  p: [4968, 94], r: 2147483611, e: -10
#ERR  p: [7848, 92], r: 2147483619, e: -6
#ERR  p: [8136, 114], r: 2147483595, e: -10
#ERR  p: [9216, 112], r: 2147483600, e: -10
#ERR  p: [3168, 113], r: 2147483594, e: -10
#ERR  p: [12168, 89], r: 2147483628, e: -10
#ERR  p: [15959, 97], r: 2147483615, e: -10
#ERR  p: [7776, 181], r: 2147483466, e: -10
#ERR  p: [13104, 152], r: 2147483534, e: -10
#ERR  p: [12456, 88], r: 2147483628, e: -10
#ERR  p: [12600, 98], r: 2147483623, e: -10
