2017-01-17 03:52:22:Starting flip_value script
2017-01-17 03:52:22:Initialization strings:
2017-01-17 03:52:23:(1) target extended-remote | ssh -T mic1 gdbserver --multi -
2017-01-17 03:52:23:(2) set sysroot /opt/mpss/3.7/sysroots/k1om-mpss-linux/
2017-01-17 03:52:23:(3) set sysroot /opt/mpss/3.7/sysroots/k1om-mpss-linux/
2017-01-17 03:52:23:(4) file /micNfs/gdb-fault-injection/injector/bin/dgemm/dgemm_check
2017-01-17 03:52:23:(5) set remote exec-file /micNfs/gdb-fault-injection/injector/bin/dgemm/dgemm_check
2017-01-17 03:52:23:(6) set args 228 2048 16 /micNfs/gdb-fault-injection/injector/bin/dgemm/dgemm_a_8192 /micNfs/gdb-fault-injection/injector/bin/dgemm/dgemm_b_8192 /micNfs/gdb-fault-injection/injector/bin/dgemm/gold_2048_m-order_228_ths_16_blocks 1
2017-01-17 03:52:23:initSignal:21
2017-01-17 03:52:23:endSignal:28
2017-01-17 03:52:23:seqSignal:15
2017-01-17 03:52:44:Backtrace BEGIN:
2017-01-17 03:52:44:#0  0x00000000004036a3 in L_dgemm_185__par_region0_2_0 () at dgemm.c:220
#1  0x00007ffff790ba1f in ?? ()
#2  0x00007fffffffe550 in ?? ()
#3  0x0000000000000000 in ?? ()

2017-01-17 03:52:44:215	                        for (ig=ii,i=0; ig<MIN(ii+block,order); i++,ig++)
216	                            CC_arr(i,j) = 0.0;
217	
218	                    for (kg=kk,k=0; kg<MIN(kk+block,order); k++,kg++)
219	                        for (jg=jj,j=0; jg<MIN(jj+block,order); j++,jg++)
220	                            for (ig=ii,i=0; ig<MIN(ii+block,order); i++,ig++)
221	                                CC_arr(i,j) += AA_arr(i,k)*BB_arr(j,k);
222	
223	                    for (jg=jj,j=0; jg<MIN(jj+block,order); j++,jg++)
224	                        for (ig=ii,i=0; ig<MIN(ii+block,order); i++,ig++)

2017-01-17 03:52:44:Backtrace END
2017-01-17 03:52:55:Type: The type is a pointer.
2017-01-17 03:52:55:Type sizeof: 8
2017-01-17 03:52:55:Fliping a bit of the pointer
2017-01-17 03:52:55:Mem contents(hex):0xc00x980x610x000x000x000x000x00
2017-01-17 03:52:55:base address to flip value: 0x7fffffffdf70
2017-01-17 03:52:55:address max offset: 8
2017-01-17 03:52:55:Memory content before bitflip:0xc00x980x610x000x000x000x000x00
2017-01-17 03:52:55:Memory content after  bitflip:0xc00x980x610x000x080x000x000x00
2017-01-17 03:52:55:Mem contents(hex):0xc00x980x610x000x080x000x000x00
2017-01-17 03:52:55:frame name: L_dgemm_185__par_region0_2_0
2017-01-17 03:52:55:symbol name: BB
2017-01-17 03:52:55:symbol filename: dgemm.c
2017-01-17 03:52:55:symbol line: 187
2017-01-17 03:52:55:value: 0x6198c0
2017-01-17 03:52:55:value address: 0x7fffffffdf70
2017-01-17 03:52:55:Type: The type is a pointer.
2017-01-17 03:52:55:Type sizeof: 8
2017-01-17 03:52:55:Fault Injection Successful after 32.5455989838s
2017-01-17 03:52:55:event type: exit
2017-01-17 03:52:55:exit code: no exit code available
