2017-02-28 05:13:45:Starting flip_value script
2017-02-28 05:13:45:Initialization strings:
2017-02-28 05:13:45:(1) target extended-remote | ssh -T mic0 gdbserver --multi -
2017-02-28 05:13:45:(2) set sysroot /opt/mpss/3.7/sysroots/k1om-mpss-linux/
2017-02-28 05:13:45:(3) set sysroot /opt/mpss/3.7/sysroots/k1om-mpss-linux/
2017-02-28 05:13:45:(4) file /micNfs/gdb-fault-injection/injector/bin/hotspot/hotspot_check
2017-02-28 05:13:45:(5) set remote exec-file /micNfs/gdb-fault-injection/injector/bin/hotspot/hotspot_check
2017-02-28 05:13:45:(6) set args 1024 1024 1000 64 /micNfs/gdb-fault-injection/injector/data/hotspot/temp_1024 /micNfs/gdb-fault-injection/injector/data/hotspot/power_1024 /micNfs/gdb-fault-injection/injector/bin/hotspot/gold_1024_1000iter_64th
2017-02-28 05:13:45:initSignal:3
2017-02-28 05:13:45:endSignal:6
2017-02-28 05:13:45:seqSignal:15
2017-02-28 05:13:49:Backtrace BEGIN:
2017-02-28 05:13:49:#0  __memchr (s=s@entry=0x7ffff7ff2481, c_in=c_in@entry=10, n=n@entry=255) at ../string/memchr.c:63
#1  0x00007ffff7139361 in __GI__IO_getline_info (fp=fp@entry=0x609b40, buf=buf@entry=0x7fffffffe640 "323.622572\n", n=255, delim=delim@entry=10, extract_delim=extract_delim@entry=1, eof=eof@entry=0x0) at iogetline.c:94
#2  0x00007ffff7139498 in __GI__IO_getline (fp=fp@entry=0x609b40, buf=buf@entry=0x7fffffffe640 "323.622572\n", n=<optimized out>, delim=delim@entry=10, extract_delim=extract_delim@entry=1) at iogetline.c:38
#3  0x00007ffff7138312 in _IO_fgets (buf=0x7fffffffe640 "323.622572\n", n=<optimized out>, fp=0x609b40) at iofgets.c:56
#4  0x0000000000404538 in read_input (vect=0x7ffff6acc010, grid_rows=1024, grid_cols=1024, file=0x7fffffffee07 "/micNfs/gdb-fault-injection/injector/data/hotspot/temp_1024") at hotspot_check.c:202
#5  0x0000000000404aae in main (argc=8, argv=0x7fffffffebb8) at hotspot_check.c:265

2017-02-28 05:13:49:58	in ../string/memchr.c

2017-02-28 05:13:49:Backtrace END
2017-02-28 05:13:49:Type: The type is an integer type.
2017-02-28 05:13:49:Type sizeof: 4
2017-02-28 05:13:49:Mem contents(hex):0x400x000x000x00
2017-02-28 05:13:49:Fault Mode: Double bit-flip
2017-02-28 05:13:49:base address to flip value: 0x608b20 
2017-02-28 05:13:49:address max offset: 4
2017-02-28 05:13:49:Memory content before bitflip:0x400x000x000x00
2017-02-28 05:13:49:Memory content after  bitflip:0xc80x000x000x00
2017-02-28 05:13:49:Mem contents(hex):0xc80x000x000x00
2017-02-28 05:13:49:frame name: read_input
2017-02-28 05:13:49:symbol name: num_omp_threads
2017-02-28 05:13:49:symbol filename: hotspot_check.c
2017-02-28 05:13:49:symbol line: 40
2017-02-28 05:13:49:value: 200
2017-02-28 05:13:49:value address: 0x608b20 <num_omp_threads>
2017-02-28 05:13:49:Type: The type is an integer type.
2017-02-28 05:13:49:Type sizeof: 4
2017-02-28 05:13:49:Fault Injection Successful after 4.24771094322s
2017-02-28 05:14:07:event type: exit
2017-02-28 05:14:07:exit code: 1
