2017-01-13 17:41:15:Starting flip_value script
2017-01-13 17:41:15:Initialization strings:
2017-01-13 17:41:15:(1) target extended-remote | ssh -T mic1 gdbserver --multi -
2017-01-13 17:41:15:(2) set sysroot /opt/mpss/3.7/sysroots/k1om-mpss-linux/
2017-01-13 17:41:15:(3) set sysroot /opt/mpss/3.7/sysroots/k1om-mpss-linux/
2017-01-13 17:41:15:(4) file /micNfs/gdb-fault-injection/injector/bin/dgemm/dgemm_check
2017-01-13 17:41:15:(5) set remote exec-file /micNfs/gdb-fault-injection/injector/bin/dgemm/dgemm_check
2017-01-13 17:41:15:(6) set args 228 2048 16 /micNfs/gdb-fault-injection/injector/bin/dgemm/dgemm_a_8192 /micNfs/gdb-fault-injection/injector/bin/dgemm/dgemm_b_8192 /micNfs/gdb-fault-injection/injector/bin/dgemm/gold_2048_m-order_228_ths_16_blocks 1
2017-01-13 17:41:15:initSignal:7
2017-01-13 17:41:15:endSignal:14
2017-01-13 17:41:15:seqSignal:15
2017-01-13 17:41:23:Backtrace BEGIN:
2017-01-13 17:41:23:#0  0x000000000040440b in main (argc=8, argv=0x7fffffffebf0) at dgemm.c:367

2017-01-13 17:41:23:362	            }
363	        }
364	#endif
365	
366	        for(j = 0; j < order; j++) for(i = 0; i < order; i++) {
367	                C[i*order+j] = 0;
368	            }
369	
370	#ifdef TIMING
371	        kernel_start = timing_get_time();

2017-01-13 17:41:23:Backtrace END
2017-01-13 17:41:23:Type: The type is an integer type.
2017-01-13 17:41:23:Type sizeof: 4
2017-01-13 17:41:23:Mem contents(hex):0x010x000x000x00
2017-01-13 17:41:23:base address to flip value: 0x7fffffffe8d8
2017-01-13 17:41:23:address max offset: 4
2017-01-13 17:41:23:Memory content before bitflip:0x010x000x000x00
2017-01-13 17:41:23:Memory content after  bitflip:0x010x000x000x08
2017-01-13 17:41:23:Mem contents(hex):0x010x000x000x08
2017-01-13 17:41:23:frame name: main
2017-01-13 17:41:23:symbol name: iterations
2017-01-13 17:41:23:symbol filename: dgemm.c
2017-01-13 17:41:23:symbol line: 284
2017-01-13 17:41:23:value: 134217729
2017-01-13 17:41:23:value address: 0x7fffffffe8d8
2017-01-13 17:41:23:Type: The type is an integer type.
2017-01-13 17:41:23:Type sizeof: 4
2017-01-13 17:41:23:Fault Injection Successful after 8.27122306824s
