2017-01-25 04:12:10:Starting GDB script
2017-01-25 04:12:10:initSignal:2.0
2017-01-25 04:12:10:endSignal:4.0
2017-01-25 04:12:10:seqSignal:30
2017-01-25 04:12:13:sending 30 signals using command: 'ssh -T mic0 killall -2 lud_check' after 2.64118512199s
2017-01-25 04:12:13:sending 30 signals using command: 'ssh -T mic0 killall -2 lud_check' after 2.75052686248s
2017-01-25 04:12:14:sending 30 signals using command: 'ssh -T mic0 killall -2 lud_check' after 3.53473787776s
2017-01-25 04:12:14:shell stdout: 
2017-01-25 04:12:14:shell stdout: 
2017-01-25 04:12:14:shell stdout: 
2017-01-25 04:12:14:shell stdout: 
2017-01-25 04:12:14:shell stdout: 
2017-01-25 04:12:15:shell stdout: 
2017-01-25 04:12:15:shell stdout: 
2017-01-25 04:12:15:shell stdout: 
2017-01-25 04:12:15:shell stdout: 
2017-01-25 04:12:15:shell stdout: 
2017-01-25 04:12:15:shell stdout: 
2017-01-25 04:12:16:shell stdout: 
2017-01-25 04:12:16:shell stdout: 
2017-01-25 04:12:16:shell stdout: 
2017-01-25 04:12:16:shell stdout: 
2017-01-25 04:12:16:shell stdout: 
2017-01-25 04:12:16:shell stdout: 
2017-01-25 04:12:17:shell stdout: 
2017-01-25 04:12:17:shell stdout: 
2017-01-25 04:12:17:shell stdout: 
2017-01-25 04:12:17:shell stdout: 
2017-01-25 04:12:17:shell stdout: 
2017-01-25 04:12:17:shell stdout: 
2017-01-25 04:12:17:shell stdout: 
2017-01-25 04:12:17:shell stdout: 
2017-01-25 04:12:17:shell stdout: 
2017-01-25 04:12:18:shell stdout: 
2017-01-25 04:12:18:shell stdout: 
2017-01-25 04:12:18:shell stdout: 
2017-01-25 04:12:18:shell stdout: 
2017-01-25 04:12:18:shell stdout: 
2017-01-25 04:12:18:shell stdout: 
2017-01-25 04:12:19:shell stdout: 
2017-01-25 04:12:19:shell stdout: 
2017-01-25 04:12:19:shell stdout: 
2017-01-25 04:12:19:shell stdout: 
2017-01-25 04:12:19:shell stdout: 
2017-01-25 04:12:19:shell stdout: 
2017-01-25 04:12:20:shell stdout: 
2017-01-25 04:12:20:shell stdout: 
2017-01-25 04:12:20:shell stdout: 
2017-01-25 04:12:20:shell stdout: 
2017-01-25 04:12:20:shell stdout: 
2017-01-25 04:12:20:shell stdout: 
2017-01-25 04:12:20:shell stdout: 
2017-01-25 04:12:20:shell stdout: 
2017-01-25 04:12:21:shell stdout: 
2017-01-25 04:12:21:shell stdout: 
2017-01-25 04:12:21:shell stdout: 
2017-01-25 04:12:21:shell stdout: 
2017-01-25 04:12:21:shell stdout: 
2017-01-25 04:12:21:shell stdout: 
2017-01-25 04:12:21:shell stdout: 
2017-01-25 04:12:22:shell stdout: 
2017-01-25 04:12:22:shell stdout: 
2017-01-25 04:12:22:shell stdout: 
2017-01-25 04:12:22:shell stdout: 
2017-01-25 04:12:22:shell stdout: 
2017-01-25 04:12:22:shell stdout: 
2017-01-25 04:12:23:shell stdout: 
2017-01-25 04:12:23:shell stdout: 
2017-01-25 04:12:23:shell stdout: 
2017-01-25 04:12:23:shell stdout: 
2017-01-25 04:12:23:shell stdout: 
2017-01-25 04:12:23:shell stdout: 
2017-01-25 04:12:24:shell stdout: 
2017-01-25 04:12:24:shell stdout: 
2017-01-25 04:12:24:shell stdout: 
2017-01-25 04:12:24:shell stdout: 
2017-01-25 04:12:24:shell stdout: 
2017-01-25 04:12:24:shell stdout: 
2017-01-25 04:12:25:shell stdout: 
2017-01-25 04:12:25:shell stdout: 
2017-01-25 04:12:25:shell stdout: 
2017-01-25 04:12:25:shell stdout: 
2017-01-25 04:12:25:shell stdout: 
2017-01-25 04:12:25:shell stdout: 
2017-01-25 04:12:25:shell stdout: 
2017-01-25 04:12:25:shell stdout: 
2017-01-25 04:12:26:shell stdout: 
2017-01-25 04:12:26:shell stdout: 
2017-01-25 04:12:26:shell stdout: 
2017-01-25 04:12:26:shell stdout: 
2017-01-25 04:12:26:shell stdout: 
2017-01-25 04:12:26:shell stdout: 
2017-01-25 04:12:26:shell stdout: 
2017-01-25 04:12:27:shell stdout: 
2017-01-25 04:12:27:shell stdout: 
2017-01-25 04:12:27:shell stdout: 
2017-01-25 04:12:27:shell stdout: 
2017-01-25 04:12:40:no gdbExecName running, out:
2017-01-25 04:12:40:checCmd:ps -e | grep -i gdb-mic
2017-01-25 04:12:40:finished now-timestampStart < maxWaitTime*5
2017-01-25 04:12:40:now: 1485335559
2017-01-25 04:12:40:timestampStart: 1485335530
2017-01-25 04:12:40:kill cmd: killall -9 gdb-mic
2017-01-25 04:12:40:shell stdout: 
2017-01-25 04:12:40:kill cmd: ssh -T mic0 killall -9 lud_check
2017-01-25 04:12:40:shell stdout: 
2017-01-25 04:12:41:kill cmd: ssh -T mic0 killall -9 gdbserver
2017-01-25 04:12:41:shell stdout: 
2017-01-25 04:12:41:kill cmd: ssh -T mic0 killall -9 sshd
2017-01-25 04:12:41:shell stdout: 
