2016-10-26 23:08:06:Initialization strings:
2016-10-26 23:08:07:(1) target extended-remote | ssh -T mic0 gdbserver --multi -
2016-10-26 23:08:07:(2) set sysroot /opt/mpss/3.7/sysroots/k1om-mpss-linux/
2016-10-26 23:08:07:(3) set sysroot /opt/mpss/3.7/sysroots/k1om-mpss-linux/
2016-10-26 23:08:07:(4) file /micNfs/gdb-fault-injection-lavamd/bin/lavamd
2016-10-26 23:08:07:(5) set remote exec-file /micNfs/gdb-fault-injection-lavamd/bin/lavamd
2016-10-26 23:08:07:(6) set args 228 15 /micNfs/gdb-fault-injection-lavamd/bin/input_distance_228_15 /micNfs/gdb-fault-injection-lavamd/bin/input_charges_228_15 /micNfs/gdb-fault-injection-lavamd/bin/output_gold_228_15 1
2016-10-26 23:08:07:Trying Fault Injection
2016-10-26 23:08:07:Inferior PID: 188772
2016-10-26 23:08:07:Inferior is valid: True
2016-10-26 23:08:07:Inferior #threads: 1
2016-10-26 23:08:07:Backtrace BEGIN:
2016-10-26 23:08:08:#0  __GI_memcpy (dstpp=dstpp@entry=0x7ffff69acc58, srcpp=0x7ffff5facc48, len=len@entry=8) at ../string/memcpy.c:31
#1  0x00007ffff714296b in __GI__IO_file_xsgetn (fp=0x60e1c0, data=<optimized out>, n=8) at fileops.c:1371
#2  0x00007ffff7138929 in __GI__IO_fread (buf=<optimized out>, size=1, count=8, fp=0x60e1c0) at iofread.c:42
#3  0x0000000000402204 in main (argc=7, argv=0x7fffffffec08) at main_check.c:149

2016-10-26 23:08:08:26	in ../string/memcpy.c

2016-10-26 23:08:08:Backtrace END
2016-10-26 23:08:08:Thread name: None
2016-10-26 23:08:08:Thread num: 1
2016-10-26 23:08:08:Thread ptid: (188772, 188772, 0)
2016-10-26 23:08:08:bitFlip function
2016-10-26 23:08:08:Type: The type is an integer type.
2016-10-26 23:08:08:Type sizeof: 4
2016-10-26 23:08:08:Mem contents(hex):0x0f0x000x000x00
2016-10-26 23:08:08:base address to flip value: 0x7fffffffe76c
2016-10-26 23:08:08:address max offset: 4
2016-10-26 23:08:08:Memory content before bitflip:0x0f0x000x000x00
2016-10-26 23:08:08:Memory content after  bitflip:0x0f0x200x000x00
2016-10-26 23:08:08:Mem contents(hex):0x0f0x200x000x00
2016-10-26 23:08:08:frame name: main
2016-10-26 23:08:08:symbol name: j
2016-10-26 23:08:08:symbol filename: main_check.c
2016-10-26 23:08:08:symbol line: 53
2016-10-26 23:08:08:value: 8207
2016-10-26 23:08:08:value address: 0x7fffffffe76c
2016-10-26 23:08:08:Type: The type is an integer type.
2016-10-26 23:08:08:Type sizeof: 4
2016-10-26 23:08:08:Fault Injection Successful after 1.07472991943s
2016-10-26 23:08:09:Fault Already Injected
2016-10-26 23:08:10:Fault Already Injected
2016-10-26 23:08:13:Fault Already Injected
2016-10-26 23:08:13:Fault Already Injected
2016-10-26 23:08:14:Fault Already Injected
2016-10-26 23:08:14:Fault Already Injected
2016-10-26 23:08:16:Fault Already Injected
2016-10-26 23:08:16:Fault Already Injected
2016-10-26 23:08:17:Fault Already Injected
2016-10-26 23:08:18:event type: exit
2016-10-26 23:08:18:exit code: 0
