2016-10-30 19:13:37:Starting GDB script
2016-10-30 19:13:38:sending signal using command: 'ssh -T mic0 killall -2 hotspot_check' after 0.551073087749s
2016-10-30 19:13:38:shell stdout: 
2016-10-30 19:13:39:sending signal using command: 'ssh -T mic0 killall -2 hotspot_check' after 0.922205934001s
2016-10-30 19:13:39:shell stdout: 
2016-10-30 19:13:42:sending signal using command: 'ssh -T mic0 killall -2 hotspot_check' after 4.35032343489s
2016-10-30 19:13:42:shell stdout: 
2016-10-30 19:13:43:sending signal using command: 'ssh -T mic0 killall -2 hotspot_check' after 4.91539309001s
2016-10-30 19:13:43:shell stdout: 
2016-10-30 19:13:43:sending signal using command: 'ssh -T mic0 killall -2 hotspot_check' after 5.5514627684s
2016-10-30 19:13:43:shell stdout: 
2016-10-30 19:13:44:sending signal using command: 'ssh -T mic0 killall -2 hotspot_check' after 6.25973682627s
2016-10-30 19:13:44:shell stdout: 
2016-10-30 19:13:45:sending signal using command: 'ssh -T mic0 killall -2 hotspot_check' after 6.9633141906s
2016-10-30 19:13:45:shell stdout: 
2016-10-30 19:13:48:sending signal using command: 'ssh -T mic0 killall -2 hotspot_check' after 9.97379108117s
2016-10-30 19:13:48:shell stdout: 
2016-10-30 19:13:49:sending signal using command: 'ssh -T mic0 killall -2 hotspot_check' after 10.7143702487s
2016-10-30 19:13:49:shell stdout: 
2016-10-30 19:13:50:sending signal using command: 'ssh -T mic0 killall -2 hotspot_check' after 12.255908062s
2016-10-30 19:13:50:shell stdout: 
2016-10-30 19:13:58:no gdbExecName running, out:
2016-10-30 19:13:58:checCmd:ps -e | grep -i gdb-mic
2016-10-30 19:13:58:finished now-timestampStart < maxWaitTime*5
2016-10-30 19:13:58:now: 1477869237
2016-10-30 19:13:58:timestampStart: 1477869217
2016-10-30 19:13:58:kill cmd: killall -9 gdb-mic
2016-10-30 19:13:58:shell stdout: 
2016-10-30 19:13:58:kill cmd: ssh -T mic0 killall -9 hotspot_check
2016-10-30 19:13:58:shell stdout: 
2016-10-30 19:13:59:kill cmd: ssh -T mic0 killall -9 gdbserver
2016-10-30 19:13:59:shell stdout: 
