[INFO -- 2017-02-25 15:28:37]
Starting GDB script
[INFO -- 2017-02-25 15:28:37]
initSignal:9.0
[INFO -- 2017-02-25 15:28:37]
endSignal:12.0
[INFO -- 2017-02-25 15:28:37]
seqSignal:15
[INFO -- 2017-02-25 15:28:46]
sending 15 signals using command: 'ssh -T mic0 killall -2 hotspot_check' after 9.42800988713s
[INFO -- 2017-02-25 15:28:46]
shell stdout: 
[INFO -- 2017-02-25 15:28:47]
shell stdout: 
[INFO -- 2017-02-25 15:28:47]
shell stdout: 
[INFO -- 2017-02-25 15:28:48]
shell stdout: 
[INFO -- 2017-02-25 15:28:48]
shell stdout: 
[INFO -- 2017-02-25 15:28:48]
sending 15 signals using command: 'ssh -T mic0 killall -2 hotspot_check' after 11.4399704893s
[INFO -- 2017-02-25 15:28:48]
shell stdout: 
[INFO -- 2017-02-25 15:28:48]
shell stdout: 
[INFO -- 2017-02-25 15:28:49]
sending 15 signals using command: 'ssh -T mic0 killall -2 hotspot_check' after 11.8689384876s
[INFO -- 2017-02-25 15:28:49]
shell stdout: 
[INFO -- 2017-02-25 15:28:49]
shell stdout: 
[INFO -- 2017-02-25 15:28:49]
shell stdout: 
[INFO -- 2017-02-25 15:28:49]
shell stdout: 
[INFO -- 2017-02-25 15:28:49]
shell stdout: 
[INFO -- 2017-02-25 15:28:49]
shell stdout: 
[INFO -- 2017-02-25 15:28:50]
shell stdout: 
[INFO -- 2017-02-25 15:28:50]
shell stdout: 
[INFO -- 2017-02-25 15:28:50]
shell stdout: 
[INFO -- 2017-02-25 15:28:50]
shell stdout: 
[INFO -- 2017-02-25 15:28:50]
shell stdout: 
[INFO -- 2017-02-25 15:28:50]
shell stdout: 
[INFO -- 2017-02-25 15:28:51]
shell stdout: 
[INFO -- 2017-02-25 15:28:51]
shell stdout: 
[INFO -- 2017-02-25 15:28:51]
shell stdout: 
[INFO -- 2017-02-25 15:28:51]
shell stdout: 
[INFO -- 2017-02-25 15:28:51]
shell stdout: 
[INFO -- 2017-02-25 15:28:51]
shell stdout: 
[INFO -- 2017-02-25 15:28:52]
shell stdout: 
[INFO -- 2017-02-25 15:28:52]
shell stdout: 
[INFO -- 2017-02-25 15:28:52]
shell stdout: 
[INFO -- 2017-02-25 15:28:52]
shell stdout: 
[INFO -- 2017-02-25 15:28:52]
shell stdout: 
[INFO -- 2017-02-25 15:28:52]
shell stdout: 
[INFO -- 2017-02-25 15:28:53]
shell stdout: 
[INFO -- 2017-02-25 15:28:53]
shell stdout: 
[INFO -- 2017-02-25 15:28:53]
shell stdout: 
[INFO -- 2017-02-25 15:28:53]
shell stdout: 
[INFO -- 2017-02-25 15:28:53]
shell stdout: 
[INFO -- 2017-02-25 15:28:54]
shell stdout: 
[INFO -- 2017-02-25 15:28:54]
shell stdout: 
[INFO -- 2017-02-25 15:28:54]
shell stdout: 
[INFO -- 2017-02-25 15:28:55]
shell stdout: 
[INFO -- 2017-02-25 15:28:55]
shell stdout: 
[INFO -- 2017-02-25 15:28:55]
shell stdout: 
[INFO -- 2017-02-25 15:28:56]
shell stdout: 
[INFO -- 2017-02-25 15:28:56]
shell stdout: 
[INFO -- 2017-02-25 15:28:56]
shell stdout: 
[INFO -- 2017-02-25 15:29:09]
no gdbExecName running, out:
[INFO -- 2017-02-25 15:29:09]
checCmd:ps -e | grep -i gdb-mic
[INFO -- 2017-02-25 15:29:09]
finished now-timestampStart < maxWaitTime*5
[INFO -- 2017-02-25 15:29:09]
now: 1488054547
[INFO -- 2017-02-25 15:29:09]
timestampStart: 1488054517
[INFO -- 2017-02-25 15:29:09]
kill cmd: killall -9 gdb-mic
[INFO -- 2017-02-25 15:29:09]
shell stdout: 
[INFO -- 2017-02-25 15:29:09]
kill cmd: ssh -T mic0 killall -9 hotspot_check
[INFO -- 2017-02-25 15:29:09]
shell stdout: 
[INFO -- 2017-02-25 15:29:09]
kill cmd: ssh -T mic0 killall -9 gdbserver
[INFO -- 2017-02-25 15:29:09]
shell stdout: 
[INFO -- 2017-02-25 15:29:10]
kill cmd: ssh -T mic0 killall -9 sshd
[INFO -- 2017-02-25 15:29:10]
shell stdout: 
