2016-10-27 01:43:29:sending signal using command: 'ssh -T mic0 killall -2 lavamd' after 7.01994938612s
2016-10-27 01:43:29:shell stdout: 
2016-10-27 01:43:30:sending signal using command: 'ssh -T mic0 killall -2 lavamd' after 8.47760107133s
2016-10-27 01:43:30:shell stdout: 
2016-10-27 01:43:31:sending signal using command: 'ssh -T mic0 killall -2 lavamd' after 8.84420858874s
2016-10-27 01:43:31:shell stdout: 
2016-10-27 01:43:31:Starting GDB script
2016-10-27 01:43:32:sending signal using command: 'ssh -T mic0 killall -2 lavamd' after 0.892623075181s
2016-10-27 01:43:32:shell stdout: 
2016-10-27 01:43:33:sending signal using command: 'ssh -T mic0 killall -2 lavamd' after 1.88220817879s
2016-10-27 01:43:33:shell stdout: 
2016-10-27 01:43:36:sending signal using command: 'ssh -T mic0 killall -2 lavamd' after 4.07947177289s
2016-10-27 01:43:36:shell stdout: 
2016-10-27 01:43:36:sending signal using command: 'ssh -T mic0 killall -2 lavamd' after 4.4004908349s
2016-10-27 01:43:36:shell stdout: 
2016-10-27 01:43:37:sending signal using command: 'ssh -T mic0 killall -2 lavamd' after 5.43335040637s
2016-10-27 01:43:37:shell stdout: 
2016-10-27 01:43:38:sending signal using command: 'ssh -T mic0 killall -2 lavamd' after 6.82750248826s
2016-10-27 01:43:38:shell stdout: 
2016-10-27 01:43:38:sending signal using command: 'ssh -T mic0 killall -2 lavamd' after 6.98753532889s
2016-10-27 01:43:38:shell stdout: 
2016-10-27 01:43:39:sending signal using command: 'ssh -T mic0 killall -2 lavamd' after 7.26418353951s
2016-10-27 01:43:39:shell stdout: 
2016-10-27 01:43:39:sending signal using command: 'ssh -T mic0 killall -2 lavamd' after 7.38765665828s
2016-10-27 01:43:39:shell stdout: 
2016-10-27 01:43:39:sending signal using command: 'ssh -T mic0 killall -2 lavamd' after 7.98042976586s
2016-10-27 01:43:39:shell stdout: 
2016-10-27 01:43:48:no gdbExecName running, out:
2016-10-27 01:43:48:checCmd:ps -e | grep -i gdb-mic
2016-10-27 01:43:48:finished now-timestampStart < maxWaitTime*5
2016-10-27 01:43:48:now: 1477547027
2016-10-27 01:43:48:timestampStart: 1477547011
2016-10-27 01:43:48:kill cmd: killall -9 gdb-mic
2016-10-27 01:43:48:shell stdout: 
2016-10-27 01:43:48:kill cmd: ssh -T mic0 killall -9 lavamd
2016-10-27 01:43:48:shell stdout: 
2016-10-27 01:43:49:kill cmd: ssh -T mic0 killall -9 gdbserver
2016-10-27 01:43:49:shell stdout: 
2016-10-27 01:43:49:kill cmd: ssh -T mic0 killall -9 sshd
2016-10-27 01:43:49:shell stdout: 
