[INFO -- 2017-03-07 22:43:53]
Starting GDB script
[INFO -- 2017-03-07 22:43:53]
initSignal:20.0
[INFO -- 2017-03-07 22:43:53]
endSignal:25.0
[INFO -- 2017-03-07 22:43:53]
seqSignal:20
[INFO -- 2017-03-07 22:44:16]
sending 20 signals using command: 'ssh -T mic0 killall -2 clamr_openmponly' after 22.4978701939s
[INFO -- 2017-03-07 22:44:17]
shell stdout: 
[INFO -- 2017-03-07 22:44:17]
shell stdout: 
[INFO -- 2017-03-07 22:44:18]
shell stdout: 
[INFO -- 2017-03-07 22:44:18]
sending 20 signals using command: 'ssh -T mic0 killall -2 clamr_openmponly' after 24.3238686422s
[INFO -- 2017-03-07 22:44:18]
shell stdout: 
[INFO -- 2017-03-07 22:44:18]
shell stdout: 
[INFO -- 2017-03-07 22:44:19]
shell stdout: 
[INFO -- 2017-03-07 22:44:19]
shell stdout: 
[INFO -- 2017-03-07 22:44:19]
shell stdout: 
[INFO -- 2017-03-07 22:44:19]
shell stdout: 
[INFO -- 2017-03-07 22:44:19]
shell stdout: 
[INFO -- 2017-03-07 22:44:19]
shell stdout: 
[INFO -- 2017-03-07 22:44:20]
shell stdout: 
[INFO -- 2017-03-07 22:44:20]
shell stdout: 
[INFO -- 2017-03-07 22:44:20]
shell stdout: 
[INFO -- 2017-03-07 22:44:20]
shell stdout: 
[INFO -- 2017-03-07 22:44:21]
shell stdout: 
[INFO -- 2017-03-07 22:44:21]
shell stdout: 
[INFO -- 2017-03-07 22:44:21]
shell stdout: 
[INFO -- 2017-03-07 22:44:21]
shell stdout: 
[INFO -- 2017-03-07 22:44:22]
shell stdout: 
[INFO -- 2017-03-07 22:44:22]
shell stdout: 
[INFO -- 2017-03-07 22:44:22]
shell stdout: 
[INFO -- 2017-03-07 22:44:22]
shell stdout: 
[INFO -- 2017-03-07 22:44:22]
shell stdout: 
[INFO -- 2017-03-07 22:44:22]
shell stdout: 
[INFO -- 2017-03-07 22:44:23]
shell stdout: 
[INFO -- 2017-03-07 22:44:23]
shell stdout: 
[INFO -- 2017-03-07 22:44:23]
shell stdout: 
[INFO -- 2017-03-07 22:44:23]
shell stdout: 
[INFO -- 2017-03-07 22:44:24]
shell stdout: 
[INFO -- 2017-03-07 22:44:24]
shell stdout: 
[INFO -- 2017-03-07 22:44:24]
shell stdout: 
[INFO -- 2017-03-07 22:44:24]
shell stdout: 
[INFO -- 2017-03-07 22:44:24]
shell stdout: 
[INFO -- 2017-03-07 22:44:24]
shell stdout: 
[INFO -- 2017-03-07 22:44:25]
shell stdout: 
[INFO -- 2017-03-07 22:44:25]
shell stdout: 
[INFO -- 2017-03-07 22:44:25]
shell stdout: 
[INFO -- 2017-03-07 22:44:26]
shell stdout: 
[INFO -- 2017-03-07 22:44:26]
shell stdout: 
[INFO -- 2017-03-07 22:44:47]
no gdbExecName running, out:
[INFO -- 2017-03-07 22:44:47]
checCmd:ps -e | grep -i gdb-mic
[INFO -- 2017-03-07 22:44:47]
finished now-timestampStart < maxWaitTime*5
[INFO -- 2017-03-07 22:44:47]
now: 1488944678
[INFO -- 2017-03-07 22:44:47]
timestampStart: 1488944633
[INFO -- 2017-03-07 22:44:47]
kill cmd: killall -9 gdb-mic
[INFO -- 2017-03-07 22:44:47]
shell stdout: 
[INFO -- 2017-03-07 22:44:48]
kill cmd: ssh -T mic0 killall -9 clamr_openmponly
[INFO -- 2017-03-07 22:44:48]
shell stdout: 
[INFO -- 2017-03-07 22:44:48]
kill cmd: ssh -T mic0 killall -9 gdbserver
[INFO -- 2017-03-07 22:44:48]
shell stdout: 
[INFO -- 2017-03-07 22:44:48]
kill cmd: ssh -T mic0 killall -9 sshd
[INFO -- 2017-03-07 22:44:48]
shell stdout: 
