[INFO -- 2017-02-27 23:07:00]
Starting GDB script
[INFO -- 2017-02-27 23:07:00]
initSignal:14.0
[INFO -- 2017-02-27 23:07:00]
endSignal:21.0
[INFO -- 2017-02-27 23:07:00]
seqSignal:15
[INFO -- 2017-02-27 23:07:17]
sending 15 signals using command: 'ssh -T mic1 killall -2 dgemm_check' after 16.7209313668s
[INFO -- 2017-02-27 23:07:17]
sending 15 signals using command: 'ssh -T mic1 killall -2 dgemm_check' after 17.061094158s
[INFO -- 2017-02-27 23:07:18]
shell stdout: 
[INFO -- 2017-02-27 23:07:18]
shell stdout: 
[INFO -- 2017-02-27 23:07:18]
sending 15 signals using command: 'ssh -T mic1 killall -2 dgemm_check' after 17.7356076243s
[INFO -- 2017-02-27 23:07:18]
shell stdout: 
[INFO -- 2017-02-27 23:07:18]
shell stdout: 
[INFO -- 2017-02-27 23:07:19]
shell stdout: 
[INFO -- 2017-02-27 23:07:19]
shell stdout: 
[INFO -- 2017-02-27 23:07:19]
shell stdout: 
[INFO -- 2017-02-27 23:07:19]
shell stdout: 
[INFO -- 2017-02-27 23:07:19]
shell stdout: 
[INFO -- 2017-02-27 23:07:19]
shell stdout: 
[INFO -- 2017-02-27 23:07:19]
shell stdout: 
[INFO -- 2017-02-27 23:07:20]
shell stdout: 
[INFO -- 2017-02-27 23:07:20]
shell stdout: 
[INFO -- 2017-02-27 23:07:20]
shell stdout: 
[INFO -- 2017-02-27 23:07:20]
shell stdout: 
[INFO -- 2017-02-27 23:07:20]
shell stdout: 
[INFO -- 2017-02-27 23:07:20]
shell stdout: 
[INFO -- 2017-02-27 23:07:20]
shell stdout: 
[INFO -- 2017-02-27 23:07:21]
shell stdout: 
[INFO -- 2017-02-27 23:07:21]
shell stdout: 
[INFO -- 2017-02-27 23:07:21]
shell stdout: 
[INFO -- 2017-02-27 23:07:21]
shell stdout: 
[INFO -- 2017-02-27 23:07:21]
shell stdout: 
[INFO -- 2017-02-27 23:07:21]
shell stdout: 
[INFO -- 2017-02-27 23:07:21]
shell stdout: 
[INFO -- 2017-02-27 23:07:22]
shell stdout: 
[INFO -- 2017-02-27 23:07:22]
shell stdout: 
[INFO -- 2017-02-27 23:07:22]
shell stdout: 
[INFO -- 2017-02-27 23:07:22]
shell stdout: 
[INFO -- 2017-02-27 23:07:22]
shell stdout: 
[INFO -- 2017-02-27 23:07:22]
shell stdout: 
[INFO -- 2017-02-27 23:07:22]
shell stdout: 
[INFO -- 2017-02-27 23:07:22]
shell stdout: 
[INFO -- 2017-02-27 23:07:23]
shell stdout: 
[INFO -- 2017-02-27 23:07:23]
shell stdout: 
[INFO -- 2017-02-27 23:07:23]
shell stdout: 
[INFO -- 2017-02-27 23:07:23]
shell stdout: 
[INFO -- 2017-02-27 23:07:23]
shell stdout: 
[INFO -- 2017-02-27 23:07:23]
shell stdout: 
[INFO -- 2017-02-27 23:07:23]
shell stdout: 
[INFO -- 2017-02-27 23:07:24]
shell stdout: 
[INFO -- 2017-02-27 23:07:24]
shell stdout: 
[INFO -- 2017-02-27 23:07:24]
shell stdout: 
[INFO -- 2017-02-27 23:07:24]
shell stdout: 
[INFO -- 2017-02-27 23:07:24]
shell stdout: 
[INFO -- 2017-02-27 23:08:11]
no gdbExecName running, out:
[INFO -- 2017-02-27 23:08:11]
checCmd:ps -e | grep -i gdb-mic
[INFO -- 2017-02-27 23:08:11]
finished now-timestampStart < maxWaitTime*5
[INFO -- 2017-02-27 23:08:11]
now: 1488254882
[INFO -- 2017-02-27 23:08:11]
timestampStart: 1488254820
[INFO -- 2017-02-27 23:08:11]
kill cmd: killall -9 gdb-mic
[INFO -- 2017-02-27 23:08:11]
shell stdout: 
[INFO -- 2017-02-27 23:08:12]
kill cmd: ssh -T mic1 killall -9 dgemm_check
[INFO -- 2017-02-27 23:08:12]
shell stdout: 
[INFO -- 2017-02-27 23:08:12]
kill cmd: ssh -T mic1 killall -9 gdbserver
[INFO -- 2017-02-27 23:08:12]
shell stdout: 
[INFO -- 2017-02-27 23:08:12]
kill cmd: ssh -T mic1 killall -9 sshd
[INFO -- 2017-02-27 23:08:12]
shell stdout: 
