#HEADER matrix_dim:2048 threads:228
#BEGIN Y:2017 M:01 D:25 Time:11:48:07
#IT Ite:0 KerTime:24.151782 AccTime:24.151782
#ERR  p: [2032, 449], r: 4.1013020090758801e-03, e: 4.1028726845979691e-03
#ERR  p: [486, 320], r: 2.8315529227256775e-01, e: 1.6923815011978149e-02
#ERR  p: [522, 320], r: 2.7314242720603943e-01, e: 1.6324788331985474e-02
#ERR  p: [513, 320], r: 2.7561250329017639e-01, e: 1.6472846269607544e-02
#ERR  p: [2024, 449], r: 4.1347397491335869e-03, e: 4.1363229975104332e-03
#ERR  p: [1233, 449], r: 9.1180829331278801e-03, e: 9.1215753927826881e-03
#ERR  p: [1242, 449], r: 9.0372189879417419e-03, e: 9.0406797826290131e-03
#ERR  p: [495, 320], r: 2.8061798214912415e-01, e: 1.6772568225860596e-02
#ERR  p: [1224, 449], r: 9.2015536502003670e-03, e: 9.2050777748227119e-03
#ERR  p: [477, 320], r: 2.8571355342864990e-01, e: 1.7076045274734497e-02
#ERR  p: [468, 320], r: 2.8829896450042725e-01, e: 1.7232209444046021e-02
#ERR  p: [1269, 449], r: 8.7963314726948738e-03, e: 8.7997009977698326e-03
#ERR  p: [448, 320], r: 2.9412347078323364e-01, e: 1.7579942941665649e-02
#ERR  p: [1161, 449], r: 9.8007982596755028e-03, e: 9.8045514896512032e-03
#ERR  p: [504, 320], r: 2.7810415625572205e-01, e: 1.6622573137283325e-02
#ERR  p: [2040, 449], r: 4.0687662549316883e-03, e: 4.0703243575990200e-03
#ERR  p: [774, 449], r: 1.4430227689445019e-02, e: 1.4435754157602787e-02
#ERR  p: [630, 320], r: 2.4517996609210968e-01, e: 1.4654621481895447e-02
#ERR  p: [1278, 449], r: 8.7180938571691513e-03, e: 8.7214326485991478e-03
#ERR  p: [450, 320], r: 2.9353538155555725e-01, e: 1.7544895410537720e-02
#ERR  p: [1251, 449], r: 8.9570712298154831e-03, e: 8.9605012908577919e-03
#ERR  p: [1971, 449], r: 4.3597472831606865e-03, e: 4.3614166788756847e-03
#ERR  p: [1962, 449], r: 4.3991794809699059e-03, e: 4.4008642435073853e-03
#ERR  p: [1152, 449], r: 9.8889078944921494e-03, e: 9.8926946520805359e-03
#ERR  p: [2016, 449], r: 4.1680880822241306e-03, e: 4.1696843691170216e-03
#ERR  p: [999, 449], r: 1.1522039771080017e-02, e: 1.1526453308761120e-02
#ERR  p: [1980, 449], r: 4.3209712021052837e-03, e: 4.3226256966590881e-03
#ERR  p: [1998, 449], r: 4.2436872608959675e-03, e: 4.2453124187886715e-03
#ERR  p: [1989, 449], r: 4.2813750915229321e-03, e: 4.2830151505768299e-03
#ERR  p: [1260, 449], r: 8.8761495426297188e-03, e: 8.8795488700270653e-03
#ERR  p: [1206, 449], r: 9.3686766922473907e-03, e: 9.3722641468048096e-03
#ERR  p: [1197, 449], r: 9.4527900218963623e-03, e: 9.4564110040664673e-03
#ERR  p: [1926, 449], r: 4.5601446181535721e-03, e: 4.5618908479809761e-03
#ERR  p: [1953, 449], r: 4.4387532398104668e-03, e: 4.4404529035091400e-03
#ERR  p: [486, 321], r: 1.6944855451583862e-02, e: 1.6942225396633148e-02
#ERR  p: [1908, 449], r: 4.6427813358604908e-03, e: 4.6445596963167191e-03
#ERR  p: [1944, 449], r: 4.4785439968109131e-03, e: 4.4802590273320675e-03
#ERR  p: [1917, 449], r: 4.6014548279345036e-03, e: 4.6032168902456760e-03
#ERR  p: [1881, 449], r: 4.7703147865831852e-03, e: 4.7721415758132935e-03
#ERR  p: [1899, 449], r: 4.6854787506163120e-03, e: 4.6872724778950214e-03
#ERR  p: [2007, 449], r: 4.2051053605973721e-03, e: 4.2067160829901695e-03
#ERR  p: [1890, 449], r: 4.7274460084736347e-03, e: 4.7292564995586872e-03
#ERR  p: [2032, 450], r: 4.1032731533050537e-03, e: 4.1074678301811218e-03
#ERR  p: [1935, 449], r: 4.5195934362709522e-03, e: 4.5213238336145878e-03
#ERR  p: [1116, 449], r: 1.0251513682305813e-02, e: 1.0255439206957817e-02
#ERR  p: [1125, 449], r: 1.0158589109778404e-02, e: 1.0162480175495148e-02
#ERR  p: [1188, 449], r: 9.5392577350139618e-03, e: 9.5429113134741783e-03
#ERR  p: [1215, 449], r: 9.2846080660820007e-03, e: 9.2881638556718826e-03
#ERR  p: [1179, 449], r: 9.6256826072931290e-03, e: 9.6293678507208824e-03
#ERR  p: [1170, 449], r: 9.7117945551872253e-03, e: 9.7155142575502396e-03
#ERR  p: [1134, 449], r: 1.0068093426525593e-02, e: 1.0071949101984501e-02
#ERR  p: [1863, 449], r: 4.8571117222309113e-03, e: 4.8589715734124184e-03
#ERR  p: [1872, 449], r: 4.8130955547094345e-03, e: 4.8149386420845985e-03
#ERR  p: [1800, 449], r: 5.1728454418480396e-03, e: 5.1748263649642467e-03
#ERR  p: [1791, 449], r: 5.2195475436747074e-03, e: 5.2215466275811195e-03
#ERR  p: [1143, 449], r: 9.9783139303326607e-03, e: 9.9821342155337334e-03
#ERR  p: [1782, 449], r: 5.2664871327579021e-03, e: 5.2685043774545193e-03
#ERR  p: [1854, 449], r: 4.9003693275153637e-03, e: 4.9022464081645012e-03
#ERR  p: [1845, 449], r: 4.9452511593699455e-03, e: 4.9471450038254261e-03
#ERR  p: [1818, 449], r: 5.0803082995116711e-03, e: 5.0822538323700428e-03
#ERR  p: [1827, 449], r: 5.0344350747764111e-03, e: 5.0363629125058651e-03
#ERR  p: [1287, 449], r: 8.6396904662251472e-03, e: 8.6429994553327560e-03
#ERR  p: [1809, 449], r: 5.1262192428112030e-03, e: 5.1281824707984924e-03
#ERR  p: [1773, 449], r: 5.3136590868234634e-03, e: 5.3156944923102856e-03
#ERR  p: [1728, 449], r: 5.5583487264811993e-03, e: 5.5604777298867702e-03
#ERR  p: [531, 320], r: 2.7069342136383057e-01, e: 1.6177862882614136e-02
#ERR  p: [1296, 449], r: 8.5616772994399071e-03, e: 8.5649564862251282e-03
#ERR  p: [1755, 449], r: 5.4103564471006393e-03, e: 5.4124286398291588e-03
#ERR  p: [1746, 449], r: 5.4598529823124409e-03, e: 5.4619438014924526e-03
#ERR  p: [1737, 449], r: 5.5087618529796600e-03, e: 5.5108712986111641e-03
#ERR  p: [1836, 449], r: 4.9892021343111992e-03, e: 4.9911132082343102e-03
#ERR  p: [621, 320], r: 2.4739624559879303e-01, e: 1.4786705374717712e-02
#ERR  p: [1764, 449], r: 5.3622233681380749e-03, e: 5.3642764687538147e-03
#ERR  p: [1422, 449], r: 7.5483447872102261e-03, e: 7.5512356124818325e-03
#ERR  p: [846, 449], r: 1.3427221216261387e-02, e: 1.3432363979518414e-02
#ERR  p: [1386, 449], r: 7.8245950862765312e-03, e: 7.8275920823216438e-03
#ERR  p: [981, 449], r: 1.1732969433069229e-02, e: 1.1737462133169174e-02
#ERR  p: [1485, 449], r: 7.0874900557100773e-03, e: 7.0902043953537941e-03
#ERR  p: [612, 320], r: 2.4963329732418060e-01, e: 1.4920130372047424e-02
#ERR  p: [549, 320], r: 2.6586589217185974e-01, e: 1.5889555215835571e-02
#ERR  p: [1431, 449], r: 7.4806339107453823e-03, e: 7.4834991246461868e-03
#ERR  p: [1476, 449], r: 7.1516889147460461e-03, e: 7.1544279344379902e-03
#ERR  p: [1332, 449], r: 8.2594007253646851e-03, e: 8.2625634968280792e-03
#ERR  p: [567, 320], r: 2.6112443208694458e-01, e: 1.5607088804244995e-02
#ERR  p: [1413, 449], r: 7.6170992106199265e-03, e: 7.6200156472623348e-03
#ERR  p: [657, 320], r: 2.3864947259426117e-01, e: 1.4264613389968872e-02
#ERR  p: [837, 449], r: 1.3550608418881893e-02, e: 1.3555796816945076e-02
#ERR  p: [1368, 449], r: 7.9674124717712402e-03, e: 7.9704634845256805e-03
#ERR  p: [702, 320], r: 2.2814796864986420e-01, e: 1.3637036085128784e-02
#ERR  p: [1008, 449], r: 1.1419733986258507e-02, e: 1.1424107477068901e-02
#ERR  p: [1557, 449], r: 6.5954923629760742e-03, e: 6.5980181097984314e-03
#ERR  p: [756, 449], r: 1.4691588468849659e-02, e: 1.4697215519845486e-02
#ERR  p: [1395, 449], r: 7.7550197020173073e-03, e: 7.7579896897077560e-03
#ERR  p: [1305, 449], r: 8.4854066371917725e-03, e: 8.4886560216546059e-03
#ERR  p: [1350, 449], r: 8.1119751557707787e-03, e: 8.1150820478796959e-03
#ERR  p: [1341, 449], r: 8.1853670999407768e-03, e: 8.1885019317269325e-03
#ERR  p: [1683, 449], r: 5.8139762841165066e-03, e: 5.8162030763924122e-03
#ERR  p: [1314, 449], r: 8.4093008190393448e-03, e: 8.4125213325023651e-03
#ERR  p: [693, 320], r: 2.3021002113819122e-01, e: 1.3759747147560120e-02
#ERR  p: [1467, 449], r: 7.2166416794061661e-03, e: 7.2194049134850502e-03
#ERR  p: [1323, 449], r: 8.3347149193286896e-03, e: 8.3379065617918968e-03
#ERR  p: [1377, 449], r: 7.8954594209790230e-03, e: 7.8984834253787994e-03
#ERR  p: [819, 449], r: 1.3795464299619198e-02, e: 1.3800747692584991e-02
#ERR  p: [765, 449], r: 1.4562233351171017e-02, e: 1.4567810110747814e-02
#ERR  p: [792, 449], r: 1.4174157753586769e-02, e: 1.4179585501551628e-02
#ERR  p: [783, 449], r: 1.4300680719316006e-02, e: 1.4306157827377319e-02
#ERR  p: [801, 449], r: 1.4046178199350834e-02, e: 1.4051557518541813e-02
#ERR  p: [810, 449], r: 1.3920969329774380e-02, e: 1.3926299288868904e-02
#ERR  p: [648, 320], r: 2.4080637097358704e-01, e: 1.4393061399459839e-02
#ERR  p: [594, 320], r: 2.5416627526283264e-01, e: 1.5190765261650085e-02
#ERR  p: [675, 320], r: 2.3439273238182068e-01, e: 1.4009639620780945e-02
#ERR  p: [666, 320], r: 2.3651097714900970e-01, e: 1.4137044548988342e-02
#ERR  p: [972, 449], r: 1.1839061044156551e-02, e: 1.1843594722449780e-02
#ERR  p: [873, 449], r: 1.3069878332316875e-02, e: 1.3074884191155434e-02
#ERR  p: [729, 449], r: 1.5095706097781658e-02, e: 1.5101486817002296e-02
#ERR  p: [1521, 449], r: 6.8373046815395355e-03, e: 6.8399226292967796e-03
#ERR  p: [576, 320], r: 2.5878420472145081e-01, e: 1.5466779470443726e-02
#ERR  p: [540, 320], r: 2.6826995611190796e-01, e: 1.6033917665481567e-02
#ERR  p: [945, 449], r: 1.2162034399807453e-02, e: 1.2166691944003105e-02
#ERR  p: [459, 320], r: 2.9090520739555359e-01, e: 1.7386347055435181e-02
#ERR  p: [954, 449], r: 1.2053571641445160e-02, e: 1.2058187276124954e-02
#ERR  p: [639, 320], r: 2.4298450350761414e-01, e: 1.4523461461067200e-02
#ERR  p: [747, 449], r: 1.4825145713984966e-02, e: 1.4830823987722397e-02
#ERR  p: [711, 320], r: 2.2610343992710114e-01, e: 1.3514026999473572e-02
#ERR  p: [1656, 449], r: 5.9739560820162296e-03, e: 5.9762434102594852e-03
#ERR  p: [1089, 449], r: 1.0531156323850155e-02, e: 1.0535189881920815e-02
#ERR  p: [1062, 449], r: 1.0819892399013042e-02, e: 1.0824035853147507e-02
#ERR  p: [1359, 449], r: 8.0391643568873405e-03, e: 8.0422442406415939e-03
#ERR  p: [1404, 449], r: 7.6857577078044415e-03, e: 7.6887006871402264e-03
#ERR  p: [720, 449], r: 1.5230830758810043e-02, e: 1.5236663632094860e-02
#ERR  p: [1044, 449], r: 1.1017075739800930e-02, e: 1.1021294631063938e-02
#ERR  p: [900, 449], r: 1.2721899896860123e-02, e: 1.2726772576570511e-02
#ERR  p: [927, 449], r: 1.2383046559989452e-02, e: 1.2387788854539394e-02
#ERR  p: [1053, 449], r: 1.0917083360254765e-02, e: 1.0921264998614788e-02
#ERR  p: [1449, 449], r: 7.3469649069011211e-03, e: 7.3497788980603218e-03
#ERR  p: [1098, 449], r: 1.0435964912176132e-02, e: 1.0439962148666382e-02
#ERR  p: [585, 320], r: 2.5646403431892395e-01, e: 1.5329033136367798e-02
#ERR  p: [1071, 449], r: 1.0722523555159569e-02, e: 1.0726630687713623e-02
#ERR  p: [558, 320], r: 2.6348435878753662e-01, e: 1.5747934579849243e-02
#ERR  p: [828, 449], r: 1.3672075234353542e-02, e: 1.3677312061190605e-02
#ERR  p: [909, 449], r: 1.2608187273144722e-02, e: 1.2613016180694103e-02
#ERR  p: [1107, 449], r: 1.0344200767576694e-02, e: 1.0348161682486534e-02
#ERR  p: [738, 449], r: 1.4959895983338356e-02, e: 1.4965624548494816e-02
#ERR  p: [1080, 449], r: 1.0625514201819897e-02, e: 1.0629584081470966e-02
#ERR  p: [1458, 449], r: 7.2812144644558430e-03, e: 7.2840033099055290e-03
#ERR  p: [1017, 449], r: 1.1316953226923943e-02, e: 1.1321287602186203e-02
#ERR  p: [1026, 449], r: 1.1216063983738422e-02, e: 1.1220359243452549e-02
#ERR  p: [963, 449], r: 1.1946123093366623e-02, e: 1.1950697749853134e-02
#ERR  p: [918, 449], r: 1.2494700029492378e-02, e: 1.2499485164880753e-02
#ERR  p: [936, 449], r: 1.2271795421838760e-02, e: 1.2276495806872845e-02
#ERR  p: [990, 449], r: 1.1628740467131138e-02, e: 1.1633193120360374e-02
#ERR  p: [1701, 449], r: 5.7103666476905346e-03, e: 5.7125538587570190e-03
#ERR  p: [1665, 449], r: 5.9197326190769672e-03, e: 5.9219999238848686e-03
#ERR  p: [1503, 449], r: 6.9619007408618927e-03, e: 6.9645666517317295e-03
#ERR  p: [1494, 449], r: 7.0242295041680336e-03, e: 7.0269196294248104e-03
#ERR  p: [855, 449], r: 1.3307559303939342e-02, e: 1.3312655501067638e-02
#ERR  p: [882, 449], r: 1.2953139841556549e-02, e: 1.2958100065588951e-02
#ERR  p: [1620, 449], r: 6.1922911554574966e-03, e: 6.1946627683937550e-03
#ERR  p: [1638, 449], r: 6.0827988199889660e-03, e: 6.0851280577480793e-03
#ERR  p: [1647, 449], r: 6.0273306444287300e-03, e: 6.0296393930912018e-03
#ERR  p: [1629, 449], r: 6.1372239142656326e-03, e: 6.1395741067826748e-03
#ERR  p: [1593, 449], r: 6.3625001348555088e-03, e: 6.3649364747107029e-03
#ERR  p: [891, 449], r: 1.2836864218115807e-02, e: 1.2841780669987202e-02
#ERR  p: [1035, 449], r: 1.1115295812487602e-02, e: 1.1119551956653595e-02
#ERR  p: [1611, 449], r: 6.2489006668329239e-03, e: 6.2512937001883984e-03
#ERR  p: [1584, 449], r: 6.4193261787295341e-03, e: 6.4217848703265190e-03
#ERR  p: [1512, 449], r: 6.8988283164799213e-03, e: 6.9014704786241055e-03
#ERR  p: [1719, 449], r: 5.6092618033289909e-03, e: 5.6114098988473415e-03
#ERR  p: [1566, 449], r: 6.5360423177480698e-03, e: 6.5385457128286362e-03
#ERR  p: [1692, 449], r: 5.7627111673355103e-03, e: 5.7649179361760616e-03
#ERR  p: [1539, 449], r: 6.7148408852517605e-03, e: 6.7174127325415611e-03
#ERR  p: [1530, 449], r: 6.7752907052636147e-03, e: 6.7778858356177807e-03
#ERR  p: [1602, 449], r: 6.3051600009202957e-03, e: 6.3075744546949863e-03
#ERR  p: [603, 320], r: 2.5188875198364258e-01, e: 1.5053629875183105e-02
#ERR  p: [1440, 449], r: 7.4137211777269840e-03, e: 7.4165603145956993e-03
#ERR  p: [1710, 449], r: 5.6600263342261314e-03, e: 5.6621935218572617e-03
#ERR  p: [1674, 449], r: 5.8676549233496189e-03, e: 5.8699017390608788e-03
#ERR  p: [864, 449], r: 1.3189165852963924e-02, e: 1.3194216415286064e-02
#ERR  p: [1575, 449], r: 6.4777699299156666e-03, e: 6.4802505075931549e-03
#ERR  p: [684, 320], r: 2.3229101300239563e-01, e: 1.3883844017982483e-02
#ERR  p: [1548, 449], r: 6.6548534668982029e-03, e: 6.6574020311236382e-03
#ERR  p: [522, 321], r: 1.6343683004379272e-02, e: 1.6341105103492737e-02
#ERR  p: [513, 321], r: 1.6493856906890869e-02, e: 1.6491279006004333e-02
#ERR  p: [2024, 450], r: 4.1356878355145454e-03, e: 4.1399151086807251e-03
#ERR  p: [1242, 450], r: 9.0406388044357300e-03, e: 9.0498812496662140e-03
#ERR  p: [1233, 450], r: 9.1234520077705383e-03, e: 9.1327764093875885e-03
#ERR  p: [495, 321], r: 1.6792118549346924e-02, e: 1.6789484769105911e-02
#ERR  p: [477, 321], r: 1.7097175121307373e-02, e: 1.7094459384679794e-02
#ERR  p: [1206, 450], r: 9.3727186322212219e-03, e: 9.3823000788688660e-03
#ERR  p: [1224, 450], r: 9.2050451785326004e-03, e: 9.2144552618265152e-03
#ERR  p: [468, 321], r: 1.7249912023544312e-02, e: 1.7247175797820091e-02
#ERR  p: [448, 321], r: 1.7600208520889282e-02, e: 1.7597405239939690e-02
#ERR  p: [1269, 450], r: 8.7999477982521057e-03, e: 8.8089443743228912e-03
#ERR  p: [1161, 450], r: 9.8024606704711914e-03, e: 9.8124817013740540e-03
#ERR  p: [1116, 450], r: 1.0255809873342514e-02, e: 1.0266292840242386e-02
#ERR  p: [1782, 450], r: 5.2686855196952820e-03, e: 5.2740704268217087e-03
#ERR  p: [504, 321], r: 1.6640305519104004e-02, e: 1.6637759283185005e-02
#ERR  p: [2040, 450], r: 4.0708528831601143e-03, e: 4.0750131011009216e-03
#ERR  p: [774, 450], r: 1.4436118304729462e-02, e: 1.4450876042246819e-02
#ERR  p: [1278, 450], r: 8.7204314768314362e-03, e: 8.7293460965156555e-03
#ERR  p: [630, 321], r: 1.4671519398689270e-02, e: 1.4669227413833141e-02
#ERR  p: [1764, 450], r: 5.3644254803657532e-03, e: 5.3699081763625145e-03
#ERR  p: [1251, 450], r: 8.9596286416053772e-03, e: 8.9687854051589966e-03
#ERR  p: [450, 321], r: 1.7564028501510620e-02, e: 1.7561279237270355e-02
#ERR  p: [1971, 450], r: 4.3611172586679459e-03, e: 4.3655754998326302e-03
#ERR  p: [1962, 450], r: 4.4003259390592575e-03, e: 4.4048242270946503e-03
#ERR  p: [1152, 450], r: 9.8911225795745850e-03, e: 9.9012367427349091e-03
#ERR  p: [2016, 450], r: 4.1691232472658157e-03, e: 4.1733849793672562e-03
#ERR  p: [999, 450], r: 1.1528212577104568e-02, e: 1.1539995670318604e-02
#ERR  p: [1980, 450], r: 4.3217539787292480e-03, e: 4.3261721730232239e-03
#ERR  p: [1260, 450], r: 8.8794529438018799e-03, e: 8.8885277509689331e-03
#ERR  p: [1998, 450], r: 4.2450018227100372e-03, e: 4.2493408545851707e-03
#ERR  p: [1989, 450], r: 4.2836340144276619e-03, e: 4.2880121618509293e-03
#ERR  p: [1197, 450], r: 9.4570405781269073e-03, e: 9.4667077064514160e-03
#ERR  p: [1926, 450], r: 4.5621357858181000e-03, e: 4.5667998492717743e-03
#ERR  p: [1953, 450], r: 4.4406130909919739e-03, e: 4.4451523572206497e-03
#ERR  p: [486, 322], r: 1.6960054636001587e-02, e: 1.6957543790340424e-02
#ERR  p: [1908, 450], r: 4.6452796086668968e-03, e: 4.6500284224748611e-03
#ERR  p: [1944, 450], r: 4.4808946549892426e-03, e: 4.4854748994112015e-03
#ERR  p: [1917, 450], r: 4.6028885990381241e-03, e: 4.6075936406850815e-03
#ERR  p: [1881, 450], r: 4.7716144472360611e-03, e: 4.7764927148818970e-03
#ERR  p: [1935, 450], r: 4.5213550329208374e-03, e: 4.5259762555360794e-03
#ERR  p: [2032, 451], r: 4.1200891137123108e-03, e: 4.1111279278993607e-03
#ERR  p: [459, 321], r: 1.7407327890396118e-02, e: 1.7404656857252121e-02
#ERR  p: [1899, 450], r: 4.6865176409482956e-03, e: 4.6913083642721176e-03
#ERR  p: [1890, 450], r: 4.7294460237026215e-03, e: 4.7342795878648758e-03
#ERR  p: [2007, 450], r: 4.2068157345056534e-03, e: 4.2111165821552277e-03
#ERR  p: [1125, 450], r: 1.0163774713873863e-02, e: 1.0174162685871124e-02
#ERR  p: [1188, 450], r: 9.5422752201557159e-03, e: 9.5520280301570892e-03
#ERR  p: [1215, 450], r: 9.2873387038707733e-03, e: 9.2968344688415527e-03
#ERR  p: [1170, 450], r: 9.7161661833524704e-03, e: 9.7260978072881699e-03
#ERR  p: [1134, 450], r: 1.0072145611047745e-02, e: 1.0082440450787544e-02
#ERR  p: [1179, 450], r: 9.6285790205001831e-03, e: 9.6384231001138687e-03
#ERR  p: [1863, 450], r: 4.8583308234810829e-03, e: 4.8632966354489326e-03
#ERR  p: [1854, 450], r: 4.9027651548385620e-03, e: 4.9077766016125679e-03
#ERR  p: [1143, 450], r: 9.9820643663406372e-03, e: 9.9922697991132736e-03
#ERR  p: [1800, 450], r: 5.1749655976891518e-03, e: 5.1802545785903931e-03
#ERR  p: [1791, 450], r: 5.2208565175533295e-03, e: 5.2261939272284508e-03
#ERR  p: [1872, 450], r: 4.8148259520530701e-03, e: 4.8197489231824875e-03
#ERR  p: [1845, 450], r: 4.9467170611023903e-03, e: 4.9517732113599777e-03
#ERR  p: [1818, 450], r: 5.0831921398639679e-03, e: 5.0883870571851730e-03
#ERR  p: [1827, 450], r: 5.0366763025522232e-03, e: 5.0418255850672722e-03
#ERR  p: [1287, 450], r: 8.6430590599775314e-03, e: 8.6518935859203339e-03
#ERR  p: [1809, 450], r: 5.1283072680234909e-03, e: 5.1335496827960014e-03
#ERR  p: [1773, 450], r: 5.3160283714532852e-03, e: 5.3214635699987411e-03
#ERR  p: [1728, 450], r: 5.5602844804525375e-03, e: 5.5659683421254158e-03
#ERR  p: [1296, 450], r: 8.5662230849266052e-03, e: 8.5749793797731400e-03
#ERR  p: [531, 321], r: 1.6199827194213867e-02, e: 1.6197280958294868e-02
#ERR  p: [1746, 450], r: 5.4615978151559830e-03, e: 5.4671801626682281e-03
#ERR  p: [1737, 450], r: 5.5109700188040733e-03, e: 5.5166035890579224e-03
#ERR  p: [1836, 450], r: 4.9918228760361671e-03, e: 4.9969255924224854e-03
#ERR  p: [1755, 450], r: 5.4130069911479950e-03, e: 5.4185399785637856e-03
#ERR  p: [621, 321], r: 1.4804467558860779e-02, e: 1.4802174642682076e-02
#ERR  p: [1422, 450], r: 7.5517818331718445e-03, e: 7.5595006346702576e-03
#ERR  p: [846, 450], r: 1.3434056192636490e-02, e: 1.3447787612676620e-02
#ERR  p: [1386, 450], r: 7.8291036188602448e-03, e: 7.8371064737439156e-03
#ERR  p: [981, 450], r: 1.1737760156393051e-02, e: 1.1749755591154099e-02
#ERR  p: [612, 321], r: 1.4938801527023315e-02, e: 1.4936478808522224e-02
#ERR  p: [1485, 450], r: 7.0906812325119972e-03, e: 7.0979297161102295e-03
#ERR  p: [549, 321], r: 1.5911221504211426e-02, e: 1.5908757224678993e-02
#ERR  p: [1431, 450], r: 7.4842106550931931e-03, e: 7.4918605387210846e-03
#ERR  p: [1332, 450], r: 8.2629006356000900e-03, e: 8.2713477313518524e-03
#ERR  p: [1476, 450], r: 7.1553206071257591e-03, e: 7.1626342833042145e-03
#ERR  p: [657, 321], r: 1.4279931783676147e-02, e: 1.4277678914368153e-02
#ERR  p: [567, 321], r: 1.5625000000000000e-02, e: 1.5622564591467381e-02
#ERR  p: [837, 450], r: 1.3554954901337624e-02, e: 1.3568809255957603e-02
#ERR  p: [1413, 450], r: 7.6199574396014214e-03, e: 7.6277460902929306e-03
#ERR  p: [1368, 450], r: 7.9707950353622437e-03, e: 7.9789422452449799e-03
#ERR  p: [702, 321], r: 1.3652399182319641e-02, e: 1.3650245033204556e-02
#ERR  p: [1008, 450], r: 1.1424217373132706e-02, e: 1.1435896158218384e-02
#ERR  p: [1350, 450], r: 8.1151556223630905e-03, e: 8.1234518438577652e-03
#ERR  p: [1341, 450], r: 8.1887226551771164e-03, e: 8.1970933824777603e-03
#ERR  p: [756, 450], r: 1.4698987826704979e-02, e: 1.4714013785123825e-02
#ERR  p: [1557, 450], r: 6.5980264917016029e-03, e: 6.6047701984643936e-03
#ERR  p: [1395, 450], r: 7.7589163556694984e-03, e: 7.7668465673923492e-03
#ERR  p: [1305, 450], r: 8.4893591701984406e-03, e: 8.4980390965938568e-03
#ERR  p: [1314, 450], r: 8.4131080657243729e-03, e: 8.4217078983783722e-03
#ERR  p: [1683, 450], r: 5.8170668780803680e-03, e: 5.8230133727192879e-03
#ERR  p: [693, 321], r: 1.3775497674942017e-02, e: 1.3773332349956036e-02
#ERR  p: [1323, 450], r: 8.3370953798294067e-03, e: 8.3456188440322876e-03
#ERR  p: [1467, 450], r: 7.2191189974546432e-03, e: 7.2264987975358963e-03
#ERR  p: [1377, 450], r: 7.8989136964082718e-03, e: 7.9069882631301880e-03
#ERR  p: [819, 450], r: 1.3801310211420059e-02, e: 1.3815417885780334e-02
#ERR  p: [765, 450], r: 1.4565132558345795e-02, e: 1.4580022543668747e-02
#ERR  p: [792, 450], r: 1.4178426936268806e-02, e: 1.4192920178174973e-02
#ERR  p: [801, 450], r: 1.4052694663405418e-02, e: 1.4067057520151138e-02
#ERR  p: [810, 450], r: 1.3926025480031967e-02, e: 1.3940259814262390e-02
#ERR  p: [783, 450], r: 1.4307375997304916e-02, e: 1.4322001487016678e-02
#ERR  p: [648, 321], r: 1.4409497380256653e-02, e: 1.4407269656658173e-02
#ERR  p: [594, 321], r: 1.5208840370178223e-02, e: 1.5206462703645229e-02
#ERR  p: [675, 321], r: 1.4025494456291199e-02, e: 1.4023268595337868e-02
#ERR  p: [666, 321], r: 1.4152586460113525e-02, e: 1.4150339178740978e-02
#ERR  p: [972, 450], r: 1.1842355132102966e-02, e: 1.1854460462927818e-02
#ERR  p: [873, 450], r: 1.3076346367597580e-02, e: 1.3089712709188461e-02
#ERR  p: [729, 450], r: 1.5099791809916496e-02, e: 1.5115227550268173e-02
#ERR  p: [1521, 450], r: 6.8399161100387573e-03, e: 6.8469084799289703e-03
#ERR  p: [540, 321], r: 1.6054898500442505e-02, e: 1.6052385792136192e-02
#ERR  p: [576, 321], r: 1.5484273433685303e-02, e: 1.5481845475733280e-02
#ERR  p: [945, 450], r: 1.2167930603027344e-02, e: 1.2180365622043610e-02
#ERR  p: [639, 321], r: 1.4539241790771484e-02, e: 1.4536981470882893e-02
#ERR  p: [954, 450], r: 1.2058593332767487e-02, e: 1.2070920318365097e-02
#ERR  p: [747, 450], r: 1.4831833541393280e-02, e: 1.4846993610262871e-02
#ERR  p: [1062, 450], r: 1.0824136435985565e-02, e: 1.0835200548171997e-02
#ERR  p: [711, 321], r: 1.3530343770980835e-02, e: 1.3528244569897652e-02
#ERR  p: [1359, 450], r: 8.0425143241882324e-03, e: 8.0507360398769379e-03
#ERR  p: [1089, 450], r: 1.0535519570112228e-02, e: 1.0546289384365082e-02
#ERR  p: [1404, 450], r: 7.6885875314474106e-03, e: 7.6964460313320160e-03
#ERR  p: [1656, 450], r: 5.9760157018899918e-03, e: 5.9821251779794693e-03
#ERR  p: [720, 450], r: 1.5238255262374878e-02, e: 1.5253832563757896e-02
#ERR  p: [1044, 450], r: 1.1020032688975334e-02, e: 1.1031297966837883e-02
#ERR  p: [1053, 450], r: 1.0920628905296326e-02, e: 1.0931795462965965e-02
#ERR  p: [900, 450], r: 1.2727351859211922e-02, e: 1.2740360572934151e-02
#ERR  p: [828, 450], r: 1.3677580282092094e-02, e: 1.3691563159227371e-02
#ERR  p: [1449, 450], r: 7.3505900800228119e-03, e: 7.3581039905548096e-03
#ERR  p: [1107, 450], r: 1.0347470641136169e-02, e: 1.0358048602938652e-02
#ERR  p: [738, 450], r: 1.4965647831559181e-02, e: 1.4980945736169815e-02
#ERR  p: [927, 450], r: 1.2388259172439575e-02, e: 1.2400923296809196e-02
#ERR  p: [1458, 450], r: 7.2847865521907806e-03, e: 7.2922334074974060e-03
#ERR  p: [909, 450], r: 1.2613778933882713e-02, e: 1.2626670300960541e-02
#ERR  p: [1071, 450], r: 1.0726969689130783e-02, e: 1.0737935081124306e-02
#ERR  p: [1098, 450], r: 1.0442350059747696e-02, e: 1.0453023016452789e-02
#ERR  p: [585, 321], r: 1.5345543622970581e-02, e: 1.5343185514211655e-02
#ERR  p: [558, 321], r: 1.5766650438308716e-02, e: 1.5764161944389343e-02
#ERR  p: [1080, 450], r: 1.0631147772073746e-02, e: 1.0642014443874359e-02
#ERR  p: [990, 450], r: 1.1631138622760773e-02, e: 1.1643029749393463e-02
#ERR  p: [936, 450], r: 1.2278117239475250e-02, e: 1.2290665879845619e-02
#ERR  p: [1494, 450], r: 7.0270709693431854e-03, e: 7.0342533290386200e-03
#ERR  p: [1503, 450], r: 6.9638416171073914e-03, e: 6.9709606468677521e-03
#ERR  p: [1026, 450], r: 1.1221341788768768e-02, e: 1.1232811957597733e-02
#ERR  p: [963, 450], r: 1.1950675398111343e-02, e: 1.1962890625000000e-02
#ERR  p: [1647, 450], r: 6.0300501063466072e-03, e: 6.0362145304679871e-03
#ERR  p: [1665, 450], r: 5.9229210019111633e-03, e: 5.9289745986461639e-03
#ERR  p: [1701, 450], r: 5.7137859985232353e-03, e: 5.7196263223886490e-03
#ERR  p: [882, 450], r: 1.2958403676748276e-02, e: 1.2971650809049606e-02
#ERR  p: [918, 450], r: 1.2501353397965431e-02, e: 1.2514131143689156e-02
#ERR  p: [855, 450], r: 1.3313993811607361e-02, e: 1.3327602297067642e-02
#ERR  p: [1620, 450], r: 6.1952024698257446e-03, e: 6.2015354633331299e-03
#ERR  p: [1017, 450], r: 1.1322859674692154e-02, e: 1.1334434151649475e-02
#ERR  p: [1638, 450], r: 6.0842875391244888e-03, e: 6.0905069112777710e-03
#ERR  p: [1035, 450], r: 1.1119298636913300e-02, e: 1.1130666360259056e-02
#ERR  p: [1611, 450], r: 6.2509980052709579e-03, e: 6.2573887407779694e-03
#ERR  p: [1584, 450], r: 6.4224600791931152e-03, e: 6.4290249720215797e-03
#ERR  p: [1629, 450], r: 6.1397077515721321e-03, e: 6.1459830030798912e-03
#ERR  p: [891, 450], r: 1.2842237949371338e-02, e: 1.2855365872383118e-02
#ERR  p: [1593, 450], r: 6.3647944480180740e-03, e: 6.3713006675243378e-03
#ERR  p: [1719, 450], r: 5.6111197918653488e-03, e: 5.6168548762798309e-03
#ERR  p: [1512, 450], r: 6.9015724584460258e-03, e: 6.9086281582713127e-03
#ERR  p: [1566, 450], r: 6.5389052033424377e-03, e: 6.5455883741378784e-03
#ERR  p: [1692, 450], r: 5.7644508779048920e-03, e: 5.7703433558344841e-03
#ERR  p: [1539, 450], r: 6.7175133153796196e-03, e: 6.7243799567222595e-03
#ERR  p: [1530, 450], r: 6.7785568535327911e-03, e: 6.7854868248105049e-03
#ERR  p: [1575, 450], r: 6.4802244305610657e-03, e: 6.4868489280343056e-03
#ERR  p: [1548, 450], r: 6.6576534882187843e-03, e: 6.6644586622714996e-03
#ERR  p: [684, 321], r: 1.3900503516197205e-02, e: 1.3898344710469246e-02
#ERR  p: [603, 321], r: 1.5074312686920166e-02, e: 1.5071975067257881e-02
#ERR  p: [864, 450], r: 1.3193026185035706e-02, e: 1.3206511735916138e-02
#ERR  p: [1440, 450], r: 7.4169971048831940e-03, e: 7.4245799332857132e-03
#ERR  p: [1674, 450], r: 5.8691715821623802e-03, e: 5.8751711621880531e-03
#ERR  p: [1602, 450], r: 6.3075907528400421e-03, e: 6.3140392303466797e-03
#ERR  p: [513, 322], r: 1.6508132219314575e-02, e: 1.6505677253007889e-02
#ERR  p: [1710, 450], r: 5.6619159877300262e-03, e: 5.6677041575312614e-03
#ERR  p: [1242, 451], r: 9.0782418847084045e-03, e: 9.0584978461265564e-03
#ERR  p: [1233, 451], r: 9.1595798730850220e-03, e: 9.1396588832139969e-03
#ERR  p: [522, 322], r: 1.6361653804779053e-02, e: 1.6359277069568634e-02
#ERR  p: [477, 322], r: 1.7114102840423584e-02, e: 1.7111580818891525e-02
#ERR  p: [1206, 451], r: 9.4104856252670288e-03, e: 9.3900188803672791e-03
#ERR  p: [2024, 451], r: 4.1533838957548141e-03, e: 4.1443528607487679e-03
#ERR  p: [1224, 451], r: 9.2426687479019165e-03, e: 9.2225652188062668e-03
#ERR  p: [495, 322], r: 1.6810029745101929e-02, e: 1.6807533800601959e-02
#ERR  p: [468, 322], r: 1.7270028591156006e-02, e: 1.7267525196075439e-02
#ERR  p: [448, 322], r: 1.7618387937545776e-02, e: 1.7615832388401031e-02
#ERR  p: [1269, 451], r: 8.8376961648464203e-03, e: 8.8184773921966553e-03
#ERR  p: [1161, 451], r: 9.8445024341344833e-03, e: 9.8230913281440735e-03
#ERR  p: [1116, 451], r: 1.0296171531081200e-02, e: 1.0273776948451996e-02
#ERR  p: [1782, 451], r: 5.2903648465871811e-03, e: 5.2788592875003815e-03
#ERR  p: [504, 322], r: 1.6659557819366455e-02, e: 1.6657080501317978e-02
#ERR  p: [2040, 451], r: 4.0873223915696144e-03, e: 4.0784338489174843e-03
#ERR  p: [774, 451], r: 1.4495324343442917e-02, e: 1.4463797211647034e-02
#ERR  p: [1278, 451], r: 8.7580122053623199e-03, e: 8.7389666587114334e-03
#ERR  p: [630, 322], r: 1.4686852693557739e-02, e: 1.4684651046991348e-02
#ERR  p: [1764, 451], r: 5.3863078355789185e-03, e: 5.3745955228805542e-03
#ERR  p: [1251, 451], r: 8.9969076216220856e-03, e: 8.9773423969745636e-03
#ERR  p: [450, 322], r: 1.7582982778549194e-02, e: 1.7580382525920868e-02
#ERR  p: [1962, 451], r: 4.4188955798745155e-03, e: 4.4092843309044838e-03
#ERR  p: [1971, 451], r: 4.3793208897113800e-03, e: 4.3697971850633621e-03
#ERR  p: [1152, 451], r: 9.9335201084613800e-03, e: 9.9119134247303009e-03
#ERR  p: [2016, 451], r: 4.1864514350891113e-03, e: 4.1773449629545212e-03
#ERR  p: [999, 451], r: 1.1574860662221909e-02, e: 1.1549685150384903e-02
#ERR  p: [1980, 451], r: 4.3402127921581268e-03, e: 4.3307729065418243e-03
#ERR  p: [1260, 451], r: 8.9165754616260529e-03, e: 8.8971871882677078e-03
#ERR  p: [1998, 451], r: 4.2622294276952744e-03, e: 4.2529599741101265e-03
#ERR  p: [1989, 451], r: 4.3011121451854706e-03, e: 4.2917579412460327e-03
#ERR  p: [1197, 451], r: 9.4957314431667328e-03, e: 9.4750765711069107e-03
#ERR  p: [1926, 451], r: 4.5806597918272018e-03, e: 4.5706965029239655e-03
#ERR  p: [1953, 451], r: 4.4587766751646996e-03, e: 4.4490788131952286e-03
#ERR  p: [486, 323], r: 1.6977608203887939e-02, e: 1.6974233090877533e-02
#ERR  p: [1908, 451], r: 4.6640578657388687e-03, e: 4.6539139002561569e-03
#ERR  p: [1944, 451], r: 4.4990396127104759e-03, e: 4.4892542064189911e-03
#ERR  p: [1917, 451], r: 4.6222358942031860e-03, e: 4.6121831983327866e-03
#ERR  p: [1881, 451], r: 4.7919657081365585e-03, e: 4.7815442085266113e-03
#ERR  p: [1935, 451], r: 4.5394515618681908e-03, e: 4.5295786112546921e-03
#ERR  p: [2032, 452], r: 4.1155628859996796e-03, e: 4.1155070066452026e-03
#ERR  p: [459, 322], r: 1.7426043748855591e-02, e: 1.7423477023839951e-02
#ERR  p: [792, 451], r: 1.4237530529499054e-02, e: 1.4206573367118835e-02
#ERR  p: [1899, 451], r: 4.7064833343029022e-03, e: 4.6962480992078781e-03
#ERR  p: [1890, 451], r: 4.7487542033195496e-03, e: 4.7384267672896385e-03
#ERR  p: [2007, 451], r: 4.2242873460054398e-03, e: 4.2150998488068581e-03
#ERR  p: [1125, 451], r: 1.0204456746578217e-02, e: 1.0182261466979980e-02
#ERR  p: [1188, 451], r: 9.5814801752567291e-03, e: 9.5606427639722824e-03
#ERR  p: [1215, 451], r: 9.3276165425777435e-03, e: 9.3073286116123199e-03
#ERR  p: [1170, 451], r: 9.7557269036769867e-03, e: 9.7345095127820969e-03
#ERR  p: [1134, 451], r: 1.0113859549164772e-02, e: 1.0091863572597504e-02
#ERR  p: [1791, 451], r: 5.2431151270866394e-03, e: 5.2317101508378983e-03
#ERR  p: [1800, 451], r: 5.1956027746200562e-03, e: 5.1843039691448212e-03
#ERR  p: [1863, 451], r: 4.8785423859953880e-03, e: 4.8679336905479431e-03
#ERR  p: [1854, 451], r: 4.9226116389036179e-03, e: 4.9119042232632637e-03
#ERR  p: [927, 451], r: 1.2439213693141937e-02, e: 1.2412160634994507e-02
#ERR  p: [1143, 451], r: 1.0022779926657677e-02, e: 1.0000979527831078e-02
#ERR  p: [1179, 451], r: 9.6683241426944733e-03, e: 9.6472948789596558e-03
#ERR  p: [1845, 451], r: 4.9671269953250885e-03, e: 4.9563255161046982e-03
#ERR  p: [1872, 451], r: 4.8349797725677490e-03, e: 4.8244632780551910e-03
#ERR  p: [1818, 451], r: 5.1022842526435852e-03, e: 5.0911847501993179e-03
#ERR  p: [1827, 451], r: 5.0575975328683853e-03, e: 5.0465976819396019e-03
#ERR  p: [1287, 451], r: 8.6787045001983643e-03, e: 8.6598284542560577e-03
#ERR  p: [1809, 451], r: 5.1493197679519653e-03, e: 5.1381206139922142e-03
#ERR  p: [1773, 451], r: 5.3384602069854736e-03, e: 5.3268503397703171e-03
#ERR  p: [1728, 451], r: 5.5847167968750000e-03, e: 5.5725742131471634e-03
#ERR  p: [1296, 451], r: 8.6007304489612579e-03, e: 8.5820220410823822e-03
#ERR  p: [531, 322], r: 1.6214281320571899e-02, e: 1.6211874783039093e-02
#ERR  p: [1737, 451], r: 5.5341310799121857e-03, e: 5.5220965296030045e-03
#ERR  p: [1746, 451], r: 5.4839495569467545e-03, e: 5.4720211774110794e-03
#ERR  p: [1755, 451], r: 5.4350420832633972e-03, e: 5.4232217371463776e-03
#ERR  p: [1836, 451], r: 5.0123836845159531e-03, e: 5.0014834851026535e-03
#ERR  p: [621, 322], r: 1.4819860458374023e-02, e: 1.4817634597420692e-02
#ERR  p: [1422, 451], r: 7.5827278196811676e-03, e: 7.5662396848201752e-03
#ERR  p: [846, 451], r: 1.3489384204149246e-02, e: 1.3460047543048859e-02
#ERR  p: [1386, 451], r: 7.8606065362691879e-03, e: 7.8435093164443970e-03
#ERR  p: [1485, 451], r: 7.1193333715200424e-03, e: 7.1038473397493362e-03
#ERR  p: [612, 322], r: 1.4953196048736572e-02, e: 1.4950994402170181e-02
#ERR  p: [981, 451], r: 1.1784903705120087e-02, e: 1.1759273707866669e-02
#ERR  p: [1431, 451], r: 7.5148083269596100e-03, e: 7.4984654784202576e-03
#ERR  p: [1332, 451], r: 8.2962922751903534e-03, e: 8.2782469689846039e-03
#ERR  p: [549, 322], r: 1.5925079584121704e-02, e: 1.5922702848911285e-02
#ERR  p: [1476, 451], r: 7.1835536509752274e-03, e: 7.1679297834634781e-03
#ERR  p: [657, 322], r: 1.4295756816864014e-02, e: 1.4293644577264786e-02
#ERR  p: [1413, 451], r: 7.6506659388542175e-03, e: 7.6340269297361374e-03
#ERR  p: [837, 451], r: 1.3610742986202240e-02, e: 1.3581141829490662e-02
#ERR  p: [567, 322], r: 1.5642613172531128e-02, e: 1.5640305355191231e-02
#ERR  p: [1368, 451], r: 8.0036576837301254e-03, e: 7.9862512648105621e-03
#ERR  p: [702, 322], r: 1.3665452599525452e-02, e: 1.3663446530699730e-02
#ERR  p: [1008, 451], r: 1.1471994221210480e-02, e: 1.1447045952081680e-02
#ERR  p: [1395, 451], r: 7.7898260205984116e-03, e: 7.7728834003210068e-03
#ERR  p: [1350, 451], r: 8.1490185111761093e-03, e: 8.1312935799360275e-03
#ERR  p: [756, 451], r: 1.4759168028831482e-02, e: 1.4727067202329636e-02
#ERR  p: [1341, 451], r: 8.2228165119886398e-03, e: 8.2049332559108734e-03
#ERR  p: [1557, 451], r: 6.6247470676898956e-03, e: 6.6103395074605942e-03
#ERR  p: [1305, 451], r: 8.5234567523002625e-03, e: 8.5049159824848175e-03
#ERR  p: [1683, 451], r: 5.8407224714756012e-03, e: 5.8280192315578461e-03
#ERR  p: [1314, 451], r: 8.4479451179504395e-03, e: 8.4295738488435745e-03
#ERR  p: [693, 322], r: 1.3789147138595581e-02, e: 1.3787126168608665e-02
#ERR  p: [1323, 451], r: 8.3712302148342133e-03, e: 8.3530209958553314e-03
#ERR  p: [1377, 451], r: 7.9317390918731689e-03, e: 7.9144891351461411e-03
#ERR  p: [1467, 451], r: 7.2491262108087540e-03, e: 7.2333607822656631e-03
#ERR  p: [819, 451], r: 1.3858936727046967e-02, e: 1.3828795403242111e-02
#ERR  p: [765, 451], r: 1.4627784490585327e-02, e: 1.4595974236726761e-02
#ERR  p: [810, 451], r: 1.3982914388179779e-02, e: 1.3952508568763733e-02
#ERR  p: [783, 451], r: 1.4366291463375092e-02, e: 1.4335047453641891e-02
#ERR  p: [801, 451], r: 1.4109328389167786e-02, e: 1.4078639447689056e-02
#ERR  p: [648, 322], r: 1.4425069093704224e-02, e: 1.4422938227653503e-02
#ERR  p: [675, 322], r: 1.4040097594261169e-02, e: 1.4038026332855225e-02
#ERR  p: [666, 322], r: 1.4167308807373047e-02, e: 1.4165231958031654e-02
#ERR  p: [594, 322], r: 1.5225321054458618e-02, e: 1.5223093330860138e-02
#ERR  p: [972, 451], r: 1.1891953647136688e-02, e: 1.1866088956594467e-02
#ERR  p: [729, 451], r: 1.5162691473960876e-02, e: 1.5129715204238892e-02
#ERR  p: [1521, 451], r: 6.8675354123115540e-03, e: 6.8525969982147217e-03
#ERR  p: [873, 451], r: 1.3128906488418579e-02, e: 1.3100348412990570e-02
#ERR  p: [540, 322], r: 1.6067266464233398e-02, e: 1.6064919531345367e-02
#ERR  p: [576, 322], r: 1.5501379966735840e-02, e: 1.5499111264944077e-02
#ERR  p: [954, 451], r: 1.2108452618122101e-02, e: 1.2082114815711975e-02
#ERR  p: [945, 451], r: 1.2217480689287186e-02, e: 1.2190911918878555e-02
#ERR  p: [747, 451], r: 1.4893103390932083e-02, e: 1.4860711991786957e-02
#ERR  p: [639, 322], r: 1.4555782079696655e-02, e: 1.4553636312484741e-02
#ERR  p: [1062, 451], r: 1.0868258774280548e-02, e: 1.0844621807336807e-02
#ERR  p: [711, 322], r: 1.3543397188186646e-02, e: 1.3541376218199730e-02
#ERR  p: [1359, 451], r: 8.0758333206176758e-03, e: 8.0582685768604279e-03
#ERR  p: [1089, 451], r: 1.0579619556665421e-02, e: 1.0556608438491821e-02
#ERR  p: [1404, 451], r: 7.7203810214996338e-03, e: 7.7035930007696152e-03
#ERR  p: [1656, 451], r: 6.0002990067005157e-03, e: 5.9872474521398544e-03
#ERR  p: [1044, 451], r: 1.1065840721130371e-02, e: 1.1041775345802307e-02
#ERR  p: [720, 451], r: 1.5300553292036057e-02, e: 1.5267275273799896e-02
#ERR  p: [1053, 451], r: 1.0967697948217392e-02, e: 1.0943844914436340e-02
#ERR  p: [738, 451], r: 1.5027280896902084e-02, e: 1.4994598925113678e-02
#ERR  p: [1098, 451], r: 1.0483153164386749e-02, e: 1.0460346937179565e-02
#ERR  p: [828, 451], r: 1.3733826577663422e-02, e: 1.3703953474760056e-02
#ERR  p: [1449, 451], r: 7.3809996247291565e-03, e: 7.3649454861879349e-03
#ERR  p: [900, 451], r: 1.2780345976352692e-02, e: 1.2752547860145569e-02
#ERR  p: [1107, 451], r: 1.0389858856797218e-02, e: 1.0367261245846748e-02
#ERR  p: [909, 451], r: 1.2665133923292160e-02, e: 1.2637585401535034e-02
#ERR  p: [1071, 451], r: 1.0770570486783981e-02, e: 1.0747145861387253e-02
#ERR  p: [1458, 451], r: 7.3140412569046021e-03, e: 7.2981324046850204e-03
#SDC Ite:0 KerTime:24.151782 AccTime:24.151782 KerErr:2589458 AccErr:2589458
#ABORT too many errors per iteration
#END