2017-01-25 13:31:06:Starting GDB script
2017-01-25 13:31:06:initSignal:4.0
2017-01-25 13:31:06:endSignal:6.0
2017-01-25 13:31:06:seqSignal:30
2017-01-25 13:31:11:sending 30 signals using command: 'ssh -T mic0 killall -2 lud_check' after 5.06876963179s
2017-01-25 13:31:11:sending 30 signals using command: 'ssh -T mic0 killall -2 lud_check' after 5.20650631703s
2017-01-25 13:31:12:sending 30 signals using command: 'ssh -T mic0 killall -2 lud_check' after 5.95769631238s
2017-01-25 13:31:13:shell stdout: 
2017-01-25 13:31:13:shell stdout: 
2017-01-25 13:31:13:shell stdout: 
2017-01-25 13:31:13:shell stdout: 
2017-01-25 13:31:13:shell stdout: 
2017-01-25 13:31:13:shell stdout: 
2017-01-25 13:31:13:shell stdout: 
2017-01-25 13:31:13:shell stdout: 
2017-01-25 13:31:14:shell stdout: 
2017-01-25 13:31:14:shell stdout: 
2017-01-25 13:31:14:shell stdout: 
2017-01-25 13:31:14:shell stdout: 
2017-01-25 13:31:14:shell stdout: 
2017-01-25 13:31:14:shell stdout: 
2017-01-25 13:31:14:shell stdout: 
2017-01-25 13:31:15:shell stdout: 
2017-01-25 13:31:15:shell stdout: 
2017-01-25 13:31:15:shell stdout: 
2017-01-25 13:31:15:shell stdout: 
2017-01-25 13:31:15:shell stdout: 
2017-01-25 13:31:15:shell stdout: 
2017-01-25 13:31:15:shell stdout: 
2017-01-25 13:31:16:shell stdout: 
2017-01-25 13:31:16:shell stdout: 
2017-01-25 13:31:16:shell stdout: 
2017-01-25 13:31:16:shell stdout: 
2017-01-25 13:31:16:shell stdout: 
2017-01-25 13:31:16:shell stdout: 
2017-01-25 13:31:16:shell stdout: 
2017-01-25 13:31:17:shell stdout: 
2017-01-25 13:31:17:shell stdout: 
2017-01-25 13:31:17:shell stdout: 
2017-01-25 13:31:17:shell stdout: 
2017-01-25 13:31:17:shell stdout: 
2017-01-25 13:31:17:shell stdout: 
2017-01-25 13:31:17:shell stdout: 
2017-01-25 13:31:18:shell stdout: 
2017-01-25 13:31:18:shell stdout: 
2017-01-25 13:31:18:shell stdout: 
2017-01-25 13:31:18:shell stdout: 
2017-01-25 13:31:18:shell stdout: 
2017-01-25 13:31:18:shell stdout: 
2017-01-25 13:31:19:shell stdout: 
2017-01-25 13:31:19:shell stdout: 
2017-01-25 13:31:19:shell stdout: 
2017-01-25 13:31:19:shell stdout: 
2017-01-25 13:31:19:shell stdout: 
2017-01-25 13:31:19:shell stdout: 
2017-01-25 13:31:20:shell stdout: 
2017-01-25 13:31:20:shell stdout: 
2017-01-25 13:31:20:shell stdout: 
2017-01-25 13:31:21:shell stdout: 
2017-01-25 13:31:21:shell stdout: 
2017-01-25 13:31:21:shell stdout: 
2017-01-25 13:31:21:shell stdout: 
2017-01-25 13:31:21:shell stdout: 
2017-01-25 13:31:21:shell stdout: 
2017-01-25 13:31:22:shell stdout: 
2017-01-25 13:31:22:shell stdout: 
2017-01-25 13:31:22:shell stdout: 
2017-01-25 13:31:23:shell stdout: 
2017-01-25 13:31:23:shell stdout: 
2017-01-25 13:31:23:shell stdout: 
2017-01-25 13:31:23:shell stdout: 
2017-01-25 13:31:23:shell stdout: 
2017-01-25 13:31:23:shell stdout: 
2017-01-25 13:31:24:shell stdout: 
2017-01-25 13:31:24:shell stdout: 
2017-01-25 13:31:24:shell stdout: 
2017-01-25 13:31:24:shell stdout: 
2017-01-25 13:31:24:shell stdout: 
2017-01-25 13:31:24:shell stdout: 
2017-01-25 13:31:25:shell stdout: 
2017-01-25 13:31:25:shell stdout: 
2017-01-25 13:31:25:shell stdout: 
2017-01-25 13:31:25:shell stdout: 
2017-01-25 13:31:25:shell stdout: 
2017-01-25 13:31:25:shell stdout: 
2017-01-25 13:31:26:shell stdout: 
2017-01-25 13:31:26:shell stdout: 
2017-01-25 13:31:26:shell stdout: 
2017-01-25 13:31:26:shell stdout: 
2017-01-25 13:31:26:shell stdout: 
2017-01-25 13:31:26:shell stdout: 
2017-01-25 13:31:26:shell stdout: 
2017-01-25 13:31:26:shell stdout: 
2017-01-25 13:31:26:shell stdout: 
2017-01-25 13:31:27:shell stdout: 
2017-01-25 13:31:27:shell stdout: 
2017-01-25 13:31:27:shell stdout: 
2017-01-25 13:31:33:no gdbExecName running, out:
2017-01-25 13:31:33:checCmd:ps -e | grep -i gdb-mic
2017-01-25 13:31:33:finished now-timestampStart < maxWaitTime*5
2017-01-25 13:31:33:now: 1485369093
2017-01-25 13:31:33:timestampStart: 1485369066
2017-01-25 13:31:33:kill cmd: killall -9 gdb-mic
2017-01-25 13:31:33:shell stdout: 
2017-01-25 13:31:34:kill cmd: ssh -T mic0 killall -9 lud_check
2017-01-25 13:31:34:shell stdout: 
2017-01-25 13:31:34:kill cmd: ssh -T mic0 killall -9 gdbserver
2017-01-25 13:31:34:shell stdout: 
2017-01-25 13:31:35:kill cmd: ssh -T mic0 killall -9 sshd
2017-01-25 13:31:35:shell stdout: 
