2017-01-25 09:39:26:Starting GDB script
2017-01-25 09:39:26:initSignal:2.0
2017-01-25 09:39:26:endSignal:4.0
2017-01-25 09:39:26:seqSignal:30
2017-01-25 09:39:29:sending 30 signals using command: 'ssh -T mic0 killall -2 lud_check' after 3.29077660766s
2017-01-25 09:39:30:sending 30 signals using command: 'ssh -T mic0 killall -2 lud_check' after 3.70912673194s
2017-01-25 09:39:30:sending 30 signals using command: 'ssh -T mic0 killall -2 lud_check' after 3.75531856801s
2017-01-25 09:39:30:shell stdout: 
2017-01-25 09:39:30:shell stdout: 
2017-01-25 09:39:30:shell stdout: 
2017-01-25 09:39:31:shell stdout: 
2017-01-25 09:39:31:shell stdout: 
2017-01-25 09:39:31:shell stdout: 
2017-01-25 09:39:31:shell stdout: 
2017-01-25 09:39:31:shell stdout: 
2017-01-25 09:39:31:shell stdout: 
2017-01-25 09:39:31:shell stdout: 
2017-01-25 09:39:32:shell stdout: 
2017-01-25 09:39:32:shell stdout: 
2017-01-25 09:39:32:shell stdout: 
2017-01-25 09:39:32:shell stdout: 
2017-01-25 09:39:32:shell stdout: 
2017-01-25 09:39:32:shell stdout: 
2017-01-25 09:39:33:shell stdout: 
2017-01-25 09:39:33:shell stdout: 
2017-01-25 09:39:33:shell stdout: 
2017-01-25 09:39:33:shell stdout: 
2017-01-25 09:39:33:shell stdout: 
2017-01-25 09:39:33:shell stdout: 
2017-01-25 09:39:33:shell stdout: 
2017-01-25 09:39:33:shell stdout: 
2017-01-25 09:39:34:shell stdout: 
2017-01-25 09:39:34:shell stdout: 
2017-01-25 09:39:34:shell stdout: 
2017-01-25 09:39:34:shell stdout: 
2017-01-25 09:39:34:shell stdout: 
2017-01-25 09:39:34:shell stdout: 
2017-01-25 09:39:34:shell stdout: 
2017-01-25 09:39:35:shell stdout: 
2017-01-25 09:39:35:shell stdout: 
2017-01-25 09:39:35:shell stdout: 
2017-01-25 09:39:35:shell stdout: 
2017-01-25 09:39:35:shell stdout: 
2017-01-25 09:39:35:shell stdout: 
2017-01-25 09:39:36:shell stdout: 
2017-01-25 09:39:36:shell stdout: 
2017-01-25 09:39:36:shell stdout: 
2017-01-25 09:39:36:shell stdout: 
2017-01-25 09:39:36:shell stdout: 
2017-01-25 09:39:36:shell stdout: 
2017-01-25 09:39:36:shell stdout: 
2017-01-25 09:39:37:shell stdout: 
2017-01-25 09:39:37:shell stdout: 
2017-01-25 09:39:37:shell stdout: 
2017-01-25 09:39:37:shell stdout: 
2017-01-25 09:39:37:shell stdout: 
2017-01-25 09:39:37:shell stdout: 
2017-01-25 09:39:37:shell stdout: 
2017-01-25 09:39:37:shell stdout: 
2017-01-25 09:39:38:shell stdout: 
2017-01-25 09:39:38:shell stdout: 
2017-01-25 09:39:38:shell stdout: 
2017-01-25 09:39:38:shell stdout: 
2017-01-25 09:39:38:shell stdout: 
2017-01-25 09:39:38:shell stdout: 
2017-01-25 09:39:38:shell stdout: 
2017-01-25 09:39:39:shell stdout: 
2017-01-25 09:39:39:shell stdout: 
2017-01-25 09:39:39:shell stdout: 
2017-01-25 09:39:39:shell stdout: 
2017-01-25 09:39:39:shell stdout: 
2017-01-25 09:39:39:shell stdout: 
2017-01-25 09:39:40:shell stdout: 
2017-01-25 09:39:40:shell stdout: 
2017-01-25 09:39:40:shell stdout: 
2017-01-25 09:39:40:shell stdout: 
2017-01-25 09:39:40:shell stdout: 
2017-01-25 09:39:40:shell stdout: 
2017-01-25 09:39:40:shell stdout: 
2017-01-25 09:39:41:shell stdout: 
2017-01-25 09:39:41:shell stdout: 
2017-01-25 09:39:41:shell stdout: 
2017-01-25 09:39:41:shell stdout: 
2017-01-25 09:39:41:shell stdout: 
2017-01-25 09:39:41:shell stdout: 
2017-01-25 09:39:41:shell stdout: 
2017-01-25 09:39:41:shell stdout: 
2017-01-25 09:39:42:shell stdout: 
2017-01-25 09:39:42:shell stdout: 
2017-01-25 09:39:42:shell stdout: 
2017-01-25 09:39:42:shell stdout: 
2017-01-25 09:39:42:shell stdout: 
2017-01-25 09:39:42:shell stdout: 
2017-01-25 09:39:43:shell stdout: 
2017-01-25 09:39:43:shell stdout: 
2017-01-25 09:39:43:shell stdout: 
2017-01-25 09:39:43:shell stdout: 
2017-01-25 09:40:06:finished due now-timestampStart > maxWaitTime*5
2017-01-25 09:40:06:now: 1485355206
2017-01-25 09:40:06:timestampStart: 1485355166
2017-01-25 09:40:06:kill cmd: killall -9 gdb-mic
2017-01-25 09:40:06:shell stdout: 
2017-01-25 09:40:06:kill cmd: ssh -T mic0 killall -9 lud_check
2017-01-25 09:40:06:shell stdout: 
2017-01-25 09:40:06:kill cmd: ssh -T mic0 killall -9 gdbserver
2017-01-25 09:40:06:shell stdout: 
2017-01-25 09:40:07:kill cmd: ssh -T mic0 killall -9 sshd
2017-01-25 09:40:07:shell stdout: 
