2017-01-26 04:51:32:Starting flip_value script
2017-01-26 04:51:32:Initialization strings:
2017-01-26 04:51:32:(1) target extended-remote | ssh -T mic0 gdbserver --multi -
2017-01-26 04:51:32:(2) set sysroot /opt/mpss/3.7/sysroots/k1om-mpss-linux/
2017-01-26 04:51:32:(3) set sysroot /opt/mpss/3.7/sysroots/k1om-mpss-linux/
2017-01-26 04:51:32:(4) file /micNfs/gdb-fault-injection/injector/bin/lud/lud_check
2017-01-26 04:51:32:(5) set remote exec-file /micNfs/gdb-fault-injection/injector/bin/lud/lud_check
2017-01-26 04:51:32:(6) set args -s 2048 -n 228 -i /micNfs/gdb-fault-injection/injector/bin/lud/input_2048_th_228 -g /micNfs/gdb-fault-injection/injector/bin/lud/gold_2048_th_228
2017-01-26 04:51:32:initSignal:4
2017-01-26 04:51:32:endSignal:6
2017-01-26 04:51:32:seqSignal:30
2017-01-26 04:51:37:Trying Fault Injection
2017-01-26 04:51:37:Inferior PID: 9935
2017-01-26 04:51:37:Inferior is valid: True
2017-01-26 04:51:37:Inferior #threads: 229
2017-01-26 04:51:37:Backtrace BEGIN:
2017-01-26 04:51:37:#0  0x0000000000404d0d in L_lud_omp_123__par_loop2_2_5 () at lud_omp.c:147
#1  0x00007ffff790ba1f in ?? ()
#2  0x00007fffffffd9c0 in ?? ()
#3  0x00007ffff4ea0100 in ?? ()
#4  0x0000000000000001 in ?? ()
#5  0x0000000000000003 in ?? ()
#6  0x0000000000000000 in ?? ()

2017-01-26 04:51:37:142	
143	            for (i = 0; i < BS; i++)
144	            {
145	                for (k=0; k < BS; k++) {
146	#pragma omp simd 
147	                    for (j = 0; j < BS; j++) {
148	                        sum[j] += temp_left[BS*i + k] * temp_top[BS*k + j];
149	                    }
150	                }
151	#pragma omp simd 

2017-01-26 04:51:37:Backtrace END
2017-01-26 04:51:50:Thread name: None
2017-01-26 04:51:50:Thread num: 84
2017-01-26 04:51:50:Thread ptid: (9935, 10022, 0)
2017-01-26 04:51:50:Error Exception(frameFlip): invalid frame
2017-01-26 04:51:50:Error Exception(frameFlip): invalid frame
2017-01-26 04:51:50:Error Exception(frameFlip): invalid frame
2017-01-26 04:51:50:Error Exception(frameFlip): invalid frame
2017-01-26 04:51:50:Error Exception(frameFlip): invalid frame
2017-01-26 04:51:50:Error Exception(frameFlip): invalid frame
2017-01-26 04:51:50:Error Exception(frameFlip): invalid frame
2017-01-26 04:51:50:Error Exception(frameFlip): invalid frame
2017-01-26 04:51:50:Error Exception(frameFlip): invalid frame
2017-01-26 04:51:50:Error Exception(frameFlip): invalid frame
2017-01-26 04:51:50:Error Exception(frameFlip): invalid frame
2017-01-26 04:51:50:Error Exception(frameFlip): invalid frame
2017-01-26 04:51:50:Error Exception(frameFlip): invalid frame
2017-01-26 04:51:50:Error Exception(frameFlip): invalid frame
2017-01-26 04:51:50:Error Exception(frameFlip): invalid frame
2017-01-26 04:51:50:Error Exception(frameFlip): invalid frame
2017-01-26 04:51:50:Error Exception(frameFlip): invalid frame
2017-01-26 04:51:50:Error Exception(frameFlip): invalid frame
2017-01-26 04:51:50:Error Exception(frameFlip): invalid frame
2017-01-26 04:51:50:Error Exception(frameFlip): invalid frame
2017-01-26 04:51:50:Error Exception(frameFlip): invalid frame
2017-01-26 04:51:50:Error Exception(frameFlip): invalid frame
2017-01-26 04:51:50:Error Exception(frameFlip): invalid frame
2017-01-26 04:51:50:Error Exception(frameFlip): invalid frame
2017-01-26 04:51:50:Error Exception(frameFlip): invalid frame
2017-01-26 04:51:50:Error Exception(frameFlip): invalid frame
2017-01-26 04:51:50:Error Exception(frameFlip): invalid frame
2017-01-26 04:51:50:Error Exception(frameFlip): invalid frame
2017-01-26 04:51:50:Error Exception(frameFlip): invalid frame
2017-01-26 04:51:50:Error Exception(frameFlip): invalid frame
2017-01-26 04:51:50:Error Exception(frameFlip): invalid frame
2017-01-26 04:51:50:Error Exception(frameFlip): invalid frame
2017-01-26 04:51:50:Error Exception(frameFlip): invalid frame
2017-01-26 04:51:50:Error Exception(frameFlip): invalid frame
2017-01-26 04:51:50:Error Exception(frameFlip): invalid frame
2017-01-26 04:51:50:Error Exception(frameFlip): invalid frame
2017-01-26 04:51:50:Error Exception(frameFlip): invalid frame
2017-01-26 04:51:50:Error Exception(frameFlip): invalid frame
2017-01-26 04:51:50:Error Exception(frameFlip): invalid frame
2017-01-26 04:51:50:Error Exception(frameFlip): invalid frame
2017-01-26 04:51:50:Error Exception(frameFlip): invalid frame
2017-01-26 04:51:50:Error Exception(frameFlip): invalid frame
2017-01-26 04:51:50:Error Exception(frameFlip): invalid frame
2017-01-26 04:51:50:Error Exception(frameFlip): invalid frame
2017-01-26 04:51:50:Error Exception(frameFlip): invalid frame
2017-01-26 04:51:50:Error Exception(frameFlip): invalid frame
2017-01-26 04:51:50:Error Exception(frameFlip): invalid frame
2017-01-26 04:51:50:Error Exception(frameFlip): invalid frame
2017-01-26 04:51:50:Error Exception(frameFlip): invalid frame
2017-01-26 04:51:50:Error Exception(frameFlip): invalid frame
2017-01-26 04:51:50:Error Exception(frameFlip): invalid frame
2017-01-26 04:51:50:Error Exception(frameFlip): invalid frame
2017-01-26 04:51:50:Error Exception(frameFlip): invalid frame
2017-01-26 04:51:50:Error Exception(frameFlip): invalid frame
2017-01-26 04:51:50:Error Exception(frameFlip): invalid frame
2017-01-26 04:51:50:Error Exception(frameFlip): invalid frame
2017-01-26 04:51:50:Error Exception(frameFlip): invalid frame
2017-01-26 04:51:50:Error Exception(frameFlip): invalid frame
2017-01-26 04:51:50:Error Exception(frameFlip): invalid frame
2017-01-26 04:51:50:Error Exception(frameFlip): invalid frame
2017-01-26 04:51:50:Error Exception(frameFlip): invalid frame
2017-01-26 04:51:50:Error Exception(frameFlip): invalid frame
2017-01-26 04:51:50:Error Exception(frameFlip): invalid frame
2017-01-26 04:51:50:Error Exception(frameFlip): invalid frame
2017-01-26 04:51:50:Error Exception(frameFlip): invalid frame
2017-01-26 04:51:50:Error Exception(frameFlip): invalid frame
2017-01-26 04:51:50:Error Exception(frameFlip): invalid frame
2017-01-26 04:51:50:Error Exception(frameFlip): invalid frame
2017-01-26 04:51:50:Error Exception(frameFlip): invalid frame
2017-01-26 04:51:50:Error Exception(frameFlip): invalid frame
2017-01-26 04:51:50:Error Exception(frameFlip): invalid frame
2017-01-26 04:51:50:Error Exception(frameFlip): invalid frame
2017-01-26 04:51:50:Error Exception(frameFlip): invalid frame
2017-01-26 04:51:50:Error Exception(frameFlip): invalid frame
2017-01-26 04:51:50:Error Exception(frameFlip): invalid frame
2017-01-26 04:51:50:Error Exception(frameFlip): invalid frame
2017-01-26 04:51:50:Error Exception(frameFlip): invalid frame
2017-01-26 04:51:50:Error Exception(frameFlip): invalid frame
2017-01-26 04:51:50:Error Exception(frameFlip): invalid frame
2017-01-26 04:51:50:Error Exception(frameFlip): invalid frame
2017-01-26 04:51:50:Error Exception(frameFlip): invalid frame
2017-01-26 04:51:50:Error Exception(frameFlip): invalid frame
2017-01-26 04:51:50:Error Exception(frameFlip): invalid frame
2017-01-26 04:51:50:Error Exception(frameFlip): invalid frame
2017-01-26 04:51:50:Error Exception(frameFlip): invalid frame
2017-01-26 04:51:50:Error Exception(frameFlip): invalid frame
2017-01-26 04:51:50:Error Exception(frameFlip): invalid frame
2017-01-26 04:51:50:Error Exception(frameFlip): invalid frame
2017-01-26 04:51:50:Error Exception(frameFlip): invalid frame
2017-01-26 04:51:50:Error Exception(frameFlip): invalid frame
2017-01-26 04:51:50:Error Exception(frameFlip): invalid frame
2017-01-26 04:51:50:Error Exception(frameFlip): invalid frame
2017-01-26 04:51:50:Error Exception(frameFlip): invalid frame
2017-01-26 04:51:50:Error Exception(frameFlip): invalid frame
2017-01-26 04:51:50:Error Exception(frameFlip): invalid frame
2017-01-26 04:51:50:Error Exception(frameFlip): invalid frame
2017-01-26 04:51:50:Error Exception(frameFlip): invalid frame
2017-01-26 04:51:50:Error Exception(frameFlip): invalid frame
2017-01-26 04:51:50:Error Exception(frameFlip): invalid frame
2017-01-26 04:51:50:Error Exception(frameFlip): invalid frame
2017-01-26 04:51:50:Error Exception(frameFlip): invalid frame
2017-01-26 04:51:50:Error Exception(frameFlip): invalid frame
2017-01-26 04:51:50:Error Exception(frameFlip): invalid frame
2017-01-26 04:51:50:Error Exception(frameFlip): invalid frame
2017-01-26 04:51:50:bitFlip function
2017-01-26 04:51:50:Type: The type is an integer type.
2017-01-26 04:51:50:Type sizeof: 4
2017-01-26 04:51:50:Mem contents(hex):0x000x190x000x00
2017-01-26 04:51:50:base address to flip value: 0x7fffffffd934
2017-01-26 04:51:50:address max offset: 4
2017-01-26 04:51:50:Memory content before bitflip:0x000x190x000x00
2017-01-26 04:51:50:Memory content after  bitflip:0x000x190x000x40
2017-01-26 04:51:50:Mem contents(hex):0x000x190x000x40
2017-01-26 04:51:50:frame name: L_lud_omp_123__par_loop2_2_5
2017-01-26 04:51:50:symbol name: chunks_per_inter
2017-01-26 04:51:50:symbol filename: lud_omp.c
2017-01-26 04:51:50:symbol line: 45
2017-01-26 04:51:50:value: 1073748224
2017-01-26 04:51:50:value address: 0x7fffffffd934
2017-01-26 04:51:50:Type: The type is an integer type.
2017-01-26 04:51:50:Type sizeof: 4
2017-01-26 04:51:50:Fault Injection Successful after 18.7980160713s
2017-01-26 04:51:50:Fault Already Injected
2017-01-26 04:51:52:event type: exit
2017-01-26 04:51:52:exit code: 0
