2017-01-25 21:29:28:Starting GDB script
2017-01-25 21:29:28:initSignal:21.0
2017-01-25 21:29:28:endSignal:28.0
2017-01-25 21:29:28:seqSignal:15
2017-01-25 21:29:51:sending 15 signals using command: 'ssh -T mic1 killall -2 dgemm_check' after 22.9833167385s
2017-01-25 21:29:52:shell stdout: 
2017-01-25 21:29:53:shell stdout: 
2017-01-25 21:29:53:shell stdout: 
2017-01-25 21:29:53:shell stdout: 
2017-01-25 21:29:54:shell stdout: 
2017-01-25 21:29:54:shell stdout: 
2017-01-25 21:29:55:shell stdout: 
2017-01-25 21:29:55:shell stdout: 
2017-01-25 21:29:55:sending 15 signals using command: 'ssh -T mic1 killall -2 dgemm_check' after 26.9918112491s
2017-01-25 21:29:56:shell stdout: 
2017-01-25 21:29:56:shell stdout: 
2017-01-25 21:29:56:shell stdout: 
2017-01-25 21:29:56:sending 15 signals using command: 'ssh -T mic1 killall -2 dgemm_check' after 27.836339021s
2017-01-25 21:29:56:shell stdout: 
2017-01-25 21:29:56:shell stdout: 
2017-01-25 21:29:57:shell stdout: 
2017-01-25 21:29:57:shell stdout: 
2017-01-25 21:29:57:shell stdout: 
2017-01-25 21:29:57:shell stdout: 
2017-01-25 21:29:57:shell stdout: 
2017-01-25 21:29:57:shell stdout: 
2017-01-25 21:29:57:shell stdout: 
2017-01-25 21:29:58:shell stdout: 
2017-01-25 21:29:58:shell stdout: 
2017-01-25 21:29:58:shell stdout: 
2017-01-25 21:29:58:shell stdout: 
2017-01-25 21:29:58:shell stdout: 
2017-01-25 21:29:58:shell stdout: 
2017-01-25 21:29:58:shell stdout: 
2017-01-25 21:29:59:shell stdout: 
2017-01-25 21:29:59:shell stdout: 
2017-01-25 21:29:59:shell stdout: 
2017-01-25 21:29:59:shell stdout: 
2017-01-25 21:30:00:shell stdout: 
2017-01-25 21:30:00:shell stdout: 
2017-01-25 21:30:00:shell stdout: 
2017-01-25 21:30:00:shell stdout: 
2017-01-25 21:30:01:shell stdout: 
2017-01-25 21:30:01:shell stdout: 
2017-01-25 21:30:01:shell stdout: 
2017-01-25 21:30:01:shell stdout: 
2017-01-25 21:30:01:shell stdout: 
2017-01-25 21:30:01:shell stdout: 
2017-01-25 21:30:02:shell stdout: 
2017-01-25 21:30:02:shell stdout: 
2017-01-25 21:30:02:shell stdout: 
2017-01-25 21:30:03:shell stdout: 
2017-01-25 21:32:07:no gdbExecName running, out:
2017-01-25 21:32:07:checCmd:ps -e | grep -i gdb-mic
2017-01-25 21:32:07:finished now-timestampStart < maxWaitTime*5
2017-01-25 21:32:07:now: 1485397919
2017-01-25 21:32:07:timestampStart: 1485397768
2017-01-25 21:32:07:kill cmd: killall -9 gdb-mic
2017-01-25 21:32:07:shell stdout: 
2017-01-25 21:32:08:kill cmd: ssh -T mic1 killall -9 dgemm_check
2017-01-25 21:32:08:shell stdout: 
2017-01-25 21:32:08:kill cmd: ssh -T mic1 killall -9 gdbserver
2017-01-25 21:32:08:shell stdout: 
2017-01-25 21:32:09:kill cmd: ssh -T mic1 killall -9 sshd
2017-01-25 21:32:09:shell stdout: 
