2017-01-23 15:00:55:Starting flip_value script
2017-01-23 15:00:55:Initialization strings:
2017-01-23 15:00:55:(1) target extended-remote | ssh -T mic0 gdbserver --multi -
2017-01-23 15:00:55:(2) set sysroot /opt/mpss/3.7/sysroots/k1om-mpss-linux/
2017-01-23 15:00:55:(3) set sysroot /opt/mpss/3.7/sysroots/k1om-mpss-linux/
2017-01-23 15:00:55:(4) file /micNfs/gdb-fault-injection/injector/bin/lud/lud_check
2017-01-23 15:00:55:(5) set remote exec-file /micNfs/gdb-fault-injection/injector/bin/lud/lud_check
2017-01-23 15:00:55:(6) set args -s 2048 -n 228 -i /micNfs/gdb-fault-injection/injector/bin/lud/input_2048_th_228 -g /micNfs/gdb-fault-injection/injector/bin/lud/gold_2048_th_228
2017-01-23 15:00:55:initSignal:6
2017-01-23 15:00:55:endSignal:8
2017-01-23 15:00:55:seqSignal:30
2017-01-23 15:01:01:Trying Fault Injection
2017-01-23 15:01:01:Inferior PID: 75156
2017-01-23 15:01:01:Inferior is valid: True
2017-01-23 15:01:01:Inferior #threads: 177
2017-01-23 15:01:01:Backtrace BEGIN:
2017-01-23 15:01:01:#0  pthread_join (threadid=140737300436864, thread_return=0x7fffffffe980) at pthread_join.c:90
#1  0x00007ffff790e946 in ?? ()
#2  0x00007ffff4ebfe00 in ?? ()
#3  0x00007ffff4ec3fd8 in ?? ()
#4  0x00007ffff4ea2b00 in ?? ()
#5  0x00007ffff78de555 in ?? ()
#6  0x00007ffff4ea2df0 in ?? ()
#7  0x0000000000000001 in ?? ()
#8  0x0000000000000000 in ?? ()

2017-01-23 15:01:01:85	in pthread_join.c

2017-01-23 15:01:01:Backtrace END
2017-01-23 15:01:06:Thread name: None
2017-01-23 15:01:06:Thread num: 59
2017-01-23 15:01:06:Thread ptid: (75156, 75236, 0)
2017-01-23 15:01:06:Error Exception(frameFlip): invalid frame
2017-01-23 15:01:06:Error Exception(frameFlip): invalid frame
2017-01-23 15:01:06:Error Exception(frameFlip): invalid frame
2017-01-23 15:01:06:Error Exception(frameFlip): invalid frame
2017-01-23 15:01:06:Error Exception(frameFlip): invalid frame
2017-01-23 15:01:06:Error Exception(frameFlip): invalid frame
2017-01-23 15:01:06:Error Exception(frameFlip): invalid frame
2017-01-23 15:01:06:Error Exception(frameFlip): invalid frame
2017-01-23 15:01:06:Error Exception(frameFlip): invalid frame
2017-01-23 15:01:06:bitFlip function
2017-01-23 15:01:06:Type: The type is a structure.
2017-01-23 15:01:06:Type sizeof: 32
2017-01-23 15:01:06:Fliping value of field: __arg
2017-01-23 15:01:06:bitFlip function
2017-01-23 15:01:06:Type: The type is a pointer.
2017-01-23 15:01:06:Type sizeof: 8
2017-01-23 15:01:06:Error gdbException(frameFlip): Attempt to dereference a generic pointer.
2017-01-23 15:01:06:Error Exception(frameFlip): invalid frame
2017-01-23 15:01:06:Error Exception(frameFlip): invalid frame
2017-01-23 15:01:06:Error Exception(frameFlip): invalid frame
2017-01-23 15:01:06:Error Exception(frameFlip): invalid frame
2017-01-23 15:01:06:Error Exception(frameFlip): invalid frame
2017-01-23 15:01:06:Error Exception(frameFlip): invalid frame
2017-01-23 15:01:06:Error Exception(frameFlip): invalid frame
2017-01-23 15:01:06:Error Exception(frameFlip): invalid frame
2017-01-23 15:01:06:Error Exception(frameFlip): invalid frame
2017-01-23 15:01:06:Error Exception(frameFlip): invalid frame
2017-01-23 15:01:06:Error Exception(frameFlip): invalid frame
2017-01-23 15:01:06:Error Exception(frameFlip): invalid frame
2017-01-23 15:01:06:Error Exception(frameFlip): invalid frame
2017-01-23 15:01:06:Error Exception(frameFlip): invalid frame
2017-01-23 15:01:06:Error Exception(frameFlip): invalid frame
2017-01-23 15:01:06:Error Exception(frameFlip): invalid frame
2017-01-23 15:01:06:Error Exception(frameFlip): invalid frame
2017-01-23 15:01:06:Error Exception(frameFlip): invalid frame
2017-01-23 15:01:06:Error Exception(frameFlip): invalid frame
2017-01-23 15:01:06:Error Exception(frameFlip): invalid frame
2017-01-23 15:01:06:Error Exception(frameFlip): invalid frame
2017-01-23 15:01:06:Error Exception(frameFlip): invalid frame
2017-01-23 15:01:06:Error Exception(frameFlip): invalid frame
2017-01-23 15:01:06:Fault Injection Failed after 11.7319400311s
2017-01-23 15:01:06:Trying Fault Injection
2017-01-23 15:01:06:Inferior PID: 75156
2017-01-23 15:01:06:Inferior is valid: True
2017-01-23 15:01:06:Inferior #threads: 1
2017-01-23 15:01:06:Backtrace BEGIN:
2017-01-23 15:01:07:#0  pthread_join (threadid=140737300436864, thread_return=0x7fffffffe980) at pthread_join.c:90
#1  0x00007ffff790e946 in ?? ()
#2  0x00007ffff4ebfe00 in ?? ()
#3  0x00007ffff4ec3fd8 in ?? ()
#4  0x00007ffff4ea2b00 in ?? ()
#5  0x00007ffff78de555 in ?? ()
#6  0x00007ffff4ea2df0 in ?? ()
#7  0x0000000000000001 in ?? ()
#8  0x0000000000000000 in ?? ()

2017-01-23 15:01:07:85	in pthread_join.c

2017-01-23 15:01:07:Backtrace END
2017-01-23 15:01:07:Thread name: None
2017-01-23 15:01:07:Thread num: 1
2017-01-23 15:01:07:Thread ptid: (75156, 75156, 0)
2017-01-23 15:01:07:bitFlip function
2017-01-23 15:01:07:Type: The type is a structure.
2017-01-23 15:01:07:Type sizeof: 32
2017-01-23 15:01:07:Fliping value of field: __canceltype
2017-01-23 15:01:07:bitFlip function
2017-01-23 15:01:07:Type: The type is an integer type.
2017-01-23 15:01:07:Type sizeof: 4
2017-01-23 15:01:07:Mem contents(hex):0x900xba0xb70xf7
2017-01-23 15:01:07:base address to flip value: 0x7fffffffe930
2017-01-23 15:01:07:address max offset: 4
2017-01-23 15:01:07:Memory content before bitflip:0x900xba0xb70xf7
2017-01-23 15:01:07:Memory content after  bitflip:0x900xbe0xb70xf7
2017-01-23 15:01:07:Mem contents(hex):0x900xbe0xb70xf7
2017-01-23 15:01:07:frame name: pthread_join
2017-01-23 15:01:07:symbol name: _buffer
2017-01-23 15:01:07:symbol filename: pthread_join.c
2017-01-23 15:01:07:symbol line: 62
2017-01-23 15:01:07:value: {__routine = 0x7ffff7432480 <cleanup>, __arg = 0x7ffff4cc9da8, __canceltype = -138953072, __prev = 0x0}
2017-01-23 15:01:07:value address: 0x7fffffffe920
2017-01-23 15:01:07:Type: The type is a structure.
2017-01-23 15:01:07:Type sizeof: 32
2017-01-23 15:01:07:Field name: __routine
2017-01-23 15:01:07:Field Type:
2017-01-23 15:01:07:Type: The type is a pointer.
2017-01-23 15:01:07:Type sizeof: 8
2017-01-23 15:01:07:Field name: __arg
2017-01-23 15:01:07:Field Type:
2017-01-23 15:01:07:Type: The type is a pointer.
2017-01-23 15:01:07:Type sizeof: 8
2017-01-23 15:01:07:Field name: __canceltype
2017-01-23 15:01:07:Field Type:
2017-01-23 15:01:07:Type: The type is an integer type.
2017-01-23 15:01:07:Type sizeof: 4
2017-01-23 15:01:07:Field name: __prev
2017-01-23 15:01:07:Field Type:
2017-01-23 15:01:07:Type: The type is a pointer.
2017-01-23 15:01:07:Type sizeof: 8
2017-01-23 15:01:07:Fault Injection Successful after 12.03363204s
2017-01-23 15:01:07:Fault Already Injected
2017-01-23 15:01:07:event type: exit
2017-01-23 15:01:07:exit code: 0
