2016-10-14 00:07:22:Starting GDB script
2016-10-14 00:07:23:sending signal using command: 'ssh -T mic0 killall -2 needle_check' after 1.30046045947s
2016-10-14 00:07:23:shell stdout: 
2016-10-14 00:07:24:sending signal using command: 'ssh -T mic0 killall -2 needle_check' after 1.50726083675s
2016-10-14 00:07:24:shell stdout: 
2016-10-14 00:07:25:sending signal using command: 'ssh -T mic0 killall -2 needle_check' after 2.44970159049s
2016-10-14 00:07:25:shell stdout: 
2016-10-14 00:07:26:sending signal using command: 'ssh -T mic0 killall -2 needle_check' after 3.87497575556s
2016-10-14 00:07:26:shell stdout: 
2016-10-14 00:07:30:sending signal using command: 'ssh -T mic0 killall -2 needle_check' after 7.6666100631s
2016-10-14 00:07:30:shell stdout: 
2016-10-14 00:07:33:sending signal using command: 'ssh -T mic0 killall -2 needle_check' after 8.53036144373s
2016-10-14 00:07:33:shell stdout: 
2016-10-14 00:07:34:sending signal using command: 'ssh -T mic0 killall -2 needle_check' after 11.4467251362s
2016-10-14 00:07:34:shell stdout: 
2016-10-14 00:07:34:sending signal using command: 'ssh -T mic0 killall -2 needle_check' after 11.5152469544s
2016-10-14 00:07:34:shell stdout: 
2016-10-14 00:07:35:sending signal using command: 'ssh -T mic0 killall -2 needle_check' after 12.4411762293s
2016-10-14 00:07:35:shell stdout: 
2016-10-14 00:07:37:sending signal using command: 'ssh -T mic0 killall -2 needle_check' after 14.3909391193s
2016-10-14 00:07:37:shell stdout: 
2016-10-14 00:07:41:no gdbExecName running, out:
2016-10-14 00:07:41:checCmd:ps -e | grep -i gdb-mic
2016-10-14 00:07:41:finished now-timestampStart < maxWaitTime*5
2016-10-14 00:07:41:now: 1476418060
2016-10-14 00:07:41:timestampStart: 1476418042
2016-10-14 00:07:41:kill cmd: killall -9 gdb-mic
2016-10-14 00:07:41:shell stdout: 
2016-10-14 00:07:41:kill cmd: ssh -T mic0 killall -9 needle_check
2016-10-14 00:07:41:shell stdout: 
2016-10-14 00:07:42:kill cmd: ssh -T mic0 killall -9 gdbserver
2016-10-14 00:07:42:shell stdout: 
2016-10-14 00:07:42:kill cmd: ssh -T mic0 killall -9 sshd
2016-10-14 00:07:42:shell stdout: 
