2016-10-12 03:26:05:Starting GDB script
2016-10-12 03:26:07:sending signal using command: 'ssh -T mic0 killall -2 needle_check' after 0.754530030218s
2016-10-12 03:26:07:shell stdout: 
2016-10-12 03:26:07:sending signal using command: 'ssh -T mic0 killall -2 needle_check' after 1.24201322309s
2016-10-12 03:26:07:shell stdout: 
2016-10-12 03:26:09:sending signal using command: 'ssh -T mic0 killall -2 needle_check' after 2.87237123882s
2016-10-12 03:26:09:shell stdout: 
2016-10-12 03:26:10:sending signal using command: 'ssh -T mic0 killall -2 needle_check' after 4.23273865287s
2016-10-12 03:26:10:shell stdout: 
2016-10-12 03:26:11:sending signal using command: 'ssh -T mic0 killall -2 needle_check' after 5.68620176989s
2016-10-12 03:26:11:shell stdout: 
2016-10-12 03:26:12:sending signal using command: 'ssh -T mic0 killall -2 needle_check' after 5.80338065962s
2016-10-12 03:26:12:shell stdout: 
2016-10-12 03:26:17:sending signal using command: 'ssh -T mic0 killall -2 needle_check' after 11.3492557507s
2016-10-12 03:26:17:shell stdout: 
2016-10-12 03:26:18:sending signal using command: 'ssh -T mic0 killall -2 needle_check' after 11.8356705111s
2016-10-12 03:26:18:shell stdout: 
2016-10-12 03:26:18:sending signal using command: 'ssh -T mic0 killall -2 needle_check' after 11.9460591911s
2016-10-12 03:26:18:shell stdout: 
2016-10-12 03:26:19:sending signal using command: 'ssh -T mic0 killall -2 needle_check' after 13.5602132083s
2016-10-12 03:26:19:shell stdout: 
2016-10-12 03:26:20:no gdbExecName running, out:
2016-10-12 03:26:20:checCmd:ps -e | grep -i gdb-mic
2016-10-12 03:26:20:finished now-timestampStart < maxWaitTime*5
2016-10-12 03:26:20:now: 1476257179
2016-10-12 03:26:20:timestampStart: 1476257165
2016-10-12 03:26:20:kill cmd: killall -9 gdb-mic
2016-10-12 03:26:20:shell stdout: 
2016-10-12 03:26:20:kill cmd: ssh -T mic0 killall -9 needle_check
2016-10-12 03:26:20:shell stdout: 
2016-10-12 03:26:20:kill cmd: ssh -T mic0 killall -9 gdbserver
2016-10-12 03:26:20:shell stdout: 
2016-10-12 03:26:21:kill cmd: ssh -T mic0 killall -9 sshd
2016-10-12 03:26:21:shell stdout: 
