2016-10-29 07:31:44:Initialization strings:
2016-10-29 07:31:44:(1) target extended-remote | ssh -T mic0 gdbserver --multi -
2016-10-29 07:31:44:(2) set sysroot /opt/mpss/3.7/sysroots/k1om-mpss-linux/
2016-10-29 07:31:44:(3) set sysroot /opt/mpss/3.7/sysroots/k1om-mpss-linux/
2016-10-29 07:31:44:(4) file /micNfs/gdb-fault-injection-hotspot/bin/hotspot_check
2016-10-29 07:31:44:(5) set remote exec-file /micNfs/gdb-fault-injection-hotspot/bin/hotspot_check
2016-10-29 07:31:44:(6) set args 1024 1024 2000 228 /micNfs/gdb-fault-injection-hotspot/bin/temp_1024 /micNfs/gdb-fault-injection-hotspot/bin/power_1024 /micNfs/gdb-fault-injection-hotspot/bin/GOLD_1024-2000-228
2016-10-29 07:31:45:Trying Fault Injection
2016-10-29 07:31:45:Backtrace BEGIN:
2016-10-29 07:31:45:#0  0x00007ffff71505cf in __GI_memcpy (dstpp=dstpp@entry=0x7fffffffdf28, srcpp=srcpp@entry=0x7fffffffdf30, len=<optimized out>) at ../string/memcpy.c:59
#1  0x00007ffff710a1fb in __GI_____strtof_l_internal (nptr=nptr@entry=0x7fffffffe010 "326.549352", endptr=endptr@entry=0x7fffffffe240, group=group@entry=0, loc=<optimized out>) at strtod_l.c:1330
#2  0x00007ffff7107c00 in __GI___strtof_internal (nptr=nptr@entry=0x7fffffffe010 "326.549352", endptr=endptr@entry=0x7fffffffe240, group=group@entry=0) at strtod.c:54
#3  0x00007ffff7128bec in _IO_vfscanf_internal (s=s@entry=0x7fffffffe400, format=format@entry=0x407198 "%f", argptr=argptr@entry=0x7fffffffe528, errp=errp@entry=0x0) at vfscanf.c:2332
#4  0x00007ffff71365ea in __GI___isoc99_vsscanf (string=0x7fffffffe77a "326.549352\n", format=0x407198 "%f", args=args@entry=0x7fffffffe528) at isoc99_vsscanf.c:43
#5  0x00007ffff7136569 in __isoc99_sscanf (s=<optimized out>, format=<optimized out>) at isoc99_sscanf.c:31
#6  0x0000000000401744 in read_input (vect=<optimized out>, grid_rows=<optimized out>, grid_cols=-160649200, file=<optimized out>) at hotspot_check.c:206
#7  main (argc=-8408, argv=0x8) at hotspot_check.c:264

2016-10-29 07:31:45:54	in ../string/memcpy.c

2016-10-29 07:31:45:Backtrace END
2016-10-29 07:31:45:Type: The type is an array.
2016-10-29 07:31:45:Type sizeof: 24
2016-10-29 07:31:45:Fliping array at pos: 0
2016-10-29 07:31:45:Type: The type is a structure.
2016-10-29 07:31:45:Type sizeof: 24
2016-10-29 07:31:45:Fliping value of field: overflow_arg_area
2016-10-29 07:31:45:Type: The type is a pointer.
2016-10-29 07:31:45:Type sizeof: 8
2016-10-29 07:31:45:Fault Injection Failed after 1.50232410431s
2016-10-29 07:31:46:Trying Fault Injection
2016-10-29 07:31:46:Backtrace BEGIN:
2016-10-29 07:31:46:#0  str_to_mpn (str=0x7fffffffe015 "84960", str@entry=0x7fffffffe013 ".184960", digcnt=4, digcnt@entry=5, n=n@entry=0x7fffffffdf30, nsize=nsize@entry=0x7fffffffdf18, exponent=exponent@entry=0x7fffffffdf20, decimal_len=decimal_len@entry=1, thousands=0x0, decimal=<optimized out>) at strtod_l.c:369
#1  0x00007ffff71092a0 in __GI_____strtof_l_internal (nptr=nptr@entry=0x7fffffffe010 "324.184960", endptr=endptr@entry=0x7fffffffe240, group=group@entry=0, loc=<optimized out>) at strtod_l.c:1449
#2  0x00007ffff7107c00 in __GI___strtof_internal (nptr=nptr@entry=0x7fffffffe010 "324.184960", endptr=endptr@entry=0x7fffffffe240, group=group@entry=0) at strtod.c:54
#3  0x00007ffff7128bec in _IO_vfscanf_internal (s=s@entry=0x7fffffffe400, format=format@entry=0x407198 "%f", argptr=argptr@entry=0x7fffffffe528, errp=errp@entry=0x0) at vfscanf.c:2332
#4  0x00007ffff71365ea in __GI___isoc99_vsscanf (string=0x7fffffffe77a "324.184960\n", format=0x407198 "%f", args=args@entry=0x7fffffffe528) at isoc99_vsscanf.c:43
#5  0x00007ffff7136569 in __isoc99_sscanf (s=<optimized out>, format=<optimized out>) at isoc99_sscanf.c:31
#6  0x0000000000401744 in read_input (vect=<optimized out>, grid_rows=<optimized out>, grid_cols=-160649200, file=<optimized out>) at hotspot_check.c:206
#7  main (argc=-8173, argv=0xffffdefe) at hotspot_check.c:264

2016-10-29 07:31:46:364	in strtod_l.c

2016-10-29 07:31:46:Backtrace END
2016-10-29 07:31:46:Type: The type is an array.
2016-10-29 07:31:46:Type sizeof: 24
2016-10-29 07:31:46:Fliping array at pos: 0
2016-10-29 07:31:46:Type: The type is a structure.
2016-10-29 07:31:46:Type sizeof: 24
2016-10-29 07:31:46:Fliping value of field: gp_offset
2016-10-29 07:31:46:Type: The type is an integer type.
2016-10-29 07:31:46:Type sizeof: 4
2016-10-29 07:31:46:Mem contents(hex):0x100x000x000x00
2016-10-29 07:31:46:base address to flip value: 0x7fffffffe528
2016-10-29 07:31:46:address max offset: 4
2016-10-29 07:31:46:Memory content before bitflip:0x100x000x000x00
2016-10-29 07:31:46:Memory content after  bitflip:0x100x000x000x04
2016-10-29 07:31:46:Mem contents(hex):0x100x000x000x04
2016-10-29 07:31:46:frame name: __isoc99_sscanf
2016-10-29 07:31:46:symbol name: arg
2016-10-29 07:31:46:symbol filename: isoc99_sscanf.c
2016-10-29 07:31:46:symbol line: 27
2016-10-29 07:31:46:value: {{gp_offset = 67108880, fp_offset = 48, overflow_arg_area = 0x7fffffffe600, reg_save_area = 0x7fffffffe540}}
2016-10-29 07:31:46:value address: 0x7fffffffe528
2016-10-29 07:31:46:Type: The type is an array.
2016-10-29 07:31:46:Type sizeof: 24
2016-10-29 07:31:46:Fault Injection Successful after 2.32381510735s
2016-10-29 07:31:46:Fault Already Injected
2016-10-29 07:31:46:Fault Already Injected
2016-10-29 07:31:48:Fault Already Injected
2016-10-29 07:31:48:Fault Already Injected
2016-10-29 07:31:49:Fault Already Injected
2016-10-29 07:31:50:Fault Already Injected
2016-10-29 07:31:56:Fault Already Injected
2016-10-29 07:31:56:Fault Already Injected
2016-10-29 07:31:59:event type: exit
2016-10-29 07:31:59:exit code: 0
