2016-10-26 23:12:26:Starting GDB script
2016-10-26 23:12:28:sending signal using command: 'ssh -T mic0 killall -2 needle_check' after 1.22710043766s
2016-10-26 23:12:28:shell stdout: 
2016-10-26 23:12:30:sending signal using command: 'ssh -T mic0 killall -2 needle_check' after 2.69025917083s
2016-10-26 23:12:30:shell stdout: 
2016-10-26 23:12:31:sending signal using command: 'ssh -T mic0 killall -2 needle_check' after 3.81274261777s
2016-10-26 23:12:31:shell stdout: 
2016-10-26 23:12:31:sending signal using command: 'ssh -T mic0 killall -2 needle_check' after 4.57022373653s
2016-10-26 23:12:31:shell stdout: 
2016-10-26 23:12:33:sending signal using command: 'ssh -T mic0 killall -2 needle_check' after 5.63188032537s
2016-10-26 23:12:33:shell stdout: 
2016-10-26 23:12:38:sending signal using command: 'ssh -T mic0 killall -2 needle_check' after 10.7048887685s
2016-10-26 23:12:38:shell stdout: 
2016-10-26 23:12:38:sending signal using command: 'ssh -T mic0 killall -2 needle_check' after 11.0089673045s
2016-10-26 23:12:38:shell stdout: 
2016-10-26 23:12:42:sending signal using command: 'ssh -T mic0 killall -2 needle_check' after 15.4901962861s
2016-10-26 23:12:42:shell stdout: 
2016-10-26 23:12:43:sending signal using command: 'ssh -T mic0 killall -2 needle_check' after 16.0638900948s
2016-10-26 23:12:43:shell stdout: 
2016-10-26 23:12:44:sending signal using command: 'ssh -T mic0 killall -2 needle_check' after 16.8967013536s
2016-10-26 23:12:44:shell stdout: 
2016-10-26 23:13:51:finished due now-timestampStart > maxWaitTime*5
2016-10-26 23:13:51:now: 1477538031
2016-10-26 23:13:51:timestampStart: 1477537946
2016-10-26 23:13:51:kill cmd: killall -9 gdb-mic
2016-10-26 23:13:51:shell stdout: 
2016-10-26 23:13:51:kill cmd: ssh -T mic0 killall -9 needle_check
2016-10-26 23:13:51:shell stdout: 
2016-10-26 23:13:52:kill cmd: ssh -T mic0 killall -9 gdbserver
2016-10-26 23:13:52:shell stdout: 
2016-10-26 23:13:52:kill cmd: ssh -T mic0 killall -9 sshd
2016-10-26 23:13:52:shell stdout: 
