2016-10-24 16:03:11:Starting GDB script
2016-10-24 16:03:13:sending signal using command: 'ssh -T mic0 killall -2 hotspot_check' after 0.96309235656s
2016-10-24 16:03:13:shell stdout: 
2016-10-24 16:03:15:sending signal using command: 'ssh -T mic0 killall -2 hotspot_check' after 2.90826229922s
2016-10-24 16:03:15:shell stdout: 
2016-10-24 16:03:15:sending signal using command: 'ssh -T mic0 killall -2 hotspot_check' after 3.29800673478s
2016-10-24 16:03:15:shell stdout: 
2016-10-24 16:03:16:sending signal using command: 'ssh -T mic0 killall -2 hotspot_check' after 4.30097624544s
2016-10-24 16:03:16:shell stdout: 
2016-10-24 16:03:19:sending signal using command: 'ssh -T mic0 killall -2 hotspot_check' after 6.66486933004s
2016-10-24 16:03:19:shell stdout: 
2016-10-24 16:03:23:sending signal using command: 'ssh -T mic0 killall -2 hotspot_check' after 10.7355967146s
2016-10-24 16:03:23:shell stdout: 
2016-10-24 16:03:23:sending signal using command: 'ssh -T mic0 killall -2 hotspot_check' after 11.0381304362s
2016-10-24 16:03:23:shell stdout: 
2016-10-24 16:03:24:sending signal using command: 'ssh -T mic0 killall -2 hotspot_check' after 12.1487902224s
2016-10-24 16:03:24:shell stdout: 
2016-10-24 16:03:25:sending signal using command: 'ssh -T mic0 killall -2 hotspot_check' after 12.7601960217s
2016-10-24 16:03:25:shell stdout: 
2016-10-24 16:03:26:no gdbExecName running, out:
2016-10-24 16:03:26:checCmd:ps -e | grep -i gdb-mic
2016-10-24 16:03:26:finished now-timestampStart < maxWaitTime*5
2016-10-24 16:03:26:now: 1477339405
2016-10-24 16:03:26:timestampStart: 1477339391
2016-10-24 16:03:26:kill cmd: killall -9 gdb-mic
2016-10-24 16:03:26:shell stdout: 
2016-10-24 16:03:26:kill cmd: ssh -T mic0 killall -9 hotspot_check
2016-10-24 16:03:26:shell stdout: 
2016-10-24 16:03:27:kill cmd: ssh -T mic0 killall -9 gdbserver
2016-10-24 16:03:27:shell stdout: 
