[INFO -- 2017-02-28 15:24:07]
Starting GDB script
[INFO -- 2017-02-28 15:24:07]
initSignal:20.0
[INFO -- 2017-02-28 15:24:07]
endSignal:25.0
[INFO -- 2017-02-28 15:24:07]
seqSignal:20
[INFO -- 2017-02-28 15:24:27]
sending 20 signals using command: 'ssh -T mic0 killall -2 clamr_openmponly' after 20.6619274836s
[INFO -- 2017-02-28 15:24:28]
shell stdout: 
[INFO -- 2017-02-28 15:24:28]
shell stdout: 
[INFO -- 2017-02-28 15:24:28]
shell stdout: 
[INFO -- 2017-02-28 15:24:29]
sending 20 signals using command: 'ssh -T mic0 killall -2 clamr_openmponly' after 21.9948308195s
[INFO -- 2017-02-28 15:24:29]
shell stdout: 
[INFO -- 2017-02-28 15:24:29]
shell stdout: 
[INFO -- 2017-02-28 15:24:29]
shell stdout: 
[INFO -- 2017-02-28 15:24:29]
shell stdout: 
[INFO -- 2017-02-28 15:24:30]
shell stdout: 
[INFO -- 2017-02-28 15:24:30]
shell stdout: 
[INFO -- 2017-02-28 15:24:30]
shell stdout: 
[INFO -- 2017-02-28 15:24:30]
shell stdout: 
[INFO -- 2017-02-28 15:24:31]
shell stdout: 
[INFO -- 2017-02-28 15:24:31]
shell stdout: 
[INFO -- 2017-02-28 15:24:31]
shell stdout: 
[INFO -- 2017-02-28 15:24:31]
shell stdout: 
[INFO -- 2017-02-28 15:24:31]
shell stdout: 
[INFO -- 2017-02-28 15:24:32]
shell stdout: 
[INFO -- 2017-02-28 15:24:32]
shell stdout: 
[INFO -- 2017-02-28 15:24:32]
shell stdout: 
[INFO -- 2017-02-28 15:24:32]
shell stdout: 
[INFO -- 2017-02-28 15:24:32]
shell stdout: 
[INFO -- 2017-02-28 15:24:33]
shell stdout: 
[INFO -- 2017-02-28 15:24:33]
shell stdout: 
[INFO -- 2017-02-28 15:24:33]
shell stdout: 
[INFO -- 2017-02-28 15:24:33]
shell stdout: 
[INFO -- 2017-02-28 15:24:34]
shell stdout: 
[INFO -- 2017-02-28 15:24:34]
shell stdout: 
[INFO -- 2017-02-28 15:24:34]
shell stdout: 
[INFO -- 2017-02-28 15:24:34]
shell stdout: 
[INFO -- 2017-02-28 15:24:34]
shell stdout: 
[INFO -- 2017-02-28 15:24:35]
shell stdout: 
[INFO -- 2017-02-28 15:24:35]
shell stdout: 
[INFO -- 2017-02-28 15:24:35]
shell stdout: 
[INFO -- 2017-02-28 15:24:35]
shell stdout: 
[INFO -- 2017-02-28 15:24:35]
shell stdout: 
[INFO -- 2017-02-28 15:24:36]
shell stdout: 
[INFO -- 2017-02-28 15:24:36]
shell stdout: 
[INFO -- 2017-02-28 15:24:36]
shell stdout: 
[INFO -- 2017-02-28 15:24:37]
shell stdout: 
[INFO -- 2017-02-28 15:24:37]
shell stdout: 
[INFO -- 2017-02-28 15:26:30]
no gdbExecName running, out:
[INFO -- 2017-02-28 15:26:30]
checCmd:ps -e | grep -i gdb-mic
[INFO -- 2017-02-28 15:26:30]
finished now-timestampStart < maxWaitTime*5
[INFO -- 2017-02-28 15:26:30]
now: 1488313581
[INFO -- 2017-02-28 15:26:30]
timestampStart: 1488313447
[INFO -- 2017-02-28 15:26:30]
kill cmd: killall -9 gdb-mic
[INFO -- 2017-02-28 15:26:30]
shell stdout: 
[INFO -- 2017-02-28 15:26:30]
kill cmd: ssh -T mic0 killall -9 clamr_openmponly
[INFO -- 2017-02-28 15:26:30]
shell stdout: 
[INFO -- 2017-02-28 15:26:30]
kill cmd: ssh -T mic0 killall -9 gdbserver
[INFO -- 2017-02-28 15:26:30]
shell stdout: 
[INFO -- 2017-02-28 15:26:31]
kill cmd: ssh -T mic0 killall -9 sshd
[INFO -- 2017-02-28 15:26:31]
shell stdout: 
