2017-02-27 20:53:42:Starting flip_value script
2017-02-27 20:53:42:Initialization strings:
2017-02-27 20:53:42:(1) target extended-remote | ssh -T mic0 gdbserver --multi -
2017-02-27 20:53:42:(2) set sysroot /opt/mpss/3.7/sysroots/k1om-mpss-linux/
2017-02-27 20:53:42:(3) set sysroot /opt/mpss/3.7/sysroots/k1om-mpss-linux/
2017-02-27 20:53:42:(4) file /micNfs/gdb-fault-injection/injector/bin/lud/lud_check
2017-02-27 20:53:42:(5) set remote exec-file /micNfs/gdb-fault-injection/injector/bin/lud/lud_check
2017-02-27 20:53:42:(6) set args -s 2048 -n 228 -i /micNfs/gdb-fault-injection/injector/bin/lud/input_2048_th_228 -g /micNfs/gdb-fault-injection/injector/bin/lud/gold_2048_th_228
2017-02-27 20:53:42:initSignal:4
2017-02-27 20:53:42:endSignal:6
2017-02-27 20:53:42:seqSignal:30
2017-02-27 20:53:47:Backtrace BEGIN:
2017-02-27 20:53:47:#0  0x0000000000404d25 in L_lud_omp_123__par_loop2_2_5 () at lud_omp.c:147
#1  0x00007ffff790ba1f in ?? ()
#2  0x00007fffffffd9c0 in ?? ()
#3  0x00007ffff4ea0100 in ?? ()
#4  0x0000000000000001 in ?? ()
#5  0x0000000000000003 in ?? ()
#6  0x0000000000000000 in ?? ()

2017-02-27 20:53:47:142	
143	            for (i = 0; i < BS; i++)
144	            {
145	                for (k=0; k < BS; k++) {
146	#pragma omp simd 
147	                    for (j = 0; j < BS; j++) {
148	                        sum[j] += temp_left[BS*i + k] * temp_top[BS*k + j];
149	                    }
150	                }
151	#pragma omp simd 

2017-02-27 20:53:47:Backtrace END
2017-02-27 20:53:54:Type: The type is an integer type.
2017-02-27 20:53:54:Type sizeof: 4
2017-02-27 20:53:54:Mem contents(hex):0x000x000x000x00
2017-02-27 20:53:54:Fault Mode: Single bit-flip
2017-02-27 20:53:54:base address to flip value: 0x7fffffffc600
2017-02-27 20:53:54:address max offset: 4
2017-02-27 20:53:54:Memory content before bitflip:0x000x000x000x00
2017-02-27 20:53:54:Memory content after  bitflip:0x000x000x200x00
2017-02-27 20:53:54:Mem contents(hex):0x000x000x200x00
2017-02-27 20:53:54:frame name: L_lud_omp_123__par_loop2_2_5
2017-02-27 20:53:54:symbol name: chunk_idx
2017-02-27 20:53:54:symbol filename: lud_omp.c
2017-02-27 20:53:54:symbol line: 45
2017-02-27 20:53:54:value: 2097152
2017-02-27 20:53:54:value address: 0x7fffffffc600
2017-02-27 20:53:54:Type: The type is an integer type.
2017-02-27 20:53:54:Type sizeof: 4
2017-02-27 20:53:54:Fault Injection Successful after 12.3279390335s
2017-02-27 20:53:54:event type: exit
2017-02-27 20:53:54:exit code: no exit code available
