[INFO -- 2017-02-26 21:47:25]
Starting GDB script
[INFO -- 2017-02-26 21:47:25]
initSignal:0.0
[INFO -- 2017-02-26 21:47:25]
endSignal:3.0
[INFO -- 2017-02-26 21:47:25]
seqSignal:15
[INFO -- 2017-02-26 21:47:26]
sending 15 signals using command: 'ssh -T mic1 killall -2 hotspot_check' after 0.247443077485s
[INFO -- 2017-02-26 21:47:26]
shell stdout: 
[INFO -- 2017-02-26 21:47:26]
sending 15 signals using command: 'ssh -T mic1 killall -2 hotspot_check' after 0.831570630135s
[INFO -- 2017-02-26 21:47:26]
shell stdout: 
[INFO -- 2017-02-26 21:47:27]
sending 15 signals using command: 'ssh -T mic1 killall -2 hotspot_check' after 1.12438975026s
[INFO -- 2017-02-26 21:47:27]
shell stdout: 
[INFO -- 2017-02-26 21:47:27]
shell stdout: 
[INFO -- 2017-02-26 21:47:27]
shell stdout: 
[INFO -- 2017-02-26 21:47:27]
shell stdout: 
[INFO -- 2017-02-26 21:47:27]
shell stdout: 
[INFO -- 2017-02-26 21:47:27]
shell stdout: 
[INFO -- 2017-02-26 21:47:27]
shell stdout: 
[INFO -- 2017-02-26 21:47:28]
shell stdout: 
[INFO -- 2017-02-26 21:47:28]
shell stdout: 
[INFO -- 2017-02-26 21:47:28]
shell stdout: 
[INFO -- 2017-02-26 21:47:28]
shell stdout: 
[INFO -- 2017-02-26 21:47:28]
shell stdout: 
[INFO -- 2017-02-26 21:47:28]
shell stdout: 
[INFO -- 2017-02-26 21:47:28]
shell stdout: 
[INFO -- 2017-02-26 21:47:29]
shell stdout: 
[INFO -- 2017-02-26 21:47:29]
shell stdout: 
[INFO -- 2017-02-26 21:47:29]
shell stdout: 
[INFO -- 2017-02-26 21:47:29]
shell stdout: 
[INFO -- 2017-02-26 21:47:29]
shell stdout: 
[INFO -- 2017-02-26 21:47:29]
shell stdout: 
[INFO -- 2017-02-26 21:47:29]
shell stdout: 
[INFO -- 2017-02-26 21:47:29]
shell stdout: 
[INFO -- 2017-02-26 21:47:30]
shell stdout: 
[INFO -- 2017-02-26 21:47:30]
shell stdout: 
[INFO -- 2017-02-26 21:47:30]
shell stdout: 
[INFO -- 2017-02-26 21:47:30]
shell stdout: 
[INFO -- 2017-02-26 21:47:30]
shell stdout: 
[INFO -- 2017-02-26 21:47:30]
shell stdout: 
[INFO -- 2017-02-26 21:47:31]
shell stdout: 
[INFO -- 2017-02-26 21:47:31]
shell stdout: 
[INFO -- 2017-02-26 21:47:31]
shell stdout: 
[INFO -- 2017-02-26 21:47:31]
shell stdout: 
[INFO -- 2017-02-26 21:47:31]
shell stdout: 
[INFO -- 2017-02-26 21:47:31]
shell stdout: 
[INFO -- 2017-02-26 21:47:31]
shell stdout: 
[INFO -- 2017-02-26 21:47:32]
shell stdout: 
[INFO -- 2017-02-26 21:47:32]
shell stdout: 
[INFO -- 2017-02-26 21:47:32]
shell stdout: 
[INFO -- 2017-02-26 21:47:32]
shell stdout: 
[INFO -- 2017-02-26 21:47:32]
shell stdout: 
[INFO -- 2017-02-26 21:47:32]
shell stdout: 
[INFO -- 2017-02-26 21:47:32]
shell stdout: 
[INFO -- 2017-02-26 21:47:33]
shell stdout: 
[INFO -- 2017-02-26 21:48:33]
no gdbExecName running, out:
[INFO -- 2017-02-26 21:48:33]
checCmd:ps -e | grep -i gdb-mic
[INFO -- 2017-02-26 21:48:33]
finished now-timestampStart < maxWaitTime*5
[INFO -- 2017-02-26 21:48:33]
now: 1488163711
[INFO -- 2017-02-26 21:48:33]
timestampStart: 1488163645
[INFO -- 2017-02-26 21:48:33]
kill cmd: killall -9 gdb-mic
[INFO -- 2017-02-26 21:48:33]
shell stdout: 
[INFO -- 2017-02-26 21:48:33]
kill cmd: ssh -T mic1 killall -9 hotspot_check
[INFO -- 2017-02-26 21:48:33]
shell stdout: 
[INFO -- 2017-02-26 21:48:33]
kill cmd: ssh -T mic1 killall -9 gdbserver
[INFO -- 2017-02-26 21:48:33]
shell stdout: 
[INFO -- 2017-02-26 21:48:34]
kill cmd: ssh -T mic1 killall -9 sshd
[INFO -- 2017-02-26 21:48:34]
shell stdout: 
