2016-10-28 02:54:04:Starting GDB script
2016-10-28 02:54:04:sending signal using command: 'ssh -T mic0 killall -2 hotspot_check' after 0.263222944972s
2016-10-28 02:54:04:shell stdout: 
2016-10-28 02:54:07:sending signal using command: 'ssh -T mic0 killall -2 hotspot_check' after 2.73001891834s
2016-10-28 02:54:07:shell stdout: 
2016-10-28 02:54:07:sending signal using command: 'ssh -T mic0 killall -2 hotspot_check' after 3.13733416167s
2016-10-28 02:54:07:shell stdout: 
2016-10-28 02:54:08:sending signal using command: 'ssh -T mic0 killall -2 hotspot_check' after 3.63011532327s
2016-10-28 02:54:08:shell stdout: 
2016-10-28 02:54:11:sending signal using command: 'ssh -T mic0 killall -2 hotspot_check' after 7.35668783487s
2016-10-28 02:54:11:shell stdout: 
2016-10-28 02:54:16:sending signal using command: 'ssh -T mic0 killall -2 hotspot_check' after 11.6378574787s
2016-10-28 02:54:16:shell stdout: 
2016-10-28 02:54:16:sending signal using command: 'ssh -T mic0 killall -2 hotspot_check' after 12.3783025939s
2016-10-28 02:54:16:shell stdout: 
2016-10-28 02:54:17:sending signal using command: 'ssh -T mic0 killall -2 hotspot_check' after 13.0368489337s
2016-10-28 02:54:17:shell stdout: 
2016-10-28 02:54:17:sending signal using command: 'ssh -T mic0 killall -2 hotspot_check' after 13.3655781489s
2016-10-28 02:54:17:shell stdout: 
2016-10-28 02:54:18:sending signal using command: 'ssh -T mic0 killall -2 hotspot_check' after 13.7803859196s
2016-10-28 02:54:18:shell stdout: 
2016-10-28 02:54:25:no gdbExecName running, out:
2016-10-28 02:54:25:checCmd:ps -e | grep -i gdb-mic
2016-10-28 02:54:25:finished now-timestampStart < maxWaitTime*5
2016-10-28 02:54:25:now: 1477637664
2016-10-28 02:54:25:timestampStart: 1477637644
2016-10-28 02:54:25:kill cmd: killall -9 gdb-mic
2016-10-28 02:54:25:shell stdout: 
2016-10-28 02:54:25:kill cmd: ssh -T mic0 killall -9 hotspot_check
2016-10-28 02:54:25:shell stdout: 
2016-10-28 02:54:26:kill cmd: ssh -T mic0 killall -9 gdbserver
2016-10-28 02:54:26:shell stdout: 
