[INFO -- 2017-02-26 09:11:23]
Starting GDB script
[INFO -- 2017-02-26 09:11:23]
initSignal:6.0
[INFO -- 2017-02-26 09:11:23]
endSignal:9.0
[INFO -- 2017-02-26 09:11:23]
seqSignal:15
[INFO -- 2017-02-26 09:11:30]
sending 15 signals using command: 'ssh -T mic0 killall -2 hotspot_check' after 6.57559098744s
[INFO -- 2017-02-26 09:11:30]
shell stdout: 
[INFO -- 2017-02-26 09:11:31]
shell stdout: 
[INFO -- 2017-02-26 09:11:31]
shell stdout: 
[INFO -- 2017-02-26 09:11:31]
sending 15 signals using command: 'ssh -T mic0 killall -2 hotspot_check' after 8.06658737135s
[INFO -- 2017-02-26 09:11:31]
shell stdout: 
[INFO -- 2017-02-26 09:11:32]
shell stdout: 
[INFO -- 2017-02-26 09:11:32]
shell stdout: 
[INFO -- 2017-02-26 09:11:32]
sending 15 signals using command: 'ssh -T mic0 killall -2 hotspot_check' after 8.69026284651s
[INFO -- 2017-02-26 09:11:32]
shell stdout: 
[INFO -- 2017-02-26 09:11:32]
shell stdout: 
[INFO -- 2017-02-26 09:11:32]
shell stdout: 
[INFO -- 2017-02-26 09:11:32]
shell stdout: 
[INFO -- 2017-02-26 09:11:33]
shell stdout: 
[INFO -- 2017-02-26 09:11:33]
shell stdout: 
[INFO -- 2017-02-26 09:11:33]
shell stdout: 
[INFO -- 2017-02-26 09:11:33]
shell stdout: 
[INFO -- 2017-02-26 09:11:33]
shell stdout: 
[INFO -- 2017-02-26 09:11:33]
shell stdout: 
[INFO -- 2017-02-26 09:11:33]
shell stdout: 
[INFO -- 2017-02-26 09:11:33]
shell stdout: 
[INFO -- 2017-02-26 09:11:34]
shell stdout: 
[INFO -- 2017-02-26 09:11:34]
shell stdout: 
[INFO -- 2017-02-26 09:11:34]
shell stdout: 
[INFO -- 2017-02-26 09:11:34]
shell stdout: 
[INFO -- 2017-02-26 09:11:34]
shell stdout: 
[INFO -- 2017-02-26 09:11:34]
shell stdout: 
[INFO -- 2017-02-26 09:11:35]
shell stdout: 
[INFO -- 2017-02-26 09:11:35]
shell stdout: 
[INFO -- 2017-02-26 09:11:35]
shell stdout: 
[INFO -- 2017-02-26 09:11:35]
shell stdout: 
[INFO -- 2017-02-26 09:11:35]
shell stdout: 
[INFO -- 2017-02-26 09:11:35]
shell stdout: 
[INFO -- 2017-02-26 09:11:35]
shell stdout: 
[INFO -- 2017-02-26 09:11:35]
shell stdout: 
[INFO -- 2017-02-26 09:11:36]
shell stdout: 
[INFO -- 2017-02-26 09:11:36]
shell stdout: 
[INFO -- 2017-02-26 09:11:36]
shell stdout: 
[INFO -- 2017-02-26 09:11:36]
shell stdout: 
[INFO -- 2017-02-26 09:11:36]
shell stdout: 
[INFO -- 2017-02-26 09:11:36]
shell stdout: 
[INFO -- 2017-02-26 09:11:37]
shell stdout: 
[INFO -- 2017-02-26 09:11:37]
shell stdout: 
[INFO -- 2017-02-26 09:11:37]
shell stdout: 
[INFO -- 2017-02-26 09:11:37]
shell stdout: 
[INFO -- 2017-02-26 09:11:37]
shell stdout: 
[INFO -- 2017-02-26 09:11:38]
shell stdout: 
[INFO -- 2017-02-26 09:11:38]
shell stdout: 
[INFO -- 2017-02-26 09:11:54]
no gdbExecName running, out:
[INFO -- 2017-02-26 09:11:54]
checCmd:ps -e | grep -i gdb-mic
[INFO -- 2017-02-26 09:11:54]
finished now-timestampStart < maxWaitTime*5
[INFO -- 2017-02-26 09:11:54]
now: 1488118312
[INFO -- 2017-02-26 09:11:54]
timestampStart: 1488118283
[INFO -- 2017-02-26 09:11:54]
kill cmd: killall -9 gdb-mic
[INFO -- 2017-02-26 09:11:54]
shell stdout: 
[INFO -- 2017-02-26 09:11:54]
kill cmd: ssh -T mic0 killall -9 hotspot_check
[INFO -- 2017-02-26 09:11:54]
shell stdout: 
[INFO -- 2017-02-26 09:11:54]
kill cmd: ssh -T mic0 killall -9 gdbserver
[INFO -- 2017-02-26 09:11:54]
shell stdout: 
[INFO -- 2017-02-26 09:11:55]
kill cmd: ssh -T mic0 killall -9 sshd
[INFO -- 2017-02-26 09:11:55]
shell stdout: 
