2017-01-24 07:36:08:Starting GDB script
2017-01-24 07:36:08:initSignal:2.0
2017-01-24 07:36:08:endSignal:4.0
2017-01-24 07:36:08:seqSignal:30
2017-01-24 07:36:10:sending 30 signals using command: 'ssh -T mic0 killall -2 lud_check' after 2.54769618385s
2017-01-24 07:36:11:sending 30 signals using command: 'ssh -T mic0 killall -2 lud_check' after 2.61736877245s
2017-01-24 07:36:11:shell stdout: 
2017-01-24 07:36:11:shell stdout: 
2017-01-24 07:36:12:sending 30 signals using command: 'ssh -T mic0 killall -2 lud_check' after 3.94539894282s
2017-01-24 07:36:12:shell stdout: 
2017-01-24 07:36:12:shell stdout: 
2017-01-24 07:36:12:shell stdout: 
2017-01-24 07:36:12:shell stdout: 
2017-01-24 07:36:12:shell stdout: 
2017-01-24 07:36:13:shell stdout: 
2017-01-24 07:36:13:shell stdout: 
2017-01-24 07:36:13:shell stdout: 
2017-01-24 07:36:13:shell stdout: 
2017-01-24 07:36:13:shell stdout: 
2017-01-24 07:36:13:shell stdout: 
2017-01-24 07:36:14:shell stdout: 
2017-01-24 07:36:14:shell stdout: 
2017-01-24 07:36:14:shell stdout: 
2017-01-24 07:36:14:shell stdout: 
2017-01-24 07:36:14:shell stdout: 
2017-01-24 07:36:14:shell stdout: 
2017-01-24 07:36:15:shell stdout: 
2017-01-24 07:36:15:shell stdout: 
2017-01-24 07:36:15:shell stdout: 
2017-01-24 07:36:15:shell stdout: 
2017-01-24 07:36:15:shell stdout: 
2017-01-24 07:36:15:shell stdout: 
2017-01-24 07:36:15:shell stdout: 
2017-01-24 07:36:15:shell stdout: 
2017-01-24 07:36:15:shell stdout: 
2017-01-24 07:36:16:shell stdout: 
2017-01-24 07:36:16:shell stdout: 
2017-01-24 07:36:16:shell stdout: 
2017-01-24 07:36:16:shell stdout: 
2017-01-24 07:36:16:shell stdout: 
2017-01-24 07:36:16:shell stdout: 
2017-01-24 07:36:17:shell stdout: 
2017-01-24 07:36:17:shell stdout: 
2017-01-24 07:36:17:shell stdout: 
2017-01-24 07:36:17:shell stdout: 
2017-01-24 07:36:17:shell stdout: 
2017-01-24 07:36:17:shell stdout: 
2017-01-24 07:36:17:shell stdout: 
2017-01-24 07:36:18:shell stdout: 
2017-01-24 07:36:18:shell stdout: 
2017-01-24 07:36:18:shell stdout: 
2017-01-24 07:36:18:shell stdout: 
2017-01-24 07:36:18:shell stdout: 
2017-01-24 07:36:18:shell stdout: 
2017-01-24 07:36:18:shell stdout: 
2017-01-24 07:36:19:shell stdout: 
2017-01-24 07:36:19:shell stdout: 
2017-01-24 07:36:19:shell stdout: 
2017-01-24 07:36:19:shell stdout: 
2017-01-24 07:36:19:shell stdout: 
2017-01-24 07:36:19:shell stdout: 
2017-01-24 07:36:19:shell stdout: 
2017-01-24 07:36:20:shell stdout: 
2017-01-24 07:36:20:shell stdout: 
2017-01-24 07:36:20:shell stdout: 
2017-01-24 07:36:20:shell stdout: 
2017-01-24 07:36:20:shell stdout: 
2017-01-24 07:36:20:shell stdout: 
2017-01-24 07:36:21:shell stdout: 
2017-01-24 07:36:21:shell stdout: 
2017-01-24 07:36:21:shell stdout: 
2017-01-24 07:36:21:shell stdout: 
2017-01-24 07:36:21:shell stdout: 
2017-01-24 07:36:21:shell stdout: 
2017-01-24 07:36:21:shell stdout: 
2017-01-24 07:36:21:shell stdout: 
2017-01-24 07:36:21:shell stdout: 
2017-01-24 07:36:22:shell stdout: 
2017-01-24 07:36:22:shell stdout: 
2017-01-24 07:36:22:shell stdout: 
2017-01-24 07:36:22:shell stdout: 
2017-01-24 07:36:22:shell stdout: 
2017-01-24 07:36:22:shell stdout: 
2017-01-24 07:36:23:shell stdout: 
2017-01-24 07:36:23:shell stdout: 
2017-01-24 07:36:23:shell stdout: 
2017-01-24 07:36:23:shell stdout: 
2017-01-24 07:36:23:shell stdout: 
2017-01-24 07:36:23:shell stdout: 
2017-01-24 07:36:24:shell stdout: 
2017-01-24 07:36:24:shell stdout: 
2017-01-24 07:36:24:shell stdout: 
2017-01-24 07:36:24:shell stdout: 
2017-01-24 07:36:24:shell stdout: 
2017-01-24 07:36:24:shell stdout: 
2017-01-24 07:36:25:shell stdout: 
2017-01-24 07:36:25:shell stdout: 
2017-01-24 07:36:37:no gdbExecName running, out:
2017-01-24 07:36:37:checCmd:ps -e | grep -i gdb-mic
2017-01-24 07:36:37:finished now-timestampStart < maxWaitTime*5
2017-01-24 07:36:37:now: 1485261396
2017-01-24 07:36:37:timestampStart: 1485261368
2017-01-24 07:36:37:kill cmd: killall -9 gdb-mic
2017-01-24 07:36:37:shell stdout: 
2017-01-24 07:36:37:kill cmd: ssh -T mic0 killall -9 lud_check
2017-01-24 07:36:37:shell stdout: 
2017-01-24 07:36:38:kill cmd: ssh -T mic0 killall -9 gdbserver
2017-01-24 07:36:38:shell stdout: 
2017-01-24 07:36:38:kill cmd: ssh -T mic0 killall -9 sshd
2017-01-24 07:36:38:shell stdout: 
