[INFO -- 2017-03-02 10:39:36]
Starting GDB script
[INFO -- 2017-03-02 10:39:36]
initSignal:7.0
[INFO -- 2017-03-02 10:39:36]
endSignal:14.0
[INFO -- 2017-03-02 10:39:36]
seqSignal:15
[INFO -- 2017-03-02 10:39:48]
sending 15 signals using command: 'ssh -T mic1 killall -2 dgemm_check' after 12.2895249906s
[INFO -- 2017-03-02 10:39:49]
sending 15 signals using command: 'ssh -T mic1 killall -2 dgemm_check' after 12.4790597248s
[INFO -- 2017-03-02 10:39:49]
sending 15 signals using command: 'ssh -T mic1 killall -2 dgemm_check' after 12.54508895s
[INFO -- 2017-03-02 10:39:50]
shell stdout: 
[INFO -- 2017-03-02 10:39:50]
shell stdout: 
[INFO -- 2017-03-02 10:39:50]
shell stdout: 
[INFO -- 2017-03-02 10:39:51]
shell stdout: 
[INFO -- 2017-03-02 10:39:51]
shell stdout: 
[INFO -- 2017-03-02 10:39:51]
shell stdout: 
[INFO -- 2017-03-02 10:39:52]
shell stdout: 
[INFO -- 2017-03-02 10:39:52]
shell stdout: 
[INFO -- 2017-03-02 10:39:53]
shell stdout: 
[INFO -- 2017-03-02 10:39:54]
shell stdout: 
[INFO -- 2017-03-02 10:39:54]
shell stdout: 
[INFO -- 2017-03-02 10:39:54]
shell stdout: 
[INFO -- 2017-03-02 10:39:55]
shell stdout: 
[INFO -- 2017-03-02 10:39:55]
shell stdout: 
[INFO -- 2017-03-02 10:39:55]
shell stdout: 
[INFO -- 2017-03-02 10:39:56]
shell stdout: 
[INFO -- 2017-03-02 10:39:56]
shell stdout: 
[INFO -- 2017-03-02 10:39:56]
shell stdout: 
[INFO -- 2017-03-02 10:39:57]
shell stdout: 
[INFO -- 2017-03-02 10:39:57]
shell stdout: 
[INFO -- 2017-03-02 10:39:57]
shell stdout: 
[INFO -- 2017-03-02 10:39:58]
shell stdout: 
[INFO -- 2017-03-02 10:39:58]
shell stdout: 
[INFO -- 2017-03-02 10:39:58]
shell stdout: 
[INFO -- 2017-03-02 10:39:59]
shell stdout: 
[INFO -- 2017-03-02 10:39:59]
shell stdout: 
[INFO -- 2017-03-02 10:39:59]
shell stdout: 
[INFO -- 2017-03-02 10:40:00]
shell stdout: 
[INFO -- 2017-03-02 10:40:00]
shell stdout: 
[INFO -- 2017-03-02 10:40:00]
shell stdout: 
[INFO -- 2017-03-02 10:40:01]
shell stdout: 
[INFO -- 2017-03-02 10:40:01]
shell stdout: 
[INFO -- 2017-03-02 10:40:01]
shell stdout: 
[INFO -- 2017-03-02 10:40:02]
shell stdout: 
[INFO -- 2017-03-02 10:40:02]
shell stdout: 
[INFO -- 2017-03-02 10:40:02]
shell stdout: 
[INFO -- 2017-03-02 10:40:03]
shell stdout: 
[INFO -- 2017-03-02 10:40:03]
shell stdout: 
[INFO -- 2017-03-02 10:40:03]
shell stdout: 
[INFO -- 2017-03-02 10:40:04]
shell stdout: 
[INFO -- 2017-03-02 10:40:04]
shell stdout: 
[INFO -- 2017-03-02 10:40:04]
shell stdout: 
[INFO -- 2017-03-02 10:40:05]
shell stdout: 
[INFO -- 2017-03-02 10:40:05]
shell stdout: 
[INFO -- 2017-03-02 10:40:05]
shell stdout: 
[INFO -- 2017-03-02 10:46:58]
finished due now-timestampStart > maxWaitTime*5
[INFO -- 2017-03-02 10:46:58]
now: 1488469618
[INFO -- 2017-03-02 10:46:58]
timestampStart: 1488469176
[INFO -- 2017-03-02 10:46:58]
kill cmd: killall -9 gdb-mic
[INFO -- 2017-03-02 10:46:58]
shell stdout: 
[INFO -- 2017-03-02 10:46:59]
kill cmd: ssh -T mic1 killall -9 dgemm_check
[INFO -- 2017-03-02 10:46:59]
shell stdout: 
[INFO -- 2017-03-02 10:47:00]
kill cmd: ssh -T mic1 killall -9 gdbserver
[INFO -- 2017-03-02 10:47:00]
shell stdout: 
[INFO -- 2017-03-02 10:47:00]
kill cmd: ssh -T mic1 killall -9 sshd
[INFO -- 2017-03-02 10:47:00]
shell stdout: 
