[INFO -- 2017-03-28 04:08:54]
Starting GDB script
[INFO -- 2017-03-28 04:08:54]
initSignal:0.0
[INFO -- 2017-03-28 04:08:54]
endSignal:3.0
[INFO -- 2017-03-28 04:08:54]
seqSignal:30
[INFO -- 2017-03-28 04:08:55]
sending 30 signals using command: 'ssh -T mic0 killall -2 lavamd_check' after 0.228383727767s
[INFO -- 2017-03-28 04:08:55]
shell stdout: 
[INFO -- 2017-03-28 04:08:55]
sending 30 signals using command: 'ssh -T mic0 killall -2 lavamd_check' after 0.950244082359s
[INFO -- 2017-03-28 04:08:55]
shell stdout: 
[INFO -- 2017-03-28 04:08:56]
shell stdout: 
[INFO -- 2017-03-28 04:08:56]
shell stdout: 
[INFO -- 2017-03-28 04:08:56]
shell stdout: 
[INFO -- 2017-03-28 04:08:56]
shell stdout: 
[INFO -- 2017-03-28 04:08:56]
shell stdout: 
[INFO -- 2017-03-28 04:08:57]
shell stdout: 
[INFO -- 2017-03-28 04:08:57]
sending 30 signals using command: 'ssh -T mic0 killall -2 lavamd_check' after 2.48558725483s
[INFO -- 2017-03-28 04:08:57]
shell stdout: 
[INFO -- 2017-03-28 04:08:57]
shell stdout: 
[INFO -- 2017-03-28 04:08:58]
shell stdout: 
[INFO -- 2017-03-28 04:08:58]
shell stdout: 
[INFO -- 2017-03-28 04:08:58]
shell stdout: 
[INFO -- 2017-03-28 04:08:59]
shell stdout: 
[INFO -- 2017-03-28 04:08:59]
shell stdout: 
[INFO -- 2017-03-28 04:08:59]
shell stdout: 
[INFO -- 2017-03-28 04:09:00]
shell stdout: 
[INFO -- 2017-03-28 04:09:00]
shell stdout: 
[INFO -- 2017-03-28 04:09:00]
shell stdout: 
[INFO -- 2017-03-28 04:09:00]
shell stdout: 
[INFO -- 2017-03-28 04:09:00]
shell stdout: 
[INFO -- 2017-03-28 04:09:00]
shell stdout: 
[INFO -- 2017-03-28 04:09:01]
shell stdout: 
[INFO -- 2017-03-28 04:09:01]
shell stdout: 
[INFO -- 2017-03-28 04:09:01]
shell stdout: 
[INFO -- 2017-03-28 04:09:02]
shell stdout: 
[INFO -- 2017-03-28 04:09:02]
shell stdout: 
[INFO -- 2017-03-28 04:09:02]
shell stdout: 
[INFO -- 2017-03-28 04:09:02]
shell stdout: 
[INFO -- 2017-03-28 04:09:02]
shell stdout: 
[INFO -- 2017-03-28 04:09:02]
shell stdout: 
[INFO -- 2017-03-28 04:09:03]
shell stdout: 
[INFO -- 2017-03-28 04:09:03]
shell stdout: 
[INFO -- 2017-03-28 04:09:03]
shell stdout: 
[INFO -- 2017-03-28 04:09:04]
shell stdout: 
[INFO -- 2017-03-28 04:09:04]
shell stdout: 
[INFO -- 2017-03-28 04:09:04]
shell stdout: 
[INFO -- 2017-03-28 04:09:04]
shell stdout: 
[INFO -- 2017-03-28 04:09:04]
shell stdout: 
[INFO -- 2017-03-28 04:09:04]
shell stdout: 
[INFO -- 2017-03-28 04:09:05]
shell stdout: 
[INFO -- 2017-03-28 04:09:05]
shell stdout: 
[INFO -- 2017-03-28 04:09:05]
shell stdout: 
[INFO -- 2017-03-28 04:09:05]
shell stdout: 
[INFO -- 2017-03-28 04:09:06]
shell stdout: 
[INFO -- 2017-03-28 04:09:06]
shell stdout: 
[INFO -- 2017-03-28 04:09:06]
shell stdout: 
[INFO -- 2017-03-28 04:09:06]
shell stdout: 
[INFO -- 2017-03-28 04:09:06]
shell stdout: 
[INFO -- 2017-03-28 04:09:07]
shell stdout: 
[INFO -- 2017-03-28 04:09:07]
shell stdout: 
[INFO -- 2017-03-28 04:09:07]
shell stdout: 
[INFO -- 2017-03-28 04:09:07]
shell stdout: 
[INFO -- 2017-03-28 04:09:07]
shell stdout: 
[INFO -- 2017-03-28 04:09:07]
shell stdout: 
[INFO -- 2017-03-28 04:09:07]
shell stdout: 
[INFO -- 2017-03-28 04:09:07]
shell stdout: 
[INFO -- 2017-03-28 04:09:07]
shell stdout: 
[INFO -- 2017-03-28 04:09:08]
shell stdout: 
[INFO -- 2017-03-28 04:09:08]
shell stdout: 
[INFO -- 2017-03-28 04:09:08]
shell stdout: 
[INFO -- 2017-03-28 04:09:08]
shell stdout: 
[INFO -- 2017-03-28 04:09:08]
shell stdout: 
[INFO -- 2017-03-28 04:09:08]
shell stdout: 
[INFO -- 2017-03-28 04:09:09]
shell stdout: 
[INFO -- 2017-03-28 04:09:09]
shell stdout: 
[INFO -- 2017-03-28 04:09:09]
shell stdout: 
[INFO -- 2017-03-28 04:09:09]
shell stdout: 
[INFO -- 2017-03-28 04:09:09]
shell stdout: 
[INFO -- 2017-03-28 04:09:09]
shell stdout: 
[INFO -- 2017-03-28 04:09:10]
shell stdout: 
[INFO -- 2017-03-28 04:09:10]
shell stdout: 
[INFO -- 2017-03-28 04:09:10]
shell stdout: 
[INFO -- 2017-03-28 04:09:10]
shell stdout: 
[INFO -- 2017-03-28 04:09:10]
shell stdout: 
[INFO -- 2017-03-28 04:09:10]
shell stdout: 
[INFO -- 2017-03-28 04:09:11]
shell stdout: 
[INFO -- 2017-03-28 04:09:11]
shell stdout: 
[INFO -- 2017-03-28 04:09:11]
shell stdout: 
[INFO -- 2017-03-28 04:09:11]
shell stdout: 
[INFO -- 2017-03-28 04:09:11]
shell stdout: 
[INFO -- 2017-03-28 04:09:11]
shell stdout: 
[INFO -- 2017-03-28 04:09:11]
shell stdout: 
[INFO -- 2017-03-28 04:09:11]
shell stdout: 
[INFO -- 2017-03-28 04:09:12]
shell stdout: 
[INFO -- 2017-03-28 04:09:12]
shell stdout: 
[INFO -- 2017-03-28 04:09:12]
shell stdout: 
[INFO -- 2017-03-28 04:09:12]
shell stdout: 
[INFO -- 2017-03-28 04:09:13]
shell stdout: 
[INFO -- 2017-03-28 04:09:13]
shell stdout: 
[INFO -- 2017-03-28 04:09:16]
no gdbExecName running, out:
[INFO -- 2017-03-28 04:09:16]
checCmd:ps -e | grep -i gdb-mic
[INFO -- 2017-03-28 04:09:16]
finished now-timestampStart < maxWaitTime*5
[INFO -- 2017-03-28 04:09:16]
now: 1490674155
[INFO -- 2017-03-28 04:09:16]
timestampStart: 1490674134
[INFO -- 2017-03-28 04:09:16]
kill cmd: killall -9 gdb-mic
[INFO -- 2017-03-28 04:09:16]
shell stdout: 
[INFO -- 2017-03-28 04:09:16]
kill cmd: ssh -T mic0 killall -9 lavamd_check
[INFO -- 2017-03-28 04:09:16]
shell stdout: 
[INFO -- 2017-03-28 04:09:16]
kill cmd: ssh -T mic0 killall -9 gdbserver
[INFO -- 2017-03-28 04:09:16]
shell stdout: 
[INFO -- 2017-03-28 04:09:17]
kill cmd: ssh -T mic0 killall -9 sshd
[INFO -- 2017-03-28 04:09:17]
shell stdout: 
