[INFO -- 2017-03-04 10:39:43]
Starting GDB script
[INFO -- 2017-03-04 10:39:43]
initSignal:8.0
[INFO -- 2017-03-04 10:39:43]
endSignal:12.0
[INFO -- 2017-03-04 10:39:43]
seqSignal:30
[INFO -- 2017-03-04 10:39:51]
sending 30 signals using command: 'ssh -T mic0 killall -2 needle_check' after 8.38020648328s
[INFO -- 2017-03-04 10:39:52]
shell stdout: 
[INFO -- 2017-03-04 10:39:52]
sending 30 signals using command: 'ssh -T mic0 killall -2 needle_check' after 9.11088207507s
[INFO -- 2017-03-04 10:39:52]
shell stdout: 
[INFO -- 2017-03-04 10:39:52]
shell stdout: 
[INFO -- 2017-03-04 10:39:52]
shell stdout: 
[INFO -- 2017-03-04 10:39:53]
shell stdout: 
[INFO -- 2017-03-04 10:39:53]
shell stdout: 
[INFO -- 2017-03-04 10:39:53]
sending 30 signals using command: 'ssh -T mic0 killall -2 needle_check' after 10.2544801925s
[INFO -- 2017-03-04 10:39:53]
shell stdout: 
[INFO -- 2017-03-04 10:39:53]
shell stdout: 
[INFO -- 2017-03-04 10:39:54]
shell stdout: 
[INFO -- 2017-03-04 10:39:54]
shell stdout: 
[INFO -- 2017-03-04 10:39:54]
shell stdout: 
[INFO -- 2017-03-04 10:39:54]
shell stdout: 
[INFO -- 2017-03-04 10:39:54]
shell stdout: 
[INFO -- 2017-03-04 10:39:54]
shell stdout: 
[INFO -- 2017-03-04 10:39:54]
shell stdout: 
[INFO -- 2017-03-04 10:39:54]
shell stdout: 
[INFO -- 2017-03-04 10:39:54]
shell stdout: 
[INFO -- 2017-03-04 10:39:55]
shell stdout: 
[INFO -- 2017-03-04 10:39:55]
shell stdout: 
[INFO -- 2017-03-04 10:39:55]
shell stdout: 
[INFO -- 2017-03-04 10:39:55]
shell stdout: 
[INFO -- 2017-03-04 10:39:55]
shell stdout: 
[INFO -- 2017-03-04 10:39:55]
shell stdout: 
[INFO -- 2017-03-04 10:39:56]
shell stdout: 
[INFO -- 2017-03-04 10:39:56]
shell stdout: 
[INFO -- 2017-03-04 10:39:56]
shell stdout: 
[INFO -- 2017-03-04 10:39:56]
shell stdout: 
[INFO -- 2017-03-04 10:39:56]
shell stdout: 
[INFO -- 2017-03-04 10:39:56]
shell stdout: 
[INFO -- 2017-03-04 10:39:56]
shell stdout: 
[INFO -- 2017-03-04 10:39:57]
shell stdout: 
[INFO -- 2017-03-04 10:39:57]
shell stdout: 
[INFO -- 2017-03-04 10:39:57]
shell stdout: 
[INFO -- 2017-03-04 10:39:57]
shell stdout: 
[INFO -- 2017-03-04 10:39:57]
shell stdout: 
[INFO -- 2017-03-04 10:39:57]
shell stdout: 
[INFO -- 2017-03-04 10:39:57]
shell stdout: 
[INFO -- 2017-03-04 10:39:57]
shell stdout: 
[INFO -- 2017-03-04 10:39:58]
shell stdout: 
[INFO -- 2017-03-04 10:39:58]
shell stdout: 
[INFO -- 2017-03-04 10:39:58]
shell stdout: 
[INFO -- 2017-03-04 10:39:58]
shell stdout: 
[INFO -- 2017-03-04 10:39:58]
shell stdout: 
[INFO -- 2017-03-04 10:39:58]
shell stdout: 
[INFO -- 2017-03-04 10:39:58]
no gdbExecName running, out:
[INFO -- 2017-03-04 10:39:58]
checCmd:ps -e | grep -i gdb-mic
[INFO -- 2017-03-04 10:39:58]
finished now-timestampStart < maxWaitTime*5
[INFO -- 2017-03-04 10:39:58]
now: 1488641997
[INFO -- 2017-03-04 10:39:58]
timestampStart: 1488641983
[INFO -- 2017-03-04 10:39:58]
kill cmd: killall -9 gdb-mic
[INFO -- 2017-03-04 10:39:58]
shell stdout: 
[INFO -- 2017-03-04 10:39:59]
shell stdout: 
[INFO -- 2017-03-04 10:39:59]
shell stdout: 
[INFO -- 2017-03-04 10:39:59]
shell stdout: 
[INFO -- 2017-03-04 10:39:59]
kill cmd: ssh -T mic0 killall -9 needle_check
[INFO -- 2017-03-04 10:39:59]
shell stdout: 
[INFO -- 2017-03-04 10:39:59]
shell stdout: 
[INFO -- 2017-03-04 10:39:59]
shell stdout: 
[INFO -- 2017-03-04 10:39:59]
shell stdout: 
[INFO -- 2017-03-04 10:39:59]
kill cmd: ssh -T mic0 killall -9 gdbserver
[INFO -- 2017-03-04 10:39:59]
shell stdout: 
[INFO -- 2017-03-04 10:39:59]
shell stdout: 
[INFO -- 2017-03-04 10:39:59]
shell stdout: 
[INFO -- 2017-03-04 10:40:00]
shell stdout: 
[INFO -- 2017-03-04 10:40:00]
kill cmd: ssh -T mic0 killall -9 sshd
[INFO -- 2017-03-04 10:40:00]
shell stdout: 
