[INFO -- 2017-02-25 10:18:39]
Starting GDB script
[INFO -- 2017-02-25 10:18:39]
initSignal:6.0
[INFO -- 2017-02-25 10:18:39]
endSignal:9.0
[INFO -- 2017-02-25 10:18:39]
seqSignal:15
[INFO -- 2017-02-25 10:18:45]
sending 15 signals using command: 'ssh -T mic0 killall -2 hotspot_check' after 6.03218257563s
[INFO -- 2017-02-25 10:18:46]
shell stdout: 
[INFO -- 2017-02-25 10:18:46]
shell stdout: 
[INFO -- 2017-02-25 10:18:46]
shell stdout: 
[INFO -- 2017-02-25 10:18:47]
shell stdout: 
[INFO -- 2017-02-25 10:18:47]
shell stdout: 
[INFO -- 2017-02-25 10:18:47]
sending 15 signals using command: 'ssh -T mic0 killall -2 hotspot_check' after 8.15510736972s
[INFO -- 2017-02-25 10:18:47]
sending 15 signals using command: 'ssh -T mic0 killall -2 hotspot_check' after 8.16501177901s
[INFO -- 2017-02-25 10:18:48]
shell stdout: 
[INFO -- 2017-02-25 10:18:48]
shell stdout: 
[INFO -- 2017-02-25 10:18:48]
shell stdout: 
[INFO -- 2017-02-25 10:18:48]
shell stdout: 
[INFO -- 2017-02-25 10:18:48]
shell stdout: 
[INFO -- 2017-02-25 10:18:48]
shell stdout: 
[INFO -- 2017-02-25 10:18:48]
shell stdout: 
[INFO -- 2017-02-25 10:18:49]
shell stdout: 
[INFO -- 2017-02-25 10:18:49]
shell stdout: 
[INFO -- 2017-02-25 10:18:49]
shell stdout: 
[INFO -- 2017-02-25 10:18:49]
shell stdout: 
[INFO -- 2017-02-25 10:18:49]
shell stdout: 
[INFO -- 2017-02-25 10:18:49]
shell stdout: 
[INFO -- 2017-02-25 10:18:49]
shell stdout: 
[INFO -- 2017-02-25 10:18:49]
shell stdout: 
[INFO -- 2017-02-25 10:18:50]
shell stdout: 
[INFO -- 2017-02-25 10:18:50]
shell stdout: 
[INFO -- 2017-02-25 10:18:50]
shell stdout: 
[INFO -- 2017-02-25 10:18:50]
shell stdout: 
[INFO -- 2017-02-25 10:18:50]
shell stdout: 
[INFO -- 2017-02-25 10:18:50]
shell stdout: 
[INFO -- 2017-02-25 10:18:50]
shell stdout: 
[INFO -- 2017-02-25 10:18:51]
shell stdout: 
[INFO -- 2017-02-25 10:18:51]
shell stdout: 
[INFO -- 2017-02-25 10:18:51]
shell stdout: 
[INFO -- 2017-02-25 10:18:51]
shell stdout: 
[INFO -- 2017-02-25 10:18:51]
shell stdout: 
[INFO -- 2017-02-25 10:18:51]
shell stdout: 
[INFO -- 2017-02-25 10:18:51]
shell stdout: 
[INFO -- 2017-02-25 10:18:51]
shell stdout: 
[INFO -- 2017-02-25 10:18:52]
shell stdout: 
[INFO -- 2017-02-25 10:18:52]
shell stdout: 
[INFO -- 2017-02-25 10:18:52]
shell stdout: 
[INFO -- 2017-02-25 10:18:52]
shell stdout: 
[INFO -- 2017-02-25 10:18:53]
shell stdout: 
[INFO -- 2017-02-25 10:18:53]
shell stdout: 
[INFO -- 2017-02-25 10:18:53]
shell stdout: 
[INFO -- 2017-02-25 10:18:53]
shell stdout: 
[INFO -- 2017-02-25 10:18:53]
shell stdout: 
[INFO -- 2017-02-25 10:18:54]
shell stdout: 
[INFO -- 2017-02-25 10:19:20]
no gdbExecName running, out:
[INFO -- 2017-02-25 10:19:20]
checCmd:ps -e | grep -i gdb-mic
[INFO -- 2017-02-25 10:19:20]
finished now-timestampStart < maxWaitTime*5
[INFO -- 2017-02-25 10:19:20]
now: 1488035959
[INFO -- 2017-02-25 10:19:20]
timestampStart: 1488035919
[INFO -- 2017-02-25 10:19:20]
kill cmd: killall -9 gdb-mic
[INFO -- 2017-02-25 10:19:20]
shell stdout: 
[INFO -- 2017-02-25 10:19:21]
kill cmd: ssh -T mic0 killall -9 hotspot_check
[INFO -- 2017-02-25 10:19:21]
shell stdout: 
[INFO -- 2017-02-25 10:19:21]
kill cmd: ssh -T mic0 killall -9 gdbserver
[INFO -- 2017-02-25 10:19:21]
shell stdout: 
[INFO -- 2017-02-25 10:19:22]
kill cmd: ssh -T mic0 killall -9 sshd
[INFO -- 2017-02-25 10:19:22]
shell stdout: 
