#HEADER matrix_dim:2048 threads:228
#BEGIN Y:2017 M:02 D:26 Time:10:08:54
#IT Ite:0 KerTime:22.297557 AccTime:22.297557
#ERR  p: [0, 60], r: 3.7305784225463867e-01, e: 9.4176453351974487e-01
#ERR  p: [9, 60], r: -2.9755856990814209e+00, e: 9.5027208328247070e-01
#ERR  p: [2032, 897], r: 6.3777221366763115e-03, e: 6.4226756803691387e-03
#ERR  p: [2040, 897], r: 6.3276542350649834e-03, e: 6.3722496852278709e-03
#ERR  p: [2024, 897], r: 6.4286272972822189e-03, e: 6.4739352092146873e-03
#ERR  p: [2016, 897], r: 6.4804339781403542e-03, e: 6.5261139534413815e-03
#ERR  p: [1998, 897], r: 6.5970970317721367e-03, e: 6.6436156630516052e-03
#ERR  p: [1845, 897], r: 7.6896487735211849e-03, e: 7.7438419684767723e-03
#ERR  p: [1989, 897], r: 6.6579175181686878e-03, e: 6.7048454657196999e-03
#ERR  p: [0, 61], r: -3.0165669918060303e+00, e: 9.4082325696945190e-01
#ERR  p: [9, 61], r: -2.9725697040557861e+00, e: 9.4936519861221313e-01
#ERR  p: [1269, 897], r: 1.3678226619958878e-02, e: 1.3774646446108818e-02
#ERR  p: [1206, 897], r: 1.4568017795681953e-02, e: 1.4670699834823608e-02
#ERR  p: [1233, 897], r: 1.4178057201206684e-02, e: 1.4277999289333820e-02
#ERR  p: [1161, 897], r: 1.5237875282764435e-02, e: 1.5345290303230286e-02
#ERR  p: [1197, 897], r: 1.4698711223900318e-02, e: 1.4802329242229462e-02
#ERR  p: [1242, 897], r: 1.4052473939955235e-02, e: 1.4151534996926785e-02
#ERR  p: [1215, 897], r: 1.4435995370149612e-02, e: 1.4537762850522995e-02
#ERR  p: [2032, 898], r: 6.5028630197048187e-03, e: 6.4276568591594696e-03
#ERR  p: [1926, 897], r: 7.0917671546339989e-03, e: 7.1417419239878654e-03
#ERR  p: [1962, 897], r: 6.8407151848077774e-03, e: 6.8889250978827477e-03
#ERR  p: [1980, 897], r: 6.7170979455113411e-03, e: 6.7644547671079636e-03
#ERR  p: [1953, 897], r: 6.9025047123432159e-03, e: 6.9511504843831062e-03
#ERR  p: [1971, 897], r: 6.7790239118039608e-03, e: 6.8268049508333206e-03
#ERR  p: [1899, 897], r: 7.2852987796068192e-03, e: 7.3366477154195309e-03
#ERR  p: [2007, 897], r: 6.5384465269744396e-03, e: 6.5845353528857231e-03
#ERR  p: [1881, 897], r: 7.4172802269458771e-03, e: 7.4695567600429058e-03
#ERR  p: [1827, 897], r: 7.8292032703757286e-03, e: 7.8843832015991211e-03
#ERR  p: [1872, 897], r: 7.4847694486379623e-03, e: 7.5375270098447800e-03
#ERR  p: [1890, 897], r: 7.3501449078321457e-03, e: 7.4019632302224636e-03
#ERR  p: [1251, 897], r: 1.3926679268479347e-02, e: 1.4024845324456692e-02
#ERR  p: [1188, 897], r: 1.4831703156232834e-02, e: 1.4936251565814018e-02
#ERR  p: [1917, 897], r: 7.1539035998284817e-03, e: 7.2043361142277718e-03
#ERR  p: [1944, 897], r: 6.9637601263821125e-03, e: 7.0128571242094040e-03
#ERR  p: [1935, 897], r: 7.0280963554978371e-03, e: 7.0776217617094517e-03
#ERR  p: [1854, 897], r: 7.6214084401726723e-03, e: 7.6751103624701500e-03
#ERR  p: [1908, 897], r: 7.2204670868813992e-03, e: 7.2713559493422508e-03
#ERR  p: [1818, 897], r: 7.8993123024702072e-03, e: 7.9549849033355713e-03
#ERR  p: [1863, 897], r: 7.5533785857260227e-03, e: 7.6065957546234131e-03
#ERR  p: [1791, 897], r: 8.1159621477127075e-03, e: 8.1731621176004410e-03
#ERR  p: [2040, 898], r: 6.4514353871345520e-03, e: 6.3768271356821060e-03
#ERR  p: [1170, 897], r: 1.5100067481398582e-02, e: 1.5206518582999706e-02
#ERR  p: [1836, 897], r: 7.7597890049219131e-03, e: 7.8144734725356102e-03
#ERR  p: [2024, 898], r: 6.5566934645175934e-03, e: 6.4808940514922142e-03
#ERR  p: [1152, 897], r: 1.5375925227999687e-02, e: 1.5484299510717392e-02
#ERR  p: [1179, 897], r: 1.4964930713176727e-02, e: 1.5070414170622826e-02
#ERR  p: [1278, 897], r: 1.3555830344557762e-02, e: 1.3651371002197266e-02
#ERR  p: [1116, 897], r: 1.5939334407448769e-02, e: 1.6051683574914932e-02
#ERR  p: [1224, 897], r: 1.4306612312793732e-02, e: 1.4407463371753693e-02
#ERR  p: [1809, 897], r: 7.9715866595506668e-03, e: 8.0277649685740471e-03
#ERR  p: [1782, 897], r: 8.1882402300834656e-03, e: 8.2459673285484314e-03
#ERR  p: [1773, 897], r: 8.2628848031163216e-03, e: 8.3211250603199005e-03
#ERR  p: [1800, 897], r: 8.0426968634128571e-03, e: 8.0993911251425743e-03
#ERR  p: [2016, 898], r: 6.6088140010833740e-03, e: 6.5323915332555771e-03
#ERR  p: [1260, 897], r: 1.3803254812955856e-02, e: 1.3900524005293846e-02
#ERR  p: [1134, 897], r: 1.5655612573027611e-02, e: 1.5765944495797157e-02
#ERR  p: [1143, 897], r: 1.5514921396970749e-02, e: 1.5624281018972397e-02
#ERR  p: [981, 60], r: 2.5853831768035889e+00, e: 7.9546794295310974e-03
#ERR  p: [1737, 897], r: 8.5656950250267982e-03, e: 8.6260773241519928e-03
#ERR  p: [1125, 897], r: 1.5796367079019547e-02, e: 1.5907702967524529e-02
#ERR  p: [1755, 897], r: 8.4124878048896790e-03, e: 8.4717888385057449e-03
#ERR  p: [1521, 897], r: 1.0629504919052124e-02, e: 1.0704447515308857e-02
#ERR  p: [1386, 897], r: 1.2168187648057938e-02, e: 1.2253947556018829e-02
#ERR  p: [1764, 897], r: 8.3376206457614899e-03, e: 8.3963898941874504e-03
#ERR  p: [1746, 897], r: 8.4887854754924774e-03, e: 8.5486192256212234e-03
#ERR  p: [1728, 897], r: 8.6440462619066238e-03, e: 8.7049640715122223e-03
#ERR  p: [1287, 897], r: 1.3433658517897129e-02, e: 1.3528355397284031e-02
#ERR  p: [909, 60], r: 3.9187335968017578e+00, e: 8.5483491420745850e-03
#ERR  p: [1062, 897], r: 1.6824584454298019e-02, e: 1.6943156719207764e-02
#ERR  p: [1305, 897], r: 1.3194549828767776e-02, e: 1.3287552632391453e-02
#ERR  p: [1350, 897], r: 1.2613520026206970e-02, e: 1.2702431529760361e-02
#ERR  p: [1296, 897], r: 1.3313740491867065e-02, e: 1.3407588936388493e-02
#ERR  p: [918, 60], r: 2.7534971237182617e+00, e: 8.4719359874725342e-03
#ERR  p: [1017, 897], r: 1.7598174512386322e-02, e: 1.7722206190228462e-02
#ERR  p: [1377, 897], r: 1.2277114205062389e-02, e: 1.2363662011921406e-02
#ERR  p: [1539, 897], r: 1.0440465062856674e-02, e: 1.0514071211218834e-02
#ERR  p: [945, 60], r: 2.6801512241363525e+00, e: 8.2463696599006653e-03
#ERR  p: [1647, 897], r: 9.3716634437441826e-03, e: 9.4377221539616585e-03
#ERR  p: [1530, 897], r: 1.0535137727856636e-02, e: 1.0609416291117668e-02
#ERR  p: [1404, 897], r: 1.1951583437621593e-02, e: 1.2035805732011795e-02
#ERR  p: [1089, 897], r: 1.6374649479985237e-02, e: 1.6490085050463676e-02
#ERR  p: [1044, 897], r: 1.7129452899098396e-02, e: 1.7250182107090950e-02
#ERR  p: [1098, 897], r: 1.6229197382926941e-02, e: 1.6343578696250916e-02
#ERR  p: [1485, 897], r: 1.1022125370800495e-02, e: 1.1099799536168575e-02
#ERR  p: [1692, 897], r: 8.9611560106277466e-03, e: 9.0243117883801460e-03
#ERR  p: [1476, 897], r: 1.1121117509901524e-02, e: 1.1199502274394035e-02
#ERR  p: [1656, 897], r: 9.2880949378013611e-03, e: 9.3535669147968292e-03
#ERR  p: [1314, 897], r: 1.3076733797788620e-02, e: 1.3168887235224247e-02
#ERR  p: [1467, 897], r: 1.1221634224057198e-02, e: 1.1300723999738693e-02
#ERR  p: [1341, 897], r: 1.2727560475468636e-02, e: 1.2817274779081345e-02
#ERR  p: [1368, 897], r: 1.2390466406941414e-02, e: 1.2477784417569637e-02
#ERR  p: [900, 60], r: 3.9541642665863037e+00, e: 8.6257457733154297e-03
#ERR  p: [954, 60], r: 2.6561341285705566e+00, e: 8.1724524497985840e-03
#ERR  p: [927, 60], r: 2.7288289070129395e+00, e: 8.3960220217704773e-03
#ERR  p: [896, 60], r: 3.9700109958648682e+00, e: 8.6605921387672424e-03
#ERR  p: [1449, 897], r: 1.1425640434026718e-02, e: 1.1506168171763420e-02
#ERR  p: [1053, 897], r: 1.6975624486804008e-02, e: 1.7095267772674561e-02
#ERR  p: [1395, 897], r: 1.2058909982442856e-02, e: 1.2143891304731369e-02
#ERR  p: [1323, 897], r: 1.2956996448338032e-02, e: 1.3048334978520870e-02
#ERR  p: [1494, 897], r: 1.0922010987997055e-02, e: 1.0998996905982494e-02
#ERR  p: [1566, 897], r: 1.0164185427129269e-02, e: 1.0235819965600967e-02
#ERR  p: [1701, 897], r: 8.8793598115444183e-03, e: 8.9419474825263023e-03
#ERR  p: [1503, 897], r: 1.0823121294379234e-02, e: 1.0899417102336884e-02
#ERR  p: [990, 60], r: 2.5622165203094482e+00, e: 7.8839436173439026e-03
#ERR  p: [1422, 897], r: 1.1738708242774010e-02, e: 1.1821424588561058e-02
#ERR  p: [1512, 897], r: 1.0727933607995510e-02, e: 1.0803548619151115e-02
#ERR  p: [1674, 897], r: 9.1225150972604752e-03, e: 9.1868219897150993e-03
#ERR  p: [1026, 897], r: 1.7440851777791977e-02, e: 1.7563769593834877e-02
#ERR  p: [1620, 897], r: 9.6297049894928932e-03, e: 9.6975732594728470e-03
#ERR  p: [1107, 897], r: 1.6086472198367119e-02, e: 1.6199817880988121e-02
#ERR  p: [1332, 897], r: 1.2843728996813297e-02, e: 1.2934249825775623e-02
#ERR  p: [1458, 897], r: 1.1322783306241035e-02, e: 1.1402589268982410e-02
#ERR  p: [1575, 897], r: 1.0071891359984875e-02, e: 1.0142895393073559e-02
#ERR  p: [1359, 897], r: 1.2501676566898823e-02, e: 1.2589777819812298e-02
#ERR  p: [936, 60], r: 2.7043795585632324e+00, e: 8.3205848932266235e-03
#ERR  p: [1080, 897], r: 1.6524359583854675e-02, e: 1.6640815883874893e-02
#ERR  p: [963, 60], r: 2.6323385238647461e+00, e: 8.0990493297576904e-03
#ERR  p: [1998, 898], r: 6.7278351634740829e-03, e: 6.6500101238489151e-03
#ERR  p: [1431, 897], r: 1.1631524190306664e-02, e: 1.1713507585227489e-02
#ERR  p: [1071, 897], r: 1.6672948375344276e-02, e: 1.6790485009551048e-02
#ERR  p: [1413, 897], r: 1.1844560503959656e-02, e: 1.1928052641451359e-02
#ERR  p: [999, 897], r: 1.7916059121489525e-02, e: 1.8042363226413727e-02
#ERR  p: [1557, 897], r: 1.0257285088300705e-02, e: 1.0329567827284336e-02
#ERR  p: [1638, 897], r: 9.4567518681287766e-03, e: 9.5234159380197525e-03
#ERR  p: [1665, 897], r: 9.2064710333943367e-03, e: 9.2713469639420509e-03
#ERR  p: [1593, 897], r: 9.8916189745068550e-03, e: 9.9613517522811890e-03
#ERR  p: [1629, 897], r: 9.5429420471191406e-03, e: 9.6101937815546989e-03
#ERR  p: [1611, 897], r: 9.7159855067729950e-03, e: 9.7844759002327919e-03
#ERR  p: [1035, 897], r: 1.7283152788877487e-02, e: 1.7404979094862938e-02
#ERR  p: [1584, 897], r: 9.9829519167542458e-03, e: 1.0053305886685848e-02
#ERR  p: [1719, 897], r: 8.7211253121495247e-03, e: 8.7826028466224670e-03
#ERR  p: [1710, 897], r: 8.8006062433123589e-03, e: 8.8626407086849213e-03
#ERR  p: [1008, 897], r: 1.7756009474396706e-02, e: 1.7881182953715324e-02
#ERR  p: [1602, 897], r: 9.8034413531422615e-03, e: 9.8725389689207077e-03
#ERR  p: [1548, 897], r: 1.0347465053200722e-02, e: 1.0420410893857479e-02
#ERR  p: [972, 60], r: 2.6087543964385986e+00, e: 8.0266073346138000e-03
#ERR  p: [1683, 897], r: 9.0423002839088440e-03, e: 9.1060195118188858e-03
#ERR  p: [1440, 897], r: 1.1527999304234982e-02, e: 1.1609257198870182e-02
#ERR  p: [1845, 898], r: 7.8398194164037704e-03, e: 7.7491551637649536e-03
#ERR  p: [1989, 898], r: 6.7891590297222137e-03, e: 6.7106494680047035e-03
#ERR  p: [0, 62], r: -3.0135526657104492e+00, e: 9.3988287448883057e-01
#ERR  p: [9, 62], r: -2.9696509838104248e+00, e: 9.4836288690567017e-01
#ERR  p: [1269, 898], r: 1.3948811218142509e-02, e: 1.3787504285573959e-02
#ERR  p: [1206, 898], r: 1.4855477958917618e-02, e: 1.4683693647384644e-02
#ERR  p: [1233, 898], r: 1.4461508020758629e-02, e: 1.4294307678937912e-02
#ERR  p: [1737, 898], r: 8.7351165711879730e-03, e: 8.6340997368097305e-03
#ERR  p: [1161, 898], r: 1.5538647770881653e-02, e: 1.5358943492174149e-02
#ERR  p: [1197, 898], r: 1.4989361166954041e-02, e: 1.4816012233495712e-02
#ERR  p: [1242, 898], r: 1.4328833669424057e-02, e: 1.4163106679916382e-02
#ERR  p: [1215, 898], r: 1.4722958207130432e-02, e: 1.4552703127264977e-02
#ERR  p: [1962, 898], r: 6.9739529862999916e-03, e: 6.8932995200157166e-03
#ERR  p: [2032, 899], r: 6.4072646200656891e-03, e: 6.4357370138168335e-03
#ERR  p: [1926, 898], r: 7.2304587811231613e-03, e: 7.1468520909547806e-03
#ERR  p: [1980, 898], r: 6.8505704402923584e-03, e: 6.7713428288698196e-03
#ERR  p: [1953, 898], r: 7.0383148267865181e-03, e: 6.9569312036037445e-03
#ERR  p: [2007, 898], r: 6.6692251712083817e-03, e: 6.5921191126108170e-03
#ERR  p: [1971, 898], r: 6.9120191037654877e-03, e: 6.8320818245410919e-03
#ERR  p: [1899, 898], r: 7.4278293177485466e-03, e: 7.3419231921434402e-03
#ERR  p: [1908, 898], r: 7.3609985411167145e-03, e: 7.2758635506033897e-03
#ERR  p: [1881, 898], r: 7.5636440888047218e-03, e: 7.4761863797903061e-03
#ERR  p: [1827, 898], r: 7.9838931560516357e-03, e: 7.8915785998106003e-03
#ERR  p: [1251, 898], r: 1.4201898127794266e-02, e: 1.4037668704986572e-02
#ERR  p: [1872, 898], r: 7.6319677755236626e-03, e: 7.5437054038047791e-03
#ERR  p: [1890, 898], r: 7.4963830411434174e-03, e: 7.4096918106079102e-03
#ERR  p: [1188, 898], r: 1.5125237405300140e-02, e: 1.4950327575206757e-02
#ERR  p: [1944, 898], r: 7.1023460477590561e-03, e: 7.0202071219682693e-03
#ERR  p: [1917, 898], r: 7.2970278561115265e-03, e: 7.2126556187868118e-03
#ERR  p: [1935, 898], r: 7.1663390845060349e-03, e: 7.0834830403327942e-03
#ERR  p: [1818, 898], r: 8.0570019781589508e-03, e: 7.9638622701168060e-03
#ERR  p: [1854, 898], r: 7.7703511342406273e-03, e: 7.6805092394351959e-03
#ERR  p: [1791, 898], r: 8.2756355404853821e-03, e: 8.1799402832984924e-03
#ERR  p: [1863, 898], r: 7.7010365203022957e-03, e: 7.6120048761367798e-03
#ERR  p: [2040, 899], r: 6.3562393188476562e-03, e: 6.3844844698905945e-03
#ERR  p: [1170, 898], r: 1.5400592237710953e-02, e: 1.5222501009702682e-02
#ERR  p: [1152, 898], r: 1.5682131052017212e-02, e: 1.5500824898481369e-02
#ERR  p: [1836, 898], r: 7.9115405678749084e-03, e: 7.8200539574027061e-03
#ERR  p: [2024, 899], r: 6.4569097012281418e-03, e: 6.4856056123971939e-03
#ERR  p: [1179, 898], r: 1.5261683613061905e-02, e: 1.5085211023688316e-02
#ERR  p: [1278, 898], r: 1.3821717351675034e-02, e: 1.3661880046129227e-02
#ERR  p: [1116, 898], r: 1.6254566609859467e-02, e: 1.6066610813140869e-02
#ERR  p: [1224, 898], r: 1.4591451734304428e-02, e: 1.4422729611396790e-02
#ERR  p: [1809, 898], r: 8.1279464066028595e-03, e: 8.0339610576629639e-03
#ERR  p: [1782, 898], r: 8.3511210978031158e-03, e: 8.2545429468154907e-03
#ERR  p: [1350, 898], r: 1.2861575931310654e-02, e: 1.2712828814983368e-02
#ERR  p: [1773, 898], r: 8.4261335432529449e-03, e: 8.3286985754966736e-03
#ERR  p: [1260, 898], r: 1.4076735824346542e-02, e: 1.3914005830883980e-02
#ERR  p: [1800, 898], r: 8.2028880715370178e-03, e: 8.1080384552478790e-03
#ERR  p: [2016, 899], r: 6.5097250044345856e-03, e: 6.5386574715375900e-03
#ERR  p: [1134, 898], r: 1.5966065227985382e-02, e: 1.5781480818986893e-02
#ERR  p: [1143, 898], r: 1.5823520720005035e-02, e: 1.5640564262866974e-02
#ERR  p: [981, 61], r: 1.2715599060058594e+01, e: 7.9631656408309937e-03
#ERR  p: [1755, 898], r: 8.5797272622585297e-03, e: 8.4805171936750412e-03
#ERR  p: [1125, 898], r: 1.6108594834804535e-02, e: 1.5922330319881439e-02
#ERR  p: [1521, 898], r: 1.0842245072126389e-02, e: 1.0716868564486504e-02
#ERR  p: [1386, 898], r: 1.2407936155796051e-02, e: 1.2264460325241089e-02
#ERR  p: [1764, 898], r: 8.5018612444400787e-03, e: 8.4035415202379227e-03
#ERR  p: [1746, 898], r: 8.6567290127277374e-03, e: 8.5566285997629166e-03
#ERR  p: [1728, 898], r: 8.8143944740295410e-03, e: 8.7124779820442200e-03
#ERR  p: [1287, 898], r: 1.3699155300855637e-02, e: 1.3540729880332947e-02
#ERR  p: [909, 61], r: 8.7256431579589844e-03, e: 8.5573866963386536e-03
#ERR  p: [1305, 898], r: 1.3453863561153412e-02, e: 1.3298273086547852e-02
#ERR  p: [1062, 898], r: 1.7154984176158905e-02, e: 1.6956616193056107e-02
#ERR  p: [1296, 898], r: 1.3575516641139984e-02, e: 1.3418510556221008e-02
#ERR  p: [918, 61], r: 1.3542451858520508e+01, e: 8.4803849458694458e-03
#ERR  p: [1539, 898], r: 1.0648159310221672e-02, e: 1.0525017976760864e-02
#ERR  p: [1017, 898], r: 1.7944313585758209e-02, e: 1.7736811190843582e-02
#ERR  p: [1377, 898], r: 1.2520397081971169e-02, e: 1.2375604361295700e-02
#ERR  p: [945, 61], r: 1.3181699752807617e+01, e: 8.2551762461662292e-03
#ERR  p: [1647, 898], r: 9.5596984028816223e-03, e: 9.4491839408874512e-03
#ERR  p: [1530, 898], r: 1.0743767023086548e-02, e: 1.0619498789310455e-02
#ERR  p: [1404, 898], r: 1.2186467647552490e-02, e: 1.2045565992593765e-02
#ERR  p: [1089, 898], r: 1.6701102256774902e-02, e: 1.6507979482412338e-02
#ERR  p: [1098, 898], r: 1.6548700630664825e-02, e: 1.6357347369194031e-02
#ERR  p: [1485, 898], r: 1.1237885802984238e-02, e: 1.1107940226793289e-02
#ERR  p: [1044, 898], r: 1.7465341836214066e-02, e: 1.7263360321521759e-02
#ERR  p: [1476, 898], r: 1.1337993666529655e-02, e: 1.1206857860088348e-02
#ERR  p: [1692, 898], r: 9.1368593275547028e-03, e: 9.0312007814645767e-03
#ERR  p: [1656, 898], r: 9.4730686396360397e-03, e: 9.3635357916355133e-03
#ERR  p: [1314, 898], r: 1.3335783034563065e-02, e: 1.3181611895561218e-02
#ERR  p: [1467, 898], r: 1.1443380266427994e-02, e: 1.1311065405607224e-02
#ERR  p: [954, 61], r: 1.3063595771789551e+01, e: 8.1811845302581787e-03
#ERR  p: [1341, 898], r: 1.2979105114936829e-02, e: 1.2829016894102097e-02
#ERR  p: [900, 61], r: 8.8043212890625000e-03, e: 8.6341425776481628e-03
#ERR  p: [1368, 898], r: 1.2631846591830254e-02, e: 1.2485764920711517e-02
#ERR  p: [927, 61], r: 1.3421115875244141e+01, e: 8.4048882126808167e-03
#ERR  p: [896, 61], r: 8.8396072387695312e-03, e: 8.6697116494178772e-03
#ERR  p: [1053, 898], r: 1.7313946038484573e-02, e: 1.7113786190748215e-02
#ERR  p: [1449, 898], r: 1.1650273576378822e-02, e: 1.1515554040670395e-02
#ERR  p: [1395, 898], r: 1.2296639382839203e-02, e: 1.2154467403888702e-02
#ERR  p: [1323, 898], r: 1.3216452673077583e-02, e: 1.3063644990324974e-02
#ERR  p: [1494, 898], r: 1.1139595881104469e-02, e: 1.1010799556970596e-02
#ERR  p: [1566, 898], r: 1.0363116860389709e-02, e: 1.0243274271488190e-02
#ERR  p: [1503, 898], r: 1.1039227247238159e-02, e: 1.0911587625741959e-02
#ERR  p: [1701, 898], r: 9.0559720993041992e-03, e: 8.9512635022401810e-03
#ERR  p: [990, 61], r: 1.2601672172546387e+01, e: 7.8914687037467957e-03
#ERR  p: [1422, 898], r: 1.1969948187470436e-02, e: 1.1831566691398621e-02
#ERR  p: [1512, 898], r: 1.0939151048660278e-02, e: 1.0812647640705109e-02
#ERR  p: [1026, 898], r: 1.7784789204597473e-02, e: 1.7579153180122375e-02
#ERR  p: [1674, 898], r: 9.3044415116310120e-03, e: 9.1968588531017303e-03
#ERR  p: [1620, 898], r: 9.8193176090717316e-03, e: 9.7057744860649109e-03
#ERR  p: [1107, 898], r: 1.6400367021560669e-02, e: 1.6210738569498062e-02
#ERR  p: [1332, 898], r: 1.3096421957015991e-02, e: 1.2944981455802917e-02
#ERR  p: [1458, 898], r: 1.1545762419700623e-02, e: 1.1412248015403748e-02
#ERR  p: [1575, 898], r: 1.0271137580275536e-02, e: 1.0152347385883331e-02
#ERR  p: [1359, 898], r: 1.2748356908559799e-02, e: 1.2600963935256004e-02
#ERR  p: [936, 61], r: 1.3300869941711426e+01, e: 8.3299055695533752e-03
#ERR  p: [1080, 898], r: 1.6849569976329803e-02, e: 1.6654737293720245e-02
#ERR  p: [963, 61], r: 1.2946550369262695e+01, e: 8.1071853637695312e-03
#ERR  p: [1998, 899], r: 6.6289305686950684e-03, e: 6.6583920270204544e-03
#ERR  p: [1431, 898], r: 1.1862209066748619e-02, e: 1.1725053191184998e-02
#ERR  p: [1071, 898], r: 1.6999751329421997e-02, e: 1.6803115606307983e-02
#ERR  p: [999, 898], r: 1.8270984292030334e-02, e: 1.8059685826301575e-02
#ERR  p: [1413, 898], r: 1.2076588347554207e-02, e: 1.1936906725168228e-02
#ERR  p: [1557, 898], r: 1.0456517338752747e-02, e: 1.0335586965084076e-02
#ERR  p: [1638, 898], r: 9.6450839191675186e-03, e: 9.5335561782121658e-03
#ERR  p: [1665, 898], r: 9.3882549554109573e-03, e: 9.2797186225652695e-03
#ERR  p: [1593, 898], r: 1.0087803006172180e-02, e: 9.9711418151855469e-03
#ERR  p: [1629, 898], r: 9.7333155572414398e-03, e: 9.6208043396472931e-03
#ERR  p: [1611, 898], r: 9.9074169993400574e-03, e: 9.7928345203399658e-03
#ERR  p: [1035, 898], r: 1.7626769840717316e-02, e: 1.7422955483198166e-02
#ERR  p: [1584, 898], r: 1.0179765522480011e-02, e: 1.0062064975500107e-02
#ERR  p: [1719, 898], r: 8.8938456028699875e-03, e: 8.7909959256649017e-03
#ERR  p: [1710, 898], r: 8.9738629758358002e-03, e: 8.8700801134109497e-03
#ERR  p: [1008, 898], r: 1.8109016120433807e-02, e: 1.7899602651596069e-02
#ERR  p: [1602, 898], r: 9.9980384111404419e-03, e: 9.8824389278888702e-03
#ERR  p: [972, 61], r: 1.2830556869506836e+01, e: 8.0354213714599609e-03
#ERR  p: [1548, 898], r: 1.0553546249866486e-02, e: 1.0431509464979172e-02
#ERR  p: [1683, 898], r: 9.2189460992813110e-03, e: 9.1123431921005249e-03
#ERR  p: [1440, 898], r: 1.1756379157304764e-02, e: 1.1620435863733292e-02
#ERR  p: [1845, 899], r: 7.7251717448234558e-03, e: 7.7594947069883347e-03
#ERR  p: [1989, 899], r: 6.6885575652122498e-03, e: 6.7182779312133789e-03
#ERR  p: [0, 63], r: -3.0105409622192383e+00, e: 9.3894350528717041e-01
#ERR  p: [9, 63], r: -2.9665946960449219e+00, e: 9.4750374555587769e-01
#ERR  p: [1269, 899], r: 1.3740692287683487e-02, e: 1.3801757246255875e-02
#ERR  p: [1206, 899], r: 1.4634855091571808e-02, e: 1.4699887484312057e-02
#ERR  p: [1233, 899], r: 1.4242924749851227e-02, e: 1.4306221157312393e-02
#ERR  p: [1737, 899], r: 8.6056105792522430e-03, e: 8.6438544094562531e-03
#ERR  p: [1755, 899], r: 8.4518939256668091e-03, e: 8.4894523024559021e-03
#ERR  p: [1161, 899], r: 1.5308666974306107e-02, e: 1.5376698225736618e-02
#ERR  p: [1197, 899], r: 1.4765933156013489e-02, e: 1.4831557869911194e-02
#ERR  p: [1242, 899], r: 1.4117576181888580e-02, e: 1.4180313795804977e-02
#ERR  p: [1215, 899], r: 1.4503214508295059e-02, e: 1.4567669481039047e-02
#ERR  p: [1962, 899], r: 6.8715251982212067e-03, e: 6.9020576775074005e-03
#ERR  p: [2032, 900], r: 6.3763260841369629e-03, e: 6.4425021409988403e-03
#ERR  p: [1926, 899], r: 7.1224607527256012e-03, e: 7.1541108191013336e-03
#ERR  p: [1980, 899], r: 6.7497827112674713e-03, e: 6.7797750234603882e-03
#ERR  p: [1953, 899], r: 6.9333612918853760e-03, e: 6.9641731679439545e-03
#ERR  p: [2007, 899], r: 6.5688565373420715e-03, e: 6.5980479121208191e-03
#ERR  p: [1899, 899], r: 7.3184072971343994e-03, e: 7.3509290814399719e-03
#ERR  p: [1971, 899], r: 6.8102739751338959e-03, e: 6.8405363708734512e-03
#ERR  p: [1908, 899], r: 7.2531644254922867e-03, e: 7.2853937745094299e-03
#ERR  p: [1881, 899], r: 7.4515212327241898e-03, e: 7.4846297502517700e-03
#ERR  p: [1827, 899], r: 7.8644305467605591e-03, e: 7.8993793576955795e-03
#ERR  p: [1872, 899], r: 7.5169838964939117e-03, e: 7.5503960251808167e-03
#ERR  p: [1251, 899], r: 1.3991735875606537e-02, e: 1.4053907245397568e-02
#ERR  p: [1890, 899], r: 7.3846187442541122e-03, e: 7.4174366891384125e-03
#ERR  p: [1188, 899], r: 1.4899000525474548e-02, e: 1.4965213835239410e-02
#ERR  p: [1944, 899], r: 6.9968160241842270e-03, e: 7.0279128849506378e-03
#ERR  p: [1917, 899], r: 7.1883518248796463e-03, e: 7.2202924638986588e-03
#ERR  p: [1935, 899], r: 7.0588979870080948e-03, e: 7.0902649313211441e-03
#ERR  p: [1818, 899], r: 7.9345740377902985e-03, e: 7.9698357731103897e-03
#ERR  p: [1791, 899], r: 8.1537608057260513e-03, e: 8.1899892538785934e-03
#ERR  p: [1854, 899], r: 7.6544452458620071e-03, e: 7.6884552836418152e-03
#ERR  p: [1863, 899], r: 7.5865238904953003e-03, e: 7.6202303171157837e-03
#ERR  p: [1170, 899], r: 1.5172258019447327e-02, e: 1.5239678323268890e-02
#ERR  p: [2040, 900], r: 6.3245408236980438e-03, e: 6.3901916146278381e-03
#ERR  p: [1152, 899], r: 1.5444003045558929e-02, e: 1.5512637794017792e-02
#ERR  p: [1836, 899], r: 7.7940076589584351e-03, e: 7.8286435455083847e-03
#ERR  p: [2024, 900], r: 6.4281299710273743e-03, e: 6.4948294311761856e-03
#ERR  p: [1179, 899], r: 1.5035521239042282e-02, e: 1.5102330595254898e-02
#ERR  p: [1278, 899], r: 1.3619869947433472e-02, e: 1.3680376112461090e-02
#ERR  p: [1116, 899], r: 1.6012966632843018e-02, e: 1.6084119677543640e-02
#ERR  p: [1809, 899], r: 8.0084204673767090e-03, e: 8.0440025776624680e-03
#ERR  p: [1224, 899], r: 1.4372158795595169e-02, e: 1.4436032623052597e-02
#ERR  p: [1782, 899], r: 8.2261785864830017e-03, e: 8.2627423107624054e-03
#ERR  p: [1350, 899], r: 1.2672640383243561e-02, e: 1.2728951871395111e-02
#ERR  p: [1800, 899], r: 8.0797262489795685e-03, e: 8.1156343221664429e-03
#ERR  p: [1746, 899], r: 8.5286665707826614e-03, e: 8.5665620863437653e-03
#ERR  p: [1773, 899], r: 8.3016753196716309e-03, e: 8.3385631442070007e-03
#ERR  p: [1260, 899], r: 1.3862472027540207e-02, e: 1.3924077153205872e-02
#ERR  p: [2016, 900], r: 6.4788870513439178e-03, e: 6.5461322665214539e-03
#ERR  p: [1134, 899], r: 1.5726387500762939e-02, e: 1.5796266496181488e-02
#ERR  p: [1143, 899], r: 1.5583775937557220e-02, e: 1.5653036534786224e-02
#ERR  p: [981, 62], r: 7.7791213989257812e-03, e: 7.9701989889144897e-03
#ERR  p: [1125, 899], r: 1.5870828181505203e-02, e: 1.5941344201564789e-02
#ERR  p: [1521, 899], r: 1.0680876672267914e-02, e: 1.0728336870670319e-02
#ERR  p: [1386, 899], r: 1.2222096323966980e-02, e: 1.2276411056518555e-02
#ERR  p: [1764, 899], r: 8.3761811256408691e-03, e: 8.4134023636579514e-03
#ERR  p: [1728, 899], r: 8.6819846183061600e-03, e: 8.7205655872821808e-03
#ERR  p: [909, 62], r: 8.3742141723632812e-03, e: 8.5654258728027344e-03
#ERR  p: [1287, 899], r: 1.3495665043592453e-02, e: 1.3555642217397690e-02
#ERR  p: [1305, 899], r: 1.3254851102828979e-02, e: 1.3313755393028259e-02
#ERR  p: [1062, 899], r: 1.6901627182960510e-02, e: 1.6976721584796906e-02
#ERR  p: [1296, 899], r: 1.3376306742429733e-02, e: 1.3435743749141693e-02
#ERR  p: [918, 62], r: 8.2817077636718750e-03, e: 8.4886401891708374e-03
#ERR  p: [1539, 899], r: 1.0488670319318771e-02, e: 1.0535284876823425e-02
#ERR  p: [1017, 899], r: 1.7679922282695770e-02, e: 1.7758473753929138e-02
#ERR  p: [1377, 899], r: 1.2335203588008881e-02, e: 1.2390017509460449e-02
#ERR  p: [945, 62], r: 8.0604553222656250e-03, e: 8.2619637250900269e-03
#ERR  p: [1530, 899], r: 1.0583020746707916e-02, e: 1.0630067437887192e-02
#ERR  p: [1647, 899], r: 9.4145666807889938e-03, e: 9.4564035534858704e-03
#ERR  p: [1404, 899], r: 1.2006409466266632e-02, e: 1.2059748172760010e-02
#ERR  p: [1089, 899], r: 1.6450725495815277e-02, e: 1.6523834317922592e-02
#ERR  p: [1098, 899], r: 1.6303867101669312e-02, e: 1.6376301646232605e-02
#ERR  p: [1485, 899], r: 1.1072114109992981e-02, e: 1.1121306568384171e-02
#ERR  p: [1044, 899], r: 1.7209623008966446e-02, e: 1.7286092042922974e-02
#ERR  p: [1476, 899], r: 1.1173129081726074e-02, e: 1.1222776025533676e-02
#ERR  p: [1692, 899], r: 9.0004615485668182e-03, e: 9.0404599905014038e-03
#ERR  p: [1314, 899], r: 1.3134595006704330e-02, e: 1.3192959129810333e-02
#ERR  p: [1467, 899], r: 1.1270780116319656e-02, e: 1.1320870369672775e-02
#ERR  p: [1656, 899], r: 9.3314554542303085e-03, e: 9.3729197978973389e-03
#ERR  p: [896, 62], r: 8.4829330444335938e-03, e: 8.6762085556983948e-03
#ERR  p: [1341, 899], r: 1.2786000967025757e-02, e: 1.2842819094657898e-02
#ERR  p: [954, 62], r: 7.9946517944335938e-03, e: 8.1886053085327148e-03
#ERR  p: [900, 62], r: 8.4486007690429688e-03, e: 8.6424797773361206e-03
#ERR  p: [927, 62], r: 8.2111358642578125e-03, e: 8.4118396043777466e-03
#ERR  p: [1368, 899], r: 1.2446843087673187e-02, e: 1.2502145022153854e-02
#ERR  p: [1053, 899], r: 1.7053022980690002e-02, e: 1.7128799110651016e-02
#ERR  p: [1701, 899], r: 8.9212227612733841e-03, e: 8.9608617126941681e-03
#ERR  p: [1449, 899], r: 1.1476494371891022e-02, e: 1.1527493596076965e-02
#ERR  p: [1395, 899], r: 1.2114949524402618e-02, e: 1.2168768793344498e-02
#ERR  p: [1323, 899], r: 1.3017833232879639e-02, e: 1.3075679540634155e-02
#ERR  p: [1494, 899], r: 1.0972585529088974e-02, e: 1.1021345853805542e-02
#ERR  p: [1503, 899], r: 1.0874371975660324e-02, e: 1.0922692716121674e-02
#ERR  p: [1674, 899], r: 9.1644767671823502e-03, e: 9.2052035033702850e-03
#ERR  p: [1566, 899], r: 1.0209765285253525e-02, e: 1.0255133733153343e-02
#ERR  p: [990, 62], r: 7.7056884765625000e-03, e: 7.8984051942825317e-03
#ERR  p: [1107, 899], r: 1.6158454120159149e-02, e: 1.6230240464210510e-02
#ERR  p: [1512, 899], r: 1.0774917900562286e-02, e: 1.0822810232639313e-02
#ERR  p: [1422, 899], r: 1.1791188269853592e-02, e: 1.1843577027320862e-02
#ERR  p: [1620, 899], r: 9.6728652715682983e-03, e: 9.7158513963222504e-03
#ERR  p: [1026, 899], r: 1.7521291971206665e-02, e: 1.7599139362573624e-02
#ERR  p: [1359, 899], r: 1.2558333575725555e-02, e: 1.2614134699106216e-02
#ERR  p: [1332, 899], r: 1.2900259345769882e-02, e: 1.2957587838172913e-02
#ERR  p: [1575, 899], r: 1.0118197649717331e-02, e: 1.0163169354200363e-02
#ERR  p: [936, 62], r: 8.1386566162109375e-03, e: 8.3365216851234436e-03
#ERR  p: [963, 62], r: 7.9193115234375000e-03, e: 8.1153213977813721e-03
#ERR  p: [1080, 899], r: 1.6601093113422394e-02, e: 1.6674853861331940e-02
#ERR  p: [1458, 899], r: 1.1374216526746750e-02, e: 1.1424761265516281e-02
#ERR  p: [1998, 900], r: 6.5964311361312866e-03, e: 6.6649112850427628e-03
#ERR  p: [1638, 899], r: 9.5012597739696503e-03, e: 9.5434822142124176e-03
#ERR  p: [1557, 899], r: 1.0301370173692703e-02, e: 1.0347150266170502e-02
#ERR  p: [1431, 899], r: 1.1687345802783966e-02, e: 1.1739265173673630e-02
#ERR  p: [1071, 899], r: 1.6751583665609360e-02, e: 1.6826022416353226e-02
#ERR  p: [1413, 899], r: 1.1896777898073196e-02, e: 1.1949658393859863e-02
#ERR  p: [1665, 899], r: 9.2465486377477646e-03, e: 9.2876404523849487e-03
#ERR  p: [999, 899], r: 1.8000289797782898e-02, e: 1.8080279231071472e-02
#ERR  p: [1593, 899], r: 9.9378600716590881e-03, e: 9.9820233881473541e-03
#ERR  p: [1629, 899], r: 9.5848944038152695e-03, e: 9.6274875104427338e-03
#ERR  p: [1584, 899], r: 1.0027106851339340e-02, e: 1.0071663185954094e-02
#ERR  p: [1611, 899], r: 9.7625516355037689e-03, e: 9.8059270530939102e-03
#ERR  p: [1035, 899], r: 1.7363637685775757e-02, e: 1.7440792173147202e-02
#ERR  p: [1710, 899], r: 8.8407099246978760e-03, e: 8.8800024241209030e-03
#ERR  p: [1719, 899], r: 8.7614879012107849e-03, e: 8.8004246354103088e-03
#ERR  p: [1683, 899], r: 9.0834684669971466e-03, e: 9.1238282620906830e-03
#ERR  p: [1602, 899], r: 9.8490566015243530e-03, e: 9.8928213119506836e-03
#ERR  p: [1008, 899], r: 1.7838597297668457e-02, e: 1.7917871475219727e-02
#ERR  p: [972, 62], r: 7.8458786010742188e-03, e: 8.0420300364494324e-03
#ERR  p: [1548, 899], r: 1.0394206270575523e-02, e: 1.0440405458211899e-02
#ERR  p: [1440, 899], r: 1.1580791324377060e-02, e: 1.1632256209850311e-02
#ERR  p: [1845, 900], r: 7.6864454895257950e-03, e: 7.7662244439125061e-03
#ERR  p: [1989, 900], r: 6.6550225019454956e-03, e: 6.7241080105304718e-03
#ERR  p: [1, 60], r: -3.0146687030792236e+00, e: 9.4272351264953613e-01
#ERR  p: [10, 60], r: -2.9707536697387695e+00, e: 9.5118111371994019e-01
#ERR  p: [1269, 900], r: 1.3673506677150726e-02, e: 1.3815443962812424e-02
#ERR  p: [1206, 900], r: 1.4563005417585373e-02, e: 1.4714166522026062e-02
#ERR  p: [1233, 900], r: 1.4177452772855759e-02, e: 1.4324579387903214e-02
#ERR  p: [1737, 900], r: 8.5632838308811188e-03, e: 8.6521729826927185e-03
#ERR  p: [1755, 900], r: 8.4110274910926819e-03, e: 8.4983259439468384e-03
#ERR  p: [1161, 900], r: 1.5233363956212997e-02, e: 1.5391495078802109e-02
#ERR  p: [1197, 900], r: 1.4696240425109863e-02, e: 1.4848772436380386e-02
#ERR  p: [1242, 900], r: 1.4047831296920776e-02, e: 1.4193661510944366e-02
#ERR  p: [1215, 900], r: 1.4431908726692200e-02, e: 1.4581717550754547e-02
#ERR  p: [1962, 900], r: 6.8385042250156403e-03, e: 6.9094747304916382e-03
#ERR  p: [2032, 901], r: 6.5581053495407104e-03, e: 6.4482241868972778e-03
#ERR  p: [1926, 900], r: 7.0899911224842072e-03, e: 7.1635618805885315e-03
#ERR  p: [1980, 900], r: 6.7165829241275787e-03, e: 6.7862980067729950e-03
#ERR  p: [1953, 900], r: 6.8998504430055618e-03, e: 6.9714579731225967e-03
#ERR  p: [2007, 900], r: 6.5375808626413345e-03, e: 6.6054258495569229e-03
#ERR  p: [1899, 900], r: 7.2839856147766113e-03, e: 7.3595754802227020e-03
#ERR  p: [1971, 900], r: 6.7766867578029633e-03, e: 6.8470258265733719e-03
#ERR  p: [1908, 900], r: 7.2169210761785507e-03, e: 7.2918348014354706e-03
#ERR  p: [1881, 900], r: 7.4150376021862030e-03, e: 7.4919965118169785e-03
#ERR  p: [1827, 900], r: 7.8271701931953430e-03, e: 7.9084038734436035e-03
#ERR  p: [1188, 900], r: 1.4831725507974625e-02, e: 1.4985639601945877e-02
#ERR  p: [1872, 900], r: 7.4820928275585175e-03, e: 7.5597595423460007e-03
#ERR  p: [1251, 900], r: 1.3922415673732758e-02, e: 1.4066927134990692e-02
#ERR  p: [1890, 900], r: 7.3479972779750824e-03, e: 7.4242800474166870e-03
#ERR  p: [1944, 900], r: 6.9623850286006927e-03, e: 7.0346593856811523e-03
#ERR  p: [1935, 900], r: 7.0253349840641022e-03, e: 7.0982407778501511e-03
#ERR  p: [1917, 900], r: 7.1525853127241135e-03, e: 7.2268284857273102e-03
#ERR  p: [2040, 901], r: 6.5056048333644867e-03, e: 6.3966065645217896e-03
#ERR  p: [1818, 900], r: 7.8978985548019409e-03, e: 7.9798512160778046e-03
#ERR  p: [1791, 900], r: 8.1126838922500610e-03, e: 8.1968866288661957e-03
#ERR  p: [1854, 900], r: 7.6196584850549698e-03, e: 7.6987165957689285e-03
#ERR  p: [1863, 900], r: 7.5489599257707596e-03, e: 7.6273027807474136e-03
#ERR  p: [1170, 900], r: 1.5096444636583328e-02, e: 1.5253156423568726e-02
#ERR  p: [1152, 900], r: 1.5371534973382950e-02, e: 1.5531070530414581e-02
#ERR  p: [2024, 901], r: 6.6101998090744019e-03, e: 6.4994581043720245e-03
#ERR  p: [1836, 900], r: 7.7561736106872559e-03, e: 7.8366734087467194e-03
#ERR  p: [1179, 900], r: 1.4960560947656631e-02, e: 1.5115842223167419e-02
#ERR  p: [1278, 900], r: 1.3551115989685059e-02, e: 1.3691768050193787e-02
#ERR  p: [1116, 900], r: 1.5935495495796204e-02, e: 1.6100898385047913e-02
#ERR  p: [1809, 900], r: 7.9679749906063080e-03, e: 8.0506727099418640e-03
#ERR  p: [1350, 900], r: 1.2610826641321182e-02, e: 1.2741714715957642e-02
#ERR  p: [1224, 900], r: 1.4303263276815414e-02, e: 1.4451727271080017e-02
#ERR  p: [1782, 900], r: 8.1865787506103516e-03, e: 8.2715600728988647e-03
#ERR  p: [1800, 900], r: 8.0403462052345276e-03, e: 8.1238076090812683e-03
#ERR  p: [1746, 900], r: 8.4882080554962158e-03, e: 8.5762888193130493e-03
#ERR  p: [1773, 900], r: 8.2595199346542358e-03, e: 8.3452537655830383e-03
#ERR  p: [1260, 900], r: 1.3798780739307404e-02, e: 1.3941973447799683e-02
#ERR  p: [2016, 901], r: 6.6631883382797241e-03, e: 6.5515339374542236e-03
#ERR  p: [1143, 900], r: 1.5512570738792419e-02, e: 1.5673562884330750e-02
#ERR  p: [1134, 900], r: 1.5649408102035522e-02, e: 1.5811830759048462e-02
#ERR  p: [981, 63], r: 8.6183547973632812e-03, e: 7.9784542322158813e-03
#ERR  p: [1764, 900], r: 8.3361901342868805e-03, e: 8.4227025508880615e-03
#ERR  p: [1125, 900], r: 1.5790298581123352e-02, e: 1.5954196453094482e-02
#ERR  p: [1521, 900], r: 1.0627556592226028e-02, e: 1.0737881064414978e-02
#ERR  p: [1386, 900], r: 1.2166932225227356e-02, e: 1.2293182313442230e-02
#ERR  p: [1728, 900], r: 8.6422003805637360e-03, e: 8.7318867444992065e-03
#ERR  p: [1296, 900], r: 1.3309635221958160e-02, e: 1.3447791337966919e-02
#ERR  p: [909, 63], r: 8.5859298706054688e-03, e: 8.5747241973876953e-03
#ERR  p: [1287, 900], r: 1.3429656624794006e-02, e: 1.3569053262472153e-02
#ERR  p: [918, 63], r: 9.1857910156250000e-03, e: 8.4981620311737061e-03
#ERR  p: [1539, 900], r: 1.0439556092023849e-02, e: 1.0547913610935211e-02
#ERR  p: [1377, 900], r: 1.2273591011762619e-02, e: 1.2400999665260315e-02
#ERR  p: [1017, 900], r: 1.7593741416931152e-02, e: 1.7776332795619965e-02
#ERR  p: [1305, 900], r: 1.3192959129810333e-02, e: 1.3329870998859406e-02
#ERR  p: [1062, 900], r: 1.6820088028907776e-02, e: 1.6994647681713104e-02
#ERR  p: [945, 63], r: 8.9387893676757812e-03, e: 8.2712322473526001e-03
#ERR  p: [1530, 900], r: 1.0533791035413742e-02, e: 1.0643132030963898e-02
#ERR  p: [1404, 900], r: 1.1947430670261383e-02, e: 1.2071419507265091e-02
#ERR  p: [1647, 900], r: 9.3702599406242371e-03, e: 9.4675049185752869e-03
#ERR  p: [1098, 900], r: 1.6224808990955353e-02, e: 1.6393192112445831e-02
#ERR  p: [1044, 900], r: 1.7125047743320465e-02, e: 1.7302781343460083e-02
#ERR  p: [1089, 900], r: 1.6370639204978943e-02, e: 1.6540579497814178e-02
#ERR  p: [1485, 900], r: 1.1017952114343643e-02, e: 1.1132296174764633e-02
#ERR  p: [1476, 900], r: 1.1116504669189453e-02, e: 1.1231891810894012e-02
#ERR  p: [1314, 900], r: 1.3072352856397629e-02, e: 1.3208016753196716e-02
#ERR  p: [1692, 900], r: 8.9576244354248047e-03, e: 9.0506002306938171e-03
#ERR  p: [1467, 900], r: 1.1218618601560593e-02, e: 1.1335052549839020e-02
#ERR  p: [1656, 900], r: 9.2853382229804993e-03, e: 9.3817189335823059e-03
#ERR  p: [1341, 900], r: 1.2724786996841431e-02, e: 1.2856848537921906e-02
#ERR  p: [896, 63], r: 8.6989402770996094e-03, e: 8.6863785982131958e-03
#ERR  p: [954, 63], r: 8.8558197021484375e-03, e: 8.1961452960968018e-03
#ERR  p: [927, 63], r: 9.1018676757812500e-03, e: 8.4215402603149414e-03
#ERR  p: [900, 63], r: 8.6646080017089844e-03, e: 8.6514353752136230e-03
#ERR  p: [1368, 900], r: 1.2384094297885895e-02, e: 1.2512635439634323e-02
#ERR  p: [1053, 900], r: 1.6970217227935791e-02, e: 1.7146341502666473e-02
#ERR  p: [1449, 900], r: 1.1422682553529739e-02, e: 1.1541225016117096e-02
#ERR  p: [1701, 900], r: 8.8774748146533966e-03, e: 8.9696086943149567e-03
#ERR  p: [1503, 900], r: 1.0821647942066193e-02, e: 1.0933957993984222e-02
#ERR  p: [1323, 900], r: 1.2956362217664719e-02, e: 1.3090826570987701e-02
#ERR  p: [1494, 900], r: 1.0919004678726196e-02, e: 1.1032339185476303e-02
#ERR  p: [1395, 900], r: 1.2055668979883194e-02, e: 1.2180779129266739e-02
#ERR  p: [1512, 900], r: 1.0726358741521835e-02, e: 1.0837666690349579e-02
#ERR  p: [1674, 900], r: 9.1206207871437073e-03, e: 9.2152915894985199e-03
#ERR  p: [1566, 900], r: 1.0161973536014557e-02, e: 1.0267429053783417e-02
#ERR  p: [1107, 900], r: 1.6079105436801910e-02, e: 1.6245968639850616e-02
#ERR  p: [990, 63], r: 8.5449218750000000e-03, e: 7.9079568386077881e-03
#SDC Ite:0 KerTime:22.297557 AccTime:22.297557 KerErr:1402334 AccErr:1402334
#ABORT too many errors per iteration
#END