2016-10-21 15:10:44:sending signal using command: 'ssh -T mic0 killall -2 lavamd' after 8.91245186575s
2016-10-21 15:10:44:shell stdout: 
2016-10-21 15:10:44:sending signal using command: 'ssh -T mic0 killall -2 lavamd' after 9.15991049371s
2016-10-21 15:10:44:shell stdout: 
2016-10-21 15:10:44:sending signal using command: 'ssh -T mic0 killall -2 lavamd' after 9.34733765632s
2016-10-21 15:10:44:shell stdout: 
2016-10-21 15:10:44:Starting GDB script
2016-10-21 15:10:45:sending signal using command: 'ssh -T mic0 killall -2 lavamd' after 0.223590679298s
2016-10-21 15:10:45:shell stdout: 
2016-10-21 15:10:45:sending signal using command: 'ssh -T mic0 killall -2 lavamd' after 0.55193291904s
2016-10-21 15:10:45:shell stdout: 
2016-10-21 15:10:46:sending signal using command: 'ssh -T mic0 killall -2 lavamd' after 1.40965750764s
2016-10-21 15:10:46:shell stdout: 
2016-10-21 15:10:47:sending signal using command: 'ssh -T mic0 killall -2 lavamd' after 2.21927461328s
2016-10-21 15:10:47:shell stdout: 
2016-10-21 15:10:47:sending signal using command: 'ssh -T mic0 killall -2 lavamd' after 2.24730745594s
2016-10-21 15:10:47:shell stdout: 
2016-10-21 15:10:48:sending signal using command: 'ssh -T mic0 killall -2 lavamd' after 2.61335472723s
2016-10-21 15:10:48:shell stdout: 
2016-10-21 15:10:48:sending signal using command: 'ssh -T mic0 killall -2 lavamd' after 2.86956769852s
2016-10-21 15:10:48:shell stdout: 
2016-10-21 15:10:50:sending signal using command: 'ssh -T mic0 killall -2 lavamd' after 4.19059155925s
2016-10-21 15:10:50:shell stdout: 
2016-10-21 15:10:54:sending signal using command: 'ssh -T mic0 killall -2 lavamd' after 9.49007717419s
2016-10-21 15:10:54:shell stdout: 
2016-10-21 15:10:54:sending signal using command: 'ssh -T mic0 killall -2 lavamd' after 9.67099944231s
2016-10-21 15:10:54:shell stdout: 
2016-10-21 15:11:01:no gdbExecName running, out:
2016-10-21 15:11:01:checCmd:ps -e | grep -i gdb-mic
2016-10-21 15:11:01:finished now-timestampStart < maxWaitTime*5
2016-10-21 15:11:01:now: 1477077060
2016-10-21 15:11:01:timestampStart: 1477077044
2016-10-21 15:11:01:kill cmd: killall -9 gdb-mic
2016-10-21 15:11:01:shell stdout: 
2016-10-21 15:11:01:kill cmd: ssh -T mic0 killall -9 lavamd
2016-10-21 15:11:01:shell stdout: 
2016-10-21 15:11:01:kill cmd: ssh -T mic0 killall -9 gdbserver
2016-10-21 15:11:01:shell stdout: 
2016-10-21 15:11:02:kill cmd: ssh -T mic0 killall -9 sshd
2016-10-21 15:11:02:shell stdout: 
