[INFO -- 2017-03-04 07:35:55]
Starting GDB script
[INFO -- 2017-03-04 07:35:55]
initSignal:4.0
[INFO -- 2017-03-04 07:35:55]
endSignal:8.0
[INFO -- 2017-03-04 07:35:55]
seqSignal:30
[INFO -- 2017-03-04 07:36:00]
sending 30 signals using command: 'ssh -T mic0 killall -2 needle_check' after 4.29891434998s
[INFO -- 2017-03-04 07:36:00]
shell stdout: 
[INFO -- 2017-03-04 07:36:00]
sending 30 signals using command: 'ssh -T mic0 killall -2 needle_check' after 4.70347783881s
[INFO -- 2017-03-04 07:36:01]
shell stdout: 
[INFO -- 2017-03-04 07:36:01]
shell stdout: 
[INFO -- 2017-03-04 07:36:01]
shell stdout: 
[INFO -- 2017-03-04 07:36:01]
shell stdout: 
[INFO -- 2017-03-04 07:36:01]
shell stdout: 
[INFO -- 2017-03-04 07:36:02]
shell stdout: 
[INFO -- 2017-03-04 07:36:02]
shell stdout: 
[INFO -- 2017-03-04 07:36:02]
shell stdout: 
[INFO -- 2017-03-04 07:36:02]
shell stdout: 
[INFO -- 2017-03-04 07:36:02]
shell stdout: 
[INFO -- 2017-03-04 07:36:03]
shell stdout: 
[INFO -- 2017-03-04 07:36:03]
shell stdout: 
[INFO -- 2017-03-04 07:36:03]
sending 30 signals using command: 'ssh -T mic0 killall -2 needle_check' after 7.43982774177s
[INFO -- 2017-03-04 07:36:03]
shell stdout: 
[INFO -- 2017-03-04 07:36:03]
shell stdout: 
[INFO -- 2017-03-04 07:36:03]
shell stdout: 
[INFO -- 2017-03-04 07:36:04]
shell stdout: 
[INFO -- 2017-03-04 07:36:04]
shell stdout: 
[INFO -- 2017-03-04 07:36:04]
shell stdout: 
[INFO -- 2017-03-04 07:36:04]
shell stdout: 
[INFO -- 2017-03-04 07:36:04]
shell stdout: 
[INFO -- 2017-03-04 07:36:04]
shell stdout: 
[INFO -- 2017-03-04 07:36:04]
shell stdout: 
[INFO -- 2017-03-04 07:36:05]
shell stdout: 
[INFO -- 2017-03-04 07:36:05]
shell stdout: 
[INFO -- 2017-03-04 07:36:05]
shell stdout: 
[INFO -- 2017-03-04 07:36:05]
shell stdout: 
[INFO -- 2017-03-04 07:36:05]
shell stdout: 
[INFO -- 2017-03-04 07:36:05]
shell stdout: 
[INFO -- 2017-03-04 07:36:05]
shell stdout: 
[INFO -- 2017-03-04 07:36:05]
shell stdout: 
[INFO -- 2017-03-04 07:36:06]
shell stdout: 
[INFO -- 2017-03-04 07:36:06]
shell stdout: 
[INFO -- 2017-03-04 07:36:06]
shell stdout: 
[INFO -- 2017-03-04 07:36:06]
shell stdout: 
[INFO -- 2017-03-04 07:36:06]
shell stdout: 
[INFO -- 2017-03-04 07:36:06]
shell stdout: 
[INFO -- 2017-03-04 07:36:06]
shell stdout: 
[INFO -- 2017-03-04 07:36:07]
shell stdout: 
[INFO -- 2017-03-04 07:36:07]
shell stdout: 
[INFO -- 2017-03-04 07:36:07]
shell stdout: 
[INFO -- 2017-03-04 07:36:07]
shell stdout: 
[INFO -- 2017-03-04 07:36:07]
shell stdout: 
[INFO -- 2017-03-04 07:36:07]
shell stdout: 
[INFO -- 2017-03-04 07:36:07]
shell stdout: 
[INFO -- 2017-03-04 07:36:08]
shell stdout: 
[INFO -- 2017-03-04 07:36:08]
shell stdout: 
[INFO -- 2017-03-04 07:36:08]
shell stdout: 
[INFO -- 2017-03-04 07:36:08]
shell stdout: 
[INFO -- 2017-03-04 07:36:08]
shell stdout: 
[INFO -- 2017-03-04 07:36:08]
shell stdout: 
[INFO -- 2017-03-04 07:36:08]
shell stdout: 
[INFO -- 2017-03-04 07:36:08]
shell stdout: 
[INFO -- 2017-03-04 07:36:09]
shell stdout: 
[INFO -- 2017-03-04 07:36:09]
shell stdout: 
[INFO -- 2017-03-04 07:36:09]
shell stdout: 
[INFO -- 2017-03-04 07:36:09]
shell stdout: 
[INFO -- 2017-03-04 07:36:09]
shell stdout: 
[INFO -- 2017-03-04 07:36:09]
shell stdout: 
[INFO -- 2017-03-04 07:36:09]
shell stdout: 
[INFO -- 2017-03-04 07:36:10]
shell stdout: 
[INFO -- 2017-03-04 07:36:10]
shell stdout: 
[INFO -- 2017-03-04 07:36:10]
shell stdout: 
[INFO -- 2017-03-04 07:36:10]
shell stdout: 
[INFO -- 2017-03-04 07:36:10]
shell stdout: 
[INFO -- 2017-03-04 07:36:10]
shell stdout: 
[INFO -- 2017-03-04 07:36:10]
shell stdout: 
[INFO -- 2017-03-04 07:36:10]
shell stdout: 
[INFO -- 2017-03-04 07:36:11]
shell stdout: 
[INFO -- 2017-03-04 07:36:11]
shell stdout: 
[INFO -- 2017-03-04 07:36:11]
shell stdout: 
[INFO -- 2017-03-04 07:36:11]
shell stdout: 
[INFO -- 2017-03-04 07:36:11]
shell stdout: 
[INFO -- 2017-03-04 07:36:11]
shell stdout: 
[INFO -- 2017-03-04 07:36:11]
shell stdout: 
[INFO -- 2017-03-04 07:36:12]
shell stdout: 
[INFO -- 2017-03-04 07:36:12]
shell stdout: 
[INFO -- 2017-03-04 07:36:12]
shell stdout: 
[INFO -- 2017-03-04 07:36:12]
shell stdout: 
[INFO -- 2017-03-04 07:36:12]
shell stdout: 
[INFO -- 2017-03-04 07:36:12]
shell stdout: 
[INFO -- 2017-03-04 07:36:12]
shell stdout: 
[INFO -- 2017-03-04 07:36:13]
shell stdout: 
[INFO -- 2017-03-04 07:36:13]
shell stdout: 
[INFO -- 2017-03-04 07:36:13]
shell stdout: 
[INFO -- 2017-03-04 07:36:14]
shell stdout: 
[INFO -- 2017-03-04 07:36:14]
shell stdout: 
[INFO -- 2017-03-04 07:36:14]
shell stdout: 
[INFO -- 2017-03-04 07:36:15]
shell stdout: 
[INFO -- 2017-03-04 07:36:15]
shell stdout: 
[INFO -- 2017-03-04 07:37:20]
finished due now-timestampStart > maxWaitTime*5
[INFO -- 2017-03-04 07:37:20]
now: 1488631040
[INFO -- 2017-03-04 07:37:20]
timestampStart: 1488630955
[INFO -- 2017-03-04 07:37:20]
kill cmd: killall -9 gdb-mic
[INFO -- 2017-03-04 07:37:20]
shell stdout: 
[INFO -- 2017-03-04 07:37:21]
kill cmd: ssh -T mic0 killall -9 needle_check
[INFO -- 2017-03-04 07:37:21]
shell stdout: 
[INFO -- 2017-03-04 07:37:22]
kill cmd: ssh -T mic0 killall -9 gdbserver
[INFO -- 2017-03-04 07:37:22]
shell stdout: 
[INFO -- 2017-03-04 07:37:22]
kill cmd: ssh -T mic0 killall -9 sshd
[INFO -- 2017-03-04 07:37:22]
shell stdout: 
