2017-03-01 08:56:41:Starting flip_value script
2017-03-01 08:56:41:Initialization strings:
2017-03-01 08:56:41:(1) target extended-remote | ssh -T mic0 gdbserver --multi -
2017-03-01 08:56:41:(2) set sysroot /opt/mpss/3.7/sysroots/k1om-mpss-linux/
2017-03-01 08:56:41:(3) set sysroot /opt/mpss/3.7/sysroots/k1om-mpss-linux/
2017-03-01 08:56:41:(4) file /micNfs/gdb-fault-injection/injector/bin/hotspot/hotspot_check
2017-03-01 08:56:41:(5) set remote exec-file /micNfs/gdb-fault-injection/injector/bin/hotspot/hotspot_check
2017-03-01 08:56:41:(6) set args 1024 1024 1000 64 /micNfs/gdb-fault-injection/injector/data/hotspot/temp_1024 /micNfs/gdb-fault-injection/injector/data/hotspot/power_1024 /micNfs/gdb-fault-injection/injector/bin/hotspot/gold_1024_1000iter_64th
2017-03-01 08:56:41:initSignal:12
2017-03-01 08:56:41:endSignal:15
2017-03-01 08:56:41:seqSignal:15
2017-03-01 08:56:53:Backtrace BEGIN:
2017-03-01 08:56:54:#0  0x00007ffff714f848 in __memchr (s=s@entry=0x7ffff7fcf867, c_in=c_in@entry=10, n=<optimized out>, n@entry=255) at ../string/memchr.c:153
#1  0x00007ffff7139361 in __GI__IO_getline_info (fp=fp@entry=0x609b40, buf=buf@entry=0x7fffffffe640 "323.737274\n", n=255, delim=delim@entry=10, extract_delim=extract_delim@entry=1, eof=eof@entry=0x0) at iogetline.c:94
#2  0x00007ffff7139498 in __GI__IO_getline (fp=fp@entry=0x609b40, buf=buf@entry=0x7fffffffe640 "323.737274\n", n=<optimized out>, delim=delim@entry=10, extract_delim=extract_delim@entry=1) at iogetline.c:38
#3  0x00007ffff7138312 in _IO_fgets (buf=0x7fffffffe640 "323.737274\n", n=<optimized out>, fp=0x609b40) at iofgets.c:56
#4  0x0000000000404538 in read_input (vect=0x7ffff5ec9010, grid_rows=1024, grid_cols=1024, file=0x7fffffffee80 "/micNfs/gdb-fault-injection/injector/bin/hotspot/gold_1024_1000iter_64th") at hotspot_check.c:202
#5  0x0000000000404b00 in main (argc=8, argv=0x7fffffffebb8) at hotspot_check.c:267

2017-03-01 08:56:54:148	in ../string/memchr.c

2017-03-01 08:56:54:Backtrace END
2017-03-01 08:56:54:Type: The type is an integer type.
2017-03-01 08:56:54:Type sizeof: 4
2017-03-01 08:56:54:Mem contents(hex):0x300xea0xff0xff
2017-03-01 08:56:54:Fault Mode: Zero bit-flip
2017-03-01 08:56:54:base address to flip value: 0x7fffffffe918
2017-03-01 08:56:54:address max offset: 4
2017-03-01 08:56:54:Memory content before bitflip:0x300xea0xff0xff
2017-03-01 08:56:54:Backtrace BEGIN:
2017-03-01 08:56:54:#0  __GI_____strtof_l_internal (nptr=nptr@entry=0x7fffffffe050 "323.526825", endptr=endptr@entry=0x7fffffffe280, group=group@entry=0, loc=<optimized out>) at strtod_l.c:1402
#1  0x00007ffff7107c00 in __GI___strtof_internal (nptr=nptr@entry=0x7fffffffe050 "323.526825", endptr=endptr@entry=0x7fffffffe280, group=group@entry=0) at strtod.c:54
#2  0x00007ffff7128bec in _IO_vfscanf_internal (s=s@entry=0x7fffffffe440, format=format@entry=0x4071c8 "%f", argptr=argptr@entry=0x7fffffffe568, errp=errp@entry=0x0) at vfscanf.c:2332
#3  0x00007ffff71365ea in __GI___isoc99_vsscanf (string=0x7fffffffe640 "323.526825\n", format=0x4071c8 "%f", args=args@entry=0x7fffffffe568) at isoc99_vsscanf.c:43
#4  0x00007ffff7136569 in __isoc99_sscanf (s=<optimized out>, format=<optimized out>) at isoc99_sscanf.c:31
#5  0x0000000000404598 in read_input (vect=0x7ffff5ec9010, grid_rows=1024, grid_cols=1024, file=0x7fffffffee80 "/micNfs/gdb-fault-injection/injector/bin/hotspot/gold_1024_1000iter_64th") at hotspot_check.c:207
#6  0x0000000000404b00 in main (argc=8, argv=0x7fffffffebb8) at hotspot_check.c:267

2017-03-01 08:56:54:1397	in strtod_l.c

2017-03-01 08:56:54:Backtrace END
2017-03-01 08:56:54:Type: The type is a pointer.
2017-03-01 08:56:54:Type sizeof: 8
2017-03-01 08:56:54:Fliping a bit of the pointer
2017-03-01 08:56:54:Mem contents(hex):0x5a0xe00xff0xff0xff0x7f0x000x00
2017-03-01 08:56:54:Fault Mode: Random bit-flip
2017-03-01 08:56:54:base address to flip value: 0x7fffffffe280
2017-03-01 08:56:54:address max offset: 8
2017-03-01 08:56:54:Memory content before bitflip:0x5a0xe00xff0xff0xff0x7f0x000x00
2017-03-01 08:56:54:Backtrace BEGIN:
2017-03-01 08:56:54:#0  0x00007ffff7107f6a in round_and_return (retval=retval@entry=0x7fffffffdf68, exponent=<optimized out>, negative=negative@entry=0, round_limb=<optimized out>, round_limb@entry=6830275928172435676, round_bit=<optimized out>, more_bits=<optimized out>) at strtod_l.c:342
#1  0x00007ffff7109845 in __GI_____strtof_l_internal (nptr=nptr@entry=0x7fffffffe050 "323.370270", endptr=endptr@entry=0x7fffffffe280, group=group@entry=0, loc=<optimized out>) at strtod_l.c:1762
#2  0x00007ffff7107c00 in __GI___strtof_internal (nptr=nptr@entry=0x7fffffffe050 "323.370270", endptr=endptr@entry=0x7fffffffe280, group=group@entry=0) at strtod.c:54
#3  0x00007ffff7128bec in _IO_vfscanf_internal (s=s@entry=0x7fffffffe440, format=format@entry=0x4071c8 "%f", argptr=argptr@entry=0x7fffffffe568, errp=errp@entry=0x0) at vfscanf.c:2332
#4  0x00007ffff71365ea in __GI___isoc99_vsscanf (string=0x7fffffffe640 "323.370270\n", format=0x4071c8 "%f", args=args@entry=0x7fffffffe568) at isoc99_vsscanf.c:43
#5  0x00007ffff7136569 in __isoc99_sscanf (s=<optimized out>, format=<optimized out>) at isoc99_sscanf.c:31
#6  0x0000000000404598 in read_input (vect=0x7ffff5ec9010, grid_rows=1024, grid_cols=1024, file=0x7fffffffee80 "/micNfs/gdb-fault-injection/injector/bin/hotspot/gold_1024_1000iter_64th") at hotspot_check.c:207
#7  0x0000000000404b00 in main (argc=8, argv=0x7fffffffebb8) at hotspot_check.c:267

2017-03-01 08:56:54:337	in strtod_l.c

2017-03-01 08:56:54:Backtrace END
2017-03-01 08:56:54:Type: The type is an array.
2017-03-01 08:56:54:Type sizeof: 80
2017-03-01 08:56:54:Fliping array at pos: 4
2017-03-01 08:56:54:Type: The type is an integer type.
2017-03-01 08:56:54:Type sizeof: 8
2017-03-01 08:56:54:Mem contents(hex):0x000xf00x140x000x000x000x000x00
2017-03-01 08:56:54:Fault Mode: Double bit-flip
2017-03-01 08:56:54:base address to flip value: 0x7fffffffdf90
2017-03-01 08:56:54:address max offset: 8
2017-03-01 08:56:54:Memory content before bitflip:0x000xf00x140x000x000x000x000x00
2017-03-01 08:56:54:Memory content after  bitflip:0x050xf00x140x000x000x000x000x00
2017-03-01 08:56:54:Mem contents(hex):0x050xf00x140x000x000x000x000x00
2017-03-01 08:56:54:frame name: __GI_____strtof_l_internal
2017-03-01 08:56:54:symbol name: num
2017-03-01 08:56:54:symbol filename: strtod_l.c
2017-03-01 08:56:54:symbol line: 500
2017-03-01 08:56:54:value: {5211086981332729856, 0, 0, 140737338504317, 1372165, 140737351922963, 140737488347368, 8192, 8024, 18446744073709551612}
2017-03-01 08:56:54:value address: 0x7fffffffdf70
2017-03-01 08:56:54:Type: The type is an array.
2017-03-01 08:56:54:Type sizeof: 80
2017-03-01 08:56:54:Field name: None
2017-03-01 08:56:54:Field Type:
2017-03-01 08:56:54:Type: A range type, that is, an integer type with bounds.
2017-03-01 08:56:54:Type sizeof: 8
2017-03-01 08:56:54:Type range: (0L, 9L)
2017-03-01 08:56:54:Fault Injection Successful after 13.9563000202s
2017-03-01 08:57:08:event type: exit
2017-03-01 08:57:08:exit code: 0
