[INFO -- 2017-03-06 19:50:47]
Starting GDB script
[INFO -- 2017-03-06 19:50:47]
initSignal:7.0
[INFO -- 2017-03-06 19:50:47]
endSignal:14.0
[INFO -- 2017-03-06 19:50:47]
seqSignal:15
[INFO -- 2017-03-06 19:50:56]
sending 15 signals using command: 'ssh -T mic1 killall -2 dgemm_check' after 9.07026138135s
[INFO -- 2017-03-06 19:50:57]
shell stdout: 
[INFO -- 2017-03-06 19:50:57]
shell stdout: 
[INFO -- 2017-03-06 19:50:57]
shell stdout: 
[INFO -- 2017-03-06 19:50:58]
shell stdout: 
[INFO -- 2017-03-06 19:50:58]
sending 15 signals using command: 'ssh -T mic1 killall -2 dgemm_check' after 11.395986743s
[INFO -- 2017-03-06 19:50:58]
shell stdout: 
[INFO -- 2017-03-06 19:50:59]
shell stdout: 
[INFO -- 2017-03-06 19:50:59]
sending 15 signals using command: 'ssh -T mic1 killall -2 dgemm_check' after 11.9344584826s
[INFO -- 2017-03-06 19:50:59]
shell stdout: 
[INFO -- 2017-03-06 19:50:59]
shell stdout: 
[INFO -- 2017-03-06 19:50:59]
shell stdout: 
[INFO -- 2017-03-06 19:50:59]
shell stdout: 
[INFO -- 2017-03-06 19:50:59]
shell stdout: 
[INFO -- 2017-03-06 19:50:59]
shell stdout: 
[INFO -- 2017-03-06 19:50:59]
shell stdout: 
[INFO -- 2017-03-06 19:51:00]
shell stdout: 
[INFO -- 2017-03-06 19:51:00]
shell stdout: 
[INFO -- 2017-03-06 19:51:00]
shell stdout: 
[INFO -- 2017-03-06 19:51:00]
shell stdout: 
[INFO -- 2017-03-06 19:51:00]
shell stdout: 
[INFO -- 2017-03-06 19:51:00]
shell stdout: 
[INFO -- 2017-03-06 19:51:01]
shell stdout: 
[INFO -- 2017-03-06 19:51:01]
shell stdout: 
[INFO -- 2017-03-06 19:51:01]
shell stdout: 
[INFO -- 2017-03-06 19:51:01]
shell stdout: 
[INFO -- 2017-03-06 19:51:01]
shell stdout: 
[INFO -- 2017-03-06 19:51:01]
shell stdout: 
[INFO -- 2017-03-06 19:51:02]
shell stdout: 
[INFO -- 2017-03-06 19:51:02]
shell stdout: 
[INFO -- 2017-03-06 19:51:02]
shell stdout: 
[INFO -- 2017-03-06 19:51:02]
shell stdout: 
[INFO -- 2017-03-06 19:51:02]
shell stdout: 
[INFO -- 2017-03-06 19:51:02]
shell stdout: 
[INFO -- 2017-03-06 19:51:02]
shell stdout: 
[INFO -- 2017-03-06 19:51:03]
shell stdout: 
[INFO -- 2017-03-06 19:51:03]
shell stdout: 
[INFO -- 2017-03-06 19:51:03]
shell stdout: 
[INFO -- 2017-03-06 19:51:03]
shell stdout: 
[INFO -- 2017-03-06 19:51:03]
shell stdout: 
[INFO -- 2017-03-06 19:51:03]
shell stdout: 
[INFO -- 2017-03-06 19:51:04]
shell stdout: 
[INFO -- 2017-03-06 19:51:04]
shell stdout: 
[INFO -- 2017-03-06 19:51:04]
shell stdout: 
[INFO -- 2017-03-06 19:51:04]
shell stdout: 
[INFO -- 2017-03-06 19:51:05]
shell stdout: 
[INFO -- 2017-03-06 19:51:05]
shell stdout: 
[INFO -- 2017-03-06 19:51:05]
shell stdout: 
[INFO -- 2017-03-06 19:53:52]
no gdbExecName running, out:
[INFO -- 2017-03-06 19:53:52]
checCmd:ps -e | grep -i gdb-mic
[INFO -- 2017-03-06 19:53:52]
finished now-timestampStart < maxWaitTime*5
[INFO -- 2017-03-06 19:53:52]
now: 1488848023
[INFO -- 2017-03-06 19:53:52]
timestampStart: 1488847847
[INFO -- 2017-03-06 19:53:52]
kill cmd: killall -9 gdb-mic
[INFO -- 2017-03-06 19:53:52]
shell stdout: 
[INFO -- 2017-03-06 19:53:53]
kill cmd: ssh -T mic1 killall -9 dgemm_check
[INFO -- 2017-03-06 19:53:53]
shell stdout: 
[INFO -- 2017-03-06 19:53:53]
kill cmd: ssh -T mic1 killall -9 gdbserver
[INFO -- 2017-03-06 19:53:53]
shell stdout: 
[INFO -- 2017-03-06 19:53:53]
kill cmd: ssh -T mic1 killall -9 sshd
[INFO -- 2017-03-06 19:53:53]
shell stdout: 
