[INFO -- 2017-02-25 19:52:48]
Starting flip_value script
version: 2.0
[INFO -- 2017-02-25 19:52:48]
Initialization strings:
[INFO -- 2017-02-25 19:52:49]
(1) target extended-remote | ssh -T mic1 gdbserver --multi -
[INFO -- 2017-02-25 19:52:49]
(2) set sysroot /opt/mpss/3.7/sysroots/k1om-mpss-linux/
[INFO -- 2017-02-25 19:52:49]
(3) set sysroot /opt/mpss/3.7/sysroots/k1om-mpss-linux/
[INFO -- 2017-02-25 19:52:49]
(4) file /micNfs/gdb-fault-injection/injector/bin/hotspot/hotspot_check
[INFO -- 2017-02-25 19:52:49]
(5) set remote exec-file /micNfs/gdb-fault-injection/injector/bin/hotspot/hotspot_check
[INFO -- 2017-02-25 19:52:49]
(6) set args 1024 1024 1000 64 /micNfs/gdb-fault-injection/injector/data/hotspot/temp_1024 /micNfs/gdb-fault-injection/injector/data/hotspot/power_1024 /micNfs/gdb-fault-injection/injector/bin/hotspot/gold_1024_1000iter_64th
[INFO -- 2017-02-25 19:52:49]
initSignal:0
[INFO -- 2017-02-25 19:52:49]
endSignal:3
[INFO -- 2017-02-25 19:52:49]
seqSignal:15
[INFO -- 2017-02-25 19:52:49]
faultMode:0
[INFO -- 2017-02-25 19:52:49]
Backtrace BEGIN:
#0  0x00007ffff7136557 in __isoc99_sscanf (s=0x7fffffffe640 "328.681317\n", format=0x4071c8 "%f") at isoc99_sscanf.c:30
#1  0x0000000000404598 in read_input (vect=0x7ffff6acc010, grid_rows=1024, grid_cols=1024, file=0x7fffffffee07 "/micNfs/gdb-fault-injection/injector/data/hotspot/temp_1024") at hotspot_check.c:207
#2  0x0000000000404aae in main (argc=8, argv=0x7fffffffebb8) at hotspot_check.c:265

25	in isoc99_sscanf.c

Backtrace END
Fliping array at pos: 0
Fliping value of field: gp_offset
Memory content before bitflip:0x100x000x000x00
Fault Mode: Single bit-flip
base address to flip value: 0x7fffffffe568
address max offset: 4
Memory content after  bitflip:0x100x010x000x00
frame name: __isoc99_sscanf
symbol name: arg
symbol filename: isoc99_sscanf.c
symbol line: 27
value: {{gp_offset = 272, fp_offset = 48, overflow_arg_area = 0x7fffffffe640, reg_save_area = 0x7fffffffe580}}
value address: 0x7fffffffe568
Type: The type is an array.
Type sizeof: 24

[INFO -- 2017-02-25 19:52:49]
Fault Injection Successful after 0.998627901077s
[INFO -- 2017-02-25 19:52:50]
event type: exit
[EXCEPTION -- 2017-02-25 19:52:50]
exit code: no exit code available
