2016-10-15 03:12:29:Initialization strings:
2016-10-15 03:12:29:(1) target extended-remote | ssh -T mic0 gdbserver --multi -
2016-10-15 03:12:29:(2) set sysroot /opt/mpss/3.7/sysroots/k1om-mpss-linux/
2016-10-15 03:12:29:(3) set sysroot /opt/mpss/3.7/sysroots/k1om-mpss-linux/
2016-10-15 03:12:29:(4) file /micNfs/gdb-fault-injection-lavamd/bin/lavamd
2016-10-15 03:12:29:(5) set remote exec-file /micNfs/gdb-fault-injection-lavamd/bin/lavamd
2016-10-15 03:12:29:(6) set args 228 15 /micNfs/gdb-fault-injection-lavamd/bin/input_distance_228_15 /micNfs/gdb-fault-injection-lavamd/bin/input_charges_228_15 /micNfs/gdb-fault-injection-lavamd/bin/output_gold_228_15 1
2016-10-15 03:12:31:Trying Fault Injection
2016-10-15 03:12:31:Inferior PID: 53199
2016-10-15 03:12:31:Inferior is valid: True
2016-10-15 03:12:31:Inferior #threads: 1
2016-10-15 03:12:31:Backtrace BEGIN:
2016-10-15 03:12:31:#0  0x0000000000402810 in main (argc=7, argv=0x7fffffffec08) at main_check.c:207

2016-10-15 03:12:31:202	#endif
203	
204		for(i=0; i<dim_cpu.space_elem; i=i+1) {
205	            fv_cpu[i].v = 0;
206	            fv_cpu[i].x = 0;
207	            fv_cpu[i].y = 0;
208	            fv_cpu[i].z = 0;
209		}
210	
211	#ifdef ERR_INJ

2016-10-15 03:12:31:Backtrace END
2016-10-15 03:12:31:Thread name: None
2016-10-15 03:12:31:Thread num: 1
2016-10-15 03:12:31:Thread ptid: (53199, 53199, 0)
2016-10-15 03:12:31:bitFlip function
2016-10-15 03:12:31:Type: The type is a pointer.
2016-10-15 03:12:31:Type sizeof: 8
2016-10-15 03:12:31:Fliping a bit of the value pointed by a pointer
2016-10-15 03:12:31:bitFlip function
2016-10-15 03:12:31:Type: The type is a structure.
2016-10-15 03:12:31:Type sizeof: 32
2016-10-15 03:12:31:Fliping value of field: v
2016-10-15 03:12:31:bitFlip function
2016-10-15 03:12:31:Type: A floating point type.
2016-10-15 03:12:31:Type sizeof: 8
2016-10-15 03:12:31:Mem contents(hex):0x9a0x990x990x990x990x990xe90x3f
2016-10-15 03:12:31:base address to flip value: 0x7ffff6063010
2016-10-15 03:12:31:address max offset: 8
2016-10-15 03:12:31:Memory content before bitflip:0x9a0x990x990x990x990x990xe90x3f
2016-10-15 03:12:31:Memory content after  bitflip:0x9a0x190x990x990x990x990xe90x3f
2016-10-15 03:12:31:Mem contents(hex):0x9a0x190x990x990x990x990xe90x3f
2016-10-15 03:12:31:frame name: main
2016-10-15 03:12:31:symbol name: rv_cpu
2016-10-15 03:12:31:symbol filename: main_check.c
2016-10-15 03:12:31:symbol line: 58
2016-10-15 03:12:31:value: 0x7ffff6063010
2016-10-15 03:12:31:value address: 0x7fffffffe980
2016-10-15 03:12:31:Type: The type is a pointer.
2016-10-15 03:12:31:Type sizeof: 8
2016-10-15 03:12:31:Fault Injection Successful after 2.25201106071s
2016-10-15 03:12:31:Fault Already Injected
2016-10-15 03:12:31:Fault Already Injected
2016-10-15 03:12:33:Fault Already Injected
2016-10-15 03:12:36:Fault Already Injected
2016-10-15 03:12:36:Fault Already Injected
2016-10-15 03:12:37:Fault Already Injected
2016-10-15 03:12:37:Fault Already Injected
2016-10-15 03:12:39:Fault Already Injected
2016-10-15 03:12:40:event type: exit
2016-10-15 03:12:40:exit code: 0
