2016-10-14 09:46:39:Starting GDB script
2016-10-14 09:46:41:sending signal using command: 'ssh -T mic0 killall -2 lavamd' after 1.2138457007s
2016-10-14 09:46:41:shell stdout: 
2016-10-14 09:46:42:sending signal using command: 'ssh -T mic0 killall -2 lavamd' after 1.96789743438s
2016-10-14 09:46:42:shell stdout: 
2016-10-14 09:46:42:sending signal using command: 'ssh -T mic0 killall -2 lavamd' after 2.15291140219s
2016-10-14 09:46:42:shell stdout: 
2016-10-14 09:46:42:sending signal using command: 'ssh -T mic0 killall -2 lavamd' after 2.38964619397s
2016-10-14 09:46:42:shell stdout: 
2016-10-14 09:46:43:sending signal using command: 'ssh -T mic0 killall -2 lavamd' after 3.09458702658s
2016-10-14 09:46:43:shell stdout: 
2016-10-14 09:46:44:sending signal using command: 'ssh -T mic0 killall -2 lavamd' after 3.97796203138s
2016-10-14 09:46:44:shell stdout: 
2016-10-14 09:46:44:sending signal using command: 'ssh -T mic0 killall -2 lavamd' after 4.01502231196s
2016-10-14 09:46:44:shell stdout: 
2016-10-14 09:46:46:sending signal using command: 'ssh -T mic0 killall -2 lavamd' after 5.36823721823s
2016-10-14 09:46:46:shell stdout: 
2016-10-14 09:46:48:sending signal using command: 'ssh -T mic0 killall -2 lavamd' after 8.38331722005s
2016-10-14 09:46:48:shell stdout: 
2016-10-14 09:46:49:sending signal using command: 'ssh -T mic0 killall -2 lavamd' after 9.55366852368s
2016-10-14 09:46:49:shell stdout: 
2016-10-14 09:46:56:no gdbExecName running, out:
2016-10-14 09:46:56:checCmd:ps -e | grep -i gdb-mic
2016-10-14 09:46:56:finished now-timestampStart < maxWaitTime*5
2016-10-14 09:46:56:now: 1476452815
2016-10-14 09:46:56:timestampStart: 1476452799
2016-10-14 09:46:56:kill cmd: killall -9 gdb-mic
2016-10-14 09:46:56:shell stdout: 
2016-10-14 09:46:57:kill cmd: ssh -T mic0 killall -9 lavamd
2016-10-14 09:46:57:shell stdout: 
2016-10-14 09:46:57:kill cmd: ssh -T mic0 killall -9 gdbserver
2016-10-14 09:46:57:shell stdout: 
2016-10-14 09:46:58:kill cmd: ssh -T mic0 killall -9 sshd
2016-10-14 09:46:58:shell stdout: 
