2016-10-25 20:59:13:sending signal using command: 'ssh -T mic0 killall -2 lavamd' after 8.30852669711s
2016-10-25 20:59:13:shell stdout: 
2016-10-25 20:59:14:sending signal using command: 'ssh -T mic0 killall -2 lavamd' after 9.3324880999s
2016-10-25 20:59:14:shell stdout: 
2016-10-25 20:59:14:Starting GDB script
2016-10-25 20:59:15:sending signal using command: 'ssh -T mic0 killall -2 lavamd' after 0.877722932906s
2016-10-25 20:59:15:shell stdout: 
2016-10-25 20:59:19:sending signal using command: 'ssh -T mic0 killall -2 lavamd' after 3.49398420475s
2016-10-25 20:59:19:shell stdout: 
2016-10-25 20:59:20:sending signal using command: 'ssh -T mic0 killall -2 lavamd' after 4.8905174523s
2016-10-25 20:59:20:shell stdout: 
2016-10-25 20:59:20:sending signal using command: 'ssh -T mic0 killall -2 lavamd' after 5.29728870873s
2016-10-25 20:59:20:shell stdout: 
2016-10-25 20:59:22:sending signal using command: 'ssh -T mic0 killall -2 lavamd' after 7.44191723262s
2016-10-25 20:59:22:shell stdout: 
2016-10-25 20:59:22:sending signal using command: 'ssh -T mic0 killall -2 lavamd' after 8.13778773165s
2016-10-25 20:59:22:shell stdout: 
2016-10-25 20:59:22:sending signal using command: 'ssh -T mic0 killall -2 lavamd' after 8.26061918364s
2016-10-25 20:59:22:shell stdout: 
2016-10-25 20:59:23:sending signal using command: 'ssh -T mic0 killall -2 lavamd' after 8.58135517523s
2016-10-25 20:59:23:shell stdout: 
2016-10-25 20:59:23:sending signal using command: 'ssh -T mic0 killall -2 lavamd' after 8.74338951146s
2016-10-25 20:59:23:shell stdout: 
2016-10-25 20:59:24:sending signal using command: 'ssh -T mic0 killall -2 lavamd' after 9.73697038412s
2016-10-25 20:59:24:shell stdout: 
2016-10-25 20:59:31:no gdbExecName running, out:
2016-10-25 20:59:31:checCmd:ps -e | grep -i gdb-mic
2016-10-25 20:59:31:finished now-timestampStart < maxWaitTime*5
2016-10-25 20:59:31:now: 1477443570
2016-10-25 20:59:31:timestampStart: 1477443554
2016-10-25 20:59:31:kill cmd: killall -9 gdb-mic
2016-10-25 20:59:31:shell stdout: 
2016-10-25 20:59:31:kill cmd: ssh -T mic0 killall -9 lavamd
2016-10-25 20:59:31:shell stdout: 
2016-10-25 20:59:32:kill cmd: ssh -T mic0 killall -9 gdbserver
2016-10-25 20:59:32:shell stdout: 
2016-10-25 20:59:32:kill cmd: ssh -T mic0 killall -9 sshd
2016-10-25 20:59:32:shell stdout: 
