[INFO -- 2017-03-05 15:29:24]
Starting GDB script
[INFO -- 2017-03-05 15:29:24]
initSignal:21.0
[INFO -- 2017-03-05 15:29:24]
endSignal:28.0
[INFO -- 2017-03-05 15:29:24]
seqSignal:15
[INFO -- 2017-03-05 15:29:50]
sending 15 signals using command: 'ssh -T mic1 killall -2 dgemm_check' after 26.2967729493s
[INFO -- 2017-03-05 15:29:51]
sending 15 signals using command: 'ssh -T mic1 killall -2 dgemm_check' after 26.8446233815s
[INFO -- 2017-03-05 15:29:51]
shell stdout: 
[INFO -- 2017-03-05 15:29:51]
sending 15 signals using command: 'ssh -T mic1 killall -2 dgemm_check' after 27.1844029758s
[INFO -- 2017-03-05 15:29:51]
shell stdout: 
[INFO -- 2017-03-05 15:29:51]
shell stdout: 
[INFO -- 2017-03-05 15:29:51]
shell stdout: 
[INFO -- 2017-03-05 15:29:52]
shell stdout: 
[INFO -- 2017-03-05 15:29:52]
shell stdout: 
[INFO -- 2017-03-05 15:29:52]
shell stdout: 
[INFO -- 2017-03-05 15:29:52]
shell stdout: 
[INFO -- 2017-03-05 15:29:52]
shell stdout: 
[INFO -- 2017-03-05 15:29:52]
shell stdout: 
[INFO -- 2017-03-05 15:29:53]
shell stdout: 
[INFO -- 2017-03-05 15:29:53]
shell stdout: 
[INFO -- 2017-03-05 15:29:53]
shell stdout: 
[INFO -- 2017-03-05 15:29:53]
shell stdout: 
[INFO -- 2017-03-05 15:29:53]
shell stdout: 
[INFO -- 2017-03-05 15:29:53]
shell stdout: 
[INFO -- 2017-03-05 15:29:53]
shell stdout: 
[INFO -- 2017-03-05 15:29:54]
shell stdout: 
[INFO -- 2017-03-05 15:29:54]
shell stdout: 
[INFO -- 2017-03-05 15:29:54]
shell stdout: 
[INFO -- 2017-03-05 15:29:54]
shell stdout: 
[INFO -- 2017-03-05 15:29:54]
shell stdout: 
[INFO -- 2017-03-05 15:29:54]
shell stdout: 
[INFO -- 2017-03-05 15:29:54]
shell stdout: 
[INFO -- 2017-03-05 15:29:54]
shell stdout: 
[INFO -- 2017-03-05 15:29:55]
shell stdout: 
[INFO -- 2017-03-05 15:29:55]
shell stdout: 
[INFO -- 2017-03-05 15:29:55]
shell stdout: 
[INFO -- 2017-03-05 15:29:55]
shell stdout: 
[INFO -- 2017-03-05 15:29:55]
shell stdout: 
[INFO -- 2017-03-05 15:29:55]
shell stdout: 
[INFO -- 2017-03-05 15:29:55]
shell stdout: 
[INFO -- 2017-03-05 15:29:56]
shell stdout: 
[INFO -- 2017-03-05 15:29:56]
shell stdout: 
[INFO -- 2017-03-05 15:29:56]
shell stdout: 
[INFO -- 2017-03-05 15:29:56]
shell stdout: 
[INFO -- 2017-03-05 15:29:56]
shell stdout: 
[INFO -- 2017-03-05 15:29:56]
shell stdout: 
[INFO -- 2017-03-05 15:29:57]
shell stdout: 
[INFO -- 2017-03-05 15:29:57]
shell stdout: 
[INFO -- 2017-03-05 15:29:57]
shell stdout: 
[INFO -- 2017-03-05 15:29:57]
shell stdout: 
[INFO -- 2017-03-05 15:29:57]
shell stdout: 
[INFO -- 2017-03-05 15:29:57]
shell stdout: 
[INFO -- 2017-03-05 15:29:57]
shell stdout: 
[INFO -- 2017-03-05 15:30:26]
no gdbExecName running, out:
[INFO -- 2017-03-05 15:30:26]
checCmd:ps -e | grep -i gdb-mic
[INFO -- 2017-03-05 15:30:26]
finished now-timestampStart < maxWaitTime*5
[INFO -- 2017-03-05 15:30:26]
now: 1488745817
[INFO -- 2017-03-05 15:30:26]
timestampStart: 1488745764
[INFO -- 2017-03-05 15:30:26]
kill cmd: killall -9 gdb-mic
[INFO -- 2017-03-05 15:30:26]
shell stdout: 
[INFO -- 2017-03-05 15:30:26]
kill cmd: ssh -T mic1 killall -9 dgemm_check
[INFO -- 2017-03-05 15:30:26]
shell stdout: 
[INFO -- 2017-03-05 15:30:26]
kill cmd: ssh -T mic1 killall -9 gdbserver
[INFO -- 2017-03-05 15:30:26]
shell stdout: 
[INFO -- 2017-03-05 15:30:27]
kill cmd: ssh -T mic1 killall -9 sshd
[INFO -- 2017-03-05 15:30:27]
shell stdout: 
