[INFO -- 2017-02-26 02:25:31]
Starting GDB script
[INFO -- 2017-02-26 02:25:31]
initSignal:6.0
[INFO -- 2017-02-26 02:25:31]
endSignal:9.0
[INFO -- 2017-02-26 02:25:31]
seqSignal:15
[INFO -- 2017-02-26 02:25:37]
sending 15 signals using command: 'ssh -T mic0 killall -2 hotspot_check' after 6.17001940651s
[INFO -- 2017-02-26 02:25:37]
shell stdout: 
[INFO -- 2017-02-26 02:25:38]
sending 15 signals using command: 'ssh -T mic0 killall -2 hotspot_check' after 6.96073831327s
[INFO -- 2017-02-26 02:25:38]
shell stdout: 
[INFO -- 2017-02-26 02:25:38]
shell stdout: 
[INFO -- 2017-02-26 02:25:38]
shell stdout: 
[INFO -- 2017-02-26 02:25:39]
sending 15 signals using command: 'ssh -T mic0 killall -2 hotspot_check' after 7.73796221186s
[INFO -- 2017-02-26 02:25:39]
shell stdout: 
[INFO -- 2017-02-26 02:25:39]
shell stdout: 
[INFO -- 2017-02-26 02:25:39]
shell stdout: 
[INFO -- 2017-02-26 02:25:39]
shell stdout: 
[INFO -- 2017-02-26 02:25:39]
shell stdout: 
[INFO -- 2017-02-26 02:25:40]
shell stdout: 
[INFO -- 2017-02-26 02:25:40]
shell stdout: 
[INFO -- 2017-02-26 02:25:40]
shell stdout: 
[INFO -- 2017-02-26 02:25:40]
shell stdout: 
[INFO -- 2017-02-26 02:25:40]
shell stdout: 
[INFO -- 2017-02-26 02:25:40]
shell stdout: 
[INFO -- 2017-02-26 02:25:40]
shell stdout: 
[INFO -- 2017-02-26 02:25:40]
shell stdout: 
[INFO -- 2017-02-26 02:25:40]
shell stdout: 
[INFO -- 2017-02-26 02:25:41]
shell stdout: 
[INFO -- 2017-02-26 02:25:41]
shell stdout: 
[INFO -- 2017-02-26 02:25:41]
shell stdout: 
[INFO -- 2017-02-26 02:25:41]
shell stdout: 
[INFO -- 2017-02-26 02:25:41]
shell stdout: 
[INFO -- 2017-02-26 02:25:41]
shell stdout: 
[INFO -- 2017-02-26 02:25:42]
shell stdout: 
[INFO -- 2017-02-26 02:25:42]
shell stdout: 
[INFO -- 2017-02-26 02:25:42]
shell stdout: 
[INFO -- 2017-02-26 02:25:42]
shell stdout: 
[INFO -- 2017-02-26 02:25:42]
shell stdout: 
[INFO -- 2017-02-26 02:25:42]
shell stdout: 
[INFO -- 2017-02-26 02:25:42]
shell stdout: 
[INFO -- 2017-02-26 02:25:43]
shell stdout: 
[INFO -- 2017-02-26 02:25:43]
shell stdout: 
[INFO -- 2017-02-26 02:25:43]
shell stdout: 
[INFO -- 2017-02-26 02:25:43]
shell stdout: 
[INFO -- 2017-02-26 02:25:43]
shell stdout: 
[INFO -- 2017-02-26 02:25:43]
shell stdout: 
[INFO -- 2017-02-26 02:25:43]
shell stdout: 
[INFO -- 2017-02-26 02:25:43]
shell stdout: 
[INFO -- 2017-02-26 02:25:44]
shell stdout: 
[INFO -- 2017-02-26 02:25:44]
shell stdout: 
[INFO -- 2017-02-26 02:25:44]
shell stdout: 
[INFO -- 2017-02-26 02:25:44]
shell stdout: 
[INFO -- 2017-02-26 02:25:45]
shell stdout: 
[INFO -- 2017-02-26 02:25:45]
shell stdout: 
[INFO -- 2017-02-26 02:26:01]
no gdbExecName running, out:
[INFO -- 2017-02-26 02:26:01]
checCmd:ps -e | grep -i gdb-mic
[INFO -- 2017-02-26 02:26:01]
finished now-timestampStart < maxWaitTime*5
[INFO -- 2017-02-26 02:26:01]
now: 1488093960
[INFO -- 2017-02-26 02:26:01]
timestampStart: 1488093931
[INFO -- 2017-02-26 02:26:02]
kill cmd: killall -9 gdb-mic
[INFO -- 2017-02-26 02:26:02]
shell stdout: 
[INFO -- 2017-02-26 02:26:02]
kill cmd: ssh -T mic0 killall -9 hotspot_check
[INFO -- 2017-02-26 02:26:02]
shell stdout: 
[INFO -- 2017-02-26 02:26:02]
kill cmd: ssh -T mic0 killall -9 gdbserver
[INFO -- 2017-02-26 02:26:02]
shell stdout: 
[INFO -- 2017-02-26 02:26:03]
kill cmd: ssh -T mic0 killall -9 sshd
[INFO -- 2017-02-26 02:26:03]
shell stdout: 
