2016-10-13 02:39:33:Starting GDB script
2016-10-13 02:39:36:sending signal using command: 'ssh -T mic0 killall -2 hotspot_check' after 2.73317127624s
2016-10-13 02:39:36:shell stdout: 
2016-10-13 02:39:36:sending signal using command: 'ssh -T mic0 killall -2 hotspot_check' after 3.05940987572s
2016-10-13 02:39:36:shell stdout: 
2016-10-13 02:39:38:sending signal using command: 'ssh -T mic0 killall -2 hotspot_check' after 4.31649483451s
2016-10-13 02:39:38:shell stdout: 
2016-10-13 02:39:40:sending signal using command: 'ssh -T mic0 killall -2 hotspot_check' after 6.88188031539s
2016-10-13 02:39:40:shell stdout: 
2016-10-13 02:39:41:sending signal using command: 'ssh -T mic0 killall -2 hotspot_check' after 7.45161209769s
2016-10-13 02:39:41:shell stdout: 
2016-10-13 02:39:43:sending signal using command: 'ssh -T mic0 killall -2 hotspot_check' after 10.1319527791s
2016-10-13 02:39:43:shell stdout: 
2016-10-13 02:39:45:sending signal using command: 'ssh -T mic0 killall -2 hotspot_check' after 12.0312404847s
2016-10-13 02:39:45:shell stdout: 
2016-10-13 02:39:45:sending signal using command: 'ssh -T mic0 killall -2 hotspot_check' after 12.2241933341s
2016-10-13 02:39:45:shell stdout: 
2016-10-13 02:39:48:sending signal using command: 'ssh -T mic0 killall -2 hotspot_check' after 14.4155387864s
2016-10-13 02:39:48:shell stdout: 
2016-10-13 02:39:48:sending signal using command: 'ssh -T mic0 killall -2 hotspot_check' after 14.6277148853s
2016-10-13 02:39:48:shell stdout: 
2016-10-13 02:39:54:no gdbExecName running, out:
2016-10-13 02:39:54:checCmd:ps -e | grep -i gdb-mic
2016-10-13 02:39:54:finished now-timestampStart < maxWaitTime*5
2016-10-13 02:39:54:now: 1476340793
2016-10-13 02:39:54:timestampStart: 1476340773
2016-10-13 02:39:54:kill cmd: killall -9 gdb-mic
2016-10-13 02:39:54:shell stdout: 
2016-10-13 02:39:55:kill cmd: ssh -T mic0 killall -9 hotspot_check
2016-10-13 02:39:55:shell stdout: 
2016-10-13 02:39:55:kill cmd: ssh -T mic0 killall -9 gdbserver
2016-10-13 02:39:55:shell stdout: 
