[INFO -- 2017-03-04 22:07:18]
shell stdout: 
[INFO -- 2017-03-04 22:07:19]
shell stdout: 
[INFO -- 2017-03-04 22:07:19]
shell stdout: 
[INFO -- 2017-03-04 22:07:19]
shell stdout: 
[INFO -- 2017-03-04 22:07:19]
shell stdout: 
[INFO -- 2017-03-04 22:07:19]
shell stdout: 
[INFO -- 2017-03-04 22:07:19]
shell stdout: 
[INFO -- 2017-03-04 22:07:19]
shell stdout: 
[INFO -- 2017-03-04 22:07:19]
shell stdout: 
[INFO -- 2017-03-04 22:07:20]
shell stdout: 
[INFO -- 2017-03-04 22:07:20]
shell stdout: 
[INFO -- 2017-03-04 22:07:20]
shell stdout: 
[INFO -- 2017-03-04 22:07:20]
shell stdout: 
[INFO -- 2017-03-04 22:07:21]
shell stdout: 
[INFO -- 2017-03-04 22:07:21]
shell stdout: 
[INFO -- 2017-03-04 22:07:21]
shell stdout: 
[INFO -- 2017-03-04 22:07:21]
shell stdout: 
[INFO -- 2017-03-04 22:07:21]
shell stdout: 
[INFO -- 2017-03-04 22:07:21]
shell stdout: 
[INFO -- 2017-03-04 22:07:21]
shell stdout: 
[INFO -- 2017-03-04 22:07:21]
shell stdout: 
[INFO -- 2017-03-04 22:07:22]
shell stdout: 
[INFO -- 2017-03-04 22:07:22]
shell stdout: 
[INFO -- 2017-03-04 22:07:22]
shell stdout: 
[INFO -- 2017-03-04 22:07:22]
shell stdout: 
[INFO -- 2017-03-04 22:07:22]
shell stdout: 
[INFO -- 2017-03-04 22:07:22]
shell stdout: 
[INFO -- 2017-03-04 22:07:22]
shell stdout: 
[INFO -- 2017-03-04 22:07:23]
shell stdout: 
[INFO -- 2017-03-04 22:07:23]
shell stdout: 
[INFO -- 2017-03-04 22:07:23]
shell stdout: 
[INFO -- 2017-03-04 22:07:23]
shell stdout: 
[INFO -- 2017-03-04 22:07:23]
shell stdout: 
[INFO -- 2017-03-04 22:07:23]
shell stdout: 
[INFO -- 2017-03-04 22:07:24]
shell stdout: 
[INFO -- 2017-03-04 22:07:24]
shell stdout: 
[INFO -- 2017-03-04 22:07:24]
shell stdout: 
[INFO -- 2017-03-04 22:07:25]
shell stdout: 
[INFO -- 2017-03-04 22:07:25]
Starting GDB script
[INFO -- 2017-03-04 22:07:25]
initSignal:0.0
[INFO -- 2017-03-04 22:07:25]
endSignal:4.0
[INFO -- 2017-03-04 22:07:25]
seqSignal:30
[INFO -- 2017-03-04 22:07:25]
sending 30 signals using command: 'ssh -T mic0 killall -2 needle_check' after 0.251056210567s
[INFO -- 2017-03-04 22:07:25]
shell stdout: 
[INFO -- 2017-03-04 22:07:26]
shell stdout: 
[INFO -- 2017-03-04 22:07:26]
shell stdout: 
[INFO -- 2017-03-04 22:07:27]
shell stdout: 
[INFO -- 2017-03-04 22:07:27]
sending 30 signals using command: 'ssh -T mic0 killall -2 needle_check' after 2.07263264338s
[INFO -- 2017-03-04 22:07:27]
sending 30 signals using command: 'ssh -T mic0 killall -2 needle_check' after 2.16066377941s
[INFO -- 2017-03-04 22:07:27]
shell stdout: 
[INFO -- 2017-03-04 22:07:27]
shell stdout: 
[INFO -- 2017-03-04 22:07:27]
shell stdout: 
[INFO -- 2017-03-04 22:07:27]
shell stdout: 
[INFO -- 2017-03-04 22:07:28]
shell stdout: 
[INFO -- 2017-03-04 22:07:28]
shell stdout: 
[INFO -- 2017-03-04 22:07:28]
shell stdout: 
[INFO -- 2017-03-04 22:07:28]
shell stdout: 
[INFO -- 2017-03-04 22:07:29]
shell stdout: 
[INFO -- 2017-03-04 22:07:29]
shell stdout: 
[INFO -- 2017-03-04 22:07:29]
shell stdout: 
[INFO -- 2017-03-04 22:07:29]
shell stdout: 
[INFO -- 2017-03-04 22:07:29]
shell stdout: 
[INFO -- 2017-03-04 22:07:29]
shell stdout: 
[INFO -- 2017-03-04 22:07:30]
shell stdout: 
[INFO -- 2017-03-04 22:07:30]
shell stdout: 
[INFO -- 2017-03-04 22:07:30]
shell stdout: 
[INFO -- 2017-03-04 22:07:30]
shell stdout: 
[INFO -- 2017-03-04 22:07:30]
shell stdout: 
[INFO -- 2017-03-04 22:07:30]
shell stdout: 
[INFO -- 2017-03-04 22:07:30]
shell stdout: 
[INFO -- 2017-03-04 22:07:31]
shell stdout: 
[INFO -- 2017-03-04 22:07:31]
shell stdout: 
[INFO -- 2017-03-04 22:07:31]
shell stdout: 
[INFO -- 2017-03-04 22:07:31]
shell stdout: 
[INFO -- 2017-03-04 22:07:31]
shell stdout: 
[INFO -- 2017-03-04 22:07:32]
shell stdout: 
[INFO -- 2017-03-04 22:07:32]
shell stdout: 
[INFO -- 2017-03-04 22:07:32]
shell stdout: 
[INFO -- 2017-03-04 22:07:32]
shell stdout: 
[INFO -- 2017-03-04 22:07:32]
shell stdout: 
[INFO -- 2017-03-04 22:07:32]
shell stdout: 
[INFO -- 2017-03-04 22:07:32]
shell stdout: 
[INFO -- 2017-03-04 22:07:32]
shell stdout: 
[INFO -- 2017-03-04 22:07:33]
shell stdout: 
[INFO -- 2017-03-04 22:07:33]
shell stdout: 
[INFO -- 2017-03-04 22:07:33]
shell stdout: 
[INFO -- 2017-03-04 22:07:33]
shell stdout: 
[INFO -- 2017-03-04 22:07:33]
shell stdout: 
[INFO -- 2017-03-04 22:07:33]
shell stdout: 
[INFO -- 2017-03-04 22:07:33]
shell stdout: 
[INFO -- 2017-03-04 22:07:34]
shell stdout: 
[INFO -- 2017-03-04 22:07:34]
shell stdout: 
[INFO -- 2017-03-04 22:07:34]
shell stdout: 
[INFO -- 2017-03-04 22:07:34]
shell stdout: 
[INFO -- 2017-03-04 22:07:34]
shell stdout: 
[INFO -- 2017-03-04 22:07:34]
shell stdout: 
[INFO -- 2017-03-04 22:07:35]
shell stdout: 
[INFO -- 2017-03-04 22:07:35]
shell stdout: 
[INFO -- 2017-03-04 22:07:35]
shell stdout: 
[INFO -- 2017-03-04 22:07:35]
shell stdout: 
[INFO -- 2017-03-04 22:07:35]
shell stdout: 
[INFO -- 2017-03-04 22:07:35]
shell stdout: 
[INFO -- 2017-03-04 22:07:36]
shell stdout: 
[INFO -- 2017-03-04 22:07:36]
shell stdout: 
[INFO -- 2017-03-04 22:07:36]
shell stdout: 
[INFO -- 2017-03-04 22:07:36]
shell stdout: 
[INFO -- 2017-03-04 22:07:36]
shell stdout: 
[INFO -- 2017-03-04 22:07:36]
shell stdout: 
[INFO -- 2017-03-04 22:07:37]
shell stdout: 
[INFO -- 2017-03-04 22:07:37]
shell stdout: 
[INFO -- 2017-03-04 22:07:37]
shell stdout: 
[INFO -- 2017-03-04 22:07:37]
shell stdout: 
[INFO -- 2017-03-04 22:07:37]
shell stdout: 
[INFO -- 2017-03-04 22:07:37]
shell stdout: 
[INFO -- 2017-03-04 22:07:37]
shell stdout: 
[INFO -- 2017-03-04 22:07:38]
shell stdout: 
[INFO -- 2017-03-04 22:07:38]
shell stdout: 
[INFO -- 2017-03-04 22:07:38]
shell stdout: 
[INFO -- 2017-03-04 22:07:38]
shell stdout: 
[INFO -- 2017-03-04 22:07:38]
shell stdout: 
[INFO -- 2017-03-04 22:07:38]
shell stdout: 
[INFO -- 2017-03-04 22:07:38]
shell stdout: 
[INFO -- 2017-03-04 22:07:38]
shell stdout: 
[INFO -- 2017-03-04 22:07:39]
shell stdout: 
[INFO -- 2017-03-04 22:07:39]
shell stdout: 
[INFO -- 2017-03-04 22:07:39]
shell stdout: 
[INFO -- 2017-03-04 22:07:39]
shell stdout: 
[INFO -- 2017-03-04 22:07:39]
shell stdout: 
[INFO -- 2017-03-04 22:07:40]
shell stdout: 
[INFO -- 2017-03-04 22:07:40]
shell stdout: 
[INFO -- 2017-03-04 22:07:40]
shell stdout: 
[INFO -- 2017-03-04 22:07:40]
shell stdout: 
[INFO -- 2017-03-04 22:07:41]
shell stdout: 
[INFO -- 2017-03-04 22:07:41]
shell stdout: 
[INFO -- 2017-03-04 22:07:41]
shell stdout: 
[INFO -- 2017-03-04 22:08:46]
no gdbExecName running, out:
[INFO -- 2017-03-04 22:08:46]
checCmd:ps -e | grep -i gdb-mic
[INFO -- 2017-03-04 22:08:46]
finished now-timestampStart < maxWaitTime*5
[INFO -- 2017-03-04 22:08:46]
now: 1488683324
[INFO -- 2017-03-04 22:08:46]
timestampStart: 1488683245
[INFO -- 2017-03-04 22:08:46]
kill cmd: killall -9 gdb-mic
[INFO -- 2017-03-04 22:08:46]
shell stdout: 
[INFO -- 2017-03-04 22:08:46]
kill cmd: ssh -T mic0 killall -9 needle_check
[INFO -- 2017-03-04 22:08:46]
shell stdout: 
[INFO -- 2017-03-04 22:08:47]
kill cmd: ssh -T mic0 killall -9 gdbserver
[INFO -- 2017-03-04 22:08:47]
shell stdout: 
[INFO -- 2017-03-04 22:08:47]
kill cmd: ssh -T mic0 killall -9 sshd
[INFO -- 2017-03-04 22:08:47]
shell stdout: 
