[INFO -- 2017-02-25 21:36:57]
Starting GDB script
[INFO -- 2017-02-25 21:36:57]
initSignal:6.0
[INFO -- 2017-02-25 21:36:57]
endSignal:9.0
[INFO -- 2017-02-25 21:36:57]
seqSignal:15
[INFO -- 2017-02-25 21:37:04]
sending 15 signals using command: 'ssh -T mic0 killall -2 hotspot_check' after 6.10775379658s
[INFO -- 2017-02-25 21:37:04]
sending 15 signals using command: 'ssh -T mic0 killall -2 hotspot_check' after 6.41302979203s
[INFO -- 2017-02-25 21:37:04]
shell stdout: 
[INFO -- 2017-02-25 21:37:04]
sending 15 signals using command: 'ssh -T mic0 killall -2 hotspot_check' after 6.49642816654s
[INFO -- 2017-02-25 21:37:04]
shell stdout: 
[INFO -- 2017-02-25 21:37:04]
shell stdout: 
[INFO -- 2017-02-25 21:37:04]
shell stdout: 
[INFO -- 2017-02-25 21:37:05]
shell stdout: 
[INFO -- 2017-02-25 21:37:05]
shell stdout: 
[INFO -- 2017-02-25 21:37:05]
shell stdout: 
[INFO -- 2017-02-25 21:37:05]
shell stdout: 
[INFO -- 2017-02-25 21:37:05]
shell stdout: 
[INFO -- 2017-02-25 21:37:05]
shell stdout: 
[INFO -- 2017-02-25 21:37:06]
shell stdout: 
[INFO -- 2017-02-25 21:37:06]
shell stdout: 
[INFO -- 2017-02-25 21:37:06]
shell stdout: 
[INFO -- 2017-02-25 21:37:06]
shell stdout: 
[INFO -- 2017-02-25 21:37:06]
shell stdout: 
[INFO -- 2017-02-25 21:37:06]
shell stdout: 
[INFO -- 2017-02-25 21:37:06]
shell stdout: 
[INFO -- 2017-02-25 21:37:07]
shell stdout: 
[INFO -- 2017-02-25 21:37:07]
shell stdout: 
[INFO -- 2017-02-25 21:37:07]
shell stdout: 
[INFO -- 2017-02-25 21:37:07]
shell stdout: 
[INFO -- 2017-02-25 21:37:07]
shell stdout: 
[INFO -- 2017-02-25 21:37:07]
shell stdout: 
[INFO -- 2017-02-25 21:37:07]
shell stdout: 
[INFO -- 2017-02-25 21:37:07]
shell stdout: 
[INFO -- 2017-02-25 21:37:08]
shell stdout: 
[INFO -- 2017-02-25 21:37:08]
shell stdout: 
[INFO -- 2017-02-25 21:37:08]
shell stdout: 
[INFO -- 2017-02-25 21:37:08]
shell stdout: 
[INFO -- 2017-02-25 21:37:08]
shell stdout: 
[INFO -- 2017-02-25 21:37:08]
shell stdout: 
[INFO -- 2017-02-25 21:37:08]
shell stdout: 
[INFO -- 2017-02-25 21:37:09]
shell stdout: 
[INFO -- 2017-02-25 21:37:09]
shell stdout: 
[INFO -- 2017-02-25 21:37:09]
shell stdout: 
[INFO -- 2017-02-25 21:37:09]
shell stdout: 
[INFO -- 2017-02-25 21:37:09]
shell stdout: 
[INFO -- 2017-02-25 21:37:09]
shell stdout: 
[INFO -- 2017-02-25 21:37:09]
shell stdout: 
[INFO -- 2017-02-25 21:37:09]
shell stdout: 
[INFO -- 2017-02-25 21:37:10]
shell stdout: 
[INFO -- 2017-02-25 21:37:10]
shell stdout: 
[INFO -- 2017-02-25 21:37:10]
shell stdout: 
[INFO -- 2017-02-25 21:37:10]
shell stdout: 
[INFO -- 2017-02-25 21:37:10]
shell stdout: 
[INFO -- 2017-02-25 21:37:39]
no gdbExecName running, out:
[INFO -- 2017-02-25 21:37:39]
checCmd:ps -e | grep -i gdb-mic
[INFO -- 2017-02-25 21:37:39]
finished now-timestampStart < maxWaitTime*5
[INFO -- 2017-02-25 21:37:39]
now: 1488076657
[INFO -- 2017-02-25 21:37:39]
timestampStart: 1488076617
[INFO -- 2017-02-25 21:37:39]
kill cmd: killall -9 gdb-mic
[INFO -- 2017-02-25 21:37:39]
shell stdout: 
[INFO -- 2017-02-25 21:37:39]
kill cmd: ssh -T mic0 killall -9 hotspot_check
[INFO -- 2017-02-25 21:37:39]
shell stdout: 
[INFO -- 2017-02-25 21:37:40]
kill cmd: ssh -T mic0 killall -9 gdbserver
[INFO -- 2017-02-25 21:37:40]
shell stdout: 
[INFO -- 2017-02-25 21:37:40]
kill cmd: ssh -T mic0 killall -9 sshd
[INFO -- 2017-02-25 21:37:40]
shell stdout: 
