#HEADER matrix_dim:2048 threads:228
#BEGIN Y:2017 M:01 D:25 Time:03:16:57
#IT Ite:0 KerTime:16.166380 AccTime:16.166380
#ERR  p: [2032, 1756], r: 1.5165552496910095e-02, e: 1.5160158276557922e-02
#ERR  p: [2024, 1756], r: 1.5291407704353333e-02, e: 1.5284597873687744e-02
#ERR  p: [1719, 1756], r: 9.6426492929458618e-01, e: 9.6391963958740234e-01
#ERR  p: [1712, 1756], r: 3.3100924491882324e+00, e: 9.5710068941116333e-01
#ERR  p: [1773, 1756], r: 1.9654318690299988e-02, e: 1.9649639725685120e-02
#ERR  p: [1728, 1756], r: -1.3423993587493896e+00, e: 9.7218620777130127e-01
#ERR  p: [1764, 1756], r: 1.9821524620056152e-02, e: 1.9823804497718811e-02
#ERR  p: [1737, 1756], r: 9.8124867677688599e-01, e: 9.8097431659698486e-01
#ERR  p: [1746, 1756], r: 9.9126982688903809e-01, e: 9.8986911773681641e-01
#ERR  p: [1755, 1756], r: 9.9792462587356567e-01, e: 9.9879312515258789e-01
#ERR  p: [1782, 1756], r: 1.9482925534248352e-02, e: 1.9473925232887268e-02
#ERR  p: [1791, 1756], r: 1.9302263855934143e-02, e: 1.9295826554298401e-02
#ERR  p: [1827, 1756], r: 1.8613070249557495e-02, e: 1.8615484237670898e-02
#ERR  p: [1800, 1756], r: 1.9145146012306213e-02, e: 1.9121840596199036e-02
#ERR  p: [1809, 1756], r: 1.8953785300254822e-02, e: 1.8954902887344360e-02
#ERR  p: [1845, 1756], r: 1.8273681402206421e-02, e: 1.8278703093528748e-02
#ERR  p: [1818, 1756], r: 1.8781721591949463e-02, e: 1.8779724836349487e-02
#ERR  p: [1836, 1756], r: 1.8472552299499512e-02, e: 1.8444299697875977e-02
#ERR  p: [1854, 1756], r: 1.8113672733306885e-02, e: 1.8115192651748657e-02
#ERR  p: [1863, 1756], r: 1.7966702580451965e-02, e: 1.7954811453819275e-02
#ERR  p: [1719, 1757], r: 9.6278089284896851e-01, e: 9.6278387308120728e-01
#ERR  p: [2032, 1757], r: 1.5166923403739929e-02, e: 1.5177547931671143e-02
#ERR  p: [1926, 1756], r: 1.6868755221366882e-02, e: 1.6858249902725220e-02
#ERR  p: [1971, 1756], r: 1.6122147440910339e-02, e: 1.6115829348564148e-02
#ERR  p: [1989, 1756], r: 1.5838056802749634e-02, e: 1.5828236937522888e-02
#ERR  p: [1872, 1756], r: 1.7810896039009094e-02, e: 1.7795503139495850e-02
#ERR  p: [1890, 1756], r: 1.7494261264801025e-02, e: 1.7477095127105713e-02
#ERR  p: [1881, 1756], r: 1.7639905214309692e-02, e: 1.7634898424148560e-02
#ERR  p: [1962, 1756], r: 1.6266584396362305e-02, e: 1.6258448362350464e-02
#ERR  p: [1917, 1756], r: 1.7025783658027649e-02, e: 1.7009854316711426e-02
#ERR  p: [1899, 1756], r: 1.7332583665847778e-02, e: 1.7323762178421021e-02
#ERR  p: [1908, 1756], r: 1.7164126038551331e-02, e: 1.7159968614578247e-02
#ERR  p: [1944, 1756], r: 1.6563668847084045e-02, e: 1.6558021306991577e-02
#ERR  p: [1953, 1756], r: 1.6410335898399353e-02, e: 1.6410559415817261e-02
#ERR  p: [1998, 1756], r: 1.5690073370933533e-02, e: 1.5689000487327576e-02
#ERR  p: [1935, 1756], r: 1.6714289784431458e-02, e: 1.6708523035049438e-02
#ERR  p: [2007, 1756], r: 1.5558525919914246e-02, e: 1.5544652938842773e-02
#ERR  p: [2040, 1756], r: 1.5056550502777100e-02, e: 1.5044227242469788e-02
#ERR  p: [2016, 1756], r: 1.5416398644447327e-02, e: 1.5409678220748901e-02
#ERR  p: [1980, 1756], r: 1.5991672873497009e-02, e: 1.5973597764968872e-02
#ERR  p: [1712, 1757], r: 9.5368325710296631e-01, e: 9.5602220296859741e-01
#ERR  p: [2024, 1757], r: 1.5287950634956360e-02, e: 1.5300020575523376e-02
#ERR  p: [1728, 1757], r: 9.7350871562957764e-01, e: 9.7121858596801758e-01
#ERR  p: [1773, 1757], r: 1.9645065069198608e-02, e: 1.9656419754028320e-02
#ERR  p: [1719, 1758], r: 9.6193742752075195e-01, e: 9.6189266443252563e-01
#ERR  p: [1737, 1757], r: 9.7975212335586548e-01, e: 9.7975361347198486e-01
#ERR  p: [1746, 1758], r: 9.8802220821380615e-01, e: 9.8802071809768677e-01
#ERR  p: [1755, 1757], r: 9.9785035848617554e-01, e: 9.9784886837005615e-01
#ERR  p: [1764, 1757], r: 1.9838273525238037e-02, e: 1.9842803478240967e-02
#ERR  p: [1818, 1757], r: 1.8790766596794128e-02, e: 1.8799155950546265e-02
#ERR  p: [1827, 1757], r: 1.8627122044563293e-02, e: 1.8631100654602051e-02
#ERR  p: [1782, 1757], r: 1.9467234611511230e-02, e: 1.9482955336570740e-02
#ERR  p: [1845, 1757], r: 1.8294245004653931e-02, e: 1.8295437097549438e-02
#ERR  p: [1800, 1757], r: 1.9108727574348450e-02, e: 1.9138634204864502e-02
#ERR  p: [1791, 1757], r: 1.9297733902931213e-02, e: 1.9310817122459412e-02
#ERR  p: [1809, 1757], r: 1.8963083624839783e-02, e: 1.8968433141708374e-02
#ERR  p: [1926, 1757], r: 1.6853973269462585e-02, e: 1.6870230436325073e-02
#ERR  p: [1962, 1757], r: 1.6264453530311584e-02, e: 1.6278132796287537e-02
#ERR  p: [1836, 1757], r: 1.8422931432723999e-02, e: 1.8457397818565369e-02
#ERR  p: [1854, 1757], r: 1.8127724528312683e-02, e: 1.8132388591766357e-02
#ERR  p: [1728, 1758], r: 9.7265738248825073e-01, e: 9.7032254934310913e-01
#ERR  p: [1712, 1758], r: 9.5276737213134766e-01, e: 9.5510631799697876e-01
#ERR  p: [1917, 1757], r: 1.7000973224639893e-02, e: 1.7022669315338135e-02
#ERR  p: [1899, 1757], r: 1.7318263649940491e-02, e: 1.7333030700683594e-02
#ERR  p: [1890, 1757], r: 1.7469286918640137e-02, e: 1.7492353916168213e-02
#ERR  p: [1908, 1757], r: 1.7167434096336365e-02, e: 1.7177462577819824e-02
#ERR  p: [2040, 1757], r: 1.5036061406135559e-02, e: 1.5053525567054749e-02
#ERR  p: [2024, 1758], r: 1.5309989452362061e-02, e: 1.5309944748878479e-02
#ERR  p: [2016, 1757], r: 1.5409216284751892e-02, e: 1.5421241521835327e-02
#ERR  p: [1863, 1757], r: 1.7950296401977539e-02, e: 1.7968326807022095e-02
#ERR  p: [1872, 1757], r: 1.7783790826797485e-02, e: 1.7805233597755432e-02
#ERR  p: [1773, 1759], r: 1.9703984260559082e-02, e: 1.9704133272171021e-02
#ERR  p: [1971, 1757], r: 1.6117677092552185e-02, e: 1.6129478812217712e-02
#ERR  p: [1881, 1757], r: 1.7636343836784363e-02, e: 1.7647385597229004e-02
#ERR  p: [2032, 1758], r: 1.5187770128250122e-02, e: 1.5187829732894897e-02
#ERR  p: [1989, 1757], r: 1.5829056501388550e-02, e: 1.5844315290451050e-02
#ERR  p: [1944, 1757], r: 1.6559883952140808e-02, e: 1.6571179032325745e-02
#ERR  p: [1935, 1757], r: 1.6708135604858398e-02, e: 1.6719609498977661e-02
#ERR  p: [1953, 1757], r: 1.6417071223258972e-02, e: 1.6422450542449951e-02
#ERR  p: [1980, 1757], r: 1.5960395336151123e-02, e: 1.5983924269676208e-02
#ERR  p: [2007, 1757], r: 1.5542596578598022e-02, e: 1.5561804175376892e-02
#ERR  p: [1998, 1757], r: 1.5695571899414062e-02, e: 1.5702083706855774e-02
#ERR  p: [1719, 1759], r: 9.6065920591354370e-01, e: 9.6070986986160278e-01
#ERR  p: [1737, 1758], r: 9.7926443815231323e-01, e: 9.7926813364028931e-01
#ERR  p: [1746, 1759], r: 9.8711174726486206e-01, e: 9.8711025714874268e-01
#ERR  p: [1764, 1758], r: 1.9852191209793091e-02, e: 1.9852161407470703e-02
#ERR  p: [1755, 1758], r: 9.9673551321029663e-01, e: 9.9673175811767578e-01
#ERR  p: [1818, 1759], r: 1.8829971551895142e-02, e: 1.8830060958862305e-02
#ERR  p: [1719, 1760], r: 9.5967251062393188e-01, e: 9.6000814437866211e-01
#ERR  p: [1773, 1760], r: 1.9724875688552856e-02, e: 1.9724905490875244e-02
#ERR  p: [1712, 1759], r: 9.5177239179611206e-01, e: 9.5415914058685303e-01
#ERR  p: [1728, 1759], r: 9.7145718336105347e-01, e: 9.6916705369949341e-01
#ERR  p: [1782, 1758], r: 1.9507348537445068e-02, e: 1.9507229328155518e-02
#ERR  p: [1791, 1758], r: 1.9326329231262207e-02, e: 1.9326239824295044e-02
#ERR  p: [1800, 1758], r: 1.9155919551849365e-02, e: 1.9155830144882202e-02
#ERR  p: [1809, 1758], r: 1.8981009721755981e-02, e: 1.8981069326400757e-02
#ERR  p: [1827, 1758], r: 1.8647760152816772e-02, e: 1.8647730350494385e-02
#ERR  p: [1836, 1758], r: 1.8482148647308350e-02, e: 1.8482267856597900e-02
#ERR  p: [1854, 1760], r: 1.8195211887359619e-02, e: 1.8189430236816406e-02
#ERR  p: [1845, 1758], r: 1.8314719200134277e-02, e: 1.8314629793167114e-02
#ERR  p: [1863, 1758], r: 1.7984509468078613e-02, e: 1.7984479665756226e-02
#ERR  p: [1881, 1758], r: 1.7663910984992981e-02, e: 1.7663866281509399e-02
#ERR  p: [1872, 1758], r: 1.7828166484832764e-02, e: 1.7828181385993958e-02
#ERR  p: [1890, 1758], r: 1.7504453659057617e-02, e: 1.7504423856735229e-02
#ERR  p: [1899, 1759], r: 1.7374008893966675e-02, e: 1.7374038696289062e-02
#ERR  p: [1908, 1759], r: 1.7218440771102905e-02, e: 1.7218470573425293e-02
#ERR  p: [2024, 1759], r: 1.5328660607337952e-02, e: 1.5328720211982727e-02
#ERR  p: [1917, 1758], r: 1.7039373517036438e-02, e: 1.7039448022842407e-02
#ERR  p: [1935, 1758], r: 1.6737863421440125e-02, e: 1.6737833619117737e-02
#ERR  p: [2032, 1759], r: 1.5207841992378235e-02, e: 1.5207707881927490e-02
#ERR  p: [1944, 1758], r: 1.6589671373367310e-02, e: 1.6589686274528503e-02
#ERR  p: [1953, 1758], r: 1.6435220837593079e-02, e: 1.6435205936431885e-02
#ERR  p: [1962, 1758], r: 1.6289383172988892e-02, e: 1.6289338469505310e-02
#ERR  p: [1980, 1758], r: 1.5999048948287964e-02, e: 1.5999004244804382e-02
#ERR  p: [1971, 1758], r: 1.6141965985298157e-02, e: 1.6141951084136963e-02
#ERR  p: [1989, 1758], r: 1.5855863690376282e-02, e: 1.5855804085731506e-02
#ERR  p: [1998, 1758], r: 1.5711098909378052e-02, e: 1.5711024403572083e-02
#ERR  p: [2016, 1758], r: 1.5429943799972534e-02, e: 1.5429839491844177e-02
#ERR  p: [2007, 1758], r: 1.5571683645248413e-02, e: 1.5571638941764832e-02
#ERR  p: [1737, 1759], r: 9.7786843776702881e-01, e: 9.7786921262741089e-01
#ERR  p: [1746, 1760], r: 9.8472142219543457e-01, e: 9.8612201213836670e-01
#ERR  p: [1755, 1759], r: 9.9628752470016479e-01, e: 9.9628293514251709e-01
#ERR  p: [1720, 1756], r: 9.6417003870010376e-01, e: 9.6442431211471558e-01
#ERR  p: [1764, 1759], r: 1.9885897636413574e-02, e: 1.9885927438735962e-02
#ERR  p: [1773, 1761], r: 1.9733661785721779e-02, e: 1.9740451127290726e-02
#ERR  p: [1818, 1760], r: 1.8859267234802246e-02, e: 1.8857002258300781e-02
#ERR  p: [1728, 1760], r: 3.2759816646575928e+00, e: 9.6833062171936035e-01
#ERR  p: [1712, 1760], r: -1.3926481008529663e+00, e: 9.5327901840209961e-01
#ERR  p: [1782, 1759], r: 1.9524276256561279e-02, e: 1.9524455070495605e-02
#ERR  p: [1791, 1759], r: 1.9354134798049927e-02, e: 1.9354045391082764e-02
#ERR  p: [2040, 1758], r: 1.5068456530570984e-02, e: 1.5068471431732178e-02
#ERR  p: [1800, 1759], r: 1.9177615642547607e-02, e: 1.9177645444869995e-02
#ERR  p: [1809, 1759], r: 1.9006669521331787e-02, e: 1.9006609916687012e-02
#ERR  p: [1827, 1759], r: 1.8666207790374756e-02, e: 1.8666297197341919e-02
#ERR  p: [1845, 1759], r: 1.8334418535232544e-02, e: 1.8334448337554932e-02
#ERR  p: [1836, 1760], r: 1.8494367599487305e-02, e: 1.8518120050430298e-02
#ERR  p: [1854, 1761], r: 1.8191860988736153e-02, e: 1.8204040825366974e-02
#ERR  p: [1863, 1759], r: 1.8013656139373779e-02, e: 1.8013745546340942e-02
#ERR  p: [1872, 1759], r: 1.7848283052444458e-02, e: 1.7848312854766846e-02
#ERR  p: [1881, 1759], r: 1.7689108848571777e-02, e: 1.7689228057861328e-02
#ERR  p: [1890, 1759], r: 1.7530649900436401e-02, e: 1.7530769109725952e-02
#ERR  p: [1899, 1760], r: 1.7383217811584473e-02, e: 1.7387866973876953e-02
#ERR  p: [1720, 1757], r: 9.6364951133728027e-01, e: 9.6365100145339966e-01
#ERR  p: [1737, 1760], r: 9.7669994831085205e-01, e: 9.7697365283966064e-01
#ERR  p: [2024, 1760], r: 1.5346497297286987e-02, e: 1.5349626541137695e-02
#ERR  p: [1764, 1760], r: 1.9907534122467041e-02, e: 1.9900619983673096e-02
#ERR  p: [1755, 1760], r: 9.9584466218948364e-01, e: 9.9499058723449707e-01
#ERR  p: [1908, 1760], r: 1.7236411571502686e-02, e: 1.7236560583114624e-02
#ERR  p: [1818, 1761], r: 1.8865946680307388e-02, e: 1.8874786794185638e-02
#ERR  p: [1917, 1759], r: 1.7065018415451050e-02, e: 1.7065048217773438e-02
#ERR  p: [1935, 1760], r: 1.6774296760559082e-02, e: 1.6776293516159058e-02
#ERR  p: [1773, 1762], r: 1.9760880619287491e-02, e: 1.9760848954319954e-02
#ERR  p: [1747, 1756], r: 9.9112141132354736e-01, e: 9.9150967597961426e-01
#ERR  p: [1944, 1759], r: 1.6605392098426819e-02, e: 1.6605317592620850e-02
#ERR  p: [1953, 1759], r: 1.6463696956634521e-02, e: 1.6463726758956909e-02
#ERR  p: [1962, 1759], r: 1.6314104199409485e-02, e: 1.6314178705215454e-02
#ERR  p: [1782, 1760], r: 1.9546508789062500e-02, e: 1.9550919532775879e-02
#ERR  p: [1971, 1759], r: 1.6168162226676941e-02, e: 1.6168177127838135e-02
#ERR  p: [1791, 1760], r: 1.9371837377548218e-02, e: 1.9373804330825806e-02
#ERR  p: [1800, 1760], r: 1.9185185432434082e-02, e: 1.9204020500183105e-02
#ERR  p: [1729, 1756], r: 9.7263056039810181e-01, e: 9.7317916154861450e-01
#ERR  p: [1980, 1759], r: 1.6022101044654846e-02, e: 1.6022145748138428e-02
#ERR  p: [1998, 1759], r: 1.5736922621726990e-02, e: 1.5736967325210571e-02
#ERR  p: [1713, 1756], r: 9.5755279064178467e-01, e: 9.5785611867904663e-01
#ERR  p: [2016, 1759], r: 1.5455424785614014e-02, e: 1.5455529093742371e-02
#ERR  p: [2007, 1759], r: 1.5593782067298889e-02, e: 1.5593856573104858e-02
#ERR  p: [2032, 1760], r: 1.5225067734718323e-02, e: 1.5226989984512329e-02
#ERR  p: [1809, 1760], r: 1.9031018018722534e-02, e: 1.9025534391403198e-02
#ERR  p: [1827, 1760], r: 1.8692076206207275e-02, e: 1.8685162067413330e-02
#ERR  p: [1836, 1761], r: 1.8556017428636551e-02, e: 1.8538707867264748e-02
#ERR  p: [1863, 1760], r: 1.8018275499343872e-02, e: 1.8025934696197510e-02
#ERR  p: [1845, 1760], r: 1.8366008996963501e-02, e: 1.8356829881668091e-02
#ERR  p: [1854, 1762], r: 1.8228985369205475e-02, e: 1.8228925764560699e-02
#ERR  p: [1899, 1761], r: 1.7405895516276360e-02, e: 1.7407285049557686e-02
#ERR  p: [1872, 1760], r: 1.7855405807495117e-02, e: 1.7866671085357666e-02
#ERR  p: [1890, 1760], r: 1.7532050609588623e-02, e: 1.7545014619827271e-02
#ERR  p: [1881, 1760], r: 1.7700880765914917e-02, e: 1.7701774835586548e-02
#ERR  p: [1926, 1758], r: 1.6885221004486084e-02, e: 1.6885161399841309e-02
#ERR  p: [1720, 1758], r: 9.6240639686584473e-01, e: 9.6240866184234619e-01
#ERR  p: [1764, 1761], r: 1.9904777407646179e-02, e: 1.9918628036975861e-02
#ERR  p: [1782, 1761], r: 1.9557092338800430e-02, e: 1.9559383392333984e-02
#ERR  p: [1818, 1762], r: 1.8888883292675018e-02, e: 1.8888786435127258e-02
#ERR  p: [1863, 1761], r: 1.8041698262095451e-02, e: 1.8040299415588379e-02
#ERR  p: [1738, 1756], r: 9.8254770040512085e-01, e: 9.8235976696014404e-01
#ERR  p: [1756, 1756], r: 1.9973078742623329e-02, e: 1.9979881122708321e-02
#ERR  p: [1908, 1761], r: 1.7237780615687370e-02, e: 1.7243644222617149e-02
#ERR  p: [1917, 1760], r: 1.7066866159439087e-02, e: 1.7078697681427002e-02
#ERR  p: [1729, 1757], r: 9.7208154201507568e-01, e: 9.7208333015441895e-01
#ERR  p: [1713, 1757], r: 9.5705813169479370e-01, e: 9.5710790157318115e-01
#ERR  p: [1773, 1763], r: 1.9785601645708084e-02, e: 1.9785594195127487e-02
#ERR  p: [1791, 1761], r: 1.9381301477551460e-02, e: 1.9386241212487221e-02
#ERR  p: [2024, 1761], r: 1.5354376286268234e-02, e: 1.5356572344899178e-02
#ERR  p: [1800, 1761], r: 1.9223146140575409e-02, e: 1.9210990518331528e-02
#ERR  p: [1935, 1761], r: 1.6778841614723206e-02, e: 1.6782786697149277e-02
#ERR  p: [1747, 1759], r: 9.8810553550720215e-01, e: 9.8810702562332153e-01
#ERR  p: [1809, 1761], r: 1.9032258540391922e-02, e: 1.9044402986764908e-02
#ERR  p: [2040, 1759], r: 1.5085831284523010e-02, e: 1.5085905790328979e-02
#ERR  p: [1989, 1759], r: 1.5875816345214844e-02, e: 1.5875875949859619e-02
#ERR  p: [1827, 1761], r: 1.8687328323721886e-02, e: 1.8700694665312767e-02
#ERR  p: [1836, 1762], r: 1.8554449081420898e-02, e: 1.8554456532001495e-02
#ERR  p: [1854, 1763], r: 1.8246807157993317e-02, e: 1.8246803432703018e-02
#ERR  p: [1845, 1761], r: 1.8347801640629768e-02, e: 1.8363496288657188e-02
#ERR  p: [1872, 1761], r: 1.7879981547594070e-02, e: 1.7874954268336296e-02
#ERR  p: [1881, 1761], r: 1.7713321372866631e-02, e: 1.7718572169542313e-02
#ERR  p: [1890, 1761], r: 1.7566263675689697e-02, e: 1.7559425905346870e-02
#ERR  p: [1899, 1762], r: 1.7421536147594452e-02, e: 1.7421476542949677e-02
#ERR  p: [1926, 1759], r: 1.6912028193473816e-02, e: 1.6912102699279785e-02
#ERR  p: [1944, 1760], r: 1.6621321439743042e-02, e: 1.6623288393020630e-02
#ERR  p: [1971, 1760], r: 1.6180127859115601e-02, e: 1.6182720661163330e-02
#ERR  p: [1720, 1759], r: 9.6169424057006836e-01, e: 9.6164953708648682e-01
#ERR  p: [1953, 1760], r: 1.6477555036544800e-02, e: 1.6473561525344849e-02
#ERR  p: [1962, 1760], r: 1.6321420669555664e-02, e: 1.6325652599334717e-02
#ERR  p: [2032, 1761], r: 1.5231755562126637e-02, e: 1.5235204249620438e-02
#ERR  p: [2007, 1760], r: 1.5601962804794312e-02, e: 1.5612125396728516e-02
#ERR  p: [2016, 1760], r: 1.5468001365661621e-02, e: 1.5471145510673523e-02
#ERR  p: [1998, 1760], r: 1.5754714608192444e-02, e: 1.5752002596855164e-02
#ERR  p: [1980, 1760], r: 1.6022294759750366e-02, e: 1.6036599874496460e-02
#ERR  p: [1764, 1762], r: 1.9940422847867012e-02, e: 1.9940389320254326e-02
#ERR  p: [1729, 1758], r: 9.7127366065979004e-01, e: 9.7126936912536621e-01
#ERR  p: [1713, 1758], r: 9.5621311664581299e-01, e: 9.5621508359909058e-01
#ERR  p: [1738, 1757], r: 9.8127448558807373e-01, e: 9.8127150535583496e-01
#ERR  p: [1863, 1762], r: 1.8061332404613495e-02, e: 1.8061302602291107e-02
#ERR  p: [1756, 1757], r: 9.9941378831863403e-01, e: 9.9907201528549194e-01
#ERR  p: [1747, 1760], r: 9.8756009340286255e-01, e: 9.8717498779296875e-01
#ERR  p: [1773, 1765], r: 1.9825175404548645e-02, e: 1.9825130701065063e-02
#ERR  p: [1782, 1762], r: 1.9588999450206757e-02, e: 1.9588969647884369e-02
#ERR  p: [1791, 1762], r: 1.9413784146308899e-02, e: 1.9413754343986511e-02
#ERR  p: [1818, 1763], r: 1.8914356827735901e-02, e: 1.8914416432380676e-02
#ERR  p: [1720, 1760], r: 9.6105819940567017e-01, e: 9.6089339256286621e-01
#ERR  p: [1800, 1762], r: 1.9236486405134201e-02, e: 1.9236519932746887e-02
#ERR  p: [1908, 1762], r: 1.7265945672988892e-02, e: 1.7265915870666504e-02
#ERR  p: [1917, 1761], r: 1.7094776034355164e-02, e: 1.7088908702135086e-02
#ERR  p: [1935, 1762], r: 1.6808364540338516e-02, e: 1.6808308660984039e-02
#ERR  p: [1764, 1763], r: 1.9965227693319321e-02, e: 1.9965255632996559e-02
#ERR  p: [1926, 1760], r: 1.6922086477279663e-02, e: 1.6928613185882568e-02
#ERR  p: [2024, 1762], r: 1.5373971313238144e-02, e: 1.5373934060335159e-02
#ERR  p: [1809, 1762], r: 1.9064083695411682e-02, e: 1.9064024090766907e-02
#ERR  p: [1827, 1762], r: 1.8724493682384491e-02, e: 1.8724430352449417e-02
#ERR  p: [1836, 1763], r: 1.8575042486190796e-02, e: 1.8575035035610199e-02
#ERR  p: [1845, 1762], r: 1.8394429236650467e-02, e: 1.8394395709037781e-02
#ERR  p: [1854, 1764], r: 1.8258452415466309e-02, e: 1.8258444964885712e-02
#ERR  p: [1872, 1762], r: 1.7905607819557190e-02, e: 1.7905578017234802e-02
#ERR  p: [1881, 1762], r: 1.7741486430168152e-02, e: 1.7741426825523376e-02
#ERR  p: [2032, 1762], r: 1.5253370627760887e-02, e: 1.5253331512212753e-02
#ERR  p: [1890, 1762], r: 1.7582636326551437e-02, e: 1.7582610249519348e-02
#ERR  p: [1899, 1763], r: 1.7441812902688980e-02, e: 1.7441838979721069e-02
#ERR  p: [1953, 1761], r: 1.6479268670082092e-02, e: 1.6489034518599510e-02
#ERR  p: [1944, 1761], r: 1.6633911058306694e-02, e: 1.6637831926345825e-02
#ERR  p: [1962, 1761], r: 1.6341099515557289e-02, e: 1.6342563554644585e-02
#ERR  p: [1971, 1761], r: 1.6189288347959518e-02, e: 1.6192371025681496e-02
#ERR  p: [1980, 1761], r: 1.6057318076491356e-02, e: 1.6048613935709000e-02
#ERR  p: [1989, 1760], r: 1.5884399414062500e-02, e: 1.5890449285507202e-02
#ERR  p: [1998, 1761], r: 1.5752857550978661e-02, e: 1.5761047601699829e-02
#ERR  p: [2007, 1761], r: 1.5622752718627453e-02, e: 1.5618026256561279e-02
#ERR  p: [2016, 1761], r: 1.5476564876735210e-02, e: 1.5478803776204586e-02
#ERR  p: [1713, 1759], r: 9.5522630214691162e-01, e: 9.5518052577972412e-01
#ERR  p: [1729, 1759], r: 9.7058606147766113e-01, e: 9.7058647871017456e-01
#ERR  p: [1738, 1758], r: 9.8016905784606934e-01, e: 9.8017054796218872e-01
#ERR  p: [1756, 1758], r: 9.9845665693283081e-01, e: 9.9811869859695435e-01
#ERR  p: [1748, 1756], r: 9.9104297161102295e-01, e: 9.9172067642211914e-01
#ERR  p: [1863, 1763], r: 1.8082514405250549e-02, e: 1.8082536756992340e-02
#ERR  p: [2040, 1760], r: 1.5094175934791565e-02, e: 1.5102922916412354e-02
#ERR  p: [1980, 1762], r: 1.6069334000349045e-02, e: 1.6069307923316956e-02
#ERR  p: [1764, 1764], r: 1.9984673708677292e-02, e: 1.9984601065516472e-02
#ERR  p: [1782, 1763], r: 1.9605893641710281e-02, e: 1.9605889916419983e-02
#ERR  p: [1773, 1766], r: 1.9841430708765984e-02, e: 1.9841434434056282e-02
#ERR  p: [1791, 1763], r: 1.9432924687862396e-02, e: 1.9432917237281799e-02
#ERR  p: [1721, 1756], r: 9.6520137786865234e-01, e: 9.6555489301681519e-01
#ERR  p: [1800, 1763], r: 1.9255034625530243e-02, e: 1.9255001097917557e-02
#ERR  p: [1818, 1764], r: 1.8931187689304352e-02, e: 1.8931165337562561e-02
#ERR  p: [1809, 1763], r: 1.9083626568317413e-02, e: 1.9083641469478607e-02
#ERR  p: [1827, 1763], r: 1.8744919449090958e-02, e: 1.8744975328445435e-02
#ERR  p: [1836, 1765], r: 1.8611863255500793e-02, e: 1.8611811101436615e-02
#ERR  p: [1845, 1763], r: 1.8410064280033112e-02, e: 1.8410027027130127e-02
#ERR  p: [1872, 1763], r: 1.7915427684783936e-02, e: 1.7915457487106323e-02
#ERR  p: [1854, 1765], r: 1.8284738063812256e-02, e: 1.8284685909748077e-02
#ERR  p: [1890, 1763], r: 1.7597533762454987e-02, e: 1.7597526311874390e-02
#ERR  p: [1881, 1763], r: 1.7758648842573166e-02, e: 1.7758645117282867e-02
#ERR  p: [1899, 1765], r: 1.7476089298725128e-02, e: 1.7476052045822144e-02
#ERR  p: [1917, 1762], r: 1.7116367816925049e-02, e: 1.7116285860538483e-02
#ERR  p: [1908, 1763], r: 1.7287492752075195e-02, e: 1.7287485301494598e-02
#ERR  p: [1926, 1761], r: 1.6940908506512642e-02, e: 1.6940318048000336e-02
#ERR  p: [1935, 1763], r: 1.6829464584589005e-02, e: 1.6829453408718109e-02
#ERR  p: [1953, 1762], r: 1.6505137085914612e-02, e: 1.6505114734172821e-02
#ERR  p: [1944, 1762], r: 1.6656063497066498e-02, e: 1.6656070947647095e-02
#ERR  p: [1998, 1762], r: 1.5780985355377197e-02, e: 1.5780940651893616e-02
#ERR  p: [1962, 1762], r: 1.6357164829969406e-02, e: 1.6357108950614929e-02
#ERR  p: [2007, 1762], r: 1.5640545636415482e-02, e: 1.5640493482351303e-02
#ERR  p: [1713, 1760], r: 9.5447778701782227e-01, e: 9.5419228076934814e-01
#ERR  p: [1989, 1761], r: 1.5906851738691330e-02, e: 1.5906346961855888e-02
#ERR  p: [1971, 1763], r: 1.6229037195444107e-02, e: 1.6229033470153809e-02
#ERR  p: [2016, 1762], r: 1.5503007918596268e-02, e: 1.5502981841564178e-02
#ERR  p: [2024, 1763], r: 1.5396352857351303e-02, e: 1.5396360307931900e-02
#ERR  p: [2032, 1763], r: 1.5270024538040161e-02, e: 1.5270028263330460e-02
#ERR  p: [1729, 1760], r: 9.6995651721954346e-01, e: 9.6940571069717407e-01
#ERR  p: [1738, 1760], r: 9.7798722982406616e-01, e: 9.7817671298980713e-01
#ERR  p: [1756, 1759], r: 9.9733453989028931e-01, e: 9.9699950218200684e-01
#ERR  p: [1748, 1757], r: 9.9106508493423462e-01, e: 9.9106657505035400e-01
#ERR  p: [1863, 1764], r: 1.8097907304763794e-02, e: 1.8097884953022003e-02
#ERR  p: [1935, 1764], r: 1.6839005053043365e-02, e: 1.6839012503623962e-02
#ERR  p: [1721, 1757], r: 9.6456444263458252e-01, e: 9.6456593275070190e-01
#ERR  p: [1782, 1764], r: 1.9624650478363037e-02, e: 1.9624680280685425e-02
#ERR  p: [1791, 1764], r: 1.9446723163127899e-02, e: 1.9446700811386108e-02
#ERR  p: [1773, 1767], r: 1.9858701154589653e-02, e: 1.9858697429299355e-02
#ERR  p: [1714, 1756], r: 9.5908665657043457e-01, e: 9.5897084474563599e-01
#ERR  p: [2040, 1761], r: 1.5116832219064236e-02, e: 1.5113297849893570e-02
#ERR  p: [1800, 1764], r: 1.9275680184364319e-02, e: 1.9275687634944916e-02
#ERR  p: [1764, 1765], r: 9.9890148639678955e-01, e: 9.9890732765197754e-01
#ERR  p: [1980, 1763], r: 1.6082562506198883e-02, e: 1.6082592308521271e-02
#ERR  p: [1809, 1764], r: 1.9104346632957458e-02, e: 1.9104383885860443e-02
#ERR  p: [1827, 1764], r: 1.8762938678264618e-02, e: 1.8762879073619843e-02
#ERR  p: [1818, 1765], r: 1.8952213227748871e-02, e: 1.8952168524265289e-02
#ERR  p: [1836, 1766], r: 1.8628634512424469e-02, e: 1.8628671765327454e-02
#ERR  p: [1845, 1764], r: 1.8424279987812042e-02, e: 1.8424324691295624e-02
#ERR  p: [1854, 1766], r: 1.8294356763362885e-02, e: 1.8294431269168854e-02
#ERR  p: [1872, 1764], r: 1.7936781048774719e-02, e: 1.7936751246452332e-02
#ERR  p: [1899, 1766], r: 1.7491012811660767e-02, e: 1.7491005361080170e-02
#ERR  p: [1890, 1764], r: 1.7618209123611450e-02, e: 1.7618224024772644e-02
#ERR  p: [1881, 1764], r: 1.7775923013687134e-02, e: 1.7775908112525940e-02
#ERR  p: [1908, 1764], r: 1.7302244901657104e-02, e: 1.7302215099334717e-02
#ERR  p: [1953, 1763], r: 1.6525574028491974e-02, e: 1.6525559127330780e-02
#ERR  p: [1917, 1763], r: 1.7134286463260651e-02, e: 1.7134308815002441e-02
#ERR  p: [1926, 1762], r: 1.6953013837337494e-02, e: 1.6952991485595703e-02
#ERR  p: [1944, 1763], r: 1.6671910881996155e-02, e: 1.6671903431415558e-02
#ERR  p: [1962, 1763], r: 1.6375213861465454e-02, e: 1.6375273466110229e-02
#ERR  p: [1971, 1764], r: 1.6244210302829742e-02, e: 1.6244180500507355e-02
#ERR  p: [1989, 1762], r: 1.5926241874694824e-02, e: 1.5926204621791840e-02
#ERR  p: [2007, 1763], r: 1.5656769275665283e-02, e: 1.5656773000955582e-02
#ERR  p: [1998, 1763], r: 1.5795662999153137e-02, e: 1.5795670449733734e-02
#ERR  p: [2016, 1763], r: 1.5513889491558075e-02, e: 1.5513908118009567e-02
#ERR  p: [1730, 1756], r: 9.7427684068679810e-01, e: 9.7449004650115967e-01
#ERR  p: [2024, 1764], r: 1.5404455363750458e-02, e: 1.5404462814331055e-02
#ERR  p: [2032, 1764], r: 1.5282038599252701e-02, e: 1.5282034873962402e-02
#ERR  p: [1739, 1756], r: 9.8184251785278320e-01, e: 9.8294544219970703e-01
#ERR  p: [2040, 1762], r: 1.5131305903196335e-02, e: 1.5131283551454544e-02
#ERR  p: [1756, 1760], r: 9.9661988019943237e-01, e: 9.9593669176101685e-01
#ERR  p: [1748, 1758], r: 9.9040812253952026e-01, e: 9.9040961265563965e-01
#ERR  p: [1863, 1765], r: 1.8120467662811279e-02, e: 1.8120422959327698e-02
#ERR  p: [1935, 1765], r: 1.6858652234077454e-02, e: 1.6858607530593872e-02
#ERR  p: [1773, 1768], r: 1.9882790744304657e-02, e: 1.9882872700691223e-02
#ERR  p: [1721, 1758], r: 9.6364563703536987e-01, e: 9.6369481086730957e-01
#ERR  p: [1791, 1765], r: 1.9467495381832123e-02, e: 1.9467517733573914e-02
#ERR  p: [1782, 1765], r: 1.9648909568786621e-02, e: 1.9648864865303040e-02
#ERR  p: [1714, 1757], r: 9.5808160305023193e-01, e: 9.5803630352020264e-01
#ERR  p: [1764, 1766], r: 9.9775546789169312e-01, e: 9.9775719642639160e-01
#ERR  p: [1980, 1765], r: 1.6120798885822296e-02, e: 1.6120724380016327e-02
#ERR  p: [1800, 1765], r: 1.9297696650028229e-02, e: 1.9297644495964050e-02
#ERR  p: [1827, 1766], r: 1.8796563148498535e-02, e: 1.8796578049659729e-02
#ERR  p: [1809, 1765], r: 1.9127443432807922e-02, e: 1.9127406179904938e-02
#ERR  p: [1818, 1766], r: 1.8972024321556091e-02, e: 1.8972009420394897e-02
#ERR  p: [1836, 1768], r: 1.8673837184906006e-02, e: 1.8673896789550781e-02
#ERR  p: [1845, 1765], r: 1.8448874354362488e-02, e: 1.8448852002620697e-02
#ERR  p: [1854, 1767], r: 1.8315121531486511e-02, e: 1.8315076828002930e-02
#ERR  p: [1899, 1767], r: 1.7512656748294830e-02, e: 1.7512664198875427e-02
#ERR  p: [1872, 1765], r: 1.7954260110855103e-02, e: 1.7954230308532715e-02
#ERR  p: [1890, 1765], r: 1.7638586461544037e-02, e: 1.7638541758060455e-02
#ERR  p: [1881, 1765], r: 1.7791025340557098e-02, e: 1.7791010439395905e-02
#ERR  p: [1908, 1765], r: 1.7317809164524078e-02, e: 1.7317816615104675e-02
#ERR  p: [1953, 1764], r: 1.6541294753551483e-02, e: 1.6541264951229095e-02
#ERR  p: [1917, 1764], r: 1.7148725688457489e-02, e: 1.7148695886135101e-02
#ERR  p: [1926, 1763], r: 1.6977202147245407e-02, e: 1.6977198421955109e-02
#ERR  p: [1944, 1764], r: 1.6690179705619812e-02, e: 1.6690149903297424e-02
#ERR  p: [1962, 1764], r: 1.6394175589084625e-02, e: 1.6394138336181641e-02
#ERR  p: [1971, 1765], r: 1.6266047954559326e-02, e: 1.6266055405139923e-02
#ERR  p: [1989, 1763], r: 1.5938628464937210e-02, e: 1.5938621014356613e-02
#ERR  p: [2007, 1764], r: 1.5673801302909851e-02, e: 1.5673816204071045e-02
#ERR  p: [1998, 1764], r: 1.5815928578376770e-02, e: 1.5815906226634979e-02
#ERR  p: [2032, 1765], r: 1.5303663909435272e-02, e: 1.5303656458854675e-02
#ERR  p: [1730, 1757], r: 9.7355878353118896e-01, e: 9.7355842590332031e-01
#ERR  p: [2016, 1764], r: 1.5532962977886200e-02, e: 1.5532907098531723e-02
#ERR  p: [2024, 1765], r: 1.5424579381942749e-02, e: 1.5424549579620361e-02
#ERR  p: [1739, 1757], r: 9.8199617862701416e-01, e: 9.8199838399887085e-01
#ERR  p: [2040, 1763], r: 1.5150889754295349e-02, e: 1.5150893479585648e-02
#ERR  p: [1756, 1761], r: 9.9532544612884521e-01, e: 9.9498653411865234e-01
#ERR  p: [1748, 1759], r: 9.8910230398178101e-01, e: 9.8910081386566162e-01
#ERR  p: [1863, 1766], r: 1.8133021891117096e-02, e: 1.8133059144020081e-02
#ERR  p: [1935, 1766], r: 1.6873836517333984e-02, e: 1.6873829066753387e-02
#ERR  p: [1721, 1759], r: 9.6283191442489624e-01, e: 9.6283340454101562e-01
#ERR  p: [1773, 1769], r: 1.9902275875210762e-02, e: 1.9902300089597702e-02
#ERR  p: [1791, 1766], r: 1.9493840634822845e-02, e: 1.9493818283081055e-02
#ERR  p: [1782, 1767], r: 1.9678533077239990e-02, e: 1.9678547978401184e-02
#ERR  p: [1714, 1758], r: 9.5698016881942749e-01, e: 9.5698261260986328e-01
#ERR  p: [1980, 1766], r: 1.6129210591316223e-02, e: 1.6129270195960999e-02
#ERR  p: [1764, 1767], r: 9.9689745903015137e-01, e: 9.9690043926239014e-01
#ERR  p: [1800, 1766], r: 1.9317440688610077e-02, e: 1.9317448139190674e-02
#ERR  p: [1827, 1768], r: 1.8843457102775574e-02, e: 1.8843516707420349e-02
#ERR  p: [1809, 1766], r: 1.9138045608997345e-02, e: 1.9138067960739136e-02
#ERR  p: [1818, 1767], r: 1.8988043069839478e-02, e: 1.8988072872161865e-02
#ERR  p: [1845, 1766], r: 1.8462769687175751e-02, e: 1.8462747335433960e-02
#ERR  p: [1836, 1769], r: 1.8686324357986450e-02, e: 1.8686354160308838e-02
#ERR  p: [1854, 1768], r: 1.8340066075325012e-02, e: 1.8340170383453369e-02
#ERR  p: [1872, 1766], r: 1.7973288893699646e-02, e: 1.7973311245441437e-02
#ERR  p: [1881, 1766], r: 1.7812900245189667e-02, e: 1.7812892794609070e-02
#ERR  p: [1899, 1768], r: 1.7529264092445374e-02, e: 1.7529368400573730e-02
#ERR  p: [1890, 1766], r: 1.7651967704296112e-02, e: 1.7651960253715515e-02
#ERR  p: [1908, 1766], r: 1.7339348793029785e-02, e: 1.7339363694190979e-02
#ERR  p: [1917, 1765], r: 1.7164230346679688e-02, e: 1.7164222896099091e-02
#ERR  p: [1926, 1764], r: 1.6995377838611603e-02, e: 1.6995385289192200e-02
#ERR  p: [1962, 1765], r: 1.6410715878009796e-02, e: 1.6410693526268005e-02
#ERR  p: [1953, 1765], r: 1.6559980809688568e-02, e: 1.6559988260269165e-02
#ERR  p: [1944, 1765], r: 1.6713269054889679e-02, e: 1.6713239252567291e-02
#ERR  p: [1971, 1766], r: 1.6276478767395020e-02, e: 1.6276463866233826e-02
#ERR  p: [1989, 1764], r: 1.5956766903400421e-02, e: 1.5956774353981018e-02
#ERR  p: [1730, 1758], r: 9.7266072034835815e-01, e: 9.7266441583633423e-01
#ERR  p: [1998, 1765], r: 1.5828050673007965e-02, e: 1.5828058123588562e-02
#ERR  p: [2007, 1765], r: 1.5689954161643982e-02, e: 1.5689879655838013e-02
#ERR  p: [2032, 1766], r: 1.5315659344196320e-02, e: 1.5315651893615723e-02
#ERR  p: [2016, 1765], r: 1.5545800328254700e-02, e: 1.5545785427093506e-02
#ERR  p: [2024, 1766], r: 1.5437684953212738e-02, e: 1.5437677502632141e-02
#ERR  p: [1739, 1758], r: 9.8104089498519897e-01, e: 9.8103868961334229e-01
#ERR  p: [2040, 1764], r: 1.5161819756031036e-02, e: 1.5161812305450439e-02
#ERR  p: [1756, 1762], r: 9.9446523189544678e-01, e: 9.9412661790847778e-01
#ERR  p: [1748, 1760], r: 9.8885750770568848e-01, e: 9.8817509412765503e-01
#ERR  p: [1863, 1767], r: 1.8149375915527344e-02, e: 1.8149361014366150e-02
#ERR  p: [1935, 1767], r: 1.6893751919269562e-02, e: 1.6893781721591949e-02
#ERR  p: [1944, 1766], r: 1.6717270016670227e-02, e: 1.6717255115509033e-02
#ERR  p: [1721, 1760], r: 9.6220320463180542e-01, e: 9.6171617507934570e-01
#ERR  p: [1773, 1770], r: 1.9913256168365479e-02, e: 1.9913215190172195e-02
#ERR  p: [1791, 1767], r: 1.9502431154251099e-02, e: 1.9502401351928711e-02
#ERR  p: [1782, 1768], r: 1.9706636667251587e-02, e: 1.9706711173057556e-02
#ERR  p: [1714, 1759], r: 9.5588004589080811e-01, e: 9.5588266849517822e-01
#ERR  p: [1764, 1768], r: 9.9598020315170288e-01, e: 9.9598199129104614e-01
#ERR  p: [1980, 1767], r: 1.6146123409271240e-02, e: 1.6146108508110046e-02
#ERR  p: [1800, 1767], r: 1.9325166940689087e-02, e: 1.9325181841850281e-02
#ERR  p: [1827, 1769], r: 1.8852934241294861e-02, e: 1.8852949142456055e-02
#ERR  p: [1809, 1767], r: 1.9154682755470276e-02, e: 1.9154623150825500e-02
#ERR  p: [1818, 1768], r: 1.9004583358764648e-02, e: 1.9004642963409424e-02
#ERR  p: [1836, 1770], r: 1.8698528409004211e-02, e: 1.8698468804359436e-02
#ERR  p: [1854, 1770], r: 1.8363028764724731e-02, e: 1.8362998962402344e-02
#ERR  p: [1845, 1767], r: 1.8480360507965088e-02, e: 1.8480405211448669e-02
#ERR  p: [1881, 1767], r: 1.7830528318881989e-02, e: 1.7830535769462585e-02
#ERR  p: [1872, 1767], r: 1.7990097403526306e-02, e: 1.7990112304687500e-02
#ERR  p: [1890, 1767], r: 1.7664328217506409e-02, e: 1.7664372920989990e-02
#ERR  p: [1899, 1769], r: 1.7544671893119812e-02, e: 1.7544656991958618e-02
#ERR  p: [1908, 1767], r: 1.7350472509860992e-02, e: 1.7350457608699799e-02
#ERR  p: [1917, 1766], r: 1.7176657915115356e-02, e: 1.7176620662212372e-02
#ERR  p: [1926, 1765], r: 1.7014108598232269e-02, e: 1.7014056444168091e-02
#ERR  p: [1962, 1766], r: 1.6424395143985748e-02, e: 1.6424410045146942e-02
#ERR  p: [1953, 1767], r: 1.6585074365139008e-02, e: 1.6585081815719604e-02
#ERR  p: [1971, 1767], r: 1.6293570399284363e-02, e: 1.6293600201606750e-02
#ERR  p: [1989, 1765], r: 1.5973068773746490e-02, e: 1.5973031520843506e-02
#ERR  p: [1730, 1759], r: 9.7160118818283081e-01, e: 9.7160214185714722e-01
#ERR  p: [1998, 1766], r: 1.5845783054828644e-02, e: 1.5845775604248047e-02
#ERR  p: [2007, 1766], r: 1.5700995922088623e-02, e: 1.5701025724411011e-02
#ERR  p: [2032, 1767], r: 1.5328183770179749e-02, e: 1.5328168869018555e-02
#ERR  p: [2016, 1766], r: 1.5560835599899292e-02, e: 1.5560850501060486e-02
#ERR  p: [2024, 1767], r: 1.5451446175575256e-02, e: 1.5451453626155853e-02
#ERR  p: [1739, 1759], r: 9.7977691888809204e-01, e: 9.7977322340011597e-01
#ERR  p: [2040, 1765], r: 1.5182867646217346e-02, e: 1.5182830393314362e-02
#ERR  p: [1756, 1763], r: 9.9354237318038940e-01, e: 9.9320405721664429e-01
#ERR  p: [1749, 1756], r: 9.9381864070892334e-01, e: 9.9327087402343750e-01
#ERR  p: [1863, 1768], r: 1.8174216151237488e-02, e: 1.8174290657043457e-02
#ERR  p: [1935, 1768], r: 1.6910150647163391e-02, e: 1.6910225152969360e-02
#ERR  p: [1944, 1767], r: 1.6741164028644562e-02, e: 1.6741216182708740e-02
#ERR  p: [1773, 1771], r: 1.9936740398406982e-02, e: 1.9936636090278625e-02
#ERR  p: [1722, 1756], r: 9.6714150905609131e-01, e: 9.6654415130615234e-01
#ERR  p: [1782, 1769], r: 1.9725218415260315e-02, e: 1.9725278019905090e-02
#ERR  p: [1791, 1768], r: 1.9531548023223877e-02, e: 1.9531652331352234e-02
#ERR  p: [1714, 1760], r: 9.5493400096893311e-01, e: 9.5506614446640015e-01
#ERR  p: [1764, 1769], r: 9.9483346939086914e-01, e: 9.9483263492584229e-01
#ERR  p: [1980, 1768], r: 1.6167968511581421e-02, e: 1.6168043017387390e-02
#ERR  p: [1800, 1768], r: 1.9357472658157349e-02, e: 1.9357547163963318e-02
#ERR  p: [1827, 1770], r: 1.8865242600440979e-02, e: 1.8865182995796204e-02
#ERR  p: [1809, 1768], r: 1.9181758165359497e-02, e: 1.9181892275810242e-02
#ERR  p: [1818, 1769], r: 1.9027873873710632e-02, e: 1.9027903676033020e-02
#ERR  p: [1854, 1771], r: 1.8388628959655762e-02, e: 1.8388569355010986e-02
#ERR  p: [1836, 1771], r: 1.8718853592872620e-02, e: 1.8718764185905457e-02
#ERR  p: [1845, 1768], r: 1.8503502011299133e-02, e: 1.8503576517105103e-02
#ERR  p: [1872, 1768], r: 1.8009632825851440e-02, e: 1.8009692430496216e-02
#ERR  p: [1908, 1768], r: 1.7372667789459229e-02, e: 1.7372712492942810e-02
#ERR  p: [1899, 1770], r: 1.7557740211486816e-02, e: 1.7557725310325623e-02
#ERR  p: [1881, 1768], r: 1.7847031354904175e-02, e: 1.7847135663032532e-02
#ERR  p: [1890, 1768], r: 1.7688632011413574e-02, e: 1.7688661813735962e-02
#ERR  p: [1917, 1767], r: 1.7193868756294250e-02, e: 1.7193913459777832e-02
#ERR  p: [1953, 1768], r: 1.6611099243164062e-02, e: 1.6611188650131226e-02
#ERR  p: [1962, 1767], r: 1.6439221799373627e-02, e: 1.6439214348793030e-02
#ERR  p: [1926, 1766], r: 1.7028883099555969e-02, e: 1.7028890550136566e-02
#ERR  p: [1971, 1768], r: 1.6311571002006531e-02, e: 1.6311615705490112e-02
#ERR  p: [1989, 1767], r: 1.5999689698219299e-02, e: 1.5999704599380493e-02
#ERR  p: [1730, 1760], r: 9.7093719244003296e-01, e: 9.7072732448577881e-01
#ERR  p: [1998, 1767], r: 1.5857085585594177e-02, e: 1.5857100486755371e-02
#ERR  p: [2007, 1767], r: 1.5713825821876526e-02, e: 1.5713855624198914e-02
#ERR  p: [2032, 1768], r: 1.5344277024269104e-02, e: 1.5344373881816864e-02
#ERR  p: [2016, 1767], r: 1.5577279031276703e-02, e: 1.5577316284179688e-02
#ERR  p: [2024, 1768], r: 1.5470124781131744e-02, e: 1.5470199286937714e-02
#ERR  p: [1739, 1760], r: 9.8005735874176025e-01, e: 9.7895216941833496e-01
#ERR  p: [2040, 1766], r: 1.5191674232482910e-02, e: 1.5191696584224701e-02
#ERR  p: [1756, 1764], r: 9.9243748188018799e-01, e: 9.9209952354431152e-01
#ERR  p: [1749, 1758], r: 9.9098575115203857e-01, e: 9.9098426103591919e-01
#ERR  p: [1863, 1769], r: 1.8189474940299988e-02, e: 1.8189489841461182e-02
#ERR  p: [1935, 1769], r: 1.6924887895584106e-02, e: 1.6924917697906494e-02
#ERR  p: [1944, 1768], r: 1.6762822866439819e-02, e: 1.6762897372245789e-02
#ERR  p: [1773, 1772], r: 1.9961046054959297e-02, e: 1.9961101934313774e-02
#ERR  p: [1722, 1757], r: 9.6548813581466675e-01, e: 9.6549183130264282e-01
#ERR  p: [1791, 1771], r: 1.9580960273742676e-02, e: 1.9580900669097900e-02
#ERR  p: [1782, 1770], r: 1.9740134477615356e-02, e: 1.9740059971809387e-02
#ERR  p: [1715, 1756], r: 9.6023428440093994e-01, e: 9.5986771583557129e-01
#ERR  p: [1980, 1769], r: 1.6176342964172363e-02, e: 1.6176357865333557e-02
#ERR  p: [1764, 1770], r: 9.9386346340179443e-01, e: 9.9386656284332275e-01
#ERR  p: [1800, 1769], r: 1.9369378685951233e-02, e: 1.9369453191757202e-02
#SDC Ite:0 KerTime:16.166380 AccTime:16.166380 KerErr:83568 AccErr:83568
#ABORT too many errors per iteration
#END