2016-10-14 02:36:28:Starting GDB script
2016-10-14 02:36:29:sending signal using command: 'ssh -T mic0 killall -2 lavamd' after 0.232247027713s
2016-10-14 02:36:29:shell stdout: 
2016-10-14 02:36:30:sending signal using command: 'ssh -T mic0 killall -2 lavamd' after 0.784654581756s
2016-10-14 02:36:30:shell stdout: 
2016-10-14 02:36:32:sending signal using command: 'ssh -T mic0 killall -2 lavamd' after 2.34794499538s
2016-10-14 02:36:32:shell stdout: 
2016-10-14 02:36:33:sending signal using command: 'ssh -T mic0 killall -2 lavamd' after 3.0042158369s
2016-10-14 02:36:33:shell stdout: 
2016-10-14 02:36:33:sending signal using command: 'ssh -T mic0 killall -2 lavamd' after 3.13758625997s
2016-10-14 02:36:33:shell stdout: 
2016-10-14 02:36:34:sending signal using command: 'ssh -T mic0 killall -2 lavamd' after 4.39930142618s
2016-10-14 02:36:34:shell stdout: 
2016-10-14 02:36:36:sending signal using command: 'ssh -T mic0 killall -2 lavamd' after 6.5923616246s
2016-10-14 02:36:36:shell stdout: 
2016-10-14 02:36:37:sending signal using command: 'ssh -T mic0 killall -2 lavamd' after 7.72445045691s
2016-10-14 02:36:37:shell stdout: 
2016-10-14 02:36:38:sending signal using command: 'ssh -T mic0 killall -2 lavamd' after 8.66329753633s
2016-10-14 02:36:38:shell stdout: 
2016-10-14 02:36:39:sending signal using command: 'ssh -T mic0 killall -2 lavamd' after 9.6990515751s
2016-10-14 02:36:39:shell stdout: 
2016-10-14 02:36:46:no gdbExecName running, out:
2016-10-14 02:36:46:checCmd:ps -e | grep -i gdb-mic
2016-10-14 02:36:46:finished now-timestampStart < maxWaitTime*5
2016-10-14 02:36:46:now: 1476427005
2016-10-14 02:36:46:timestampStart: 1476426988
2016-10-14 02:36:46:kill cmd: killall -9 gdb-mic
2016-10-14 02:36:46:shell stdout: 
2016-10-14 02:36:46:kill cmd: ssh -T mic0 killall -9 lavamd
2016-10-14 02:36:46:shell stdout: 
2016-10-14 02:36:46:kill cmd: ssh -T mic0 killall -9 gdbserver
2016-10-14 02:36:46:shell stdout: 
2016-10-14 02:36:47:kill cmd: ssh -T mic0 killall -9 sshd
2016-10-14 02:36:47:shell stdout: 
