[INFO -- 2017-02-26 19:53:55]
Starting flip_value script
version: 2.0
[INFO -- 2017-02-26 19:53:55]
Initialization strings:
[INFO -- 2017-02-26 19:53:56]
(1) target extended-remote | ssh -T mic1 gdbserver --multi -
[INFO -- 2017-02-26 19:53:56]
(2) set sysroot /opt/mpss/3.7/sysroots/k1om-mpss-linux/
[INFO -- 2017-02-26 19:53:56]
(3) set sysroot /opt/mpss/3.7/sysroots/k1om-mpss-linux/
[INFO -- 2017-02-26 19:53:56]
(4) file /micNfs/gdb-fault-injection/injector/bin/lud/lud_check
[INFO -- 2017-02-26 19:53:56]
(5) set remote exec-file /micNfs/gdb-fault-injection/injector/bin/lud/lud_check
[INFO -- 2017-02-26 19:53:56]
(6) set args -s 2048 -n 228 -i /micNfs/gdb-fault-injection/injector/bin/lud/input_2048_th_228 -g /micNfs/gdb-fault-injection/injector/bin/lud/gold_2048_th_228
[INFO -- 2017-02-26 19:53:56]
initSignal:4
[INFO -- 2017-02-26 19:53:56]
endSignal:8
[INFO -- 2017-02-26 19:53:56]
seqSignal:30
[INFO -- 2017-02-26 19:53:56]
faultMode:3
[INFO -- 2017-02-26 19:54:05]
Backtrace BEGIN:
#0  do_system (line=0x7fffffffe650 "echo 1488156818 > /micNfs/carol/logs/timestamp.txt") at ../sysdeps/posix/system.c:116
#1  0x0000000000404fad in update_timestamp () at ../include/log_helper.c:107
#2  0x0000000000405bee in end_iteration () at ../include/log_helper.c:336
#3  0x0000000000402c82 in main (argc=9, argv=0x7fffffffec08) at lud_check.c:126

111	in ../sysdeps/posix/system.c

Backtrace END
Fliping array at pos: 2
Memory content before bitflip:0x67
Fault Mode: Zero bit-flip
base address to flip value: 0x60ba56  
address max offset: 1
Memory content after  bitflip:0x00
frame name: update_timestamp
symbol name: logdir_key
symbol filename: ../include/log_helper.c
symbol line: 43
value: "lo\000dir"
value address: 0x60ba54 <logdir_key>
Type: The type is an array.
Type sizeof: 7
Field name: None
Field Type: A range type, that is, an integer type with bounds.
Field Type sizeof: 1
Field Type range: (0L, 6L)

[INFO -- 2017-02-26 19:54:05]
Fault Injection Successful after 9.95583701134s
[INFO -- 2017-02-26 19:54:07]
event type: exit
[INFO -- 2017-02-26 19:54:07]
exit code: 0
