2016-10-12 03:11:23:Starting GDB script
2016-10-12 03:11:24:sending signal using command: 'ssh -T mic0 killall -2 hotspot_check' after 0.106852811303s
2016-10-12 03:11:24:shell stdout: 
2016-10-12 03:11:25:sending signal using command: 'ssh -T mic0 killall -2 hotspot_check' after 1.57300588808s
2016-10-12 03:11:25:shell stdout: 
2016-10-12 03:11:27:sending signal using command: 'ssh -T mic0 killall -2 hotspot_check' after 3.05298780473s
2016-10-12 03:11:27:shell stdout: 
2016-10-12 03:11:27:sending signal using command: 'ssh -T mic0 killall -2 hotspot_check' after 3.35187600443s
2016-10-12 03:11:27:shell stdout: 
2016-10-12 03:11:28:sending signal using command: 'ssh -T mic0 killall -2 hotspot_check' after 3.75141827055s
2016-10-12 03:11:28:shell stdout: 
2016-10-12 03:11:29:sending signal using command: 'ssh -T mic0 killall -2 hotspot_check' after 4.80119576547s
2016-10-12 03:11:29:shell stdout: 
2016-10-12 03:11:29:sending signal using command: 'ssh -T mic0 killall -2 hotspot_check' after 4.91420492738s
2016-10-12 03:11:29:shell stdout: 
2016-10-12 03:11:34:sending signal using command: 'ssh -T mic0 killall -2 hotspot_check' after 10.1730364497s
2016-10-12 03:11:34:shell stdout: 
2016-10-12 03:11:35:sending signal using command: 'ssh -T mic0 killall -2 hotspot_check' after 11.140253285s
2016-10-12 03:11:35:shell stdout: 
2016-10-12 03:11:37:sending signal using command: 'ssh -T mic0 killall -2 hotspot_check' after 12.9046335363s
2016-10-12 03:11:37:shell stdout: 
2016-10-12 03:11:44:no gdbExecName running, out:
2016-10-12 03:11:44:checCmd:ps -e | grep -i gdb-mic
2016-10-12 03:11:44:finished now-timestampStart < maxWaitTime*5
2016-10-12 03:11:44:now: 1476256303
2016-10-12 03:11:44:timestampStart: 1476256283
2016-10-12 03:11:44:kill cmd: killall -9 gdb-mic
2016-10-12 03:11:44:shell stdout: 
2016-10-12 03:11:44:kill cmd: ssh -T mic0 killall -9 hotspot_check
2016-10-12 03:11:44:shell stdout: 
2016-10-12 03:11:45:kill cmd: ssh -T mic0 killall -9 gdbserver
2016-10-12 03:11:45:shell stdout: 
