2016-10-27 12:27:02:Initialization strings:
2016-10-27 12:27:03:(1) target extended-remote | ssh -T mic0 gdbserver --multi -
2016-10-27 12:27:03:(2) set sysroot /opt/mpss/3.7/sysroots/k1om-mpss-linux/
2016-10-27 12:27:03:(3) set sysroot /opt/mpss/3.7/sysroots/k1om-mpss-linux/
2016-10-27 12:27:03:(4) file /micNfs/gdb-fault-injection-lavamd/bin/lavamd
2016-10-27 12:27:03:(5) set remote exec-file /micNfs/gdb-fault-injection-lavamd/bin/lavamd
2016-10-27 12:27:03:(6) set args 228 15 /micNfs/gdb-fault-injection-lavamd/bin/input_distance_228_15 /micNfs/gdb-fault-injection-lavamd/bin/input_charges_228_15 /micNfs/gdb-fault-injection-lavamd/bin/output_gold_228_15 1
2016-10-27 12:27:04:Trying Fault Injection
2016-10-27 12:27:04:Inferior PID: 150554
2016-10-27 12:27:04:Inferior is valid: True
2016-10-27 12:27:04:Inferior #threads: 1
2016-10-27 12:27:04:Backtrace BEGIN:
2016-10-27 12:27:04:#0  0x00007ffff71505dc in __GI_memcpy (dstpp=dstpp@entry=0x7ffff4fbd468, srcpp=<optimized out>, len=<optimized out>, len@entry=8) at ../string/memcpy.c:59
#1  0x00007ffff714296b in __GI__IO_file_xsgetn (fp=0x60e1c0, data=<optimized out>, n=8) at fileops.c:1371
#2  0x00007ffff7138929 in __GI__IO_fread (buf=<optimized out>, size=1, count=8, fp=0x60e1c0) at iofread.c:42
#3  0x0000000000402670 in main (argc=7, argv=0x7fffffffec08) at main_check.c:182

2016-10-27 12:27:04:54	in ../string/memcpy.c

2016-10-27 12:27:04:Backtrace END
2016-10-27 12:27:04:Thread name: None
2016-10-27 12:27:04:Thread num: 1
2016-10-27 12:27:04:Thread ptid: (150554, 150554, 0)
2016-10-27 12:27:04:bitFlip function
2016-10-27 12:27:04:Type: The type is an integer type.
2016-10-27 12:27:04:Type sizeof: 4
2016-10-27 12:27:04:Mem contents(hex):0x220x440x030x00
2016-10-27 12:27:04:base address to flip value: 0x7fffffffe760
2016-10-27 12:27:04:address max offset: 4
2016-10-27 12:27:04:Memory content before bitflip:0x220x440x030x00
2016-10-27 12:27:04:Memory content after  bitflip:0x260x440x030x00
2016-10-27 12:27:04:Mem contents(hex):0x260x440x030x00
2016-10-27 12:27:04:frame name: main
2016-10-27 12:27:04:symbol name: i
2016-10-27 12:27:04:symbol filename: main_check.c
2016-10-27 12:27:04:symbol line: 53
2016-10-27 12:27:04:value: 214054
2016-10-27 12:27:04:value address: 0x7fffffffe760
2016-10-27 12:27:04:Type: The type is an integer type.
2016-10-27 12:27:04:Type sizeof: 4
2016-10-27 12:27:04:Fault Injection Successful after 1.37229299545s
2016-10-27 12:27:04:Fault Already Injected
2016-10-27 12:27:04:Fault Already Injected
2016-10-27 12:27:06:Fault Already Injected
2016-10-27 12:27:07:Fault Already Injected
2016-10-27 12:27:10:Fault Already Injected
2016-10-27 12:27:10:Fault Already Injected
2016-10-27 12:27:12:Fault Already Injected
2016-10-27 12:27:13:Fault Already Injected
