2016-10-25 03:28:55:Starting GDB script
2016-10-25 03:28:56:sending signal using command: 'ssh -T mic0 killall -2 lavamd' after 0.274736202337s
2016-10-25 03:28:56:shell stdout: 
2016-10-25 03:28:58:sending signal using command: 'ssh -T mic0 killall -2 lavamd' after 2.11750234619s
2016-10-25 03:28:58:shell stdout: 
2016-10-25 03:29:01:sending signal using command: 'ssh -T mic0 killall -2 lavamd' after 5.15455612723s
2016-10-25 03:29:01:shell stdout: 
2016-10-25 03:29:02:sending signal using command: 'ssh -T mic0 killall -2 lavamd' after 5.98588073814s
2016-10-25 03:29:02:shell stdout: 
2016-10-25 03:29:02:sending signal using command: 'ssh -T mic0 killall -2 lavamd' after 6.47518876046s
2016-10-25 03:29:02:shell stdout: 
2016-10-25 03:29:03:sending signal using command: 'ssh -T mic0 killall -2 lavamd' after 7.35866184478s
2016-10-25 03:29:03:shell stdout: 
2016-10-25 03:29:04:sending signal using command: 'ssh -T mic0 killall -2 lavamd' after 8.44165155047s
2016-10-25 03:29:04:shell stdout: 
2016-10-25 03:29:04:sending signal using command: 'ssh -T mic0 killall -2 lavamd' after 8.85354363023s
2016-10-25 03:29:04:shell stdout: 
2016-10-25 03:29:05:sending signal using command: 'ssh -T mic0 killall -2 lavamd' after 9.32920784577s
2016-10-25 03:29:05:shell stdout: 
2016-10-25 03:29:05:sending signal using command: 'ssh -T mic0 killall -2 lavamd' after 9.9219475245s
2016-10-25 03:29:05:shell stdout: 
2016-10-25 03:29:12:no gdbExecName running, out:
2016-10-25 03:29:12:checCmd:ps -e | grep -i gdb-mic
2016-10-25 03:29:12:finished now-timestampStart < maxWaitTime*5
2016-10-25 03:29:12:now: 1477380551
2016-10-25 03:29:12:timestampStart: 1477380535
2016-10-25 03:29:12:kill cmd: killall -9 gdb-mic
2016-10-25 03:29:12:shell stdout: 
2016-10-25 03:29:13:kill cmd: ssh -T mic0 killall -9 lavamd
2016-10-25 03:29:13:shell stdout: 
2016-10-25 03:29:13:kill cmd: ssh -T mic0 killall -9 gdbserver
2016-10-25 03:29:13:shell stdout: 
2016-10-25 03:29:13:kill cmd: ssh -T mic0 killall -9 sshd
2016-10-25 03:29:13:shell stdout: 
