[INFO -- 2017-02-25 10:21:38]
Starting GDB script
[INFO -- 2017-02-25 10:21:38]
initSignal:0.0
[INFO -- 2017-02-25 10:21:38]
endSignal:2.0
[INFO -- 2017-02-25 10:21:38]
seqSignal:30
[INFO -- 2017-02-25 10:21:39]
sending 30 signals using command: 'ssh -T mic1 killall -2 lud_check' after 0.543623906109s
[INFO -- 2017-02-25 10:21:39]
shell stdout: 
[INFO -- 2017-02-25 10:21:40]
shell stdout: 
[INFO -- 2017-02-25 10:21:40]
sending 30 signals using command: 'ssh -T mic1 killall -2 lud_check' after 1.67086609039s
[INFO -- 2017-02-25 10:21:40]
sending 30 signals using command: 'ssh -T mic1 killall -2 lud_check' after 1.88768233555s
[INFO -- 2017-02-25 10:21:40]
shell stdout: 
[INFO -- 2017-02-25 10:21:41]
shell stdout: 
[INFO -- 2017-02-25 10:21:41]
shell stdout: 
[INFO -- 2017-02-25 10:21:41]
shell stdout: 
[INFO -- 2017-02-25 10:21:42]
shell stdout: 
[INFO -- 2017-02-25 10:21:42]
shell stdout: 
[INFO -- 2017-02-25 10:21:42]
shell stdout: 
[INFO -- 2017-02-25 10:21:42]
shell stdout: 
[INFO -- 2017-02-25 10:21:42]
shell stdout: 
[INFO -- 2017-02-25 10:21:42]
shell stdout: 
[INFO -- 2017-02-25 10:21:43]
shell stdout: 
[INFO -- 2017-02-25 10:21:43]
shell stdout: 
[INFO -- 2017-02-25 10:21:43]
shell stdout: 
[INFO -- 2017-02-25 10:21:44]
shell stdout: 
[INFO -- 2017-02-25 10:21:44]
shell stdout: 
[INFO -- 2017-02-25 10:21:44]
shell stdout: 
[INFO -- 2017-02-25 10:21:44]
shell stdout: 
[INFO -- 2017-02-25 10:21:44]
shell stdout: 
[INFO -- 2017-02-25 10:21:44]
shell stdout: 
[INFO -- 2017-02-25 10:21:45]
shell stdout: 
[INFO -- 2017-02-25 10:21:45]
shell stdout: 
[INFO -- 2017-02-25 10:21:45]
shell stdout: 
[INFO -- 2017-02-25 10:21:46]
shell stdout: 
[INFO -- 2017-02-25 10:21:46]
shell stdout: 
[INFO -- 2017-02-25 10:21:46]
shell stdout: 
[INFO -- 2017-02-25 10:21:46]
shell stdout: 
[INFO -- 2017-02-25 10:21:46]
shell stdout: 
[INFO -- 2017-02-25 10:21:46]
shell stdout: 
[INFO -- 2017-02-25 10:21:47]
shell stdout: 
[INFO -- 2017-02-25 10:21:47]
shell stdout: 
[INFO -- 2017-02-25 10:21:47]
shell stdout: 
[INFO -- 2017-02-25 10:21:48]
shell stdout: 
[INFO -- 2017-02-25 10:21:48]
shell stdout: 
[INFO -- 2017-02-25 10:21:48]
shell stdout: 
[INFO -- 2017-02-25 10:21:49]
shell stdout: 
[INFO -- 2017-02-25 10:21:49]
shell stdout: 
[INFO -- 2017-02-25 10:21:49]
shell stdout: 
[INFO -- 2017-02-25 10:21:49]
shell stdout: 
[INFO -- 2017-02-25 10:21:49]
shell stdout: 
[INFO -- 2017-02-25 10:21:49]
shell stdout: 
[INFO -- 2017-02-25 10:21:50]
shell stdout: 
[INFO -- 2017-02-25 10:21:50]
shell stdout: 
[INFO -- 2017-02-25 10:21:50]
shell stdout: 
[INFO -- 2017-02-25 10:21:51]
shell stdout: 
[INFO -- 2017-02-25 10:21:51]
shell stdout: 
[INFO -- 2017-02-25 10:21:51]
shell stdout: 
[INFO -- 2017-02-25 10:21:52]
shell stdout: 
[INFO -- 2017-02-25 10:21:52]
shell stdout: 
[INFO -- 2017-02-25 10:21:52]
shell stdout: 
[INFO -- 2017-02-25 10:21:52]
shell stdout: 
[INFO -- 2017-02-25 10:21:52]
shell stdout: 
[INFO -- 2017-02-25 10:21:52]
shell stdout: 
[INFO -- 2017-02-25 10:21:53]
shell stdout: 
[INFO -- 2017-02-25 10:21:53]
shell stdout: 
[INFO -- 2017-02-25 10:21:53]
shell stdout: 
[INFO -- 2017-02-25 10:21:54]
shell stdout: 
[INFO -- 2017-02-25 10:21:54]
shell stdout: 
[INFO -- 2017-02-25 10:21:54]
shell stdout: 
[INFO -- 2017-02-25 10:21:54]
shell stdout: 
[INFO -- 2017-02-25 10:21:54]
shell stdout: 
[INFO -- 2017-02-25 10:21:54]
shell stdout: 
[INFO -- 2017-02-25 10:21:55]
shell stdout: 
[INFO -- 2017-02-25 10:21:55]
shell stdout: 
[INFO -- 2017-02-25 10:21:55]
shell stdout: 
[INFO -- 2017-02-25 10:21:55]
shell stdout: 
[INFO -- 2017-02-25 10:21:55]
shell stdout: 
[INFO -- 2017-02-25 10:21:55]
shell stdout: 
[INFO -- 2017-02-25 10:21:55]
shell stdout: 
[INFO -- 2017-02-25 10:21:55]
shell stdout: 
[INFO -- 2017-02-25 10:21:55]
shell stdout: 
[INFO -- 2017-02-25 10:21:56]
shell stdout: 
[INFO -- 2017-02-25 10:21:56]
shell stdout: 
[INFO -- 2017-02-25 10:21:56]
shell stdout: 
[INFO -- 2017-02-25 10:21:56]
shell stdout: 
[INFO -- 2017-02-25 10:21:56]
shell stdout: 
[INFO -- 2017-02-25 10:21:56]
shell stdout: 
[INFO -- 2017-02-25 10:21:57]
shell stdout: 
[INFO -- 2017-02-25 10:21:57]
shell stdout: 
[INFO -- 2017-02-25 10:21:57]
shell stdout: 
[INFO -- 2017-02-25 10:21:57]
shell stdout: 
[INFO -- 2017-02-25 10:21:57]
shell stdout: 
[INFO -- 2017-02-25 10:21:57]
shell stdout: 
[INFO -- 2017-02-25 10:21:57]
shell stdout: 
[INFO -- 2017-02-25 10:21:58]
shell stdout: 
[INFO -- 2017-02-25 10:21:58]
shell stdout: 
[INFO -- 2017-02-25 10:21:58]
shell stdout: 
[INFO -- 2017-02-25 10:21:58]
shell stdout: 
[INFO -- 2017-02-25 10:21:58]
shell stdout: 
[INFO -- 2017-02-25 10:22:10]
no gdbExecName running, out:
[INFO -- 2017-02-25 10:22:10]
checCmd:ps -e | grep -i gdb-mic
[INFO -- 2017-02-25 10:22:10]
finished now-timestampStart < maxWaitTime*5
[INFO -- 2017-02-25 10:22:10]
now: 1488036130
[INFO -- 2017-02-25 10:22:10]
timestampStart: 1488036098
[INFO -- 2017-02-25 10:22:10]
kill cmd: killall -9 gdb-mic
[INFO -- 2017-02-25 10:22:10]
shell stdout: 
[INFO -- 2017-02-25 10:22:11]
kill cmd: ssh -T mic1 killall -9 lud_check
[INFO -- 2017-02-25 10:22:11]
shell stdout: 
[INFO -- 2017-02-25 10:22:11]
kill cmd: ssh -T mic1 killall -9 gdbserver
[INFO -- 2017-02-25 10:22:11]
shell stdout: 
[INFO -- 2017-02-25 10:22:11]
kill cmd: ssh -T mic1 killall -9 sshd
[INFO -- 2017-02-25 10:22:11]
shell stdout: 
