2016-10-27 22:51:24:Starting GDB script
2016-10-27 22:51:25:sending signal using command: 'ssh -T mic0 killall -2 lud_check' after 0.686095840073s
2016-10-27 22:51:25:shell stdout: 
2016-10-27 22:51:26:sending signal using command: 'ssh -T mic0 killall -2 lud_check' after 1.24243991171s
2016-10-27 22:51:26:shell stdout: 
2016-10-27 22:51:26:sending signal using command: 'ssh -T mic0 killall -2 lud_check' after 1.48568527003s
2016-10-27 22:51:26:shell stdout: 
2016-10-27 22:51:26:sending signal using command: 'ssh -T mic0 killall -2 lud_check' after 1.6028808887s
2016-10-27 22:51:26:shell stdout: 
2016-10-27 22:51:27:sending signal using command: 'ssh -T mic0 killall -2 lud_check' after 2.23115508881s
2016-10-27 22:51:27:shell stdout: 
2016-10-27 22:51:27:sending signal using command: 'ssh -T mic0 killall -2 lud_check' after 2.46718075106s
2016-10-27 22:51:27:shell stdout: 
2016-10-27 22:51:27:sending signal using command: 'ssh -T mic0 killall -2 lud_check' after 2.70665338606s
2016-10-27 22:51:27:shell stdout: 
2016-10-27 22:51:30:sending signal using command: 'ssh -T mic0 killall -2 lud_check' after 4.7569286992s
2016-10-27 22:51:30:shell stdout: 
2016-10-27 22:51:31:sending signal using command: 'ssh -T mic0 killall -2 lud_check' after 6.15972839093s
2016-10-27 22:51:31:shell stdout: 
2016-10-27 22:51:32:sending signal using command: 'ssh -T mic0 killall -2 lud_check' after 7.01463033598s
2016-10-27 22:51:32:shell stdout: 
2016-10-27 22:51:39:no gdbExecName running, out:
2016-10-27 22:51:39:checCmd:ps -e | grep -i gdb-mic
2016-10-27 22:51:39:finished now-timestampStart < maxWaitTime*5
2016-10-27 22:51:39:now: 1477623099
2016-10-27 22:51:39:timestampStart: 1477623084
2016-10-27 22:51:39:kill cmd: killall -9 gdb-mic
2016-10-27 22:51:39:shell stdout: 
2016-10-27 22:51:40:kill cmd: ssh -T mic0 killall -9 lud_check
2016-10-27 22:51:40:shell stdout: 
2016-10-27 22:51:40:kill cmd: ssh -T mic0 killall -9 gdbserver
2016-10-27 22:51:40:shell stdout: 
2016-10-27 22:51:41:kill cmd: ssh -T mic0 killall -9 sshd
2016-10-27 22:51:41:shell stdout: 
