2017-01-26 05:50:40:Starting GDB script
2017-01-26 05:50:40:initSignal:6.0
2017-01-26 05:50:40:endSignal:8.0
2017-01-26 05:50:40:seqSignal:30
2017-01-26 05:50:46:sending 30 signals using command: 'ssh -T mic0 killall -2 lud_check' after 6.16313521228s
2017-01-26 05:50:46:shell stdout: 
2017-01-26 05:50:47:sending 30 signals using command: 'ssh -T mic0 killall -2 lud_check' after 6.7715298093s
2017-01-26 05:50:47:shell stdout: 
2017-01-26 05:50:47:shell stdout: 
2017-01-26 05:50:47:shell stdout: 
2017-01-26 05:50:47:sending 30 signals using command: 'ssh -T mic0 killall -2 lud_check' after 7.53049616526s
2017-01-26 05:50:47:shell stdout: 
2017-01-26 05:50:48:shell stdout: 
2017-01-26 05:50:48:shell stdout: 
2017-01-26 05:50:48:shell stdout: 
2017-01-26 05:50:48:shell stdout: 
2017-01-26 05:50:48:shell stdout: 
2017-01-26 05:50:48:shell stdout: 
2017-01-26 05:50:49:shell stdout: 
2017-01-26 05:50:49:shell stdout: 
2017-01-26 05:50:49:shell stdout: 
2017-01-26 05:50:49:shell stdout: 
2017-01-26 05:50:49:shell stdout: 
2017-01-26 05:50:49:shell stdout: 
2017-01-26 05:50:49:shell stdout: 
2017-01-26 05:50:50:shell stdout: 
2017-01-26 05:50:50:shell stdout: 
2017-01-26 05:50:50:shell stdout: 
2017-01-26 05:50:50:shell stdout: 
2017-01-26 05:50:50:shell stdout: 
2017-01-26 05:50:50:shell stdout: 
2017-01-26 05:50:50:shell stdout: 
2017-01-26 05:50:50:shell stdout: 
2017-01-26 05:50:51:shell stdout: 
2017-01-26 05:50:51:shell stdout: 
2017-01-26 05:50:51:shell stdout: 
2017-01-26 05:50:51:shell stdout: 
2017-01-26 05:50:51:shell stdout: 
2017-01-26 05:50:51:shell stdout: 
2017-01-26 05:50:52:shell stdout: 
2017-01-26 05:50:52:shell stdout: 
2017-01-26 05:50:52:shell stdout: 
2017-01-26 05:50:52:shell stdout: 
2017-01-26 05:50:52:shell stdout: 
2017-01-26 05:50:52:shell stdout: 
2017-01-26 05:50:53:shell stdout: 
2017-01-26 05:50:53:shell stdout: 
2017-01-26 05:50:53:shell stdout: 
2017-01-26 05:50:53:shell stdout: 
2017-01-26 05:50:53:shell stdout: 
2017-01-26 05:50:53:shell stdout: 
2017-01-26 05:50:54:shell stdout: 
2017-01-26 05:50:54:shell stdout: 
2017-01-26 05:50:54:shell stdout: 
2017-01-26 05:50:54:shell stdout: 
2017-01-26 05:50:54:shell stdout: 
2017-01-26 05:50:54:shell stdout: 
2017-01-26 05:50:54:shell stdout: 
2017-01-26 05:50:55:shell stdout: 
2017-01-26 05:50:55:shell stdout: 
2017-01-26 05:50:55:shell stdout: 
2017-01-26 05:50:55:shell stdout: 
2017-01-26 05:50:55:shell stdout: 
2017-01-26 05:50:55:shell stdout: 
2017-01-26 05:50:55:shell stdout: 
2017-01-26 05:50:55:shell stdout: 
2017-01-26 05:50:56:shell stdout: 
2017-01-26 05:50:56:shell stdout: 
2017-01-26 05:50:56:shell stdout: 
2017-01-26 05:50:56:shell stdout: 
2017-01-26 05:50:56:shell stdout: 
2017-01-26 05:50:56:shell stdout: 
2017-01-26 05:50:57:shell stdout: 
2017-01-26 05:50:57:shell stdout: 
2017-01-26 05:50:57:shell stdout: 
2017-01-26 05:50:57:shell stdout: 
2017-01-26 05:50:57:shell stdout: 
2017-01-26 05:50:57:shell stdout: 
2017-01-26 05:50:57:shell stdout: 
2017-01-26 05:50:58:shell stdout: 
2017-01-26 05:50:58:shell stdout: 
2017-01-26 05:50:58:shell stdout: 
2017-01-26 05:50:58:shell stdout: 
2017-01-26 05:50:58:shell stdout: 
2017-01-26 05:50:58:shell stdout: 
2017-01-26 05:50:58:shell stdout: 
2017-01-26 05:50:58:shell stdout: 
2017-01-26 05:50:59:shell stdout: 
2017-01-26 05:50:59:shell stdout: 
2017-01-26 05:50:59:shell stdout: 
2017-01-26 05:50:59:shell stdout: 
2017-01-26 05:50:59:shell stdout: 
2017-01-26 05:50:59:shell stdout: 
2017-01-26 05:51:00:shell stdout: 
2017-01-26 05:51:00:shell stdout: 
2017-01-26 05:51:00:shell stdout: 
2017-01-26 05:51:00:shell stdout: 
2017-01-26 05:51:06:no gdbExecName running, out:
2017-01-26 05:51:06:checCmd:ps -e | grep -i gdb-mic
2017-01-26 05:51:06:finished now-timestampStart < maxWaitTime*5
2017-01-26 05:51:06:now: 1485427865
2017-01-26 05:51:06:timestampStart: 1485427840
2017-01-26 05:51:06:kill cmd: killall -9 gdb-mic
2017-01-26 05:51:06:shell stdout: 
2017-01-26 05:51:07:kill cmd: ssh -T mic0 killall -9 lud_check
2017-01-26 05:51:07:shell stdout: 
2017-01-26 05:51:07:kill cmd: ssh -T mic0 killall -9 gdbserver
2017-01-26 05:51:07:shell stdout: 
2017-01-26 05:51:07:kill cmd: ssh -T mic0 killall -9 sshd
2017-01-26 05:51:07:shell stdout: 
