[INFO -- 2017-02-26 16:39:48]
Starting GDB script
[INFO -- 2017-02-26 16:39:48]
initSignal:4.0
[INFO -- 2017-02-26 16:39:48]
endSignal:8.0
[INFO -- 2017-02-26 16:39:48]
seqSignal:30
[INFO -- 2017-02-26 16:39:53]
sending 30 signals using command: 'ssh -T mic1 killall -2 lud_check' after 4.3885471205s
[INFO -- 2017-02-26 16:39:53]
sending 30 signals using command: 'ssh -T mic1 killall -2 lud_check' after 4.83213742953s
[INFO -- 2017-02-26 16:39:54]
sending 30 signals using command: 'ssh -T mic1 killall -2 lud_check' after 5.49023570332s
[INFO -- 2017-02-26 16:39:54]
shell stdout: 
[INFO -- 2017-02-26 16:39:54]
shell stdout: 
[INFO -- 2017-02-26 16:39:54]
shell stdout: 
[INFO -- 2017-02-26 16:39:54]
shell stdout: 
[INFO -- 2017-02-26 16:39:54]
shell stdout: 
[INFO -- 2017-02-26 16:39:55]
shell stdout: 
[INFO -- 2017-02-26 16:39:55]
shell stdout: 
[INFO -- 2017-02-26 16:39:55]
shell stdout: 
[INFO -- 2017-02-26 16:39:55]
shell stdout: 
[INFO -- 2017-02-26 16:39:55]
shell stdout: 
[INFO -- 2017-02-26 16:39:55]
shell stdout: 
[INFO -- 2017-02-26 16:39:55]
shell stdout: 
[INFO -- 2017-02-26 16:39:55]
shell stdout: 
[INFO -- 2017-02-26 16:39:56]
shell stdout: 
[INFO -- 2017-02-26 16:39:56]
shell stdout: 
[INFO -- 2017-02-26 16:39:56]
shell stdout: 
[INFO -- 2017-02-26 16:39:56]
shell stdout: 
[INFO -- 2017-02-26 16:39:56]
shell stdout: 
[INFO -- 2017-02-26 16:39:56]
shell stdout: 
[INFO -- 2017-02-26 16:39:56]
shell stdout: 
[INFO -- 2017-02-26 16:39:57]
shell stdout: 
[INFO -- 2017-02-26 16:39:57]
shell stdout: 
[INFO -- 2017-02-26 16:39:57]
shell stdout: 
[INFO -- 2017-02-26 16:39:57]
shell stdout: 
[INFO -- 2017-02-26 16:39:57]
shell stdout: 
[INFO -- 2017-02-26 16:39:57]
shell stdout: 
[INFO -- 2017-02-26 16:39:57]
shell stdout: 
[INFO -- 2017-02-26 16:39:58]
shell stdout: 
[INFO -- 2017-02-26 16:39:58]
shell stdout: 
[INFO -- 2017-02-26 16:39:58]
shell stdout: 
[INFO -- 2017-02-26 16:39:58]
shell stdout: 
[INFO -- 2017-02-26 16:39:58]
shell stdout: 
[INFO -- 2017-02-26 16:39:58]
shell stdout: 
[INFO -- 2017-02-26 16:39:58]
shell stdout: 
[INFO -- 2017-02-26 16:39:58]
shell stdout: 
[INFO -- 2017-02-26 16:39:59]
shell stdout: 
[INFO -- 2017-02-26 16:39:59]
shell stdout: 
[INFO -- 2017-02-26 16:39:59]
shell stdout: 
[INFO -- 2017-02-26 16:39:59]
shell stdout: 
[INFO -- 2017-02-26 16:39:59]
shell stdout: 
[INFO -- 2017-02-26 16:39:59]
shell stdout: 
[INFO -- 2017-02-26 16:40:00]
shell stdout: 
[INFO -- 2017-02-26 16:40:00]
shell stdout: 
[INFO -- 2017-02-26 16:40:00]
shell stdout: 
[INFO -- 2017-02-26 16:40:00]
shell stdout: 
[INFO -- 2017-02-26 16:40:00]
shell stdout: 
[INFO -- 2017-02-26 16:40:00]
shell stdout: 
[INFO -- 2017-02-26 16:40:00]
shell stdout: 
[INFO -- 2017-02-26 16:40:00]
shell stdout: 
[INFO -- 2017-02-26 16:40:00]
shell stdout: 
[INFO -- 2017-02-26 16:40:01]
shell stdout: 
[INFO -- 2017-02-26 16:40:01]
shell stdout: 
[INFO -- 2017-02-26 16:40:01]
shell stdout: 
[INFO -- 2017-02-26 16:40:01]
shell stdout: 
[INFO -- 2017-02-26 16:40:01]
shell stdout: 
[INFO -- 2017-02-26 16:40:01]
shell stdout: 
[INFO -- 2017-02-26 16:40:02]
shell stdout: 
[INFO -- 2017-02-26 16:40:02]
shell stdout: 
[INFO -- 2017-02-26 16:40:02]
shell stdout: 
[INFO -- 2017-02-26 16:40:02]
shell stdout: 
[INFO -- 2017-02-26 16:40:02]
shell stdout: 
[INFO -- 2017-02-26 16:40:02]
shell stdout: 
[INFO -- 2017-02-26 16:40:02]
shell stdout: 
[INFO -- 2017-02-26 16:40:02]
shell stdout: 
[INFO -- 2017-02-26 16:40:02]
shell stdout: 
[INFO -- 2017-02-26 16:40:03]
shell stdout: 
[INFO -- 2017-02-26 16:40:03]
shell stdout: 
[INFO -- 2017-02-26 16:40:03]
shell stdout: 
[INFO -- 2017-02-26 16:40:03]
shell stdout: 
[INFO -- 2017-02-26 16:40:03]
shell stdout: 
[INFO -- 2017-02-26 16:40:03]
shell stdout: 
[INFO -- 2017-02-26 16:40:04]
shell stdout: 
[INFO -- 2017-02-26 16:40:04]
shell stdout: 
[INFO -- 2017-02-26 16:40:04]
shell stdout: 
[INFO -- 2017-02-26 16:40:04]
shell stdout: 
[INFO -- 2017-02-26 16:40:04]
shell stdout: 
[INFO -- 2017-02-26 16:40:04]
shell stdout: 
[INFO -- 2017-02-26 16:40:04]
shell stdout: 
[INFO -- 2017-02-26 16:40:04]
shell stdout: 
[INFO -- 2017-02-26 16:40:05]
shell stdout: 
[INFO -- 2017-02-26 16:40:05]
shell stdout: 
[INFO -- 2017-02-26 16:40:05]
shell stdout: 
[INFO -- 2017-02-26 16:40:05]
shell stdout: 
[INFO -- 2017-02-26 16:40:05]
shell stdout: 
[INFO -- 2017-02-26 16:40:05]
shell stdout: 
[INFO -- 2017-02-26 16:40:05]
shell stdout: 
[INFO -- 2017-02-26 16:40:06]
shell stdout: 
[INFO -- 2017-02-26 16:40:06]
shell stdout: 
[INFO -- 2017-02-26 16:40:06]
shell stdout: 
[INFO -- 2017-02-26 16:40:06]
shell stdout: 
[INFO -- 2017-02-26 16:40:28]
finished due now-timestampStart > maxWaitTime*5
[INFO -- 2017-02-26 16:40:28]
now: 1488145228
[INFO -- 2017-02-26 16:40:28]
timestampStart: 1488145188
[INFO -- 2017-02-26 16:40:28]
kill cmd: killall -9 gdb-mic
[INFO -- 2017-02-26 16:40:28]
shell stdout: 
[INFO -- 2017-02-26 16:40:28]
kill cmd: ssh -T mic1 killall -9 lud_check
[INFO -- 2017-02-26 16:40:28]
shell stdout: 
[INFO -- 2017-02-26 16:40:29]
kill cmd: ssh -T mic1 killall -9 gdbserver
[INFO -- 2017-02-26 16:40:29]
shell stdout: 
[INFO -- 2017-02-26 16:40:29]
kill cmd: ssh -T mic1 killall -9 sshd
[INFO -- 2017-02-26 16:40:29]
shell stdout: 
