2016-10-29 03:03:52:Starting GDB script
2016-10-29 03:03:52:sending signal using command: 'ssh -T mic0 killall -2 lavamd' after 0.355105675556s
2016-10-29 03:03:52:shell stdout: 
2016-10-29 03:03:55:sending signal using command: 'ssh -T mic0 killall -2 lavamd' after 2.13053495576s
2016-10-29 03:03:55:shell stdout: 
2016-10-29 03:03:55:sending signal using command: 'ssh -T mic0 killall -2 lavamd' after 2.5592784813s
2016-10-29 03:03:55:shell stdout: 
2016-10-29 03:03:55:sending signal using command: 'ssh -T mic0 killall -2 lavamd' after 2.57361129796s
2016-10-29 03:03:55:shell stdout: 
2016-10-29 03:03:58:sending signal using command: 'ssh -T mic0 killall -2 lavamd' after 5.31598366039s
2016-10-29 03:03:58:shell stdout: 
2016-10-29 03:03:59:sending signal using command: 'ssh -T mic0 killall -2 lavamd' after 5.90546576294s
2016-10-29 03:03:59:shell stdout: 
2016-10-29 03:04:00:sending signal using command: 'ssh -T mic0 killall -2 lavamd' after 7.17911622274s
2016-10-29 03:04:00:shell stdout: 
2016-10-29 03:04:00:sending signal using command: 'ssh -T mic0 killall -2 lavamd' after 7.77094551924s
2016-10-29 03:04:00:shell stdout: 
2016-10-29 03:04:00:sending signal using command: 'ssh -T mic0 killall -2 lavamd' after 8.14508227613s
2016-10-29 03:04:00:shell stdout: 
2016-10-29 03:04:01:sending signal using command: 'ssh -T mic0 killall -2 lavamd' after 8.51737564696s
2016-10-29 03:04:01:shell stdout: 
2016-10-29 03:04:09:no gdbExecName running, out:
2016-10-29 03:04:09:checCmd:ps -e | grep -i gdb-mic
2016-10-29 03:04:09:finished now-timestampStart < maxWaitTime*5
2016-10-29 03:04:09:now: 1477724648
2016-10-29 03:04:09:timestampStart: 1477724632
2016-10-29 03:04:09:kill cmd: killall -9 gdb-mic
2016-10-29 03:04:09:shell stdout: 
2016-10-29 03:04:09:kill cmd: ssh -T mic0 killall -9 lavamd
2016-10-29 03:04:09:shell stdout: 
2016-10-29 03:04:10:kill cmd: ssh -T mic0 killall -9 gdbserver
2016-10-29 03:04:10:shell stdout: 
2016-10-29 03:04:10:kill cmd: ssh -T mic0 killall -9 sshd
2016-10-29 03:04:10:shell stdout: 
