#HEADER matrix_dim:8192 threads:228
#BEGIN Y:2016 M:10 D:30 Time:19:38:49
#IT Ite:0 KerTime:7.819382 AccTime:7.819382
#ERR  p: [8052, 8096], r: 9.5686316490173340e-01, e: 9.5698440074920654e-01
#ERR  p: [8122, 8096], r: 1.9458204507827759e-02, e: 1.9459754228591919e-02
#ERR  p: [7947, 8096], r: 8.6231702566146851e-01, e: 8.6213648319244385e-01
#ERR  p: [8157, 8096], r: 1.8797039985656738e-02, e: 1.8797159194946289e-02
#ERR  p: [8087, 8096], r: 9.9176514148712158e-01, e: 9.9161136150360107e-01
#ERR  p: [7982, 8096], r: 8.9210283756256104e-01, e: 8.9214909076690674e-01
#ERR  p: [7842, 8096], r: 7.7579241991043091e-01, e: 7.7587467432022095e-01
#ERR  p: [7560, 8096], r: 5.8529585599899292e-01, e: 5.8512127399444580e-01
#ERR  p: [7737, 8096], r: 6.9850802421569824e-01, e: 6.9842410087585449e-01
#ERR  p: [7807, 8096], r: 7.4917578697204590e-01, e: 7.4912655353546143e-01
#ERR  p: [7877, 8096], r: 8.0306363105773926e-01, e: 8.0308079719543457e-01
#ERR  p: [8017, 8096], r: 9.2384159564971924e-01, e: 9.2371356487274170e-01
#ERR  p: [7912, 8096], r: 8.3137577772140503e-01, e: 8.3134299516677856e-01
#ERR  p: [7772, 8096], r: 7.2316086292266846e-01, e: 7.2333610057830811e-01
#ERR  p: [7667, 8096], r: 6.5110182762145996e-01, e: 6.5099084377288818e-01
#ERR  p: [7632, 8096], r: 6.2872457504272461e-01, e: 6.2876337766647339e-01
#ERR  p: [7596, 8096], r: 6.0650068521499634e-01, e: 6.0658645629882812e-01
#ERR  p: [7524, 8096], r: 5.6471490859985352e-01, e: 5.6462538242340088e-01
#ERR  p: [7702, 8096], r: 6.7429316043853760e-01, e: 6.7445272207260132e-01
#ERR  p: [112, 8112], r: -4.9420036375522614e-03, e: 3.3552222885191441e-04
#ERR  p: [432, 8112], r: 4.6205546823330224e-04, e: 4.6194330207072198e-04
#ERR  p: [396, 8112], r: 4.4580435496754944e-04, e: 4.4556040666066110e-04
#ERR  p: [144, 8112], r: 3.4638543729670346e-04, e: 3.4632280585356057e-04
#ERR  p: [288, 8112], r: 4.0011163218878210e-04, e: 4.0000022272579372e-04
#ERR  p: [180, 8112], r: 3.5913285682909191e-04, e: 3.5915672197006643e-04
#ERR  p: [216, 8112], r: 3.7174136377871037e-04, e: 3.7221444654278457e-04
#ERR  p: [360, 8112], r: 4.2991529335267842e-04, e: 4.2987923370674253e-04
#ERR  p: [324, 8112], r: 4.1502225212752819e-04, e: 4.1460408829152584e-04
#ERR  p: [252, 8112], r: 3.8648725603707135e-04, e: 3.8589184987358749e-04
#ERR  p: [7452, 8096], r: 5.2518290281295776e-01, e: 5.2513146400451660e-01
#ERR  p: [7488, 8096], r: 5.4452008008956909e-01, e: 5.4447084665298462e-01
#ERR  p: [7380, 8096], r: 4.8905676603317261e-01, e: 4.8879337310791016e-01
#ERR  p: [7416, 8096], r: 5.0652766227722168e-01, e: 5.0656574964523315e-01
#ERR  p: [468, 8112], r: 4.7880804049782455e-04, e: 4.7886720858514309e-04
#ERR  p: [540, 8112], r: 5.1447091391310096e-04, e: 5.1464716671034694e-04
#ERR  p: [2052, 8112], r: 2.3352371063083410e-03, e: 2.3347476962953806e-03
#ERR  p: [8052, 8097], r: 9.5598340034484863e-01, e: 9.5617622137069702e-01
#ERR  p: [4752, 8096], r: 3.5328015685081482e-02, e: 3.5319529473781586e-02
#ERR  p: [8122, 8099], r: 1.9519213587045670e-02, e: 1.9530106335878372e-02
#ERR  p: [7947, 8098], r: 8.6076831817626953e-01, e: 8.6094141006469727e-01
#ERR  p: [5076, 8096], r: 4.8793882131576538e-02, e: 4.8792961984872818e-02
#ERR  p: [4716, 8096], r: 3.4047715365886688e-02, e: 3.4044221043586731e-02
#ERR  p: [972, 8112], r: 7.9269555862993002e-04, e: 7.9264311352744699e-04
#ERR  p: [4788, 8096], r: 3.6607529968023300e-02, e: 3.6609489470720291e-02
#ERR  p: [1512, 8112], r: 1.3603535480797291e-03, e: 1.3603186234831810e-03
#ERR  p: [612, 8112], r: 5.5264338152483106e-04, e: 5.5302720284089446e-04
#ERR  p: [1440, 8112], r: 1.2660053325816989e-03, e: 1.2657693587243557e-03
#ERR  p: [1548, 8112], r: 1.4102940913289785e-03, e: 1.4104046858847141e-03
#ERR  p: [1476, 8112], r: 1.3119190698489547e-03, e: 1.3121331576257944e-03
#ERR  p: [4644, 8096], r: 3.1703144311904907e-02, e: 3.1700242310762405e-02
#ERR  p: [7128, 8096], r: 3.7990263104438782e-01, e: 3.7992987036705017e-01
#ERR  p: [8158, 8096], r: 1.8761843442916870e-02, e: 1.8761277198791504e-02
#ERR  p: [504, 8112], r: 4.9619277706369758e-04, e: 4.9648882122710347e-04
#ERR  p: [4968, 8096], r: 4.3817710131406784e-02, e: 4.3817315250635147e-02
#ERR  p: [8088, 8096], r: 9.9188482761383057e-01, e: 9.9195641279220581e-01
#ERR  p: [4860, 8096], r: 3.9333596825599670e-02, e: 3.9335738867521286e-02
#ERR  p: [4608, 8096], r: 3.0553404241800308e-02, e: 3.0555082485079765e-02
#ERR  p: [1944, 8112], r: 2.0948378369212151e-03, e: 2.0961635746061802e-03
#ERR  p: [1404, 8112], r: 1.2210918357595801e-03, e: 1.2210903223603964e-03
#ERR  p: [7308, 8096], r: 4.5494332909584045e-01, e: 4.5474833250045776e-01
#ERR  p: [7272, 8096], r: 4.3872123956680298e-01, e: 4.3877086043357849e-01
#ERR  p: [4932, 8096], r: 4.2280912399291992e-02, e: 4.2279105633497238e-02
#ERR  p: [1872, 8112], r: 1.9500516355037689e-03, e: 1.9499147310853004e-03
#ERR  p: [1224, 8112], r: 1.0197703959420323e-03, e: 1.0197864612564445e-03
#ERR  p: [936, 8112], r: 7.6476443791761994e-04, e: 7.6487986370921135e-04
#ERR  p: [7560, 8099], r: 5.8313173055648804e-01, e: 5.8314555883407593e-01
#ERR  p: [7236, 8096], r: 4.2344546318054199e-01, e: 4.2339697480201721e-01
#ERR  p: [1980, 8112], r: 2.1721010562032461e-03, e: 2.1730302833020687e-03
#ERR  p: [7982, 8097], r: 8.9171648025512695e-01, e: 8.9189851284027100e-01
#ERR  p: [684, 8112], r: 5.9414823772385716e-04, e: 5.9428659733384848e-04
#ERR  p: [7164, 8096], r: 3.9379420876502991e-01, e: 3.9384159445762634e-01
#ERR  p: [1080, 8112], r: 8.8321941439062357e-04, e: 8.8328425772488117e-04
#ERR  p: [7877, 8102], r: 7.9813569784164429e-01, e: 7.9855102300643921e-01
#ERR  p: [1620, 8112], r: 1.5154476277530193e-03, e: 1.5154865104705095e-03
#ERR  p: [7912, 8104], r: 8.2527762651443481e-01, e: 8.2517397403717041e-01
#ERR  p: [900, 8112], r: 7.3732179589569569e-04, e: 7.3737622005864978e-04
#ERR  p: [1008, 8112], r: 8.2162203034386039e-04, e: 8.2181137986481190e-04
#ERR  p: [6912, 8096], r: 3.0612176656723022e-01, e: 3.0602589249610901e-01
#ERR  p: [7667, 8105], r: 6.4542549848556519e-01, e: 6.4528524875640869e-01
#ERR  p: [1296, 8112], r: 1.0955187026411295e-03, e: 1.0955624748021364e-03
#ERR  p: [4680, 8096], r: 3.2850328832864761e-02, e: 3.2854735851287842e-02
#ERR  p: [7772, 8106], r: 7.1580696105957031e-01, e: 7.1574288606643677e-01
#ERR  p: [7842, 8098], r: 7.7407354116439819e-01, e: 7.7407336235046387e-01
#ERR  p: [2088, 8112], r: 2.4189890827983618e-03, e: 2.4198661558330059e-03
#ERR  p: [7200, 8096], r: 4.0832075476646423e-01, e: 4.0828943252563477e-01
#ERR  p: [828, 8112], r: 6.8674387875944376e-04, e: 6.8644451675936580e-04
#ERR  p: [2916, 8096], r: 5.6272647343575954e-03, e: 5.6273099035024643e-03
#ERR  p: [1908, 8112], r: 2.0213962998241186e-03, e: 2.0219441503286362e-03
#ERR  p: [7737, 8100], r: 6.9571721553802490e-01, e: 6.9576162099838257e-01
#ERR  p: [7807, 8101], r: 7.4571716785430908e-01, e: 7.4545156955718994e-01
#ERR  p: [8017, 8103], r: 9.1779744625091553e-01, e: 9.1748315095901489e-01
#ERR  p: [7525, 8096], r: 5.6492555141448975e-01, e: 5.6485879421234131e-01
#ERR  p: [2556, 8096], r: 3.9241155609488487e-03, e: 3.9245528168976307e-03
#ERR  p: [4500, 8096], r: 2.7443731203675270e-02, e: 2.7444303035736084e-02
#ERR  p: [6840, 8096], r: 2.8473335504531860e-01, e: 2.8478702902793884e-01
#ERR  p: [756, 8112], r: 6.3867034623399377e-04, e: 6.3868873985484242e-04
#ERR  p: [576, 8112], r: 5.3392519475892186e-04, e: 5.3353555267676711e-04
#ERR  p: [3132, 8096], r: 6.9850245490670204e-03, e: 6.9856070913374424e-03
#ERR  p: [7632, 8107], r: 6.2189078330993652e-01, e: 6.2198024988174438e-01
#ERR  p: [1656, 8112], r: 1.5714762266725302e-03, e: 1.5713713364675641e-03
#ERR  p: [3168, 8096], r: 7.2381682693958282e-03, e: 7.2378069162368774e-03
#ERR  p: [2016, 8112], r: 2.2507840767502785e-03, e: 2.2518679033964872e-03
#ERR  p: [648, 8112], r: 5.7336926693096757e-04, e: 5.7333393488079309e-04
#ERR  p: [6984, 8096], r: 3.2876786589622498e-01, e: 3.2876265048980713e-01
#ERR  p: [1044, 8112], r: 8.5171288810670376e-04, e: 8.5183087503537536e-04
#ERR  p: [1764, 8112], r: 1.7508447635918856e-03, e: 1.7508775927126408e-03
#ERR  p: [864, 8112], r: 7.1170186856761575e-04, e: 7.1162247331812978e-04
#ERR  p: [144, 8115], r: 3.4538266481831670e-04, e: 3.4532003337517381e-04
#ERR  p: [2628, 8096], r: 4.2188907973468304e-03, e: 4.2189909145236015e-03
#ERR  p: [7020, 8096], r: 3.4088245034217834e-01, e: 3.4100180864334106e-01
#ERR  p: [288, 8116], r: 3.9848752203397453e-04, e: 3.9838044904172421e-04
#ERR  p: [360, 8119], r: 4.2688378016464412e-04, e: 4.2684553773142397e-04
#ERR  p: [5220, 8096], r: 5.6350551545619965e-02, e: 5.6357942521572113e-02
#ERR  p: [6732, 8096], r: 2.5559279322624207e-01, e: 2.5565880537033081e-01
#ERR  p: [216, 8118], r: 3.6952240043319762e-04, e: 3.6999111762270331e-04
#ERR  p: [252, 8122], r: 3.8261024747043848e-04, e: 3.8203378790058196e-04
#ERR  p: [7452, 8120], r: 5.1303750276565552e-01, e: 5.1278841495513916e-01
#ERR  p: [5112, 8096], r: 5.0613794475793839e-02, e: 5.0597656518220901e-02
#ERR  p: [7092, 8096], r: 3.6659833788871765e-01, e: 3.6661747097969055e-01
#ERR  p: [1332, 8112], r: 1.1360669741407037e-03, e: 1.1360942153260112e-03
#ERR  p: [792, 8112], r: 6.6259811865165830e-04, e: 6.6225108457729220e-04
#ERR  p: [4896, 8096], r: 4.0764763951301575e-02, e: 4.0767095983028412e-02
#ERR  p: [7488, 8123], r: 5.3020304441452026e-01, e: 5.2998310327529907e-01
#ERR  p: [5004, 8096], r: 4.5410893857479095e-02, e: 4.5404601842164993e-02
#ERR  p: [1116, 8112], r: 9.1521040303632617e-04, e: 9.1540336143225431e-04
#ERR  p: [3780, 8096], r: 1.3355006463825703e-02, e: 1.3354097492992878e-02
#ERR  p: [4536, 8096], r: 2.8435153886675835e-02, e: 2.8429185971617699e-02
#ERR  p: [720, 8112], r: 6.1653775628656149e-04, e: 6.1622681096196175e-04
#ERR  p: [2160, 8112], r: 2.6010472793132067e-03, e: 2.6001266669481993e-03
#ERR  p: [1800, 8112], r: 1.8136774888262153e-03, e: 1.8139964668080211e-03
#ERR  p: [1692, 8112], r: 1.6292131040245295e-03, e: 1.6288475599139929e-03
#ERR  p: [1224, 8157], r: 9.7502372227609158e-04, e: 9.7498582908883691e-04
#ERR  p: [1188, 8112], r: 9.8373589571565390e-04, e: 9.8386185709387064e-04
#ERR  p: [6948, 8096], r: 3.1735900044441223e-01, e: 3.1739819049835205e-01
#ERR  p: [684, 8163], r: 5.6462176144123077e-04, e: 5.6475208839401603e-04
#ERR  p: [6768, 8096], r: 2.6505774259567261e-01, e: 2.6509243249893188e-01
#ERR  p: [5148, 8096], r: 5.2425164729356766e-02, e: 5.2422460168600082e-02
#ERR  p: [5184, 8096], r: 5.4381694644689560e-02, e: 5.4390270262956619e-02
#ERR  p: [1836, 8112], r: 1.8809930188581347e-03, e: 1.8814911600202322e-03
#ERR  p: [1152, 8112], r: 9.4886618899181485e-04, e: 9.4895937945693731e-04
#ERR  p: [4824, 8096], r: 3.7940073758363724e-02, e: 3.7929367274045944e-02
#ERR  p: [6372, 8096], r: 1.7824801802635193e-01, e: 1.7825250327587128e-01
#ERR  p: [7597, 8096], r: 6.0772669315338135e-01, e: 6.0758405923843384e-01
#ERR  p: [1260, 8112], r: 1.0572958271950483e-03, e: 1.0572855826467276e-03
#ERR  p: [7344, 8096], r: 4.7146141529083252e-01, e: 4.7154349088668823e-01
#ERR  p: [3060, 8096], r: 6.5067331306636333e-03, e: 6.5066865645349026e-03
#ERR  p: [3204, 8096], r: 7.5111836194992065e-03, e: 7.5117321684956551e-03
#ERR  p: [6804, 8096], r: 2.7481952309608459e-01, e: 2.7478668093681335e-01
#ERR  p: [6876, 8096], r: 2.9516524076461792e-01, e: 2.9532152414321899e-01
#ERR  p: [2592, 8096], r: 4.0685171261429787e-03, e: 4.0686335414648056e-03
#ERR  p: [1368, 8112], r: 1.1776540195569396e-03, e: 1.1777871986851096e-03
#ERR  p: [3096, 8096], r: 6.7404792644083500e-03, e: 6.7408168688416481e-03
#ERR  p: [2520, 8096], r: 3.7882018368691206e-03, e: 3.7881813477724791e-03
#ERR  p: [2448, 8112], r: 3.4697528462857008e-03, e: 3.4698285162448883e-03
#ERR  p: [1584, 8112], r: 1.4617893612012267e-03, e: 1.4618331333622336e-03
#ERR  p: [2052, 8129], r: 2.2953553125262260e-03, e: 2.2957748733460903e-03
#ERR  p: [7056, 8096], r: 3.5341048240661621e-01, e: 3.5342761874198914e-01
#ERR  p: [5040, 8096], r: 4.7079626470804214e-02, e: 4.7071419656276703e-02
#ERR  p: [2844, 8096], r: 5.2384641021490097e-03, e: 5.2388720214366913e-03
#ERR  p: [4572, 8096], r: 2.9489910230040550e-02, e: 2.9493778944015503e-02
#ERR  p: [7702, 8097], r: 6.7380923032760620e-01, e: 6.7364853620529175e-01
#ERR  p: [2124, 8112], r: 2.5080367922782898e-03, e: 2.5083862710744143e-03
#ERR  p: [3672, 8096], r: 1.1986036784946918e-02, e: 1.1985593475401402e-02
#ERR  p: [112, 8112], r: -4.9420036375522614e-03, e: 3.3552222885191441e-04
#ERR  p: [396, 8114], r: 4.4492870802059770e-04, e: 4.4468184933066368e-04
#ERR  p: [2880, 8096], r: 5.4282508790493011e-03, e: 5.4282103665173054e-03
#ERR  p: [432, 8113], r: 4.6155293239280581e-04, e: 4.6148229739628732e-04
#ERR  p: [4464, 8096], r: 2.6466818526387215e-02, e: 2.6471015065908432e-02
#ERR  p: [3276, 8096], r: 8.0687534064054489e-03, e: 8.0684972926974297e-03
#ERR  p: [180, 8117], r: 3.5722414031624794e-04, e: 3.5724544432014227e-04
#ERR  p: [1728, 8112], r: 1.6880778130143881e-03, e: 1.6880836337804794e-03
#ERR  p: [324, 8121], r: 4.1129050077870488e-04, e: 4.1089946171268821e-04
#ERR  p: [3528, 8096], r: 1.0379263199865818e-02, e: 1.0379007086157799e-02
#ERR  p: [7380, 8125], r: 4.7502225637435913e-01, e: 4.7479841113090515e-01
#ERR  p: [5292, 8096], r: 6.0567550361156464e-02, e: 6.0551792383193970e-02
#ERR  p: [4752, 8131], r: 3.4089814871549606e-02, e: 3.4079976379871368e-02
#ERR  p: [6516, 8096], r: 2.0610782504081726e-01, e: 2.0606818795204163e-01
#ERR  p: [3420, 8096], r: 9.3177007511258125e-03, e: 9.3163596466183662e-03
#ERR  p: [5832, 8096], r: 1.0393853485584259e-01, e: 1.0390236973762512e-01
#ERR  p: [2232, 8112], r: 2.7952510863542557e-03, e: 2.7960990555584431e-03
#ERR  p: [3492, 8096], r: 1.0017476044595242e-02, e: 1.0016742162406445e-02
#ERR  p: [2484, 8096], r: 3.6549710202962160e-03, e: 3.6549200303852558e-03
#ERR  p: [6624, 8096], r: 2.2945061326026917e-01, e: 2.2947038710117340e-01
#ERR  p: [6120, 8096], r: 1.3862428069114685e-01, e: 1.3863648474216461e-01
#ERR  p: [2376, 8112], r: 3.2289482187479734e-03, e: 3.2288490328937769e-03
#ERR  p: [7416, 8126], r: 4.9177047610282898e-01, e: 4.9192345142364502e-01
#ERR  p: [3024, 8096], r: 6.2691927887499332e-03, e: 6.2693674117326736e-03
#ERR  p: [2664, 8096], r: 4.3756738305091858e-03, e: 4.3757231906056404e-03
#ERR  p: [2700, 8096], r: 4.5363334938883781e-03, e: 4.5362925156950951e-03
#ERR  p: [2412, 8112], r: 3.3458571415394545e-03, e: 3.3461572602391243e-03
#ERR  p: [468, 8127], r: 4.7169963363558054e-04, e: 4.7180196270346642e-04
#ERR  p: [540, 8128], r: 5.0638068933039904e-04, e: 5.0652382196858525e-04
#ERR  p: [2772, 8096], r: 4.8756077885627747e-03, e: 4.8758527263998985e-03
#ERR  p: [2808, 8096], r: 5.0508403219282627e-03, e: 5.0510121509432793e-03
#ERR  p: [5940, 8096], r: 1.1582224071025848e-01, e: 1.1577776819467545e-01
#ERR  p: [3348, 8096], r: 8.6705461144447327e-03, e: 8.6684441193938255e-03
#ERR  p: [6696, 8096], r: 2.4650819599628448e-01, e: 2.4653320014476776e-01
#ERR  p: [2304, 8112], r: 3.0051495414227247e-03, e: 3.0053623486310244e-03
#ERR  p: [4212, 8096], r: 2.0582677796483040e-02, e: 2.0577693358063698e-02
#ERR  p: [6228, 8096], r: 1.5447863936424255e-01, e: 1.5447355806827545e-01
#ERR  p: [2988, 8096], r: 6.0501089319586754e-03, e: 6.0502779670059681e-03
#ERR  p: [2340, 8112], r: 3.1133703887462616e-03, e: 3.1138672493398190e-03
#ERR  p: [8052, 8130], r: 9.2492842674255371e-01, e: 9.2533087730407715e-01
#ERR  p: [2736, 8096], r: 4.7006178647279739e-03, e: 4.7005303204059601e-03
#ERR  p: [3240, 8096], r: 7.7837426215410233e-03, e: 7.7843139879405499e-03
#ERR  p: [612, 8139], r: 5.3789315279573202e-04, e: 5.3824018687009811e-04
#ERR  p: [3456, 8096], r: 9.6558863297104836e-03, e: 9.6556767821311951e-03
#ERR  p: [1512, 8138], r: 1.3252643402665854e-03, e: 1.3253794750198722e-03
#ERR  p: [2196, 8112], r: 2.6962542906403542e-03, e: 2.6963897980749607e-03
#ERR  p: [8122, 8132], r: 9.8992180824279785e-01, e: 9.8954081535339355e-01
#ERR  p: [2952, 8096], r: 5.8374670334160328e-03, e: 5.8372891508042812e-03
#ERR  p: [5076, 8134], r: 4.6988561749458313e-02, e: 4.6983540058135986e-02
#ERR  p: [6552, 8096], r: 2.1355630457401276e-01, e: 2.1352124214172363e-01
#ERR  p: [2268, 8112], r: 2.8973843436688185e-03, e: 2.8975678142160177e-03
#ERR  p: [6480, 8096], r: 1.9866237044334412e-01, e: 1.9871160387992859e-01
#ERR  p: [7947, 8133], r: 8.3038973808288574e-01, e: 8.3073067665100098e-01
#ERR  p: [4068, 8096], r: 1.7808968201279640e-02, e: 1.7807383090257645e-02
#ERR  p: [3312, 8096], r: 8.3563374355435371e-03, e: 8.3571989089250565e-03
#ERR  p: [3600, 8096], r: 1.1150258593261242e-02, e: 1.1152484454214573e-02
#ERR  p: [5328, 8096], r: 6.2770709395408630e-02, e: 6.2763251364231110e-02
#ERR  p: [3636, 8096], r: 1.1568596586585045e-02, e: 1.1570204980671406e-02
#ERR  p: [5544, 8096], r: 7.7915027737617493e-02, e: 7.7944725751876831e-02
#ERR  p: [972, 8136], r: 7.7400531154125929e-04, e: 7.7381962910294533e-04
#ERR  p: [4716, 8135], r: 3.2722093164920807e-02, e: 3.2741889357566833e-02
#ERR  p: [6156, 8096], r: 1.4370672404766083e-01, e: 1.4374010264873505e-01
#ERR  p: [5904, 8096], r: 1.1168987303972244e-01, e: 1.1173427104949951e-01
#ERR  p: [6408, 8096], r: 1.8493761122226715e-01, e: 1.8491885066032410e-01
#ERR  p: [6012, 8096], r: 1.2446302175521851e-01, e: 1.2446200102567673e-01
#ERR  p: [6444, 8096], r: 1.9172447919845581e-01, e: 1.9172318279743195e-01
#ERR  p: [5256, 8096], r: 5.8443535119295120e-02, e: 5.8451324701309204e-02
#ERR  p: [6048, 8096], r: 1.2890392541885376e-01, e: 1.2897236645221710e-01
#ERR  p: [5436, 8096], r: 6.9913573563098907e-02, e: 6.9911524653434753e-02
#ERR  p: [3384, 8096], r: 8.9868884533643723e-03, e: 8.9876288548111916e-03
#ERR  p: [6336, 8096], r: 1.7195786535739899e-01, e: 1.7195059359073639e-01
#ERR  p: [6660, 8096], r: 2.3799419403076172e-01, e: 2.3792742192745209e-01
#ERR  p: [4788, 8137], r: 3.5133525729179382e-02, e: 3.5138364881277084e-02
#ERR  p: [4428, 8096], r: 2.5530658662319183e-02, e: 2.5528492406010628e-02
#ERR  p: [5976, 8096], r: 1.2004067003726959e-01, e: 1.1999050527811050e-01
#ERR  p: [4392, 8096], r: 2.4626921862363815e-02, e: 2.4632984772324562e-02
#ERR  p: [5472, 8096], r: 7.2560139000415802e-02, e: 7.2560600936412811e-02
#ERR  p: [1440, 8140], r: 1.2307247379794717e-03, e: 1.2309650192037225e-03
#ERR  p: [4104, 8096], r: 1.8456846475601196e-02, e: 1.8455937504768372e-02
#ERR  p: [6084, 8096], r: 1.3378520309925079e-01, e: 1.3375881314277649e-01
#ERR  p: [6588, 8096], r: 2.2136241197586060e-01, e: 2.2130778431892395e-01
#ERR  p: [3564, 8096], r: 1.0762642137706280e-02, e: 1.0762398131191730e-02
#ERR  p: [5616, 8096], r: 8.3781741559505463e-02, e: 8.3788178861141205e-02
#ERR  p: [5400, 8096], r: 6.7467883229255676e-02, e: 6.7475251853466034e-02
#ERR  p: [5724, 8096], r: 9.3274891376495361e-02, e: 9.3255780637264252e-02
#ERR  p: [5580, 8096], r: 8.0798707902431488e-02, e: 8.0797404050827026e-02
#ERR  p: [5688, 8096], r: 8.9988544583320618e-02, e: 8.9982710778713226e-02
#ERR  p: [4356, 8096], r: 2.3761617019772530e-02, e: 2.3758830502629280e-02
#ERR  p: [5508, 8096], r: 7.5150556862354279e-02, e: 7.5163431465625763e-02
#ERR  p: [1548, 8141], r: 1.3698040274903178e-03, e: 1.3698519906029105e-03
#ERR  p: [4320, 8096], r: 2.2924084216356277e-02, e: 2.2925017401576042e-02
#ERR  p: [6264, 8096], r: 1.6016161441802979e-01, e: 1.6008611023426056e-01
#ERR  p: [3708, 8096], r: 1.2429933995008469e-02, e: 1.2428570538759232e-02
#ERR  p: [3852, 8096], r: 1.4351122081279755e-02, e: 1.4353127218782902e-02
#ERR  p: [4644, 8143], r: 3.0240705236792564e-02, e: 3.0235528945922852e-02
#ERR  p: [1476, 8142], r: 1.2730438029393554e-03, e: 1.2733911862596869e-03
#ERR  p: [4248, 8096], r: 2.1323408931493759e-02, e: 2.1319631487131119e-02
#ERR  p: [4284, 8096], r: 2.2104650735855103e-02, e: 2.2107191383838654e-02
#ERR  p: [7128, 8144], r: 3.6218917369842529e-01, e: 3.6211326718330383e-01
#ERR  p: [5652, 8096], r: 8.6843200027942657e-02, e: 8.6849056184291840e-02
#ERR  p: [4176, 8096], r: 1.9839214161038399e-02, e: 1.9842386245727539e-02
#ERR  p: [5796, 8096], r: 1.0028064250946045e-01, e: 1.0027462989091873e-01
#ERR  p: [8088, 8148], r: 9.4138610363006592e-01, e: 9.4172781705856323e-01
#ERR  p: [5364, 8096], r: 6.5103642642498016e-02, e: 6.5093360841274261e-02
#ERR  p: [504, 8146], r: 4.7967940918169916e-04, e: 4.7992414329200983e-04
#ERR  p: [3744, 8096], r: 1.2882781215012074e-02, e: 1.2886349111795425e-02
#ERR  p: [8158, 8145], r: 1.9727911800146103e-02, e: 1.9733482971787453e-02
#ERR  p: [3960, 8096], r: 1.5992442145943642e-02, e: 1.5994261950254440e-02
#ERR  p: [4140, 8096], r: 1.9142687320709229e-02, e: 1.9143735989928246e-02
#ERR  p: [4968, 8147], r: 4.1622098535299301e-02, e: 4.1618019342422485e-02
#ERR  p: [3816, 8096], r: 1.3839229941368103e-02, e: 1.3844211585819721e-02
#ERR  p: [4608, 8150], r: 2.8943631798028946e-02, e: 2.8946662321686745e-02
#ERR  p: [3924, 8096], r: 1.5425689518451691e-02, e: 1.5428116545081139e-02
#ERR  p: [4032, 8096], r: 1.7180195078253746e-02, e: 1.7181267961859703e-02
#ERR  p: [4860, 8149], r: 3.7278868257999420e-02, e: 3.7276584655046463e-02
#ERR  p: [1944, 8151], r: 2.0155906677246094e-03, e: 2.0150386262685061e-03
#ERR  p: [1404, 8152], r: 1.1735904263332486e-03, e: 1.1733252322301269e-03
#ERR  p: [6300, 8096], r: 1.6603656113147736e-01, e: 1.6603600978851318e-01
#ERR  p: [7308, 8153], r: 4.2949020862579346e-01, e: 4.2945963144302368e-01
#ERR  p: [3996, 8096], r: 1.6569428145885468e-02, e: 1.6567703336477280e-02
#ERR  p: [3888, 8096], r: 1.4865363016724586e-02, e: 1.4865386299788952e-02
#ERR  p: [7272, 8154], r: 4.1409656405448914e-01, e: 4.1397905349731445e-01
#ERR  p: [1872, 8156], r: 1.8658306216821074e-03, e: 1.8654490122571588e-03
#ERR  p: [4932, 8155], r: 3.9850197732448578e-02, e: 3.9855722337961197e-02
#ERR  p: [7560, 8159], r: 5.4921960830688477e-01, e: 5.4915100336074829e-01
#ERR  p: [936, 8158], r: 7.3043070733547211e-04, e: 7.3049112688750029e-04
#ERR  p: [7236, 8160], r: 3.9694792032241821e-01, e: 3.9687818288803101e-01
#ERR  p: [7982, 8162], r: 8.3515995740890503e-01, e: 8.3558207750320435e-01
#ERR  p: [5868, 8096], r: 1.0771768540143967e-01, e: 1.0772178322076797e-01
#ERR  p: [1980, 8161], r: 2.0687375217676163e-03, e: 2.0683063194155693e-03
#ERR  p: [5760, 8096], r: 9.6726872026920319e-02, e: 9.6719600260257721e-02
#ERR  p: [7164, 8164], r: 3.6774277687072754e-01, e: 3.6788412928581238e-01
#ERR  p: [1080, 8165], r: 8.3768047625198960e-04, e: 8.3747075404971838e-04
#ERR  p: [6192, 8096], r: 1.4899341762065887e-01, e: 1.4895817637443542e-01
#ERR  p: [1620, 8166], r: 1.4353598235175014e-03, e: 1.4355971943587065e-03
#ERR  p: [7877, 8167], r: 7.4822998046875000e-01, e: 7.4851852655410767e-01
#ERR  p: [7912, 8168], r: 7.7420723438262939e-01, e: 7.7412295341491699e-01
#ERR  p: [900, 8169], r: 6.9661933230236173e-04, e: 6.9668702781200409e-04
#ERR  p: [1008, 8170], r: 7.7532720752060413e-04, e: 7.7550049172714353e-04
#ERR  p: [6912, 8171], r: 2.8401458263397217e-01, e: 2.8407278656959534e-01
#ERR  p: [4680, 8174], r: 3.0380325391888618e-02, e: 3.0375780537724495e-02
#ERR  p: [1296, 8173], r: 1.0306780459359288e-03, e: 1.0310800280421972e-03
#ERR  p: [7667, 8172], r: 6.0356581211090088e-01, e: 6.0345542430877686e-01
#ERR  p: [7772, 8175], r: 6.6823482513427734e-01, e: 6.6824376583099365e-01
#ERR  p: [7842, 8176], r: 7.1601998805999756e-01, e: 7.1587139368057251e-01
#ERR  p: [5148, 8148], r: 4.9782730638980865e-02, e: 4.9781564623117447e-02
#ERR  p: [7200, 8177], r: 3.7646985054016113e-01, e: 3.7638890743255615e-01
#ERR  p: [2088, 8178], r: 2.2657571826130152e-03, e: 2.2656130604445934e-03
#ERR  p: [2916, 8180], r: 5.1767476834356785e-03, e: 5.1746582612395287e-03
#ERR  p: [828, 8179], r: 6.4217695035040379e-04, e: 6.4191402634605765e-04
#ERR  p: [1908, 8181], r: 1.8870297353714705e-03, e: 1.8862407887354493e-03
#ERR  p: [7737, 8182], r: 6.4093828201293945e-01, e: 6.4098113775253296e-01
#ERR  p: [7807, 8183], r: 6.8649941682815552e-01, e: 6.8652778863906860e-01
#ERR  p: [8017, 8184], r: 8.4622204303741455e-01, e: 8.4608048200607300e-01
#ERR  p: [7525, 8185], r: 5.1676893234252930e-01, e: 5.1680153608322144e-01
#ERR  p: [3096, 8164], r: 6.2953075394034386e-03, e: 6.2939263880252838e-03
#ERR  p: [2556, 8186], r: 3.5886873956769705e-03, e: 3.5882038064301014e-03
#ERR  p: [4500, 8187], r: 2.5059707462787628e-02, e: 2.5068290531635284e-02
#ERR  p: [6840, 8188], r: 2.5988247990608215e-01, e: 2.5980979204177856e-01
#ERR  p: [756, 8189], r: 5.9136521304026246e-04, e: 5.9128744760528207e-04
#ERR  p: [576, 8190], r: 4.9386767204850912e-04, e: 4.9349112669005990e-04
#ERR  p: [3132, 8191], r: 6.3558104448020458e-03, e: 6.3575357198715210e-03
#ERR  p: [7633, 8096], r: 6.2950146198272705e-01, e: 6.2937921285629272e-01
#ERR  p: [3168, 8097], r: 7.2357915341854095e-03, e: 7.2354185394942760e-03
#ERR  p: [1657, 8112], r: 1.5716822817921638e-03, e: 1.5720435185357928e-03
#ERR  p: [2016, 8113], r: 2.2498285397887230e-03, e: 2.2498373873531818e-03
#ERR  p: [2124, 8174], r: 2.3575564846396446e-03, e: 2.3572740610688925e-03
#ERR  p: [648, 8114], r: 5.7223177282139659e-04, e: 5.7215895503759384e-04
#ERR  p: [6984, 8115], r: 3.2259404659271240e-01, e: 3.2262855768203735e-01
#ERR  p: [1044, 8116], r: 8.4837566828355193e-04, e: 8.4849109407514334e-04
#ERR  p: [1764, 8117], r: 1.7423215322196484e-03, e: 1.7423039535060525e-03
#ERR  p: [864, 8118], r: 7.0732209132984281e-04, e: 7.0735340705141425e-04
#ERR  p: [144, 8119], r: 3.4397249692119658e-04, e: 3.4390803193673491e-04
#ERR  p: [4464, 8180], r: 2.4333132430911064e-02, e: 2.4337327107787132e-02
#ERR  p: [2628, 8120], r: 4.1213412769138813e-03, e: 4.1201263666152954e-03
#ERR  p: [7020, 8121], r: 3.3256238698959351e-01, e: 3.3259707689285278e-01
#ERR  p: [288, 8122], r: 3.9610159001313150e-04, e: 3.9599233423359692e-04
#ERR  p: [360, 8123], r: 4.2519744602032006e-04, e: 4.2516575194895267e-04
#ERR  p: [5292, 8187], r: 5.5305559188127518e-02, e: 5.5322438478469849e-02
#ERR  p: [5220, 8124], r: 5.4858628660440445e-02, e: 5.4842215031385422e-02
#ERR  p: [6732, 8125], r: 2.4853448569774628e-01, e: 2.4851228296756744e-01
#ERR  p: [216, 8126], r: 3.6655270378105342e-04, e: 3.6701519275084138e-04
#ERR  p: [252, 8127], r: 3.8070671143941581e-04, e: 3.8011820288375020e-04
#ERR  p: [7452, 8128], r: 5.0867283344268799e-01, e: 5.0863665342330933e-01
#ERR  p: [540, 8114], r: 5.1344686653465033e-04, e: 5.1360344514250755e-04
#ERR  p: [5112, 8129], r: 4.8957906663417816e-02, e: 4.8958141356706619e-02
#ERR  p: [7092, 8130], r: 3.5426712036132812e-01, e: 3.5420677065849304e-01
#ERR  p: [1332, 8131], r: 1.1146840406581759e-03, e: 1.1146720498800278e-03
#ERR  p: [5940, 8117], r: 1.1339990049600601e-01, e: 1.1338311433792114e-01
#ERR  p: [792, 8132], r: 6.4954155823215842e-04, e: 6.4912461675703526e-04
#ERR  p: [4896, 8133], r: 3.9293870329856873e-02, e: 3.9285149425268173e-02
#ERR  p: [7488, 8134], r: 5.2395963668823242e-01, e: 5.2405655384063721e-01
#ERR  p: [5004, 8135], r: 4.3664138764142990e-02, e: 4.3668985366821289e-02
#ERR  p: [1116, 8136], r: 8.9339027181267738e-04, e: 8.9351483620703220e-04
#ERR  p: [3780, 8137], r: 1.2810588814318180e-02, e: 1.2811474502086639e-02
#ERR  p: [4536, 8138], r: 2.7271548286080360e-02, e: 2.7271129190921783e-02
#ERR  p: [720, 8139], r: 6.0024712001904845e-04, e: 5.9984362451359630e-04
#ERR  p: [2160, 8140], r: 2.5289626792073250e-03, e: 2.5285286828875542e-03
#ERR  p: [1800, 8141], r: 1.7625421751290560e-03, e: 1.7624548636376858e-03
#ERR  p: [1692, 8142], r: 1.5800434630364180e-03, e: 1.5802691923454404e-03
#ERR  p: [1188, 8143], r: 9.5376442186534405e-04, e: 9.5391698414459825e-04
#ERR  p: [1224, 8144], r: 9.8758074454963207e-04, e: 9.8761066328734159e-04
#ERR  p: [6948, 8145], r: 3.0220985412597656e-01, e: 3.0221843719482422e-01
#ERR  p: [684, 8146], r: 5.7433091569691896e-04, e: 5.7447433937340975e-04
#ERR  p: [6768, 8147], r: 2.5183826684951782e-01, e: 2.5192290544509888e-01
#ERR  p: [5184, 8149], r: 5.1518127322196960e-02, e: 5.1517195999622345e-02
#ERR  p: [1836, 8150], r: 1.8117758445441723e-03, e: 1.8111976096406579e-03
#ERR  p: [1152, 8151], r: 9.1259024338796735e-04, e: 9.1279705520719290e-04
#ERR  p: [4824, 8152], r: 3.5889934748411179e-02, e: 3.5895906388759613e-02
#ERR  p: [7597, 8153], r: 5.7380270957946777e-01, e: 5.7391697168350220e-01
#ERR  p: [6372, 8154], r: 1.6829943656921387e-01, e: 1.6829457879066467e-01
#ERR  p: [1260, 8155], r: 1.0129365837201476e-03, e: 1.0130115551874042e-03
#ERR  p: [7344, 8156], r: 4.4413584470748901e-01, e: 4.4405677914619446e-01
#ERR  p: [3060, 8157], r: 6.1194407753646374e-03, e: 6.1186794191598892e-03
#ERR  p: [3204, 8158], r: 7.0569822564721107e-03, e: 7.0594083517789841e-03
#ERR  p: [6804, 8159], r: 2.5787746906280518e-01, e: 2.5799793004989624e-01
#ERR  p: [6876, 8160], r: 2.7698215842247009e-01, e: 2.7692511677742004e-01
#ERR  p: [2592, 8161], r: 3.8125454448163509e-03, e: 3.8124523125588894e-03
#ERR  p: [1512, 8130], r: 1.3358296127989888e-03, e: 1.3362900353968143e-03
#ERR  p: [7807, 8162], r: 7.0123744010925293e-01, e: 7.0122921466827393e-01
#ERR  p: [1368, 8163], r: 1.1193472892045975e-03, e: 1.1194936232641339e-03
#ERR  p: [2448, 8166], r: 3.2866310793906450e-03, e: 3.2860483042895794e-03
#ERR  p: [2520, 8165], r: 3.5352902486920357e-03, e: 3.5357887391000986e-03
#ERR  p: [1584, 8167], r: 1.3836160069331527e-03, e: 1.3840442989021540e-03
#ERR  p: [2052, 8168], r: 2.2076899185776711e-03, e: 2.2080359049141407e-03
#ERR  p: [7056, 8169], r: 3.2847639918327332e-01, e: 3.2855436205863953e-01
#ERR  p: [5040, 8170], r: 4.3735835701227188e-02, e: 4.3724782764911652e-02
#ERR  p: [2844, 8171], r: 4.8581333830952644e-03, e: 4.8609417863190174e-03
#ERR  p: [4572, 8172], r: 2.7323758229613304e-02, e: 2.7330495417118073e-02
#ERR  p: [7702, 8173], r: 6.2418949604034424e-01, e: 6.2424916028976440e-01
#ERR  p: [3672, 8175], r: 1.1076344177126884e-02, e: 1.1075953952968121e-02
#ERR  p: [112, 8176], r: -4.6355351805686951e-03, e: 3.1477064476348460e-04
#ERR  p: [396, 8177], r: 4.1785251232795417e-04, e: 4.1760457679629326e-04
#ERR  p: [2880, 8178], r: 4.9991630949079990e-03, e: 5.0002466887235641e-03
#ERR  p: [432, 8179], r: 4.3208981514908373e-04, e: 4.3201114749535918e-04
#ERR  p: [3276, 8181], r: 7.4104215018451214e-03, e: 7.4132420122623444e-03
#ERR  p: [324, 8184], r: 3.8621469866484404e-04, e: 3.8584656431339681e-04
#ERR  p: [3528, 8185], r: 9.4938604161143303e-03, e: 9.4969952479004860e-03
#ERR  p: [1728, 8183], r: 1.5725182602182031e-03, e: 1.5724134864285588e-03
#ERR  p: [7380, 8186], r: 4.4668757915496826e-01, e: 4.4684576988220215e-01
#ERR  p: [180, 8182], r: 3.3467603498138487e-04, e: 3.3469614572823048e-04
#ERR  p: [3420, 8190], r: 8.4852296859025955e-03, e: 8.4858005866408348e-03
#ERR  p: [6084, 8165], r: 1.2484494596719742e-01, e: 1.2483692169189453e-01
#ERR  p: [6516, 8189], r: 1.8769323825836182e-01, e: 1.8767309188842773e-01
#ERR  p: [6264, 8177], r: 1.4762869477272034e-01, e: 1.4765889942646027e-01
#ERR  p: [4752, 8188], r: 3.2211482524871826e-02, e: 3.2210081815719604e-02
#ERR  p: [4176, 8186], r: 1.8136126920580864e-02, e: 1.8138412386178970e-02
#ERR  p: [5832, 8191], r: 9.4496339559555054e-02, e: 9.4509899616241455e-02
#ERR  p: [2233, 8112], r: 2.7969854418188334e-03, e: 2.7964119799435139e-03
#ERR  p: [6624, 8113], r: 2.2564075887203217e-01, e: 2.2550760209560394e-01
#ERR  p: [3493, 8096], r: 1.0024520568549633e-02, e: 1.0023960843682289e-02
#ERR  p: [6120, 8097], r: 1.3853523135185242e-01, e: 1.3846354186534882e-01
#ERR  p: [2376, 8112], r: 3.2289482187479734e-03, e: 3.2288490328937769e-03
#ERR  p: [2485, 8096], r: 3.6593838594853878e-03, e: 3.6591768730431795e-03
#ERR  p: [7416, 8097], r: 5.0603526830673218e-01, e: 5.0626730918884277e-01
#ERR  p: [3024, 8098], r: 6.2528359703719616e-03, e: 6.2526147812604904e-03
#ERR  p: [2700, 8100], r: 4.5178560540080070e-03, e: 4.5178970322012901e-03
#ERR  p: [2412, 8112], r: 3.3458571415394545e-03, e: 3.3461572602391243e-03
#ERR  p: [468, 8113], r: 4.7832899144850671e-04, e: 4.7842768253758550e-04
#ERR  p: [2664, 8099], r: 4.3625799007713795e-03, e: 4.3624108657240868e-03
#ERR  p: [2772, 8115], r: 4.7834594734013081e-03, e: 4.7846264205873013e-03
#ERR  p: [2808, 8116], r: 4.9501862376928329e-03, e: 4.9530440010130405e-03
#ERR  p: [3348, 8118], r: 8.4823491051793098e-03, e: 8.4800198674201965e-03
#ERR  p: [6696, 8119], r: 2.4100412428379059e-01, e: 2.4103434383869171e-01
#ERR  p: [2304, 8120], r: 2.9805523809045553e-03, e: 2.9798154719173908e-03
#ERR  p: [4212, 8121], r: 2.0061276853084564e-02, e: 2.0061429589986801e-02
#ERR  p: [6228, 8122], r: 1.5054146945476532e-01, e: 1.5053778886795044e-01
#ERR  p: [2988, 8123], r: 5.8876383118331432e-03, e: 5.8896546252071857e-03
#ERR  p: [612, 8127], r: 5.4435379570350051e-04, e: 5.4474925855174661e-04
#ERR  p: [8052, 8125], r: 9.2990291118621826e-01, e: 9.2966163158416748e-01
#ERR  p: [3240, 8128], r: 7.5421077199280262e-03, e: 7.5423642992973328e-03
#ERR  p: [2736, 8126], r: 4.5603155158460140e-03, e: 4.5606824569404125e-03
#ERR  p: [2340, 8124], r: 3.0762765090912580e-03, e: 3.0766902491450310e-03
#ERR  p: [3456, 8129], r: 9.3444595113396645e-03, e: 9.3491002917289734e-03
#ERR  p: [2196, 8131], r: 2.6452180463820696e-03, e: 2.6457149069756269e-03
#ERR  p: [8122, 8132], r: 9.8992180824279785e-01, e: 9.8954081535339355e-01
#ERR  p: [2952, 8133], r: 5.6234425865113735e-03, e: 5.6236316449940205e-03
#ERR  p: [5076, 8134], r: 4.6988561749458313e-02, e: 4.6983540058135986e-02
#ERR  p: [6552, 8135], r: 2.0538565516471863e-01, e: 2.0542816817760468e-01
#ERR  p: [2268, 8136], r: 2.8278985992074013e-03, e: 2.8284636791795492e-03
#ERR  p: [6480, 8137], r: 1.9069533050060272e-01, e: 1.9066493213176727e-01
#ERR  p: [7947, 8138], r: 8.2655382156372070e-01, e: 8.2620471715927124e-01
#ERR  p: [4068, 8139], r: 1.7060820013284683e-02, e: 1.7060790210962296e-02
#ERR  p: [3600, 8141], r: 1.0662097483873367e-02, e: 1.0664789937436581e-02
#ERR  p: [5328, 8142], r: 5.9940721839666367e-02, e: 5.9959746897220612e-02
#ERR  p: [3636, 8143], r: 1.1030462570488453e-02, e: 1.1034633964300156e-02
#ERR  p: [3312, 8140], r: 7.9976459965109825e-03, e: 7.9971570521593094e-03
#ERR  p: [972, 8145], r: 7.6694623567163944e-04, e: 7.6682097278535366e-04
#ERR  p: [5544, 8144], r: 7.4296601116657257e-02, e: 7.4307836592197418e-02
#ERR  p: [4716, 8146], r: 3.2383676618337631e-02, e: 3.2387051731348038e-02
#ERR  p: [6156, 8147], r: 1.3659538328647614e-01, e: 1.3659296929836273e-01
#ERR  p: [5904, 8148], r: 1.0599453747272491e-01, e: 1.0602363944053650e-01
#ERR  p: [6408, 8149], r: 1.7537276446819305e-01, e: 1.7532771825790405e-01
#ERR  p: [6012, 8150], r: 1.1793527752161026e-01, e: 1.1791774630546570e-01
#ERR  p: [5256, 8152], r: 5.5305667221546173e-02, e: 5.5283088237047195e-02
#ERR  p: [6444, 8151], r: 1.8143758177757263e-01, e: 1.8143346905708313e-01
#ERR  p: [6048, 8153], r: 1.2183545529842377e-01, e: 1.2181177735328674e-01
#ERR  p: [5436, 8154], r: 6.6023647785186768e-02, e: 6.6008456051349640e-02
#ERR  p: [3384, 8155], r: 8.4704663604497910e-03, e: 8.4673371165990829e-03
#ERR  p: [6336, 8156], r: 1.6201032698154449e-01, e: 1.6204445064067841e-01
#ERR  p: [6660, 8157], r: 2.2396685183048248e-01, e: 2.2394858300685883e-01
#ERR  p: [4788, 8158], r: 3.4429196268320084e-02, e: 3.4414749592542648e-02
#ERR  p: [4428, 8159], r: 2.3966029286384583e-02, e: 2.3961789906024933e-02
#ERR  p: [5976, 8160], r: 1.1257660388946533e-01, e: 1.1258443444967270e-01
#ERR  p: [4392, 8161], r: 2.3096261546015739e-02, e: 2.3098034784197807e-02
#ERR  p: [1440, 8163], r: 1.2029909994453192e-03, e: 1.2032808735966682e-03
#ERR  p: [5472, 8162], r: 6.7917309701442719e-02, e: 6.7903608083724976e-02
#ERR  p: [4104, 8164], r: 1.7255615442991257e-02, e: 1.7259122803807259e-02
#ERR  p: [5400, 8169], r: 6.2704823911190033e-02, e: 6.2694936990737915e-02
#ERR  p: [5688, 8172], r: 8.3391167223453522e-02, e: 8.3373449742794037e-02
#ERR  p: [4320, 8176], r: 2.1143147721886635e-02, e: 2.1149557083845139e-02
#ERR  p: [6588, 8166], r: 2.0648339390754700e-01, e: 2.0640024542808533e-01
#ERR  p: [4356, 8173], r: 2.1996656432747841e-02, e: 2.2001646459102631e-02
#ERR  p: [5580, 8171], r: 7.4938349425792694e-02, e: 7.4936576187610626e-02
#ERR  p: [1548, 8175], r: 1.3238318497315049e-03, e: 1.3236673548817635e-03
#ERR  p: [5724, 8170], r: 8.6613126099109650e-02, e: 8.6628884077072144e-02
#ERR  p: [5508, 8174], r: 6.9526292383670807e-02, e: 6.9538630545139313e-02
#ERR  p: [3564, 8167], r: 1.0020179674029350e-02, e: 1.0022300295531750e-02
#ERR  p: [5616, 8168], r: 7.7934168279170990e-02, e: 7.7948816120624542e-02
#ERR  p: [3852, 8179], r: 1.3203992508351803e-02, e: 1.3200274668633938e-02
#ERR  p: [7128, 8184], r: 3.4796893596649170e-01, e: 3.4803235530853271e-01
#ERR  p: [1476, 8181], r: 1.2243106029927731e-03, e: 1.2241969816386700e-03
#ERR  p: [4644, 8180], r: 2.9132397845387459e-02, e: 2.9121952131390572e-02
#ERR  p: [3708, 8178], r: 1.1445088312029839e-02, e: 1.1444517411291599e-02
#ERR  p: [4284, 8183], r: 2.0257066935300827e-02, e: 2.0260095596313477e-02
#ERR  p: [5796, 8187], r: 9.1576829552650452e-02, e: 9.1584853827953339e-02
#ERR  p: [504, 8190], r: 4.5899039832875133e-04, e: 4.5921764103695750e-04
#ERR  p: [3745, 8096], r: 1.2892037630081177e-02, e: 1.2888778001070023e-02
#ERR  p: [4032, 8097], r: 1.7155602574348450e-02, e: 1.7156045883893967e-02
#ERR  p: [3961, 8096], r: 1.5997355803847313e-02, e: 1.5993231907486916e-02
#ERR  p: [4141, 8096], r: 1.9159404560923576e-02, e: 1.9155835732817650e-02
#ERR  p: [4248, 8182], r: 1.9573189318180084e-02, e: 1.9571417942643166e-02
#ERR  p: [8088, 8188], r: 9.0406537055969238e-01, e: 9.0449285507202148e-01
#ERR  p: [5652, 8185], r: 7.9452782869338989e-02, e: 7.9479627311229706e-02
#ERR  p: [5364, 8189], r: 5.9353359043598175e-02, e: 5.9347294270992279e-02
#ERR  p: [3924, 8097], r: 1.5415149740874767e-02, e: 1.5416013076901436e-02
#ERR  p: [8158, 8191], r: 9.6777105331420898e-01, e: 9.6741944551467896e-01
#SDC Ite:0 KerTime:7.819382 AccTime:7.819382 KerErr:68055 AccErr:68055
#ABORT too many errors per iteration
#END