2017-01-25 16:52:09:Starting flip_value script
2017-01-25 16:52:09:Initialization strings:
2017-01-25 16:52:09:(1) target extended-remote | ssh -T mic0 gdbserver --multi -
2017-01-25 16:52:09:(2) set sysroot /opt/mpss/3.7/sysroots/k1om-mpss-linux/
2017-01-25 16:52:09:(3) set sysroot /opt/mpss/3.7/sysroots/k1om-mpss-linux/
2017-01-25 16:52:09:(4) file /micNfs/gdb-fault-injection/injector/bin/lud/lud_check
2017-01-25 16:52:09:(5) set remote exec-file /micNfs/gdb-fault-injection/injector/bin/lud/lud_check
2017-01-25 16:52:09:(6) set args -s 2048 -n 228 -i /micNfs/gdb-fault-injection/injector/bin/lud/input_2048_th_228 -g /micNfs/gdb-fault-injection/injector/bin/lud/gold_2048_th_228
2017-01-25 16:52:09:initSignal:0
2017-01-25 16:52:09:endSignal:2
2017-01-25 16:52:09:seqSignal:30
2017-01-25 16:52:09:Trying Fault Injection
2017-01-25 16:52:09:Inferior PID: 106051
2017-01-25 16:52:09:Inferior is valid: True
2017-01-25 16:52:09:Inferior #threads: 1
2017-01-25 16:52:09:Backtrace BEGIN:
2017-01-25 16:52:09:#0  0x00007ffff71965d0 in __read_nocancel () at ../sysdeps/unix/syscall-template.S:81
#1  0x00007ffff7142911 in __GI__IO_file_xsgetn (fp=0x60c240, data=<optimized out>, n=16777216) at fileops.c:1422
#2  0x00007ffff7138929 in __GI__IO_fread (buf=<optimized out>, size=16777216, count=1, fp=0x60c240) at iofread.c:42
#3  0x0000000000402b9c in main (argc=9, argv=0x7fffffffec08) at lud_check.c:106

2017-01-25 16:52:09:76	in ../sysdeps/unix/syscall-template.S

2017-01-25 16:52:09:Backtrace END
2017-01-25 16:52:10:Thread name: None
2017-01-25 16:52:10:Thread num: 1
2017-01-25 16:52:10:Thread ptid: (106051, 106051, 0)
2017-01-25 16:52:10:bitFlip function
2017-01-25 16:52:10:Type: The type is an array.
2017-01-25 16:52:10:Type sizeof: 200
2017-01-25 16:52:10:Fliping array at pos: 121
2017-01-25 16:52:10:bitFlip function
2017-01-25 16:52:10:Type: The type is an integer type.
2017-01-25 16:52:10:Type sizeof: 1
2017-01-25 16:52:10:Mem contents(hex):0x00
2017-01-25 16:52:10:base address to flip value: 0x7fffffffe8c1 
2017-01-25 16:52:10:address max offset: 1
2017-01-25 16:52:10:Memory content before bitflip:0x00
2017-01-25 16:52:10:Memory content after  bitflip:0x20
2017-01-25 16:52:10:Mem contents(hex):0x20
2017-01-25 16:52:10:frame name: main
2017-01-25 16:52:10:symbol name: test_info
2017-01-25 16:52:10:symbol filename: lud_check.c
2017-01-25 16:52:10:symbol line: 116
2017-01-25 16:52:10:value: "\034\327\354\366\000\000\000\000.(\274<", '\000' <repeats 12 times>, "\270\350\377\377\377\177\000\000\001\000\000\000\000\000\000\000\300\351\377\377\377\177\000\000\370\234\377\367\377\177\000\000\000\000\000\000\000\000\000\000\350\351\377\377\377\177\000\000\000\215\377\367\377\177\000\000\314h\336\367\377\177\000\000\a\000\000\000\000\000\000\000\000\215\377\367\377\177\000\000\001", '\000' <repeats 15 times>, "\001 \000\000\000\000\000\000,]\336\367\377\177\000\000\070L\r\367\377\177\000\000\001\b\000\000\000\000\000\000HJ\r\367\377\177\000\000\240\231\377\367\377\177\000\000\070L\r\367\377\177\000\000\020`\336\367\377\177\000\000\001\b\000\000\000\000\000\000\330\027\016\367\377\177\000"
2017-01-25 16:52:10:value address: 0x7fffffffe848
2017-01-25 16:52:10:Type: The type is an array.
2017-01-25 16:52:10:Type sizeof: 200
2017-01-25 16:52:10:Field name: None
2017-01-25 16:52:10:Field Type:
2017-01-25 16:52:10:Type: A range type, that is, an integer type with bounds.
2017-01-25 16:52:10:Type sizeof: 1
2017-01-25 16:52:10:Type range: (0L, 199L)
2017-01-25 16:52:10:Fault Injection Successful after 1.05045104027s
2017-01-25 16:52:10:Fault Already Injected
2017-01-25 16:52:11:Fault Already Injected
2017-01-25 16:52:11:Fault Already Injected
2017-01-25 16:52:11:Fault Already Injected
2017-01-25 16:52:11:Fault Already Injected
2017-01-25 16:52:12:Fault Already Injected
2017-01-25 16:52:12:Fault Already Injected
2017-01-25 16:52:12:Fault Already Injected
2017-01-25 16:52:13:Fault Already Injected
2017-01-25 16:52:13:Fault Already Injected
2017-01-25 16:52:13:Fault Already Injected
2017-01-25 16:52:13:Fault Already Injected
2017-01-25 16:52:14:Fault Already Injected
2017-01-25 16:52:14:Fault Already Injected
2017-01-25 16:52:14:Fault Already Injected
2017-01-25 16:52:15:Fault Already Injected
2017-01-25 16:52:15:Fault Already Injected
2017-01-25 16:52:15:Fault Already Injected
2017-01-25 16:52:15:Fault Already Injected
2017-01-25 16:52:16:Fault Already Injected
2017-01-25 16:52:16:Fault Already Injected
2017-01-25 16:52:16:Fault Already Injected
2017-01-25 16:52:16:Fault Already Injected
2017-01-25 16:52:17:Fault Already Injected
2017-01-25 16:52:17:Fault Already Injected
2017-01-25 16:52:17:Fault Already Injected
2017-01-25 16:52:18:Fault Already Injected
2017-01-25 16:52:18:Fault Already Injected
2017-01-25 16:52:18:Fault Already Injected
2017-01-25 16:52:18:Fault Already Injected
2017-01-25 16:52:18:Fault Already Injected
2017-01-25 16:52:19:Fault Already Injected
2017-01-25 16:52:19:Fault Already Injected
2017-01-25 16:52:19:Fault Already Injected
2017-01-25 16:52:19:Fault Already Injected
2017-01-25 16:52:20:Fault Already Injected
2017-01-25 16:52:20:Fault Already Injected
2017-01-25 16:52:20:Fault Already Injected
2017-01-25 16:52:20:Fault Already Injected
2017-01-25 16:52:21:Fault Already Injected
2017-01-25 16:52:21:event type: exit
2017-01-25 16:52:21:exit code: 0
