[INFO -- 2017-03-01 13:08:04]
Starting GDB script
[INFO -- 2017-03-01 13:08:04]
initSignal:0.0
[INFO -- 2017-03-01 13:08:04]
endSignal:3.0
[INFO -- 2017-03-01 13:08:04]
seqSignal:15
[INFO -- 2017-03-01 13:08:04]
sending 15 signals using command: 'ssh -T mic1 killall -2 hotspot_check' after 0.437154863146s
[INFO -- 2017-03-01 13:08:05]
sending 15 signals using command: 'ssh -T mic1 killall -2 hotspot_check' after 0.736147882326s
[INFO -- 2017-03-01 13:08:05]
shell stdout: 
[INFO -- 2017-03-01 13:08:05]
shell stdout: 
[INFO -- 2017-03-01 13:08:05]
shell stdout: 
[INFO -- 2017-03-01 13:08:05]
shell stdout: 
[INFO -- 2017-03-01 13:08:05]
sending 15 signals using command: 'ssh -T mic1 killall -2 hotspot_check' after 1.60957843975s
[INFO -- 2017-03-01 13:08:05]
shell stdout: 
[INFO -- 2017-03-01 13:08:06]
shell stdout: 
[INFO -- 2017-03-01 13:08:06]
shell stdout: 
[INFO -- 2017-03-01 13:08:06]
shell stdout: 
[INFO -- 2017-03-01 13:08:06]
shell stdout: 
[INFO -- 2017-03-01 13:08:06]
shell stdout: 
[INFO -- 2017-03-01 13:08:06]
shell stdout: 
[INFO -- 2017-03-01 13:08:07]
shell stdout: 
[INFO -- 2017-03-01 13:08:07]
shell stdout: 
[INFO -- 2017-03-01 13:08:07]
shell stdout: 
[INFO -- 2017-03-01 13:08:07]
shell stdout: 
[INFO -- 2017-03-01 13:08:07]
shell stdout: 
[INFO -- 2017-03-01 13:08:07]
shell stdout: 
[INFO -- 2017-03-01 13:08:07]
shell stdout: 
[INFO -- 2017-03-01 13:08:08]
shell stdout: 
[INFO -- 2017-03-01 13:08:08]
shell stdout: 
[INFO -- 2017-03-01 13:08:08]
shell stdout: 
[INFO -- 2017-03-01 13:08:08]
shell stdout: 
[INFO -- 2017-03-01 13:08:08]
shell stdout: 
[INFO -- 2017-03-01 13:08:08]
shell stdout: 
[INFO -- 2017-03-01 13:08:08]
shell stdout: 
[INFO -- 2017-03-01 13:08:08]
shell stdout: 
[INFO -- 2017-03-01 13:08:09]
shell stdout: 
[INFO -- 2017-03-01 13:08:09]
shell stdout: 
[INFO -- 2017-03-01 13:08:09]
shell stdout: 
[INFO -- 2017-03-01 13:08:09]
shell stdout: 
[INFO -- 2017-03-01 13:08:09]
shell stdout: 
[INFO -- 2017-03-01 13:08:09]
shell stdout: 
[INFO -- 2017-03-01 13:08:10]
shell stdout: 
[INFO -- 2017-03-01 13:08:10]
shell stdout: 
[INFO -- 2017-03-01 13:08:10]
shell stdout: 
[INFO -- 2017-03-01 13:08:10]
shell stdout: 
[INFO -- 2017-03-01 13:08:10]
shell stdout: 
[INFO -- 2017-03-01 13:08:10]
shell stdout: 
[INFO -- 2017-03-01 13:08:10]
shell stdout: 
[INFO -- 2017-03-01 13:08:10]
shell stdout: 
[INFO -- 2017-03-01 13:08:11]
shell stdout: 
[INFO -- 2017-03-01 13:08:11]
shell stdout: 
[INFO -- 2017-03-01 13:08:11]
shell stdout: 
[INFO -- 2017-03-01 13:08:11]
shell stdout: 
[INFO -- 2017-03-01 13:08:12]
shell stdout: 
[INFO -- 2017-03-01 13:08:34]
no gdbExecName running, out:
[INFO -- 2017-03-01 13:08:34]
checCmd:ps -e | grep -i gdb-mic
[INFO -- 2017-03-01 13:08:34]
finished now-timestampStart < maxWaitTime*5
[INFO -- 2017-03-01 13:08:34]
now: 1488391713
[INFO -- 2017-03-01 13:08:34]
timestampStart: 1488391684
[INFO -- 2017-03-01 13:08:34]
kill cmd: killall -9 gdb-mic
[INFO -- 2017-03-01 13:08:34]
shell stdout: 
[INFO -- 2017-03-01 13:08:35]
kill cmd: ssh -T mic1 killall -9 hotspot_check
[INFO -- 2017-03-01 13:08:35]
shell stdout: 
[INFO -- 2017-03-01 13:08:35]
kill cmd: ssh -T mic1 killall -9 gdbserver
[INFO -- 2017-03-01 13:08:35]
shell stdout: 
[INFO -- 2017-03-01 13:08:36]
kill cmd: ssh -T mic1 killall -9 sshd
[INFO -- 2017-03-01 13:08:36]
shell stdout: 
