2016-10-12 00:46:21:Starting GDB script
2016-10-12 00:46:22:sending signal using command: 'ssh -T mic0 killall -2 lavamd' after 0.12783300514s
2016-10-12 00:46:22:shell stdout: 
2016-10-12 00:46:22:sending signal using command: 'ssh -T mic0 killall -2 lavamd' after 0.609385979449s
2016-10-12 00:46:22:shell stdout: 
2016-10-12 00:46:27:sending signal using command: 'ssh -T mic0 killall -2 lavamd' after 4.86781439879s
2016-10-12 00:46:27:shell stdout: 
2016-10-12 00:46:28:sending signal using command: 'ssh -T mic0 killall -2 lavamd' after 5.43732121362s
2016-10-12 00:46:28:shell stdout: 
2016-10-12 00:46:29:sending signal using command: 'ssh -T mic0 killall -2 lavamd' after 7.68668519044s
2016-10-12 00:46:29:shell stdout: 
2016-10-12 00:46:29:sending signal using command: 'ssh -T mic0 killall -2 lavamd' after 7.87768380083s
2016-10-12 00:46:29:shell stdout: 
2016-10-12 00:46:30:sending signal using command: 'ssh -T mic0 killall -2 lavamd' after 8.20312451145s
2016-10-12 00:46:30:shell stdout: 
2016-10-12 00:46:30:sending signal using command: 'ssh -T mic0 killall -2 lavamd' after 8.56955966873s
2016-10-12 00:46:30:shell stdout: 
2016-10-12 00:46:31:sending signal using command: 'ssh -T mic0 killall -2 lavamd' after 8.96954473783s
2016-10-12 00:46:31:shell stdout: 
2016-10-12 00:46:31:sending signal using command: 'ssh -T mic0 killall -2 lavamd' after 9.95969525184s
2016-10-12 00:46:31:shell stdout: 
2016-10-12 00:46:37:no gdbExecName running, out:
2016-10-12 00:46:37:checCmd:ps -e | grep -i gdb-mic
2016-10-12 00:46:37:finished now-timestampStart < maxWaitTime*5
2016-10-12 00:46:37:now: 1476247596
2016-10-12 00:46:37:timestampStart: 1476247581
2016-10-12 00:46:37:kill cmd: killall -9 gdb-mic
2016-10-12 00:46:37:shell stdout: 
2016-10-12 00:46:38:kill cmd: ssh -T mic0 killall -9 lavamd
2016-10-12 00:46:38:shell stdout: 
2016-10-12 00:46:38:kill cmd: ssh -T mic0 killall -9 gdbserver
2016-10-12 00:46:38:shell stdout: 
2016-10-12 00:46:38:kill cmd: ssh -T mic0 killall -9 sshd
2016-10-12 00:46:38:shell stdout: 
