2017-01-09 10:49:02:Starting GDB script
2017-01-09 10:49:02:initSignal:8.0
2017-01-09 10:49:02:endSignal:12.0
2017-01-09 10:49:02:seqSignal:30
2017-01-09 10:49:12:sending 30 signals using command: 'ssh -T mic0 killall -2 needle_check' after 9.84343317351s
2017-01-09 10:49:13:shell stdout: 
2017-01-09 10:49:13:sending 30 signals using command: 'ssh -T mic0 killall -2 needle_check' after 10.424545732s
2017-01-09 10:49:13:shell stdout: 
2017-01-09 10:49:13:shell stdout: 
2017-01-09 10:49:13:shell stdout: 
2017-01-09 10:49:14:shell stdout: 
2017-01-09 10:49:14:shell stdout: 
2017-01-09 10:49:14:shell stdout: 
2017-01-09 10:49:14:shell stdout: 
2017-01-09 10:49:14:sending 30 signals using command: 'ssh -T mic0 killall -2 needle_check' after 11.8660278563s
2017-01-09 10:49:14:shell stdout: 
2017-01-09 10:49:15:shell stdout: 
2017-01-09 10:49:15:shell stdout: 
2017-01-09 10:49:15:shell stdout: 
2017-01-09 10:49:15:shell stdout: 
2017-01-09 10:49:15:shell stdout: 
2017-01-09 10:49:15:shell stdout: 
2017-01-09 10:49:16:shell stdout: 
2017-01-09 10:49:16:shell stdout: 
2017-01-09 10:49:16:shell stdout: 
2017-01-09 10:49:16:shell stdout: 
2017-01-09 10:49:16:shell stdout: 
2017-01-09 10:49:16:shell stdout: 
2017-01-09 10:49:16:shell stdout: 
2017-01-09 10:49:16:shell stdout: 
2017-01-09 10:49:16:shell stdout: 
2017-01-09 10:49:17:shell stdout: 
2017-01-09 10:49:17:shell stdout: 
2017-01-09 10:49:17:shell stdout: 
2017-01-09 10:49:17:shell stdout: 
2017-01-09 10:49:17:shell stdout: 
2017-01-09 10:49:17:shell stdout: 
2017-01-09 10:49:18:shell stdout: 
2017-01-09 10:49:18:shell stdout: 
2017-01-09 10:49:18:shell stdout: 
2017-01-09 10:49:18:shell stdout: 
2017-01-09 10:49:18:shell stdout: 
2017-01-09 10:49:18:shell stdout: 
2017-01-09 10:49:18:shell stdout: 
2017-01-09 10:49:19:shell stdout: 
2017-01-09 10:49:19:shell stdout: 
2017-01-09 10:49:19:shell stdout: 
2017-01-09 10:49:19:shell stdout: 
2017-01-09 10:49:19:shell stdout: 
2017-01-09 10:49:19:shell stdout: 
2017-01-09 10:49:19:shell stdout: 
2017-01-09 10:49:19:shell stdout: 
2017-01-09 10:49:20:shell stdout: 
2017-01-09 10:49:20:shell stdout: 
2017-01-09 10:49:20:shell stdout: 
2017-01-09 10:49:20:shell stdout: 
2017-01-09 10:49:20:shell stdout: 
2017-01-09 10:49:20:shell stdout: 
2017-01-09 10:49:20:shell stdout: 
2017-01-09 10:49:21:shell stdout: 
2017-01-09 10:49:21:shell stdout: 
2017-01-09 10:49:21:shell stdout: 
2017-01-09 10:49:21:shell stdout: 
2017-01-09 10:49:21:shell stdout: 
2017-01-09 10:49:21:shell stdout: 
2017-01-09 10:49:21:shell stdout: 
2017-01-09 10:49:21:shell stdout: 
2017-01-09 10:49:22:shell stdout: 
2017-01-09 10:49:22:shell stdout: 
2017-01-09 10:49:22:shell stdout: 
2017-01-09 10:49:22:shell stdout: 
2017-01-09 10:49:22:shell stdout: 
2017-01-09 10:49:22:shell stdout: 
2017-01-09 10:49:23:shell stdout: 
2017-01-09 10:49:23:shell stdout: 
2017-01-09 10:49:23:shell stdout: 
2017-01-09 10:49:23:shell stdout: 
2017-01-09 10:49:23:shell stdout: 
2017-01-09 10:49:23:shell stdout: 
2017-01-09 10:49:23:shell stdout: 
2017-01-09 10:49:24:shell stdout: 
2017-01-09 10:49:24:shell stdout: 
2017-01-09 10:49:24:shell stdout: 
2017-01-09 10:49:24:shell stdout: 
2017-01-09 10:49:24:shell stdout: 
2017-01-09 10:49:24:shell stdout: 
2017-01-09 10:49:24:shell stdout: 
2017-01-09 10:49:24:shell stdout: 
2017-01-09 10:49:25:shell stdout: 
2017-01-09 10:49:25:shell stdout: 
2017-01-09 10:49:25:shell stdout: 
2017-01-09 10:49:25:shell stdout: 
2017-01-09 10:49:25:shell stdout: 
2017-01-09 10:49:26:shell stdout: 
2017-01-09 10:49:26:shell stdout: 
2017-01-09 10:49:26:shell stdout: 
2017-01-09 10:49:27:shell stdout: 
2017-01-09 10:50:27:finished due now-timestampStart > maxWaitTime*5
2017-01-09 10:50:27:now: 1483977027
2017-01-09 10:50:27:timestampStart: 1483976942
2017-01-09 10:50:27:kill cmd: killall -9 gdb-mic
2017-01-09 10:50:27:shell stdout: 
2017-01-09 10:50:28:kill cmd: ssh -T mic0 killall -9 needle_check
2017-01-09 10:50:28:shell stdout: 
2017-01-09 10:50:28:kill cmd: ssh -T mic0 killall -9 gdbserver
2017-01-09 10:50:28:shell stdout: 
2017-01-09 10:50:29:kill cmd: ssh -T mic0 killall -9 sshd
2017-01-09 10:50:29:shell stdout: 
