2016-10-17 01:49:49:Starting GDB script
2016-10-17 01:49:50:sending signal using command: 'ssh -T mic0 killall -2 hotspot_check' after 0.354050075472s
2016-10-17 01:49:50:shell stdout: 
2016-10-17 01:49:50:sending signal using command: 'ssh -T mic0 killall -2 hotspot_check' after 0.669510042633s
2016-10-17 01:49:50:shell stdout: 
2016-10-17 01:49:51:sending signal using command: 'ssh -T mic0 killall -2 hotspot_check' after 1.45748046684s
2016-10-17 01:49:51:shell stdout: 
2016-10-17 01:49:51:sending signal using command: 'ssh -T mic0 killall -2 hotspot_check' after 2.31741059938s
2016-10-17 01:49:51:shell stdout: 
2016-10-17 01:49:55:sending signal using command: 'ssh -T mic0 killall -2 hotspot_check' after 6.17991150057s
2016-10-17 01:49:55:shell stdout: 
2016-10-17 01:49:58:sending signal using command: 'ssh -T mic0 killall -2 hotspot_check' after 8.88041028507s
2016-10-17 01:49:58:shell stdout: 
2016-10-17 01:50:01:sending signal using command: 'ssh -T mic0 killall -2 hotspot_check' after 11.3233028991s
2016-10-17 01:50:01:shell stdout: 
2016-10-17 01:50:01:sending signal using command: 'ssh -T mic0 killall -2 hotspot_check' after 12.2145407741s
2016-10-17 01:50:01:shell stdout: 
2016-10-17 01:50:01:sending signal using command: 'ssh -T mic0 killall -2 hotspot_check' after 12.2161090281s
2016-10-17 01:50:01:shell stdout: 
2016-10-17 01:50:03:sending signal using command: 'ssh -T mic0 killall -2 hotspot_check' after 13.4032539116s
2016-10-17 01:50:03:shell stdout: 
2016-10-17 01:50:09:no gdbExecName running, out:
2016-10-17 01:50:09:checCmd:ps -e | grep -i gdb-mic
2016-10-17 01:50:09:finished now-timestampStart < maxWaitTime*5
2016-10-17 01:50:09:now: 1476683408
2016-10-17 01:50:09:timestampStart: 1476683389
2016-10-17 01:50:09:kill cmd: killall -9 gdb-mic
2016-10-17 01:50:09:shell stdout: 
2016-10-17 01:50:10:kill cmd: ssh -T mic0 killall -9 hotspot_check
2016-10-17 01:50:10:shell stdout: 
2016-10-17 01:50:10:kill cmd: ssh -T mic0 killall -9 gdbserver
2016-10-17 01:50:10:shell stdout: 
