[INFO -- 2017-03-01 21:25:00]
Starting GDB script
[INFO -- 2017-03-01 21:25:00]
initSignal:6.0
[INFO -- 2017-03-01 21:25:00]
endSignal:10.0
[INFO -- 2017-03-01 21:25:00]
seqSignal:30
[INFO -- 2017-03-01 21:25:08]
sending 30 signals using command: 'ssh -T mic0 killall -2 lavamd_check' after 7.25638541352s
[INFO -- 2017-03-01 21:25:08]
sending 30 signals using command: 'ssh -T mic0 killall -2 lavamd_check' after 7.33521816076s
[INFO -- 2017-03-01 21:25:08]
shell stdout: 
[INFO -- 2017-03-01 21:25:08]
shell stdout: 
[INFO -- 2017-03-01 21:25:09]
sending 30 signals using command: 'ssh -T mic0 killall -2 lavamd_check' after 8.50544500484s
[INFO -- 2017-03-01 21:25:09]
shell stdout: 
[INFO -- 2017-03-01 21:25:09]
shell stdout: 
[INFO -- 2017-03-01 21:25:09]
shell stdout: 
[INFO -- 2017-03-01 21:25:09]
shell stdout: 
[INFO -- 2017-03-01 21:25:09]
shell stdout: 
[INFO -- 2017-03-01 21:25:10]
shell stdout: 
[INFO -- 2017-03-01 21:25:10]
shell stdout: 
[INFO -- 2017-03-01 21:25:10]
shell stdout: 
[INFO -- 2017-03-01 21:25:10]
shell stdout: 
[INFO -- 2017-03-01 21:25:10]
shell stdout: 
[INFO -- 2017-03-01 21:25:10]
shell stdout: 
[INFO -- 2017-03-01 21:25:11]
shell stdout: 
[INFO -- 2017-03-01 21:25:11]
shell stdout: 
[INFO -- 2017-03-01 21:25:11]
shell stdout: 
[INFO -- 2017-03-01 21:25:11]
shell stdout: 
[INFO -- 2017-03-01 21:25:11]
shell stdout: 
[INFO -- 2017-03-01 21:25:11]
shell stdout: 
[INFO -- 2017-03-01 21:25:11]
shell stdout: 
[INFO -- 2017-03-01 21:25:11]
shell stdout: 
[INFO -- 2017-03-01 21:25:11]
shell stdout: 
[INFO -- 2017-03-01 21:25:12]
shell stdout: 
[INFO -- 2017-03-01 21:25:12]
shell stdout: 
[INFO -- 2017-03-01 21:25:12]
shell stdout: 
[INFO -- 2017-03-01 21:25:12]
shell stdout: 
[INFO -- 2017-03-01 21:25:12]
shell stdout: 
[INFO -- 2017-03-01 21:25:12]
shell stdout: 
[INFO -- 2017-03-01 21:25:13]
shell stdout: 
[INFO -- 2017-03-01 21:25:13]
shell stdout: 
[INFO -- 2017-03-01 21:25:13]
shell stdout: 
[INFO -- 2017-03-01 21:25:13]
shell stdout: 
[INFO -- 2017-03-01 21:25:13]
shell stdout: 
[INFO -- 2017-03-01 21:25:13]
shell stdout: 
[INFO -- 2017-03-01 21:25:13]
shell stdout: 
[INFO -- 2017-03-01 21:25:14]
shell stdout: 
[INFO -- 2017-03-01 21:25:14]
shell stdout: 
[INFO -- 2017-03-01 21:25:14]
shell stdout: 
[INFO -- 2017-03-01 21:25:14]
shell stdout: 
[INFO -- 2017-03-01 21:25:14]
shell stdout: 
[INFO -- 2017-03-01 21:25:14]
shell stdout: 
[INFO -- 2017-03-01 21:25:14]
shell stdout: 
[INFO -- 2017-03-01 21:25:14]
shell stdout: 
[INFO -- 2017-03-01 21:25:15]
shell stdout: 
[INFO -- 2017-03-01 21:25:15]
shell stdout: 
[INFO -- 2017-03-01 21:25:15]
shell stdout: 
[INFO -- 2017-03-01 21:25:15]
shell stdout: 
[INFO -- 2017-03-01 21:25:15]
shell stdout: 
[INFO -- 2017-03-01 21:25:15]
shell stdout: 
[INFO -- 2017-03-01 21:25:16]
shell stdout: 
[INFO -- 2017-03-01 21:25:16]
shell stdout: 
[INFO -- 2017-03-01 21:25:16]
shell stdout: 
[INFO -- 2017-03-01 21:25:16]
shell stdout: 
[INFO -- 2017-03-01 21:25:16]
shell stdout: 
[INFO -- 2017-03-01 21:25:16]
shell stdout: 
[INFO -- 2017-03-01 21:25:16]
shell stdout: 
[INFO -- 2017-03-01 21:25:16]
shell stdout: 
[INFO -- 2017-03-01 21:25:17]
shell stdout: 
[INFO -- 2017-03-01 21:25:17]
shell stdout: 
[INFO -- 2017-03-01 21:25:17]
shell stdout: 
[INFO -- 2017-03-01 21:25:17]
shell stdout: 
[INFO -- 2017-03-01 21:25:17]
shell stdout: 
[INFO -- 2017-03-01 21:25:17]
shell stdout: 
[INFO -- 2017-03-01 21:25:17]
shell stdout: 
[INFO -- 2017-03-01 21:25:18]
shell stdout: 
[INFO -- 2017-03-01 21:25:18]
shell stdout: 
[INFO -- 2017-03-01 21:25:18]
shell stdout: 
[INFO -- 2017-03-01 21:25:18]
shell stdout: 
[INFO -- 2017-03-01 21:25:18]
shell stdout: 
[INFO -- 2017-03-01 21:25:18]
shell stdout: 
[INFO -- 2017-03-01 21:25:19]
shell stdout: 
[INFO -- 2017-03-01 21:25:19]
shell stdout: 
[INFO -- 2017-03-01 21:25:19]
shell stdout: 
[INFO -- 2017-03-01 21:25:19]
shell stdout: 
[INFO -- 2017-03-01 21:25:19]
shell stdout: 
[INFO -- 2017-03-01 21:25:19]
shell stdout: 
[INFO -- 2017-03-01 21:25:19]
shell stdout: 
[INFO -- 2017-03-01 21:25:20]
shell stdout: 
[INFO -- 2017-03-01 21:25:20]
shell stdout: 
[INFO -- 2017-03-01 21:25:20]
shell stdout: 
[INFO -- 2017-03-01 21:25:20]
shell stdout: 
[INFO -- 2017-03-01 21:25:20]
shell stdout: 
[INFO -- 2017-03-01 21:25:20]
shell stdout: 
[INFO -- 2017-03-01 21:25:20]
shell stdout: 
[INFO -- 2017-03-01 21:25:20]
shell stdout: 
[INFO -- 2017-03-01 21:25:21]
shell stdout: 
[INFO -- 2017-03-01 21:25:21]
shell stdout: 
[INFO -- 2017-03-01 21:25:21]
shell stdout: 
[INFO -- 2017-03-01 21:25:21]
shell stdout: 
[INFO -- 2017-03-01 21:25:22]
shell stdout: 
[INFO -- 2017-03-01 21:25:49]
no gdbExecName running, out:
[INFO -- 2017-03-01 21:25:49]
checCmd:ps -e | grep -i gdb-mic
[INFO -- 2017-03-01 21:25:49]
finished now-timestampStart < maxWaitTime*5
[INFO -- 2017-03-01 21:25:49]
now: 1488421548
[INFO -- 2017-03-01 21:25:49]
timestampStart: 1488421500
[INFO -- 2017-03-01 21:25:49]
kill cmd: killall -9 gdb-mic
[INFO -- 2017-03-01 21:25:49]
shell stdout: 
[INFO -- 2017-03-01 21:25:49]
kill cmd: ssh -T mic0 killall -9 lavamd_check
[INFO -- 2017-03-01 21:25:49]
shell stdout: 
[INFO -- 2017-03-01 21:25:49]
kill cmd: ssh -T mic0 killall -9 gdbserver
[INFO -- 2017-03-01 21:25:49]
shell stdout: 
[INFO -- 2017-03-01 21:25:50]
kill cmd: ssh -T mic0 killall -9 sshd
[INFO -- 2017-03-01 21:25:50]
shell stdout: 
