2016-10-21 08:07:43:Starting GDB script
2016-10-21 08:07:44:sending signal using command: 'ssh -T mic0 killall -2 lavamd' after 0.483994442221s
2016-10-21 08:07:44:shell stdout: 
2016-10-21 08:07:45:sending signal using command: 'ssh -T mic0 killall -2 lavamd' after 1.56355035511s
2016-10-21 08:07:45:shell stdout: 
2016-10-21 08:07:46:sending signal using command: 'ssh -T mic0 killall -2 lavamd' after 2.07636400007s
2016-10-21 08:07:46:shell stdout: 
2016-10-21 08:07:46:sending signal using command: 'ssh -T mic0 killall -2 lavamd' after 2.29101368223s
2016-10-21 08:07:46:shell stdout: 
2016-10-21 08:07:46:sending signal using command: 'ssh -T mic0 killall -2 lavamd' after 2.81103449407s
2016-10-21 08:07:46:shell stdout: 
2016-10-21 08:07:46:sending signal using command: 'ssh -T mic0 killall -2 lavamd' after 2.90362862986s
2016-10-21 08:07:46:shell stdout: 
2016-10-21 08:07:47:sending signal using command: 'ssh -T mic0 killall -2 lavamd' after 3.73394401568s
2016-10-21 08:07:47:shell stdout: 
2016-10-21 08:07:50:sending signal using command: 'ssh -T mic0 killall -2 lavamd' after 7.03312334593s
2016-10-21 08:07:50:shell stdout: 
2016-10-21 08:07:50:sending signal using command: 'ssh -T mic0 killall -2 lavamd' after 7.20604061846s
2016-10-21 08:07:50:shell stdout: 
2016-10-21 08:07:52:sending signal using command: 'ssh -T mic0 killall -2 lavamd' after 8.60571986147s
2016-10-21 08:07:52:shell stdout: 
2016-10-21 08:07:53:no gdbExecName running, out:
2016-10-21 08:07:53:checCmd:ps -e | grep -i gdb-mic
2016-10-21 08:07:53:finished now-timestampStart < maxWaitTime*5
2016-10-21 08:07:53:now: 1477051672
2016-10-21 08:07:53:timestampStart: 1477051663
2016-10-21 08:07:53:kill cmd: killall -9 gdb-mic
2016-10-21 08:07:53:shell stdout: 
2016-10-21 08:07:53:kill cmd: ssh -T mic0 killall -9 lavamd
2016-10-21 08:07:53:shell stdout: 
2016-10-21 08:07:54:kill cmd: ssh -T mic0 killall -9 gdbserver
2016-10-21 08:07:54:shell stdout: 
2016-10-21 08:07:54:kill cmd: ssh -T mic0 killall -9 sshd
2016-10-21 08:07:54:shell stdout: 
