[INFO -- 2017-03-08 22:29:55]
Starting flip_value script
version: 2.0
[INFO -- 2017-03-08 22:29:55]
Initialization strings:
[INFO -- 2017-03-08 22:29:56]
(1) target extended-remote | ssh -T mic0 gdbserver --multi -
[INFO -- 2017-03-08 22:29:56]
(2) set sysroot /opt/mpss/3.7/sysroots/k1om-mpss-linux/
[INFO -- 2017-03-08 22:29:56]
(3) set sysroot /opt/mpss/3.7/sysroots/k1om-mpss-linux/
[INFO -- 2017-03-08 22:29:56]
(4) file /micNfs/gdb-fault-injection/injector/bin/clamr/clamr_openmponly
[INFO -- 2017-03-08 22:29:56]
(5) set remote exec-file /micNfs/gdb-fault-injection/injector/bin/clamr/clamr_openmponly
[INFO -- 2017-03-08 22:29:56]
(6) cd /micNfs/gdb-fault-injection/injector/bin/clamr
[INFO -- 2017-03-08 22:29:56]
(7) set args -n 512 -t 100 -g 100 -G data -j md5file
[INFO -- 2017-03-08 22:29:56]
initSignal:35
[INFO -- 2017-03-08 22:29:56]
endSignal:40
[INFO -- 2017-03-08 22:29:56]
seqSignal:20
[INFO -- 2017-03-08 22:29:56]
faultMode:1
[INFO -- 2017-03-08 22:30:37]
Backtrace BEGIN:
#0  0x0000000000520a1c in Mesh::rezone_all (this=0x7fae50, icount=24, jcount=0, mpot=..., have_state=1, state_memory=...) at /micNfs/gdb-fault-injection/injector/src/clamr/CLAMR/mesh/mesh.cpp:3209
#1  0x0000000000471447 in State::rezone_all (this=0x7fb9e0, icount=24, jcount=0, mpot=...) at /micNfs/gdb-fault-injection/injector/src/clamr/CLAMR/state.cpp:1034
#2  0x0000000000446030 in do_calc () at /micNfs/gdb-fault-injection/injector/src/clamr/CLAMR/clamr_cpuonly.cpp:462
#3  0x0000000000445a73 in main (argc=11, argv=0x7fffffffec58) at /micNfs/gdb-fault-injection/injector/src/clamr/CLAMR/clamr_cpuonly.cpp:380

3204	      for (int ic = 0; ic < (int)ncells; ic++){
3205	         int nc = index[ic];
3206	
3207	         if (mpot[ic] == 0){
3208	            if (nlft_old[ic] < (int)ncells && nlft_old[ic] >= 0){
3209	               nlft[nc] = (mpot[nlft_old[ic]] == 0) ? index[nlft_old[ic]] : -1;
3210	            }
3211	            if (nrht_old[ic] < (int)ncells && nrht_old[ic] >= 0){
3212	               nrht[nc] = (mpot[nrht_old[ic]] == 0) ? index[nrht_old[ic]] : -1;
3213	            }

Backtrace END
Memory content before bitflip:0x280x070x3f0xf70x6e0x880xfb0x3d
Fault Mode: Double bit-flip
base address to flip value: 0x7d0720 
address max offset: 8
Memory content after  bitflip:0x280x070x1d0xf70x6e0x880xfb0x3d
frame name: main
symbol name: upper_mass_diff_percentage
symbol filename: /micNfs/gdb-fault-injection/injector/src/clamr/CLAMR/clamr_cpuonly.cpp
symbol line: 149
value: 4.0065705537421646e-10
value address: 0x7d0720 <upper_mass_diff_percentage>
Type: A floating point type.
Type sizeof: 8

[INFO -- 2017-03-08 22:30:37]
Fault Injection Successful after 41.9108269215s
[INFO -- 2017-03-08 22:30:54]
event type: exit
[INFO -- 2017-03-08 22:30:54]
exit code: 0
