2016-10-31 11:55:06:Starting GDB script
2016-10-31 11:55:07:sending signal using command: 'ssh -T mic0 killall -2 lud_check' after 0.892451421312s
2016-10-31 11:55:07:shell stdout: 
2016-10-31 11:55:07:sending signal using command: 'ssh -T mic0 killall -2 lud_check' after 0.966307064582s
2016-10-31 11:55:07:shell stdout: 
2016-10-31 11:55:07:sending signal using command: 'ssh -T mic0 killall -2 lud_check' after 1.53896005921s
2016-10-31 11:55:07:shell stdout: 
2016-10-31 11:55:08:sending signal using command: 'ssh -T mic0 killall -2 lud_check' after 1.77733184604s
2016-10-31 11:55:08:shell stdout: 
2016-10-31 11:55:10:sending signal using command: 'ssh -T mic0 killall -2 lud_check' after 3.41267391391s
2016-10-31 11:55:10:shell stdout: 
2016-10-31 11:55:11:sending signal using command: 'ssh -T mic0 killall -2 lud_check' after 4.46409378278s
2016-10-31 11:55:11:shell stdout: 
2016-10-31 11:55:12:sending signal using command: 'ssh -T mic0 killall -2 lud_check' after 5.8760928033s
2016-10-31 11:55:12:shell stdout: 
2016-10-31 11:55:14:sending signal using command: 'ssh -T mic0 killall -2 lud_check' after 7.65058600135s
2016-10-31 11:55:14:shell stdout: 
2016-10-31 11:55:14:sending signal using command: 'ssh -T mic0 killall -2 lud_check' after 7.97081103441s
2016-10-31 11:55:14:shell stdout: 
2016-10-31 11:55:14:sending signal using command: 'ssh -T mic0 killall -2 lud_check' after 7.94613980546s
2016-10-31 11:55:14:shell stdout: 
2016-10-31 11:55:21:no gdbExecName running, out:
2016-10-31 11:55:21:checCmd:ps -e | grep -i gdb-mic
2016-10-31 11:55:21:finished now-timestampStart < maxWaitTime*5
2016-10-31 11:55:21:now: 1477929321
2016-10-31 11:55:21:timestampStart: 1477929306
2016-10-31 11:55:21:kill cmd: killall -9 gdb-mic
2016-10-31 11:55:21:shell stdout: 
2016-10-31 11:55:21:kill cmd: ssh -T mic0 killall -9 lud_check
2016-10-31 11:55:21:shell stdout: 
2016-10-31 11:55:22:kill cmd: ssh -T mic0 killall -9 gdbserver
2016-10-31 11:55:22:shell stdout: 
2016-10-31 11:55:22:kill cmd: ssh -T mic0 killall -9 sshd
2016-10-31 11:55:22:shell stdout: 
