2016-11-01 19:46:27:Starting GDB script
2016-11-01 19:46:27:sending signal using command: 'ssh -T mic0 killall -2 hotspot_check' after 0.238005427389s
2016-11-01 19:46:27:shell stdout: 
2016-11-01 19:46:28:sending signal using command: 'ssh -T mic0 killall -2 hotspot_check' after 0.535634311705s
2016-11-01 19:46:28:shell stdout: 
2016-11-01 19:46:30:sending signal using command: 'ssh -T mic0 killall -2 hotspot_check' after 2.76199367213s
2016-11-01 19:46:30:shell stdout: 
2016-11-01 19:46:31:sending signal using command: 'ssh -T mic0 killall -2 hotspot_check' after 4.17272024761s
2016-11-01 19:46:31:shell stdout: 
2016-11-01 19:46:32:sending signal using command: 'ssh -T mic0 killall -2 hotspot_check' after 4.6306753925s
2016-11-01 19:46:32:shell stdout: 
2016-11-01 19:46:36:sending signal using command: 'ssh -T mic0 killall -2 hotspot_check' after 8.59418811199s
2016-11-01 19:46:36:shell stdout: 
2016-11-01 19:46:36:sending signal using command: 'ssh -T mic0 killall -2 hotspot_check' after 8.98015988594s
2016-11-01 19:46:36:shell stdout: 
2016-11-01 19:46:37:sending signal using command: 'ssh -T mic0 killall -2 hotspot_check' after 9.41003036847s
2016-11-01 19:46:37:shell stdout: 
2016-11-01 19:46:40:sending signal using command: 'ssh -T mic0 killall -2 hotspot_check' after 12.4904581221s
2016-11-01 19:46:40:shell stdout: 
2016-11-01 19:46:42:sending signal using command: 'ssh -T mic0 killall -2 hotspot_check' after 14.9859422298s
2016-11-01 19:46:42:shell stdout: 
2016-11-01 19:46:47:no gdbExecName running, out:
2016-11-01 19:46:47:checCmd:ps -e | grep -i gdb-mic
2016-11-01 19:46:47:finished now-timestampStart < maxWaitTime*5
2016-11-01 19:46:47:now: 1478044006
2016-11-01 19:46:47:timestampStart: 1478043987
2016-11-01 19:46:47:kill cmd: killall -9 gdb-mic
2016-11-01 19:46:47:shell stdout: 
2016-11-01 19:46:48:kill cmd: ssh -T mic0 killall -9 hotspot_check
2016-11-01 19:46:48:shell stdout: 
2016-11-01 19:46:48:kill cmd: ssh -T mic0 killall -9 gdbserver
2016-11-01 19:46:48:shell stdout: 
