[INFO -- 2017-02-27 10:55:10]
Starting GDB script
[INFO -- 2017-02-27 10:55:10]
initSignal:0.0
[INFO -- 2017-02-27 10:55:10]
endSignal:2.0
[INFO -- 2017-02-27 10:55:10]
seqSignal:30
[INFO -- 2017-02-27 10:55:10]
sending 30 signals using command: 'ssh -T mic1 killall -2 lud_check' after 0.174121230156s
[INFO -- 2017-02-27 10:55:10]
shell stdout: 
[INFO -- 2017-02-27 10:55:10]
sending 30 signals using command: 'ssh -T mic1 killall -2 lud_check' after 0.790423956829s
[INFO -- 2017-02-27 10:55:10]
shell stdout: 
[INFO -- 2017-02-27 10:55:11]
shell stdout: 
[INFO -- 2017-02-27 10:55:11]
shell stdout: 
[INFO -- 2017-02-27 10:55:11]
shell stdout: 
[INFO -- 2017-02-27 10:55:11]
shell stdout: 
[INFO -- 2017-02-27 10:55:12]
sending 30 signals using command: 'ssh -T mic1 killall -2 lud_check' after 1.97573168623s
[INFO -- 2017-02-27 10:55:12]
shell stdout: 
[INFO -- 2017-02-27 10:55:12]
shell stdout: 
[INFO -- 2017-02-27 10:55:12]
shell stdout: 
[INFO -- 2017-02-27 10:55:12]
shell stdout: 
[INFO -- 2017-02-27 10:55:12]
shell stdout: 
[INFO -- 2017-02-27 10:55:13]
shell stdout: 
[INFO -- 2017-02-27 10:55:13]
shell stdout: 
[INFO -- 2017-02-27 10:55:13]
shell stdout: 
[INFO -- 2017-02-27 10:55:13]
shell stdout: 
[INFO -- 2017-02-27 10:55:13]
shell stdout: 
[INFO -- 2017-02-27 10:55:13]
shell stdout: 
[INFO -- 2017-02-27 10:55:14]
shell stdout: 
[INFO -- 2017-02-27 10:55:14]
shell stdout: 
[INFO -- 2017-02-27 10:55:14]
shell stdout: 
[INFO -- 2017-02-27 10:55:14]
shell stdout: 
[INFO -- 2017-02-27 10:55:14]
shell stdout: 
[INFO -- 2017-02-27 10:55:14]
shell stdout: 
[INFO -- 2017-02-27 10:55:15]
shell stdout: 
[INFO -- 2017-02-27 10:55:15]
shell stdout: 
[INFO -- 2017-02-27 10:55:15]
shell stdout: 
[INFO -- 2017-02-27 10:55:16]
shell stdout: 
[INFO -- 2017-02-27 10:55:16]
shell stdout: 
[INFO -- 2017-02-27 10:55:16]
shell stdout: 
[INFO -- 2017-02-27 10:55:17]
shell stdout: 
[INFO -- 2017-02-27 10:55:17]
shell stdout: 
[INFO -- 2017-02-27 10:55:17]
shell stdout: 
[INFO -- 2017-02-27 10:55:17]
shell stdout: 
[INFO -- 2017-02-27 10:55:17]
shell stdout: 
[INFO -- 2017-02-27 10:55:17]
shell stdout: 
[INFO -- 2017-02-27 10:55:18]
shell stdout: 
[INFO -- 2017-02-27 10:55:18]
shell stdout: 
[INFO -- 2017-02-27 10:55:18]
shell stdout: 
[INFO -- 2017-02-27 10:55:19]
shell stdout: 
[INFO -- 2017-02-27 10:55:19]
shell stdout: 
[INFO -- 2017-02-27 10:55:19]
shell stdout: 
[INFO -- 2017-02-27 10:55:19]
shell stdout: 
[INFO -- 2017-02-27 10:55:19]
shell stdout: 
[INFO -- 2017-02-27 10:55:19]
shell stdout: 
[INFO -- 2017-02-27 10:55:20]
shell stdout: 
[INFO -- 2017-02-27 10:55:20]
shell stdout: 
[INFO -- 2017-02-27 10:55:20]
shell stdout: 
[INFO -- 2017-02-27 10:55:21]
shell stdout: 
[INFO -- 2017-02-27 10:55:21]
shell stdout: 
[INFO -- 2017-02-27 10:55:21]
shell stdout: 
[INFO -- 2017-02-27 10:55:21]
shell stdout: 
[INFO -- 2017-02-27 10:55:21]
shell stdout: 
[INFO -- 2017-02-27 10:55:21]
shell stdout: 
[INFO -- 2017-02-27 10:55:22]
shell stdout: 
[INFO -- 2017-02-27 10:55:22]
shell stdout: 
[INFO -- 2017-02-27 10:55:22]
shell stdout: 
[INFO -- 2017-02-27 10:55:22]
shell stdout: 
[INFO -- 2017-02-27 10:55:22]
shell stdout: 
[INFO -- 2017-02-27 10:55:22]
shell stdout: 
[INFO -- 2017-02-27 10:55:23]
shell stdout: 
[INFO -- 2017-02-27 10:55:23]
shell stdout: 
[INFO -- 2017-02-27 10:55:23]
shell stdout: 
[INFO -- 2017-02-27 10:55:24]
shell stdout: 
[INFO -- 2017-02-27 10:55:24]
shell stdout: 
[INFO -- 2017-02-27 10:55:24]
shell stdout: 
[INFO -- 2017-02-27 10:55:24]
shell stdout: 
[INFO -- 2017-02-27 10:55:24]
shell stdout: 
[INFO -- 2017-02-27 10:55:24]
shell stdout: 
[INFO -- 2017-02-27 10:55:25]
shell stdout: 
[INFO -- 2017-02-27 10:55:25]
shell stdout: 
[INFO -- 2017-02-27 10:55:25]
shell stdout: 
[INFO -- 2017-02-27 10:55:25]
shell stdout: 
[INFO -- 2017-02-27 10:55:25]
shell stdout: 
[INFO -- 2017-02-27 10:55:25]
shell stdout: 
[INFO -- 2017-02-27 10:55:26]
shell stdout: 
[INFO -- 2017-02-27 10:55:26]
shell stdout: 
[INFO -- 2017-02-27 10:55:26]
shell stdout: 
[INFO -- 2017-02-27 10:55:27]
shell stdout: 
[INFO -- 2017-02-27 10:55:27]
shell stdout: 
[INFO -- 2017-02-27 10:55:27]
shell stdout: 
[INFO -- 2017-02-27 10:55:27]
shell stdout: 
[INFO -- 2017-02-27 10:55:27]
shell stdout: 
[INFO -- 2017-02-27 10:55:27]
shell stdout: 
[INFO -- 2017-02-27 10:55:28]
shell stdout: 
[INFO -- 2017-02-27 10:55:28]
shell stdout: 
[INFO -- 2017-02-27 10:55:28]
shell stdout: 
[INFO -- 2017-02-27 10:55:28]
shell stdout: 
[INFO -- 2017-02-27 10:55:29]
shell stdout: 
[INFO -- 2017-02-27 10:55:29]
shell stdout: 
[INFO -- 2017-02-27 10:55:30]
shell stdout: 
[INFO -- 2017-02-27 10:55:41]
no gdbExecName running, out:
[INFO -- 2017-02-27 10:55:41]
checCmd:ps -e | grep -i gdb-mic
[INFO -- 2017-02-27 10:55:41]
finished now-timestampStart < maxWaitTime*5
[INFO -- 2017-02-27 10:55:41]
now: 1488210940
[INFO -- 2017-02-27 10:55:41]
timestampStart: 1488210910
[INFO -- 2017-02-27 10:55:41]
kill cmd: killall -9 gdb-mic
[INFO -- 2017-02-27 10:55:41]
shell stdout: 
[INFO -- 2017-02-27 10:55:41]
kill cmd: ssh -T mic1 killall -9 lud_check
[INFO -- 2017-02-27 10:55:41]
shell stdout: 
[INFO -- 2017-02-27 10:55:42]
kill cmd: ssh -T mic1 killall -9 gdbserver
[INFO -- 2017-02-27 10:55:42]
shell stdout: 
[INFO -- 2017-02-27 10:55:42]
kill cmd: ssh -T mic1 killall -9 sshd
[INFO -- 2017-02-27 10:55:42]
shell stdout: 
