2017-01-22 13:39:19:Starting GDB script
2017-01-22 13:39:19:initSignal:28.0
2017-01-22 13:39:19:endSignal:28.0
2017-01-22 13:39:19:seqSignal:15
2017-01-22 13:39:47:sending 15 signals using command: 'ssh -T mic1 killall -2 dgemm_check' after 28.0s
2017-01-22 13:39:47:sending 15 signals using command: 'ssh -T mic1 killall -2 dgemm_check' after 28.0s
2017-01-22 13:39:47:sending 15 signals using command: 'ssh -T mic1 killall -2 dgemm_check' after 28.0s
2017-01-22 13:39:47:shell stdout: 
2017-01-22 13:39:47:shell stdout: 
2017-01-22 13:39:47:shell stdout: 
2017-01-22 13:39:48:shell stdout: 
2017-01-22 13:39:48:shell stdout: 
2017-01-22 13:39:48:shell stdout: 
2017-01-22 13:39:48:shell stdout: 
2017-01-22 13:39:48:shell stdout: 
2017-01-22 13:39:48:shell stdout: 
2017-01-22 13:39:49:shell stdout: 
2017-01-22 13:39:49:shell stdout: 
2017-01-22 13:39:49:shell stdout: 
2017-01-22 13:39:49:shell stdout: 
2017-01-22 13:39:49:shell stdout: 
2017-01-22 13:39:49:shell stdout: 
2017-01-22 13:39:49:shell stdout: 
2017-01-22 13:39:50:shell stdout: 
2017-01-22 13:39:50:shell stdout: 
2017-01-22 13:39:50:shell stdout: 
2017-01-22 13:39:50:shell stdout: 
2017-01-22 13:39:50:shell stdout: 
2017-01-22 13:39:50:shell stdout: 
2017-01-22 13:39:50:shell stdout: 
2017-01-22 13:39:50:shell stdout: 
2017-01-22 13:39:51:shell stdout: 
2017-01-22 13:39:51:shell stdout: 
2017-01-22 13:39:51:shell stdout: 
2017-01-22 13:39:51:shell stdout: 
2017-01-22 13:39:51:shell stdout: 
2017-01-22 13:39:51:shell stdout: 
2017-01-22 13:39:52:shell stdout: 
2017-01-22 13:39:52:shell stdout: 
2017-01-22 13:39:52:shell stdout: 
2017-01-22 13:39:52:shell stdout: 
2017-01-22 13:39:52:shell stdout: 
2017-01-22 13:39:52:shell stdout: 
2017-01-22 13:39:53:shell stdout: 
2017-01-22 13:39:53:shell stdout: 
2017-01-22 13:39:53:shell stdout: 
2017-01-22 13:39:53:shell stdout: 
2017-01-22 13:39:53:shell stdout: 
2017-01-22 13:39:53:shell stdout: 
2017-01-22 13:39:53:shell stdout: 
2017-01-22 13:39:54:shell stdout: 
2017-01-22 13:39:54:shell stdout: 
2017-01-22 13:40:38:no gdbExecName running, out:
2017-01-22 13:40:38:checCmd:ps -e | grep -i gdb-mic
2017-01-22 13:40:38:finished now-timestampStart < maxWaitTime*5
2017-01-22 13:40:38:now: 1485110429
2017-01-22 13:40:38:timestampStart: 1485110359
2017-01-22 13:40:38:kill cmd: killall -9 gdb-mic
2017-01-22 13:40:38:shell stdout: 
2017-01-22 13:40:38:kill cmd: ssh -T mic1 killall -9 dgemm_check
2017-01-22 13:40:38:shell stdout: 
2017-01-22 13:40:39:kill cmd: ssh -T mic1 killall -9 gdbserver
2017-01-22 13:40:39:shell stdout: 
2017-01-22 13:40:39:kill cmd: ssh -T mic1 killall -9 sshd
2017-01-22 13:40:39:shell stdout: 
