2016-10-25 02:49:27:Starting GDB script
2016-10-25 02:49:29:sending signal using command: 'ssh -T mic0 killall -2 needle_check' after 1.63497296529s
2016-10-25 02:49:29:shell stdout: 
2016-10-25 02:49:30:sending signal using command: 'ssh -T mic0 killall -2 needle_check' after 1.8652762479s
2016-10-25 02:49:30:shell stdout: 
2016-10-25 02:49:32:sending signal using command: 'ssh -T mic0 killall -2 needle_check' after 4.44174174309s
2016-10-25 02:49:32:shell stdout: 
2016-10-25 02:49:34:sending signal using command: 'ssh -T mic0 killall -2 needle_check' after 6.44168098954s
2016-10-25 02:49:34:shell stdout: 
2016-10-25 02:49:35:sending signal using command: 'ssh -T mic0 killall -2 needle_check' after 6.81986028856s
2016-10-25 02:49:35:shell stdout: 
2016-10-25 02:49:36:sending signal using command: 'ssh -T mic0 killall -2 needle_check' after 8.47698334516s
2016-10-25 02:49:36:shell stdout: 
2016-10-25 02:49:38:sending signal using command: 'ssh -T mic0 killall -2 needle_check' after 10.5197407212s
2016-10-25 02:49:38:shell stdout: 
2016-10-25 02:49:39:sending signal using command: 'ssh -T mic0 killall -2 needle_check' after 10.8185158162s
2016-10-25 02:49:39:shell stdout: 
2016-10-25 02:49:42:sending signal using command: 'ssh -T mic0 killall -2 needle_check' after 13.952172927s
2016-10-25 02:49:42:shell stdout: 
2016-10-25 02:49:43:sending signal using command: 'ssh -T mic0 killall -2 needle_check' after 14.7274229392s
2016-10-25 02:49:43:shell stdout: 
2016-10-25 02:49:48:no gdbExecName running, out:
2016-10-25 02:49:48:checCmd:ps -e | grep -i gdb-mic
2016-10-25 02:49:48:finished now-timestampStart < maxWaitTime*5
2016-10-25 02:49:48:now: 1477378187
2016-10-25 02:49:48:timestampStart: 1477378167
2016-10-25 02:49:48:kill cmd: killall -9 gdb-mic
2016-10-25 02:49:48:shell stdout: 
2016-10-25 02:49:48:kill cmd: ssh -T mic0 killall -9 needle_check
2016-10-25 02:49:48:shell stdout: 
2016-10-25 02:49:48:kill cmd: ssh -T mic0 killall -9 gdbserver
2016-10-25 02:49:48:shell stdout: 
2016-10-25 02:49:49:kill cmd: ssh -T mic0 killall -9 sshd
2016-10-25 02:49:49:shell stdout: 
