[INFO -- 2017-03-06 17:32:20]
Starting flip_value script
version: 2.0
[INFO -- 2017-03-06 17:32:20]
Initialization strings:
[INFO -- 2017-03-06 17:32:21]
(1) target extended-remote | ssh -T mic0 gdbserver --multi -
[INFO -- 2017-03-06 17:32:21]
(2) set sysroot /opt/mpss/3.7/sysroots/k1om-mpss-linux/
[INFO -- 2017-03-06 17:32:21]
(3) set sysroot /opt/mpss/3.7/sysroots/k1om-mpss-linux/
[INFO -- 2017-03-06 17:32:21]
(4) file /micNfs/gdb-fault-injection/injector/bin/clamr/clamr_openmponly
[INFO -- 2017-03-06 17:32:21]
(5) set remote exec-file /micNfs/gdb-fault-injection/injector/bin/clamr/clamr_openmponly
[INFO -- 2017-03-06 17:32:21]
(6) cd /micNfs/gdb-fault-injection/injector/bin/clamr
[INFO -- 2017-03-06 17:32:21]
(7) set args -n 512 -t 100 -g 100 -G data -j md5file
[INFO -- 2017-03-06 17:32:21]
initSignal:20
[INFO -- 2017-03-06 17:32:21]
endSignal:25
[INFO -- 2017-03-06 17:32:21]
seqSignal:20
[INFO -- 2017-03-06 17:32:21]
faultMode:0
[EXCEPTION -- 2017-03-06 17:32:46]
gdbException: Attempt to dereference a generic pointer.
[EXCEPTION -- 2017-03-06 17:32:52]
gdbException: Attempt to dereference a generic pointer.
[INFO -- 2017-03-06 17:32:58]
Backtrace BEGIN:
#0  0x00007ffff6b64400 in _IO_vfprintf_internal (s=<optimized out>, format=<optimized out>, ap=ap@entry=0x7fffffffe128) at vfprintf.c:2094
#1  0x00007ffff6b6e969 in __fprintf (stream=<optimized out>, format=<optimized out>) at fprintf.c:32
#2  0x000000000054b9dd in DrawSquaresToFile (graph_num=0, ncycle=0, simTime=0, rollback_img=0, rollback_num=0) at /micNfs/gdb-fault-injection/injector/src/clamr/CLAMR/graphics/graphics.c:479
#3  0x000000000054db06 in write_graphics_info (graph_num=0, ncycle=0, simTime=0, rollback_img=0, rollback_num=0) at /micNfs/gdb-fault-injection/injector/src/clamr/CLAMR/graphics/graphics.c:751
#4  0x0000000000445977 in main (argc=11, argv=0x7fffffffec58) at /micNfs/gdb-fault-injection/injector/src/clamr/CLAMR/clamr_cpuonly.cpp:353

2089	in vfprintf.c

Backtrace END
Memory content before bitflip:0xf00x000x000x00
Fault Mode: Single bit-flip
base address to flip value: 0x7fffffffe61c
address max offset: 4
Memory content after  bitflip:0xf00x000x100x00
frame name: DrawSquaresToFile
symbol name: color
symbol filename: /micNfs/gdb-fault-injection/injector/src/clamr/CLAMR/graphics/graphics.c
symbol line: 443
value: 1048816
value address: 0x7fffffffe61c
Type: The type is an integer type.
Type sizeof: 4

[INFO -- 2017-03-06 17:32:58]
Fault Injection Successful after 37.257076025s
[INFO -- 2017-03-06 17:33:27]
event type: exit
[INFO -- 2017-03-06 17:33:27]
exit code: 0
