2016-10-28 13:35:49:Starting GDB script
2016-10-28 13:35:50:sending signal using command: 'ssh -T mic0 killall -2 lavamd' after 0.338414308281s
2016-10-28 13:35:50:shell stdout: 
2016-10-28 13:35:51:sending signal using command: 'ssh -T mic0 killall -2 lavamd' after 1.03035155354s
2016-10-28 13:35:51:shell stdout: 
2016-10-28 13:35:51:sending signal using command: 'ssh -T mic0 killall -2 lavamd' after 1.34851212778s
2016-10-28 13:35:51:shell stdout: 
2016-10-28 13:35:53:sending signal using command: 'ssh -T mic0 killall -2 lavamd' after 3.02884440644s
2016-10-28 13:35:53:shell stdout: 
2016-10-28 13:35:53:sending signal using command: 'ssh -T mic0 killall -2 lavamd' after 3.63475028036s
2016-10-28 13:35:53:shell stdout: 
2016-10-28 13:35:55:no gdbExecName running, out:
2016-10-28 13:35:55:checCmd:ps -e | grep -i gdb-mic
2016-10-28 13:35:55:finished now-timestampStart < maxWaitTime*5
2016-10-28 13:35:55:now: 1477676154
2016-10-28 13:35:55:timestampStart: 1477676149
2016-10-28 13:35:55:kill cmd: killall -9 gdb-mic
2016-10-28 13:35:55:shell stdout: 
2016-10-28 13:35:56:kill cmd: ssh -T mic0 killall -9 lavamd
2016-10-28 13:35:56:shell stdout: 
2016-10-28 13:35:56:sending signal using command: 'ssh -T mic0 killall -2 lavamd' after 6.34318280223s
2016-10-28 13:35:56:shell stdout: 
2016-10-28 13:35:56:kill cmd: ssh -T mic0 killall -9 gdbserver
2016-10-28 13:35:56:shell stdout: 
2016-10-28 13:35:56:kill cmd: ssh -T mic0 killall -9 sshd
2016-10-28 13:35:56:shell stdout: 
