2017-03-01 14:09:51:Starting flip_value script
2017-03-01 14:09:51:Initialization strings:
2017-03-01 14:09:51:(1) target extended-remote | ssh -T mic1 gdbserver --multi -
2017-03-01 14:09:51:(2) set sysroot /opt/mpss/3.7/sysroots/k1om-mpss-linux/
2017-03-01 14:09:51:(3) set sysroot /opt/mpss/3.7/sysroots/k1om-mpss-linux/
2017-03-01 14:09:51:(4) file /micNfs/gdb-fault-injection/injector/bin/dgemm/dgemm_check
2017-03-01 14:09:51:(5) set remote exec-file /micNfs/gdb-fault-injection/injector/bin/dgemm/dgemm_check
2017-03-01 14:09:51:(6) set args 228 2048 16 /micNfs/gdb-fault-injection/injector/bin/dgemm/dgemm_a_8192 /micNfs/gdb-fault-injection/injector/bin/dgemm/dgemm_b_8192 /micNfs/gdb-fault-injection/injector/bin/dgemm/gold_2048_m-order_228_ths_16_blocks 1
2017-03-01 14:09:51:initSignal:28
2017-03-01 14:09:51:endSignal:28
2017-03-01 14:09:51:seqSignal:15
2017-03-01 14:10:19:Backtrace BEGIN:
2017-03-01 14:10:19:#0  0x00000000004037a1 in L_dgemm_185__par_region0_2_0 () at dgemm.c:221
#1  0x00007ffff790ba1f in ?? ()
#2  0x00007fffffffe550 in ?? ()
#3  0x0000000000000000 in ?? ()

2017-03-01 14:10:19:216	                            CC_arr(i,j) = 0.0;
217	
218	                    for (kg=kk,k=0; kg<MIN(kk+block,order); k++,kg++)
219	                        for (jg=jj,j=0; jg<MIN(jj+block,order); j++,jg++)
220	                            for (ig=ii,i=0; ig<MIN(ii+block,order); i++,ig++)
221	                                CC_arr(i,j) += AA_arr(i,k)*BB_arr(j,k);
222	
223	                    for (jg=jj,j=0; jg<MIN(jj+block,order); j++,jg++)
224	                        for (ig=ii,i=0; ig<MIN(ii+block,order); i++,ig++)
225	                            C_arr(ig,jg) += CC_arr(i,j);

2017-03-01 14:10:19:Backtrace END
2017-03-01 14:10:25:Type: The type is a pointer.
2017-03-01 14:10:25:Type sizeof: 8
2017-03-01 14:10:25:Fliping a bit of the value pointed by a pointer
2017-03-01 14:10:25:Type: A floating point type.
2017-03-01 14:10:25:Type sizeof: 8
2017-03-01 14:10:25:Mem contents(hex):0x160x6f0x6a0x790xe90x420x500xc3
2017-03-01 14:10:25:Fault Mode: Random bit-flip
2017-03-01 14:10:25:base address to flip value: 0x7ffff2ccb040
2017-03-01 14:10:25:address max offset: 8
2017-03-01 14:10:25:Memory content before bitflip:0x160x6f0x6a0x790xe90x420x500xc3
2017-03-01 14:10:25:Backtrace BEGIN:
2017-03-01 14:10:25:#0  0x00000000004037a1 in L_dgemm_185__par_region0_2_0 () at dgemm.c:221
#1  0x00007ffff790ba1f in ?? ()
#2  0x00007fffffffe550 in ?? ()
#3  0x0000000000000000 in ?? ()

2017-03-01 14:10:25:216	                            CC_arr(i,j) = 0.0;
217	
218	                    for (kg=kk,k=0; kg<MIN(kk+block,order); k++,kg++)
219	                        for (jg=jj,j=0; jg<MIN(jj+block,order); j++,jg++)
220	                            for (ig=ii,i=0; ig<MIN(ii+block,order); i++,ig++)
221	                                CC_arr(i,j) += AA_arr(i,k)*BB_arr(j,k);
222	
223	                    for (jg=jj,j=0; jg<MIN(jj+block,order); j++,jg++)
224	                        for (ig=ii,i=0; ig<MIN(ii+block,order); i++,ig++)
225	                            C_arr(ig,jg) += CC_arr(i,j);

2017-03-01 14:10:25:Backtrace END
2017-03-01 14:10:30:Type: The type is an integer type.
2017-03-01 14:10:30:Type sizeof: 4
2017-03-01 14:10:30:Mem contents(hex):0x000x000x000x00
2017-03-01 14:10:30:Fault Mode: Double bit-flip
2017-03-01 14:10:30:base address to flip value: 0x7fffffffde90
2017-03-01 14:10:30:address max offset: 4
2017-03-01 14:10:30:Memory content before bitflip:0x000x000x000x00
2017-03-01 14:10:30:Memory content after  bitflip:0x000x060x000x00
2017-03-01 14:10:30:Mem contents(hex):0x000x060x000x00
2017-03-01 14:10:30:frame name: L_dgemm_185__par_region0_2_0
2017-03-01 14:10:30:symbol name: kk
2017-03-01 14:10:30:symbol filename: dgemm.c
2017-03-01 14:10:30:symbol line: 183
2017-03-01 14:10:30:value: 1536
2017-03-01 14:10:30:value address: 0x7fffffffde90
2017-03-01 14:10:30:Type: The type is an integer type.
2017-03-01 14:10:30:Type sizeof: 4
2017-03-01 14:10:30:Fault Injection Successful after 39.3196339607s
2017-03-01 14:10:39:event type: exit
2017-03-01 14:10:39:exit code: no exit code available
