2017-01-25 21:19:39:Starting GDB script
2017-01-25 21:19:39:initSignal:0.0
2017-01-25 21:19:39:endSignal:2.0
2017-01-25 21:19:39:seqSignal:30
2017-01-25 21:19:39:sending 30 signals using command: 'ssh -T mic0 killall -2 lud_check' after 0.0274873666997s
2017-01-25 21:19:39:shell stdout: 
2017-01-25 21:19:39:shell stdout: 
2017-01-25 21:19:40:shell stdout: 
2017-01-25 21:19:40:sending 30 signals using command: 'ssh -T mic0 killall -2 lud_check' after 1.27141366061s
2017-01-25 21:19:40:shell stdout: 
2017-01-25 21:19:40:shell stdout: 
2017-01-25 21:19:41:sending 30 signals using command: 'ssh -T mic0 killall -2 lud_check' after 1.92353848062s
2017-01-25 21:19:41:shell stdout: 
2017-01-25 21:19:41:shell stdout: 
2017-01-25 21:19:41:shell stdout: 
2017-01-25 21:19:41:shell stdout: 
2017-01-25 21:19:41:shell stdout: 
2017-01-25 21:19:41:shell stdout: 
2017-01-25 21:19:41:shell stdout: 
2017-01-25 21:19:41:shell stdout: 
2017-01-25 21:19:42:shell stdout: 
2017-01-25 21:19:42:shell stdout: 
2017-01-25 21:19:42:shell stdout: 
2017-01-25 21:19:42:shell stdout: 
2017-01-25 21:19:42:shell stdout: 
2017-01-25 21:19:42:shell stdout: 
2017-01-25 21:19:42:shell stdout: 
2017-01-25 21:19:43:shell stdout: 
2017-01-25 21:19:43:shell stdout: 
2017-01-25 21:19:43:shell stdout: 
2017-01-25 21:19:43:shell stdout: 
2017-01-25 21:19:43:shell stdout: 
2017-01-25 21:19:43:shell stdout: 
2017-01-25 21:19:43:shell stdout: 
2017-01-25 21:19:44:shell stdout: 
2017-01-25 21:19:44:shell stdout: 
2017-01-25 21:19:44:shell stdout: 
2017-01-25 21:19:44:shell stdout: 
2017-01-25 21:19:44:shell stdout: 
2017-01-25 21:19:44:shell stdout: 
2017-01-25 21:19:44:shell stdout: 
2017-01-25 21:19:45:shell stdout: 
2017-01-25 21:19:45:shell stdout: 
2017-01-25 21:19:45:shell stdout: 
2017-01-25 21:19:45:shell stdout: 
2017-01-25 21:19:45:shell stdout: 
2017-01-25 21:19:45:no gdbExecName running, out:
2017-01-25 21:19:45:checCmd:ps -e | grep -i gdb-mic
2017-01-25 21:19:45:finished now-timestampStart < maxWaitTime*5
2017-01-25 21:19:45:now: 1485397184
2017-01-25 21:19:45:timestampStart: 1485397179
2017-01-25 21:19:45:kill cmd: killall -9 gdb-mic
2017-01-25 21:19:45:shell stdout: 
2017-01-25 21:19:45:shell stdout: 
2017-01-25 21:19:45:shell stdout: 
2017-01-25 21:19:45:shell stdout: 
2017-01-25 21:19:46:kill cmd: ssh -T mic0 killall -9 lud_check
2017-01-25 21:19:46:shell stdout: 
2017-01-25 21:19:46:shell stdout: 
2017-01-25 21:19:46:shell stdout: 
2017-01-25 21:19:46:shell stdout: 
2017-01-25 21:19:46:kill cmd: ssh -T mic0 killall -9 gdbserver
2017-01-25 21:19:46:shell stdout: 
2017-01-25 21:19:46:shell stdout: 
2017-01-25 21:19:46:shell stdout: 
2017-01-25 21:19:46:shell stdout: 
2017-01-25 21:19:46:kill cmd: ssh -T mic0 killall -9 sshd
2017-01-25 21:19:46:shell stdout: 
