2016-10-17 11:04:07:Starting GDB script
2016-10-17 11:04:12:sending signal using command: 'ssh -T mic0 killall -2 needle_check' after 4.31111659366s
2016-10-17 11:04:12:shell stdout: 
2016-10-17 11:04:13:sending signal using command: 'ssh -T mic0 killall -2 needle_check' after 5.04712113325s
2016-10-17 11:04:13:shell stdout: 
2016-10-17 11:04:19:sending signal using command: 'ssh -T mic0 killall -2 needle_check' after 11.2804443022s
2016-10-17 11:04:19:shell stdout: 
2016-10-17 11:04:19:sending signal using command: 'ssh -T mic0 killall -2 needle_check' after 11.3561112034s
2016-10-17 11:04:19:shell stdout: 
2016-10-17 11:04:19:sending signal using command: 'ssh -T mic0 killall -2 needle_check' after 11.3844559804s
2016-10-17 11:04:19:shell stdout: 
2016-10-17 11:04:19:sending signal using command: 'ssh -T mic0 killall -2 needle_check' after 11.4048061051s
2016-10-17 11:04:19:shell stdout: 
2016-10-17 11:04:21:sending signal using command: 'ssh -T mic0 killall -2 needle_check' after 13.5253096948s
2016-10-17 11:04:21:shell stdout: 
2016-10-17 11:04:21:sending signal using command: 'ssh -T mic0 killall -2 needle_check' after 13.8759851494s
2016-10-17 11:04:21:shell stdout: 
2016-10-17 11:04:22:sending signal using command: 'ssh -T mic0 killall -2 needle_check' after 14.9698029314s
2016-10-17 11:04:22:shell stdout: 
2016-10-17 11:04:23:sending signal using command: 'ssh -T mic0 killall -2 needle_check' after 15.0280437625s
2016-10-17 11:04:23:shell stdout: 
2016-10-17 11:04:24:no gdbExecName running, out:
2016-10-17 11:04:24:checCmd:ps -e | grep -i gdb-mic
2016-10-17 11:04:24:finished now-timestampStart < maxWaitTime*5
2016-10-17 11:04:24:now: 1476716663
2016-10-17 11:04:24:timestampStart: 1476716647
2016-10-17 11:04:24:kill cmd: killall -9 gdb-mic
2016-10-17 11:04:24:shell stdout: 
2016-10-17 11:04:25:kill cmd: ssh -T mic0 killall -9 needle_check
2016-10-17 11:04:25:shell stdout: 
2016-10-17 11:04:25:kill cmd: ssh -T mic0 killall -9 gdbserver
2016-10-17 11:04:25:shell stdout: 
2016-10-17 11:04:25:kill cmd: ssh -T mic0 killall -9 sshd
2016-10-17 11:04:25:shell stdout: 
