2016-10-19 06:52:16:Initialization strings:
2016-10-19 06:52:16:(1) target extended-remote | ssh -T mic0 gdbserver --multi -
2016-10-19 06:52:16:(2) set sysroot /opt/mpss/3.7/sysroots/k1om-mpss-linux/
2016-10-19 06:52:16:(3) set sysroot /opt/mpss/3.7/sysroots/k1om-mpss-linux/
2016-10-19 06:52:16:(4) file /micNfs/gdb-fault-injection-lavamd/bin/lavamd
2016-10-19 06:52:16:(5) set remote exec-file /micNfs/gdb-fault-injection-lavamd/bin/lavamd
2016-10-19 06:52:16:(6) set args 228 15 /micNfs/gdb-fault-injection-lavamd/bin/input_distance_228_15 /micNfs/gdb-fault-injection-lavamd/bin/input_charges_228_15 /micNfs/gdb-fault-injection-lavamd/bin/output_gold_228_15 1
2016-10-19 06:52:17:Trying Fault Injection
2016-10-19 06:52:17:Inferior PID: 42323
2016-10-19 06:52:17:Inferior is valid: True
2016-10-19 06:52:17:Inferior #threads: 1
2016-10-19 06:52:17:Backtrace BEGIN:
2016-10-19 06:52:17:#0  0x00007ffff71388b3 in __GI__IO_fread (buf=0x7ffff50d3758, size=1, count=8, fp=0x60e1c0) at iofread.c:41
#1  0x00000000004025ee in main (argc=7, argv=0x7fffffffec08) at main_check.c:180

2016-10-19 06:52:17:36	in iofread.c

2016-10-19 06:52:17:Backtrace END
2016-10-19 06:52:17:Thread name: None
2016-10-19 06:52:17:Thread num: 1
2016-10-19 06:52:17:Thread ptid: (42323, 42323, 0)
2016-10-19 06:52:17:bitFlip function
2016-10-19 06:52:17:Type: The type is an integer type.
2016-10-19 06:52:17:Type sizeof: 4
2016-10-19 06:52:17:Mem contents(hex):0x020x000x000x00
2016-10-19 06:52:17:base address to flip value: 0x7fffffffe77c
2016-10-19 06:52:17:address max offset: 4
2016-10-19 06:52:17:Memory content before bitflip:0x020x000x000x00
2016-10-19 06:52:17:Memory content after  bitflip:0x020x000x000x01
2016-10-19 06:52:17:Mem contents(hex):0x020x000x000x01
2016-10-19 06:52:17:frame name: main
2016-10-19 06:52:17:symbol name: n
2016-10-19 06:52:17:symbol filename: main_check.c
2016-10-19 06:52:17:symbol line: 53
2016-10-19 06:52:17:value: 16777218
2016-10-19 06:52:17:value address: 0x7fffffffe77c
2016-10-19 06:52:17:Type: The type is an integer type.
2016-10-19 06:52:17:Type sizeof: 4
2016-10-19 06:52:17:Fault Injection Successful after 1.83674192429s
2016-10-19 06:52:18:Fault Already Injected
2016-10-19 06:52:22:Fault Already Injected
2016-10-19 06:52:22:Fault Already Injected
2016-10-19 06:52:22:Fault Already Injected
2016-10-19 06:52:24:Fault Already Injected
2016-10-19 06:52:24:Fault Already Injected
2016-10-19 06:52:25:Fault Already Injected
2016-10-19 06:52:26:Fault Already Injected
2016-10-19 06:52:27:event type: exit
2016-10-19 06:52:27:exit code: 0
