2017-01-13 02:48:57:Starting GDB script
2017-01-13 02:48:57:initSignal:7.0
2017-01-13 02:48:57:endSignal:14.0
2017-01-13 02:48:57:seqSignal:15
2017-01-13 02:49:07:sending 15 signals using command: 'ssh -T mic1 killall -2 dgemm_check' after 9.81545795431s
2017-01-13 02:49:08:shell stdout: 
2017-01-13 02:49:09:shell stdout: 
2017-01-13 02:49:09:sending 15 signals using command: 'ssh -T mic1 killall -2 dgemm_check' after 11.3700666545s
2017-01-13 02:49:09:shell stdout: 
2017-01-13 02:49:09:sending 15 signals using command: 'ssh -T mic1 killall -2 dgemm_check' after 11.5308808848s
2017-01-13 02:49:09:shell stdout: 
2017-01-13 02:49:09:shell stdout: 
2017-01-13 02:49:09:shell stdout: 
2017-01-13 02:49:10:shell stdout: 
2017-01-13 02:49:10:shell stdout: 
2017-01-13 02:49:10:shell stdout: 
2017-01-13 02:49:10:shell stdout: 
2017-01-13 02:49:10:shell stdout: 
2017-01-13 02:49:10:shell stdout: 
2017-01-13 02:49:11:shell stdout: 
2017-01-13 02:49:11:shell stdout: 
2017-01-13 02:49:11:shell stdout: 
2017-01-13 02:49:11:shell stdout: 
2017-01-13 02:49:11:shell stdout: 
2017-01-13 02:49:11:shell stdout: 
2017-01-13 02:49:12:shell stdout: 
2017-01-13 02:49:12:shell stdout: 
2017-01-13 02:49:12:shell stdout: 
2017-01-13 02:49:12:shell stdout: 
2017-01-13 02:49:12:shell stdout: 
2017-01-13 02:49:12:shell stdout: 
2017-01-13 02:49:12:shell stdout: 
2017-01-13 02:49:12:shell stdout: 
2017-01-13 02:49:12:shell stdout: 
2017-01-13 02:49:13:shell stdout: 
2017-01-13 02:49:13:shell stdout: 
2017-01-13 02:49:13:shell stdout: 
2017-01-13 02:49:13:shell stdout: 
2017-01-13 02:49:13:shell stdout: 
2017-01-13 02:49:13:shell stdout: 
2017-01-13 02:49:14:shell stdout: 
2017-01-13 02:49:14:shell stdout: 
2017-01-13 02:49:14:shell stdout: 
2017-01-13 02:49:14:shell stdout: 
2017-01-13 02:49:14:shell stdout: 
2017-01-13 02:49:14:shell stdout: 
2017-01-13 02:49:15:shell stdout: 
2017-01-13 02:49:15:shell stdout: 
2017-01-13 02:49:15:shell stdout: 
2017-01-13 02:49:15:shell stdout: 
2017-01-13 02:49:16:shell stdout: 
2017-01-13 02:49:16:shell stdout: 
2017-01-13 02:50:26:no gdbExecName running, out:
2017-01-13 02:50:26:checCmd:ps -e | grep -i gdb-mic
2017-01-13 02:50:26:finished now-timestampStart < maxWaitTime*5
2017-01-13 02:50:26:now: 1484293817
2017-01-13 02:50:26:timestampStart: 1484293737
2017-01-13 02:50:26:kill cmd: killall -9 gdb-mic
2017-01-13 02:50:26:shell stdout: 
2017-01-13 02:50:26:kill cmd: ssh -T mic1 killall -9 dgemm_check
2017-01-13 02:50:26:shell stdout: 
2017-01-13 02:50:27:kill cmd: ssh -T mic1 killall -9 gdbserver
2017-01-13 02:50:27:shell stdout: 
2017-01-13 02:50:27:kill cmd: ssh -T mic1 killall -9 sshd
2017-01-13 02:50:27:shell stdout: 
