[INFO -- 2017-03-08 05:37:18]
Starting GDB script
[INFO -- 2017-03-08 05:37:18]
initSignal:0.0
[INFO -- 2017-03-08 05:37:18]
endSignal:2.0
[INFO -- 2017-03-08 05:37:18]
seqSignal:30
[INFO -- 2017-03-08 05:37:18]
sending 30 signals using command: 'ssh -T mic0 killall -2 lud_check' after 0.353517705557s
[INFO -- 2017-03-08 05:37:19]
shell stdout: 
[INFO -- 2017-03-08 05:37:19]
shell stdout: 
[INFO -- 2017-03-08 05:37:19]
sending 30 signals using command: 'ssh -T mic0 killall -2 lud_check' after 1.5133638765s
[INFO -- 2017-03-08 05:37:19]
shell stdout: 
[INFO -- 2017-03-08 05:37:20]
sending 30 signals using command: 'ssh -T mic0 killall -2 lud_check' after 1.89155447089s
[INFO -- 2017-03-08 05:37:20]
shell stdout: 
[INFO -- 2017-03-08 05:37:20]
shell stdout: 
[INFO -- 2017-03-08 05:37:20]
shell stdout: 
[INFO -- 2017-03-08 05:37:21]
shell stdout: 
[INFO -- 2017-03-08 05:37:21]
shell stdout: 
[INFO -- 2017-03-08 05:37:21]
shell stdout: 
[INFO -- 2017-03-08 05:37:21]
shell stdout: 
[INFO -- 2017-03-08 05:37:22]
shell stdout: 
[INFO -- 2017-03-08 05:37:22]
shell stdout: 
[INFO -- 2017-03-08 05:37:22]
shell stdout: 
[INFO -- 2017-03-08 05:37:22]
shell stdout: 
[INFO -- 2017-03-08 05:37:22]
shell stdout: 
[INFO -- 2017-03-08 05:37:22]
shell stdout: 
[INFO -- 2017-03-08 05:37:23]
shell stdout: 
[INFO -- 2017-03-08 05:37:23]
shell stdout: 
[INFO -- 2017-03-08 05:37:23]
shell stdout: 
[INFO -- 2017-03-08 05:37:23]
shell stdout: 
[INFO -- 2017-03-08 05:37:24]
shell stdout: 
[INFO -- 2017-03-08 05:37:24]
shell stdout: 
[INFO -- 2017-03-08 05:37:24]
shell stdout: 
[INFO -- 2017-03-08 05:37:24]
shell stdout: 
[INFO -- 2017-03-08 05:37:24]
shell stdout: 
[INFO -- 2017-03-08 05:37:24]
shell stdout: 
[INFO -- 2017-03-08 05:37:25]
shell stdout: 
[INFO -- 2017-03-08 05:37:25]
shell stdout: 
[INFO -- 2017-03-08 05:37:25]
shell stdout: 
[INFO -- 2017-03-08 05:37:26]
shell stdout: 
[INFO -- 2017-03-08 05:37:26]
shell stdout: 
[INFO -- 2017-03-08 05:37:26]
shell stdout: 
[INFO -- 2017-03-08 05:37:27]
shell stdout: 
[INFO -- 2017-03-08 05:37:27]
shell stdout: 
[INFO -- 2017-03-08 05:37:27]
shell stdout: 
[INFO -- 2017-03-08 05:37:28]
shell stdout: 
[INFO -- 2017-03-08 05:37:28]
shell stdout: 
[INFO -- 2017-03-08 05:37:28]
shell stdout: 
[INFO -- 2017-03-08 05:37:29]
shell stdout: 
[INFO -- 2017-03-08 05:37:29]
shell stdout: 
[INFO -- 2017-03-08 05:37:29]
shell stdout: 
[INFO -- 2017-03-08 05:37:30]
shell stdout: 
[INFO -- 2017-03-08 05:37:30]
shell stdout: 
[INFO -- 2017-03-08 05:37:30]
shell stdout: 
[INFO -- 2017-03-08 05:37:30]
shell stdout: 
[INFO -- 2017-03-08 05:37:30]
shell stdout: 
[INFO -- 2017-03-08 05:37:30]
shell stdout: 
[INFO -- 2017-03-08 05:37:31]
shell stdout: 
[INFO -- 2017-03-08 05:37:31]
shell stdout: 
[INFO -- 2017-03-08 05:37:31]
shell stdout: 
[INFO -- 2017-03-08 05:37:32]
shell stdout: 
[INFO -- 2017-03-08 05:37:32]
shell stdout: 
[INFO -- 2017-03-08 05:37:32]
shell stdout: 
[INFO -- 2017-03-08 05:37:32]
shell stdout: 
[INFO -- 2017-03-08 05:37:33]
shell stdout: 
[INFO -- 2017-03-08 05:37:33]
shell stdout: 
[INFO -- 2017-03-08 05:37:33]
shell stdout: 
[INFO -- 2017-03-08 05:37:33]
shell stdout: 
[INFO -- 2017-03-08 05:37:33]
shell stdout: 
[INFO -- 2017-03-08 05:37:34]
shell stdout: 
[INFO -- 2017-03-08 05:37:34]
shell stdout: 
[INFO -- 2017-03-08 05:37:34]
shell stdout: 
[INFO -- 2017-03-08 05:37:34]
shell stdout: 
[INFO -- 2017-03-08 05:37:34]
shell stdout: 
[INFO -- 2017-03-08 05:37:34]
shell stdout: 
[INFO -- 2017-03-08 05:37:35]
shell stdout: 
[INFO -- 2017-03-08 05:37:35]
shell stdout: 
[INFO -- 2017-03-08 05:37:35]
shell stdout: 
[INFO -- 2017-03-08 05:37:36]
shell stdout: 
[INFO -- 2017-03-08 05:37:36]
shell stdout: 
[INFO -- 2017-03-08 05:37:36]
shell stdout: 
[INFO -- 2017-03-08 05:37:36]
shell stdout: 
[INFO -- 2017-03-08 05:37:36]
shell stdout: 
[INFO -- 2017-03-08 05:37:36]
shell stdout: 
[INFO -- 2017-03-08 05:37:37]
shell stdout: 
[INFO -- 2017-03-08 05:37:37]
shell stdout: 
[INFO -- 2017-03-08 05:37:37]
shell stdout: 
[INFO -- 2017-03-08 05:37:38]
shell stdout: 
[INFO -- 2017-03-08 05:37:38]
shell stdout: 
[INFO -- 2017-03-08 05:37:38]
shell stdout: 
[INFO -- 2017-03-08 05:37:38]
shell stdout: 
[INFO -- 2017-03-08 05:37:39]
shell stdout: 
[INFO -- 2017-03-08 05:37:39]
shell stdout: 
[INFO -- 2017-03-08 05:37:39]
shell stdout: 
[INFO -- 2017-03-08 05:37:39]
shell stdout: 
[INFO -- 2017-03-08 05:37:40]
shell stdout: 
[INFO -- 2017-03-08 05:37:40]
shell stdout: 
[INFO -- 2017-03-08 05:37:40]
shell stdout: 
[INFO -- 2017-03-08 05:37:40]
shell stdout: 
[INFO -- 2017-03-08 05:37:40]
shell stdout: 
[INFO -- 2017-03-08 05:37:58]
finished due now-timestampStart > maxWaitTime*5
[INFO -- 2017-03-08 05:37:58]
now: 1488969478
[INFO -- 2017-03-08 05:37:58]
timestampStart: 1488969438
[INFO -- 2017-03-08 05:37:58]
kill cmd: killall -9 gdb-mic
[INFO -- 2017-03-08 05:37:58]
shell stdout: 
[INFO -- 2017-03-08 05:37:59]
kill cmd: ssh -T mic0 killall -9 lud_check
[INFO -- 2017-03-08 05:37:59]
shell stdout: 
[INFO -- 2017-03-08 05:38:00]
kill cmd: ssh -T mic0 killall -9 gdbserver
[INFO -- 2017-03-08 05:38:00]
shell stdout: 
[INFO -- 2017-03-08 05:38:01]
kill cmd: ssh -T mic0 killall -9 sshd
[INFO -- 2017-03-08 05:38:01]
shell stdout: 
