2017-03-01 08:23:16:Starting flip_value script
2017-03-01 08:23:16:Initialization strings:
2017-03-01 08:23:16:(1) target extended-remote | ssh -T mic0 gdbserver --multi -
2017-03-01 08:23:16:(2) set sysroot /opt/mpss/3.7/sysroots/k1om-mpss-linux/
2017-03-01 08:23:16:(3) set sysroot /opt/mpss/3.7/sysroots/k1om-mpss-linux/
2017-03-01 08:23:16:(4) file /micNfs/gdb-fault-injection/injector/bin/clamr/clamr_openmponly
2017-03-01 08:23:16:(5) set remote exec-file /micNfs/gdb-fault-injection/injector/bin/clamr/clamr_openmponly
2017-03-01 08:23:16:(6) cd /micNfs/gdb-fault-injection/injector/bin/clamr
2017-03-01 08:23:16:(7) set args -n 512 -t 100 -g 100 -G data -j md5file
2017-03-01 08:23:16:initSignal:5
2017-03-01 08:23:16:endSignal:10
2017-03-01 08:23:16:seqSignal:20
2017-03-01 08:23:25:Backtrace BEGIN:
2017-03-01 08:23:26:#0  0x000000000053d03e in KDTree_CreateTree (t=0x7f9d50) at /micNfs/gdb-fault-injection/injector/src/clamr/CLAMR/mesh/kdtree/KDTree.c:254
#1  0x000000000053d3f4 in KDTree_QueryCircleIntersect_Double (t=0x7f9d50, result_num=0x7fffffffe5dc, result_indicies=0x181ae10, circ_radius=24, ncells=264192, x=0x7fff0c0d6010, dx=0x7ffecc1ce010, y=0x7ffe8c1cc010, dy=0x7ffe4c1bf010) at /micNfs/gdb-fault-injection/injector/src/clamr/CLAMR/mesh/kdtree/KDTree.c:329
#2  0x00000000005080fe in Mesh::init (this=0x7f9a50, nx=512, ny=512, circ_radius=24, initial_order=HILBERT_SORT, do_gpu_calc=0) at /micNfs/gdb-fault-injection/injector/src/clamr/CLAMR/mesh/mesh.cpp:1535
#3  0x000000000044516a in main (argc=11, argv=0x7fffffffec58) at /micNfs/gdb-fault-injection/injector/src/clamr/CLAMR/clamr_cpuonly.cpp:277

2017-03-01 08:23:26:249	         /* Add the "right" child to the tree and the stack */
250	         stack[stack_ptr++] = next_node;  /* Node Number in the Tree */
251	         stack[stack_ptr++] = mid + 1;    /* Element Span Minimum */
252	         stack[stack_ptr++] = max;        /* Element Span Maximum */
253	         Bounds_Infinite(&(t->tree_safety_boxes[next_node]));
254	         for (i = min + 1; (int)i <= max; i++) {
255	            Bounds_AddBounds(&(t->tree_safety_boxes[next_node]),
256	                             &(t->elements[idx[i]]));
257	         }
258	         next_node++;

2017-03-01 08:23:26:Backtrace END
2017-03-01 08:23:31:Type: The type is an integer type.
2017-03-01 08:23:31:Type sizeof: 4
2017-03-01 08:23:31:Mem contents(hex):0x9e0xd70x070x00
2017-03-01 08:23:31:Fault Mode: Single bit-flip
2017-03-01 08:23:31:base address to flip value: 0x7fffffffe380
2017-03-01 08:23:31:address max offset: 4
2017-03-01 08:23:31:Memory content before bitflip:0x9e0xd70x070x00
2017-03-01 08:23:31:Memory content after  bitflip:0x9e0xd70x070x20
2017-03-01 08:23:31:Mem contents(hex):0x9e0xd70x070x20
2017-03-01 08:23:31:frame name: KDTree_CreateTree
2017-03-01 08:23:31:symbol name: next_node
2017-03-01 08:23:31:symbol filename: /micNfs/gdb-fault-injection/injector/src/clamr/CLAMR/mesh/kdtree/KDTree.c
2017-03-01 08:23:31:symbol line: 180
2017-03-01 08:23:31:value: 537384862
2017-03-01 08:23:31:value address: 0x7fffffffe380
2017-03-01 08:23:31:Type: The type is an integer type.
2017-03-01 08:23:31:Type sizeof: 4
2017-03-01 08:23:31:Fault Injection Successful after 15.1644051075s
2017-03-01 08:23:31:event type: exit
2017-03-01 08:23:31:exit code: no exit code available
