[INFO -- 2017-02-27 03:14:19]
Starting GDB script
[INFO -- 2017-02-27 03:14:19]
initSignal:4.0
[INFO -- 2017-02-27 03:14:19]
endSignal:8.0
[INFO -- 2017-02-27 03:14:19]
seqSignal:30
[INFO -- 2017-02-27 03:14:24]
sending 30 signals using command: 'ssh -T mic1 killall -2 lud_check' after 5.0248963301s
[INFO -- 2017-02-27 03:14:25]
sending 30 signals using command: 'ssh -T mic1 killall -2 lud_check' after 5.84435976251s
[INFO -- 2017-02-27 03:14:25]
shell stdout: 
[INFO -- 2017-02-27 03:14:26]
shell stdout: 
[INFO -- 2017-02-27 03:14:26]
shell stdout: 
[INFO -- 2017-02-27 03:14:26]
shell stdout: 
[INFO -- 2017-02-27 03:14:26]
shell stdout: 
[INFO -- 2017-02-27 03:14:27]
shell stdout: 
[INFO -- 2017-02-27 03:14:27]
shell stdout: 
[INFO -- 2017-02-27 03:14:27]
sending 30 signals using command: 'ssh -T mic1 killall -2 lud_check' after 7.62053810675s
[INFO -- 2017-02-27 03:14:27]
shell stdout: 
[INFO -- 2017-02-27 03:14:27]
shell stdout: 
[INFO -- 2017-02-27 03:14:27]
shell stdout: 
[INFO -- 2017-02-27 03:14:27]
shell stdout: 
[INFO -- 2017-02-27 03:14:28]
shell stdout: 
[INFO -- 2017-02-27 03:14:28]
shell stdout: 
[INFO -- 2017-02-27 03:14:28]
shell stdout: 
[INFO -- 2017-02-27 03:14:28]
shell stdout: 
[INFO -- 2017-02-27 03:14:28]
shell stdout: 
[INFO -- 2017-02-27 03:14:28]
shell stdout: 
[INFO -- 2017-02-27 03:14:28]
shell stdout: 
[INFO -- 2017-02-27 03:14:28]
shell stdout: 
[INFO -- 2017-02-27 03:14:29]
shell stdout: 
[INFO -- 2017-02-27 03:14:29]
shell stdout: 
[INFO -- 2017-02-27 03:14:29]
shell stdout: 
[INFO -- 2017-02-27 03:14:29]
shell stdout: 
[INFO -- 2017-02-27 03:14:29]
shell stdout: 
[INFO -- 2017-02-27 03:14:29]
shell stdout: 
[INFO -- 2017-02-27 03:14:29]
shell stdout: 
[INFO -- 2017-02-27 03:14:30]
shell stdout: 
[INFO -- 2017-02-27 03:14:30]
shell stdout: 
[INFO -- 2017-02-27 03:14:30]
shell stdout: 
[INFO -- 2017-02-27 03:14:30]
shell stdout: 
[INFO -- 2017-02-27 03:14:30]
shell stdout: 
[INFO -- 2017-02-27 03:14:30]
shell stdout: 
[INFO -- 2017-02-27 03:14:31]
shell stdout: 
[INFO -- 2017-02-27 03:14:31]
shell stdout: 
[INFO -- 2017-02-27 03:14:31]
shell stdout: 
[INFO -- 2017-02-27 03:14:31]
shell stdout: 
[INFO -- 2017-02-27 03:14:31]
shell stdout: 
[INFO -- 2017-02-27 03:14:31]
shell stdout: 
[INFO -- 2017-02-27 03:14:31]
shell stdout: 
[INFO -- 2017-02-27 03:14:32]
shell stdout: 
[INFO -- 2017-02-27 03:14:32]
shell stdout: 
[INFO -- 2017-02-27 03:14:32]
shell stdout: 
[INFO -- 2017-02-27 03:14:32]
shell stdout: 
[INFO -- 2017-02-27 03:14:32]
shell stdout: 
[INFO -- 2017-02-27 03:14:32]
shell stdout: 
[INFO -- 2017-02-27 03:14:32]
shell stdout: 
[INFO -- 2017-02-27 03:14:32]
shell stdout: 
[INFO -- 2017-02-27 03:14:33]
shell stdout: 
[INFO -- 2017-02-27 03:14:33]
shell stdout: 
[INFO -- 2017-02-27 03:14:33]
shell stdout: 
[INFO -- 2017-02-27 03:14:33]
shell stdout: 
[INFO -- 2017-02-27 03:14:33]
shell stdout: 
[INFO -- 2017-02-27 03:14:33]
shell stdout: 
[INFO -- 2017-02-27 03:14:33]
shell stdout: 
[INFO -- 2017-02-27 03:14:34]
shell stdout: 
[INFO -- 2017-02-27 03:14:34]
shell stdout: 
[INFO -- 2017-02-27 03:14:34]
shell stdout: 
[INFO -- 2017-02-27 03:14:34]
shell stdout: 
[INFO -- 2017-02-27 03:14:34]
shell stdout: 
[INFO -- 2017-02-27 03:14:34]
shell stdout: 
[INFO -- 2017-02-27 03:14:34]
shell stdout: 
[INFO -- 2017-02-27 03:14:34]
shell stdout: 
[INFO -- 2017-02-27 03:14:35]
shell stdout: 
[INFO -- 2017-02-27 03:14:35]
shell stdout: 
[INFO -- 2017-02-27 03:14:35]
shell stdout: 
[INFO -- 2017-02-27 03:14:35]
shell stdout: 
[INFO -- 2017-02-27 03:14:35]
shell stdout: 
[INFO -- 2017-02-27 03:14:35]
shell stdout: 
[INFO -- 2017-02-27 03:14:36]
shell stdout: 
[INFO -- 2017-02-27 03:14:36]
shell stdout: 
[INFO -- 2017-02-27 03:14:36]
shell stdout: 
[INFO -- 2017-02-27 03:14:36]
shell stdout: 
[INFO -- 2017-02-27 03:14:36]
shell stdout: 
[INFO -- 2017-02-27 03:14:36]
shell stdout: 
[INFO -- 2017-02-27 03:14:36]
shell stdout: 
[INFO -- 2017-02-27 03:14:37]
shell stdout: 
[INFO -- 2017-02-27 03:14:37]
shell stdout: 
[INFO -- 2017-02-27 03:14:37]
shell stdout: 
[INFO -- 2017-02-27 03:14:37]
shell stdout: 
[INFO -- 2017-02-27 03:14:37]
shell stdout: 
[INFO -- 2017-02-27 03:14:37]
shell stdout: 
[INFO -- 2017-02-27 03:14:37]
shell stdout: 
[INFO -- 2017-02-27 03:14:37]
shell stdout: 
[INFO -- 2017-02-27 03:14:38]
shell stdout: 
[INFO -- 2017-02-27 03:14:38]
shell stdout: 
[INFO -- 2017-02-27 03:14:38]
shell stdout: 
[INFO -- 2017-02-27 03:14:38]
shell stdout: 
[INFO -- 2017-02-27 03:14:39]
shell stdout: 
[INFO -- 2017-02-27 03:14:39]
shell stdout: 
[INFO -- 2017-02-27 03:14:39]
shell stdout: 
[INFO -- 2017-02-27 03:14:53]
no gdbExecName running, out:
[INFO -- 2017-02-27 03:14:53]
checCmd:ps -e | grep -i gdb-mic
[INFO -- 2017-02-27 03:14:53]
finished now-timestampStart < maxWaitTime*5
[INFO -- 2017-02-27 03:14:53]
now: 1488183292
[INFO -- 2017-02-27 03:14:53]
timestampStart: 1488183259
[INFO -- 2017-02-27 03:14:53]
kill cmd: killall -9 gdb-mic
[INFO -- 2017-02-27 03:14:53]
shell stdout: 
[INFO -- 2017-02-27 03:14:53]
kill cmd: ssh -T mic1 killall -9 lud_check
[INFO -- 2017-02-27 03:14:53]
shell stdout: 
[INFO -- 2017-02-27 03:14:54]
kill cmd: ssh -T mic1 killall -9 gdbserver
[INFO -- 2017-02-27 03:14:54]
shell stdout: 
[INFO -- 2017-02-27 03:14:54]
kill cmd: ssh -T mic1 killall -9 sshd
[INFO -- 2017-02-27 03:14:54]
shell stdout: 
