2017-01-26 00:41:55:Starting GDB script
2017-01-26 00:41:55:initSignal:4.0
2017-01-26 00:41:55:endSignal:6.0
2017-01-26 00:41:55:seqSignal:30
2017-01-26 00:41:59:sending 30 signals using command: 'ssh -T mic0 killall -2 lud_check' after 4.07896027617s
2017-01-26 00:42:00:sending 30 signals using command: 'ssh -T mic0 killall -2 lud_check' after 4.946332079s
2017-01-26 00:42:01:shell stdout: 
2017-01-26 00:42:01:sending 30 signals using command: 'ssh -T mic0 killall -2 lud_check' after 5.54983040498s
2017-01-26 00:42:01:shell stdout: 
2017-01-26 00:42:01:shell stdout: 
2017-01-26 00:42:01:shell stdout: 
2017-01-26 00:42:01:shell stdout: 
2017-01-26 00:42:02:shell stdout: 
2017-01-26 00:42:02:shell stdout: 
2017-01-26 00:42:02:shell stdout: 
2017-01-26 00:42:02:shell stdout: 
2017-01-26 00:42:02:shell stdout: 
2017-01-26 00:42:02:shell stdout: 
2017-01-26 00:42:02:shell stdout: 
2017-01-26 00:42:03:shell stdout: 
2017-01-26 00:42:03:shell stdout: 
2017-01-26 00:42:03:shell stdout: 
2017-01-26 00:42:03:shell stdout: 
2017-01-26 00:42:03:shell stdout: 
2017-01-26 00:42:03:shell stdout: 
2017-01-26 00:42:03:shell stdout: 
2017-01-26 00:42:04:shell stdout: 
2017-01-26 00:42:04:shell stdout: 
2017-01-26 00:42:04:shell stdout: 
2017-01-26 00:42:04:shell stdout: 
2017-01-26 00:42:04:shell stdout: 
2017-01-26 00:42:04:shell stdout: 
2017-01-26 00:42:04:shell stdout: 
2017-01-26 00:42:05:shell stdout: 
2017-01-26 00:42:05:shell stdout: 
2017-01-26 00:42:05:shell stdout: 
2017-01-26 00:42:05:shell stdout: 
2017-01-26 00:42:05:shell stdout: 
2017-01-26 00:42:05:shell stdout: 
2017-01-26 00:42:06:shell stdout: 
2017-01-26 00:42:06:shell stdout: 
2017-01-26 00:42:06:shell stdout: 
2017-01-26 00:42:06:shell stdout: 
2017-01-26 00:42:06:shell stdout: 
2017-01-26 00:42:06:shell stdout: 
2017-01-26 00:42:06:shell stdout: 
2017-01-26 00:42:06:shell stdout: 
2017-01-26 00:42:07:shell stdout: 
2017-01-26 00:42:07:shell stdout: 
2017-01-26 00:42:07:shell stdout: 
2017-01-26 00:42:07:shell stdout: 
2017-01-26 00:42:07:shell stdout: 
2017-01-26 00:42:07:shell stdout: 
2017-01-26 00:42:07:shell stdout: 
2017-01-26 00:42:08:shell stdout: 
2017-01-26 00:42:08:shell stdout: 
2017-01-26 00:42:08:shell stdout: 
2017-01-26 00:42:08:shell stdout: 
2017-01-26 00:42:08:shell stdout: 
2017-01-26 00:42:08:shell stdout: 
2017-01-26 00:42:08:shell stdout: 
2017-01-26 00:42:09:shell stdout: 
2017-01-26 00:42:09:shell stdout: 
2017-01-26 00:42:09:shell stdout: 
2017-01-26 00:42:09:shell stdout: 
2017-01-26 00:42:09:shell stdout: 
2017-01-26 00:42:09:shell stdout: 
2017-01-26 00:42:09:shell stdout: 
2017-01-26 00:42:09:shell stdout: 
2017-01-26 00:42:10:shell stdout: 
2017-01-26 00:42:10:shell stdout: 
2017-01-26 00:42:10:shell stdout: 
2017-01-26 00:42:10:shell stdout: 
2017-01-26 00:42:10:shell stdout: 
2017-01-26 00:42:10:shell stdout: 
2017-01-26 00:42:11:shell stdout: 
2017-01-26 00:42:11:shell stdout: 
2017-01-26 00:42:11:shell stdout: 
2017-01-26 00:42:12:shell stdout: 
2017-01-26 00:42:12:shell stdout: 
2017-01-26 00:42:12:shell stdout: 
2017-01-26 00:42:12:shell stdout: 
2017-01-26 00:42:12:shell stdout: 
2017-01-26 00:42:12:shell stdout: 
2017-01-26 00:42:13:shell stdout: 
2017-01-26 00:42:13:shell stdout: 
2017-01-26 00:42:13:shell stdout: 
2017-01-26 00:42:14:shell stdout: 
2017-01-26 00:42:14:shell stdout: 
2017-01-26 00:42:14:shell stdout: 
2017-01-26 00:42:14:shell stdout: 
2017-01-26 00:42:14:shell stdout: 
2017-01-26 00:42:15:shell stdout: 
2017-01-26 00:42:15:shell stdout: 
2017-01-26 00:42:15:shell stdout: 
2017-01-26 00:42:15:shell stdout: 
2017-01-26 00:42:16:shell stdout: 
2017-01-26 00:42:22:no gdbExecName running, out:
2017-01-26 00:42:22:checCmd:ps -e | grep -i gdb-mic
2017-01-26 00:42:22:finished now-timestampStart < maxWaitTime*5
2017-01-26 00:42:22:now: 1485409341
2017-01-26 00:42:22:timestampStart: 1485409315
2017-01-26 00:42:22:kill cmd: killall -9 gdb-mic
2017-01-26 00:42:22:shell stdout: 
2017-01-26 00:42:22:kill cmd: ssh -T mic0 killall -9 lud_check
2017-01-26 00:42:22:shell stdout: 
2017-01-26 00:42:22:kill cmd: ssh -T mic0 killall -9 gdbserver
2017-01-26 00:42:22:shell stdout: 
2017-01-26 00:42:23:kill cmd: ssh -T mic0 killall -9 sshd
2017-01-26 00:42:23:shell stdout: 
