[INFO -- 2017-02-27 10:50:56]
Starting flip_value script
version: 2.0
[INFO -- 2017-02-27 10:50:56]
Initialization strings:
[INFO -- 2017-02-27 10:50:56]
(1) target extended-remote | ssh -T mic0 gdbserver --multi -
[INFO -- 2017-02-27 10:50:56]
(2) set sysroot /opt/mpss/3.7/sysroots/k1om-mpss-linux/
[INFO -- 2017-02-27 10:50:57]
(3) set sysroot /opt/mpss/3.7/sysroots/k1om-mpss-linux/
[INFO -- 2017-02-27 10:50:57]
(4) file /micNfs/gdb-fault-injection/injector/bin/hotspot/hotspot_check
[INFO -- 2017-02-27 10:50:57]
(5) set remote exec-file /micNfs/gdb-fault-injection/injector/bin/hotspot/hotspot_check
[INFO -- 2017-02-27 10:50:57]
(6) set args 1024 1024 1000 64 /micNfs/gdb-fault-injection/injector/data/hotspot/temp_1024 /micNfs/gdb-fault-injection/injector/data/hotspot/power_1024 /micNfs/gdb-fault-injection/injector/bin/hotspot/gold_1024_1000iter_64th
[INFO -- 2017-02-27 10:50:57]
initSignal:3
[INFO -- 2017-02-27 10:50:57]
endSignal:6
[INFO -- 2017-02-27 10:50:57]
seqSignal:15
[INFO -- 2017-02-27 10:50:57]
faultMode:0
[INFO -- 2017-02-27 10:51:00]
Backtrace BEGIN:
#0  __memchr (s=s@entry=0x7ffff7fd749f, c_in=c_in@entry=10, n=<optimized out>, n@entry=255) at ../string/memchr.c:153
#1  0x00007ffff7139361 in __GI__IO_getline_info (fp=fp@entry=0x609b40, buf=buf@entry=0x7fffffffe640 "324.374578\n", n=255, delim=delim@entry=10, extract_delim=extract_delim@entry=1, eof=eof@entry=0x0) at iogetline.c:94
#2  0x00007ffff7139498 in __GI__IO_getline (fp=fp@entry=0x609b40, buf=buf@entry=0x7fffffffe640 "324.374578\n", n=<optimized out>, delim=delim@entry=10, extract_delim=extract_delim@entry=1) at iogetline.c:38
#3  0x00007ffff7138312 in _IO_fgets (buf=0x7fffffffe640 "324.374578\n", n=<optimized out>, fp=0x609b40) at iofgets.c:56
#4  0x0000000000404538 in read_input (vect=0x7ffff6acc010, grid_rows=1024, grid_cols=1024, file=0x7fffffffee07 "/micNfs/gdb-fault-injection/injector/data/hotspot/temp_1024") at hotspot_check.c:202
#5  0x0000000000404aae in main (argc=8, argv=0x7fffffffebb8) at hotspot_check.c:265

148	in ../string/memchr.c

Backtrace END
Memory content before bitflip:0x3d0xa60x090x00
Fault Mode: Single bit-flip
base address to flip value: 0x7fffffffe740
address max offset: 4
Memory content after  bitflip:0x3d0xa60x490x00
frame name: read_input
symbol name: i
symbol filename: hotspot_check.c
symbol line: 192
value: 4826685
value address: 0x7fffffffe740
Type: The type is an integer type.
Type sizeof: 4

[INFO -- 2017-02-27 10:51:00]
Fault Injection Successful after 3.30168509483s
[INFO -- 2017-02-27 10:51:00]
event type: exit
[EXCEPTION -- 2017-02-27 10:51:00]
exit code: no exit code available
