2016-10-22 10:41:01:Starting GDB script
2016-10-22 10:41:03:sending signal using command: 'ssh -T mic0 killall -2 hotspot_check' after 1.84723754271s
2016-10-22 10:41:03:shell stdout: 
2016-10-22 10:41:04:sending signal using command: 'ssh -T mic0 killall -2 hotspot_check' after 1.92527847888s
2016-10-22 10:41:04:shell stdout: 
2016-10-22 10:41:05:sending signal using command: 'ssh -T mic0 killall -2 hotspot_check' after 3.65352727822s
2016-10-22 10:41:05:shell stdout: 
2016-10-22 10:41:05:sending signal using command: 'ssh -T mic0 killall -2 hotspot_check' after 3.74397013001s
2016-10-22 10:41:05:shell stdout: 
2016-10-22 10:41:07:sending signal using command: 'ssh -T mic0 killall -2 hotspot_check' after 5.05688355706s
2016-10-22 10:41:07:shell stdout: 
2016-10-22 10:41:11:sending signal using command: 'ssh -T mic0 killall -2 hotspot_check' after 9.29446074994s
2016-10-22 10:41:11:shell stdout: 
2016-10-22 10:41:12:sending signal using command: 'ssh -T mic0 killall -2 hotspot_check' after 10.0245115416s
2016-10-22 10:41:12:shell stdout: 
2016-10-22 10:41:13:sending signal using command: 'ssh -T mic0 killall -2 hotspot_check' after 11.8596771546s
2016-10-22 10:41:13:shell stdout: 
2016-10-22 10:41:14:sending signal using command: 'ssh -T mic0 killall -2 hotspot_check' after 12.8651003511s
2016-10-22 10:41:14:shell stdout: 
2016-10-22 10:41:15:sending signal using command: 'ssh -T mic0 killall -2 hotspot_check' after 13.5494643508s
2016-10-22 10:41:15:shell stdout: 
2016-10-22 10:41:23:no gdbExecName running, out:
2016-10-22 10:41:23:checCmd:ps -e | grep -i gdb-mic
2016-10-22 10:41:23:finished now-timestampStart < maxWaitTime*5
2016-10-22 10:41:23:now: 1477147282
2016-10-22 10:41:23:timestampStart: 1477147261
2016-10-22 10:41:23:kill cmd: killall -9 gdb-mic
2016-10-22 10:41:23:shell stdout: 
2016-10-22 10:41:23:kill cmd: ssh -T mic0 killall -9 hotspot_check
2016-10-22 10:41:23:shell stdout: 
2016-10-22 10:41:23:kill cmd: ssh -T mic0 killall -9 gdbserver
2016-10-22 10:41:23:shell stdout: 
