2016-10-31 17:47:07:Initialization strings:
2016-10-31 17:47:07:(1) target extended-remote | ssh -T mic0 gdbserver --multi -
2016-10-31 17:47:07:(2) set sysroot /opt/mpss/3.7/sysroots/k1om-mpss-linux/
2016-10-31 17:47:07:(3) set sysroot /opt/mpss/3.7/sysroots/k1om-mpss-linux/
2016-10-31 17:47:07:(4) file /micNfs/gdb-fault-injection-lavamd/bin/lavamd
2016-10-31 17:47:07:(5) set remote exec-file /micNfs/gdb-fault-injection-lavamd/bin/lavamd
2016-10-31 17:47:07:(6) set args 228 15 /micNfs/gdb-fault-injection-lavamd/bin/input_distance_228_15 /micNfs/gdb-fault-injection-lavamd/bin/input_charges_228_15 /micNfs/gdb-fault-injection-lavamd/bin/output_gold_228_15 1
2016-10-31 17:47:08:Trying Fault Injection
2016-10-31 17:47:08:Inferior PID: 116601
2016-10-31 17:47:08:Inferior is valid: True
2016-10-31 17:47:08:Inferior #threads: 1
2016-10-31 17:47:08:Backtrace BEGIN:
2016-10-31 17:47:08:#0  0x00007ffff71388e7 in __GI__IO_fread (buf=0x7ffff4a0d880, size=1, count=8, fp=0x60e1c0) at iofread.c:41
#1  0x000000000040262f in main (argc=7, argv=0x7fffffffec08) at main_check.c:181

2016-10-31 17:47:08:36	in iofread.c

2016-10-31 17:47:08:Backtrace END
2016-10-31 17:47:08:Thread name: None
2016-10-31 17:47:08:Thread num: 1
2016-10-31 17:47:08:Thread ptid: (116601, 116601, 0)
2016-10-31 17:47:08:bitFlip function
2016-10-31 17:47:08:Type: The type is an integer type.
2016-10-31 17:47:08:Type sizeof: 4
2016-10-31 17:47:08:Mem contents(hex):0x020x000x000x00
2016-10-31 17:47:08:base address to flip value: 0x7fffffffe77c
2016-10-31 17:47:08:address max offset: 4
2016-10-31 17:47:08:Memory content before bitflip:0x020x000x000x00
2016-10-31 17:47:08:Memory content after  bitflip:0x020x400x000x00
2016-10-31 17:47:08:Mem contents(hex):0x020x400x000x00
2016-10-31 17:47:08:frame name: main
2016-10-31 17:47:08:symbol name: n
2016-10-31 17:47:08:symbol filename: main_check.c
2016-10-31 17:47:08:symbol line: 53
2016-10-31 17:47:08:value: 16386
2016-10-31 17:47:08:value address: 0x7fffffffe77c
2016-10-31 17:47:08:Type: The type is an integer type.
2016-10-31 17:47:08:Type sizeof: 4
2016-10-31 17:47:08:Fault Injection Successful after 1.74070501328s
2016-10-31 17:47:11:Fault Already Injected
2016-10-31 17:47:13:Fault Already Injected
2016-10-31 17:47:13:Fault Already Injected
2016-10-31 17:47:13:Fault Already Injected
2016-10-31 17:47:13:Fault Already Injected
2016-10-31 17:47:14:Fault Already Injected
2016-10-31 17:47:16:Fault Already Injected
2016-10-31 17:47:16:Fault Already Injected
2016-10-31 17:47:16:Fault Already Injected
2016-10-31 17:47:18:event type: exit
2016-10-31 17:47:18:exit code: 0
