[INFO -- 2017-03-07 09:48:32]
Starting GDB script
[INFO -- 2017-03-07 09:48:32]
initSignal:7.0
[INFO -- 2017-03-07 09:48:32]
endSignal:14.0
[INFO -- 2017-03-07 09:48:32]
seqSignal:15
[INFO -- 2017-03-07 09:48:39]
sending 15 signals using command: 'ssh -T mic1 killall -2 dgemm_check' after 7.69621963091s
[INFO -- 2017-03-07 09:48:40]
shell stdout: 
[INFO -- 2017-03-07 09:48:40]
shell stdout: 
[INFO -- 2017-03-07 09:48:41]
sending 15 signals using command: 'ssh -T mic1 killall -2 dgemm_check' after 8.93916380525s
[INFO -- 2017-03-07 09:48:41]
shell stdout: 
[INFO -- 2017-03-07 09:48:41]
shell stdout: 
[INFO -- 2017-03-07 09:48:41]
shell stdout: 
[INFO -- 2017-03-07 09:48:41]
shell stdout: 
[INFO -- 2017-03-07 09:48:42]
shell stdout: 
[INFO -- 2017-03-07 09:48:42]
shell stdout: 
[INFO -- 2017-03-07 09:48:42]
shell stdout: 
[INFO -- 2017-03-07 09:48:42]
shell stdout: 
[INFO -- 2017-03-07 09:48:43]
shell stdout: 
[INFO -- 2017-03-07 09:48:43]
shell stdout: 
[INFO -- 2017-03-07 09:48:43]
shell stdout: 
[INFO -- 2017-03-07 09:48:43]
shell stdout: 
[INFO -- 2017-03-07 09:48:43]
shell stdout: 
[INFO -- 2017-03-07 09:48:44]
shell stdout: 
[INFO -- 2017-03-07 09:48:44]
shell stdout: 
[INFO -- 2017-03-07 09:48:44]
shell stdout: 
[INFO -- 2017-03-07 09:48:44]
shell stdout: 
[INFO -- 2017-03-07 09:48:44]
shell stdout: 
[INFO -- 2017-03-07 09:48:45]
shell stdout: 
[INFO -- 2017-03-07 09:48:45]
shell stdout: 
[INFO -- 2017-03-07 09:48:45]
shell stdout: 
[INFO -- 2017-03-07 09:48:45]
shell stdout: 
[INFO -- 2017-03-07 09:48:45]
sending 15 signals using command: 'ssh -T mic1 killall -2 dgemm_check' after 13.8196284484s
[INFO -- 2017-03-07 09:48:46]
shell stdout: 
[INFO -- 2017-03-07 09:48:46]
shell stdout: 
[INFO -- 2017-03-07 09:48:46]
shell stdout: 
[INFO -- 2017-03-07 09:48:46]
shell stdout: 
[INFO -- 2017-03-07 09:48:46]
shell stdout: 
[INFO -- 2017-03-07 09:48:46]
shell stdout: 
[INFO -- 2017-03-07 09:48:46]
shell stdout: 
[INFO -- 2017-03-07 09:48:47]
shell stdout: 
[INFO -- 2017-03-07 09:48:47]
shell stdout: 
[INFO -- 2017-03-07 09:48:47]
shell stdout: 
[INFO -- 2017-03-07 09:48:48]
shell stdout: 
[INFO -- 2017-03-07 09:48:48]
shell stdout: 
[INFO -- 2017-03-07 09:48:48]
shell stdout: 
[INFO -- 2017-03-07 09:48:49]
shell stdout: 
[INFO -- 2017-03-07 09:48:49]
shell stdout: 
[INFO -- 2017-03-07 09:48:50]
shell stdout: 
[INFO -- 2017-03-07 09:48:50]
shell stdout: 
[INFO -- 2017-03-07 09:48:50]
shell stdout: 
[INFO -- 2017-03-07 09:48:51]
shell stdout: 
[INFO -- 2017-03-07 09:48:51]
shell stdout: 
[INFO -- 2017-03-07 09:48:52]
shell stdout: 
[INFO -- 2017-03-07 09:51:46]
no gdbExecName running, out:
[INFO -- 2017-03-07 09:51:46]
checCmd:ps -e | grep -i gdb-mic
[INFO -- 2017-03-07 09:51:46]
finished now-timestampStart < maxWaitTime*5
[INFO -- 2017-03-07 09:51:46]
now: 1488898297
[INFO -- 2017-03-07 09:51:46]
timestampStart: 1488898112
[INFO -- 2017-03-07 09:51:46]
kill cmd: killall -9 gdb-mic
[INFO -- 2017-03-07 09:51:46]
shell stdout: 
[INFO -- 2017-03-07 09:51:46]
kill cmd: ssh -T mic1 killall -9 dgemm_check
[INFO -- 2017-03-07 09:51:46]
shell stdout: 
[INFO -- 2017-03-07 09:51:47]
kill cmd: ssh -T mic1 killall -9 gdbserver
[INFO -- 2017-03-07 09:51:47]
shell stdout: 
[INFO -- 2017-03-07 09:51:47]
kill cmd: ssh -T mic1 killall -9 sshd
[INFO -- 2017-03-07 09:51:47]
shell stdout: 
