2016-10-26 08:28:54:Initialization strings:
2016-10-26 08:28:54:(1) target extended-remote | ssh -T mic0 gdbserver --multi -
2016-10-26 08:28:54:(2) set sysroot /opt/mpss/3.7/sysroots/k1om-mpss-linux/
2016-10-26 08:28:54:(3) set sysroot /opt/mpss/3.7/sysroots/k1om-mpss-linux/
2016-10-26 08:28:54:(4) file /micNfs/gdb-fault-injection-lavamd/bin/lavamd
2016-10-26 08:28:54:(5) set remote exec-file /micNfs/gdb-fault-injection-lavamd/bin/lavamd
2016-10-26 08:28:54:(6) set args 228 15 /micNfs/gdb-fault-injection-lavamd/bin/input_distance_228_15 /micNfs/gdb-fault-injection-lavamd/bin/input_charges_228_15 /micNfs/gdb-fault-injection-lavamd/bin/output_gold_228_15 1
2016-10-26 08:28:56:Trying Fault Injection
2016-10-26 08:28:56:Inferior PID: 190612
2016-10-26 08:28:56:Inferior is valid: True
2016-10-26 08:28:56:Inferior #threads: 129
2016-10-26 08:28:56:Backtrace BEGIN:
2016-10-26 08:28:56:#0  pthread_cond_timedwait@@GLIBC_2.3.2 () at ../sysdeps/unix/sysv/linux/x86_64/pthread_cond_timedwait.S:238
#1  0x00007ffff790c5ea in ?? ()
#2  0x00007ffff4933d18 in ?? ()
#3  0x0000000002a10a06 in ?? ()
#4  0x0000000000000017 in ?? ()
#5  0x00007ffff4933df0 in ?? ()
#6  0x00007ffff70e17d8 in ?? () from /opt/mpss/3.7/sysroots/k1om-mpss-linux/lib64/libc.so.6
#7  0x00007ffff4933d14 in ?? ()
#8  0x00007ffff4933de0 in ?? ()
#9  0x00007ffff7ff8630 in ?? ()
#10 0x0000000000000008 in ?? ()
#11 0x0000000000000000 in ?? ()

2016-10-26 08:28:56:233	in ../sysdeps/unix/sysv/linux/x86_64/pthread_cond_timedwait.S

2016-10-26 08:28:56:Backtrace END
2016-10-26 08:28:58:Thread name: None
2016-10-26 08:28:58:Thread num: 1
2016-10-26 08:28:58:Thread ptid: (190612, 190612, 0)
2016-10-26 08:28:58:bitFlip function
2016-10-26 08:28:58:Type: The type is an array.
2016-10-26 08:28:58:Type sizeof: 12
2016-10-26 08:28:58:Fliping array at pos: 2
2016-10-26 08:28:58:bitFlip function
2016-10-26 08:28:58:Type: The type is an integer type.
2016-10-26 08:28:58:Type sizeof: 4
2016-10-26 08:28:58:Mem contents(hex):0x000x000x000x00
2016-10-26 08:28:58:base address to flip value: 0x7ffff743c268 
2016-10-26 08:28:58:address max offset: 4
2016-10-26 08:28:58:Memory content before bitflip:0x000x000x000x00
2016-10-26 08:28:58:Memory content after  bitflip:0x800x000x000x00
2016-10-26 08:28:58:Mem contents(hex):0x800x000x000x00
2016-10-26 08:28:58:frame name: __pthread_create_2_1
2016-10-26 08:28:58:symbol name: _thread_db_pthread_key_data_seq
2016-10-26 08:28:58:symbol filename: ../nptl_db/structs.def
2016-10-26 08:28:58:symbol line: 67
2016-10-26 08:28:58:value: {64, 1, 128}
2016-10-26 08:28:58:value address: 0x7ffff743c260 <_thread_db_pthread_key_struct_seq>
2016-10-26 08:28:58:Type: The type is an array.
2016-10-26 08:28:58:Type sizeof: 12
2016-10-26 08:28:58:Field name: None
2016-10-26 08:28:58:Field Type:
2016-10-26 08:28:58:Type: A range type, that is, an integer type with bounds.
2016-10-26 08:28:58:Type sizeof: 8
2016-10-26 08:28:58:Type range: (0L, 2L)
2016-10-26 08:28:58:Fault Injection Successful after 4.19130992889s
2016-10-26 08:28:58:Fault Already Injected
2016-10-26 08:29:00:Fault Already Injected
2016-10-26 08:29:00:Fault Already Injected
2016-10-26 08:29:00:Fault Already Injected
2016-10-26 08:29:00:Fault Already Injected
2016-10-26 08:29:01:Fault Already Injected
2016-10-26 08:29:03:Fault Already Injected
2016-10-26 08:29:03:Fault Already Injected
2016-10-26 08:29:07:event type: exit
2016-10-26 08:29:07:exit code: 0
