2017-01-24 09:50:51:Starting flip_value script
2017-01-24 09:50:51:Initialization strings:
2017-01-24 09:50:51:(1) target extended-remote | ssh -T mic0 gdbserver --multi -
2017-01-24 09:50:51:(2) set sysroot /opt/mpss/3.7/sysroots/k1om-mpss-linux/
2017-01-24 09:50:51:(3) set sysroot /opt/mpss/3.7/sysroots/k1om-mpss-linux/
2017-01-24 09:50:51:(4) file /micNfs/gdb-fault-injection/injector/bin/lud/lud_check
2017-01-24 09:50:51:(5) set remote exec-file /micNfs/gdb-fault-injection/injector/bin/lud/lud_check
2017-01-24 09:50:51:(6) set args -s 2048 -n 228 -i /micNfs/gdb-fault-injection/injector/bin/lud/input_2048_th_228 -g /micNfs/gdb-fault-injection/injector/bin/lud/gold_2048_th_228
2017-01-24 09:50:51:initSignal:2
2017-01-24 09:50:51:endSignal:4
2017-01-24 09:50:51:seqSignal:30
2017-01-24 09:50:53:Trying Fault Injection
2017-01-24 09:50:53:Inferior PID: 13014
2017-01-24 09:50:53:Inferior is valid: True
2017-01-24 09:50:53:Inferior #threads: 229
2017-01-24 09:50:53:Backtrace BEGIN:
2017-01-24 09:50:54:#0  0x0000000000404d1f in L_lud_omp_123__par_loop2_2_5 () at lud_omp.c:147
#1  0x00007ffff790ba1f in ?? ()
#2  0x00007fffffffd9c0 in ?? ()
#3  0x00007ffff4ea0100 in ?? ()
#4  0x0000000000000001 in ?? ()
#5  0x0000000000000003 in ?? ()
#6  0x0000000000000000 in ?? ()

2017-01-24 09:50:54:142	
143	            for (i = 0; i < BS; i++)
144	            {
145	                for (k=0; k < BS; k++) {
146	#pragma omp simd 
147	                    for (j = 0; j < BS; j++) {
148	                        sum[j] += temp_left[BS*i + k] * temp_top[BS*k + j];
149	                    }
150	                }
151	#pragma omp simd 

2017-01-24 09:50:54:Backtrace END
2017-01-24 09:51:02:Thread name: None
2017-01-24 09:51:02:Thread num: 15
2017-01-24 09:51:02:Thread ptid: (13014, 13032, 0)
2017-01-24 09:51:02:Error Exception(frameFlip): invalid frame
2017-01-24 09:51:02:Error Exception(frameFlip): invalid frame
2017-01-24 09:51:02:Error Exception(frameFlip): invalid frame
2017-01-24 09:51:02:Error Exception(frameFlip): invalid frame
2017-01-24 09:51:02:Error Exception(frameFlip): invalid frame
2017-01-24 09:51:02:Error Exception(frameFlip): invalid frame
2017-01-24 09:51:02:Error Exception(frameFlip): invalid frame
2017-01-24 09:51:02:Error Exception(frameFlip): invalid frame
2017-01-24 09:51:02:Error Exception(frameFlip): invalid frame
2017-01-24 09:51:02:Error Exception(frameFlip): invalid frame
2017-01-24 09:51:02:Error Exception(frameFlip): invalid frame
2017-01-24 09:51:02:Error Exception(frameFlip): invalid frame
2017-01-24 09:51:02:Error Exception(frameFlip): invalid frame
2017-01-24 09:51:02:Error Exception(frameFlip): invalid frame
2017-01-24 09:51:02:Error Exception(frameFlip): invalid frame
2017-01-24 09:51:02:Error Exception(frameFlip): invalid frame
2017-01-24 09:51:02:Error Exception(frameFlip): invalid frame
2017-01-24 09:51:02:Error Exception(frameFlip): invalid frame
2017-01-24 09:51:02:Error Exception(frameFlip): invalid frame
2017-01-24 09:51:02:Error Exception(frameFlip): invalid frame
2017-01-24 09:51:02:Error Exception(frameFlip): invalid frame
2017-01-24 09:51:02:Error Exception(frameFlip): invalid frame
2017-01-24 09:51:02:Error Exception(frameFlip): invalid frame
2017-01-24 09:51:02:Error Exception(frameFlip): invalid frame
2017-01-24 09:51:02:Error Exception(frameFlip): invalid frame
2017-01-24 09:51:02:Error Exception(frameFlip): invalid frame
2017-01-24 09:51:02:Error Exception(frameFlip): invalid frame
2017-01-24 09:51:02:Error Exception(frameFlip): invalid frame
2017-01-24 09:51:02:Error Exception(frameFlip): invalid frame
2017-01-24 09:51:02:Error Exception(frameFlip): invalid frame
2017-01-24 09:51:02:Error Exception(frameFlip): invalid frame
2017-01-24 09:51:02:Error Exception(frameFlip): invalid frame
2017-01-24 09:51:02:bitFlip function
2017-01-24 09:51:02:Type: The type is an integer type.
2017-01-24 09:51:02:Type sizeof: 4
2017-01-24 09:51:02:Mem contents(hex):0x790xff0x140xf7
2017-01-24 09:51:02:base address to flip value: 0x7fffffffc748
2017-01-24 09:51:02:address max offset: 4
2017-01-24 09:51:02:Memory content before bitflip:0x790xff0x140xf7
2017-01-24 09:51:02:Memory content after  bitflip:0x7d0xff0x140xf7
2017-01-24 09:51:02:Mem contents(hex):0x7d0xff0x140xf7
2017-01-24 09:51:02:frame name: L_lud_omp_123__par_loop2_2_5
2017-01-24 09:51:02:symbol name: size
2017-01-24 09:51:02:symbol filename: lud_omp.c
2017-01-24 09:51:02:symbol line: 43
2017-01-24 09:51:02:value: -149618819
2017-01-24 09:51:02:value address: 0x7fffffffc748
2017-01-24 09:51:02:Type: The type is an integer type.
2017-01-24 09:51:02:Type sizeof: 4
2017-01-24 09:51:02:Fault Injection Successful after 11.6173620224s
2017-01-24 09:51:02:Fault Already Injected
2017-01-24 09:51:03:Fault Already Injected
2017-01-24 09:51:03:Fault Already Injected
2017-01-24 09:51:03:Fault Already Injected
2017-01-24 09:51:03:Fault Already Injected
2017-01-24 09:51:03:Fault Already Injected
2017-01-24 09:51:04:Fault Already Injected
2017-01-24 09:51:04:Fault Already Injected
2017-01-24 09:51:04:Fault Already Injected
2017-01-24 09:51:05:Fault Already Injected
2017-01-24 09:51:05:Fault Already Injected
2017-01-24 09:51:05:Fault Already Injected
2017-01-24 09:51:06:Fault Already Injected
2017-01-24 09:51:06:Fault Already Injected
2017-01-24 09:51:06:Fault Already Injected
2017-01-24 09:51:07:Fault Already Injected
2017-01-24 09:51:07:Fault Already Injected
2017-01-24 09:51:07:Fault Already Injected
2017-01-24 09:51:07:Fault Already Injected
2017-01-24 09:51:07:Fault Already Injected
2017-01-24 09:51:08:Fault Already Injected
2017-01-24 09:51:09:Fault Already Injected
2017-01-24 09:51:09:Fault Already Injected
2017-01-24 09:51:10:event type: exit
2017-01-24 09:51:10:exit code: 0
