[INFO -- 2017-03-27 04:43:24]
Starting GDB script
[INFO -- 2017-03-27 04:43:24]
initSignal:30.0
[INFO -- 2017-03-27 04:43:24]
endSignal:35.0
[INFO -- 2017-03-27 04:43:24]
seqSignal:20
[INFO -- 2017-03-27 04:43:56]
sending 20 signals using command: 'ssh -T mic1 killall -2 clamr_openmponly' after 32.2296609089s
[INFO -- 2017-03-27 04:43:56]
sending 20 signals using command: 'ssh -T mic1 killall -2 clamr_openmponly' after 32.5517374576s
[INFO -- 2017-03-27 04:43:57]
shell stdout: 
[INFO -- 2017-03-27 04:43:57]
shell stdout: 
[INFO -- 2017-03-27 04:43:57]
shell stdout: 
[INFO -- 2017-03-27 04:43:57]
shell stdout: 
[INFO -- 2017-03-27 04:43:58]
shell stdout: 
[INFO -- 2017-03-27 04:43:58]
shell stdout: 
[INFO -- 2017-03-27 04:43:58]
shell stdout: 
[INFO -- 2017-03-27 04:43:58]
shell stdout: 
[INFO -- 2017-03-27 04:43:59]
shell stdout: 
[INFO -- 2017-03-27 04:43:59]
shell stdout: 
[INFO -- 2017-03-27 04:43:59]
shell stdout: 
[INFO -- 2017-03-27 04:43:59]
shell stdout: 
[INFO -- 2017-03-27 04:43:59]
shell stdout: 
[INFO -- 2017-03-27 04:44:00]
shell stdout: 
[INFO -- 2017-03-27 04:44:00]
shell stdout: 
[INFO -- 2017-03-27 04:44:00]
shell stdout: 
[INFO -- 2017-03-27 04:44:00]
shell stdout: 
[INFO -- 2017-03-27 04:44:00]
shell stdout: 
[INFO -- 2017-03-27 04:44:01]
shell stdout: 
[INFO -- 2017-03-27 04:44:01]
shell stdout: 
[INFO -- 2017-03-27 04:44:01]
shell stdout: 
[INFO -- 2017-03-27 04:44:01]
shell stdout: 
[INFO -- 2017-03-27 04:44:02]
shell stdout: 
[INFO -- 2017-03-27 04:44:02]
shell stdout: 
[INFO -- 2017-03-27 04:44:02]
shell stdout: 
[INFO -- 2017-03-27 04:44:02]
shell stdout: 
[INFO -- 2017-03-27 04:44:02]
shell stdout: 
[INFO -- 2017-03-27 04:44:03]
shell stdout: 
[INFO -- 2017-03-27 04:44:03]
shell stdout: 
[INFO -- 2017-03-27 04:44:03]
shell stdout: 
[INFO -- 2017-03-27 04:44:03]
shell stdout: 
[INFO -- 2017-03-27 04:44:03]
shell stdout: 
[INFO -- 2017-03-27 04:44:04]
shell stdout: 
[INFO -- 2017-03-27 04:44:04]
shell stdout: 
[INFO -- 2017-03-27 04:44:04]
shell stdout: 
[INFO -- 2017-03-27 04:44:04]
shell stdout: 
[INFO -- 2017-03-27 04:44:05]
shell stdout: 
[INFO -- 2017-03-27 04:44:05]
shell stdout: 
[INFO -- 2017-03-27 04:44:05]
shell stdout: 
[INFO -- 2017-03-27 04:44:05]
shell stdout: 
[INFO -- 2017-03-27 04:44:26]
no gdbExecName running, out:
[INFO -- 2017-03-27 04:44:26]
checCmd:ps -e | grep -i gdb-mic
[INFO -- 2017-03-27 04:44:26]
finished now-timestampStart < maxWaitTime*5
[INFO -- 2017-03-27 04:44:26]
now: 1490604257
[INFO -- 2017-03-27 04:44:26]
timestampStart: 1490604204
[INFO -- 2017-03-27 04:44:26]
kill cmd: killall -9 gdb-mic
[INFO -- 2017-03-27 04:44:26]
shell stdout: 
[INFO -- 2017-03-27 04:44:27]
kill cmd: ssh -T mic1 killall -9 clamr_openmponly
[INFO -- 2017-03-27 04:44:27]
shell stdout: 
[INFO -- 2017-03-27 04:44:27]
kill cmd: ssh -T mic1 killall -9 gdbserver
[INFO -- 2017-03-27 04:44:27]
shell stdout: 
[INFO -- 2017-03-27 04:44:27]
kill cmd: ssh -T mic1 killall -9 sshd
[INFO -- 2017-03-27 04:44:27]
shell stdout: 
