2016-10-19 21:05:09:Initialization strings:
2016-10-19 21:05:09:(1) target extended-remote | ssh -T mic0 gdbserver --multi -
2016-10-19 21:05:09:(2) set sysroot /opt/mpss/3.7/sysroots/k1om-mpss-linux/
2016-10-19 21:05:09:(3) set sysroot /opt/mpss/3.7/sysroots/k1om-mpss-linux/
2016-10-19 21:05:09:(4) file /micNfs/gdb-fault-injection-lavamd/bin/lavamd
2016-10-19 21:05:09:(5) set remote exec-file /micNfs/gdb-fault-injection-lavamd/bin/lavamd
2016-10-19 21:05:09:(6) set args 228 15 /micNfs/gdb-fault-injection-lavamd/bin/input_distance_228_15 /micNfs/gdb-fault-injection-lavamd/bin/input_charges_228_15 /micNfs/gdb-fault-injection-lavamd/bin/output_gold_228_15 1
2016-10-19 21:05:10:Trying Fault Injection
2016-10-19 21:05:10:Inferior PID: 54702
2016-10-19 21:05:10:Inferior is valid: True
2016-10-19 21:05:10:Inferior #threads: 1
2016-10-19 21:05:10:Backtrace BEGIN:
2016-10-19 21:05:10:#0  0x00007ffff71388eb in __GI__IO_fread (buf=0x7ffff4ffe628, size=1, count=8, fp=0x60e1c0) at iofread.c:41
#1  0x0000000000402670 in main (argc=7, argv=0x7fffffffec08) at main_check.c:182

2016-10-19 21:05:10:36	in iofread.c

2016-10-19 21:05:10:Backtrace END
2016-10-19 21:05:10:Thread name: None
2016-10-19 21:05:10:Thread num: 1
2016-10-19 21:05:10:Thread ptid: (54702, 54702, 0)
2016-10-19 21:05:10:bitFlip function
2016-10-19 21:05:10:Type: The type is an integer type.
2016-10-19 21:05:10:Type sizeof: 4
2016-10-19 21:05:10:Mem contents(hex):0x900xd50xdd0xf7
2016-10-19 21:05:10:base address to flip value: 0x7fffffffe7b8
2016-10-19 21:05:10:address max offset: 4
2016-10-19 21:05:10:Memory content before bitflip:0x900xd50xdd0xf7
2016-10-19 21:05:10:Memory content after  bitflip:0x900xc50xdd0xf7
2016-10-19 21:05:10:Mem contents(hex):0x900xc50xdd0xf7
2016-10-19 21:05:10:frame name: main
2016-10-19 21:05:10:symbol name: loop
2016-10-19 21:05:10:symbol filename: main_check.c
2016-10-19 21:05:10:symbol line: 198
2016-10-19 21:05:10:value: -136460912
2016-10-19 21:05:10:value address: 0x7fffffffe7b8
2016-10-19 21:05:10:Type: The type is an integer type.
2016-10-19 21:05:10:Type sizeof: 4
2016-10-19 21:05:10:Fault Injection Successful after 1.69508600235s
2016-10-19 21:05:11:Fault Already Injected
2016-10-19 21:05:13:Fault Already Injected
2016-10-19 21:05:14:Fault Already Injected
2016-10-19 21:05:14:Fault Already Injected
2016-10-19 21:05:15:Fault Already Injected
2016-10-19 21:05:15:Fault Already Injected
2016-10-19 21:05:16:Fault Already Injected
2016-10-19 21:05:16:Fault Already Injected
2016-10-19 21:05:17:Fault Already Injected
2016-10-19 21:05:20:event type: exit
2016-10-19 21:05:20:exit code: 0
