2017-01-23 20:13:09:Starting GDB script
2017-01-23 20:13:09:initSignal:4.0
2017-01-23 20:13:09:endSignal:6.0
2017-01-23 20:13:09:seqSignal:30
2017-01-23 20:13:13:sending 30 signals using command: 'ssh -T mic0 killall -2 lud_check' after 4.23711231068s
2017-01-23 20:13:14:sending 30 signals using command: 'ssh -T mic0 killall -2 lud_check' after 4.99116681074s
2017-01-23 20:13:14:shell stdout: 
2017-01-23 20:13:14:shell stdout: 
2017-01-23 20:13:14:shell stdout: 
2017-01-23 20:13:14:sending 30 signals using command: 'ssh -T mic0 killall -2 lud_check' after 5.65044273556s
2017-01-23 20:13:15:shell stdout: 
2017-01-23 20:13:15:shell stdout: 
2017-01-23 20:13:15:shell stdout: 
2017-01-23 20:13:15:shell stdout: 
2017-01-23 20:13:15:shell stdout: 
2017-01-23 20:13:15:shell stdout: 
2017-01-23 20:13:16:shell stdout: 
2017-01-23 20:13:16:shell stdout: 
2017-01-23 20:13:16:shell stdout: 
2017-01-23 20:13:16:shell stdout: 
2017-01-23 20:13:16:shell stdout: 
2017-01-23 20:13:16:shell stdout: 
2017-01-23 20:13:16:shell stdout: 
2017-01-23 20:13:17:shell stdout: 
2017-01-23 20:13:17:shell stdout: 
2017-01-23 20:13:17:shell stdout: 
2017-01-23 20:13:17:shell stdout: 
2017-01-23 20:13:17:shell stdout: 
2017-01-23 20:13:17:shell stdout: 
2017-01-23 20:13:17:shell stdout: 
2017-01-23 20:13:17:shell stdout: 
2017-01-23 20:13:18:shell stdout: 
2017-01-23 20:13:18:shell stdout: 
2017-01-23 20:13:18:shell stdout: 
2017-01-23 20:13:18:shell stdout: 
2017-01-23 20:13:18:shell stdout: 
2017-01-23 20:13:18:shell stdout: 
2017-01-23 20:13:19:shell stdout: 
2017-01-23 20:13:19:shell stdout: 
2017-01-23 20:13:19:shell stdout: 
2017-01-23 20:13:19:shell stdout: 
2017-01-23 20:13:19:shell stdout: 
2017-01-23 20:13:19:shell stdout: 
2017-01-23 20:13:19:shell stdout: 
2017-01-23 20:13:20:shell stdout: 
2017-01-23 20:13:20:shell stdout: 
2017-01-23 20:13:20:shell stdout: 
2017-01-23 20:13:20:shell stdout: 
2017-01-23 20:13:20:shell stdout: 
2017-01-23 20:13:20:shell stdout: 
2017-01-23 20:13:20:shell stdout: 
2017-01-23 20:13:20:shell stdout: 
2017-01-23 20:13:21:shell stdout: 
2017-01-23 20:13:21:shell stdout: 
2017-01-23 20:13:21:shell stdout: 
2017-01-23 20:13:21:shell stdout: 
2017-01-23 20:13:21:shell stdout: 
2017-01-23 20:13:21:shell stdout: 
2017-01-23 20:13:22:shell stdout: 
2017-01-23 20:13:22:shell stdout: 
2017-01-23 20:13:22:shell stdout: 
2017-01-23 20:13:22:shell stdout: 
2017-01-23 20:13:22:shell stdout: 
2017-01-23 20:13:22:shell stdout: 
2017-01-23 20:13:23:shell stdout: 
2017-01-23 20:13:23:shell stdout: 
2017-01-23 20:13:23:shell stdout: 
2017-01-23 20:13:23:shell stdout: 
2017-01-23 20:13:23:shell stdout: 
2017-01-23 20:13:23:shell stdout: 
2017-01-23 20:13:24:shell stdout: 
2017-01-23 20:13:24:shell stdout: 
2017-01-23 20:13:24:shell stdout: 
2017-01-23 20:13:24:shell stdout: 
2017-01-23 20:13:25:shell stdout: 
2017-01-23 20:13:25:shell stdout: 
2017-01-23 20:13:25:shell stdout: 
2017-01-23 20:13:25:shell stdout: 
2017-01-23 20:13:25:shell stdout: 
2017-01-23 20:13:26:shell stdout: 
2017-01-23 20:13:26:shell stdout: 
2017-01-23 20:13:26:shell stdout: 
2017-01-23 20:13:26:shell stdout: 
2017-01-23 20:13:26:shell stdout: 
2017-01-23 20:13:26:shell stdout: 
2017-01-23 20:13:27:shell stdout: 
2017-01-23 20:13:27:shell stdout: 
2017-01-23 20:13:27:shell stdout: 
2017-01-23 20:13:27:shell stdout: 
2017-01-23 20:13:27:shell stdout: 
2017-01-23 20:13:27:shell stdout: 
2017-01-23 20:13:28:shell stdout: 
2017-01-23 20:13:28:shell stdout: 
2017-01-23 20:13:28:shell stdout: 
2017-01-23 20:13:28:shell stdout: 
2017-01-23 20:13:28:shell stdout: 
2017-01-23 20:13:29:shell stdout: 
2017-01-23 20:13:37:no gdbExecName running, out:
2017-01-23 20:13:37:checCmd:ps -e | grep -i gdb-mic
2017-01-23 20:13:37:finished now-timestampStart < maxWaitTime*5
2017-01-23 20:13:37:now: 1485220416
2017-01-23 20:13:37:timestampStart: 1485220389
2017-01-23 20:13:37:kill cmd: killall -9 gdb-mic
2017-01-23 20:13:37:shell stdout: 
2017-01-23 20:13:37:kill cmd: ssh -T mic0 killall -9 lud_check
2017-01-23 20:13:37:shell stdout: 
2017-01-23 20:13:38:kill cmd: ssh -T mic0 killall -9 gdbserver
2017-01-23 20:13:38:shell stdout: 
2017-01-23 20:13:38:kill cmd: ssh -T mic0 killall -9 sshd
2017-01-23 20:13:38:shell stdout: 
