2016-10-26 17:41:27:Initialization strings:
2016-10-26 17:41:27:(1) target extended-remote | ssh -T mic0 gdbserver --multi -
2016-10-26 17:41:27:(2) set sysroot /opt/mpss/3.7/sysroots/k1om-mpss-linux/
2016-10-26 17:41:27:(3) set sysroot /opt/mpss/3.7/sysroots/k1om-mpss-linux/
2016-10-26 17:41:27:(4) file /micNfs/gdb-fault-injection-lavamd/bin/lavamd
2016-10-26 17:41:27:(5) set remote exec-file /micNfs/gdb-fault-injection-lavamd/bin/lavamd
2016-10-26 17:41:27:(6) set args 228 15 /micNfs/gdb-fault-injection-lavamd/bin/input_distance_228_15 /micNfs/gdb-fault-injection-lavamd/bin/input_charges_228_15 /micNfs/gdb-fault-injection-lavamd/bin/output_gold_228_15 1
2016-10-26 17:41:28:Trying Fault Injection
2016-10-26 17:41:28:Inferior PID: 12890
2016-10-26 17:41:28:Inferior is valid: True
2016-10-26 17:41:28:Inferior #threads: 1
2016-10-26 17:41:28:Backtrace BEGIN:
2016-10-26 17:41:28:#0  __GI__IO_fread (buf=<optimized out>, size=1, count=8, fp=0x60e1c0) at iofread.c:45
#1  0x000000000040262f in main (argc=7, argv=0x7fffffffec08) at main_check.c:181

2016-10-26 17:41:28:40	in iofread.c

2016-10-26 17:41:28:Backtrace END
2016-10-26 17:41:28:Thread name: None
2016-10-26 17:41:28:Thread num: 1
2016-10-26 17:41:28:Thread ptid: (12890, 12890, 0)
2016-10-26 17:41:28:bitFlip function
2016-10-26 17:41:28:Type: The type is an integer type.
2016-10-26 17:41:28:Type sizeof: 4
2016-10-26 17:41:28:Mem contents(hex):0x900xd50xdd0xf7
2016-10-26 17:41:28:base address to flip value: 0x7fffffffe7b8
2016-10-26 17:41:28:address max offset: 4
2016-10-26 17:41:28:Memory content before bitflip:0x900xd50xdd0xf7
2016-10-26 17:41:28:Memory content after  bitflip:0x900xc50xdd0xf7
2016-10-26 17:41:28:Mem contents(hex):0x900xc50xdd0xf7
2016-10-26 17:41:28:frame name: main
2016-10-26 17:41:28:symbol name: loop
2016-10-26 17:41:28:symbol filename: main_check.c
2016-10-26 17:41:28:symbol line: 198
2016-10-26 17:41:28:value: -136460912
2016-10-26 17:41:28:value address: 0x7fffffffe7b8
2016-10-26 17:41:28:Type: The type is an integer type.
2016-10-26 17:41:28:Type sizeof: 4
2016-10-26 17:41:28:Fault Injection Successful after 1.84820699692s
2016-10-26 17:41:28:Fault Already Injected
2016-10-26 17:41:29:Fault Already Injected
2016-10-26 17:41:29:Fault Already Injected
2016-10-26 17:41:32:Fault Already Injected
2016-10-26 17:41:32:Fault Already Injected
2016-10-26 17:41:33:Fault Already Injected
2016-10-26 17:41:35:Fault Already Injected
2016-10-26 17:41:35:Fault Already Injected
2016-10-26 17:41:36:Fault Already Injected
2016-10-26 17:41:38:event type: exit
2016-10-26 17:41:38:exit code: 0
