2017-01-25 05:20:59:Starting GDB script
2017-01-25 05:20:59:initSignal:4.0
2017-01-25 05:20:59:endSignal:6.0
2017-01-25 05:20:59:seqSignal:30
2017-01-25 05:21:04:sending 30 signals using command: 'ssh -T mic0 killall -2 lud_check' after 4.98749618599s
2017-01-25 05:21:05:sending 30 signals using command: 'ssh -T mic0 killall -2 lud_check' after 5.43385934481s
2017-01-25 05:21:05:sending 30 signals using command: 'ssh -T mic0 killall -2 lud_check' after 5.79889810069s
2017-01-25 05:21:06:shell stdout: 
2017-01-25 05:21:06:shell stdout: 
2017-01-25 05:21:06:shell stdout: 
2017-01-25 05:21:06:shell stdout: 
2017-01-25 05:21:06:shell stdout: 
2017-01-25 05:21:06:shell stdout: 
2017-01-25 05:21:07:shell stdout: 
2017-01-25 05:21:07:shell stdout: 
2017-01-25 05:21:07:shell stdout: 
2017-01-25 05:21:07:shell stdout: 
2017-01-25 05:21:07:shell stdout: 
2017-01-25 05:21:07:shell stdout: 
2017-01-25 05:21:07:shell stdout: 
2017-01-25 05:21:08:shell stdout: 
2017-01-25 05:21:08:shell stdout: 
2017-01-25 05:21:08:shell stdout: 
2017-01-25 05:21:08:shell stdout: 
2017-01-25 05:21:08:shell stdout: 
2017-01-25 05:21:08:shell stdout: 
2017-01-25 05:21:08:shell stdout: 
2017-01-25 05:21:09:shell stdout: 
2017-01-25 05:21:09:shell stdout: 
2017-01-25 05:21:09:shell stdout: 
2017-01-25 05:21:09:shell stdout: 
2017-01-25 05:21:09:shell stdout: 
2017-01-25 05:21:09:shell stdout: 
2017-01-25 05:21:09:shell stdout: 
2017-01-25 05:21:10:shell stdout: 
2017-01-25 05:21:10:shell stdout: 
2017-01-25 05:21:10:shell stdout: 
2017-01-25 05:21:10:shell stdout: 
2017-01-25 05:21:10:shell stdout: 
2017-01-25 05:21:10:shell stdout: 
2017-01-25 05:21:10:shell stdout: 
2017-01-25 05:21:10:shell stdout: 
2017-01-25 05:21:11:shell stdout: 
2017-01-25 05:21:11:shell stdout: 
2017-01-25 05:21:11:shell stdout: 
2017-01-25 05:21:11:shell stdout: 
2017-01-25 05:21:11:shell stdout: 
2017-01-25 05:21:11:shell stdout: 
2017-01-25 05:21:11:shell stdout: 
2017-01-25 05:21:12:shell stdout: 
2017-01-25 05:21:12:shell stdout: 
2017-01-25 05:21:12:shell stdout: 
2017-01-25 05:21:12:shell stdout: 
2017-01-25 05:21:12:shell stdout: 
2017-01-25 05:21:12:shell stdout: 
2017-01-25 05:21:13:shell stdout: 
2017-01-25 05:21:13:shell stdout: 
2017-01-25 05:21:13:shell stdout: 
2017-01-25 05:21:13:shell stdout: 
2017-01-25 05:21:13:shell stdout: 
2017-01-25 05:21:13:shell stdout: 
2017-01-25 05:21:14:shell stdout: 
2017-01-25 05:21:14:shell stdout: 
2017-01-25 05:21:14:shell stdout: 
2017-01-25 05:21:15:shell stdout: 
2017-01-25 05:21:15:shell stdout: 
2017-01-25 05:21:15:shell stdout: 
2017-01-25 05:21:15:shell stdout: 
2017-01-25 05:21:15:shell stdout: 
2017-01-25 05:21:15:shell stdout: 
2017-01-25 05:21:16:shell stdout: 
2017-01-25 05:21:16:shell stdout: 
2017-01-25 05:21:16:shell stdout: 
2017-01-25 05:21:16:shell stdout: 
2017-01-25 05:21:16:shell stdout: 
2017-01-25 05:21:16:shell stdout: 
2017-01-25 05:21:17:shell stdout: 
2017-01-25 05:21:17:shell stdout: 
2017-01-25 05:21:17:shell stdout: 
2017-01-25 05:21:17:shell stdout: 
2017-01-25 05:21:17:shell stdout: 
2017-01-25 05:21:17:shell stdout: 
2017-01-25 05:21:18:shell stdout: 
2017-01-25 05:21:18:shell stdout: 
2017-01-25 05:21:18:shell stdout: 
2017-01-25 05:21:18:shell stdout: 
2017-01-25 05:21:18:shell stdout: 
2017-01-25 05:21:18:shell stdout: 
2017-01-25 05:21:18:shell stdout: 
2017-01-25 05:21:18:shell stdout: 
2017-01-25 05:21:19:shell stdout: 
2017-01-25 05:21:19:shell stdout: 
2017-01-25 05:21:19:shell stdout: 
2017-01-25 05:21:19:shell stdout: 
2017-01-25 05:21:19:shell stdout: 
2017-01-25 05:21:19:shell stdout: 
2017-01-25 05:21:19:shell stdout: 
2017-01-25 05:21:22:no gdbExecName running, out:
2017-01-25 05:21:22:checCmd:ps -e | grep -i gdb-mic
2017-01-25 05:21:22:finished now-timestampStart < maxWaitTime*5
2017-01-25 05:21:22:now: 1485339681
2017-01-25 05:21:22:timestampStart: 1485339659
2017-01-25 05:21:22:kill cmd: killall -9 gdb-mic
2017-01-25 05:21:22:shell stdout: 
2017-01-25 05:21:22:kill cmd: ssh -T mic0 killall -9 lud_check
2017-01-25 05:21:22:shell stdout: 
2017-01-25 05:21:22:kill cmd: ssh -T mic0 killall -9 gdbserver
2017-01-25 05:21:22:shell stdout: 
2017-01-25 05:21:23:kill cmd: ssh -T mic0 killall -9 sshd
2017-01-25 05:21:23:shell stdout: 
