2016-10-22 10:42:22:sending signal using command: 'ssh -T mic0 killall -2 hotspot_check' after 14.6665275548s
2016-10-22 10:42:22:shell stdout: 
2016-10-22 10:42:22:Starting GDB script
2016-10-22 10:42:25:sending signal using command: 'ssh -T mic0 killall -2 hotspot_check' after 2.75458887005s
2016-10-22 10:42:25:shell stdout: 
2016-10-22 10:42:25:sending signal using command: 'ssh -T mic0 killall -2 hotspot_check' after 3.08145039867s
2016-10-22 10:42:25:shell stdout: 
2016-10-22 10:42:30:sending signal using command: 'ssh -T mic0 killall -2 hotspot_check' after 7.6644135698s
2016-10-22 10:42:30:shell stdout: 
2016-10-22 10:42:31:sending signal using command: 'ssh -T mic0 killall -2 hotspot_check' after 8.70039567806s
2016-10-22 10:42:31:shell stdout: 
2016-10-22 10:42:34:sending signal using command: 'ssh -T mic0 killall -2 hotspot_check' after 11.5918512354s
2016-10-22 10:42:34:shell stdout: 
2016-10-22 10:42:34:sending signal using command: 'ssh -T mic0 killall -2 hotspot_check' after 12.517286388s
2016-10-22 10:42:34:shell stdout: 
2016-10-22 10:42:35:sending signal using command: 'ssh -T mic0 killall -2 hotspot_check' after 12.7578886027s
2016-10-22 10:42:35:shell stdout: 
2016-10-22 10:42:36:sending signal using command: 'ssh -T mic0 killall -2 hotspot_check' after 13.5903537266s
2016-10-22 10:42:36:shell stdout: 
2016-10-22 10:42:36:sending signal using command: 'ssh -T mic0 killall -2 hotspot_check' after 13.6094541166s
2016-10-22 10:42:36:shell stdout: 
2016-10-22 10:42:37:sending signal using command: 'ssh -T mic0 killall -2 hotspot_check' after 14.4183412954s
2016-10-22 10:42:37:shell stdout: 
2016-10-22 10:42:43:no gdbExecName running, out:
2016-10-22 10:42:43:checCmd:ps -e | grep -i gdb-mic
2016-10-22 10:42:43:finished now-timestampStart < maxWaitTime*5
2016-10-22 10:42:43:now: 1477147362
2016-10-22 10:42:43:timestampStart: 1477147342
2016-10-22 10:42:43:kill cmd: killall -9 gdb-mic
2016-10-22 10:42:43:shell stdout: 
2016-10-22 10:42:43:kill cmd: ssh -T mic0 killall -9 hotspot_check
2016-10-22 10:42:43:shell stdout: 
2016-10-22 10:42:44:kill cmd: ssh -T mic0 killall -9 gdbserver
2016-10-22 10:42:44:shell stdout: 
