2016-10-19 12:01:40:Initialization strings:
2016-10-19 12:01:40:(1) target extended-remote | ssh -T mic0 gdbserver --multi -
2016-10-19 12:01:40:(2) set sysroot /opt/mpss/3.7/sysroots/k1om-mpss-linux/
2016-10-19 12:01:40:(3) set sysroot /opt/mpss/3.7/sysroots/k1om-mpss-linux/
2016-10-19 12:01:40:(4) file /micNfs/gdb-fault-injection-hotspot/bin/hotspot_check
2016-10-19 12:01:40:(5) set remote exec-file /micNfs/gdb-fault-injection-hotspot/bin/hotspot_check
2016-10-19 12:01:40:(6) set args 1024 1024 2000 228 /micNfs/gdb-fault-injection-hotspot/bin/temp_1024 /micNfs/gdb-fault-injection-hotspot/bin/power_1024 /micNfs/gdb-fault-injection-hotspot/bin/GOLD_1024-2000-228
2016-10-19 12:01:41:Trying Fault Injection
2016-10-19 12:01:41:Backtrace BEGIN:
2016-10-19 12:01:41:#0  _IO_vfscanf_internal (s=s@entry=0x7fffffffe400, format=format@entry=0x407198 "%f", argptr=argptr@entry=0x7fffffffe528, errp=errp@entry=0x0) at vfscanf.c:501
#1  0x00007ffff71365ea in __GI___isoc99_vsscanf (string=0x7fffffffe77a "326.616190\n", format=0x407198 "%f", args=args@entry=0x7fffffffe528) at isoc99_vsscanf.c:43
#2  0x00007ffff7136569 in __isoc99_sscanf (s=<optimized out>, format=<optimized out>) at isoc99_sscanf.c:31
#3  0x0000000000401744 in read_input (vect=<optimized out>, grid_rows=<optimized out>, grid_cols=-160649200, file=<optimized out>) at hotspot_check.c:206
#4  main (argc=-7680, argv=0x36) at hotspot_check.c:264

2016-10-19 12:01:41:496	in vfscanf.c

2016-10-19 12:01:41:Backtrace END
2016-10-19 12:01:41:Type: The type is an array.
2016-10-19 12:01:41:Type sizeof: 24
2016-10-19 12:01:41:Fliping array at pos: 0
2016-10-19 12:01:41:Type: The type is a structure.
2016-10-19 12:01:41:Type sizeof: 24
2016-10-19 12:01:41:Fliping value of field: reg_save_area
2016-10-19 12:01:41:Type: The type is a pointer.
2016-10-19 12:01:41:Type sizeof: 8
2016-10-19 12:01:41:Fault Injection Failed after 1.85628390312s
2016-10-19 12:01:43:Trying Fault Injection
2016-10-19 12:01:43:Backtrace BEGIN:
2016-10-19 12:01:43:#0  0x00007ffff7124d25 in _IO_vfscanf_internal (s=s@entry=0x7fffffffe400, format=format@entry=0x407198 "%f", argptr=argptr@entry=0x7fffffffe528, errp=errp@entry=0x0) at vfscanf.c:604
#1  0x00007ffff71365ea in __GI___isoc99_vsscanf (string=0x7fffffffe77a "324.209979\n", format=0x407198 "%f", args=args@entry=0x7fffffffe528) at isoc99_vsscanf.c:43
#2  0x00007ffff7136569 in __isoc99_sscanf (s=<optimized out>, format=<optimized out>) at isoc99_sscanf.c:31
#3  0x0000000000401744 in read_input (vect=<optimized out>, grid_rows=<optimized out>, grid_cols=-160649200, file=<optimized out>) at hotspot_check.c:206
#4  main (argc=-7680, argv=0x7ffff71da1e0 <_nl_C_LC_CTYPE_class+256>) at hotspot_check.c:264

2016-10-19 12:01:43:599	in vfscanf.c

2016-10-19 12:01:43:Backtrace END
2016-10-19 12:01:43:Type: The type is an integer type.
2016-10-19 12:01:43:Type sizeof: 4
2016-10-19 12:01:43:Mem contents(hex):0xe40x000x000x00
2016-10-19 12:01:43:base address to flip value: 0x608ec0 
2016-10-19 12:01:43:address max offset: 4
2016-10-19 12:01:43:Memory content before bitflip:0xe40x000x000x00
2016-10-19 12:01:43:Memory content after  bitflip:0xe40x000x000x04
2016-10-19 12:01:43:Mem contents(hex):0xe40x000x000x04
2016-10-19 12:01:43:frame name: main
2016-10-19 12:01:43:symbol name: num_omp_threads
2016-10-19 12:01:43:symbol filename: hotspot_check.c
2016-10-19 12:01:43:symbol line: 39
2016-10-19 12:01:43:value: 67109092
2016-10-19 12:01:43:value address: 0x608ec0 <num_omp_threads>
2016-10-19 12:01:43:Type: The type is an integer type.
2016-10-19 12:01:43:Type sizeof: 4
2016-10-19 12:01:43:Fault Injection Successful after 3.25701403618s
2016-10-19 12:01:45:Fault Already Injected
2016-10-19 12:01:45:Fault Already Injected
2016-10-19 12:01:51:Fault Already Injected
2016-10-19 12:01:52:Fault Already Injected
2016-10-19 12:01:53:Fault Already Injected
2016-10-19 12:01:53:Fault Already Injected
2016-10-19 12:01:54:Fault Already Injected
2016-10-19 12:01:55:Fault Already Injected
2016-10-19 12:02:00:Fault Already Injected
2016-10-19 12:02:01:event type: exit
2016-10-19 12:02:01:exit code: no exit code available
