2017-02-28 02:54:57:Starting flip_value script
2017-02-28 02:54:57:Initialization strings:
2017-02-28 02:54:57:(1) target extended-remote | ssh -T mic1 gdbserver --multi -
2017-02-28 02:54:57:(2) set sysroot /opt/mpss/3.7/sysroots/k1om-mpss-linux/
2017-02-28 02:54:57:(3) set sysroot /opt/mpss/3.7/sysroots/k1om-mpss-linux/
2017-02-28 02:54:57:(4) file /micNfs/gdb-fault-injection/injector/bin/clamr/clamr_openmponly
2017-02-28 02:54:57:(5) set remote exec-file /micNfs/gdb-fault-injection/injector/bin/clamr/clamr_openmponly
2017-02-28 02:54:57:(6) cd /micNfs/gdb-fault-injection/injector/bin/clamr
2017-02-28 02:54:57:(7) set args -n 512 -t 100 -g 100 -G data -j md5file
2017-02-28 02:54:57:initSignal:0
2017-02-28 02:54:57:endSignal:5
2017-02-28 02:54:57:seqSignal:20
2017-02-28 02:54:58:Backtrace BEGIN:
2017-02-28 02:54:58:#0  pthread_cond_timedwait@@GLIBC_2.3.2 () at ../sysdeps/unix/sysv/linux/x86_64/pthread_cond_timedwait.S:238
#1  0x00007ffff790c5ea in ?? ()
#2  0x00007ffff7fd0cd8 in ?? ()
#3  0x0000000002a10a06 in ?? ()
#4  0x0000000000000017 in ?? ()
Backtrace stopped: previous frame inner to this frame (corrupt stack?)

2017-02-28 02:54:58:233	in ../sysdeps/unix/sysv/linux/x86_64/pthread_cond_timedwait.S

2017-02-28 02:54:58:Backtrace END
2017-02-28 02:54:59:Backtrace BEGIN:
2017-02-28 02:54:59:#0  0x00007ffff7902da2 in ?? ()
#1  0x00007ffff40e6b00 in ?? ()
#2  0x0000000000000028 in ?? ()
Backtrace stopped: previous frame inner to this frame (corrupt stack?)

2017-02-28 02:54:59:233	in ../sysdeps/unix/sysv/linux/x86_64/pthread_cond_timedwait.S

2017-02-28 02:54:59:Backtrace END
2017-02-28 02:54:59:Backtrace BEGIN:
2017-02-28 02:54:59:#0  0x00007ffff7902da2 in ?? ()
#1  0x00007ffff40e6b00 in ?? ()
#2  0x0000000000000028 in ?? ()
Backtrace stopped: previous frame inner to this frame (corrupt stack?)

2017-02-28 02:54:59:233	in ../sysdeps/unix/sysv/linux/x86_64/pthread_cond_timedwait.S

2017-02-28 02:54:59:Backtrace END
2017-02-28 02:55:00:Backtrace BEGIN:
2017-02-28 02:55:00:#0  0x00007ffff7902da2 in ?? ()
#1  0x00007ffff40e6b00 in ?? ()
#2  0x0000000000000028 in ?? ()
Backtrace stopped: previous frame inner to this frame (corrupt stack?)

2017-02-28 02:55:00:233	in ../sysdeps/unix/sysv/linux/x86_64/pthread_cond_timedwait.S

2017-02-28 02:55:00:Backtrace END
2017-02-28 02:55:01:Backtrace BEGIN:
2017-02-28 02:55:01:#0  0x00007ffff7902da2 in ?? ()
#1  0x00007ffff40e6b00 in ?? ()
#2  0x0000000000000028 in ?? ()
Backtrace stopped: previous frame inner to this frame (corrupt stack?)

2017-02-28 02:55:01:233	in ../sysdeps/unix/sysv/linux/x86_64/pthread_cond_timedwait.S

2017-02-28 02:55:01:Backtrace END
2017-02-28 02:55:01:Backtrace BEGIN:
2017-02-28 02:55:01:#0  0x00007ffff7902da2 in ?? ()
#1  0x00007ffff40e6b00 in ?? ()
#2  0x0000000000000028 in ?? ()
Backtrace stopped: previous frame inner to this frame (corrupt stack?)

2017-02-28 02:55:01:233	in ../sysdeps/unix/sysv/linux/x86_64/pthread_cond_timedwait.S

2017-02-28 02:55:01:Backtrace END
2017-02-28 02:55:02:Backtrace BEGIN:
2017-02-28 02:55:02:#0  0x00007ffff7902da2 in ?? ()
#1  0x00007ffff40e6b00 in ?? ()
#2  0x0000000000000028 in ?? ()
Backtrace stopped: previous frame inner to this frame (corrupt stack?)

2017-02-28 02:55:02:233	in ../sysdeps/unix/sysv/linux/x86_64/pthread_cond_timedwait.S

2017-02-28 02:55:02:Backtrace END
2017-02-28 02:55:03:Backtrace BEGIN:
2017-02-28 02:55:03:#0  0x00007ffff7902da2 in ?? ()
#1  0x00007ffff40e6b00 in ?? ()
#2  0x0000000000000028 in ?? ()
Backtrace stopped: previous frame inner to this frame (corrupt stack?)

2017-02-28 02:55:03:233	in ../sysdeps/unix/sysv/linux/x86_64/pthread_cond_timedwait.S

2017-02-28 02:55:03:Backtrace END
2017-02-28 02:55:03:Backtrace BEGIN:
2017-02-28 02:55:03:#0  0x00007ffff7902da2 in ?? ()
#1  0x00007ffff40e6b00 in ?? ()
#2  0x0000000000000028 in ?? ()
Backtrace stopped: previous frame inner to this frame (corrupt stack?)

2017-02-28 02:55:03:233	in ../sysdeps/unix/sysv/linux/x86_64/pthread_cond_timedwait.S

2017-02-28 02:55:03:Backtrace END
2017-02-28 02:55:04:Backtrace BEGIN:
2017-02-28 02:55:04:#0  0x00007ffff7902da2 in ?? ()
#1  0x00007ffff40e6b00 in ?? ()
#2  0x0000000000000028 in ?? ()
Backtrace stopped: previous frame inner to this frame (corrupt stack?)

2017-02-28 02:55:04:233	in ../sysdeps/unix/sysv/linux/x86_64/pthread_cond_timedwait.S

2017-02-28 02:55:04:Backtrace END
2017-02-28 02:55:05:Backtrace BEGIN:
2017-02-28 02:55:05:#0  0x00007ffff7902da2 in ?? ()
#1  0x00007ffff40e6b00 in ?? ()
#2  0x0000000000000028 in ?? ()
Backtrace stopped: previous frame inner to this frame (corrupt stack?)

2017-02-28 02:55:05:233	in ../sysdeps/unix/sysv/linux/x86_64/pthread_cond_timedwait.S

2017-02-28 02:55:05:Backtrace END
2017-02-28 02:55:05:Backtrace BEGIN:
2017-02-28 02:55:05:#0  0x00007ffff7902da2 in ?? ()
#1  0x00007ffff40e6b00 in ?? ()
#2  0x0000000000000028 in ?? ()
Backtrace stopped: previous frame inner to this frame (corrupt stack?)

2017-02-28 02:55:05:233	in ../sysdeps/unix/sysv/linux/x86_64/pthread_cond_timedwait.S

2017-02-28 02:55:05:Backtrace END
2017-02-28 02:55:06:Backtrace BEGIN:
2017-02-28 02:55:06:#0  0x00007ffff7902da2 in ?? ()
#1  0x00007ffff40e6b00 in ?? ()
#2  0x0000000000000028 in ?? ()
Backtrace stopped: previous frame inner to this frame (corrupt stack?)

2017-02-28 02:55:06:233	in ../sysdeps/unix/sysv/linux/x86_64/pthread_cond_timedwait.S

2017-02-28 02:55:06:Backtrace END
2017-02-28 02:55:07:Backtrace BEGIN:
2017-02-28 02:55:07:#0  0x00007ffff7902da2 in ?? ()
#1  0x00007ffff40e6b00 in ?? ()
#2  0x0000000000000028 in ?? ()
Backtrace stopped: previous frame inner to this frame (corrupt stack?)

2017-02-28 02:55:07:233	in ../sysdeps/unix/sysv/linux/x86_64/pthread_cond_timedwait.S

2017-02-28 02:55:07:Backtrace END
2017-02-28 02:55:07:Backtrace BEGIN:
2017-02-28 02:55:07:#0  0x00007ffff7902da2 in ?? ()
#1  0x00007ffff40e6b00 in ?? ()
#2  0x0000000000000028 in ?? ()
Backtrace stopped: previous frame inner to this frame (corrupt stack?)

2017-02-28 02:55:07:233	in ../sysdeps/unix/sysv/linux/x86_64/pthread_cond_timedwait.S

2017-02-28 02:55:07:Backtrace END
2017-02-28 02:55:08:Backtrace BEGIN:
2017-02-28 02:55:08:#0  0x00007ffff7902da2 in ?? ()
#1  0x00007ffff40e6b00 in ?? ()
#2  0x0000000000000028 in ?? ()
Backtrace stopped: previous frame inner to this frame (corrupt stack?)

2017-02-28 02:55:08:233	in ../sysdeps/unix/sysv/linux/x86_64/pthread_cond_timedwait.S

2017-02-28 02:55:08:Backtrace END
2017-02-28 02:55:09:Backtrace BEGIN:
2017-02-28 02:55:09:#0  0x00007ffff7902da2 in ?? ()
#1  0x00007ffff40e6b00 in ?? ()
#2  0x0000000000000028 in ?? ()
Backtrace stopped: previous frame inner to this frame (corrupt stack?)

2017-02-28 02:55:09:233	in ../sysdeps/unix/sysv/linux/x86_64/pthread_cond_timedwait.S

2017-02-28 02:55:09:Backtrace END
2017-02-28 02:55:58:event type: exit
2017-02-28 02:55:58:exit code: 0
