[INFO -- 2017-02-25 03:30:06]
shell stdout: 
[INFO -- 2017-02-25 03:30:06]
shell stdout: 
[INFO -- 2017-02-25 03:30:06]
Starting GDB script
[INFO -- 2017-02-25 03:30:06]
initSignal:0.0
[INFO -- 2017-02-25 03:30:06]
endSignal:2.0
[INFO -- 2017-02-25 03:30:06]
seqSignal:30
[INFO -- 2017-02-25 03:30:07]
sending 30 signals using command: 'ssh -T mic1 killall -2 lud_check' after 0.444428337352s
[INFO -- 2017-02-25 03:30:07]
sending 30 signals using command: 'ssh -T mic1 killall -2 lud_check' after 0.687571587302s
[INFO -- 2017-02-25 03:30:07]
sending 30 signals using command: 'ssh -T mic1 killall -2 lud_check' after 0.763602419887s
[INFO -- 2017-02-25 03:30:07]
shell stdout: 
[INFO -- 2017-02-25 03:30:08]
shell stdout: 
[INFO -- 2017-02-25 03:30:08]
shell stdout: 
[INFO -- 2017-02-25 03:30:08]
shell stdout: 
[INFO -- 2017-02-25 03:30:08]
shell stdout: 
[INFO -- 2017-02-25 03:30:08]
shell stdout: 
[INFO -- 2017-02-25 03:30:08]
shell stdout: 
[INFO -- 2017-02-25 03:30:08]
shell stdout: 
[INFO -- 2017-02-25 03:30:09]
shell stdout: 
[INFO -- 2017-02-25 03:30:09]
shell stdout: 
[INFO -- 2017-02-25 03:30:09]
shell stdout: 
[INFO -- 2017-02-25 03:30:09]
shell stdout: 
[INFO -- 2017-02-25 03:30:09]
shell stdout: 
[INFO -- 2017-02-25 03:30:10]
shell stdout: 
[INFO -- 2017-02-25 03:30:10]
shell stdout: 
[INFO -- 2017-02-25 03:30:10]
shell stdout: 
[INFO -- 2017-02-25 03:30:11]
shell stdout: 
[INFO -- 2017-02-25 03:30:11]
shell stdout: 
[INFO -- 2017-02-25 03:30:11]
shell stdout: 
[INFO -- 2017-02-25 03:30:11]
shell stdout: 
[INFO -- 2017-02-25 03:30:11]
shell stdout: 
[INFO -- 2017-02-25 03:30:11]
shell stdout: 
[INFO -- 2017-02-25 03:30:12]
shell stdout: 
[INFO -- 2017-02-25 03:30:12]
shell stdout: 
[INFO -- 2017-02-25 03:30:12]
shell stdout: 
[INFO -- 2017-02-25 03:30:13]
shell stdout: 
[INFO -- 2017-02-25 03:30:13]
shell stdout: 
[INFO -- 2017-02-25 03:30:13]
shell stdout: 
[INFO -- 2017-02-25 03:30:14]
shell stdout: 
[INFO -- 2017-02-25 03:30:14]
shell stdout: 
[INFO -- 2017-02-25 03:30:14]
shell stdout: 
[INFO -- 2017-02-25 03:30:15]
shell stdout: 
[INFO -- 2017-02-25 03:30:15]
shell stdout: 
[INFO -- 2017-02-25 03:30:15]
shell stdout: 
[INFO -- 2017-02-25 03:30:16]
shell stdout: 
[INFO -- 2017-02-25 03:30:16]
shell stdout: 
[INFO -- 2017-02-25 03:30:16]
shell stdout: 
[INFO -- 2017-02-25 03:30:16]
shell stdout: 
[INFO -- 2017-02-25 03:30:16]
shell stdout: 
[INFO -- 2017-02-25 03:30:16]
shell stdout: 
[INFO -- 2017-02-25 03:30:17]
shell stdout: 
[INFO -- 2017-02-25 03:30:17]
shell stdout: 
[INFO -- 2017-02-25 03:30:17]
shell stdout: 
[INFO -- 2017-02-25 03:30:18]
shell stdout: 
[INFO -- 2017-02-25 03:30:18]
shell stdout: 
[INFO -- 2017-02-25 03:30:18]
shell stdout: 
[INFO -- 2017-02-25 03:30:19]
shell stdout: 
[INFO -- 2017-02-25 03:30:19]
shell stdout: 
[INFO -- 2017-02-25 03:30:19]
shell stdout: 
[INFO -- 2017-02-25 03:30:20]
shell stdout: 
[INFO -- 2017-02-25 03:30:20]
shell stdout: 
[INFO -- 2017-02-25 03:30:20]
shell stdout: 
[INFO -- 2017-02-25 03:30:20]
shell stdout: 
[INFO -- 2017-02-25 03:30:20]
shell stdout: 
[INFO -- 2017-02-25 03:30:20]
shell stdout: 
[INFO -- 2017-02-25 03:30:21]
shell stdout: 
[INFO -- 2017-02-25 03:30:21]
shell stdout: 
[INFO -- 2017-02-25 03:30:21]
shell stdout: 
[INFO -- 2017-02-25 03:30:22]
shell stdout: 
[INFO -- 2017-02-25 03:30:22]
shell stdout: 
[INFO -- 2017-02-25 03:30:22]
shell stdout: 
[INFO -- 2017-02-25 03:30:22]
shell stdout: 
[INFO -- 2017-02-25 03:30:22]
shell stdout: 
[INFO -- 2017-02-25 03:30:22]
shell stdout: 
[INFO -- 2017-02-25 03:30:22]
shell stdout: 
[INFO -- 2017-02-25 03:30:22]
shell stdout: 
[INFO -- 2017-02-25 03:30:22]
shell stdout: 
[INFO -- 2017-02-25 03:30:23]
shell stdout: 
[INFO -- 2017-02-25 03:30:23]
shell stdout: 
[INFO -- 2017-02-25 03:30:23]
shell stdout: 
[INFO -- 2017-02-25 03:30:23]
shell stdout: 
[INFO -- 2017-02-25 03:30:23]
shell stdout: 
[INFO -- 2017-02-25 03:30:23]
shell stdout: 
[INFO -- 2017-02-25 03:30:24]
shell stdout: 
[INFO -- 2017-02-25 03:30:24]
shell stdout: 
[INFO -- 2017-02-25 03:30:24]
shell stdout: 
[INFO -- 2017-02-25 03:30:24]
shell stdout: 
[INFO -- 2017-02-25 03:30:24]
shell stdout: 
[INFO -- 2017-02-25 03:30:24]
shell stdout: 
[INFO -- 2017-02-25 03:30:24]
shell stdout: 
[INFO -- 2017-02-25 03:30:25]
shell stdout: 
[INFO -- 2017-02-25 03:30:25]
shell stdout: 
[INFO -- 2017-02-25 03:30:25]
shell stdout: 
[INFO -- 2017-02-25 03:30:25]
shell stdout: 
[INFO -- 2017-02-25 03:30:25]
shell stdout: 
[INFO -- 2017-02-25 03:30:25]
shell stdout: 
[INFO -- 2017-02-25 03:30:25]
shell stdout: 
[INFO -- 2017-02-25 03:30:25]
shell stdout: 
[INFO -- 2017-02-25 03:30:26]
shell stdout: 
[INFO -- 2017-02-25 03:30:26]
shell stdout: 
[INFO -- 2017-02-25 03:30:37]
no gdbExecName running, out:
[INFO -- 2017-02-25 03:30:37]
checCmd:ps -e | grep -i gdb-mic
[INFO -- 2017-02-25 03:30:37]
finished now-timestampStart < maxWaitTime*5
[INFO -- 2017-02-25 03:30:37]
now: 1488011436
[INFO -- 2017-02-25 03:30:37]
timestampStart: 1488011406
[INFO -- 2017-02-25 03:30:37]
kill cmd: killall -9 gdb-mic
[INFO -- 2017-02-25 03:30:37]
shell stdout: 
[INFO -- 2017-02-25 03:30:37]
kill cmd: ssh -T mic1 killall -9 lud_check
[INFO -- 2017-02-25 03:30:37]
shell stdout: 
[INFO -- 2017-02-25 03:30:38]
kill cmd: ssh -T mic1 killall -9 gdbserver
[INFO -- 2017-02-25 03:30:38]
shell stdout: 
[INFO -- 2017-02-25 03:30:38]
kill cmd: ssh -T mic1 killall -9 sshd
[INFO -- 2017-02-25 03:30:38]
shell stdout: 
