2017-01-26 10:03:18:Starting GDB script
2017-01-26 10:03:18:initSignal:4.0
2017-01-26 10:03:18:endSignal:6.0
2017-01-26 10:03:18:seqSignal:30
2017-01-26 10:03:22:sending 30 signals using command: 'ssh -T mic0 killall -2 lud_check' after 4.07318992132s
2017-01-26 10:03:23:shell stdout: 
2017-01-26 10:03:24:sending 30 signals using command: 'ssh -T mic0 killall -2 lud_check' after 5.87102983752s
2017-01-26 10:03:24:shell stdout: 
2017-01-26 10:03:24:sending 30 signals using command: 'ssh -T mic0 killall -2 lud_check' after 5.97467933294s
2017-01-26 10:03:24:shell stdout: 
2017-01-26 10:03:24:shell stdout: 
2017-01-26 10:03:24:shell stdout: 
2017-01-26 10:03:25:shell stdout: 
2017-01-26 10:03:25:shell stdout: 
2017-01-26 10:03:25:shell stdout: 
2017-01-26 10:03:25:shell stdout: 
2017-01-26 10:03:25:shell stdout: 
2017-01-26 10:03:25:shell stdout: 
2017-01-26 10:03:26:shell stdout: 
2017-01-26 10:03:26:shell stdout: 
2017-01-26 10:03:26:shell stdout: 
2017-01-26 10:03:26:shell stdout: 
2017-01-26 10:03:26:shell stdout: 
2017-01-26 10:03:26:shell stdout: 
2017-01-26 10:03:26:shell stdout: 
2017-01-26 10:03:26:shell stdout: 
2017-01-26 10:03:26:shell stdout: 
2017-01-26 10:03:27:shell stdout: 
2017-01-26 10:03:27:shell stdout: 
2017-01-26 10:03:27:shell stdout: 
2017-01-26 10:03:27:shell stdout: 
2017-01-26 10:03:27:shell stdout: 
2017-01-26 10:03:27:shell stdout: 
2017-01-26 10:03:28:shell stdout: 
2017-01-26 10:03:28:shell stdout: 
2017-01-26 10:03:28:shell stdout: 
2017-01-26 10:03:28:shell stdout: 
2017-01-26 10:03:28:shell stdout: 
2017-01-26 10:03:28:shell stdout: 
2017-01-26 10:03:29:shell stdout: 
2017-01-26 10:03:29:shell stdout: 
2017-01-26 10:03:29:shell stdout: 
2017-01-26 10:03:29:shell stdout: 
2017-01-26 10:03:29:shell stdout: 
2017-01-26 10:03:29:shell stdout: 
2017-01-26 10:03:29:shell stdout: 
2017-01-26 10:03:29:shell stdout: 
2017-01-26 10:03:29:shell stdout: 
2017-01-26 10:03:30:shell stdout: 
2017-01-26 10:03:30:shell stdout: 
2017-01-26 10:03:30:shell stdout: 
2017-01-26 10:03:30:shell stdout: 
2017-01-26 10:03:30:shell stdout: 
2017-01-26 10:03:30:shell stdout: 
2017-01-26 10:03:31:shell stdout: 
2017-01-26 10:03:31:shell stdout: 
2017-01-26 10:03:31:shell stdout: 
2017-01-26 10:03:31:shell stdout: 
2017-01-26 10:03:31:shell stdout: 
2017-01-26 10:03:31:shell stdout: 
2017-01-26 10:03:31:shell stdout: 
2017-01-26 10:03:32:shell stdout: 
2017-01-26 10:03:32:shell stdout: 
2017-01-26 10:03:32:shell stdout: 
2017-01-26 10:03:32:shell stdout: 
2017-01-26 10:03:32:shell stdout: 
2017-01-26 10:03:32:shell stdout: 
2017-01-26 10:03:32:shell stdout: 
2017-01-26 10:03:33:shell stdout: 
2017-01-26 10:03:33:shell stdout: 
2017-01-26 10:03:33:shell stdout: 
2017-01-26 10:03:33:shell stdout: 
2017-01-26 10:03:33:shell stdout: 
2017-01-26 10:03:33:shell stdout: 
2017-01-26 10:03:33:shell stdout: 
2017-01-26 10:03:34:shell stdout: 
2017-01-26 10:03:34:shell stdout: 
2017-01-26 10:03:34:shell stdout: 
2017-01-26 10:03:34:shell stdout: 
2017-01-26 10:03:34:shell stdout: 
2017-01-26 10:03:34:shell stdout: 
2017-01-26 10:03:34:shell stdout: 
2017-01-26 10:03:35:shell stdout: 
2017-01-26 10:03:35:shell stdout: 
2017-01-26 10:03:35:shell stdout: 
2017-01-26 10:03:35:shell stdout: 
2017-01-26 10:03:35:shell stdout: 
2017-01-26 10:03:35:shell stdout: 
2017-01-26 10:03:35:shell stdout: 
2017-01-26 10:03:36:shell stdout: 
2017-01-26 10:03:36:shell stdout: 
2017-01-26 10:03:36:shell stdout: 
2017-01-26 10:03:36:shell stdout: 
2017-01-26 10:03:36:shell stdout: 
2017-01-26 10:03:36:shell stdout: 
2017-01-26 10:03:37:shell stdout: 
2017-01-26 10:03:37:shell stdout: 
2017-01-26 10:03:53:no gdbExecName running, out:
2017-01-26 10:03:53:checCmd:ps -e | grep -i gdb-mic
2017-01-26 10:03:53:finished now-timestampStart < maxWaitTime*5
2017-01-26 10:03:53:now: 1485443033
2017-01-26 10:03:53:timestampStart: 1485442998
2017-01-26 10:03:54:kill cmd: killall -9 gdb-mic
2017-01-26 10:03:54:shell stdout: 
2017-01-26 10:03:54:kill cmd: ssh -T mic0 killall -9 lud_check
2017-01-26 10:03:54:shell stdout: 
2017-01-26 10:03:54:kill cmd: ssh -T mic0 killall -9 gdbserver
2017-01-26 10:03:54:shell stdout: 
2017-01-26 10:03:55:kill cmd: ssh -T mic0 killall -9 sshd
2017-01-26 10:03:55:shell stdout: 
