2016-10-30 19:45:14:Initialization strings:
2016-10-30 19:45:14:(1) target extended-remote | ssh -T mic0 gdbserver --multi -
2016-10-30 19:45:14:(2) set sysroot /opt/mpss/3.7/sysroots/k1om-mpss-linux/
2016-10-30 19:45:14:(3) set sysroot /opt/mpss/3.7/sysroots/k1om-mpss-linux/
2016-10-30 19:45:14:(4) file /micNfs/gdb-fault-injection-lud/bin/lud_check
2016-10-30 19:45:14:(5) set remote exec-file /micNfs/gdb-fault-injection-lud/bin/lud_check
2016-10-30 19:45:14:(6) set args -s 8192 -n 228 -i /micNfs/gdb-fault-injection-lud/bin/input_8192_th_228 -g /micNfs/gdb-fault-injection-lud/bin/gold_8192_th_228
2016-10-30 19:45:16:Trying Fault Injection
2016-10-30 19:45:16:Inferior PID: 116969
2016-10-30 19:45:16:Inferior is valid: True
2016-10-30 19:45:16:Inferior #threads: 92
2016-10-30 19:45:16:Backtrace BEGIN:
2016-10-30 19:45:16:#0  0x00007ffff7930c40 in ?? ()
#1  0x00007ffff788c60a in ?? ()
#2  0x0000000000000001 in ?? ()
#3  0x0000000000000001 in ?? ()
#4  0x0000000000000000 in ?? ()

2016-10-30 19:45:16:31	static struct option long_options[] = {
32	  /* name, has_arg, flag, val */
33	  {"input", 1, NULL, 'i'},
34	  {"gold", 1, NULL, 'g'},
35	  {"size", 1, NULL, 's'},
36	  {0,0,0,0}
37	};
38	
39	extern void
40	lud_omp(float *m, int matrix_dim);

2016-10-30 19:45:16:Backtrace END
2016-10-30 19:45:17:Error(threadFlip): No Threads with symbols
2016-10-30 19:45:17:Fault Injection Failed after 3.3715159893s
2016-10-30 19:45:17:Trying Fault Injection
2016-10-30 19:45:17:Inferior PID: 116969
2016-10-30 19:45:17:Inferior is valid: True
2016-10-30 19:45:17:Inferior #threads: 93
2016-10-30 19:45:17:Backtrace BEGIN:
2016-10-30 19:45:17:#0  pthread_cond_timedwait@@GLIBC_2.3.2 () at ../sysdeps/unix/sysv/linux/x86_64/pthread_cond_timedwait.S:238
#1  0x00007ffff790c5ea in ?? ()
#2  0x00007ffff7fd2d18 in ?? ()
#3  0x0000000002a10a06 in ?? ()
#4  0x0000000000000017 in ?? ()
#5  0x00007ffff7fd2df0 in ?? ()
#6  0x00007ffff70e17d8 in ?? () from /opt/mpss/3.7/sysroots/k1om-mpss-linux/lib64/libc.so.6
#7  0x00007ffff7fd2d14 in ?? ()
#8  0x00007ffff7fd2de0 in ?? ()
#9  0x00007ffff7ff8630 in ?? ()
#10 0x0000000000000008 in ?? ()
#11 0x0000000000000000 in ?? ()

2016-10-30 19:45:17:233	in ../sysdeps/unix/sysv/linux/x86_64/pthread_cond_timedwait.S

2016-10-30 19:45:17:Backtrace END
2016-10-30 19:45:18:Thread name: None
2016-10-30 19:45:18:Thread num: 1
2016-10-30 19:45:18:Thread ptid: (116969, 116969, 0)
2016-10-30 19:45:18:bitFlip function
2016-10-30 19:45:18:Type: The type is an array.
2016-10-30 19:45:18:Type sizeof: 14
2016-10-30 19:45:18:Fliping array at pos: 12
2016-10-30 19:45:18:bitFlip function
2016-10-30 19:45:18:Type: The type is an integer type.
2016-10-30 19:45:18:Type sizeof: 1
2016-10-30 19:45:18:Mem contents(hex):0x64
2016-10-30 19:45:18:base address to flip value: 0x7ffff743c16c  
2016-10-30 19:45:18:address max offset: 1
2016-10-30 19:45:18:Memory content before bitflip:0x64
2016-10-30 19:45:18:Memory content after  bitflip:0x24
2016-10-30 19:45:18:Mem contents(hex):0x24
2016-10-30 19:45:18:frame name: create_thread
2016-10-30 19:45:18:symbol name: __PRETTY_FUNCTION__
2016-10-30 19:45:18:symbol filename: pthread_create.c
2016-10-30 19:45:18:symbol line: 0
2016-10-30 19:45:18:value: "create_threa$"
2016-10-30 19:45:18:value address: 0x7ffff743c160 <__PRETTY_FUNCTION__.11396>
2016-10-30 19:45:18:Type: The type is an array.
2016-10-30 19:45:18:Type sizeof: 14
2016-10-30 19:45:18:Field name: None
2016-10-30 19:45:18:Field Type:
2016-10-30 19:45:18:Type: A range type, that is, an integer type with bounds.
2016-10-30 19:45:18:Type sizeof: 8
2016-10-30 19:45:18:Type range: (0L, 13L)
2016-10-30 19:45:18:Fault Injection Successful after 4.59769105911s
2016-10-30 19:45:18:Fault Already Injected
2016-10-30 19:45:20:Fault Already Injected
2016-10-30 19:45:20:Fault Already Injected
2016-10-30 19:45:21:Fault Already Injected
2016-10-30 19:45:22:Fault Already Injected
2016-10-30 19:45:22:Fault Already Injected
2016-10-30 19:45:22:Fault Already Injected
2016-10-30 19:45:27:event type: exit
2016-10-30 19:45:27:exit code: 1
