[INFO -- 2017-03-05 07:52:32]
Starting GDB script
[INFO -- 2017-03-05 07:52:32]
initSignal:0.0
[INFO -- 2017-03-05 07:52:32]
endSignal:4.0
[INFO -- 2017-03-05 07:52:32]
seqSignal:30
[INFO -- 2017-03-05 07:52:33]
sending 30 signals using command: 'ssh -T mic0 killall -2 needle_check' after 1.20751241055s
[INFO -- 2017-03-05 07:52:33]
sending 30 signals using command: 'ssh -T mic0 killall -2 needle_check' after 1.36826155638s
[INFO -- 2017-03-05 07:52:33]
shell stdout: 
[INFO -- 2017-03-05 07:52:34]
shell stdout: 
[INFO -- 2017-03-05 07:52:34]
shell stdout: 
[INFO -- 2017-03-05 07:52:34]
shell stdout: 
[INFO -- 2017-03-05 07:52:34]
shell stdout: 
[INFO -- 2017-03-05 07:52:34]
sending 30 signals using command: 'ssh -T mic0 killall -2 needle_check' after 2.83120938003s
[INFO -- 2017-03-05 07:52:35]
shell stdout: 
[INFO -- 2017-03-05 07:52:35]
shell stdout: 
[INFO -- 2017-03-05 07:52:35]
shell stdout: 
[INFO -- 2017-03-05 07:52:35]
shell stdout: 
[INFO -- 2017-03-05 07:52:35]
shell stdout: 
[INFO -- 2017-03-05 07:52:35]
shell stdout: 
[INFO -- 2017-03-05 07:52:36]
shell stdout: 
[INFO -- 2017-03-05 07:52:36]
shell stdout: 
[INFO -- 2017-03-05 07:52:36]
shell stdout: 
[INFO -- 2017-03-05 07:52:36]
shell stdout: 
[INFO -- 2017-03-05 07:52:36]
shell stdout: 
[INFO -- 2017-03-05 07:52:36]
shell stdout: 
[INFO -- 2017-03-05 07:52:36]
shell stdout: 
[INFO -- 2017-03-05 07:52:37]
shell stdout: 
[INFO -- 2017-03-05 07:52:37]
shell stdout: 
[INFO -- 2017-03-05 07:52:37]
shell stdout: 
[INFO -- 2017-03-05 07:52:37]
shell stdout: 
[INFO -- 2017-03-05 07:52:37]
shell stdout: 
[INFO -- 2017-03-05 07:52:37]
shell stdout: 
[INFO -- 2017-03-05 07:52:38]
shell stdout: 
[INFO -- 2017-03-05 07:52:38]
shell stdout: 
[INFO -- 2017-03-05 07:52:38]
shell stdout: 
[INFO -- 2017-03-05 07:52:38]
shell stdout: 
[INFO -- 2017-03-05 07:52:38]
shell stdout: 
[INFO -- 2017-03-05 07:52:38]
shell stdout: 
[INFO -- 2017-03-05 07:52:39]
shell stdout: 
[INFO -- 2017-03-05 07:52:39]
shell stdout: 
[INFO -- 2017-03-05 07:52:39]
shell stdout: 
[INFO -- 2017-03-05 07:52:39]
shell stdout: 
[INFO -- 2017-03-05 07:52:39]
shell stdout: 
[INFO -- 2017-03-05 07:52:39]
shell stdout: 
[INFO -- 2017-03-05 07:52:40]
shell stdout: 
[INFO -- 2017-03-05 07:52:40]
shell stdout: 
[INFO -- 2017-03-05 07:52:40]
shell stdout: 
[INFO -- 2017-03-05 07:52:40]
shell stdout: 
[INFO -- 2017-03-05 07:52:40]
shell stdout: 
[INFO -- 2017-03-05 07:52:40]
shell stdout: 
[INFO -- 2017-03-05 07:52:41]
shell stdout: 
[INFO -- 2017-03-05 07:52:41]
shell stdout: 
[INFO -- 2017-03-05 07:52:41]
shell stdout: 
[INFO -- 2017-03-05 07:52:41]
shell stdout: 
[INFO -- 2017-03-05 07:52:41]
shell stdout: 
[INFO -- 2017-03-05 07:52:41]
shell stdout: 
[INFO -- 2017-03-05 07:52:42]
shell stdout: 
[INFO -- 2017-03-05 07:52:42]
shell stdout: 
[INFO -- 2017-03-05 07:52:42]
shell stdout: 
[INFO -- 2017-03-05 07:52:42]
shell stdout: 
[INFO -- 2017-03-05 07:52:42]
shell stdout: 
[INFO -- 2017-03-05 07:52:42]
shell stdout: 
[INFO -- 2017-03-05 07:52:43]
shell stdout: 
[INFO -- 2017-03-05 07:52:43]
shell stdout: 
[INFO -- 2017-03-05 07:52:43]
shell stdout: 
[INFO -- 2017-03-05 07:52:43]
shell stdout: 
[INFO -- 2017-03-05 07:52:43]
shell stdout: 
[INFO -- 2017-03-05 07:52:43]
shell stdout: 
[INFO -- 2017-03-05 07:52:44]
shell stdout: 
[INFO -- 2017-03-05 07:52:44]
shell stdout: 
[INFO -- 2017-03-05 07:52:44]
shell stdout: 
[INFO -- 2017-03-05 07:52:44]
shell stdout: 
[INFO -- 2017-03-05 07:52:44]
shell stdout: 
[INFO -- 2017-03-05 07:52:44]
shell stdout: 
[INFO -- 2017-03-05 07:52:45]
shell stdout: 
[INFO -- 2017-03-05 07:52:45]
shell stdout: 
[INFO -- 2017-03-05 07:52:45]
shell stdout: 
[INFO -- 2017-03-05 07:52:45]
shell stdout: 
[INFO -- 2017-03-05 07:52:45]
shell stdout: 
[INFO -- 2017-03-05 07:52:45]
shell stdout: 
[INFO -- 2017-03-05 07:52:46]
shell stdout: 
[INFO -- 2017-03-05 07:52:46]
shell stdout: 
[INFO -- 2017-03-05 07:52:46]
shell stdout: 
[INFO -- 2017-03-05 07:52:46]
shell stdout: 
[INFO -- 2017-03-05 07:52:46]
shell stdout: 
[INFO -- 2017-03-05 07:52:46]
shell stdout: 
[INFO -- 2017-03-05 07:52:46]
shell stdout: 
[INFO -- 2017-03-05 07:52:46]
shell stdout: 
[INFO -- 2017-03-05 07:52:46]
shell stdout: 
[INFO -- 2017-03-05 07:52:47]
shell stdout: 
[INFO -- 2017-03-05 07:52:47]
shell stdout: 
[INFO -- 2017-03-05 07:52:47]
shell stdout: 
[INFO -- 2017-03-05 07:52:47]
shell stdout: 
[INFO -- 2017-03-05 07:52:47]
shell stdout: 
[INFO -- 2017-03-05 07:52:47]
shell stdout: 
[INFO -- 2017-03-05 07:52:48]
shell stdout: 
[INFO -- 2017-03-05 07:52:48]
shell stdout: 
[INFO -- 2017-03-05 07:52:49]
shell stdout: 
[INFO -- 2017-03-05 07:53:58]
finished due now-timestampStart > maxWaitTime*5
[INFO -- 2017-03-05 07:53:58]
now: 1488718438
[INFO -- 2017-03-05 07:53:58]
timestampStart: 1488718352
[INFO -- 2017-03-05 07:53:58]
kill cmd: killall -9 gdb-mic
[INFO -- 2017-03-05 07:53:58]
shell stdout: 
[INFO -- 2017-03-05 07:53:59]
kill cmd: ssh -T mic0 killall -9 needle_check
[INFO -- 2017-03-05 07:53:59]
shell stdout: 
[INFO -- 2017-03-05 07:53:59]
kill cmd: ssh -T mic0 killall -9 gdbserver
[INFO -- 2017-03-05 07:53:59]
shell stdout: 
[INFO -- 2017-03-05 07:54:00]
kill cmd: ssh -T mic0 killall -9 sshd
[INFO -- 2017-03-05 07:54:00]
shell stdout: 
