#HEADER matrix_dim:2048 threads:228 block_size:16 block_offset:12
#BEGIN Y:2017 M:02 D:28 Time:16:34:46
#IT Ite:0 KerTime:41.730601 AccTime:41.730601
#ERR  p: [1776, 0], r: 8.1981318595780129e+33, e: 8.7209722909326470e+33
#ERR  p: [1776, 9], r: 1.3293125936080841e+34, e: 1.3075438065002322e+34
#ERR  p: [1777, 0], r: 5.3347829360722822e+33, e: 7.4150378433279670e+33
#ERR  p: [1777, 9], r: -1.5207928727118828e+34, e: -1.5547663782409269e+34
#ERR  p: [1778, 0], r: -2.3030764733226589e+33, e: -5.0909266055211063e+33
#ERR  p: [1778, 9], r: 6.0454286607318595e+32, e: 1.1212917032323272e+33
#ERR  p: [1779, 0], r: 3.6131534822160571e+34, e: 3.4965301616432185e+34
#ERR  p: [1779, 9], r: -1.1654543174724753e+34, e: -1.1948460745245264e+34
#ERR  p: [1780, 0], r: 9.2156600822663888e+33, e: 8.2901161045064602e+33
#ERR  p: [1780, 9], r: -1.3335561371733676e+34, e: -1.3684700432012045e+34
#ERR  p: [1781, 0], r: -3.4530769721567375e+34, e: -3.4194779748919031e+34
#ERR  p: [1781, 9], r: -2.6747047513874266e+34, e: -2.7250561400073188e+34
#ERR  p: [1782, 0], r: 3.6482048618981436e+34, e: 3.7856919360586669e+34
#ERR  p: [1782, 9], r: -2.4639891530392621e+34, e: -2.3874319874551849e+34
#ERR  p: [1783, 0], r: -8.5134545090905726e+33, e: -9.5524056008022849e+33
#ERR  p: [1783, 9], r: -1.0161451213863520e+34, e: -9.5336979613298887e+33
#ERR  p: [1784, 0], r: 1.5241070313262883e+34, e: 1.5550366749152074e+34
#ERR  p: [1784, 9], r: 5.0688920983912022e+33, e: 5.6475781644008775e+33
#ERR  p: [1785, 0], r: -2.9961716165211486e+34, e: -2.8650230189847735e+34
#ERR  p: [1785, 9], r: -6.0569795283299678e+34, e: -6.0677100068530068e+34
#ERR  p: [1786, 0], r: 6.1651918920666528e+33, e: 6.2705552920527862e+33
#ERR  p: [1786, 9], r: -1.7769723646722890e+34, e: -1.9221264127476532e+34
#ERR  p: [1787, 0], r: -4.8745687586030323e+34, e: -5.0076446104386501e+34
#ERR  p: [1787, 9], r: -6.7622288331787399e+33, e: -6.2388816921741075e+33
#ERR  p: [1788, 0], r: 2.9286014539166986e+34, e: 2.6853489674038964e+34
#ERR  p: [1788, 9], r: -7.6031413722252419e+32, e: 2.0250083400495762e+31
#ERR  p: [1789, 0], r: 1.7578342632096283e+34, e: 1.7947340943483072e+34
#ERR  p: [1789, 9], r: 1.0763045394723523e+34, e: 9.6409275404852728e+33
#ERR  p: [1790, 0], r: 8.1881432952029588e+33, e: 6.5510312987915507e+33
#ERR  p: [1790, 9], r: 1.0927858187073452e+34, e: 9.6341068902827155e+33
#ERR  p: [1791, 0], r: 4.0307192616763319e+34, e: 3.9053754292241779e+34
#ERR  p: [1791, 9], r: -2.0636024349949000e+34, e: -2.1021222113079283e+34
#ERR  p: [1776, 1], r: -1.7636192226932006e+34, e: -1.7529466392138595e+34
#ERR  p: [1776, 10], r: 3.1265177577297528e+34, e: 3.0423333065596641e+34
#ERR  p: [1777, 1], r: -2.4803890658321095e+34, e: -2.4510975381446633e+34
#ERR  p: [1777, 10], r: 8.3283731818090950e+33, e: 8.2403888630560809e+33
#ERR  p: [1778, 1], r: 2.2273550264934449e+33, e: 1.3523192839302085e+33
#ERR  p: [1778, 10], r: 1.5469919698477302e+34, e: 1.6240234117068204e+34
#ERR  p: [1779, 1], r: -2.0607991587401873e+34, e: -1.8508681997832073e+34
#ERR  p: [1779, 10], r: -3.5996891867794122e+33, e: -3.9101854612831195e+33
#ERR  p: [1780, 1], r: 4.2500692277866818e+33, e: 4.8014252659751380e+33
#ERR  p: [1780, 10], r: -2.7380111843427896e+34, e: -2.7484379925071250e+34
#ERR  p: [1781, 1], r: 1.1461050581793348e+34, e: 1.1780196412913546e+34
#ERR  p: [1781, 10], r: 1.8014555971762369e+34, e: 1.7763088960760391e+34
#ERR  p: [1782, 1], r: -9.0563366583625025e+33, e: -1.0474662816818178e+34
#ERR  p: [1782, 10], r: 1.8813489507078141e+34, e: 1.9083494483470211e+34
#ERR  p: [1783, 1], r: 7.7757517626315805e+32, e: 2.5263777313631824e+33
#ERR  p: [1783, 10], r: -2.3846465503077507e+34, e: -2.4812113509651836e+34
#ERR  p: [1784, 1], r: 1.1549403794440080e+34, e: 1.0503254109015282e+34
#ERR  p: [1784, 10], r: -1.1325169648810868e+34, e: -1.0890957126810974e+34
#ERR  p: [1785, 1], r: 1.6403876746621944e+34, e: 1.6364776519876999e+34
#ERR  p: [1785, 10], r: -8.2730593734523601e+33, e: -7.7100344278591443e+33
#ERR  p: [1786, 1], r: 4.0412793772996241e+34, e: 4.0535272519935318e+34
#ERR  p: [1786, 10], r: 9.0102336254793300e+33, e: 8.3442254532826181e+33
#ERR  p: [1787, 1], r: -3.0915613152269896e+34, e: -3.0638219386488052e+34
#ERR  p: [1787, 10], r: 2.7452402649244837e+34, e: 2.7766503120407510e+34
#ERR  p: [1788, 1], r: -4.4487364277608925e+34, e: -4.4924442049647733e+34
#ERR  p: [1788, 10], r: 8.6319825301372786e+33, e: 9.7562950125987220e+33
#ERR  p: [1789, 1], r: -3.7375132830669027e+34, e: -3.8895219976009196e+34
#ERR  p: [1789, 10], r: 5.0870713892510541e+34, e: 5.1658910892522626e+34
#ERR  p: [1790, 1], r: 9.0415398109665852e+33, e: 8.1717816589117316e+33
#ERR  p: [1790, 10], r: -3.1760486324996491e+34, e: -3.1205804282057723e+34
#ERR  p: [1791, 1], r: 3.5839815359843086e+33, e: 3.4192684410389998e+33
#ERR  p: [1791, 10], r: -6.1325312807631867e+33, e: -6.0185334580793529e+33
#ERR  p: [1776, 2], r: 1.3381267654630766e+34, e: 1.3978527109223159e+34
#ERR  p: [1776, 11], r: -1.4886922127052332e+34, e: -1.3097179484070146e+34
#ERR  p: [1777, 2], r: -1.6219596025588578e+34, e: -1.7666848208617453e+34
#ERR  p: [1777, 11], r: -4.0307653352728978e+34, e: -4.2317935944273781e+34
#ERR  p: [1778, 2], r: -1.3633655272987486e+34, e: -1.2288070780159858e+34
#ERR  p: [1778, 11], r: -3.0837695221585165e+34, e: -2.9548935962700456e+34
#ERR  p: [1779, 2], r: -3.3007228490591074e+34, e: -3.2233967375028701e+34
#ERR  p: [1779, 11], r: 3.8083344180516894e+32, e: 1.5491351483775195e+32
#ERR  p: [1780, 2], r: 3.3759402089448900e+34, e: 3.4641095432078363e+34
#ERR  p: [1780, 11], r: 2.0094834732444417e+34, e: 2.0527382305826918e+34
#ERR  p: [1781, 2], r: -2.5914514523204887e+34, e: -2.5708961962031247e+34
#ERR  p: [1781, 11], r: 3.3736538762155741e+34, e: 3.3641701011489248e+34
#ERR  p: [1782, 2], r: -2.2156321010217196e+34, e: -2.3548271335557802e+34
#ERR  p: [1782, 11], r: 5.2804943895946978e+34, e: 5.2515233171739626e+34
#ERR  p: [1783, 2], r: 7.2901516946304990e+32, e: 1.6769716669836368e+33
#ERR  p: [1783, 11], r: 9.5504910735643008e+33, e: 1.1864126683838172e+34
#ERR  p: [1784, 2], r: -1.6252341119396394e+34, e: -1.6983509021536678e+34
#ERR  p: [1784, 11], r: 1.5548165692827444e+34, e: 1.5277841600009138e+34
#ERR  p: [1785, 2], r: 4.7316393189532949e+34, e: 4.5737786835313840e+34
#ERR  p: [1785, 11], r: -3.4168769158651268e+33, e: -6.2207308684732441e+33
#ERR  p: [1786, 2], r: 2.7682969617107782e+34, e: 2.9150222224689122e+34
#ERR  p: [1786, 11], r: -3.5844507320566503e+34, e: -3.4758231360867330e+34
#ERR  p: [1787, 2], r: -9.3041041812364020e+33, e: -8.9888326866093516e+33
#ERR  p: [1787, 11], r: 4.9343225395786327e+34, e: 4.9565147731896400e+34
#ERR  p: [1788, 2], r: 2.1952027110281802e+34, e: 2.2333711334132362e+34
#ERR  p: [1788, 11], r: 5.4063723607116328e+32, e: 1.7954433117940588e+32
#ERR  p: [1789, 2], r: 2.4343916389758492e+34, e: 2.4343225365122227e+34
#ERR  p: [1789, 11], r: 1.8149989452533706e+34, e: 1.6504118217197440e+34
#ERR  p: [1790, 2], r: 1.7976630890608298e+34, e: 1.9719595888494188e+34
#ERR  p: [1790, 11], r: -2.9908388092558401e+34, e: -2.9810492595808611e+34
#ERR  p: [1791, 2], r: -2.4050931452963669e+34, e: -2.2897718603055119e+34
#ERR  p: [1791, 11], r: -3.9122312354024706e+34, e: -3.8360210132095855e+34
#ERR  p: [1776, 3], r: -1.6684282979946356e+34, e: -1.5247110557411531e+34
#ERR  p: [1776, 12], r: 5.1262481327984527e+34, e: 5.1950087024385478e+34
#ERR  p: [1777, 3], r: -3.0002206314582149e+34, e: -2.9618706563067051e+34
#ERR  p: [1777, 12], r: -1.4590368049866723e+33, e: -1.9925094580573735e+33
#ERR  p: [1778, 3], r: 6.3339281952809441e+34, e: 6.1711861188995476e+34
#ERR  p: [1778, 12], r: -1.9526007344978245e+34, e: -1.9579897715704980e+34
#ERR  p: [1779, 3], r: 1.1772918071811505e+34, e: 1.2779237380306955e+34
#ERR  p: [1779, 12], r: 1.6505866190817197e+34, e: 1.7979048773789488e+34
#ERR  p: [1780, 3], r: 1.0470326104559204e+34, e: 1.0943980493499368e+34
#ERR  p: [1780, 12], r: -1.2613014605592236e+34, e: -1.1853215200233662e+34
#ERR  p: [1781, 3], r: -2.7685297527614144e+34, e: -2.6934662177842761e+34
#ERR  p: [1781, 12], r: 1.5689503682658684e+34, e: 1.6074713771959897e+34
#ERR  p: [1782, 3], r: -1.2150031613611835e+34, e: -1.3281970212650745e+34
#ERR  p: [1782, 12], r: -3.1283650011522117e+34, e: -3.2787253195075372e+34
#ERR  p: [1783, 3], r: 3.3957080304098466e+34, e: 3.5326897276788240e+34
#ERR  p: [1783, 12], r: -1.5498336658239437e+34, e: -1.3923243071723093e+34
#ERR  p: [1784, 3], r: -3.3263351344162780e+34, e: -3.4462046507478426e+34
#ERR  p: [1784, 12], r: 2.1643257681115222e+34, e: 2.0591887900173622e+34
#ERR  p: [1785, 3], r: -1.3305724172740706e+34, e: -1.4112252094641500e+34
#ERR  p: [1785, 12], r: -2.3777318551784894e+34, e: -2.4793734057225678e+34
#ERR  p: [1786, 3], r: -2.6252671206667290e+33, e: -6.7562819205821354e+32
#ERR  p: [1786, 12], r: -6.9557635589122191e+34, e: -6.8387589758908850e+34
#ERR  p: [1787, 3], r: 5.4138644774737661e+33, e: 4.6575739091031905e+33
#ERR  p: [1787, 12], r: 3.0660591923877687e+33, e: 3.1844347438773096e+33
#ERR  p: [1788, 3], r: 1.4793850497051342e+33, e: -7.8579165011499031e+32
#ERR  p: [1788, 12], r: -2.0734588643160674e+34, e: -2.1234048924663462e+34
#ERR  p: [1789, 3], r: 4.6890461304078833e+33, e: 3.9422274606189371e+33
#ERR  p: [1789, 12], r: -2.4829884952230797e+33, e: -3.3696733590154829e+33
#ERR  p: [1790, 3], r: -2.6128084839056577e+33, e: -2.7778643151024197e+33
#ERR  p: [1790, 12], r: -3.3617706780006056e+33, e: -2.9769592163981312e+33
#ERR  p: [1791, 3], r: -3.6730120158273520e+34, e: -3.6681394727737190e+34
#ERR  p: [1791, 12], r: -3.8473867691826679e+34, e: -3.7978789157790513e+34
#ERR  p: [1776, 4], r: 2.9412003014919253e+34, e: 2.9527778665515173e+34
#ERR  p: [1776, 13], r: 2.3681734537362722e+34, e: 2.5151070431326459e+34
#ERR  p: [1777, 4], r: 1.5283672381278864e+34, e: 1.5236479036783127e+34
#ERR  p: [1777, 13], r: 2.4932598618874099e+34, e: 2.4257417987309147e+34
#ERR  p: [1778, 4], r: -7.8864715357355884e+33, e: -8.2836325502539366e+33
#ERR  p: [1778, 13], r: 2.8957400907478336e+34, e: 2.9155443696536427e+34
#ERR  p: [1779, 4], r: 1.4988012562497069e+34, e: 1.6627787055842262e+34
#ERR  p: [1779, 13], r: 1.6744013807634375e+34, e: 1.5769844714947553e+34
#ERR  p: [1780, 4], r: -2.6722499358470998e+34, e: -2.6326276749688706e+34
#ERR  p: [1780, 13], r: -2.0790691799299773e+34, e: -2.0351115362062732e+34
#ERR  p: [1781, 4], r: -1.4304709458547312e+34, e: -1.4212739504219949e+34
#ERR  p: [1781, 13], r: 7.6522320102225200e+31, e: 6.9119482794198654e+32
#ERR  p: [1782, 4], r: 1.8745327315001044e+34, e: 1.7765203023831159e+34
#ERR  p: [1782, 13], r: -3.3281656272632438e+34, e: -3.3774343170436244e+34
#ERR  p: [1783, 4], r: -2.1131052055297691e+34, e: -1.9345525539627688e+34
#ERR  p: [1783, 13], r: 1.2269484619813807e+34, e: 1.1592870432246083e+34
#ERR  p: [1784, 4], r: -3.4833615612616090e+34, e: -3.5535608085072536e+34
#ERR  p: [1784, 13], r: -1.2372893183592843e+34, e: -1.2862023183089492e+34
#ERR  p: [1785, 4], r: -3.2607618184695904e+34, e: -3.2881423342092026e+34
#ERR  p: [1785, 13], r: 3.6710500982176190e+34, e: 3.5273020155521098e+34
#ERR  p: [1786, 4], r: -4.1874492091030978e+34, e: -4.2150632943794684e+34
#ERR  p: [1786, 13], r: 2.2187640139416689e+34, e: 2.5188074985990457e+34
#ERR  p: [1787, 4], r: 7.9908541293228115e+32, e: 1.2350832472227188e+33
#ERR  p: [1787, 13], r: -1.9840100277653182e+34, e: -2.0844080355521029e+34
#ERR  p: [1788, 4], r: -3.3982144740472778e+33, e: -3.4702706262226849e+33
#ERR  p: [1788, 13], r: 3.0176099601845609e+34, e: 2.8688778844478256e+34
#ERR  p: [1789, 4], r: -1.1534503029510233e+34, e: -1.3223356250435785e+34
#ERR  p: [1789, 13], r: 4.3585753026682051e+34, e: 4.5296823570854866e+34
#ERR  p: [1790, 4], r: -3.6401682828355929e+34, e: -3.7448650693746151e+34
#ERR  p: [1790, 13], r: 3.9631864148246679e+33, e: 6.4866597173698954e+33
#ERR  p: [1791, 4], r: 3.7693620607130835e+34, e: 3.7525507823666101e+34
#ERR  p: [1791, 13], r: 2.3035570052486644e+34, e: 2.4120141638452316e+34
#ERR  p: [1776, 5], r: -4.1449422441679412e+34, e: -4.0217694211559503e+34
#ERR  p: [1776, 14], r: 1.3722737524819896e+34, e: 1.5011558160200881e+34
#ERR  p: [1777, 5], r: 3.0710455725827164e+34, e: 2.8096047594876866e+34
#ERR  p: [1777, 14], r: -3.3721010372170791e+34, e: -3.2003361043218263e+34
#ERR  p: [1778, 5], r: 1.0264244383389599e+33, e: 3.6254940600478752e+33
#ERR  p: [1778, 14], r: -4.7347330736517812e+34, e: -5.0182021879109762e+34
#ERR  p: [1779, 5], r: -1.8432796700291676e+34, e: -1.9305745578353239e+34
#ERR  p: [1779, 14], r: -2.8609266085044388e+33, e: -3.7691830951207190e+33
#ERR  p: [1780, 5], r: -6.5849197554152460e+33, e: -6.1606931533186021e+33
#ERR  p: [1780, 14], r: -2.4192620815852904e+34, e: -2.4678095612407536e+34
#ERR  p: [1781, 5], r: -1.6294916243264032e+34, e: -1.6661216875011714e+34
#ERR  p: [1781, 14], r: -3.9573825290805595e+34, e: -3.8852904936288430e+34
#ERR  p: [1782, 5], r: 1.8854442079458242e+34, e: 1.8835493396846075e+34
#ERR  p: [1782, 14], r: -4.8224109563063743e+34, e: -4.7612982132792265e+34
#ERR  p: [1783, 5], r: 1.0517911746892872e+33, e: 2.3991647880895667e+33
#ERR  p: [1783, 14], r: -2.3673351429055017e+34, e: -2.4368771945249897e+34
#ERR  p: [1784, 5], r: 3.4176019019825466e+34, e: 3.4385124339016755e+34
#ERR  p: [1784, 14], r: -1.3502466350188088e+34, e: -1.3790109337074240e+34
#ERR  p: [1785, 5], r: -7.7749936625432762e+34, e: -8.0553614576865589e+34
#ERR  p: [1785, 14], r: 2.3767186471583471e+34, e: 2.4251567280167491e+34
#ERR  p: [1786, 5], r: 2.9912116406597428e+33, e: 3.8276687365207132e+33
#ERR  p: [1786, 14], r: -6.6980540794842251e+33, e: -5.0834204780980109e+33
#ERR  p: [1787, 5], r: -1.5219513884900395e+34, e: -1.4691157541285866e+34
#ERR  p: [1787, 14], r: -1.9569818995767139e+34, e: -2.1235063077345295e+34
#ERR  p: [1788, 5], r: -1.3902898304659065e+34, e: -1.3054158346592118e+34
#ERR  p: [1788, 14], r: -1.6553932773351384e+33, e: -4.8588535456531205e+33
#ERR  p: [1789, 5], r: 1.6928784064595907e+34, e: 1.6282358136906613e+34
#ERR  p: [1789, 14], r: 9.7255115748592261e+33, e: 1.0367892518583285e+34
#ERR  p: [1790, 5], r: -3.2059684860112876e+34, e: -3.0839088935015536e+34
#ERR  p: [1790, 14], r: -7.8133760485445519e+32, e: -1.4173929504839439e+33
#ERR  p: [1791, 5], r: 3.5181453863163233e+34, e: 3.6395290985327213e+34
#ERR  p: [1791, 14], r: -3.9300366273006597e+33, e: -4.6451973494636759e+33
#ERR  p: [1776, 6], r: 5.8382282258971875e+34, e: 5.9003514277342125e+34
#ERR  p: [1776, 15], r: 2.8321170342646442e+34, e: 2.9431957771118544e+34
#ERR  p: [1777, 6], r: 1.0389001570288474e+34, e: 9.8232784300029225e+33
#ERR  p: [1777, 15], r: 2.2670740682923447e+34, e: 2.0918651501992386e+34
#ERR  p: [1778, 6], r: 8.8069795218909342e+33, e: 9.7242685765530437e+33
#ERR  p: [1778, 15], r: -4.1145466594406049e+33, e: -2.5203827908625847e+33
#ERR  p: [1779, 6], r: -3.5775454860801109e+33, e: -7.3739388712869446e+33
#ERR  p: [1779, 15], r: -3.1876868542659103e+34, e: -3.3024517420049141e+34
#ERR  p: [1780, 6], r: 1.3333966500166588e+34, e: 1.2019199441821604e+34
#ERR  p: [1780, 15], r: -5.7213749878537433e+34, e: -5.7247175495980571e+34
#ERR  p: [1781, 6], r: 2.6426229253400005e+34, e: 2.5661902896092489e+34
#ERR  p: [1781, 15], r: -2.9418331577694146e+34, e: -2.9827717793416753e+34
#ERR  p: [1782, 6], r: -2.3296295947955397e+34, e: -2.0153901363067982e+34
#ERR  p: [1782, 15], r: 2.2280739780117441e+34, e: 2.2935142038451378e+34
#ERR  p: [1783, 6], r: -2.2789614947288006e+32, e: -1.6614225946059969e+33
#ERR  p: [1783, 15], r: -2.2901875250621383e+34, e: -2.1766278818434963e+34
#ERR  p: [1784, 6], r: -4.4490759884101338e+34, e: -4.2503553327018714e+34
#ERR  p: [1784, 15], r: -1.5794915124360373e+34, e: -1.5319547111611338e+34
#ERR  p: [1785, 6], r: -9.5670167404385314e+33, e: -1.0138319691914504e+34
#ERR  p: [1785, 15], r: 1.8997972731585018e+34, e: 1.6950443347570788e+34
#ERR  p: [1786, 6], r: 4.6556854384324542e+34, e: 4.5619184720303155e+34
#ERR  p: [1786, 15], r: 6.9092750967325689e+33, e: 7.0703525397512554e+33
#ERR  p: [1787, 6], r: 2.1650057962421985e+34, e: 2.1200649859866192e+34
#ERR  p: [1787, 15], r: -8.1370443753280178e+33, e: -7.8546017625695503e+33
#ERR  p: [1788, 6], r: -6.0857093985227776e+34, e: -6.0824656971172678e+34
#ERR  p: [1788, 15], r: -1.5586925929656158e+34, e: -1.5261297599628015e+34
#ERR  p: [1789, 6], r: -1.9326098909226520e+34, e: -1.8672774501253042e+34
#ERR  p: [1789, 15], r: -5.0948571351624219e+32, e: -1.4355210360992831e+33
#ERR  p: [1790, 6], r: 1.9869750865333984e+33, e: 1.3781303165640175e+33
#ERR  p: [1790, 15], r: 1.9341384279390431e+34, e: 1.9369908416162646e+34
#ERR  p: [1791, 6], r: 2.6023234120221887e+34, e: 2.5658058153629989e+34
#ERR  p: [1791, 15], r: 1.5891839314885067e+34, e: 1.6404460535858829e+34
#ERR  p: [1776, 7], r: 5.1890591415510580e+33, e: 4.0005353163636589e+33
#ERR  p: [1777, 7], r: -3.6204139745181722e+34, e: -3.7107561269986512e+34
#ERR  p: [1778, 7], r: 2.2048565287603555e+34, e: 2.3675789292080024e+34
#ERR  p: [1779, 7], r: 1.5537869005127745e+34, e: 1.6909274050034081e+34
#ERR  p: [1780, 7], r: 4.9855758834702454e+32, e: 8.8421579183985634e+32
#ERR  p: [1781, 7], r: -2.4235540632173515e+34, e: -2.4752323222735499e+34
#ERR  p: [1782, 7], r: -1.0317083000723179e+34, e: -1.1017422575673273e+34
#ERR  p: [1783, 7], r: -1.2855600994024068e+34, e: -1.1873058722136703e+34
#ERR  p: [1784, 7], r: 3.3996192191890231e+33, e: 3.4148048497596745e+33
#ERR  p: [1785, 7], r: 3.6471240657858695e+34, e: 3.6492754681924822e+34
#ERR  p: [1786, 7], r: -1.2378386909108731e+34, e: -1.4036721528037544e+34
#ERR  p: [1787, 7], r: 1.8421687916333029e+34, e: 1.9812445882423186e+34
#ERR  p: [1788, 7], r: -1.6063103008303397e+34, e: -1.3698982246357895e+34
#ERR  p: [1789, 7], r: 1.6293582930350674e+34, e: 1.5196958723784194e+34
#ERR  p: [1790, 7], r: -2.3416513360028806e+34, e: -2.3672921113067169e+34
#ERR  p: [1791, 7], r: -1.4430954428309210e+32, e: 7.7985275768513440e+31
#ERR  p: [1776, 8], r: -1.1701335307742606e+34, e: -1.0851855520550913e+34
#ERR  p: [1777, 8], r: -2.3265887341802797e+34, e: -2.3197095429222436e+34
#ERR  p: [1778, 8], r: -1.0768585073875455e+34, e: -1.1354417879616353e+34
#ERR  p: [1779, 8], r: 9.2959895461078864e+33, e: 7.9625964710032377e+33
#ERR  p: [1780, 8], r: 6.3058875468026047e+34, e: 6.2224877084832169e+34
#ERR  p: [1781, 8], r: 6.9820087407450380e+33, e: 6.5753552298624081e+33
#ERR  p: [1782, 8], r: -1.4668531624474340e+34, e: -1.2958454906473769e+34
#ERR  p: [1783, 8], r: 2.0898259122912000e+33, e: 2.9656694122393577e+33
#ERR  p: [1784, 8], r: -4.7156070064603885e+33, e: -3.9121132201132927e+33
#ERR  p: [1785, 8], r: -1.5624627513237300e+34, e: -1.6101903995780225e+34
#ERR  p: [1786, 8], r: -7.1188740171029053e+33, e: -8.1956207963493452e+33
#ERR  p: [1787, 8], r: -1.9461932302057889e+34, e: -1.9661339681270469e+34
#ERR  p: [1788, 8], r: -2.4792475904516591e+34, e: -2.5601867336993972e+34
#ERR  p: [1789, 8], r: 9.6416090300298115e+33, e: 8.0613896608746517e+33
#ERR  p: [1790, 8], r: -2.2438669214592019e+34, e: -2.4793768204398220e+34
#ERR  p: [1791, 8], r: 9.5826313119560094e+33, e: 8.6988719008481419e+33
#SDC Ite:0 KerTime:41.730601 AccTime:41.730601 KerErr:256 AccErr:256
#END