2017-03-01 21:43:34:Starting flip_value script
2017-03-01 21:43:34:Initialization strings:
2017-03-01 21:43:34:(1) target extended-remote | ssh -T mic0 gdbserver --multi -
2017-03-01 21:43:34:(2) set sysroot /opt/mpss/3.7/sysroots/k1om-mpss-linux/
2017-03-01 21:43:34:(3) set sysroot /opt/mpss/3.7/sysroots/k1om-mpss-linux/
2017-03-01 21:43:34:(4) file /micNfs/gdb-fault-injection/injector/bin/hotspot/hotspot_check
2017-03-01 21:43:34:(5) set remote exec-file /micNfs/gdb-fault-injection/injector/bin/hotspot/hotspot_check
2017-03-01 21:43:34:(6) set args 1024 1024 1000 64 /micNfs/gdb-fault-injection/injector/data/hotspot/temp_1024 /micNfs/gdb-fault-injection/injector/data/hotspot/power_1024 /micNfs/gdb-fault-injection/injector/bin/hotspot/gold_1024_1000iter_64th
2017-03-01 21:43:34:initSignal:9
2017-03-01 21:43:34:endSignal:12
2017-03-01 21:43:34:seqSignal:15
2017-03-01 21:43:44:Backtrace BEGIN:
2017-03-01 21:43:44:#0  0x00007ffff7128b99 in _IO_vfscanf_internal (s=s@entry=0x7fffffffe440, format=format@entry=0x4071c8 "%f", argptr=argptr@entry=0x7fffffffe568, errp=errp@entry=0x0) at vfscanf.c:1848
#1  0x00007ffff71365ea in __GI___isoc99_vsscanf (string=0x7fffffffe640 "330.594574\n", format=0x4071c8 "%f", args=args@entry=0x7fffffffe568) at isoc99_vsscanf.c:43
#2  0x00007ffff7136569 in __isoc99_sscanf (s=<optimized out>, format=<optimized out>) at isoc99_sscanf.c:31
#3  0x0000000000404598 in read_input (vect=0x7ffff5ec9010, grid_rows=1024, grid_cols=1024, file=0x7fffffffee80 "/micNfs/gdb-fault-injection/injector/bin/hotspot/gold_1024_1000iter_64th") at hotspot_check.c:207
#4  0x0000000000404b00 in main (argc=8, argv=0x7fffffffebb8) at hotspot_check.c:267

2017-03-01 21:43:44:1843	in vfscanf.c

2017-03-01 21:43:44:Backtrace END
2017-03-01 21:43:45:Type: A floating point type.
2017-03-01 21:43:45:Type sizeof: 4
2017-03-01 21:43:45:Mem contents(hex):0x6f0x120x030x3a
2017-03-01 21:43:45:Fault Mode: Single bit-flip
2017-03-01 21:43:45:base address to flip value: 0x4074f4 
2017-03-01 21:43:45:address max offset: 4
2017-03-01 21:43:45:Memory content before bitflip:0x6f0x120x030x3a
2017-03-01 21:43:45:Memory content after  bitflip:0x6d0x120x030x3a
2017-03-01 21:43:45:Mem contents(hex):0x6d0x120x030x3a
2017-03-01 21:43:45:frame name: main
2017-03-01 21:43:45:symbol name: t_chip
2017-03-01 21:43:45:symbol filename: hotspot_check.c
2017-03-01 21:43:45:symbol line: 33
2017-03-01 21:43:45:value: 0.000499999907
2017-03-01 21:43:45:value address: 0x4074f4 <t_chip>
2017-03-01 21:43:45:Type: A floating point type.
2017-03-01 21:43:45:Type sizeof: 4
2017-03-01 21:43:45:Fault Injection Successful after 11.0758919716s
2017-03-01 21:43:59:event type: exit
2017-03-01 21:43:59:exit code: 0
