2017-01-24 21:53:30:shell stdout: 
2017-01-24 21:53:30:shell stdout: 
2017-01-24 21:53:30:shell stdout: 
2017-01-24 21:53:31:shell stdout: 
2017-01-24 21:53:31:shell stdout: 
2017-01-24 21:53:31:shell stdout: 
2017-01-24 21:53:31:shell stdout: 
2017-01-24 21:53:31:shell stdout: 
2017-01-24 21:53:31:shell stdout: 
2017-01-24 21:53:32:shell stdout: 
2017-01-24 21:53:32:shell stdout: 
2017-01-24 21:53:32:shell stdout: 
2017-01-24 21:53:32:Starting GDB script
2017-01-24 21:53:32:initSignal:6.0
2017-01-24 21:53:32:endSignal:8.0
2017-01-24 21:53:32:seqSignal:30
2017-01-24 21:53:38:sending 30 signals using command: 'ssh -T mic0 killall -2 lud_check' after 6.45561797769s
2017-01-24 21:53:39:shell stdout: 
2017-01-24 21:53:40:sending 30 signals using command: 'ssh -T mic0 killall -2 lud_check' after 7.67579761191s
2017-01-24 21:53:40:shell stdout: 
2017-01-24 21:53:40:sending 30 signals using command: 'ssh -T mic0 killall -2 lud_check' after 7.77453684454s
2017-01-24 21:53:40:shell stdout: 
2017-01-24 21:53:40:shell stdout: 
2017-01-24 21:53:40:shell stdout: 
2017-01-24 21:53:41:shell stdout: 
2017-01-24 21:53:41:shell stdout: 
2017-01-24 21:53:41:shell stdout: 
2017-01-24 21:53:41:shell stdout: 
2017-01-24 21:53:41:shell stdout: 
2017-01-24 21:53:41:shell stdout: 
2017-01-24 21:53:41:shell stdout: 
2017-01-24 21:53:41:shell stdout: 
2017-01-24 21:53:42:shell stdout: 
2017-01-24 21:53:42:shell stdout: 
2017-01-24 21:53:42:shell stdout: 
2017-01-24 21:53:42:shell stdout: 
2017-01-24 21:53:42:shell stdout: 
2017-01-24 21:53:42:shell stdout: 
2017-01-24 21:53:42:shell stdout: 
2017-01-24 21:53:43:shell stdout: 
2017-01-24 21:53:43:shell stdout: 
2017-01-24 21:53:43:shell stdout: 
2017-01-24 21:53:43:shell stdout: 
2017-01-24 21:53:43:shell stdout: 
2017-01-24 21:53:43:shell stdout: 
2017-01-24 21:53:44:shell stdout: 
2017-01-24 21:53:44:shell stdout: 
2017-01-24 21:53:44:shell stdout: 
2017-01-24 21:53:44:shell stdout: 
2017-01-24 21:53:44:shell stdout: 
2017-01-24 21:53:44:shell stdout: 
2017-01-24 21:53:44:shell stdout: 
2017-01-24 21:53:44:shell stdout: 
2017-01-24 21:53:45:shell stdout: 
2017-01-24 21:53:45:shell stdout: 
2017-01-24 21:53:45:shell stdout: 
2017-01-24 21:53:45:shell stdout: 
2017-01-24 21:53:45:shell stdout: 
2017-01-24 21:53:45:shell stdout: 
2017-01-24 21:53:45:shell stdout: 
2017-01-24 21:53:46:shell stdout: 
2017-01-24 21:53:46:shell stdout: 
2017-01-24 21:53:46:shell stdout: 
2017-01-24 21:53:46:shell stdout: 
2017-01-24 21:53:46:shell stdout: 
2017-01-24 21:53:46:shell stdout: 
2017-01-24 21:53:46:shell stdout: 
2017-01-24 21:53:47:shell stdout: 
2017-01-24 21:53:47:shell stdout: 
2017-01-24 21:53:47:shell stdout: 
2017-01-24 21:53:47:shell stdout: 
2017-01-24 21:53:47:shell stdout: 
2017-01-24 21:53:47:shell stdout: 
2017-01-24 21:53:47:shell stdout: 
2017-01-24 21:53:47:shell stdout: 
2017-01-24 21:53:48:shell stdout: 
2017-01-24 21:53:48:shell stdout: 
2017-01-24 21:53:48:shell stdout: 
2017-01-24 21:53:48:shell stdout: 
2017-01-24 21:53:48:shell stdout: 
2017-01-24 21:53:48:shell stdout: 
2017-01-24 21:53:48:shell stdout: 
2017-01-24 21:53:49:shell stdout: 
2017-01-24 21:53:49:shell stdout: 
2017-01-24 21:53:49:shell stdout: 
2017-01-24 21:53:49:shell stdout: 
2017-01-24 21:53:49:shell stdout: 
2017-01-24 21:53:49:shell stdout: 
2017-01-24 21:53:49:no gdbExecName running, out:
2017-01-24 21:53:49:checCmd:ps -e | grep -i gdb-mic
2017-01-24 21:53:49:finished now-timestampStart < maxWaitTime*5
2017-01-24 21:53:49:now: 1485312828
2017-01-24 21:53:49:timestampStart: 1485312812
2017-01-24 21:53:49:kill cmd: killall -9 gdb-mic
2017-01-24 21:53:49:shell stdout: 
2017-01-24 21:53:49:shell stdout: 
2017-01-24 21:53:49:shell stdout: 
2017-01-24 21:53:50:shell stdout: 
2017-01-24 21:53:50:kill cmd: ssh -T mic0 killall -9 lud_check
2017-01-24 21:53:50:shell stdout: 
2017-01-24 21:53:50:shell stdout: 
2017-01-24 21:53:50:shell stdout: 
2017-01-24 21:53:50:shell stdout: 
2017-01-24 21:53:50:kill cmd: ssh -T mic0 killall -9 gdbserver
2017-01-24 21:53:50:shell stdout: 
2017-01-24 21:53:50:shell stdout: 
2017-01-24 21:53:50:shell stdout: 
2017-01-24 21:53:50:shell stdout: 
2017-01-24 21:53:51:kill cmd: ssh -T mic0 killall -9 sshd
2017-01-24 21:53:51:shell stdout: 
