2017-01-24 19:53:02:Starting GDB script
2017-01-24 19:53:02:initSignal:4.0
2017-01-24 19:53:02:endSignal:6.0
2017-01-24 19:53:02:seqSignal:30
2017-01-24 19:53:06:sending 30 signals using command: 'ssh -T mic0 killall -2 lud_check' after 4.12105091357s
2017-01-24 19:53:07:sending 30 signals using command: 'ssh -T mic0 killall -2 lud_check' after 4.99380323287s
2017-01-24 19:53:07:shell stdout: 
2017-01-24 19:53:07:sending 30 signals using command: 'ssh -T mic0 killall -2 lud_check' after 5.08925063767s
2017-01-24 19:53:07:shell stdout: 
2017-01-24 19:53:07:shell stdout: 
2017-01-24 19:53:07:shell stdout: 
2017-01-24 19:53:08:shell stdout: 
2017-01-24 19:53:08:shell stdout: 
2017-01-24 19:53:08:shell stdout: 
2017-01-24 19:53:08:shell stdout: 
2017-01-24 19:53:08:shell stdout: 
2017-01-24 19:53:08:shell stdout: 
2017-01-24 19:53:08:shell stdout: 
2017-01-24 19:53:08:shell stdout: 
2017-01-24 19:53:08:shell stdout: 
2017-01-24 19:53:09:shell stdout: 
2017-01-24 19:53:09:shell stdout: 
2017-01-24 19:53:09:shell stdout: 
2017-01-24 19:53:09:shell stdout: 
2017-01-24 19:53:09:shell stdout: 
2017-01-24 19:53:09:shell stdout: 
2017-01-24 19:53:10:shell stdout: 
2017-01-24 19:53:10:shell stdout: 
2017-01-24 19:53:10:shell stdout: 
2017-01-24 19:53:10:shell stdout: 
2017-01-24 19:53:10:shell stdout: 
2017-01-24 19:53:10:shell stdout: 
2017-01-24 19:53:11:shell stdout: 
2017-01-24 19:53:11:shell stdout: 
2017-01-24 19:53:11:shell stdout: 
2017-01-24 19:53:11:shell stdout: 
2017-01-24 19:53:11:shell stdout: 
2017-01-24 19:53:11:shell stdout: 
2017-01-24 19:53:12:shell stdout: 
2017-01-24 19:53:12:shell stdout: 
2017-01-24 19:53:12:shell stdout: 
2017-01-24 19:53:12:shell stdout: 
2017-01-24 19:53:12:shell stdout: 
2017-01-24 19:53:12:shell stdout: 
2017-01-24 19:53:12:shell stdout: 
2017-01-24 19:53:12:shell stdout: 
2017-01-24 19:53:13:shell stdout: 
2017-01-24 19:53:13:shell stdout: 
2017-01-24 19:53:13:shell stdout: 
2017-01-24 19:53:13:shell stdout: 
2017-01-24 19:53:13:shell stdout: 
2017-01-24 19:53:13:shell stdout: 
2017-01-24 19:53:14:shell stdout: 
2017-01-24 19:53:14:shell stdout: 
2017-01-24 19:53:14:shell stdout: 
2017-01-24 19:53:14:shell stdout: 
2017-01-24 19:53:15:shell stdout: 
2017-01-24 19:53:15:shell stdout: 
2017-01-24 19:53:15:shell stdout: 
2017-01-24 19:53:15:shell stdout: 
2017-01-24 19:53:15:shell stdout: 
2017-01-24 19:53:15:shell stdout: 
2017-01-24 19:53:16:shell stdout: 
2017-01-24 19:53:16:shell stdout: 
2017-01-24 19:53:16:shell stdout: 
2017-01-24 19:53:17:shell stdout: 
2017-01-24 19:53:17:shell stdout: 
2017-01-24 19:53:17:shell stdout: 
2017-01-24 19:53:17:shell stdout: 
2017-01-24 19:53:17:shell stdout: 
2017-01-24 19:53:17:shell stdout: 
2017-01-24 19:53:17:shell stdout: 
2017-01-24 19:53:17:shell stdout: 
2017-01-24 19:53:18:shell stdout: 
2017-01-24 19:53:18:shell stdout: 
2017-01-24 19:53:18:shell stdout: 
2017-01-24 19:53:18:shell stdout: 
2017-01-24 19:53:18:shell stdout: 
2017-01-24 19:53:18:shell stdout: 
2017-01-24 19:53:18:shell stdout: 
2017-01-24 19:53:19:shell stdout: 
2017-01-24 19:53:19:shell stdout: 
2017-01-24 19:53:19:shell stdout: 
2017-01-24 19:53:19:shell stdout: 
2017-01-24 19:53:19:shell stdout: 
2017-01-24 19:53:19:shell stdout: 
2017-01-24 19:53:20:shell stdout: 
2017-01-24 19:53:20:shell stdout: 
2017-01-24 19:53:20:shell stdout: 
2017-01-24 19:53:20:shell stdout: 
2017-01-24 19:53:20:shell stdout: 
2017-01-24 19:53:20:shell stdout: 
2017-01-24 19:53:20:shell stdout: 
2017-01-24 19:53:21:shell stdout: 
2017-01-24 19:53:21:shell stdout: 
2017-01-24 19:53:21:shell stdout: 
2017-01-24 19:53:21:shell stdout: 
2017-01-24 19:53:22:no gdbExecName running, out:
2017-01-24 19:53:22:checCmd:ps -e | grep -i gdb-mic
2017-01-24 19:53:22:finished now-timestampStart < maxWaitTime*5
2017-01-24 19:53:22:now: 1485305601
2017-01-24 19:53:22:timestampStart: 1485305582
2017-01-24 19:53:22:kill cmd: killall -9 gdb-mic
2017-01-24 19:53:22:shell stdout: 
2017-01-24 19:53:23:kill cmd: ssh -T mic0 killall -9 lud_check
2017-01-24 19:53:23:shell stdout: 
2017-01-24 19:53:23:kill cmd: ssh -T mic0 killall -9 gdbserver
2017-01-24 19:53:23:shell stdout: 
2017-01-24 19:53:23:kill cmd: ssh -T mic0 killall -9 sshd
2017-01-24 19:53:23:shell stdout: 
