2017-01-25 20:04:11:Starting GDB script
2017-01-25 20:04:11:initSignal:2.0
2017-01-25 20:04:11:endSignal:4.0
2017-01-25 20:04:11:seqSignal:30
2017-01-25 20:04:13:sending 30 signals using command: 'ssh -T mic0 killall -2 lud_check' after 2.14290321358s
2017-01-25 20:04:14:shell stdout: 
2017-01-25 20:04:14:sending 30 signals using command: 'ssh -T mic0 killall -2 lud_check' after 3.15076598427s
2017-01-25 20:04:14:sending 30 signals using command: 'ssh -T mic0 killall -2 lud_check' after 3.26687337187s
2017-01-25 20:04:14:shell stdout: 
2017-01-25 20:04:15:shell stdout: 
2017-01-25 20:04:15:shell stdout: 
2017-01-25 20:04:15:shell stdout: 
2017-01-25 20:04:15:shell stdout: 
2017-01-25 20:04:15:shell stdout: 
2017-01-25 20:04:15:shell stdout: 
2017-01-25 20:04:15:shell stdout: 
2017-01-25 20:04:15:shell stdout: 
2017-01-25 20:04:16:shell stdout: 
2017-01-25 20:04:16:shell stdout: 
2017-01-25 20:04:16:shell stdout: 
2017-01-25 20:04:16:shell stdout: 
2017-01-25 20:04:16:shell stdout: 
2017-01-25 20:04:16:shell stdout: 
2017-01-25 20:04:17:shell stdout: 
2017-01-25 20:04:17:shell stdout: 
2017-01-25 20:04:17:shell stdout: 
2017-01-25 20:04:17:shell stdout: 
2017-01-25 20:04:17:shell stdout: 
2017-01-25 20:04:17:shell stdout: 
2017-01-25 20:04:18:shell stdout: 
2017-01-25 20:04:18:shell stdout: 
2017-01-25 20:04:18:shell stdout: 
2017-01-25 20:04:18:shell stdout: 
2017-01-25 20:04:18:shell stdout: 
2017-01-25 20:04:18:shell stdout: 
2017-01-25 20:04:18:shell stdout: 
2017-01-25 20:04:18:shell stdout: 
2017-01-25 20:04:19:shell stdout: 
2017-01-25 20:04:19:shell stdout: 
2017-01-25 20:04:19:shell stdout: 
2017-01-25 20:04:19:shell stdout: 
2017-01-25 20:04:19:shell stdout: 
2017-01-25 20:04:19:shell stdout: 
2017-01-25 20:04:19:shell stdout: 
2017-01-25 20:04:20:shell stdout: 
2017-01-25 20:04:20:shell stdout: 
2017-01-25 20:04:20:shell stdout: 
2017-01-25 20:04:20:shell stdout: 
2017-01-25 20:04:20:shell stdout: 
2017-01-25 20:04:20:shell stdout: 
2017-01-25 20:04:21:shell stdout: 
2017-01-25 20:04:21:shell stdout: 
2017-01-25 20:04:21:shell stdout: 
2017-01-25 20:04:21:shell stdout: 
2017-01-25 20:04:21:shell stdout: 
2017-01-25 20:04:21:shell stdout: 
2017-01-25 20:04:22:shell stdout: 
2017-01-25 20:04:22:shell stdout: 
2017-01-25 20:04:22:shell stdout: 
2017-01-25 20:04:22:shell stdout: 
2017-01-25 20:04:22:shell stdout: 
2017-01-25 20:04:22:shell stdout: 
2017-01-25 20:04:22:shell stdout: 
2017-01-25 20:04:22:shell stdout: 
2017-01-25 20:04:22:shell stdout: 
2017-01-25 20:04:23:shell stdout: 
2017-01-25 20:04:23:shell stdout: 
2017-01-25 20:04:23:shell stdout: 
2017-01-25 20:04:23:shell stdout: 
2017-01-25 20:04:23:shell stdout: 
2017-01-25 20:04:23:shell stdout: 
2017-01-25 20:04:24:shell stdout: 
2017-01-25 20:04:24:shell stdout: 
2017-01-25 20:04:24:shell stdout: 
2017-01-25 20:04:24:shell stdout: 
2017-01-25 20:04:24:shell stdout: 
2017-01-25 20:04:24:shell stdout: 
2017-01-25 20:04:25:shell stdout: 
2017-01-25 20:04:25:shell stdout: 
2017-01-25 20:04:25:shell stdout: 
2017-01-25 20:04:25:shell stdout: 
2017-01-25 20:04:25:shell stdout: 
2017-01-25 20:04:25:shell stdout: 
2017-01-25 20:04:25:shell stdout: 
2017-01-25 20:04:25:shell stdout: 
2017-01-25 20:04:26:shell stdout: 
2017-01-25 20:04:26:shell stdout: 
2017-01-25 20:04:26:shell stdout: 
2017-01-25 20:04:26:shell stdout: 
2017-01-25 20:04:26:shell stdout: 
2017-01-25 20:04:26:shell stdout: 
2017-01-25 20:04:26:shell stdout: 
2017-01-25 20:04:27:shell stdout: 
2017-01-25 20:04:27:shell stdout: 
2017-01-25 20:04:27:shell stdout: 
2017-01-25 20:04:27:shell stdout: 
2017-01-25 20:04:27:shell stdout: 
2017-01-25 20:04:51:finished due now-timestampStart > maxWaitTime*5
2017-01-25 20:04:51:now: 1485392691
2017-01-25 20:04:51:timestampStart: 1485392651
2017-01-25 20:04:51:kill cmd: killall -9 gdb-mic
2017-01-25 20:04:51:shell stdout: 
2017-01-25 20:04:51:kill cmd: ssh -T mic0 killall -9 lud_check
2017-01-25 20:04:51:shell stdout: 
2017-01-25 20:04:51:kill cmd: ssh -T mic0 killall -9 gdbserver
2017-01-25 20:04:51:shell stdout: 
2017-01-25 20:04:52:kill cmd: ssh -T mic0 killall -9 sshd
2017-01-25 20:04:52:shell stdout: 
