2016-10-16 07:20:51:Starting GDB script
2016-10-16 07:20:52:sending signal using command: 'ssh -T mic0 killall -2 hotspot_check' after 0.495693552823s
2016-10-16 07:20:52:shell stdout: 
2016-10-16 07:20:54:sending signal using command: 'ssh -T mic0 killall -2 hotspot_check' after 2.56130085587s
2016-10-16 07:20:54:shell stdout: 
2016-10-16 07:20:56:sending signal using command: 'ssh -T mic0 killall -2 hotspot_check' after 5.37698185046s
2016-10-16 07:20:56:shell stdout: 
2016-10-16 07:20:57:sending signal using command: 'ssh -T mic0 killall -2 hotspot_check' after 5.91644657597s
2016-10-16 07:20:57:shell stdout: 
2016-10-16 07:20:58:sending signal using command: 'ssh -T mic0 killall -2 hotspot_check' after 7.04307257568s
2016-10-16 07:20:58:shell stdout: 
2016-10-16 07:20:58:sending signal using command: 'ssh -T mic0 killall -2 hotspot_check' after 7.29735370056s
2016-10-16 07:20:58:shell stdout: 
2016-10-16 07:20:59:sending signal using command: 'ssh -T mic0 killall -2 hotspot_check' after 7.81320116661s
2016-10-16 07:20:59:shell stdout: 
2016-10-16 07:21:01:sending signal using command: 'ssh -T mic0 killall -2 hotspot_check' after 9.74326690516s
2016-10-16 07:21:01:shell stdout: 
2016-10-16 07:21:04:sending signal using command: 'ssh -T mic0 killall -2 hotspot_check' after 12.9929592187s
2016-10-16 07:21:04:shell stdout: 
2016-10-16 07:21:05:sending signal using command: 'ssh -T mic0 killall -2 hotspot_check' after 13.8437137665s
2016-10-16 07:21:05:shell stdout: 
2016-10-16 07:21:12:no gdbExecName running, out:
2016-10-16 07:21:12:checCmd:ps -e | grep -i gdb-mic
2016-10-16 07:21:12:finished now-timestampStart < maxWaitTime*5
2016-10-16 07:21:12:now: 1476616871
2016-10-16 07:21:12:timestampStart: 1476616851
2016-10-16 07:21:12:kill cmd: killall -9 gdb-mic
2016-10-16 07:21:12:shell stdout: 
2016-10-16 07:21:12:kill cmd: ssh -T mic0 killall -9 hotspot_check
2016-10-16 07:21:12:shell stdout: 
2016-10-16 07:21:13:kill cmd: ssh -T mic0 killall -9 gdbserver
2016-10-16 07:21:13:shell stdout: 
