#HEADER matrix_dim:2048 threads:228
#BEGIN Y:2017 M:02 D:25 Time:04:41:30
#IT Ite:0 KerTime:17.051931 AccTime:17.051931
#ERR  p: [192, 1568], r: -3.7208776473999023e+00, e: 2.5258350372314453e-01
#ERR  p: [207, 1568], r: 2.5662034749984741e-01, e: 2.5639840960502625e-01
#ERR  p: [198, 1568], r: 2.5403138995170593e-01, e: 2.5411370396614075e-01
#ERR  p: [216, 1568], r: 2.5893256068229675e-01, e: 2.5869280099868774e-01
#ERR  p: [234, 1568], r: 2.6295009255409241e-01, e: 2.6343935728073120e-01
#ERR  p: [252, 1568], r: 2.6801121234893799e-01, e: 2.6818647980690002e-01
#ERR  p: [225, 1568], r: 2.6131412386894226e-01, e: 2.6105478405952454e-01
#ERR  p: [243, 1568], r: 2.6545768976211548e-01, e: 2.6580241322517395e-01
#ERR  p: [306, 1568], r: 2.8318387269973755e-01, e: 2.8306224942207336e-01
#ERR  p: [261, 1568], r: 2.7037054300308228e-01, e: 2.7063724398612976e-01
#ERR  p: [270, 1568], r: 2.7311450242996216e-01, e: 2.7305558323860168e-01
#ERR  p: [279, 1568], r: 2.7535364031791687e-01, e: 2.7555164694786072e-01
#ERR  p: [297, 1568], r: 2.8043323755264282e-01, e: 2.8054210543632507e-01
#ERR  p: [315, 1568], r: 2.8602090477943420e-01, e: 2.8563755750656128e-01
#ERR  p: [324, 1568], r: 2.8813996911048889e-01, e: 2.8818172216415405e-01
#ERR  p: [192, 1569], r: -3.7171642780303955e+00, e: 2.5233477354049683e-01
#ERR  p: [333, 1568], r: 2.9098409414291382e-01, e: 2.9081815481185913e-01
#ERR  p: [441, 1568], r: 3.2396122813224792e-01, e: 3.2396271824836731e-01
#ERR  p: [207, 1569], r: 2.5635719299316406e-01, e: 2.5613477826118469e-01
#ERR  p: [288, 1568], r: 2.7828976511955261e-01, e: 2.7803620696067810e-01
#ERR  p: [342, 1568], r: 2.9362079501152039e-01, e: 2.9344162344932556e-01
#ERR  p: [351, 1568], r: 2.9620110988616943e-01, e: 2.9608440399169922e-01
#ERR  p: [369, 1568], r: 3.0177643895149231e-01, e: 3.0148571729660034e-01
#ERR  p: [378, 1568], r: 3.0459821224212646e-01, e: 3.0423182249069214e-01
#ERR  p: [405, 1568], r: 3.1264075636863708e-01, e: 3.1254315376281738e-01
#ERR  p: [414, 1568], r: 3.1494611501693726e-01, e: 3.1539690494537354e-01
#ERR  p: [198, 1569], r: 2.5377330183982849e-01, e: 2.5385478138923645e-01
#ERR  p: [1980, 1552], r: 1.3025775551795959e-02, e: 1.3023540377616882e-02
#ERR  p: [1998, 1552], r: 1.2788772583007812e-02, e: 1.2788549065589905e-02
#ERR  p: [2016, 1552], r: 1.2563765048980713e-02, e: 1.2562006711959839e-02
#ERR  p: [2024, 1552], r: 1.2465834617614746e-02, e: 1.2463897466659546e-02
#ERR  p: [2032, 1552], r: 1.2364417314529419e-02, e: 1.2363299727439880e-02
#ERR  p: [243, 1569], r: 2.6517131924629211e-01, e: 2.6551491022109985e-01
#ERR  p: [477, 1568], r: 3.3647593855857849e-01, e: 3.3585694432258606e-01
#ERR  p: [216, 1569], r: 2.5871220231056213e-01, e: 2.5847315788269043e-01
#ERR  p: [360, 1568], r: 2.9858464002609253e-01, e: 2.9879459738731384e-01
#ERR  p: [387, 1568], r: 3.0721354484558105e-01, e: 3.0697369575500488e-01
#ERR  p: [234, 1569], r: 2.6264896988868713e-01, e: 2.6313599944114685e-01
#ERR  p: [396, 1568], r: 3.0981138348579407e-01, e: 3.0974054336547852e-01
#ERR  p: [252, 1569], r: 2.6775282621383667e-01, e: 2.6793029904365540e-01
#ERR  p: [2007, 1552], r: 1.2678489089012146e-02, e: 1.2675687670707703e-02
#ERR  p: [225, 1569], r: 2.6106363534927368e-01, e: 2.6080542802810669e-01
#ERR  p: [261, 1569], r: 2.7007558941841125e-01, e: 2.7034556865692139e-01
#ERR  p: [279, 1569], r: 2.7504768967628479e-01, e: 2.7524402737617493e-01
#ERR  p: [423, 1568], r: 3.1798297166824341e-01, e: 3.1815540790557861e-01
#ERR  p: [306, 1569], r: 2.8292936086654663e-01, e: 2.8280887007713318e-01
#ERR  p: [432, 1568], r: 3.2115340232849121e-01, e: 3.2112392783164978e-01
#ERR  p: [297, 1569], r: 2.8016102313995361e-01, e: 2.8027197718620300e-01
#ERR  p: [450, 1568], r: 3.2718133926391602e-01, e: 3.2694205641746521e-01
#ERR  p: [459, 1568], r: 3.3017182350158691e-01, e: 3.2990667223930359e-01
#ERR  p: [468, 1568], r: 3.3332830667495728e-01, e: 3.3290189504623413e-01
#ERR  p: [486, 1568], r: 3.3881285786628723e-01, e: 3.3888018131256104e-01
#ERR  p: [495, 1568], r: 3.4217375516891479e-01, e: 3.4194406867027283e-01
#ERR  p: [504, 1568], r: 3.4505304694175720e-01, e: 3.4506627917289734e-01
#ERR  p: [270, 1569], r: 2.7287846803665161e-01, e: 2.7281880378723145e-01
#ERR  p: [513, 1568], r: 3.4805354475975037e-01, e: 3.4813439846038818e-01
#ERR  p: [522, 1568], r: 3.5133847594261169e-01, e: 3.5133513808250427e-01
#ERR  p: [207, 1570], r: 2.5609719753265381e-01, e: 2.5587373971939087e-01
#ERR  p: [576, 1568], r: 3.7069812417030334e-01, e: 3.7081968784332275e-01
#ERR  p: [540, 1568], r: 3.5729116201400757e-01, e: 3.5775682330131531e-01
#ERR  p: [585, 1568], r: 3.7413552403450012e-01, e: 3.7421754002571106e-01
#ERR  p: [531, 1568], r: 3.5448783636093140e-01, e: 3.5454040765762329e-01
#ERR  p: [567, 1568], r: 3.6753317713737488e-01, e: 3.6753466725349426e-01
#ERR  p: [639, 1568], r: 3.9502620697021484e-01, e: 3.9488825201988220e-01
#ERR  p: [711, 1568], r: 4.2439201474189758e-01, e: 4.2442819476127625e-01
#ERR  p: [693, 1568], r: 4.1674339771270752e-01, e: 4.1679784655570984e-01
#ERR  p: [198, 1570], r: 2.5352436304092407e-01, e: 2.5360453128814697e-01
#ERR  p: [684, 1568], r: 4.1346269845962524e-01, e: 4.1311737895011902e-01
#ERR  p: [729, 1568], r: 4.3148362636566162e-01, e: 4.3211939930915833e-01
#ERR  p: [549, 1568], r: 3.6124491691589355e-01, e: 3.6099413037300110e-01
#ERR  p: [846, 1552], r: 4.9408710002899170e-01, e: 4.9367991089820862e-01
#ERR  p: [810, 1552], r: 4.7619095444679260e-01, e: 4.7615683078765869e-01
#ERR  p: [828, 1552], r: 4.8490655422210693e-01, e: 4.8481035232543945e-01
#ERR  p: [558, 1568], r: 3.6426568031311035e-01, e: 3.6421123147010803e-01
#ERR  p: [864, 1552], r: 5.0284028053283691e-01, e: 5.0263220071792603e-01
#ERR  p: [675, 1568], r: 4.0958774089813232e-01, e: 4.0938600897789001e-01
#ERR  p: [909, 1552], r: 5.2566504478454590e-01, e: 5.2570235729217529e-01
#ERR  p: [927, 1552], r: 5.3537321090698242e-01, e: 5.3526580333709717e-01
#ERR  p: [648, 1568], r: 3.9881429076194763e-01, e: 3.9854320883750916e-01
#ERR  p: [954, 1552], r: 5.5000180006027222e-01, e: 5.4977405071258545e-01
#ERR  p: [603, 1568], r: 3.8118630647659302e-01, e: 3.8097932934761047e-01
#ERR  p: [621, 1568], r: 3.8788038492202759e-01, e: 3.8790649175643921e-01
#ERR  p: [657, 1568], r: 4.0213677287101746e-01, e: 4.0207597613334656e-01
#ERR  p: [1116, 1552], r: 6.4654356241226196e-01, e: 6.4650255441665649e-01
#ERR  p: [1134, 1552], r: 6.5849876403808594e-01, e: 6.5844213962554932e-01
#ERR  p: [1206, 1552], r: 7.0725506544113159e-01, e: 7.0731174945831299e-01
#ERR  p: [1242, 1552], r: 7.3318594694137573e-01, e: 7.3336416482925415e-01
#ERR  p: [1251, 1552], r: 7.4000561237335205e-01, e: 7.3994612693786621e-01
#ERR  p: [738, 1568], r: 4.3602353334426880e-01, e: 4.3602222204208374e-01
#ERR  p: [1224, 1552], r: 7.2035992145538330e-01, e: 7.2045278549194336e-01
#ERR  p: [702, 1568], r: 4.2044174671173096e-01, e: 4.2059537768363953e-01
#ERR  p: [1233, 1552], r: 7.2665250301361084e-01, e: 7.2679644823074341e-01
#ERR  p: [747, 1568], r: 4.3979680538177490e-01, e: 4.3998697400093079e-01
#ERR  p: [1215, 1552], r: 7.1415477991104126e-01, e: 7.1399068832397461e-01
#ERR  p: [1197, 1552], r: 7.0140331983566284e-01, e: 7.0127803087234497e-01
#ERR  p: [720, 1568], r: 4.2862865328788757e-01, e: 4.2827591300010681e-01
#ERR  p: [666, 1568], r: 4.0621826052665710e-01, e: 4.0579426288604736e-01
#ERR  p: [1188, 1552], r: 6.9505411386489868e-01, e: 6.9491636753082275e-01
#ERR  p: [1179, 1552], r: 6.8843096494674683e-01, e: 6.8872475624084473e-01
#ERR  p: [612, 1568], r: 3.8440209627151489e-01, e: 3.8441914319992065e-01
#ERR  p: [1161, 1552], r: 6.7635273933410645e-01, e: 6.7648547887802124e-01
#ERR  p: [1152, 1552], r: 6.7065095901489258e-01, e: 6.7037427425384521e-01
#ERR  p: [594, 1568], r: 3.7740132212638855e-01, e: 3.7760728597640991e-01
#ERR  p: [972, 1552], r: 5.5954569578170776e-01, e: 5.5979543924331665e-01
#ERR  p: [630, 1568], r: 3.9111343026161194e-01, e: 3.9136794209480286e-01
#ERR  p: [1278, 1552], r: 7.6073157787322998e-01, e: 7.6049429178237915e-01
#ERR  p: [756, 1568], r: 4.4396403431892395e-01, e: 4.4403210282325745e-01
#ERR  p: [1845, 1552], r: 1.4906868338584900e-02, e: 1.4905482530593872e-02
#ERR  p: [1881, 1552], r: 1.4381080865859985e-02, e: 1.4379665255546570e-02
#ERR  p: [774, 1568], r: 4.5205047726631165e-01, e: 4.5215898752212524e-01
#ERR  p: [783, 1568], r: 4.5626798272132874e-01, e: 4.5611208677291870e-01
#ERR  p: [765, 1568], r: 4.4795623421669006e-01, e: 4.4800767302513123e-01
#ERR  p: [192, 1570], r: -3.7134444713592529e+00, e: 2.5209572911262512e-01
#ERR  p: [1827, 1552], r: 1.5174388885498047e-02, e: 1.5175282955169678e-02
#ERR  p: [792, 1568], r: 4.6022096276283264e-01, e: 4.6023401618003845e-01
#ERR  p: [288, 1569], r: 2.7802985906600952e-01, e: 2.7777367830276489e-01
#ERR  p: [1872, 1552], r: 1.4512956142425537e-02, e: 1.4508992433547974e-02
#ERR  p: [1350, 1552], r: 8.1693029403686523e-01, e: 8.1685203313827515e-01
#ERR  p: [1899, 1552], r: 1.4125093817710876e-02, e: 1.4123156666755676e-02
#ERR  p: [315, 1569], r: 2.8577703237533569e-01, e: 2.8539779782295227e-01
#ERR  p: [1917, 1552], r: 1.3870283961296082e-02, e: 1.3868272304534912e-02
#ERR  p: [1926, 1552], r: 1.3746604323387146e-02, e: 1.3745784759521484e-02
#ERR  p: [801, 1552], r: 4.7192308306694031e-01, e: 4.7186392545700073e-01
#ERR  p: [1944, 1552], r: 1.3501152396202087e-02, e: 1.3499408960342407e-02
#ERR  p: [1953, 1552], r: 1.3380527496337891e-02, e: 1.3380214571952820e-02
#ERR  p: [1377, 1552], r: 8.3936625719070435e-01, e: 8.3923381567001343e-01
#ERR  p: [1962, 1552], r: 1.3261452317237854e-02, e: 1.3260394334793091e-02
#ERR  p: [1971, 1552], r: 1.3142183423042297e-02, e: 1.3140276074409485e-02
#ERR  p: [1989, 1552], r: 1.2907683849334717e-02, e: 1.2904569506645203e-02
#ERR  p: [855, 1552], r: 4.9838888645172119e-01, e: 4.9810329079627991e-01
#ERR  p: [1395, 1552], r: 8.5488080978393555e-01, e: 8.5470348596572876e-01
#ERR  p: [1314, 1552], r: 7.8819233179092407e-01, e: 7.8811621665954590e-01
#ERR  p: [1890, 1552], r: 1.4251917600631714e-02, e: 1.4249607920646667e-02
#ERR  p: [1908, 1552], r: 1.3996705412864685e-02, e: 1.3996392488479614e-02
#ERR  p: [1935, 1552], r: 1.3622611761093140e-02, e: 1.3620004057884216e-02
#ERR  p: [1485, 1552], r: 9.3480044603347778e-01, e: 9.3499505519866943e-01
#ERR  p: [1404, 1552], r: 8.6224544048309326e-01, e: 8.6232072114944458e-01
#ERR  p: [1413, 1552], r: 8.6998689174652100e-01, e: 8.7004357576370239e-01
#ERR  p: [1728, 1552], r: 1.6757398843765259e-02, e: 1.6755253076553345e-02
#ERR  p: [2040, 1552], r: 1.2263700366020203e-02, e: 1.2262701988220215e-02
#ERR  p: [1449, 1552], r: 9.0208560228347778e-01, e: 9.0206849575042725e-01
#ERR  p: [1809, 1552], r: 1.5453130006790161e-02, e: 1.5450820326805115e-02
#ERR  p: [1539, 1552], r: 9.8736983537673950e-01, e: 9.8714184761047363e-01
#ERR  p: [1530, 1552], r: 9.7822690010070801e-01, e: 9.7814184427261353e-01
#ERR  p: [1710, 1552], r: 1.7061918973922729e-02, e: 1.7058461904525757e-02
#ERR  p: [369, 1569], r: 3.0148184299468994e-01, e: 3.0118522047996521e-01
#ERR  p: [216, 1570], r: 2.5842338800430298e-01, e: 2.5818416476249695e-01
#ERR  p: [234, 1570], r: 2.6241219043731689e-01, e: 2.6290142536163330e-01
#ERR  p: [1008, 1552], r: 5.8054816722869873e-01, e: 5.8038932085037231e-01
#ERR  p: [243, 1570], r: 2.6492372155189514e-01, e: 2.6526612043380737e-01
#ERR  p: [1467, 1552], r: 9.1805928945541382e-01, e: 9.1825610399246216e-01
#ERR  p: [1854, 1552], r: 1.4776304364204407e-02, e: 1.4772310853004456e-02
#ERR  p: [324, 1569], r: 2.8789696097373962e-01, e: 2.8793638944625854e-01
#ERR  p: [333, 1569], r: 2.9070740938186646e-01, e: 2.9054111242294312e-01
#ERR  p: [342, 1569], r: 2.9332005977630615e-01, e: 2.9314255714416504e-01
#ERR  p: [351, 1569], r: 2.9593601822853088e-01, e: 2.9580777883529663e-01
#ERR  p: [252, 1570], r: 2.6747056841850281e-01, e: 2.6764878630638123e-01
#ERR  p: [378, 1569], r: 3.0428814888000488e-01, e: 3.0391356348991394e-01
#ERR  p: [360, 1569], r: 2.9830980300903320e-01, e: 2.9850578308105469e-01
#ERR  p: [387, 1569], r: 3.0690360069274902e-01, e: 3.0666401982307434e-01
#ERR  p: [396, 1569], r: 3.0946463346481323e-01, e: 3.0939567089080811e-01
#ERR  p: [414, 1569], r: 3.1459450721740723e-01, e: 3.1504192948341370e-01
#ERR  p: [405, 1569], r: 3.1236198544502258e-01, e: 3.1226047873497009e-01
#ERR  p: [207, 1571], r: 2.5582093000411987e-01, e: 2.5560042262077332e-01
#ERR  p: [225, 1570], r: 2.6080721616744995e-01, e: 2.6054972410202026e-01
#ERR  p: [441, 1569], r: 3.2365098595619202e-01, e: 3.2366570830345154e-01
#ERR  p: [432, 1569], r: 3.2077455520629883e-01, e: 3.2072868943214417e-01
#ERR  p: [261, 1570], r: 2.6981782913208008e-01, e: 2.7008688449859619e-01
#ERR  p: [192, 1571], r: -3.7097256183624268e+00, e: 2.5182723999023438e-01
#ERR  p: [198, 1571], r: 2.5328734517097473e-01, e: 2.5336772203445435e-01
#ERR  p: [477, 1569], r: 3.3614927530288696e-01, e: 3.3554035425186157e-01
#ERR  p: [819, 1552], r: 4.8048725724220276e-01, e: 4.8046749830245972e-01
#ERR  p: [837, 1552], r: 4.8918655514717102e-01, e: 4.8919641971588135e-01
#ERR  p: [873, 1552], r: 5.0699663162231445e-01, e: 5.0700223445892334e-01
#ERR  p: [882, 1552], r: 5.1206004619598389e-01, e: 5.1168656349182129e-01
#ERR  p: [891, 1552], r: 5.1631265878677368e-01, e: 5.1631039381027222e-01
#ERR  p: [270, 1570], r: 2.7260288596153259e-01, e: 2.7254137396812439e-01
#ERR  p: [900, 1552], r: 5.2082365751266479e-01, e: 5.2094948291778564e-01
#ERR  p: [828, 1553], r: 4.8444715142250061e-01, e: 4.8435169458389282e-01
#ERR  p: [918, 1552], r: 5.3054195642471313e-01, e: 5.3043788671493530e-01
#ERR  p: [936, 1552], r: 5.4008412361145020e-01, e: 5.4009866714477539e-01
#ERR  p: [945, 1552], r: 5.4522287845611572e-01, e: 5.4504013061523438e-01
#ERR  p: [963, 1552], r: 5.5503684282302856e-01, e: 5.5486774444580078e-01
#ERR  p: [981, 1552], r: 5.6493955850601196e-01, e: 5.6481444835662842e-01
#ERR  p: [990, 1552], r: 5.6987845897674561e-01, e: 5.7008051872253418e-01
#ERR  p: [999, 1552], r: 5.7525920867919922e-01, e: 5.7509368658065796e-01
#ERR  p: [1017, 1552], r: 5.8544540405273438e-01, e: 5.8560347557067871e-01
#ERR  p: [1026, 1552], r: 5.9057807922363281e-01, e: 5.9087485074996948e-01
#ERR  p: [1071, 1552], r: 6.1821866035461426e-01, e: 6.1829173564910889e-01
#ERR  p: [1494, 1552], r: 9.4351404905319214e-01, e: 9.4348013401031494e-01
#ERR  p: [1260, 1552], r: 7.4656528234481812e-01, e: 7.4660927057266235e-01
#ERR  p: [1269, 1552], r: 7.5304806232452393e-01, e: 7.5319606065750122e-01
#ERR  p: [1287, 1552], r: 7.6740735769271851e-01, e: 7.6711130142211914e-01
#ERR  p: [1296, 1552], r: 7.7437400817871094e-01, e: 7.7419054508209229e-01
#ERR  p: [1332, 1552], r: 8.0234885215759277e-01, e: 8.0234956741333008e-01
#ERR  p: [1170, 1552], r: 6.8266588449478149e-01, e: 6.8236321210861206e-01
#ERR  p: [1341, 1552], r: 8.0991387367248535e-01, e: 8.0981242656707764e-01
#ERR  p: [1143, 1552], r: 6.6456705331802368e-01, e: 6.6430902481079102e-01
#ERR  p: [1125, 1552], r: 6.5231269598007202e-01, e: 6.5246039628982544e-01
#ERR  p: [1107, 1552], r: 6.4080125093460083e-01, e: 6.4087229967117310e-01
#ERR  p: [1323, 1552], r: 7.9527091979980469e-01, e: 7.9535591602325439e-01
#ERR  p: [1098, 1552], r: 6.3506525754928589e-01, e: 6.3510698080062866e-01
#ERR  p: [1089, 1552], r: 6.2974870204925537e-01, e: 6.2952977418899536e-01
#ERR  p: [1080, 1552], r: 6.2369692325592041e-01, e: 6.2379497289657593e-01
#ERR  p: [1062, 1552], r: 6.1249202489852905e-01, e: 6.1282384395599365e-01
#ERR  p: [1053, 1552], r: 6.0687196254730225e-01, e: 6.0716283321380615e-01
#ERR  p: [1305, 1552], r: 7.8113549947738647e-01, e: 7.8115785121917725e-01
#ERR  p: [1044, 1552], r: 6.0151487588882446e-01, e: 6.0166478157043457e-01
#ERR  p: [1359, 1552], r: 8.2434332370758057e-01, e: 8.2433289289474487e-01
#ERR  p: [1368, 1552], r: 8.3189350366592407e-01, e: 8.3177644014358521e-01
#ERR  p: [279, 1570], r: 2.7478742599487305e-01, e: 2.7498468756675720e-01
#ERR  p: [1035, 1552], r: 5.9630095958709717e-01, e: 5.9637105464935303e-01
#ERR  p: [1386, 1552], r: 8.4706950187683105e-01, e: 8.4695839881896973e-01
#ERR  p: [288, 1570], r: 2.7772781252861023e-01, e: 2.7747610211372375e-01
#ERR  p: [1422, 1552], r: 8.7838709354400635e-01, e: 8.7820959091186523e-01
#ERR  p: [1431, 1552], r: 8.8605278730392456e-01, e: 8.8593906164169312e-01
#ERR  p: [1440, 1552], r: 8.9391756057739258e-01, e: 8.9402198791503906e-01
#ERR  p: [297, 1570], r: 2.7988064289093018e-01, e: 2.7998411655426025e-01
#ERR  p: [1458, 1552], r: 9.1012972593307495e-01, e: 9.1016101837158203e-01
#ERR  p: [1476, 1552], r: 9.2667812108993530e-01, e: 9.2657858133316040e-01
#ERR  p: [306, 1570], r: 2.8263941407203674e-01, e: 2.8251448273658752e-01
#ERR  p: [1503, 1552], r: 9.5205599069595337e-01, e: 9.5220512151718140e-01
#ERR  p: [1521, 1552], r: 9.6924167871475220e-01, e: 9.6928054094314575e-01
#ERR  p: [1512, 1552], r: 9.6092581748962402e-01, e: 9.6095710992813110e-01
#ERR  p: [1557, 1552], r: 1.9880115985870361e-02, e: 1.9877463579177856e-02
#ERR  p: [1566, 1552], r: 1.9708335399627686e-02, e: 1.9705235958099365e-02
#ERR  p: [1593, 1552], r: 1.9176959991455078e-02, e: 1.9175171852111816e-02
#ERR  p: [1548, 1552], r: 9.9594044685363770e-01, e: 9.9602764844894409e-01
#ERR  p: [1602, 1552], r: 1.9004106521606445e-02, e: 1.9001275300979614e-02
#ERR  p: [1584, 1552], r: 1.9349545240402222e-02, e: 1.9350171089172363e-02
#ERR  p: [1638, 1552], r: 1.8338680267333984e-02, e: 1.8334954977035522e-02
#ERR  p: [1620, 1552], r: 1.8665432929992676e-02, e: 1.8663942813873291e-02
#ERR  p: [1611, 1552], r: 1.8836408853530884e-02, e: 1.8836051225662231e-02
#ERR  p: [1575, 1552], r: 1.9522815942764282e-02, e: 1.9524604082107544e-02
#ERR  p: [1647, 1552], r: 1.8171548843383789e-02, e: 1.8168896436691284e-02
#ERR  p: [1629, 1552], r: 1.8503814935684204e-02, e: 1.8501520156860352e-02
#ERR  p: [1656, 1552], r: 1.8011957406997681e-02, e: 1.8009126186370850e-02
#ERR  p: [1665, 1552], r: 1.7849504947662354e-02, e: 1.7845183610916138e-02
#ERR  p: [1674, 1552], r: 1.7687022686004639e-02, e: 1.7685502767562866e-02
#ERR  p: [1683, 1552], r: 1.7528325319290161e-02, e: 1.7526566982269287e-02
#ERR  p: [1692, 1552], r: 1.7372578382492065e-02, e: 1.7371058464050293e-02
#ERR  p: [1701, 1552], r: 1.7217934131622314e-02, e: 1.7214268445968628e-02
#ERR  p: [1719, 1552], r: 1.6909778118133545e-02, e: 1.6909629106521606e-02
#ERR  p: [1737, 1552], r: 1.6604423522949219e-02, e: 1.6603678464889526e-02
#ERR  p: [1746, 1552], r: 1.6460359096527100e-02, e: 1.6459107398986816e-02
#ERR  p: [1755, 1552], r: 1.6313493251800537e-02, e: 1.6309350728988647e-02
#ERR  p: [1764, 1552], r: 1.6165852546691895e-02, e: 1.6163110733032227e-02
#ERR  p: [1773, 1552], r: 1.6016751527786255e-02, e: 1.6016036272048950e-02
#ERR  p: [1782, 1552], r: 1.5878543257713318e-02, e: 1.5874475240707397e-02
#ERR  p: [1791, 1552], r: 1.5732541680335999e-02, e: 1.5730991959571838e-02
#ERR  p: [1800, 1552], r: 1.5591770410537720e-02, e: 1.5588968992233276e-02
#ERR  p: [1818, 1552], r: 1.5315413475036621e-02, e: 1.5312284231185913e-02
#ERR  p: [1836, 1552], r: 1.5042781829833984e-02, e: 1.5039086341857910e-02
#ERR  p: [1863, 1552], r: 1.4640733599662781e-02, e: 1.4639541506767273e-02
#ERR  p: [1998, 1553], r: 1.2803191319108009e-02, e: 1.2803025543689728e-02
#ERR  p: [2007, 1553], r: 1.2688515707850456e-02, e: 1.2687699869275093e-02
#ERR  p: [1980, 1553], r: 1.3036780059337616e-02, e: 1.3036116957664490e-02
#ERR  p: [2016, 1553], r: 1.2575622648000717e-02, e: 1.2577274814248085e-02
#ERR  p: [2024, 1553], r: 1.2473674491047859e-02, e: 1.2473814189434052e-02
#ERR  p: [2032, 1553], r: 1.2377697043120861e-02, e: 1.2377025559544563e-02
#ERR  p: [315, 1570], r: 2.8545969724655151e-01, e: 2.8508529067039490e-01
#ERR  p: [216, 1571], r: 2.5817838311195374e-01, e: 2.5794064998626709e-01
#ERR  p: [234, 1571], r: 2.6214146614074707e-01, e: 2.6263090968132019e-01
#ERR  p: [243, 1571], r: 2.6464575529098511e-01, e: 2.6498785614967346e-01
#ERR  p: [369, 1570], r: 3.0116426944732666e-01, e: 3.0087468028068542e-01
#ERR  p: [423, 1569], r: 3.1772792339324951e-01, e: 3.1789439916610718e-01
#ERR  p: [450, 1569], r: 3.2682189345359802e-01, e: 3.2658228278160095e-01
#ERR  p: [459, 1569], r: 3.2986229658126831e-01, e: 3.2959675788879395e-01
#ERR  p: [504, 1569], r: 3.4470364451408386e-01, e: 3.4472528100013733e-01
#ERR  p: [468, 1569], r: 3.3294814825057983e-01, e: 3.3251783251762390e-01
#ERR  p: [486, 1569], r: 3.3846053481101990e-01, e: 3.3853510022163391e-01
#ERR  p: [495, 1569], r: 3.4185606241226196e-01, e: 3.4163680672645569e-01
#ERR  p: [522, 1569], r: 3.5099545121192932e-01, e: 3.5099208354949951e-01
#ERR  p: [513, 1569], r: 3.4775975346565247e-01, e: 3.4784173965454102e-01
#ERR  p: [540, 1569], r: 3.5695633292198181e-01, e: 3.5740599036216736e-01
#ERR  p: [549, 1569], r: 3.6082184314727783e-01, e: 3.6058655381202698e-01
#ERR  p: [261, 1571], r: 2.6956409215927124e-01, e: 2.6983425021171570e-01
#ERR  p: [198, 1572], r: 2.5303858518600464e-01, e: 2.5311970710754395e-01
#ERR  p: [192, 1572], r: -3.7060561180114746e+00, e: 2.5156286358833313e-01
#ERR  p: [207, 1572], r: 2.5560364127159119e-01, e: 2.5538229942321777e-01
#ERR  p: [225, 1571], r: 2.6054143905639648e-01, e: 2.6028284430503845e-01
#ERR  p: [999, 1553], r: 5.7477527856826782e-01, e: 5.7461416721343994e-01
#ERR  p: [252, 1571], r: 2.6724308729171753e-01, e: 2.6741984486579895e-01
#ERR  p: [216, 1572], r: 2.5794383883476257e-01, e: 2.5770553946495056e-01
#ERR  p: [270, 1571], r: 2.7229005098342896e-01, e: 2.7222928404808044e-01
#ERR  p: [279, 1571], r: 2.7452546358108521e-01, e: 2.7471861243247986e-01
#ERR  p: [288, 1571], r: 2.7745187282562256e-01, e: 2.7719792723655701e-01
#ERR  p: [234, 1572], r: 2.6188471913337708e-01, e: 2.6237341761589050e-01
#ERR  p: [297, 1571], r: 2.7961084246635437e-01, e: 2.7971974015235901e-01
#ERR  p: [306, 1571], r: 2.8234463930130005e-01, e: 2.8222376108169556e-01
#ERR  p: [315, 1571], r: 2.8517237305641174e-01, e: 2.8479591012001038e-01
#ERR  p: [243, 1572], r: 2.6437616348266602e-01, e: 2.6471865177154541e-01
#ERR  p: [324, 1570], r: 2.8757882118225098e-01, e: 2.8761908411979675e-01
#ERR  p: [333, 1570], r: 2.9038038849830627e-01, e: 2.9021072387695312e-01
#ERR  p: [342, 1570], r: 2.9307600855827332e-01, e: 2.9288339614868164e-01
#ERR  p: [351, 1570], r: 2.9558745026588440e-01, e: 2.9547300934791565e-01
#ERR  p: [360, 1570], r: 2.9799580574035645e-01, e: 2.9819700121879578e-01
#ERR  p: [405, 1570], r: 3.1203094124794006e-01, e: 3.1193229556083679e-01
#ERR  p: [378, 1570], r: 3.0400550365447998e-01, e: 3.0364361405372620e-01
#ERR  p: [387, 1570], r: 3.0660584568977356e-01, e: 3.0635061860084534e-01
#ERR  p: [396, 1570], r: 3.0915665626525879e-01, e: 3.0909439921379089e-01
#ERR  p: [414, 1570], r: 3.1430926918983459e-01, e: 3.1474849581718445e-01
#ERR  p: [531, 1569], r: 3.5407984256744385e-01, e: 3.5414919257164001e-01
#ERR  p: [432, 1570], r: 3.2050347328186035e-01, e: 3.2045984268188477e-01
#ERR  p: [441, 1570], r: 3.2330793142318726e-01, e: 3.2331463694572449e-01
#ERR  p: [477, 1570], r: 3.3582001924514771e-01, e: 3.3520063757896423e-01
#ERR  p: [369, 1571], r: 3.0088016390800476e-01, e: 3.0059057474136353e-01
#ERR  p: [558, 1569], r: 3.6390578746795654e-01, e: 3.6386141180992126e-01
#ERR  p: [567, 1569], r: 3.6712816357612610e-01, e: 3.6710631847381592e-01
#ERR  p: [576, 1569], r: 3.7028422951698303e-01, e: 3.7044605612754822e-01
#ERR  p: [585, 1569], r: 3.7380027770996094e-01, e: 3.7387970089912415e-01
#ERR  p: [594, 1569], r: 3.7701573967933655e-01, e: 3.7722721695899963e-01
#ERR  p: [603, 1569], r: 3.8085106015205383e-01, e: 3.8060495257377625e-01
#ERR  p: [612, 1569], r: 3.8402667641639709e-01, e: 3.8402685523033142e-01
#ERR  p: [621, 1569], r: 3.8755336403846741e-01, e: 3.8755521178245544e-01
#ERR  p: [630, 1569], r: 3.9072266221046448e-01, e: 3.9103457331657410e-01
#ERR  p: [639, 1569], r: 3.9458510279655457e-01, e: 3.9448291063308716e-01
#ERR  p: [648, 1569], r: 3.9838173985481262e-01, e: 3.9810022711753845e-01
#ERR  p: [657, 1569], r: 4.0175005793571472e-01, e: 4.0169972181320190e-01
#ERR  p: [666, 1569], r: 4.0575620532035828e-01, e: 4.0533703565597534e-01
#ERR  p: [675, 1569], r: 4.0924206376075745e-01, e: 4.0902689099311829e-01
#ERR  p: [684, 1569], r: 4.1301482915878296e-01, e: 4.1270157694816589e-01
#ERR  p: [693, 1569], r: 4.1635182499885559e-01, e: 4.1640648245811462e-01
#ERR  p: [747, 1569], r: 4.3936944007873535e-01, e: 4.3953761458396912e-01
#ERR  p: [756, 1569], r: 4.4354164600372314e-01, e: 4.4358938932418823e-01
#ERR  p: [810, 1553], r: 4.7572648525238037e-01, e: 4.7568956017494202e-01
#ERR  p: [855, 1553], r: 4.9784117937088013e-01, e: 4.9756342172622681e-01
#ERR  p: [765, 1569], r: 4.4745808839797974e-01, e: 4.4754049181938171e-01
#ERR  p: [783, 1569], r: 4.5589205622673035e-01, e: 4.5572122931480408e-01
#ERR  p: [774, 1569], r: 4.5155096054077148e-01, e: 4.5159438252449036e-01
#ERR  p: [792, 1569], r: 4.5975780487060547e-01, e: 4.5981898903846741e-01
#ERR  p: [819, 1553], r: 4.7998762130737305e-01, e: 4.7995910048484802e-01
#ERR  p: [738, 1569], r: 4.3556037545204163e-01, e: 4.3552774190902710e-01
#ERR  p: [801, 1553], r: 4.7151011228561401e-01, e: 4.7143688797950745e-01
#ERR  p: [729, 1569], r: 4.3108499050140381e-01, e: 4.3171107769012451e-01
#ERR  p: [720, 1569], r: 4.2817449569702148e-01, e: 4.2778074741363525e-01
#ERR  p: [711, 1569], r: 4.2391148209571838e-01, e: 4.2398530244827271e-01
#ERR  p: [702, 1569], r: 4.2005139589309692e-01, e: 4.2014831304550171e-01
#ERR  p: [450, 1570], r: 3.2650649547576904e-01, e: 3.2628029584884644e-01
#ERR  p: [459, 1570], r: 3.2947668433189392e-01, e: 3.2922795414924622e-01
#ERR  p: [423, 1570], r: 3.1739699840545654e-01, e: 3.1756219267845154e-01
#ERR  p: [864, 1553], r: 5.0234276056289673e-01, e: 5.0214737653732300e-01
#ERR  p: [846, 1553], r: 4.9358367919921875e-01, e: 4.9317574501037598e-01
#ERR  p: [837, 1553], r: 4.8868203163146973e-01, e: 4.8868948221206665e-01
#ERR  p: [828, 1554], r: 4.8396241664886475e-01, e: 4.8387888073921204e-01
#ERR  p: [909, 1553], r: 5.2505123615264893e-01, e: 5.2511614561080933e-01
#ERR  p: [927, 1553], r: 5.3488099575042725e-01, e: 5.3475421667098999e-01
#ERR  p: [900, 1553], r: 5.2033150196075439e-01, e: 5.2049255371093750e-01
#ERR  p: [954, 1553], r: 5.4955554008483887e-01, e: 5.4932439327239990e-01
#ERR  p: [918, 1553], r: 5.3006726503372192e-01, e: 5.2996063232421875e-01
#ERR  p: [972, 1553], r: 5.5892974138259888e-01, e: 5.5917954444885254e-01
#ERR  p: [936, 1553], r: 5.3949391841888428e-01, e: 5.3950887918472290e-01
#ERR  p: [1008, 1553], r: 5.7991647720336914e-01, e: 5.7976359128952026e-01
#ERR  p: [963, 1553], r: 5.5442011356353760e-01, e: 5.5424559116363525e-01
#ERR  p: [981, 1553], r: 5.6450033187866211e-01, e: 5.6436926126480103e-01
#ERR  p: [1044, 1553], r: 6.0092699527740479e-01, e: 6.0104691982269287e-01
#ERR  p: [1035, 1553], r: 5.9569388628005981e-01, e: 5.9577816724777222e-01
#ERR  p: [882, 1553], r: 5.1170021295547485e-01, e: 5.1130586862564087e-01
#ERR  p: [1116, 1553], r: 6.4602243900299072e-01, e: 6.4598888158798218e-01
#ERR  p: [873, 1553], r: 5.0657939910888672e-01, e: 5.0658351182937622e-01
#ERR  p: [1134, 1553], r: 6.5772843360900879e-01, e: 6.5767252445220947e-01
#ERR  p: [891, 1553], r: 5.1584947109222412e-01, e: 5.1586067676544189e-01
#ERR  p: [1152, 1553], r: 6.6990596055984497e-01, e: 6.6963595151901245e-01
#ERR  p: [1161, 1553], r: 6.7555606365203857e-01, e: 6.7572838068008423e-01
#ERR  p: [1179, 1553], r: 6.8765169382095337e-01, e: 6.8797457218170166e-01
#ERR  p: [1188, 1553], r: 6.9433170557022095e-01, e: 6.9412600994110107e-01
#ERR  p: [1125, 1553], r: 6.5169000625610352e-01, e: 6.5190738439559937e-01
#ERR  p: [1143, 1553], r: 6.6386646032333374e-01, e: 6.6360658407211304e-01
#ERR  p: [1206, 1553], r: 7.0674979686737061e-01, e: 7.0683330297470093e-01
#ERR  p: [1197, 1553], r: 7.0057845115661621e-01, e: 7.0044797658920288e-01
#ERR  p: [1170, 1553], r: 6.8215954303741455e-01, e: 6.8195742368698120e-01
#ERR  p: [1215, 1553], r: 7.1346861124038696e-01, e: 7.1331346035003662e-01
#ERR  p: [1224, 1553], r: 7.1965062618255615e-01, e: 7.1970802545547485e-01
#ERR  p: [1233, 1553], r: 7.2597408294677734e-01, e: 7.2614401578903198e-01
#ERR  p: [945, 1553], r: 5.4460859298706055e-01, e: 5.4441839456558228e-01
#ERR  p: [1242, 1553], r: 7.3257523775100708e-01, e: 7.3267441987991333e-01
#ERR  p: [1251, 1553], r: 7.3930102586746216e-01, e: 7.3928385972976685e-01
#ERR  p: [990, 1553], r: 5.6932878494262695e-01, e: 5.6954133510589600e-01
#ERR  p: [1278, 1553], r: 7.5990945100784302e-01, e: 7.5968486070632935e-01
#ERR  p: [1314, 1553], r: 7.8755742311477661e-01, e: 7.8742039203643799e-01
#ERR  p: [1053, 1553], r: 6.0621863603591919e-01, e: 6.0650128126144409e-01
#ERR  p: [1026, 1553], r: 5.8999991416931152e-01, e: 5.9027051925659180e-01
#ERR  p: [1305, 1553], r: 7.8038311004638672e-01, e: 7.8033685684204102e-01
#ERR  p: [1017, 1553], r: 5.8487695455551147e-01, e: 5.8504432439804077e-01
#ERR  p: [1341, 1553], r: 8.0942308902740479e-01, e: 8.0914562940597534e-01
#ERR  p: [1350, 1553], r: 8.1634235382080078e-01, e: 8.1622159481048584e-01
#ERR  p: [1377, 1553], r: 8.3872425556182861e-01, e: 8.3851557970046997e-01
#ERR  p: [1089, 1553], r: 6.2906944751739502e-01, e: 6.2887662649154663e-01
#ERR  p: [1404, 1553], r: 8.6153572797775269e-01, e: 8.6157894134521484e-01
#ERR  p: [1395, 1553], r: 8.5394757986068726e-01, e: 8.5387748479843140e-01
#ERR  p: [1368, 1553], r: 8.3117103576660156e-01, e: 8.3097499608993530e-01
#ERR  p: [1413, 1553], r: 8.6918914318084717e-01, e: 8.6919254064559937e-01
#ERR  p: [1449, 1553], r: 9.0118408203125000e-01, e: 9.0122580528259277e-01
#ERR  p: [1359, 1553], r: 8.2356172800064087e-01, e: 8.2351845502853394e-01
#ERR  p: [1431, 1553], r: 8.8512915372848511e-01, e: 8.8521081209182739e-01
#ERR  p: [1467, 1553], r: 9.1725915670394897e-01, e: 9.1748136281967163e-01
#ERR  p: [1386, 1553], r: 8.4629619121551514e-01, e: 8.4607696533203125e-01
#ERR  p: [1485, 1553], r: 9.3392348289489746e-01, e: 9.3405848741531372e-01
#ERR  p: [1071, 1553], r: 6.1759132146835327e-01, e: 6.1762636899948120e-01
#ERR  p: [1539, 1553], r: 9.8629051446914673e-01, e: 9.8613542318344116e-01
#ERR  p: [1530, 1553], r: 9.7735279798507690e-01, e: 9.7728866338729858e-01
#ERR  p: [1080, 1553], r: 6.2298566102981567e-01, e: 6.2306582927703857e-01
#ERR  p: [261, 1572], r: 2.6927846670150757e-01, e: 2.6954638957977295e-01
#ERR  p: [1062, 1553], r: 6.1161506175994873e-01, e: 6.1194282770156860e-01
#ERR  p: [1494, 1553], r: 9.4275480508804321e-01, e: 9.4273281097412109e-01
#ERR  p: [1503, 1553], r: 9.5096725225448608e-01, e: 9.5092254877090454e-01
#ERR  p: [1512, 1553], r: 9.5985132455825806e-01, e: 9.5974242687225342e-01
#ERR  p: [1521, 1553], r: 9.6824407577514648e-01, e: 9.6812343597412109e-01
#ERR  p: [1548, 1553], r: 9.9465060234069824e-01, e: 9.9473333358764648e-01
#ERR  p: [1809, 1553], r: 1.5470230020582676e-02, e: 1.5468800440430641e-02
#ERR  p: [1557, 1553], r: 1.9902331754565239e-02, e: 1.9900729879736900e-02
#ERR  p: [1827, 1553], r: 1.5191315673291683e-02, e: 1.5191581100225449e-02
#ERR  p: [1107, 1553], r: 6.4017575979232788e-01, e: 6.4021342992782593e-01
#ERR  p: [1710, 1553], r: 1.7078435048460960e-02, e: 1.7079461365938187e-02
#ERR  p: [1854, 1553], r: 1.4787493273615837e-02, e: 1.4788542874157429e-02
#ERR  p: [1602, 1553], r: 1.9024306908249855e-02, e: 1.9024917855858803e-02
#ERR  p: [1728, 1553], r: 1.6771994531154633e-02, e: 1.6772508621215820e-02
#ERR  p: [1872, 1553], r: 1.4521876350045204e-02, e: 1.4521545730531216e-02
#ERR  p: [1881, 1553], r: 1.4394223690032959e-02, e: 1.4392684213817120e-02
#ERR  p: [1890, 1553], r: 1.4263013377785683e-02, e: 1.4263553544878960e-02
#ERR  p: [1098, 1553], r: 6.3456171751022339e-01, e: 6.3459378480911255e-01
#ERR  p: [1899, 1553], r: 1.4135128818452358e-02, e: 1.4134189113974571e-02
#ERR  p: [1620, 1553], r: 1.8690582364797592e-02, e: 1.8689462915062904e-02
#ERR  p: [1917, 1553], r: 1.3884842395782471e-02, e: 1.3886126689612865e-02
#ERR  p: [1629, 1553], r: 1.8510751426219940e-02, e: 1.8510269001126289e-02
#ERR  p: [1944, 1553], r: 1.3515478931367397e-02, e: 1.3513170182704926e-02
#ERR  p: [1962, 1553], r: 1.3271470554172993e-02, e: 1.3269762508571148e-02
#ERR  p: [1647, 1553], r: 1.8190387636423111e-02, e: 1.8187634646892548e-02
#ERR  p: [1656, 1553], r: 1.8021168187260628e-02, e: 1.8022987991571426e-02
#ERR  p: [1665, 1553], r: 1.7862228676676750e-02, e: 1.7862150445580482e-02
#ERR  p: [1845, 1553], r: 1.4920135959982872e-02, e: 1.4918958768248558e-02
#ERR  p: [1692, 1553], r: 1.7386611551046371e-02, e: 1.7384100705385208e-02
#ERR  p: [1683, 1553], r: 1.7543338239192963e-02, e: 1.7543407157063484e-02
#ERR  p: [1260, 1553], r: 7.4608498811721802e-01, e: 7.4601489305496216e-01
#ERR  p: [1908, 1553], r: 1.4007391408085823e-02, e: 1.4007327146828175e-02
#ERR  p: [1269, 1553], r: 7.5242435932159424e-01, e: 7.5253319740295410e-01
#ERR  p: [1926, 1553], r: 1.3761014677584171e-02, e: 1.3759553432464600e-02
#ERR  p: [1287, 1553], r: 7.6670598983764648e-01, e: 7.6646065711975098e-01
#ERR  p: [1935, 1553], r: 1.3636337593197823e-02, e: 1.3637059368193150e-02
#ERR  p: [1755, 1553], r: 1.6322618350386620e-02, e: 1.6324654221534729e-02
#ERR  p: [1953, 1553], r: 1.3392043299973011e-02, e: 1.3390311971306801e-02
#ERR  p: [1764, 1553], r: 1.6180684790015221e-02, e: 1.6180856153368950e-02
#ERR  p: [1971, 1553], r: 1.3157214969396591e-02, e: 1.3155634514987469e-02
#ERR  p: [1773, 1553], r: 1.6035947948694229e-02, e: 1.6033211722970009e-02
#ERR  p: [1989, 1553], r: 1.2922542169690132e-02, e: 1.2921931222081184e-02
#ERR  p: [1782, 1553], r: 1.5892639756202698e-02, e: 1.5891937538981438e-02
#ERR  p: [1791, 1553], r: 1.5748487785458565e-02, e: 1.5747485682368279e-02
#ERR  p: [198, 1573], r: 2.5276467204093933e-01, e: 2.5284522771835327e-01
#ERR  p: [1863, 1553], r: 1.4654515311121941e-02, e: 1.4655072242021561e-02
#ERR  p: [1296, 1553], r: 7.7349603176116943e-01, e: 7.7344083786010742e-01
#ERR  p: [1323, 1553], r: 7.9442012310028076e-01, e: 7.9440146684646606e-01
#ERR  p: [1332, 1553], r: 8.0165922641754150e-01, e: 8.0167186260223389e-01
#ERR  p: [2040, 1553], r: 1.2277160771191120e-02, e: 1.2276631779968739e-02
#ERR  p: [1998, 1554], r: 1.2816812843084335e-02, e: 1.2818267568945885e-02
#ERR  p: [2007, 1554], r: 1.2702766805887222e-02, e: 1.2705072760581970e-02
#ERR  p: [1422, 1553], r: 8.7747782468795776e-01, e: 8.7744426727294922e-01
#ERR  p: [2016, 1554], r: 1.2588225305080414e-02, e: 1.2586891651153564e-02
#ERR  p: [1458, 1553], r: 9.0927320718765259e-01, e: 9.0934479236602783e-01
#ERR  p: [1440, 1553], r: 8.9283484220504761e-01, e: 8.9303171634674072e-01
#ERR  p: [1476, 1553], r: 9.2571127414703369e-01, e: 9.2550134658813477e-01
#ERR  p: [1566, 1553], r: 1.9721891731023788e-02, e: 1.9719706848263741e-02
#ERR  p: [1575, 1553], r: 1.9547721371054649e-02, e: 1.9544573500752449e-02
#ERR  p: [1593, 1553], r: 1.9197596237063408e-02, e: 1.9194828346371651e-02
#ERR  p: [1584, 1553], r: 1.9372405484318733e-02, e: 1.9370282068848610e-02
#ERR  p: [1611, 1553], r: 1.8855167552828789e-02, e: 1.8853051587939262e-02
#ERR  p: [1638, 1553], r: 1.8348112702369690e-02, e: 1.8348682671785355e-02
#ERR  p: [1674, 1553], r: 1.7705850303173065e-02, e: 1.7703671008348465e-02
#ERR  p: [1701, 1553], r: 1.7234506085515022e-02, e: 1.7232002690434456e-02
#ERR  p: [1737, 1553], r: 1.6624867916107178e-02, e: 1.6624173149466515e-02
#ERR  p: [1719, 1553], r: 1.6923412680625916e-02, e: 1.6919864341616631e-02
#ERR  p: [1746, 1553], r: 1.6474535688757896e-02, e: 1.6472866758704185e-02
#ERR  p: [1800, 1553], r: 1.5609886497259140e-02, e: 1.5609117224812508e-02
#ERR  p: [1818, 1553], r: 1.5331005677580833e-02, e: 1.5332730486989021e-02
#ERR  p: [1836, 1553], r: 1.5055557712912560e-02, e: 1.5058166347444057e-02
#ERR  p: [1980, 1554], r: 1.3052005320787430e-02, e: 1.3052120804786682e-02
#ERR  p: [2024, 1554], r: 1.2488644570112228e-02, e: 1.2490458786487579e-02
#ERR  p: [2032, 1554], r: 1.2388274073600769e-02, e: 1.2391321361064911e-02
#ERR  p: [468, 1570], r: 3.3263921737670898e-01, e: 3.3220031857490540e-01
#ERR  p: [486, 1570], r: 3.3810707926750183e-01, e: 3.3817827701568604e-01
#ERR  p: [495, 1570], r: 3.4151452779769897e-01, e: 3.4128558635711670e-01
#ERR  p: [504, 1570], r: 3.4435778856277466e-01, e: 3.4438294172286987e-01
#ERR  p: [513, 1570], r: 3.4738880395889282e-01, e: 3.4745851159095764e-01
#ERR  p: [549, 1570], r: 3.6052784323692322e-01, e: 3.6027407646179199e-01
#ERR  p: [540, 1570], r: 3.5656449198722839e-01, e: 3.5703426599502563e-01
#ERR  p: [207, 1573], r: 2.5533995032310486e-01, e: 2.5511902570724487e-01
#ERR  p: [192, 1573], r: -3.7023355960845947e+00, e: 2.5131785869598389e-01
#ERR  p: [522, 1570], r: 3.5066583752632141e-01, e: 3.5065877437591553e-01
#ERR  p: [225, 1572], r: 2.6026931405067444e-01, e: 2.6001220941543579e-01
#ERR  p: [999, 1554], r: 5.7408434152603149e-01, e: 5.7397395372390747e-01
#ERR  p: [252, 1572], r: 2.6693511009216309e-01, e: 2.6710850000381470e-01
#ERR  p: [216, 1573], r: 2.5763225555419922e-01, e: 2.5739455223083496e-01
#ERR  p: [270, 1572], r: 2.7204954624176025e-01, e: 2.7198839187622070e-01
#ERR  p: [279, 1572], r: 2.7422845363616943e-01, e: 2.7442571520805359e-01
#ERR  p: [288, 1572], r: 2.7718338370323181e-01, e: 2.7693355083465576e-01
#ERR  p: [234, 1573], r: 2.6159611344337463e-01, e: 2.6208421587944031e-01
#ERR  p: [297, 1572], r: 2.7929502725601196e-01, e: 2.7940165996551514e-01
#ERR  p: [306, 1572], r: 2.8208044171333313e-01, e: 2.8196218609809875e-01
#ERR  p: [315, 1572], r: 2.8487125039100647e-01, e: 2.8449591994285583e-01
#ERR  p: [243, 1573], r: 2.6416167616844177e-01, e: 2.6450648903846741e-01
#ERR  p: [324, 1571], r: 2.8729319572448730e-01, e: 2.8733196854591370e-01
#SDC Ite:0 KerTime:17.051931 AccTime:17.051931 KerErr:910103 AccErr:910103
#ABORT too many errors per iteration
#END