[INFO -- 2017-03-22 15:08:05]
shell stdout: 
[INFO -- 2017-03-22 15:08:05]
shell stdout: 
[INFO -- 2017-03-22 15:08:05]
shell stdout: 
[INFO -- 2017-03-22 15:08:06]
shell stdout: 
[INFO -- 2017-03-22 15:08:06]
shell stdout: 
[INFO -- 2017-03-22 15:08:06]
Starting GDB script
[INFO -- 2017-03-22 15:08:06]
initSignal:8.0
[INFO -- 2017-03-22 15:08:06]
endSignal:12.0
[INFO -- 2017-03-22 15:08:06]
seqSignal:30
[INFO -- 2017-03-22 15:08:14]
sending 30 signals using command: 'ssh -T mic0 killall -2 needle_check' after 8.52487615294s
[INFO -- 2017-03-22 15:08:14]
shell stdout: 
[INFO -- 2017-03-22 15:08:15]
shell stdout: 
[INFO -- 2017-03-22 15:08:15]
shell stdout: 
[INFO -- 2017-03-22 15:08:15]
sending 30 signals using command: 'ssh -T mic0 killall -2 needle_check' after 9.67421074902s
[INFO -- 2017-03-22 15:08:16]
sending 30 signals using command: 'ssh -T mic0 killall -2 needle_check' after 9.9925215997s
[INFO -- 2017-03-22 15:08:16]
shell stdout: 
[INFO -- 2017-03-22 15:08:16]
shell stdout: 
[INFO -- 2017-03-22 15:08:16]
shell stdout: 
[INFO -- 2017-03-22 15:08:16]
shell stdout: 
[INFO -- 2017-03-22 15:08:16]
shell stdout: 
[INFO -- 2017-03-22 15:08:16]
shell stdout: 
[INFO -- 2017-03-22 15:08:17]
shell stdout: 
[INFO -- 2017-03-22 15:08:17]
shell stdout: 
[INFO -- 2017-03-22 15:08:17]
shell stdout: 
[INFO -- 2017-03-22 15:08:17]
shell stdout: 
[INFO -- 2017-03-22 15:08:17]
shell stdout: 
[INFO -- 2017-03-22 15:08:17]
shell stdout: 
[INFO -- 2017-03-22 15:08:17]
shell stdout: 
[INFO -- 2017-03-22 15:08:17]
shell stdout: 
[INFO -- 2017-03-22 15:08:18]
shell stdout: 
[INFO -- 2017-03-22 15:08:18]
shell stdout: 
[INFO -- 2017-03-22 15:08:18]
shell stdout: 
[INFO -- 2017-03-22 15:08:18]
shell stdout: 
[INFO -- 2017-03-22 15:08:18]
shell stdout: 
[INFO -- 2017-03-22 15:08:18]
shell stdout: 
[INFO -- 2017-03-22 15:08:18]
shell stdout: 
[INFO -- 2017-03-22 15:08:19]
shell stdout: 
[INFO -- 2017-03-22 15:08:19]
shell stdout: 
[INFO -- 2017-03-22 15:08:19]
shell stdout: 
[INFO -- 2017-03-22 15:08:19]
shell stdout: 
[INFO -- 2017-03-22 15:08:19]
shell stdout: 
[INFO -- 2017-03-22 15:08:19]
shell stdout: 
[INFO -- 2017-03-22 15:08:19]
shell stdout: 
[INFO -- 2017-03-22 15:08:19]
shell stdout: 
[INFO -- 2017-03-22 15:08:20]
shell stdout: 
[INFO -- 2017-03-22 15:08:20]
shell stdout: 
[INFO -- 2017-03-22 15:08:20]
shell stdout: 
[INFO -- 2017-03-22 15:08:20]
shell stdout: 
[INFO -- 2017-03-22 15:08:20]
shell stdout: 
[INFO -- 2017-03-22 15:08:20]
shell stdout: 
[INFO -- 2017-03-22 15:08:20]
shell stdout: 
[INFO -- 2017-03-22 15:08:21]
shell stdout: 
[INFO -- 2017-03-22 15:08:21]
shell stdout: 
[INFO -- 2017-03-22 15:08:21]
shell stdout: 
[INFO -- 2017-03-22 15:08:21]
shell stdout: 
[INFO -- 2017-03-22 15:08:21]
shell stdout: 
[INFO -- 2017-03-22 15:08:21]
shell stdout: 
[INFO -- 2017-03-22 15:08:21]
shell stdout: 
[INFO -- 2017-03-22 15:08:22]
shell stdout: 
[INFO -- 2017-03-22 15:08:22]
shell stdout: 
[INFO -- 2017-03-22 15:08:22]
shell stdout: 
[INFO -- 2017-03-22 15:08:22]
shell stdout: 
[INFO -- 2017-03-22 15:08:22]
shell stdout: 
[INFO -- 2017-03-22 15:08:22]
shell stdout: 
[INFO -- 2017-03-22 15:08:22]
shell stdout: 
[INFO -- 2017-03-22 15:08:23]
shell stdout: 
[INFO -- 2017-03-22 15:08:23]
shell stdout: 
[INFO -- 2017-03-22 15:08:23]
shell stdout: 
[INFO -- 2017-03-22 15:08:23]
shell stdout: 
[INFO -- 2017-03-22 15:08:23]
shell stdout: 
[INFO -- 2017-03-22 15:08:23]
shell stdout: 
[INFO -- 2017-03-22 15:08:23]
shell stdout: 
[INFO -- 2017-03-22 15:08:23]
shell stdout: 
[INFO -- 2017-03-22 15:08:24]
shell stdout: 
[INFO -- 2017-03-22 15:08:24]
shell stdout: 
[INFO -- 2017-03-22 15:08:24]
shell stdout: 
[INFO -- 2017-03-22 15:08:24]
shell stdout: 
[INFO -- 2017-03-22 15:08:24]
shell stdout: 
[INFO -- 2017-03-22 15:08:24]
shell stdout: 
[INFO -- 2017-03-22 15:08:24]
shell stdout: 
[INFO -- 2017-03-22 15:08:25]
shell stdout: 
[INFO -- 2017-03-22 15:08:25]
shell stdout: 
[INFO -- 2017-03-22 15:08:25]
shell stdout: 
[INFO -- 2017-03-22 15:08:25]
shell stdout: 
[INFO -- 2017-03-22 15:08:25]
shell stdout: 
[INFO -- 2017-03-22 15:08:25]
shell stdout: 
[INFO -- 2017-03-22 15:08:25]
shell stdout: 
[INFO -- 2017-03-22 15:08:25]
shell stdout: 
[INFO -- 2017-03-22 15:08:26]
shell stdout: 
[INFO -- 2017-03-22 15:08:26]
shell stdout: 
[INFO -- 2017-03-22 15:08:26]
shell stdout: 
[INFO -- 2017-03-22 15:08:26]
shell stdout: 
[INFO -- 2017-03-22 15:08:26]
shell stdout: 
[INFO -- 2017-03-22 15:08:26]
shell stdout: 
[INFO -- 2017-03-22 15:08:27]
shell stdout: 
[INFO -- 2017-03-22 15:08:27]
shell stdout: 
[INFO -- 2017-03-22 15:08:27]
shell stdout: 
[INFO -- 2017-03-22 15:08:27]
shell stdout: 
[INFO -- 2017-03-22 15:08:27]
shell stdout: 
[INFO -- 2017-03-22 15:08:27]
shell stdout: 
[INFO -- 2017-03-22 15:08:28]
shell stdout: 
[INFO -- 2017-03-22 15:08:28]
shell stdout: 
[INFO -- 2017-03-22 15:09:13]
no gdbExecName running, out:
[INFO -- 2017-03-22 15:09:13]
checCmd:ps -e | grep -i gdb-mic
[INFO -- 2017-03-22 15:09:13]
finished now-timestampStart < maxWaitTime*5
[INFO -- 2017-03-22 15:09:13]
now: 1490209751
[INFO -- 2017-03-22 15:09:13]
timestampStart: 1490209686
[INFO -- 2017-03-22 15:09:13]
kill cmd: killall -9 gdb-mic
[INFO -- 2017-03-22 15:09:13]
shell stdout: 
[INFO -- 2017-03-22 15:09:13]
kill cmd: ssh -T mic0 killall -9 needle_check
[INFO -- 2017-03-22 15:09:13]
shell stdout: 
[INFO -- 2017-03-22 15:09:14]
kill cmd: ssh -T mic0 killall -9 gdbserver
[INFO -- 2017-03-22 15:09:14]
shell stdout: 
[INFO -- 2017-03-22 15:09:14]
kill cmd: ssh -T mic0 killall -9 sshd
[INFO -- 2017-03-22 15:09:14]
shell stdout: 
