[INFO -- 2017-03-08 11:58:20]
Starting GDB script
[INFO -- 2017-03-08 11:58:20]
initSignal:35.0
[INFO -- 2017-03-08 11:58:20]
endSignal:40.0
[INFO -- 2017-03-08 11:58:20]
seqSignal:20
[INFO -- 2017-03-08 11:58:56]
sending 20 signals using command: 'ssh -T mic0 killall -2 clamr_openmponly' after 35.4988832143s
[INFO -- 2017-03-08 11:58:56]
shell stdout: 
[INFO -- 2017-03-08 11:58:57]
shell stdout: 
[INFO -- 2017-03-08 11:58:57]
shell stdout: 
[INFO -- 2017-03-08 11:58:58]
shell stdout: 
[INFO -- 2017-03-08 11:58:58]
sending 20 signals using command: 'ssh -T mic0 killall -2 clamr_openmponly' after 37.8334793989s
[INFO -- 2017-03-08 11:58:58]
shell stdout: 
[INFO -- 2017-03-08 11:58:58]
shell stdout: 
[INFO -- 2017-03-08 11:58:59]
shell stdout: 
[INFO -- 2017-03-08 11:58:59]
shell stdout: 
[INFO -- 2017-03-08 11:58:59]
shell stdout: 
[INFO -- 2017-03-08 11:58:59]
shell stdout: 
[INFO -- 2017-03-08 11:58:59]
shell stdout: 
[INFO -- 2017-03-08 11:59:00]
shell stdout: 
[INFO -- 2017-03-08 11:59:00]
shell stdout: 
[INFO -- 2017-03-08 11:59:00]
shell stdout: 
[INFO -- 2017-03-08 11:59:00]
shell stdout: 
[INFO -- 2017-03-08 11:59:01]
shell stdout: 
[INFO -- 2017-03-08 11:59:01]
shell stdout: 
[INFO -- 2017-03-08 11:59:01]
shell stdout: 
[INFO -- 2017-03-08 11:59:01]
shell stdout: 
[INFO -- 2017-03-08 11:59:01]
shell stdout: 
[INFO -- 2017-03-08 11:59:02]
shell stdout: 
[INFO -- 2017-03-08 11:59:02]
shell stdout: 
[INFO -- 2017-03-08 11:59:02]
shell stdout: 
[INFO -- 2017-03-08 11:59:03]
shell stdout: 
[INFO -- 2017-03-08 11:59:03]
shell stdout: 
[INFO -- 2017-03-08 11:59:03]
shell stdout: 
[INFO -- 2017-03-08 11:59:03]
shell stdout: 
[INFO -- 2017-03-08 11:59:04]
shell stdout: 
[INFO -- 2017-03-08 11:59:04]
shell stdout: 
[INFO -- 2017-03-08 11:59:04]
shell stdout: 
[INFO -- 2017-03-08 11:59:04]
shell stdout: 
[INFO -- 2017-03-08 11:59:05]
shell stdout: 
[INFO -- 2017-03-08 11:59:05]
shell stdout: 
[INFO -- 2017-03-08 11:59:05]
shell stdout: 
[INFO -- 2017-03-08 11:59:05]
shell stdout: 
[INFO -- 2017-03-08 11:59:06]
shell stdout: 
[INFO -- 2017-03-08 11:59:07]
shell stdout: 
[INFO -- 2017-03-08 11:59:07]
shell stdout: 
[INFO -- 2017-03-08 11:59:08]
shell stdout: 
[INFO -- 2017-03-08 11:59:09]
shell stdout: 
[INFO -- 2017-03-08 11:59:32]
no gdbExecName running, out:
[INFO -- 2017-03-08 11:59:32]
checCmd:ps -e | grep -i gdb-mic
[INFO -- 2017-03-08 11:59:32]
finished now-timestampStart < maxWaitTime*5
[INFO -- 2017-03-08 11:59:32]
now: 1488992363
[INFO -- 2017-03-08 11:59:32]
timestampStart: 1488992300
[INFO -- 2017-03-08 11:59:32]
kill cmd: killall -9 gdb-mic
[INFO -- 2017-03-08 11:59:32]
shell stdout: 
[INFO -- 2017-03-08 11:59:32]
kill cmd: ssh -T mic0 killall -9 clamr_openmponly
[INFO -- 2017-03-08 11:59:32]
shell stdout: 
[INFO -- 2017-03-08 11:59:32]
kill cmd: ssh -T mic0 killall -9 gdbserver
[INFO -- 2017-03-08 11:59:32]
shell stdout: 
[INFO -- 2017-03-08 11:59:33]
kill cmd: ssh -T mic0 killall -9 sshd
[INFO -- 2017-03-08 11:59:33]
shell stdout: 
