2016-11-01 04:53:55:Starting GDB script
2016-11-01 04:53:57:sending signal using command: 'ssh -T mic0 killall -2 lud_check' after 1.06317398247s
2016-11-01 04:53:57:shell stdout: 
2016-11-01 04:53:58:sending signal using command: 'ssh -T mic0 killall -2 lud_check' after 2.03985902784s
2016-11-01 04:53:58:shell stdout: 
2016-11-01 04:53:58:sending signal using command: 'ssh -T mic0 killall -2 lud_check' after 2.1630572289s
2016-11-01 04:53:58:shell stdout: 
2016-11-01 04:53:59:sending signal using command: 'ssh -T mic0 killall -2 lud_check' after 2.98881424957s
2016-11-01 04:53:59:shell stdout: 
2016-11-01 04:53:59:sending signal using command: 'ssh -T mic0 killall -2 lud_check' after 3.04711672705s
2016-11-01 04:53:59:shell stdout: 
2016-11-01 04:54:00:sending signal using command: 'ssh -T mic0 killall -2 lud_check' after 3.6811954016s
2016-11-01 04:54:00:shell stdout: 
2016-11-01 04:54:00:sending signal using command: 'ssh -T mic0 killall -2 lud_check' after 4.2759823212s
2016-11-01 04:54:00:shell stdout: 
2016-11-01 04:54:01:sending signal using command: 'ssh -T mic0 killall -2 lud_check' after 4.54843983461s
2016-11-01 04:54:01:shell stdout: 
2016-11-01 04:54:01:sending signal using command: 'ssh -T mic0 killall -2 lud_check' after 4.67869294398s
2016-11-01 04:54:01:shell stdout: 
2016-11-01 04:54:01:sending signal using command: 'ssh -T mic0 killall -2 lud_check' after 5.07782977497s
2016-11-01 04:54:01:shell stdout: 
2016-11-01 04:54:11:no gdbExecName running, out:
2016-11-01 04:54:11:checCmd:ps -e | grep -i gdb-mic
2016-11-01 04:54:11:finished now-timestampStart < maxWaitTime*5
2016-11-01 04:54:11:now: 1477990451
2016-11-01 04:54:11:timestampStart: 1477990435
2016-11-01 04:54:11:kill cmd: killall -9 gdb-mic
2016-11-01 04:54:11:shell stdout: 
2016-11-01 04:54:11:kill cmd: ssh -T mic0 killall -9 lud_check
2016-11-01 04:54:11:shell stdout: 
2016-11-01 04:54:12:kill cmd: ssh -T mic0 killall -9 gdbserver
2016-11-01 04:54:12:shell stdout: 
2016-11-01 04:54:12:kill cmd: ssh -T mic0 killall -9 sshd
2016-11-01 04:54:12:shell stdout: 
