[INFO -- 2017-03-26 22:02:10]
Starting flip_value script
version: 2.0
[INFO -- 2017-03-26 22:02:10]
Initialization strings:
[INFO -- 2017-03-26 22:02:10]
(1) target extended-remote | ssh -T mic0 gdbserver --multi -
[INFO -- 2017-03-26 22:02:10]
(2) set sysroot /opt/mpss/3.7/sysroots/k1om-mpss-linux/
[INFO -- 2017-03-26 22:02:10]
(3) set sysroot /opt/mpss/3.7/sysroots/k1om-mpss-linux/
[INFO -- 2017-03-26 22:02:10]
(4) file /micNfs/gdb-fault-injection/injector/bin/lavamd/lavamd_check
[INFO -- 2017-03-26 22:02:10]
(5) set remote exec-file /micNfs/gdb-fault-injection/injector/bin/lavamd/lavamd_check
[INFO -- 2017-03-26 22:02:10]
(6) set args 228 15 /micNfs/gdb-fault-injection/injector/bin/lavamd/input_distance_228_15 /micNfs/gdb-fault-injection/injector/bin/lavamd/input_charges_228_15 /micNfs/gdb-fault-injection/injector/bin/lavamd/output_gold_228_15 1
[INFO -- 2017-03-26 22:02:10]
initSignal:0
[INFO -- 2017-03-26 22:02:10]
endSignal:3
[INFO -- 2017-03-26 22:02:10]
seqSignal:30
[INFO -- 2017-03-26 22:02:10]
faultMode:2
[INFO -- 2017-03-26 22:02:15]
Backtrace BEGIN:
#0  clone () at ../sysdeps/unix/sysv/linux/x86_64/clone.S:81
#1  0x00007ffff74312d0 in ?? () at pthread_create.c:237 from /opt/mpss/3.7/sysroots/k1om-mpss-linux/lib64/libpthread.so.0
#2  0x00007ffd253bd080 in ?? ()
#3  0x0000000000000000 in ?? ()

76	in ../sysdeps/unix/sysv/linux/x86_64/clone.S

Backtrace END
Fliping array at pos: 0
Memory content before bitflip:0x400x000x000x00
Fault Mode: Random bit-flip
base address to flip value: 0x7ffff743c300 
address max offset: 4
Memory content after  bitflip:0xd30x960x150xed
frame name: __pthread_create_2_1
symbol name: _thread_db_pthread_nextevent
symbol filename: ../nptl_db/structs.def
symbol line: 38
value: {3977615059, 1, 1640}
value address: 0x7ffff743c300 <_thread_db_pthread_nextevent>
Type: The type is an array.
Type sizeof: 12
Field name: None
Field Type: A range type, that is, an integer type with bounds.
Field Type sizeof: 8
Field Type range: (0L, 2L)

[INFO -- 2017-03-26 22:02:15]
Fault Injection Successful after 5.19964289665s
[INFO -- 2017-03-26 22:02:29]
event type: exit
[INFO -- 2017-03-26 22:02:29]
exit code: 0
