[INFO -- 2017-03-26 03:50:52]
Starting GDB script
[INFO -- 2017-03-26 03:50:52]
initSignal:0.0
[INFO -- 2017-03-26 03:50:52]
endSignal:3.0
[INFO -- 2017-03-26 03:50:52]
seqSignal:30
[INFO -- 2017-03-26 03:50:52]
sending 30 signals using command: 'ssh -T mic0 killall -2 lavamd_check' after 0.419254094905s
[INFO -- 2017-03-26 03:50:53]
shell stdout: 
[INFO -- 2017-03-26 03:50:53]
shell stdout: 
[INFO -- 2017-03-26 03:50:54]
shell stdout: 
[INFO -- 2017-03-26 03:50:54]
shell stdout: 
[INFO -- 2017-03-26 03:50:54]
sending 30 signals using command: 'ssh -T mic0 killall -2 lavamd_check' after 1.97260554645s
[INFO -- 2017-03-26 03:50:54]
shell stdout: 
[INFO -- 2017-03-26 03:50:54]
shell stdout: 
[INFO -- 2017-03-26 03:50:55]
sending 30 signals using command: 'ssh -T mic0 killall -2 lavamd_check' after 2.81702408683s
[INFO -- 2017-03-26 03:50:55]
shell stdout: 
[INFO -- 2017-03-26 03:50:55]
shell stdout: 
[INFO -- 2017-03-26 03:50:56]
shell stdout: 
[INFO -- 2017-03-26 03:50:56]
shell stdout: 
[INFO -- 2017-03-26 03:50:56]
shell stdout: 
[INFO -- 2017-03-26 03:50:56]
shell stdout: 
[INFO -- 2017-03-26 03:50:56]
shell stdout: 
[INFO -- 2017-03-26 03:50:57]
shell stdout: 
[INFO -- 2017-03-26 03:50:57]
shell stdout: 
[INFO -- 2017-03-26 03:50:57]
shell stdout: 
[INFO -- 2017-03-26 03:50:57]
shell stdout: 
[INFO -- 2017-03-26 03:50:57]
shell stdout: 
[INFO -- 2017-03-26 03:50:58]
shell stdout: 
[INFO -- 2017-03-26 03:50:58]
shell stdout: 
[INFO -- 2017-03-26 03:50:58]
shell stdout: 
[INFO -- 2017-03-26 03:50:59]
shell stdout: 
[INFO -- 2017-03-26 03:50:59]
shell stdout: 
[INFO -- 2017-03-26 03:50:59]
shell stdout: 
[INFO -- 2017-03-26 03:51:00]
shell stdout: 
[INFO -- 2017-03-26 03:51:00]
shell stdout: 
[INFO -- 2017-03-26 03:51:00]
shell stdout: 
[INFO -- 2017-03-26 03:51:00]
shell stdout: 
[INFO -- 2017-03-26 03:51:00]
shell stdout: 
[INFO -- 2017-03-26 03:51:00]
shell stdout: 
[INFO -- 2017-03-26 03:51:01]
shell stdout: 
[INFO -- 2017-03-26 03:51:01]
shell stdout: 
[INFO -- 2017-03-26 03:51:01]
shell stdout: 
[INFO -- 2017-03-26 03:51:02]
shell stdout: 
[INFO -- 2017-03-26 03:51:02]
shell stdout: 
[INFO -- 2017-03-26 03:51:02]
shell stdout: 
[INFO -- 2017-03-26 03:51:02]
shell stdout: 
[INFO -- 2017-03-26 03:51:02]
shell stdout: 
[INFO -- 2017-03-26 03:51:02]
shell stdout: 
[INFO -- 2017-03-26 03:51:03]
shell stdout: 
[INFO -- 2017-03-26 03:51:03]
shell stdout: 
[INFO -- 2017-03-26 03:51:03]
shell stdout: 
[INFO -- 2017-03-26 03:51:04]
shell stdout: 
[INFO -- 2017-03-26 03:51:04]
shell stdout: 
[INFO -- 2017-03-26 03:51:04]
shell stdout: 
[INFO -- 2017-03-26 03:51:04]
shell stdout: 
[INFO -- 2017-03-26 03:51:04]
shell stdout: 
[INFO -- 2017-03-26 03:51:04]
shell stdout: 
[INFO -- 2017-03-26 03:51:05]
shell stdout: 
[INFO -- 2017-03-26 03:51:05]
shell stdout: 
[INFO -- 2017-03-26 03:51:05]
shell stdout: 
[INFO -- 2017-03-26 03:51:05]
shell stdout: 
[INFO -- 2017-03-26 03:51:05]
shell stdout: 
[INFO -- 2017-03-26 03:51:05]
shell stdout: 
[INFO -- 2017-03-26 03:51:06]
shell stdout: 
[INFO -- 2017-03-26 03:51:06]
shell stdout: 
[INFO -- 2017-03-26 03:51:06]
shell stdout: 
[INFO -- 2017-03-26 03:51:06]
shell stdout: 
[INFO -- 2017-03-26 03:51:06]
shell stdout: 
[INFO -- 2017-03-26 03:51:06]
shell stdout: 
[INFO -- 2017-03-26 03:51:07]
shell stdout: 
[INFO -- 2017-03-26 03:51:07]
shell stdout: 
[INFO -- 2017-03-26 03:51:07]
shell stdout: 
[INFO -- 2017-03-26 03:51:07]
shell stdout: 
[INFO -- 2017-03-26 03:51:07]
shell stdout: 
[INFO -- 2017-03-26 03:51:07]
shell stdout: 
[INFO -- 2017-03-26 03:51:07]
shell stdout: 
[INFO -- 2017-03-26 03:51:07]
shell stdout: 
[INFO -- 2017-03-26 03:51:07]
shell stdout: 
[INFO -- 2017-03-26 03:51:08]
shell stdout: 
[INFO -- 2017-03-26 03:51:08]
shell stdout: 
[INFO -- 2017-03-26 03:51:08]
shell stdout: 
[INFO -- 2017-03-26 03:51:08]
shell stdout: 
[INFO -- 2017-03-26 03:51:08]
shell stdout: 
[INFO -- 2017-03-26 03:51:08]
shell stdout: 
[INFO -- 2017-03-26 03:51:09]
shell stdout: 
[INFO -- 2017-03-26 03:51:09]
shell stdout: 
[INFO -- 2017-03-26 03:51:09]
shell stdout: 
[INFO -- 2017-03-26 03:51:09]
shell stdout: 
[INFO -- 2017-03-26 03:51:09]
shell stdout: 
[INFO -- 2017-03-26 03:51:09]
shell stdout: 
[INFO -- 2017-03-26 03:51:10]
shell stdout: 
[INFO -- 2017-03-26 03:51:10]
shell stdout: 
[INFO -- 2017-03-26 03:51:10]
shell stdout: 
[INFO -- 2017-03-26 03:51:10]
shell stdout: 
[INFO -- 2017-03-26 03:51:10]
shell stdout: 
[INFO -- 2017-03-26 03:51:10]
shell stdout: 
[INFO -- 2017-03-26 03:51:11]
shell stdout: 
[INFO -- 2017-03-26 03:51:11]
shell stdout: 
[INFO -- 2017-03-26 03:51:11]
shell stdout: 
[INFO -- 2017-03-26 03:51:13]
no gdbExecName running, out:
[INFO -- 2017-03-26 03:51:13]
checCmd:ps -e | grep -i gdb-mic
[INFO -- 2017-03-26 03:51:13]
finished now-timestampStart < maxWaitTime*5
[INFO -- 2017-03-26 03:51:13]
now: 1490500272
[INFO -- 2017-03-26 03:51:13]
timestampStart: 1490500252
[INFO -- 2017-03-26 03:51:13]
kill cmd: killall -9 gdb-mic
[INFO -- 2017-03-26 03:51:13]
shell stdout: 
[INFO -- 2017-03-26 03:51:14]
kill cmd: ssh -T mic0 killall -9 lavamd_check
[INFO -- 2017-03-26 03:51:14]
shell stdout: 
[INFO -- 2017-03-26 03:51:14]
kill cmd: ssh -T mic0 killall -9 gdbserver
[INFO -- 2017-03-26 03:51:14]
shell stdout: 
[INFO -- 2017-03-26 03:51:14]
kill cmd: ssh -T mic0 killall -9 sshd
[INFO -- 2017-03-26 03:51:14]
shell stdout: 
