2017-01-21 11:01:33:Starting GDB script
2017-01-21 11:01:33:initSignal:21.0
2017-01-21 11:01:33:endSignal:28.0
2017-01-21 11:01:33:seqSignal:15
2017-01-21 11:01:54:sending 15 signals using command: 'ssh -T mic1 killall -2 dgemm_check' after 21.1147525608s
2017-01-21 11:01:55:shell stdout: 
2017-01-21 11:01:56:shell stdout: 
2017-01-21 11:01:56:shell stdout: 
2017-01-21 11:01:57:shell stdout: 
2017-01-21 11:01:57:shell stdout: 
2017-01-21 11:01:57:sending 15 signals using command: 'ssh -T mic1 killall -2 dgemm_check' after 23.7775946059s
2017-01-21 11:01:57:shell stdout: 
2017-01-21 11:01:58:shell stdout: 
2017-01-21 11:01:58:shell stdout: 
2017-01-21 11:01:58:shell stdout: 
2017-01-21 11:01:58:shell stdout: 
2017-01-21 11:01:58:sending 15 signals using command: 'ssh -T mic1 killall -2 dgemm_check' after 25.0401985082s
2017-01-21 11:01:59:shell stdout: 
2017-01-21 11:01:59:shell stdout: 
2017-01-21 11:01:59:shell stdout: 
2017-01-21 11:01:59:shell stdout: 
2017-01-21 11:01:59:shell stdout: 
2017-01-21 11:01:59:shell stdout: 
2017-01-21 11:01:59:shell stdout: 
2017-01-21 11:02:00:shell stdout: 
2017-01-21 11:02:00:shell stdout: 
2017-01-21 11:02:00:shell stdout: 
2017-01-21 11:02:00:shell stdout: 
2017-01-21 11:02:00:shell stdout: 
2017-01-21 11:02:00:shell stdout: 
2017-01-21 11:02:01:shell stdout: 
2017-01-21 11:02:01:shell stdout: 
2017-01-21 11:02:01:shell stdout: 
2017-01-21 11:02:01:shell stdout: 
2017-01-21 11:02:01:shell stdout: 
2017-01-21 11:02:01:shell stdout: 
2017-01-21 11:02:01:shell stdout: 
2017-01-21 11:02:02:shell stdout: 
2017-01-21 11:02:02:shell stdout: 
2017-01-21 11:02:02:shell stdout: 
2017-01-21 11:02:02:shell stdout: 
2017-01-21 11:02:02:shell stdout: 
2017-01-21 11:02:02:shell stdout: 
2017-01-21 11:02:03:shell stdout: 
2017-01-21 11:02:03:shell stdout: 
2017-01-21 11:02:03:shell stdout: 
2017-01-21 11:02:03:shell stdout: 
2017-01-21 11:02:04:shell stdout: 
2017-01-21 11:02:04:shell stdout: 
2017-01-21 11:02:04:shell stdout: 
2017-01-21 11:02:05:shell stdout: 
2017-01-21 11:02:05:shell stdout: 
2017-01-21 11:04:03:no gdbExecName running, out:
2017-01-21 11:04:03:checCmd:ps -e | grep -i gdb-mic
2017-01-21 11:04:03:finished now-timestampStart < maxWaitTime*5
2017-01-21 11:04:03:now: 1485014635
2017-01-21 11:04:03:timestampStart: 1485014493
2017-01-21 11:04:04:kill cmd: killall -9 gdb-mic
2017-01-21 11:04:04:shell stdout: 
2017-01-21 11:04:04:kill cmd: ssh -T mic1 killall -9 dgemm_check
2017-01-21 11:04:04:shell stdout: 
2017-01-21 11:04:04:kill cmd: ssh -T mic1 killall -9 gdbserver
2017-01-21 11:04:04:shell stdout: 
2017-01-21 11:04:05:kill cmd: ssh -T mic1 killall -9 sshd
2017-01-21 11:04:05:shell stdout: 
