2016-11-01 04:34:53:Starting GDB script
2016-11-01 04:34:55:sending signal using command: 'ssh -T mic0 killall -2 lavamd' after 1.35953375226s
2016-11-01 04:34:55:shell stdout: 
2016-11-01 04:34:58:sending signal using command: 'ssh -T mic0 killall -2 lavamd' after 2.62392508271s
2016-11-01 04:34:58:shell stdout: 
2016-11-01 04:34:58:sending signal using command: 'ssh -T mic0 killall -2 lavamd' after 2.64179490938s
2016-11-01 04:34:58:shell stdout: 
2016-11-01 04:34:58:sending signal using command: 'ssh -T mic0 killall -2 lavamd' after 2.81799606511s
2016-11-01 04:34:58:shell stdout: 
2016-11-01 04:34:58:sending signal using command: 'ssh -T mic0 killall -2 lavamd' after 3.74681747017s
2016-11-01 04:34:58:shell stdout: 
2016-11-01 04:34:59:sending signal using command: 'ssh -T mic0 killall -2 lavamd' after 4.58973501303s
2016-11-01 04:34:59:shell stdout: 
2016-11-01 04:35:00:sending signal using command: 'ssh -T mic0 killall -2 lavamd' after 5.90091943734s
2016-11-01 04:35:00:shell stdout: 
2016-11-01 04:35:01:sending signal using command: 'ssh -T mic0 killall -2 lavamd' after 6.74821231573s
2016-11-01 04:35:01:shell stdout: 
2016-11-01 04:35:02:sending signal using command: 'ssh -T mic0 killall -2 lavamd' after 7.57942436748s
2016-11-01 04:35:02:shell stdout: 
2016-11-01 04:35:04:sending signal using command: 'ssh -T mic0 killall -2 lavamd' after 9.66412535095s
2016-11-01 04:35:04:shell stdout: 
2016-11-01 04:35:10:no gdbExecName running, out:
2016-11-01 04:35:10:checCmd:ps -e | grep -i gdb-mic
2016-11-01 04:35:10:finished now-timestampStart < maxWaitTime*5
2016-11-01 04:35:10:now: 1477989309
2016-11-01 04:35:10:timestampStart: 1477989293
2016-11-01 04:35:10:kill cmd: killall -9 gdb-mic
2016-11-01 04:35:10:shell stdout: 
2016-11-01 04:35:10:kill cmd: ssh -T mic0 killall -9 lavamd
2016-11-01 04:35:10:shell stdout: 
2016-11-01 04:35:10:kill cmd: ssh -T mic0 killall -9 gdbserver
2016-11-01 04:35:10:shell stdout: 
2016-11-01 04:35:11:kill cmd: ssh -T mic0 killall -9 sshd
2016-11-01 04:35:11:shell stdout: 
