#HEADER matrix_dim:2048 threads:228
#BEGIN Y:2017 M:01 D:25 Time:22:57:01
#IT Ite:0 KerTime:17.664450 AccTime:17.664450
#ERR  p: [2032, 1744], r: 1.4985576272010803e-02, e: 1.4989539980888367e-02
#ERR  p: [2040, 1744], r: 1.4864653348922729e-02, e: 1.4867126941680908e-02
#ERR  p: [2016, 1744], r: 1.5222400426864624e-02, e: 1.5228301286697388e-02
#ERR  p: [306, 1760], r: 2.3349906504154205e-01, e: 2.3363405466079712e-01
#ERR  p: [2024, 1744], r: 1.5102103352546692e-02, e: 1.5103861689567566e-02
#ERR  p: [252, 1760], r: 2.2132983803749084e-01, e: 2.2133226692676544e-01
#ERR  p: [270, 1760], r: 2.2519443929195404e-01, e: 2.2534228861331940e-01
#ERR  p: [279, 1760], r: 2.2755402326583862e-01, e: 2.2740691900253296e-01
#ERR  p: [243, 1760], r: 2.1929353475570679e-01, e: 2.1935282647609711e-01
#ERR  p: [2032, 1745], r: 1.4991828240454197e-02, e: 1.4987126924097538e-02
#ERR  p: [234, 1760], r: 2.1745847165584564e-01, e: 2.1740645170211792e-01
#ERR  p: [208, 1760], r: -3.1200196743011475e+00, e: 2.1179622411727905e-01
#ERR  p: [225, 1760], r: 2.1536955237388611e-01, e: 2.1543066203594208e-01
#ERR  p: [261, 1760], r: 2.2333781421184540e-01, e: 2.2335916757583618e-01
#ERR  p: [216, 1760], r: 2.1400579810142517e-01, e: 2.1352681517601013e-01
#ERR  p: [288, 1760], r: 2.2927108407020569e-01, e: 2.2945380210876465e-01
#ERR  p: [297, 1760], r: 2.3141473531723022e-01, e: 2.3154804110527039e-01
#ERR  p: [1989, 1744], r: 1.5637740492820740e-02, e: 1.5644431114196777e-02
#ERR  p: [792, 1744], r: 3.8575810194015503e-01, e: 3.8601037859916687e-01
#ERR  p: [333, 1760], r: 2.4002413451671600e-01, e: 2.4003028869628906e-01
#ERR  p: [342, 1760], r: 2.4170581996440887e-01, e: 2.4216373264789581e-01
#ERR  p: [1998, 1744], r: 1.5500441193580627e-02, e: 1.5503883361816406e-02
#ERR  p: [495, 1760], r: 2.8226679563522339e-01, e: 2.8220713138580322e-01
#ERR  p: [936, 1744], r: 4.4565001130104065e-01, e: 4.4568619132041931e-01
#ERR  p: [1962, 1744], r: 1.6066253185272217e-02, e: 1.6072571277618408e-02
#ERR  p: [1917, 1744], r: 1.6808211803436279e-02, e: 1.6811847686767578e-02
#ERR  p: [1827, 1744], r: 1.8394470214843750e-02, e: 1.8400937318801880e-02
#ERR  p: [1719, 1744], r: 9.7564893960952759e-01, e: 9.7542595863342285e-01
#ERR  p: [1845, 1744], r: 1.8060475587844849e-02, e: 1.8068939447402954e-02
#ERR  p: [846, 1744], r: 4.0720829367637634e-01, e: 4.0734404325485229e-01
#ERR  p: [2040, 1745], r: 1.4871880412101746e-02, e: 1.4867610298097134e-02
#ERR  p: [324, 1760], r: 2.3759417235851288e-01, e: 2.3786486685276031e-01
#ERR  p: [711, 1744], r: 3.5611683130264282e-01, e: 3.5594403743743896e-01
#ERR  p: [1251, 1744], r: 6.1079221963882446e-01, e: 6.1081761121749878e-01
#ERR  p: [1908, 1744], r: 1.6959428787231445e-02, e: 1.6965150833129883e-02
#ERR  p: [1953, 1744], r: 1.6217112541198730e-02, e: 1.6219407320022583e-02
#ERR  p: [315, 1760], r: 2.3574694991111755e-01, e: 2.3578330874443054e-01
#ERR  p: [1935, 1744], r: 1.6508221626281738e-02, e: 1.6511410474777222e-02
#ERR  p: [1980, 1744], r: 1.5781953930854797e-02, e: 1.5786051750183105e-02
#ERR  p: [1944, 1744], r: 1.6359061002731323e-02, e: 1.6361951828002930e-02
#ERR  p: [783, 1744], r: 3.8263499736785889e-01, e: 3.8261485099792480e-01
#ERR  p: [1926, 1744], r: 1.6658008098602295e-02, e: 1.6662180423736572e-02
#ERR  p: [648, 1744], r: 3.3407184481620789e-01, e: 3.3417457342147827e-01
#ERR  p: [666, 1744], r: 3.4021148085594177e-01, e: 3.4029912948608398e-01
#ERR  p: [675, 1744], r: 3.4336325526237488e-01, e: 3.4335917234420776e-01
#ERR  p: [702, 1744], r: 3.5259711742401123e-01, e: 3.5273694992065430e-01
#ERR  p: [2016, 1745], r: 1.5233358368277550e-02, e: 1.5228585340082645e-02
#ERR  p: [720, 1744], r: 3.5902166366577148e-01, e: 3.5913911461830139e-01
#ERR  p: [1116, 1744], r: 5.3369945287704468e-01, e: 5.3370392322540283e-01
#ERR  p: [729, 1744], r: 3.6222934722900391e-01, e: 3.6236244440078735e-01
#ERR  p: [2007, 1744], r: 1.5363082289695740e-02, e: 1.5365272760391235e-02
#ERR  p: [351, 1760], r: 2.4427838623523712e-01, e: 2.4435444176197052e-01
#ERR  p: [774, 1744], r: 3.7905427813529968e-01, e: 3.7910425662994385e-01
#ERR  p: [756, 1744], r: 3.7226754426956177e-01, e: 3.7234765291213989e-01
#ERR  p: [738, 1744], r: 3.6577010154724121e-01, e: 3.6565494537353516e-01
#ERR  p: [810, 1744], r: 3.9317959547042847e-01, e: 3.9297077059745789e-01
#ERR  p: [1134, 1744], r: 5.4347473382949829e-01, e: 5.4339045286178589e-01
#ERR  p: [1971, 1744], r: 1.5922337770462036e-02, e: 1.5925973653793335e-02
#ERR  p: [1872, 1744], r: 1.7581611871719360e-02, e: 1.7583429813385010e-02
#ERR  p: [1863, 1744], r: 1.7741888761520386e-02, e: 1.7745077610015869e-02
#ERR  p: [1899, 1744], r: 1.7113715410232544e-02, e: 1.7120808362960815e-02
#ERR  p: [1890, 1744], r: 1.7269164323806763e-02, e: 1.7273902893066406e-02
#ERR  p: [1881, 1744], r: 1.7422288656234741e-02, e: 1.7426639795303345e-02
#ERR  p: [747, 1744], r: 3.6902898550033569e-01, e: 3.6897638440132141e-01
#ERR  p: [576, 1744], r: 3.1105738878250122e-01, e: 3.1096714735031128e-01
#ERR  p: [1386, 1744], r: 6.9895875453948975e-01, e: 6.9888716936111450e-01
#ERR  p: [1179, 1744], r: 5.6833881139755249e-01, e: 5.6845587491989136e-01
#ERR  p: [1224, 1744], r: 5.9461647272109985e-01, e: 5.9449416399002075e-01
#ERR  p: [369, 1760], r: 2.4877031147480011e-01, e: 2.4878649413585663e-01
#ERR  p: [693, 1744], r: 3.4973022341728210e-01, e: 3.4959894418716431e-01
#ERR  p: [1269, 1744], r: 6.2164473533630371e-01, e: 6.2168204784393311e-01
#ERR  p: [657, 1744], r: 3.3713796734809875e-01, e: 3.3718571066856384e-01
#ERR  p: [1782, 1744], r: 1.9240111112594604e-02, e: 1.9243508577346802e-02
#ERR  p: [1152, 1744], r: 5.5327028036117554e-01, e: 5.5318373441696167e-01
#ERR  p: [360, 1760], r: 2.4655617773532867e-01, e: 2.4661360681056976e-01
#ERR  p: [1809, 1744], r: 1.8714874982833862e-02, e: 1.8723249435424805e-02
#ERR  p: [1854, 1744], r: 1.7899334430694580e-02, e: 1.7902046442031860e-02
#ERR  p: [594, 1744], r: 3.1647998094558716e-01, e: 3.1666183471679688e-01
#ERR  p: [819, 1744], r: 3.9672866463661194e-01, e: 3.9653590321540833e-01
#ERR  p: [423, 1760], r: 2.6287472248077393e-01, e: 2.6260402798652649e-01
#ERR  p: [405, 1760], r: 2.5813308358192444e-01, e: 2.5794157385826111e-01
#ERR  p: [1161, 1744], r: 5.5837774276733398e-01, e: 5.5830502510070801e-01
#ERR  p: [918, 1744], r: 4.3755248188972473e-01, e: 4.3778106570243835e-01
#ERR  p: [1215, 1744], r: 5.8914566040039062e-01, e: 5.8929407596588135e-01
#ERR  p: [621, 1744], r: 3.2531321048736572e-01, e: 3.2529231905937195e-01
#ERR  p: [603, 1744], r: 3.1946596503257751e-01, e: 3.1950700283050537e-01
#ERR  p: [864, 1744], r: 4.1490513086318970e-01, e: 4.1479101777076721e-01
#ERR  p: [909, 1744], r: 4.3402212858200073e-01, e: 4.3381813168525696e-01
#ERR  p: [450, 1760], r: 2.7006721496582031e-01, e: 2.6984521746635437e-01
#ERR  p: [1368, 1744], r: 6.8634909391403198e-01, e: 6.8637222051620483e-01
#ERR  p: [891, 1744], r: 4.2599064111709595e-01, e: 4.2611408233642578e-01
#ERR  p: [504, 1744], r: 2.8955283761024475e-01, e: 2.8937187790870667e-01
#ERR  p: [765, 1744], r: 3.7569549679756165e-01, e: 3.7567570805549622e-01
#ERR  p: [1737, 1744], r: 9.9275404214859009e-01, e: 9.9264067411422729e-01
#ERR  p: [801, 1744], r: 3.8930007815361023e-01, e: 3.8945588469505310e-01
#ERR  p: [837, 1744], r: 4.0355148911476135e-01, e: 4.0367528796195984e-01
#ERR  p: [1800, 1744], r: 1.8893241882324219e-02, e: 1.8898010253906250e-02
#ERR  p: [441, 1760], r: 2.6742839813232422e-01, e: 2.6736614108085632e-01
#ERR  p: [387, 1760], r: 2.5335714221000671e-01, e: 2.5334745645523071e-01
#ERR  p: [684, 1744], r: 3.4640517830848694e-01, e: 3.4646594524383545e-01
#ERR  p: [882, 1744], r: 4.2221027612686157e-01, e: 4.2230796813964844e-01
#ERR  p: [1818, 1744], r: 1.8556326627731323e-02, e: 1.8563300371170044e-02
#ERR  p: [1143, 1744], r: 5.4818761348724365e-01, e: 5.4838037490844727e-01
#ERR  p: [513, 1744], r: 2.9193946719169617e-01, e: 2.9199230670928955e-01
#ERR  p: [639, 1744], r: 3.3115923404693604e-01, e: 3.3117303252220154e-01
#ERR  p: [630, 1744], r: 3.2787823677062988e-01, e: 3.2820340991020203e-01
#ERR  p: [1287, 1744], r: 6.3314074277877808e-01, e: 6.3309788703918457e-01
#ERR  p: [1296, 1744], r: 6.3909208774566650e-01, e: 6.3914358615875244e-01
#ERR  p: [612, 1744], r: 3.2231983542442322e-01, e: 3.2238602638244629e-01
#ERR  p: [585, 1744], r: 3.1393742561340332e-01, e: 3.1383544206619263e-01
#ERR  p: [1746, 1744], r: 1.9938141107559204e-02, e: 1.9940763711929321e-02
#ERR  p: [486, 1760], r: 2.7984058856964111e-01, e: 2.7968639135360718e-01
#ERR  p: [477, 1760], r: 2.7696204185485840e-01, e: 2.7722007036209106e-01
#ERR  p: [549, 1744], r: 3.0237480998039246e-01, e: 3.0270424485206604e-01
#ERR  p: [1422, 1744], r: 7.2491049766540527e-01, e: 7.2488737106323242e-01
#ERR  p: [1656, 1744], r: 9.1570293903350830e-01, e: 9.1583943367004395e-01
#ERR  p: [414, 1760], r: 2.6035717129707336e-01, e: 2.6029899716377258e-01
#ERR  p: [828, 1744], r: 4.0012380480766296e-01, e: 4.0013983845710754e-01
#ERR  p: [378, 1760], r: 2.5122156739234924e-01, e: 2.5104945898056030e-01
#ERR  p: [1242, 1744], r: 6.0515719652175903e-01, e: 6.0519409179687500e-01
#ERR  p: [1521, 1744], r: 7.9991376399993896e-01, e: 7.9995262622833252e-01
#ERR  p: [1188, 1744], r: 5.7365149259567261e-01, e: 5.7356089353561401e-01
#ERR  p: [1197, 1744], r: 5.7869762182235718e-01, e: 5.7869309186935425e-01
#ERR  p: [1206, 1744], r: 5.8388042449951172e-01, e: 5.8378422260284424e-01
#ERR  p: [1125, 1744], r: 5.3854566812515259e-01, e: 5.3849869966506958e-01
#ERR  p: [1233, 1744], r: 6.0001409053802490e-01, e: 5.9987390041351318e-01
#ERR  p: [1278, 1744], r: 6.2773698568344116e-01, e: 6.2767803668975830e-01
#ERR  p: [1170, 1744], r: 5.6335222721099854e-01, e: 5.6324571371078491e-01
#ERR  p: [855, 1744], r: 4.1086673736572266e-01, e: 4.1101625561714172e-01
#ERR  p: [1008, 1744], r: 4.7904258966445923e-01, e: 4.7902169823646545e-01
#ERR  p: [1638, 1744], r: 8.9926683902740479e-01, e: 8.9942419528961182e-01
#ERR  p: [306, 1761], r: 2.3325547575950623e-01, e: 2.3338603973388672e-01
#ERR  p: [1530, 1744], r: 8.0747264623641968e-01, e: 8.0743384361267090e-01
#ERR  p: [1710, 1744], r: 9.6639567613601685e-01, e: 9.6632707118988037e-01
#ERR  p: [1566, 1744], r: 8.3700460195541382e-01, e: 8.3698368072509766e-01
#ERR  p: [1539, 1744], r: 8.1445264816284180e-01, e: 8.1448954343795776e-01
#ERR  p: [1512, 1744], r: 7.9306703805923462e-01, e: 7.9305511713027954e-01
#ERR  p: [2024, 1745], r: 1.5112547203898430e-02, e: 1.5107025392353535e-02
#ERR  p: [1494, 1744], r: 7.7887874841690063e-01, e: 7.7871429920196533e-01
#ERR  p: [1611, 1744], r: 8.7527906894683838e-01, e: 8.7530887126922607e-01
#ERR  p: [1584, 1744], r: 8.5181838274002075e-01, e: 8.5182732343673706e-01
#ERR  p: [1692, 1744], r: 9.4936132431030273e-01, e: 9.4933146238327026e-01
#ERR  p: [1377, 1744], r: 6.9278210401535034e-01, e: 6.9265025854110718e-01
#ERR  p: [558, 1744], r: 3.0522012710571289e-01, e: 3.0540585517883301e-01
#ERR  p: [1350, 1744], r: 6.7428386211395264e-01, e: 6.7425256967544556e-01
#ERR  p: [873, 1744], r: 4.1856923699378967e-01, e: 4.1847115755081177e-01
#ERR  p: [900, 1744], r: 4.3000906705856323e-01, e: 4.2995819449424744e-01
#ERR  p: [1440, 1744], r: 7.3793560266494751e-01, e: 7.3782598972320557e-01
#ERR  p: [243, 1761], r: 2.1907931566238403e-01, e: 2.1913804113864899e-01
#ERR  p: [1575, 1744], r: 8.4474736452102661e-01, e: 8.4441137313842773e-01
#ERR  p: [1791, 1744], r: 1.9061863422393799e-02, e: 1.9068360328674316e-02
#ERR  p: [1395, 1744], r: 7.0534354448318481e-01, e: 7.0545393228530884e-01
#ERR  p: [1305, 1744], r: 6.4466196298599243e-01, e: 6.4461535215377808e-01
#ERR  p: [1548, 1744], r: 8.2206845283508301e-01, e: 8.2193279266357422e-01
#ERR  p: [1260, 1744], r: 6.1642247438430786e-01, e: 6.1627328395843506e-01
#ERR  p: [1773, 1744], r: 1.9411146640777588e-02, e: 1.9413471221923828e-02
#ERR  p: [1836, 1744], r: 1.8225610256195068e-02, e: 1.8228471279144287e-02
#ERR  p: [522, 1744], r: 2.9443147778511047e-01, e: 2.9461005330085754e-01
#ERR  p: [531, 1744], r: 2.9737120866775513e-01, e: 2.9731845855712891e-01
#ERR  p: [1314, 1744], r: 6.5063327550888062e-01, e: 6.5044236183166504e-01
#ERR  p: [1764, 1744], r: 1.9587248563766479e-02, e: 1.9593060016632080e-02
#ERR  p: [1341, 1744], r: 6.6822010278701782e-01, e: 6.6842818260192871e-01
#ERR  p: [981, 1744], r: 4.6662798523902893e-01, e: 4.6626126766204834e-01
#ERR  p: [468, 1760], r: 2.7457690238952637e-01, e: 2.7470088005065918e-01
#ERR  p: [1413, 1744], r: 7.1814328432083130e-01, e: 7.1793454885482788e-01
#ERR  p: [1323, 1744], r: 6.5639483928680420e-01, e: 6.5642172098159790e-01
#ERR  p: [567, 1744], r: 3.0833169817924500e-01, e: 3.0819669365882874e-01
#ERR  p: [540, 1744], r: 2.9970678687095642e-01, e: 2.9997709393501282e-01
#ERR  p: [459, 1760], r: 2.7198177576065063e-01, e: 2.7225196361541748e-01
#ERR  p: [1431, 1744], r: 7.3133295774459839e-01, e: 7.3134225606918335e-01
#ERR  p: [432, 1760], r: 2.6523154973983765e-01, e: 2.6499143242835999e-01
#ERR  p: [1404, 1744], r: 7.1156007051467896e-01, e: 7.1155184507369995e-01
#ERR  p: [1332, 1744], r: 6.6239893436431885e-01, e: 6.6230559349060059e-01
#ERR  p: [1359, 1744], r: 6.8043380975723267e-01, e: 6.8036144971847534e-01
#ERR  p: [1449, 1744], r: 7.4459439516067505e-01, e: 7.4442589282989502e-01
#ERR  p: [396, 1760], r: 2.5537142157554626e-01, e: 2.5559437274932861e-01
#ERR  p: [1053, 1744], r: 5.0083690881729126e-01, e: 5.0109648704528809e-01
#ERR  p: [1098, 1744], r: 5.2424466609954834e-01, e: 5.2424913644790649e-01
#ERR  p: [1107, 1744], r: 5.2903586626052856e-01, e: 5.2892494201660156e-01
#ERR  p: [1062, 1744], r: 5.0557124614715576e-01, e: 5.0557404756546021e-01
#ERR  p: [1080, 1744], r: 5.1455366611480713e-01, e: 5.1468819379806519e-01
#ERR  p: [1089, 1744], r: 5.1941329240798950e-01, e: 5.1948994398117065e-01
#ERR  p: [1701, 1744], r: 9.5773214101791382e-01, e: 9.5762664079666138e-01
#ERR  p: [1485, 1744], r: 7.7190071344375610e-01, e: 7.7175676822662354e-01
#ERR  p: [999, 1744], r: 4.7465270757675171e-01, e: 4.7467023134231567e-01
#ERR  p: [1476, 1744], r: 7.6460701227188110e-01, e: 7.6463586091995239e-01
#ERR  p: [1755, 1744], r: 1.9763767719268799e-02, e: 1.9768148660659790e-02
#ERR  p: [1728, 1744], r: 9.8395735025405884e-01, e: 9.8398715257644653e-01
#ERR  p: [1044, 1744], r: 4.9648368358612061e-01, e: 4.9651798605918884e-01
#ERR  p: [927, 1744], r: 4.4169408082962036e-01, e: 4.4168439507484436e-01
#ERR  p: [1026, 1744], r: 4.8754531145095825e-01, e: 4.8763030767440796e-01
#ERR  p: [1071, 1744], r: 5.1016950607299805e-01, e: 5.1028215885162354e-01
#ERR  p: [945, 1744], r: 4.4981154799461365e-01, e: 4.4975933432579041e-01
#ERR  p: [1017, 1744], r: 4.8329660296440125e-01, e: 4.8323211073875427e-01
#ERR  p: [954, 1744], r: 4.5409250259399414e-01, e: 4.5384120941162109e-01
#ERR  p: [990, 1744], r: 4.7051778435707092e-01, e: 4.7053793072700500e-01
#ERR  p: [963, 1744], r: 4.5786973834037781e-01, e: 4.5792111754417419e-01
#ERR  p: [1458, 1744], r: 7.5134700536727905e-01, e: 7.5114226341247559e-01
#ERR  p: [1035, 1744], r: 4.9230894446372986e-01, e: 4.9217769503593445e-01
#ERR  p: [1629, 1744], r: 8.9141160249710083e-01, e: 8.9132356643676758e-01
#ERR  p: [1674, 1744], r: 9.3203115463256836e-01, e: 9.3210422992706299e-01
#ERR  p: [1593, 1744], r: 8.6006313562393188e-01, e: 8.5979098081588745e-01
#ERR  p: [1647, 1744], r: 9.0762627124786377e-01, e: 9.0775454044342041e-01
#ERR  p: [1620, 1744], r: 8.8341617584228516e-01, e: 8.8327300548553467e-01
#ERR  p: [972, 1744], r: 4.6216720342636108e-01, e: 4.6199941635131836e-01
#ERR  p: [1557, 1744], r: 8.2936650514602661e-01, e: 8.2943958044052124e-01
#ERR  p: [1503, 1744], r: 7.8569746017456055e-01, e: 7.8577798604965210e-01
#ERR  p: [1602, 1744], r: 8.6761927604675293e-01, e: 8.6757177114486694e-01
#ERR  p: [1683, 1744], r: 9.4086867570877075e-01, e: 9.4084310531616211e-01
#ERR  p: [252, 1761], r: 2.2111785411834717e-01, e: 2.2112028300762177e-01
#ERR  p: [1665, 1744], r: 9.2438995838165283e-01, e: 9.2386424541473389e-01
#ERR  p: [279, 1761], r: 2.2730083763599396e-01, e: 2.2715298831462860e-01
#ERR  p: [270, 1761], r: 2.2500707209110260e-01, e: 2.2515547275543213e-01
#ERR  p: [1467, 1744], r: 7.5766181945800781e-01, e: 7.5778859853744507e-01
#ERR  p: [2032, 1746], r: 1.5012450516223907e-02, e: 1.5010178089141846e-02
#ERR  p: [234, 1761], r: 2.1724480390548706e-01, e: 2.1719370782375336e-01
#ERR  p: [208, 1761], r: -3.1169314384460449e+00, e: 2.1157549321651459e-01
#ERR  p: [225, 1761], r: 2.1519333124160767e-01, e: 2.1525591611862183e-01
#ERR  p: [261, 1761], r: 2.2309115529060364e-01, e: 2.2311353683471680e-01
#ERR  p: [216, 1761], r: 2.1379305422306061e-01, e: 2.1331499516963959e-01
#ERR  p: [351, 1761], r: 2.4404612183570862e-01, e: 2.4411807954311371e-01
#ERR  p: [666, 1745], r: 3.3985832333564758e-01, e: 3.3995640277862549e-01
#ERR  p: [288, 1761], r: 2.2905181348323822e-01, e: 2.2923415899276733e-01
#ERR  p: [297, 1761], r: 2.3114961385726929e-01, e: 2.3128162324428558e-01
#ERR  p: [1989, 1745], r: 1.5649488195776939e-02, e: 1.5644889324903488e-02
#ERR  p: [792, 1745], r: 3.8532963395118713e-01, e: 3.8556680083274841e-01
#ERR  p: [1296, 1745], r: 6.3828355073928833e-01, e: 6.3849538564682007e-01
#ERR  p: [333, 1761], r: 2.3974242806434631e-01, e: 2.3974429070949554e-01
#ERR  p: [342, 1761], r: 2.4148926138877869e-01, e: 2.4195314943790436e-01
#ERR  p: [1998, 1745], r: 1.5509720891714096e-02, e: 1.5504808165132999e-02
#ERR  p: [495, 1761], r: 2.8196626901626587e-01, e: 2.8190475702285767e-01
#ERR  p: [936, 1745], r: 4.4525071978569031e-01, e: 4.4528874754905701e-01
#ERR  p: [1962, 1745], r: 1.6079919412732124e-02, e: 1.6075685620307922e-02
#ERR  p: [1917, 1745], r: 1.6817653551697731e-02, e: 1.6816008836030960e-02
#ERR  p: [1827, 1745], r: 1.8407238647341728e-02, e: 1.8400697037577629e-02
#ERR  p: [2040, 1746], r: 1.4894217252731323e-02, e: 1.4892043545842171e-02
#ERR  p: [522, 1745], r: 2.9416710138320923e-01, e: 2.9434329271316528e-01
#ERR  p: [1845, 1745], r: 1.8076417967677116e-02, e: 1.8067892640829086e-02
#ERR  p: [1719, 1745], r: 9.7443634271621704e-01, e: 9.7461163997650146e-01
#ERR  p: [846, 1745], r: 4.0686374902725220e-01, e: 4.0703454613685608e-01
#ERR  p: [711, 1745], r: 3.5570785403251648e-01, e: 3.5554626584053040e-01
#ERR  p: [324, 1761], r: 2.3734790086746216e-01, e: 2.3761487007141113e-01
#ERR  p: [1251, 1745], r: 6.1010503768920898e-01, e: 6.1008822917938232e-01
#ERR  p: [1908, 1745], r: 1.6972705721855164e-02, e: 1.6967499628663063e-02
#ERR  p: [1953, 1745], r: 1.6223499551415443e-02, e: 1.6221836209297180e-02
#ERR  p: [1935, 1745], r: 1.6519231721758842e-02, e: 1.6513690352439880e-02
#ERR  p: [315, 1761], r: 2.3547585308551788e-01, e: 2.3551183938980103e-01
#ERR  p: [1980, 1745], r: 1.5792539343237877e-02, e: 1.5790157020092010e-02
#ERR  p: [1944, 1745], r: 1.6372196376323700e-02, e: 1.6368817538022995e-02
#ERR  p: [783, 1745], r: 3.8222140073776245e-01, e: 3.8217067718505859e-01
#ERR  p: [1926, 1745], r: 1.6672138124704361e-02, e: 1.6667114570736885e-02
#ERR  p: [648, 1745], r: 3.3379015326499939e-01, e: 3.3389139175415039e-01
#ERR  p: [675, 1745], r: 3.4306651353836060e-01, e: 3.4305170178413391e-01
#ERR  p: [702, 1745], r: 3.5220229625701904e-01, e: 3.5232755541801453e-01
#ERR  p: [2016, 1746], r: 1.5257868915796280e-02, e: 1.5250898897647858e-02
#ERR  p: [729, 1745], r: 3.6186316609382629e-01, e: 3.6204141378402710e-01
#ERR  p: [720, 1745], r: 3.5863986611366272e-01, e: 3.5877633094787598e-01
#ERR  p: [810, 1745], r: 3.9279809594154358e-01, e: 3.9261201024055481e-01
#ERR  p: [1872, 1745], r: 1.7598509788513184e-02, e: 1.7596859484910965e-02
#ERR  p: [1971, 1745], r: 1.5935661271214485e-02, e: 1.5931325033307076e-02
#ERR  p: [1134, 1745], r: 5.4297804832458496e-01, e: 5.4284161329269409e-01
#ERR  p: [2007, 1745], r: 1.5369865112006664e-02, e: 1.5367486514151096e-02
#ERR  p: [756, 1745], r: 3.7191024422645569e-01, e: 3.7200051546096802e-01
#ERR  p: [1116, 1745], r: 5.3306871652603149e-01, e: 5.3305304050445557e-01
#ERR  p: [774, 1745], r: 3.7870058417320251e-01, e: 3.7876340746879578e-01
#ERR  p: [738, 1745], r: 3.6535319685935974e-01, e: 3.6523467302322388e-01
#ERR  p: [1863, 1745], r: 1.7753511667251587e-02, e: 1.7750086262822151e-02
#ERR  p: [1899, 1745], r: 1.7124932259321213e-02, e: 1.7117233946919441e-02
#ERR  p: [1890, 1745], r: 1.7280882224440575e-02, e: 1.7276115715503693e-02
#ERR  p: [1881, 1745], r: 1.7437249422073364e-02, e: 1.7431896179914474e-02
#ERR  p: [747, 1745], r: 3.6866798996925354e-01, e: 3.6862733960151672e-01
#ERR  p: [576, 1745], r: 3.1076651811599731e-01, e: 3.1067889928817749e-01
#ERR  p: [1386, 1745], r: 6.9814223051071167e-01, e: 6.9817578792572021e-01
#ERR  p: [1179, 1745], r: 5.6764566898345947e-01, e: 5.6774783134460449e-01
#ERR  p: [1224, 1745], r: 5.9408766031265259e-01, e: 5.9401267766952515e-01
#ERR  p: [369, 1761], r: 2.4850198626518250e-01, e: 2.4852633476257324e-01
#ERR  p: [1269, 1745], r: 6.2098246812820435e-01, e: 6.2114876508712769e-01
#ERR  p: [693, 1745], r: 3.4932687878608704e-01, e: 3.4920215606689453e-01
#ERR  p: [603, 1745], r: 3.1912031769752502e-01, e: 3.1915497779846191e-01
#ERR  p: [450, 1761], r: 2.6977685093879700e-01, e: 2.6956006884574890e-01
#ERR  p: [891, 1745], r: 4.2553311586380005e-01, e: 4.2568302154541016e-01
#ERR  p: [657, 1745], r: 3.3683186769485474e-01, e: 3.3687287569046021e-01
#ERR  p: [765, 1745], r: 3.7530061602592468e-01, e: 3.7530955672264099e-01
#ERR  p: [504, 1745], r: 2.8926095366477966e-01, e: 2.8908550739288330e-01
#ERR  p: [441, 1761], r: 2.6714706420898438e-01, e: 2.6709690690040588e-01
#ERR  p: [1737, 1745], r: 9.9183458089828491e-01, e: 9.9202549457550049e-01
#ERR  p: [684, 1745], r: 3.4606581926345825e-01, e: 3.4609863162040710e-01
#ERR  p: [1782, 1745], r: 1.9252594560384750e-02, e: 1.9248779863119125e-02
#ERR  p: [1152, 1745], r: 5.5267584323883057e-01, e: 5.5262362957000732e-01
#ERR  p: [360, 1761], r: 2.4631267786026001e-01, e: 2.4636860191822052e-01
#ERR  p: [612, 1745], r: 3.2199141383171082e-01, e: 3.2205396890640259e-01
#ERR  p: [1143, 1745], r: 5.4758393764495850e-01, e: 5.4771965742111206e-01
#ERR  p: [639, 1745], r: 3.3080798387527466e-01, e: 3.3082401752471924e-01
#ERR  p: [630, 1745], r: 3.2762354612350464e-01, e: 3.2793474197387695e-01
#ERR  p: [585, 1745], r: 3.1360256671905518e-01, e: 3.1350746750831604e-01
#ERR  p: [1287, 1745], r: 6.3260346651077271e-01, e: 6.3260197639465332e-01
#ERR  p: [1746, 1745], r: 1.9961526617407799e-02, e: 1.9953811541199684e-02
#ERR  p: [1422, 1745], r: 7.2392737865447998e-01, e: 7.2408550977706909e-01
#ERR  p: [486, 1761], r: 2.7951115369796753e-01, e: 2.7935400605201721e-01
#ERR  p: [1809, 1745], r: 1.8740339204668999e-02, e: 1.8733790144324303e-02
#ERR  p: [1656, 1745], r: 9.1482663154602051e-01, e: 9.1508543491363525e-01
#ERR  p: [828, 1745], r: 3.9975950121879578e-01, e: 3.9978113770484924e-01
#ERR  p: [378, 1761], r: 2.5099447369575500e-01, e: 2.5083225965499878e-01
#ERR  p: [1854, 1745], r: 1.7913309857249260e-02, e: 1.7907509580254555e-02
#ERR  p: [594, 1745], r: 3.1616458296775818e-01, e: 3.1634759902954102e-01
#ERR  p: [819, 1745], r: 3.9635840058326721e-01, e: 3.9615657925605774e-01
#ERR  p: [405, 1761], r: 2.5788712501525879e-01, e: 2.5770497322082520e-01
#ERR  p: [423, 1761], r: 2.6264709234237671e-01, e: 2.6237583160400391e-01
#ERR  p: [1188, 1745], r: 5.7305210828781128e-01, e: 5.7303512096405029e-01
#ERR  p: [1197, 1745], r: 5.7813900709152222e-01, e: 5.7805919647216797e-01
#ERR  p: [1206, 1745], r: 5.8324617147445679e-01, e: 5.8326631784439087e-01
#ERR  p: [1530, 1745], r: 8.0653584003448486e-01, e: 8.0675739049911499e-01
#ERR  p: [855, 1745], r: 4.1047525405883789e-01, e: 4.1060259938240051e-01
#ERR  p: [1170, 1745], r: 5.6283128261566162e-01, e: 5.6266731023788452e-01
#ERR  p: [306, 1762], r: 2.3303052783012390e-01, e: 2.3316439986228943e-01
#ERR  p: [1566, 1745], r: 8.3609998226165771e-01, e: 8.3630806207656860e-01
#ERR  p: [1710, 1745], r: 9.6526509523391724e-01, e: 9.6554404497146606e-01
#ERR  p: [1161, 1745], r: 5.5770194530487061e-01, e: 5.5761355161666870e-01
#ERR  p: [918, 1745], r: 4.3706831336021423e-01, e: 4.3732130527496338e-01
#ERR  p: [1215, 1745], r: 5.8859151601791382e-01, e: 5.8868771791458130e-01
#ERR  p: [621, 1745], r: 3.2500109076499939e-01, e: 3.2498764991760254e-01
#ERR  p: [1512, 1745], r: 7.9230129718780518e-01, e: 7.9213720560073853e-01
#ERR  p: [2024, 1746], r: 1.5129830688238144e-02, e: 1.5130361542105675e-02
#ERR  p: [864, 1745], r: 4.1445538401603699e-01, e: 4.1436213254928589e-01
#ERR  p: [1584, 1745], r: 8.5098773241043091e-01, e: 8.5101753473281860e-01
#ERR  p: [1377, 1745], r: 6.9194191694259644e-01, e: 6.9202011823654175e-01
#ERR  p: [558, 1745], r: 3.0496242642402649e-01, e: 3.0514925718307495e-01
#ERR  p: [873, 1745], r: 4.1815164685249329e-01, e: 4.1804948449134827e-01
#ERR  p: [1350, 1745], r: 6.7361354827880859e-01, e: 6.7361164093017578e-01
#ERR  p: [1440, 1745], r: 7.3701393604278564e-01, e: 7.3701167106628418e-01
#ERR  p: [909, 1745], r: 4.3363651633262634e-01, e: 4.3342098593711853e-01
#ERR  p: [1791, 1745], r: 1.9084075465798378e-02, e: 1.9073428586125374e-02
#ERR  p: [1575, 1745], r: 8.4378713369369507e-01, e: 8.4388113021850586e-01
#ERR  p: [1368, 1745], r: 6.8553197383880615e-01, e: 6.8573439121246338e-01
#ERR  p: [1341, 1745], r: 6.6775691509246826e-01, e: 6.6771513223648071e-01
#ERR  p: [801, 1745], r: 3.8887235522270203e-01, e: 3.8905236124992371e-01
#ERR  p: [837, 1745], r: 4.0316909551620483e-01, e: 4.0330073237419128e-01
#ERR  p: [540, 1745], r: 2.9942679405212402e-01, e: 2.9970380663871765e-01
#ERR  p: [1404, 1745], r: 7.1097338199615479e-01, e: 7.1090179681777954e-01
#ERR  p: [1800, 1745], r: 1.8907606601715088e-02, e: 1.8905593082308769e-02
#ERR  p: [1701, 1745], r: 9.5681512355804443e-01, e: 9.5680129528045654e-01
#ERR  p: [387, 1761], r: 2.5310432910919189e-01, e: 2.5310209393501282e-01
#ERR  p: [882, 1745], r: 4.2186257243156433e-01, e: 4.2193043231964111e-01
#ERR  p: [1818, 1745], r: 1.8571659922599792e-02, e: 1.8562028184533119e-02
#ERR  p: [513, 1745], r: 2.9161262512207031e-01, e: 2.9166695475578308e-01
#ERR  p: [477, 1761], r: 2.7667340636253357e-01, e: 2.7693629264831543e-01
#ERR  p: [1728, 1745], r: 9.8287636041641235e-01, e: 9.8289877176284790e-01
#ERR  p: [549, 1745], r: 3.0207657814025879e-01, e: 3.0240985751152039e-01
#ERR  p: [414, 1761], r: 2.6007080078125000e-01, e: 2.6001414656639099e-01
#ERR  p: [1242, 1745], r: 6.0435110330581665e-01, e: 6.0454535484313965e-01
#ERR  p: [1521, 1745], r: 7.9917752742767334e-01, e: 7.9913735389709473e-01
#ERR  p: [1125, 1745], r: 5.3795218467712402e-01, e: 5.3800010681152344e-01
#ERR  p: [1233, 1745], r: 5.9941458702087402e-01, e: 5.9923732280731201e-01
#ERR  p: [954, 1745], r: 4.5364695787429810e-01, e: 4.5336064696311951e-01
#ERR  p: [1278, 1745], r: 6.2701928615570068e-01, e: 6.2702822685241699e-01
#ERR  p: [1008, 1745], r: 4.7860926389694214e-01, e: 4.7854289412498474e-01
#ERR  p: [1629, 1745], r: 8.9053088426589966e-01, e: 8.9047569036483765e-01
#ERR  p: [1638, 1745], r: 8.9819449186325073e-01, e: 8.9831644296646118e-01
#ERR  p: [1494, 1745], r: 7.7803826332092285e-01, e: 7.7799874544143677e-01
#ERR  p: [1539, 1745], r: 8.1364768743515015e-01, e: 8.1377410888671875e-01
#ERR  p: [1602, 1745], r: 8.6652904748916626e-01, e: 8.6656785011291504e-01
#ERR  p: [1611, 1745], r: 8.7437164783477783e-01, e: 8.7443500757217407e-01
#ERR  p: [900, 1745], r: 4.2952939867973328e-01, e: 4.2948690056800842e-01
#ERR  p: [1395, 1745], r: 7.0461857318878174e-01, e: 7.0457047224044800e-01
#ERR  p: [252, 1762], r: 2.2086000442504883e-01, e: 2.2086094319820404e-01
#ERR  p: [1305, 1745], r: 6.4415007829666138e-01, e: 6.4395880699157715e-01
#ERR  p: [1692, 1745], r: 9.4828379154205322e-01, e: 9.4833672046661377e-01
#ERR  p: [243, 1762], r: 2.1885563433170319e-01, e: 2.1891558170318604e-01
#ERR  p: [1548, 1745], r: 8.2117003202438354e-01, e: 8.2109326124191284e-01
#ERR  p: [1260, 1745], r: 6.1575353145599365e-01, e: 6.1561107635498047e-01
#ERR  p: [1773, 1745], r: 1.9428856670856476e-02, e: 1.9423529505729675e-02
#ERR  p: [1836, 1745], r: 1.8237505108118057e-02, e: 1.8230205401778221e-02
#ERR  p: [234, 1762], r: 2.1703429520130157e-01, e: 2.1698209643363953e-01
#ERR  p: [2032, 1747], r: 1.5027008950710297e-02, e: 1.5022937208414078e-02
#ERR  p: [1467, 1745], r: 7.5716596841812134e-01, e: 7.5718235969543457e-01
#ERR  p: [225, 1762], r: 2.1496061980724335e-01, e: 2.1502226591110229e-01
#ERR  p: [208, 1762], r: -3.1137928962707520e+00, e: 2.1137973666191101e-01
#ERR  p: [531, 1745], r: 2.9702830314636230e-01, e: 2.9698869585990906e-01
#ERR  p: [1764, 1745], r: 1.9603423774242401e-02, e: 1.9596021622419357e-02
#ERR  p: [1314, 1745], r: 6.5003383159637451e-01, e: 6.4994519948959351e-01
#ERR  p: [981, 1745], r: 4.6609348058700562e-01, e: 4.6569076180458069e-01
#ERR  p: [1413, 1745], r: 7.1750509738922119e-01, e: 7.1726131439208984e-01
#ERR  p: [468, 1761], r: 2.7431476116180420e-01, e: 2.7443575859069824e-01
#ERR  p: [1323, 1745], r: 6.5580803155899048e-01, e: 6.5566784143447876e-01
#ERR  p: [567, 1745], r: 3.0798953771591187e-01, e: 3.0785155296325684e-01
#ERR  p: [459, 1761], r: 2.7172613143920898e-01, e: 2.7199447154998779e-01
#ERR  p: [1431, 1745], r: 7.3054581880569458e-01, e: 7.3033213615417480e-01
#ERR  p: [432, 1761], r: 2.6494964957237244e-01, e: 2.6472517848014832e-01
#ERR  p: [1332, 1745], r: 6.6184127330780029e-01, e: 6.6158103942871094e-01
#ERR  p: [1359, 1745], r: 6.7981779575347900e-01, e: 6.7975884675979614e-01
#ERR  p: [1449, 1745], r: 7.4379801750183105e-01, e: 7.4397397041320801e-01
#ERR  p: [396, 1761], r: 2.5515574216842651e-01, e: 2.5536879897117615e-01
#ERR  p: [1053, 1745], r: 5.0031262636184692e-01, e: 5.0052744150161743e-01
#ERR  p: [1098, 1745], r: 5.2363860607147217e-01, e: 5.2362030744552612e-01
#ERR  p: [1107, 1745], r: 5.2847808599472046e-01, e: 5.2833801507949829e-01
#ERR  p: [1062, 1745], r: 5.0510758161544800e-01, e: 5.0508040189743042e-01
#ERR  p: [1080, 1745], r: 5.1402992010116577e-01, e: 5.1419502496719360e-01
#ERR  p: [1089, 1745], r: 5.1897197961807251e-01, e: 5.1897180080413818e-01
#ERR  p: [1485, 1745], r: 7.7110803127288818e-01, e: 7.7103573083877563e-01
#ERR  p: [1476, 1745], r: 7.6383811235427856e-01, e: 7.6385062932968140e-01
#ERR  p: [999, 1745], r: 4.7420713305473328e-01, e: 4.7418811917304993e-01
#ERR  p: [1755, 1745], r: 1.9775845110416412e-02, e: 1.9773904234170914e-02
#ERR  p: [1044, 1745], r: 4.9609607458114624e-01, e: 4.9603566527366638e-01
#ERR  p: [927, 1745], r: 4.4133087992668152e-01, e: 4.4126972556114197e-01
#ERR  p: [1071, 1745], r: 5.0965332984924316e-01, e: 5.0969660282135010e-01
#ERR  p: [1026, 1745], r: 4.8713961243629456e-01, e: 4.8717084527015686e-01
#ERR  p: [945, 1745], r: 4.4939705729484558e-01, e: 4.4934111833572388e-01
#ERR  p: [1017, 1745], r: 4.8288953304290771e-01, e: 4.8279896378517151e-01
#ERR  p: [990, 1745], r: 4.6997115015983582e-01, e: 4.6998903155326843e-01
#ERR  p: [1035, 1745], r: 4.9184095859527588e-01, e: 4.9172723293304443e-01
#ERR  p: [963, 1745], r: 4.5738732814788818e-01, e: 4.5747840404510498e-01
#ERR  p: [1458, 1745], r: 7.5058609247207642e-01, e: 7.5055068731307983e-01
#ERR  p: [1593, 1745], r: 8.5921603441238403e-01, e: 8.5888570547103882e-01
#ERR  p: [1674, 1745], r: 9.3143308162689209e-01, e: 9.3131822347640991e-01
#ERR  p: [1647, 1745], r: 9.0692061185836792e-01, e: 9.0693408250808716e-01
#ERR  p: [1620, 1745], r: 8.8251042366027832e-01, e: 8.8253128528594971e-01
#ERR  p: [972, 1745], r: 4.6173357963562012e-01, e: 4.6157175302505493e-01
#ERR  p: [1557, 1745], r: 8.2855713367462158e-01, e: 8.2846909761428833e-01
#ERR  p: [1503, 1745], r: 7.8492343425750732e-01, e: 7.8494280576705933e-01
#ERR  p: [1683, 1745], r: 9.3984407186508179e-01, e: 9.3986940383911133e-01
#ERR  p: [1665, 1745], r: 9.2321646213531494e-01, e: 9.2311984300613403e-01
#ERR  p: [279, 1762], r: 2.2710841894149780e-01, e: 2.2695964574813843e-01
#ERR  p: [270, 1762], r: 2.2477066516876221e-01, e: 2.2492092847824097e-01
#ERR  p: [261, 1762], r: 2.2288887202739716e-01, e: 2.2290985286235809e-01
#ERR  p: [216, 1762], r: 2.1355365216732025e-01, e: 2.1307578682899475e-01
#ERR  p: [351, 1762], r: 2.4379187822341919e-01, e: 2.4387016892433167e-01
#ERR  p: [666, 1746], r: 3.3951187133789062e-01, e: 3.3961480855941772e-01
#ERR  p: [288, 1762], r: 2.2881203889846802e-01, e: 2.2899214923381805e-01
#ERR  p: [297, 1762], r: 2.3093521595001221e-01, e: 2.3106944561004639e-01
#ERR  p: [1989, 1746], r: 1.5677995979785919e-02, e: 1.5668028965592384e-02
#ERR  p: [792, 1746], r: 3.8500854372978210e-01, e: 3.8522839546203613e-01
#ERR  p: [1296, 1746], r: 6.3765919208526611e-01, e: 6.3775318861007690e-01
#ERR  p: [333, 1762], r: 2.3953640460968018e-01, e: 2.3954312503337860e-01
#ERR  p: [342, 1762], r: 2.4125620722770691e-01, e: 2.4171859025955200e-01
#ERR  p: [1998, 1746], r: 1.5531800687313080e-02, e: 1.5528490766882896e-02
#ERR  p: [495, 1762], r: 2.8171196579933167e-01, e: 2.8164672851562500e-01
#ERR  p: [936, 1746], r: 4.4483089447021484e-01, e: 4.4483014941215515e-01
#ERR  p: [1962, 1746], r: 1.6100242733955383e-02, e: 1.6096077859401703e-02
#ERR  p: [1917, 1746], r: 1.6845196485519409e-02, e: 1.6839627176523209e-02
#ERR  p: [1827, 1746], r: 1.8424842506647110e-02, e: 1.8419556319713593e-02
#ERR  p: [2040, 1747], r: 1.4907106757164001e-02, e: 1.4901176095008850e-02
#ERR  p: [522, 1746], r: 2.9386472702026367e-01, e: 2.9404070973396301e-01
#ERR  p: [1845, 1746], r: 1.8102232366800308e-02, e: 1.8096156418323517e-02
#ERR  p: [1719, 1746], r: 9.7335278987884521e-01, e: 9.7345495223999023e-01
#ERR  p: [846, 1746], r: 4.0641406178474426e-01, e: 4.0659078955650330e-01
#ERR  p: [711, 1746], r: 3.5535109043121338e-01, e: 3.5518595576286316e-01
#ERR  p: [324, 1762], r: 2.3710049688816071e-01, e: 2.3736374080181122e-01
#ERR  p: [1251, 1746], r: 6.0941874980926514e-01, e: 6.0950428247451782e-01
#ERR  p: [1908, 1746], r: 1.6996957361698151e-02, e: 1.6989812254905701e-02
#ERR  p: [1953, 1746], r: 1.6248196363449097e-02, e: 1.6241125762462616e-02
#ERR  p: [1935, 1746], r: 1.6541637480258942e-02, e: 1.6541171818971634e-02
#ERR  p: [1944, 1746], r: 1.6392130404710770e-02, e: 1.6385987401008606e-02
#ERR  p: [315, 1762], r: 2.3523569107055664e-01, e: 2.3527579009532928e-01
#ERR  p: [1980, 1746], r: 1.5815623104572296e-02, e: 1.5810910612344742e-02
#ERR  p: [783, 1746], r: 3.8183951377868652e-01, e: 3.8180893659591675e-01
#ERR  p: [702, 1746], r: 3.5190588235855103e-01, e: 3.5204046964645386e-01
#ERR  p: [2016, 1747], r: 1.5268143266439438e-02, e: 1.5268702059984207e-02
#ERR  p: [1926, 1746], r: 1.6689606010913849e-02, e: 1.6686767339706421e-02
#ERR  p: [675, 1746], r: 3.4264943003654480e-01, e: 3.4263440966606140e-01
#ERR  p: [648, 1746], r: 3.3340924978256226e-01, e: 3.3351850509643555e-01
#ERR  p: [1971, 1746], r: 1.5957117080688477e-02, e: 1.5952654182910919e-02
#ERR  p: [729, 1746], r: 3.6156260967254639e-01, e: 3.6171251535415649e-01
#ERR  p: [720, 1746], r: 3.5829904675483704e-01, e: 3.5843551158905029e-01
#ERR  p: [810, 1746], r: 3.9238452911376953e-01, e: 3.9218875765800476e-01
#ERR  p: [2007, 1746], r: 1.5393767505884171e-02, e: 1.5386976301670074e-02
#ERR  p: [1134, 1746], r: 5.4235237836837769e-01, e: 5.4223603010177612e-01
#ERR  p: [1116, 1746], r: 5.3250658512115479e-01, e: 5.3252971172332764e-01
#ERR  p: [774, 1746], r: 3.7828439474105835e-01, e: 3.7834927439689636e-01
#ERR  p: [1872, 1746], r: 1.7616640776395798e-02, e: 1.7608217895030975e-02
#ERR  p: [756, 1746], r: 3.7154334783554077e-01, e: 3.7162166833877563e-01
#ERR  p: [738, 1746], r: 3.6502099037170410e-01, e: 3.6491441726684570e-01
#ERR  p: [1863, 1746], r: 1.7775826156139374e-02, e: 1.7769888043403625e-02
#ERR  p: [1899, 1746], r: 1.7150975763797760e-02, e: 1.7149209976196289e-02
#ERR  p: [1890, 1746], r: 1.7302796244621277e-02, e: 1.7297580838203430e-02
#ERR  p: [1881, 1746], r: 1.7456732690334320e-02, e: 1.7454653978347778e-02
#ERR  p: [747, 1746], r: 3.6825069785118103e-01, e: 3.6820781230926514e-01
#ERR  p: [576, 1746], r: 3.1040444970130920e-01, e: 3.1033024191856384e-01
#ERR  p: [1386, 1746], r: 6.9754940271377563e-01, e: 6.9738608598709106e-01
#ERR  p: [891, 1746], r: 4.2513000965118408e-01, e: 4.2524597048759460e-01
#ERR  p: [1179, 1746], r: 5.6709796190261841e-01, e: 5.6725418567657471e-01
#ERR  p: [1224, 1746], r: 5.9335219860076904e-01, e: 5.9329104423522949e-01
#ERR  p: [369, 1762], r: 2.4828691780567169e-01, e: 2.4831239879131317e-01
#ERR  p: [603, 1746], r: 3.1884139776229858e-01, e: 3.1886377930641174e-01
#ERR  p: [1269, 1746], r: 6.2034201622009277e-01, e: 6.2054020166397095e-01
#ERR  p: [693, 1746], r: 3.4897056221961975e-01, e: 3.4884300827980042e-01
#ERR  p: [450, 1762], r: 2.6947763562202454e-01, e: 2.6925343275070190e-01
#ERR  p: [360, 1762], r: 2.4605908989906311e-01, e: 2.4611428380012512e-01
#ERR  p: [612, 1746], r: 3.2169952988624573e-01, e: 3.2175806164741516e-01
#ERR  p: [1152, 1746], r: 5.5224925279617310e-01, e: 5.5213141441345215e-01
#ERR  p: [585, 1746], r: 3.1327944993972778e-01, e: 3.1319180130958557e-01
#ERR  p: [630, 1746], r: 3.2724469900131226e-01, e: 3.2756164669990540e-01
#ERR  p: [657, 1746], r: 3.3641585707664490e-01, e: 3.3645018935203552e-01
#ERR  p: [765, 1746], r: 3.7490054965019226e-01, e: 3.7490537762641907e-01
#ERR  p: [504, 1746], r: 2.8898149728775024e-01, e: 2.8880900144577026e-01
#ERR  p: [684, 1746], r: 3.4572944045066833e-01, e: 3.4577754139900208e-01
#ERR  p: [1737, 1746], r: 9.9079287052154541e-01, e: 9.9086070060729980e-01
#ERR  p: [441, 1762], r: 2.6688885688781738e-01, e: 2.6684260368347168e-01
#ERR  p: [1782, 1746], r: 1.9278094172477722e-02, e: 1.9270882010459900e-02
#ERR  p: [1143, 1746], r: 5.4713428020477295e-01, e: 5.4719352722167969e-01
#ERR  p: [639, 1746], r: 3.3049923181533813e-01, e: 3.3051526546478271e-01
#SDC Ite:0 KerTime:17.664450 AccTime:17.664450 KerErr:554173 AccErr:554173
#ABORT too many errors per iteration
#END