2016-10-25 19:12:35:Starting GDB script
2016-10-25 19:12:36:sending signal using command: 'ssh -T mic0 killall -2 needle_check' after 0.914738531833s
2016-10-25 19:12:36:shell stdout: 
2016-10-25 19:12:37:sending signal using command: 'ssh -T mic0 killall -2 needle_check' after 1.79182499334s
2016-10-25 19:12:37:shell stdout: 
2016-10-25 19:12:38:sending signal using command: 'ssh -T mic0 killall -2 needle_check' after 2.90775509935s
2016-10-25 19:12:38:shell stdout: 
2016-10-25 19:12:43:sending signal using command: 'ssh -T mic0 killall -2 needle_check' after 7.61031375988s
2016-10-25 19:12:43:shell stdout: 
2016-10-25 19:12:45:sending signal using command: 'ssh -T mic0 killall -2 needle_check' after 9.94237534774s
2016-10-25 19:12:45:shell stdout: 
2016-10-25 19:12:49:sending signal using command: 'ssh -T mic0 killall -2 needle_check' after 13.6929860115s
2016-10-25 19:12:49:shell stdout: 
2016-10-25 19:12:49:sending signal using command: 'ssh -T mic0 killall -2 needle_check' after 13.9603792127s
2016-10-25 19:12:49:shell stdout: 
2016-10-25 19:12:50:sending signal using command: 'ssh -T mic0 killall -2 needle_check' after 14.8191319912s
2016-10-25 19:12:50:shell stdout: 
2016-10-25 19:12:52:sending signal using command: 'ssh -T mic0 killall -2 needle_check' after 16.5376546256s
2016-10-25 19:12:52:shell stdout: 
2016-10-25 19:12:52:sending signal using command: 'ssh -T mic0 killall -2 needle_check' after 16.9856420317s
2016-10-25 19:12:52:shell stdout: 
2016-10-25 19:12:58:no gdbExecName running, out:
2016-10-25 19:12:58:checCmd:ps -e | grep -i gdb-mic
2016-10-25 19:12:58:finished now-timestampStart < maxWaitTime*5
2016-10-25 19:12:58:now: 1477437177
2016-10-25 19:12:58:timestampStart: 1477437155
2016-10-25 19:12:58:kill cmd: killall -9 gdb-mic
2016-10-25 19:12:58:shell stdout: 
2016-10-25 19:12:58:kill cmd: ssh -T mic0 killall -9 needle_check
2016-10-25 19:12:58:shell stdout: 
2016-10-25 19:12:59:kill cmd: ssh -T mic0 killall -9 gdbserver
2016-10-25 19:12:59:shell stdout: 
2016-10-25 19:12:59:kill cmd: ssh -T mic0 killall -9 sshd
2016-10-25 19:12:59:shell stdout: 
