2016-10-12 09:17:59:sending signal using command: 'ssh -T mic0 killall -2 hotspot_check' after 13.007655814s
2016-10-12 09:17:59:shell stdout: 
2016-10-12 09:18:00:sending signal using command: 'ssh -T mic0 killall -2 hotspot_check' after 13.8599175245s
2016-10-12 09:18:00:shell stdout: 
2016-10-12 09:18:00:Starting GDB script
2016-10-12 09:18:05:sending signal using command: 'ssh -T mic0 killall -2 hotspot_check' after 4.75824312736s
2016-10-12 09:18:05:shell stdout: 
2016-10-12 09:18:05:sending signal using command: 'ssh -T mic0 killall -2 hotspot_check' after 5.10516061353s
2016-10-12 09:18:05:shell stdout: 
2016-10-12 09:18:06:sending signal using command: 'ssh -T mic0 killall -2 hotspot_check' after 6.24075026802s
2016-10-12 09:18:06:shell stdout: 
2016-10-12 09:18:07:sending signal using command: 'ssh -T mic0 killall -2 hotspot_check' after 6.51682452794s
2016-10-12 09:18:07:shell stdout: 
2016-10-12 09:18:08:sending signal using command: 'ssh -T mic0 killall -2 hotspot_check' after 8.18795653314s
2016-10-12 09:18:08:shell stdout: 
2016-10-12 09:18:09:sending signal using command: 'ssh -T mic0 killall -2 hotspot_check' after 8.68638229231s
2016-10-12 09:18:09:shell stdout: 
2016-10-12 09:18:11:sending signal using command: 'ssh -T mic0 killall -2 hotspot_check' after 11.1694411656s
2016-10-12 09:18:11:shell stdout: 
2016-10-12 09:18:14:sending signal using command: 'ssh -T mic0 killall -2 hotspot_check' after 13.2137113068s
2016-10-12 09:18:14:shell stdout: 
2016-10-12 09:18:14:sending signal using command: 'ssh -T mic0 killall -2 hotspot_check' after 13.2839756393s
2016-10-12 09:18:14:shell stdout: 
2016-10-12 09:18:15:sending signal using command: 'ssh -T mic0 killall -2 hotspot_check' after 14.6754364452s
2016-10-12 09:18:15:shell stdout: 
2016-10-12 09:18:21:no gdbExecName running, out:
2016-10-12 09:18:21:checCmd:ps -e | grep -i gdb-mic
2016-10-12 09:18:21:finished now-timestampStart < maxWaitTime*5
2016-10-12 09:18:21:now: 1476278300
2016-10-12 09:18:21:timestampStart: 1476278280
2016-10-12 09:18:21:kill cmd: killall -9 gdb-mic
2016-10-12 09:18:21:shell stdout: 
2016-10-12 09:18:22:kill cmd: ssh -T mic0 killall -9 hotspot_check
2016-10-12 09:18:22:shell stdout: 
2016-10-12 09:18:22:kill cmd: ssh -T mic0 killall -9 gdbserver
2016-10-12 09:18:22:shell stdout: 
