2017-01-11 22:02:19:Starting GDB script
2017-01-11 22:02:19:initSignal:28.0
2017-01-11 22:02:19:endSignal:28.0
2017-01-11 22:02:19:seqSignal:15
2017-01-11 22:02:47:sending 15 signals using command: 'ssh -T mic1 killall -2 dgemm_check' after 28.0s
2017-01-11 22:02:47:sending 15 signals using command: 'ssh -T mic1 killall -2 dgemm_check' after 28.0s
2017-01-11 22:02:47:sending 15 signals using command: 'ssh -T mic1 killall -2 dgemm_check' after 28.0s
2017-01-11 22:02:47:shell stdout: 
2017-01-11 22:02:47:shell stdout: 
2017-01-11 22:02:47:shell stdout: 
2017-01-11 22:02:48:shell stdout: 
2017-01-11 22:02:48:shell stdout: 
2017-01-11 22:02:48:shell stdout: 
2017-01-11 22:02:48:shell stdout: 
2017-01-11 22:02:48:shell stdout: 
2017-01-11 22:02:48:shell stdout: 
2017-01-11 22:02:49:shell stdout: 
2017-01-11 22:02:49:shell stdout: 
2017-01-11 22:02:49:shell stdout: 
2017-01-11 22:02:49:shell stdout: 
2017-01-11 22:02:49:shell stdout: 
2017-01-11 22:02:49:shell stdout: 
2017-01-11 22:02:50:shell stdout: 
2017-01-11 22:02:50:shell stdout: 
2017-01-11 22:02:50:shell stdout: 
2017-01-11 22:02:50:shell stdout: 
2017-01-11 22:02:50:shell stdout: 
2017-01-11 22:02:50:shell stdout: 
2017-01-11 22:02:50:shell stdout: 
2017-01-11 22:02:50:shell stdout: 
2017-01-11 22:02:51:shell stdout: 
2017-01-11 22:02:51:shell stdout: 
2017-01-11 22:02:51:shell stdout: 
2017-01-11 22:02:51:shell stdout: 
2017-01-11 22:02:51:shell stdout: 
2017-01-11 22:02:51:shell stdout: 
2017-01-11 22:02:51:shell stdout: 
2017-01-11 22:02:52:shell stdout: 
2017-01-11 22:02:52:shell stdout: 
2017-01-11 22:02:52:shell stdout: 
2017-01-11 22:02:52:shell stdout: 
2017-01-11 22:02:52:shell stdout: 
2017-01-11 22:02:52:shell stdout: 
2017-01-11 22:02:53:shell stdout: 
2017-01-11 22:02:53:shell stdout: 
2017-01-11 22:02:53:shell stdout: 
2017-01-11 22:02:53:shell stdout: 
2017-01-11 22:02:53:shell stdout: 
2017-01-11 22:02:53:shell stdout: 
2017-01-11 22:02:53:shell stdout: 
2017-01-11 22:02:54:shell stdout: 
2017-01-11 22:02:54:shell stdout: 
2017-01-11 22:04:23:no gdbExecName running, out:
2017-01-11 22:04:23:checCmd:ps -e | grep -i gdb-mic
2017-01-11 22:04:23:finished now-timestampStart < maxWaitTime*5
2017-01-11 22:04:23:now: 1484190254
2017-01-11 22:04:23:timestampStart: 1484190139
2017-01-11 22:04:23:kill cmd: killall -9 gdb-mic
2017-01-11 22:04:23:shell stdout: 
2017-01-11 22:04:23:kill cmd: ssh -T mic1 killall -9 dgemm_check
2017-01-11 22:04:23:shell stdout: 
2017-01-11 22:04:23:kill cmd: ssh -T mic1 killall -9 gdbserver
2017-01-11 22:04:23:shell stdout: 
2017-01-11 22:04:24:kill cmd: ssh -T mic1 killall -9 sshd
2017-01-11 22:04:24:shell stdout: 
