[INFO -- 2017-02-25 02:19:34]
Starting GDB script
[INFO -- 2017-02-25 02:19:34]
initSignal:9.0
[INFO -- 2017-02-25 02:19:34]
endSignal:12.0
[INFO -- 2017-02-25 02:19:34]
seqSignal:15
[INFO -- 2017-02-25 02:19:43]
sending 15 signals using command: 'ssh -T mic0 killall -2 hotspot_check' after 9.10486318443s
[INFO -- 2017-02-25 02:19:44]
shell stdout: 
[INFO -- 2017-02-25 02:19:44]
sending 15 signals using command: 'ssh -T mic0 killall -2 hotspot_check' after 9.56478135853s
[INFO -- 2017-02-25 02:19:44]
shell stdout: 
[INFO -- 2017-02-25 02:19:44]
shell stdout: 
[INFO -- 2017-02-25 02:19:45]
sending 15 signals using command: 'ssh -T mic0 killall -2 hotspot_check' after 10.1692299974s
[INFO -- 2017-02-25 02:19:45]
shell stdout: 
[INFO -- 2017-02-25 02:19:45]
shell stdout: 
[INFO -- 2017-02-25 02:19:45]
shell stdout: 
[INFO -- 2017-02-25 02:19:45]
shell stdout: 
[INFO -- 2017-02-25 02:19:45]
shell stdout: 
[INFO -- 2017-02-25 02:19:45]
shell stdout: 
[INFO -- 2017-02-25 02:19:46]
shell stdout: 
[INFO -- 2017-02-25 02:19:46]
shell stdout: 
[INFO -- 2017-02-25 02:19:46]
shell stdout: 
[INFO -- 2017-02-25 02:19:46]
shell stdout: 
[INFO -- 2017-02-25 02:19:46]
shell stdout: 
[INFO -- 2017-02-25 02:19:46]
shell stdout: 
[INFO -- 2017-02-25 02:19:46]
shell stdout: 
[INFO -- 2017-02-25 02:19:46]
shell stdout: 
[INFO -- 2017-02-25 02:19:47]
shell stdout: 
[INFO -- 2017-02-25 02:19:47]
shell stdout: 
[INFO -- 2017-02-25 02:19:47]
shell stdout: 
[INFO -- 2017-02-25 02:19:47]
shell stdout: 
[INFO -- 2017-02-25 02:19:47]
shell stdout: 
[INFO -- 2017-02-25 02:19:47]
shell stdout: 
[INFO -- 2017-02-25 02:19:47]
shell stdout: 
[INFO -- 2017-02-25 02:19:48]
shell stdout: 
[INFO -- 2017-02-25 02:19:48]
shell stdout: 
[INFO -- 2017-02-25 02:19:48]
shell stdout: 
[INFO -- 2017-02-25 02:19:48]
shell stdout: 
[INFO -- 2017-02-25 02:19:48]
shell stdout: 
[INFO -- 2017-02-25 02:19:48]
shell stdout: 
[INFO -- 2017-02-25 02:19:48]
shell stdout: 
[INFO -- 2017-02-25 02:19:49]
shell stdout: 
[INFO -- 2017-02-25 02:19:49]
shell stdout: 
[INFO -- 2017-02-25 02:19:49]
shell stdout: 
[INFO -- 2017-02-25 02:19:49]
shell stdout: 
[INFO -- 2017-02-25 02:19:49]
shell stdout: 
[INFO -- 2017-02-25 02:19:50]
shell stdout: 
[INFO -- 2017-02-25 02:19:50]
shell stdout: 
[INFO -- 2017-02-25 02:19:50]
shell stdout: 
[INFO -- 2017-02-25 02:19:50]
shell stdout: 
[INFO -- 2017-02-25 02:19:50]
shell stdout: 
[INFO -- 2017-02-25 02:19:50]
shell stdout: 
[INFO -- 2017-02-25 02:19:51]
shell stdout: 
[INFO -- 2017-02-25 02:19:51]
shell stdout: 
[INFO -- 2017-02-25 02:19:51]
shell stdout: 
[INFO -- 2017-02-25 02:20:05]
no gdbExecName running, out:
[INFO -- 2017-02-25 02:20:05]
checCmd:ps -e | grep -i gdb-mic
[INFO -- 2017-02-25 02:20:05]
finished now-timestampStart < maxWaitTime*5
[INFO -- 2017-02-25 02:20:05]
now: 1488007203
[INFO -- 2017-02-25 02:20:05]
timestampStart: 1488007174
[INFO -- 2017-02-25 02:20:05]
kill cmd: killall -9 gdb-mic
[INFO -- 2017-02-25 02:20:05]
shell stdout: 
[INFO -- 2017-02-25 02:20:05]
kill cmd: ssh -T mic0 killall -9 hotspot_check
[INFO -- 2017-02-25 02:20:05]
shell stdout: 
[INFO -- 2017-02-25 02:20:06]
kill cmd: ssh -T mic0 killall -9 gdbserver
[INFO -- 2017-02-25 02:20:06]
shell stdout: 
[INFO -- 2017-02-25 02:20:06]
kill cmd: ssh -T mic0 killall -9 sshd
[INFO -- 2017-02-25 02:20:06]
shell stdout: 
