2016-10-28 13:26:55:Initialization strings:
2016-10-28 13:26:55:(1) target extended-remote | ssh -T mic0 gdbserver --multi -
2016-10-28 13:26:55:(2) set sysroot /opt/mpss/3.7/sysroots/k1om-mpss-linux/
2016-10-28 13:26:55:(3) set sysroot /opt/mpss/3.7/sysroots/k1om-mpss-linux/
2016-10-28 13:26:55:(4) file /micNfs/gdb-fault-injection-hotspot/bin/hotspot_check
2016-10-28 13:26:55:(5) set remote exec-file /micNfs/gdb-fault-injection-hotspot/bin/hotspot_check
2016-10-28 13:26:55:(6) set args 1024 1024 2000 228 /micNfs/gdb-fault-injection-hotspot/bin/temp_1024 /micNfs/gdb-fault-injection-hotspot/bin/power_1024 /micNfs/gdb-fault-injection-hotspot/bin/GOLD_1024-2000-228
2016-10-28 13:26:56:Trying Fault Injection
2016-10-28 13:26:56:Backtrace BEGIN:
2016-10-28 13:26:56:#0  _IO_vfscanf_internal (s=s@entry=0x7fffffffe400, format=format@entry=0x407198 "%f", argptr=argptr@entry=0x7fffffffe528, errp=errp@entry=0x0) at vfscanf.c:349
#1  0x00007ffff71365ea in __GI___isoc99_vsscanf (string=0x7fffffffe77a "325.201562\n", format=0x407198 "%f", args=args@entry=0x7fffffffe528) at isoc99_vsscanf.c:43
#2  0x00007ffff7136569 in __isoc99_sscanf (s=<optimized out>, format=<optimized out>) at isoc99_sscanf.c:31
#3  0x0000000000401744 in read_input (vect=<optimized out>, grid_rows=<optimized out>, grid_cols=-160649200, file=<optimized out>) at hotspot_check.c:206
#4  main (argc=1, argv=0x43800000) at hotspot_check.c:264

2016-10-28 13:26:56:344	in vfscanf.c

2016-10-28 13:26:56:Backtrace END
2016-10-28 13:26:56:Type: The type is an array.
2016-10-28 13:26:56:Type sizeof: 24
2016-10-28 13:26:56:Fliping array at pos: 0
2016-10-28 13:26:56:Type: The type is a structure.
2016-10-28 13:26:56:Type sizeof: 24
2016-10-28 13:26:56:Fliping value of field: fp_offset
2016-10-28 13:26:56:Type: The type is an integer type.
2016-10-28 13:26:56:Type sizeof: 4
2016-10-28 13:26:56:Mem contents(hex):0x300x000x000x00
2016-10-28 13:26:56:base address to flip value: 0x7fffffffe52c
2016-10-28 13:26:56:address max offset: 4
2016-10-28 13:26:56:Memory content before bitflip:0x300x000x000x00
2016-10-28 13:26:56:Memory content after  bitflip:0x300x000x000x40
2016-10-28 13:26:56:Mem contents(hex):0x300x000x000x40
2016-10-28 13:26:56:frame name: __isoc99_sscanf
2016-10-28 13:26:56:symbol name: arg
2016-10-28 13:26:56:symbol filename: isoc99_sscanf.c
2016-10-28 13:26:56:symbol line: 27
2016-10-28 13:26:56:value: {{gp_offset = 16, fp_offset = 1073741872, overflow_arg_area = 0x7fffffffe600, reg_save_area = 0x7fffffffe540}}
2016-10-28 13:26:56:value address: 0x7fffffffe528
2016-10-28 13:26:56:Type: The type is an array.
2016-10-28 13:26:56:Type sizeof: 24
2016-10-28 13:26:56:Fault Injection Successful after 1.29020094872s
2016-10-28 13:26:56:Fault Already Injected
2016-10-28 13:26:56:Fault Already Injected
2016-10-28 13:26:58:Fault Already Injected
2016-10-28 13:27:00:Fault Already Injected
2016-10-28 13:27:01:Fault Already Injected
2016-10-28 13:27:02:Fault Already Injected
2016-10-28 13:27:02:Fault Already Injected
2016-10-28 13:27:08:Fault Already Injected
2016-10-28 13:27:09:Fault Already Injected
2016-10-28 13:27:10:event type: exit
2016-10-28 13:27:10:exit code: 0
