[INFO -- 2017-03-10 15:50:34]
shell stdout: 
[INFO -- 2017-03-10 15:50:34]
shell stdout: 
[INFO -- 2017-03-10 15:50:34]
shell stdout: 
[INFO -- 2017-03-10 15:50:35]
shell stdout: 
[INFO -- 2017-03-10 15:50:35]
shell stdout: 
[INFO -- 2017-03-10 15:50:35]
shell stdout: 
[INFO -- 2017-03-10 15:50:35]
shell stdout: 
[INFO -- 2017-03-10 15:50:35]
shell stdout: 
[INFO -- 2017-03-10 15:50:35]
shell stdout: 
[INFO -- 2017-03-10 15:50:36]
shell stdout: 
[INFO -- 2017-03-10 15:50:36]
shell stdout: 
[INFO -- 2017-03-10 15:50:36]
shell stdout: 
[INFO -- 2017-03-10 15:50:36]
shell stdout: 
[INFO -- 2017-03-10 15:50:36]
shell stdout: 
[INFO -- 2017-03-10 15:50:36]
shell stdout: 
[INFO -- 2017-03-10 15:50:36]
shell stdout: 
[INFO -- 2017-03-10 15:50:37]
shell stdout: 
[INFO -- 2017-03-10 15:50:37]
shell stdout: 
[INFO -- 2017-03-10 15:50:37]
shell stdout: 
[INFO -- 2017-03-10 15:50:37]
shell stdout: 
[INFO -- 2017-03-10 15:50:37]
shell stdout: 
[INFO -- 2017-03-10 15:50:37]
shell stdout: 
[INFO -- 2017-03-10 15:50:37]
shell stdout: 
[INFO -- 2017-03-10 15:50:37]
shell stdout: 
[INFO -- 2017-03-10 15:50:38]
shell stdout: 
[INFO -- 2017-03-10 15:50:38]
shell stdout: 
[INFO -- 2017-03-10 15:50:38]
shell stdout: 
[INFO -- 2017-03-10 15:50:38]
shell stdout: 
[INFO -- 2017-03-10 15:50:38]
shell stdout: 
[INFO -- 2017-03-10 15:50:38]
shell stdout: 
[INFO -- 2017-03-10 15:50:39]
shell stdout: 
[INFO -- 2017-03-10 15:50:39]
shell stdout: 
[INFO -- 2017-03-10 15:50:39]
shell stdout: 
[INFO -- 2017-03-10 15:50:39]
shell stdout: 
[INFO -- 2017-03-10 15:50:39]
shell stdout: 
[INFO -- 2017-03-10 15:50:39]
shell stdout: 
[INFO -- 2017-03-10 15:50:40]
shell stdout: 
[INFO -- 2017-03-10 15:50:40]
shell stdout: 
[INFO -- 2017-03-10 15:50:40]
shell stdout: 
[INFO -- 2017-03-10 15:50:40]
Starting GDB script
[INFO -- 2017-03-10 15:50:40]
initSignal:6.0
[INFO -- 2017-03-10 15:50:40]
endSignal:8.0
[INFO -- 2017-03-10 15:50:40]
seqSignal:30
[INFO -- 2017-03-10 15:50:46]
sending 30 signals using command: 'ssh -T mic0 killall -2 lud_check' after 6.18831557709s
[INFO -- 2017-03-10 15:50:47]
shell stdout: 
[INFO -- 2017-03-10 15:50:48]
sending 30 signals using command: 'ssh -T mic0 killall -2 lud_check' after 7.7578296944s
[INFO -- 2017-03-10 15:50:48]
shell stdout: 
[INFO -- 2017-03-10 15:50:48]
sending 30 signals using command: 'ssh -T mic0 killall -2 lud_check' after 7.89400983972s
[INFO -- 2017-03-10 15:50:48]
shell stdout: 
[INFO -- 2017-03-10 15:50:48]
shell stdout: 
[INFO -- 2017-03-10 15:50:48]
shell stdout: 
[INFO -- 2017-03-10 15:50:48]
shell stdout: 
[INFO -- 2017-03-10 15:50:48]
shell stdout: 
[INFO -- 2017-03-10 15:50:48]
shell stdout: 
[INFO -- 2017-03-10 15:50:49]
shell stdout: 
[INFO -- 2017-03-10 15:50:49]
shell stdout: 
[INFO -- 2017-03-10 15:50:49]
shell stdout: 
[INFO -- 2017-03-10 15:50:49]
shell stdout: 
[INFO -- 2017-03-10 15:50:49]
shell stdout: 
[INFO -- 2017-03-10 15:50:49]
shell stdout: 
[INFO -- 2017-03-10 15:50:50]
shell stdout: 
[INFO -- 2017-03-10 15:50:50]
shell stdout: 
[INFO -- 2017-03-10 15:50:50]
shell stdout: 
[INFO -- 2017-03-10 15:50:50]
shell stdout: 
[INFO -- 2017-03-10 15:50:50]
shell stdout: 
[INFO -- 2017-03-10 15:50:50]
shell stdout: 
[INFO -- 2017-03-10 15:50:50]
shell stdout: 
[INFO -- 2017-03-10 15:50:51]
shell stdout: 
[INFO -- 2017-03-10 15:50:51]
shell stdout: 
[INFO -- 2017-03-10 15:50:51]
shell stdout: 
[INFO -- 2017-03-10 15:50:51]
shell stdout: 
[INFO -- 2017-03-10 15:50:51]
shell stdout: 
[INFO -- 2017-03-10 15:50:52]
shell stdout: 
[INFO -- 2017-03-10 15:50:52]
shell stdout: 
[INFO -- 2017-03-10 15:50:52]
shell stdout: 
[INFO -- 2017-03-10 15:50:52]
shell stdout: 
[INFO -- 2017-03-10 15:50:52]
shell stdout: 
[INFO -- 2017-03-10 15:50:52]
shell stdout: 
[INFO -- 2017-03-10 15:50:53]
shell stdout: 
[INFO -- 2017-03-10 15:50:53]
shell stdout: 
[INFO -- 2017-03-10 15:50:53]
shell stdout: 
[INFO -- 2017-03-10 15:50:54]
shell stdout: 
[INFO -- 2017-03-10 15:50:54]
shell stdout: 
[INFO -- 2017-03-10 15:50:54]
shell stdout: 
[INFO -- 2017-03-10 15:50:55]
shell stdout: 
[INFO -- 2017-03-10 15:50:55]
shell stdout: 
[INFO -- 2017-03-10 15:50:55]
shell stdout: 
[INFO -- 2017-03-10 15:50:55]
shell stdout: 
[INFO -- 2017-03-10 15:50:55]
shell stdout: 
[INFO -- 2017-03-10 15:50:55]
shell stdout: 
[INFO -- 2017-03-10 15:50:56]
shell stdout: 
[INFO -- 2017-03-10 15:50:56]
shell stdout: 
[INFO -- 2017-03-10 15:50:56]
shell stdout: 
[INFO -- 2017-03-10 15:50:56]
shell stdout: 
[INFO -- 2017-03-10 15:50:56]
shell stdout: 
[INFO -- 2017-03-10 15:50:56]
shell stdout: 
[INFO -- 2017-03-10 15:50:57]
shell stdout: 
[INFO -- 2017-03-10 15:50:57]
shell stdout: 
[INFO -- 2017-03-10 15:50:57]
shell stdout: 
[INFO -- 2017-03-10 15:50:57]
shell stdout: 
[INFO -- 2017-03-10 15:50:57]
shell stdout: 
[INFO -- 2017-03-10 15:50:57]
shell stdout: 
[INFO -- 2017-03-10 15:50:58]
shell stdout: 
[INFO -- 2017-03-10 15:50:58]
shell stdout: 
[INFO -- 2017-03-10 15:50:58]
shell stdout: 
[INFO -- 2017-03-10 15:50:58]
shell stdout: 
[INFO -- 2017-03-10 15:50:58]
shell stdout: 
[INFO -- 2017-03-10 15:50:58]
shell stdout: 
[INFO -- 2017-03-10 15:50:58]
shell stdout: 
[INFO -- 2017-03-10 15:50:58]
shell stdout: 
[INFO -- 2017-03-10 15:50:58]
shell stdout: 
[INFO -- 2017-03-10 15:50:59]
shell stdout: 
[INFO -- 2017-03-10 15:50:59]
shell stdout: 
[INFO -- 2017-03-10 15:50:59]
shell stdout: 
[INFO -- 2017-03-10 15:50:59]
shell stdout: 
[INFO -- 2017-03-10 15:50:59]
shell stdout: 
[INFO -- 2017-03-10 15:50:59]
shell stdout: 
[INFO -- 2017-03-10 15:51:00]
shell stdout: 
[INFO -- 2017-03-10 15:51:00]
shell stdout: 
[INFO -- 2017-03-10 15:51:00]
shell stdout: 
[INFO -- 2017-03-10 15:51:00]
shell stdout: 
[INFO -- 2017-03-10 15:51:00]
shell stdout: 
[INFO -- 2017-03-10 15:51:00]
shell stdout: 
[INFO -- 2017-03-10 15:51:00]
shell stdout: 
[INFO -- 2017-03-10 15:51:01]
shell stdout: 
[INFO -- 2017-03-10 15:51:01]
shell stdout: 
[INFO -- 2017-03-10 15:51:01]
shell stdout: 
[INFO -- 2017-03-10 15:51:01]
shell stdout: 
[INFO -- 2017-03-10 15:51:01]
shell stdout: 
[INFO -- 2017-03-10 15:51:01]
shell stdout: 
[INFO -- 2017-03-10 15:51:01]
shell stdout: 
[INFO -- 2017-03-10 15:51:01]
shell stdout: 
[INFO -- 2017-03-10 15:51:02]
shell stdout: 
[INFO -- 2017-03-10 15:51:02]
shell stdout: 
[INFO -- 2017-03-10 15:51:02]
shell stdout: 
[INFO -- 2017-03-10 15:51:02]
shell stdout: 
[INFO -- 2017-03-10 15:51:20]
finished due now-timestampStart > maxWaitTime*5
[INFO -- 2017-03-10 15:51:20]
now: 1489179080
[INFO -- 2017-03-10 15:51:20]
timestampStart: 1489179040
[INFO -- 2017-03-10 15:51:20]
kill cmd: killall -9 gdb-mic
[INFO -- 2017-03-10 15:51:20]
shell stdout: 
[INFO -- 2017-03-10 15:51:21]
kill cmd: ssh -T mic0 killall -9 lud_check
[INFO -- 2017-03-10 15:51:21]
shell stdout: 
[INFO -- 2017-03-10 15:51:21]
kill cmd: ssh -T mic0 killall -9 gdbserver
[INFO -- 2017-03-10 15:51:21]
shell stdout: 
[INFO -- 2017-03-10 15:51:21]
kill cmd: ssh -T mic0 killall -9 sshd
[INFO -- 2017-03-10 15:51:21]
shell stdout: 
