2017-01-24 17:39:46:Starting GDB script
2017-01-24 17:39:46:initSignal:21.0
2017-01-24 17:39:46:endSignal:28.0
2017-01-24 17:39:46:seqSignal:15
2017-01-24 17:40:07:sending 15 signals using command: 'ssh -T mic1 killall -2 dgemm_check' after 21.7713464661s
2017-01-24 17:40:08:shell stdout: 
2017-01-24 17:40:09:shell stdout: 
2017-01-24 17:40:09:shell stdout: 
2017-01-24 17:40:09:sending 15 signals using command: 'ssh -T mic1 killall -2 dgemm_check' after 23.4339542588s
2017-01-24 17:40:09:shell stdout: 
2017-01-24 17:40:09:shell stdout: 
2017-01-24 17:40:10:shell stdout: 
2017-01-24 17:40:10:shell stdout: 
2017-01-24 17:40:10:shell stdout: 
2017-01-24 17:40:10:shell stdout: 
2017-01-24 17:40:11:shell stdout: 
2017-01-24 17:40:11:shell stdout: 
2017-01-24 17:40:11:shell stdout: 
2017-01-24 17:40:11:shell stdout: 
2017-01-24 17:40:12:shell stdout: 
2017-01-24 17:40:12:shell stdout: 
2017-01-24 17:40:12:shell stdout: 
2017-01-24 17:40:12:shell stdout: 
2017-01-24 17:40:12:sending 15 signals using command: 'ssh -T mic1 killall -2 dgemm_check' after 26.5447804124s
2017-01-24 17:40:12:shell stdout: 
2017-01-24 17:40:12:shell stdout: 
2017-01-24 17:40:13:shell stdout: 
2017-01-24 17:40:13:shell stdout: 
2017-01-24 17:40:13:shell stdout: 
2017-01-24 17:40:13:shell stdout: 
2017-01-24 17:40:13:shell stdout: 
2017-01-24 17:40:13:shell stdout: 
2017-01-24 17:40:13:shell stdout: 
2017-01-24 17:40:14:shell stdout: 
2017-01-24 17:40:14:shell stdout: 
2017-01-24 17:40:14:shell stdout: 
2017-01-24 17:40:14:shell stdout: 
2017-01-24 17:40:14:shell stdout: 
2017-01-24 17:40:14:shell stdout: 
2017-01-24 17:40:15:shell stdout: 
2017-01-24 17:40:15:shell stdout: 
2017-01-24 17:40:15:shell stdout: 
2017-01-24 17:40:15:shell stdout: 
2017-01-24 17:40:15:shell stdout: 
2017-01-24 17:40:16:shell stdout: 
2017-01-24 17:40:16:shell stdout: 
2017-01-24 17:40:16:shell stdout: 
2017-01-24 17:40:17:shell stdout: 
2017-01-24 17:40:17:shell stdout: 
2017-01-24 17:40:18:shell stdout: 
2017-01-24 17:40:18:shell stdout: 
2017-01-24 17:40:18:shell stdout: 
2017-01-24 17:41:14:no gdbExecName running, out:
2017-01-24 17:41:14:checCmd:ps -e | grep -i gdb-mic
2017-01-24 17:41:14:finished now-timestampStart < maxWaitTime*5
2017-01-24 17:41:14:now: 1485297665
2017-01-24 17:41:14:timestampStart: 1485297586
2017-01-24 17:41:14:kill cmd: killall -9 gdb-mic
2017-01-24 17:41:14:shell stdout: 
2017-01-24 17:41:14:kill cmd: ssh -T mic1 killall -9 dgemm_check
2017-01-24 17:41:14:shell stdout: 
2017-01-24 17:41:15:kill cmd: ssh -T mic1 killall -9 gdbserver
2017-01-24 17:41:15:shell stdout: 
2017-01-24 17:41:15:kill cmd: ssh -T mic1 killall -9 sshd
2017-01-24 17:41:15:shell stdout: 
