2016-10-29 15:01:21:Initialization strings:
2016-10-29 15:01:21:(1) target extended-remote | ssh -T mic0 gdbserver --multi -
2016-10-29 15:01:21:(2) set sysroot /opt/mpss/3.7/sysroots/k1om-mpss-linux/
2016-10-29 15:01:21:(3) set sysroot /opt/mpss/3.7/sysroots/k1om-mpss-linux/
2016-10-29 15:01:21:(4) file /micNfs/gdb-fault-injection-lavamd/bin/lavamd
2016-10-29 15:01:21:(5) set remote exec-file /micNfs/gdb-fault-injection-lavamd/bin/lavamd
2016-10-29 15:01:21:(6) set args 228 15 /micNfs/gdb-fault-injection-lavamd/bin/input_distance_228_15 /micNfs/gdb-fault-injection-lavamd/bin/input_charges_228_15 /micNfs/gdb-fault-injection-lavamd/bin/output_gold_228_15 1
2016-10-29 15:01:23:Trying Fault Injection
2016-10-29 15:01:23:Inferior PID: 116374
2016-10-29 15:01:23:Inferior is valid: True
2016-10-29 15:01:23:Inferior #threads: 1
2016-10-29 15:01:23:Backtrace BEGIN:
2016-10-29 15:01:23:#0  0x00000000004027d6 in main (argc=7, argv=0x7fffffffec08) at main_check.c:206

2016-10-29 15:01:23:201		loop_start = timing_get_time();
202	#endif
203	
204		for(i=0; i<dim_cpu.space_elem; i=i+1) {
205	            fv_cpu[i].v = 0;
206	            fv_cpu[i].x = 0;
207	            fv_cpu[i].y = 0;
208	            fv_cpu[i].z = 0;
209		}
210	

2016-10-29 15:01:23:Backtrace END
2016-10-29 15:01:23:Thread name: None
2016-10-29 15:01:23:Thread num: 1
2016-10-29 15:01:23:Thread ptid: (116374, 116374, 0)
2016-10-29 15:01:23:bitFlip function
2016-10-29 15:01:23:Type: The type is an integer type.
2016-10-29 15:01:23:Type sizeof: 4
2016-10-29 15:01:23:Mem contents(hex):0x0f0x000x000x00
2016-10-29 15:01:23:base address to flip value: 0x7fffffffe770
2016-10-29 15:01:23:address max offset: 4
2016-10-29 15:01:23:Memory content before bitflip:0x0f0x000x000x00
2016-10-29 15:01:23:Memory content after  bitflip:0x2f0x000x000x00
2016-10-29 15:01:23:Mem contents(hex):0x2f0x000x000x00
2016-10-29 15:01:23:frame name: main
2016-10-29 15:01:23:symbol name: k
2016-10-29 15:01:23:symbol filename: main_check.c
2016-10-29 15:01:23:symbol line: 53
2016-10-29 15:01:23:value: 47
2016-10-29 15:01:23:value address: 0x7fffffffe770
2016-10-29 15:01:23:Type: The type is an integer type.
2016-10-29 15:01:23:Type sizeof: 4
2016-10-29 15:01:23:Fault Injection Successful after 2.29641008377s
2016-10-29 15:01:26:Fault Already Injected
2016-10-29 15:01:27:Fault Already Injected
2016-10-29 15:01:27:Fault Already Injected
2016-10-29 15:01:29:Fault Already Injected
2016-10-29 15:01:30:Fault Already Injected
2016-10-29 15:01:31:Fault Already Injected
2016-10-29 15:01:31:Fault Already Injected
2016-10-29 15:01:31:Fault Already Injected
2016-10-29 15:01:31:Fault Already Injected
2016-10-29 15:01:32:event type: exit
2016-10-29 15:01:32:exit code: 0
