2016-10-30 01:01:43:Starting GDB script
2016-10-30 01:01:44:sending signal using command: 'ssh -T mic0 killall -2 lud_check' after 0.349039795148s
2016-10-30 01:01:44:shell stdout: 
2016-10-30 01:01:44:sending signal using command: 'ssh -T mic0 killall -2 lud_check' after 0.659992592642s
2016-10-30 01:01:44:shell stdout: 
2016-10-30 01:01:44:sending signal using command: 'ssh -T mic0 killall -2 lud_check' after 1.07835668579s
2016-10-30 01:01:44:shell stdout: 
2016-10-30 01:01:44:sending signal using command: 'ssh -T mic0 killall -2 lud_check' after 1.13034147732s
2016-10-30 01:01:44:shell stdout: 
2016-10-30 01:01:46:sending signal using command: 'ssh -T mic0 killall -2 lud_check' after 2.45453362986s
2016-10-30 01:01:46:shell stdout: 
2016-10-30 01:01:46:sending signal using command: 'ssh -T mic0 killall -2 lud_check' after 2.62300355708s
2016-10-30 01:01:46:shell stdout: 
2016-10-30 01:01:48:sending signal using command: 'ssh -T mic0 killall -2 lud_check' after 4.41211559774s
2016-10-30 01:01:48:shell stdout: 
2016-10-30 01:01:50:sending signal using command: 'ssh -T mic0 killall -2 lud_check' after 6.48106127948s
2016-10-30 01:01:50:shell stdout: 
2016-10-30 01:01:50:sending signal using command: 'ssh -T mic0 killall -2 lud_check' after 6.66823040454s
2016-10-30 01:01:50:shell stdout: 
2016-10-30 01:01:50:sending signal using command: 'ssh -T mic0 killall -2 lud_check' after 7.02534838724s
2016-10-30 01:01:50:shell stdout: 
2016-10-30 01:01:58:no gdbExecName running, out:
2016-10-30 01:01:58:checCmd:ps -e | grep -i gdb-mic
2016-10-30 01:01:58:finished now-timestampStart < maxWaitTime*5
2016-10-30 01:01:58:now: 1477803718
2016-10-30 01:01:58:timestampStart: 1477803703
2016-10-30 01:01:58:kill cmd: killall -9 gdb-mic
2016-10-30 01:01:58:shell stdout: 
2016-10-30 01:01:59:kill cmd: ssh -T mic0 killall -9 lud_check
2016-10-30 01:01:59:shell stdout: 
2016-10-30 01:01:59:kill cmd: ssh -T mic0 killall -9 gdbserver
2016-10-30 01:01:59:shell stdout: 
2016-10-30 01:01:59:kill cmd: ssh -T mic0 killall -9 sshd
2016-10-30 01:01:59:shell stdout: 
