2017-01-25 23:39:19:shell stdout: 
2017-01-25 23:39:19:shell stdout: 
2017-01-25 23:39:20:shell stdout: 
2017-01-25 23:39:20:shell stdout: 
2017-01-25 23:39:20:shell stdout: 
2017-01-25 23:39:20:shell stdout: 
2017-01-25 23:39:20:shell stdout: 
2017-01-25 23:39:20:shell stdout: 
2017-01-25 23:39:20:shell stdout: 
2017-01-25 23:39:21:shell stdout: 
2017-01-25 23:39:21:shell stdout: 
2017-01-25 23:39:21:Starting GDB script
2017-01-25 23:39:21:initSignal:6.0
2017-01-25 23:39:21:endSignal:8.0
2017-01-25 23:39:21:seqSignal:30
2017-01-25 23:39:27:sending 30 signals using command: 'ssh -T mic0 killall -2 lud_check' after 6.26227548054s
2017-01-25 23:39:28:shell stdout: 
2017-01-25 23:39:29:shell stdout: 
2017-01-25 23:39:29:sending 30 signals using command: 'ssh -T mic0 killall -2 lud_check' after 7.72324398725s
2017-01-25 23:39:29:sending 30 signals using command: 'ssh -T mic0 killall -2 lud_check' after 7.78360523059s
2017-01-25 23:39:29:shell stdout: 
2017-01-25 23:39:29:shell stdout: 
2017-01-25 23:39:29:shell stdout: 
2017-01-25 23:39:29:shell stdout: 
2017-01-25 23:39:30:shell stdout: 
2017-01-25 23:39:30:shell stdout: 
2017-01-25 23:39:30:shell stdout: 
2017-01-25 23:39:30:shell stdout: 
2017-01-25 23:39:30:shell stdout: 
2017-01-25 23:39:30:shell stdout: 
2017-01-25 23:39:30:shell stdout: 
2017-01-25 23:39:30:shell stdout: 
2017-01-25 23:39:31:shell stdout: 
2017-01-25 23:39:31:shell stdout: 
2017-01-25 23:39:31:shell stdout: 
2017-01-25 23:39:31:shell stdout: 
2017-01-25 23:39:31:shell stdout: 
2017-01-25 23:39:31:shell stdout: 
2017-01-25 23:39:32:shell stdout: 
2017-01-25 23:39:32:shell stdout: 
2017-01-25 23:39:32:shell stdout: 
2017-01-25 23:39:32:shell stdout: 
2017-01-25 23:39:32:shell stdout: 
2017-01-25 23:39:32:shell stdout: 
2017-01-25 23:39:33:shell stdout: 
2017-01-25 23:39:33:shell stdout: 
2017-01-25 23:39:33:shell stdout: 
2017-01-25 23:39:33:shell stdout: 
2017-01-25 23:39:33:shell stdout: 
2017-01-25 23:39:33:shell stdout: 
2017-01-25 23:39:34:shell stdout: 
2017-01-25 23:39:34:shell stdout: 
2017-01-25 23:39:34:shell stdout: 
2017-01-25 23:39:34:shell stdout: 
2017-01-25 23:39:34:shell stdout: 
2017-01-25 23:39:34:shell stdout: 
2017-01-25 23:39:34:shell stdout: 
2017-01-25 23:39:35:shell stdout: 
2017-01-25 23:39:35:shell stdout: 
2017-01-25 23:39:35:shell stdout: 
2017-01-25 23:39:35:shell stdout: 
2017-01-25 23:39:35:shell stdout: 
2017-01-25 23:39:35:shell stdout: 
2017-01-25 23:39:35:shell stdout: 
2017-01-25 23:39:35:shell stdout: 
2017-01-25 23:39:36:shell stdout: 
2017-01-25 23:39:36:shell stdout: 
2017-01-25 23:39:36:shell stdout: 
2017-01-25 23:39:36:shell stdout: 
2017-01-25 23:39:36:shell stdout: 
2017-01-25 23:39:36:shell stdout: 
2017-01-25 23:39:37:shell stdout: 
2017-01-25 23:39:37:shell stdout: 
2017-01-25 23:39:37:shell stdout: 
2017-01-25 23:39:37:shell stdout: 
2017-01-25 23:39:37:shell stdout: 
2017-01-25 23:39:37:shell stdout: 
2017-01-25 23:39:37:shell stdout: 
2017-01-25 23:39:37:shell stdout: 
2017-01-25 23:39:37:shell stdout: 
2017-01-25 23:39:38:shell stdout: 
2017-01-25 23:39:38:shell stdout: 
2017-01-25 23:39:38:shell stdout: 
2017-01-25 23:39:38:shell stdout: 
2017-01-25 23:39:38:shell stdout: 
2017-01-25 23:39:38:shell stdout: 
2017-01-25 23:39:39:shell stdout: 
2017-01-25 23:39:39:shell stdout: 
2017-01-25 23:39:39:shell stdout: 
2017-01-25 23:39:39:shell stdout: 
2017-01-25 23:39:39:no gdbExecName running, out:
2017-01-25 23:39:39:checCmd:ps -e | grep -i gdb-mic
2017-01-25 23:39:39:finished now-timestampStart < maxWaitTime*5
2017-01-25 23:39:39:now: 1485405578
2017-01-25 23:39:39:timestampStart: 1485405561
2017-01-25 23:39:39:kill cmd: killall -9 gdb-mic
2017-01-25 23:39:39:shell stdout: 
2017-01-25 23:39:39:shell stdout: 
2017-01-25 23:39:39:shell stdout: 
2017-01-25 23:39:39:shell stdout: 
2017-01-25 23:39:40:kill cmd: ssh -T mic0 killall -9 lud_check
2017-01-25 23:39:40:shell stdout: 
2017-01-25 23:39:40:shell stdout: 
2017-01-25 23:39:40:shell stdout: 
2017-01-25 23:39:40:shell stdout: 
2017-01-25 23:39:40:kill cmd: ssh -T mic0 killall -9 gdbserver
2017-01-25 23:39:40:shell stdout: 
2017-01-25 23:39:40:shell stdout: 
2017-01-25 23:39:40:shell stdout: 
2017-01-25 23:39:40:shell stdout: 
2017-01-25 23:39:40:kill cmd: ssh -T mic0 killall -9 sshd
2017-01-25 23:39:40:shell stdout: 
2017-01-25 23:39:40:shell stdout: 
