2016-10-26 02:28:20:Starting GDB script
2016-10-26 02:28:22:sending signal using command: 'ssh -T mic0 killall -2 needle_check' after 1.51522262163s
2016-10-26 02:28:22:shell stdout: 
2016-10-26 02:28:25:sending signal using command: 'ssh -T mic0 killall -2 needle_check' after 4.14132803573s
2016-10-26 02:28:25:shell stdout: 
2016-10-26 02:28:25:sending signal using command: 'ssh -T mic0 killall -2 needle_check' after 4.52859271157s
2016-10-26 02:28:25:shell stdout: 
2016-10-26 02:28:26:sending signal using command: 'ssh -T mic0 killall -2 needle_check' after 4.92800474467s
2016-10-26 02:28:26:shell stdout: 
2016-10-26 02:28:29:sending signal using command: 'ssh -T mic0 killall -2 needle_check' after 8.22194206602s
2016-10-26 02:28:29:shell stdout: 
2016-10-26 02:28:31:sending signal using command: 'ssh -T mic0 killall -2 needle_check' after 10.3246936699s
2016-10-26 02:28:31:shell stdout: 
2016-10-26 02:28:32:sending signal using command: 'ssh -T mic0 killall -2 needle_check' after 10.9571804546s
2016-10-26 02:28:32:shell stdout: 
2016-10-26 02:28:33:sending signal using command: 'ssh -T mic0 killall -2 needle_check' after 12.2224682614s
2016-10-26 02:28:33:shell stdout: 
2016-10-26 02:28:34:sending signal using command: 'ssh -T mic0 killall -2 needle_check' after 13.4442444107s
2016-10-26 02:28:34:shell stdout: 
2016-10-26 02:28:36:sending signal using command: 'ssh -T mic0 killall -2 needle_check' after 15.5607139041s
2016-10-26 02:28:36:shell stdout: 
2016-10-26 02:28:47:no gdbExecName running, out:
2016-10-26 02:28:47:checCmd:ps -e | grep -i gdb-mic
2016-10-26 02:28:47:finished now-timestampStart < maxWaitTime*5
2016-10-26 02:28:47:now: 1477463326
2016-10-26 02:28:47:timestampStart: 1477463300
2016-10-26 02:28:47:kill cmd: killall -9 gdb-mic
2016-10-26 02:28:47:shell stdout: 
2016-10-26 02:28:47:kill cmd: ssh -T mic0 killall -9 needle_check
2016-10-26 02:28:47:shell stdout: 
2016-10-26 02:28:47:kill cmd: ssh -T mic0 killall -9 gdbserver
2016-10-26 02:28:47:shell stdout: 
2016-10-26 02:28:48:kill cmd: ssh -T mic0 killall -9 sshd
2016-10-26 02:28:48:shell stdout: 
