2016-10-20 22:43:42:Starting GDB script
2016-10-20 22:43:44:sending signal using command: 'ssh -T mic0 killall -2 needle_check' after 1.57809637955s
2016-10-20 22:43:44:shell stdout: 
2016-10-20 22:43:44:sending signal using command: 'ssh -T mic0 killall -2 needle_check' after 2.0227577725s
2016-10-20 22:43:44:shell stdout: 
2016-10-20 22:43:45:sending signal using command: 'ssh -T mic0 killall -2 needle_check' after 2.76919156573s
2016-10-20 22:43:45:shell stdout: 
2016-10-20 22:43:46:sending signal using command: 'ssh -T mic0 killall -2 needle_check' after 4.14873751739s
2016-10-20 22:43:46:shell stdout: 
2016-10-20 22:43:49:sending signal using command: 'ssh -T mic0 killall -2 needle_check' after 6.43708490667s
2016-10-20 22:43:49:shell stdout: 
2016-10-20 22:43:49:sending signal using command: 'ssh -T mic0 killall -2 needle_check' after 6.47491855578s
2016-10-20 22:43:49:shell stdout: 
2016-10-20 22:43:49:sending signal using command: 'ssh -T mic0 killall -2 needle_check' after 6.68058675833s
2016-10-20 22:43:49:shell stdout: 
2016-10-20 22:43:51:sending signal using command: 'ssh -T mic0 killall -2 needle_check' after 8.51813433827s
2016-10-20 22:43:51:shell stdout: 
2016-10-20 22:43:54:sending signal using command: 'ssh -T mic0 killall -2 needle_check' after 11.4523087373s
2016-10-20 22:43:54:shell stdout: 
2016-10-20 22:43:59:sending signal using command: 'ssh -T mic0 killall -2 needle_check' after 16.6222475825s
2016-10-20 22:43:59:shell stdout: 
2016-10-20 22:45:07:finished due now-timestampStart > maxWaitTime*5
2016-10-20 22:45:07:now: 1477017907
2016-10-20 22:45:07:timestampStart: 1477017822
2016-10-20 22:45:07:kill cmd: killall -9 gdb-mic
2016-10-20 22:45:07:shell stdout: 
2016-10-20 22:45:08:kill cmd: ssh -T mic0 killall -9 needle_check
2016-10-20 22:45:08:shell stdout: 
2016-10-20 22:45:08:kill cmd: ssh -T mic0 killall -9 gdbserver
2016-10-20 22:45:08:shell stdout: 
2016-10-20 22:45:09:kill cmd: ssh -T mic0 killall -9 sshd
2016-10-20 22:45:09:shell stdout: 
