2017-01-22 13:02:04:Starting GDB script
2017-01-22 13:02:04:initSignal:7.0
2017-01-22 13:02:04:endSignal:14.0
2017-01-22 13:02:04:seqSignal:15
2017-01-22 13:02:11:sending 15 signals using command: 'ssh -T mic1 killall -2 dgemm_check' after 7.35082220169s
2017-01-22 13:02:12:shell stdout: 
2017-01-22 13:02:13:shell stdout: 
2017-01-22 13:02:13:shell stdout: 
2017-01-22 13:02:13:shell stdout: 
2017-01-22 13:02:14:shell stdout: 
2017-01-22 13:02:14:shell stdout: 
2017-01-22 13:02:15:shell stdout: 
2017-01-22 13:02:15:shell stdout: 
2017-01-22 13:02:15:sending 15 signals using command: 'ssh -T mic1 killall -2 dgemm_check' after 11.0928696029s
2017-01-22 13:02:16:shell stdout: 
2017-01-22 13:02:16:shell stdout: 
2017-01-22 13:02:16:shell stdout: 
2017-01-22 13:02:16:shell stdout: 
2017-01-22 13:02:16:shell stdout: 
2017-01-22 13:02:16:shell stdout: 
2017-01-22 13:02:17:shell stdout: 
2017-01-22 13:02:17:shell stdout: 
2017-01-22 13:02:17:shell stdout: 
2017-01-22 13:02:17:sending 15 signals using command: 'ssh -T mic1 killall -2 dgemm_check' after 13.1986690466s
2017-01-22 13:02:17:shell stdout: 
2017-01-22 13:02:18:shell stdout: 
2017-01-22 13:02:18:shell stdout: 
2017-01-22 13:02:18:shell stdout: 
2017-01-22 13:02:18:shell stdout: 
2017-01-22 13:02:18:shell stdout: 
2017-01-22 13:02:18:shell stdout: 
2017-01-22 13:02:19:shell stdout: 
2017-01-22 13:02:19:shell stdout: 
2017-01-22 13:02:19:shell stdout: 
2017-01-22 13:02:19:shell stdout: 
2017-01-22 13:02:19:shell stdout: 
2017-01-22 13:02:19:shell stdout: 
2017-01-22 13:02:20:shell stdout: 
2017-01-22 13:02:20:shell stdout: 
2017-01-22 13:02:20:shell stdout: 
2017-01-22 13:02:20:shell stdout: 
2017-01-22 13:02:21:shell stdout: 
2017-01-22 13:02:21:shell stdout: 
2017-01-22 13:02:21:shell stdout: 
2017-01-22 13:02:21:shell stdout: 
2017-01-22 13:02:22:shell stdout: 
2017-01-22 13:02:22:shell stdout: 
2017-01-22 13:02:22:shell stdout: 
2017-01-22 13:02:23:shell stdout: 
2017-01-22 13:02:23:shell stdout: 
2017-01-22 13:02:24:shell stdout: 
2017-01-22 13:02:24:shell stdout: 
2017-01-22 13:04:08:no gdbExecName running, out:
2017-01-22 13:04:08:checCmd:ps -e | grep -i gdb-mic
2017-01-22 13:04:08:finished now-timestampStart < maxWaitTime*5
2017-01-22 13:04:08:now: 1485108239
2017-01-22 13:04:08:timestampStart: 1485108124
2017-01-22 13:04:08:kill cmd: killall -9 gdb-mic
2017-01-22 13:04:08:shell stdout: 
2017-01-22 13:04:08:kill cmd: ssh -T mic1 killall -9 dgemm_check
2017-01-22 13:04:08:shell stdout: 
2017-01-22 13:04:09:kill cmd: ssh -T mic1 killall -9 gdbserver
2017-01-22 13:04:09:shell stdout: 
2017-01-22 13:04:09:kill cmd: ssh -T mic1 killall -9 sshd
2017-01-22 13:04:09:shell stdout: 
