2017-01-25 06:44:53:shell stdout: 
2017-01-25 06:44:53:shell stdout: 
2017-01-25 06:44:53:shell stdout: 
2017-01-25 06:44:54:shell stdout: 
2017-01-25 06:44:54:shell stdout: 
2017-01-25 06:44:54:shell stdout: 
2017-01-25 06:44:54:shell stdout: 
2017-01-25 06:44:54:shell stdout: 
2017-01-25 06:44:54:shell stdout: 
2017-01-25 06:44:54:shell stdout: 
2017-01-25 06:44:55:shell stdout: 
2017-01-25 06:44:55:shell stdout: 
2017-01-25 06:44:55:shell stdout: 
2017-01-25 06:44:55:shell stdout: 
2017-01-25 06:44:55:shell stdout: 
2017-01-25 06:44:55:shell stdout: 
2017-01-25 06:44:55:shell stdout: 
2017-01-25 06:44:55:shell stdout: 
2017-01-25 06:44:56:shell stdout: 
2017-01-25 06:44:56:shell stdout: 
2017-01-25 06:44:56:shell stdout: 
2017-01-25 06:44:56:shell stdout: 
2017-01-25 06:44:56:shell stdout: 
2017-01-25 06:44:56:shell stdout: 
2017-01-25 06:44:56:shell stdout: 
2017-01-25 06:44:57:shell stdout: 
2017-01-25 06:44:57:shell stdout: 
2017-01-25 06:44:57:shell stdout: 
2017-01-25 06:44:57:shell stdout: 
2017-01-25 06:44:57:shell stdout: 
2017-01-25 06:44:57:shell stdout: 
2017-01-25 06:44:57:shell stdout: 
2017-01-25 06:44:58:shell stdout: 
2017-01-25 06:44:58:shell stdout: 
2017-01-25 06:44:58:shell stdout: 
2017-01-25 06:44:58:shell stdout: 
2017-01-25 06:44:58:shell stdout: 
2017-01-25 06:44:58:shell stdout: 
2017-01-25 06:44:58:Starting GDB script
2017-01-25 06:44:58:initSignal:0.0
2017-01-25 06:44:58:endSignal:2.0
2017-01-25 06:44:58:seqSignal:30
2017-01-25 06:44:58:sending 30 signals using command: 'ssh -T mic0 killall -2 lud_check' after 0.129770801039s
2017-01-25 06:44:59:sending 30 signals using command: 'ssh -T mic0 killall -2 lud_check' after 0.353952648724s
2017-01-25 06:44:59:sending 30 signals using command: 'ssh -T mic0 killall -2 lud_check' after 0.377818628779s
2017-01-25 06:44:59:shell stdout: 
2017-01-25 06:44:59:shell stdout: 
2017-01-25 06:44:59:shell stdout: 
2017-01-25 06:44:59:shell stdout: 
2017-01-25 06:45:00:shell stdout: 
2017-01-25 06:45:00:shell stdout: 
2017-01-25 06:45:00:shell stdout: 
2017-01-25 06:45:00:shell stdout: 
2017-01-25 06:45:00:shell stdout: 
2017-01-25 06:45:00:shell stdout: 
2017-01-25 06:45:00:shell stdout: 
2017-01-25 06:45:01:shell stdout: 
2017-01-25 06:45:01:shell stdout: 
2017-01-25 06:45:01:shell stdout: 
2017-01-25 06:45:01:shell stdout: 
2017-01-25 06:45:01:shell stdout: 
2017-01-25 06:45:02:shell stdout: 
2017-01-25 06:45:02:shell stdout: 
2017-01-25 06:45:02:shell stdout: 
2017-01-25 06:45:02:shell stdout: 
2017-01-25 06:45:03:shell stdout: 
2017-01-25 06:45:03:shell stdout: 
2017-01-25 06:45:03:shell stdout: 
2017-01-25 06:45:03:shell stdout: 
2017-01-25 06:45:03:shell stdout: 
2017-01-25 06:45:04:shell stdout: 
2017-01-25 06:45:04:shell stdout: 
2017-01-25 06:45:04:shell stdout: 
2017-01-25 06:45:05:shell stdout: 
2017-01-25 06:45:05:shell stdout: 
2017-01-25 06:45:05:shell stdout: 
2017-01-25 06:45:05:shell stdout: 
2017-01-25 06:45:05:shell stdout: 
2017-01-25 06:45:05:shell stdout: 
2017-01-25 06:45:06:shell stdout: 
2017-01-25 06:45:06:shell stdout: 
2017-01-25 06:45:06:shell stdout: 
2017-01-25 06:45:07:shell stdout: 
2017-01-25 06:45:07:shell stdout: 
2017-01-25 06:45:07:shell stdout: 
2017-01-25 06:45:07:shell stdout: 
2017-01-25 06:45:07:shell stdout: 
2017-01-25 06:45:07:shell stdout: 
2017-01-25 06:45:08:shell stdout: 
2017-01-25 06:45:08:shell stdout: 
2017-01-25 06:45:08:shell stdout: 
2017-01-25 06:45:09:shell stdout: 
2017-01-25 06:45:09:shell stdout: 
2017-01-25 06:45:09:shell stdout: 
2017-01-25 06:45:09:shell stdout: 
2017-01-25 06:45:09:shell stdout: 
2017-01-25 06:45:09:shell stdout: 
2017-01-25 06:45:10:shell stdout: 
2017-01-25 06:45:10:shell stdout: 
2017-01-25 06:45:10:shell stdout: 
2017-01-25 06:45:11:shell stdout: 
2017-01-25 06:45:11:shell stdout: 
2017-01-25 06:45:11:shell stdout: 
2017-01-25 06:45:11:shell stdout: 
2017-01-25 06:45:11:shell stdout: 
2017-01-25 06:45:11:shell stdout: 
2017-01-25 06:45:12:shell stdout: 
2017-01-25 06:45:12:shell stdout: 
2017-01-25 06:45:12:shell stdout: 
2017-01-25 06:45:12:shell stdout: 
2017-01-25 06:45:12:shell stdout: 
2017-01-25 06:45:12:shell stdout: 
2017-01-25 06:45:12:shell stdout: 
2017-01-25 06:45:12:shell stdout: 
2017-01-25 06:45:12:shell stdout: 
2017-01-25 06:45:13:shell stdout: 
2017-01-25 06:45:13:shell stdout: 
2017-01-25 06:45:13:shell stdout: 
2017-01-25 06:45:13:shell stdout: 
2017-01-25 06:45:13:shell stdout: 
2017-01-25 06:45:13:shell stdout: 
2017-01-25 06:45:14:shell stdout: 
2017-01-25 06:45:14:shell stdout: 
2017-01-25 06:45:14:shell stdout: 
2017-01-25 06:45:14:shell stdout: 
2017-01-25 06:45:14:shell stdout: 
2017-01-25 06:45:14:shell stdout: 
2017-01-25 06:45:15:shell stdout: 
2017-01-25 06:45:15:shell stdout: 
2017-01-25 06:45:15:shell stdout: 
2017-01-25 06:45:15:shell stdout: 
2017-01-25 06:45:15:shell stdout: 
2017-01-25 06:45:15:shell stdout: 
2017-01-25 06:45:15:shell stdout: 
2017-01-25 06:45:15:shell stdout: 
2017-01-25 06:45:38:finished due now-timestampStart > maxWaitTime*5
2017-01-25 06:45:38:now: 1485344738
2017-01-25 06:45:38:timestampStart: 1485344698
2017-01-25 06:45:38:kill cmd: killall -9 gdb-mic
2017-01-25 06:45:38:shell stdout: 
2017-01-25 06:45:38:kill cmd: ssh -T mic0 killall -9 lud_check
2017-01-25 06:45:38:shell stdout: 
2017-01-25 06:45:39:kill cmd: ssh -T mic0 killall -9 gdbserver
2017-01-25 06:45:39:shell stdout: 
2017-01-25 06:45:39:kill cmd: ssh -T mic0 killall -9 sshd
2017-01-25 06:45:39:shell stdout: 
