2017-01-15 12:41:07:Starting GDB script
2017-01-15 12:41:07:initSignal:0.0
2017-01-15 12:41:07:endSignal:7.0
2017-01-15 12:41:07:seqSignal:15
2017-01-15 12:41:07:sending 15 signals using command: 'ssh -T mic1 killall -2 dgemm_check' after 0.433411040625s
2017-01-15 12:41:08:shell stdout: 
2017-01-15 12:41:08:shell stdout: 
2017-01-15 12:41:08:shell stdout: 
2017-01-15 12:41:08:sending 15 signals using command: 'ssh -T mic1 killall -2 dgemm_check' after 1.74062475068s
2017-01-15 12:41:09:shell stdout: 
2017-01-15 12:41:09:shell stdout: 
2017-01-15 12:41:09:shell stdout: 
2017-01-15 12:41:09:shell stdout: 
2017-01-15 12:41:10:shell stdout: 
2017-01-15 12:41:10:shell stdout: 
2017-01-15 12:41:10:sending 15 signals using command: 'ssh -T mic1 killall -2 dgemm_check' after 3.24885995824s
2017-01-15 12:41:10:shell stdout: 
2017-01-15 12:41:10:shell stdout: 
2017-01-15 12:41:10:shell stdout: 
2017-01-15 12:41:10:shell stdout: 
2017-01-15 12:41:11:shell stdout: 
2017-01-15 12:41:11:shell stdout: 
2017-01-15 12:41:11:shell stdout: 
2017-01-15 12:41:11:shell stdout: 
2017-01-15 12:41:11:shell stdout: 
2017-01-15 12:41:11:shell stdout: 
2017-01-15 12:41:11:shell stdout: 
2017-01-15 12:41:12:shell stdout: 
2017-01-15 12:41:12:shell stdout: 
2017-01-15 12:41:12:shell stdout: 
2017-01-15 12:41:12:shell stdout: 
2017-01-15 12:41:12:shell stdout: 
2017-01-15 12:41:12:shell stdout: 
2017-01-15 12:41:13:shell stdout: 
2017-01-15 12:41:13:shell stdout: 
2017-01-15 12:41:13:shell stdout: 
2017-01-15 12:41:13:shell stdout: 
2017-01-15 12:41:13:shell stdout: 
2017-01-15 12:41:13:shell stdout: 
2017-01-15 12:41:13:shell stdout: 
2017-01-15 12:41:13:shell stdout: 
2017-01-15 12:41:14:shell stdout: 
2017-01-15 12:41:14:shell stdout: 
2017-01-15 12:41:14:shell stdout: 
2017-01-15 12:41:14:shell stdout: 
2017-01-15 12:41:14:shell stdout: 
2017-01-15 12:41:15:shell stdout: 
2017-01-15 12:41:15:shell stdout: 
2017-01-15 12:41:15:shell stdout: 
2017-01-15 12:41:16:shell stdout: 
2017-01-15 12:41:17:shell stdout: 
2017-01-15 12:41:17:shell stdout: 
2017-01-15 12:44:39:no gdbExecName running, out:
2017-01-15 12:44:39:checCmd:ps -e | grep -i gdb-mic
2017-01-15 12:44:39:finished now-timestampStart < maxWaitTime*5
2017-01-15 12:44:39:now: 1484502270
2017-01-15 12:44:39:timestampStart: 1484502067
2017-01-15 12:44:39:kill cmd: killall -9 gdb-mic
2017-01-15 12:44:39:shell stdout: 
2017-01-15 12:44:39:kill cmd: ssh -T mic1 killall -9 dgemm_check
2017-01-15 12:44:39:shell stdout: 
2017-01-15 12:44:39:kill cmd: ssh -T mic1 killall -9 gdbserver
2017-01-15 12:44:39:shell stdout: 
2017-01-15 12:44:40:kill cmd: ssh -T mic1 killall -9 sshd
2017-01-15 12:44:40:shell stdout: 
