2017-03-01 05:15:00:Starting flip_value script
2017-03-01 05:15:00:Initialization strings:
2017-03-01 05:15:01:(1) target extended-remote | ssh -T mic1 gdbserver --multi -
2017-03-01 05:15:01:(2) set sysroot /opt/mpss/3.7/sysroots/k1om-mpss-linux/
2017-03-01 05:15:01:(3) set sysroot /opt/mpss/3.7/sysroots/k1om-mpss-linux/
2017-03-01 05:15:01:(4) file /micNfs/gdb-fault-injection/injector/bin/dgemm/dgemm_check
2017-03-01 05:15:01:(5) set remote exec-file /micNfs/gdb-fault-injection/injector/bin/dgemm/dgemm_check
2017-03-01 05:15:01:(6) set args 228 2048 16 /micNfs/gdb-fault-injection/injector/bin/dgemm/dgemm_a_8192 /micNfs/gdb-fault-injection/injector/bin/dgemm/dgemm_b_8192 /micNfs/gdb-fault-injection/injector/bin/dgemm/gold_2048_m-order_228_ths_16_blocks 1
2017-03-01 05:15:01:initSignal:7
2017-03-01 05:15:01:endSignal:14
2017-03-01 05:15:01:seqSignal:15
2017-03-01 05:15:09:Backtrace BEGIN:
2017-03-01 05:15:09:#0  0x0000000000403722 in L_dgemm_185__par_region0_2_0 () at dgemm.c:221
#1  0x00007ffff790ba1f in ?? ()
#2  0x00007fffffffe550 in ?? ()
#3  0x0000000000000000 in ?? ()

2017-03-01 05:15:09:216	                            CC_arr(i,j) = 0.0;
217	
218	                    for (kg=kk,k=0; kg<MIN(kk+block,order); k++,kg++)
219	                        for (jg=jj,j=0; jg<MIN(jj+block,order); j++,jg++)
220	                            for (ig=ii,i=0; ig<MIN(ii+block,order); i++,ig++)
221	                                CC_arr(i,j) += AA_arr(i,k)*BB_arr(j,k);
222	
223	                    for (jg=jj,j=0; jg<MIN(jj+block,order); j++,jg++)
224	                        for (ig=ii,i=0; ig<MIN(ii+block,order); i++,ig++)
225	                            C_arr(ig,jg) += CC_arr(i,j);

2017-03-01 05:15:09:Backtrace END
2017-03-01 05:15:19:Type: The type is an integer type.
2017-03-01 05:15:19:Type sizeof: 4
2017-03-01 05:15:19:Mem contents(hex):0x000x000x000x00
2017-03-01 05:15:19:Fault Mode: Random bit-flip
2017-03-01 05:15:19:base address to flip value: 0x7fffffffde90
2017-03-01 05:15:19:address max offset: 4
2017-03-01 05:15:19:Memory content before bitflip:0x000x000x000x00
2017-03-01 05:15:20:Backtrace BEGIN:
2017-03-01 05:15:20:#0  0x0000000000403722 in L_dgemm_185__par_region0_2_0 () at dgemm.c:221
#1  0x00007ffff790ba1f in ?? ()
#2  0x00007fffffffe550 in ?? ()
#3  0x0000000000000000 in ?? ()

2017-03-01 05:15:20:216	                            CC_arr(i,j) = 0.0;
217	
218	                    for (kg=kk,k=0; kg<MIN(kk+block,order); k++,kg++)
219	                        for (jg=jj,j=0; jg<MIN(jj+block,order); j++,jg++)
220	                            for (ig=ii,i=0; ig<MIN(ii+block,order); i++,ig++)
221	                                CC_arr(i,j) += AA_arr(i,k)*BB_arr(j,k);
222	
223	                    for (jg=jj,j=0; jg<MIN(jj+block,order); j++,jg++)
224	                        for (ig=ii,i=0; ig<MIN(ii+block,order); i++,ig++)
225	                            C_arr(ig,jg) += CC_arr(i,j);

2017-03-01 05:15:20:Backtrace END
2017-03-01 05:15:29:Type: The type is a pointer.
2017-03-01 05:15:29:Type sizeof: 8
2017-03-01 05:15:29:Fliping a bit of the pointer
2017-03-01 05:15:29:Mem contents(hex):0xc00x980x610x000x000x000x000x00
2017-03-01 05:15:29:Fault Mode: Random bit-flip
2017-03-01 05:15:29:base address to flip value: 0x7fffffffdf70
2017-03-01 05:15:29:address max offset: 8
2017-03-01 05:15:29:Memory content before bitflip:0xc00x980x610x000x000x000x000x00
2017-03-01 05:15:29:Backtrace BEGIN:
2017-03-01 05:15:29:#0  0x0000000000403722 in L_dgemm_185__par_region0_2_0 () at dgemm.c:221
#1  0x00007ffff790ba1f in ?? ()
#2  0x00007fffffffe550 in ?? ()
#3  0x0000000000000000 in ?? ()

2017-03-01 05:15:29:216	                            CC_arr(i,j) = 0.0;
217	
218	                    for (kg=kk,k=0; kg<MIN(kk+block,order); k++,kg++)
219	                        for (jg=jj,j=0; jg<MIN(jj+block,order); j++,jg++)
220	                            for (ig=ii,i=0; ig<MIN(ii+block,order); i++,ig++)
221	                                CC_arr(i,j) += AA_arr(i,k)*BB_arr(j,k);
222	
223	                    for (jg=jj,j=0; jg<MIN(jj+block,order); j++,jg++)
224	                        for (ig=ii,i=0; ig<MIN(ii+block,order); i++,ig++)
225	                            C_arr(ig,jg) += CC_arr(i,j);

2017-03-01 05:15:29:Backtrace END
2017-03-01 05:15:38:Type: The type is an integer type.
2017-03-01 05:15:38:Type sizeof: 4
2017-03-01 05:15:38:Mem contents(hex):0x000x000x000x00
2017-03-01 05:15:38:Fault Mode: Random bit-flip
2017-03-01 05:15:38:base address to flip value: 0x7fffffffde90
2017-03-01 05:15:38:address max offset: 4
2017-03-01 05:15:38:Memory content before bitflip:0x000x000x000x00
2017-03-01 05:16:07:event type: exit
2017-03-01 05:16:07:exit code: 0
