2016-10-26 15:17:41:Starting GDB script
2016-10-26 15:17:42:sending signal using command: 'ssh -T mic0 killall -2 lud_check' after 0.00418062396452s
2016-10-26 15:17:42:shell stdout: 
2016-10-26 15:17:42:sending signal using command: 'ssh -T mic0 killall -2 lud_check' after 0.612471151735s
2016-10-26 15:17:42:shell stdout: 
2016-10-26 15:17:43:sending signal using command: 'ssh -T mic0 killall -2 lud_check' after 1.06906413626s
2016-10-26 15:17:43:shell stdout: 
2016-10-26 15:17:44:sending signal using command: 'ssh -T mic0 killall -2 lud_check' after 2.28942999359s
2016-10-26 15:17:44:shell stdout: 
2016-10-26 15:17:45:sending signal using command: 'ssh -T mic0 killall -2 lud_check' after 2.78640785778s
2016-10-26 15:17:45:shell stdout: 
2016-10-26 15:17:46:sending signal using command: 'ssh -T mic0 killall -2 lud_check' after 3.91018008614s
2016-10-26 15:17:46:shell stdout: 
2016-10-26 15:17:46:sending signal using command: 'ssh -T mic0 killall -2 lud_check' after 4.03974362942s
2016-10-26 15:17:46:shell stdout: 
2016-10-26 15:17:47:sending signal using command: 'ssh -T mic0 killall -2 lud_check' after 4.81233906979s
2016-10-26 15:17:47:shell stdout: 
2016-10-26 15:17:47:sending signal using command: 'ssh -T mic0 killall -2 lud_check' after 5.40092298083s
2016-10-26 15:17:47:shell stdout: 
2016-10-26 15:17:48:sending signal using command: 'ssh -T mic0 killall -2 lud_check' after 6.08892677969s
2016-10-26 15:17:48:shell stdout: 
2016-10-26 15:18:21:finished due now-timestampStart > maxWaitTime*5
2016-10-26 15:18:21:now: 1477509501
2016-10-26 15:18:21:timestampStart: 1477509461
2016-10-26 15:18:21:kill cmd: killall -9 gdb-mic
2016-10-26 15:18:21:shell stdout: 
2016-10-26 15:18:21:kill cmd: ssh -T mic0 killall -9 lud_check
2016-10-26 15:18:21:shell stdout: 
2016-10-26 15:18:22:kill cmd: ssh -T mic0 killall -9 gdbserver
2016-10-26 15:18:22:shell stdout: 
2016-10-26 15:18:22:kill cmd: ssh -T mic0 killall -9 sshd
2016-10-26 15:18:22:shell stdout: 
