2016-10-24 00:52:21:Starting GDB script
2016-10-24 00:52:22:sending signal using command: 'ssh -T mic0 killall -2 lavamd' after 0.910173788527s
2016-10-24 00:52:22:shell stdout: 
2016-10-24 00:52:23:sending signal using command: 'ssh -T mic0 killall -2 lavamd' after 1.25855156966s
2016-10-24 00:52:23:shell stdout: 
2016-10-24 00:52:23:sending signal using command: 'ssh -T mic0 killall -2 lavamd' after 1.49653365505s
2016-10-24 00:52:23:shell stdout: 
2016-10-24 00:52:26:sending signal using command: 'ssh -T mic0 killall -2 lavamd' after 3.08849478997s
2016-10-24 00:52:26:shell stdout: 
2016-10-24 00:52:26:sending signal using command: 'ssh -T mic0 killall -2 lavamd' after 4.17058529753s
2016-10-24 00:52:26:shell stdout: 
2016-10-24 00:52:28:sending signal using command: 'ssh -T mic0 killall -2 lavamd' after 6.25959967187s
2016-10-24 00:52:28:shell stdout: 
2016-10-24 00:52:28:sending signal using command: 'ssh -T mic0 killall -2 lavamd' after 6.38158642996s
2016-10-24 00:52:28:shell stdout: 
2016-10-24 00:52:28:sending signal using command: 'ssh -T mic0 killall -2 lavamd' after 6.42819143506s
2016-10-24 00:52:28:shell stdout: 
2016-10-24 00:52:29:sending signal using command: 'ssh -T mic0 killall -2 lavamd' after 7.4776643147s
2016-10-24 00:52:29:shell stdout: 
2016-10-24 00:52:31:sending signal using command: 'ssh -T mic0 killall -2 lavamd' after 8.94594758156s
2016-10-24 00:52:31:shell stdout: 
2016-10-24 00:52:38:no gdbExecName running, out:
2016-10-24 00:52:38:checCmd:ps -e | grep -i gdb-mic
2016-10-24 00:52:38:finished now-timestampStart < maxWaitTime*5
2016-10-24 00:52:38:now: 1477284757
2016-10-24 00:52:38:timestampStart: 1477284741
2016-10-24 00:52:38:kill cmd: killall -9 gdb-mic
2016-10-24 00:52:38:shell stdout: 
2016-10-24 00:52:39:kill cmd: ssh -T mic0 killall -9 lavamd
2016-10-24 00:52:39:shell stdout: 
2016-10-24 00:52:39:kill cmd: ssh -T mic0 killall -9 gdbserver
2016-10-24 00:52:39:shell stdout: 
2016-10-24 00:52:40:kill cmd: ssh -T mic0 killall -9 sshd
2016-10-24 00:52:40:shell stdout: 
