[INFO -- 2017-02-28 03:15:22]
Starting GDB script
[INFO -- 2017-02-28 03:15:22]
initSignal:15.0
[INFO -- 2017-02-28 03:15:22]
endSignal:20.0
[INFO -- 2017-02-28 03:15:22]
seqSignal:20
[INFO -- 2017-02-28 03:15:39]
sending 20 signals using command: 'ssh -T mic0 killall -2 clamr_openmponly' after 16.9399326576s
[INFO -- 2017-02-28 03:15:40]
shell stdout: 
[INFO -- 2017-02-28 03:15:40]
sending 20 signals using command: 'ssh -T mic0 killall -2 clamr_openmponly' after 17.4224869696s
[INFO -- 2017-02-28 03:15:40]
shell stdout: 
[INFO -- 2017-02-28 03:15:40]
shell stdout: 
[INFO -- 2017-02-28 03:15:41]
shell stdout: 
[INFO -- 2017-02-28 03:15:41]
shell stdout: 
[INFO -- 2017-02-28 03:15:41]
shell stdout: 
[INFO -- 2017-02-28 03:15:41]
shell stdout: 
[INFO -- 2017-02-28 03:15:41]
shell stdout: 
[INFO -- 2017-02-28 03:15:42]
shell stdout: 
[INFO -- 2017-02-28 03:15:42]
shell stdout: 
[INFO -- 2017-02-28 03:15:42]
shell stdout: 
[INFO -- 2017-02-28 03:15:42]
shell stdout: 
[INFO -- 2017-02-28 03:15:42]
shell stdout: 
[INFO -- 2017-02-28 03:15:43]
shell stdout: 
[INFO -- 2017-02-28 03:15:43]
shell stdout: 
[INFO -- 2017-02-28 03:15:43]
shell stdout: 
[INFO -- 2017-02-28 03:15:43]
shell stdout: 
[INFO -- 2017-02-28 03:15:43]
shell stdout: 
[INFO -- 2017-02-28 03:15:44]
shell stdout: 
[INFO -- 2017-02-28 03:15:44]
shell stdout: 
[INFO -- 2017-02-28 03:15:44]
shell stdout: 
[INFO -- 2017-02-28 03:15:44]
shell stdout: 
[INFO -- 2017-02-28 03:15:44]
shell stdout: 
[INFO -- 2017-02-28 03:15:45]
shell stdout: 
[INFO -- 2017-02-28 03:15:45]
shell stdout: 
[INFO -- 2017-02-28 03:15:45]
shell stdout: 
[INFO -- 2017-02-28 03:15:45]
shell stdout: 
[INFO -- 2017-02-28 03:15:46]
shell stdout: 
[INFO -- 2017-02-28 03:15:46]
shell stdout: 
[INFO -- 2017-02-28 03:15:46]
shell stdout: 
[INFO -- 2017-02-28 03:15:46]
shell stdout: 
[INFO -- 2017-02-28 03:15:46]
shell stdout: 
[INFO -- 2017-02-28 03:15:47]
shell stdout: 
[INFO -- 2017-02-28 03:15:47]
shell stdout: 
[INFO -- 2017-02-28 03:15:47]
shell stdout: 
[INFO -- 2017-02-28 03:15:47]
shell stdout: 
[INFO -- 2017-02-28 03:15:47]
shell stdout: 
[INFO -- 2017-02-28 03:15:48]
shell stdout: 
[INFO -- 2017-02-28 03:15:48]
shell stdout: 
[INFO -- 2017-02-28 03:15:48]
shell stdout: 
[INFO -- 2017-02-28 03:16:34]
no gdbExecName running, out:
[INFO -- 2017-02-28 03:16:34]
checCmd:ps -e | grep -i gdb-mic
[INFO -- 2017-02-28 03:16:34]
finished now-timestampStart < maxWaitTime*5
[INFO -- 2017-02-28 03:16:34]
now: 1488269785
[INFO -- 2017-02-28 03:16:34]
timestampStart: 1488269722
[INFO -- 2017-02-28 03:16:34]
kill cmd: killall -9 gdb-mic
[INFO -- 2017-02-28 03:16:34]
shell stdout: 
[INFO -- 2017-02-28 03:16:34]
kill cmd: ssh -T mic0 killall -9 clamr_openmponly
[INFO -- 2017-02-28 03:16:34]
shell stdout: 
[INFO -- 2017-02-28 03:16:35]
kill cmd: ssh -T mic0 killall -9 gdbserver
[INFO -- 2017-02-28 03:16:35]
shell stdout: 
[INFO -- 2017-02-28 03:16:35]
kill cmd: ssh -T mic0 killall -9 sshd
[INFO -- 2017-02-28 03:16:35]
shell stdout: 
