[INFO -- 2017-03-28 12:29:33]
Starting GDB script
[INFO -- 2017-03-28 12:29:33]
initSignal:0.0
[INFO -- 2017-03-28 12:29:33]
endSignal:3.0
[INFO -- 2017-03-28 12:29:33]
seqSignal:30
[INFO -- 2017-03-28 12:29:34]
sending 30 signals using command: 'ssh -T mic0 killall -2 lavamd_check' after 0.360860136126s
[INFO -- 2017-03-28 12:29:34]
shell stdout: 
[INFO -- 2017-03-28 12:29:34]
shell stdout: 
[INFO -- 2017-03-28 12:29:35]
shell stdout: 
[INFO -- 2017-03-28 12:29:35]
shell stdout: 
[INFO -- 2017-03-28 12:29:36]
shell stdout: 
[INFO -- 2017-03-28 12:29:36]
sending 30 signals using command: 'ssh -T mic0 killall -2 lavamd_check' after 2.30312387892s
[INFO -- 2017-03-28 12:29:36]
sending 30 signals using command: 'ssh -T mic0 killall -2 lavamd_check' after 2.78843126672s
[INFO -- 2017-03-28 12:29:36]
shell stdout: 
[INFO -- 2017-03-28 12:29:36]
shell stdout: 
[INFO -- 2017-03-28 12:29:37]
shell stdout: 
[INFO -- 2017-03-28 12:29:37]
shell stdout: 
[INFO -- 2017-03-28 12:29:37]
shell stdout: 
[INFO -- 2017-03-28 12:29:38]
shell stdout: 
[INFO -- 2017-03-28 12:29:38]
shell stdout: 
[INFO -- 2017-03-28 12:29:38]
shell stdout: 
[INFO -- 2017-03-28 12:29:38]
shell stdout: 
[INFO -- 2017-03-28 12:29:38]
shell stdout: 
[INFO -- 2017-03-28 12:29:39]
shell stdout: 
[INFO -- 2017-03-28 12:29:39]
shell stdout: 
[INFO -- 2017-03-28 12:29:39]
shell stdout: 
[INFO -- 2017-03-28 12:29:39]
shell stdout: 
[INFO -- 2017-03-28 12:29:40]
shell stdout: 
[INFO -- 2017-03-28 12:29:40]
shell stdout: 
[INFO -- 2017-03-28 12:29:40]
shell stdout: 
[INFO -- 2017-03-28 12:29:41]
shell stdout: 
[INFO -- 2017-03-28 12:29:41]
shell stdout: 
[INFO -- 2017-03-28 12:29:41]
shell stdout: 
[INFO -- 2017-03-28 12:29:42]
shell stdout: 
[INFO -- 2017-03-28 12:29:42]
shell stdout: 
[INFO -- 2017-03-28 12:29:42]
shell stdout: 
[INFO -- 2017-03-28 12:29:42]
shell stdout: 
[INFO -- 2017-03-28 12:29:42]
shell stdout: 
[INFO -- 2017-03-28 12:29:43]
shell stdout: 
[INFO -- 2017-03-28 12:29:43]
shell stdout: 
[INFO -- 2017-03-28 12:29:43]
shell stdout: 
[INFO -- 2017-03-28 12:29:43]
shell stdout: 
[INFO -- 2017-03-28 12:29:44]
shell stdout: 
[INFO -- 2017-03-28 12:29:44]
shell stdout: 
[INFO -- 2017-03-28 12:29:44]
shell stdout: 
[INFO -- 2017-03-28 12:29:44]
shell stdout: 
[INFO -- 2017-03-28 12:29:45]
shell stdout: 
[INFO -- 2017-03-28 12:29:45]
shell stdout: 
[INFO -- 2017-03-28 12:29:45]
shell stdout: 
[INFO -- 2017-03-28 12:29:45]
shell stdout: 
[INFO -- 2017-03-28 12:29:45]
shell stdout: 
[INFO -- 2017-03-28 12:29:46]
shell stdout: 
[INFO -- 2017-03-28 12:29:46]
shell stdout: 
[INFO -- 2017-03-28 12:29:46]
shell stdout: 
[INFO -- 2017-03-28 12:29:46]
shell stdout: 
[INFO -- 2017-03-28 12:29:46]
shell stdout: 
[INFO -- 2017-03-28 12:29:46]
shell stdout: 
[INFO -- 2017-03-28 12:29:47]
shell stdout: 
[INFO -- 2017-03-28 12:29:47]
shell stdout: 
[INFO -- 2017-03-28 12:29:47]
shell stdout: 
[INFO -- 2017-03-28 12:29:47]
shell stdout: 
[INFO -- 2017-03-28 12:29:47]
shell stdout: 
[INFO -- 2017-03-28 12:29:47]
shell stdout: 
[INFO -- 2017-03-28 12:29:48]
shell stdout: 
[INFO -- 2017-03-28 12:29:48]
shell stdout: 
[INFO -- 2017-03-28 12:29:48]
shell stdout: 
[INFO -- 2017-03-28 12:29:48]
shell stdout: 
[INFO -- 2017-03-28 12:29:48]
shell stdout: 
[INFO -- 2017-03-28 12:29:48]
shell stdout: 
[INFO -- 2017-03-28 12:29:49]
shell stdout: 
[INFO -- 2017-03-28 12:29:49]
shell stdout: 
[INFO -- 2017-03-28 12:29:49]
shell stdout: 
[INFO -- 2017-03-28 12:29:49]
shell stdout: 
[INFO -- 2017-03-28 12:29:49]
shell stdout: 
[INFO -- 2017-03-28 12:29:49]
shell stdout: 
[INFO -- 2017-03-28 12:29:49]
shell stdout: 
[INFO -- 2017-03-28 12:29:49]
shell stdout: 
[INFO -- 2017-03-28 12:29:49]
shell stdout: 
[INFO -- 2017-03-28 12:29:50]
shell stdout: 
[INFO -- 2017-03-28 12:29:50]
shell stdout: 
[INFO -- 2017-03-28 12:29:50]
shell stdout: 
[INFO -- 2017-03-28 12:29:50]
shell stdout: 
[INFO -- 2017-03-28 12:29:50]
shell stdout: 
[INFO -- 2017-03-28 12:29:50]
shell stdout: 
[INFO -- 2017-03-28 12:29:51]
shell stdout: 
[INFO -- 2017-03-28 12:29:51]
shell stdout: 
[INFO -- 2017-03-28 12:29:51]
shell stdout: 
[INFO -- 2017-03-28 12:29:51]
shell stdout: 
[INFO -- 2017-03-28 12:29:51]
shell stdout: 
[INFO -- 2017-03-28 12:29:52]
shell stdout: 
[INFO -- 2017-03-28 12:29:52]
shell stdout: 
[INFO -- 2017-03-28 12:29:52]
shell stdout: 
[INFO -- 2017-03-28 12:29:52]
shell stdout: 
[INFO -- 2017-03-28 12:29:52]
shell stdout: 
[INFO -- 2017-03-28 12:29:52]
shell stdout: 
[INFO -- 2017-03-28 12:29:53]
shell stdout: 
[INFO -- 2017-03-28 12:29:53]
shell stdout: 
[INFO -- 2017-03-28 12:29:53]
shell stdout: 
[INFO -- 2017-03-28 12:29:56]
no gdbExecName running, out:
[INFO -- 2017-03-28 12:29:56]
checCmd:ps -e | grep -i gdb-mic
[INFO -- 2017-03-28 12:29:56]
finished now-timestampStart < maxWaitTime*5
[INFO -- 2017-03-28 12:29:56]
now: 1490718595
[INFO -- 2017-03-28 12:29:56]
timestampStart: 1490718573
[INFO -- 2017-03-28 12:29:56]
kill cmd: killall -9 gdb-mic
[INFO -- 2017-03-28 12:29:56]
shell stdout: 
[INFO -- 2017-03-28 12:29:56]
kill cmd: ssh -T mic0 killall -9 lavamd_check
[INFO -- 2017-03-28 12:29:56]
shell stdout: 
[INFO -- 2017-03-28 12:29:57]
kill cmd: ssh -T mic0 killall -9 gdbserver
[INFO -- 2017-03-28 12:29:57]
shell stdout: 
[INFO -- 2017-03-28 12:29:57]
kill cmd: ssh -T mic0 killall -9 sshd
[INFO -- 2017-03-28 12:29:57]
shell stdout: 
