[INFO -- 2017-03-02 17:09:55]
Starting GDB script
[INFO -- 2017-03-02 17:09:55]
initSignal:30.0
[INFO -- 2017-03-02 17:09:55]
endSignal:35.0
[INFO -- 2017-03-02 17:09:55]
seqSignal:20
[INFO -- 2017-03-02 17:10:26]
sending 20 signals using command: 'ssh -T mic0 killall -2 clamr_openmponly' after 30.374617186s
[INFO -- 2017-03-02 17:10:26]
sending 20 signals using command: 'ssh -T mic0 killall -2 clamr_openmponly' after 30.6481864548s
[INFO -- 2017-03-02 17:10:26]
shell stdout: 
[INFO -- 2017-03-02 17:10:26]
shell stdout: 
[INFO -- 2017-03-02 17:10:27]
shell stdout: 
[INFO -- 2017-03-02 17:10:27]
shell stdout: 
[INFO -- 2017-03-02 17:10:27]
shell stdout: 
[INFO -- 2017-03-02 17:10:27]
shell stdout: 
[INFO -- 2017-03-02 17:10:28]
shell stdout: 
[INFO -- 2017-03-02 17:10:28]
shell stdout: 
[INFO -- 2017-03-02 17:10:28]
shell stdout: 
[INFO -- 2017-03-02 17:10:28]
shell stdout: 
[INFO -- 2017-03-02 17:10:29]
shell stdout: 
[INFO -- 2017-03-02 17:10:29]
shell stdout: 
[INFO -- 2017-03-02 17:10:29]
shell stdout: 
[INFO -- 2017-03-02 17:10:29]
shell stdout: 
[INFO -- 2017-03-02 17:10:29]
shell stdout: 
[INFO -- 2017-03-02 17:10:29]
shell stdout: 
[INFO -- 2017-03-02 17:10:30]
shell stdout: 
[INFO -- 2017-03-02 17:10:30]
shell stdout: 
[INFO -- 2017-03-02 17:10:30]
shell stdout: 
[INFO -- 2017-03-02 17:10:30]
shell stdout: 
[INFO -- 2017-03-02 17:10:31]
shell stdout: 
[INFO -- 2017-03-02 17:10:31]
shell stdout: 
[INFO -- 2017-03-02 17:10:31]
shell stdout: 
[INFO -- 2017-03-02 17:10:31]
shell stdout: 
[INFO -- 2017-03-02 17:10:32]
shell stdout: 
[INFO -- 2017-03-02 17:10:32]
shell stdout: 
[INFO -- 2017-03-02 17:10:32]
shell stdout: 
[INFO -- 2017-03-02 17:10:32]
shell stdout: 
[INFO -- 2017-03-02 17:10:32]
shell stdout: 
[INFO -- 2017-03-02 17:10:33]
shell stdout: 
[INFO -- 2017-03-02 17:10:33]
shell stdout: 
[INFO -- 2017-03-02 17:10:33]
shell stdout: 
[INFO -- 2017-03-02 17:10:33]
shell stdout: 
[INFO -- 2017-03-02 17:10:33]
shell stdout: 
[INFO -- 2017-03-02 17:10:34]
shell stdout: 
[INFO -- 2017-03-02 17:10:34]
shell stdout: 
[INFO -- 2017-03-02 17:10:34]
shell stdout: 
[INFO -- 2017-03-02 17:10:34]
shell stdout: 
[INFO -- 2017-03-02 17:10:35]
shell stdout: 
[INFO -- 2017-03-02 17:10:35]
shell stdout: 
[INFO -- 2017-03-02 17:17:22]
finished due now-timestampStart > maxWaitTime*5
[INFO -- 2017-03-02 17:17:22]
now: 1488493042
[INFO -- 2017-03-02 17:17:22]
timestampStart: 1488492595
[INFO -- 2017-03-02 17:17:22]
kill cmd: killall -9 gdb-mic
[INFO -- 2017-03-02 17:17:22]
shell stdout: 
[INFO -- 2017-03-02 17:17:22]
kill cmd: ssh -T mic0 killall -9 clamr_openmponly
[INFO -- 2017-03-02 17:17:22]
shell stdout: 
[INFO -- 2017-03-02 17:17:23]
kill cmd: ssh -T mic0 killall -9 gdbserver
[INFO -- 2017-03-02 17:17:23]
shell stdout: 
[INFO -- 2017-03-02 17:17:23]
kill cmd: ssh -T mic0 killall -9 sshd
[INFO -- 2017-03-02 17:17:23]
shell stdout: 
