2017-01-11 10:17:39:Starting GDB script
2017-01-11 10:17:39:initSignal:7.0
2017-01-11 10:17:39:endSignal:14.0
2017-01-11 10:17:39:seqSignal:15
2017-01-11 10:17:47:sending 15 signals using command: 'ssh -T mic1 killall -2 dgemm_check' after 7.79607332138s
2017-01-11 10:17:48:shell stdout: 
2017-01-11 10:17:48:shell stdout: 
2017-01-11 10:17:49:shell stdout: 
2017-01-11 10:17:49:shell stdout: 
2017-01-11 10:17:49:shell stdout: 
2017-01-11 10:17:50:shell stdout: 
2017-01-11 10:17:50:sending 15 signals using command: 'ssh -T mic1 killall -2 dgemm_check' after 10.8663722069s
2017-01-11 10:17:50:shell stdout: 
2017-01-11 10:17:50:shell stdout: 
2017-01-11 10:17:51:shell stdout: 
2017-01-11 10:17:51:shell stdout: 
2017-01-11 10:17:51:shell stdout: 
2017-01-11 10:17:51:shell stdout: 
2017-01-11 10:17:52:shell stdout: 
2017-01-11 10:17:52:shell stdout: 
2017-01-11 10:17:52:shell stdout: 
2017-01-11 10:17:52:shell stdout: 
2017-01-11 10:17:52:shell stdout: 
2017-01-11 10:17:53:shell stdout: 
2017-01-11 10:17:53:shell stdout: 
2017-01-11 10:17:53:sending 15 signals using command: 'ssh -T mic1 killall -2 dgemm_check' after 13.7831524242s
2017-01-11 10:17:53:shell stdout: 
2017-01-11 10:17:53:shell stdout: 
2017-01-11 10:17:53:shell stdout: 
2017-01-11 10:17:53:shell stdout: 
2017-01-11 10:17:54:shell stdout: 
2017-01-11 10:17:54:shell stdout: 
2017-01-11 10:17:54:shell stdout: 
2017-01-11 10:17:54:shell stdout: 
2017-01-11 10:17:54:shell stdout: 
2017-01-11 10:17:55:shell stdout: 
2017-01-11 10:17:55:shell stdout: 
2017-01-11 10:17:55:shell stdout: 
2017-01-11 10:17:55:shell stdout: 
2017-01-11 10:17:56:shell stdout: 
2017-01-11 10:17:56:shell stdout: 
2017-01-11 10:17:56:shell stdout: 
2017-01-11 10:17:56:shell stdout: 
2017-01-11 10:17:56:shell stdout: 
2017-01-11 10:17:56:shell stdout: 
2017-01-11 10:17:57:shell stdout: 
2017-01-11 10:17:57:shell stdout: 
2017-01-11 10:17:58:shell stdout: 
2017-01-11 10:17:58:shell stdout: 
2017-01-11 10:17:58:shell stdout: 
2017-01-11 10:17:59:shell stdout: 
2017-01-11 10:17:59:shell stdout: 
2017-01-11 10:18:06:no gdbExecName running, out:
2017-01-11 10:18:06:checCmd:ps -e | grep -i gdb-mic
2017-01-11 10:18:06:finished now-timestampStart < maxWaitTime*5
2017-01-11 10:18:06:now: 1484147877
2017-01-11 10:18:06:timestampStart: 1484147859
2017-01-11 10:18:06:kill cmd: killall -9 gdb-mic
2017-01-11 10:18:06:shell stdout: 
2017-01-11 10:18:06:kill cmd: ssh -T mic1 killall -9 dgemm_check
2017-01-11 10:18:06:shell stdout: 
2017-01-11 10:18:06:kill cmd: ssh -T mic1 killall -9 gdbserver
2017-01-11 10:18:06:shell stdout: 
2017-01-11 10:18:07:kill cmd: ssh -T mic1 killall -9 sshd
2017-01-11 10:18:07:shell stdout: 
