[INFO -- 2017-03-05 21:41:13]
Starting GDB script
[INFO -- 2017-03-05 21:41:13]
initSignal:20.0
[INFO -- 2017-03-05 21:41:13]
endSignal:25.0
[INFO -- 2017-03-05 21:41:13]
seqSignal:20
[INFO -- 2017-03-05 21:41:35]
sending 20 signals using command: 'ssh -T mic0 killall -2 clamr_openmponly' after 21.4335481878s
[INFO -- 2017-03-05 21:41:35]
shell stdout: 
[INFO -- 2017-03-05 21:41:36]
shell stdout: 
[INFO -- 2017-03-05 21:41:36]
shell stdout: 
[INFO -- 2017-03-05 21:41:37]
shell stdout: 
[INFO -- 2017-03-05 21:41:37]
shell stdout: 
[INFO -- 2017-03-05 21:41:37]
sending 20 signals using command: 'ssh -T mic0 killall -2 clamr_openmponly' after 23.6951763483s
[INFO -- 2017-03-05 21:41:38]
shell stdout: 
[INFO -- 2017-03-05 21:41:38]
shell stdout: 
[INFO -- 2017-03-05 21:41:38]
shell stdout: 
[INFO -- 2017-03-05 21:41:38]
shell stdout: 
[INFO -- 2017-03-05 21:41:38]
shell stdout: 
[INFO -- 2017-03-05 21:41:38]
shell stdout: 
[INFO -- 2017-03-05 21:41:39]
shell stdout: 
[INFO -- 2017-03-05 21:41:39]
shell stdout: 
[INFO -- 2017-03-05 21:41:39]
shell stdout: 
[INFO -- 2017-03-05 21:41:39]
shell stdout: 
[INFO -- 2017-03-05 21:41:40]
shell stdout: 
[INFO -- 2017-03-05 21:41:40]
shell stdout: 
[INFO -- 2017-03-05 21:41:40]
shell stdout: 
[INFO -- 2017-03-05 21:41:40]
shell stdout: 
[INFO -- 2017-03-05 21:41:41]
shell stdout: 
[INFO -- 2017-03-05 21:41:41]
shell stdout: 
[INFO -- 2017-03-05 21:41:41]
shell stdout: 
[INFO -- 2017-03-05 21:41:41]
shell stdout: 
[INFO -- 2017-03-05 21:41:41]
shell stdout: 
[INFO -- 2017-03-05 21:41:41]
shell stdout: 
[INFO -- 2017-03-05 21:41:42]
shell stdout: 
[INFO -- 2017-03-05 21:41:42]
shell stdout: 
[INFO -- 2017-03-05 21:41:42]
shell stdout: 
[INFO -- 2017-03-05 21:41:42]
shell stdout: 
[INFO -- 2017-03-05 21:41:43]
shell stdout: 
[INFO -- 2017-03-05 21:41:43]
shell stdout: 
[INFO -- 2017-03-05 21:41:43]
shell stdout: 
[INFO -- 2017-03-05 21:41:43]
shell stdout: 
[INFO -- 2017-03-05 21:41:44]
shell stdout: 
[INFO -- 2017-03-05 21:41:44]
shell stdout: 
[INFO -- 2017-03-05 21:41:44]
shell stdout: 
[INFO -- 2017-03-05 21:41:45]
shell stdout: 
[INFO -- 2017-03-05 21:41:46]
shell stdout: 
[INFO -- 2017-03-05 21:41:46]
shell stdout: 
[INFO -- 2017-03-05 21:41:47]
shell stdout: 
[INFO -- 2017-03-05 21:45:06]
no gdbExecName running, out:
[INFO -- 2017-03-05 21:45:06]
checCmd:ps -e | grep -i gdb-mic
[INFO -- 2017-03-05 21:45:06]
finished now-timestampStart < maxWaitTime*5
[INFO -- 2017-03-05 21:45:06]
now: 1488768297
[INFO -- 2017-03-05 21:45:06]
timestampStart: 1488768073
[INFO -- 2017-03-05 21:45:06]
kill cmd: killall -9 gdb-mic
[INFO -- 2017-03-05 21:45:06]
shell stdout: 
[INFO -- 2017-03-05 21:45:06]
kill cmd: ssh -T mic0 killall -9 clamr_openmponly
[INFO -- 2017-03-05 21:45:06]
shell stdout: 
[INFO -- 2017-03-05 21:45:06]
kill cmd: ssh -T mic0 killall -9 gdbserver
[INFO -- 2017-03-05 21:45:06]
shell stdout: 
[INFO -- 2017-03-05 21:45:07]
kill cmd: ssh -T mic0 killall -9 sshd
[INFO -- 2017-03-05 21:45:07]
shell stdout: 
