2016-10-22 04:29:49:Starting GDB script
2016-10-22 04:29:51:sending signal using command: 'ssh -T mic0 killall -2 hotspot_check' after 1.41749935734s
2016-10-22 04:29:51:shell stdout: 
2016-10-22 04:29:54:sending signal using command: 'ssh -T mic0 killall -2 hotspot_check' after 4.09753448831s
2016-10-22 04:29:54:shell stdout: 
2016-10-22 04:29:57:sending signal using command: 'ssh -T mic0 killall -2 hotspot_check' after 7.66774774712s
2016-10-22 04:29:57:shell stdout: 
2016-10-22 04:30:00:sending signal using command: 'ssh -T mic0 killall -2 hotspot_check' after 9.90444729041s
2016-10-22 04:30:00:shell stdout: 
2016-10-22 04:30:00:sending signal using command: 'ssh -T mic0 killall -2 hotspot_check' after 9.9511545046s
2016-10-22 04:30:00:shell stdout: 
2016-10-22 04:30:00:sending signal using command: 'ssh -T mic0 killall -2 hotspot_check' after 9.97577333577s
2016-10-22 04:30:00:shell stdout: 
2016-10-22 04:30:01:sending signal using command: 'ssh -T mic0 killall -2 hotspot_check' after 11.4324772474s
2016-10-22 04:30:01:shell stdout: 
2016-10-22 04:30:02:sending signal using command: 'ssh -T mic0 killall -2 hotspot_check' after 12.1379741902s
2016-10-22 04:30:02:shell stdout: 
2016-10-22 04:30:02:sending signal using command: 'ssh -T mic0 killall -2 hotspot_check' after 12.6902604955s
2016-10-22 04:30:02:shell stdout: 
2016-10-22 04:30:03:sending signal using command: 'ssh -T mic0 killall -2 hotspot_check' after 13.2022555902s
2016-10-22 04:30:03:shell stdout: 
2016-10-22 04:30:30:no gdbExecName running, out:
2016-10-22 04:30:30:checCmd:ps -e | grep -i gdb-mic
2016-10-22 04:30:30:finished now-timestampStart < maxWaitTime*5
2016-10-22 04:30:30:now: 1477125029
2016-10-22 04:30:30:timestampStart: 1477124989
2016-10-22 04:30:30:kill cmd: killall -9 gdb-mic
2016-10-22 04:30:30:shell stdout: 
2016-10-22 04:30:30:kill cmd: ssh -T mic0 killall -9 hotspot_check
2016-10-22 04:30:30:shell stdout: 
2016-10-22 04:30:31:kill cmd: ssh -T mic0 killall -9 gdbserver
2016-10-22 04:30:31:shell stdout: 
