[INFO -- 2017-02-26 00:20:18]
Starting GDB script
[INFO -- 2017-02-26 00:20:18]
initSignal:6.0
[INFO -- 2017-02-26 00:20:18]
endSignal:9.0
[INFO -- 2017-02-26 00:20:18]
seqSignal:15
[INFO -- 2017-02-26 00:20:25]
sending 15 signals using command: 'ssh -T mic0 killall -2 hotspot_check' after 7.10637281826s
[INFO -- 2017-02-26 00:20:25]
sending 15 signals using command: 'ssh -T mic0 killall -2 hotspot_check' after 7.20755500165s
[INFO -- 2017-02-26 00:20:25]
shell stdout: 
[INFO -- 2017-02-26 00:20:25]
shell stdout: 
[INFO -- 2017-02-26 00:20:25]
sending 15 signals using command: 'ssh -T mic0 killall -2 hotspot_check' after 7.72407110362s
[INFO -- 2017-02-26 00:20:26]
shell stdout: 
[INFO -- 2017-02-26 00:20:26]
shell stdout: 
[INFO -- 2017-02-26 00:20:26]
shell stdout: 
[INFO -- 2017-02-26 00:20:26]
shell stdout: 
[INFO -- 2017-02-26 00:20:26]
shell stdout: 
[INFO -- 2017-02-26 00:20:26]
shell stdout: 
[INFO -- 2017-02-26 00:20:26]
shell stdout: 
[INFO -- 2017-02-26 00:20:27]
shell stdout: 
[INFO -- 2017-02-26 00:20:27]
shell stdout: 
[INFO -- 2017-02-26 00:20:27]
shell stdout: 
[INFO -- 2017-02-26 00:20:27]
shell stdout: 
[INFO -- 2017-02-26 00:20:27]
shell stdout: 
[INFO -- 2017-02-26 00:20:27]
shell stdout: 
[INFO -- 2017-02-26 00:20:27]
shell stdout: 
[INFO -- 2017-02-26 00:20:27]
shell stdout: 
[INFO -- 2017-02-26 00:20:28]
shell stdout: 
[INFO -- 2017-02-26 00:20:28]
shell stdout: 
[INFO -- 2017-02-26 00:20:28]
shell stdout: 
[INFO -- 2017-02-26 00:20:28]
shell stdout: 
[INFO -- 2017-02-26 00:20:28]
shell stdout: 
[INFO -- 2017-02-26 00:20:28]
shell stdout: 
[INFO -- 2017-02-26 00:20:28]
shell stdout: 
[INFO -- 2017-02-26 00:20:29]
shell stdout: 
[INFO -- 2017-02-26 00:20:29]
shell stdout: 
[INFO -- 2017-02-26 00:20:29]
shell stdout: 
[INFO -- 2017-02-26 00:20:29]
shell stdout: 
[INFO -- 2017-02-26 00:20:29]
shell stdout: 
[INFO -- 2017-02-26 00:20:29]
shell stdout: 
[INFO -- 2017-02-26 00:20:29]
shell stdout: 
[INFO -- 2017-02-26 00:20:30]
shell stdout: 
[INFO -- 2017-02-26 00:20:30]
shell stdout: 
[INFO -- 2017-02-26 00:20:30]
shell stdout: 
[INFO -- 2017-02-26 00:20:30]
shell stdout: 
[INFO -- 2017-02-26 00:20:30]
shell stdout: 
[INFO -- 2017-02-26 00:20:30]
shell stdout: 
[INFO -- 2017-02-26 00:20:30]
shell stdout: 
[INFO -- 2017-02-26 00:20:31]
shell stdout: 
[INFO -- 2017-02-26 00:20:31]
shell stdout: 
[INFO -- 2017-02-26 00:20:31]
shell stdout: 
[INFO -- 2017-02-26 00:20:31]
shell stdout: 
[INFO -- 2017-02-26 00:20:31]
shell stdout: 
[INFO -- 2017-02-26 00:20:31]
shell stdout: 
[INFO -- 2017-02-26 00:20:32]
shell stdout: 
[INFO -- 2017-02-26 00:20:48]
no gdbExecName running, out:
[INFO -- 2017-02-26 00:20:48]
checCmd:ps -e | grep -i gdb-mic
[INFO -- 2017-02-26 00:20:48]
finished now-timestampStart < maxWaitTime*5
[INFO -- 2017-02-26 00:20:48]
now: 1488086447
[INFO -- 2017-02-26 00:20:48]
timestampStart: 1488086418
[INFO -- 2017-02-26 00:20:48]
kill cmd: killall -9 gdb-mic
[INFO -- 2017-02-26 00:20:48]
shell stdout: 
[INFO -- 2017-02-26 00:20:49]
kill cmd: ssh -T mic0 killall -9 hotspot_check
[INFO -- 2017-02-26 00:20:49]
shell stdout: 
[INFO -- 2017-02-26 00:20:49]
kill cmd: ssh -T mic0 killall -9 gdbserver
[INFO -- 2017-02-26 00:20:49]
shell stdout: 
[INFO -- 2017-02-26 00:20:49]
kill cmd: ssh -T mic0 killall -9 sshd
[INFO -- 2017-02-26 00:20:49]
shell stdout: 
