2016-10-27 19:10:58:Starting GDB script
2016-10-27 19:10:59:sending signal using command: 'ssh -T mic0 killall -2 lud_check' after 0.707345416767s
2016-10-27 19:10:59:shell stdout: 
2016-10-27 19:10:59:sending signal using command: 'ssh -T mic0 killall -2 lud_check' after 0.910484209463s
2016-10-27 19:10:59:shell stdout: 
2016-10-27 19:10:59:sending signal using command: 'ssh -T mic0 killall -2 lud_check' after 1.07775846825s
2016-10-27 19:10:59:shell stdout: 
2016-10-27 19:11:00:sending signal using command: 'ssh -T mic0 killall -2 lud_check' after 1.73352017614s
2016-10-27 19:11:00:shell stdout: 
2016-10-27 19:11:01:sending signal using command: 'ssh -T mic0 killall -2 lud_check' after 2.35277957197s
2016-10-27 19:11:01:shell stdout: 
2016-10-27 19:11:03:sending signal using command: 'ssh -T mic0 killall -2 lud_check' after 4.51310571689s
2016-10-27 19:11:03:shell stdout: 
2016-10-27 19:11:05:no gdbExecName running, out:
2016-10-27 19:11:05:checCmd:ps -e | grep -i gdb-mic
2016-10-27 19:11:05:finished now-timestampStart < maxWaitTime*5
2016-10-27 19:11:05:now: 1477609865
2016-10-27 19:11:05:timestampStart: 1477609858
2016-10-27 19:11:05:kill cmd: killall -9 gdb-mic
2016-10-27 19:11:05:shell stdout: 
2016-10-27 19:11:05:sending signal using command: 'ssh -T mic0 killall -2 lud_check' after 6.86290055919s
2016-10-27 19:11:05:shell stdout: 
2016-10-27 19:11:05:kill cmd: ssh -T mic0 killall -9 lud_check
2016-10-27 19:11:05:shell stdout: 
2016-10-27 19:11:05:sending signal using command: 'ssh -T mic0 killall -2 lud_check' after 7.15145797513s
2016-10-27 19:11:05:shell stdout: 
2016-10-27 19:11:06:sending signal using command: 'ssh -T mic0 killall -2 lud_check' after 7.1760677623s
2016-10-27 19:11:06:shell stdout: 
2016-10-27 19:11:06:kill cmd: ssh -T mic0 killall -9 gdbserver
2016-10-27 19:11:06:shell stdout: 
2016-10-27 19:11:06:sending signal using command: 'ssh -T mic0 killall -2 lud_check' after 7.54201527583s
2016-10-27 19:11:06:shell stdout: 
2016-10-27 19:11:06:kill cmd: ssh -T mic0 killall -9 sshd
2016-10-27 19:11:06:shell stdout: 
