[INFO -- 2017-03-03 10:19:19]
Starting GDB script
[INFO -- 2017-03-03 10:19:19]
initSignal:0.0
[INFO -- 2017-03-03 10:19:19]
endSignal:7.0
[INFO -- 2017-03-03 10:19:19]
seqSignal:15
[INFO -- 2017-03-03 10:19:22]
sending 15 signals using command: 'ssh -T mic0 killall -2 dgemm_check' after 2.69348532254s
[INFO -- 2017-03-03 10:19:22]
sending 15 signals using command: 'ssh -T mic0 killall -2 dgemm_check' after 2.8557201763s
[INFO -- 2017-03-03 10:19:22]
shell stdout: 
[INFO -- 2017-03-03 10:19:22]
shell stdout: 
[INFO -- 2017-03-03 10:19:22]
shell stdout: 
[INFO -- 2017-03-03 10:19:23]
shell stdout: 
[INFO -- 2017-03-03 10:19:23]
shell stdout: 
[INFO -- 2017-03-03 10:19:23]
shell stdout: 
[INFO -- 2017-03-03 10:19:23]
shell stdout: 
[INFO -- 2017-03-03 10:19:24]
shell stdout: 
[INFO -- 2017-03-03 10:19:24]
shell stdout: 
[INFO -- 2017-03-03 10:19:24]
shell stdout: 
[INFO -- 2017-03-03 10:19:24]
shell stdout: 
[INFO -- 2017-03-03 10:19:24]
shell stdout: 
[INFO -- 2017-03-03 10:19:25]
shell stdout: 
[INFO -- 2017-03-03 10:19:25]
shell stdout: 
[INFO -- 2017-03-03 10:19:25]
shell stdout: 
[INFO -- 2017-03-03 10:19:25]
sending 15 signals using command: 'ssh -T mic0 killall -2 dgemm_check' after 6.15614142783s
[INFO -- 2017-03-03 10:19:25]
shell stdout: 
[INFO -- 2017-03-03 10:19:25]
shell stdout: 
[INFO -- 2017-03-03 10:19:25]
shell stdout: 
[INFO -- 2017-03-03 10:19:26]
shell stdout: 
[INFO -- 2017-03-03 10:19:26]
shell stdout: 
[INFO -- 2017-03-03 10:19:26]
shell stdout: 
[INFO -- 2017-03-03 10:19:26]
shell stdout: 
[INFO -- 2017-03-03 10:19:26]
shell stdout: 
[INFO -- 2017-03-03 10:19:26]
shell stdout: 
[INFO -- 2017-03-03 10:19:26]
shell stdout: 
[INFO -- 2017-03-03 10:19:27]
shell stdout: 
[INFO -- 2017-03-03 10:19:27]
shell stdout: 
[INFO -- 2017-03-03 10:19:27]
shell stdout: 
[INFO -- 2017-03-03 10:19:27]
shell stdout: 
[INFO -- 2017-03-03 10:19:27]
shell stdout: 
[INFO -- 2017-03-03 10:19:27]
shell stdout: 
[INFO -- 2017-03-03 10:19:28]
shell stdout: 
[INFO -- 2017-03-03 10:19:28]
shell stdout: 
[INFO -- 2017-03-03 10:19:28]
shell stdout: 
[INFO -- 2017-03-03 10:19:28]
shell stdout: 
[INFO -- 2017-03-03 10:19:28]
shell stdout: 
[INFO -- 2017-03-03 10:19:28]
shell stdout: 
[INFO -- 2017-03-03 10:19:28]
shell stdout: 
[INFO -- 2017-03-03 10:19:29]
shell stdout: 
[INFO -- 2017-03-03 10:19:29]
shell stdout: 
[INFO -- 2017-03-03 10:19:30]
shell stdout: 
[INFO -- 2017-03-03 10:19:30]
shell stdout: 
[INFO -- 2017-03-03 10:19:30]
shell stdout: 
[INFO -- 2017-03-03 10:19:30]
no gdbExecName running, out:
[INFO -- 2017-03-03 10:19:30]
checCmd:ps -e | grep -i gdb-mic
[INFO -- 2017-03-03 10:19:30]
finished now-timestampStart < maxWaitTime*5
[INFO -- 2017-03-03 10:19:30]
now: 1488554367
[INFO -- 2017-03-03 10:19:30]
timestampStart: 1488554359
[INFO -- 2017-03-03 10:19:30]
kill cmd: killall -9 gdb-mic
[INFO -- 2017-03-03 10:19:30]
shell stdout: 
[INFO -- 2017-03-03 10:19:31]
shell stdout: 
[INFO -- 2017-03-03 10:19:31]
kill cmd: ssh -T mic0 killall -9 dgemm_check
[INFO -- 2017-03-03 10:19:31]
shell stdout: 
[INFO -- 2017-03-03 10:19:31]
shell stdout: 
[INFO -- 2017-03-03 10:19:31]
kill cmd: ssh -T mic0 killall -9 gdbserver
[INFO -- 2017-03-03 10:19:31]
shell stdout: 
[INFO -- 2017-03-03 10:19:32]
kill cmd: ssh -T mic0 killall -9 sshd
[INFO -- 2017-03-03 10:19:32]
shell stdout: 
