2016-10-27 16:25:40:Starting GDB script
2016-10-27 16:25:41:sending signal using command: 'ssh -T mic0 killall -2 lud_check' after 0.153552393726s
2016-10-27 16:25:41:shell stdout: 
2016-10-27 16:25:41:sending signal using command: 'ssh -T mic0 killall -2 lud_check' after 0.936795389611s
2016-10-27 16:25:41:shell stdout: 
2016-10-27 16:25:43:sending signal using command: 'ssh -T mic0 killall -2 lud_check' after 1.95535138876s
2016-10-27 16:25:43:shell stdout: 
2016-10-27 16:25:43:sending signal using command: 'ssh -T mic0 killall -2 lud_check' after 2.03843832391s
2016-10-27 16:25:43:shell stdout: 
2016-10-27 16:25:45:sending signal using command: 'ssh -T mic0 killall -2 lud_check' after 4.43562428769s
2016-10-27 16:25:45:shell stdout: 
2016-10-27 16:25:46:sending signal using command: 'ssh -T mic0 killall -2 lud_check' after 5.47908532304s
2016-10-27 16:25:46:shell stdout: 
2016-10-27 16:25:46:sending signal using command: 'ssh -T mic0 killall -2 lud_check' after 5.5302249308s
2016-10-27 16:25:46:shell stdout: 
2016-10-27 16:25:47:sending signal using command: 'ssh -T mic0 killall -2 lud_check' after 6.07082749513s
2016-10-27 16:25:47:shell stdout: 
2016-10-27 16:25:47:sending signal using command: 'ssh -T mic0 killall -2 lud_check' after 6.28611463332s
2016-10-27 16:25:47:shell stdout: 
2016-10-27 16:25:48:sending signal using command: 'ssh -T mic0 killall -2 lud_check' after 7.28045815156s
2016-10-27 16:25:48:shell stdout: 
2016-10-27 16:26:10:no gdbExecName running, out:
2016-10-27 16:26:10:checCmd:ps -e | grep -i gdb-mic
2016-10-27 16:26:10:finished now-timestampStart < maxWaitTime*5
2016-10-27 16:26:10:now: 1477599970
2016-10-27 16:26:10:timestampStart: 1477599940
2016-10-27 16:26:10:kill cmd: killall -9 gdb-mic
2016-10-27 16:26:10:shell stdout: 
2016-10-27 16:26:10:kill cmd: ssh -T mic0 killall -9 lud_check
2016-10-27 16:26:10:shell stdout: 
2016-10-27 16:26:11:kill cmd: ssh -T mic0 killall -9 gdbserver
2016-10-27 16:26:11:shell stdout: 
2016-10-27 16:26:11:kill cmd: ssh -T mic0 killall -9 sshd
2016-10-27 16:26:11:shell stdout: 
