[INFO -- 2017-02-25 09:59:00]
Starting flip_value script
version: 2.0
[INFO -- 2017-02-25 09:59:00]
Initialization strings:
[INFO -- 2017-02-25 09:59:00]
(1) target extended-remote | ssh -T mic1 gdbserver --multi -
[INFO -- 2017-02-25 09:59:00]
(2) set sysroot /opt/mpss/3.7/sysroots/k1om-mpss-linux/
[INFO -- 2017-02-25 09:59:00]
(3) set sysroot /opt/mpss/3.7/sysroots/k1om-mpss-linux/
[INFO -- 2017-02-25 09:59:00]
(4) file /micNfs/gdb-fault-injection/injector/bin/lud/lud_check
[INFO -- 2017-02-25 09:59:00]
(5) set remote exec-file /micNfs/gdb-fault-injection/injector/bin/lud/lud_check
[INFO -- 2017-02-25 09:59:00]
(6) set args -s 2048 -n 228 -i /micNfs/gdb-fault-injection/injector/bin/lud/input_2048_th_228 -g /micNfs/gdb-fault-injection/injector/bin/lud/gold_2048_th_228
[INFO -- 2017-02-25 09:59:00]
initSignal:2
[INFO -- 2017-02-25 09:59:00]
endSignal:4
[INFO -- 2017-02-25 09:59:00]
seqSignal:30
[INFO -- 2017-02-25 09:59:00]
faultMode:2
[EXCEPTION -- 2017-02-25 09:59:12]
pythonException: invalid frame
[EXCEPTION -- 2017-02-25 09:59:12]
pythonException: invalid frame
[EXCEPTION -- 2017-02-25 09:59:12]
pythonException: invalid frame
[EXCEPTION -- 2017-02-25 09:59:12]
pythonException: invalid frame
[EXCEPTION -- 2017-02-25 09:59:12]
pythonException: invalid frame
[EXCEPTION -- 2017-02-25 09:59:12]
pythonException: invalid frame
[EXCEPTION -- 2017-02-25 09:59:12]
pythonException: invalid frame
[EXCEPTION -- 2017-02-25 09:59:12]
pythonException: invalid frame
[EXCEPTION -- 2017-02-25 09:59:12]
pythonException: invalid frame
[EXCEPTION -- 2017-02-25 09:59:12]
pythonException: invalid frame
[EXCEPTION -- 2017-02-25 09:59:12]
pythonException: invalid frame
[EXCEPTION -- 2017-02-25 09:59:12]
pythonException: invalid frame
[EXCEPTION -- 2017-02-25 09:59:12]
pythonException: invalid frame
[EXCEPTION -- 2017-02-25 09:59:12]
pythonException: invalid frame
[EXCEPTION -- 2017-02-25 09:59:12]
pythonException: invalid frame
[EXCEPTION -- 2017-02-25 09:59:12]
pythonException: invalid frame
[EXCEPTION -- 2017-02-25 09:59:12]
pythonException: invalid frame
[EXCEPTION -- 2017-02-25 09:59:12]
pythonException: invalid frame
[EXCEPTION -- 2017-02-25 09:59:12]
pythonException: invalid frame
[EXCEPTION -- 2017-02-25 09:59:12]
pythonException: invalid frame
[EXCEPTION -- 2017-02-25 09:59:12]
pythonException: invalid frame
[EXCEPTION -- 2017-02-25 09:59:12]
pythonException: invalid frame
[EXCEPTION -- 2017-02-25 09:59:12]
pythonException: invalid frame
[EXCEPTION -- 2017-02-25 09:59:12]
pythonException: invalid frame
[EXCEPTION -- 2017-02-25 09:59:12]
pythonException: invalid frame
[EXCEPTION -- 2017-02-25 09:59:12]
pythonException: invalid frame
[EXCEPTION -- 2017-02-25 09:59:12]
pythonException: invalid frame
[EXCEPTION -- 2017-02-25 09:59:12]
pythonException: invalid frame
[EXCEPTION -- 2017-02-25 09:59:12]
pythonException: invalid frame
[EXCEPTION -- 2017-02-25 09:59:12]
pythonException: invalid frame
[EXCEPTION -- 2017-02-25 09:59:12]
pythonException: invalid frame
[EXCEPTION -- 2017-02-25 09:59:12]
pythonException: invalid frame
[EXCEPTION -- 2017-02-25 09:59:12]
pythonException: invalid frame
[EXCEPTION -- 2017-02-25 09:59:12]
pythonException: invalid frame
[EXCEPTION -- 2017-02-25 09:59:12]
pythonException: invalid frame
[EXCEPTION -- 2017-02-25 09:59:12]
pythonException: invalid frame
[EXCEPTION -- 2017-02-25 09:59:12]
pythonException: invalid frame
[EXCEPTION -- 2017-02-25 09:59:12]
pythonException: invalid frame
[EXCEPTION -- 2017-02-25 09:59:12]
pythonException: invalid frame
[EXCEPTION -- 2017-02-25 09:59:12]
pythonException: invalid frame
[EXCEPTION -- 2017-02-25 09:59:12]
pythonException: invalid frame
[EXCEPTION -- 2017-02-25 09:59:12]
pythonException: invalid frame
[EXCEPTION -- 2017-02-25 09:59:12]
pythonException: invalid frame
[EXCEPTION -- 2017-02-25 09:59:12]
pythonException: invalid frame
[EXCEPTION -- 2017-02-25 09:59:12]
pythonException: invalid frame
[EXCEPTION -- 2017-02-25 09:59:12]
pythonException: invalid frame
[EXCEPTION -- 2017-02-25 09:59:12]
pythonException: invalid frame
[EXCEPTION -- 2017-02-25 09:59:12]
pythonException: invalid frame
[EXCEPTION -- 2017-02-25 09:59:12]
pythonException: invalid frame
[EXCEPTION -- 2017-02-25 09:59:12]
pythonException: invalid frame
[EXCEPTION -- 2017-02-25 09:59:12]
pythonException: invalid frame
[EXCEPTION -- 2017-02-25 09:59:12]
pythonException: invalid frame
[EXCEPTION -- 2017-02-25 09:59:12]
pythonException: invalid frame
[EXCEPTION -- 2017-02-25 09:59:12]
pythonException: invalid frame
[EXCEPTION -- 2017-02-25 09:59:12]
pythonException: invalid frame
[EXCEPTION -- 2017-02-25 09:59:12]
pythonException: invalid frame
[EXCEPTION -- 2017-02-25 09:59:12]
pythonException: invalid frame
[EXCEPTION -- 2017-02-25 09:59:12]
pythonException: invalid frame
[EXCEPTION -- 2017-02-25 09:59:12]
pythonException: invalid frame
[EXCEPTION -- 2017-02-25 09:59:12]
pythonException: invalid frame
[EXCEPTION -- 2017-02-25 09:59:12]
pythonException: invalid frame
[EXCEPTION -- 2017-02-25 09:59:12]
pythonException: invalid frame
[EXCEPTION -- 2017-02-25 09:59:12]
pythonException: invalid frame
[EXCEPTION -- 2017-02-25 09:59:12]
pythonException: invalid frame
[EXCEPTION -- 2017-02-25 09:59:12]
pythonException: invalid frame
[INFO -- 2017-02-25 09:59:12]
Backtrace BEGIN:
#0  0x0000000000404c80 in L_lud_omp_123__par_loop2_2_5 () at lud_omp.c:148
#1  0x00007ffff790ba1f in ?? ()
#2  0x00007fffffffd9c0 in ?? ()
#3  0x00007ffff4ea0100 in ?? ()
#4  0x0000000000000001 in ?? ()
#5  0x0000000000000003 in ?? ()
#6  0x0000000000000000 in ?? ()

143	            for (i = 0; i < BS; i++)
144	            {
145	                for (k=0; k < BS; k++) {
146	#pragma omp simd 
147	                    for (j = 0; j < BS; j++) {
148	                        sum[j] += temp_left[BS*i + k] * temp_top[BS*k + j];
149	                    }
150	                }
151	#pragma omp simd 
152	                for (j = 0; j < BS; j++) {

Backtrace END
Memory content before bitflip:0xab0x230x000x00
Fault Mode: Random bit-flip
base address to flip value: 0x7fffffffc614
address max offset: 4
Memory content after  bitflip:0x630xdb0x190x2c
frame name: L_lud_omp_123__par_loop2_2_5
symbol name: chunk_idx
symbol filename: lud_omp.c
symbol line: 45
value: 739892067
value address: 0x7fffffffc614
Type: The type is an integer type.
Type sizeof: 4

[INFO -- 2017-02-25 09:59:12]
Fault Injection Successful after 12.955327034s
[INFO -- 2017-02-25 09:59:23]
event type: exit
[INFO -- 2017-02-25 09:59:23]
exit code: 1
