[INFO -- 2017-03-26 07:50:15]
Starting GDB script
[INFO -- 2017-03-26 07:50:15]
initSignal:0.0
[INFO -- 2017-03-26 07:50:15]
endSignal:3.0
[INFO -- 2017-03-26 07:50:15]
seqSignal:30
[INFO -- 2017-03-26 07:50:16]
sending 30 signals using command: 'ssh -T mic0 killall -2 lavamd_check' after 0.698061047983s
[INFO -- 2017-03-26 07:50:16]
shell stdout: 
[INFO -- 2017-03-26 07:50:17]
sending 30 signals using command: 'ssh -T mic0 killall -2 lavamd_check' after 1.43019357618s
[INFO -- 2017-03-26 07:50:17]
shell stdout: 
[INFO -- 2017-03-26 07:50:17]
shell stdout: 
[INFO -- 2017-03-26 07:50:17]
shell stdout: 
[INFO -- 2017-03-26 07:50:17]
sending 30 signals using command: 'ssh -T mic0 killall -2 lavamd_check' after 1.92398208169s
[INFO -- 2017-03-26 07:50:17]
shell stdout: 
[INFO -- 2017-03-26 07:50:17]
shell stdout: 
[INFO -- 2017-03-26 07:50:17]
shell stdout: 
[INFO -- 2017-03-26 07:50:18]
shell stdout: 
[INFO -- 2017-03-26 07:50:18]
shell stdout: 
[INFO -- 2017-03-26 07:50:18]
shell stdout: 
[INFO -- 2017-03-26 07:50:19]
shell stdout: 
[INFO -- 2017-03-26 07:50:19]
shell stdout: 
[INFO -- 2017-03-26 07:50:19]
shell stdout: 
[INFO -- 2017-03-26 07:50:20]
shell stdout: 
[INFO -- 2017-03-26 07:50:20]
shell stdout: 
[INFO -- 2017-03-26 07:50:20]
shell stdout: 
[INFO -- 2017-03-26 07:50:21]
shell stdout: 
[INFO -- 2017-03-26 07:50:21]
shell stdout: 
[INFO -- 2017-03-26 07:50:21]
shell stdout: 
[INFO -- 2017-03-26 07:50:21]
shell stdout: 
[INFO -- 2017-03-26 07:50:21]
shell stdout: 
[INFO -- 2017-03-26 07:50:21]
shell stdout: 
[INFO -- 2017-03-26 07:50:22]
shell stdout: 
[INFO -- 2017-03-26 07:50:22]
shell stdout: 
[INFO -- 2017-03-26 07:50:22]
shell stdout: 
[INFO -- 2017-03-26 07:50:23]
shell stdout: 
[INFO -- 2017-03-26 07:50:23]
shell stdout: 
[INFO -- 2017-03-26 07:50:23]
shell stdout: 
[INFO -- 2017-03-26 07:50:24]
shell stdout: 
[INFO -- 2017-03-26 07:50:24]
shell stdout: 
[INFO -- 2017-03-26 07:50:24]
shell stdout: 
[INFO -- 2017-03-26 07:50:25]
shell stdout: 
[INFO -- 2017-03-26 07:50:25]
shell stdout: 
[INFO -- 2017-03-26 07:50:25]
shell stdout: 
[INFO -- 2017-03-26 07:50:25]
shell stdout: 
[INFO -- 2017-03-26 07:50:25]
shell stdout: 
[INFO -- 2017-03-26 07:50:25]
shell stdout: 
[INFO -- 2017-03-26 07:50:26]
shell stdout: 
[INFO -- 2017-03-26 07:50:26]
shell stdout: 
[INFO -- 2017-03-26 07:50:26]
shell stdout: 
[INFO -- 2017-03-26 07:50:27]
shell stdout: 
[INFO -- 2017-03-26 07:50:27]
shell stdout: 
[INFO -- 2017-03-26 07:50:27]
shell stdout: 
[INFO -- 2017-03-26 07:50:27]
shell stdout: 
[INFO -- 2017-03-26 07:50:27]
shell stdout: 
[INFO -- 2017-03-26 07:50:27]
shell stdout: 
[INFO -- 2017-03-26 07:50:28]
shell stdout: 
[INFO -- 2017-03-26 07:50:28]
shell stdout: 
[INFO -- 2017-03-26 07:50:28]
shell stdout: 
[INFO -- 2017-03-26 07:50:28]
shell stdout: 
[INFO -- 2017-03-26 07:50:28]
shell stdout: 
[INFO -- 2017-03-26 07:50:28]
shell stdout: 
[INFO -- 2017-03-26 07:50:29]
shell stdout: 
[INFO -- 2017-03-26 07:50:29]
shell stdout: 
[INFO -- 2017-03-26 07:50:29]
shell stdout: 
[INFO -- 2017-03-26 07:50:29]
shell stdout: 
[INFO -- 2017-03-26 07:50:29]
shell stdout: 
[INFO -- 2017-03-26 07:50:29]
shell stdout: 
[INFO -- 2017-03-26 07:50:30]
shell stdout: 
[INFO -- 2017-03-26 07:50:30]
shell stdout: 
[INFO -- 2017-03-26 07:50:30]
shell stdout: 
[INFO -- 2017-03-26 07:50:30]
shell stdout: 
[INFO -- 2017-03-26 07:50:30]
shell stdout: 
[INFO -- 2017-03-26 07:50:30]
shell stdout: 
[INFO -- 2017-03-26 07:50:30]
shell stdout: 
[INFO -- 2017-03-26 07:50:30]
shell stdout: 
[INFO -- 2017-03-26 07:50:30]
shell stdout: 
[INFO -- 2017-03-26 07:50:31]
shell stdout: 
[INFO -- 2017-03-26 07:50:31]
shell stdout: 
[INFO -- 2017-03-26 07:50:31]
shell stdout: 
[INFO -- 2017-03-26 07:50:31]
shell stdout: 
[INFO -- 2017-03-26 07:50:31]
shell stdout: 
[INFO -- 2017-03-26 07:50:31]
shell stdout: 
[INFO -- 2017-03-26 07:50:32]
shell stdout: 
[INFO -- 2017-03-26 07:50:32]
shell stdout: 
[INFO -- 2017-03-26 07:50:32]
shell stdout: 
[INFO -- 2017-03-26 07:50:32]
shell stdout: 
[INFO -- 2017-03-26 07:50:32]
shell stdout: 
[INFO -- 2017-03-26 07:50:32]
shell stdout: 
[INFO -- 2017-03-26 07:50:33]
shell stdout: 
[INFO -- 2017-03-26 07:50:33]
shell stdout: 
[INFO -- 2017-03-26 07:50:33]
shell stdout: 
[INFO -- 2017-03-26 07:50:33]
shell stdout: 
[INFO -- 2017-03-26 07:50:33]
shell stdout: 
[INFO -- 2017-03-26 07:50:33]
shell stdout: 
[INFO -- 2017-03-26 07:50:33]
shell stdout: 
[INFO -- 2017-03-26 07:50:34]
shell stdout: 
[INFO -- 2017-03-26 07:50:34]
shell stdout: 
[INFO -- 2017-03-26 07:50:34]
shell stdout: 
[INFO -- 2017-03-26 07:50:34]
shell stdout: 
[INFO -- 2017-03-26 07:50:38]
no gdbExecName running, out:
[INFO -- 2017-03-26 07:50:38]
checCmd:ps -e | grep -i gdb-mic
[INFO -- 2017-03-26 07:50:38]
finished now-timestampStart < maxWaitTime*5
[INFO -- 2017-03-26 07:50:38]
now: 1490529037
[INFO -- 2017-03-26 07:50:38]
timestampStart: 1490529015
[INFO -- 2017-03-26 07:50:38]
kill cmd: killall -9 gdb-mic
[INFO -- 2017-03-26 07:50:38]
shell stdout: 
[INFO -- 2017-03-26 07:50:38]
kill cmd: ssh -T mic0 killall -9 lavamd_check
[INFO -- 2017-03-26 07:50:38]
shell stdout: 
[INFO -- 2017-03-26 07:50:38]
kill cmd: ssh -T mic0 killall -9 gdbserver
[INFO -- 2017-03-26 07:50:38]
shell stdout: 
[INFO -- 2017-03-26 07:50:39]
kill cmd: ssh -T mic0 killall -9 sshd
[INFO -- 2017-03-26 07:50:39]
shell stdout: 
