2016-10-30 09:40:05:Starting GDB script
2016-10-30 09:40:07:sending signal using command: 'ssh -T mic0 killall -2 needle_check' after 1.78103910786s
2016-10-30 09:40:07:shell stdout: 
2016-10-30 09:40:09:sending signal using command: 'ssh -T mic0 killall -2 needle_check' after 2.94037037287s
2016-10-30 09:40:09:shell stdout: 
2016-10-30 09:40:09:sending signal using command: 'ssh -T mic0 killall -2 needle_check' after 3.23327623013s
2016-10-30 09:40:09:shell stdout: 
2016-10-30 09:40:10:sending signal using command: 'ssh -T mic0 killall -2 needle_check' after 3.84558472739s
2016-10-30 09:40:10:shell stdout: 
2016-10-30 09:40:11:sending signal using command: 'ssh -T mic0 killall -2 needle_check' after 5.28760720868s
2016-10-30 09:40:11:shell stdout: 
2016-10-30 09:40:15:sending signal using command: 'ssh -T mic0 killall -2 needle_check' after 9.33312616298s
2016-10-30 09:40:15:shell stdout: 
2016-10-30 09:40:16:sending signal using command: 'ssh -T mic0 killall -2 needle_check' after 10.364146345s
2016-10-30 09:40:16:shell stdout: 
2016-10-30 09:40:19:sending signal using command: 'ssh -T mic0 killall -2 needle_check' after 13.2995667946s
2016-10-30 09:40:19:shell stdout: 
2016-10-30 09:40:19:sending signal using command: 'ssh -T mic0 killall -2 needle_check' after 13.4821072864s
2016-10-30 09:40:19:shell stdout: 
2016-10-30 09:40:21:sending signal using command: 'ssh -T mic0 killall -2 needle_check' after 15.8774941681s
2016-10-30 09:40:21:shell stdout: 
2016-10-30 09:40:38:no gdbExecName running, out:
2016-10-30 09:40:38:checCmd:ps -e | grep -i gdb-mic
2016-10-30 09:40:38:finished now-timestampStart < maxWaitTime*5
2016-10-30 09:40:38:now: 1477834837
2016-10-30 09:40:38:timestampStart: 1477834805
2016-10-30 09:40:38:kill cmd: killall -9 gdb-mic
2016-10-30 09:40:38:shell stdout: 
2016-10-30 09:40:38:kill cmd: ssh -T mic0 killall -9 needle_check
2016-10-30 09:40:38:shell stdout: 
2016-10-30 09:40:38:kill cmd: ssh -T mic0 killall -9 gdbserver
2016-10-30 09:40:38:shell stdout: 
2016-10-30 09:40:39:kill cmd: ssh -T mic0 killall -9 sshd
2016-10-30 09:40:39:shell stdout: 
