2016-10-30 13:20:14:Starting GDB script
2016-10-30 13:20:15:sending signal using command: 'ssh -T mic0 killall -2 needle_check' after 1.00935426537s
2016-10-30 13:20:15:shell stdout: 
2016-10-30 13:20:16:sending signal using command: 'ssh -T mic0 killall -2 needle_check' after 1.8464077754s
2016-10-30 13:20:16:shell stdout: 
2016-10-30 13:20:17:sending signal using command: 'ssh -T mic0 killall -2 needle_check' after 2.29478606454s
2016-10-30 13:20:17:shell stdout: 
2016-10-30 13:20:23:sending signal using command: 'ssh -T mic0 killall -2 needle_check' after 8.65088887497s
2016-10-30 13:20:23:shell stdout: 
2016-10-30 13:20:24:sending signal using command: 'ssh -T mic0 killall -2 needle_check' after 9.04374978188s
2016-10-30 13:20:24:shell stdout: 
2016-10-30 13:20:25:sending signal using command: 'ssh -T mic0 killall -2 needle_check' after 10.7773996029s
2016-10-30 13:20:25:shell stdout: 
2016-10-30 13:20:28:sending signal using command: 'ssh -T mic0 killall -2 needle_check' after 13.3239089858s
2016-10-30 13:20:28:shell stdout: 
2016-10-30 13:20:30:sending signal using command: 'ssh -T mic0 killall -2 needle_check' after 15.7814572298s
2016-10-30 13:20:30:shell stdout: 
2016-10-30 13:20:31:sending signal using command: 'ssh -T mic0 killall -2 needle_check' after 16.3596932929s
2016-10-30 13:20:31:shell stdout: 
2016-10-30 13:20:31:sending signal using command: 'ssh -T mic0 killall -2 needle_check' after 16.7138423682s
2016-10-30 13:20:31:shell stdout: 
2016-10-30 13:20:35:no gdbExecName running, out:
2016-10-30 13:20:35:checCmd:ps -e | grep -i gdb-mic
2016-10-30 13:20:35:finished now-timestampStart < maxWaitTime*5
2016-10-30 13:20:35:now: 1477848034
2016-10-30 13:20:35:timestampStart: 1477848014
2016-10-30 13:20:35:kill cmd: killall -9 gdb-mic
2016-10-30 13:20:35:shell stdout: 
2016-10-30 13:20:36:kill cmd: ssh -T mic0 killall -9 needle_check
2016-10-30 13:20:36:shell stdout: 
2016-10-30 13:20:36:kill cmd: ssh -T mic0 killall -9 gdbserver
2016-10-30 13:20:36:shell stdout: 
2016-10-30 13:20:37:kill cmd: ssh -T mic0 killall -9 sshd
2016-10-30 13:20:37:shell stdout: 
