2016-11-01 12:54:45:Starting GDB script
2016-11-01 12:54:46:sending signal using command: 'ssh -T mic0 killall -2 lud_check' after 0.0726457077055s
2016-11-01 12:54:46:shell stdout: 
2016-11-01 12:54:46:sending signal using command: 'ssh -T mic0 killall -2 lud_check' after 0.55775935823s
2016-11-01 12:54:46:shell stdout: 
2016-11-01 12:54:47:sending signal using command: 'ssh -T mic0 killall -2 lud_check' after 1.1458115837s
2016-11-01 12:54:47:shell stdout: 
2016-11-01 12:54:47:sending signal using command: 'ssh -T mic0 killall -2 lud_check' after 1.51514014115s
2016-11-01 12:54:47:shell stdout: 
2016-11-01 12:54:50:sending signal using command: 'ssh -T mic0 killall -2 lud_check' after 4.08990508845s
2016-11-01 12:54:50:shell stdout: 
2016-11-01 12:54:52:sending signal using command: 'ssh -T mic0 killall -2 lud_check' after 5.73820315647s
2016-11-01 12:54:52:shell stdout: 
2016-11-01 12:54:52:sending signal using command: 'ssh -T mic0 killall -2 lud_check' after 5.74916140324s
2016-11-01 12:54:52:shell stdout: 
2016-11-01 12:54:52:sending signal using command: 'ssh -T mic0 killall -2 lud_check' after 5.89414235609s
2016-11-01 12:54:52:shell stdout: 
2016-11-01 12:54:52:sending signal using command: 'ssh -T mic0 killall -2 lud_check' after 6.17518199408s
2016-11-01 12:54:52:shell stdout: 
2016-11-01 12:54:54:sending signal using command: 'ssh -T mic0 killall -2 lud_check' after 7.92032197251s
2016-11-01 12:54:54:shell stdout: 
2016-11-01 12:54:54:no gdbExecName running, out:
2016-11-01 12:54:54:checCmd:ps -e | grep -i gdb-mic
2016-11-01 12:54:54:finished now-timestampStart < maxWaitTime*5
2016-11-01 12:54:54:now: 1478019294
2016-11-01 12:54:54:timestampStart: 1478019285
2016-11-01 12:54:54:kill cmd: killall -9 gdb-mic
2016-11-01 12:54:54:shell stdout: 
2016-11-01 12:54:54:kill cmd: ssh -T mic0 killall -9 lud_check
2016-11-01 12:54:54:shell stdout: 
2016-11-01 12:54:55:kill cmd: ssh -T mic0 killall -9 gdbserver
2016-11-01 12:54:55:shell stdout: 
2016-11-01 12:54:55:kill cmd: ssh -T mic0 killall -9 sshd
2016-11-01 12:54:55:shell stdout: 
