2016-10-31 07:54:25:Starting GDB script
2016-10-31 07:54:26:sending signal using command: 'ssh -T mic0 killall -2 hotspot_check' after 1.26989672246s
2016-10-31 07:54:26:shell stdout: 
2016-10-31 07:54:28:sending signal using command: 'ssh -T mic0 killall -2 hotspot_check' after 2.53785145355s
2016-10-31 07:54:28:shell stdout: 
2016-10-31 07:54:29:sending signal using command: 'ssh -T mic0 killall -2 hotspot_check' after 3.63018634849s
2016-10-31 07:54:29:shell stdout: 
2016-10-31 07:54:31:sending signal using command: 'ssh -T mic0 killall -2 hotspot_check' after 5.57806466137s
2016-10-31 07:54:31:shell stdout: 
2016-10-31 07:54:31:sending signal using command: 'ssh -T mic0 killall -2 hotspot_check' after 6.16376468441s
2016-10-31 07:54:31:shell stdout: 
2016-10-31 07:54:32:sending signal using command: 'ssh -T mic0 killall -2 hotspot_check' after 6.97199407889s
2016-10-31 07:54:32:shell stdout: 
2016-10-31 07:54:33:sending signal using command: 'ssh -T mic0 killall -2 hotspot_check' after 8.20684127688s
2016-10-31 07:54:33:shell stdout: 
2016-10-31 07:54:34:sending signal using command: 'ssh -T mic0 killall -2 hotspot_check' after 8.49106770613s
2016-10-31 07:54:34:shell stdout: 
2016-10-31 07:54:34:sending signal using command: 'ssh -T mic0 killall -2 hotspot_check' after 8.74962178372s
2016-10-31 07:54:34:shell stdout: 
2016-10-31 07:54:37:sending signal using command: 'ssh -T mic0 killall -2 hotspot_check' after 11.3373241998s
2016-10-31 07:54:37:shell stdout: 
2016-10-31 07:54:39:no gdbExecName running, out:
2016-10-31 07:54:39:checCmd:ps -e | grep -i gdb-mic
2016-10-31 07:54:39:finished now-timestampStart < maxWaitTime*5
2016-10-31 07:54:39:now: 1477914878
2016-10-31 07:54:39:timestampStart: 1477914865
2016-10-31 07:54:39:kill cmd: killall -9 gdb-mic
2016-10-31 07:54:39:shell stdout: 
2016-10-31 07:54:39:kill cmd: ssh -T mic0 killall -9 hotspot_check
2016-10-31 07:54:39:shell stdout: 
2016-10-31 07:54:40:kill cmd: ssh -T mic0 killall -9 gdbserver
2016-10-31 07:54:40:shell stdout: 
