2016-10-18 16:10:08:Starting GDB script
2016-10-18 16:10:10:sending signal using command: 'ssh -T mic0 killall -2 needle_check' after 1.9507587188s
2016-10-18 16:10:10:shell stdout: 
2016-10-18 16:10:11:sending signal using command: 'ssh -T mic0 killall -2 needle_check' after 2.62057550649s
2016-10-18 16:10:11:shell stdout: 
2016-10-18 16:10:11:sending signal using command: 'ssh -T mic0 killall -2 needle_check' after 3.01568877745s
2016-10-18 16:10:11:shell stdout: 
2016-10-18 16:10:13:sending signal using command: 'ssh -T mic0 killall -2 needle_check' after 4.6693915115s
2016-10-18 16:10:13:shell stdout: 
2016-10-18 16:10:13:sending signal using command: 'ssh -T mic0 killall -2 needle_check' after 4.97774134455s
2016-10-18 16:10:13:shell stdout: 
2016-10-18 16:10:17:sending signal using command: 'ssh -T mic0 killall -2 needle_check' after 8.38454070462s
2016-10-18 16:10:17:shell stdout: 
2016-10-18 16:10:23:sending signal using command: 'ssh -T mic0 killall -2 needle_check' after 11.7907398876s
2016-10-18 16:10:23:shell stdout: 
2016-10-18 16:10:23:sending signal using command: 'ssh -T mic0 killall -2 needle_check' after 14.502387698s
2016-10-18 16:10:23:shell stdout: 
2016-10-18 16:10:25:sending signal using command: 'ssh -T mic0 killall -2 needle_check' after 16.1958416491s
2016-10-18 16:10:25:shell stdout: 
2016-10-18 16:10:25:sending signal using command: 'ssh -T mic0 killall -2 needle_check' after 16.5780626347s
2016-10-18 16:10:25:shell stdout: 
2016-10-18 16:10:30:no gdbExecName running, out:
2016-10-18 16:10:30:checCmd:ps -e | grep -i gdb-mic
2016-10-18 16:10:30:finished now-timestampStart < maxWaitTime*5
2016-10-18 16:10:30:now: 1476821429
2016-10-18 16:10:30:timestampStart: 1476821408
2016-10-18 16:10:30:kill cmd: killall -9 gdb-mic
2016-10-18 16:10:30:shell stdout: 
2016-10-18 16:10:31:kill cmd: ssh -T mic0 killall -9 needle_check
2016-10-18 16:10:31:shell stdout: 
2016-10-18 16:10:31:kill cmd: ssh -T mic0 killall -9 gdbserver
2016-10-18 16:10:31:shell stdout: 
2016-10-18 16:10:32:kill cmd: ssh -T mic0 killall -9 sshd
2016-10-18 16:10:32:shell stdout: 
