2017-01-26 05:22:41:shell stdout: 
2017-01-26 05:22:41:shell stdout: 
2017-01-26 05:22:41:shell stdout: 
2017-01-26 05:22:41:shell stdout: 
2017-01-26 05:22:41:shell stdout: 
2017-01-26 05:22:42:shell stdout: 
2017-01-26 05:22:42:shell stdout: 
2017-01-26 05:22:42:shell stdout: 
2017-01-26 05:22:42:shell stdout: 
2017-01-26 05:22:42:shell stdout: 
2017-01-26 05:22:42:shell stdout: 
2017-01-26 05:22:42:shell stdout: 
2017-01-26 05:22:43:shell stdout: 
2017-01-26 05:22:43:shell stdout: 
2017-01-26 05:22:43:shell stdout: 
2017-01-26 05:22:43:shell stdout: 
2017-01-26 05:22:43:shell stdout: 
2017-01-26 05:22:43:shell stdout: 
2017-01-26 05:22:43:shell stdout: 
2017-01-26 05:22:43:shell stdout: 
2017-01-26 05:22:44:shell stdout: 
2017-01-26 05:22:44:shell stdout: 
2017-01-26 05:22:44:shell stdout: 
2017-01-26 05:22:44:shell stdout: 
2017-01-26 05:22:44:shell stdout: 
2017-01-26 05:22:44:shell stdout: 
2017-01-26 05:22:44:shell stdout: 
2017-01-26 05:22:45:shell stdout: 
2017-01-26 05:22:45:shell stdout: 
2017-01-26 05:22:45:shell stdout: 
2017-01-26 05:22:45:shell stdout: 
2017-01-26 05:22:45:shell stdout: 
2017-01-26 05:22:45:shell stdout: 
2017-01-26 05:22:45:shell stdout: 
2017-01-26 05:22:45:shell stdout: 
2017-01-26 05:22:46:shell stdout: 
2017-01-26 05:22:46:shell stdout: 
2017-01-26 05:22:46:shell stdout: 
2017-01-26 05:22:46:shell stdout: 
2017-01-26 05:22:46:shell stdout: 
2017-01-26 05:22:46:shell stdout: 
2017-01-26 05:22:46:shell stdout: 
2017-01-26 05:22:47:shell stdout: 
2017-01-26 05:22:47:shell stdout: 
2017-01-26 05:22:47:shell stdout: 
2017-01-26 05:22:47:shell stdout: 
2017-01-26 05:22:47:shell stdout: 
2017-01-26 05:22:47:shell stdout: 
2017-01-26 05:22:47:shell stdout: 
2017-01-26 05:22:48:shell stdout: 
2017-01-26 05:22:48:Starting GDB script
2017-01-26 05:22:48:initSignal:6.0
2017-01-26 05:22:48:endSignal:8.0
2017-01-26 05:22:48:seqSignal:30
2017-01-26 05:22:54:sending 30 signals using command: 'ssh -T mic0 killall -2 lud_check' after 6.17844831872s
2017-01-26 05:22:54:shell stdout: 
2017-01-26 05:22:55:shell stdout: 
2017-01-26 05:22:55:sending 30 signals using command: 'ssh -T mic0 killall -2 lud_check' after 7.33668627009s
2017-01-26 05:22:55:shell stdout: 
2017-01-26 05:22:55:shell stdout: 
2017-01-26 05:22:56:sending 30 signals using command: 'ssh -T mic0 killall -2 lud_check' after 7.95513600485s
2017-01-26 05:22:56:shell stdout: 
2017-01-26 05:22:56:shell stdout: 
2017-01-26 05:22:56:shell stdout: 
2017-01-26 05:22:56:shell stdout: 
2017-01-26 05:22:56:shell stdout: 
2017-01-26 05:22:56:shell stdout: 
2017-01-26 05:22:56:shell stdout: 
2017-01-26 05:22:57:shell stdout: 
2017-01-26 05:22:57:shell stdout: 
2017-01-26 05:22:57:shell stdout: 
2017-01-26 05:22:57:shell stdout: 
2017-01-26 05:22:57:shell stdout: 
2017-01-26 05:22:57:shell stdout: 
2017-01-26 05:22:57:shell stdout: 
2017-01-26 05:22:58:shell stdout: 
2017-01-26 05:22:58:shell stdout: 
2017-01-26 05:22:58:shell stdout: 
2017-01-26 05:22:58:shell stdout: 
2017-01-26 05:22:58:shell stdout: 
2017-01-26 05:22:58:shell stdout: 
2017-01-26 05:22:58:shell stdout: 
2017-01-26 05:22:59:shell stdout: 
2017-01-26 05:22:59:shell stdout: 
2017-01-26 05:22:59:shell stdout: 
2017-01-26 05:22:59:shell stdout: 
2017-01-26 05:22:59:shell stdout: 
2017-01-26 05:22:59:shell stdout: 
2017-01-26 05:22:59:shell stdout: 
2017-01-26 05:22:59:shell stdout: 
2017-01-26 05:23:00:shell stdout: 
2017-01-26 05:23:00:shell stdout: 
2017-01-26 05:23:00:shell stdout: 
2017-01-26 05:23:00:shell stdout: 
2017-01-26 05:23:00:shell stdout: 
2017-01-26 05:23:00:shell stdout: 
2017-01-26 05:23:01:shell stdout: 
2017-01-26 05:23:01:shell stdout: 
2017-01-26 05:23:01:shell stdout: 
2017-01-26 05:23:01:shell stdout: 
2017-01-26 05:23:01:shell stdout: 
2017-01-26 05:23:01:shell stdout: 
2017-01-26 05:23:02:shell stdout: 
2017-01-26 05:23:02:shell stdout: 
2017-01-26 05:23:02:shell stdout: 
2017-01-26 05:23:02:shell stdout: 
2017-01-26 05:23:02:shell stdout: 
2017-01-26 05:23:02:shell stdout: 
2017-01-26 05:23:02:shell stdout: 
2017-01-26 05:23:02:shell stdout: 
2017-01-26 05:23:03:shell stdout: 
2017-01-26 05:23:03:shell stdout: 
2017-01-26 05:23:03:shell stdout: 
2017-01-26 05:23:03:shell stdout: 
2017-01-26 05:23:03:shell stdout: 
2017-01-26 05:23:03:shell stdout: 
2017-01-26 05:23:03:shell stdout: 
2017-01-26 05:23:04:shell stdout: 
2017-01-26 05:23:04:shell stdout: 
2017-01-26 05:23:04:shell stdout: 
2017-01-26 05:23:04:shell stdout: 
2017-01-26 05:23:04:shell stdout: 
2017-01-26 05:23:04:shell stdout: 
2017-01-26 05:23:05:shell stdout: 
2017-01-26 05:23:05:shell stdout: 
2017-01-26 05:23:05:shell stdout: 
2017-01-26 05:23:05:shell stdout: 
2017-01-26 05:23:05:shell stdout: 
2017-01-26 05:23:05:shell stdout: 
2017-01-26 05:23:05:shell stdout: 
2017-01-26 05:23:05:shell stdout: 
2017-01-26 05:23:06:shell stdout: 
2017-01-26 05:23:06:shell stdout: 
2017-01-26 05:23:06:shell stdout: 
2017-01-26 05:23:06:shell stdout: 
2017-01-26 05:23:06:shell stdout: 
2017-01-26 05:23:06:shell stdout: 
2017-01-26 05:23:06:shell stdout: 
2017-01-26 05:23:07:shell stdout: 
2017-01-26 05:23:07:shell stdout: 
2017-01-26 05:23:07:shell stdout: 
2017-01-26 05:23:07:shell stdout: 
2017-01-26 05:23:07:shell stdout: 
2017-01-26 05:23:08:shell stdout: 
2017-01-26 05:23:08:shell stdout: 
2017-01-26 05:23:08:shell stdout: 
2017-01-26 05:23:08:no gdbExecName running, out:
2017-01-26 05:23:08:checCmd:ps -e | grep -i gdb-mic
2017-01-26 05:23:08:finished now-timestampStart < maxWaitTime*5
2017-01-26 05:23:08:now: 1485426187
2017-01-26 05:23:08:timestampStart: 1485426168
2017-01-26 05:23:08:kill cmd: killall -9 gdb-mic
2017-01-26 05:23:08:shell stdout: 
2017-01-26 05:23:08:shell stdout: 
2017-01-26 05:23:09:kill cmd: ssh -T mic0 killall -9 lud_check
2017-01-26 05:23:09:shell stdout: 
2017-01-26 05:23:09:kill cmd: ssh -T mic0 killall -9 gdbserver
2017-01-26 05:23:09:shell stdout: 
2017-01-26 05:23:09:kill cmd: ssh -T mic0 killall -9 sshd
2017-01-26 05:23:09:shell stdout: 
