[INFO -- 2017-03-04 06:48:45]
Starting GDB script
[INFO -- 2017-03-04 06:48:45]
initSignal:14.0
[INFO -- 2017-03-04 06:48:45]
endSignal:21.0
[INFO -- 2017-03-04 06:48:45]
seqSignal:15
[INFO -- 2017-03-04 06:49:01]
sending 15 signals using command: 'ssh -T mic1 killall -2 dgemm_check' after 16.1715837507s
[INFO -- 2017-03-04 06:49:02]
sending 15 signals using command: 'ssh -T mic1 killall -2 dgemm_check' after 16.7057329811s
[INFO -- 2017-03-04 06:49:02]
shell stdout: 
[INFO -- 2017-03-04 06:49:02]
shell stdout: 
[INFO -- 2017-03-04 06:49:03]
shell stdout: 
[INFO -- 2017-03-04 06:49:03]
sending 15 signals using command: 'ssh -T mic1 killall -2 dgemm_check' after 17.6820865157s
[INFO -- 2017-03-04 06:49:03]
shell stdout: 
[INFO -- 2017-03-04 06:49:03]
shell stdout: 
[INFO -- 2017-03-04 06:49:03]
shell stdout: 
[INFO -- 2017-03-04 06:49:04]
shell stdout: 
[INFO -- 2017-03-04 06:49:04]
shell stdout: 
[INFO -- 2017-03-04 06:49:04]
shell stdout: 
[INFO -- 2017-03-04 06:49:04]
shell stdout: 
[INFO -- 2017-03-04 06:49:04]
shell stdout: 
[INFO -- 2017-03-04 06:49:04]
shell stdout: 
[INFO -- 2017-03-04 06:49:05]
shell stdout: 
[INFO -- 2017-03-04 06:49:05]
shell stdout: 
[INFO -- 2017-03-04 06:49:05]
shell stdout: 
[INFO -- 2017-03-04 06:49:05]
shell stdout: 
[INFO -- 2017-03-04 06:49:05]
shell stdout: 
[INFO -- 2017-03-04 06:49:06]
shell stdout: 
[INFO -- 2017-03-04 06:49:06]
shell stdout: 
[INFO -- 2017-03-04 06:49:06]
shell stdout: 
[INFO -- 2017-03-04 06:49:06]
shell stdout: 
[INFO -- 2017-03-04 06:49:06]
shell stdout: 
[INFO -- 2017-03-04 06:49:07]
shell stdout: 
[INFO -- 2017-03-04 06:49:07]
shell stdout: 
[INFO -- 2017-03-04 06:49:07]
shell stdout: 
[INFO -- 2017-03-04 06:49:07]
shell stdout: 
[INFO -- 2017-03-04 06:49:07]
shell stdout: 
[INFO -- 2017-03-04 06:49:08]
shell stdout: 
[INFO -- 2017-03-04 06:49:08]
shell stdout: 
[INFO -- 2017-03-04 06:49:08]
shell stdout: 
[INFO -- 2017-03-04 06:49:08]
shell stdout: 
[INFO -- 2017-03-04 06:49:08]
shell stdout: 
[INFO -- 2017-03-04 06:49:09]
shell stdout: 
[INFO -- 2017-03-04 06:49:09]
shell stdout: 
[INFO -- 2017-03-04 06:49:09]
shell stdout: 
[INFO -- 2017-03-04 06:49:09]
shell stdout: 
[INFO -- 2017-03-04 06:49:09]
shell stdout: 
[INFO -- 2017-03-04 06:49:10]
shell stdout: 
[INFO -- 2017-03-04 06:49:10]
shell stdout: 
[INFO -- 2017-03-04 06:49:10]
shell stdout: 
[INFO -- 2017-03-04 06:49:10]
shell stdout: 
[INFO -- 2017-03-04 06:49:10]
shell stdout: 
[INFO -- 2017-03-04 06:49:11]
shell stdout: 
[INFO -- 2017-03-04 06:49:11]
shell stdout: 
[INFO -- 2017-03-04 06:49:11]
shell stdout: 
[INFO -- 2017-03-04 06:49:56]
no gdbExecName running, out:
[INFO -- 2017-03-04 06:49:56]
checCmd:ps -e | grep -i gdb-mic
[INFO -- 2017-03-04 06:49:56]
finished now-timestampStart < maxWaitTime*5
[INFO -- 2017-03-04 06:49:56]
now: 1488628187
[INFO -- 2017-03-04 06:49:56]
timestampStart: 1488628125
[INFO -- 2017-03-04 06:49:56]
kill cmd: killall -9 gdb-mic
[INFO -- 2017-03-04 06:49:56]
shell stdout: 
[INFO -- 2017-03-04 06:49:56]
kill cmd: ssh -T mic1 killall -9 dgemm_check
[INFO -- 2017-03-04 06:49:56]
shell stdout: 
[INFO -- 2017-03-04 06:49:57]
kill cmd: ssh -T mic1 killall -9 gdbserver
[INFO -- 2017-03-04 06:49:57]
shell stdout: 
[INFO -- 2017-03-04 06:49:57]
kill cmd: ssh -T mic1 killall -9 sshd
[INFO -- 2017-03-04 06:49:57]
shell stdout: 
