2016-10-14 18:37:44:Initialization strings:
2016-10-14 18:37:44:(1) target extended-remote | ssh -T mic0 gdbserver --multi -
2016-10-14 18:37:44:(2) set sysroot /opt/mpss/3.7/sysroots/k1om-mpss-linux/
2016-10-14 18:37:44:(3) set sysroot /opt/mpss/3.7/sysroots/k1om-mpss-linux/
2016-10-14 18:37:44:(4) file /micNfs/gdb-fault-injection-lavamd/bin/lavamd
2016-10-14 18:37:44:(5) set remote exec-file /micNfs/gdb-fault-injection-lavamd/bin/lavamd
2016-10-14 18:37:44:(6) set args 228 15 /micNfs/gdb-fault-injection-lavamd/bin/input_distance_228_15 /micNfs/gdb-fault-injection-lavamd/bin/input_charges_228_15 /micNfs/gdb-fault-injection-lavamd/bin/output_gold_228_15 1
2016-10-14 18:37:45:Trying Fault Injection
2016-10-14 18:37:45:Inferior PID: 4521
2016-10-14 18:37:45:Inferior is valid: True
2016-10-14 18:37:45:Inferior #threads: 1
2016-10-14 18:37:45:Backtrace BEGIN:
2016-10-14 18:37:45:#0  0x00007ffff71505d6 in __GI_memcpy (dstpp=dstpp@entry=0x7ffff4c9a4c8, srcpp=<optimized out>, len=<optimized out>, len@entry=8) at ../string/memcpy.c:59
#1  0x00007ffff714296b in __GI__IO_file_xsgetn (fp=0x60e1c0, data=<optimized out>, n=8) at fileops.c:1371
#2  0x00007ffff7138929 in __GI__IO_fread (buf=<optimized out>, size=1, count=8, fp=0x60e1c0) at iofread.c:42
#3  0x0000000000402670 in main (argc=7, argv=0x7fffffffec08) at main_check.c:182

2016-10-14 18:37:45:54	in ../string/memcpy.c

2016-10-14 18:37:45:Backtrace END
2016-10-14 18:37:45:Thread name: None
2016-10-14 18:37:45:Thread num: 1
2016-10-14 18:37:45:Thread ptid: (4521, 4521, 0)
2016-10-14 18:37:45:bitFlip function
2016-10-14 18:37:45:Type: The type is an integer type.
2016-10-14 18:37:45:Type sizeof: 4
2016-10-14 18:37:45:Mem contents(hex):0x010x000x000x00
2016-10-14 18:37:45:base address to flip value: 0x60ca20 
2016-10-14 18:37:45:address max offset: 4
2016-10-14 18:37:45:Memory content before bitflip:0x010x000x000x00
2016-10-14 18:37:45:Memory content after  bitflip:0x010x000x000x80
2016-10-14 18:37:45:Mem contents(hex):0x010x000x000x80
2016-10-14 18:37:45:frame name: main
2016-10-14 18:37:45:symbol name: iteractions
2016-10-14 18:37:45:symbol filename: main_check.c
2016-10-14 18:37:45:symbol line: 41
2016-10-14 18:37:45:value: -2147483647
2016-10-14 18:37:45:value address: 0x60ca20 <iteractions>
2016-10-14 18:37:45:Type: The type is an integer type.
2016-10-14 18:37:45:Type sizeof: 4
2016-10-14 18:37:45:Fault Injection Successful after 1.51289010048s
2016-10-14 18:37:45:event type: exit
2016-10-14 18:37:45:exit code: 0
