2016-10-29 22:22:05:Starting GDB script
2016-10-29 22:22:06:sending signal using command: 'ssh -T mic0 killall -2 lud_check' after 0.654154579751s
2016-10-29 22:22:06:shell stdout: 
2016-10-29 22:22:06:sending signal using command: 'ssh -T mic0 killall -2 lud_check' after 1.13759940429s
2016-10-29 22:22:06:shell stdout: 
2016-10-29 22:22:07:sending signal using command: 'ssh -T mic0 killall -2 lud_check' after 1.69623240642s
2016-10-29 22:22:07:shell stdout: 
2016-10-29 22:22:07:sending signal using command: 'ssh -T mic0 killall -2 lud_check' after 1.87992172053s
2016-10-29 22:22:07:shell stdout: 
2016-10-29 22:22:07:sending signal using command: 'ssh -T mic0 killall -2 lud_check' after 2.17336352034s
2016-10-29 22:22:07:shell stdout: 
2016-10-29 22:22:07:sending signal using command: 'ssh -T mic0 killall -2 lud_check' after 2.26432103566s
2016-10-29 22:22:07:shell stdout: 
2016-10-29 22:22:08:sending signal using command: 'ssh -T mic0 killall -2 lud_check' after 3.04567693654s
2016-10-29 22:22:08:shell stdout: 
2016-10-29 22:22:09:sending signal using command: 'ssh -T mic0 killall -2 lud_check' after 4.01547591008s
2016-10-29 22:22:09:shell stdout: 
2016-10-29 22:22:11:sending signal using command: 'ssh -T mic0 killall -2 lud_check' after 5.75410579882s
2016-10-29 22:22:11:shell stdout: 
2016-10-29 22:22:11:no gdbExecName running, out:
2016-10-29 22:22:11:checCmd:ps -e | grep -i gdb-mic
2016-10-29 22:22:11:finished now-timestampStart < maxWaitTime*5
2016-10-29 22:22:11:now: 1477794131
2016-10-29 22:22:11:timestampStart: 1477794125
2016-10-29 22:22:11:kill cmd: killall -9 gdb-mic
2016-10-29 22:22:11:shell stdout: 
2016-10-29 22:22:12:kill cmd: ssh -T mic0 killall -9 lud_check
2016-10-29 22:22:12:shell stdout: 
2016-10-29 22:22:12:sending signal using command: 'ssh -T mic0 killall -2 lud_check' after 6.70154898217s
2016-10-29 22:22:12:shell stdout: 
2016-10-29 22:22:12:kill cmd: ssh -T mic0 killall -9 gdbserver
2016-10-29 22:22:12:shell stdout: 
2016-10-29 22:22:12:kill cmd: ssh -T mic0 killall -9 sshd
2016-10-29 22:22:12:shell stdout: 
