2016-10-27 04:37:04:Starting GDB script
2016-10-27 04:37:06:sending signal using command: 'ssh -T mic0 killall -2 needle_check' after 1.34481615895s
2016-10-27 04:37:06:shell stdout: 
2016-10-27 04:37:06:sending signal using command: 'ssh -T mic0 killall -2 needle_check' after 1.67406369881s
2016-10-27 04:37:06:shell stdout: 
2016-10-27 04:37:09:sending signal using command: 'ssh -T mic0 killall -2 needle_check' after 4.52943150578s
2016-10-27 04:37:09:shell stdout: 
2016-10-27 04:37:09:sending signal using command: 'ssh -T mic0 killall -2 needle_check' after 4.57141013357s
2016-10-27 04:37:09:shell stdout: 
2016-10-27 04:37:09:sending signal using command: 'ssh -T mic0 killall -2 needle_check' after 4.57061104405s
2016-10-27 04:37:09:shell stdout: 
2016-10-27 04:37:10:sending signal using command: 'ssh -T mic0 killall -2 needle_check' after 5.59292114156s
2016-10-27 04:37:10:shell stdout: 
2016-10-27 04:37:11:sending signal using command: 'ssh -T mic0 killall -2 needle_check' after 6.80959668011s
2016-10-27 04:37:11:shell stdout: 
2016-10-27 04:37:13:sending signal using command: 'ssh -T mic0 killall -2 needle_check' after 8.74022262499s
2016-10-27 04:37:13:shell stdout: 
2016-10-27 04:37:19:sending signal using command: 'ssh -T mic0 killall -2 needle_check' after 14.6511942571s
2016-10-27 04:37:19:shell stdout: 
2016-10-27 04:37:19:sending signal using command: 'ssh -T mic0 killall -2 needle_check' after 15.3441634691s
2016-10-27 04:37:19:shell stdout: 
2016-10-27 04:37:30:no gdbExecName running, out:
2016-10-27 04:37:30:checCmd:ps -e | grep -i gdb-mic
2016-10-27 04:37:30:finished now-timestampStart < maxWaitTime*5
2016-10-27 04:37:30:now: 1477557449
2016-10-27 04:37:30:timestampStart: 1477557424
2016-10-27 04:37:30:kill cmd: killall -9 gdb-mic
2016-10-27 04:37:30:shell stdout: 
2016-10-27 04:37:30:kill cmd: ssh -T mic0 killall -9 needle_check
2016-10-27 04:37:30:shell stdout: 
2016-10-27 04:37:31:kill cmd: ssh -T mic0 killall -9 gdbserver
2016-10-27 04:37:31:shell stdout: 
2016-10-27 04:37:31:kill cmd: ssh -T mic0 killall -9 sshd
2016-10-27 04:37:31:shell stdout: 
