[INFO -- 2017-02-25 02:10:38]
Starting GDB script
[INFO -- 2017-02-25 02:10:38]
initSignal:3.0
[INFO -- 2017-02-25 02:10:38]
endSignal:6.0
[INFO -- 2017-02-25 02:10:38]
seqSignal:15
[INFO -- 2017-02-25 02:10:43]
sending 15 signals using command: 'ssh -T mic0 killall -2 hotspot_check' after 4.46833564934s
[INFO -- 2017-02-25 02:10:43]
shell stdout: 
[INFO -- 2017-02-25 02:10:44]
shell stdout: 
[INFO -- 2017-02-25 02:10:44]
sending 15 signals using command: 'ssh -T mic0 killall -2 hotspot_check' after 5.25056569147s
[INFO -- 2017-02-25 02:10:44]
sending 15 signals using command: 'ssh -T mic0 killall -2 hotspot_check' after 5.35680156916s
[INFO -- 2017-02-25 02:10:44]
shell stdout: 
[INFO -- 2017-02-25 02:10:44]
shell stdout: 
[INFO -- 2017-02-25 02:10:44]
shell stdout: 
[INFO -- 2017-02-25 02:10:44]
shell stdout: 
[INFO -- 2017-02-25 02:10:44]
shell stdout: 
[INFO -- 2017-02-25 02:10:44]
shell stdout: 
[INFO -- 2017-02-25 02:10:45]
shell stdout: 
[INFO -- 2017-02-25 02:10:45]
shell stdout: 
[INFO -- 2017-02-25 02:10:45]
shell stdout: 
[INFO -- 2017-02-25 02:10:45]
shell stdout: 
[INFO -- 2017-02-25 02:10:45]
shell stdout: 
[INFO -- 2017-02-25 02:10:45]
shell stdout: 
[INFO -- 2017-02-25 02:10:46]
shell stdout: 
[INFO -- 2017-02-25 02:10:46]
shell stdout: 
[INFO -- 2017-02-25 02:10:46]
shell stdout: 
[INFO -- 2017-02-25 02:10:46]
shell stdout: 
[INFO -- 2017-02-25 02:10:46]
shell stdout: 
[INFO -- 2017-02-25 02:10:46]
shell stdout: 
[INFO -- 2017-02-25 02:10:46]
shell stdout: 
[INFO -- 2017-02-25 02:10:47]
shell stdout: 
[INFO -- 2017-02-25 02:10:47]
shell stdout: 
[INFO -- 2017-02-25 02:10:47]
shell stdout: 
[INFO -- 2017-02-25 02:10:47]
shell stdout: 
[INFO -- 2017-02-25 02:10:47]
shell stdout: 
[INFO -- 2017-02-25 02:10:47]
shell stdout: 
[INFO -- 2017-02-25 02:10:47]
shell stdout: 
[INFO -- 2017-02-25 02:10:47]
shell stdout: 
[INFO -- 2017-02-25 02:10:48]
shell stdout: 
[INFO -- 2017-02-25 02:10:48]
shell stdout: 
[INFO -- 2017-02-25 02:10:48]
shell stdout: 
[INFO -- 2017-02-25 02:10:48]
shell stdout: 
[INFO -- 2017-02-25 02:10:48]
shell stdout: 
[INFO -- 2017-02-25 02:10:48]
shell stdout: 
[INFO -- 2017-02-25 02:10:49]
shell stdout: 
[INFO -- 2017-02-25 02:10:49]
shell stdout: 
[INFO -- 2017-02-25 02:10:49]
shell stdout: 
[INFO -- 2017-02-25 02:10:49]
shell stdout: 
[INFO -- 2017-02-25 02:10:49]
shell stdout: 
[INFO -- 2017-02-25 02:10:49]
shell stdout: 
[INFO -- 2017-02-25 02:10:49]
shell stdout: 
[INFO -- 2017-02-25 02:10:49]
shell stdout: 
[INFO -- 2017-02-25 02:10:50]
shell stdout: 
[INFO -- 2017-02-25 02:10:50]
shell stdout: 
[INFO -- 2017-02-25 02:11:32]
no gdbExecName running, out:
[INFO -- 2017-02-25 02:11:32]
checCmd:ps -e | grep -i gdb-mic
[INFO -- 2017-02-25 02:11:32]
finished now-timestampStart < maxWaitTime*5
[INFO -- 2017-02-25 02:11:32]
now: 1488006690
[INFO -- 2017-02-25 02:11:32]
timestampStart: 1488006638
[INFO -- 2017-02-25 02:11:32]
kill cmd: killall -9 gdb-mic
[INFO -- 2017-02-25 02:11:32]
shell stdout: 
[INFO -- 2017-02-25 02:11:32]
kill cmd: ssh -T mic0 killall -9 hotspot_check
[INFO -- 2017-02-25 02:11:32]
shell stdout: 
[INFO -- 2017-02-25 02:11:33]
kill cmd: ssh -T mic0 killall -9 gdbserver
[INFO -- 2017-02-25 02:11:33]
shell stdout: 
[INFO -- 2017-02-25 02:11:33]
kill cmd: ssh -T mic0 killall -9 sshd
[INFO -- 2017-02-25 02:11:33]
shell stdout: 
