2017-01-10 07:55:00:Starting flip_value script
2017-01-10 07:55:00:Initialization strings:
2017-01-10 07:55:01:(1) target extended-remote | ssh -T mic0 gdbserver --multi -
2017-01-10 07:55:01:(2) set sysroot /opt/mpss/3.7/sysroots/k1om-mpss-linux/
2017-01-10 07:55:01:(3) set sysroot /opt/mpss/3.7/sysroots/k1om-mpss-linux/
2017-01-10 07:55:01:(4) file /micNfs/gdb-fault-injection/injector/bin/nw/needle_check
2017-01-10 07:55:01:(5) set remote exec-file /micNfs/gdb-fault-injection/injector/bin/nw/needle_check
2017-01-10 07:55:01:(6) set args 16394 10 228 /micNfs/gdb-fault-injection/injector/bin/nw/input_16394_th_228_pen_10 /micNfs/gdb-fault-injection/injector/bin/nw/gold_16394_th_228_pen_10
2017-01-10 07:55:01:initSignal:4
2017-01-10 07:55:01:endSignal:8
2017-01-10 07:55:01:seqSignal:30
2017-01-10 07:55:07:Trying Fault Injection
2017-01-10 07:55:07:Inferior PID: 75629
2017-01-10 07:55:07:Inferior is valid: True
2017-01-10 07:55:07:Inferior #threads: 1
2017-01-10 07:55:07:Backtrace BEGIN:
2017-01-10 07:55:07:#0  0x00007ffff6e245d0 in __read_nocancel () at ../sysdeps/unix/syscall-template.S:81
#1  0x00007ffff6dd0911 in __GI__IO_file_xsgetn (fp=0x619b30, data=<optimized out>, n=1075184100) at fileops.c:1422
#2  0x00007ffff6dc6929 in __GI__IO_fread (buf=<optimized out>, size=1075184100, count=1, fp=0x619b30) at iofread.c:42
#3  0x00000000004014f6 in ReadArrayFromFile (input_itemsets=0x7fff76699010, gold_itemsets=0x7fff36538010, max_rows=16395, filenameinput=0x7fffffffee44 "/micNfs/gdb-fault-injection/injector/bin/nw/input_16394_th_228_pen_10", filenamegold=0x7fffffffee8a "/micNfs/gdb-fault-injection/injector/bin/nw/gold_16394_th_228_pen_10") at needle_check.cpp:50
#4  0x0000000000402bbc in runTest (argc=6, argv=0x7fffffffec08) at needle_check.cpp:319
#5  0x0000000000401595 in main (argc=6, argv=0x7fffffffec08) at needle_check.cpp:114

2017-01-10 07:55:07:76	in ../sysdeps/unix/syscall-template.S

2017-01-10 07:55:07:Backtrace END
2017-01-10 07:55:07:Thread name: None
2017-01-10 07:55:07:Thread num: 1
2017-01-10 07:55:07:Thread ptid: (75629, 75629, 0)
2017-01-10 07:55:07:bitFlip function
2017-01-10 07:55:07:Type: The type is an integer type.
2017-01-10 07:55:07:Type sizeof: 4
2017-01-10 07:55:07:Mem contents(hex):0x0b0x400x000x00
2017-01-10 07:55:07:base address to flip value: 0x7fffffffe6f0
2017-01-10 07:55:07:address max offset: 4
2017-01-10 07:55:07:Memory content before bitflip:0x0b0x400x000x00
2017-01-10 07:55:07:Memory content after  bitflip:0x0b0x000x000x00
2017-01-10 07:55:07:Mem contents(hex):0x0b0x000x000x00
2017-01-10 07:55:07:frame name: ReadArrayFromFile
2017-01-10 07:55:07:symbol name: max_rows
2017-01-10 07:55:07:symbol filename: needle_check.cpp
2017-01-10 07:55:07:symbol line: 34
2017-01-10 07:55:07:value: 11
2017-01-10 07:55:07:value address: 0x7fffffffe6f0
2017-01-10 07:55:07:Type: The type is an integer type.
2017-01-10 07:55:07:Type sizeof: 4
2017-01-10 07:55:07:Fault Injection Successful after 6.31759405136s
2017-01-10 07:55:07:Fault Already Injected
2017-01-10 07:55:07:Fault Already Injected
2017-01-10 07:55:07:Fault Already Injected
2017-01-10 07:55:07:Fault Already Injected
2017-01-10 07:55:07:Fault Already Injected
2017-01-10 07:55:08:Fault Already Injected
2017-01-10 07:55:08:Fault Already Injected
2017-01-10 07:55:08:Fault Already Injected
2017-01-10 07:55:08:Fault Already Injected
2017-01-10 07:55:08:Fault Already Injected
2017-01-10 07:55:08:Fault Already Injected
2017-01-10 07:55:08:Fault Already Injected
2017-01-10 07:55:09:Fault Already Injected
2017-01-10 07:55:09:Fault Already Injected
2017-01-10 07:55:09:Fault Already Injected
2017-01-10 07:55:09:Fault Already Injected
2017-01-10 07:55:09:Fault Already Injected
2017-01-10 07:55:09:Fault Already Injected
2017-01-10 07:55:09:Fault Already Injected
2017-01-10 07:55:09:Fault Already Injected
2017-01-10 07:55:09:Fault Already Injected
2017-01-10 07:55:10:Fault Already Injected
2017-01-10 07:55:10:Fault Already Injected
2017-01-10 07:55:10:Fault Already Injected
2017-01-10 07:55:10:Fault Already Injected
2017-01-10 07:55:10:Fault Already Injected
2017-01-10 07:55:10:Fault Already Injected
2017-01-10 07:55:11:Fault Already Injected
2017-01-10 07:55:11:Fault Already Injected
2017-01-10 07:55:11:Fault Already Injected
2017-01-10 07:55:11:Fault Already Injected
2017-01-10 07:55:11:Fault Already Injected
2017-01-10 07:55:11:Fault Already Injected
2017-01-10 07:55:11:Fault Already Injected
2017-01-10 07:55:12:Fault Already Injected
2017-01-10 07:55:12:Fault Already Injected
2017-01-10 07:55:12:Fault Already Injected
2017-01-10 07:55:12:Fault Already Injected
2017-01-10 07:55:12:Fault Already Injected
2017-01-10 07:55:12:Fault Already Injected
2017-01-10 07:55:12:Fault Already Injected
2017-01-10 07:55:12:Fault Already Injected
2017-01-10 07:55:13:Fault Already Injected
2017-01-10 07:55:13:Fault Already Injected
2017-01-10 07:55:13:Fault Already Injected
2017-01-10 07:55:13:Fault Already Injected
2017-01-10 07:55:13:Fault Already Injected
2017-01-10 07:55:13:Fault Already Injected
2017-01-10 07:55:14:Fault Already Injected
2017-01-10 07:55:14:Fault Already Injected
2017-01-10 07:55:14:Fault Already Injected
2017-01-10 07:55:14:Fault Already Injected
2017-01-10 07:55:14:Fault Already Injected
2017-01-10 07:55:14:Fault Already Injected
2017-01-10 07:55:14:Fault Already Injected
2017-01-10 07:55:14:Fault Already Injected
2017-01-10 07:55:14:Fault Already Injected
2017-01-10 07:55:15:Fault Already Injected
2017-01-10 07:55:15:Fault Already Injected
2017-01-10 07:55:15:Fault Already Injected
2017-01-10 07:55:15:Fault Already Injected
2017-01-10 07:55:15:Fault Already Injected
2017-01-10 07:55:15:Fault Already Injected
2017-01-10 07:55:16:Fault Already Injected
2017-01-10 07:55:16:Fault Already Injected
2017-01-10 07:55:16:Fault Already Injected
2017-01-10 07:55:16:Fault Already Injected
2017-01-10 07:55:16:Fault Already Injected
2017-01-10 07:55:16:Fault Already Injected
2017-01-10 07:55:16:Fault Already Injected
2017-01-10 07:55:17:Fault Already Injected
2017-01-10 07:55:17:Fault Already Injected
2017-01-10 07:55:17:Fault Already Injected
2017-01-10 07:55:17:Fault Already Injected
2017-01-10 07:55:17:Fault Already Injected
2017-01-10 07:55:17:Fault Already Injected
2017-01-10 07:55:17:Fault Already Injected
2017-01-10 07:55:18:Fault Already Injected
2017-01-10 07:55:18:Fault Already Injected
2017-01-10 07:55:18:Fault Already Injected
2017-01-10 07:55:18:Fault Already Injected
2017-01-10 07:55:18:Fault Already Injected
2017-01-10 07:55:19:Fault Already Injected
2017-01-10 07:55:19:Fault Already Injected
2017-01-10 07:55:19:Fault Already Injected
2017-01-10 07:55:19:Fault Already Injected
2017-01-10 07:55:40:event type: exit
2017-01-10 07:55:40:exit code: 0
