2016-10-17 19:08:49:Initialization strings:
2016-10-17 19:08:50:(1) target extended-remote | ssh -T mic0 gdbserver --multi -
2016-10-17 19:08:50:(2) set sysroot /opt/mpss/3.7/sysroots/k1om-mpss-linux/
2016-10-17 19:08:50:(3) set sysroot /opt/mpss/3.7/sysroots/k1om-mpss-linux/
2016-10-17 19:08:50:(4) file /micNfs/gdb-fault-injection-nw/bin/needle_check
2016-10-17 19:08:50:(5) set remote exec-file /micNfs/gdb-fault-injection-nw/bin/needle_check
2016-10-17 19:08:50:(6) set args 16384 10 228 /micNfs/gdb-fault-injection-nw/bin/input_16384_th_228_pen_10 /micNfs/gdb-fault-injection-nw/bin/gold_16384_th_228_pen_10
2016-10-17 19:08:50:Trying Fault Injection
2016-10-17 19:08:50:Inferior PID: 40601
2016-10-17 19:08:50:Inferior is valid: True
2016-10-17 19:08:50:Inferior #threads: 1
2016-10-17 19:08:50:Backtrace BEGIN:
2016-10-17 19:08:50:#0  __GI__dl_debug_state () at dl-debug.c:74
#1  0x00007ffff7de084c in dl_main (phdr=<optimized out>, phnum=<optimized out>, user_entry=<optimized out>, auxv=<optimized out>) at rtld.c:2170
#2  0x00007ffff7df2548 in _dl_sysdep_start (start_argptr=start_argptr@entry=0x7fffffffec30, dl_main=dl_main@entry=0x7ffff7dde840 <dl_main>) at ../elf/dl-sysdep.c:249
#3  0x00007ffff7de1c6a in _dl_start_final (arg=0x7fffffffec30) at rtld.c:308
#4  _dl_start (arg=0x7fffffffec30) at rtld.c:414
#5  0x00007ffff7dddbc8 in _start () from /opt/mpss/3.7/sysroots/k1om-mpss-linux/lib64/ld-linux-k1om.so.2
#6  0x0000000000000006 in ?? ()
#7  0x00007fffffffee22 in ?? ()
#8  0x00007fffffffee52 in ?? ()
#9  0x00007fffffffee58 in ?? ()
#10 0x00007fffffffee5b in ?? ()
#11 0x00007fffffffee5f in ?? ()
#12 0x00007fffffffee9c in ?? ()
#13 0x0000000000000000 in ?? ()

2016-10-17 19:08:50:69	in dl-debug.c

2016-10-17 19:08:50:Backtrace END
2016-10-17 19:08:50:Thread name: None
2016-10-17 19:08:50:Thread num: 1
2016-10-17 19:08:50:Thread ptid: (40601, 40601, 0)
2016-10-17 19:08:50:bitFlip function
2016-10-17 19:08:50:Type: The type is a structure.
2016-10-17 19:08:50:Type sizeof: 40
2016-10-17 19:08:50:Fliping value of field: r_ldbase
2016-10-17 19:08:50:bitFlip function
2016-10-17 19:08:50:Type: The type is an integer type.
2016-10-17 19:08:50:Type sizeof: 8
2016-10-17 19:08:50:Mem contents(hex):0x000xd00xdd0xf70xff0x7f0x000x00
2016-10-17 19:08:50:base address to flip value: 0x7ffff7ffe160 
2016-10-17 19:08:50:address max offset: 8
2016-10-17 19:08:50:Memory content before bitflip:0x000xd00xdd0xf70xff0x7f0x000x00
2016-10-17 19:08:50:Memory content after  bitflip:0x000xd00xdd0xf70xf70x7f0x000x00
2016-10-17 19:08:50:Mem contents(hex):0x000xd00xdd0xf70xf70x7f0x000x00
2016-10-17 19:08:50:frame name: __GI__dl_debug_state
2016-10-17 19:08:50:symbol name: _r_debug
2016-10-17 19:08:50:symbol filename: dl-debug.c
2016-10-17 19:08:50:symbol line: 37
2016-10-17 19:08:50:value: {r_version = 1, r_map = 0x7ffff7ffe168, r_brk = 140737351959488, r_state = RT_CONSISTENT, r_ldbase = 140702992158720}
2016-10-17 19:08:50:value address: 0x7ffff7ffe140 <_r_debug>
2016-10-17 19:08:50:Type: The type is a structure.
2016-10-17 19:08:50:Type sizeof: 40
2016-10-17 19:08:50:Field name: r_version
2016-10-17 19:08:50:Field Type:
2016-10-17 19:08:50:Type: The type is an integer type.
2016-10-17 19:08:50:Type sizeof: 4
2016-10-17 19:08:50:Field name: r_map
2016-10-17 19:08:50:Field Type:
2016-10-17 19:08:50:Type: The type is a pointer.
2016-10-17 19:08:50:Type sizeof: 8
2016-10-17 19:08:50:Field name: r_brk
2016-10-17 19:08:50:Field Type:
2016-10-17 19:08:50:Type: The type is an integer type.
2016-10-17 19:08:50:Type sizeof: 8
2016-10-17 19:08:50:Field name: r_state
2016-10-17 19:08:50:Field Type:
2016-10-17 19:08:50:Type: The type is an enum.
2016-10-17 19:08:50:Type sizeof: 4
2016-10-17 19:08:50:Field name: r_ldbase
2016-10-17 19:08:50:Field Type:
2016-10-17 19:08:50:Type: The type is an integer type.
2016-10-17 19:08:50:Type sizeof: 8
2016-10-17 19:08:50:Fault Injection Successful after 0.713680028915s
2016-10-17 19:08:50:Fault Already Injected
2016-10-17 19:08:53:Fault Already Injected
2016-10-17 19:08:57:Fault Already Injected
2016-10-17 19:08:59:Fault Already Injected
2016-10-17 19:08:59:Fault Already Injected
2016-10-17 19:09:02:event type: exit
2016-10-17 19:09:02:exit code: 0
