[INFO -- 2017-02-25 16:24:28]
Starting GDB script
[INFO -- 2017-02-25 16:24:28]
initSignal:0.0
[INFO -- 2017-02-25 16:24:28]
endSignal:3.0
[INFO -- 2017-02-25 16:24:28]
seqSignal:15
[INFO -- 2017-02-25 16:24:28]
sending 15 signals using command: 'ssh -T mic1 killall -2 hotspot_check' after 0.155616501234s
[INFO -- 2017-02-25 16:24:28]
sending 15 signals using command: 'ssh -T mic1 killall -2 hotspot_check' after 0.252953602887s
[INFO -- 2017-02-25 16:24:28]
shell stdout: 
[INFO -- 2017-02-25 16:24:28]
shell stdout: 
[INFO -- 2017-02-25 16:24:29]
sending 15 signals using command: 'ssh -T mic1 killall -2 hotspot_check' after 1.62782632244s
[INFO -- 2017-02-25 16:24:30]
shell stdout: 
[INFO -- 2017-02-25 16:24:30]
shell stdout: 
[INFO -- 2017-02-25 16:24:31]
shell stdout: 
[INFO -- 2017-02-25 16:24:31]
shell stdout: 
[INFO -- 2017-02-25 16:24:31]
shell stdout: 
[INFO -- 2017-02-25 16:24:32]
shell stdout: 
[INFO -- 2017-02-25 16:24:32]
shell stdout: 
[INFO -- 2017-02-25 16:24:33]
shell stdout: 
[INFO -- 2017-02-25 16:24:33]
shell stdout: 
[INFO -- 2017-02-25 16:24:33]
shell stdout: 
[INFO -- 2017-02-25 16:24:33]
shell stdout: 
[INFO -- 2017-02-25 16:24:33]
shell stdout: 
[INFO -- 2017-02-25 16:24:33]
shell stdout: 
[INFO -- 2017-02-25 16:24:34]
shell stdout: 
[INFO -- 2017-02-25 16:24:34]
shell stdout: 
[INFO -- 2017-02-25 16:24:34]
shell stdout: 
[INFO -- 2017-02-25 16:24:34]
shell stdout: 
[INFO -- 2017-02-25 16:24:34]
shell stdout: 
[INFO -- 2017-02-25 16:24:34]
shell stdout: 
[INFO -- 2017-02-25 16:24:34]
shell stdout: 
[INFO -- 2017-02-25 16:24:35]
shell stdout: 
[INFO -- 2017-02-25 16:24:35]
shell stdout: 
[INFO -- 2017-02-25 16:24:35]
shell stdout: 
[INFO -- 2017-02-25 16:24:35]
shell stdout: 
[INFO -- 2017-02-25 16:24:35]
shell stdout: 
[INFO -- 2017-02-25 16:24:35]
shell stdout: 
[INFO -- 2017-02-25 16:24:35]
shell stdout: 
[INFO -- 2017-02-25 16:24:36]
shell stdout: 
[INFO -- 2017-02-25 16:24:36]
shell stdout: 
[INFO -- 2017-02-25 16:24:36]
shell stdout: 
[INFO -- 2017-02-25 16:24:36]
shell stdout: 
[INFO -- 2017-02-25 16:24:36]
shell stdout: 
[INFO -- 2017-02-25 16:24:36]
shell stdout: 
[INFO -- 2017-02-25 16:24:36]
shell stdout: 
[INFO -- 2017-02-25 16:24:36]
shell stdout: 
[INFO -- 2017-02-25 16:24:37]
shell stdout: 
[INFO -- 2017-02-25 16:24:37]
shell stdout: 
[INFO -- 2017-02-25 16:24:37]
shell stdout: 
[INFO -- 2017-02-25 16:24:37]
shell stdout: 
[INFO -- 2017-02-25 16:24:37]
shell stdout: 
[INFO -- 2017-02-25 16:24:37]
shell stdout: 
[INFO -- 2017-02-25 16:24:38]
shell stdout: 
[INFO -- 2017-02-25 16:24:38]
shell stdout: 
[INFO -- 2017-02-25 16:25:08]
no gdbExecName running, out:
[INFO -- 2017-02-25 16:25:08]
checCmd:ps -e | grep -i gdb-mic
[INFO -- 2017-02-25 16:25:08]
finished now-timestampStart < maxWaitTime*5
[INFO -- 2017-02-25 16:25:08]
now: 1488057906
[INFO -- 2017-02-25 16:25:08]
timestampStart: 1488057868
[INFO -- 2017-02-25 16:25:08]
kill cmd: killall -9 gdb-mic
[INFO -- 2017-02-25 16:25:08]
shell stdout: 
[INFO -- 2017-02-25 16:25:08]
kill cmd: ssh -T mic1 killall -9 hotspot_check
[INFO -- 2017-02-25 16:25:08]
shell stdout: 
[INFO -- 2017-02-25 16:25:08]
kill cmd: ssh -T mic1 killall -9 gdbserver
[INFO -- 2017-02-25 16:25:08]
shell stdout: 
[INFO -- 2017-02-25 16:25:09]
kill cmd: ssh -T mic1 killall -9 sshd
[INFO -- 2017-02-25 16:25:09]
shell stdout: 
