2017-01-24 00:52:49:Starting GDB script
2017-01-24 00:52:49:initSignal:4.0
2017-01-24 00:52:49:endSignal:6.0
2017-01-24 00:52:49:seqSignal:30
2017-01-24 00:52:53:sending 30 signals using command: 'ssh -T mic0 killall -2 lud_check' after 4.59225725019s
2017-01-24 00:52:53:sending 30 signals using command: 'ssh -T mic0 killall -2 lud_check' after 4.80539532135s
2017-01-24 00:52:54:sending 30 signals using command: 'ssh -T mic0 killall -2 lud_check' after 5.3408916365s
2017-01-24 00:52:54:shell stdout: 
2017-01-24 00:52:54:shell stdout: 
2017-01-24 00:52:54:shell stdout: 
2017-01-24 00:52:55:shell stdout: 
2017-01-24 00:52:55:shell stdout: 
2017-01-24 00:52:55:shell stdout: 
2017-01-24 00:52:55:shell stdout: 
2017-01-24 00:52:55:shell stdout: 
2017-01-24 00:52:55:shell stdout: 
2017-01-24 00:52:55:shell stdout: 
2017-01-24 00:52:55:shell stdout: 
2017-01-24 00:52:56:shell stdout: 
2017-01-24 00:52:56:shell stdout: 
2017-01-24 00:52:56:shell stdout: 
2017-01-24 00:52:56:shell stdout: 
2017-01-24 00:52:56:shell stdout: 
2017-01-24 00:52:56:shell stdout: 
2017-01-24 00:52:57:shell stdout: 
2017-01-24 00:52:57:shell stdout: 
2017-01-24 00:52:57:shell stdout: 
2017-01-24 00:52:57:shell stdout: 
2017-01-24 00:52:57:shell stdout: 
2017-01-24 00:52:57:shell stdout: 
2017-01-24 00:52:58:shell stdout: 
2017-01-24 00:52:58:shell stdout: 
2017-01-24 00:52:58:shell stdout: 
2017-01-24 00:52:58:shell stdout: 
2017-01-24 00:52:58:shell stdout: 
2017-01-24 00:52:58:shell stdout: 
2017-01-24 00:52:58:shell stdout: 
2017-01-24 00:52:58:shell stdout: 
2017-01-24 00:52:58:shell stdout: 
2017-01-24 00:52:59:shell stdout: 
2017-01-24 00:52:59:shell stdout: 
2017-01-24 00:52:59:shell stdout: 
2017-01-24 00:52:59:shell stdout: 
2017-01-24 00:52:59:shell stdout: 
2017-01-24 00:52:59:shell stdout: 
2017-01-24 00:53:00:shell stdout: 
2017-01-24 00:53:00:shell stdout: 
2017-01-24 00:53:00:shell stdout: 
2017-01-24 00:53:00:shell stdout: 
2017-01-24 00:53:00:shell stdout: 
2017-01-24 00:53:00:shell stdout: 
2017-01-24 00:53:01:shell stdout: 
2017-01-24 00:53:01:shell stdout: 
2017-01-24 00:53:01:shell stdout: 
2017-01-24 00:53:01:shell stdout: 
2017-01-24 00:53:01:shell stdout: 
2017-01-24 00:53:01:shell stdout: 
2017-01-24 00:53:02:shell stdout: 
2017-01-24 00:53:02:shell stdout: 
2017-01-24 00:53:02:shell stdout: 
2017-01-24 00:53:02:shell stdout: 
2017-01-24 00:53:02:shell stdout: 
2017-01-24 00:53:02:shell stdout: 
2017-01-24 00:53:02:shell stdout: 
2017-01-24 00:53:02:shell stdout: 
2017-01-24 00:53:02:shell stdout: 
2017-01-24 00:53:03:shell stdout: 
2017-01-24 00:53:03:shell stdout: 
2017-01-24 00:53:03:shell stdout: 
2017-01-24 00:53:03:shell stdout: 
2017-01-24 00:53:03:shell stdout: 
2017-01-24 00:53:03:shell stdout: 
2017-01-24 00:53:04:shell stdout: 
2017-01-24 00:53:04:shell stdout: 
2017-01-24 00:53:04:shell stdout: 
2017-01-24 00:53:04:shell stdout: 
2017-01-24 00:53:04:shell stdout: 
2017-01-24 00:53:04:shell stdout: 
2017-01-24 00:53:04:shell stdout: 
2017-01-24 00:53:05:shell stdout: 
2017-01-24 00:53:05:shell stdout: 
2017-01-24 00:53:05:shell stdout: 
2017-01-24 00:53:05:shell stdout: 
2017-01-24 00:53:05:shell stdout: 
2017-01-24 00:53:05:shell stdout: 
2017-01-24 00:53:05:shell stdout: 
2017-01-24 00:53:05:shell stdout: 
2017-01-24 00:53:06:shell stdout: 
2017-01-24 00:53:06:shell stdout: 
2017-01-24 00:53:06:shell stdout: 
2017-01-24 00:53:06:no gdbExecName running, out:
2017-01-24 00:53:06:checCmd:ps -e | grep -i gdb-mic
2017-01-24 00:53:06:finished now-timestampStart < maxWaitTime*5
2017-01-24 00:53:06:now: 1485237185
2017-01-24 00:53:06:timestampStart: 1485237169
2017-01-24 00:53:06:kill cmd: killall -9 gdb-mic
2017-01-24 00:53:06:shell stdout: 
2017-01-24 00:53:06:shell stdout: 
2017-01-24 00:53:06:shell stdout: 
2017-01-24 00:53:06:shell stdout: 
2017-01-24 00:53:06:kill cmd: ssh -T mic0 killall -9 lud_check
2017-01-24 00:53:06:shell stdout: 
2017-01-24 00:53:07:shell stdout: 
2017-01-24 00:53:07:shell stdout: 
2017-01-24 00:53:07:shell stdout: 
2017-01-24 00:53:07:kill cmd: ssh -T mic0 killall -9 gdbserver
2017-01-24 00:53:07:shell stdout: 
2017-01-24 00:53:07:shell stdout: 
2017-01-24 00:53:07:kill cmd: ssh -T mic0 killall -9 sshd
2017-01-24 00:53:07:shell stdout: 
