[INFO -- 2017-03-05 23:17:58]
Starting GDB script
[INFO -- 2017-03-05 23:17:58]
initSignal:14.0
[INFO -- 2017-03-05 23:17:58]
endSignal:21.0
[INFO -- 2017-03-05 23:17:58]
seqSignal:15
[INFO -- 2017-03-05 23:18:12]
sending 15 signals using command: 'ssh -T mic1 killall -2 dgemm_check' after 14.1769734283s
[INFO -- 2017-03-05 23:18:13]
shell stdout: 
[INFO -- 2017-03-05 23:18:13]
shell stdout: 
[INFO -- 2017-03-05 23:18:14]
sending 15 signals using command: 'ssh -T mic1 killall -2 dgemm_check' after 15.8307768696s
[INFO -- 2017-03-05 23:18:14]
shell stdout: 
[INFO -- 2017-03-05 23:18:14]
shell stdout: 
[INFO -- 2017-03-05 23:18:14]
shell stdout: 
[INFO -- 2017-03-05 23:18:15]
shell stdout: 
[INFO -- 2017-03-05 23:18:15]
shell stdout: 
[INFO -- 2017-03-05 23:18:15]
shell stdout: 
[INFO -- 2017-03-05 23:18:15]
shell stdout: 
[INFO -- 2017-03-05 23:18:15]
sending 15 signals using command: 'ssh -T mic1 killall -2 dgemm_check' after 17.4646696737s
[INFO -- 2017-03-05 23:18:16]
shell stdout: 
[INFO -- 2017-03-05 23:18:16]
shell stdout: 
[INFO -- 2017-03-05 23:18:16]
shell stdout: 
[INFO -- 2017-03-05 23:18:16]
shell stdout: 
[INFO -- 2017-03-05 23:18:16]
shell stdout: 
[INFO -- 2017-03-05 23:18:16]
shell stdout: 
[INFO -- 2017-03-05 23:18:16]
shell stdout: 
[INFO -- 2017-03-05 23:18:16]
shell stdout: 
[INFO -- 2017-03-05 23:18:16]
shell stdout: 
[INFO -- 2017-03-05 23:18:17]
shell stdout: 
[INFO -- 2017-03-05 23:18:17]
shell stdout: 
[INFO -- 2017-03-05 23:18:17]
shell stdout: 
[INFO -- 2017-03-05 23:18:17]
shell stdout: 
[INFO -- 2017-03-05 23:18:17]
shell stdout: 
[INFO -- 2017-03-05 23:18:17]
shell stdout: 
[INFO -- 2017-03-05 23:18:18]
shell stdout: 
[INFO -- 2017-03-05 23:18:18]
shell stdout: 
[INFO -- 2017-03-05 23:18:18]
shell stdout: 
[INFO -- 2017-03-05 23:18:18]
shell stdout: 
[INFO -- 2017-03-05 23:18:18]
shell stdout: 
[INFO -- 2017-03-05 23:18:18]
shell stdout: 
[INFO -- 2017-03-05 23:18:19]
shell stdout: 
[INFO -- 2017-03-05 23:18:19]
shell stdout: 
[INFO -- 2017-03-05 23:18:19]
shell stdout: 
[INFO -- 2017-03-05 23:18:19]
shell stdout: 
[INFO -- 2017-03-05 23:18:19]
shell stdout: 
[INFO -- 2017-03-05 23:18:19]
shell stdout: 
[INFO -- 2017-03-05 23:18:20]
shell stdout: 
[INFO -- 2017-03-05 23:18:20]
shell stdout: 
[INFO -- 2017-03-05 23:18:20]
shell stdout: 
[INFO -- 2017-03-05 23:18:20]
shell stdout: 
[INFO -- 2017-03-05 23:18:21]
shell stdout: 
[INFO -- 2017-03-05 23:18:21]
shell stdout: 
[INFO -- 2017-03-05 23:18:21]
shell stdout: 
[INFO -- 2017-03-05 23:18:21]
shell stdout: 
[INFO -- 2017-03-05 23:18:22]
shell stdout: 
[INFO -- 2017-03-05 23:21:47]
no gdbExecName running, out:
[INFO -- 2017-03-05 23:21:47]
checCmd:ps -e | grep -i gdb-mic
[INFO -- 2017-03-05 23:21:47]
finished now-timestampStart < maxWaitTime*5
[INFO -- 2017-03-05 23:21:47]
now: 1488774099
[INFO -- 2017-03-05 23:21:47]
timestampStart: 1488773878
[INFO -- 2017-03-05 23:21:47]
kill cmd: killall -9 gdb-mic
[INFO -- 2017-03-05 23:21:47]
shell stdout: 
[INFO -- 2017-03-05 23:21:48]
kill cmd: ssh -T mic1 killall -9 dgemm_check
[INFO -- 2017-03-05 23:21:48]
shell stdout: 
[INFO -- 2017-03-05 23:21:48]
kill cmd: ssh -T mic1 killall -9 gdbserver
[INFO -- 2017-03-05 23:21:48]
shell stdout: 
[INFO -- 2017-03-05 23:21:49]
kill cmd: ssh -T mic1 killall -9 sshd
[INFO -- 2017-03-05 23:21:49]
shell stdout: 
