2017-01-24 10:00:02:Starting GDB script
2017-01-24 10:00:02:initSignal:7.0
2017-01-24 10:00:02:endSignal:14.0
2017-01-24 10:00:02:seqSignal:15
2017-01-24 10:00:12:sending 15 signals using command: 'ssh -T mic1 killall -2 dgemm_check' after 9.76445779092s
2017-01-24 10:00:12:sending 15 signals using command: 'ssh -T mic1 killall -2 dgemm_check' after 10.0769727406s
2017-01-24 10:00:13:shell stdout: 
2017-01-24 10:00:13:shell stdout: 
2017-01-24 10:00:13:shell stdout: 
2017-01-24 10:00:13:shell stdout: 
2017-01-24 10:00:14:shell stdout: 
2017-01-24 10:00:14:shell stdout: 
2017-01-24 10:00:14:shell stdout: 
2017-01-24 10:00:14:sending 15 signals using command: 'ssh -T mic1 killall -2 dgemm_check' after 11.7611472576s
2017-01-24 10:00:14:shell stdout: 
2017-01-24 10:00:14:shell stdout: 
2017-01-24 10:00:14:shell stdout: 
2017-01-24 10:00:15:shell stdout: 
2017-01-24 10:00:15:shell stdout: 
2017-01-24 10:00:15:shell stdout: 
2017-01-24 10:00:15:shell stdout: 
2017-01-24 10:00:15:shell stdout: 
2017-01-24 10:00:15:shell stdout: 
2017-01-24 10:00:15:shell stdout: 
2017-01-24 10:00:16:shell stdout: 
2017-01-24 10:00:16:shell stdout: 
2017-01-24 10:00:16:shell stdout: 
2017-01-24 10:00:16:shell stdout: 
2017-01-24 10:00:16:shell stdout: 
2017-01-24 10:00:16:shell stdout: 
2017-01-24 10:00:17:shell stdout: 
2017-01-24 10:00:17:shell stdout: 
2017-01-24 10:00:17:shell stdout: 
2017-01-24 10:00:17:shell stdout: 
2017-01-24 10:00:17:shell stdout: 
2017-01-24 10:00:17:shell stdout: 
2017-01-24 10:00:17:shell stdout: 
2017-01-24 10:00:17:shell stdout: 
2017-01-24 10:00:17:shell stdout: 
2017-01-24 10:00:18:shell stdout: 
2017-01-24 10:00:18:shell stdout: 
2017-01-24 10:00:18:shell stdout: 
2017-01-24 10:00:18:shell stdout: 
2017-01-24 10:00:18:shell stdout: 
2017-01-24 10:00:18:shell stdout: 
2017-01-24 10:00:19:shell stdout: 
2017-01-24 10:00:19:shell stdout: 
2017-01-24 10:00:19:shell stdout: 
2017-01-24 10:00:19:shell stdout: 
2017-01-24 10:00:19:shell stdout: 
2017-01-24 10:00:20:shell stdout: 
2017-01-24 10:00:20:shell stdout: 
2017-01-24 10:05:38:no gdbExecName running, out:
2017-01-24 10:05:38:checCmd:ps -e | grep -i gdb-mic
2017-01-24 10:05:38:finished now-timestampStart < maxWaitTime*5
2017-01-24 10:05:38:now: 1485270329
2017-01-24 10:05:38:timestampStart: 1485270002
2017-01-24 10:05:38:kill cmd: killall -9 gdb-mic
2017-01-24 10:05:38:shell stdout: 
2017-01-24 10:05:38:kill cmd: ssh -T mic1 killall -9 dgemm_check
2017-01-24 10:05:38:shell stdout: 
2017-01-24 10:05:39:kill cmd: ssh -T mic1 killall -9 gdbserver
2017-01-24 10:05:39:shell stdout: 
2017-01-24 10:05:39:kill cmd: ssh -T mic1 killall -9 sshd
2017-01-24 10:05:39:shell stdout: 
