[INFO -- 2017-03-08 02:16:26]
Starting GDB script
[INFO -- 2017-03-08 02:16:26]
initSignal:0.0
[INFO -- 2017-03-08 02:16:26]
endSignal:2.0
[INFO -- 2017-03-08 02:16:26]
seqSignal:30
[INFO -- 2017-03-08 02:16:27]
sending 30 signals using command: 'ssh -T mic0 killall -2 lud_check' after 0.316427043378s
[INFO -- 2017-03-08 02:16:27]
sending 30 signals using command: 'ssh -T mic0 killall -2 lud_check' after 0.936550906525s
[INFO -- 2017-03-08 02:16:27]
shell stdout: 
[INFO -- 2017-03-08 02:16:27]
sending 30 signals using command: 'ssh -T mic0 killall -2 lud_check' after 1.2187870065s
[INFO -- 2017-03-08 02:16:28]
shell stdout: 
[INFO -- 2017-03-08 02:16:28]
shell stdout: 
[INFO -- 2017-03-08 02:16:28]
shell stdout: 
[INFO -- 2017-03-08 02:16:29]
shell stdout: 
[INFO -- 2017-03-08 02:16:30]
shell stdout: 
[INFO -- 2017-03-08 02:16:30]
shell stdout: 
[INFO -- 2017-03-08 02:16:30]
shell stdout: 
[INFO -- 2017-03-08 02:16:31]
shell stdout: 
[INFO -- 2017-03-08 02:16:31]
shell stdout: 
[INFO -- 2017-03-08 02:16:31]
shell stdout: 
[INFO -- 2017-03-08 02:16:32]
shell stdout: 
[INFO -- 2017-03-08 02:16:32]
shell stdout: 
[INFO -- 2017-03-08 02:16:32]
shell stdout: 
[INFO -- 2017-03-08 02:16:33]
shell stdout: 
[INFO -- 2017-03-08 02:16:33]
shell stdout: 
[INFO -- 2017-03-08 02:16:33]
shell stdout: 
[INFO -- 2017-03-08 02:16:34]
shell stdout: 
[INFO -- 2017-03-08 02:16:34]
shell stdout: 
[INFO -- 2017-03-08 02:16:35]
shell stdout: 
[INFO -- 2017-03-08 02:16:35]
shell stdout: 
[INFO -- 2017-03-08 02:16:35]
shell stdout: 
[INFO -- 2017-03-08 02:16:36]
shell stdout: 
[INFO -- 2017-03-08 02:16:37]
shell stdout: 
[INFO -- 2017-03-08 02:16:37]
shell stdout: 
[INFO -- 2017-03-08 02:16:38]
shell stdout: 
[INFO -- 2017-03-08 02:16:38]
shell stdout: 
[INFO -- 2017-03-08 02:16:38]
shell stdout: 
[INFO -- 2017-03-08 02:16:39]
shell stdout: 
[INFO -- 2017-03-08 02:16:39]
shell stdout: 
[INFO -- 2017-03-08 02:16:39]
shell stdout: 
[INFO -- 2017-03-08 02:16:40]
shell stdout: 
[INFO -- 2017-03-08 02:16:41]
shell stdout: 
[INFO -- 2017-03-08 02:16:41]
shell stdout: 
[INFO -- 2017-03-08 02:16:42]
shell stdout: 
[INFO -- 2017-03-08 02:16:42]
shell stdout: 
[INFO -- 2017-03-08 02:16:42]
shell stdout: 
[INFO -- 2017-03-08 02:16:43]
shell stdout: 
[INFO -- 2017-03-08 02:16:44]
shell stdout: 
[INFO -- 2017-03-08 02:16:44]
shell stdout: 
[INFO -- 2017-03-08 02:16:45]
shell stdout: 
[INFO -- 2017-03-08 02:16:45]
shell stdout: 
[INFO -- 2017-03-08 02:16:45]
shell stdout: 
[INFO -- 2017-03-08 02:16:46]
shell stdout: 
[INFO -- 2017-03-08 02:16:47]
shell stdout: 
[INFO -- 2017-03-08 02:16:47]
shell stdout: 
[INFO -- 2017-03-08 02:16:48]
shell stdout: 
[INFO -- 2017-03-08 02:16:48]
shell stdout: 
[INFO -- 2017-03-08 02:16:48]
shell stdout: 
[INFO -- 2017-03-08 02:16:49]
shell stdout: 
[INFO -- 2017-03-08 02:16:49]
shell stdout: 
[INFO -- 2017-03-08 02:16:50]
shell stdout: 
[INFO -- 2017-03-08 02:16:51]
shell stdout: 
[INFO -- 2017-03-08 02:16:51]
shell stdout: 
[INFO -- 2017-03-08 02:16:51]
shell stdout: 
[INFO -- 2017-03-08 02:16:52]
shell stdout: 
[INFO -- 2017-03-08 02:16:53]
shell stdout: 
[INFO -- 2017-03-08 02:16:53]
shell stdout: 
[INFO -- 2017-03-08 02:16:54]
shell stdout: 
[INFO -- 2017-03-08 02:16:54]
shell stdout: 
[INFO -- 2017-03-08 02:16:54]
shell stdout: 
[INFO -- 2017-03-08 02:16:55]
shell stdout: 
[INFO -- 2017-03-08 02:16:56]
shell stdout: 
[INFO -- 2017-03-08 02:16:56]
shell stdout: 
[INFO -- 2017-03-08 02:16:57]
shell stdout: 
[INFO -- 2017-03-08 02:16:57]
shell stdout: 
[INFO -- 2017-03-08 02:16:57]
shell stdout: 
[INFO -- 2017-03-08 02:16:59]
shell stdout: 
[INFO -- 2017-03-08 02:16:59]
shell stdout: 
[INFO -- 2017-03-08 02:16:59]
shell stdout: 
[INFO -- 2017-03-08 02:17:00]
shell stdout: 
[INFO -- 2017-03-08 02:17:00]
shell stdout: 
[INFO -- 2017-03-08 02:17:00]
shell stdout: 
[INFO -- 2017-03-08 02:17:02]
shell stdout: 
[INFO -- 2017-03-08 02:17:02]
shell stdout: 
[INFO -- 2017-03-08 02:17:02]
shell stdout: 
[INFO -- 2017-03-08 02:17:03]
shell stdout: 
[INFO -- 2017-03-08 02:17:03]
shell stdout: 
[INFO -- 2017-03-08 02:17:04]
shell stdout: 
[INFO -- 2017-03-08 02:17:05]
shell stdout: 
[INFO -- 2017-03-08 02:17:05]
shell stdout: 
[INFO -- 2017-03-08 02:17:05]
shell stdout: 
[INFO -- 2017-03-08 02:17:06]
finished due now-timestampStart > maxWaitTime*5
[INFO -- 2017-03-08 02:17:06]
now: 1488957426
[INFO -- 2017-03-08 02:17:06]
timestampStart: 1488957386
[INFO -- 2017-03-08 02:17:06]
kill cmd: killall -9 gdb-mic
[INFO -- 2017-03-08 02:17:06]
shell stdout: 
[INFO -- 2017-03-08 02:17:06]
shell stdout: 
[INFO -- 2017-03-08 02:17:06]
shell stdout: 
[INFO -- 2017-03-08 02:17:06]
shell stdout: 
[INFO -- 2017-03-08 02:17:07]
kill cmd: ssh -T mic0 killall -9 lud_check
[INFO -- 2017-03-08 02:17:07]
shell stdout: 
[INFO -- 2017-03-08 02:17:07]
shell stdout: 
[INFO -- 2017-03-08 02:17:07]
shell stdout: 
[INFO -- 2017-03-08 02:17:08]
shell stdout: 
[INFO -- 2017-03-08 02:17:08]
kill cmd: ssh -T mic0 killall -9 gdbserver
[INFO -- 2017-03-08 02:17:08]
shell stdout: 
[INFO -- 2017-03-08 02:17:08]
shell stdout: 
[INFO -- 2017-03-08 02:17:09]
shell stdout: 
[INFO -- 2017-03-08 02:17:10]
kill cmd: ssh -T mic0 killall -9 sshd
[INFO -- 2017-03-08 02:17:10]
shell stdout: 
