2016-10-11 19:34:47:Starting GDB script
2016-10-11 19:34:48:sending signal using command: 'ssh -T mic0 killall -2 needle_check' after 0.882800754687s
2016-10-11 19:34:48:shell stdout: 
2016-10-11 19:34:51:sending signal using command: 'ssh -T mic0 killall -2 needle_check' after 3.59946049366s
2016-10-11 19:34:51:shell stdout: 
2016-10-11 19:34:52:sending signal using command: 'ssh -T mic0 killall -2 needle_check' after 4.02236331979s
2016-10-11 19:34:52:shell stdout: 
2016-10-11 19:34:54:sending signal using command: 'ssh -T mic0 killall -2 needle_check' after 6.24105579084s
2016-10-11 19:34:54:shell stdout: 
2016-10-11 19:34:56:sending signal using command: 'ssh -T mic0 killall -2 needle_check' after 8.02945333611s
2016-10-11 19:34:56:shell stdout: 
2016-10-11 19:34:56:no gdbExecName running, out:
2016-10-11 19:34:56:checCmd:ps -e | grep -i gdb-mic
2016-10-11 19:34:56:finished now-timestampStart < maxWaitTime*5
2016-10-11 19:34:56:now: 1476228895
2016-10-11 19:34:56:timestampStart: 1476228887
2016-10-11 19:34:56:kill cmd: killall -9 gdb-mic
2016-10-11 19:34:56:shell stdout: 
2016-10-11 19:34:57:kill cmd: ssh -T mic0 killall -9 needle_check
2016-10-11 19:34:57:shell stdout: 
2016-10-11 19:34:57:sending signal using command: 'ssh -T mic0 killall -2 needle_check' after 9.51427787814s
2016-10-11 19:34:57:shell stdout: 
2016-10-11 19:34:57:kill cmd: ssh -T mic0 killall -9 gdbserver
2016-10-11 19:34:57:shell stdout: 
2016-10-11 19:34:57:sending signal using command: 'ssh -T mic0 killall -2 needle_check' after 9.87636450793s
2016-10-11 19:34:57:shell stdout: 
2016-10-11 19:34:58:kill cmd: ssh -T mic0 killall -9 sshd
2016-10-11 19:34:58:shell stdout: 
