2016-11-01 04:37:42:Initialization strings:
2016-11-01 04:37:42:(1) target extended-remote | ssh -T mic0 gdbserver --multi -
2016-11-01 04:37:42:(2) set sysroot /opt/mpss/3.7/sysroots/k1om-mpss-linux/
2016-11-01 04:37:42:(3) set sysroot /opt/mpss/3.7/sysroots/k1om-mpss-linux/
2016-11-01 04:37:42:(4) file /micNfs/gdb-fault-injection-lavamd/bin/lavamd
2016-11-01 04:37:42:(5) set remote exec-file /micNfs/gdb-fault-injection-lavamd/bin/lavamd
2016-11-01 04:37:42:(6) set args 228 15 /micNfs/gdb-fault-injection-lavamd/bin/input_distance_228_15 /micNfs/gdb-fault-injection-lavamd/bin/input_charges_228_15 /micNfs/gdb-fault-injection-lavamd/bin/output_gold_228_15 1
2016-11-01 04:37:43:Trying Fault Injection
2016-11-01 04:37:43:Inferior PID: 2844
2016-11-01 04:37:43:Inferior is valid: True
2016-11-01 04:37:43:Inferior #threads: 1
2016-11-01 04:37:43:Backtrace BEGIN:
2016-11-01 04:37:43:#0  0x00007ffff71505d0 in __GI_memcpy (dstpp=dstpp@entry=0x7ffff6179e50, srcpp=<optimized out>, len=<optimized out>, len@entry=8) at ../string/memcpy.c:59
#1  0x00007ffff714296b in __GI__IO_file_xsgetn (fp=0x60e1c0, data=<optimized out>, n=8) at fileops.c:1371
#2  0x00007ffff7138929 in __GI__IO_fread (buf=<optimized out>, size=1, count=8, fp=0x60e1c0) at iofread.c:42
#3  0x00000000004021c3 in main (argc=7, argv=0x7fffffffec08) at main_check.c:148

2016-11-01 04:37:43:54	in ../string/memcpy.c

2016-11-01 04:37:43:Backtrace END
2016-11-01 04:37:43:Thread name: None
2016-11-01 04:37:43:Thread num: 1
2016-11-01 04:37:43:Thread ptid: (2844, 2844, 0)
2016-11-01 04:37:43:bitFlip function
2016-11-01 04:37:43:Type: The type is a pointer.
2016-11-01 04:37:43:Type sizeof: 8
2016-11-01 04:37:43:Fliping a bit of the pointer
2016-11-01 04:37:43:Mem contents(hex):0xa00x860xff0xf70xff0x7f0x000x00
2016-11-01 04:37:43:base address to flip value: 0x7fffffffe9e0
2016-11-01 04:37:43:address max offset: 8
2016-11-01 04:37:43:Memory content before bitflip:0xa00x860xff0xf70xff0x7f0x000x00
2016-11-01 04:37:43:Memory content after  bitflip:0xa00x860xff0xf70xff0x770x000x00
2016-11-01 04:37:43:Mem contents(hex):0xa00x860xff0xf70xff0x770x000x00
2016-11-01 04:37:43:frame name: main
2016-11-01 04:37:43:symbol name: qv_cpu
2016-11-01 04:37:43:symbol filename: main_check.c
2016-11-01 04:37:43:symbol line: 59
2016-11-01 04:37:43:value: 0x7ffff7ff86a0
2016-11-01 04:37:43:value address: 0x7fffffffe9e0
2016-11-01 04:37:43:Type: The type is a pointer.
2016-11-01 04:37:43:Type sizeof: 8
2016-11-01 04:37:43:Fault Injection Successful after 1.1497759819s
2016-11-01 04:37:44:Fault Already Injected
2016-11-01 04:37:46:Fault Already Injected
2016-11-01 04:37:47:Fault Already Injected
2016-11-01 04:37:48:Fault Already Injected
2016-11-01 04:37:50:Fault Already Injected
2016-11-01 04:37:50:Fault Already Injected
2016-11-01 04:37:50:Fault Already Injected
2016-11-01 04:37:51:Fault Already Injected
2016-11-01 04:37:52:Fault Already Injected
2016-11-01 04:37:53:event type: exit
2016-11-01 04:37:53:exit code: 0
