2016-10-21 08:50:43:Starting GDB script
2016-10-21 08:50:46:sending signal using command: 'ssh -T mic0 killall -2 hotspot_check' after 1.74618951605s
2016-10-21 08:50:46:shell stdout: 
2016-10-21 08:50:46:sending signal using command: 'ssh -T mic0 killall -2 hotspot_check' after 2.11620584548s
2016-10-21 08:50:46:shell stdout: 
2016-10-21 08:50:49:sending signal using command: 'ssh -T mic0 killall -2 hotspot_check' after 5.4024413732s
2016-10-21 08:50:49:shell stdout: 
2016-10-21 08:50:49:sending signal using command: 'ssh -T mic0 killall -2 hotspot_check' after 5.47346174203s
2016-10-21 08:50:49:shell stdout: 
2016-10-21 08:50:50:sending signal using command: 'ssh -T mic0 killall -2 hotspot_check' after 6.12411395779s
2016-10-21 08:50:50:shell stdout: 
2016-10-21 08:50:50:sending signal using command: 'ssh -T mic0 killall -2 hotspot_check' after 6.44249333184s
2016-10-21 08:50:50:shell stdout: 
2016-10-21 08:50:52:sending signal using command: 'ssh -T mic0 killall -2 hotspot_check' after 8.5438645461s
2016-10-21 08:50:52:shell stdout: 
2016-10-21 08:50:53:sending signal using command: 'ssh -T mic0 killall -2 hotspot_check' after 8.68551965149s
2016-10-21 08:50:53:shell stdout: 
2016-10-21 08:50:54:sending signal using command: 'ssh -T mic0 killall -2 hotspot_check' after 9.74585414227s
2016-10-21 08:50:54:shell stdout: 
2016-10-21 08:50:56:sending signal using command: 'ssh -T mic0 killall -2 hotspot_check' after 12.1488417219s
2016-10-21 08:50:56:shell stdout: 
2016-10-21 08:51:04:no gdbExecName running, out:
2016-10-21 08:51:04:checCmd:ps -e | grep -i gdb-mic
2016-10-21 08:51:04:finished now-timestampStart < maxWaitTime*5
2016-10-21 08:51:04:now: 1477054263
2016-10-21 08:51:04:timestampStart: 1477054243
2016-10-21 08:51:04:kill cmd: killall -9 gdb-mic
2016-10-21 08:51:04:shell stdout: 
2016-10-21 08:51:04:kill cmd: ssh -T mic0 killall -9 hotspot_check
2016-10-21 08:51:04:shell stdout: 
2016-10-21 08:51:05:kill cmd: ssh -T mic0 killall -9 gdbserver
2016-10-21 08:51:05:shell stdout: 
