[INFO -- 2017-03-18 19:00:01]
Starting GDB script
[INFO -- 2017-03-18 19:00:01]
initSignal:35.0
[INFO -- 2017-03-18 19:00:01]
endSignal:40.0
[INFO -- 2017-03-18 19:00:01]
seqSignal:20
[INFO -- 2017-03-18 19:00:39]
sending 20 signals using command: 'ssh -T mic0 killall -2 clamr_openmponly' after 37.2487759651s
[INFO -- 2017-03-18 19:00:39]
sending 20 signals using command: 'ssh -T mic0 killall -2 clamr_openmponly' after 37.390178049s
[INFO -- 2017-03-18 19:00:39]
shell stdout: 
[INFO -- 2017-03-18 19:00:39]
shell stdout: 
[INFO -- 2017-03-18 19:00:40]
shell stdout: 
[INFO -- 2017-03-18 19:00:40]
shell stdout: 
[INFO -- 2017-03-18 19:00:40]
shell stdout: 
[INFO -- 2017-03-18 19:00:40]
shell stdout: 
[INFO -- 2017-03-18 19:00:41]
shell stdout: 
[INFO -- 2017-03-18 19:00:41]
shell stdout: 
[INFO -- 2017-03-18 19:00:41]
shell stdout: 
[INFO -- 2017-03-18 19:00:41]
shell stdout: 
[INFO -- 2017-03-18 19:00:42]
shell stdout: 
[INFO -- 2017-03-18 19:00:42]
shell stdout: 
[INFO -- 2017-03-18 19:00:42]
shell stdout: 
[INFO -- 2017-03-18 19:00:42]
shell stdout: 
[INFO -- 2017-03-18 19:00:42]
shell stdout: 
[INFO -- 2017-03-18 19:00:43]
shell stdout: 
[INFO -- 2017-03-18 19:00:43]
shell stdout: 
[INFO -- 2017-03-18 19:00:43]
shell stdout: 
[INFO -- 2017-03-18 19:00:43]
shell stdout: 
[INFO -- 2017-03-18 19:00:43]
shell stdout: 
[INFO -- 2017-03-18 19:00:44]
shell stdout: 
[INFO -- 2017-03-18 19:00:44]
shell stdout: 
[INFO -- 2017-03-18 19:00:44]
shell stdout: 
[INFO -- 2017-03-18 19:00:44]
shell stdout: 
[INFO -- 2017-03-18 19:00:45]
shell stdout: 
[INFO -- 2017-03-18 19:00:45]
shell stdout: 
[INFO -- 2017-03-18 19:00:45]
shell stdout: 
[INFO -- 2017-03-18 19:00:45]
shell stdout: 
[INFO -- 2017-03-18 19:00:45]
shell stdout: 
[INFO -- 2017-03-18 19:00:45]
shell stdout: 
[INFO -- 2017-03-18 19:00:46]
shell stdout: 
[INFO -- 2017-03-18 19:00:46]
shell stdout: 
[INFO -- 2017-03-18 19:00:46]
shell stdout: 
[INFO -- 2017-03-18 19:00:46]
shell stdout: 
[INFO -- 2017-03-18 19:00:47]
shell stdout: 
[INFO -- 2017-03-18 19:00:47]
shell stdout: 
[INFO -- 2017-03-18 19:00:47]
shell stdout: 
[INFO -- 2017-03-18 19:00:47]
shell stdout: 
[INFO -- 2017-03-18 19:00:48]
shell stdout: 
[INFO -- 2017-03-18 19:00:48]
shell stdout: 
[INFO -- 2017-03-18 19:01:13]
no gdbExecName running, out:
[INFO -- 2017-03-18 19:01:13]
checCmd:ps -e | grep -i gdb-mic
[INFO -- 2017-03-18 19:01:13]
finished now-timestampStart < maxWaitTime*5
[INFO -- 2017-03-18 19:01:13]
now: 1489878064
[INFO -- 2017-03-18 19:01:13]
timestampStart: 1489878001
[INFO -- 2017-03-18 19:01:13]
kill cmd: killall -9 gdb-mic
[INFO -- 2017-03-18 19:01:13]
shell stdout: 
[INFO -- 2017-03-18 19:01:13]
kill cmd: ssh -T mic0 killall -9 clamr_openmponly
[INFO -- 2017-03-18 19:01:13]
shell stdout: 
[INFO -- 2017-03-18 19:01:14]
kill cmd: ssh -T mic0 killall -9 gdbserver
[INFO -- 2017-03-18 19:01:14]
shell stdout: 
[INFO -- 2017-03-18 19:01:14]
kill cmd: ssh -T mic0 killall -9 sshd
[INFO -- 2017-03-18 19:01:14]
shell stdout: 
