2016-11-01 03:42:33:Starting GDB script
2016-11-01 03:42:34:sending signal using command: 'ssh -T mic0 killall -2 lavamd' after 0.562502033818s
2016-11-01 03:42:34:shell stdout: 
2016-11-01 03:42:35:sending signal using command: 'ssh -T mic0 killall -2 lavamd' after 1.48718225627s
2016-11-01 03:42:35:shell stdout: 
2016-11-01 03:42:35:sending signal using command: 'ssh -T mic0 killall -2 lavamd' after 1.50267926621s
2016-11-01 03:42:35:shell stdout: 
2016-11-01 03:42:37:sending signal using command: 'ssh -T mic0 killall -2 lavamd' after 3.32970854897s
2016-11-01 03:42:37:shell stdout: 
2016-11-01 03:42:37:sending signal using command: 'ssh -T mic0 killall -2 lavamd' after 3.34123663107s
2016-11-01 03:42:37:shell stdout: 
2016-11-01 03:42:38:sending signal using command: 'ssh -T mic0 killall -2 lavamd' after 4.78872945917s
2016-11-01 03:42:38:shell stdout: 
2016-11-01 03:42:40:no gdbExecName running, out:
2016-11-01 03:42:40:checCmd:ps -e | grep -i gdb-mic
2016-11-01 03:42:40:finished now-timestampStart < maxWaitTime*5
2016-11-01 03:42:40:now: 1477986159
2016-11-01 03:42:40:timestampStart: 1477986153
2016-11-01 03:42:40:kill cmd: killall -9 gdb-mic
2016-11-01 03:42:40:shell stdout: 
2016-11-01 03:42:40:kill cmd: ssh -T mic0 killall -9 lavamd
2016-11-01 03:42:40:shell stdout: 
2016-11-01 03:42:41:kill cmd: ssh -T mic0 killall -9 gdbserver
2016-11-01 03:42:41:shell stdout: 
2016-11-01 03:42:41:sending signal using command: 'ssh -T mic0 killall -2 lavamd' after 7.81598906865s
2016-11-01 03:42:41:shell stdout: 
2016-11-01 03:42:41:kill cmd: ssh -T mic0 killall -9 sshd
2016-11-01 03:42:41:shell stdout: 
