2016-10-28 16:08:14:Starting GDB script
2016-10-28 16:08:14:sending signal using command: 'ssh -T mic0 killall -2 hotspot_check' after 0.217032571624s
2016-10-28 16:08:14:shell stdout: 
2016-10-28 16:08:15:sending signal using command: 'ssh -T mic0 killall -2 hotspot_check' after 0.581785631848s
2016-10-28 16:08:15:shell stdout: 
2016-10-28 16:08:16:sending signal using command: 'ssh -T mic0 killall -2 hotspot_check' after 1.63562203418s
2016-10-28 16:08:16:shell stdout: 
2016-10-28 16:08:17:sending signal using command: 'ssh -T mic0 killall -2 hotspot_check' after 3.19330613582s
2016-10-28 16:08:17:shell stdout: 
2016-10-28 16:08:19:sending signal using command: 'ssh -T mic0 killall -2 hotspot_check' after 4.49248161086s
2016-10-28 16:08:19:shell stdout: 
2016-10-28 16:08:21:sending signal using command: 'ssh -T mic0 killall -2 hotspot_check' after 7.04784912629s
2016-10-28 16:08:21:shell stdout: 
2016-10-28 16:08:21:sending signal using command: 'ssh -T mic0 killall -2 hotspot_check' after 7.21429696335s
2016-10-28 16:08:21:shell stdout: 
2016-10-28 16:08:22:sending signal using command: 'ssh -T mic0 killall -2 hotspot_check' after 8.02512043529s
2016-10-28 16:08:22:shell stdout: 
2016-10-28 16:08:23:sending signal using command: 'ssh -T mic0 killall -2 hotspot_check' after 8.86335174178s
2016-10-28 16:08:23:shell stdout: 
2016-10-28 16:08:29:sending signal using command: 'ssh -T mic0 killall -2 hotspot_check' after 14.7305734191s
2016-10-28 16:08:29:shell stdout: 
2016-10-28 16:08:35:no gdbExecName running, out:
2016-10-28 16:08:35:checCmd:ps -e | grep -i gdb-mic
2016-10-28 16:08:35:finished now-timestampStart < maxWaitTime*5
2016-10-28 16:08:35:now: 1477685314
2016-10-28 16:08:35:timestampStart: 1477685294
2016-10-28 16:08:35:kill cmd: killall -9 gdb-mic
2016-10-28 16:08:35:shell stdout: 
2016-10-28 16:08:35:kill cmd: ssh -T mic0 killall -9 hotspot_check
2016-10-28 16:08:35:shell stdout: 
2016-10-28 16:08:36:kill cmd: ssh -T mic0 killall -9 gdbserver
2016-10-28 16:08:36:shell stdout: 
