2016-10-13 14:10:50:Initialization strings:
2016-10-13 14:10:50:(1) target extended-remote | ssh -T mic0 gdbserver --multi -
2016-10-13 14:10:50:(2) set sysroot /opt/mpss/3.7/sysroots/k1om-mpss-linux/
2016-10-13 14:10:50:(3) set sysroot /opt/mpss/3.7/sysroots/k1om-mpss-linux/
2016-10-13 14:10:50:(4) file /micNfs/gdb-fault-injection-hotspot/bin/hotspot_check
2016-10-13 14:10:50:(5) set remote exec-file /micNfs/gdb-fault-injection-hotspot/bin/hotspot_check
2016-10-13 14:10:50:(6) set args 1024 1024 2000 228 /micNfs/gdb-fault-injection-hotspot/bin/temp_1024 /micNfs/gdb-fault-injection-hotspot/bin/power_1024 /micNfs/gdb-fault-injection-hotspot/bin/GOLD_1024-2000-228
2016-10-13 14:10:51:Trying Fault Injection
2016-10-13 14:10:51:Backtrace BEGIN:
2016-10-13 14:10:51:#0  0x00007ffff71244b5 in _IO_vfscanf_internal (s=s@entry=0x7fffffffe400, format=format@entry=0x407198 "%f", argptr=argptr@entry=0x7fffffffe528, errp=errp@entry=0x0) at vfscanf.c:2553
#1  0x00007ffff71365ea in __GI___isoc99_vsscanf (string=0x7fffffffe77a "332.726158\n", format=0x407198 "%f", args=args@entry=0x7fffffffe528) at isoc99_vsscanf.c:43
#2  0x00007ffff7136569 in __isoc99_sscanf (s=<optimized out>, format=<optimized out>) at isoc99_sscanf.c:31
#3  0x0000000000401744 in read_input (vect=<optimized out>, grid_rows=<optimized out>, grid_cols=-160649200, file=<optimized out>) at hotspot_check.c:206
#4  main (argc=-7552, argv=0x0) at hotspot_check.c:264

2016-10-13 14:10:51:2548	in vfscanf.c

2016-10-13 14:10:51:Backtrace END
2016-10-13 14:10:51:Type: The type is an integer type.
2016-10-13 14:10:51:Type sizeof: 4
2016-10-13 14:10:52:Mem contents(hex):0x000x040x000x00
2016-10-13 14:10:52:base address to flip value: 0x7fffffffe604
2016-10-13 14:10:52:address max offset: 4
2016-10-13 14:10:52:Memory content before bitflip:0x000x040x000x00
2016-10-13 14:10:52:Memory content after  bitflip:0x000x040x000x20
2016-10-13 14:10:52:Mem contents(hex):0x000x040x000x20
2016-10-13 14:10:52:frame name: read_input
2016-10-13 14:10:52:symbol name: grid_cols
2016-10-13 14:10:52:symbol filename: hotspot_check.c
2016-10-13 14:10:52:symbol line: 229
2016-10-13 14:10:52:value: 536871936
2016-10-13 14:10:52:value address: 0x7fffffffe604
2016-10-13 14:10:52:Type: The type is an integer type.
2016-10-13 14:10:52:Type sizeof: 4
2016-10-13 14:10:52:Fault Injection Successful after 2.029722929s
2016-10-13 14:10:52:Fault Already Injected
2016-10-13 14:10:54:Fault Already Injected
2016-10-13 14:10:56:Fault Already Injected
2016-10-13 14:10:57:Fault Already Injected
2016-10-13 14:10:58:Fault Already Injected
2016-10-13 14:10:59:event type: exit
2016-10-13 14:10:59:exit code: 1
