2016-10-28 09:19:40:Initialization strings:
2016-10-28 09:19:40:(1) target extended-remote | ssh -T mic0 gdbserver --multi -
2016-10-28 09:19:40:(2) set sysroot /opt/mpss/3.7/sysroots/k1om-mpss-linux/
2016-10-28 09:19:40:(3) set sysroot /opt/mpss/3.7/sysroots/k1om-mpss-linux/
2016-10-28 09:19:40:(4) file /micNfs/gdb-fault-injection-lavamd/bin/lavamd
2016-10-28 09:19:40:(5) set remote exec-file /micNfs/gdb-fault-injection-lavamd/bin/lavamd
2016-10-28 09:19:40:(6) set args 228 15 /micNfs/gdb-fault-injection-lavamd/bin/input_distance_228_15 /micNfs/gdb-fault-injection-lavamd/bin/input_charges_228_15 /micNfs/gdb-fault-injection-lavamd/bin/output_gold_228_15 1
2016-10-28 09:19:41:Trying Fault Injection
2016-10-28 09:19:41:Inferior PID: 124940
2016-10-28 09:19:41:Inferior is valid: True
2016-10-28 09:19:41:Inferior #threads: 1
2016-10-28 09:19:41:Backtrace BEGIN:
2016-10-28 09:19:42:#0  0x00007ffff71505dc in __GI_memcpy (dstpp=dstpp@entry=0x7ffff4ee4648, srcpp=<optimized out>, len=<optimized out>, len@entry=8) at ../string/memcpy.c:59
#1  0x00007ffff714296b in __GI__IO_file_xsgetn (fp=0x60e1c0, data=<optimized out>, n=8) at fileops.c:1371
#2  0x00007ffff7138929 in __GI__IO_fread (buf=<optimized out>, size=1, count=8, fp=0x60e1c0) at iofread.c:42
#3  0x0000000000402670 in main (argc=7, argv=0x7fffffffec08) at main_check.c:182

2016-10-28 09:19:42:54	in ../string/memcpy.c

2016-10-28 09:19:42:Backtrace END
2016-10-28 09:19:42:Thread name: None
2016-10-28 09:19:42:Thread num: 1
2016-10-28 09:19:42:Thread ptid: (124940, 124940, 0)
2016-10-28 09:19:42:bitFlip function
2016-10-28 09:19:42:Type: The type is an integer type.
2016-10-28 09:19:42:Type sizeof: 4
2016-10-28 09:19:42:Mem contents(hex):0x070x000x000x00
2016-10-28 09:19:42:base address to flip value: 0x7fffffffe860
2016-10-28 09:19:42:address max offset: 4
2016-10-28 09:19:42:Memory content before bitflip:0x070x000x000x00
2016-10-28 09:19:42:Memory content after  bitflip:0x070x000x000x08
2016-10-28 09:19:42:Mem contents(hex):0x070x000x000x08
2016-10-28 09:19:42:frame name: main
2016-10-28 09:19:42:symbol name: argc
2016-10-28 09:19:42:symbol filename: main_check.c
2016-10-28 09:19:42:symbol line: 43
2016-10-28 09:19:42:value: 134217735
2016-10-28 09:19:42:value address: 0x7fffffffe860
2016-10-28 09:19:42:Type: The type is an integer type.
2016-10-28 09:19:42:Type sizeof: 4
2016-10-28 09:19:42:Fault Injection Successful after 2.10766601562s
2016-10-28 09:19:42:Fault Already Injected
2016-10-28 09:19:42:Fault Already Injected
2016-10-28 09:19:42:Fault Already Injected
2016-10-28 09:19:43:Fault Already Injected
2016-10-28 09:19:46:Fault Already Injected
2016-10-28 09:19:46:Fault Already Injected
2016-10-28 09:19:49:Fault Already Injected
2016-10-28 09:19:50:Fault Already Injected
2016-10-28 09:19:51:event type: exit
2016-10-28 09:19:51:exit code: 0
