[INFO -- 2017-03-26 02:18:25]
Starting GDB script
[INFO -- 2017-03-26 02:18:25]
initSignal:0.0
[INFO -- 2017-03-26 02:18:25]
endSignal:3.0
[INFO -- 2017-03-26 02:18:25]
seqSignal:30
[INFO -- 2017-03-26 02:18:25]
sending 30 signals using command: 'ssh -T mic0 killall -2 lavamd_check' after 0.183995177547s
[INFO -- 2017-03-26 02:18:25]
shell stdout: 
[INFO -- 2017-03-26 02:18:25]
sending 30 signals using command: 'ssh -T mic0 killall -2 lavamd_check' after 0.605992556816s
[INFO -- 2017-03-26 02:18:26]
shell stdout: 
[INFO -- 2017-03-26 02:18:26]
shell stdout: 
[INFO -- 2017-03-26 02:18:26]
shell stdout: 
[INFO -- 2017-03-26 02:18:26]
shell stdout: 
[INFO -- 2017-03-26 02:18:27]
shell stdout: 
[INFO -- 2017-03-26 02:18:27]
shell stdout: 
[INFO -- 2017-03-26 02:18:27]
shell stdout: 
[INFO -- 2017-03-26 02:18:27]
shell stdout: 
[INFO -- 2017-03-26 02:18:27]
sending 30 signals using command: 'ssh -T mic0 killall -2 lavamd_check' after 2.70468011713s
[INFO -- 2017-03-26 02:18:28]
shell stdout: 
[INFO -- 2017-03-26 02:18:28]
shell stdout: 
[INFO -- 2017-03-26 02:18:28]
shell stdout: 
[INFO -- 2017-03-26 02:18:28]
shell stdout: 
[INFO -- 2017-03-26 02:18:28]
shell stdout: 
[INFO -- 2017-03-26 02:18:29]
shell stdout: 
[INFO -- 2017-03-26 02:18:29]
shell stdout: 
[INFO -- 2017-03-26 02:18:29]
shell stdout: 
[INFO -- 2017-03-26 02:18:30]
shell stdout: 
[INFO -- 2017-03-26 02:18:30]
shell stdout: 
[INFO -- 2017-03-26 02:18:30]
shell stdout: 
[INFO -- 2017-03-26 02:18:31]
shell stdout: 
[INFO -- 2017-03-26 02:18:31]
shell stdout: 
[INFO -- 2017-03-26 02:18:31]
shell stdout: 
[INFO -- 2017-03-26 02:18:32]
shell stdout: 
[INFO -- 2017-03-26 02:18:32]
shell stdout: 
[INFO -- 2017-03-26 02:18:32]
shell stdout: 
[INFO -- 2017-03-26 02:18:33]
shell stdout: 
[INFO -- 2017-03-26 02:18:33]
shell stdout: 
[INFO -- 2017-03-26 02:18:33]
shell stdout: 
[INFO -- 2017-03-26 02:18:33]
shell stdout: 
[INFO -- 2017-03-26 02:18:34]
shell stdout: 
[INFO -- 2017-03-26 02:18:34]
shell stdout: 
[INFO -- 2017-03-26 02:18:34]
shell stdout: 
[INFO -- 2017-03-26 02:18:34]
shell stdout: 
[INFO -- 2017-03-26 02:18:34]
shell stdout: 
[INFO -- 2017-03-26 02:18:35]
shell stdout: 
[INFO -- 2017-03-26 02:18:35]
shell stdout: 
[INFO -- 2017-03-26 02:18:35]
shell stdout: 
[INFO -- 2017-03-26 02:18:35]
shell stdout: 
[INFO -- 2017-03-26 02:18:35]
shell stdout: 
[INFO -- 2017-03-26 02:18:35]
shell stdout: 
[INFO -- 2017-03-26 02:18:36]
shell stdout: 
[INFO -- 2017-03-26 02:18:36]
shell stdout: 
[INFO -- 2017-03-26 02:18:36]
shell stdout: 
[INFO -- 2017-03-26 02:18:36]
shell stdout: 
[INFO -- 2017-03-26 02:18:36]
shell stdout: 
[INFO -- 2017-03-26 02:18:36]
shell stdout: 
[INFO -- 2017-03-26 02:18:37]
shell stdout: 
[INFO -- 2017-03-26 02:18:37]
shell stdout: 
[INFO -- 2017-03-26 02:18:37]
shell stdout: 
[INFO -- 2017-03-26 02:18:37]
shell stdout: 
[INFO -- 2017-03-26 02:18:37]
shell stdout: 
[INFO -- 2017-03-26 02:18:37]
shell stdout: 
[INFO -- 2017-03-26 02:18:38]
shell stdout: 
[INFO -- 2017-03-26 02:18:38]
shell stdout: 
[INFO -- 2017-03-26 02:18:38]
shell stdout: 
[INFO -- 2017-03-26 02:18:38]
shell stdout: 
[INFO -- 2017-03-26 02:18:38]
shell stdout: 
[INFO -- 2017-03-26 02:18:38]
shell stdout: 
[INFO -- 2017-03-26 02:18:39]
shell stdout: 
[INFO -- 2017-03-26 02:18:39]
shell stdout: 
[INFO -- 2017-03-26 02:18:39]
shell stdout: 
[INFO -- 2017-03-26 02:18:39]
shell stdout: 
[INFO -- 2017-03-26 02:18:39]
shell stdout: 
[INFO -- 2017-03-26 02:18:39]
shell stdout: 
[INFO -- 2017-03-26 02:18:40]
shell stdout: 
[INFO -- 2017-03-26 02:18:40]
shell stdout: 
[INFO -- 2017-03-26 02:18:40]
shell stdout: 
[INFO -- 2017-03-26 02:18:40]
shell stdout: 
[INFO -- 2017-03-26 02:18:40]
shell stdout: 
[INFO -- 2017-03-26 02:18:40]
shell stdout: 
[INFO -- 2017-03-26 02:18:41]
shell stdout: 
[INFO -- 2017-03-26 02:18:41]
shell stdout: 
[INFO -- 2017-03-26 02:18:41]
shell stdout: 
[INFO -- 2017-03-26 02:18:41]
shell stdout: 
[INFO -- 2017-03-26 02:18:41]
shell stdout: 
[INFO -- 2017-03-26 02:18:41]
shell stdout: 
[INFO -- 2017-03-26 02:18:41]
shell stdout: 
[INFO -- 2017-03-26 02:18:41]
shell stdout: 
[INFO -- 2017-03-26 02:18:41]
shell stdout: 
[INFO -- 2017-03-26 02:18:42]
shell stdout: 
[INFO -- 2017-03-26 02:18:42]
shell stdout: 
[INFO -- 2017-03-26 02:18:42]
shell stdout: 
[INFO -- 2017-03-26 02:18:42]
shell stdout: 
[INFO -- 2017-03-26 02:18:42]
shell stdout: 
[INFO -- 2017-03-26 02:18:43]
shell stdout: 
[INFO -- 2017-03-26 02:18:43]
shell stdout: 
[INFO -- 2017-03-26 02:18:43]
shell stdout: 
[INFO -- 2017-03-26 02:18:44]
shell stdout: 
[INFO -- 2017-03-26 02:18:44]
shell stdout: 
[INFO -- 2017-03-26 02:18:46]
no gdbExecName running, out:
[INFO -- 2017-03-26 02:18:46]
checCmd:ps -e | grep -i gdb-mic
[INFO -- 2017-03-26 02:18:46]
finished now-timestampStart < maxWaitTime*5
[INFO -- 2017-03-26 02:18:46]
now: 1490494725
[INFO -- 2017-03-26 02:18:46]
timestampStart: 1490494705
[INFO -- 2017-03-26 02:18:46]
kill cmd: killall -9 gdb-mic
[INFO -- 2017-03-26 02:18:46]
shell stdout: 
[INFO -- 2017-03-26 02:18:46]
kill cmd: ssh -T mic0 killall -9 lavamd_check
[INFO -- 2017-03-26 02:18:46]
shell stdout: 
[INFO -- 2017-03-26 02:18:47]
kill cmd: ssh -T mic0 killall -9 gdbserver
[INFO -- 2017-03-26 02:18:47]
shell stdout: 
[INFO -- 2017-03-26 02:18:47]
kill cmd: ssh -T mic0 killall -9 sshd
[INFO -- 2017-03-26 02:18:47]
shell stdout: 
