#HEADER matrix_dim:2048 threads:228
#BEGIN Y:2017 M:01 D:26 Time:04:52:22
#IT Ite:0 KerTime:19.388819 AccTime:19.388819
#ERR  p: [1233, 1453], r: 8.0324786901473999e-01, e: 8.0245018005371094e-01
#ERR  p: [2024, 1453], r: 1.1303588747978210e-02, e: 1.1290386319160461e-02
#ERR  p: [1206, 1453], r: 7.7942520380020142e-01, e: 7.8109574317932129e-01
#ERR  p: [2016, 1453], r: 1.1376932263374329e-02, e: 1.1382222175598145e-02
#ERR  p: [1269, 1453], r: 8.3197665214538574e-01, e: 8.3165013790130615e-01
#ERR  p: [2040, 1453], r: 1.1117234826087952e-02, e: 1.1111408472061157e-02
#ERR  p: [1161, 1453], r: 7.4727535247802734e-01, e: 7.4682104587554932e-01
#ERR  p: [2032, 1453], r: 1.1195629835128784e-02, e: 1.1199623346328735e-02
#ERR  p: [1197, 1453], r: 7.7264904975891113e-01, e: 7.7406603097915649e-01
#ERR  p: [1242, 1453], r: 8.0870234966278076e-01, e: 8.0970001220703125e-01
#ERR  p: [1215, 1453], r: 7.8888636827468872e-01, e: 7.8829789161682129e-01
#ERR  p: [1989, 1453], r: 1.1679098010063171e-02, e: 1.1690899729728699e-02
#ERR  p: [1188, 1453], r: 7.6903164386749268e-01, e: 7.6729869842529297e-01
#ERR  p: [1998, 1453], r: 1.1608779430389404e-02, e: 1.1587738990783691e-02
#ERR  p: [1962, 1453], r: 1.2002274394035339e-02, e: 1.2014046311378479e-02
#ERR  p: [1917, 1453], r: 1.2556105852127075e-02, e: 1.2564256787300110e-02
#ERR  p: [1890, 1453], r: 1.2898966670036316e-02, e: 1.2906372547149658e-02
#ERR  p: [1926, 1453], r: 1.2460604310035706e-02, e: 1.2449070811271667e-02
#ERR  p: [1971, 1453], r: 1.1909216642379761e-02, e: 1.1906355619430542e-02
#ERR  p: [1980, 1453], r: 1.1800974607467651e-02, e: 1.1797457933425903e-02
#ERR  p: [1899, 1453], r: 1.2805968523025513e-02, e: 1.2792572379112244e-02
#ERR  p: [1953, 1453], r: 1.2125357985496521e-02, e: 1.2122169137001038e-02
#ERR  p: [1845, 1453], r: 1.3512462377548218e-02, e: 1.3501748442649841e-02
#ERR  p: [2007, 1454], r: 1.1491611599922180e-02, e: 1.1491879820823669e-02
#ERR  p: [1233, 1454], r: 8.0252510309219360e-01, e: 8.0172592401504517e-01
#ERR  p: [1881, 1453], r: 1.3040572404861450e-02, e: 1.3026311993598938e-02
#ERR  p: [1179, 1453], r: 7.6144301891326904e-01, e: 7.6020514965057373e-01
#ERR  p: [1170, 1453], r: 7.5379818677902222e-01, e: 7.5339299440383911e-01
#ERR  p: [1944, 1453], r: 1.2235805392265320e-02, e: 1.2229472398757935e-02
#ERR  p: [1908, 1453], r: 1.2686058878898621e-02, e: 1.2676581740379333e-02
#ERR  p: [1935, 1453], r: 1.2341856956481934e-02, e: 1.2341499328613281e-02
#ERR  p: [1872, 1453], r: 1.3165012001991272e-02, e: 1.3144001364707947e-02
#ERR  p: [1251, 1453], r: 8.1754040718078613e-01, e: 8.1699210405349731e-01
#ERR  p: [1827, 1453], r: 1.3730272650718689e-02, e: 1.3748928904533386e-02
#ERR  p: [1278, 1453], r: 8.3755731582641602e-01, e: 8.3966410160064697e-01
#ERR  p: [1854, 1453], r: 1.3402864336967468e-02, e: 1.3381749391555786e-02
#ERR  p: [1116, 1453], r: 7.1262770891189575e-01, e: 7.1377021074295044e-01
#ERR  p: [1224, 1453], r: 7.9720503091812134e-01, e: 7.9521054029464722e-01
#ERR  p: [1152, 1453], r: 7.4017220735549927e-01, e: 7.4005734920501709e-01
#ERR  p: [1863, 1453], r: 1.3267874717712402e-02, e: 1.3263419270515442e-02
#ERR  p: [1818, 1453], r: 1.3907566666603088e-02, e: 1.3874143362045288e-02
#ERR  p: [1260, 1453], r: 8.2340580224990845e-01, e: 8.2446485757827759e-01
#ERR  p: [1809, 1453], r: 1.3984695076942444e-02, e: 1.3997793197631836e-02
#ERR  p: [1836, 1453], r: 1.3638213276863098e-02, e: 1.3629466295242310e-02
#ERR  p: [1782, 1453], r: 1.4372929930686951e-02, e: 1.4380767941474915e-02
#ERR  p: [1791, 1453], r: 1.4248788356781006e-02, e: 1.4254182577133179e-02
#ERR  p: [1125, 1453], r: 7.1999913454055786e-01, e: 7.2053682804107666e-01
#ERR  p: [1296, 1453], r: 8.5683959722518921e-01, e: 8.5475993156433105e-01
#ERR  p: [1134, 1453], r: 7.2839796543121338e-01, e: 7.2683340311050415e-01
#ERR  p: [1143, 1453], r: 7.3476260900497437e-01, e: 7.3338669538497925e-01
#ERR  p: [1287, 1453], r: 8.4623807668685913e-01, e: 8.4692561626434326e-01
#ERR  p: [1728, 1453], r: 1.5169858932495117e-02, e: 1.5181288123130798e-02
#ERR  p: [1800, 1453], r: 1.4108687639236450e-02, e: 1.4125376939773560e-02
#ERR  p: [1773, 1453], r: 1.4538303017616272e-02, e: 1.4511659741401672e-02
#ERR  p: [1737, 1453], r: 1.5027806162834167e-02, e: 1.5045538544654846e-02
#ERR  p: [1764, 1453], r: 1.4650940895080566e-02, e: 1.4644548296928406e-02
#ERR  p: [1746, 1453], r: 1.4882802963256836e-02, e: 1.4908581972122192e-02
#ERR  p: [1755, 1453], r: 1.4790683984756470e-02, e: 1.4774709939956665e-02
#ERR  p: [1386, 1453], r: 9.3474161624908447e-01, e: 9.3486016988754272e-01
#ERR  p: [1701, 1453], r: 1.5625923871994019e-02, e: 1.5594258904457092e-02
#ERR  p: [1485, 1453], r: 1.9337698817253113e-02, e: 1.9354239106178284e-02
#ERR  p: [1377, 1453], r: 9.2541259527206421e-01, e: 9.2660117149353027e-01
#ERR  p: [1404, 1453], r: 9.5240855216979980e-01, e: 9.5187777280807495e-01
#ERR  p: [1305, 1453], r: 8.6343061923980713e-01, e: 8.6226212978363037e-01
#ERR  p: [1431, 1453], r: 9.7774648666381836e-01, e: 9.7843408584594727e-01
#ERR  p: [1395, 1453], r: 9.4514048099517822e-01, e: 9.4370609521865845e-01
#ERR  p: [1413, 1453], r: 9.6076560020446777e-01, e: 9.6020460128784180e-01
#ERR  p: [1341, 1453], r: 8.9489418268203735e-01, e: 8.9411252737045288e-01
#ERR  p: [1476, 1453], r: 1.9562631845474243e-02, e: 1.9529759883880615e-02
#ERR  p: [1521, 1453], r: 1.8645241856575012e-02, e: 1.8663898110389709e-02
#ERR  p: [1449, 1453], r: 9.9646806716918945e-01, e: 9.9610370397567749e-01
#ERR  p: [1098, 1453], r: 7.0171415805816650e-01, e: 7.0135605335235596e-01
#ERR  p: [1089, 1453], r: 6.9588840007781982e-01, e: 6.9490277767181396e-01
#ERR  p: [1107, 1453], r: 7.1092545986175537e-01, e: 7.0756620168685913e-01
#ERR  p: [1350, 1453], r: 9.0292459726333618e-01, e: 9.0206450223922729e-01
#ERR  p: [1323, 1453], r: 8.7836617231369019e-01, e: 8.7795460224151611e-01
#ERR  p: [1458, 1453], r: 1.9880145788192749e-02, e: 1.9885718822479248e-02
#ERR  p: [1638, 1453], r: 1.6611129045486450e-02, e: 1.6608208417892456e-02
#ERR  p: [1332, 1453], r: 8.8536220788955688e-01, e: 8.8597506284713745e-01
#ERR  p: [1422, 1453], r: 9.6839970350265503e-01, e: 9.6972292661666870e-01
#ERR  p: [1314, 1453], r: 8.7318074703216553e-01, e: 8.7034571170806885e-01
#ERR  p: [1359, 1453], r: 9.0952330827713013e-01, e: 9.1015577316284180e-01
#ERR  p: [1368, 1453], r: 9.1751444339752197e-01, e: 9.1849786043167114e-01
#ERR  p: [1656, 1453], r: 1.6304343938827515e-02, e: 1.6311511397361755e-02
#ERR  p: [1629, 1453], r: 1.6739338636398315e-02, e: 1.6759037971496582e-02
#ERR  p: [1665, 1453], r: 1.6148969531059265e-02, e: 1.6167506575584412e-02
#ERR  p: [1206, 1454], r: 7.7853620052337646e-01, e: 7.8019225597381592e-01
#ERR  p: [1620, 1453], r: 1.6906261444091797e-02, e: 1.6910746693611145e-02
#ERR  p: [1494, 1453], r: 1.9157469272613525e-02, e: 1.9183665513992310e-02
#ERR  p: [1593, 1453], r: 1.7379850149154663e-02, e: 1.7376676201820374e-02
#ERR  p: [1503, 1453], r: 1.9007802009582520e-02, e: 1.9007474184036255e-02
#ERR  p: [1557, 1453], r: 1.7997115850448608e-02, e: 1.8012031912803650e-02
#ERR  p: [1539, 1453], r: 1.8329203128814697e-02, e: 1.8337264657020569e-02
#ERR  p: [1611, 1453], r: 1.7076164484024048e-02, e: 1.7062216997146606e-02
#ERR  p: [1269, 1454], r: 8.3129376173019409e-01, e: 8.3098244667053223e-01
#ERR  p: [1512, 1453], r: 1.8850371241569519e-02, e: 1.8835872411727905e-02
#ERR  p: [2024, 1454], r: 1.1298671364784241e-02, e: 1.1298403143882751e-02
#ERR  p: [1584, 1453], r: 1.7545223236083984e-02, e: 1.7532855272293091e-02
#ERR  p: [1530, 1453], r: 1.8531814217567444e-02, e: 1.8502250313758850e-02
#ERR  p: [1692, 1453], r: 1.5744596719741821e-02, e: 1.5735983848571777e-02
#ERR  p: [2016, 1454], r: 1.1388733983039856e-02, e: 1.1388793587684631e-02
#ERR  p: [1710, 1453], r: 1.5454977750778198e-02, e: 1.5457510948181152e-02
#ERR  p: [1719, 1453], r: 1.5356138348579407e-02, e: 1.5317991375923157e-02
#ERR  p: [1683, 1453], r: 1.5875279903411865e-02, e: 1.5876203775405884e-02
#ERR  p: [1647, 1453], r: 1.6492366790771484e-02, e: 1.6456961631774902e-02
#ERR  p: [1602, 1453], r: 1.7223685979843140e-02, e: 1.7220437526702881e-02
#ERR  p: [1566, 1453], r: 1.7846211791038513e-02, e: 1.7846599221229553e-02
#ERR  p: [1674, 1453], r: 1.5983745455741882e-02, e: 1.6020804643630981e-02
#ERR  p: [1440, 1453], r: 9.8672646284103394e-01, e: 9.8691886663436890e-01
#ERR  p: [1088, 1453], r: 6.6394143104553223e+00, e: 6.9419389963150024e-01
#ERR  p: [1467, 1453], r: 1.9682615995407104e-02, e: 1.9705891609191895e-02
#ERR  p: [1548, 1453], r: 1.8165573477745056e-02, e: 1.8174067139625549e-02
#ERR  p: [1575, 1453], r: 1.7689242959022522e-02, e: 1.7685890197753906e-02
#ERR  p: [2040, 1454], r: 1.1118173599243164e-02, e: 1.1118695139884949e-02
#ERR  p: [1161, 1454], r: 7.4639064073562622e-01, e: 7.4593710899353027e-01
#ERR  p: [2032, 1454], r: 1.1207669973373413e-02, e: 1.1208057403564453e-02
#ERR  p: [1197, 1454], r: 7.7197712659835815e-01, e: 7.7340155839920044e-01
#ERR  p: [1242, 1454], r: 8.0789923667907715e-01, e: 8.0888575315475464e-01
#ERR  p: [1215, 1454], r: 7.8800326585769653e-01, e: 7.8742074966430664e-01
#ERR  p: [1989, 1454], r: 1.1701107025146484e-02, e: 1.1700600385665894e-02
#ERR  p: [1188, 1454], r: 7.6822769641876221e-01, e: 7.6648509502410889e-01
#ERR  p: [1998, 1454], r: 1.1596709489822388e-02, e: 1.1596873402595520e-02
#ERR  p: [1962, 1454], r: 1.2023150920867920e-02, e: 1.2022152543067932e-02
#ERR  p: [1386, 1454], r: 9.3381398916244507e-01, e: 9.3396162986755371e-01
#ERR  p: [1917, 1454], r: 1.2577190995216370e-02, e: 1.2576937675476074e-02
#ERR  p: [1890, 1454], r: 1.2920215725898743e-02, e: 1.2920260429382324e-02
#ERR  p: [1926, 1454], r: 1.2463465332984924e-02, e: 1.2463852763175964e-02
#ERR  p: [1971, 1454], r: 1.1914566159248352e-02, e: 1.1914238333702087e-02
#ERR  p: [1980, 1454], r: 1.1806249618530273e-02, e: 1.1806786060333252e-02
#ERR  p: [1899, 1454], r: 1.2802541255950928e-02, e: 1.2801870703697205e-02
#ERR  p: [1845, 1454], r: 1.3514131307601929e-02, e: 1.3513818383216858e-02
#ERR  p: [1953, 1454], r: 1.2128785252571106e-02, e: 1.2128442525863647e-02
#ERR  p: [2007, 1455], r: 1.1503577232360840e-02, e: 1.1503890156745911e-02
#ERR  p: [1233, 1455], r: 8.0177390575408936e-01, e: 8.0098354816436768e-01
#ERR  p: [1881, 1454], r: 1.3032674789428711e-02, e: 1.3033717870712280e-02
#ERR  p: [1179, 1454], r: 7.6091951131820679e-01, e: 7.5968015193939209e-01
#ERR  p: [1170, 1454], r: 7.5321626663208008e-01, e: 7.5281393527984619e-01
#ERR  p: [1944, 1454], r: 1.2238010764122009e-02, e: 1.2237653136253357e-02
#ERR  p: [1935, 1454], r: 1.2349441647529602e-02, e: 1.2350633740425110e-02
#ERR  p: [1908, 1454], r: 1.2687504291534424e-02, e: 1.2688159942626953e-02
#ERR  p: [1872, 1454], r: 1.3153314590454102e-02, e: 1.3153478503227234e-02
#ERR  p: [1251, 1454], r: 8.1687539815902710e-01, e: 8.1633156538009644e-01
#ERR  p: [1152, 1454], r: 7.3939061164855957e-01, e: 7.3928624391555786e-01
#ERR  p: [1827, 1454], r: 1.3758733868598938e-02, e: 1.3758122920989990e-02
#ERR  p: [1854, 1454], r: 1.3391837477684021e-02, e: 1.3391628861427307e-02
#ERR  p: [1116, 1454], r: 7.1196717023849487e-01, e: 7.1310818195343018e-01
#ERR  p: [1278, 1454], r: 8.3655238151550293e-01, e: 8.3867710828781128e-01
#ERR  p: [1809, 1454], r: 1.4010965824127197e-02, e: 1.4010399580001831e-02
#ERR  p: [1224, 1454], r: 7.9649043083190918e-01, e: 7.9449671506881714e-01
#ERR  p: [1863, 1454], r: 1.3270527124404907e-02, e: 1.3269826769828796e-02
#ERR  p: [1260, 1454], r: 8.2249599695205688e-01, e: 8.2354456186294556e-01
#ERR  p: [1782, 1454], r: 1.4391422271728516e-02, e: 1.4391720294952393e-02
#ERR  p: [1818, 1454], r: 1.3881430029869080e-02, e: 1.3881638646125793e-02
#ERR  p: [1836, 1454], r: 1.3633146882057190e-02, e: 1.3632699847221375e-02
#ERR  p: [1791, 1454], r: 1.4263242483139038e-02, e: 1.4263391494750977e-02
#ERR  p: [1125, 1454], r: 7.1923321485519409e-01, e: 7.1977204084396362e-01
#ERR  p: [1134, 1454], r: 7.2773128747940063e-01, e: 7.2617042064666748e-01
#ERR  p: [1296, 1454], r: 8.5594147443771362e-01, e: 8.5385286808013916e-01
#ERR  p: [1143, 1454], r: 7.3410373926162720e-01, e: 7.3273569345474243e-01
#ERR  p: [1728, 1454], r: 1.5189036726951599e-02, e: 1.5189751982688904e-02
#ERR  p: [1287, 1454], r: 8.4553855657577515e-01, e: 8.4626007080078125e-01
#ERR  p: [1800, 1454], r: 1.4137238264083862e-02, e: 1.4136493206024170e-02
#ERR  p: [1773, 1454], r: 1.4521151781082153e-02, e: 1.4521479606628418e-02
#ERR  p: [1737, 1454], r: 1.5054151415824890e-02, e: 1.5055075287818909e-02
#ERR  p: [1764, 1454], r: 1.4650523662567139e-02, e: 1.4650762081146240e-02
#ERR  p: [1746, 1454], r: 1.4919623732566833e-02, e: 1.4919087290763855e-02
#ERR  p: [1755, 1454], r: 1.4785230159759521e-02, e: 1.4785498380661011e-02
#ERR  p: [1701, 1454], r: 1.5607491135597229e-02, e: 1.5607386827468872e-02
#ERR  p: [1404, 1454], r: 9.5160567760467529e-01, e: 9.5109647512435913e-01
#ERR  p: [1485, 1454], r: 1.9369125366210938e-02, e: 1.9369363784790039e-02
#ERR  p: [1377, 1454], r: 9.2456352710723877e-01, e: 9.2579978704452515e-01
#ERR  p: [1431, 1454], r: 9.7669798135757446e-01, e: 9.7734379768371582e-01
#ERR  p: [1305, 1454], r: 8.6268121004104614e-01, e: 8.6151421070098877e-01
#ERR  p: [1395, 1454], r: 9.4419664144515991e-01, e: 9.4276356697082520e-01
#ERR  p: [1413, 1454], r: 9.6035665273666382e-01, e: 9.5971661806106567e-01
#ERR  p: [1341, 1454], r: 8.9397233724594116e-01, e: 8.9317429065704346e-01
#ERR  p: [1449, 1454], r: 9.9530386924743652e-01, e: 9.9488300085067749e-01
#ERR  p: [1098, 1454], r: 7.0087718963623047e-01, e: 7.0050716400146484e-01
#ERR  p: [1476, 1454], r: 1.9539594650268555e-02, e: 1.9539386034011841e-02
#ERR  p: [1521, 1454], r: 1.8688112497329712e-02, e: 1.8688768148422241e-02
#ERR  p: [1089, 1454], r: 6.9526869058609009e-01, e: 6.9427990913391113e-01
#ERR  p: [1107, 1454], r: 7.1015787124633789e-01, e: 7.0679450035095215e-01
#ERR  p: [1323, 1454], r: 8.7753403186798096e-01, e: 8.7715971469879150e-01
#ERR  p: [1332, 1454], r: 8.8439673185348511e-01, e: 8.8498121500015259e-01
#ERR  p: [1638, 1454], r: 1.6621619462966919e-02, e: 1.6621470451354980e-02
#ERR  p: [1314, 1454], r: 8.7211591005325317e-01, e: 8.6924338340759277e-01
#ERR  p: [1458, 1454], r: 1.9897103309631348e-02, e: 1.9897758960723877e-02
#ERR  p: [1359, 1454], r: 9.0865516662597656e-01, e: 9.0926975011825562e-01
#ERR  p: [1350, 1454], r: 9.0203881263732910e-01, e: 9.0116006135940552e-01
#ERR  p: [1422, 1454], r: 9.6757471561431885e-01, e: 9.6890097856521606e-01
#ERR  p: [1368, 1454], r: 9.1631561517715454e-01, e: 9.1731464862823486e-01
#ERR  p: [1656, 1454], r: 1.6323164105415344e-02, e: 1.6323730349540710e-02
#ERR  p: [1665, 1454], r: 1.6175165772438049e-02, e: 1.6175717115402222e-02
#ERR  p: [1629, 1454], r: 1.6767889261245728e-02, e: 1.6768261790275574e-02
#ERR  p: [1206, 1455], r: 7.7782028913497925e-01, e: 7.7947330474853516e-01
#ERR  p: [1611, 1454], r: 1.7078235745429993e-02, e: 1.7077669501304626e-02
#ERR  p: [1557, 1454], r: 1.8022254109382629e-02, e: 1.8021076917648315e-02
#ERR  p: [1269, 1455], r: 8.3050715923309326e-01, e: 8.3019661903381348e-01
#ERR  p: [1593, 1454], r: 1.7382785677909851e-02, e: 1.7382651567459106e-02
#ERR  p: [1620, 1454], r: 1.6922399401664734e-02, e: 1.6922295093536377e-02
#ERR  p: [1539, 1454], r: 1.8350839614868164e-02, e: 1.8352210521697998e-02
#ERR  p: [1494, 1454], r: 1.9189685583114624e-02, e: 1.9190311431884766e-02
#ERR  p: [1503, 1454], r: 1.9022464752197266e-02, e: 1.9022613763809204e-02
#ERR  p: [2024, 1455], r: 1.1310398578643799e-02, e: 1.1311560869216919e-02
#ERR  p: [1512, 1454], r: 1.8851071596145630e-02, e: 1.8851816654205322e-02
#ERR  p: [1584, 1454], r: 1.7543166875839233e-02, e: 1.7543137073516846e-02
#ERR  p: [2016, 1455], r: 1.1399149894714355e-02, e: 1.1399328708648682e-02
#ERR  p: [1692, 1454], r: 1.5745297074317932e-02, e: 1.5744552016258240e-02
#ERR  p: [1719, 1454], r: 1.5329182147979736e-02, e: 1.5329211950302124e-02
#ERR  p: [1710, 1454], r: 1.5464827418327332e-02, e: 1.5464872121810913e-02
#ERR  p: [1530, 1454], r: 1.8519312143325806e-02, e: 1.8518924713134766e-02
#ERR  p: [1674, 1454], r: 1.6034424304962158e-02, e: 1.6034960746765137e-02
#ERR  p: [1088, 1454], r: 6.6327304840087891e+00, e: 6.9342422485351562e-01
#ERR  p: [1602, 1454], r: 1.7227128148078918e-02, e: 1.7227321863174438e-02
#ERR  p: [1647, 1454], r: 1.6471594572067261e-02, e: 1.6470625996589661e-02
#ERR  p: [1683, 1454], r: 1.5891730785369873e-02, e: 1.5891090035438538e-02
#ERR  p: [1566, 1454], r: 1.7862886190414429e-02, e: 1.7865300178527832e-02
#ERR  p: [1548, 1454], r: 1.8185436725616455e-02, e: 1.8184423446655273e-02
#ERR  p: [1161, 1455], r: 7.4572604894638062e-01, e: 7.4528443813323975e-01
#ERR  p: [1467, 1454], r: 1.9720375537872314e-02, e: 1.9721567630767822e-02
#ERR  p: [1440, 1454], r: 9.8607021570205688e-01, e: 9.8618209362030029e-01
#ERR  p: [1575, 1454], r: 1.7698422074317932e-02, e: 1.7699345946311951e-02
#ERR  p: [2040, 1455], r: 1.1130258440971375e-02, e: 1.1130467057228088e-02
#ERR  p: [2032, 1455], r: 1.1218369007110596e-02, e: 1.1218726634979248e-02
#ERR  p: [1197, 1455], r: 7.7106434106826782e-01, e: 7.7247154712677002e-01
#ERR  p: [1242, 1455], r: 8.0702984333038330e-01, e: 8.0803048610687256e-01
#ERR  p: [1215, 1455], r: 7.8719329833984375e-01, e: 7.8661149740219116e-01
#ERR  p: [1989, 1455], r: 1.1712163686752319e-02, e: 1.1713013052940369e-02
#ERR  p: [1188, 1455], r: 7.6729792356491089e-01, e: 7.6558065414428711e-01
#ERR  p: [1998, 1455], r: 1.1606365442276001e-02, e: 1.1606872081756592e-02
#ERR  p: [1962, 1455], r: 1.2029975652694702e-02, e: 1.2031137943267822e-02
#ERR  p: [1386, 1455], r: 9.3316525220870972e-01, e: 9.3329423666000366e-01
#ERR  p: [1917, 1455], r: 1.2583732604980469e-02, e: 1.2585029006004333e-02
#ERR  p: [1404, 1455], r: 9.5035994052886963e-01, e: 9.4980758428573608e-01
#ERR  p: [1890, 1455], r: 1.2929052114486694e-02, e: 1.2929335236549377e-02
#ERR  p: [1926, 1455], r: 1.2472882866859436e-02, e: 1.2474164366722107e-02
#ERR  p: [1971, 1455], r: 1.1923804879188538e-02, e: 1.1925071477890015e-02
#ERR  p: [1980, 1455], r: 1.1819466948509216e-02, e: 1.1819019913673401e-02
#ERR  p: [1899, 1455], r: 1.2817800045013428e-02, e: 1.2818440794944763e-02
#ERR  p: [1845, 1455], r: 1.3526618480682373e-02, e: 1.3527348637580872e-02
#ERR  p: [1953, 1455], r: 1.2141332030296326e-02, e: 1.2143090367317200e-02
#ERR  p: [1881, 1455], r: 1.3048991560935974e-02, e: 1.3048931956291199e-02
#ERR  p: [2007, 1456], r: 1.1526107788085938e-02, e: 1.1518105864524841e-02
#ERR  p: [1872, 1455], r: 1.3166278600692749e-02, e: 1.3166785240173340e-02
#ERR  p: [1179, 1455], r: 7.5996947288513184e-01, e: 7.5874650478363037e-01
#ERR  p: [1170, 1455], r: 7.5254738330841064e-01, e: 7.5213015079498291e-01
#ERR  p: [1935, 1455], r: 1.2362733483314514e-02, e: 1.2362390756607056e-02
#ERR  p: [1944, 1455], r: 1.2254267930984497e-02, e: 1.2254253029823303e-02
#ERR  p: [1908, 1455], r: 1.2703999876976013e-02, e: 1.2703642249107361e-02
#ERR  p: [1234, 1453], r: 8.0459618568420410e-01, e: 8.0333381891250610e-01
#ERR  p: [1251, 1455], r: 8.1586229801177979e-01, e: 8.1531971693038940e-01
#ERR  p: [1152, 1455], r: 7.3879843950271606e-01, e: 7.3869705200195312e-01
#ERR  p: [1854, 1455], r: 1.3406753540039062e-02, e: 1.3407528400421143e-02
#ERR  p: [1827, 1455], r: 1.3773620128631592e-02, e: 1.3774320483207703e-02
#ERR  p: [1116, 1455], r: 7.1121716499328613e-01, e: 7.1234774589538574e-01
#ERR  p: [1278, 1455], r: 8.3576083183288574e-01, e: 8.3791613578796387e-01
#ERR  p: [1809, 1455], r: 1.4020368456840515e-02, e: 1.4022335410118103e-02
#ERR  p: [1863, 1455], r: 1.3285219669342041e-02, e: 1.3285830616950989e-02
#ERR  p: [1224, 1455], r: 7.9590272903442383e-01, e: 7.9391568899154663e-01
#ERR  p: [1782, 1455], r: 1.4406397938728333e-02, e: 1.4406785368919373e-02
#ERR  p: [1260, 1455], r: 8.2186204195022583e-01, e: 8.2292407751083374e-01
#ERR  p: [1818, 1455], r: 1.3896584510803223e-02, e: 1.3896539807319641e-02
#ERR  p: [1836, 1455], r: 1.3649791479110718e-02, e: 1.3650670647621155e-02
#ERR  p: [1791, 1455], r: 1.4274239540100098e-02, e: 1.4274433255195618e-02
#ERR  p: [1125, 1455], r: 7.1831518411636353e-01, e: 7.1885216236114502e-01
#ERR  p: [1134, 1455], r: 7.2702133655548096e-01, e: 7.2546195983886719e-01
#ERR  p: [1296, 1455], r: 8.5522985458374023e-01, e: 8.5317111015319824e-01
#ERR  p: [1143, 1455], r: 7.3329949378967285e-01, e: 7.3193103075027466e-01
#ERR  p: [1728, 1455], r: 1.5207394957542419e-02, e: 1.5207350254058838e-02
#ERR  p: [1287, 1455], r: 8.4456276893615723e-01, e: 8.4528315067291260e-01
#ERR  p: [1800, 1455], r: 1.4149025082588196e-02, e: 1.4149799942970276e-02
#ERR  p: [1764, 1455], r: 1.4667868614196777e-02, e: 1.4667496085166931e-02
#ERR  p: [1773, 1455], r: 1.4534711837768555e-02, e: 1.4536291360855103e-02
#ERR  p: [1737, 1455], r: 1.5069589018821716e-02, e: 1.5068799257278442e-02
#ERR  p: [1746, 1455], r: 1.4933899044990540e-02, e: 1.4933750033378601e-02
#ERR  p: [1755, 1455], r: 1.4801904559135437e-02, e: 1.4801979064941406e-02
#ERR  p: [1701, 1455], r: 1.5617936849594116e-02, e: 1.5619069337844849e-02
#ERR  p: [1377, 1455], r: 9.2351406812667847e-01, e: 9.2475038766860962e-01
#ERR  p: [1485, 1455], r: 1.9387692213058472e-02, e: 1.9387215375900269e-02
#ERR  p: [1431, 1455], r: 9.7549587488174438e-01, e: 9.7619539499282837e-01
#ERR  p: [1305, 1455], r: 8.6155223846435547e-01, e: 8.6041283607482910e-01
#ERR  p: [1413, 1455], r: 9.5916789770126343e-01, e: 9.5865201950073242e-01
#ERR  p: [1395, 1455], r: 9.4310921430587769e-01, e: 9.4170182943344116e-01
#ERR  p: [1449, 1455], r: 9.9444556236267090e-01, e: 9.9411380290985107e-01
#ERR  p: [1098, 1455], r: 7.0026254653930664e-01, e: 6.9988584518432617e-01
#ERR  p: [1341, 1455], r: 8.9324885606765747e-01, e: 8.9243739843368530e-01
#ERR  p: [1476, 1455], r: 1.9567817449569702e-02, e: 1.9567728042602539e-02
#ERR  p: [1521, 1455], r: 1.8701434135437012e-02, e: 1.8700331449508667e-02
#ERR  p: [1089, 1455], r: 6.9455349445343018e-01, e: 6.9359594583511353e-01
#ERR  p: [1107, 1455], r: 7.0950293540954590e-01, e: 7.0615559816360474e-01
#ERR  p: [1323, 1455], r: 8.7671381235122681e-01, e: 8.7633049488067627e-01
#ERR  p: [1332, 1455], r: 8.8367575407028198e-01, e: 8.8428711891174316e-01
#ERR  p: [1314, 1455], r: 8.7130427360534668e-01, e: 8.6843770742416382e-01
#ERR  p: [1359, 1455], r: 9.0781688690185547e-01, e: 9.0845829248428345e-01
#ERR  p: [1458, 1455], r: 1.9921243190765381e-02, e: 1.9922167062759399e-02
#ERR  p: [1638, 1455], r: 1.6635641455650330e-02, e: 1.6635194420814514e-02
#ERR  p: [1350, 1455], r: 9.0114736557006836e-01, e: 9.0031301975250244e-01
#ERR  p: [1665, 1455], r: 1.6197666525840759e-02, e: 1.6198709607124329e-02
#ERR  p: [1422, 1455], r: 9.6643197536468506e-01, e: 9.6778804063796997e-01
#ERR  p: [1629, 1455], r: 1.6788303852081299e-02, e: 1.6788795590400696e-02
#ERR  p: [1656, 1455], r: 1.6343653202056885e-02, e: 1.6342952847480774e-02
#ERR  p: [1368, 1455], r: 9.1550666093826294e-01, e: 9.1648185253143311e-01
#ERR  p: [1611, 1455], r: 1.7090797424316406e-02, e: 1.7091780900955200e-02
#ERR  p: [1584, 1455], r: 1.7561376094818115e-02, e: 1.7562568187713623e-02
#ERR  p: [1620, 1455], r: 1.6938656568527222e-02, e: 1.6940206289291382e-02
#ERR  p: [1494, 1455], r: 1.9218921661376953e-02, e: 1.9219458103179932e-02
#ERR  p: [1539, 1455], r: 1.8367171287536621e-02, e: 1.8366575241088867e-02
#ERR  p: [1557, 1455], r: 1.8045157194137573e-02, e: 1.8046051263809204e-02
#ERR  p: [1270, 1453], r: 8.3165860176086426e-01, e: 8.3284056186676025e-01
#ERR  p: [1692, 1455], r: 1.5763476490974426e-02, e: 1.5764772891998291e-02
#ERR  p: [1674, 1455], r: 1.6048654913902283e-02, e: 1.6049981117248535e-02
#ERR  p: [1207, 1453], r: 7.8237688541412354e-01, e: 7.8187948465347290e-01
#ERR  p: [1710, 1455], r: 1.5483945608139038e-02, e: 1.5484899282455444e-02
#ERR  p: [1719, 1455], r: 1.5342399477958679e-02, e: 1.5343323349952698e-02
#ERR  p: [1683, 1455], r: 1.5904307365417480e-02, e: 1.5905603766441345e-02
#ERR  p: [1593, 1455], r: 1.7406523227691650e-02, e: 1.7407655715942383e-02
#ERR  p: [1548, 1455], r: 1.8204778432846069e-02, e: 1.8205881118774414e-02
#ERR  p: [1512, 1455], r: 1.8874108791351318e-02, e: 1.8874824047088623e-02
#ERR  p: [2024, 1456], r: 1.1319786310195923e-02, e: 1.1324793100357056e-02
#ERR  p: [1467, 1455], r: 1.9743382930755615e-02, e: 1.9743502140045166e-02
#ERR  p: [1602, 1455], r: 1.7250269651412964e-02, e: 1.7251282930374146e-02
#ERR  p: [1647, 1455], r: 1.6491472721099854e-02, e: 1.6492649912834167e-02
#ERR  p: [1566, 1455], r: 1.7877370119094849e-02, e: 1.7876684665679932e-02
#ERR  p: [1530, 1455], r: 1.8536448478698730e-02, e: 1.8537670373916626e-02
#ERR  p: [1440, 1455], r: 9.8478913307189941e-01, e: 9.8499047756195068e-01
#ERR  p: [1503, 1455], r: 1.9045412540435791e-02, e: 1.9045680761337280e-02
#ERR  p: [2016, 1456], r: 1.1431649327278137e-02, e: 1.1418759822845459e-02
#ERR  p: [1088, 1455], r: 6.6260862350463867e+00, e: 6.9271051883697510e-01
#ERR  p: [1575, 1455], r: 1.7722547054290771e-02, e: 1.7723888158798218e-02
#ERR  p: [2032, 1456], r: 1.1246129870414734e-02, e: 1.1234179139137268e-02
#ERR  p: [1162, 1453], r: 7.4854928255081177e-01, e: 7.4754834175109863e-01
#ERR  p: [2040, 1456], r: 1.1144638061523438e-02, e: 1.1142551898956299e-02
#ERR  p: [1198, 1453], r: 7.7637809514999390e-01, e: 7.7492386102676392e-01
#ERR  p: [1243, 1453], r: 8.0709207057952881e-01, e: 8.1045824289321899e-01
#ERR  p: [1216, 1453], r: 7.8823810815811157e-01, e: 7.8884589672088623e-01
#ERR  p: [1989, 1456], r: 1.1747419834136963e-02, e: 1.1727765202522278e-02
#ERR  p: [1225, 1453], r: 7.9439479112625122e-01, e: 7.9627352952957153e-01
#ERR  p: [1189, 1453], r: 7.6590776443481445e-01, e: 7.6792544126510620e-01
#ERR  p: [1998, 1456], r: 1.1609971523284912e-02, e: 1.1622816324234009e-02
#ERR  p: [1962, 1456], r: 1.2069106101989746e-02, e: 1.2049421668052673e-02
#ERR  p: [1387, 1453], r: 9.3414342403411865e-01, e: 9.3630862236022949e-01
#ERR  p: [1917, 1456], r: 1.2620434165000916e-02, e: 1.2603104114532471e-02
#ERR  p: [1890, 1456], r: 1.2963861227035522e-02, e: 1.2947782874107361e-02
#ERR  p: [1405, 1453], r: 9.5308524370193481e-01, e: 9.5321351289749146e-01
#ERR  p: [1926, 1456], r: 1.2487843632698059e-02, e: 1.2489631772041321e-02
#ERR  p: [1971, 1456], r: 1.1944130063056946e-02, e: 1.1938363313674927e-02
#ERR  p: [1980, 1456], r: 1.1837065219879150e-02, e: 1.1832863092422485e-02
#ERR  p: [1845, 1456], r: 1.3540655374526978e-02, e: 1.3542219996452332e-02
#ERR  p: [1899, 1456], r: 1.2825950980186462e-02, e: 1.2831106781959534e-02
#ERR  p: [2007, 1457], r: 1.1526685208082199e-02, e: 1.1526713147759438e-02
#ERR  p: [1180, 1453], r: 7.5797635316848755e-01, e: 7.6096069812774658e-01
#ERR  p: [1953, 1456], r: 1.2164637446403503e-02, e: 1.2158587574958801e-02
#ERR  p: [1872, 1456], r: 1.3171255588531494e-02, e: 1.3183057308197021e-02
#ERR  p: [1881, 1456], r: 1.3062253594398499e-02, e: 1.3067111372947693e-02
#ERR  p: [1935, 1456], r: 1.2386649847030640e-02, e: 1.2378200888633728e-02
#ERR  p: [1944, 1456], r: 1.2268587946891785e-02, e: 1.2267395853996277e-02
#ERR  p: [1171, 1453], r: 7.5699353218078613e-01, e: 7.5427478551864624e-01
#ERR  p: [1908, 1456], r: 1.2714341282844543e-02, e: 1.2715324759483337e-02
#ERR  p: [1234, 1454], r: 8.0375945568084717e-01, e: 8.0250155925750732e-01
#ERR  p: [1342, 1453], r: 8.9449197053909302e-01, e: 8.9488565921783447e-01
#ERR  p: [1090, 1453], r: 6.9474554061889648e-01, e: 6.9555306434631348e-01
#ERR  p: [1252, 1453], r: 8.1965625286102295e-01, e: 8.1792509555816650e-01
#ERR  p: [1153, 1453], r: 7.4038362503051758e-01, e: 7.4081826210021973e-01
#ERR  p: [1854, 1456], r: 1.3408407568931580e-02, e: 1.3420268893241882e-02
#ERR  p: [1827, 1456], r: 1.3815850019454956e-02, e: 1.3788253068923950e-02
#ERR  p: [1809, 1456], r: 1.4063581824302673e-02, e: 1.4040052890777588e-02
#ERR  p: [1620, 1456], r: 1.6977548599243164e-02, e: 1.6960710287094116e-02
#ERR  p: [1279, 1453], r: 8.4209603071212769e-01, e: 8.4028470516204834e-01
#ERR  p: [1117, 1453], r: 7.1348935365676880e-01, e: 7.1460402011871338e-01
#ERR  p: [1863, 1456], r: 1.3305202126502991e-02, e: 1.3301178812980652e-02
#ERR  p: [1782, 1456], r: 1.4441385865211487e-02, e: 1.4423578977584839e-02
#ERR  p: [1836, 1456], r: 1.3664215803146362e-02, e: 1.3663724064826965e-02
#ERR  p: [1818, 1456], r: 1.3889387249946594e-02, e: 1.3913631439208984e-02
#ERR  p: [1791, 1456], r: 1.4311090111732483e-02, e: 1.4296174049377441e-02
#ERR  p: [1261, 1453], r: 8.2576483488082886e-01, e: 8.2525628805160522e-01
#ERR  p: [1126, 1453], r: 7.2047948837280273e-01, e: 7.2085160017013550e-01
#ERR  p: [1135, 1453], r: 7.2541499137878418e-01, e: 7.2739046812057495e-01
#ERR  p: [1728, 1456], r: 1.5241459012031555e-02, e: 1.5219584107398987e-02
#ERR  p: [1297, 1453], r: 8.5402923822402954e-01, e: 8.5549688339233398e-01
#ERR  p: [1144, 1453], r: 7.3224377632141113e-01, e: 7.3424816131591797e-01
#ERR  p: [1288, 1453], r: 8.4680491685867310e-01, e: 8.4793478250503540e-01
#ERR  p: [1764, 1456], r: 1.4688983559608459e-02, e: 1.4686077833175659e-02
#ERR  p: [1746, 1456], r: 1.4986738562583923e-02, e: 1.4952078461647034e-02
#ERR  p: [1800, 1456], r: 1.4189660549163818e-02, e: 1.4163851737976074e-02
#ERR  p: [1773, 1456], r: 1.4540240168571472e-02, e: 1.4555543661117554e-02
#ERR  p: [1737, 1456], r: 1.5114560723304749e-02, e: 1.5087023377418518e-02
#ERR  p: [1755, 1456], r: 1.4812603592872620e-02, e: 1.4818653464317322e-02
#ERR  p: [1701, 1456], r: 1.5622213482856750e-02, e: 1.5642717480659485e-02
#ERR  p: [1485, 1456], r: 1.9435673952102661e-02, e: 1.9406914710998535e-02
#ERR  p: [1378, 1453], r: 9.2880970239639282e-01, e: 9.2792063951492310e-01
#ERR  p: [1432, 1453], r: 9.8054140806198120e-01, e: 9.7903561592102051e-01
#ERR  p: [1306, 1453], r: 8.6094838380813599e-01, e: 8.6328929662704468e-01
#ERR  p: [1414, 1453], r: 9.5988798141479492e-01, e: 9.6194356679916382e-01
#ERR  p: [1396, 1453], r: 9.4385147094726562e-01, e: 9.4450771808624268e-01
#ERR  p: [1450, 1453], r: 9.9676793813705444e-01, e: 9.9693787097930908e-01
#ERR  p: [1476, 1456], r: 1.9564867019653320e-02, e: 1.9585400819778442e-02
#ERR  p: [1099, 1453], r: 7.0306777954101562e-01, e: 7.0181035995483398e-01
#ERR  p: [1521, 1456], r: 1.8758773803710938e-02, e: 1.8728494644165039e-02
#ERR  p: [1108, 1453], r: 7.0471221208572388e-01, e: 7.0813524723052979e-01
#ERR  p: [1333, 1453], r: 8.8589751720428467e-01, e: 8.8686805963516235e-01
#ERR  p: [1324, 1453], r: 8.7682890892028809e-01, e: 8.7896603345870972e-01
#ERR  p: [1315, 1453], r: 8.7011367082595825e-01, e: 8.7115198373794556e-01
#ERR  p: [1458, 1456], r: 1.9957870244979858e-02, e: 1.9937932491302490e-02
#ERR  p: [1638, 1456], r: 1.6667753458023071e-02, e: 1.6660541296005249e-02
#ERR  p: [1665, 1456], r: 1.6241639852523804e-02, e: 1.6211122274398804e-02
#ERR  p: [1360, 1453], r: 9.1110783815383911e-01, e: 9.1121667623519897e-01
#ERR  p: [1351, 1453], r: 9.0243923664093018e-01, e: 9.0311938524246216e-01
#ERR  p: [1423, 1453], r: 9.7038906812667847e-01, e: 9.7018921375274658e-01
#ERR  p: [1629, 1456], r: 1.6841620206832886e-02, e: 1.6810297966003418e-02
#ERR  p: [1656, 1456], r: 1.6377538442611694e-02, e: 1.6359984874725342e-02
#ERR  p: [1369, 1453], r: 9.1856610774993896e-01, e: 9.1931688785552979e-01
#ERR  p: [1584, 1456], r: 1.7580062150955200e-02, e: 1.7579942941665649e-02
#ERR  p: [1611, 1456], r: 1.7113327980041504e-02, e: 1.7115801572799683e-02
#ERR  p: [1494, 1456], r: 1.9272834062576294e-02, e: 1.9233137369155884e-02
#ERR  p: [1539, 1456], r: 1.8413275480270386e-02, e: 1.8392622470855713e-02
#ERR  p: [1557, 1456], r: 1.8086761236190796e-02, e: 1.8060564994812012e-02
#ERR  p: [1548, 1456], r: 1.8247276544570923e-02, e: 1.8226981163024902e-02
#ERR  p: [1270, 1454], r: 8.3078533411026001e-01, e: 8.3195054531097412e-01
#ERR  p: [1647, 1456], r: 1.6483277082443237e-02, e: 1.6507804393768311e-02
#ERR  p: [1593, 1456], r: 1.7432808876037598e-02, e: 1.7423808574676514e-02
#ERR  p: [1710, 1456], r: 1.5512987971305847e-02, e: 1.5499487519264221e-02
#ERR  p: [1692, 1456], r: 1.5784412622451782e-02, e: 1.5782311558723450e-02
#ERR  p: [1467, 1456], r: 1.9801855087280273e-02, e: 1.9764602184295654e-02
#ERR  p: [1683, 1456], r: 1.5938371419906616e-02, e: 1.5926539897918701e-02
#ERR  p: [1575, 1456], r: 1.7750024795532227e-02, e: 1.7739683389663696e-02
#ERR  p: [1207, 1454], r: 7.8169411420822144e-01, e: 7.8119075298309326e-01
#ERR  p: [1566, 1456], r: 1.7918586730957031e-02, e: 1.7904937267303467e-02
#ERR  p: [1674, 1456], r: 1.6121149063110352e-02, e: 1.6071915626525879e-02
#ERR  p: [1719, 1456], r: 1.5334114432334900e-02, e: 1.5361338853836060e-02
#ERR  p: [2024, 1457], r: 1.1330513283610344e-02, e: 1.1330524459481239e-02
#ERR  p: [1512, 1456], r: 1.8897801637649536e-02, e: 1.8898665904998779e-02
#ERR  p: [1602, 1456], r: 1.7276436090469360e-02, e: 1.7267376184463501e-02
#ERR  p: [2032, 1457], r: 1.1241340078413486e-02, e: 1.1241362430155277e-02
#ERR  p: [1162, 1454], r: 7.4786007404327393e-01, e: 7.4686807394027710e-01
#ERR  p: [1441, 1453], r: 9.8795402050018311e-01, e: 9.8804664611816406e-01
#ERR  p: [1530, 1456], r: 1.8536895513534546e-02, e: 1.8553614616394043e-02
#ERR  p: [1503, 1456], r: 1.9075572490692139e-02, e: 1.9063234329223633e-02
#ERR  p: [2016, 1457], r: 1.1419042013585567e-02, e: 1.1419079266488552e-02
#ERR  p: [1198, 1454], r: 7.7556669712066650e-01, e: 7.7410429716110229e-01
#ERR  p: [2040, 1457], r: 1.1155102401971817e-02, e: 1.1155149899423122e-02
#ERR  p: [1216, 1454], r: 7.8761684894561768e-01, e: 7.8821647167205811e-01
#ERR  p: [1243, 1454], r: 8.0628240108489990e-01, e: 8.0965232849121094e-01
#ERR  p: [1989, 1457], r: 1.1735703796148300e-02, e: 1.1735719628632069e-02
#ERR  p: [1225, 1454], r: 7.9369002580642700e-01, e: 7.9556125402450562e-01
#ERR  p: [1189, 1454], r: 7.6519095897674561e-01, e: 7.6722019910812378e-01
#ERR  p: [1998, 1457], r: 1.1631933040916920e-02, e: 1.1631954461336136e-02
#ERR  p: [1387, 1454], r: 9.3306642770767212e-01, e: 9.3522942066192627e-01
#ERR  p: [1962, 1457], r: 1.2058882974088192e-02, e: 1.2058915570378304e-02
#ERR  p: [1917, 1457], r: 1.2611459940671921e-02, e: 1.2611497193574905e-02
#ERR  p: [1890, 1457], r: 1.2957476079463959e-02, e: 1.2957502156496048e-02
#ERR  p: [1405, 1454], r: 9.5195627212524414e-01, e: 9.5197492837905884e-01
#ERR  p: [1926, 1457], r: 1.2500214390456676e-02, e: 1.2500257231295109e-02
#ERR  p: [1971, 1457], r: 1.1949940584599972e-02, e: 1.1949943378567696e-02
#ERR  p: [1980, 1457], r: 1.1842223815619946e-02, e: 1.1842272244393826e-02
#ERR  p: [1845, 1457], r: 1.3552071526646614e-02, e: 1.3552104122936726e-02
#ERR  p: [2007, 1458], r: 1.1539395898580551e-02, e: 1.1539377272129059e-02
#ERR  p: [1899, 1457], r: 1.2840234674513340e-02, e: 1.2840253300964832e-02
#ERR  p: [1180, 1454], r: 7.5720155239105225e-01, e: 7.6018589735031128e-01
#ERR  p: [1953, 1457], r: 1.2163935229182243e-02, e: 1.2163952924311161e-02
#ERR  p: [1881, 1457], r: 1.3072350993752480e-02, e: 1.3072369620203972e-02
#ERR  p: [1872, 1457], r: 1.3190574944019318e-02, e: 1.3190631754696369e-02
#ERR  p: [1935, 1457], r: 1.2384561821818352e-02, e: 1.2384593486785889e-02
#ERR  p: [1944, 1457], r: 1.2274300679564476e-02, e: 1.2274309061467648e-02
#ERR  p: [1171, 1454], r: 7.5616353750228882e-01, e: 7.5345164537429810e-01
#ERR  p: [1908, 1457], r: 1.2725554406642914e-02, e: 1.2725582346320152e-02
#ERR  p: [1234, 1455], r: 8.0297476053237915e-01, e: 8.0171984434127808e-01
#ERR  p: [1342, 1454], r: 8.9375448226928711e-01, e: 8.9413851499557495e-01
#ERR  p: [1090, 1454], r: 6.9417726993560791e-01, e: 6.9499242305755615e-01
#ERR  p: [1252, 1454], r: 8.1868666410446167e-01, e: 8.1697523593902588e-01
#ERR  p: [1153, 1454], r: 7.3950064182281494e-01, e: 7.3992776870727539e-01
#ERR  p: [1854, 1457], r: 1.3433912768959999e-02, e: 1.3433970510959625e-02
#ERR  p: [1827, 1457], r: 1.3800948858261108e-02, e: 1.3800980523228645e-02
#ERR  p: [1809, 1457], r: 1.4050377532839775e-02, e: 1.4050414785742760e-02
#ERR  p: [1620, 1457], r: 1.6973780468106270e-02, e: 1.6973808407783508e-02
#ERR  p: [1117, 1454], r: 7.1281576156616211e-01, e: 7.1393585205078125e-01
#ERR  p: [1279, 1454], r: 8.4128808975219727e-01, e: 8.3948653936386108e-01
#ERR  p: [1863, 1457], r: 1.3311493210494518e-02, e: 1.3311533257365227e-02
#ERR  p: [1782, 1457], r: 1.4435576274991035e-02, e: 1.4435621909797192e-02
#ERR  p: [1836, 1457], r: 1.3677106238901615e-02, e: 1.3677136972546577e-02
#ERR  p: [1818, 1457], r: 1.3926600106060505e-02, e: 1.3926643878221512e-02
#ERR  p: [1261, 1454], r: 8.2481932640075684e-01, e: 8.2432121038436890e-01
#ERR  p: [1791, 1457], r: 1.4305647462606430e-02, e: 1.4305665157735348e-02
#ERR  p: [1135, 1454], r: 7.2467845678329468e-01, e: 7.2665399312973022e-01
#ERR  p: [1126, 1454], r: 7.1987849473953247e-01, e: 7.2024422883987427e-01
#ERR  p: [1728, 1457], r: 1.5237046405673027e-02, e: 1.5237106010317802e-02
#ERR  p: [1288, 1454], r: 8.4578168392181396e-01, e: 8.4691977500915527e-01
#ERR  p: [1144, 1454], r: 7.3152112960815430e-01, e: 7.3351913690567017e-01
#ERR  p: [1297, 1454], r: 8.5322427749633789e-01, e: 8.5469639301300049e-01
#ERR  p: [1764, 1457], r: 1.4698669314384460e-02, e: 1.4698657207190990e-02
#ERR  p: [1800, 1457], r: 1.4176443219184875e-02, e: 1.4176478609442711e-02
#ERR  p: [1746, 1457], r: 1.4965020120143890e-02, e: 1.4965049922466278e-02
#ERR  p: [1737, 1457], r: 1.5100773423910141e-02, e: 1.5100810676813126e-02
#ERR  p: [1773, 1457], r: 1.4564846642315388e-02, e: 1.4564897865056992e-02
#ERR  p: [1755, 1457], r: 1.4829709194600582e-02, e: 1.4829752035439014e-02
#ERR  p: [1701, 1457], r: 1.5653094276785851e-02, e: 1.5653140842914581e-02
#ERR  p: [1485, 1457], r: 1.9432313740253448e-02, e: 1.9432399421930313e-02
#ERR  p: [1378, 1454], r: 9.2743760347366333e-01, e: 9.2654538154602051e-01
#ERR  p: [1432, 1454], r: 9.7948682308197021e-01, e: 9.7803997993469238e-01
#ERR  p: [1306, 1454], r: 8.6000573635101318e-01, e: 8.6233103275299072e-01
#ERR  p: [1414, 1454], r: 9.5869868993759155e-01, e: 9.6076256036758423e-01
#SDC Ite:0 KerTime:19.388819 AccTime:19.388819 KerErr:350491 AccErr:350491
#ABORT too many errors per iteration
#END