[INFO -- 2017-03-03 13:10:55]
Starting flip_value script
version: 2.0
[INFO -- 2017-03-03 13:10:55]
Initialization strings:
[INFO -- 2017-03-03 13:10:55]
(1) target extended-remote | ssh -T mic0 gdbserver --multi -
[INFO -- 2017-03-03 13:10:55]
(2) set sysroot /opt/mpss/3.7/sysroots/k1om-mpss-linux/
[INFO -- 2017-03-03 13:10:55]
(3) set sysroot /opt/mpss/3.7/sysroots/k1om-mpss-linux/
[INFO -- 2017-03-03 13:10:55]
(4) file /micNfs/gdb-fault-injection/injector/bin/clamr/clamr_openmponly
[INFO -- 2017-03-03 13:10:55]
(5) set remote exec-file /micNfs/gdb-fault-injection/injector/bin/clamr/clamr_openmponly
[INFO -- 2017-03-03 13:10:55]
(6) cd /micNfs/gdb-fault-injection/injector/bin/clamr
[INFO -- 2017-03-03 13:10:55]
(7) set args -n 512 -t 100 -g 100 -G data -j md5file
[INFO -- 2017-03-03 13:10:55]
initSignal:25
[INFO -- 2017-03-03 13:10:55]
endSignal:30
[INFO -- 2017-03-03 13:10:55]
seqSignal:20
[INFO -- 2017-03-03 13:10:55]
faultMode:1
[EXCEPTION -- 2017-03-03 13:11:26]
pythonException: invalid frame
[EXCEPTION -- 2017-03-03 13:11:26]
pythonException: invalid frame
[EXCEPTION -- 2017-03-03 13:11:26]
pythonException: invalid frame
[INFO -- 2017-03-03 13:11:26]
Backtrace BEGIN:
#0  0x000000000045b998 in State::L__ZN5State22calc_finite_differenceEd_1210__par_loop0_2_37 () at /micNfs/gdb-fault-injection/injector/src/clamr/CLAMR/state.cpp:1562
#1  0x00007ffff790ba1f in ?? ()
#2  0x00007fffffffdac0 in ?? ()
#3  0x00007fffffffdab8 in ?? ()
#4  0x00007fffffffdad0 in ?? ()
#5  0x00007fffffffdad8 in ?? ()
#6  0x00007fffffffda38 in ?? ()
#7  0x00007fffffffda70 in ?? ()
#8  0x00007fffffffda68 in ?? ()
#9  0x00007fffffffdba8 in ?? ()
#10 0x00007fffffffdbc8 in ?? ()
#11 0x00007fffffffdbe8 in ?? ()
#12 0x00007fffffffda30 in ?? ()
#13 0x00000000000000e4 in ?? ()
#14 0x0000000000000000 in ?? ()

1557	      if(lvl < level[nl]) {
1558	         Hl2 = (Hl2 + Hlt) * HALF;
1559	         Ul2 = (Ul2 + Ult) * HALF;
1560	      }
1561	
1562	      real_t wplusx_H = w_corrector(deltaT, (dric+dxr)*HALF, fabs(Uxplus/Hxplus) + sqrt(g*Hxplus),
1563	                           Hr-Hic, Hic-Hl2, Hrr-Hr);
1564	
1565	      wplusx_H *= Hr - Hic;
1566	

Backtrace END
Memory content before bitflip:0x000x000x000x000x000x000x000x00
Fault Mode: Double bit-flip
base address to flip value: 0x7fffffffce48
address max offset: 8
Memory content after  bitflip:0x000x000x000x440x000x000x000x00
frame name: State::L__ZN5State22calc_finite_differenceEd_1210__par_loop0_2_37
symbol name: Vbb2
symbol filename: /micNfs/gdb-fault-injection/injector/src/clamr/CLAMR/state.cpp
symbol line: 1352
value: 5.6365513197515046e-315
value address: 0x7fffffffce48
Type: A floating point type.
Type sizeof: 8

[INFO -- 2017-03-03 13:11:26]
Fault Injection Successful after 31.4901709557s
[INFO -- 2017-03-03 13:11:59]
event type: exit
[INFO -- 2017-03-03 13:11:59]
exit code: 0
