2016-10-16 02:09:07:Starting GDB script
2016-10-16 02:09:08:sending signal using command: 'ssh -T mic0 killall -2 hotspot_check' after 0.972001818951s
2016-10-16 02:09:08:shell stdout: 
2016-10-16 02:09:10:sending signal using command: 'ssh -T mic0 killall -2 hotspot_check' after 3.02043723175s
2016-10-16 02:09:10:shell stdout: 
2016-10-16 02:09:11:sending signal using command: 'ssh -T mic0 killall -2 hotspot_check' after 3.37003115658s
2016-10-16 02:09:11:shell stdout: 
2016-10-16 02:09:18:sending signal using command: 'ssh -T mic0 killall -2 hotspot_check' after 10.354548325s
2016-10-16 02:09:18:shell stdout: 
2016-10-16 02:09:19:sending signal using command: 'ssh -T mic0 killall -2 hotspot_check' after 11.0738808782s
2016-10-16 02:09:19:shell stdout: 
2016-10-16 02:09:19:sending signal using command: 'ssh -T mic0 killall -2 hotspot_check' after 11.5211643642s
2016-10-16 02:09:19:shell stdout: 
2016-10-16 02:09:19:sending signal using command: 'ssh -T mic0 killall -2 hotspot_check' after 11.6674885381s
2016-10-16 02:09:19:shell stdout: 
2016-10-16 02:09:21:sending signal using command: 'ssh -T mic0 killall -2 hotspot_check' after 13.394665302s
2016-10-16 02:09:21:shell stdout: 
2016-10-16 02:09:21:no gdbExecName running, out:
2016-10-16 02:09:21:checCmd:ps -e | grep -i gdb-mic
2016-10-16 02:09:21:finished now-timestampStart < maxWaitTime*5
2016-10-16 02:09:21:now: 1476598160
2016-10-16 02:09:21:timestampStart: 1476598147
2016-10-16 02:09:21:kill cmd: killall -9 gdb-mic
2016-10-16 02:09:21:shell stdout: 
2016-10-16 02:09:22:sending signal using command: 'ssh -T mic0 killall -2 hotspot_check' after 14.1069010521s
2016-10-16 02:09:22:shell stdout: 
2016-10-16 02:09:22:kill cmd: ssh -T mic0 killall -9 hotspot_check
2016-10-16 02:09:22:shell stdout: 
2016-10-16 02:09:22:kill cmd: ssh -T mic0 killall -9 gdbserver
2016-10-16 02:09:22:shell stdout: 
