2016-10-28 01:54:12:Starting GDB script
2016-10-28 01:54:13:sending signal using command: 'ssh -T mic0 killall -2 hotspot_check' after 0.640471601073s
2016-10-28 01:54:13:shell stdout: 
2016-10-28 01:54:14:sending signal using command: 'ssh -T mic0 killall -2 hotspot_check' after 1.39899404026s
2016-10-28 01:54:14:shell stdout: 
2016-10-28 01:54:16:sending signal using command: 'ssh -T mic0 killall -2 hotspot_check' after 3.36416382559s
2016-10-28 01:54:16:shell stdout: 
2016-10-28 01:54:20:sending signal using command: 'ssh -T mic0 killall -2 hotspot_check' after 6.88997468891s
2016-10-28 01:54:20:shell stdout: 
2016-10-28 01:54:20:sending signal using command: 'ssh -T mic0 killall -2 hotspot_check' after 7.13282749472s
2016-10-28 01:54:20:shell stdout: 
2016-10-28 01:54:23:sending signal using command: 'ssh -T mic0 killall -2 hotspot_check' after 10.4209620474s
2016-10-28 01:54:23:shell stdout: 
2016-10-28 01:54:24:sending signal using command: 'ssh -T mic0 killall -2 hotspot_check' after 11.3359257302s
2016-10-28 01:54:24:shell stdout: 
2016-10-28 01:54:27:sending signal using command: 'ssh -T mic0 killall -2 hotspot_check' after 13.790691146s
2016-10-28 01:54:27:shell stdout: 
2016-10-28 01:54:27:sending signal using command: 'ssh -T mic0 killall -2 hotspot_check' after 13.8121975699s
2016-10-28 01:54:27:shell stdout: 
2016-10-28 01:54:28:sending signal using command: 'ssh -T mic0 killall -2 hotspot_check' after 14.8691717944s
2016-10-28 01:54:28:shell stdout: 
2016-10-28 01:54:35:no gdbExecName running, out:
2016-10-28 01:54:35:checCmd:ps -e | grep -i gdb-mic
2016-10-28 01:54:35:finished now-timestampStart < maxWaitTime*5
2016-10-28 01:54:35:now: 1477634074
2016-10-28 01:54:35:timestampStart: 1477634052
2016-10-28 01:54:35:kill cmd: killall -9 gdb-mic
2016-10-28 01:54:35:shell stdout: 
2016-10-28 01:54:35:kill cmd: ssh -T mic0 killall -9 hotspot_check
2016-10-28 01:54:35:shell stdout: 
2016-10-28 01:54:36:kill cmd: ssh -T mic0 killall -9 gdbserver
2016-10-28 01:54:36:shell stdout: 
