2017-01-24 10:18:49:Starting flip_value script
2017-01-24 10:18:49:Initialization strings:
2017-01-24 10:18:49:(1) target extended-remote | ssh -T mic1 gdbserver --multi -
2017-01-24 10:18:49:(2) set sysroot /opt/mpss/3.7/sysroots/k1om-mpss-linux/
2017-01-24 10:18:49:(3) set sysroot /opt/mpss/3.7/sysroots/k1om-mpss-linux/
2017-01-24 10:18:49:(4) file /micNfs/gdb-fault-injection/injector/bin/dgemm/dgemm_check
2017-01-24 10:18:49:(5) set remote exec-file /micNfs/gdb-fault-injection/injector/bin/dgemm/dgemm_check
2017-01-24 10:18:49:(6) set args 228 2048 16 /micNfs/gdb-fault-injection/injector/bin/dgemm/dgemm_a_8192 /micNfs/gdb-fault-injection/injector/bin/dgemm/dgemm_b_8192 /micNfs/gdb-fault-injection/injector/bin/dgemm/gold_2048_m-order_228_ths_16_blocks 1
2017-01-24 10:18:49:initSignal:7
2017-01-24 10:18:49:endSignal:14
2017-01-24 10:18:49:seqSignal:15
2017-01-24 10:18:59:Backtrace BEGIN:
2017-01-24 10:18:59:#0  0x00000000004030fd in L_dgemm_185__par_region0_2_0 () at dgemm.c:206
#1  0x00007ffff790ba1f in ?? ()
#2  0x00007fffffffe550 in ?? ()
#3  0x0000000000000000 in ?? ()

2017-01-24 10:18:59:201	        for(jj = 0; jj < order; jj+=block) {
202	            for(kk = 0; kk < order; kk+=block) {
203	
204	                for (jg=jj,j=0; jg<MIN(jj+block,order); j++,jg++)
205	                    for (kg=kk,k=0; kg<MIN(kk+block,order); k++,kg++)
206	                        BB_arr(j,k) =  B_arr(kg,jg);
207	
208	                for(ii = 0; ii < order; ii+=block) {
209	
210	                    for (kg=kk,k=0; kg<MIN(kk+block,order); k++,kg++)

2017-01-24 10:18:59:Backtrace END
2017-01-24 10:19:10:Type: The type is an integer type.
2017-01-24 10:19:10:Type sizeof: 4
2017-01-24 10:19:10:Mem contents(hex):0x000x000x000x00
2017-01-24 10:19:10:base address to flip value: 0x7fffffffde90
2017-01-24 10:19:10:address max offset: 4
2017-01-24 10:19:10:Memory content before bitflip:0x000x000x000x00
2017-01-24 10:19:10:Memory content after  bitflip:0x000x000x000x04
2017-01-24 10:19:10:Mem contents(hex):0x000x000x000x04
2017-01-24 10:19:10:frame name: L_dgemm_185__par_region0_2_0
2017-01-24 10:19:10:symbol name: ig
2017-01-24 10:19:10:symbol filename: dgemm.c
2017-01-24 10:19:10:symbol line: 183
2017-01-24 10:19:10:value: 67108864
2017-01-24 10:19:10:value address: 0x7fffffffde90
2017-01-24 10:19:10:Type: The type is an integer type.
2017-01-24 10:19:10:Type sizeof: 4
2017-01-24 10:19:10:Fault Injection Successful after 21.6825559139s
