[INFO -- 2017-03-06 06:58:42]
Starting GDB script
[INFO -- 2017-03-06 06:58:42]
initSignal:7.0
[INFO -- 2017-03-06 06:58:42]
endSignal:14.0
[INFO -- 2017-03-06 06:58:42]
seqSignal:15
[INFO -- 2017-03-06 06:58:51]
sending 15 signals using command: 'ssh -T mic1 killall -2 dgemm_check' after 8.98249327749s
[INFO -- 2017-03-06 06:58:52]
shell stdout: 
[INFO -- 2017-03-06 06:58:53]
shell stdout: 
[INFO -- 2017-03-06 06:58:53]
shell stdout: 
[INFO -- 2017-03-06 06:58:54]
shell stdout: 
[INFO -- 2017-03-06 06:58:54]
sending 15 signals using command: 'ssh -T mic1 killall -2 dgemm_check' after 11.085236353s
[INFO -- 2017-03-06 06:58:54]
shell stdout: 
[INFO -- 2017-03-06 06:58:54]
shell stdout: 
[INFO -- 2017-03-06 06:58:54]
shell stdout: 
[INFO -- 2017-03-06 06:58:54]
shell stdout: 
[INFO -- 2017-03-06 06:58:55]
sending 15 signals using command: 'ssh -T mic1 killall -2 dgemm_check' after 12.1051657527s
[INFO -- 2017-03-06 06:58:55]
shell stdout: 
[INFO -- 2017-03-06 06:58:55]
shell stdout: 
[INFO -- 2017-03-06 06:58:55]
shell stdout: 
[INFO -- 2017-03-06 06:58:55]
shell stdout: 
[INFO -- 2017-03-06 06:58:55]
shell stdout: 
[INFO -- 2017-03-06 06:58:55]
shell stdout: 
[INFO -- 2017-03-06 06:58:56]
shell stdout: 
[INFO -- 2017-03-06 06:58:56]
shell stdout: 
[INFO -- 2017-03-06 06:58:56]
shell stdout: 
[INFO -- 2017-03-06 06:58:56]
shell stdout: 
[INFO -- 2017-03-06 06:58:56]
shell stdout: 
[INFO -- 2017-03-06 06:58:56]
shell stdout: 
[INFO -- 2017-03-06 06:58:57]
shell stdout: 
[INFO -- 2017-03-06 06:58:57]
shell stdout: 
[INFO -- 2017-03-06 06:58:57]
shell stdout: 
[INFO -- 2017-03-06 06:58:57]
shell stdout: 
[INFO -- 2017-03-06 06:58:57]
shell stdout: 
[INFO -- 2017-03-06 06:58:57]
shell stdout: 
[INFO -- 2017-03-06 06:58:57]
shell stdout: 
[INFO -- 2017-03-06 06:58:57]
shell stdout: 
[INFO -- 2017-03-06 06:58:58]
shell stdout: 
[INFO -- 2017-03-06 06:58:58]
shell stdout: 
[INFO -- 2017-03-06 06:58:58]
shell stdout: 
[INFO -- 2017-03-06 06:58:58]
shell stdout: 
[INFO -- 2017-03-06 06:58:58]
shell stdout: 
[INFO -- 2017-03-06 06:58:58]
shell stdout: 
[INFO -- 2017-03-06 06:58:58]
shell stdout: 
[INFO -- 2017-03-06 06:58:59]
shell stdout: 
[INFO -- 2017-03-06 06:58:59]
shell stdout: 
[INFO -- 2017-03-06 06:58:59]
shell stdout: 
[INFO -- 2017-03-06 06:58:59]
shell stdout: 
[INFO -- 2017-03-06 06:59:00]
shell stdout: 
[INFO -- 2017-03-06 06:59:00]
shell stdout: 
[INFO -- 2017-03-06 06:59:00]
shell stdout: 
[INFO -- 2017-03-06 06:59:00]
shell stdout: 
[INFO -- 2017-03-06 06:59:01]
shell stdout: 
[INFO -- 2017-03-06 06:59:01]
shell stdout: 
[INFO -- 2017-03-06 07:01:21]
no gdbExecName running, out:
[INFO -- 2017-03-06 07:01:21]
checCmd:ps -e | grep -i gdb-mic
[INFO -- 2017-03-06 07:01:21]
finished now-timestampStart < maxWaitTime*5
[INFO -- 2017-03-06 07:01:21]
now: 1488801673
[INFO -- 2017-03-06 07:01:21]
timestampStart: 1488801522
[INFO -- 2017-03-06 07:01:22]
kill cmd: killall -9 gdb-mic
[INFO -- 2017-03-06 07:01:22]
shell stdout: 
[INFO -- 2017-03-06 07:01:22]
kill cmd: ssh -T mic1 killall -9 dgemm_check
[INFO -- 2017-03-06 07:01:22]
shell stdout: 
[INFO -- 2017-03-06 07:01:22]
kill cmd: ssh -T mic1 killall -9 gdbserver
[INFO -- 2017-03-06 07:01:22]
shell stdout: 
[INFO -- 2017-03-06 07:01:23]
kill cmd: ssh -T mic1 killall -9 sshd
[INFO -- 2017-03-06 07:01:23]
shell stdout: 
