[INFO -- 2017-02-26 23:21:16]
Starting flip_value script
version: 2.0
[INFO -- 2017-02-26 23:21:16]
Initialization strings:
[INFO -- 2017-02-26 23:21:16]
(1) target extended-remote | ssh -T mic0 gdbserver --multi -
[INFO -- 2017-02-26 23:21:16]
(2) set sysroot /opt/mpss/3.7/sysroots/k1om-mpss-linux/
[INFO -- 2017-02-26 23:21:16]
(3) set sysroot /opt/mpss/3.7/sysroots/k1om-mpss-linux/
[INFO -- 2017-02-26 23:21:16]
(4) file /micNfs/gdb-fault-injection/injector/bin/hotspot/hotspot_check
[INFO -- 2017-02-26 23:21:16]
(5) set remote exec-file /micNfs/gdb-fault-injection/injector/bin/hotspot/hotspot_check
[INFO -- 2017-02-26 23:21:16]
(6) set args 1024 1024 1000 64 /micNfs/gdb-fault-injection/injector/data/hotspot/temp_1024 /micNfs/gdb-fault-injection/injector/data/hotspot/power_1024 /micNfs/gdb-fault-injection/injector/bin/hotspot/gold_1024_1000iter_64th
[INFO -- 2017-02-26 23:21:16]
initSignal:12
[INFO -- 2017-02-26 23:21:16]
endSignal:15
[INFO -- 2017-02-26 23:21:16]
seqSignal:15
[INFO -- 2017-02-26 23:21:16]
faultMode:1
[INFO -- 2017-02-26 23:21:48]
event type: exit
[INFO -- 2017-02-26 23:21:48]
exit code: 0
