[INFO -- 2017-03-07 04:28:24]
Starting GDB script
[INFO -- 2017-03-07 04:28:24]
initSignal:30.0
[INFO -- 2017-03-07 04:28:24]
endSignal:35.0
[INFO -- 2017-03-07 04:28:24]
seqSignal:20
[INFO -- 2017-03-07 04:28:56]
sending 20 signals using command: 'ssh -T mic0 killall -2 clamr_openmponly' after 31.8038738274s
[INFO -- 2017-03-07 04:28:57]
sending 20 signals using command: 'ssh -T mic0 killall -2 clamr_openmponly' after 32.678860972s
[INFO -- 2017-03-07 04:28:57]
shell stdout: 
[INFO -- 2017-03-07 04:28:57]
shell stdout: 
[INFO -- 2017-03-07 04:28:57]
shell stdout: 
[INFO -- 2017-03-07 04:28:58]
shell stdout: 
[INFO -- 2017-03-07 04:28:58]
shell stdout: 
[INFO -- 2017-03-07 04:28:58]
shell stdout: 
[INFO -- 2017-03-07 04:28:58]
shell stdout: 
[INFO -- 2017-03-07 04:28:58]
shell stdout: 
[INFO -- 2017-03-07 04:28:58]
shell stdout: 
[INFO -- 2017-03-07 04:28:59]
shell stdout: 
[INFO -- 2017-03-07 04:28:59]
shell stdout: 
[INFO -- 2017-03-07 04:28:59]
shell stdout: 
[INFO -- 2017-03-07 04:28:59]
shell stdout: 
[INFO -- 2017-03-07 04:29:00]
shell stdout: 
[INFO -- 2017-03-07 04:29:00]
shell stdout: 
[INFO -- 2017-03-07 04:29:00]
shell stdout: 
[INFO -- 2017-03-07 04:29:00]
shell stdout: 
[INFO -- 2017-03-07 04:29:01]
shell stdout: 
[INFO -- 2017-03-07 04:29:01]
shell stdout: 
[INFO -- 2017-03-07 04:29:01]
shell stdout: 
[INFO -- 2017-03-07 04:29:01]
shell stdout: 
[INFO -- 2017-03-07 04:29:02]
shell stdout: 
[INFO -- 2017-03-07 04:29:02]
shell stdout: 
[INFO -- 2017-03-07 04:29:02]
shell stdout: 
[INFO -- 2017-03-07 04:29:02]
shell stdout: 
[INFO -- 2017-03-07 04:29:03]
shell stdout: 
[INFO -- 2017-03-07 04:29:03]
shell stdout: 
[INFO -- 2017-03-07 04:29:04]
shell stdout: 
[INFO -- 2017-03-07 04:29:04]
shell stdout: 
[INFO -- 2017-03-07 04:29:04]
shell stdout: 
[INFO -- 2017-03-07 04:29:04]
shell stdout: 
[INFO -- 2017-03-07 04:29:05]
shell stdout: 
[INFO -- 2017-03-07 04:29:05]
shell stdout: 
[INFO -- 2017-03-07 04:29:06]
shell stdout: 
[INFO -- 2017-03-07 04:29:06]
shell stdout: 
[INFO -- 2017-03-07 04:29:06]
shell stdout: 
[INFO -- 2017-03-07 04:29:06]
shell stdout: 
[INFO -- 2017-03-07 04:29:07]
shell stdout: 
[INFO -- 2017-03-07 04:29:07]
shell stdout: 
[INFO -- 2017-03-07 04:29:08]
shell stdout: 
[INFO -- 2017-03-07 04:29:35]
no gdbExecName running, out:
[INFO -- 2017-03-07 04:29:35]
checCmd:ps -e | grep -i gdb-mic
[INFO -- 2017-03-07 04:29:35]
finished now-timestampStart < maxWaitTime*5
[INFO -- 2017-03-07 04:29:35]
now: 1488878966
[INFO -- 2017-03-07 04:29:35]
timestampStart: 1488878904
[INFO -- 2017-03-07 04:29:35]
kill cmd: killall -9 gdb-mic
[INFO -- 2017-03-07 04:29:35]
shell stdout: 
[INFO -- 2017-03-07 04:29:36]
kill cmd: ssh -T mic0 killall -9 clamr_openmponly
[INFO -- 2017-03-07 04:29:36]
shell stdout: 
[INFO -- 2017-03-07 04:29:36]
kill cmd: ssh -T mic0 killall -9 gdbserver
[INFO -- 2017-03-07 04:29:36]
shell stdout: 
[INFO -- 2017-03-07 04:29:36]
kill cmd: ssh -T mic0 killall -9 sshd
[INFO -- 2017-03-07 04:29:36]
shell stdout: 
