2017-01-26 07:26:10:Starting GDB script
2017-01-26 07:26:10:initSignal:0.0
2017-01-26 07:26:10:endSignal:2.0
2017-01-26 07:26:10:seqSignal:30
2017-01-26 07:26:11:sending 30 signals using command: 'ssh -T mic0 killall -2 lud_check' after 0.651469276999s
2017-01-26 07:26:11:sending 30 signals using command: 'ssh -T mic0 killall -2 lud_check' after 0.931311725486s
2017-01-26 07:26:11:shell stdout: 
2017-01-26 07:26:11:sending 30 signals using command: 'ssh -T mic0 killall -2 lud_check' after 1.19190693537s
2017-01-26 07:26:12:shell stdout: 
2017-01-26 07:26:12:shell stdout: 
2017-01-26 07:26:12:shell stdout: 
2017-01-26 07:26:12:shell stdout: 
2017-01-26 07:26:12:shell stdout: 
2017-01-26 07:26:12:shell stdout: 
2017-01-26 07:26:12:shell stdout: 
2017-01-26 07:26:13:shell stdout: 
2017-01-26 07:26:13:shell stdout: 
2017-01-26 07:26:13:shell stdout: 
2017-01-26 07:26:13:shell stdout: 
2017-01-26 07:26:13:shell stdout: 
2017-01-26 07:26:13:shell stdout: 
2017-01-26 07:26:14:shell stdout: 
2017-01-26 07:26:14:shell stdout: 
2017-01-26 07:26:14:shell stdout: 
2017-01-26 07:26:14:shell stdout: 
2017-01-26 07:26:14:shell stdout: 
2017-01-26 07:26:14:shell stdout: 
2017-01-26 07:26:14:shell stdout: 
2017-01-26 07:26:14:shell stdout: 
2017-01-26 07:26:15:shell stdout: 
2017-01-26 07:26:15:shell stdout: 
2017-01-26 07:26:15:shell stdout: 
2017-01-26 07:26:15:shell stdout: 
2017-01-26 07:26:15:shell stdout: 
2017-01-26 07:26:15:shell stdout: 
2017-01-26 07:26:16:shell stdout: 
2017-01-26 07:26:16:shell stdout: 
2017-01-26 07:26:16:shell stdout: 
2017-01-26 07:26:16:shell stdout: 
2017-01-26 07:26:16:shell stdout: 
2017-01-26 07:26:16:shell stdout: 
2017-01-26 07:26:16:shell stdout: 
2017-01-26 07:26:16:shell stdout: 
2017-01-26 07:26:16:shell stdout: 
2017-01-26 07:26:17:shell stdout: 
2017-01-26 07:26:17:shell stdout: 
2017-01-26 07:26:17:shell stdout: 
2017-01-26 07:26:17:shell stdout: 
2017-01-26 07:26:17:shell stdout: 
2017-01-26 07:26:17:shell stdout: 
2017-01-26 07:26:17:shell stdout: 
2017-01-26 07:26:18:shell stdout: 
2017-01-26 07:26:18:shell stdout: 
2017-01-26 07:26:18:shell stdout: 
2017-01-26 07:26:18:shell stdout: 
2017-01-26 07:26:18:shell stdout: 
2017-01-26 07:26:18:shell stdout: 
2017-01-26 07:26:18:no gdbExecName running, out:
2017-01-26 07:26:18:checCmd:ps -e | grep -i gdb-mic
2017-01-26 07:26:18:finished now-timestampStart < maxWaitTime*5
2017-01-26 07:26:18:now: 1485433578
2017-01-26 07:26:18:timestampStart: 1485433570
2017-01-26 07:26:18:kill cmd: killall -9 gdb-mic
2017-01-26 07:26:18:shell stdout: 
2017-01-26 07:26:19:shell stdout: 
2017-01-26 07:26:19:shell stdout: 
2017-01-26 07:26:19:shell stdout: 
2017-01-26 07:26:19:kill cmd: ssh -T mic0 killall -9 lud_check
2017-01-26 07:26:19:shell stdout: 
2017-01-26 07:26:19:shell stdout: 
2017-01-26 07:26:19:shell stdout: 
2017-01-26 07:26:19:shell stdout: 
2017-01-26 07:26:19:kill cmd: ssh -T mic0 killall -9 gdbserver
2017-01-26 07:26:19:shell stdout: 
2017-01-26 07:26:19:shell stdout: 
2017-01-26 07:26:19:shell stdout: 
2017-01-26 07:26:19:shell stdout: 
2017-01-26 07:26:20:shell stdout: 
2017-01-26 07:26:20:kill cmd: ssh -T mic0 killall -9 sshd
2017-01-26 07:26:20:shell stdout: 
