[INFO -- 2017-02-24 21:40:28]
Starting GDB script
[INFO -- 2017-02-24 21:40:28]
initSignal:3.0
[INFO -- 2017-02-24 21:40:28]
endSignal:6.0
[INFO -- 2017-02-24 21:40:28]
seqSignal:15
[INFO -- 2017-02-24 21:40:32]
sending 15 signals using command: 'ssh -T mic0 killall -2 hotspot_check' after 4.10956656847s
[INFO -- 2017-02-24 21:40:32]
shell stdout: 
[INFO -- 2017-02-24 21:40:32]
sending 15 signals using command: 'ssh -T mic0 killall -2 hotspot_check' after 4.60481487277s
[INFO -- 2017-02-24 21:40:32]
shell stdout: 
[INFO -- 2017-02-24 21:40:33]
shell stdout: 
[INFO -- 2017-02-24 21:40:33]
shell stdout: 
[INFO -- 2017-02-24 21:40:33]
shell stdout: 
[INFO -- 2017-02-24 21:40:33]
sending 15 signals using command: 'ssh -T mic0 killall -2 hotspot_check' after 5.47436376922s
[INFO -- 2017-02-24 21:40:33]
shell stdout: 
[INFO -- 2017-02-24 21:40:33]
shell stdout: 
[INFO -- 2017-02-24 21:40:33]
shell stdout: 
[INFO -- 2017-02-24 21:40:34]
shell stdout: 
[INFO -- 2017-02-24 21:40:34]
shell stdout: 
[INFO -- 2017-02-24 21:40:34]
shell stdout: 
[INFO -- 2017-02-24 21:40:34]
shell stdout: 
[INFO -- 2017-02-24 21:40:34]
shell stdout: 
[INFO -- 2017-02-24 21:40:34]
shell stdout: 
[INFO -- 2017-02-24 21:40:35]
shell stdout: 
[INFO -- 2017-02-24 21:40:35]
shell stdout: 
[INFO -- 2017-02-24 21:40:35]
shell stdout: 
[INFO -- 2017-02-24 21:40:35]
shell stdout: 
[INFO -- 2017-02-24 21:40:35]
shell stdout: 
[INFO -- 2017-02-24 21:40:35]
shell stdout: 
[INFO -- 2017-02-24 21:40:35]
shell stdout: 
[INFO -- 2017-02-24 21:40:35]
shell stdout: 
[INFO -- 2017-02-24 21:40:36]
shell stdout: 
[INFO -- 2017-02-24 21:40:36]
shell stdout: 
[INFO -- 2017-02-24 21:40:36]
shell stdout: 
[INFO -- 2017-02-24 21:40:36]
shell stdout: 
[INFO -- 2017-02-24 21:40:36]
shell stdout: 
[INFO -- 2017-02-24 21:40:36]
shell stdout: 
[INFO -- 2017-02-24 21:40:36]
shell stdout: 
[INFO -- 2017-02-24 21:40:37]
shell stdout: 
[INFO -- 2017-02-24 21:40:37]
shell stdout: 
[INFO -- 2017-02-24 21:40:37]
shell stdout: 
[INFO -- 2017-02-24 21:40:37]
shell stdout: 
[INFO -- 2017-02-24 21:40:37]
shell stdout: 
[INFO -- 2017-02-24 21:40:37]
shell stdout: 
[INFO -- 2017-02-24 21:40:37]
shell stdout: 
[INFO -- 2017-02-24 21:40:38]
shell stdout: 
[INFO -- 2017-02-24 21:40:38]
shell stdout: 
[INFO -- 2017-02-24 21:40:38]
shell stdout: 
[INFO -- 2017-02-24 21:40:38]
shell stdout: 
[INFO -- 2017-02-24 21:40:38]
shell stdout: 
[INFO -- 2017-02-24 21:40:38]
shell stdout: 
[INFO -- 2017-02-24 21:40:38]
shell stdout: 
[INFO -- 2017-02-24 21:40:39]
shell stdout: 
[INFO -- 2017-02-24 21:40:39]
shell stdout: 
[INFO -- 2017-02-24 21:41:07]
no gdbExecName running, out:
[INFO -- 2017-02-24 21:41:07]
checCmd:ps -e | grep -i gdb-mic
[INFO -- 2017-02-24 21:41:07]
finished now-timestampStart < maxWaitTime*5
[INFO -- 2017-02-24 21:41:07]
now: 1487990466
[INFO -- 2017-02-24 21:41:07]
timestampStart: 1487990428
[INFO -- 2017-02-24 21:41:07]
kill cmd: killall -9 gdb-mic
[INFO -- 2017-02-24 21:41:07]
shell stdout: 
[INFO -- 2017-02-24 21:41:08]
kill cmd: ssh -T mic0 killall -9 hotspot_check
[INFO -- 2017-02-24 21:41:08]
shell stdout: 
[INFO -- 2017-02-24 21:41:08]
kill cmd: ssh -T mic0 killall -9 gdbserver
[INFO -- 2017-02-24 21:41:08]
shell stdout: 
[INFO -- 2017-02-24 21:41:08]
kill cmd: ssh -T mic0 killall -9 sshd
[INFO -- 2017-02-24 21:41:08]
shell stdout: 
