2016-11-02 06:00:12:Starting GDB script
2016-11-02 06:00:13:sending signal using command: 'ssh -T mic0 killall -2 lud_check' after 0.408732618989s
2016-11-02 06:00:13:shell stdout: 
2016-11-02 06:00:14:sending signal using command: 'ssh -T mic0 killall -2 lud_check' after 0.916467783993s
2016-11-02 06:00:14:shell stdout: 
2016-11-02 06:00:15:sending signal using command: 'ssh -T mic0 killall -2 lud_check' after 2.23090846664s
2016-11-02 06:00:15:shell stdout: 
2016-11-02 06:00:15:sending signal using command: 'ssh -T mic0 killall -2 lud_check' after 2.25807874386s
2016-11-02 06:00:15:shell stdout: 
2016-11-02 06:00:17:sending signal using command: 'ssh -T mic0 killall -2 lud_check' after 3.87407631216s
2016-11-02 06:00:17:shell stdout: 
2016-11-02 06:00:18:sending signal using command: 'ssh -T mic0 killall -2 lud_check' after 4.88744981718s
2016-11-02 06:00:18:shell stdout: 
2016-11-02 06:00:19:sending signal using command: 'ssh -T mic0 killall -2 lud_check' after 5.74519109032s
2016-11-02 06:00:19:shell stdout: 
2016-11-02 06:00:20:sending signal using command: 'ssh -T mic0 killall -2 lud_check' after 6.40821798584s
2016-11-02 06:00:20:shell stdout: 
2016-11-02 06:00:20:sending signal using command: 'ssh -T mic0 killall -2 lud_check' after 6.56816714023s
2016-11-02 06:00:20:shell stdout: 
2016-11-02 06:00:20:sending signal using command: 'ssh -T mic0 killall -2 lud_check' after 6.74792467676s
2016-11-02 06:00:20:shell stdout: 
2016-11-02 06:00:29:no gdbExecName running, out:
2016-11-02 06:00:29:checCmd:ps -e | grep -i gdb-mic
2016-11-02 06:00:29:finished now-timestampStart < maxWaitTime*5
2016-11-02 06:00:29:now: 1478080829
2016-11-02 06:00:29:timestampStart: 1478080812
2016-11-02 06:00:29:kill cmd: killall -9 gdb-mic
2016-11-02 06:00:29:shell stdout: 
2016-11-02 06:00:29:kill cmd: ssh -T mic0 killall -9 lud_check
2016-11-02 06:00:29:shell stdout: 
2016-11-02 06:00:29:kill cmd: ssh -T mic0 killall -9 gdbserver
2016-11-02 06:00:29:shell stdout: 
2016-11-02 06:00:30:kill cmd: ssh -T mic0 killall -9 sshd
2016-11-02 06:00:30:shell stdout: 
