[INFO -- 2017-03-24 18:45:21]
Starting GDB script
[INFO -- 2017-03-24 18:45:21]
initSignal:4.0
[INFO -- 2017-03-24 18:45:21]
endSignal:8.0
[INFO -- 2017-03-24 18:45:21]
seqSignal:30
[INFO -- 2017-03-24 18:45:26]
sending 30 signals using command: 'ssh -T mic0 killall -2 needle_check' after 4.35480264418s
[INFO -- 2017-03-24 18:45:26]
shell stdout: 
[INFO -- 2017-03-24 18:45:26]
sending 30 signals using command: 'ssh -T mic0 killall -2 needle_check' after 4.8453341206s
[INFO -- 2017-03-24 18:45:26]
shell stdout: 
[INFO -- 2017-03-24 18:45:27]
shell stdout: 
[INFO -- 2017-03-24 18:45:27]
shell stdout: 
[INFO -- 2017-03-24 18:45:27]
shell stdout: 
[INFO -- 2017-03-24 18:45:27]
shell stdout: 
[INFO -- 2017-03-24 18:45:27]
shell stdout: 
[INFO -- 2017-03-24 18:45:28]
shell stdout: 
[INFO -- 2017-03-24 18:45:28]
shell stdout: 
[INFO -- 2017-03-24 18:45:28]
shell stdout: 
[INFO -- 2017-03-24 18:45:28]
sending 30 signals using command: 'ssh -T mic0 killall -2 needle_check' after 6.88789320025s
[INFO -- 2017-03-24 18:45:28]
shell stdout: 
[INFO -- 2017-03-24 18:45:29]
shell stdout: 
[INFO -- 2017-03-24 18:45:29]
shell stdout: 
[INFO -- 2017-03-24 18:45:29]
shell stdout: 
[INFO -- 2017-03-24 18:45:29]
shell stdout: 
[INFO -- 2017-03-24 18:45:29]
shell stdout: 
[INFO -- 2017-03-24 18:45:29]
shell stdout: 
[INFO -- 2017-03-24 18:45:29]
shell stdout: 
[INFO -- 2017-03-24 18:45:29]
shell stdout: 
[INFO -- 2017-03-24 18:45:29]
shell stdout: 
[INFO -- 2017-03-24 18:45:30]
shell stdout: 
[INFO -- 2017-03-24 18:45:30]
shell stdout: 
[INFO -- 2017-03-24 18:45:30]
shell stdout: 
[INFO -- 2017-03-24 18:45:30]
shell stdout: 
[INFO -- 2017-03-24 18:45:30]
shell stdout: 
[INFO -- 2017-03-24 18:45:30]
shell stdout: 
[INFO -- 2017-03-24 18:45:31]
shell stdout: 
[INFO -- 2017-03-24 18:45:31]
shell stdout: 
[INFO -- 2017-03-24 18:45:31]
shell stdout: 
[INFO -- 2017-03-24 18:45:31]
shell stdout: 
[INFO -- 2017-03-24 18:45:31]
shell stdout: 
[INFO -- 2017-03-24 18:45:31]
shell stdout: 
[INFO -- 2017-03-24 18:45:32]
shell stdout: 
[INFO -- 2017-03-24 18:45:32]
shell stdout: 
[INFO -- 2017-03-24 18:45:32]
shell stdout: 
[INFO -- 2017-03-24 18:45:32]
shell stdout: 
[INFO -- 2017-03-24 18:45:32]
shell stdout: 
[INFO -- 2017-03-24 18:45:32]
shell stdout: 
[INFO -- 2017-03-24 18:45:32]
shell stdout: 
[INFO -- 2017-03-24 18:45:32]
shell stdout: 
[INFO -- 2017-03-24 18:45:32]
shell stdout: 
[INFO -- 2017-03-24 18:45:33]
shell stdout: 
[INFO -- 2017-03-24 18:45:33]
shell stdout: 
[INFO -- 2017-03-24 18:45:33]
shell stdout: 
[INFO -- 2017-03-24 18:45:33]
shell stdout: 
[INFO -- 2017-03-24 18:45:33]
shell stdout: 
[INFO -- 2017-03-24 18:45:33]
shell stdout: 
[INFO -- 2017-03-24 18:45:34]
shell stdout: 
[INFO -- 2017-03-24 18:45:34]
shell stdout: 
[INFO -- 2017-03-24 18:45:34]
shell stdout: 
[INFO -- 2017-03-24 18:45:34]
shell stdout: 
[INFO -- 2017-03-24 18:45:34]
shell stdout: 
[INFO -- 2017-03-24 18:45:34]
shell stdout: 
[INFO -- 2017-03-24 18:45:34]
shell stdout: 
[INFO -- 2017-03-24 18:45:35]
shell stdout: 
[INFO -- 2017-03-24 18:45:35]
shell stdout: 
[INFO -- 2017-03-24 18:45:35]
shell stdout: 
[INFO -- 2017-03-24 18:45:35]
shell stdout: 
[INFO -- 2017-03-24 18:45:35]
shell stdout: 
[INFO -- 2017-03-24 18:45:35]
shell stdout: 
[INFO -- 2017-03-24 18:45:35]
shell stdout: 
[INFO -- 2017-03-24 18:45:35]
shell stdout: 
[INFO -- 2017-03-24 18:45:36]
shell stdout: 
[INFO -- 2017-03-24 18:45:36]
shell stdout: 
[INFO -- 2017-03-24 18:45:36]
shell stdout: 
[INFO -- 2017-03-24 18:45:36]
shell stdout: 
[INFO -- 2017-03-24 18:45:36]
shell stdout: 
[INFO -- 2017-03-24 18:45:36]
shell stdout: 
[INFO -- 2017-03-24 18:45:37]
shell stdout: 
[INFO -- 2017-03-24 18:45:37]
shell stdout: 
[INFO -- 2017-03-24 18:45:37]
shell stdout: 
[INFO -- 2017-03-24 18:45:37]
shell stdout: 
[INFO -- 2017-03-24 18:45:37]
shell stdout: 
[INFO -- 2017-03-24 18:45:37]
shell stdout: 
[INFO -- 2017-03-24 18:45:37]
shell stdout: 
[INFO -- 2017-03-24 18:45:37]
shell stdout: 
[INFO -- 2017-03-24 18:45:38]
shell stdout: 
[INFO -- 2017-03-24 18:45:38]
shell stdout: 
[INFO -- 2017-03-24 18:45:38]
shell stdout: 
[INFO -- 2017-03-24 18:45:38]
shell stdout: 
[INFO -- 2017-03-24 18:45:38]
shell stdout: 
[INFO -- 2017-03-24 18:45:38]
shell stdout: 
[INFO -- 2017-03-24 18:45:38]
shell stdout: 
[INFO -- 2017-03-24 18:45:39]
shell stdout: 
[INFO -- 2017-03-24 18:45:39]
shell stdout: 
[INFO -- 2017-03-24 18:45:39]
shell stdout: 
[INFO -- 2017-03-24 18:45:39]
shell stdout: 
[INFO -- 2017-03-24 18:45:40]
shell stdout: 
[INFO -- 2017-03-24 18:45:40]
shell stdout: 
[INFO -- 2017-03-24 18:45:41]
shell stdout: 
[INFO -- 2017-03-24 18:46:23]
no gdbExecName running, out:
[INFO -- 2017-03-24 18:46:23]
checCmd:ps -e | grep -i gdb-mic
[INFO -- 2017-03-24 18:46:23]
finished now-timestampStart < maxWaitTime*5
[INFO -- 2017-03-24 18:46:23]
now: 1490395582
[INFO -- 2017-03-24 18:46:23]
timestampStart: 1490395521
[INFO -- 2017-03-24 18:46:23]
kill cmd: killall -9 gdb-mic
[INFO -- 2017-03-24 18:46:23]
shell stdout: 
[INFO -- 2017-03-24 18:46:24]
kill cmd: ssh -T mic0 killall -9 needle_check
[INFO -- 2017-03-24 18:46:24]
shell stdout: 
[INFO -- 2017-03-24 18:46:24]
kill cmd: ssh -T mic0 killall -9 gdbserver
[INFO -- 2017-03-24 18:46:24]
shell stdout: 
[INFO -- 2017-03-24 18:46:25]
kill cmd: ssh -T mic0 killall -9 sshd
[INFO -- 2017-03-24 18:46:25]
shell stdout: 
