2016-10-22 17:38:55:Starting GDB script
2016-10-22 17:38:57:sending signal using command: 'ssh -T mic0 killall -2 hotspot_check' after 1.72067656065s
2016-10-22 17:38:57:shell stdout: 
2016-10-22 17:39:00:sending signal using command: 'ssh -T mic0 killall -2 hotspot_check' after 5.04698851472s
2016-10-22 17:39:00:shell stdout: 
2016-10-22 17:39:01:sending signal using command: 'ssh -T mic0 killall -2 hotspot_check' after 5.23499301617s
2016-10-22 17:39:01:shell stdout: 
2016-10-22 17:39:04:sending signal using command: 'ssh -T mic0 killall -2 hotspot_check' after 8.35554882137s
2016-10-22 17:39:04:shell stdout: 
2016-10-22 17:39:05:sending signal using command: 'ssh -T mic0 killall -2 hotspot_check' after 9.848145103s
2016-10-22 17:39:05:shell stdout: 
2016-10-22 17:39:08:sending signal using command: 'ssh -T mic0 killall -2 hotspot_check' after 13.0493039923s
2016-10-22 17:39:08:shell stdout: 
2016-10-22 17:39:09:sending signal using command: 'ssh -T mic0 killall -2 hotspot_check' after 13.2258499597s
2016-10-22 17:39:09:shell stdout: 
2016-10-22 17:39:10:sending signal using command: 'ssh -T mic0 killall -2 hotspot_check' after 14.1987109005s
2016-10-22 17:39:10:shell stdout: 
2016-10-22 17:39:10:sending signal using command: 'ssh -T mic0 killall -2 hotspot_check' after 14.2429715042s
2016-10-22 17:39:10:shell stdout: 
2016-10-22 17:39:10:sending signal using command: 'ssh -T mic0 killall -2 hotspot_check' after 14.4177809935s
2016-10-22 17:39:10:shell stdout: 
2016-10-22 17:39:16:no gdbExecName running, out:
2016-10-22 17:39:16:checCmd:ps -e | grep -i gdb-mic
2016-10-22 17:39:16:finished now-timestampStart < maxWaitTime*5
2016-10-22 17:39:16:now: 1477172355
2016-10-22 17:39:16:timestampStart: 1477172335
2016-10-22 17:39:16:kill cmd: killall -9 gdb-mic
2016-10-22 17:39:16:shell stdout: 
2016-10-22 17:39:17:kill cmd: ssh -T mic0 killall -9 hotspot_check
2016-10-22 17:39:17:shell stdout: 
2016-10-22 17:39:17:kill cmd: ssh -T mic0 killall -9 gdbserver
2016-10-22 17:39:17:shell stdout: 
