2016-10-23 09:31:12:Starting GDB script
2016-10-23 09:31:13:sending signal using command: 'ssh -T mic0 killall -2 lavamd' after 1.17025035059s
2016-10-23 09:31:13:shell stdout: 
2016-10-23 09:31:14:sending signal using command: 'ssh -T mic0 killall -2 lavamd' after 1.62168697277s
2016-10-23 09:31:14:shell stdout: 
2016-10-23 09:31:16:sending signal using command: 'ssh -T mic0 killall -2 lavamd' after 3.92800465487s
2016-10-23 09:31:16:shell stdout: 
2016-10-23 09:31:17:sending signal using command: 'ssh -T mic0 killall -2 lavamd' after 4.53858645508s
2016-10-23 09:31:17:shell stdout: 
2016-10-23 09:31:18:sending signal using command: 'ssh -T mic0 killall -2 lavamd' after 5.66274223545s
2016-10-23 09:31:18:shell stdout: 
2016-10-23 09:31:18:sending signal using command: 'ssh -T mic0 killall -2 lavamd' after 6.02735189225s
2016-10-23 09:31:18:shell stdout: 
2016-10-23 09:31:19:no gdbExecName running, out:
2016-10-23 09:31:19:checCmd:ps -e | grep -i gdb-mic
2016-10-23 09:31:19:finished now-timestampStart < maxWaitTime*5
2016-10-23 09:31:19:now: 1477229478
2016-10-23 09:31:19:timestampStart: 1477229472
2016-10-23 09:31:19:kill cmd: killall -9 gdb-mic
2016-10-23 09:31:19:shell stdout: 
2016-10-23 09:31:19:kill cmd: ssh -T mic0 killall -9 lavamd
2016-10-23 09:31:19:shell stdout: 
2016-10-23 09:31:20:kill cmd: ssh -T mic0 killall -9 gdbserver
2016-10-23 09:31:20:shell stdout: 
2016-10-23 09:31:20:sending signal using command: 'ssh -T mic0 killall -2 lavamd' after 7.55709310119s
2016-10-23 09:31:20:shell stdout: 
2016-10-23 09:31:20:kill cmd: ssh -T mic0 killall -9 sshd
2016-10-23 09:31:20:shell stdout: 
