[INFO -- 2017-03-26 11:27:32]
Starting GDB script
[INFO -- 2017-03-26 11:27:32]
initSignal:0.0
[INFO -- 2017-03-26 11:27:32]
endSignal:3.0
[INFO -- 2017-03-26 11:27:32]
seqSignal:30
[INFO -- 2017-03-26 11:27:32]
sending 30 signals using command: 'ssh -T mic0 killall -2 lavamd_check' after 0.107438455837s
[INFO -- 2017-03-26 11:27:32]
shell stdout: 
[INFO -- 2017-03-26 11:27:33]
sending 30 signals using command: 'ssh -T mic0 killall -2 lavamd_check' after 0.663665422633s
[INFO -- 2017-03-26 11:27:33]
shell stdout: 
[INFO -- 2017-03-26 11:27:33]
shell stdout: 
[INFO -- 2017-03-26 11:27:33]
shell stdout: 
[INFO -- 2017-03-26 11:27:33]
shell stdout: 
[INFO -- 2017-03-26 11:27:34]
shell stdout: 
[INFO -- 2017-03-26 11:27:34]
shell stdout: 
[INFO -- 2017-03-26 11:27:34]
shell stdout: 
[INFO -- 2017-03-26 11:27:34]
shell stdout: 
[INFO -- 2017-03-26 11:27:34]
shell stdout: 
[INFO -- 2017-03-26 11:27:35]
shell stdout: 
[INFO -- 2017-03-26 11:27:35]
sending 30 signals using command: 'ssh -T mic0 killall -2 lavamd_check' after 2.78294131607s
[INFO -- 2017-03-26 11:27:35]
shell stdout: 
[INFO -- 2017-03-26 11:27:35]
shell stdout: 
[INFO -- 2017-03-26 11:27:35]
shell stdout: 
[INFO -- 2017-03-26 11:27:36]
shell stdout: 
[INFO -- 2017-03-26 11:27:36]
shell stdout: 
[INFO -- 2017-03-26 11:27:36]
shell stdout: 
[INFO -- 2017-03-26 11:27:36]
shell stdout: 
[INFO -- 2017-03-26 11:27:36]
shell stdout: 
[INFO -- 2017-03-26 11:27:37]
shell stdout: 
[INFO -- 2017-03-26 11:27:37]
shell stdout: 
[INFO -- 2017-03-26 11:27:37]
shell stdout: 
[INFO -- 2017-03-26 11:27:37]
shell stdout: 
[INFO -- 2017-03-26 11:27:37]
shell stdout: 
[INFO -- 2017-03-26 11:27:37]
shell stdout: 
[INFO -- 2017-03-26 11:27:38]
shell stdout: 
[INFO -- 2017-03-26 11:27:38]
shell stdout: 
[INFO -- 2017-03-26 11:27:38]
shell stdout: 
[INFO -- 2017-03-26 11:27:38]
shell stdout: 
[INFO -- 2017-03-26 11:27:38]
shell stdout: 
[INFO -- 2017-03-26 11:27:38]
shell stdout: 
[INFO -- 2017-03-26 11:27:39]
shell stdout: 
[INFO -- 2017-03-26 11:27:39]
shell stdout: 
[INFO -- 2017-03-26 11:27:39]
shell stdout: 
[INFO -- 2017-03-26 11:27:39]
shell stdout: 
[INFO -- 2017-03-26 11:27:40]
shell stdout: 
[INFO -- 2017-03-26 11:27:40]
shell stdout: 
[INFO -- 2017-03-26 11:27:40]
shell stdout: 
[INFO -- 2017-03-26 11:27:40]
shell stdout: 
[INFO -- 2017-03-26 11:27:40]
shell stdout: 
[INFO -- 2017-03-26 11:27:40]
shell stdout: 
[INFO -- 2017-03-26 11:27:41]
shell stdout: 
[INFO -- 2017-03-26 11:27:41]
shell stdout: 
[INFO -- 2017-03-26 11:27:41]
shell stdout: 
[INFO -- 2017-03-26 11:27:41]
shell stdout: 
[INFO -- 2017-03-26 11:27:41]
shell stdout: 
[INFO -- 2017-03-26 11:27:41]
shell stdout: 
[INFO -- 2017-03-26 11:27:42]
shell stdout: 
[INFO -- 2017-03-26 11:27:42]
shell stdout: 
[INFO -- 2017-03-26 11:27:42]
shell stdout: 
[INFO -- 2017-03-26 11:27:42]
shell stdout: 
[INFO -- 2017-03-26 11:27:43]
shell stdout: 
[INFO -- 2017-03-26 11:27:43]
shell stdout: 
[INFO -- 2017-03-26 11:27:43]
shell stdout: 
[INFO -- 2017-03-26 11:27:43]
shell stdout: 
[INFO -- 2017-03-26 11:27:43]
shell stdout: 
[INFO -- 2017-03-26 11:27:43]
shell stdout: 
[INFO -- 2017-03-26 11:27:44]
shell stdout: 
[INFO -- 2017-03-26 11:27:44]
shell stdout: 
[INFO -- 2017-03-26 11:27:44]
shell stdout: 
[INFO -- 2017-03-26 11:27:44]
shell stdout: 
[INFO -- 2017-03-26 11:27:45]
shell stdout: 
[INFO -- 2017-03-26 11:27:45]
shell stdout: 
[INFO -- 2017-03-26 11:27:45]
shell stdout: 
[INFO -- 2017-03-26 11:27:45]
shell stdout: 
[INFO -- 2017-03-26 11:27:45]
shell stdout: 
[INFO -- 2017-03-26 11:27:46]
shell stdout: 
[INFO -- 2017-03-26 11:27:46]
shell stdout: 
[INFO -- 2017-03-26 11:27:46]
shell stdout: 
[INFO -- 2017-03-26 11:27:46]
shell stdout: 
[INFO -- 2017-03-26 11:27:46]
shell stdout: 
[INFO -- 2017-03-26 11:27:46]
shell stdout: 
[INFO -- 2017-03-26 11:27:47]
shell stdout: 
[INFO -- 2017-03-26 11:27:47]
shell stdout: 
[INFO -- 2017-03-26 11:27:47]
shell stdout: 
[INFO -- 2017-03-26 11:27:47]
shell stdout: 
[INFO -- 2017-03-26 11:27:47]
shell stdout: 
[INFO -- 2017-03-26 11:27:47]
shell stdout: 
[INFO -- 2017-03-26 11:27:48]
shell stdout: 
[INFO -- 2017-03-26 11:27:48]
shell stdout: 
[INFO -- 2017-03-26 11:27:48]
shell stdout: 
[INFO -- 2017-03-26 11:27:48]
shell stdout: 
[INFO -- 2017-03-26 11:27:48]
shell stdout: 
[INFO -- 2017-03-26 11:27:48]
shell stdout: 
[INFO -- 2017-03-26 11:27:49]
shell stdout: 
[INFO -- 2017-03-26 11:27:49]
shell stdout: 
[INFO -- 2017-03-26 11:27:49]
shell stdout: 
[INFO -- 2017-03-26 11:27:50]
shell stdout: 
[INFO -- 2017-03-26 11:27:50]
shell stdout: 
[INFO -- 2017-03-26 11:27:51]
shell stdout: 
[INFO -- 2017-03-26 11:27:56]
no gdbExecName running, out:
[INFO -- 2017-03-26 11:27:56]
checCmd:ps -e | grep -i gdb-mic
[INFO -- 2017-03-26 11:27:56]
finished now-timestampStart < maxWaitTime*5
[INFO -- 2017-03-26 11:27:56]
now: 1490527675
[INFO -- 2017-03-26 11:27:56]
timestampStart: 1490527652
[INFO -- 2017-03-26 11:27:56]
kill cmd: killall -9 gdb-mic
[INFO -- 2017-03-26 11:27:56]
shell stdout: 
[INFO -- 2017-03-26 11:27:57]
kill cmd: ssh -T mic0 killall -9 lavamd_check
[INFO -- 2017-03-26 11:27:57]
shell stdout: 
[INFO -- 2017-03-26 11:27:57]
kill cmd: ssh -T mic0 killall -9 gdbserver
[INFO -- 2017-03-26 11:27:57]
shell stdout: 
[INFO -- 2017-03-26 11:27:58]
kill cmd: ssh -T mic0 killall -9 sshd
[INFO -- 2017-03-26 11:27:58]
shell stdout: 
