2017-02-21 03:31:50:Starting flip_value script
2017-02-21 03:31:50:Initialization strings:
2017-02-21 03:31:50:(1) target extended-remote | ssh -T mic1 gdbserver --multi -
2017-02-21 03:31:50:(2) set sysroot /opt/mpss/3.7/sysroots/k1om-mpss-linux/
2017-02-21 03:31:50:(3) set sysroot /opt/mpss/3.7/sysroots/k1om-mpss-linux/
2017-02-21 03:31:50:(4) file /micNfs/gdb-fault-injection/injector/bin/lavamd/lavamd_check
2017-02-21 03:31:50:(5) set remote exec-file /micNfs/gdb-fault-injection/injector/bin/lavamd/lavamd_check
2017-02-21 03:31:50:(6) set args 228 15 /micNfs/gdb-fault-injection/injector/bin/lavamd/input_distance_228_15 /micNfs/gdb-fault-injection/injector/bin/lavamd/input_charges_228_15 /micNfs/gdb-fault-injection/injector/bin/lavamd/output_gold_228_15 1
2017-02-21 03:31:50:initSignal:0
2017-02-21 03:31:50:endSignal:3
2017-02-21 03:31:50:seqSignal:30
2017-02-21 03:31:50:Backtrace BEGIN:
2017-02-21 03:31:51:#0  __GI__dl_debug_state () at dl-debug.c:74
#1  0x00007ffff7de084c in dl_main (phdr=<optimized out>, phnum=<optimized out>, user_entry=<optimized out>, auxv=<optimized out>) at rtld.c:2170
#2  0x00007ffff7df2548 in _dl_sysdep_start (start_argptr=start_argptr@entry=0x7fffffffebc0, dl_main=dl_main@entry=0x7ffff7dde840 <dl_main>) at ../elf/dl-sysdep.c:249
#3  0x00007ffff7de1c6a in _dl_start_final (arg=0x7fffffffebc0) at rtld.c:308
#4  _dl_start (arg=0x7fffffffebc0) at rtld.c:414
#5  0x00007ffff7dddbc8 in _start () from /opt/mpss/3.7/sysroots/k1om-mpss-linux/lib64/ld-linux-k1om.so.2
#6  0x0000000000000007 in ?? ()
#7  0x00007fffffffedb7 in ?? ()
#8  0x00007fffffffedf4 in ?? ()
#9  0x00007fffffffedf8 in ?? ()
#10 0x00007fffffffedfb in ?? ()
#11 0x00007fffffffee41 in ?? ()
#12 0x00007fffffffee86 in ?? ()
#13 0x00007fffffffeec9 in ?? ()
#14 0x0000000000000000 in ?? ()

2017-02-21 03:31:51:69	in dl-debug.c

2017-02-21 03:31:51:Backtrace END
2017-02-21 03:31:51:Type: The type is a pointer.
2017-02-21 03:31:51:Type sizeof: 8
2017-02-21 03:31:51:Fliping a bit of the pointer
2017-02-21 03:31:51:Mem contents(hex):0x000x000x000x000x000x000x000x00
2017-02-21 03:31:51:Fault Mode: One bit-flip
2017-02-21 03:31:51:base address to flip value: 0x7ffff7ffe038 
2017-02-21 03:31:51:address max offset: 8
2017-02-21 03:31:51:Memory content before bitflip:0x000x000x000x000x000x000x000x00
2017-02-21 03:31:51:Backtrace BEGIN:
2017-02-21 03:31:51:#0  0x0000000000401c3a in main (argc=7, argv=0x7fffffffebc8) at main_check.c:106

2017-02-21 03:31:51:101	
102	                box_cpu[nh].x = k;
103	                box_cpu[nh].y = j;
104	                box_cpu[nh].z = i;
105	                box_cpu[nh].number = nh;
106	                box_cpu[nh].offset = nh * NUMBER_PAR_PER_BOX;
107	
108	                box_cpu[nh].nn = 0;
109	
110	                for(l=-1; l<2; l++) {

2017-02-21 03:31:51:Backtrace END
2017-02-21 03:31:51:Type: The type is an array.
2017-02-21 03:31:51:Type sizeof: 100
2017-02-21 03:31:51:Fliping array at pos: 51
2017-02-21 03:31:51:Type: The type is an integer type.
2017-02-21 03:31:51:Type sizeof: 1
2017-02-21 03:31:51:Mem contents(hex):0xf7
2017-02-21 03:31:51:Fault Mode: Double bit-flip
2017-02-21 03:31:51:base address to flip value: 0x7fffffffe67b 
2017-02-21 03:31:51:address max offset: 1
2017-02-21 03:31:51:Memory content before bitflip:0xf7
2017-02-21 03:31:51:Memory content after  bitflip:0x7f
2017-02-21 03:31:51:Mem contents(hex):0x7f
2017-02-21 03:31:51:frame name: main
2017-02-21 03:31:51:symbol name: test_info
2017-02-21 03:31:51:symbol filename: main_check.c
2017-02-21 03:31:51:symbol line: 188
2017-02-21 03:31:51:value: ",]\336\367\377\177\000\000\070L\r\367\377\177\000\000p\b\000\000\000\000\000\000\004L\r\367\377\177\000\000\240\231\377\367\377\177\000\000\070L\r\367\377\177\000\000\020`\336\177\377\177\000\000p\b\000\000\000\000\000\000\330\027\016\367\377\177\000\000\240\231\377\367\377\177\000\000(\347\377\377\377\177\000\000$\347\377\377\377\177\000\000[\362\001"
2017-02-21 03:31:51:value address: 0x7fffffffe648
2017-02-21 03:31:51:Type: The type is an array.
2017-02-21 03:31:51:Type sizeof: 100
2017-02-21 03:31:51:Field name: None
2017-02-21 03:31:51:Field Type:
2017-02-21 03:31:51:Type: A range type, that is, an integer type with bounds.
2017-02-21 03:31:51:Type sizeof: 1
2017-02-21 03:31:51:Type range: (0L, 99L)
2017-02-21 03:31:51:Fault Injection Successful after 1.20981311798s
2017-02-21 03:32:06:event type: exit
2017-02-21 03:32:06:exit code: 0
