[INFO -- 2017-03-26 16:26:22]
Starting GDB script
[INFO -- 2017-03-26 16:26:22]
initSignal:0.0
[INFO -- 2017-03-26 16:26:22]
endSignal:3.0
[INFO -- 2017-03-26 16:26:22]
seqSignal:30
[INFO -- 2017-03-26 16:26:22]
sending 30 signals using command: 'ssh -T mic0 killall -2 lavamd_check' after 0.144334927755s
[INFO -- 2017-03-26 16:26:23]
sending 30 signals using command: 'ssh -T mic0 killall -2 lavamd_check' after 0.468550215621s
[INFO -- 2017-03-26 16:26:23]
shell stdout: 
[INFO -- 2017-03-26 16:26:23]
shell stdout: 
[INFO -- 2017-03-26 16:26:23]
shell stdout: 
[INFO -- 2017-03-26 16:26:23]
sending 30 signals using command: 'ssh -T mic0 killall -2 lavamd_check' after 1.01742889373s
[INFO -- 2017-03-26 16:26:23]
shell stdout: 
[INFO -- 2017-03-26 16:26:23]
shell stdout: 
[INFO -- 2017-03-26 16:26:24]
shell stdout: 
[INFO -- 2017-03-26 16:26:24]
shell stdout: 
[INFO -- 2017-03-26 16:26:24]
shell stdout: 
[INFO -- 2017-03-26 16:26:24]
shell stdout: 
[INFO -- 2017-03-26 16:26:24]
shell stdout: 
[INFO -- 2017-03-26 16:26:24]
shell stdout: 
[INFO -- 2017-03-26 16:26:24]
shell stdout: 
[INFO -- 2017-03-26 16:26:25]
shell stdout: 
[INFO -- 2017-03-26 16:26:25]
shell stdout: 
[INFO -- 2017-03-26 16:26:25]
shell stdout: 
[INFO -- 2017-03-26 16:26:25]
shell stdout: 
[INFO -- 2017-03-26 16:26:25]
shell stdout: 
[INFO -- 2017-03-26 16:26:25]
shell stdout: 
[INFO -- 2017-03-26 16:26:25]
shell stdout: 
[INFO -- 2017-03-26 16:26:26]
shell stdout: 
[INFO -- 2017-03-26 16:26:26]
shell stdout: 
[INFO -- 2017-03-26 16:26:26]
shell stdout: 
[INFO -- 2017-03-26 16:26:26]
shell stdout: 
[INFO -- 2017-03-26 16:26:26]
shell stdout: 
[INFO -- 2017-03-26 16:26:26]
shell stdout: 
[INFO -- 2017-03-26 16:26:27]
shell stdout: 
[INFO -- 2017-03-26 16:26:27]
shell stdout: 
[INFO -- 2017-03-26 16:26:27]
shell stdout: 
[INFO -- 2017-03-26 16:26:27]
shell stdout: 
[INFO -- 2017-03-26 16:26:27]
shell stdout: 
[INFO -- 2017-03-26 16:26:28]
shell stdout: 
[INFO -- 2017-03-26 16:26:28]
shell stdout: 
[INFO -- 2017-03-26 16:26:28]
shell stdout: 
[INFO -- 2017-03-26 16:26:28]
shell stdout: 
[INFO -- 2017-03-26 16:26:28]
shell stdout: 
[INFO -- 2017-03-26 16:26:28]
shell stdout: 
[INFO -- 2017-03-26 16:26:29]
shell stdout: 
[INFO -- 2017-03-26 16:26:29]
shell stdout: 
[INFO -- 2017-03-26 16:26:29]
shell stdout: 
[INFO -- 2017-03-26 16:26:29]
shell stdout: 
[INFO -- 2017-03-26 16:26:29]
shell stdout: 
[INFO -- 2017-03-26 16:26:30]
shell stdout: 
[INFO -- 2017-03-26 16:26:30]
shell stdout: 
[INFO -- 2017-03-26 16:26:30]
shell stdout: 
[INFO -- 2017-03-26 16:26:30]
shell stdout: 
[INFO -- 2017-03-26 16:26:30]
shell stdout: 
[INFO -- 2017-03-26 16:26:31]
shell stdout: 
[INFO -- 2017-03-26 16:26:31]
shell stdout: 
[INFO -- 2017-03-26 16:26:31]
shell stdout: 
[INFO -- 2017-03-26 16:26:31]
shell stdout: 
[INFO -- 2017-03-26 16:26:31]
shell stdout: 
[INFO -- 2017-03-26 16:26:31]
shell stdout: 
[INFO -- 2017-03-26 16:26:32]
shell stdout: 
[INFO -- 2017-03-26 16:26:32]
shell stdout: 
[INFO -- 2017-03-26 16:26:32]
shell stdout: 
[INFO -- 2017-03-26 16:26:32]
shell stdout: 
[INFO -- 2017-03-26 16:26:32]
shell stdout: 
[INFO -- 2017-03-26 16:26:33]
shell stdout: 
[INFO -- 2017-03-26 16:26:33]
shell stdout: 
[INFO -- 2017-03-26 16:26:33]
shell stdout: 
[INFO -- 2017-03-26 16:26:33]
shell stdout: 
[INFO -- 2017-03-26 16:26:33]
shell stdout: 
[INFO -- 2017-03-26 16:26:34]
shell stdout: 
[INFO -- 2017-03-26 16:26:34]
shell stdout: 
[INFO -- 2017-03-26 16:26:34]
shell stdout: 
[INFO -- 2017-03-26 16:26:34]
shell stdout: 
[INFO -- 2017-03-26 16:26:34]
shell stdout: 
[INFO -- 2017-03-26 16:26:34]
shell stdout: 
[INFO -- 2017-03-26 16:26:35]
shell stdout: 
[INFO -- 2017-03-26 16:26:35]
shell stdout: 
[INFO -- 2017-03-26 16:26:35]
shell stdout: 
[INFO -- 2017-03-26 16:26:35]
shell stdout: 
[INFO -- 2017-03-26 16:26:35]
shell stdout: 
[INFO -- 2017-03-26 16:26:35]
shell stdout: 
[INFO -- 2017-03-26 16:26:36]
shell stdout: 
[INFO -- 2017-03-26 16:26:36]
shell stdout: 
[INFO -- 2017-03-26 16:26:36]
shell stdout: 
[INFO -- 2017-03-26 16:26:36]
shell stdout: 
[INFO -- 2017-03-26 16:26:37]
shell stdout: 
[INFO -- 2017-03-26 16:26:37]
shell stdout: 
[INFO -- 2017-03-26 16:26:37]
shell stdout: 
[INFO -- 2017-03-26 16:26:37]
shell stdout: 
[INFO -- 2017-03-26 16:26:37]
shell stdout: 
[INFO -- 2017-03-26 16:26:37]
shell stdout: 
[INFO -- 2017-03-26 16:26:38]
shell stdout: 
[INFO -- 2017-03-26 16:26:38]
shell stdout: 
[INFO -- 2017-03-26 16:26:38]
shell stdout: 
[INFO -- 2017-03-26 16:26:38]
shell stdout: 
[INFO -- 2017-03-26 16:26:38]
shell stdout: 
[INFO -- 2017-03-26 16:26:39]
shell stdout: 
[INFO -- 2017-03-26 16:26:47]
no gdbExecName running, out:
[INFO -- 2017-03-26 16:26:47]
checCmd:ps -e | grep -i gdb-mic
[INFO -- 2017-03-26 16:26:47]
finished now-timestampStart < maxWaitTime*5
[INFO -- 2017-03-26 16:26:47]
now: 1490545606
[INFO -- 2017-03-26 16:26:47]
timestampStart: 1490545582
[INFO -- 2017-03-26 16:26:47]
kill cmd: killall -9 gdb-mic
[INFO -- 2017-03-26 16:26:47]
shell stdout: 
[INFO -- 2017-03-26 16:26:47]
kill cmd: ssh -T mic0 killall -9 lavamd_check
[INFO -- 2017-03-26 16:26:47]
shell stdout: 
[INFO -- 2017-03-26 16:26:47]
kill cmd: ssh -T mic0 killall -9 gdbserver
[INFO -- 2017-03-26 16:26:47]
shell stdout: 
[INFO -- 2017-03-26 16:26:48]
kill cmd: ssh -T mic0 killall -9 sshd
[INFO -- 2017-03-26 16:26:48]
shell stdout: 
