[INFO -- 2017-02-24 22:11:58]
Starting GDB script
[INFO -- 2017-02-24 22:11:58]
initSignal:3.0
[INFO -- 2017-02-24 22:11:58]
endSignal:6.0
[INFO -- 2017-02-24 22:11:58]
seqSignal:15
[INFO -- 2017-02-24 22:12:01]
sending 15 signals using command: 'ssh -T mic0 killall -2 hotspot_check' after 3.66466554606s
[INFO -- 2017-02-24 22:12:02]
shell stdout: 
[INFO -- 2017-02-24 22:12:02]
sending 15 signals using command: 'ssh -T mic0 killall -2 hotspot_check' after 4.1276732853s
[INFO -- 2017-02-24 22:12:02]
shell stdout: 
[INFO -- 2017-02-24 22:12:02]
shell stdout: 
[INFO -- 2017-02-24 22:12:02]
sending 15 signals using command: 'ssh -T mic0 killall -2 hotspot_check' after 4.84644802891s
[INFO -- 2017-02-24 22:12:02]
shell stdout: 
[INFO -- 2017-02-24 22:12:02]
shell stdout: 
[INFO -- 2017-02-24 22:12:03]
shell stdout: 
[INFO -- 2017-02-24 22:12:03]
shell stdout: 
[INFO -- 2017-02-24 22:12:03]
shell stdout: 
[INFO -- 2017-02-24 22:12:03]
shell stdout: 
[INFO -- 2017-02-24 22:12:03]
shell stdout: 
[INFO -- 2017-02-24 22:12:03]
shell stdout: 
[INFO -- 2017-02-24 22:12:04]
shell stdout: 
[INFO -- 2017-02-24 22:12:04]
shell stdout: 
[INFO -- 2017-02-24 22:12:04]
shell stdout: 
[INFO -- 2017-02-24 22:12:04]
shell stdout: 
[INFO -- 2017-02-24 22:12:04]
shell stdout: 
[INFO -- 2017-02-24 22:12:04]
shell stdout: 
[INFO -- 2017-02-24 22:12:04]
shell stdout: 
[INFO -- 2017-02-24 22:12:05]
shell stdout: 
[INFO -- 2017-02-24 22:12:05]
shell stdout: 
[INFO -- 2017-02-24 22:12:05]
shell stdout: 
[INFO -- 2017-02-24 22:12:05]
shell stdout: 
[INFO -- 2017-02-24 22:12:05]
shell stdout: 
[INFO -- 2017-02-24 22:12:05]
shell stdout: 
[INFO -- 2017-02-24 22:12:05]
shell stdout: 
[INFO -- 2017-02-24 22:12:05]
shell stdout: 
[INFO -- 2017-02-24 22:12:06]
shell stdout: 
[INFO -- 2017-02-24 22:12:06]
shell stdout: 
[INFO -- 2017-02-24 22:12:06]
shell stdout: 
[INFO -- 2017-02-24 22:12:06]
shell stdout: 
[INFO -- 2017-02-24 22:12:06]
shell stdout: 
[INFO -- 2017-02-24 22:12:06]
shell stdout: 
[INFO -- 2017-02-24 22:12:07]
shell stdout: 
[INFO -- 2017-02-24 22:12:07]
shell stdout: 
[INFO -- 2017-02-24 22:12:07]
shell stdout: 
[INFO -- 2017-02-24 22:12:07]
shell stdout: 
[INFO -- 2017-02-24 22:12:07]
shell stdout: 
[INFO -- 2017-02-24 22:12:07]
shell stdout: 
[INFO -- 2017-02-24 22:12:07]
shell stdout: 
[INFO -- 2017-02-24 22:12:07]
shell stdout: 
[INFO -- 2017-02-24 22:12:07]
shell stdout: 
[INFO -- 2017-02-24 22:12:08]
shell stdout: 
[INFO -- 2017-02-24 22:12:08]
shell stdout: 
[INFO -- 2017-02-24 22:12:08]
shell stdout: 
[INFO -- 2017-02-24 22:12:09]
shell stdout: 
[INFO -- 2017-02-24 22:12:23]
no gdbExecName running, out:
[INFO -- 2017-02-24 22:12:23]
checCmd:ps -e | grep -i gdb-mic
[INFO -- 2017-02-24 22:12:23]
finished now-timestampStart < maxWaitTime*5
[INFO -- 2017-02-24 22:12:23]
now: 1487992342
[INFO -- 2017-02-24 22:12:23]
timestampStart: 1487992318
[INFO -- 2017-02-24 22:12:23]
kill cmd: killall -9 gdb-mic
[INFO -- 2017-02-24 22:12:23]
shell stdout: 
[INFO -- 2017-02-24 22:12:24]
kill cmd: ssh -T mic0 killall -9 hotspot_check
[INFO -- 2017-02-24 22:12:24]
shell stdout: 
[INFO -- 2017-02-24 22:12:24]
kill cmd: ssh -T mic0 killall -9 gdbserver
[INFO -- 2017-02-24 22:12:24]
shell stdout: 
[INFO -- 2017-02-24 22:12:25]
kill cmd: ssh -T mic0 killall -9 sshd
[INFO -- 2017-02-24 22:12:25]
shell stdout: 
