2016-10-16 13:53:45:Starting GDB script
2016-10-16 13:53:50:sending signal using command: 'ssh -T mic0 killall -2 needle_check' after 4.12256865474s
2016-10-16 13:53:50:shell stdout: 
2016-10-16 13:53:50:sending signal using command: 'ssh -T mic0 killall -2 needle_check' after 4.44872591696s
2016-10-16 13:53:50:shell stdout: 
2016-10-16 13:53:51:sending signal using command: 'ssh -T mic0 killall -2 needle_check' after 5.83612217409s
2016-10-16 13:53:51:shell stdout: 
2016-10-16 13:53:55:sending signal using command: 'ssh -T mic0 killall -2 needle_check' after 9.32396510314s
2016-10-16 13:53:55:shell stdout: 
2016-10-16 13:53:55:sending signal using command: 'ssh -T mic0 killall -2 needle_check' after 9.85810728433s
2016-10-16 13:53:55:shell stdout: 
2016-10-16 13:53:56:sending signal using command: 'ssh -T mic0 killall -2 needle_check' after 10.6824892364s
2016-10-16 13:53:56:shell stdout: 
2016-10-16 13:54:00:sending signal using command: 'ssh -T mic0 killall -2 needle_check' after 11.5869363242s
2016-10-16 13:54:00:shell stdout: 
2016-10-16 13:54:02:sending signal using command: 'ssh -T mic0 killall -2 needle_check' after 12.9580789527s
2016-10-16 13:54:02:shell stdout: 
2016-10-16 13:54:02:sending signal using command: 'ssh -T mic0 killall -2 needle_check' after 12.3929314964s
2016-10-16 13:54:02:shell stdout: 
2016-10-16 13:54:02:sending signal using command: 'ssh -T mic0 killall -2 needle_check' after 13.2117879865s
2016-10-16 13:54:02:shell stdout: 
2016-10-16 13:55:10:finished due now-timestampStart > maxWaitTime*5
2016-10-16 13:55:10:now: 1476640510
2016-10-16 13:55:10:timestampStart: 1476640425
2016-10-16 13:55:10:kill cmd: killall -9 gdb-mic
2016-10-16 13:55:10:shell stdout: 
2016-10-16 13:55:10:kill cmd: ssh -T mic0 killall -9 needle_check
2016-10-16 13:55:10:shell stdout: 
2016-10-16 13:55:10:kill cmd: ssh -T mic0 killall -9 gdbserver
2016-10-16 13:55:10:shell stdout: 
2016-10-16 13:55:11:kill cmd: ssh -T mic0 killall -9 sshd
2016-10-16 13:55:11:shell stdout: 
