2016-10-28 18:52:25:Starting GDB script
2016-10-28 18:52:25:sending signal using command: 'ssh -T mic0 killall -2 hotspot_check' after 0.189148973144s
2016-10-28 18:52:25:shell stdout: 
2016-10-28 18:52:25:sending signal using command: 'ssh -T mic0 killall -2 hotspot_check' after 0.203912573393s
2016-10-28 18:52:25:shell stdout: 
2016-10-28 18:52:27:sending signal using command: 'ssh -T mic0 killall -2 hotspot_check' after 2.12540871324s
2016-10-28 18:52:27:shell stdout: 
2016-10-28 18:52:28:sending signal using command: 'ssh -T mic0 killall -2 hotspot_check' after 2.55023628489s
2016-10-28 18:52:28:shell stdout: 
2016-10-28 18:52:29:sending signal using command: 'ssh -T mic0 killall -2 hotspot_check' after 3.70663419458s
2016-10-28 18:52:29:shell stdout: 
2016-10-28 18:52:32:sending signal using command: 'ssh -T mic0 killall -2 hotspot_check' after 7.39397268217s
2016-10-28 18:52:32:shell stdout: 
2016-10-28 18:52:34:sending signal using command: 'ssh -T mic0 killall -2 hotspot_check' after 8.60067391429s
2016-10-28 18:52:34:shell stdout: 
2016-10-28 18:52:35:sending signal using command: 'ssh -T mic0 killall -2 hotspot_check' after 10.0732747009s
2016-10-28 18:52:35:shell stdout: 
2016-10-28 18:52:36:sending signal using command: 'ssh -T mic0 killall -2 hotspot_check' after 10.8379034785s
2016-10-28 18:52:36:shell stdout: 
2016-10-28 18:52:36:sending signal using command: 'ssh -T mic0 killall -2 hotspot_check' after 11.3569101918s
2016-10-28 18:52:36:shell stdout: 
2016-10-28 18:52:45:no gdbExecName running, out:
2016-10-28 18:52:45:checCmd:ps -e | grep -i gdb-mic
2016-10-28 18:52:45:finished now-timestampStart < maxWaitTime*5
2016-10-28 18:52:45:now: 1477695164
2016-10-28 18:52:45:timestampStart: 1477695145
2016-10-28 18:52:45:kill cmd: killall -9 gdb-mic
2016-10-28 18:52:45:shell stdout: 
2016-10-28 18:52:45:kill cmd: ssh -T mic0 killall -9 hotspot_check
2016-10-28 18:52:45:shell stdout: 
2016-10-28 18:52:46:kill cmd: ssh -T mic0 killall -9 gdbserver
2016-10-28 18:52:46:shell stdout: 
