[INFO -- 2017-02-26 06:43:40]
Starting flip_value script
version: 2.0
[INFO -- 2017-02-26 06:43:40]
Initialization strings:
[INFO -- 2017-02-26 06:43:40]
(1) target extended-remote | ssh -T mic1 gdbserver --multi -
[INFO -- 2017-02-26 06:43:40]
(2) set sysroot /opt/mpss/3.7/sysroots/k1om-mpss-linux/
[INFO -- 2017-02-26 06:43:40]
(3) set sysroot /opt/mpss/3.7/sysroots/k1om-mpss-linux/
[INFO -- 2017-02-26 06:43:40]
(4) file /micNfs/gdb-fault-injection/injector/bin/lud/lud_check
[INFO -- 2017-02-26 06:43:40]
(5) set remote exec-file /micNfs/gdb-fault-injection/injector/bin/lud/lud_check
[INFO -- 2017-02-26 06:43:40]
(6) set args -s 2048 -n 228 -i /micNfs/gdb-fault-injection/injector/bin/lud/input_2048_th_228 -g /micNfs/gdb-fault-injection/injector/bin/lud/gold_2048_th_228
[INFO -- 2017-02-26 06:43:40]
initSignal:4
[INFO -- 2017-02-26 06:43:40]
endSignal:8
[INFO -- 2017-02-26 06:43:40]
seqSignal:30
[INFO -- 2017-02-26 06:43:40]
faultMode:1
[EXCEPTION -- 2017-02-26 06:43:49]
pythonException: invalid frame
