2017-01-24 04:26:41:Starting flip_value script
2017-01-24 04:26:41:Initialization strings:
2017-01-24 04:26:41:(1) target extended-remote | ssh -T mic0 gdbserver --multi -
2017-01-24 04:26:41:(2) set sysroot /opt/mpss/3.7/sysroots/k1om-mpss-linux/
2017-01-24 04:26:41:(3) set sysroot /opt/mpss/3.7/sysroots/k1om-mpss-linux/
2017-01-24 04:26:41:(4) file /micNfs/gdb-fault-injection/injector/bin/lud/lud_check
2017-01-24 04:26:41:(5) set remote exec-file /micNfs/gdb-fault-injection/injector/bin/lud/lud_check
2017-01-24 04:26:41:(6) set args -s 2048 -n 228 -i /micNfs/gdb-fault-injection/injector/bin/lud/input_2048_th_228 -g /micNfs/gdb-fault-injection/injector/bin/lud/gold_2048_th_228
2017-01-24 04:26:41:initSignal:4
2017-01-24 04:26:41:endSignal:6
2017-01-24 04:26:41:seqSignal:30
2017-01-24 04:26:46:Trying Fault Injection
2017-01-24 04:26:46:Inferior PID: 98442
2017-01-24 04:26:46:Inferior is valid: True
2017-01-24 04:26:46:Inferior #threads: 229
2017-01-24 04:26:46:Backtrace BEGIN:
2017-01-24 04:26:46:#0  0x0000000000404ca3 in L_lud_omp_123__par_loop2_2_5 () at lud_omp.c:148
#1  0x00007ffff790ba1f in ?? ()
#2  0x00007fffffffd9c0 in ?? ()
#3  0x00007ffff4ea0100 in ?? ()
#4  0x0000000000000001 in ?? ()
#5  0x0000000000000003 in ?? ()
#6  0x0000000000000000 in ?? ()

2017-01-24 04:26:46:143	            for (i = 0; i < BS; i++)
144	            {
145	                for (k=0; k < BS; k++) {
146	#pragma omp simd 
147	                    for (j = 0; j < BS; j++) {
148	                        sum[j] += temp_left[BS*i + k] * temp_top[BS*k + j];
149	                    }
150	                }
151	#pragma omp simd 
152	                for (j = 0; j < BS; j++) {

2017-01-24 04:26:46:Backtrace END
2017-01-24 04:26:54:Thread name: None
2017-01-24 04:26:54:Thread num: 65
2017-01-24 04:26:54:Thread ptid: (98442, 98510, 0)
2017-01-24 04:26:54:Error Exception(frameFlip): invalid frame
2017-01-24 04:26:54:Error Exception(frameFlip): invalid frame
2017-01-24 04:26:54:Error Exception(frameFlip): invalid frame
2017-01-24 04:26:54:Error Exception(frameFlip): invalid frame
2017-01-24 04:26:54:Error Exception(frameFlip): invalid frame
2017-01-24 04:26:54:Error Exception(frameFlip): invalid frame
2017-01-24 04:26:54:Error Exception(frameFlip): invalid frame
2017-01-24 04:26:54:Error Exception(frameFlip): invalid frame
2017-01-24 04:26:54:Error Exception(frameFlip): invalid frame
2017-01-24 04:26:54:Error Exception(frameFlip): invalid frame
2017-01-24 04:26:54:Error Exception(frameFlip): invalid frame
2017-01-24 04:26:54:Error Exception(frameFlip): invalid frame
2017-01-24 04:26:54:Error Exception(frameFlip): invalid frame
2017-01-24 04:26:54:Error Exception(frameFlip): invalid frame
2017-01-24 04:26:54:Error Exception(frameFlip): invalid frame
2017-01-24 04:26:54:bitFlip function
2017-01-24 04:26:54:Type: The type is an array.
2017-01-24 04:26:54:Type sizeof: 1024
2017-01-24 04:26:54:Fliping array at pos: 57
2017-01-24 04:26:54:bitFlip function
2017-01-24 04:26:54:Type: A floating point type.
2017-01-24 04:26:54:Type sizeof: 4
2017-01-24 04:26:54:Mem contents(hex):0x7c0x3f0xf50x3b
2017-01-24 04:26:54:base address to flip value: 0x7fffffffcd64
2017-01-24 04:26:54:address max offset: 4
2017-01-24 04:26:54:Memory content before bitflip:0x7c0x3f0xf50x3b
2017-01-24 04:26:54:Memory content after  bitflip:0x7c0x3f0xf50x7b
2017-01-24 04:26:54:Mem contents(hex):0x7c0x3f0xf50x7b
2017-01-24 04:26:54:frame name: L_lud_omp_123__par_loop2_2_5
2017-01-24 04:26:54:symbol name: temp_top
2017-01-24 04:26:54:symbol filename: lud_omp.c
2017-01-24 04:26:54:symbol line: 128
2017-01-24 04:26:54:value: {0.00752855092, 0.00752124935, 0.00751514733, 0.00750669837, 0.00749827921, 0.00749212503, 0.00748357922, 0.00747692585, 0.00746919215, 0.00746078789, 0.00745341927, 0.00744646043, 0.00743885338, 0.00743202865, 0.00742494315, 0.00741753727, 0.00753730349, 0.00752901752, 0.00752004795, 0.00751311705, 0.00750663318, 0.00749825966, 0.00749037508, 0.00748303626, 0.00747668743, 0.0074700918, 0.00746212667, 0.00745342392, 0.00744668767, 0.00743981823, 0.00743126497, 0.00742422324, 0.00754324812, 0.00753594749, 0.0075289011, 0.00752128009, 0.00751289167, 0.00750583038, 0.00749910995, 0.00749172922, 0.00748242531, 0.00747549813, 0.00746819004, 0.00746079255, 0.00745304581, 0.00744439103, 0.00743878074, 0.00743093062, 0.0075520575, 0.00754430145, 0.00753596798, 0.00752943382, 0.00752184168, 0.00751453824, 0.00750695169, 0.00749848038, 0.00749205053, 2.54680069e+36, 0.00747678056, 0.00746870413, 0.00746148266, 0.0074541904, 0.00744671002, 0.0074397102, 0.00755893067, 0.00755062141, 0.00754501298, 0.00753584877, 0.00752870739, 0.00751969591, 0.0075133983, 0.0075067766, 0.00749929436, 0.00749065354, 0.00748373196, 0.00747676194, 0.00747002289, 0.00746113807, 0.00745350309, 0.00744707137, 0.00756599754, 0.00755950063, 0.00754962116, 0.00754468143, 0.00753653049, 0.00752952695, 0.00752022862, 0.00751401484, 0.00750569254, 0.00749926269, 0.00749128312, 0.00748360902, 0.00747507438, 0.00746869668, 0.00746162981, 0.00745334849, 0.00757366791, 0.00756663457, 0.00756091252, 0.0075516738, 0.0075442642, 0.00753693283, 0.00752980635, 0.00752063096, 0.00751336291, 0.00750566274, 0.00749908388, 0.00749158114, 0.00748513639, 0.00747652352, 0.00746833161, 0.00746083632, 0.00758200139, 0.00757351518, 0.00756602734, 0.00755839795, 0.0075506717, 0.00754464418, 0.00753628835, 0.00752955675, 0.00752135366, 0.0075145103, 0.00750521198, 0.00749835745, 0.00748991221, 0.00748330727, 0.00747701898, 0.00746982172, 0.00758811459, 0.0075818561, 0.00757334381, 0.00756575167, 0.00755910948, 0.00754894316, 0.00754357129, 0.00753615797, 0.00752832741, 0.00751951709, 0.00751413032, 0.00750540569, 0.00749867409, 0.00749124214, 0.00748182833, 0.00747529417, 0.00759793073, 0.00758883357, 0.00758127123, 0.00757491589, 0.00756586343, 0.00755909085, 0.0075507313, 0.00754354149, 0.0075371787, 0.00752872974, 0.00752026588, 0.00751376897, 0.00750540197, 0.0074981451, 0.00749193132, 0.00748294592, 0.00760328025, 0.00759725273, 0.00758912414, 0.00758055598, 0.00757357478, 0.00756766647, 0.00755993277, 0.00755117089, 0.00754310936, 0.00753602386, 0.00752944499, 0.00752167404, 0.00751400739, 0.00750678778, 0.00749856234, 0.00749182701, 0.00761192292, 0.00760472566, 0.00759647042, 0.00758939236, 0.00758253783, 0.00757422298, 0.00756584853, 0.00755699724, 0.00755064934, 0.0075449422, 0.00753609091, 0.00752832741, 0.00752080232, 0.00751370937, 0.00750654936, 0.00749856979, 0.00762104243, 0.00761137158, 0.00760483742, 0.00759681314, 0.00758910924, 0.00758143514, 0.00757493079, 0.00756777823...}
2017-01-24 04:26:54:value address: 0x7fffffffcc80
2017-01-24 04:26:54:Type: The type is an array.
2017-01-24 04:26:54:Type sizeof: 1024
2017-01-24 04:26:54:Field name: None
2017-01-24 04:26:54:Field Type:
2017-01-24 04:26:54:Type: A range type, that is, an integer type with bounds.
2017-01-24 04:26:54:Type sizeof: 1
2017-01-24 04:26:54:Type range: (0L, 255L)
2017-01-24 04:26:54:Fault Injection Successful after 13.6230230331s
2017-01-24 04:26:54:Fault Already Injected
2017-01-24 04:26:54:Fault Already Injected
2017-01-24 04:26:55:Fault Already Injected
2017-01-24 04:26:55:Fault Already Injected
2017-01-24 04:26:55:Fault Already Injected
2017-01-24 04:26:55:Fault Already Injected
2017-01-24 04:26:56:Fault Already Injected
2017-01-24 04:26:56:Fault Already Injected
2017-01-24 04:26:56:Fault Already Injected
2017-01-24 04:26:56:Fault Already Injected
2017-01-24 04:26:56:Fault Already Injected
2017-01-24 04:26:57:Fault Already Injected
2017-01-24 04:26:57:Fault Already Injected
2017-01-24 04:26:57:Fault Already Injected
2017-01-24 04:26:57:Fault Already Injected
2017-01-24 04:26:57:Fault Already Injected
2017-01-24 04:26:58:Fault Already Injected
2017-01-24 04:26:58:Fault Already Injected
2017-01-24 04:26:58:Fault Already Injected
2017-01-24 04:26:58:Fault Already Injected
2017-01-24 04:26:59:Fault Already Injected
2017-01-24 04:26:59:Fault Already Injected
2017-01-24 04:26:59:Fault Already Injected
2017-01-24 04:26:59:Fault Already Injected
2017-01-24 04:27:00:Fault Already Injected
2017-01-24 04:27:00:Fault Already Injected
2017-01-24 04:27:00:Fault Already Injected
2017-01-24 04:27:03:event type: exit
2017-01-24 04:27:03:exit code: 1
