2016-10-28 01:10:57:Starting GDB script
2016-10-28 01:10:58:sending signal using command: 'ssh -T mic0 killall -2 lavamd' after 0.213406574587s
2016-10-28 01:10:58:shell stdout: 
2016-10-28 01:10:58:sending signal using command: 'ssh -T mic0 killall -2 lavamd' after 0.519381846341s
2016-10-28 01:10:58:shell stdout: 
2016-10-28 01:10:58:sending signal using command: 'ssh -T mic0 killall -2 lavamd' after 0.872929198711s
2016-10-28 01:10:58:shell stdout: 
2016-10-28 01:10:59:sending signal using command: 'ssh -T mic0 killall -2 lavamd' after 1.66725709971s
2016-10-28 01:10:59:shell stdout: 
2016-10-28 01:11:00:sending signal using command: 'ssh -T mic0 killall -2 lavamd' after 2.09493896976s
2016-10-28 01:11:00:shell stdout: 
2016-10-28 01:11:02:sending signal using command: 'ssh -T mic0 killall -2 lavamd' after 3.57079055447s
2016-10-28 01:11:02:shell stdout: 
2016-10-28 01:11:03:sending signal using command: 'ssh -T mic0 killall -2 lavamd' after 4.25777689088s
2016-10-28 01:11:03:shell stdout: 
2016-10-28 01:11:04:sending signal using command: 'ssh -T mic0 killall -2 lavamd' after 5.46649174821s
2016-10-28 01:11:04:shell stdout: 
2016-10-28 01:11:04:sending signal using command: 'ssh -T mic0 killall -2 lavamd' after 5.62971016842s
2016-10-28 01:11:04:shell stdout: 
2016-10-28 01:11:07:sending signal using command: 'ssh -T mic0 killall -2 lavamd' after 9.67028302728s
2016-10-28 01:11:07:shell stdout: 
2016-10-28 01:11:14:no gdbExecName running, out:
2016-10-28 01:11:14:checCmd:ps -e | grep -i gdb-mic
2016-10-28 01:11:14:finished now-timestampStart < maxWaitTime*5
2016-10-28 01:11:14:now: 1477631473
2016-10-28 01:11:14:timestampStart: 1477631457
2016-10-28 01:11:14:kill cmd: killall -9 gdb-mic
2016-10-28 01:11:14:shell stdout: 
2016-10-28 01:11:15:kill cmd: ssh -T mic0 killall -9 lavamd
2016-10-28 01:11:15:shell stdout: 
2016-10-28 01:11:15:kill cmd: ssh -T mic0 killall -9 gdbserver
2016-10-28 01:11:15:shell stdout: 
2016-10-28 01:11:15:kill cmd: ssh -T mic0 killall -9 sshd
2016-10-28 01:11:15:shell stdout: 
