2017-01-25 02:04:44:Starting GDB script
2017-01-25 02:04:44:initSignal:0.0
2017-01-25 02:04:44:endSignal:2.0
2017-01-25 02:04:44:seqSignal:30
2017-01-25 02:04:44:sending 30 signals using command: 'ssh -T mic0 killall -2 lud_check' after 0.0889079298586s
2017-01-25 02:04:44:shell stdout: 
2017-01-25 02:04:45:shell stdout: 
2017-01-25 02:04:45:sending 30 signals using command: 'ssh -T mic0 killall -2 lud_check' after 1.16961630039s
2017-01-25 02:04:45:shell stdout: 
2017-01-25 02:04:45:shell stdout: 
2017-01-25 02:04:45:shell stdout: 
2017-01-25 02:04:46:sending 30 signals using command: 'ssh -T mic0 killall -2 lud_check' after 1.99539601898s
2017-01-25 02:04:46:shell stdout: 
2017-01-25 02:04:46:shell stdout: 
2017-01-25 02:04:46:shell stdout: 
2017-01-25 02:04:46:shell stdout: 
2017-01-25 02:04:47:shell stdout: 
2017-01-25 02:04:47:shell stdout: 
2017-01-25 02:04:47:shell stdout: 
2017-01-25 02:04:47:shell stdout: 
2017-01-25 02:04:48:shell stdout: 
2017-01-25 02:04:48:shell stdout: 
2017-01-25 02:04:48:shell stdout: 
2017-01-25 02:04:48:shell stdout: 
2017-01-25 02:04:48:shell stdout: 
2017-01-25 02:04:48:shell stdout: 
2017-01-25 02:04:49:shell stdout: 
2017-01-25 02:04:49:shell stdout: 
2017-01-25 02:04:49:shell stdout: 
2017-01-25 02:04:50:shell stdout: 
2017-01-25 02:04:50:shell stdout: 
2017-01-25 02:04:50:shell stdout: 
2017-01-25 02:04:50:shell stdout: 
2017-01-25 02:04:50:shell stdout: 
2017-01-25 02:04:50:shell stdout: 
2017-01-25 02:04:51:shell stdout: 
2017-01-25 02:04:51:shell stdout: 
2017-01-25 02:04:51:shell stdout: 
2017-01-25 02:04:52:shell stdout: 
2017-01-25 02:04:52:shell stdout: 
2017-01-25 02:04:52:shell stdout: 
2017-01-25 02:04:52:shell stdout: 
2017-01-25 02:04:52:shell stdout: 
2017-01-25 02:04:52:shell stdout: 
2017-01-25 02:04:53:shell stdout: 
2017-01-25 02:04:53:shell stdout: 
2017-01-25 02:04:53:shell stdout: 
2017-01-25 02:04:54:shell stdout: 
2017-01-25 02:04:54:shell stdout: 
2017-01-25 02:04:54:shell stdout: 
2017-01-25 02:04:54:shell stdout: 
2017-01-25 02:04:54:shell stdout: 
2017-01-25 02:04:54:shell stdout: 
2017-01-25 02:04:55:shell stdout: 
2017-01-25 02:04:55:shell stdout: 
2017-01-25 02:04:55:shell stdout: 
2017-01-25 02:04:56:shell stdout: 
2017-01-25 02:04:56:shell stdout: 
2017-01-25 02:04:56:shell stdout: 
2017-01-25 02:04:56:shell stdout: 
2017-01-25 02:04:56:shell stdout: 
2017-01-25 02:04:56:shell stdout: 
2017-01-25 02:04:57:shell stdout: 
2017-01-25 02:04:57:shell stdout: 
2017-01-25 02:04:57:shell stdout: 
2017-01-25 02:04:57:shell stdout: 
2017-01-25 02:04:57:shell stdout: 
2017-01-25 02:04:57:shell stdout: 
2017-01-25 02:04:58:shell stdout: 
2017-01-25 02:04:58:shell stdout: 
2017-01-25 02:04:58:shell stdout: 
2017-01-25 02:04:58:shell stdout: 
2017-01-25 02:04:58:shell stdout: 
2017-01-25 02:04:58:shell stdout: 
2017-01-25 02:04:59:shell stdout: 
2017-01-25 02:04:59:shell stdout: 
2017-01-25 02:04:59:shell stdout: 
2017-01-25 02:04:59:shell stdout: 
2017-01-25 02:04:59:shell stdout: 
2017-01-25 02:04:59:shell stdout: 
2017-01-25 02:05:00:shell stdout: 
2017-01-25 02:05:00:shell stdout: 
2017-01-25 02:05:00:shell stdout: 
2017-01-25 02:05:00:shell stdout: 
2017-01-25 02:05:00:shell stdout: 
2017-01-25 02:05:00:shell stdout: 
2017-01-25 02:05:00:shell stdout: 
2017-01-25 02:05:00:shell stdout: 
2017-01-25 02:05:00:shell stdout: 
2017-01-25 02:05:01:shell stdout: 
2017-01-25 02:05:01:shell stdout: 
2017-01-25 02:05:01:shell stdout: 
2017-01-25 02:05:01:shell stdout: 
2017-01-25 02:05:02:shell stdout: 
2017-01-25 02:05:02:shell stdout: 
2017-01-25 02:05:02:shell stdout: 
2017-01-25 02:05:03:shell stdout: 
2017-01-25 02:05:24:finished due now-timestampStart > maxWaitTime*5
2017-01-25 02:05:24:now: 1485327924
2017-01-25 02:05:24:timestampStart: 1485327884
2017-01-25 02:05:24:kill cmd: killall -9 gdb-mic
2017-01-25 02:05:24:shell stdout: 
2017-01-25 02:05:25:kill cmd: ssh -T mic0 killall -9 lud_check
2017-01-25 02:05:25:shell stdout: 
2017-01-25 02:05:25:kill cmd: ssh -T mic0 killall -9 gdbserver
2017-01-25 02:05:25:shell stdout: 
2017-01-25 02:05:25:kill cmd: ssh -T mic0 killall -9 sshd
2017-01-25 02:05:25:shell stdout: 
