2016-10-19 17:35:27:Starting GDB script
2016-10-19 17:35:28:sending signal using command: 'ssh -T mic0 killall -2 lavamd' after 0.978952629839s
2016-10-19 17:35:28:shell stdout: 
2016-10-19 17:35:32:sending signal using command: 'ssh -T mic0 killall -2 lavamd' after 3.43322841195s
2016-10-19 17:35:32:shell stdout: 
2016-10-19 17:35:32:sending signal using command: 'ssh -T mic0 killall -2 lavamd' after 3.4841984579s
2016-10-19 17:35:32:shell stdout: 
2016-10-19 17:35:32:sending signal using command: 'ssh -T mic0 killall -2 lavamd' after 3.51704400669s
2016-10-19 17:35:32:shell stdout: 
2016-10-19 17:35:32:sending signal using command: 'ssh -T mic0 killall -2 lavamd' after 4.21984103197s
2016-10-19 17:35:32:shell stdout: 
2016-10-19 17:35:34:sending signal using command: 'ssh -T mic0 killall -2 lavamd' after 5.79532552629s
2016-10-19 17:35:34:shell stdout: 
2016-10-19 17:35:36:sending signal using command: 'ssh -T mic0 killall -2 lavamd' after 8.32223751807s
2016-10-19 17:35:36:shell stdout: 
2016-10-19 17:35:36:sending signal using command: 'ssh -T mic0 killall -2 lavamd' after 8.99443968422s
2016-10-19 17:35:36:shell stdout: 
2016-10-19 17:35:37:sending signal using command: 'ssh -T mic0 killall -2 lavamd' after 9.63061447401s
2016-10-19 17:35:37:shell stdout: 
2016-10-19 17:35:37:sending signal using command: 'ssh -T mic0 killall -2 lavamd' after 9.83881669472s
2016-10-19 17:35:37:shell stdout: 
2016-10-19 17:35:43:no gdbExecName running, out:
2016-10-19 17:35:43:checCmd:ps -e | grep -i gdb-mic
2016-10-19 17:35:43:finished now-timestampStart < maxWaitTime*5
2016-10-19 17:35:43:now: 1476912942
2016-10-19 17:35:43:timestampStart: 1476912927
2016-10-19 17:35:43:kill cmd: killall -9 gdb-mic
2016-10-19 17:35:43:shell stdout: 
2016-10-19 17:35:43:kill cmd: ssh -T mic0 killall -9 lavamd
2016-10-19 17:35:43:shell stdout: 
2016-10-19 17:35:44:kill cmd: ssh -T mic0 killall -9 gdbserver
2016-10-19 17:35:44:shell stdout: 
2016-10-19 17:35:44:kill cmd: ssh -T mic0 killall -9 sshd
2016-10-19 17:35:44:shell stdout: 
