2016-10-15 12:59:04:Initialization strings:
2016-10-15 12:59:05:(1) target extended-remote | ssh -T mic0 gdbserver --multi -
2016-10-15 12:59:05:(2) set sysroot /opt/mpss/3.7/sysroots/k1om-mpss-linux/
2016-10-15 12:59:05:(3) set sysroot /opt/mpss/3.7/sysroots/k1om-mpss-linux/
2016-10-15 12:59:05:(4) file /micNfs/gdb-fault-injection-hotspot/bin/hotspot_check
2016-10-15 12:59:05:(5) set remote exec-file /micNfs/gdb-fault-injection-hotspot/bin/hotspot_check
2016-10-15 12:59:05:(6) set args 1024 1024 2000 228 /micNfs/gdb-fault-injection-hotspot/bin/temp_1024 /micNfs/gdb-fault-injection-hotspot/bin/power_1024 /micNfs/gdb-fault-injection-hotspot/bin/GOLD_1024-2000-228
2016-10-15 12:59:05:Trying Fault Injection
2016-10-15 12:59:05:Backtrace BEGIN:
2016-10-15 12:59:05:#0  __GI_____strtof_l_internal (nptr=nptr@entry=0x7fffffffe010 "324.396742", endptr=endptr@entry=0x7fffffffe240, group=group@entry=0, loc=<optimized out>) at strtod_l.c:1468
#1  0x00007ffff7107c00 in __GI___strtof_internal (nptr=nptr@entry=0x7fffffffe010 "324.396742", endptr=endptr@entry=0x7fffffffe240, group=group@entry=0) at strtod.c:54
#2  0x00007ffff7128bec in _IO_vfscanf_internal (s=s@entry=0x7fffffffe400, format=format@entry=0x407198 "%f", argptr=argptr@entry=0x7fffffffe528, errp=errp@entry=0x0) at vfscanf.c:2332
#3  0x00007ffff71365ea in __GI___isoc99_vsscanf (string=0x7fffffffe77a "324.396742\n", format=0x407198 "%f", args=args@entry=0x7fffffffe528) at isoc99_vsscanf.c:43
#4  0x00007ffff7136569 in __isoc99_sscanf (s=<optimized out>, format=<optimized out>) at isoc99_sscanf.c:31
#5  0x0000000000401744 in read_input (vect=<optimized out>, grid_rows=<optimized out>, grid_cols=-160649200, file=<optimized out>) at hotspot_check.c:206
#6  main (argc=-8416, argv=0x4d02) at hotspot_check.c:264

2016-10-15 12:59:05:1463	in strtod_l.c

2016-10-15 12:59:05:Backtrace END
2016-10-15 12:59:05:Type: The type is a pointer.
2016-10-15 12:59:05:Type sizeof: 8
2016-10-15 12:59:05:Fliping a bit of the pointer
2016-10-15 12:59:05:Mem contents(hex):0x970xee0xff0xff0xff0x7f0x000x00
2016-10-15 12:59:05:base address to flip value: 0x7fffffffe608
2016-10-15 12:59:05:address max offset: 8
2016-10-15 12:59:05:Memory content before bitflip:0x970xee0xff0xff0xff0x7f0x000x00
2016-10-15 12:59:05:Memory content after  bitflip:0xb70xee0xff0xff0xff0x7f0x000x00
2016-10-15 12:59:05:Mem contents(hex):0xb70xee0xff0xff0xff0x7f0x000x00
2016-10-15 12:59:05:frame name: read_input
2016-10-15 12:59:05:symbol name: final_result
2016-10-15 12:59:05:symbol filename: hotspot_check.c
2016-10-15 12:59:05:symbol line: 230
2016-10-15 12:59:05:value: 0x7fffffffee97
2016-10-15 12:59:05:value address: 0x7fffffffe608
2016-10-15 12:59:05:Type: The type is a pointer.
2016-10-15 12:59:05:Type sizeof: 8
2016-10-15 12:59:05:Fault Injection Successful after 0.843987941742s
2016-10-15 12:59:06:Fault Already Injected
2016-10-15 12:59:08:Fault Already Injected
2016-10-15 12:59:08:Fault Already Injected
2016-10-15 12:59:09:Fault Already Injected
2016-10-15 12:59:11:Fault Already Injected
2016-10-15 12:59:12:Fault Already Injected
2016-10-15 12:59:13:Fault Already Injected
2016-10-15 12:59:13:event type: exit
2016-10-15 12:59:13:exit code: 1
