2016-10-20 08:00:35:Starting GDB script
2016-10-20 08:00:37:sending signal using command: 'ssh -T mic0 killall -2 hotspot_check' after 0.867446333858s
2016-10-20 08:00:37:shell stdout: 
2016-10-20 08:00:39:sending signal using command: 'ssh -T mic0 killall -2 hotspot_check' after 3.17993983388s
2016-10-20 08:00:39:shell stdout: 
2016-10-20 08:00:39:sending signal using command: 'ssh -T mic0 killall -2 hotspot_check' after 3.22319586879s
2016-10-20 08:00:39:shell stdout: 
2016-10-20 08:00:39:sending signal using command: 'ssh -T mic0 killall -2 hotspot_check' after 3.57984154933s
2016-10-20 08:00:39:shell stdout: 
2016-10-20 08:00:40:sending signal using command: 'ssh -T mic0 killall -2 hotspot_check' after 3.78135294656s
2016-10-20 08:00:40:shell stdout: 
2016-10-20 08:00:44:sending signal using command: 'ssh -T mic0 killall -2 hotspot_check' after 8.04756663805s
2016-10-20 08:00:44:shell stdout: 
2016-10-20 08:00:45:sending signal using command: 'ssh -T mic0 killall -2 hotspot_check' after 9.16662541376s
2016-10-20 08:00:45:shell stdout: 
2016-10-20 08:00:49:sending signal using command: 'ssh -T mic0 killall -2 hotspot_check' after 13.2533808934s
2016-10-20 08:00:49:shell stdout: 
2016-10-20 08:00:49:sending signal using command: 'ssh -T mic0 killall -2 hotspot_check' after 13.2572358958s
2016-10-20 08:00:49:shell stdout: 
2016-10-20 08:00:51:sending signal using command: 'ssh -T mic0 killall -2 hotspot_check' after 14.4478462771s
2016-10-20 08:00:51:shell stdout: 
2016-10-20 08:01:50:finished due now-timestampStart > maxWaitTime*5
2016-10-20 08:01:50:now: 1476964910
2016-10-20 08:01:50:timestampStart: 1476964835
2016-10-20 08:01:50:kill cmd: killall -9 gdb-mic
2016-10-20 08:01:50:shell stdout: 
2016-10-20 08:01:50:kill cmd: ssh -T mic0 killall -9 hotspot_check
2016-10-20 08:01:50:shell stdout: 
2016-10-20 08:01:50:kill cmd: ssh -T mic0 killall -9 gdbserver
2016-10-20 08:01:50:shell stdout: 
