[INFO -- 2017-03-12 01:28:29]
Starting GDB script
[INFO -- 2017-03-12 01:28:29]
initSignal:8.0
[INFO -- 2017-03-12 01:28:29]
endSignal:12.0
[INFO -- 2017-03-12 01:28:29]
seqSignal:30
[INFO -- 2017-03-12 01:28:37]
sending 30 signals using command: 'ssh -T mic0 killall -2 needle_check' after 8.0999331157s
[INFO -- 2017-03-12 01:28:38]
shell stdout: 
[INFO -- 2017-03-12 01:28:38]
shell stdout: 
[INFO -- 2017-03-12 01:28:38]
shell stdout: 
[INFO -- 2017-03-12 01:28:39]
shell stdout: 
[INFO -- 2017-03-12 01:28:39]
shell stdout: 
[INFO -- 2017-03-12 01:28:39]
sending 30 signals using command: 'ssh -T mic0 killall -2 needle_check' after 10.1920105368s
[INFO -- 2017-03-12 01:28:39]
sending 30 signals using command: 'ssh -T mic0 killall -2 needle_check' after 10.2343522842s
[INFO -- 2017-03-12 01:28:40]
shell stdout: 
[INFO -- 2017-03-12 01:28:40]
shell stdout: 
[INFO -- 2017-03-12 01:28:40]
shell stdout: 
[INFO -- 2017-03-12 01:28:40]
shell stdout: 
[INFO -- 2017-03-12 01:28:40]
shell stdout: 
[INFO -- 2017-03-12 01:28:40]
shell stdout: 
[INFO -- 2017-03-12 01:28:40]
shell stdout: 
[INFO -- 2017-03-12 01:28:41]
shell stdout: 
[INFO -- 2017-03-12 01:28:41]
shell stdout: 
[INFO -- 2017-03-12 01:28:41]
shell stdout: 
[INFO -- 2017-03-12 01:28:41]
shell stdout: 
[INFO -- 2017-03-12 01:28:41]
shell stdout: 
[INFO -- 2017-03-12 01:28:41]
shell stdout: 
[INFO -- 2017-03-12 01:28:41]
shell stdout: 
[INFO -- 2017-03-12 01:28:41]
shell stdout: 
[INFO -- 2017-03-12 01:28:42]
shell stdout: 
[INFO -- 2017-03-12 01:28:42]
shell stdout: 
[INFO -- 2017-03-12 01:28:42]
shell stdout: 
[INFO -- 2017-03-12 01:28:42]
shell stdout: 
[INFO -- 2017-03-12 01:28:42]
shell stdout: 
[INFO -- 2017-03-12 01:28:42]
shell stdout: 
[INFO -- 2017-03-12 01:28:42]
shell stdout: 
[INFO -- 2017-03-12 01:28:43]
shell stdout: 
[INFO -- 2017-03-12 01:28:43]
shell stdout: 
[INFO -- 2017-03-12 01:28:43]
shell stdout: 
[INFO -- 2017-03-12 01:28:43]
shell stdout: 
[INFO -- 2017-03-12 01:28:43]
shell stdout: 
[INFO -- 2017-03-12 01:28:43]
shell stdout: 
[INFO -- 2017-03-12 01:28:43]
shell stdout: 
[INFO -- 2017-03-12 01:28:44]
shell stdout: 
[INFO -- 2017-03-12 01:28:44]
shell stdout: 
[INFO -- 2017-03-12 01:28:44]
shell stdout: 
[INFO -- 2017-03-12 01:28:44]
shell stdout: 
[INFO -- 2017-03-12 01:28:44]
shell stdout: 
[INFO -- 2017-03-12 01:28:44]
shell stdout: 
[INFO -- 2017-03-12 01:28:44]
shell stdout: 
[INFO -- 2017-03-12 01:28:44]
shell stdout: 
[INFO -- 2017-03-12 01:28:45]
shell stdout: 
[INFO -- 2017-03-12 01:28:45]
shell stdout: 
[INFO -- 2017-03-12 01:28:45]
shell stdout: 
[INFO -- 2017-03-12 01:28:45]
shell stdout: 
[INFO -- 2017-03-12 01:28:45]
shell stdout: 
[INFO -- 2017-03-12 01:28:45]
shell stdout: 
[INFO -- 2017-03-12 01:28:45]
shell stdout: 
[INFO -- 2017-03-12 01:28:46]
shell stdout: 
[INFO -- 2017-03-12 01:28:46]
shell stdout: 
[INFO -- 2017-03-12 01:28:46]
shell stdout: 
[INFO -- 2017-03-12 01:28:46]
shell stdout: 
[INFO -- 2017-03-12 01:28:46]
shell stdout: 
[INFO -- 2017-03-12 01:28:46]
shell stdout: 
[INFO -- 2017-03-12 01:28:46]
shell stdout: 
[INFO -- 2017-03-12 01:28:47]
shell stdout: 
[INFO -- 2017-03-12 01:28:47]
shell stdout: 
[INFO -- 2017-03-12 01:28:47]
shell stdout: 
[INFO -- 2017-03-12 01:28:47]
shell stdout: 
[INFO -- 2017-03-12 01:28:47]
shell stdout: 
[INFO -- 2017-03-12 01:28:47]
shell stdout: 
[INFO -- 2017-03-12 01:28:47]
shell stdout: 
[INFO -- 2017-03-12 01:28:47]
shell stdout: 
[INFO -- 2017-03-12 01:28:48]
shell stdout: 
[INFO -- 2017-03-12 01:28:48]
shell stdout: 
[INFO -- 2017-03-12 01:28:48]
shell stdout: 
[INFO -- 2017-03-12 01:28:48]
shell stdout: 
[INFO -- 2017-03-12 01:28:48]
shell stdout: 
[INFO -- 2017-03-12 01:28:48]
shell stdout: 
[INFO -- 2017-03-12 01:28:49]
shell stdout: 
[INFO -- 2017-03-12 01:28:49]
shell stdout: 
[INFO -- 2017-03-12 01:28:49]
shell stdout: 
[INFO -- 2017-03-12 01:28:49]
shell stdout: 
[INFO -- 2017-03-12 01:28:49]
shell stdout: 
[INFO -- 2017-03-12 01:28:49]
shell stdout: 
[INFO -- 2017-03-12 01:28:49]
shell stdout: 
[INFO -- 2017-03-12 01:28:50]
shell stdout: 
[INFO -- 2017-03-12 01:28:50]
shell stdout: 
[INFO -- 2017-03-12 01:28:50]
shell stdout: 
[INFO -- 2017-03-12 01:28:50]
shell stdout: 
[INFO -- 2017-03-12 01:28:50]
shell stdout: 
[INFO -- 2017-03-12 01:28:50]
shell stdout: 
[INFO -- 2017-03-12 01:28:51]
shell stdout: 
[INFO -- 2017-03-12 01:28:51]
shell stdout: 
[INFO -- 2017-03-12 01:28:51]
shell stdout: 
[INFO -- 2017-03-12 01:28:51]
shell stdout: 
[INFO -- 2017-03-12 01:28:51]
shell stdout: 
[INFO -- 2017-03-12 01:28:52]
shell stdout: 
[INFO -- 2017-03-12 01:28:52]
shell stdout: 
[INFO -- 2017-03-12 01:29:14]
no gdbExecName running, out:
[INFO -- 2017-03-12 01:29:14]
checCmd:ps -e | grep -i gdb-mic
[INFO -- 2017-03-12 01:29:14]
finished now-timestampStart < maxWaitTime*5
[INFO -- 2017-03-12 01:29:14]
now: 1489300152
[INFO -- 2017-03-12 01:29:14]
timestampStart: 1489300109
[INFO -- 2017-03-12 01:29:14]
kill cmd: killall -9 gdb-mic
[INFO -- 2017-03-12 01:29:14]
shell stdout: 
[INFO -- 2017-03-12 01:29:14]
kill cmd: ssh -T mic0 killall -9 needle_check
[INFO -- 2017-03-12 01:29:14]
shell stdout: 
[INFO -- 2017-03-12 01:29:15]
kill cmd: ssh -T mic0 killall -9 gdbserver
[INFO -- 2017-03-12 01:29:15]
shell stdout: 
[INFO -- 2017-03-12 01:29:15]
kill cmd: ssh -T mic0 killall -9 sshd
[INFO -- 2017-03-12 01:29:15]
shell stdout: 
