[INFO -- 2017-03-04 19:49:41]
Starting GDB script
[INFO -- 2017-03-04 19:49:41]
initSignal:14.0
[INFO -- 2017-03-04 19:49:41]
endSignal:21.0
[INFO -- 2017-03-04 19:49:41]
seqSignal:15
[INFO -- 2017-03-04 19:49:56]
sending 15 signals using command: 'ssh -T mic1 killall -2 dgemm_check' after 15.6664452652s
[INFO -- 2017-03-04 19:49:57]
shell stdout: 
[INFO -- 2017-03-04 19:49:57]
shell stdout: 
[INFO -- 2017-03-04 19:49:57]
sending 15 signals using command: 'ssh -T mic1 killall -2 dgemm_check' after 16.8782446147s
[INFO -- 2017-03-04 19:49:58]
sending 15 signals using command: 'ssh -T mic1 killall -2 dgemm_check' after 17.1689541076s
[INFO -- 2017-03-04 19:49:58]
shell stdout: 
[INFO -- 2017-03-04 19:49:58]
shell stdout: 
[INFO -- 2017-03-04 19:49:58]
shell stdout: 
[INFO -- 2017-03-04 19:49:58]
shell stdout: 
[INFO -- 2017-03-04 19:49:58]
shell stdout: 
[INFO -- 2017-03-04 19:49:59]
shell stdout: 
[INFO -- 2017-03-04 19:49:59]
shell stdout: 
[INFO -- 2017-03-04 19:49:59]
shell stdout: 
[INFO -- 2017-03-04 19:49:59]
shell stdout: 
[INFO -- 2017-03-04 19:49:59]
shell stdout: 
[INFO -- 2017-03-04 19:49:59]
shell stdout: 
[INFO -- 2017-03-04 19:49:59]
shell stdout: 
[INFO -- 2017-03-04 19:50:00]
shell stdout: 
[INFO -- 2017-03-04 19:50:00]
shell stdout: 
[INFO -- 2017-03-04 19:50:00]
shell stdout: 
[INFO -- 2017-03-04 19:50:00]
shell stdout: 
[INFO -- 2017-03-04 19:50:00]
shell stdout: 
[INFO -- 2017-03-04 19:50:00]
shell stdout: 
[INFO -- 2017-03-04 19:50:00]
shell stdout: 
[INFO -- 2017-03-04 19:50:01]
shell stdout: 
[INFO -- 2017-03-04 19:50:01]
shell stdout: 
[INFO -- 2017-03-04 19:50:01]
shell stdout: 
[INFO -- 2017-03-04 19:50:01]
shell stdout: 
[INFO -- 2017-03-04 19:50:01]
shell stdout: 
[INFO -- 2017-03-04 19:50:01]
shell stdout: 
[INFO -- 2017-03-04 19:50:01]
shell stdout: 
[INFO -- 2017-03-04 19:50:02]
shell stdout: 
[INFO -- 2017-03-04 19:50:02]
shell stdout: 
[INFO -- 2017-03-04 19:50:02]
shell stdout: 
[INFO -- 2017-03-04 19:50:02]
shell stdout: 
[INFO -- 2017-03-04 19:50:02]
shell stdout: 
[INFO -- 2017-03-04 19:50:02]
shell stdout: 
[INFO -- 2017-03-04 19:50:02]
shell stdout: 
[INFO -- 2017-03-04 19:50:03]
shell stdout: 
[INFO -- 2017-03-04 19:50:03]
shell stdout: 
[INFO -- 2017-03-04 19:50:03]
shell stdout: 
[INFO -- 2017-03-04 19:50:03]
shell stdout: 
[INFO -- 2017-03-04 19:50:03]
shell stdout: 
[INFO -- 2017-03-04 19:50:03]
shell stdout: 
[INFO -- 2017-03-04 19:50:04]
shell stdout: 
[INFO -- 2017-03-04 19:50:04]
shell stdout: 
[INFO -- 2017-03-04 19:50:04]
shell stdout: 
[INFO -- 2017-03-04 19:50:04]
shell stdout: 
[INFO -- 2017-03-04 19:50:42]
no gdbExecName running, out:
[INFO -- 2017-03-04 19:50:42]
checCmd:ps -e | grep -i gdb-mic
[INFO -- 2017-03-04 19:50:42]
finished now-timestampStart < maxWaitTime*5
[INFO -- 2017-03-04 19:50:42]
now: 1488675034
[INFO -- 2017-03-04 19:50:42]
timestampStart: 1488674981
[INFO -- 2017-03-04 19:50:42]
kill cmd: killall -9 gdb-mic
[INFO -- 2017-03-04 19:50:42]
shell stdout: 
[INFO -- 2017-03-04 19:50:43]
kill cmd: ssh -T mic1 killall -9 dgemm_check
[INFO -- 2017-03-04 19:50:43]
shell stdout: 
[INFO -- 2017-03-04 19:50:43]
kill cmd: ssh -T mic1 killall -9 gdbserver
[INFO -- 2017-03-04 19:50:43]
shell stdout: 
[INFO -- 2017-03-04 19:50:44]
kill cmd: ssh -T mic1 killall -9 sshd
[INFO -- 2017-03-04 19:50:44]
shell stdout: 
