[INFO -- 2017-03-11 19:13:44]
Starting GDB script
[INFO -- 2017-03-11 19:13:44]
initSignal:25.0
[INFO -- 2017-03-11 19:13:44]
endSignal:30.0
[INFO -- 2017-03-11 19:13:44]
seqSignal:20
[INFO -- 2017-03-11 19:14:09]
sending 20 signals using command: 'ssh -T mic0 killall -2 clamr_openmponly' after 25.245527864s
[INFO -- 2017-03-11 19:14:10]
sending 20 signals using command: 'ssh -T mic0 killall -2 clamr_openmponly' after 25.9409450703s
[INFO -- 2017-03-11 19:14:10]
shell stdout: 
[INFO -- 2017-03-11 19:14:10]
shell stdout: 
[INFO -- 2017-03-11 19:14:10]
shell stdout: 
[INFO -- 2017-03-11 19:14:11]
shell stdout: 
[INFO -- 2017-03-11 19:14:11]
shell stdout: 
[INFO -- 2017-03-11 19:14:11]
shell stdout: 
[INFO -- 2017-03-11 19:14:11]
shell stdout: 
[INFO -- 2017-03-11 19:14:12]
shell stdout: 
[INFO -- 2017-03-11 19:14:12]
shell stdout: 
[INFO -- 2017-03-11 19:14:12]
shell stdout: 
[INFO -- 2017-03-11 19:14:12]
shell stdout: 
[INFO -- 2017-03-11 19:14:12]
shell stdout: 
[INFO -- 2017-03-11 19:14:12]
shell stdout: 
[INFO -- 2017-03-11 19:14:13]
shell stdout: 
[INFO -- 2017-03-11 19:14:13]
shell stdout: 
[INFO -- 2017-03-11 19:14:13]
shell stdout: 
[INFO -- 2017-03-11 19:14:13]
shell stdout: 
[INFO -- 2017-03-11 19:14:14]
shell stdout: 
[INFO -- 2017-03-11 19:14:14]
shell stdout: 
[INFO -- 2017-03-11 19:14:14]
shell stdout: 
[INFO -- 2017-03-11 19:14:14]
shell stdout: 
[INFO -- 2017-03-11 19:14:15]
shell stdout: 
[INFO -- 2017-03-11 19:14:15]
shell stdout: 
[INFO -- 2017-03-11 19:14:15]
shell stdout: 
[INFO -- 2017-03-11 19:14:15]
shell stdout: 
[INFO -- 2017-03-11 19:14:16]
shell stdout: 
[INFO -- 2017-03-11 19:14:16]
shell stdout: 
[INFO -- 2017-03-11 19:14:16]
shell stdout: 
[INFO -- 2017-03-11 19:14:16]
shell stdout: 
[INFO -- 2017-03-11 19:14:17]
shell stdout: 
[INFO -- 2017-03-11 19:14:17]
shell stdout: 
[INFO -- 2017-03-11 19:14:18]
shell stdout: 
[INFO -- 2017-03-11 19:14:18]
shell stdout: 
[INFO -- 2017-03-11 19:14:18]
shell stdout: 
[INFO -- 2017-03-11 19:14:18]
shell stdout: 
[INFO -- 2017-03-11 19:14:19]
shell stdout: 
[INFO -- 2017-03-11 19:14:19]
shell stdout: 
[INFO -- 2017-03-11 19:14:20]
shell stdout: 
[INFO -- 2017-03-11 19:14:20]
shell stdout: 
[INFO -- 2017-03-11 19:14:20]
shell stdout: 
[INFO -- 2017-03-11 19:18:47]
no gdbExecName running, out:
[INFO -- 2017-03-11 19:18:47]
checCmd:ps -e | grep -i gdb-mic
[INFO -- 2017-03-11 19:18:47]
finished now-timestampStart < maxWaitTime*5
[INFO -- 2017-03-11 19:18:47]
now: 1489277919
[INFO -- 2017-03-11 19:18:47]
timestampStart: 1489277624
[INFO -- 2017-03-11 19:18:47]
kill cmd: killall -9 gdb-mic
[INFO -- 2017-03-11 19:18:47]
shell stdout: 
[INFO -- 2017-03-11 19:18:48]
kill cmd: ssh -T mic0 killall -9 clamr_openmponly
[INFO -- 2017-03-11 19:18:48]
shell stdout: 
[INFO -- 2017-03-11 19:18:48]
kill cmd: ssh -T mic0 killall -9 gdbserver
[INFO -- 2017-03-11 19:18:48]
shell stdout: 
[INFO -- 2017-03-11 19:18:49]
kill cmd: ssh -T mic0 killall -9 sshd
[INFO -- 2017-03-11 19:18:49]
shell stdout: 
