[INFO -- 2017-03-12 08:18:17]
Starting GDB script
[INFO -- 2017-03-12 08:18:17]
initSignal:30.0
[INFO -- 2017-03-12 08:18:17]
endSignal:35.0
[INFO -- 2017-03-12 08:18:17]
seqSignal:20
[INFO -- 2017-03-12 08:18:52]
sending 20 signals using command: 'ssh -T mic0 killall -2 clamr_openmponly' after 34.6758379371s
[INFO -- 2017-03-12 08:18:52]
sending 20 signals using command: 'ssh -T mic0 killall -2 clamr_openmponly' after 34.7680755021s
[INFO -- 2017-03-12 08:18:53]
shell stdout: 
[INFO -- 2017-03-12 08:18:53]
shell stdout: 
[INFO -- 2017-03-12 08:18:53]
shell stdout: 
[INFO -- 2017-03-12 08:18:53]
shell stdout: 
[INFO -- 2017-03-12 08:18:54]
shell stdout: 
[INFO -- 2017-03-12 08:18:54]
shell stdout: 
[INFO -- 2017-03-12 08:18:54]
shell stdout: 
[INFO -- 2017-03-12 08:18:54]
shell stdout: 
[INFO -- 2017-03-12 08:18:54]
shell stdout: 
[INFO -- 2017-03-12 08:18:55]
shell stdout: 
[INFO -- 2017-03-12 08:18:55]
shell stdout: 
[INFO -- 2017-03-12 08:18:55]
shell stdout: 
[INFO -- 2017-03-12 08:18:55]
shell stdout: 
[INFO -- 2017-03-12 08:18:55]
shell stdout: 
[INFO -- 2017-03-12 08:18:56]
shell stdout: 
[INFO -- 2017-03-12 08:18:56]
shell stdout: 
[INFO -- 2017-03-12 08:18:56]
shell stdout: 
[INFO -- 2017-03-12 08:18:56]
shell stdout: 
[INFO -- 2017-03-12 08:18:57]
shell stdout: 
[INFO -- 2017-03-12 08:18:57]
shell stdout: 
[INFO -- 2017-03-12 08:18:57]
shell stdout: 
[INFO -- 2017-03-12 08:18:57]
shell stdout: 
[INFO -- 2017-03-12 08:18:57]
shell stdout: 
[INFO -- 2017-03-12 08:18:57]
shell stdout: 
[INFO -- 2017-03-12 08:18:58]
shell stdout: 
[INFO -- 2017-03-12 08:18:58]
shell stdout: 
[INFO -- 2017-03-12 08:18:59]
shell stdout: 
[INFO -- 2017-03-12 08:18:59]
shell stdout: 
[INFO -- 2017-03-12 08:18:59]
shell stdout: 
[INFO -- 2017-03-12 08:18:59]
shell stdout: 
[INFO -- 2017-03-12 08:19:00]
shell stdout: 
[INFO -- 2017-03-12 08:19:00]
shell stdout: 
[INFO -- 2017-03-12 08:19:01]
shell stdout: 
[INFO -- 2017-03-12 08:19:01]
shell stdout: 
[INFO -- 2017-03-12 08:19:01]
shell stdout: 
[INFO -- 2017-03-12 08:19:01]
shell stdout: 
[INFO -- 2017-03-12 08:19:02]
shell stdout: 
[INFO -- 2017-03-12 08:19:02]
shell stdout: 
[INFO -- 2017-03-12 08:19:02]
shell stdout: 
[INFO -- 2017-03-12 08:19:02]
shell stdout: 
[INFO -- 2017-03-12 08:25:44]
finished due now-timestampStart > maxWaitTime*5
[INFO -- 2017-03-12 08:25:44]
now: 1489321544
[INFO -- 2017-03-12 08:25:44]
timestampStart: 1489321097
[INFO -- 2017-03-12 08:25:44]
kill cmd: killall -9 gdb-mic
[INFO -- 2017-03-12 08:25:44]
shell stdout: 
[INFO -- 2017-03-12 08:25:44]
kill cmd: ssh -T mic0 killall -9 clamr_openmponly
[INFO -- 2017-03-12 08:25:44]
shell stdout: 
[INFO -- 2017-03-12 08:25:45]
kill cmd: ssh -T mic0 killall -9 gdbserver
[INFO -- 2017-03-12 08:25:45]
shell stdout: 
[INFO -- 2017-03-12 08:25:45]
kill cmd: ssh -T mic0 killall -9 sshd
[INFO -- 2017-03-12 08:25:45]
shell stdout: 
