#HEADER matrix_dim:8192 threads:228
#BEGIN Y:2016 M:10 D:30 Time:21:27:40
#IT Ite:0 KerTime:8.016603 AccTime:8.016603
#ERR  p: [1584, 7888], r: -2.6939915493130684e-02, e: 1.8288779538124800e-03
#ERR  p: [1692, 7888], r: 2.0459771621972322e-03, e: 2.0382087677717209e-03
#ERR  p: [1728, 7888], r: 2.1205174271017313e-03, e: 2.1121678873896599e-03
#ERR  p: [1764, 7888], r: 2.1913049276918173e-03, e: 2.1908655762672424e-03
#ERR  p: [1656, 7888], r: 1.9700087141245604e-03, e: 1.9653218332678080e-03
#ERR  p: [7947, 7872], r: 1.8535673618316650e-02, e: 1.8534868955612183e-02
#ERR  p: [7982, 7872], r: 1.7893463373184204e-02, e: 1.7885625362396240e-02
#ERR  p: [8157, 7872], r: 1.5024781227111816e-02, e: 1.5022039413452148e-02
#ERR  p: [8122, 7872], r: 1.5563443303108215e-02, e: 1.5562221407890320e-02
#ERR  p: [2052, 7888], r: 2.9188792686909437e-03, e: 2.9210867360234261e-03
#ERR  p: [2088, 7888], r: 3.0293085146695375e-03, e: 3.0278661288321018e-03
#ERR  p: [4788, 7872], r: 4.5798242092132568e-02, e: 4.5794371515512466e-02
#ERR  p: [4752, 7872], r: 4.4177532196044922e-02, e: 4.4173985719680786e-02
#ERR  p: [7842, 7872], r: 9.7024083137512207e-01, e: 9.7018605470657349e-01
#ERR  p: [7524, 7872], r: 7.0596951246261597e-01, e: 7.0615285634994507e-01
#ERR  p: [4824, 7872], r: 4.7476015985012054e-02, e: 4.7480728477239609e-02
#ERR  p: [4932, 7872], r: 5.2883800119161606e-02, e: 5.2882749587297440e-02
#ERR  p: [5004, 7872], r: 5.6805495172739029e-02, e: 5.6792262941598892e-02
#ERR  p: [8017, 7872], r: 1.7281830310821533e-02, e: 1.7279833555221558e-02
#ERR  p: [5076, 7872], r: 6.1043649911880493e-02, e: 6.1043184250593185e-02
#ERR  p: [4968, 7872], r: 5.4831042885780334e-02, e: 5.4821763187646866e-02
#ERR  p: [1620, 7888], r: 1.8882647855207324e-03, e: 1.8962440080940723e-03
#ERR  p: [1584, 7889], r: -2.6913726702332497e-02, e: 1.8271562876179814e-03
#ERR  p: [1836, 7888], r: 2.3511953186243773e-03, e: 2.3527306038886309e-03
#ERR  p: [4860, 7872], r: 4.9218390136957169e-02, e: 4.9222443252801895e-02
#ERR  p: [7912, 7872], r: 1.9197434186935425e-02, e: 1.9191443920135498e-02
#ERR  p: [7807, 7872], r: 9.3692892789840698e-01, e: 9.3723183870315552e-01
#ERR  p: [8157, 7895], r: 1.5382006764411926e-02, e: 1.5379279851913452e-02
#ERR  p: [1800, 7888], r: 2.2683499846607447e-03, e: 2.2696098312735558e-03
#ERR  p: [8087, 7872], r: 1.6113787889480591e-02, e: 1.6110688447952271e-02
#ERR  p: [4896, 7872], r: 5.1026821136474609e-02, e: 5.1035121083259583e-02
#ERR  p: [8052, 7872], r: 1.6685396432876587e-02, e: 1.6687482595443726e-02
#ERR  p: [7877, 7872], r: 1.9883394241333008e-02, e: 1.9881606101989746e-02
#ERR  p: [1692, 7888], r: 2.0459771621972322e-03, e: 2.0382087677717209e-03
#ERR  p: [2124, 7888], r: 3.1377449631690979e-03, e: 3.1377333216369152e-03
#ERR  p: [7667, 7872], r: 8.1521701812744141e-01, e: 8.1472021341323853e-01
#ERR  p: [4680, 7872], r: 4.1084170341491699e-02, e: 4.1091974824666977e-02
#ERR  p: [7632, 7872], r: 7.8650897741317749e-01, e: 7.8660815954208374e-01
#ERR  p: [7737, 7872], r: 8.7406671047210693e-01, e: 8.7417268753051758e-01
#ERR  p: [7560, 7872], r: 7.3214912414550781e-01, e: 7.3182457685470581e-01
#ERR  p: [7596, 7872], r: 7.5888580083847046e-01, e: 7.5887686014175415e-01
#ERR  p: [5112, 7872], r: 6.3315562903881073e-02, e: 6.3326947391033173e-02
#ERR  p: [7772, 7872], r: 9.0498912334442139e-01, e: 9.0477210283279419e-01
#ERR  p: [4716, 7872], r: 4.2586136609315872e-02, e: 4.2582642287015915e-02
#ERR  p: [7488, 7872], r: 6.8120044469833374e-01, e: 6.8117511272430420e-01
#ERR  p: [1764, 7890], r: 2.1857584360986948e-03, e: 2.1853032521903515e-03
#ERR  p: [1728, 7891], r: 2.1145734935998917e-03, e: 2.1062646992504597e-03
#ERR  p: [7452, 7872], r: 6.5698248147964478e-01, e: 6.5695112943649292e-01
#ERR  p: [1656, 7892], r: 1.9629236776381731e-03, e: 1.9582470413297415e-03
#ERR  p: [7702, 7872], r: 8.4355914592742920e-01, e: 8.4354090690612793e-01
#ERR  p: [7982, 7894], r: 1.8291890621185303e-02, e: 1.8290221691131592e-02
#ERR  p: [4644, 7872], r: 3.9655704051256180e-02, e: 3.9657056331634521e-02
#ERR  p: [5616, 7872], r: 1.0481700301170349e-01, e: 1.0481420904397964e-01
#ERR  p: [4608, 7872], r: 3.8228880614042282e-02, e: 3.8231443613767624e-02
#ERR  p: [6372, 7872], r: 2.2304482758045197e-01, e: 2.2304071485996246e-01
#ERR  p: [7020, 7872], r: 4.2678034305572510e-01, e: 4.2673856019973755e-01
#ERR  p: [7380, 7872], r: 6.1168748140335083e-01, e: 6.1172705888748169e-01
#ERR  p: [7416, 7872], r: 6.3388758897781372e-01, e: 6.3388162851333618e-01
#ERR  p: [2016, 7888], r: 2.8164118994027376e-03, e: 2.8168838471174240e-03
#ERR  p: [7947, 7893], r: 1.8927738070487976e-02, e: 1.8929004669189453e-02
#ERR  p: [2089, 7888], r: 3.0284544918686152e-03, e: 3.0292724259197712e-03
#ERR  p: [1944, 7888], r: 2.6211577933281660e-03, e: 2.6218176353722811e-03
#ERR  p: [8122, 7896], r: 1.5926465392112732e-02, e: 1.5931814908981323e-02
#ERR  p: [7164, 7872], r: 4.9278983473777771e-01, e: 4.9291288852691650e-01
#ERR  p: [7200, 7872], r: 5.1103812456130981e-01, e: 5.1082253456115723e-01
#ERR  p: [4212, 7872], r: 2.5740655139088631e-02, e: 2.5741262361407280e-02
#ERR  p: [5652, 7872], r: 1.0867868363857269e-01, e: 1.0865815728902817e-01
#ERR  p: [4500, 7872], r: 3.4312412142753601e-02, e: 3.4322276711463928e-02
#ERR  p: [7128, 7872], r: 4.7521099448204041e-01, e: 4.7517704963684082e-01
#ERR  p: [7236, 7872], r: 5.2950799465179443e-01, e: 5.2954512834548950e-01
#ERR  p: [7308, 7872], r: 5.6893706321716309e-01, e: 5.6898182630538940e-01
#ERR  p: [7272, 7872], r: 5.4888778924942017e-01, e: 5.4886204004287720e-01
#ERR  p: [4536, 7872], r: 3.5561442375183105e-02, e: 3.5566851496696472e-02
#ERR  p: [4464, 7872], r: 3.3103525638580322e-02, e: 3.3100448548793793e-02
#ERR  p: [4572, 7872], r: 3.6887671798467636e-02, e: 3.6893822252750397e-02
#ERR  p: [6660, 7872], r: 2.9767718911170959e-01, e: 2.9767829179763794e-01
#ERR  p: [7344, 7872], r: 5.8985698223114014e-01, e: 5.9015542268753052e-01
#ERR  p: [3564, 7872], r: 1.3469372875988483e-02, e: 1.3468324206769466e-02
#ERR  p: [6912, 7872], r: 3.8291230797767639e-01, e: 3.8288506865501404e-01
#ERR  p: [1872, 7888], r: 2.4455538950860500e-03, e: 2.4397887755185366e-03
#ERR  p: [5292, 7872], r: 7.5766675174236298e-02, e: 7.5775064527988434e-02
#ERR  p: [1980, 7888], r: 2.7133426629006863e-03, e: 2.7173336129635572e-03
#ERR  p: [3132, 7872], r: 8.7382029742002487e-03, e: 8.7392050772905350e-03
#ERR  p: [2052, 7897], r: 2.8929279651492834e-03, e: 2.8950648847967386e-03
#ERR  p: [1584, 7889], r: -2.6913726702332497e-02, e: 1.8271562876179814e-03
#ERR  p: [7877, 7899], r: 9.7823971509933472e-01, e: 9.7795343399047852e-01
#ERR  p: [4392, 7872], r: 3.0818680301308632e-02, e: 3.0823273584246635e-02
#ERR  p: [7092, 7872], r: 4.5863589644432068e-01, e: 4.5871648192405701e-01
#ERR  p: [3924, 7872], r: 1.9301669672131538e-02, e: 1.9298560917377472e-02
#ERR  p: [4356, 7872], r: 2.9736481606960297e-02, e: 2.9725942760705948e-02
#ERR  p: [6948, 7872], r: 3.9708632230758667e-01, e: 3.9710462093353271e-01
#ERR  p: [3960, 7872], r: 2.0006017759442329e-02, e: 2.0010855048894882e-02
#ERR  p: [2592, 7872], r: 5.0918795168399811e-03, e: 5.0913202576339245e-03
#ERR  p: [3708, 7872], r: 1.5552337281405926e-02, e: 1.5551323071122169e-02
#ERR  p: [7056, 7872], r: 4.4236129522323608e-01, e: 4.4227030873298645e-01
#ERR  p: [3672, 7872], r: 1.4992957003414631e-02, e: 1.4992234297096729e-02
#ERR  p: [1908, 7888], r: 2.5271237827837467e-03, e: 2.5296297390013933e-03
#ERR  p: [5148, 7872], r: 6.5615192055702209e-02, e: 6.5618686378002167e-02
#ERR  p: [4428, 7872], r: 3.1935635954141617e-02, e: 3.1935915350914001e-02
#ERR  p: [3204, 7872], r: 9.3983802944421768e-03, e: 9.3982433900237083e-03
#ERR  p: [5040, 7872], r: 5.8898445218801498e-02, e: 5.8912247419357300e-02
#ERR  p: [5832, 7872], r: 1.2996245920658112e-01, e: 1.3000440597534180e-01
#ERR  p: [4320, 7872], r: 2.8657920658588409e-02, e: 2.8653444722294807e-02
#ERR  p: [2484, 7872], r: 4.5793196186423302e-03, e: 4.5735095627605915e-03
#ERR  p: [4248, 7872], r: 2.6672676205635071e-02, e: 2.6669319719076157e-02
#ERR  p: [4284, 7872], r: 2.7666660025715828e-02, e: 2.7664352208375931e-02
#ERR  p: [5472, 7872], r: 9.0721756219863892e-02, e: 9.0711221098899841e-02
#ERR  p: [3780, 7872], r: 1.6710726544260979e-02, e: 1.6711922362446785e-02
#ERR  p: [3744, 7872], r: 1.6117695719003677e-02, e: 1.6115037724375725e-02
#ERR  p: [2448, 7872], r: 4.4059660285711288e-03, e: 4.4100168161094189e-03
#ERR  p: [2772, 7872], r: 6.1018159613013268e-03, e: 6.1011132784187794e-03
#ERR  p: [5796, 7872], r: 1.2544336915016174e-01, e: 1.2546664476394653e-01
#ERR  p: [2520, 7872], r: 4.7402689233422279e-03, e: 4.7388169914484024e-03
#ERR  p: [4789, 7872], r: 4.5822545886039734e-02, e: 4.5817375183105469e-02
#ERR  p: [5940, 7872], r: 1.4492103457450867e-01, e: 1.4490117132663727e-01
#ERR  p: [3276, 7872], r: 1.0089715011417866e-02, e: 1.0090868920087814e-02
#ERR  p: [3168, 7872], r: 9.0576773509383202e-03, e: 9.0581439435482025e-03
#ERR  p: [2916, 7872], r: 7.0399898104369640e-03, e: 7.0430608466267586e-03
#ERR  p: [4068, 7872], r: 2.2281531244516373e-02, e: 2.2286036983132362e-02
#ERR  p: [5364, 7872], r: 8.1441730260848999e-02, e: 8.1430464982986450e-02
#ERR  p: [3060, 7872], r: 8.1372987478971481e-03, e: 8.1409122794866562e-03
#ERR  p: [3240, 7872], r: 9.7356559708714485e-03, e: 9.7350962460041046e-03
#ERR  p: [2952, 7872], r: 7.3032523505389690e-03, e: 7.3025533929467201e-03
#ERR  p: [2196, 7888], r: 3.3691329881548882e-03, e: 3.3723448868840933e-03
#ERR  p: [5508, 7872], r: 9.4073675572872162e-02, e: 9.4056509435176849e-02
#ERR  p: [3312, 7872], r: 1.0457782074809074e-02, e: 1.0456570424139500e-02
#ERR  p: [5184, 7872], r: 6.8030610680580139e-02, e: 6.8040117621421814e-02
#ERR  p: [4140, 7872], r: 2.3957485333085060e-02, e: 2.3951634764671326e-02
#ERR  p: [4104, 7872], r: 2.3091487586498260e-02, e: 2.3096313700079918e-02
#ERR  p: [3348, 7872], r: 1.0849495418369770e-02, e: 1.0846839286386967e-02
#ERR  p: [5256, 7872], r: 7.3132000863552094e-02, e: 7.3129341006278992e-02
#ERR  p: [5220, 7872], r: 7.0512928068637848e-02, e: 7.0485509932041168e-02
#ERR  p: [5328, 7872], r: 7.8524835407733917e-02, e: 7.8537888824939728e-02
#ERR  p: [3384, 7872], r: 1.1239894665777683e-02, e: 1.1240703985095024e-02
#ERR  p: [4753, 7872], r: 4.4181134551763535e-02, e: 4.4184628874063492e-02
#ERR  p: [5436, 7872], r: 8.7491154670715332e-02, e: 8.7481558322906494e-02
#ERR  p: [4032, 7872], r: 2.1495955064892769e-02, e: 2.1496724337339401e-02
#ERR  p: [3636, 7872], r: 1.4472127892076969e-02, e: 1.4471661299467087e-02
#ERR  p: [5580, 7872], r: 1.0108151286840439e-01, e: 1.0105270892381668e-01
#ERR  p: [5400, 7872], r: 8.4415234625339508e-02, e: 8.4402874112129211e-02
#ERR  p: [7843, 7872], r: 9.7146219015121460e-01, e: 9.7138226032257080e-01
#ERR  p: [3816, 7872], r: 1.7313849180936813e-02, e: 1.7318118363618851e-02
#ERR  p: [2232, 7888], r: 3.4947963431477547e-03, e: 3.4978943876922131e-03
#ERR  p: [6984, 7872], r: 4.1151580214500427e-01, e: 4.1152250766754150e-01
#ERR  p: [5544, 7872], r: 9.7477927803993225e-02, e: 9.7487337887287140e-02
#ERR  p: [3492, 7872], r: 1.2535173445940018e-02, e: 1.2532998807728291e-02
#ERR  p: [3852, 7872], r: 1.7959877848625183e-02, e: 1.7956683412194252e-02
#ERR  p: [5688, 7872], r: 1.1260013282299042e-01, e: 1.1259080469608307e-01
#ERR  p: [3528, 7872], r: 1.2979612685739994e-02, e: 1.2980766594409943e-02
#ERR  p: [4824, 7873], r: 4.7418959438800812e-02, e: 4.7421734780073166e-02
#ERR  p: [4176, 7872], r: 2.4823294952511787e-02, e: 2.4819331243634224e-02
#ERR  p: [3096, 7872], r: 8.4267267957329750e-03, e: 8.4316907450556755e-03
#ERR  p: [2376, 7888], r: 4.0348549373447895e-03, e: 4.0396894328296185e-03
#ERR  p: [5724, 7872], r: 1.1670638620853424e-01, e: 1.1670154333114624e-01
#ERR  p: [2844, 7872], r: 6.5535646863281727e-03, e: 6.5531856380403042e-03
#ERR  p: [2160, 7888], r: 3.2591142226010561e-03, e: 3.2538117375224829e-03
#ERR  p: [2304, 7888], r: 3.7535512819886208e-03, e: 3.7578630726784468e-03
#ERR  p: [6732, 7872], r: 3.1982576847076416e-01, e: 3.1985411047935486e-01
#ERR  p: [3024, 7872], r: 7.8389849513769150e-03, e: 7.8393118456006050e-03
#ERR  p: [6120, 7872], r: 1.7342711985111237e-01, e: 1.7343784868717194e-01
#ERR  p: [5904, 7872], r: 1.3973246514797211e-01, e: 1.3981939852237701e-01
#ERR  p: [2700, 7872], r: 5.6729689240455627e-03, e: 5.6740120053291321e-03
#ERR  p: [2808, 7872], r: 6.3162189908325672e-03, e: 6.3183107413351536e-03
#ERR  p: [3996, 7872], r: 2.0733371376991272e-02, e: 2.0727757364511490e-02
#ERR  p: [3888, 7872], r: 1.8606059253215790e-02, e: 1.8601233139634132e-02
#ERR  p: [2556, 7872], r: 4.9089365638792515e-03, e: 4.9103815108537674e-03
#ERR  p: [2664, 7872], r: 5.4769632406532764e-03, e: 5.4745036177337170e-03
#ERR  p: [6624, 7872], r: 2.8710576891899109e-01, e: 2.8714939951896667e-01
#ERR  p: [2628, 7872], r: 5.2753742784261703e-03, e: 5.2791652269661427e-03
#ERR  p: [6444, 7872], r: 2.3978865146636963e-01, e: 2.3976013064384460e-01
#ERR  p: [3600, 7872], r: 1.3948551379144192e-02, e: 1.3949693180620670e-02
#ERR  p: [2880, 7872], r: 6.7863054573535919e-03, e: 6.7861657589673996e-03
#ERR  p: [2340, 7888], r: 3.8975523784756660e-03, e: 3.8960385136306286e-03
#ERR  p: [2988, 7872], r: 7.5664715841412544e-03, e: 7.5665065087378025e-03
#ERR  p: [5976, 7872], r: 1.5013723075389862e-01, e: 1.5014114975929260e-01
#ERR  p: [5868, 7872], r: 1.3482107222080231e-01, e: 1.3480876386165619e-01
#ERR  p: [6084, 7872], r: 1.6731600463390350e-01, e: 1.6730239987373352e-01
#ERR  p: [6012, 7872], r: 1.5567606687545776e-01, e: 1.5571075677871704e-01
#ERR  p: [3420, 7872], r: 1.1660868301987648e-02, e: 1.1660705320537090e-02
#ERR  p: [6804, 7872], r: 3.4395119547843933e-01, e: 3.4376507997512817e-01
#ERR  p: [6516, 7872], r: 2.5784337520599365e-01, e: 2.5775793194770813e-01
#ERR  p: [6480, 7872], r: 2.4858435988426208e-01, e: 2.4853661656379700e-01
#ERR  p: [6048, 7872], r: 1.6130758821964264e-01, e: 1.6131317615509033e-01
#ERR  p: [6300, 7872], r: 2.0763771235942841e-01, e: 2.0767633616924286e-01
#ERR  p: [6552, 7872], r: 2.6719349622726440e-01, e: 2.6707711815834045e-01
#ERR  p: [6264, 7872], r: 2.0031379163265228e-01, e: 2.0035630464553833e-01
#ERR  p: [6156, 7872], r: 1.7982964217662811e-01, e: 1.7981994152069092e-01
#ERR  p: [5760, 7872], r: 1.2093457579612732e-01, e: 1.2095098197460175e-01
#ERR  p: [7524, 7874], r: 7.0467084646224976e-01, e: 7.0473277568817139e-01
#ERR  p: [2412, 7872], r: 4.2456053197383881e-03, e: 4.2562121525406837e-03
#ERR  p: [6840, 7872], r: 3.5623568296432495e-01, e: 3.5618612170219421e-01
#ERR  p: [3456, 7872], r: 1.2081971392035484e-02, e: 1.2085387483239174e-02
#ERR  p: [6408, 7872], r: 2.3126772046089172e-01, e: 2.3117350041866302e-01
#ERR  p: [2268, 7888], r: 3.6238525062799454e-03, e: 3.6243419162929058e-03
#ERR  p: [6228, 7872], r: 1.9324538111686707e-01, e: 1.9327367842197418e-01
#ERR  p: [4932, 7875], r: 5.2732035517692566e-02, e: 5.2734553813934326e-02
#ERR  p: [6768, 7872], r: 3.3156642317771912e-01, e: 3.3158132433891296e-01
#ERR  p: [6876, 7872], r: 3.6932012438774109e-01, e: 3.6945441365242004e-01
#ERR  p: [6336, 7872], r: 2.1513104438781738e-01, e: 2.1508106589317322e-01
#ERR  p: [8018, 7872], r: 1.7268836498260498e-02, e: 1.7269283533096313e-02
#ERR  p: [6696, 7872], r: 3.0846086144447327e-01, e: 3.0853697657585144e-01
#ERR  p: [6588, 7872], r: 2.7696853876113892e-01, e: 2.7694392204284668e-01
#ERR  p: [5005, 7872], r: 5.6906037032604218e-02, e: 5.6910421699285507e-02
#ERR  p: [2736, 7872], r: 5.8776899240911007e-03, e: 5.8803167194128036e-03
#ERR  p: [5077, 7872], r: 6.1079207807779312e-02, e: 6.1074618250131607e-02
#ERR  p: [6192, 7872], r: 1.8636529147624969e-01, e: 1.8636883795261383e-01
#ERR  p: [4968, 7873], r: 5.4754003882408142e-02, e: 5.4765287786722183e-02
#ERR  p: [1620, 7888], r: 1.8882647855207324e-03, e: 1.8962440080940723e-03
#ERR  p: [1836, 7890], r: 2.3466686252504587e-03, e: 2.3482968099415302e-03
#ERR  p: [7912, 7891], r: 1.9556254148483276e-02, e: 1.9564505666494370e-02
#ERR  p: [4860, 7892], r: 4.8208102583885193e-02, e: 4.8227768391370773e-02
#ERR  p: [7807, 7893], r: 9.1748863458633423e-01, e: 9.1748261451721191e-01
#ERR  p: [8157, 7894], r: 1.5352599322795868e-02, e: 1.5349783003330231e-02
#ERR  p: [1800, 7895], r: 2.2517873439937830e-03, e: 2.2531216964125633e-03
#ERR  p: [8087, 7896], r: 1.6499191522598267e-02, e: 1.6504004597663879e-02
#ERR  p: [4896, 7897], r: 4.9732804298400879e-02, e: 4.9743808805942535e-02
#ERR  p: [8052, 7898], r: 1.7118901014328003e-02, e: 1.7120927572250366e-02
#ERR  p: [7667, 7902], r: 7.9054749011993408e-01, e: 7.9051095247268677e-01
#ERR  p: [2124, 7901], r: 3.0970675870776176e-03, e: 3.0973006505519152e-03
#ERR  p: [1692, 7900], r: 2.0209387876093388e-03, e: 2.0133042708039284e-03
#ERR  p: [7632, 7904], r: 7.6201325654983521e-01, e: 7.6184320449829102e-01
#ERR  p: [7737, 7905], r: 8.4494906663894653e-01, e: 8.4530276060104370e-01
#ERR  p: [4680, 7903], r: 3.9842966943979263e-02, e: 3.9838936179876328e-02
#ERR  p: [7560, 7906], r: 7.0745748281478882e-01, e: 7.0758169889450073e-01
#ERR  p: [7596, 7907], r: 7.3270416259765625e-01, e: 7.3253345489501953e-01
#ERR  p: [5112, 7908], r: 6.1078980565071106e-02, e: 6.1073571443557739e-02
#ERR  p: [7772, 7909], r: 8.7158709764480591e-01, e: 8.7149238586425781e-01
#ERR  p: [4716, 7910], r: 4.1012730449438095e-02, e: 4.1013289242982864e-02
#ERR  p: [7488, 7911], r: 6.5509903430938721e-01, e: 6.5524297952651978e-01
#ERR  p: [1764, 7912], r: 2.1384283900260925e-03, e: 2.1380160469561815e-03
#ERR  p: [1728, 7913], r: 2.0674264524132013e-03, e: 2.0593681838363409e-03
#ERR  p: [7452, 7914], r: 6.2989920377731323e-01, e: 6.3012224435806274e-01
#ERR  p: [1656, 7915], r: 1.9180831732228398e-03, e: 1.9135143375024199e-03
#ERR  p: [2592, 7959], r: 4.6666502021253109e-03, e: 4.6656602062284946e-03
#ERR  p: [7702, 7916], r: 8.0734074115753174e-01, e: 8.0745971202850342e-01
#ERR  p: [7982, 7917], r: 1.8708795309066772e-02, e: 1.8718093633651733e-02
#ERR  p: [4644, 7918], r: 3.7877511233091354e-02, e: 3.7887442857027054e-02
#ERR  p: [5616, 7919], r: 9.9968962371349335e-02, e: 9.9985934793949127e-02
#ERR  p: [4608, 7920], r: 3.6440435796976089e-02, e: 3.6423977464437485e-02
#ERR  p: [6372, 7921], r: 2.1244572103023529e-01, e: 2.1245718002319336e-01
#ERR  p: [7380, 7922], r: 5.8183050155639648e-01, e: 5.8170813322067261e-01
#ERR  p: [7020, 7923], r: 4.0552508831024170e-01, e: 4.0564632415771484e-01
#ERR  p: [7416, 7924], r: 6.0174059867858887e-01, e: 6.0171896219253540e-01
#ERR  p: [2016, 7925], r: 2.7143778279423714e-03, e: 2.7148993685841560e-03
#ERR  p: [7947, 7926], r: 1.9551128149032593e-02, e: 1.9540071487426758e-02
#ERR  p: [2089, 7927], r: 2.9118119273334742e-03, e: 2.9129064641892910e-03
#ERR  p: [1944, 7928], r: 2.5173567701131105e-03, e: 2.5180750526487827e-03
#ERR  p: [8122, 7929], r: 1.6472041606903076e-02, e: 1.6472071409225464e-02
#ERR  p: [7164, 7930], r: 4.6510657668113708e-01, e: 4.6498242020606995e-01
#ERR  p: [7200, 7931], r: 4.8165279626846313e-01, e: 4.8158118128776550e-01
#ERR  p: [4212, 7932], r: 2.4237399920821190e-02, e: 2.4235142394900322e-02
#ERR  p: [5652, 7933], r: 1.0221213847398758e-01, e: 1.0225915908813477e-01
#ERR  p: [4500, 7934], r: 3.2279320061206818e-02, e: 3.2281044870615005e-02
#ERR  p: [7236, 7935], r: 4.9704700708389282e-01, e: 4.9705147743225098e-01
#ERR  p: [7128, 7936], r: 4.4573083519935608e-01, e: 4.4556820392608643e-01
#ERR  p: [7308, 7937], r: 5.3313785791397095e-01, e: 5.3308117389678955e-01
#ERR  p: [7272, 7938], r: 5.1382595300674438e-01, e: 5.1391059160232544e-01
#ERR  p: [4536, 7939], r: 3.3255677670240402e-02, e: 3.3248964697122574e-02
#ERR  p: [4572, 7940], r: 3.4456439316272736e-02, e: 3.4460961818695068e-02
#ERR  p: [4464, 7941], r: 3.0916245654225349e-02, e: 3.0914288014173508e-02
#ERR  p: [6660, 7942], r: 2.7750447392463684e-01, e: 2.7748060226440430e-01
#ERR  p: [7344, 7943], r: 5.4959380626678467e-01, e: 5.4966092109680176e-01
#ERR  p: [4789, 7980], r: 4.1136484593153000e-02, e: 4.1122373193502426e-02
#ERR  p: [3564, 7944], r: 1.2526893988251686e-02, e: 1.2530424632132053e-02
#ERR  p: [6912, 7945], r: 3.5609602928161621e-01, e: 3.5602775216102600e-01
#ERR  p: [5364, 7986], r: 7.2678662836551666e-02, e: 7.2663292288780212e-02
#ERR  p: [3240, 7988], r: 8.6650904268026352e-03, e: 8.6679346859455109e-03
#ERR  p: [1872, 7946], r: 2.3068997543305159e-03, e: 2.3015539627522230e-03
#ERR  p: [5292, 7947], r: 7.0300824940204620e-02, e: 7.0282734930515289e-02
#ERR  p: [3132, 7948], r: 8.1023229286074638e-03, e: 8.1028938293457031e-03
#ERR  p: [1980, 7949], r: 2.5529605336487293e-03, e: 2.5566106196492910e-03
#ERR  p: [2052, 7950], r: 2.7433899231255054e-03, e: 2.7453401125967503e-03
#ERR  p: [1584, 7951], r: -2.5294961407780647e-02, e: 1.7175213433802128e-03
#ERR  p: [7877, 7952], r: 9.2769640684127808e-01, e: 9.2756861448287964e-01
#ERR  p: [4392, 7953], r: 2.8420101851224899e-02, e: 2.8421500697731972e-02
#ERR  p: [7092, 7954], r: 4.2240619659423828e-01, e: 4.2245227098464966e-01
#ERR  p: [3924, 7955], r: 1.7765529453754425e-02, e: 1.7765680328011513e-02
#ERR  p: [4356, 7956], r: 2.7315791696310043e-02, e: 2.7322741225361824e-02
#ERR  p: [6948, 7957], r: 3.6473363637924194e-01, e: 3.6467394232749939e-01
#ERR  p: [3960, 7958], r: 1.8364924937486649e-02, e: 1.8364470452070236e-02
#ERR  p: [3708, 7960], r: 1.4241559430956841e-02, e: 1.4238308183848858e-02
#ERR  p: [7056, 7961], r: 4.0428256988525391e-01, e: 4.0437206625938416e-01
#ERR  p: [3672, 7962], r: 1.3714939355850220e-02, e: 1.3707851059734821e-02
#ERR  p: [5148, 7963], r: 5.9905193746089935e-02, e: 5.9896662831306458e-02
#ERR  p: [1908, 7964], r: 2.3419423960149288e-03, e: 2.3443368263542652e-03
#ERR  p: [4428, 7965], r: 2.9089890420436859e-02, e: 2.9084764420986176e-02
#ERR  p: [3204, 7966], r: 8.5516031831502914e-03, e: 8.5521861910820007e-03
#ERR  p: [5040, 7967], r: 5.3580980747938156e-02, e: 5.3566992282867432e-02
#ERR  p: [4320, 7969], r: 2.6013018563389778e-02, e: 2.6016747578978539e-02
#ERR  p: [5328, 8000], r: 6.9099381566047668e-02, e: 6.9119155406951904e-02
#ERR  p: [5832, 7968], r: 1.1808710545301437e-01, e: 1.1808803677558899e-01
#ERR  p: [4248, 7971], r: 2.4171957746148109e-02, e: 2.4168716743588448e-02
#ERR  p: [2484, 7970], r: 4.1449130512773991e-03, e: 4.1458690539002419e-03
#ERR  p: [4284, 7972], r: 2.5024337694048882e-02, e: 2.5019537657499313e-02
#ERR  p: [5472, 7973], r: 8.1956945359706879e-02, e: 8.1984452903270721e-02
#ERR  p: [3780, 7974], r: 1.5080970712006092e-02, e: 1.5084182843565941e-02
#ERR  p: [3744, 7975], r: 1.4537397772073746e-02, e: 1.4543624594807625e-02
#ERR  p: [2448, 7976], r: 3.9744931273162365e-03, e: 3.9744582027196884e-03
#ERR  p: [2772, 7977], r: 5.4939636029303074e-03, e: 5.4925722070038319e-03
#ERR  p: [5796, 7978], r: 1.1285356432199478e-01, e: 1.1287347972393036e-01
#ERR  p: [2520, 7979], r: 4.2573213577270508e-03, e: 4.2594256810843945e-03
#ERR  p: [5940, 7981], r: 1.2996368110179901e-01, e: 1.2992565333843231e-01
#ERR  p: [3276, 7982], r: 9.0439617633819580e-03, e: 9.0385191142559052e-03
#ERR  p: [3168, 7983], r: 8.1055611371994019e-03, e: 8.1082060933113098e-03
#ERR  p: [2916, 7984], r: 6.2955943867564201e-03, e: 6.2978323549032211e-03
#ERR  p: [3060, 7987], r: 7.2551728226244450e-03, e: 7.2553129866719246e-03
#ERR  p: [4068, 7985], r: 1.9903369247913361e-02, e: 1.9896481186151505e-02
#ERR  p: [2952, 7989], r: 6.4970306120812893e-03, e: 6.4953519031405449e-03
#ERR  p: [2196, 7990], r: 3.0440727714449167e-03, e: 3.0464681331068277e-03
#ERR  p: [5508, 7991], r: 8.3544597029685974e-02, e: 8.3536341786384583e-02
#ERR  p: [3312, 7993], r: 9.2652011662721634e-03, e: 9.2674717307090759e-03
#ERR  p: [5184, 7994], r: 6.0186587274074554e-02, e: 6.0180060565471649e-02
#ERR  p: [4140, 7995], r: 2.1174587309360504e-02, e: 2.1169181913137436e-02
#ERR  p: [3348, 7997], r: 9.5723513513803482e-03, e: 9.5693431794643402e-03
#ERR  p: [4104, 7996], r: 2.0406888797879219e-02, e: 2.0406924188137054e-02
#ERR  p: [2268, 8060], r: 3.0506690964102745e-03, e: 3.0514786485582590e-03
#ERR  p: [5220, 7999], r: 6.2097951769828796e-02, e: 6.2114644795656204e-02
#ERR  p: [5256, 7998], r: 6.4458951354026794e-02, e: 6.4452461898326874e-02
#ERR  p: [3384, 8001], r: 9.8796449601650238e-03, e: 9.8797734826803207e-03
#ERR  p: [4753, 8002], r: 3.8782294839620590e-02, e: 3.8800798356533051e-02
#ERR  p: [5436, 8003], r: 7.6750017702579498e-02, e: 7.6732680201530457e-02
#ERR  p: [4032, 8004], r: 1.8842758610844612e-02, e: 1.8834622576832771e-02
#ERR  p: [3636, 8005], r: 1.2668568640947342e-02, e: 1.2663789093494415e-02
#ERR  p: [5580, 8006], r: 8.8378436863422394e-02, e: 8.8369116187095642e-02
#ERR  p: [7843, 8008], r: 8.4807819128036499e-01, e: 8.4823715686798096e-01
#ERR  p: [2232, 8010], r: 3.0931751243770123e-03, e: 3.0958098359405994e-03
#ERR  p: [5400, 8007], r: 7.3780842125415802e-02, e: 7.3748007416725159e-02
#ERR  p: [3816, 8009], r: 1.5104700811207294e-02, e: 1.5111139975488186e-02
#ERR  p: [6984, 8011], r: 3.5797843337059021e-01, e: 3.5790571570396423e-01
#ERR  p: [3492, 8012], r: 1.0890934616327286e-02, e: 1.0892721824347973e-02
#ERR  p: [5544, 8013], r: 8.4659554064273834e-02, e: 8.4637783467769623e-02
#ERR  p: [5688, 8015], r: 9.7591139376163483e-02, e: 9.7567923367023468e-02
#ERR  p: [3852, 8014], r: 1.5574585646390915e-02, e: 1.5573070384562016e-02
#ERR  p: [3528, 8016], r: 1.1244236491620541e-02, e: 1.1241345666348934e-02
#ERR  p: [4572, 8126], r: 2.8611138463020325e-02, e: 2.8608527034521103e-02
#ERR  p: [4824, 8017], r: 4.1060399264097214e-02, e: 4.1057553142309189e-02
#ERR  p: [4176, 8018], r: 2.1460028365254402e-02, e: 2.1452752873301506e-02
#ERR  p: [3096, 8019], r: 7.2753992862999439e-03, e: 7.2761219926178455e-03
#ERR  p: [2376, 8020], r: 3.5358800087124109e-03, e: 3.5398581530898809e-03
#ERR  p: [5724, 8021], r: 1.0053782910108566e-01, e: 1.0052552074193954e-01
#ERR  p: [2844, 8022], r: 5.6414776481688023e-03, e: 5.6384829804301262e-03
#ERR  p: [2160, 8023], r: 2.8469164390116930e-03, e: 2.8423946350812912e-03
#ERR  p: [2304, 8024], r: 3.2774689607322216e-03, e: 3.2810289412736893e-03
#ERR  p: [5904, 8028], r: 1.1956824362277985e-01, e: 1.1955033242702484e-01
#ERR  p: [3024, 8026], r: 6.7213708534836769e-03, e: 6.7197056487202644e-03
#ERR  p: [6732, 8025], r: 2.7441906929016113e-01, e: 2.7452573180198669e-01
#ERR  p: [6120, 8027], r: 1.4851883053779602e-01, e: 1.4854139089584351e-01
#ERR  p: [2700, 8029], r: 4.8508411273360252e-03, e: 4.8502990975975990e-03
#ERR  p: [3996, 8031], r: 1.7682569101452827e-02, e: 1.7697084695100784e-02
#ERR  p: [2808, 8030], r: 5.3990362212061882e-03, e: 5.3964634425938129e-03
#ERR  p: [3888, 8032], r: 1.5844253823161125e-02, e: 1.5848286449909210e-02
#ERR  p: [2556, 8033], r: 4.1827708482742310e-03, e: 4.1818618774414062e-03
#ERR  p: [2664, 8034], r: 4.6617682091891766e-03, e: 4.6547269448637962e-03
#ERR  p: [6624, 8035], r: 2.4390906095504761e-01, e: 2.4401648342609406e-01
#ERR  p: [2628, 8036], r: 4.4811144471168518e-03, e: 4.4817901216447353e-03
#ERR  p: [6444, 8037], r: 2.0322997868061066e-01, e: 2.0329709351062775e-01
#ERR  p: [3600, 8038], r: 1.1819966137409210e-02, e: 1.1820676736533642e-02
#ERR  p: [2880, 8039], r: 5.7469503954052925e-03, e: 5.7438160292804241e-03
#ERR  p: [2340, 8040], r: 3.3464427106082439e-03, e: 3.3452187199145555e-03
#ERR  p: [2988, 8041], r: 6.3901990652084351e-03, e: 6.3907001167535782e-03
#ERR  p: [5976, 8042], r: 1.2672653794288635e-01, e: 1.2669940292835236e-01
#ERR  p: [6084, 8043], r: 1.4107041060924530e-01, e: 1.4105762541294098e-01
#ERR  p: [5868, 8044], r: 1.1348355561494827e-01, e: 1.1347479373216629e-01
#ERR  p: [6012, 8045], r: 1.3098444044589996e-01, e: 1.3097576797008514e-01
#ERR  p: [3420, 8046], r: 9.7975172102451324e-03, e: 9.7981700673699379e-03
#ERR  p: [6516, 8047], r: 2.1638828516006470e-01, e: 2.1637830138206482e-01
#ERR  p: [6300, 8052], r: 1.7349012196063995e-01, e: 1.7351399362087250e-01
#ERR  p: [6264, 8053], r: 1.6718831658363342e-01, e: 1.6712549328804016e-01
#ERR  p: [7524, 8056], r: 5.8732384443283081e-01, e: 5.8740532398223877e-01
#ERR  p: [5760, 8055], r: 1.0070718824863434e-01, e: 1.0068388283252716e-01
#ERR  p: [6156, 8054], r: 1.4982859790325165e-01, e: 1.4985209703445435e-01
#ERR  p: [6840, 8058], r: 2.9574495553970337e-01, e: 2.9575350880622864e-01
#ERR  p: [6804, 8048], r: 2.8836956620216370e-01, e: 2.8826329112052917e-01
#ERR  p: [6552, 8051], r: 2.2342163324356079e-01, e: 2.2345744073390961e-01
#ERR  p: [6048, 8050], r: 1.3504336774349213e-01, e: 1.3507021963596344e-01
#ERR  p: [3456, 8059], r: 1.0024885646998882e-02, e: 1.0023591108620167e-02
#ERR  p: [6480, 8049], r: 2.0819365978240967e-01, e: 2.0825296640396118e-01
#ERR  p: [2412, 8057], r: 3.5342148039489985e-03, e: 3.5351121332496405e-03
#ERR  p: [6228, 8062], r: 1.5985400974750519e-01, e: 1.5982681512832642e-01
#ERR  p: [6408, 8061], r: 1.9159065186977386e-01, e: 1.9154718518257141e-01
#ERR  p: [4932, 8063], r: 4.3697319924831390e-02, e: 4.3678570538759232e-02
#ERR  p: [6768, 8064], r: 2.7362415194511414e-01, e: 2.7377292513847351e-01
#ERR  p: [6876, 8065], r: 3.0457288026809692e-01, e: 3.0470681190490723e-01
#ERR  p: [8018, 8066], r: 9.5307028293609619e-01, e: 9.5317506790161133e-01
#ERR  p: [6336, 8067], r: 1.7709627747535706e-01, e: 1.7707520723342896e-01
#ERR  p: [6588, 8069], r: 2.2740612924098969e-01, e: 2.2739680111408234e-01
#ERR  p: [5005, 8070], r: 4.6678517013788223e-02, e: 4.6695128083229065e-02
#ERR  p: [2736, 8071], r: 4.8165335319936275e-03, e: 4.8195854760706425e-03
#ERR  p: [5077, 8072], r: 5.0005286931991577e-02, e: 5.0011947751045227e-02
#ERR  p: [6696, 8068], r: 2.5352573394775391e-01, e: 2.5346267223358154e-01
#ERR  p: [6192, 8073], r: 1.5238399803638458e-01, e: 1.5237839519977570e-01
#ERR  p: [4968, 8074], r: 4.4799279421567917e-02, e: 4.4801026582717896e-02
#ERR  p: [1836, 8076], r: 1.9482321804389358e-03, e: 1.9495051819831133e-03
#ERR  p: [4860, 8078], r: 4.0017526596784592e-02, e: 4.0032483637332916e-02
#ERR  p: [7807, 8079], r: 7.6166379451751709e-01, e: 7.6178312301635742e-01
#ERR  p: [8087, 8081], r: 1.9869541749358177e-02, e: 1.9867630675435066e-02
#ERR  p: [1620, 8075], r: 1.5659792115911841e-03, e: 1.5726061537861824e-03
#ERR  p: [7912, 8077], r: 8.4756511449813843e-01, e: 8.4751427173614502e-01
#ERR  p: [1800, 8082], r: 1.8690368160605431e-03, e: 1.8701408989727497e-03
#ERR  p: [8052, 8084], r: 9.6885484457015991e-01, e: 9.6836847066879272e-01
#ERR  p: [2124, 8086], r: 2.5750042404979467e-03, e: 2.5750480126589537e-03
#ERR  p: [4896, 8083], r: 4.1301745921373367e-02, e: 4.1310187429189682e-02
#ERR  p: [1692, 8087], r: 1.6763714374974370e-03, e: 1.6700462438166142e-03
#ERR  p: [8157, 8080], r: 1.8497318029403687e-02, e: 1.8501907587051392e-02
#ERR  p: [7632, 8088], r: 6.3380855321884155e-01, e: 6.3397264480590820e-01
#ERR  p: [7737, 8089], r: 7.0351219177246094e-01, e: 7.0355993509292603e-01
#ERR  p: [4680, 8090], r: 3.3060371875762939e-02, e: 3.3058948814868927e-02
#ERR  p: [7667, 8085], r: 6.5852135419845581e-01, e: 6.5848720073699951e-01
#ERR  p: [7596, 8092], r: 6.0915189981460571e-01, e: 6.0926294326782227e-01
#ERR  p: [7560, 8091], r: 5.8769720792770386e-01, e: 5.8776211738586426e-01
#ERR  p: [5112, 8093], r: 5.0763562321662903e-02, e: 5.0752229988574982e-02
#ERR  p: [7772, 8094], r: 7.2483342885971069e-01, e: 7.2486925125122070e-01
#ERR  p: [4716, 8095], r: 3.4077480435371399e-02, e: 3.4075945615768433e-02
#ERR  p: [1728, 8098], r: 1.7187034245580435e-03, e: 1.7119381809607148e-03
#ERR  p: [7488, 8096], r: 5.4442757368087769e-01, e: 5.4447084665298462e-01
#ERR  p: [1764, 8097], r: 1.7778193578124046e-03, e: 1.7774703446775675e-03
#ERR  p: [2592, 8101], r: 4.0495325811207294e-03, e: 4.0490492247045040e-03
#ERR  p: [1656, 8100], r: 1.5940247103571892e-03, e: 1.5902338782325387e-03
#ERR  p: [7982, 8103], r: 8.8610714673995972e-01, e: 8.8632756471633911e-01
#ERR  p: [7452, 8099], r: 5.2386200428009033e-01, e: 5.2383071184158325e-01
#ERR  p: [7702, 8102], r: 6.7029833793640137e-01, e: 6.7033743858337402e-01
#ERR  p: [5616, 8105], r: 8.2991950213909149e-02, e: 8.2989148795604706e-02
#ERR  p: [4608, 8106], r: 3.0243664979934692e-02, e: 3.0244691297411919e-02
#ERR  p: [7380, 8108], r: 4.8331448435783386e-01, e: 4.8304119706153870e-01
#ERR  p: [7020, 8109], r: 3.3664184808731079e-01, e: 3.3663773536682129e-01
#ERR  p: [7416, 8110], r: 4.9955421686172485e-01, e: 4.9973365664482117e-01
#ERR  p: [6372, 8107], r: 1.7635223269462585e-01, e: 1.7631801962852478e-01
#ERR  p: [4644, 8104], r: 3.1446427106857300e-02, e: 3.1446918845176697e-02
#ERR  p: [2016, 8111], r: 2.2529489360749722e-03, e: 2.2531994618475437e-03
#ERR  p: [7947, 8112], r: 8.4822177886962891e-01, e: 8.4852796792984009e-01
#ERR  p: [2089, 8113], r: 2.4177909363061190e-03, e: 2.4186715018004179e-03
#ERR  p: [1944, 8114], r: 2.0910389721393585e-03, e: 2.0916492212563753e-03
#ERR  p: [8122, 8115], r: 1.9843410700559616e-02, e: 1.9839618355035782e-02
#ERR  p: [7164, 8116], r: 3.8610804080963135e-01, e: 3.8607075810432434e-01
#ERR  p: [4212, 8118], r: 2.0129894837737083e-02, e: 2.0132336765527725e-02
#ERR  p: [7236, 8121], r: 4.1298258304595947e-01, e: 4.1295200586318970e-01
#ERR  p: [7200, 8117], r: 3.9979854226112366e-01, e: 3.9970377087593079e-01
#ERR  p: [4500, 8120], r: 2.6798987761139870e-02, e: 2.6797635480761528e-02
#ERR  p: [5652, 8119], r: 8.4897175431251526e-02, e: 8.4872685372829437e-02
#ERR  p: [7128, 8122], r: 3.7016707658767700e-01, e: 3.7020081281661987e-01
#ERR  p: [7308, 8123], r: 4.4271695613861084e-01, e: 4.4266399741172791e-01
#ERR  p: [7272, 8124], r: 4.2654281854629517e-01, e: 4.2659130692481995e-01
#ERR  p: [4464, 8127], r: 2.5665139779448509e-02, e: 2.5655349716544151e-02
#ERR  p: [4536, 8125], r: 2.7629526332020760e-02, e: 2.7632348239421844e-02
#ERR  p: [7344, 8129], r: 4.5607605576515198e-01, e: 4.5630583167076111e-01
#ERR  p: [4789, 8130], r: 3.5401813685894012e-02, e: 3.5397328436374664e-02
#ERR  p: [6660, 8128], r: 2.3041793704032898e-01, e: 2.3045413196086884e-01
#ERR  p: [3564, 8131], r: 1.0388626717031002e-02, e: 1.0386855341494083e-02
#ERR  p: [6912, 8132], r: 2.9525697231292725e-01, e: 2.9522004723548889e-01
#ERR  p: [5364, 8133], r: 6.2754593789577484e-02, e: 6.2774740159511566e-02
#ERR  p: [3240, 8134], r: 7.4893054552376270e-03, e: 7.4911648407578468e-03
#ERR  p: [1872, 8135], r: 1.9099862547591329e-03, e: 1.9056018209084868e-03
#ERR  p: [5292, 8136], r: 5.8199159801006317e-02, e: 5.8182280510663986e-02
#ERR  p: [1980, 8137], r: 2.1159418392926455e-03, e: 2.1190093830227852e-03
#ERR  p: [2052, 8139], r: 2.2709309123456478e-03, e: 2.2725367452949286e-03
#ERR  p: [3132, 8138], r: 6.6984435543417931e-03, e: 6.7005353048443794e-03
#ERR  p: [7877, 8141], r: 7.6790332794189453e-01, e: 7.6781582832336426e-01
#ERR  p: [1584, 8140], r: -2.0939296111464500e-02, e: 1.4215681003406644e-03
#ERR  p: [4356, 8145], r: 2.2620003670454025e-02, e: 2.2616365924477577e-02
#ERR  p: [3924, 8144], r: 1.4708267524838448e-02, e: 1.4707614667713642e-02
#ERR  p: [7092, 8143], r: 3.4983637928962708e-01, e: 3.4976363182067871e-01
#ERR  p: [3960, 8147], r: 1.5192677266895771e-02, e: 1.5193294733762741e-02
#ERR  p: [4392, 8142], r: 2.3528169840574265e-02, e: 2.3519868031144142e-02
#ERR  p: [6948, 8146], r: 3.0184650421142578e-01, e: 3.0190134048461914e-01
#ERR  p: [3708, 8148], r: 1.1797357350587845e-02, e: 1.1800480075180531e-02
#ERR  p: [7056, 8150], r: 3.3487868309020996e-01, e: 3.3479326963424683e-01
#ERR  p: [3672, 8149], r: 1.1369913816452026e-02, e: 1.1372397653758526e-02
#ERR  p: [1908, 8151], r: 1.9418643787503242e-03, e: 1.9437351729720831e-03
#ERR  p: [5148, 8152], r: 4.9583420157432556e-02, e: 4.9559000879526138e-02
#ERR  p: [3204, 8154], r: 7.0842625573277473e-03, e: 7.0848339237272739e-03
#ERR  p: [4428, 8153], r: 2.4110348895192146e-02, e: 2.4106737226247787e-02
#ERR  p: [5832, 8158], r: 9.7660735249519348e-02, e: 9.7657375037670135e-02
#ERR  p: [5040, 8155], r: 4.4388022273778915e-02, e: 4.4383686035871506e-02
#ERR  p: [4320, 8156], r: 2.1587343886494637e-02, e: 2.1578952670097351e-02
#ERR  p: [2484, 8160], r: 3.4280412364751101e-03, e: 3.4290570765733719e-03
#ERR  p: [4248, 8159], r: 2.0019920542836189e-02, e: 2.0019721239805222e-02
#ERR  p: [3780, 8163], r: 1.2487232685089111e-02, e: 1.2488048523664474e-02
#ERR  p: [4284, 8161], r: 2.0710693672299385e-02, e: 2.0714912563562393e-02
#ERR  p: [3744, 8164], r: 1.2032875791192055e-02, e: 1.2035896070301533e-02
#ERR  p: [5472, 8162], r: 6.7899502813816071e-02, e: 6.7903608083724976e-02
#ERR  p: [5328, 8157], r: 5.9070594608783722e-02, e: 5.9079080820083618e-02
#ERR  p: [2448, 8165], r: 3.2898311037570238e-03, e: 3.2901458907872438e-03
#ERR  p: [2772, 8166], r: 4.5492537319660187e-03, e: 4.5487801544368267e-03
#ERR  p: [5796, 8167], r: 9.3432620167732239e-02, e: 9.3432709574699402e-02
#ERR  p: [2520, 8168], r: 3.5222696606069803e-03, e: 3.5242605954408646e-03
#ERR  p: [5940, 8169], r: 1.0769763588905334e-01, e: 1.0762770473957062e-01
#ERR  p: [3276, 8170], r: 7.4975397437810898e-03, e: 7.4958265759050846e-03
#ERR  p: [3168, 8172], r: 6.7090992815792561e-03, e: 6.7092045210301876e-03
#ERR  p: [2916, 8173], r: 5.2119847387075424e-03, e: 5.2130580879747868e-03
#ERR  p: [3060, 8174], r: 6.0175107792019844e-03, e: 6.0163559392094612e-03
#ERR  p: [4068, 8175], r: 1.6456298530101776e-02, e: 1.6452854499220848e-02
#ERR  p: [2952, 8176], r: 5.3866449743509293e-03, e: 5.3873094730079174e-03
#ERR  p: [2196, 8177], r: 2.5242744013667107e-03, e: 2.5268474128097296e-03
#ERR  p: [5508, 8178], r: 6.9300405681133270e-02, e: 6.9296486675739288e-02
#ERR  p: [3312, 8179], r: 7.6921135187149048e-03, e: 7.6949554495513439e-03
#ERR  p: [5184, 8180], r: 4.9979265779256821e-02, e: 4.9979828298091888e-02
#ERR  p: [4140, 8181], r: 1.7580542713403702e-02, e: 1.7577700316905975e-02
#ERR  p: [3348, 8182], r: 7.9565457999706268e-03, e: 7.9543590545654297e-03
#ERR  p: [4104, 8183], r: 1.6933904960751534e-02, e: 1.6928624361753464e-02
#ERR  p: [2268, 8184], r: 2.6947343721985817e-03, e: 2.6952994521707296e-03
#SDC Ite:0 KerTime:8.016603 AccTime:8.016603 KerErr:82055 AccErr:82055
#ABORT too many errors per iteration
#END