[INFO -- 2017-02-25 08:26:53]
Starting GDB script
[INFO -- 2017-02-25 08:26:53]
initSignal:4.0
[INFO -- 2017-02-25 08:26:53]
endSignal:8.0
[INFO -- 2017-02-25 08:26:53]
seqSignal:30
[INFO -- 2017-02-25 08:26:58]
sending 30 signals using command: 'ssh -T mic1 killall -2 lud_check' after 4.95909397066s
[INFO -- 2017-02-25 08:26:59]
shell stdout: 
[INFO -- 2017-02-25 08:27:00]
sending 30 signals using command: 'ssh -T mic1 killall -2 lud_check' after 6.61806631848s
[INFO -- 2017-02-25 08:27:00]
shell stdout: 
[INFO -- 2017-02-25 08:27:00]
shell stdout: 
[INFO -- 2017-02-25 08:27:00]
shell stdout: 
[INFO -- 2017-02-25 08:27:01]
sending 30 signals using command: 'ssh -T mic1 killall -2 lud_check' after 7.35245704876s
[INFO -- 2017-02-25 08:27:01]
shell stdout: 
[INFO -- 2017-02-25 08:27:01]
shell stdout: 
[INFO -- 2017-02-25 08:27:01]
shell stdout: 
[INFO -- 2017-02-25 08:27:01]
shell stdout: 
[INFO -- 2017-02-25 08:27:01]
shell stdout: 
[INFO -- 2017-02-25 08:27:01]
shell stdout: 
[INFO -- 2017-02-25 08:27:02]
shell stdout: 
[INFO -- 2017-02-25 08:27:02]
shell stdout: 
[INFO -- 2017-02-25 08:27:02]
shell stdout: 
[INFO -- 2017-02-25 08:27:02]
shell stdout: 
[INFO -- 2017-02-25 08:27:02]
shell stdout: 
[INFO -- 2017-02-25 08:27:02]
shell stdout: 
[INFO -- 2017-02-25 08:27:02]
shell stdout: 
[INFO -- 2017-02-25 08:27:02]
shell stdout: 
[INFO -- 2017-02-25 08:27:03]
shell stdout: 
[INFO -- 2017-02-25 08:27:03]
shell stdout: 
[INFO -- 2017-02-25 08:27:03]
shell stdout: 
[INFO -- 2017-02-25 08:27:03]
shell stdout: 
[INFO -- 2017-02-25 08:27:03]
shell stdout: 
[INFO -- 2017-02-25 08:27:03]
shell stdout: 
[INFO -- 2017-02-25 08:27:04]
shell stdout: 
[INFO -- 2017-02-25 08:27:04]
shell stdout: 
[INFO -- 2017-02-25 08:27:04]
shell stdout: 
[INFO -- 2017-02-25 08:27:04]
shell stdout: 
[INFO -- 2017-02-25 08:27:04]
shell stdout: 
[INFO -- 2017-02-25 08:27:04]
shell stdout: 
[INFO -- 2017-02-25 08:27:04]
shell stdout: 
[INFO -- 2017-02-25 08:27:04]
shell stdout: 
[INFO -- 2017-02-25 08:27:04]
shell stdout: 
[INFO -- 2017-02-25 08:27:05]
shell stdout: 
[INFO -- 2017-02-25 08:27:05]
shell stdout: 
[INFO -- 2017-02-25 08:27:05]
shell stdout: 
[INFO -- 2017-02-25 08:27:05]
shell stdout: 
[INFO -- 2017-02-25 08:27:05]
shell stdout: 
[INFO -- 2017-02-25 08:27:05]
shell stdout: 
[INFO -- 2017-02-25 08:27:06]
shell stdout: 
[INFO -- 2017-02-25 08:27:06]
shell stdout: 
[INFO -- 2017-02-25 08:27:06]
shell stdout: 
[INFO -- 2017-02-25 08:27:06]
shell stdout: 
[INFO -- 2017-02-25 08:27:06]
shell stdout: 
[INFO -- 2017-02-25 08:27:06]
shell stdout: 
[INFO -- 2017-02-25 08:27:07]
shell stdout: 
[INFO -- 2017-02-25 08:27:07]
shell stdout: 
[INFO -- 2017-02-25 08:27:07]
shell stdout: 
[INFO -- 2017-02-25 08:27:07]
shell stdout: 
[INFO -- 2017-02-25 08:27:07]
shell stdout: 
[INFO -- 2017-02-25 08:27:07]
shell stdout: 
[INFO -- 2017-02-25 08:27:07]
shell stdout: 
[INFO -- 2017-02-25 08:27:07]
shell stdout: 
[INFO -- 2017-02-25 08:27:08]
shell stdout: 
[INFO -- 2017-02-25 08:27:08]
shell stdout: 
[INFO -- 2017-02-25 08:27:08]
shell stdout: 
[INFO -- 2017-02-25 08:27:08]
shell stdout: 
[INFO -- 2017-02-25 08:27:08]
shell stdout: 
[INFO -- 2017-02-25 08:27:08]
shell stdout: 
[INFO -- 2017-02-25 08:27:08]
shell stdout: 
[INFO -- 2017-02-25 08:27:09]
shell stdout: 
[INFO -- 2017-02-25 08:27:09]
shell stdout: 
[INFO -- 2017-02-25 08:27:09]
shell stdout: 
[INFO -- 2017-02-25 08:27:09]
shell stdout: 
[INFO -- 2017-02-25 08:27:09]
shell stdout: 
[INFO -- 2017-02-25 08:27:09]
shell stdout: 
[INFO -- 2017-02-25 08:27:09]
shell stdout: 
[INFO -- 2017-02-25 08:27:10]
shell stdout: 
[INFO -- 2017-02-25 08:27:10]
shell stdout: 
[INFO -- 2017-02-25 08:27:10]
shell stdout: 
[INFO -- 2017-02-25 08:27:10]
shell stdout: 
[INFO -- 2017-02-25 08:27:10]
shell stdout: 
[INFO -- 2017-02-25 08:27:10]
shell stdout: 
[INFO -- 2017-02-25 08:27:11]
shell stdout: 
[INFO -- 2017-02-25 08:27:11]
shell stdout: 
[INFO -- 2017-02-25 08:27:11]
shell stdout: 
[INFO -- 2017-02-25 08:27:11]
shell stdout: 
[INFO -- 2017-02-25 08:27:11]
shell stdout: 
[INFO -- 2017-02-25 08:27:11]
shell stdout: 
[INFO -- 2017-02-25 08:27:11]
shell stdout: 
[INFO -- 2017-02-25 08:27:11]
shell stdout: 
[INFO -- 2017-02-25 08:27:12]
shell stdout: 
[INFO -- 2017-02-25 08:27:12]
shell stdout: 
[INFO -- 2017-02-25 08:27:12]
shell stdout: 
[INFO -- 2017-02-25 08:27:12]
shell stdout: 
[INFO -- 2017-02-25 08:27:12]
shell stdout: 
[INFO -- 2017-02-25 08:27:12]
shell stdout: 
[INFO -- 2017-02-25 08:27:13]
shell stdout: 
[INFO -- 2017-02-25 08:27:13]
shell stdout: 
[INFO -- 2017-02-25 08:27:13]
shell stdout: 
[INFO -- 2017-02-25 08:27:33]
finished due now-timestampStart > maxWaitTime*5
[INFO -- 2017-02-25 08:27:33]
now: 1488029253
[INFO -- 2017-02-25 08:27:33]
timestampStart: 1488029213
[INFO -- 2017-02-25 08:27:33]
kill cmd: killall -9 gdb-mic
[INFO -- 2017-02-25 08:27:33]
shell stdout: 
[INFO -- 2017-02-25 08:27:33]
kill cmd: ssh -T mic1 killall -9 lud_check
[INFO -- 2017-02-25 08:27:33]
shell stdout: 
[INFO -- 2017-02-25 08:27:34]
kill cmd: ssh -T mic1 killall -9 gdbserver
[INFO -- 2017-02-25 08:27:34]
shell stdout: 
[INFO -- 2017-02-25 08:27:34]
kill cmd: ssh -T mic1 killall -9 sshd
[INFO -- 2017-02-25 08:27:34]
shell stdout: 
