2017-01-25 00:37:25:Starting GDB script
2017-01-25 00:37:25:initSignal:0.0
2017-01-25 00:37:25:endSignal:2.0
2017-01-25 00:37:25:seqSignal:30
2017-01-25 00:37:25:sending 30 signals using command: 'ssh -T mic0 killall -2 lud_check' after 0.351014289471s
2017-01-25 00:37:26:sending 30 signals using command: 'ssh -T mic0 killall -2 lud_check' after 0.582912320293s
2017-01-25 00:37:26:shell stdout: 
2017-01-25 00:37:26:shell stdout: 
2017-01-25 00:37:26:shell stdout: 
2017-01-25 00:37:26:shell stdout: 
2017-01-25 00:37:27:shell stdout: 
2017-01-25 00:37:27:sending 30 signals using command: 'ssh -T mic0 killall -2 lud_check' after 1.56211325951s
2017-01-25 00:37:27:shell stdout: 
2017-01-25 00:37:27:shell stdout: 
2017-01-25 00:37:27:shell stdout: 
2017-01-25 00:37:28:shell stdout: 
2017-01-25 00:37:28:shell stdout: 
2017-01-25 00:37:28:shell stdout: 
2017-01-25 00:37:28:shell stdout: 
2017-01-25 00:37:28:shell stdout: 
2017-01-25 00:37:28:shell stdout: 
2017-01-25 00:37:29:shell stdout: 
2017-01-25 00:37:29:shell stdout: 
2017-01-25 00:37:29:shell stdout: 
2017-01-25 00:37:30:shell stdout: 
2017-01-25 00:37:30:shell stdout: 
2017-01-25 00:37:30:shell stdout: 
2017-01-25 00:37:30:shell stdout: 
2017-01-25 00:37:30:shell stdout: 
2017-01-25 00:37:30:shell stdout: 
2017-01-25 00:37:31:shell stdout: 
2017-01-25 00:37:31:shell stdout: 
2017-01-25 00:37:31:shell stdout: 
2017-01-25 00:37:32:shell stdout: 
2017-01-25 00:37:32:shell stdout: 
2017-01-25 00:37:32:shell stdout: 
2017-01-25 00:37:32:shell stdout: 
2017-01-25 00:37:32:shell stdout: 
2017-01-25 00:37:32:shell stdout: 
2017-01-25 00:37:33:shell stdout: 
2017-01-25 00:37:33:shell stdout: 
2017-01-25 00:37:33:shell stdout: 
2017-01-25 00:37:34:shell stdout: 
2017-01-25 00:37:34:shell stdout: 
2017-01-25 00:37:34:shell stdout: 
2017-01-25 00:37:34:shell stdout: 
2017-01-25 00:37:35:shell stdout: 
2017-01-25 00:37:35:shell stdout: 
2017-01-25 00:37:35:shell stdout: 
2017-01-25 00:37:35:shell stdout: 
2017-01-25 00:37:35:shell stdout: 
2017-01-25 00:37:36:shell stdout: 
2017-01-25 00:37:36:shell stdout: 
2017-01-25 00:37:36:shell stdout: 
2017-01-25 00:37:36:shell stdout: 
2017-01-25 00:37:37:shell stdout: 
2017-01-25 00:37:37:shell stdout: 
2017-01-25 00:37:37:shell stdout: 
2017-01-25 00:37:37:shell stdout: 
2017-01-25 00:37:37:shell stdout: 
2017-01-25 00:37:38:shell stdout: 
2017-01-25 00:37:38:shell stdout: 
2017-01-25 00:37:38:shell stdout: 
2017-01-25 00:37:38:shell stdout: 
2017-01-25 00:37:38:shell stdout: 
2017-01-25 00:37:38:shell stdout: 
2017-01-25 00:37:38:shell stdout: 
2017-01-25 00:37:38:shell stdout: 
2017-01-25 00:37:38:shell stdout: 
2017-01-25 00:37:39:shell stdout: 
2017-01-25 00:37:39:shell stdout: 
2017-01-25 00:37:39:shell stdout: 
2017-01-25 00:37:39:shell stdout: 
2017-01-25 00:37:39:shell stdout: 
2017-01-25 00:37:39:shell stdout: 
2017-01-25 00:37:40:shell stdout: 
2017-01-25 00:37:40:shell stdout: 
2017-01-25 00:37:40:shell stdout: 
2017-01-25 00:37:40:shell stdout: 
2017-01-25 00:37:40:shell stdout: 
2017-01-25 00:37:40:shell stdout: 
2017-01-25 00:37:40:shell stdout: 
2017-01-25 00:37:41:shell stdout: 
2017-01-25 00:37:41:shell stdout: 
2017-01-25 00:37:41:shell stdout: 
2017-01-25 00:37:41:shell stdout: 
2017-01-25 00:37:41:shell stdout: 
2017-01-25 00:37:41:shell stdout: 
2017-01-25 00:37:41:shell stdout: 
2017-01-25 00:37:41:shell stdout: 
2017-01-25 00:37:42:shell stdout: 
2017-01-25 00:37:42:shell stdout: 
2017-01-25 00:37:42:shell stdout: 
2017-01-25 00:37:42:shell stdout: 
2017-01-25 00:37:42:shell stdout: 
2017-01-25 00:37:43:shell stdout: 
2017-01-25 00:37:43:shell stdout: 
2017-01-25 00:37:43:no gdbExecName running, out:
2017-01-25 00:37:43:checCmd:ps -e | grep -i gdb-mic
2017-01-25 00:37:43:finished now-timestampStart < maxWaitTime*5
2017-01-25 00:37:43:now: 1485322662
2017-01-25 00:37:43:timestampStart: 1485322645
2017-01-25 00:37:43:kill cmd: killall -9 gdb-mic
2017-01-25 00:37:43:shell stdout: 
2017-01-25 00:37:44:kill cmd: ssh -T mic0 killall -9 lud_check
2017-01-25 00:37:44:shell stdout: 
2017-01-25 00:37:44:kill cmd: ssh -T mic0 killall -9 gdbserver
2017-01-25 00:37:44:shell stdout: 
2017-01-25 00:37:44:kill cmd: ssh -T mic0 killall -9 sshd
2017-01-25 00:37:44:shell stdout: 
