[INFO -- 2017-02-25 18:10:24]
Starting GDB script
[INFO -- 2017-02-25 18:10:24]
initSignal:6.0
[INFO -- 2017-02-25 18:10:24]
endSignal:9.0
[INFO -- 2017-02-25 18:10:24]
seqSignal:15
[INFO -- 2017-02-25 18:10:31]
sending 15 signals using command: 'ssh -T mic0 killall -2 hotspot_check' after 6.62867425572s
[INFO -- 2017-02-25 18:10:31]
sending 15 signals using command: 'ssh -T mic0 killall -2 hotspot_check' after 6.77793384593s
[INFO -- 2017-02-25 18:10:31]
shell stdout: 
[INFO -- 2017-02-25 18:10:31]
shell stdout: 
[INFO -- 2017-02-25 18:10:32]
sending 15 signals using command: 'ssh -T mic0 killall -2 hotspot_check' after 7.28285754416s
[INFO -- 2017-02-25 18:10:32]
shell stdout: 
[INFO -- 2017-02-25 18:10:32]
shell stdout: 
[INFO -- 2017-02-25 18:10:32]
shell stdout: 
[INFO -- 2017-02-25 18:10:32]
shell stdout: 
[INFO -- 2017-02-25 18:10:32]
shell stdout: 
[INFO -- 2017-02-25 18:10:32]
shell stdout: 
[INFO -- 2017-02-25 18:10:32]
shell stdout: 
[INFO -- 2017-02-25 18:10:33]
shell stdout: 
[INFO -- 2017-02-25 18:10:33]
shell stdout: 
[INFO -- 2017-02-25 18:10:33]
shell stdout: 
[INFO -- 2017-02-25 18:10:33]
shell stdout: 
[INFO -- 2017-02-25 18:10:33]
shell stdout: 
[INFO -- 2017-02-25 18:10:33]
shell stdout: 
[INFO -- 2017-02-25 18:10:33]
shell stdout: 
[INFO -- 2017-02-25 18:10:34]
shell stdout: 
[INFO -- 2017-02-25 18:10:34]
shell stdout: 
[INFO -- 2017-02-25 18:10:34]
shell stdout: 
[INFO -- 2017-02-25 18:10:34]
shell stdout: 
[INFO -- 2017-02-25 18:10:34]
shell stdout: 
[INFO -- 2017-02-25 18:10:34]
shell stdout: 
[INFO -- 2017-02-25 18:10:34]
shell stdout: 
[INFO -- 2017-02-25 18:10:34]
shell stdout: 
[INFO -- 2017-02-25 18:10:35]
shell stdout: 
[INFO -- 2017-02-25 18:10:35]
shell stdout: 
[INFO -- 2017-02-25 18:10:35]
shell stdout: 
[INFO -- 2017-02-25 18:10:35]
shell stdout: 
[INFO -- 2017-02-25 18:10:35]
shell stdout: 
[INFO -- 2017-02-25 18:10:35]
shell stdout: 
[INFO -- 2017-02-25 18:10:35]
shell stdout: 
[INFO -- 2017-02-25 18:10:36]
shell stdout: 
[INFO -- 2017-02-25 18:10:36]
shell stdout: 
[INFO -- 2017-02-25 18:10:36]
shell stdout: 
[INFO -- 2017-02-25 18:10:36]
shell stdout: 
[INFO -- 2017-02-25 18:10:36]
shell stdout: 
[INFO -- 2017-02-25 18:10:36]
shell stdout: 
[INFO -- 2017-02-25 18:10:36]
shell stdout: 
[INFO -- 2017-02-25 18:10:37]
shell stdout: 
[INFO -- 2017-02-25 18:10:37]
shell stdout: 
[INFO -- 2017-02-25 18:10:37]
shell stdout: 
[INFO -- 2017-02-25 18:10:37]
shell stdout: 
[INFO -- 2017-02-25 18:10:37]
shell stdout: 
[INFO -- 2017-02-25 18:10:37]
shell stdout: 
[INFO -- 2017-02-25 18:10:38]
shell stdout: 
[INFO -- 2017-02-25 18:11:39]
finished due now-timestampStart > maxWaitTime*5
[INFO -- 2017-02-25 18:11:39]
now: 1488064299
[INFO -- 2017-02-25 18:11:39]
timestampStart: 1488064224
[INFO -- 2017-02-25 18:11:39]
kill cmd: killall -9 gdb-mic
[INFO -- 2017-02-25 18:11:39]
shell stdout: 
[INFO -- 2017-02-25 18:11:40]
kill cmd: ssh -T mic0 killall -9 hotspot_check
[INFO -- 2017-02-25 18:11:40]
shell stdout: 
[INFO -- 2017-02-25 18:11:40]
kill cmd: ssh -T mic0 killall -9 gdbserver
[INFO -- 2017-02-25 18:11:40]
shell stdout: 
[INFO -- 2017-02-25 18:11:40]
kill cmd: ssh -T mic0 killall -9 sshd
[INFO -- 2017-02-25 18:11:40]
shell stdout: 
