[INFO -- 2017-03-23 16:18:36]
Starting GDB script
[INFO -- 2017-03-23 16:18:36]
initSignal:12.0
[INFO -- 2017-03-23 16:18:36]
endSignal:17.0
[INFO -- 2017-03-23 16:18:36]
seqSignal:30
[INFO -- 2017-03-23 16:18:48]
sending 30 signals using command: 'ssh -T mic0 killall -2 needle_check' after 12.4938621501s
[INFO -- 2017-03-23 16:18:49]
shell stdout: 
[INFO -- 2017-03-23 16:18:49]
sending 30 signals using command: 'ssh -T mic0 killall -2 needle_check' after 13.1204683628s
[INFO -- 2017-03-23 16:18:49]
shell stdout: 
[INFO -- 2017-03-23 16:18:49]
shell stdout: 
[INFO -- 2017-03-23 16:18:49]
shell stdout: 
[INFO -- 2017-03-23 16:18:50]
shell stdout: 
[INFO -- 2017-03-23 16:18:50]
shell stdout: 
[INFO -- 2017-03-23 16:18:50]
shell stdout: 
[INFO -- 2017-03-23 16:18:50]
shell stdout: 
[INFO -- 2017-03-23 16:18:50]
shell stdout: 
[INFO -- 2017-03-23 16:18:51]
shell stdout: 
[INFO -- 2017-03-23 16:18:51]
shell stdout: 
[INFO -- 2017-03-23 16:18:51]
shell stdout: 
[INFO -- 2017-03-23 16:18:51]
shell stdout: 
[INFO -- 2017-03-23 16:18:51]
shell stdout: 
[INFO -- 2017-03-23 16:18:52]
shell stdout: 
[INFO -- 2017-03-23 16:18:52]
shell stdout: 
[INFO -- 2017-03-23 16:18:52]
sending 30 signals using command: 'ssh -T mic0 killall -2 needle_check' after 16.2179058663s
[INFO -- 2017-03-23 16:18:52]
shell stdout: 
[INFO -- 2017-03-23 16:18:52]
shell stdout: 
[INFO -- 2017-03-23 16:18:52]
shell stdout: 
[INFO -- 2017-03-23 16:18:52]
shell stdout: 
[INFO -- 2017-03-23 16:18:52]
shell stdout: 
[INFO -- 2017-03-23 16:18:53]
shell stdout: 
[INFO -- 2017-03-23 16:18:53]
shell stdout: 
[INFO -- 2017-03-23 16:18:53]
shell stdout: 
[INFO -- 2017-03-23 16:18:53]
shell stdout: 
[INFO -- 2017-03-23 16:18:53]
shell stdout: 
[INFO -- 2017-03-23 16:18:53]
shell stdout: 
[INFO -- 2017-03-23 16:18:54]
shell stdout: 
[INFO -- 2017-03-23 16:18:54]
shell stdout: 
[INFO -- 2017-03-23 16:18:54]
shell stdout: 
[INFO -- 2017-03-23 16:18:54]
shell stdout: 
[INFO -- 2017-03-23 16:18:54]
shell stdout: 
[INFO -- 2017-03-23 16:18:54]
shell stdout: 
[INFO -- 2017-03-23 16:18:54]
shell stdout: 
[INFO -- 2017-03-23 16:18:55]
shell stdout: 
[INFO -- 2017-03-23 16:18:55]
shell stdout: 
[INFO -- 2017-03-23 16:18:55]
shell stdout: 
[INFO -- 2017-03-23 16:18:55]
shell stdout: 
[INFO -- 2017-03-23 16:18:55]
shell stdout: 
[INFO -- 2017-03-23 16:18:55]
shell stdout: 
[INFO -- 2017-03-23 16:18:55]
shell stdout: 
[INFO -- 2017-03-23 16:18:55]
shell stdout: 
[INFO -- 2017-03-23 16:18:56]
shell stdout: 
[INFO -- 2017-03-23 16:18:56]
shell stdout: 
[INFO -- 2017-03-23 16:18:56]
shell stdout: 
[INFO -- 2017-03-23 16:18:56]
shell stdout: 
[INFO -- 2017-03-23 16:18:56]
shell stdout: 
[INFO -- 2017-03-23 16:18:56]
shell stdout: 
[INFO -- 2017-03-23 16:18:56]
shell stdout: 
[INFO -- 2017-03-23 16:18:57]
shell stdout: 
[INFO -- 2017-03-23 16:18:57]
shell stdout: 
[INFO -- 2017-03-23 16:18:57]
shell stdout: 
[INFO -- 2017-03-23 16:18:57]
shell stdout: 
[INFO -- 2017-03-23 16:18:57]
shell stdout: 
[INFO -- 2017-03-23 16:18:57]
shell stdout: 
[INFO -- 2017-03-23 16:18:57]
shell stdout: 
[INFO -- 2017-03-23 16:18:58]
shell stdout: 
[INFO -- 2017-03-23 16:18:58]
shell stdout: 
[INFO -- 2017-03-23 16:18:58]
shell stdout: 
[INFO -- 2017-03-23 16:18:58]
shell stdout: 
[INFO -- 2017-03-23 16:18:58]
shell stdout: 
[INFO -- 2017-03-23 16:18:58]
shell stdout: 
[INFO -- 2017-03-23 16:18:58]
shell stdout: 
[INFO -- 2017-03-23 16:18:59]
shell stdout: 
[INFO -- 2017-03-23 16:18:59]
shell stdout: 
[INFO -- 2017-03-23 16:18:59]
shell stdout: 
[INFO -- 2017-03-23 16:18:59]
shell stdout: 
[INFO -- 2017-03-23 16:18:59]
shell stdout: 
[INFO -- 2017-03-23 16:18:59]
shell stdout: 
[INFO -- 2017-03-23 16:18:59]
shell stdout: 
[INFO -- 2017-03-23 16:19:00]
shell stdout: 
[INFO -- 2017-03-23 16:19:00]
shell stdout: 
[INFO -- 2017-03-23 16:19:00]
shell stdout: 
[INFO -- 2017-03-23 16:19:00]
shell stdout: 
[INFO -- 2017-03-23 16:19:00]
shell stdout: 
[INFO -- 2017-03-23 16:19:00]
shell stdout: 
[INFO -- 2017-03-23 16:19:00]
shell stdout: 
[INFO -- 2017-03-23 16:19:00]
shell stdout: 
[INFO -- 2017-03-23 16:19:01]
shell stdout: 
[INFO -- 2017-03-23 16:19:01]
shell stdout: 
[INFO -- 2017-03-23 16:19:01]
shell stdout: 
[INFO -- 2017-03-23 16:19:01]
shell stdout: 
[INFO -- 2017-03-23 16:19:01]
shell stdout: 
[INFO -- 2017-03-23 16:19:02]
shell stdout: 
[INFO -- 2017-03-23 16:19:02]
shell stdout: 
[INFO -- 2017-03-23 16:19:03]
shell stdout: 
[INFO -- 2017-03-23 16:19:03]
shell stdout: 
[INFO -- 2017-03-23 16:19:03]
shell stdout: 
[INFO -- 2017-03-23 16:19:04]
shell stdout: 
[INFO -- 2017-03-23 16:19:04]
shell stdout: 
[INFO -- 2017-03-23 16:19:21]
no gdbExecName running, out:
[INFO -- 2017-03-23 16:19:21]
checCmd:ps -e | grep -i gdb-mic
[INFO -- 2017-03-23 16:19:21]
finished now-timestampStart < maxWaitTime*5
[INFO -- 2017-03-23 16:19:21]
now: 1490300359
[INFO -- 2017-03-23 16:19:21]
timestampStart: 1490300316
[INFO -- 2017-03-23 16:19:21]
kill cmd: killall -9 gdb-mic
[INFO -- 2017-03-23 16:19:21]
shell stdout: 
[INFO -- 2017-03-23 16:19:21]
kill cmd: ssh -T mic0 killall -9 needle_check
[INFO -- 2017-03-23 16:19:21]
shell stdout: 
[INFO -- 2017-03-23 16:19:21]
kill cmd: ssh -T mic0 killall -9 gdbserver
[INFO -- 2017-03-23 16:19:21]
shell stdout: 
[INFO -- 2017-03-23 16:19:22]
kill cmd: ssh -T mic0 killall -9 sshd
[INFO -- 2017-03-23 16:19:22]
shell stdout: 
