[INFO -- 2017-03-29 08:20:30]
Starting GDB script
[INFO -- 2017-03-29 08:20:30]
initSignal:0.0
[INFO -- 2017-03-29 08:20:30]
endSignal:3.0
[INFO -- 2017-03-29 08:20:30]
seqSignal:30
[INFO -- 2017-03-29 08:20:31]
sending 30 signals using command: 'ssh -T mic0 killall -2 lavamd_check' after 1.43859598333s
[INFO -- 2017-03-29 08:20:32]
shell stdout: 
[INFO -- 2017-03-29 08:20:32]
shell stdout: 
[INFO -- 2017-03-29 08:20:33]
sending 30 signals using command: 'ssh -T mic0 killall -2 lavamd_check' after 2.69870162101s
[INFO -- 2017-03-29 08:20:33]
sending 30 signals using command: 'ssh -T mic0 killall -2 lavamd_check' after 2.81718830619s
[INFO -- 2017-03-29 08:20:33]
shell stdout: 
[INFO -- 2017-03-29 08:20:34]
shell stdout: 
[INFO -- 2017-03-29 08:20:34]
shell stdout: 
[INFO -- 2017-03-29 08:20:34]
shell stdout: 
[INFO -- 2017-03-29 08:20:35]
shell stdout: 
[INFO -- 2017-03-29 08:20:35]
shell stdout: 
[INFO -- 2017-03-29 08:20:35]
shell stdout: 
[INFO -- 2017-03-29 08:20:36]
shell stdout: 
[INFO -- 2017-03-29 08:20:36]
shell stdout: 
[INFO -- 2017-03-29 08:20:36]
shell stdout: 
[INFO -- 2017-03-29 08:20:36]
shell stdout: 
[INFO -- 2017-03-29 08:20:36]
shell stdout: 
[INFO -- 2017-03-29 08:20:36]
shell stdout: 
[INFO -- 2017-03-29 08:20:37]
shell stdout: 
[INFO -- 2017-03-29 08:20:37]
shell stdout: 
[INFO -- 2017-03-29 08:20:37]
shell stdout: 
[INFO -- 2017-03-29 08:20:38]
shell stdout: 
[INFO -- 2017-03-29 08:20:38]
shell stdout: 
[INFO -- 2017-03-29 08:20:38]
shell stdout: 
[INFO -- 2017-03-29 08:20:39]
shell stdout: 
[INFO -- 2017-03-29 08:20:39]
shell stdout: 
[INFO -- 2017-03-29 08:20:39]
shell stdout: 
[INFO -- 2017-03-29 08:20:39]
shell stdout: 
[INFO -- 2017-03-29 08:20:39]
shell stdout: 
[INFO -- 2017-03-29 08:20:39]
shell stdout: 
[INFO -- 2017-03-29 08:20:40]
shell stdout: 
[INFO -- 2017-03-29 08:20:40]
shell stdout: 
[INFO -- 2017-03-29 08:20:40]
shell stdout: 
[INFO -- 2017-03-29 08:20:41]
shell stdout: 
[INFO -- 2017-03-29 08:20:41]
shell stdout: 
[INFO -- 2017-03-29 08:20:41]
shell stdout: 
[INFO -- 2017-03-29 08:20:41]
shell stdout: 
[INFO -- 2017-03-29 08:20:41]
shell stdout: 
[INFO -- 2017-03-29 08:20:41]
shell stdout: 
[INFO -- 2017-03-29 08:20:42]
shell stdout: 
[INFO -- 2017-03-29 08:20:42]
shell stdout: 
[INFO -- 2017-03-29 08:20:42]
shell stdout: 
[INFO -- 2017-03-29 08:20:42]
shell stdout: 
[INFO -- 2017-03-29 08:20:42]
shell stdout: 
[INFO -- 2017-03-29 08:20:42]
shell stdout: 
[INFO -- 2017-03-29 08:20:43]
shell stdout: 
[INFO -- 2017-03-29 08:20:43]
shell stdout: 
[INFO -- 2017-03-29 08:20:43]
shell stdout: 
[INFO -- 2017-03-29 08:20:43]
shell stdout: 
[INFO -- 2017-03-29 08:20:43]
shell stdout: 
[INFO -- 2017-03-29 08:20:43]
shell stdout: 
[INFO -- 2017-03-29 08:20:44]
shell stdout: 
[INFO -- 2017-03-29 08:20:44]
shell stdout: 
[INFO -- 2017-03-29 08:20:44]
shell stdout: 
[INFO -- 2017-03-29 08:20:44]
shell stdout: 
[INFO -- 2017-03-29 08:20:44]
shell stdout: 
[INFO -- 2017-03-29 08:20:44]
shell stdout: 
[INFO -- 2017-03-29 08:20:45]
shell stdout: 
[INFO -- 2017-03-29 08:20:45]
shell stdout: 
[INFO -- 2017-03-29 08:20:45]
shell stdout: 
[INFO -- 2017-03-29 08:20:45]
shell stdout: 
[INFO -- 2017-03-29 08:20:45]
shell stdout: 
[INFO -- 2017-03-29 08:20:45]
shell stdout: 
[INFO -- 2017-03-29 08:20:46]
shell stdout: 
[INFO -- 2017-03-29 08:20:46]
shell stdout: 
[INFO -- 2017-03-29 08:20:46]
shell stdout: 
[INFO -- 2017-03-29 08:20:46]
shell stdout: 
[INFO -- 2017-03-29 08:20:46]
shell stdout: 
[INFO -- 2017-03-29 08:20:46]
shell stdout: 
[INFO -- 2017-03-29 08:20:46]
shell stdout: 
[INFO -- 2017-03-29 08:20:47]
shell stdout: 
[INFO -- 2017-03-29 08:20:47]
shell stdout: 
[INFO -- 2017-03-29 08:20:47]
shell stdout: 
[INFO -- 2017-03-29 08:20:47]
shell stdout: 
[INFO -- 2017-03-29 08:20:47]
shell stdout: 
[INFO -- 2017-03-29 08:20:47]
shell stdout: 
[INFO -- 2017-03-29 08:20:47]
shell stdout: 
[INFO -- 2017-03-29 08:20:47]
shell stdout: 
[INFO -- 2017-03-29 08:20:48]
shell stdout: 
[INFO -- 2017-03-29 08:20:48]
shell stdout: 
[INFO -- 2017-03-29 08:20:48]
shell stdout: 
[INFO -- 2017-03-29 08:20:48]
shell stdout: 
[INFO -- 2017-03-29 08:20:48]
shell stdout: 
[INFO -- 2017-03-29 08:20:48]
shell stdout: 
[INFO -- 2017-03-29 08:20:48]
shell stdout: 
[INFO -- 2017-03-29 08:20:49]
shell stdout: 
[INFO -- 2017-03-29 08:20:49]
shell stdout: 
[INFO -- 2017-03-29 08:20:49]
shell stdout: 
[INFO -- 2017-03-29 08:20:49]
shell stdout: 
[INFO -- 2017-03-29 08:20:49]
shell stdout: 
[INFO -- 2017-03-29 08:20:49]
shell stdout: 
[INFO -- 2017-03-29 08:20:50]
shell stdout: 
[INFO -- 2017-03-29 08:20:50]
shell stdout: 
[INFO -- 2017-03-29 08:20:51]
no gdbExecName running, out:
[INFO -- 2017-03-29 08:20:51]
checCmd:ps -e | grep -i gdb-mic
[INFO -- 2017-03-29 08:20:51]
finished now-timestampStart < maxWaitTime*5
[INFO -- 2017-03-29 08:20:51]
now: 1490790050
[INFO -- 2017-03-29 08:20:51]
timestampStart: 1490790030
[INFO -- 2017-03-29 08:20:51]
kill cmd: killall -9 gdb-mic
[INFO -- 2017-03-29 08:20:51]
shell stdout: 
[INFO -- 2017-03-29 08:20:52]
kill cmd: ssh -T mic0 killall -9 lavamd_check
[INFO -- 2017-03-29 08:20:52]
shell stdout: 
[INFO -- 2017-03-29 08:20:52]
kill cmd: ssh -T mic0 killall -9 gdbserver
[INFO -- 2017-03-29 08:20:52]
shell stdout: 
[INFO -- 2017-03-29 08:20:53]
kill cmd: ssh -T mic0 killall -9 sshd
[INFO -- 2017-03-29 08:20:53]
shell stdout: 
