2017-01-24 11:53:05:Starting GDB script
2017-01-24 11:53:05:initSignal:14.0
2017-01-24 11:53:05:endSignal:21.0
2017-01-24 11:53:05:seqSignal:15
2017-01-24 11:53:20:sending 15 signals using command: 'ssh -T mic1 killall -2 dgemm_check' after 15.2990746669s
2017-01-24 11:53:21:shell stdout: 
2017-01-24 11:53:21:shell stdout: 
2017-01-24 11:53:22:shell stdout: 
2017-01-24 11:53:22:shell stdout: 
2017-01-24 11:53:23:shell stdout: 
2017-01-24 11:53:23:shell stdout: 
2017-01-24 11:53:24:shell stdout: 
2017-01-24 11:53:24:shell stdout: 
2017-01-24 11:53:24:sending 15 signals using command: 'ssh -T mic1 killall -2 dgemm_check' after 19.3993140916s
2017-01-24 11:53:24:shell stdout: 
2017-01-24 11:53:25:shell stdout: 
2017-01-24 11:53:25:shell stdout: 
2017-01-24 11:53:25:shell stdout: 
2017-01-24 11:53:25:shell stdout: 
2017-01-24 11:53:26:sending 15 signals using command: 'ssh -T mic1 killall -2 dgemm_check' after 20.6549833707s
2017-01-24 11:53:26:shell stdout: 
2017-01-24 11:53:26:shell stdout: 
2017-01-24 11:53:26:shell stdout: 
2017-01-24 11:53:26:shell stdout: 
2017-01-24 11:53:26:shell stdout: 
2017-01-24 11:53:26:shell stdout: 
2017-01-24 11:53:26:shell stdout: 
2017-01-24 11:53:26:shell stdout: 
2017-01-24 11:53:27:shell stdout: 
2017-01-24 11:53:27:shell stdout: 
2017-01-24 11:53:27:shell stdout: 
2017-01-24 11:53:27:shell stdout: 
2017-01-24 11:53:27:shell stdout: 
2017-01-24 11:53:28:shell stdout: 
2017-01-24 11:53:28:shell stdout: 
2017-01-24 11:53:28:shell stdout: 
2017-01-24 11:53:28:shell stdout: 
2017-01-24 11:53:29:shell stdout: 
2017-01-24 11:53:29:shell stdout: 
2017-01-24 11:53:29:shell stdout: 
2017-01-24 11:53:29:shell stdout: 
2017-01-24 11:53:29:shell stdout: 
2017-01-24 11:53:30:shell stdout: 
2017-01-24 11:53:30:shell stdout: 
2017-01-24 11:53:30:shell stdout: 
2017-01-24 11:53:30:shell stdout: 
2017-01-24 11:53:30:shell stdout: 
2017-01-24 11:53:31:shell stdout: 
2017-01-24 11:53:31:shell stdout: 
2017-01-24 11:53:31:shell stdout: 
2017-01-24 11:53:32:shell stdout: 
2017-01-24 11:53:32:shell stdout: 
2017-01-24 11:56:02:no gdbExecName running, out:
2017-01-24 11:56:02:checCmd:ps -e | grep -i gdb-mic
2017-01-24 11:56:02:finished now-timestampStart < maxWaitTime*5
2017-01-24 11:56:02:now: 1485276953
2017-01-24 11:56:02:timestampStart: 1485276785
2017-01-24 11:56:02:kill cmd: killall -9 gdb-mic
2017-01-24 11:56:02:shell stdout: 
2017-01-24 11:56:02:kill cmd: ssh -T mic1 killall -9 dgemm_check
2017-01-24 11:56:02:shell stdout: 
2017-01-24 11:56:02:kill cmd: ssh -T mic1 killall -9 gdbserver
2017-01-24 11:56:02:shell stdout: 
2017-01-24 11:56:03:kill cmd: ssh -T mic1 killall -9 sshd
2017-01-24 11:56:03:shell stdout: 
