2016-10-27 08:21:03:Starting GDB script
2016-10-27 08:21:03:sending signal using command: 'ssh -T mic0 killall -2 lud_check' after 0.273547807896s
2016-10-27 08:21:03:shell stdout: 
2016-10-27 08:21:04:sending signal using command: 'ssh -T mic0 killall -2 lud_check' after 1.08973965516s
2016-10-27 08:21:04:shell stdout: 
2016-10-27 08:21:04:sending signal using command: 'ssh -T mic0 killall -2 lud_check' after 1.16062603534s
2016-10-27 08:21:04:shell stdout: 
2016-10-27 08:21:05:sending signal using command: 'ssh -T mic0 killall -2 lud_check' after 1.77525029163s
2016-10-27 08:21:05:shell stdout: 
2016-10-27 08:21:05:sending signal using command: 'ssh -T mic0 killall -2 lud_check' after 2.21096812561s
2016-10-27 08:21:05:shell stdout: 
2016-10-27 08:21:08:sending signal using command: 'ssh -T mic0 killall -2 lud_check' after 4.21646878767s
2016-10-27 08:21:08:shell stdout: 
2016-10-27 08:21:08:sending signal using command: 'ssh -T mic0 killall -2 lud_check' after 4.83760678421s
2016-10-27 08:21:08:shell stdout: 
2016-10-27 08:21:09:sending signal using command: 'ssh -T mic0 killall -2 lud_check' after 5.64394439362s
2016-10-27 08:21:09:shell stdout: 
2016-10-27 08:21:10:sending signal using command: 'ssh -T mic0 killall -2 lud_check' after 6.58867386493s
2016-10-27 08:21:10:shell stdout: 
2016-10-27 08:21:10:sending signal using command: 'ssh -T mic0 killall -2 lud_check' after 6.93558460005s
2016-10-27 08:21:10:shell stdout: 
2016-10-27 08:21:18:no gdbExecName running, out:
2016-10-27 08:21:18:checCmd:ps -e | grep -i gdb-mic
2016-10-27 08:21:18:finished now-timestampStart < maxWaitTime*5
2016-10-27 08:21:18:now: 1477570878
2016-10-27 08:21:18:timestampStart: 1477570863
2016-10-27 08:21:18:kill cmd: killall -9 gdb-mic
2016-10-27 08:21:18:shell stdout: 
2016-10-27 08:21:18:kill cmd: ssh -T mic0 killall -9 lud_check
2016-10-27 08:21:18:shell stdout: 
2016-10-27 08:21:19:kill cmd: ssh -T mic0 killall -9 gdbserver
2016-10-27 08:21:19:shell stdout: 
2016-10-27 08:21:19:kill cmd: ssh -T mic0 killall -9 sshd
2016-10-27 08:21:19:shell stdout: 
