2016-10-15 15:52:07:Starting GDB script
2016-10-15 15:52:09:sending signal using command: 'ssh -T mic0 killall -2 lavamd' after 0.903896127474s
2016-10-15 15:52:09:shell stdout: 
2016-10-15 15:52:09:sending signal using command: 'ssh -T mic0 killall -2 lavamd' after 1.76335199958s
2016-10-15 15:52:09:shell stdout: 
2016-10-15 15:52:11:sending signal using command: 'ssh -T mic0 killall -2 lavamd' after 2.59372646208s
2016-10-15 15:52:11:shell stdout: 
2016-10-15 15:52:13:sending signal using command: 'ssh -T mic0 killall -2 lavamd' after 4.07802740859s
2016-10-15 15:52:13:shell stdout: 
2016-10-15 15:52:13:sending signal using command: 'ssh -T mic0 killall -2 lavamd' after 4.98888869083s
2016-10-15 15:52:13:shell stdout: 
2016-10-15 15:52:13:sending signal using command: 'ssh -T mic0 killall -2 lavamd' after 5.3808922792s
2016-10-15 15:52:13:shell stdout: 
2016-10-15 15:52:15:sending signal using command: 'ssh -T mic0 killall -2 lavamd' after 6.49458103788s
2016-10-15 15:52:15:shell stdout: 
2016-10-15 15:52:16:sending signal using command: 'ssh -T mic0 killall -2 lavamd' after 7.92819515074s
2016-10-15 15:52:16:shell stdout: 
2016-10-15 15:52:16:sending signal using command: 'ssh -T mic0 killall -2 lavamd' after 8.17106549759s
2016-10-15 15:52:16:shell stdout: 
2016-10-15 15:52:17:sending signal using command: 'ssh -T mic0 killall -2 lavamd' after 8.75683340651s
2016-10-15 15:52:17:shell stdout: 
2016-10-15 15:52:24:no gdbExecName running, out:
2016-10-15 15:52:24:checCmd:ps -e | grep -i gdb-mic
2016-10-15 15:52:24:finished now-timestampStart < maxWaitTime*5
2016-10-15 15:52:24:now: 1476561143
2016-10-15 15:52:24:timestampStart: 1476561127
2016-10-15 15:52:24:kill cmd: killall -9 gdb-mic
2016-10-15 15:52:24:shell stdout: 
2016-10-15 15:52:24:kill cmd: ssh -T mic0 killall -9 lavamd
2016-10-15 15:52:24:shell stdout: 
2016-10-15 15:52:24:kill cmd: ssh -T mic0 killall -9 gdbserver
2016-10-15 15:52:24:shell stdout: 
2016-10-15 15:52:25:kill cmd: ssh -T mic0 killall -9 sshd
2016-10-15 15:52:25:shell stdout: 
