[INFO -- 2017-02-26 00:42:46]
Starting GDB script
[INFO -- 2017-02-26 00:42:46]
initSignal:4.0
[INFO -- 2017-02-26 00:42:46]
endSignal:8.0
[INFO -- 2017-02-26 00:42:46]
seqSignal:30
[INFO -- 2017-02-26 00:42:50]
sending 30 signals using command: 'ssh -T mic1 killall -2 lud_check' after 4.07218406357s
[INFO -- 2017-02-26 00:42:50]
sending 30 signals using command: 'ssh -T mic1 killall -2 lud_check' after 4.24646698841s
[INFO -- 2017-02-26 00:42:51]
sending 30 signals using command: 'ssh -T mic1 killall -2 lud_check' after 4.79286956476s
[INFO -- 2017-02-26 00:42:51]
shell stdout: 
[INFO -- 2017-02-26 00:42:52]
shell stdout: 
[INFO -- 2017-02-26 00:42:52]
shell stdout: 
[INFO -- 2017-02-26 00:42:52]
shell stdout: 
[INFO -- 2017-02-26 00:42:52]
shell stdout: 
[INFO -- 2017-02-26 00:42:52]
shell stdout: 
[INFO -- 2017-02-26 00:42:52]
shell stdout: 
[INFO -- 2017-02-26 00:42:52]
shell stdout: 
[INFO -- 2017-02-26 00:42:53]
shell stdout: 
[INFO -- 2017-02-26 00:42:53]
shell stdout: 
[INFO -- 2017-02-26 00:42:53]
shell stdout: 
[INFO -- 2017-02-26 00:42:53]
shell stdout: 
[INFO -- 2017-02-26 00:42:53]
shell stdout: 
[INFO -- 2017-02-26 00:42:53]
shell stdout: 
[INFO -- 2017-02-26 00:42:53]
shell stdout: 
[INFO -- 2017-02-26 00:42:54]
shell stdout: 
[INFO -- 2017-02-26 00:42:54]
shell stdout: 
[INFO -- 2017-02-26 00:42:54]
shell stdout: 
[INFO -- 2017-02-26 00:42:54]
shell stdout: 
[INFO -- 2017-02-26 00:42:54]
shell stdout: 
[INFO -- 2017-02-26 00:42:54]
shell stdout: 
[INFO -- 2017-02-26 00:42:54]
shell stdout: 
[INFO -- 2017-02-26 00:42:54]
shell stdout: 
[INFO -- 2017-02-26 00:42:55]
shell stdout: 
[INFO -- 2017-02-26 00:42:55]
shell stdout: 
[INFO -- 2017-02-26 00:42:55]
shell stdout: 
[INFO -- 2017-02-26 00:42:55]
shell stdout: 
[INFO -- 2017-02-26 00:42:55]
shell stdout: 
[INFO -- 2017-02-26 00:42:56]
shell stdout: 
[INFO -- 2017-02-26 00:42:56]
shell stdout: 
[INFO -- 2017-02-26 00:42:56]
shell stdout: 
[INFO -- 2017-02-26 00:42:56]
shell stdout: 
[INFO -- 2017-02-26 00:42:56]
shell stdout: 
[INFO -- 2017-02-26 00:42:57]
shell stdout: 
[INFO -- 2017-02-26 00:42:57]
shell stdout: 
[INFO -- 2017-02-26 00:42:57]
shell stdout: 
[INFO -- 2017-02-26 00:42:58]
shell stdout: 
[INFO -- 2017-02-26 00:42:58]
shell stdout: 
[INFO -- 2017-02-26 00:42:58]
shell stdout: 
[INFO -- 2017-02-26 00:42:58]
shell stdout: 
[INFO -- 2017-02-26 00:42:58]
shell stdout: 
[INFO -- 2017-02-26 00:42:58]
shell stdout: 
[INFO -- 2017-02-26 00:42:59]
shell stdout: 
[INFO -- 2017-02-26 00:42:59]
shell stdout: 
[INFO -- 2017-02-26 00:42:59]
shell stdout: 
[INFO -- 2017-02-26 00:43:00]
shell stdout: 
[INFO -- 2017-02-26 00:43:00]
shell stdout: 
[INFO -- 2017-02-26 00:43:00]
shell stdout: 
[INFO -- 2017-02-26 00:43:00]
shell stdout: 
[INFO -- 2017-02-26 00:43:00]
shell stdout: 
[INFO -- 2017-02-26 00:43:00]
shell stdout: 
[INFO -- 2017-02-26 00:43:01]
shell stdout: 
[INFO -- 2017-02-26 00:43:01]
shell stdout: 
[INFO -- 2017-02-26 00:43:01]
shell stdout: 
[INFO -- 2017-02-26 00:43:01]
shell stdout: 
[INFO -- 2017-02-26 00:43:01]
shell stdout: 
[INFO -- 2017-02-26 00:43:01]
shell stdout: 
[INFO -- 2017-02-26 00:43:02]
shell stdout: 
[INFO -- 2017-02-26 00:43:02]
shell stdout: 
[INFO -- 2017-02-26 00:43:02]
shell stdout: 
[INFO -- 2017-02-26 00:43:02]
shell stdout: 
[INFO -- 2017-02-26 00:43:02]
shell stdout: 
[INFO -- 2017-02-26 00:43:02]
shell stdout: 
[INFO -- 2017-02-26 00:43:02]
shell stdout: 
[INFO -- 2017-02-26 00:43:02]
shell stdout: 
[INFO -- 2017-02-26 00:43:03]
shell stdout: 
[INFO -- 2017-02-26 00:43:03]
shell stdout: 
[INFO -- 2017-02-26 00:43:03]
shell stdout: 
[INFO -- 2017-02-26 00:43:03]
shell stdout: 
[INFO -- 2017-02-26 00:43:03]
shell stdout: 
[INFO -- 2017-02-26 00:43:03]
shell stdout: 
[INFO -- 2017-02-26 00:43:03]
shell stdout: 
[INFO -- 2017-02-26 00:43:04]
shell stdout: 
[INFO -- 2017-02-26 00:43:04]
shell stdout: 
[INFO -- 2017-02-26 00:43:04]
shell stdout: 
[INFO -- 2017-02-26 00:43:04]
shell stdout: 
[INFO -- 2017-02-26 00:43:04]
shell stdout: 
[INFO -- 2017-02-26 00:43:04]
shell stdout: 
[INFO -- 2017-02-26 00:43:05]
shell stdout: 
[INFO -- 2017-02-26 00:43:05]
shell stdout: 
[INFO -- 2017-02-26 00:43:05]
shell stdout: 
[INFO -- 2017-02-26 00:43:05]
shell stdout: 
[INFO -- 2017-02-26 00:43:05]
shell stdout: 
[INFO -- 2017-02-26 00:43:05]
shell stdout: 
[INFO -- 2017-02-26 00:43:05]
shell stdout: 
[INFO -- 2017-02-26 00:43:05]
shell stdout: 
[INFO -- 2017-02-26 00:43:05]
shell stdout: 
[INFO -- 2017-02-26 00:43:06]
shell stdout: 
[INFO -- 2017-02-26 00:43:06]
shell stdout: 
[INFO -- 2017-02-26 00:43:06]
shell stdout: 
[INFO -- 2017-02-26 00:43:18]
no gdbExecName running, out:
[INFO -- 2017-02-26 00:43:18]
checCmd:ps -e | grep -i gdb-mic
[INFO -- 2017-02-26 00:43:18]
finished now-timestampStart < maxWaitTime*5
[INFO -- 2017-02-26 00:43:18]
now: 1488087798
[INFO -- 2017-02-26 00:43:18]
timestampStart: 1488087766
[INFO -- 2017-02-26 00:43:18]
kill cmd: killall -9 gdb-mic
[INFO -- 2017-02-26 00:43:18]
shell stdout: 
[INFO -- 2017-02-26 00:43:19]
kill cmd: ssh -T mic1 killall -9 lud_check
[INFO -- 2017-02-26 00:43:19]
shell stdout: 
[INFO -- 2017-02-26 00:43:19]
kill cmd: ssh -T mic1 killall -9 gdbserver
[INFO -- 2017-02-26 00:43:19]
shell stdout: 
[INFO -- 2017-02-26 00:43:19]
kill cmd: ssh -T mic1 killall -9 sshd
[INFO -- 2017-02-26 00:43:19]
shell stdout: 
