[INFO -- 2017-03-26 03:52:15]
shell stdout: 
[INFO -- 2017-03-26 03:52:15]
shell stdout: 
[INFO -- 2017-03-26 03:52:15]
shell stdout: 
[INFO -- 2017-03-26 03:52:15]
shell stdout: 
[INFO -- 2017-03-26 03:52:15]
shell stdout: 
[INFO -- 2017-03-26 03:52:15]
shell stdout: 
[INFO -- 2017-03-26 03:52:16]
shell stdout: 
[INFO -- 2017-03-26 03:52:16]
shell stdout: 
[INFO -- 2017-03-26 03:52:16]
shell stdout: 
[INFO -- 2017-03-26 03:52:16]
shell stdout: 
[INFO -- 2017-03-26 03:52:16]
shell stdout: 
[INFO -- 2017-03-26 03:52:16]
shell stdout: 
[INFO -- 2017-03-26 03:52:17]
shell stdout: 
[INFO -- 2017-03-26 03:52:17]
shell stdout: 
[INFO -- 2017-03-26 03:52:17]
shell stdout: 
[INFO -- 2017-03-26 03:52:17]
shell stdout: 
[INFO -- 2017-03-26 03:52:17]
shell stdout: 
[INFO -- 2017-03-26 03:52:17]
shell stdout: 
[INFO -- 2017-03-26 03:52:17]
shell stdout: 
[INFO -- 2017-03-26 03:52:17]
shell stdout: 
[INFO -- 2017-03-26 03:52:17]
shell stdout: 
[INFO -- 2017-03-26 03:52:18]
shell stdout: 
[INFO -- 2017-03-26 03:52:18]
shell stdout: 
[INFO -- 2017-03-26 03:52:18]
shell stdout: 
[INFO -- 2017-03-26 03:52:18]
shell stdout: 
[INFO -- 2017-03-26 03:52:18]
shell stdout: 
[INFO -- 2017-03-26 03:52:18]
shell stdout: 
[INFO -- 2017-03-26 03:52:19]
shell stdout: 
[INFO -- 2017-03-26 03:52:19]
shell stdout: 
[INFO -- 2017-03-26 03:52:19]
shell stdout: 
[INFO -- 2017-03-26 03:52:19]
shell stdout: 
[INFO -- 2017-03-26 03:52:19]
shell stdout: 
[INFO -- 2017-03-26 03:52:19]
shell stdout: 
[INFO -- 2017-03-26 03:52:19]
shell stdout: 
[INFO -- 2017-03-26 03:52:19]
shell stdout: 
[INFO -- 2017-03-26 03:52:19]
shell stdout: 
[INFO -- 2017-03-26 03:52:20]
shell stdout: 
[INFO -- 2017-03-26 03:52:20]
shell stdout: 
[INFO -- 2017-03-26 03:52:20]
shell stdout: 
[INFO -- 2017-03-26 03:52:20]
Starting GDB script
[INFO -- 2017-03-26 03:52:20]
initSignal:0.0
[INFO -- 2017-03-26 03:52:20]
endSignal:3.0
[INFO -- 2017-03-26 03:52:20]
seqSignal:30
[INFO -- 2017-03-26 03:52:21]
sending 30 signals using command: 'ssh -T mic0 killall -2 lavamd_check' after 0.808489388797s
[INFO -- 2017-03-26 03:52:21]
shell stdout: 
[INFO -- 2017-03-26 03:52:22]
shell stdout: 
[INFO -- 2017-03-26 03:52:22]
shell stdout: 
[INFO -- 2017-03-26 03:52:23]
shell stdout: 
[INFO -- 2017-03-26 03:52:23]
sending 30 signals using command: 'ssh -T mic0 killall -2 lavamd_check' after 2.51238641649s
[INFO -- 2017-03-26 03:52:23]
sending 30 signals using command: 'ssh -T mic0 killall -2 lavamd_check' after 2.73037984964s
[INFO -- 2017-03-26 03:52:23]
shell stdout: 
[INFO -- 2017-03-26 03:52:24]
shell stdout: 
[INFO -- 2017-03-26 03:52:24]
shell stdout: 
[INFO -- 2017-03-26 03:52:24]
shell stdout: 
[INFO -- 2017-03-26 03:52:25]
shell stdout: 
[INFO -- 2017-03-26 03:52:25]
shell stdout: 
[INFO -- 2017-03-26 03:52:25]
shell stdout: 
[INFO -- 2017-03-26 03:52:26]
shell stdout: 
[INFO -- 2017-03-26 03:52:26]
shell stdout: 
[INFO -- 2017-03-26 03:52:26]
shell stdout: 
[INFO -- 2017-03-26 03:52:27]
shell stdout: 
[INFO -- 2017-03-26 03:52:27]
shell stdout: 
[INFO -- 2017-03-26 03:52:27]
shell stdout: 
[INFO -- 2017-03-26 03:52:28]
shell stdout: 
[INFO -- 2017-03-26 03:52:28]
shell stdout: 
[INFO -- 2017-03-26 03:52:28]
shell stdout: 
[INFO -- 2017-03-26 03:52:29]
shell stdout: 
[INFO -- 2017-03-26 03:52:29]
shell stdout: 
[INFO -- 2017-03-26 03:52:29]
shell stdout: 
[INFO -- 2017-03-26 03:52:29]
shell stdout: 
[INFO -- 2017-03-26 03:52:29]
shell stdout: 
[INFO -- 2017-03-26 03:52:29]
shell stdout: 
[INFO -- 2017-03-26 03:52:30]
shell stdout: 
[INFO -- 2017-03-26 03:52:30]
shell stdout: 
[INFO -- 2017-03-26 03:52:30]
shell stdout: 
[INFO -- 2017-03-26 03:52:30]
shell stdout: 
[INFO -- 2017-03-26 03:52:30]
shell stdout: 
[INFO -- 2017-03-26 03:52:30]
shell stdout: 
[INFO -- 2017-03-26 03:52:31]
shell stdout: 
[INFO -- 2017-03-26 03:52:31]
shell stdout: 
[INFO -- 2017-03-26 03:52:31]
shell stdout: 
[INFO -- 2017-03-26 03:52:31]
shell stdout: 
[INFO -- 2017-03-26 03:52:32]
shell stdout: 
[INFO -- 2017-03-26 03:52:32]
shell stdout: 
[INFO -- 2017-03-26 03:52:32]
shell stdout: 
[INFO -- 2017-03-26 03:52:32]
shell stdout: 
[INFO -- 2017-03-26 03:52:32]
shell stdout: 
[INFO -- 2017-03-26 03:52:33]
shell stdout: 
[INFO -- 2017-03-26 03:52:33]
shell stdout: 
[INFO -- 2017-03-26 03:52:33]
shell stdout: 
[INFO -- 2017-03-26 03:52:33]
shell stdout: 
[INFO -- 2017-03-26 03:52:33]
shell stdout: 
[INFO -- 2017-03-26 03:52:33]
shell stdout: 
[INFO -- 2017-03-26 03:52:33]
shell stdout: 
[INFO -- 2017-03-26 03:52:33]
shell stdout: 
[INFO -- 2017-03-26 03:52:33]
shell stdout: 
[INFO -- 2017-03-26 03:52:34]
shell stdout: 
[INFO -- 2017-03-26 03:52:34]
shell stdout: 
[INFO -- 2017-03-26 03:52:34]
shell stdout: 
[INFO -- 2017-03-26 03:52:34]
shell stdout: 
[INFO -- 2017-03-26 03:52:34]
shell stdout: 
[INFO -- 2017-03-26 03:52:34]
shell stdout: 
[INFO -- 2017-03-26 03:52:35]
shell stdout: 
[INFO -- 2017-03-26 03:52:35]
shell stdout: 
[INFO -- 2017-03-26 03:52:35]
shell stdout: 
[INFO -- 2017-03-26 03:52:35]
shell stdout: 
[INFO -- 2017-03-26 03:52:35]
shell stdout: 
[INFO -- 2017-03-26 03:52:35]
shell stdout: 
[INFO -- 2017-03-26 03:52:36]
shell stdout: 
[INFO -- 2017-03-26 03:52:36]
shell stdout: 
[INFO -- 2017-03-26 03:52:36]
shell stdout: 
[INFO -- 2017-03-26 03:52:36]
shell stdout: 
[INFO -- 2017-03-26 03:52:36]
shell stdout: 
[INFO -- 2017-03-26 03:52:36]
shell stdout: 
[INFO -- 2017-03-26 03:52:36]
shell stdout: 
[INFO -- 2017-03-26 03:52:36]
shell stdout: 
[INFO -- 2017-03-26 03:52:36]
shell stdout: 
[INFO -- 2017-03-26 03:52:37]
shell stdout: 
[INFO -- 2017-03-26 03:52:37]
shell stdout: 
[INFO -- 2017-03-26 03:52:37]
shell stdout: 
[INFO -- 2017-03-26 03:52:37]
shell stdout: 
[INFO -- 2017-03-26 03:52:37]
shell stdout: 
[INFO -- 2017-03-26 03:52:37]
shell stdout: 
[INFO -- 2017-03-26 03:52:38]
shell stdout: 
[INFO -- 2017-03-26 03:52:38]
shell stdout: 
[INFO -- 2017-03-26 03:52:38]
shell stdout: 
[INFO -- 2017-03-26 03:52:38]
shell stdout: 
[INFO -- 2017-03-26 03:52:38]
shell stdout: 
[INFO -- 2017-03-26 03:52:38]
shell stdout: 
[INFO -- 2017-03-26 03:52:38]
shell stdout: 
[INFO -- 2017-03-26 03:52:39]
shell stdout: 
[INFO -- 2017-03-26 03:52:39]
shell stdout: 
[INFO -- 2017-03-26 03:52:39]
shell stdout: 
[INFO -- 2017-03-26 03:52:39]
shell stdout: 
[INFO -- 2017-03-26 03:52:40]
shell stdout: 
[INFO -- 2017-03-26 03:52:40]
shell stdout: 
[INFO -- 2017-03-26 03:52:42]
no gdbExecName running, out:
[INFO -- 2017-03-26 03:52:42]
checCmd:ps -e | grep -i gdb-mic
[INFO -- 2017-03-26 03:52:42]
finished now-timestampStart < maxWaitTime*5
[INFO -- 2017-03-26 03:52:42]
now: 1490500361
[INFO -- 2017-03-26 03:52:42]
timestampStart: 1490500340
[INFO -- 2017-03-26 03:52:42]
kill cmd: killall -9 gdb-mic
[INFO -- 2017-03-26 03:52:42]
shell stdout: 
[INFO -- 2017-03-26 03:52:42]
kill cmd: ssh -T mic0 killall -9 lavamd_check
[INFO -- 2017-03-26 03:52:42]
shell stdout: 
[INFO -- 2017-03-26 03:52:42]
kill cmd: ssh -T mic0 killall -9 gdbserver
[INFO -- 2017-03-26 03:52:42]
shell stdout: 
[INFO -- 2017-03-26 03:52:43]
kill cmd: ssh -T mic0 killall -9 sshd
[INFO -- 2017-03-26 03:52:43]
shell stdout: 
