[INFO -- 2017-02-25 15:55:28]
Starting flip_value script
version: 2.0
[INFO -- 2017-02-25 15:55:28]
Initialization strings:
[INFO -- 2017-02-25 15:55:28]
(1) target extended-remote | ssh -T mic0 gdbserver --multi -
[INFO -- 2017-02-25 15:55:28]
(2) set sysroot /opt/mpss/3.7/sysroots/k1om-mpss-linux/
[INFO -- 2017-02-25 15:55:28]
(3) set sysroot /opt/mpss/3.7/sysroots/k1om-mpss-linux/
[INFO -- 2017-02-25 15:55:28]
(4) file /micNfs/gdb-fault-injection/injector/bin/hotspot/hotspot_check
[INFO -- 2017-02-25 15:55:28]
(5) set remote exec-file /micNfs/gdb-fault-injection/injector/bin/hotspot/hotspot_check
[INFO -- 2017-02-25 15:55:28]
(6) set args 1024 1024 1000 64 /micNfs/gdb-fault-injection/injector/data/hotspot/temp_1024 /micNfs/gdb-fault-injection/injector/data/hotspot/power_1024 /micNfs/gdb-fault-injection/injector/bin/hotspot/gold_1024_1000iter_64th
[INFO -- 2017-02-25 15:55:28]
initSignal:3
[INFO -- 2017-02-25 15:55:28]
endSignal:6
[INFO -- 2017-02-25 15:55:28]
seqSignal:15
[INFO -- 2017-02-25 15:55:28]
faultMode:3
[INFO -- 2017-02-25 15:55:32]
Backtrace BEGIN:
#0  0x00007ffff71085a0 in __GI_____strtof_l_internal (nptr=nptr@entry=0x7fffffffe050 "323.609700", endptr=endptr@entry=0x7fffffffe280, group=group@entry=0, loc=0x7ffff74253a0 <_nl_global_locale>) at strtod_l.c:784
#1  0x00007ffff7107c00 in __GI___strtof_internal (nptr=nptr@entry=0x7fffffffe050 "323.609700", endptr=endptr@entry=0x7fffffffe280, group=group@entry=0) at strtod.c:54
#2  0x00007ffff7128bec in _IO_vfscanf_internal (s=s@entry=0x7fffffffe440, format=format@entry=0x4071c8 "%f", argptr=argptr@entry=0x7fffffffe568, errp=errp@entry=0x0) at vfscanf.c:2332
#3  0x00007ffff71365ea in __GI___isoc99_vsscanf (string=0x7fffffffe640 "323.609700\n", format=0x4071c8 "%f", args=args@entry=0x7fffffffe568) at isoc99_vsscanf.c:43
#4  0x00007ffff7136569 in __isoc99_sscanf (s=<optimized out>, format=<optimized out>) at isoc99_sscanf.c:31
#5  0x0000000000404598 in read_input (vect=0x7ffff6acc010, grid_rows=1024, grid_cols=1024, file=0x7fffffffee07 "/micNfs/gdb-fault-injection/injector/data/hotspot/temp_1024") at hotspot_check.c:207
#6  0x0000000000404aae in main (argc=8, argv=0x7fffffffebb8) at hotspot_check.c:265

779	in strtod_l.c

Backtrace END
Fliping value of field: __value
Fliping value of field name: __wchb
Fliping array at pos: 1
Memory content before bitflip:0x00
Fault Mode: Zero bit-flip
base address to flip value: 0x7fffffffe28d 
address max offset: 1
Memory content after  bitflip:0x00
frame name: _IO_vfscanf_internal
symbol name: state
symbol filename: vfscanf.c
symbol line: 245
value: {__count = 0, __value = {__wch = 0, __wchb = "\000\000\000"}}
value address: 0x7fffffffe288
Type: The type is a structure.
Type sizeof: 8
Field name: __count
Field Type: The type is an integer type.
Field Type sizeof: 4
Field name: __value
Field Type: The type is a union.
Field Type sizeof: 4

[INFO -- 2017-02-25 15:55:32]
Fault Injection Successful after 4.54736399651s
[INFO -- 2017-02-25 15:55:53]
event type: exit
[INFO -- 2017-02-25 15:55:53]
exit code: 0
