[INFO -- 2017-03-10 15:25:34]
Starting GDB script
[INFO -- 2017-03-10 15:25:34]
initSignal:40.0
[INFO -- 2017-03-10 15:25:34]
endSignal:49.0
[INFO -- 2017-03-10 15:25:34]
seqSignal:20
[INFO -- 2017-03-10 15:26:18]
sending 20 signals using command: 'ssh -T mic0 killall -2 clamr_openmponly' after 43.6682386987s
[INFO -- 2017-03-10 15:26:19]
shell stdout: 
[INFO -- 2017-03-10 15:26:19]
shell stdout: 
[INFO -- 2017-03-10 15:26:20]
shell stdout: 
[INFO -- 2017-03-10 15:26:20]
sending 20 signals using command: 'ssh -T mic0 killall -2 clamr_openmponly' after 45.7956466819s
[INFO -- 2017-03-10 15:26:20]
shell stdout: 
[INFO -- 2017-03-10 15:26:21]
shell stdout: 
[INFO -- 2017-03-10 15:26:21]
shell stdout: 
[INFO -- 2017-03-10 15:26:21]
shell stdout: 
[INFO -- 2017-03-10 15:26:21]
shell stdout: 
[INFO -- 2017-03-10 15:26:22]
shell stdout: 
[INFO -- 2017-03-10 15:26:22]
shell stdout: 
[INFO -- 2017-03-10 15:26:22]
shell stdout: 
[INFO -- 2017-03-10 15:26:22]
shell stdout: 
[INFO -- 2017-03-10 15:26:22]
shell stdout: 
[INFO -- 2017-03-10 15:26:23]
shell stdout: 
[INFO -- 2017-03-10 15:26:23]
shell stdout: 
[INFO -- 2017-03-10 15:26:23]
shell stdout: 
[INFO -- 2017-03-10 15:26:23]
shell stdout: 
[INFO -- 2017-03-10 15:26:23]
shell stdout: 
[INFO -- 2017-03-10 15:26:24]
shell stdout: 
[INFO -- 2017-03-10 15:26:24]
shell stdout: 
[INFO -- 2017-03-10 15:26:24]
shell stdout: 
[INFO -- 2017-03-10 15:26:24]
shell stdout: 
[INFO -- 2017-03-10 15:26:25]
shell stdout: 
[INFO -- 2017-03-10 15:26:25]
shell stdout: 
[INFO -- 2017-03-10 15:26:25]
shell stdout: 
[INFO -- 2017-03-10 15:26:25]
shell stdout: 
[INFO -- 2017-03-10 15:26:26]
shell stdout: 
[INFO -- 2017-03-10 15:26:26]
shell stdout: 
[INFO -- 2017-03-10 15:26:26]
shell stdout: 
[INFO -- 2017-03-10 15:26:26]
shell stdout: 
[INFO -- 2017-03-10 15:26:26]
shell stdout: 
[INFO -- 2017-03-10 15:26:27]
shell stdout: 
[INFO -- 2017-03-10 15:26:27]
shell stdout: 
[INFO -- 2017-03-10 15:26:27]
shell stdout: 
[INFO -- 2017-03-10 15:26:28]
shell stdout: 
[INFO -- 2017-03-10 15:26:28]
shell stdout: 
[INFO -- 2017-03-10 15:26:28]
shell stdout: 
[INFO -- 2017-03-10 15:26:29]
shell stdout: 
[INFO -- 2017-03-10 15:26:29]
shell stdout: 
[INFO -- 2017-03-10 15:26:30]
shell stdout: 
[INFO -- 2017-03-10 15:28:24]
no gdbExecName running, out:
[INFO -- 2017-03-10 15:28:24]
checCmd:ps -e | grep -i gdb-mic
[INFO -- 2017-03-10 15:28:24]
finished now-timestampStart < maxWaitTime*5
[INFO -- 2017-03-10 15:28:24]
now: 1489177695
[INFO -- 2017-03-10 15:28:24]
timestampStart: 1489177534
[INFO -- 2017-03-10 15:28:24]
kill cmd: killall -9 gdb-mic
[INFO -- 2017-03-10 15:28:24]
shell stdout: 
[INFO -- 2017-03-10 15:28:25]
kill cmd: ssh -T mic0 killall -9 clamr_openmponly
[INFO -- 2017-03-10 15:28:25]
shell stdout: 
[INFO -- 2017-03-10 15:28:25]
kill cmd: ssh -T mic0 killall -9 gdbserver
[INFO -- 2017-03-10 15:28:25]
shell stdout: 
[INFO -- 2017-03-10 15:28:25]
kill cmd: ssh -T mic0 killall -9 sshd
[INFO -- 2017-03-10 15:28:25]
shell stdout: 
