2017-01-24 16:24:28:Starting flip_value script
2017-01-24 16:24:28:Initialization strings:
2017-01-24 16:24:28:(1) target extended-remote | ssh -T mic0 gdbserver --multi -
2017-01-24 16:24:28:(2) set sysroot /opt/mpss/3.7/sysroots/k1om-mpss-linux/
2017-01-24 16:24:28:(3) set sysroot /opt/mpss/3.7/sysroots/k1om-mpss-linux/
2017-01-24 16:24:28:(4) file /micNfs/gdb-fault-injection/injector/bin/lud/lud_check
2017-01-24 16:24:28:(5) set remote exec-file /micNfs/gdb-fault-injection/injector/bin/lud/lud_check
2017-01-24 16:24:28:(6) set args -s 2048 -n 228 -i /micNfs/gdb-fault-injection/injector/bin/lud/input_2048_th_228 -g /micNfs/gdb-fault-injection/injector/bin/lud/gold_2048_th_228
2017-01-24 16:24:28:initSignal:0
2017-01-24 16:24:28:endSignal:2
2017-01-24 16:24:28:seqSignal:30
2017-01-24 16:24:29:Trying Fault Injection
2017-01-24 16:24:29:Inferior PID: 9484
2017-01-24 16:24:29:Inferior is valid: True
2017-01-24 16:24:29:Inferior #threads: 122
2017-01-24 16:24:29:Backtrace BEGIN:
2017-01-24 16:24:29:#0  clone () at ../sysdeps/unix/sysv/linux/x86_64/clone.S:81
#1  0x00007ffff74312d0 in ?? () at pthread_create.c:237 from /opt/mpss/3.7/sysroots/k1om-mpss-linux/lib64/libpthread.so.0
#2  0x00007ffe217d7280 in ?? ()
#3  0x0000000000000000 in ?? ()

2017-01-24 16:24:29:76	in ../sysdeps/unix/sysv/linux/x86_64/clone.S

2017-01-24 16:24:29:Backtrace END
2017-01-24 16:24:31:Thread name: None
2017-01-24 16:24:31:Thread num: 1
2017-01-24 16:24:31:Thread ptid: (9484, 9484, 0)
2017-01-24 16:24:31:bitFlip function
2017-01-24 16:24:31:Type: The type is an array.
2017-01-24 16:24:31:Type sizeof: 12
2017-01-24 16:24:31:Fliping array at pos: 1
2017-01-24 16:24:31:bitFlip function
2017-01-24 16:24:31:Type: The type is an integer type.
2017-01-24 16:24:31:Type sizeof: 4
2017-01-24 16:24:31:Mem contents(hex):0x020x000x000x00
2017-01-24 16:24:31:base address to flip value: 0x7ffff743c2f4 
2017-01-24 16:24:31:address max offset: 4
2017-01-24 16:24:31:Memory content before bitflip:0x020x000x000x00
2017-01-24 16:24:31:Memory content after  bitflip:0x020x000x100x00
2017-01-24 16:24:31:Mem contents(hex):0x020x000x100x00
2017-01-24 16:24:31:frame name: __pthread_create_2_1
2017-01-24 16:24:31:symbol name: _thread_db_td_thr_events_t_event_bits
2017-01-24 16:24:31:symbol filename: ../nptl_db/structs.def
2017-01-24 16:24:31:symbol line: 45
2017-01-24 16:24:31:value: {32, 1048578, 0}
2017-01-24 16:24:31:value address: 0x7ffff743c2f0 <_thread_db_td_thr_events_t_event_bits>
2017-01-24 16:24:31:Type: The type is an array.
2017-01-24 16:24:31:Type sizeof: 12
2017-01-24 16:24:31:Field name: None
2017-01-24 16:24:31:Field Type:
2017-01-24 16:24:31:Type: A range type, that is, an integer type with bounds.
2017-01-24 16:24:31:Type sizeof: 8
2017-01-24 16:24:31:Type range: (0L, 2L)
2017-01-24 16:24:31:Fault Injection Successful after 3.17557406425s
2017-01-24 16:24:31:Fault Already Injected
2017-01-24 16:24:31:Fault Already Injected
2017-01-24 16:24:31:Fault Already Injected
2017-01-24 16:24:31:Fault Already Injected
2017-01-24 16:24:31:Fault Already Injected
2017-01-24 16:24:31:Fault Already Injected
2017-01-24 16:24:32:Fault Already Injected
2017-01-24 16:24:32:Fault Already Injected
2017-01-24 16:24:32:Fault Already Injected
2017-01-24 16:24:33:Fault Already Injected
2017-01-24 16:24:33:Fault Already Injected
2017-01-24 16:24:33:Fault Already Injected
2017-01-24 16:24:34:Fault Already Injected
2017-01-24 16:24:34:Fault Already Injected
2017-01-24 16:24:35:Fault Already Injected
2017-01-24 16:24:35:Fault Already Injected
2017-01-24 16:24:35:Fault Already Injected
2017-01-24 16:24:35:Fault Already Injected
2017-01-24 16:24:36:Fault Already Injected
2017-01-24 16:24:36:Fault Already Injected
2017-01-24 16:24:36:Fault Already Injected
2017-01-24 16:24:36:Fault Already Injected
2017-01-24 16:24:37:Fault Already Injected
2017-01-24 16:24:37:Fault Already Injected
2017-01-24 16:24:38:Fault Already Injected
2017-01-24 16:24:38:Fault Already Injected
2017-01-24 16:24:38:Fault Already Injected
2017-01-24 16:24:38:Fault Already Injected
2017-01-24 16:24:38:Fault Already Injected
2017-01-24 16:24:39:Fault Already Injected
2017-01-24 16:24:39:Fault Already Injected
2017-01-24 16:24:39:Fault Already Injected
2017-01-24 16:24:40:Fault Already Injected
2017-01-24 16:24:40:Fault Already Injected
2017-01-24 16:24:40:Fault Already Injected
2017-01-24 16:24:40:Fault Already Injected
2017-01-24 16:24:41:Fault Already Injected
2017-01-24 16:24:41:Fault Already Injected
2017-01-24 16:24:41:Fault Already Injected
2017-01-24 16:24:41:Fault Already Injected
2017-01-24 16:24:42:Fault Already Injected
2017-01-24 16:24:42:Fault Already Injected
2017-01-24 16:24:42:Fault Already Injected
2017-01-24 16:24:42:Fault Already Injected
2017-01-24 16:24:42:event type: exit
2017-01-24 16:24:42:exit code: 0
