[INFO -- 2017-03-02 04:39:31]
Starting GDB script
[INFO -- 2017-03-02 04:39:31]
initSignal:12.0
[INFO -- 2017-03-02 04:39:31]
endSignal:17.0
[INFO -- 2017-03-02 04:39:31]
seqSignal:30
[INFO -- 2017-03-02 04:39:45]
sending 30 signals using command: 'ssh -T mic0 killall -2 needle_check' after 13.9305394373s
[INFO -- 2017-03-02 04:39:46]
shell stdout: 
[INFO -- 2017-03-02 04:39:46]
shell stdout: 
[INFO -- 2017-03-02 04:39:46]
sending 30 signals using command: 'ssh -T mic0 killall -2 needle_check' after 14.9657605645s
[INFO -- 2017-03-02 04:39:46]
shell stdout: 
[INFO -- 2017-03-02 04:39:47]
shell stdout: 
[INFO -- 2017-03-02 04:39:47]
shell stdout: 
[INFO -- 2017-03-02 04:39:47]
sending 30 signals using command: 'ssh -T mic0 killall -2 needle_check' after 15.6493058633s
[INFO -- 2017-03-02 04:39:47]
shell stdout: 
[INFO -- 2017-03-02 04:39:47]
shell stdout: 
[INFO -- 2017-03-02 04:39:47]
shell stdout: 
[INFO -- 2017-03-02 04:39:47]
shell stdout: 
[INFO -- 2017-03-02 04:39:48]
shell stdout: 
[INFO -- 2017-03-02 04:39:48]
shell stdout: 
[INFO -- 2017-03-02 04:39:48]
shell stdout: 
[INFO -- 2017-03-02 04:39:48]
shell stdout: 
[INFO -- 2017-03-02 04:39:48]
shell stdout: 
[INFO -- 2017-03-02 04:39:48]
shell stdout: 
[INFO -- 2017-03-02 04:39:48]
shell stdout: 
[INFO -- 2017-03-02 04:39:49]
shell stdout: 
[INFO -- 2017-03-02 04:39:49]
shell stdout: 
[INFO -- 2017-03-02 04:39:49]
shell stdout: 
[INFO -- 2017-03-02 04:39:49]
shell stdout: 
[INFO -- 2017-03-02 04:39:49]
shell stdout: 
[INFO -- 2017-03-02 04:39:49]
shell stdout: 
[INFO -- 2017-03-02 04:39:49]
shell stdout: 
[INFO -- 2017-03-02 04:39:49]
shell stdout: 
[INFO -- 2017-03-02 04:39:50]
shell stdout: 
[INFO -- 2017-03-02 04:39:50]
shell stdout: 
[INFO -- 2017-03-02 04:39:50]
shell stdout: 
[INFO -- 2017-03-02 04:39:50]
shell stdout: 
[INFO -- 2017-03-02 04:39:50]
shell stdout: 
[INFO -- 2017-03-02 04:39:50]
shell stdout: 
[INFO -- 2017-03-02 04:39:50]
shell stdout: 
[INFO -- 2017-03-02 04:39:51]
shell stdout: 
[INFO -- 2017-03-02 04:39:51]
shell stdout: 
[INFO -- 2017-03-02 04:39:51]
shell stdout: 
[INFO -- 2017-03-02 04:39:51]
shell stdout: 
[INFO -- 2017-03-02 04:39:51]
shell stdout: 
[INFO -- 2017-03-02 04:39:51]
shell stdout: 
[INFO -- 2017-03-02 04:39:51]
shell stdout: 
[INFO -- 2017-03-02 04:39:52]
shell stdout: 
[INFO -- 2017-03-02 04:39:52]
shell stdout: 
[INFO -- 2017-03-02 04:39:52]
shell stdout: 
[INFO -- 2017-03-02 04:39:52]
shell stdout: 
[INFO -- 2017-03-02 04:39:52]
shell stdout: 
[INFO -- 2017-03-02 04:39:52]
shell stdout: 
[INFO -- 2017-03-02 04:39:52]
shell stdout: 
[INFO -- 2017-03-02 04:39:52]
shell stdout: 
[INFO -- 2017-03-02 04:39:53]
shell stdout: 
[INFO -- 2017-03-02 04:39:53]
shell stdout: 
[INFO -- 2017-03-02 04:39:53]
shell stdout: 
[INFO -- 2017-03-02 04:39:53]
shell stdout: 
[INFO -- 2017-03-02 04:39:53]
shell stdout: 
[INFO -- 2017-03-02 04:39:53]
shell stdout: 
[INFO -- 2017-03-02 04:39:53]
shell stdout: 
[INFO -- 2017-03-02 04:39:54]
shell stdout: 
[INFO -- 2017-03-02 04:39:54]
shell stdout: 
[INFO -- 2017-03-02 04:39:54]
shell stdout: 
[INFO -- 2017-03-02 04:39:54]
shell stdout: 
[INFO -- 2017-03-02 04:39:54]
shell stdout: 
[INFO -- 2017-03-02 04:39:54]
shell stdout: 
[INFO -- 2017-03-02 04:39:54]
shell stdout: 
[INFO -- 2017-03-02 04:39:55]
shell stdout: 
[INFO -- 2017-03-02 04:39:55]
shell stdout: 
[INFO -- 2017-03-02 04:39:55]
shell stdout: 
[INFO -- 2017-03-02 04:39:55]
shell stdout: 
[INFO -- 2017-03-02 04:39:55]
shell stdout: 
[INFO -- 2017-03-02 04:39:55]
shell stdout: 
[INFO -- 2017-03-02 04:39:55]
shell stdout: 
[INFO -- 2017-03-02 04:39:55]
shell stdout: 
[INFO -- 2017-03-02 04:39:56]
shell stdout: 
[INFO -- 2017-03-02 04:39:56]
shell stdout: 
[INFO -- 2017-03-02 04:39:56]
shell stdout: 
[INFO -- 2017-03-02 04:39:56]
shell stdout: 
[INFO -- 2017-03-02 04:39:56]
shell stdout: 
[INFO -- 2017-03-02 04:39:56]
shell stdout: 
[INFO -- 2017-03-02 04:39:56]
shell stdout: 
[INFO -- 2017-03-02 04:39:57]
shell stdout: 
[INFO -- 2017-03-02 04:39:57]
shell stdout: 
[INFO -- 2017-03-02 04:39:57]
shell stdout: 
[INFO -- 2017-03-02 04:39:57]
shell stdout: 
[INFO -- 2017-03-02 04:39:57]
shell stdout: 
[INFO -- 2017-03-02 04:39:57]
shell stdout: 
[INFO -- 2017-03-02 04:39:57]
shell stdout: 
[INFO -- 2017-03-02 04:39:57]
shell stdout: 
[INFO -- 2017-03-02 04:39:58]
shell stdout: 
[INFO -- 2017-03-02 04:39:58]
shell stdout: 
[INFO -- 2017-03-02 04:39:58]
shell stdout: 
[INFO -- 2017-03-02 04:39:58]
shell stdout: 
[INFO -- 2017-03-02 04:39:58]
shell stdout: 
[INFO -- 2017-03-02 04:39:59]
shell stdout: 
[INFO -- 2017-03-02 04:39:59]
shell stdout: 
[INFO -- 2017-03-02 04:40:16]
no gdbExecName running, out:
[INFO -- 2017-03-02 04:40:16]
checCmd:ps -e | grep -i gdb-mic
[INFO -- 2017-03-02 04:40:16]
finished now-timestampStart < maxWaitTime*5
[INFO -- 2017-03-02 04:40:16]
now: 1488447614
[INFO -- 2017-03-02 04:40:16]
timestampStart: 1488447571
[INFO -- 2017-03-02 04:40:16]
kill cmd: killall -9 gdb-mic
[INFO -- 2017-03-02 04:40:16]
shell stdout: 
[INFO -- 2017-03-02 04:40:17]
kill cmd: ssh -T mic0 killall -9 needle_check
[INFO -- 2017-03-02 04:40:17]
shell stdout: 
[INFO -- 2017-03-02 04:40:17]
kill cmd: ssh -T mic0 killall -9 gdbserver
[INFO -- 2017-03-02 04:40:17]
shell stdout: 
[INFO -- 2017-03-02 04:40:17]
kill cmd: ssh -T mic0 killall -9 sshd
[INFO -- 2017-03-02 04:40:17]
shell stdout: 
