2016-10-21 18:45:38:Starting GDB script
2016-10-21 18:45:39:sending signal using command: 'ssh -T mic0 killall -2 lavamd' after 0.19006526988s
2016-10-21 18:45:39:shell stdout: 
2016-10-21 18:45:39:sending signal using command: 'ssh -T mic0 killall -2 lavamd' after 0.921602804583s
2016-10-21 18:45:39:shell stdout: 
2016-10-21 18:45:40:sending signal using command: 'ssh -T mic0 killall -2 lavamd' after 1.27294998288s
2016-10-21 18:45:40:shell stdout: 
2016-10-21 18:45:40:sending signal using command: 'ssh -T mic0 killall -2 lavamd' after 1.52044772107s
2016-10-21 18:45:40:shell stdout: 
2016-10-21 18:45:40:sending signal using command: 'ssh -T mic0 killall -2 lavamd' after 1.72486154908s
2016-10-21 18:45:40:shell stdout: 
2016-10-21 18:45:42:sending signal using command: 'ssh -T mic0 killall -2 lavamd' after 2.61622400419s
2016-10-21 18:45:42:shell stdout: 
2016-10-21 18:45:44:sending signal using command: 'ssh -T mic0 killall -2 lavamd' after 4.5223450422s
2016-10-21 18:45:44:shell stdout: 
2016-10-21 18:45:44:sending signal using command: 'ssh -T mic0 killall -2 lavamd' after 4.96231138321s
2016-10-21 18:45:44:shell stdout: 
2016-10-21 18:45:46:sending signal using command: 'ssh -T mic0 killall -2 lavamd' after 6.71810873529s
2016-10-21 18:45:46:shell stdout: 
2016-10-21 18:45:47:sending signal using command: 'ssh -T mic0 killall -2 lavamd' after 8.25988697634s
2016-10-21 18:45:47:shell stdout: 
2016-10-21 18:45:54:no gdbExecName running, out:
2016-10-21 18:45:54:checCmd:ps -e | grep -i gdb-mic
2016-10-21 18:45:54:finished now-timestampStart < maxWaitTime*5
2016-10-21 18:45:54:now: 1477089953
2016-10-21 18:45:54:timestampStart: 1477089938
2016-10-21 18:45:54:kill cmd: killall -9 gdb-mic
2016-10-21 18:45:54:shell stdout: 
2016-10-21 18:45:55:kill cmd: ssh -T mic0 killall -9 lavamd
2016-10-21 18:45:55:shell stdout: 
2016-10-21 18:45:55:kill cmd: ssh -T mic0 killall -9 gdbserver
2016-10-21 18:45:55:shell stdout: 
2016-10-21 18:45:56:kill cmd: ssh -T mic0 killall -9 sshd
2016-10-21 18:45:56:shell stdout: 
