2016-11-01 06:40:24:Starting GDB script
2016-11-01 06:40:25:sending signal using command: 'ssh -T mic0 killall -2 lud_check' after 0.320988700366s
2016-11-01 06:40:25:shell stdout: 
2016-11-01 06:40:26:sending signal using command: 'ssh -T mic0 killall -2 lud_check' after 1.64265334172s
2016-11-01 06:40:26:shell stdout: 
2016-11-01 06:40:27:sending signal using command: 'ssh -T mic0 killall -2 lud_check' after 2.38084647741s
2016-11-01 06:40:27:shell stdout: 
2016-11-01 06:40:28:sending signal using command: 'ssh -T mic0 killall -2 lud_check' after 3.5667220796s
2016-11-01 06:40:28:shell stdout: 
2016-11-01 06:40:30:sending signal using command: 'ssh -T mic0 killall -2 lud_check' after 4.98477281613s
2016-11-01 06:40:30:shell stdout: 
2016-11-01 06:40:30:sending signal using command: 'ssh -T mic0 killall -2 lud_check' after 5.51606795299s
2016-11-01 06:40:30:shell stdout: 
2016-11-01 06:40:31:sending signal using command: 'ssh -T mic0 killall -2 lud_check' after 5.99051037143s
2016-11-01 06:40:31:shell stdout: 
2016-11-01 06:40:31:sending signal using command: 'ssh -T mic0 killall -2 lud_check' after 6.11858536896s
2016-11-01 06:40:31:shell stdout: 
2016-11-01 06:40:32:sending signal using command: 'ssh -T mic0 killall -2 lud_check' after 6.93486014203s
2016-11-01 06:40:32:shell stdout: 
2016-11-01 06:40:32:sending signal using command: 'ssh -T mic0 killall -2 lud_check' after 7.66681930816s
2016-11-01 06:40:32:shell stdout: 
2016-11-01 06:40:40:no gdbExecName running, out:
2016-11-01 06:40:40:checCmd:ps -e | grep -i gdb-mic
2016-11-01 06:40:40:finished now-timestampStart < maxWaitTime*5
2016-11-01 06:40:40:now: 1477996840
2016-11-01 06:40:40:timestampStart: 1477996824
2016-11-01 06:40:40:kill cmd: killall -9 gdb-mic
2016-11-01 06:40:40:shell stdout: 
2016-11-01 06:40:40:kill cmd: ssh -T mic0 killall -9 lud_check
2016-11-01 06:40:40:shell stdout: 
2016-11-01 06:40:41:kill cmd: ssh -T mic0 killall -9 gdbserver
2016-11-01 06:40:41:shell stdout: 
2016-11-01 06:40:41:kill cmd: ssh -T mic0 killall -9 sshd
2016-11-01 06:40:41:shell stdout: 
