2016-10-17 10:51:53:Starting GDB script
2016-10-17 10:51:54:sending signal using command: 'ssh -T mic0 killall -2 lavamd' after 0.798041703198s
2016-10-17 10:51:54:shell stdout: 
2016-10-17 10:51:55:sending signal using command: 'ssh -T mic0 killall -2 lavamd' after 1.12590199637s
2016-10-17 10:51:55:shell stdout: 
2016-10-17 10:51:58:sending signal using command: 'ssh -T mic0 killall -2 lavamd' after 3.04289204107s
2016-10-17 10:51:58:shell stdout: 
2016-10-17 10:51:58:sending signal using command: 'ssh -T mic0 killall -2 lavamd' after 3.64334842276s
2016-10-17 10:51:58:shell stdout: 
2016-10-17 10:51:58:sending signal using command: 'ssh -T mic0 killall -2 lavamd' after 4.31326329542s
2016-10-17 10:51:58:shell stdout: 
2016-10-17 10:52:00:sending signal using command: 'ssh -T mic0 killall -2 lavamd' after 5.38038890881s
2016-10-17 10:52:00:shell stdout: 
2016-10-17 10:52:00:sending signal using command: 'ssh -T mic0 killall -2 lavamd' after 6.51753783203s
2016-10-17 10:52:00:shell stdout: 
2016-10-17 10:52:01:sending signal using command: 'ssh -T mic0 killall -2 lavamd' after 6.80195378696s
2016-10-17 10:52:01:shell stdout: 
2016-10-17 10:52:02:sending signal using command: 'ssh -T mic0 killall -2 lavamd' after 8.01215570387s
2016-10-17 10:52:02:shell stdout: 
2016-10-17 10:52:03:sending signal using command: 'ssh -T mic0 killall -2 lavamd' after 8.82603028736s
2016-10-17 10:52:03:shell stdout: 
2016-10-17 10:52:10:no gdbExecName running, out:
2016-10-17 10:52:10:checCmd:ps -e | grep -i gdb-mic
2016-10-17 10:52:10:finished now-timestampStart < maxWaitTime*5
2016-10-17 10:52:10:now: 1476715929
2016-10-17 10:52:10:timestampStart: 1476715913
2016-10-17 10:52:10:kill cmd: killall -9 gdb-mic
2016-10-17 10:52:10:shell stdout: 
2016-10-17 10:52:11:kill cmd: ssh -T mic0 killall -9 lavamd
2016-10-17 10:52:11:shell stdout: 
2016-10-17 10:52:11:kill cmd: ssh -T mic0 killall -9 gdbserver
2016-10-17 10:52:11:shell stdout: 
2016-10-17 10:52:11:kill cmd: ssh -T mic0 killall -9 sshd
2016-10-17 10:52:11:shell stdout: 
