2016-10-19 19:09:27:Starting GDB script
2016-10-19 19:09:28:sending signal using command: 'ssh -T mic0 killall -2 hotspot_check' after 0.542547613671s
2016-10-19 19:09:28:shell stdout: 
2016-10-19 19:09:30:sending signal using command: 'ssh -T mic0 killall -2 hotspot_check' after 2.65875583155s
2016-10-19 19:09:30:shell stdout: 
2016-10-19 19:09:32:sending signal using command: 'ssh -T mic0 killall -2 hotspot_check' after 4.96861220576s
2016-10-19 19:09:32:shell stdout: 
2016-10-19 19:09:34:sending signal using command: 'ssh -T mic0 killall -2 hotspot_check' after 6.98436710827s
2016-10-19 19:09:34:shell stdout: 
2016-10-19 19:09:36:sending signal using command: 'ssh -T mic0 killall -2 hotspot_check' after 8.55188613654s
2016-10-19 19:09:36:shell stdout: 
2016-10-19 19:09:38:sending signal using command: 'ssh -T mic0 killall -2 hotspot_check' after 10.5341319237s
2016-10-19 19:09:38:shell stdout: 
2016-10-19 19:09:38:sending signal using command: 'ssh -T mic0 killall -2 hotspot_check' after 11.2582660202s
2016-10-19 19:09:38:shell stdout: 
2016-10-19 19:09:39:sending signal using command: 'ssh -T mic0 killall -2 hotspot_check' after 12.0591562855s
2016-10-19 19:09:39:shell stdout: 
2016-10-19 19:09:40:sending signal using command: 'ssh -T mic0 killall -2 hotspot_check' after 12.8144007064s
2016-10-19 19:09:40:shell stdout: 
2016-10-19 19:09:41:sending signal using command: 'ssh -T mic0 killall -2 hotspot_check' after 13.9844426734s
2016-10-19 19:09:41:shell stdout: 
2016-10-19 19:09:48:no gdbExecName running, out:
2016-10-19 19:09:48:checCmd:ps -e | grep -i gdb-mic
2016-10-19 19:09:48:finished now-timestampStart < maxWaitTime*5
2016-10-19 19:09:48:now: 1476918587
2016-10-19 19:09:48:timestampStart: 1476918567
2016-10-19 19:09:48:kill cmd: killall -9 gdb-mic
2016-10-19 19:09:48:shell stdout: 
2016-10-19 19:09:48:kill cmd: ssh -T mic0 killall -9 hotspot_check
2016-10-19 19:09:48:shell stdout: 
2016-10-19 19:09:49:kill cmd: ssh -T mic0 killall -9 gdbserver
2016-10-19 19:09:49:shell stdout: 
