[INFO -- 2017-03-22 15:09:14]
Starting GDB script
[INFO -- 2017-03-22 15:09:14]
initSignal:12.0
[INFO -- 2017-03-22 15:09:14]
endSignal:17.0
[INFO -- 2017-03-22 15:09:14]
seqSignal:30
[INFO -- 2017-03-22 15:09:27]
sending 30 signals using command: 'ssh -T mic0 killall -2 needle_check' after 13.0494748754s
[INFO -- 2017-03-22 15:09:28]
shell stdout: 
[INFO -- 2017-03-22 15:09:28]
shell stdout: 
[INFO -- 2017-03-22 15:09:28]
shell stdout: 
[INFO -- 2017-03-22 15:09:29]
shell stdout: 
[INFO -- 2017-03-22 15:09:29]
sending 30 signals using command: 'ssh -T mic0 killall -2 needle_check' after 14.8437942774s
[INFO -- 2017-03-22 15:09:29]
shell stdout: 
[INFO -- 2017-03-22 15:09:29]
shell stdout: 
[INFO -- 2017-03-22 15:09:30]
shell stdout: 
[INFO -- 2017-03-22 15:09:30]
shell stdout: 
[INFO -- 2017-03-22 15:09:30]
sending 30 signals using command: 'ssh -T mic0 killall -2 needle_check' after 15.7854469687s
[INFO -- 2017-03-22 15:09:30]
shell stdout: 
[INFO -- 2017-03-22 15:09:30]
shell stdout: 
[INFO -- 2017-03-22 15:09:30]
shell stdout: 
[INFO -- 2017-03-22 15:09:30]
shell stdout: 
[INFO -- 2017-03-22 15:09:31]
shell stdout: 
[INFO -- 2017-03-22 15:09:31]
shell stdout: 
[INFO -- 2017-03-22 15:09:31]
shell stdout: 
[INFO -- 2017-03-22 15:09:31]
shell stdout: 
[INFO -- 2017-03-22 15:09:31]
shell stdout: 
[INFO -- 2017-03-22 15:09:31]
shell stdout: 
[INFO -- 2017-03-22 15:09:31]
shell stdout: 
[INFO -- 2017-03-22 15:09:32]
shell stdout: 
[INFO -- 2017-03-22 15:09:32]
shell stdout: 
[INFO -- 2017-03-22 15:09:32]
shell stdout: 
[INFO -- 2017-03-22 15:09:32]
shell stdout: 
[INFO -- 2017-03-22 15:09:32]
shell stdout: 
[INFO -- 2017-03-22 15:09:32]
shell stdout: 
[INFO -- 2017-03-22 15:09:32]
shell stdout: 
[INFO -- 2017-03-22 15:09:33]
shell stdout: 
[INFO -- 2017-03-22 15:09:33]
shell stdout: 
[INFO -- 2017-03-22 15:09:33]
shell stdout: 
[INFO -- 2017-03-22 15:09:33]
shell stdout: 
[INFO -- 2017-03-22 15:09:33]
shell stdout: 
[INFO -- 2017-03-22 15:09:33]
shell stdout: 
[INFO -- 2017-03-22 15:09:33]
shell stdout: 
[INFO -- 2017-03-22 15:09:33]
shell stdout: 
[INFO -- 2017-03-22 15:09:34]
shell stdout: 
[INFO -- 2017-03-22 15:09:34]
shell stdout: 
[INFO -- 2017-03-22 15:09:34]
shell stdout: 
[INFO -- 2017-03-22 15:09:34]
shell stdout: 
[INFO -- 2017-03-22 15:09:34]
shell stdout: 
[INFO -- 2017-03-22 15:09:34]
shell stdout: 
[INFO -- 2017-03-22 15:09:34]
shell stdout: 
[INFO -- 2017-03-22 15:09:35]
shell stdout: 
[INFO -- 2017-03-22 15:09:35]
shell stdout: 
[INFO -- 2017-03-22 15:09:35]
shell stdout: 
[INFO -- 2017-03-22 15:09:35]
shell stdout: 
[INFO -- 2017-03-22 15:09:35]
shell stdout: 
[INFO -- 2017-03-22 15:09:35]
shell stdout: 
[INFO -- 2017-03-22 15:09:35]
shell stdout: 
[INFO -- 2017-03-22 15:09:36]
shell stdout: 
[INFO -- 2017-03-22 15:09:36]
shell stdout: 
[INFO -- 2017-03-22 15:09:36]
shell stdout: 
[INFO -- 2017-03-22 15:09:36]
shell stdout: 
[INFO -- 2017-03-22 15:09:36]
shell stdout: 
[INFO -- 2017-03-22 15:09:36]
shell stdout: 
[INFO -- 2017-03-22 15:09:36]
shell stdout: 
[INFO -- 2017-03-22 15:09:36]
shell stdout: 
[INFO -- 2017-03-22 15:09:37]
shell stdout: 
[INFO -- 2017-03-22 15:09:37]
shell stdout: 
[INFO -- 2017-03-22 15:09:37]
shell stdout: 
[INFO -- 2017-03-22 15:09:37]
shell stdout: 
[INFO -- 2017-03-22 15:09:37]
shell stdout: 
[INFO -- 2017-03-22 15:09:37]
shell stdout: 
[INFO -- 2017-03-22 15:09:37]
shell stdout: 
[INFO -- 2017-03-22 15:09:38]
shell stdout: 
[INFO -- 2017-03-22 15:09:38]
shell stdout: 
[INFO -- 2017-03-22 15:09:38]
shell stdout: 
[INFO -- 2017-03-22 15:09:38]
shell stdout: 
[INFO -- 2017-03-22 15:09:38]
shell stdout: 
[INFO -- 2017-03-22 15:09:38]
shell stdout: 
[INFO -- 2017-03-22 15:09:38]
shell stdout: 
[INFO -- 2017-03-22 15:09:39]
shell stdout: 
[INFO -- 2017-03-22 15:09:39]
shell stdout: 
[INFO -- 2017-03-22 15:09:39]
shell stdout: 
[INFO -- 2017-03-22 15:09:39]
shell stdout: 
[INFO -- 2017-03-22 15:09:39]
shell stdout: 
[INFO -- 2017-03-22 15:09:39]
shell stdout: 
[INFO -- 2017-03-22 15:09:39]
shell stdout: 
[INFO -- 2017-03-22 15:09:40]
shell stdout: 
[INFO -- 2017-03-22 15:09:40]
shell stdout: 
[INFO -- 2017-03-22 15:09:40]
shell stdout: 
[INFO -- 2017-03-22 15:09:40]
shell stdout: 
[INFO -- 2017-03-22 15:09:40]
shell stdout: 
[INFO -- 2017-03-22 15:09:41]
shell stdout: 
[INFO -- 2017-03-22 15:09:41]
shell stdout: 
[INFO -- 2017-03-22 15:09:41]
shell stdout: 
[INFO -- 2017-03-22 15:09:41]
shell stdout: 
[INFO -- 2017-03-22 15:09:41]
shell stdout: 
[INFO -- 2017-03-22 15:09:41]
shell stdout: 
[INFO -- 2017-03-22 15:09:42]
shell stdout: 
[INFO -- 2017-03-22 15:09:42]
shell stdout: 
[INFO -- 2017-03-22 15:09:59]
no gdbExecName running, out:
[INFO -- 2017-03-22 15:09:59]
checCmd:ps -e | grep -i gdb-mic
[INFO -- 2017-03-22 15:09:59]
finished now-timestampStart < maxWaitTime*5
[INFO -- 2017-03-22 15:09:59]
now: 1490209797
[INFO -- 2017-03-22 15:09:59]
timestampStart: 1490209754
[INFO -- 2017-03-22 15:09:59]
kill cmd: killall -9 gdb-mic
[INFO -- 2017-03-22 15:09:59]
shell stdout: 
[INFO -- 2017-03-22 15:10:00]
kill cmd: ssh -T mic0 killall -9 needle_check
[INFO -- 2017-03-22 15:10:00]
shell stdout: 
[INFO -- 2017-03-22 15:10:00]
kill cmd: ssh -T mic0 killall -9 gdbserver
[INFO -- 2017-03-22 15:10:00]
shell stdout: 
[INFO -- 2017-03-22 15:10:00]
kill cmd: ssh -T mic0 killall -9 sshd
[INFO -- 2017-03-22 15:10:00]
shell stdout: 
