[INFO -- 2017-03-14 09:17:58]
Starting GDB script
[INFO -- 2017-03-14 09:17:58]
initSignal:30.0
[INFO -- 2017-03-14 09:17:58]
endSignal:35.0
[INFO -- 2017-03-14 09:17:58]
seqSignal:20
[INFO -- 2017-03-14 09:18:28]
sending 20 signals using command: 'ssh -T mic0 killall -2 clamr_openmponly' after 30.017059675s
[INFO -- 2017-03-14 09:18:29]
shell stdout: 
[INFO -- 2017-03-14 09:18:29]
shell stdout: 
[INFO -- 2017-03-14 09:18:30]
shell stdout: 
[INFO -- 2017-03-14 09:18:30]
shell stdout: 
[INFO -- 2017-03-14 09:18:30]
shell stdout: 
[INFO -- 2017-03-14 09:18:31]
shell stdout: 
[INFO -- 2017-03-14 09:18:31]
shell stdout: 
[INFO -- 2017-03-14 09:18:32]
shell stdout: 
[INFO -- 2017-03-14 09:18:32]
shell stdout: 
[INFO -- 2017-03-14 09:18:32]
sending 20 signals using command: 'ssh -T mic0 killall -2 clamr_openmponly' after 34.2618296032s
[INFO -- 2017-03-14 09:18:32]
shell stdout: 
[INFO -- 2017-03-14 09:18:33]
shell stdout: 
[INFO -- 2017-03-14 09:18:33]
shell stdout: 
[INFO -- 2017-03-14 09:18:33]
shell stdout: 
[INFO -- 2017-03-14 09:18:33]
shell stdout: 
[INFO -- 2017-03-14 09:18:34]
shell stdout: 
[INFO -- 2017-03-14 09:18:34]
shell stdout: 
[INFO -- 2017-03-14 09:18:34]
shell stdout: 
[INFO -- 2017-03-14 09:18:34]
shell stdout: 
[INFO -- 2017-03-14 09:18:34]
shell stdout: 
[INFO -- 2017-03-14 09:18:35]
shell stdout: 
[INFO -- 2017-03-14 09:18:35]
shell stdout: 
[INFO -- 2017-03-14 09:18:35]
shell stdout: 
[INFO -- 2017-03-14 09:18:35]
shell stdout: 
[INFO -- 2017-03-14 09:18:35]
shell stdout: 
[INFO -- 2017-03-14 09:18:36]
shell stdout: 
[INFO -- 2017-03-14 09:18:36]
shell stdout: 
[INFO -- 2017-03-14 09:18:36]
shell stdout: 
[INFO -- 2017-03-14 09:18:36]
shell stdout: 
[INFO -- 2017-03-14 09:18:36]
shell stdout: 
[INFO -- 2017-03-14 09:18:37]
shell stdout: 
[INFO -- 2017-03-14 09:18:37]
shell stdout: 
[INFO -- 2017-03-14 09:18:37]
shell stdout: 
[INFO -- 2017-03-14 09:18:38]
shell stdout: 
[INFO -- 2017-03-14 09:18:38]
shell stdout: 
[INFO -- 2017-03-14 09:18:39]
shell stdout: 
[INFO -- 2017-03-14 09:18:39]
shell stdout: 
[INFO -- 2017-03-14 09:18:40]
shell stdout: 
[INFO -- 2017-03-14 09:18:40]
shell stdout: 
[INFO -- 2017-03-14 09:18:41]
shell stdout: 
[INFO -- 2017-03-14 09:18:42]
shell stdout: 
[INFO -- 2017-03-14 09:22:17]
no gdbExecName running, out:
[INFO -- 2017-03-14 09:22:17]
checCmd:ps -e | grep -i gdb-mic
[INFO -- 2017-03-14 09:22:17]
finished now-timestampStart < maxWaitTime*5
[INFO -- 2017-03-14 09:22:17]
now: 1489497728
[INFO -- 2017-03-14 09:22:17]
timestampStart: 1489497478
[INFO -- 2017-03-14 09:22:17]
kill cmd: killall -9 gdb-mic
[INFO -- 2017-03-14 09:22:17]
shell stdout: 
[INFO -- 2017-03-14 09:22:18]
kill cmd: ssh -T mic0 killall -9 clamr_openmponly
[INFO -- 2017-03-14 09:22:18]
shell stdout: 
[INFO -- 2017-03-14 09:22:18]
kill cmd: ssh -T mic0 killall -9 gdbserver
[INFO -- 2017-03-14 09:22:18]
shell stdout: 
[INFO -- 2017-03-14 09:22:18]
kill cmd: ssh -T mic0 killall -9 sshd
[INFO -- 2017-03-14 09:22:18]
shell stdout: 
