[INFO -- 2017-03-01 10:36:29]
Starting GDB script
[INFO -- 2017-03-01 10:36:29]
initSignal:28.0
[INFO -- 2017-03-01 10:36:29]
endSignal:28.0
[INFO -- 2017-03-01 10:36:29]
seqSignal:15
[INFO -- 2017-03-01 10:36:57]
sending 15 signals using command: 'ssh -T mic1 killall -2 dgemm_check' after 28.0s
[INFO -- 2017-03-01 10:36:57]
sending 15 signals using command: 'ssh -T mic1 killall -2 dgemm_check' after 28.0s
[INFO -- 2017-03-01 10:36:57]
sending 15 signals using command: 'ssh -T mic1 killall -2 dgemm_check' after 28.0s
[INFO -- 2017-03-01 10:36:58]
shell stdout: 
[INFO -- 2017-03-01 10:36:58]
shell stdout: 
[INFO -- 2017-03-01 10:36:58]
shell stdout: 
[INFO -- 2017-03-01 10:36:58]
shell stdout: 
[INFO -- 2017-03-01 10:36:58]
shell stdout: 
[INFO -- 2017-03-01 10:36:58]
shell stdout: 
[INFO -- 2017-03-01 10:36:59]
shell stdout: 
[INFO -- 2017-03-01 10:36:59]
shell stdout: 
[INFO -- 2017-03-01 10:36:59]
shell stdout: 
[INFO -- 2017-03-01 10:36:59]
shell stdout: 
[INFO -- 2017-03-01 10:36:59]
shell stdout: 
[INFO -- 2017-03-01 10:36:59]
shell stdout: 
[INFO -- 2017-03-01 10:37:00]
shell stdout: 
[INFO -- 2017-03-01 10:37:00]
shell stdout: 
[INFO -- 2017-03-01 10:37:00]
shell stdout: 
[INFO -- 2017-03-01 10:37:00]
shell stdout: 
[INFO -- 2017-03-01 10:37:00]
shell stdout: 
[INFO -- 2017-03-01 10:37:00]
shell stdout: 
[INFO -- 2017-03-01 10:37:01]
shell stdout: 
[INFO -- 2017-03-01 10:37:01]
shell stdout: 
[INFO -- 2017-03-01 10:37:01]
shell stdout: 
[INFO -- 2017-03-01 10:37:01]
shell stdout: 
[INFO -- 2017-03-01 10:37:01]
shell stdout: 
[INFO -- 2017-03-01 10:37:01]
shell stdout: 
[INFO -- 2017-03-01 10:37:01]
shell stdout: 
[INFO -- 2017-03-01 10:37:01]
shell stdout: 
[INFO -- 2017-03-01 10:37:02]
shell stdout: 
[INFO -- 2017-03-01 10:37:02]
shell stdout: 
[INFO -- 2017-03-01 10:37:02]
shell stdout: 
[INFO -- 2017-03-01 10:37:02]
shell stdout: 
[INFO -- 2017-03-01 10:37:02]
shell stdout: 
[INFO -- 2017-03-01 10:37:02]
shell stdout: 
[INFO -- 2017-03-01 10:37:02]
shell stdout: 
[INFO -- 2017-03-01 10:37:03]
shell stdout: 
[INFO -- 2017-03-01 10:37:03]
shell stdout: 
[INFO -- 2017-03-01 10:37:03]
shell stdout: 
[INFO -- 2017-03-01 10:37:03]
shell stdout: 
[INFO -- 2017-03-01 10:37:03]
shell stdout: 
[INFO -- 2017-03-01 10:37:03]
shell stdout: 
[INFO -- 2017-03-01 10:37:04]
shell stdout: 
[INFO -- 2017-03-01 10:37:04]
shell stdout: 
[INFO -- 2017-03-01 10:37:04]
shell stdout: 
[INFO -- 2017-03-01 10:37:04]
shell stdout: 
[INFO -- 2017-03-01 10:37:04]
shell stdout: 
[INFO -- 2017-03-01 10:37:04]
shell stdout: 
[INFO -- 2017-03-01 10:37:40]
no gdbExecName running, out:
[INFO -- 2017-03-01 10:37:40]
checCmd:ps -e | grep -i gdb-mic
[INFO -- 2017-03-01 10:37:40]
finished now-timestampStart < maxWaitTime*5
[INFO -- 2017-03-01 10:37:40]
now: 1488382651
[INFO -- 2017-03-01 10:37:40]
timestampStart: 1488382589
[INFO -- 2017-03-01 10:37:40]
kill cmd: killall -9 gdb-mic
[INFO -- 2017-03-01 10:37:40]
shell stdout: 
[INFO -- 2017-03-01 10:37:40]
kill cmd: ssh -T mic1 killall -9 dgemm_check
[INFO -- 2017-03-01 10:37:40]
shell stdout: 
[INFO -- 2017-03-01 10:37:41]
kill cmd: ssh -T mic1 killall -9 gdbserver
[INFO -- 2017-03-01 10:37:41]
shell stdout: 
[INFO -- 2017-03-01 10:37:41]
kill cmd: ssh -T mic1 killall -9 sshd
[INFO -- 2017-03-01 10:37:41]
shell stdout: 
