[INFO -- 2017-03-28 05:55:50]
Starting GDB script
[INFO -- 2017-03-28 05:55:50]
initSignal:0.0
[INFO -- 2017-03-28 05:55:50]
endSignal:3.0
[INFO -- 2017-03-28 05:55:50]
seqSignal:30
[INFO -- 2017-03-28 05:55:51]
sending 30 signals using command: 'ssh -T mic0 killall -2 lavamd_check' after 0.844029010534s
[INFO -- 2017-03-28 05:55:51]
sending 30 signals using command: 'ssh -T mic0 killall -2 lavamd_check' after 1.11601222384s
[INFO -- 2017-03-28 05:55:51]
shell stdout: 
[INFO -- 2017-03-28 05:55:51]
shell stdout: 
[INFO -- 2017-03-28 05:55:51]
shell stdout: 
[INFO -- 2017-03-28 05:55:52]
shell stdout: 
[INFO -- 2017-03-28 05:55:52]
shell stdout: 
[INFO -- 2017-03-28 05:55:52]
shell stdout: 
[INFO -- 2017-03-28 05:55:52]
shell stdout: 
[INFO -- 2017-03-28 05:55:53]
sending 30 signals using command: 'ssh -T mic0 killall -2 lavamd_check' after 2.99438207492s
[INFO -- 2017-03-28 05:55:53]
shell stdout: 
[INFO -- 2017-03-28 05:55:53]
shell stdout: 
[INFO -- 2017-03-28 05:55:54]
shell stdout: 
[INFO -- 2017-03-28 05:55:54]
shell stdout: 
[INFO -- 2017-03-28 05:55:54]
shell stdout: 
[INFO -- 2017-03-28 05:55:55]
shell stdout: 
[INFO -- 2017-03-28 05:55:55]
shell stdout: 
[INFO -- 2017-03-28 05:55:55]
shell stdout: 
[INFO -- 2017-03-28 05:55:55]
shell stdout: 
[INFO -- 2017-03-28 05:55:56]
shell stdout: 
[INFO -- 2017-03-28 05:55:56]
shell stdout: 
[INFO -- 2017-03-28 05:55:56]
shell stdout: 
[INFO -- 2017-03-28 05:55:56]
shell stdout: 
[INFO -- 2017-03-28 05:55:56]
shell stdout: 
[INFO -- 2017-03-28 05:55:57]
shell stdout: 
[INFO -- 2017-03-28 05:55:57]
shell stdout: 
[INFO -- 2017-03-28 05:55:57]
shell stdout: 
[INFO -- 2017-03-28 05:55:58]
shell stdout: 
[INFO -- 2017-03-28 05:55:58]
shell stdout: 
[INFO -- 2017-03-28 05:55:58]
shell stdout: 
[INFO -- 2017-03-28 05:55:59]
shell stdout: 
[INFO -- 2017-03-28 05:55:59]
shell stdout: 
[INFO -- 2017-03-28 05:55:59]
shell stdout: 
[INFO -- 2017-03-28 05:55:59]
shell stdout: 
[INFO -- 2017-03-28 05:55:59]
shell stdout: 
[INFO -- 2017-03-28 05:55:59]
shell stdout: 
[INFO -- 2017-03-28 05:56:00]
shell stdout: 
[INFO -- 2017-03-28 05:56:00]
shell stdout: 
[INFO -- 2017-03-28 05:56:00]
shell stdout: 
[INFO -- 2017-03-28 05:56:01]
shell stdout: 
[INFO -- 2017-03-28 05:56:01]
shell stdout: 
[INFO -- 2017-03-28 05:56:01]
shell stdout: 
[INFO -- 2017-03-28 05:56:01]
shell stdout: 
[INFO -- 2017-03-28 05:56:01]
shell stdout: 
[INFO -- 2017-03-28 05:56:01]
shell stdout: 
[INFO -- 2017-03-28 05:56:02]
shell stdout: 
[INFO -- 2017-03-28 05:56:02]
shell stdout: 
[INFO -- 2017-03-28 05:56:02]
shell stdout: 
[INFO -- 2017-03-28 05:56:02]
shell stdout: 
[INFO -- 2017-03-28 05:56:02]
shell stdout: 
[INFO -- 2017-03-28 05:56:02]
shell stdout: 
[INFO -- 2017-03-28 05:56:03]
shell stdout: 
[INFO -- 2017-03-28 05:56:03]
shell stdout: 
[INFO -- 2017-03-28 05:56:03]
shell stdout: 
[INFO -- 2017-03-28 05:56:03]
shell stdout: 
[INFO -- 2017-03-28 05:56:03]
shell stdout: 
[INFO -- 2017-03-28 05:56:04]
shell stdout: 
[INFO -- 2017-03-28 05:56:04]
shell stdout: 
[INFO -- 2017-03-28 05:56:04]
shell stdout: 
[INFO -- 2017-03-28 05:56:04]
shell stdout: 
[INFO -- 2017-03-28 05:56:04]
shell stdout: 
[INFO -- 2017-03-28 05:56:04]
shell stdout: 
[INFO -- 2017-03-28 05:56:04]
shell stdout: 
[INFO -- 2017-03-28 05:56:05]
shell stdout: 
[INFO -- 2017-03-28 05:56:05]
shell stdout: 
[INFO -- 2017-03-28 05:56:05]
shell stdout: 
[INFO -- 2017-03-28 05:56:05]
shell stdout: 
[INFO -- 2017-03-28 05:56:05]
shell stdout: 
[INFO -- 2017-03-28 05:56:05]
shell stdout: 
[INFO -- 2017-03-28 05:56:06]
shell stdout: 
[INFO -- 2017-03-28 05:56:06]
shell stdout: 
[INFO -- 2017-03-28 05:56:06]
shell stdout: 
[INFO -- 2017-03-28 05:56:06]
shell stdout: 
[INFO -- 2017-03-28 05:56:06]
shell stdout: 
[INFO -- 2017-03-28 05:56:06]
shell stdout: 
[INFO -- 2017-03-28 05:56:07]
shell stdout: 
[INFO -- 2017-03-28 05:56:07]
shell stdout: 
[INFO -- 2017-03-28 05:56:07]
shell stdout: 
[INFO -- 2017-03-28 05:56:07]
shell stdout: 
[INFO -- 2017-03-28 05:56:07]
shell stdout: 
[INFO -- 2017-03-28 05:56:07]
shell stdout: 
[INFO -- 2017-03-28 05:56:08]
shell stdout: 
[INFO -- 2017-03-28 05:56:08]
shell stdout: 
[INFO -- 2017-03-28 05:56:08]
shell stdout: 
[INFO -- 2017-03-28 05:56:08]
shell stdout: 
[INFO -- 2017-03-28 05:56:08]
shell stdout: 
[INFO -- 2017-03-28 05:56:08]
shell stdout: 
[INFO -- 2017-03-28 05:56:08]
shell stdout: 
[INFO -- 2017-03-28 05:56:09]
shell stdout: 
[INFO -- 2017-03-28 05:56:09]
shell stdout: 
[INFO -- 2017-03-28 05:56:09]
shell stdout: 
[INFO -- 2017-03-28 05:56:10]
shell stdout: 
[INFO -- 2017-03-28 05:56:10]
shell stdout: 
[INFO -- 2017-03-28 05:56:11]
no gdbExecName running, out:
[INFO -- 2017-03-28 05:56:11]
checCmd:ps -e | grep -i gdb-mic
[INFO -- 2017-03-28 05:56:11]
finished now-timestampStart < maxWaitTime*5
[INFO -- 2017-03-28 05:56:11]
now: 1490694970
[INFO -- 2017-03-28 05:56:11]
timestampStart: 1490694950
[INFO -- 2017-03-28 05:56:11]
kill cmd: killall -9 gdb-mic
[INFO -- 2017-03-28 05:56:11]
shell stdout: 
[INFO -- 2017-03-28 05:56:12]
kill cmd: ssh -T mic0 killall -9 lavamd_check
[INFO -- 2017-03-28 05:56:12]
shell stdout: 
[INFO -- 2017-03-28 05:56:12]
kill cmd: ssh -T mic0 killall -9 gdbserver
[INFO -- 2017-03-28 05:56:12]
shell stdout: 
[INFO -- 2017-03-28 05:56:13]
kill cmd: ssh -T mic0 killall -9 sshd
[INFO -- 2017-03-28 05:56:13]
shell stdout: 
