2017-01-10 08:04:31:Starting GDB script
2017-01-10 08:04:31:initSignal:12.0
2017-01-10 08:04:31:endSignal:17.0
2017-01-10 08:04:31:seqSignal:30
2017-01-10 08:04:44:sending 30 signals using command: 'ssh -T mic0 killall -2 needle_check' after 13.0478373885s
2017-01-10 08:04:44:sending 30 signals using command: 'ssh -T mic0 killall -2 needle_check' after 13.0980670355s
2017-01-10 08:04:45:shell stdout: 
2017-01-10 08:04:45:shell stdout: 
2017-01-10 08:04:45:shell stdout: 
2017-01-10 08:04:45:shell stdout: 
2017-01-10 08:04:45:shell stdout: 
2017-01-10 08:04:45:shell stdout: 
2017-01-10 08:04:46:shell stdout: 
2017-01-10 08:04:46:shell stdout: 
2017-01-10 08:04:46:shell stdout: 
2017-01-10 08:04:46:shell stdout: 
2017-01-10 08:04:47:sending 30 signals using command: 'ssh -T mic0 killall -2 needle_check' after 15.4248152841s
2017-01-10 08:04:47:shell stdout: 
2017-01-10 08:04:47:shell stdout: 
2017-01-10 08:04:47:shell stdout: 
2017-01-10 08:04:47:shell stdout: 
2017-01-10 08:04:47:shell stdout: 
2017-01-10 08:04:47:shell stdout: 
2017-01-10 08:04:47:shell stdout: 
2017-01-10 08:04:47:shell stdout: 
2017-01-10 08:04:48:shell stdout: 
2017-01-10 08:04:48:shell stdout: 
2017-01-10 08:04:48:shell stdout: 
2017-01-10 08:04:48:shell stdout: 
2017-01-10 08:04:48:shell stdout: 
2017-01-10 08:04:48:shell stdout: 
2017-01-10 08:04:49:shell stdout: 
2017-01-10 08:04:49:shell stdout: 
2017-01-10 08:04:49:shell stdout: 
2017-01-10 08:04:49:shell stdout: 
2017-01-10 08:04:49:shell stdout: 
2017-01-10 08:04:49:shell stdout: 
2017-01-10 08:04:49:shell stdout: 
2017-01-10 08:04:50:shell stdout: 
2017-01-10 08:04:50:shell stdout: 
2017-01-10 08:04:50:shell stdout: 
2017-01-10 08:04:50:shell stdout: 
2017-01-10 08:04:50:shell stdout: 
2017-01-10 08:04:50:shell stdout: 
2017-01-10 08:04:50:shell stdout: 
2017-01-10 08:04:50:shell stdout: 
2017-01-10 08:04:51:shell stdout: 
2017-01-10 08:04:51:shell stdout: 
2017-01-10 08:04:51:shell stdout: 
2017-01-10 08:04:51:shell stdout: 
2017-01-10 08:04:51:shell stdout: 
2017-01-10 08:04:51:shell stdout: 
2017-01-10 08:04:52:shell stdout: 
2017-01-10 08:04:52:shell stdout: 
2017-01-10 08:04:52:shell stdout: 
2017-01-10 08:04:52:shell stdout: 
2017-01-10 08:04:52:shell stdout: 
2017-01-10 08:04:52:shell stdout: 
2017-01-10 08:04:52:shell stdout: 
2017-01-10 08:04:52:shell stdout: 
2017-01-10 08:04:52:shell stdout: 
2017-01-10 08:04:53:shell stdout: 
2017-01-10 08:04:53:shell stdout: 
2017-01-10 08:04:53:shell stdout: 
2017-01-10 08:04:53:shell stdout: 
2017-01-10 08:04:53:shell stdout: 
2017-01-10 08:04:53:shell stdout: 
2017-01-10 08:04:54:shell stdout: 
2017-01-10 08:04:54:shell stdout: 
2017-01-10 08:04:54:shell stdout: 
2017-01-10 08:04:54:shell stdout: 
2017-01-10 08:04:54:shell stdout: 
2017-01-10 08:04:54:shell stdout: 
2017-01-10 08:04:54:shell stdout: 
2017-01-10 08:04:55:shell stdout: 
2017-01-10 08:04:55:shell stdout: 
2017-01-10 08:04:55:shell stdout: 
2017-01-10 08:04:55:shell stdout: 
2017-01-10 08:04:55:shell stdout: 
2017-01-10 08:04:55:shell stdout: 
2017-01-10 08:04:55:shell stdout: 
2017-01-10 08:04:55:shell stdout: 
2017-01-10 08:04:56:shell stdout: 
2017-01-10 08:04:56:shell stdout: 
2017-01-10 08:04:56:shell stdout: 
2017-01-10 08:04:56:shell stdout: 
2017-01-10 08:04:56:shell stdout: 
2017-01-10 08:04:56:shell stdout: 
2017-01-10 08:04:57:shell stdout: 
2017-01-10 08:04:57:shell stdout: 
2017-01-10 08:04:57:shell stdout: 
2017-01-10 08:04:57:shell stdout: 
2017-01-10 08:04:57:shell stdout: 
2017-01-10 08:04:58:shell stdout: 
2017-01-10 08:04:58:shell stdout: 
2017-01-10 08:04:58:shell stdout: 
2017-01-10 08:04:59:shell stdout: 
2017-01-10 08:05:56:finished due now-timestampStart > maxWaitTime*5
2017-01-10 08:05:56:now: 1484053556
2017-01-10 08:05:56:timestampStart: 1484053471
2017-01-10 08:05:56:kill cmd: killall -9 gdb-mic
2017-01-10 08:05:56:shell stdout: 
2017-01-10 08:05:57:kill cmd: ssh -T mic0 killall -9 needle_check
2017-01-10 08:05:57:shell stdout: 
2017-01-10 08:05:57:kill cmd: ssh -T mic0 killall -9 gdbserver
2017-01-10 08:05:57:shell stdout: 
2017-01-10 08:05:58:kill cmd: ssh -T mic0 killall -9 sshd
2017-01-10 08:05:58:shell stdout: 
