[INFO -- 2017-02-24 21:57:53]
Starting GDB script
[INFO -- 2017-02-24 21:57:53]
initSignal:3.0
[INFO -- 2017-02-24 21:57:53]
endSignal:6.0
[INFO -- 2017-02-24 21:57:53]
seqSignal:15
[INFO -- 2017-02-24 21:57:57]
sending 15 signals using command: 'ssh -T mic0 killall -2 hotspot_check' after 3.92913242723s
[INFO -- 2017-02-24 21:57:58]
sending 15 signals using command: 'ssh -T mic0 killall -2 hotspot_check' after 4.22312625918s
[INFO -- 2017-02-24 21:57:58]
shell stdout: 
[INFO -- 2017-02-24 21:57:58]
shell stdout: 
[INFO -- 2017-02-24 21:57:58]
shell stdout: 
[INFO -- 2017-02-24 21:57:58]
shell stdout: 
[INFO -- 2017-02-24 21:57:58]
shell stdout: 
[INFO -- 2017-02-24 21:57:59]
shell stdout: 
[INFO -- 2017-02-24 21:57:59]
shell stdout: 
[INFO -- 2017-02-24 21:57:59]
sending 15 signals using command: 'ssh -T mic0 killall -2 hotspot_check' after 5.72186499341s
[INFO -- 2017-02-24 21:57:59]
shell stdout: 
[INFO -- 2017-02-24 21:57:59]
shell stdout: 
[INFO -- 2017-02-24 21:57:59]
shell stdout: 
[INFO -- 2017-02-24 21:58:00]
shell stdout: 
[INFO -- 2017-02-24 21:58:00]
shell stdout: 
[INFO -- 2017-02-24 21:58:00]
shell stdout: 
[INFO -- 2017-02-24 21:58:00]
shell stdout: 
[INFO -- 2017-02-24 21:58:00]
shell stdout: 
[INFO -- 2017-02-24 21:58:00]
shell stdout: 
[INFO -- 2017-02-24 21:58:00]
shell stdout: 
[INFO -- 2017-02-24 21:58:00]
shell stdout: 
[INFO -- 2017-02-24 21:58:01]
shell stdout: 
[INFO -- 2017-02-24 21:58:01]
shell stdout: 
[INFO -- 2017-02-24 21:58:01]
shell stdout: 
[INFO -- 2017-02-24 21:58:01]
shell stdout: 
[INFO -- 2017-02-24 21:58:01]
shell stdout: 
[INFO -- 2017-02-24 21:58:01]
shell stdout: 
[INFO -- 2017-02-24 21:58:01]
shell stdout: 
[INFO -- 2017-02-24 21:58:02]
shell stdout: 
[INFO -- 2017-02-24 21:58:02]
shell stdout: 
[INFO -- 2017-02-24 21:58:02]
shell stdout: 
[INFO -- 2017-02-24 21:58:02]
shell stdout: 
[INFO -- 2017-02-24 21:58:02]
shell stdout: 
[INFO -- 2017-02-24 21:58:02]
shell stdout: 
[INFO -- 2017-02-24 21:58:03]
shell stdout: 
[INFO -- 2017-02-24 21:58:03]
shell stdout: 
[INFO -- 2017-02-24 21:58:03]
shell stdout: 
[INFO -- 2017-02-24 21:58:03]
shell stdout: 
[INFO -- 2017-02-24 21:58:03]
shell stdout: 
[INFO -- 2017-02-24 21:58:03]
shell stdout: 
[INFO -- 2017-02-24 21:58:03]
shell stdout: 
[INFO -- 2017-02-24 21:58:03]
shell stdout: 
[INFO -- 2017-02-24 21:58:03]
shell stdout: 
[INFO -- 2017-02-24 21:58:04]
shell stdout: 
[INFO -- 2017-02-24 21:58:04]
shell stdout: 
[INFO -- 2017-02-24 21:58:04]
shell stdout: 
[INFO -- 2017-02-24 21:58:05]
shell stdout: 
[INFO -- 2017-02-24 21:58:05]
shell stdout: 
[INFO -- 2017-02-24 21:58:24]
no gdbExecName running, out:
[INFO -- 2017-02-24 21:58:24]
checCmd:ps -e | grep -i gdb-mic
[INFO -- 2017-02-24 21:58:24]
finished now-timestampStart < maxWaitTime*5
[INFO -- 2017-02-24 21:58:24]
now: 1487991502
[INFO -- 2017-02-24 21:58:24]
timestampStart: 1487991473
[INFO -- 2017-02-24 21:58:24]
kill cmd: killall -9 gdb-mic
[INFO -- 2017-02-24 21:58:24]
shell stdout: 
[INFO -- 2017-02-24 21:58:24]
kill cmd: ssh -T mic0 killall -9 hotspot_check
[INFO -- 2017-02-24 21:58:24]
shell stdout: 
[INFO -- 2017-02-24 21:58:25]
kill cmd: ssh -T mic0 killall -9 gdbserver
[INFO -- 2017-02-24 21:58:25]
shell stdout: 
[INFO -- 2017-02-24 21:58:25]
kill cmd: ssh -T mic0 killall -9 sshd
[INFO -- 2017-02-24 21:58:25]
shell stdout: 
