2016-10-17 02:54:46:Starting GDB script
2016-10-17 02:54:47:sending signal using command: 'ssh -T mic0 killall -2 lavamd' after 0.435658636219s
2016-10-17 02:54:47:shell stdout: 
2016-10-17 02:54:47:sending signal using command: 'ssh -T mic0 killall -2 lavamd' after 0.513640947329s
2016-10-17 02:54:47:shell stdout: 
2016-10-17 02:54:51:sending signal using command: 'ssh -T mic0 killall -2 lavamd' after 3.28590714328s
2016-10-17 02:54:51:shell stdout: 
2016-10-17 02:54:52:sending signal using command: 'ssh -T mic0 killall -2 lavamd' after 4.88916812828s
2016-10-17 02:54:52:shell stdout: 
2016-10-17 02:54:52:sending signal using command: 'ssh -T mic0 killall -2 lavamd' after 5.30536890142s
2016-10-17 02:54:52:shell stdout: 
2016-10-17 02:54:53:sending signal using command: 'ssh -T mic0 killall -2 lavamd' after 6.16776892449s
2016-10-17 02:54:53:shell stdout: 
2016-10-17 02:54:55:sending signal using command: 'ssh -T mic0 killall -2 lavamd' after 8.33871320119s
2016-10-17 02:54:55:shell stdout: 
2016-10-17 02:54:56:sending signal using command: 'ssh -T mic0 killall -2 lavamd' after 9.39144054365s
2016-10-17 02:54:56:shell stdout: 
2016-10-17 02:54:56:sending signal using command: 'ssh -T mic0 killall -2 lavamd' after 9.45554560603s
2016-10-17 02:54:56:shell stdout: 
2016-10-17 02:54:56:sending signal using command: 'ssh -T mic0 killall -2 lavamd' after 9.62942784358s
2016-10-17 02:54:56:shell stdout: 
2016-10-17 02:55:03:no gdbExecName running, out:
2016-10-17 02:55:03:checCmd:ps -e | grep -i gdb-mic
2016-10-17 02:55:03:finished now-timestampStart < maxWaitTime*5
2016-10-17 02:55:03:now: 1476687302
2016-10-17 02:55:03:timestampStart: 1476687286
2016-10-17 02:55:03:kill cmd: killall -9 gdb-mic
2016-10-17 02:55:03:shell stdout: 
2016-10-17 02:55:04:kill cmd: ssh -T mic0 killall -9 lavamd
2016-10-17 02:55:04:shell stdout: 
2016-10-17 02:55:04:kill cmd: ssh -T mic0 killall -9 gdbserver
2016-10-17 02:55:04:shell stdout: 
2016-10-17 02:55:04:kill cmd: ssh -T mic0 killall -9 sshd
2016-10-17 02:55:04:shell stdout: 
