2017-01-23 23:40:32:Starting GDB script
2017-01-23 23:40:32:initSignal:2.0
2017-01-23 23:40:32:endSignal:4.0
2017-01-23 23:40:32:seqSignal:30
2017-01-23 23:40:34:sending 30 signals using command: 'ssh -T mic0 killall -2 lud_check' after 2.31325229689s
2017-01-23 23:40:35:sending 30 signals using command: 'ssh -T mic0 killall -2 lud_check' after 3.23414388977s
2017-01-23 23:40:35:sending 30 signals using command: 'ssh -T mic0 killall -2 lud_check' after 3.45872187132s
2017-01-23 23:40:36:shell stdout: 
2017-01-23 23:40:36:shell stdout: 
2017-01-23 23:40:36:shell stdout: 
2017-01-23 23:40:36:shell stdout: 
2017-01-23 23:40:36:shell stdout: 
2017-01-23 23:40:36:shell stdout: 
2017-01-23 23:40:37:shell stdout: 
2017-01-23 23:40:37:shell stdout: 
2017-01-23 23:40:37:shell stdout: 
2017-01-23 23:40:37:shell stdout: 
2017-01-23 23:40:37:shell stdout: 
2017-01-23 23:40:37:shell stdout: 
2017-01-23 23:40:37:shell stdout: 
2017-01-23 23:40:38:shell stdout: 
2017-01-23 23:40:38:shell stdout: 
2017-01-23 23:40:38:shell stdout: 
2017-01-23 23:40:38:shell stdout: 
2017-01-23 23:40:38:shell stdout: 
2017-01-23 23:40:38:shell stdout: 
2017-01-23 23:40:38:shell stdout: 
2017-01-23 23:40:39:shell stdout: 
2017-01-23 23:40:39:shell stdout: 
2017-01-23 23:40:39:shell stdout: 
2017-01-23 23:40:39:shell stdout: 
2017-01-23 23:40:39:shell stdout: 
2017-01-23 23:40:39:shell stdout: 
2017-01-23 23:40:39:shell stdout: 
2017-01-23 23:40:40:shell stdout: 
2017-01-23 23:40:40:shell stdout: 
2017-01-23 23:40:40:shell stdout: 
2017-01-23 23:40:40:shell stdout: 
2017-01-23 23:40:40:shell stdout: 
2017-01-23 23:40:40:shell stdout: 
2017-01-23 23:40:40:shell stdout: 
2017-01-23 23:40:41:shell stdout: 
2017-01-23 23:40:41:shell stdout: 
2017-01-23 23:40:41:shell stdout: 
2017-01-23 23:40:41:shell stdout: 
2017-01-23 23:40:41:shell stdout: 
2017-01-23 23:40:41:shell stdout: 
2017-01-23 23:40:41:shell stdout: 
2017-01-23 23:40:42:shell stdout: 
2017-01-23 23:40:42:shell stdout: 
2017-01-23 23:40:42:shell stdout: 
2017-01-23 23:40:42:shell stdout: 
2017-01-23 23:40:42:shell stdout: 
2017-01-23 23:40:42:shell stdout: 
2017-01-23 23:40:42:shell stdout: 
2017-01-23 23:40:42:shell stdout: 
2017-01-23 23:40:43:shell stdout: 
2017-01-23 23:40:43:shell stdout: 
2017-01-23 23:40:43:shell stdout: 
2017-01-23 23:40:43:shell stdout: 
2017-01-23 23:40:43:shell stdout: 
2017-01-23 23:40:43:shell stdout: 
2017-01-23 23:40:43:shell stdout: 
2017-01-23 23:40:44:shell stdout: 
2017-01-23 23:40:44:shell stdout: 
2017-01-23 23:40:44:shell stdout: 
2017-01-23 23:40:44:shell stdout: 
2017-01-23 23:40:44:shell stdout: 
2017-01-23 23:40:44:shell stdout: 
2017-01-23 23:40:44:shell stdout: 
2017-01-23 23:40:45:shell stdout: 
2017-01-23 23:40:45:shell stdout: 
2017-01-23 23:40:45:shell stdout: 
2017-01-23 23:40:45:shell stdout: 
2017-01-23 23:40:45:shell stdout: 
2017-01-23 23:40:45:shell stdout: 
2017-01-23 23:40:45:shell stdout: 
2017-01-23 23:40:46:shell stdout: 
2017-01-23 23:40:46:shell stdout: 
2017-01-23 23:40:46:shell stdout: 
2017-01-23 23:40:46:shell stdout: 
2017-01-23 23:40:46:shell stdout: 
2017-01-23 23:40:46:shell stdout: 
2017-01-23 23:40:46:shell stdout: 
2017-01-23 23:40:47:shell stdout: 
2017-01-23 23:40:47:shell stdout: 
2017-01-23 23:40:47:shell stdout: 
2017-01-23 23:40:47:shell stdout: 
2017-01-23 23:40:47:shell stdout: 
2017-01-23 23:40:47:shell stdout: 
2017-01-23 23:40:47:shell stdout: 
2017-01-23 23:40:48:shell stdout: 
2017-01-23 23:40:48:shell stdout: 
2017-01-23 23:40:48:shell stdout: 
2017-01-23 23:40:48:shell stdout: 
2017-01-23 23:40:48:shell stdout: 
2017-01-23 23:40:48:shell stdout: 
2017-01-23 23:41:10:no gdbExecName running, out:
2017-01-23 23:41:10:checCmd:ps -e | grep -i gdb-mic
2017-01-23 23:41:10:finished now-timestampStart < maxWaitTime*5
2017-01-23 23:41:10:now: 1485232869
2017-01-23 23:41:10:timestampStart: 1485232832
2017-01-23 23:41:10:kill cmd: killall -9 gdb-mic
2017-01-23 23:41:10:shell stdout: 
2017-01-23 23:41:10:kill cmd: ssh -T mic0 killall -9 lud_check
2017-01-23 23:41:10:shell stdout: 
2017-01-23 23:41:11:kill cmd: ssh -T mic0 killall -9 gdbserver
2017-01-23 23:41:11:shell stdout: 
2017-01-23 23:41:11:kill cmd: ssh -T mic0 killall -9 sshd
2017-01-23 23:41:11:shell stdout: 
