2016-10-22 23:57:51:sending signal using command: 'ssh -T mic0 killall -2 lavamd' after 7.25000698742s
2016-10-22 23:57:51:shell stdout: 
2016-10-22 23:57:53:sending signal using command: 'ssh -T mic0 killall -2 lavamd' after 9.34147593845s
2016-10-22 23:57:53:shell stdout: 
2016-10-22 23:57:53:sending signal using command: 'ssh -T mic0 killall -2 lavamd' after 9.93436024223s
2016-10-22 23:57:53:shell stdout: 
2016-10-22 23:57:53:Starting GDB script
2016-10-22 23:57:55:sending signal using command: 'ssh -T mic0 killall -2 lavamd' after 0.804154377864s
2016-10-22 23:57:55:shell stdout: 
2016-10-22 23:57:58:sending signal using command: 'ssh -T mic0 killall -2 lavamd' after 2.95638394899s
2016-10-22 23:57:58:shell stdout: 
2016-10-22 23:57:58:sending signal using command: 'ssh -T mic0 killall -2 lavamd' after 3.46401854893s
2016-10-22 23:57:58:shell stdout: 
2016-10-22 23:57:58:sending signal using command: 'ssh -T mic0 killall -2 lavamd' after 3.59325176435s
2016-10-22 23:57:58:shell stdout: 
2016-10-22 23:57:58:sending signal using command: 'ssh -T mic0 killall -2 lavamd' after 3.77942737728s
2016-10-22 23:57:58:shell stdout: 
2016-10-22 23:57:58:sending signal using command: 'ssh -T mic0 killall -2 lavamd' after 4.33901501369s
2016-10-22 23:57:58:shell stdout: 
2016-10-22 23:57:59:sending signal using command: 'ssh -T mic0 killall -2 lavamd' after 4.77505602939s
2016-10-22 23:57:59:shell stdout: 
2016-10-22 23:57:59:sending signal using command: 'ssh -T mic0 killall -2 lavamd' after 5.07600814721s
2016-10-22 23:57:59:shell stdout: 
2016-10-22 23:58:00:sending signal using command: 'ssh -T mic0 killall -2 lavamd' after 5.34400480815s
2016-10-22 23:58:00:shell stdout: 
2016-10-22 23:58:03:sending signal using command: 'ssh -T mic0 killall -2 lavamd' after 9.47985941807s
2016-10-22 23:58:03:shell stdout: 
2016-10-22 23:58:10:no gdbExecName running, out:
2016-10-22 23:58:10:checCmd:ps -e | grep -i gdb-mic
2016-10-22 23:58:10:finished now-timestampStart < maxWaitTime*5
2016-10-22 23:58:10:now: 1477195089
2016-10-22 23:58:10:timestampStart: 1477195073
2016-10-22 23:58:10:kill cmd: killall -9 gdb-mic
2016-10-22 23:58:10:shell stdout: 
2016-10-22 23:58:10:kill cmd: ssh -T mic0 killall -9 lavamd
2016-10-22 23:58:10:shell stdout: 
2016-10-22 23:58:10:kill cmd: ssh -T mic0 killall -9 gdbserver
2016-10-22 23:58:10:shell stdout: 
2016-10-22 23:58:11:kill cmd: ssh -T mic0 killall -9 sshd
2016-10-22 23:58:11:shell stdout: 
