[INFO -- 2017-03-26 03:20:56]
Starting flip_value script
version: 2.0
[INFO -- 2017-03-26 03:20:56]
Initialization strings:
[INFO -- 2017-03-26 03:20:57]
(1) target extended-remote | ssh -T mic0 gdbserver --multi -
[INFO -- 2017-03-26 03:20:57]
(2) set sysroot /opt/mpss/3.7/sysroots/k1om-mpss-linux/
[INFO -- 2017-03-26 03:20:57]
(3) set sysroot /opt/mpss/3.7/sysroots/k1om-mpss-linux/
[INFO -- 2017-03-26 03:20:57]
(4) file /micNfs/gdb-fault-injection/injector/bin/lavamd/lavamd_check
[INFO -- 2017-03-26 03:20:57]
(5) set remote exec-file /micNfs/gdb-fault-injection/injector/bin/lavamd/lavamd_check
[INFO -- 2017-03-26 03:20:57]
(6) set args 228 15 /micNfs/gdb-fault-injection/injector/bin/lavamd/input_distance_228_15 /micNfs/gdb-fault-injection/injector/bin/lavamd/input_charges_228_15 /micNfs/gdb-fault-injection/injector/bin/lavamd/output_gold_228_15 1
[INFO -- 2017-03-26 03:20:57]
initSignal:0
[INFO -- 2017-03-26 03:20:57]
endSignal:3
[INFO -- 2017-03-26 03:20:57]
seqSignal:30
[INFO -- 2017-03-26 03:20:57]
faultMode:1
[INFO -- 2017-03-26 03:21:01]
Backtrace BEGIN:
#0  allocate_stack (stack=<synthetic pointer>, pdp=<synthetic pointer>, attr=0x7fffffffdd18) at allocatestack.c:548
#1  __pthread_create_2_1 (newthread=0x7fffffffdd10, attr=<optimized out>, start_routine=0x7ffff790bb10, arg=0x7fffa8334100) at pthread_create.c:524
#2  0x00007ffff790d323 in ?? ()
#3  0x0000000000000000 in ?? ()

543	in allocatestack.c

Backtrace END
Fliping array at pos: 2
Memory content before bitflip:0xc00x020x000x00
Fault Mode: Double bit-flip
base address to flip value: 0x7ffff743c3c8 
address max offset: 4
Memory content after  bitflip:0xc00x020x000x48
frame name: __pthread_create_2_1
symbol name: _thread_db_pthread_list
symbol filename: ../nptl_db/structs.def
symbol line: 26
value: {128, 1, 1207960256}
value address: 0x7ffff743c3c0 <_thread_db_pthread_list>
Type: The type is an array.
Type sizeof: 12
Field name: None
Field Type: A range type, that is, an integer type with bounds.
Field Type sizeof: 8
Field Type range: (0L, 2L)

[INFO -- 2017-03-26 03:21:01]
Fault Injection Successful after 4.8380920887s
[INFO -- 2017-03-26 03:21:19]
event type: exit
[INFO -- 2017-03-26 03:21:19]
exit code: 0
