2017-01-26 02:19:42:Starting flip_value script
2017-01-26 02:19:42:Initialization strings:
2017-01-26 02:19:42:(1) target extended-remote | ssh -T mic0 gdbserver --multi -
2017-01-26 02:19:42:(2) set sysroot /opt/mpss/3.7/sysroots/k1om-mpss-linux/
2017-01-26 02:19:42:(3) set sysroot /opt/mpss/3.7/sysroots/k1om-mpss-linux/
2017-01-26 02:19:42:(4) file /micNfs/gdb-fault-injection/injector/bin/lud/lud_check
2017-01-26 02:19:42:(5) set remote exec-file /micNfs/gdb-fault-injection/injector/bin/lud/lud_check
2017-01-26 02:19:42:(6) set args -s 2048 -n 228 -i /micNfs/gdb-fault-injection/injector/bin/lud/input_2048_th_228 -g /micNfs/gdb-fault-injection/injector/bin/lud/gold_2048_th_228
2017-01-26 02:19:42:initSignal:2
2017-01-26 02:19:42:endSignal:4
2017-01-26 02:19:42:seqSignal:30
2017-01-26 02:19:46:Trying Fault Injection
2017-01-26 02:19:46:Inferior PID: 74688
2017-01-26 02:19:46:Inferior is valid: True
2017-01-26 02:19:46:Inferior #threads: 229
2017-01-26 02:19:46:Backtrace BEGIN:
2017-01-26 02:19:46:#0  0x0000000000403acc in lud_omp (a=0x7ffff5ecc010, size=2048) at lud_omp.c:58
#1  0x0000000000402c78 in main (argc=9, argv=0x7fffffffec08) at lud_check.c:124

2017-01-26 02:19:46:53	    omp_set_num_threads(224);
54	#else
55	    printf("running OMP on host\n");
56	    omp_set_num_threads(omp_num_threads);
57	#endif
58	    for (offset = 0; offset < size - BS ; offset += BS)
59	    {
60	        // lu factorization of left-top corner block diagonal matrix 
61	        //
62	        lud_diagonal_omp(a, size, offset);

2017-01-26 02:19:46:Backtrace END
2017-01-26 02:19:49:Thread name: None
2017-01-26 02:19:49:Thread num: 1
2017-01-26 02:19:49:Thread ptid: (74688, 74688, 0)
2017-01-26 02:19:49:bitFlip function
2017-01-26 02:19:49:Type: The type is an enum.
2017-01-26 02:19:49:Type sizeof: 4
2017-01-26 02:19:49:Mem contents(hex):0x200xd30xdd0xf7
2017-01-26 02:19:49:base address to flip value: 0x7fffffffe780
2017-01-26 02:19:49:address max offset: 4
2017-01-26 02:19:49:Memory content before bitflip:0x200xd30xdd0xf7
2017-01-26 02:19:49:Memory content after  bitflip:0x200xdb0xdd0xf7
2017-01-26 02:19:49:Mem contents(hex):0x200xdb0xdd0xf7
2017-01-26 02:19:49:frame name: main
2017-01-26 02:19:49:symbol name: ret
2017-01-26 02:19:49:symbol filename: lud_check.c
2017-01-26 02:19:49:symbol line: 48
2017-01-26 02:19:49:value: (unknown: 4158511904)
2017-01-26 02:19:49:value address: 0x7fffffffe780
2017-01-26 02:19:49:Type: The type is an enum.
2017-01-26 02:19:49:Type sizeof: 4
2017-01-26 02:19:49:Field name: RET_SUCCESS
2017-01-26 02:19:49:Field Type:
2017-01-26 02:19:49:Fault Injection Successful after 7.36485600471s
2017-01-26 02:19:49:Fault Already Injected
2017-01-26 02:19:49:Fault Already Injected
2017-01-26 02:19:49:Fault Already Injected
2017-01-26 02:19:50:Fault Already Injected
2017-01-26 02:19:50:Fault Already Injected
2017-01-26 02:19:50:Fault Already Injected
2017-01-26 02:19:50:Fault Already Injected
2017-01-26 02:19:50:Fault Already Injected
2017-01-26 02:19:50:Fault Already Injected
2017-01-26 02:19:51:Fault Already Injected
2017-01-26 02:19:51:Fault Already Injected
2017-01-26 02:19:51:Fault Already Injected
2017-01-26 02:19:51:Fault Already Injected
2017-01-26 02:19:51:Fault Already Injected
2017-01-26 02:19:52:Fault Already Injected
2017-01-26 02:19:52:Fault Already Injected
2017-01-26 02:19:52:Fault Already Injected
2017-01-26 02:19:52:Fault Already Injected
2017-01-26 02:19:53:Fault Already Injected
2017-01-26 02:19:53:Fault Already Injected
2017-01-26 02:19:53:Fault Already Injected
2017-01-26 02:19:54:Fault Already Injected
2017-01-26 02:19:54:Fault Already Injected
2017-01-26 02:19:54:Fault Already Injected
2017-01-26 02:19:54:Fault Already Injected
2017-01-26 02:19:55:Fault Already Injected
2017-01-26 02:19:55:Fault Already Injected
2017-01-26 02:19:55:Fault Already Injected
2017-01-26 02:19:55:Fault Already Injected
2017-01-26 02:19:55:Fault Already Injected
2017-01-26 02:19:55:Fault Already Injected
2017-01-26 02:19:56:Fault Already Injected
2017-01-26 02:19:56:Fault Already Injected
2017-01-26 02:19:56:Fault Already Injected
2017-01-26 02:19:57:Fault Already Injected
2017-01-26 02:19:57:Fault Already Injected
2017-01-26 02:19:57:Fault Already Injected
2017-01-26 02:19:57:Fault Already Injected
2017-01-26 02:19:57:Fault Already Injected
2017-01-26 02:19:58:Fault Already Injected
2017-01-26 02:19:58:Fault Already Injected
2017-01-26 02:19:58:Fault Already Injected
2017-01-26 02:19:58:Fault Already Injected
2017-01-26 02:19:58:Fault Already Injected
2017-01-26 02:19:59:event type: exit
2017-01-26 02:19:59:exit code: 0
