2017-01-23 16:38:22:shell stdout: 
2017-01-23 16:38:22:shell stdout: 
2017-01-23 16:38:22:shell stdout: 
2017-01-23 16:38:22:shell stdout: 
2017-01-23 16:38:22:shell stdout: 
2017-01-23 16:38:22:shell stdout: 
2017-01-23 16:38:22:shell stdout: 
2017-01-23 16:38:22:shell stdout: 
2017-01-23 16:38:23:shell stdout: 
2017-01-23 16:38:23:shell stdout: 
2017-01-23 16:38:23:shell stdout: 
2017-01-23 16:38:23:shell stdout: 
2017-01-23 16:38:23:shell stdout: 
2017-01-23 16:38:23:shell stdout: 
2017-01-23 16:38:23:shell stdout: 
2017-01-23 16:38:24:shell stdout: 
2017-01-23 16:38:24:shell stdout: 
2017-01-23 16:38:24:shell stdout: 
2017-01-23 16:38:24:shell stdout: 
2017-01-23 16:38:24:shell stdout: 
2017-01-23 16:38:24:shell stdout: 
2017-01-23 16:38:24:shell stdout: 
2017-01-23 16:38:25:shell stdout: 
2017-01-23 16:38:25:shell stdout: 
2017-01-23 16:38:25:shell stdout: 
2017-01-23 16:38:25:shell stdout: 
2017-01-23 16:38:25:shell stdout: 
2017-01-23 16:38:25:shell stdout: 
2017-01-23 16:38:25:shell stdout: 
2017-01-23 16:38:25:shell stdout: 
2017-01-23 16:38:26:shell stdout: 
2017-01-23 16:38:26:shell stdout: 
2017-01-23 16:38:26:shell stdout: 
2017-01-23 16:38:26:shell stdout: 
2017-01-23 16:38:26:shell stdout: 
2017-01-23 16:38:26:shell stdout: 
2017-01-23 16:38:26:shell stdout: 
2017-01-23 16:38:27:shell stdout: 
2017-01-23 16:38:27:shell stdout: 
2017-01-23 16:38:27:shell stdout: 
2017-01-23 16:38:27:shell stdout: 
2017-01-23 16:38:27:shell stdout: 
2017-01-23 16:38:27:shell stdout: 
2017-01-23 16:38:27:shell stdout: 
2017-01-23 16:38:28:shell stdout: 
2017-01-23 16:38:28:shell stdout: 
2017-01-23 16:38:28:shell stdout: 
2017-01-23 16:38:28:shell stdout: 
2017-01-23 16:38:28:Starting GDB script
2017-01-23 16:38:28:initSignal:6.0
2017-01-23 16:38:28:endSignal:8.0
2017-01-23 16:38:28:seqSignal:30
2017-01-23 16:38:34:sending 30 signals using command: 'ssh -T mic0 killall -2 lud_check' after 6.19361983341s
2017-01-23 16:38:35:shell stdout: 
2017-01-23 16:38:35:shell stdout: 
2017-01-23 16:38:35:sending 30 signals using command: 'ssh -T mic0 killall -2 lud_check' after 7.1850476764s
2017-01-23 16:38:36:shell stdout: 
2017-01-23 16:38:36:shell stdout: 
2017-01-23 16:38:36:sending 30 signals using command: 'ssh -T mic0 killall -2 lud_check' after 7.84071006848s
2017-01-23 16:38:36:shell stdout: 
2017-01-23 16:38:36:shell stdout: 
2017-01-23 16:38:36:shell stdout: 
2017-01-23 16:38:37:shell stdout: 
2017-01-23 16:38:37:shell stdout: 
2017-01-23 16:38:37:shell stdout: 
2017-01-23 16:38:37:shell stdout: 
2017-01-23 16:38:37:shell stdout: 
2017-01-23 16:38:37:shell stdout: 
2017-01-23 16:38:38:shell stdout: 
2017-01-23 16:38:38:shell stdout: 
2017-01-23 16:38:38:shell stdout: 
2017-01-23 16:38:38:shell stdout: 
2017-01-23 16:38:38:shell stdout: 
2017-01-23 16:38:38:shell stdout: 
2017-01-23 16:38:38:shell stdout: 
2017-01-23 16:38:39:shell stdout: 
2017-01-23 16:38:39:shell stdout: 
2017-01-23 16:38:39:shell stdout: 
2017-01-23 16:38:39:shell stdout: 
2017-01-23 16:38:39:shell stdout: 
2017-01-23 16:38:39:shell stdout: 
2017-01-23 16:38:39:shell stdout: 
2017-01-23 16:38:39:shell stdout: 
2017-01-23 16:38:40:shell stdout: 
2017-01-23 16:38:40:shell stdout: 
2017-01-23 16:38:40:shell stdout: 
2017-01-23 16:38:40:shell stdout: 
2017-01-23 16:38:40:shell stdout: 
2017-01-23 16:38:40:shell stdout: 
2017-01-23 16:38:41:shell stdout: 
2017-01-23 16:38:41:shell stdout: 
2017-01-23 16:38:41:shell stdout: 
2017-01-23 16:38:41:shell stdout: 
2017-01-23 16:38:41:shell stdout: 
2017-01-23 16:38:41:shell stdout: 
2017-01-23 16:38:41:shell stdout: 
2017-01-23 16:38:42:shell stdout: 
2017-01-23 16:38:42:shell stdout: 
2017-01-23 16:38:42:shell stdout: 
2017-01-23 16:38:42:shell stdout: 
2017-01-23 16:38:42:shell stdout: 
2017-01-23 16:38:42:shell stdout: 
2017-01-23 16:38:42:shell stdout: 
2017-01-23 16:38:42:shell stdout: 
2017-01-23 16:38:43:shell stdout: 
2017-01-23 16:38:43:shell stdout: 
2017-01-23 16:38:43:shell stdout: 
2017-01-23 16:38:43:shell stdout: 
2017-01-23 16:38:43:shell stdout: 
2017-01-23 16:38:43:shell stdout: 
2017-01-23 16:38:43:shell stdout: 
2017-01-23 16:38:44:shell stdout: 
2017-01-23 16:38:44:shell stdout: 
2017-01-23 16:38:44:shell stdout: 
2017-01-23 16:38:44:shell stdout: 
2017-01-23 16:38:44:shell stdout: 
2017-01-23 16:38:44:shell stdout: 
2017-01-23 16:38:44:shell stdout: 
2017-01-23 16:38:45:shell stdout: 
2017-01-23 16:38:45:shell stdout: 
2017-01-23 16:38:45:shell stdout: 
2017-01-23 16:38:45:shell stdout: 
2017-01-23 16:38:45:shell stdout: 
2017-01-23 16:38:45:shell stdout: 
2017-01-23 16:38:45:shell stdout: 
2017-01-23 16:38:45:shell stdout: 
2017-01-23 16:38:46:shell stdout: 
2017-01-23 16:38:46:shell stdout: 
2017-01-23 16:38:46:shell stdout: 
2017-01-23 16:38:46:shell stdout: 
2017-01-23 16:38:46:shell stdout: 
2017-01-23 16:38:46:shell stdout: 
2017-01-23 16:38:47:shell stdout: 
2017-01-23 16:38:47:shell stdout: 
2017-01-23 16:38:47:shell stdout: 
2017-01-23 16:38:47:shell stdout: 
2017-01-23 16:38:47:shell stdout: 
2017-01-23 16:38:47:shell stdout: 
2017-01-23 16:38:47:shell stdout: 
2017-01-23 16:38:48:shell stdout: 
2017-01-23 16:38:48:shell stdout: 
2017-01-23 16:38:48:shell stdout: 
2017-01-23 16:38:48:shell stdout: 
2017-01-23 16:38:48:shell stdout: 
2017-01-23 16:38:49:shell stdout: 
2017-01-23 16:39:08:finished due now-timestampStart > maxWaitTime*5
2017-01-23 16:39:08:now: 1485207548
2017-01-23 16:39:08:timestampStart: 1485207508
2017-01-23 16:39:08:kill cmd: killall -9 gdb-mic
2017-01-23 16:39:08:shell stdout: 
2017-01-23 16:39:08:kill cmd: ssh -T mic0 killall -9 lud_check
2017-01-23 16:39:08:shell stdout: 
2017-01-23 16:39:09:kill cmd: ssh -T mic0 killall -9 gdbserver
2017-01-23 16:39:09:shell stdout: 
2017-01-23 16:39:09:kill cmd: ssh -T mic0 killall -9 sshd
2017-01-23 16:39:09:shell stdout: 
