2016-10-19 23:32:14:Initialization strings:
2016-10-19 23:32:14:(1) target extended-remote | ssh -T mic0 gdbserver --multi -
2016-10-19 23:32:14:(2) set sysroot /opt/mpss/3.7/sysroots/k1om-mpss-linux/
2016-10-19 23:32:14:(3) set sysroot /opt/mpss/3.7/sysroots/k1om-mpss-linux/
2016-10-19 23:32:14:(4) file /micNfs/gdb-fault-injection-hotspot/bin/hotspot_check
2016-10-19 23:32:14:(5) set remote exec-file /micNfs/gdb-fault-injection-hotspot/bin/hotspot_check
2016-10-19 23:32:14:(6) set args 1024 1024 2000 228 /micNfs/gdb-fault-injection-hotspot/bin/temp_1024 /micNfs/gdb-fault-injection-hotspot/bin/power_1024 /micNfs/gdb-fault-injection-hotspot/bin/GOLD_1024-2000-228
2016-10-19 23:32:16:Trying Fault Injection
2016-10-19 23:32:16:Backtrace BEGIN:
2016-10-19 23:32:16:#0  __GI__IO_getline_info (fp=fp@entry=0x609b40, buf=buf@entry=0x7fffffffe77a "325.526458\n", n=255, delim=delim@entry=10, extract_delim=extract_delim@entry=1, eof=eof@entry=0x0) at iogetline.c:93
#1  0x00007ffff7139498 in __GI__IO_getline (fp=fp@entry=0x609b40, buf=buf@entry=0x7fffffffe77a "325.526458\n", n=<optimized out>, delim=delim@entry=10, extract_delim=extract_delim@entry=1) at iogetline.c:38
#2  0x00007ffff7138312 in _IO_fgets (buf=0x7fffffffe77a "325.526458\n", n=<optimized out>, fp=0x609b40) at iofgets.c:56
#3  0x0000000000401712 in read_input (vect=<optimized out>, grid_rows=<optimized out>, grid_cols=-160649200, file=<optimized out>) at hotspot_check.c:201
#4  main (argc=6331200, argv=0x7fffffffe77a) at hotspot_check.c:264

2016-10-19 23:32:16:88	in iogetline.c

2016-10-19 23:32:16:Backtrace END
2016-10-19 23:32:16:Type: A floating point type.
2016-10-19 23:32:16:Type sizeof: 4
2016-10-19 23:32:16:Mem contents(hex):0x630xc30xa20x43
2016-10-19 23:32:16:base address to flip value: 0x7fffffffe634
2016-10-19 23:32:16:address max offset: 4
2016-10-19 23:32:16:Memory content before bitflip:0x630xc30xa20x43
2016-10-19 23:32:16:Memory content after  bitflip:0x630xc30xa20xc3
2016-10-19 23:32:16:Mem contents(hex):0x630xc30xa20xc3
2016-10-19 23:32:16:frame name: read_input
2016-10-19 23:32:16:symbol name: val
2016-10-19 23:32:16:symbol filename: hotspot_check.c
2016-10-19 23:32:16:symbol line: 194
2016-10-19 23:32:16:value: -325.526459
2016-10-19 23:32:16:value address: 0x7fffffffe634
2016-10-19 23:32:16:Type: A floating point type.
2016-10-19 23:32:16:Type sizeof: 4
2016-10-19 23:32:16:Fault Injection Successful after 2.30264496803s
2016-10-19 23:32:16:Fault Already Injected
2016-10-19 23:32:19:Fault Already Injected
2016-10-19 23:32:20:Fault Already Injected
2016-10-19 23:32:21:Fault Already Injected
2016-10-19 23:32:23:Fault Already Injected
2016-10-19 23:32:24:Fault Already Injected
2016-10-19 23:32:26:Fault Already Injected
2016-10-19 23:32:29:Fault Already Injected
2016-10-19 23:32:29:Fault Already Injected
2016-10-19 23:32:30:event type: exit
2016-10-19 23:32:30:exit code: 0
