[INFO -- 2017-03-04 17:22:34]
Starting GDB script
[INFO -- 2017-03-04 17:22:34]
initSignal:14.0
[INFO -- 2017-03-04 17:22:34]
endSignal:21.0
[INFO -- 2017-03-04 17:22:34]
seqSignal:15
[INFO -- 2017-03-04 17:22:48]
sending 15 signals using command: 'ssh -T mic1 killall -2 dgemm_check' after 14.0741314663s
[INFO -- 2017-03-04 17:22:49]
shell stdout: 
[INFO -- 2017-03-04 17:22:50]
shell stdout: 
[INFO -- 2017-03-04 17:22:50]
shell stdout: 
[INFO -- 2017-03-04 17:22:51]
shell stdout: 
[INFO -- 2017-03-04 17:22:51]
shell stdout: 
[INFO -- 2017-03-04 17:22:52]
shell stdout: 
[INFO -- 2017-03-04 17:22:52]
sending 15 signals using command: 'ssh -T mic1 killall -2 dgemm_check' after 17.5554825517s
[INFO -- 2017-03-04 17:22:52]
shell stdout: 
[INFO -- 2017-03-04 17:22:52]
shell stdout: 
[INFO -- 2017-03-04 17:22:53]
shell stdout: 
[INFO -- 2017-03-04 17:22:53]
shell stdout: 
[INFO -- 2017-03-04 17:22:53]
shell stdout: 
[INFO -- 2017-03-04 17:22:53]
shell stdout: 
[INFO -- 2017-03-04 17:22:54]
shell stdout: 
[INFO -- 2017-03-04 17:22:54]
shell stdout: 
[INFO -- 2017-03-04 17:22:54]
shell stdout: 
[INFO -- 2017-03-04 17:22:54]
shell stdout: 
[INFO -- 2017-03-04 17:22:54]
shell stdout: 
[INFO -- 2017-03-04 17:22:54]
shell stdout: 
[INFO -- 2017-03-04 17:22:55]
sending 15 signals using command: 'ssh -T mic1 killall -2 dgemm_check' after 20.3056020491s
[INFO -- 2017-03-04 17:22:55]
shell stdout: 
[INFO -- 2017-03-04 17:22:55]
shell stdout: 
[INFO -- 2017-03-04 17:22:55]
shell stdout: 
[INFO -- 2017-03-04 17:22:55]
shell stdout: 
[INFO -- 2017-03-04 17:22:55]
shell stdout: 
[INFO -- 2017-03-04 17:22:55]
shell stdout: 
[INFO -- 2017-03-04 17:22:56]
shell stdout: 
[INFO -- 2017-03-04 17:22:56]
shell stdout: 
[INFO -- 2017-03-04 17:22:56]
shell stdout: 
[INFO -- 2017-03-04 17:22:56]
shell stdout: 
[INFO -- 2017-03-04 17:22:56]
shell stdout: 
[INFO -- 2017-03-04 17:22:57]
shell stdout: 
[INFO -- 2017-03-04 17:22:57]
shell stdout: 
[INFO -- 2017-03-04 17:22:57]
shell stdout: 
[INFO -- 2017-03-04 17:22:57]
shell stdout: 
[INFO -- 2017-03-04 17:22:58]
shell stdout: 
[INFO -- 2017-03-04 17:22:58]
shell stdout: 
[INFO -- 2017-03-04 17:22:58]
shell stdout: 
[INFO -- 2017-03-04 17:22:58]
shell stdout: 
[INFO -- 2017-03-04 17:22:58]
shell stdout: 
[INFO -- 2017-03-04 17:22:59]
shell stdout: 
[INFO -- 2017-03-04 17:22:59]
shell stdout: 
[INFO -- 2017-03-04 17:22:59]
shell stdout: 
[INFO -- 2017-03-04 17:23:00]
shell stdout: 
[INFO -- 2017-03-04 17:23:00]
shell stdout: 
[INFO -- 2017-03-04 17:23:01]
shell stdout: 
[INFO -- 2017-03-04 17:23:01]
shell stdout: 
[INFO -- 2017-03-04 17:24:03]
no gdbExecName running, out:
[INFO -- 2017-03-04 17:24:03]
checCmd:ps -e | grep -i gdb-mic
[INFO -- 2017-03-04 17:24:03]
finished now-timestampStart < maxWaitTime*5
[INFO -- 2017-03-04 17:24:03]
now: 1488666234
[INFO -- 2017-03-04 17:24:03]
timestampStart: 1488666154
[INFO -- 2017-03-04 17:24:03]
kill cmd: killall -9 gdb-mic
[INFO -- 2017-03-04 17:24:03]
shell stdout: 
[INFO -- 2017-03-04 17:24:03]
kill cmd: ssh -T mic1 killall -9 dgemm_check
[INFO -- 2017-03-04 17:24:03]
shell stdout: 
[INFO -- 2017-03-04 17:24:03]
kill cmd: ssh -T mic1 killall -9 gdbserver
[INFO -- 2017-03-04 17:24:03]
shell stdout: 
[INFO -- 2017-03-04 17:24:04]
kill cmd: ssh -T mic1 killall -9 sshd
[INFO -- 2017-03-04 17:24:04]
shell stdout: 
