[INFO -- 2017-03-11 20:29:13]
shell stdout: 
[INFO -- 2017-03-11 20:29:13]
shell stdout: 
[INFO -- 2017-03-11 20:29:13]
shell stdout: 
[INFO -- 2017-03-11 20:29:13]
shell stdout: 
[INFO -- 2017-03-11 20:29:13]
shell stdout: 
[INFO -- 2017-03-11 20:29:14]
shell stdout: 
[INFO -- 2017-03-11 20:29:14]
shell stdout: 
[INFO -- 2017-03-11 20:29:14]
shell stdout: 
[INFO -- 2017-03-11 20:29:14]
shell stdout: 
[INFO -- 2017-03-11 20:29:14]
shell stdout: 
[INFO -- 2017-03-11 20:29:14]
shell stdout: 
[INFO -- 2017-03-11 20:29:14]
shell stdout: 
[INFO -- 2017-03-11 20:29:15]
shell stdout: 
[INFO -- 2017-03-11 20:29:15]
shell stdout: 
[INFO -- 2017-03-11 20:29:15]
shell stdout: 
[INFO -- 2017-03-11 20:29:15]
shell stdout: 
[INFO -- 2017-03-11 20:29:15]
shell stdout: 
[INFO -- 2017-03-11 20:29:16]
shell stdout: 
[INFO -- 2017-03-11 20:29:16]
Starting GDB script
[INFO -- 2017-03-11 20:29:16]
initSignal:4.0
[INFO -- 2017-03-11 20:29:16]
endSignal:8.0
[INFO -- 2017-03-11 20:29:16]
seqSignal:30
[INFO -- 2017-03-11 20:29:20]
sending 30 signals using command: 'ssh -T mic0 killall -2 needle_check' after 4.443957067s
[INFO -- 2017-03-11 20:29:20]
shell stdout: 
[INFO -- 2017-03-11 20:29:21]
shell stdout: 
[INFO -- 2017-03-11 20:29:21]
shell stdout: 
[INFO -- 2017-03-11 20:29:21]
sending 30 signals using command: 'ssh -T mic0 killall -2 needle_check' after 5.9367410271s
[INFO -- 2017-03-11 20:29:22]
shell stdout: 
[INFO -- 2017-03-11 20:29:22]
shell stdout: 
[INFO -- 2017-03-11 20:29:22]
sending 30 signals using command: 'ssh -T mic0 killall -2 needle_check' after 6.34904373062s
[INFO -- 2017-03-11 20:29:22]
shell stdout: 
[INFO -- 2017-03-11 20:29:22]
shell stdout: 
[INFO -- 2017-03-11 20:29:22]
shell stdout: 
[INFO -- 2017-03-11 20:29:22]
shell stdout: 
[INFO -- 2017-03-11 20:29:23]
shell stdout: 
[INFO -- 2017-03-11 20:29:23]
shell stdout: 
[INFO -- 2017-03-11 20:29:23]
shell stdout: 
[INFO -- 2017-03-11 20:29:23]
shell stdout: 
[INFO -- 2017-03-11 20:29:23]
shell stdout: 
[INFO -- 2017-03-11 20:29:23]
shell stdout: 
[INFO -- 2017-03-11 20:29:24]
shell stdout: 
[INFO -- 2017-03-11 20:29:24]
shell stdout: 
[INFO -- 2017-03-11 20:29:24]
shell stdout: 
[INFO -- 2017-03-11 20:29:24]
shell stdout: 
[INFO -- 2017-03-11 20:29:24]
shell stdout: 
[INFO -- 2017-03-11 20:29:24]
shell stdout: 
[INFO -- 2017-03-11 20:29:24]
shell stdout: 
[INFO -- 2017-03-11 20:29:24]
shell stdout: 
[INFO -- 2017-03-11 20:29:24]
shell stdout: 
[INFO -- 2017-03-11 20:29:25]
shell stdout: 
[INFO -- 2017-03-11 20:29:25]
shell stdout: 
[INFO -- 2017-03-11 20:29:25]
shell stdout: 
[INFO -- 2017-03-11 20:29:25]
shell stdout: 
[INFO -- 2017-03-11 20:29:25]
shell stdout: 
[INFO -- 2017-03-11 20:29:25]
shell stdout: 
[INFO -- 2017-03-11 20:29:26]
shell stdout: 
[INFO -- 2017-03-11 20:29:26]
shell stdout: 
[INFO -- 2017-03-11 20:29:26]
shell stdout: 
[INFO -- 2017-03-11 20:29:26]
shell stdout: 
[INFO -- 2017-03-11 20:29:26]
shell stdout: 
[INFO -- 2017-03-11 20:29:26]
shell stdout: 
[INFO -- 2017-03-11 20:29:26]
shell stdout: 
[INFO -- 2017-03-11 20:29:27]
shell stdout: 
[INFO -- 2017-03-11 20:29:27]
shell stdout: 
[INFO -- 2017-03-11 20:29:27]
shell stdout: 
[INFO -- 2017-03-11 20:29:27]
shell stdout: 
[INFO -- 2017-03-11 20:29:27]
shell stdout: 
[INFO -- 2017-03-11 20:29:27]
shell stdout: 
[INFO -- 2017-03-11 20:29:27]
shell stdout: 
[INFO -- 2017-03-11 20:29:27]
shell stdout: 
[INFO -- 2017-03-11 20:29:28]
shell stdout: 
[INFO -- 2017-03-11 20:29:28]
shell stdout: 
[INFO -- 2017-03-11 20:29:28]
shell stdout: 
[INFO -- 2017-03-11 20:29:28]
shell stdout: 
[INFO -- 2017-03-11 20:29:28]
shell stdout: 
[INFO -- 2017-03-11 20:29:28]
shell stdout: 
[INFO -- 2017-03-11 20:29:29]
shell stdout: 
[INFO -- 2017-03-11 20:29:29]
shell stdout: 
[INFO -- 2017-03-11 20:29:29]
shell stdout: 
[INFO -- 2017-03-11 20:29:29]
shell stdout: 
[INFO -- 2017-03-11 20:29:29]
shell stdout: 
[INFO -- 2017-03-11 20:29:29]
shell stdout: 
[INFO -- 2017-03-11 20:29:29]
shell stdout: 
[INFO -- 2017-03-11 20:29:29]
shell stdout: 
[INFO -- 2017-03-11 20:29:29]
shell stdout: 
[INFO -- 2017-03-11 20:29:30]
shell stdout: 
[INFO -- 2017-03-11 20:29:30]
shell stdout: 
[INFO -- 2017-03-11 20:29:30]
shell stdout: 
[INFO -- 2017-03-11 20:29:30]
shell stdout: 
[INFO -- 2017-03-11 20:29:30]
shell stdout: 
[INFO -- 2017-03-11 20:29:30]
shell stdout: 
[INFO -- 2017-03-11 20:29:31]
shell stdout: 
[INFO -- 2017-03-11 20:29:31]
shell stdout: 
[INFO -- 2017-03-11 20:29:31]
shell stdout: 
[INFO -- 2017-03-11 20:29:31]
shell stdout: 
[INFO -- 2017-03-11 20:29:31]
shell stdout: 
[INFO -- 2017-03-11 20:29:31]
shell stdout: 
[INFO -- 2017-03-11 20:29:31]
shell stdout: 
[INFO -- 2017-03-11 20:29:32]
shell stdout: 
[INFO -- 2017-03-11 20:29:32]
shell stdout: 
[INFO -- 2017-03-11 20:29:32]
shell stdout: 
[INFO -- 2017-03-11 20:29:32]
shell stdout: 
[INFO -- 2017-03-11 20:29:32]
shell stdout: 
[INFO -- 2017-03-11 20:29:32]
shell stdout: 
[INFO -- 2017-03-11 20:29:32]
shell stdout: 
[INFO -- 2017-03-11 20:29:32]
shell stdout: 
[INFO -- 2017-03-11 20:29:33]
shell stdout: 
[INFO -- 2017-03-11 20:29:33]
shell stdout: 
[INFO -- 2017-03-11 20:29:33]
shell stdout: 
[INFO -- 2017-03-11 20:29:33]
shell stdout: 
[INFO -- 2017-03-11 20:29:34]
shell stdout: 
[INFO -- 2017-03-11 20:29:34]
shell stdout: 
[INFO -- 2017-03-11 20:29:34]
shell stdout: 
[INFO -- 2017-03-11 20:29:34]
shell stdout: 
[INFO -- 2017-03-11 20:29:34]
shell stdout: 
[INFO -- 2017-03-11 20:30:02]
no gdbExecName running, out:
[INFO -- 2017-03-11 20:30:02]
checCmd:ps -e | grep -i gdb-mic
[INFO -- 2017-03-11 20:30:02]
finished now-timestampStart < maxWaitTime*5
[INFO -- 2017-03-11 20:30:02]
now: 1489282200
[INFO -- 2017-03-11 20:30:02]
timestampStart: 1489282156
[INFO -- 2017-03-11 20:30:02]
kill cmd: killall -9 gdb-mic
[INFO -- 2017-03-11 20:30:02]
shell stdout: 
[INFO -- 2017-03-11 20:30:03]
kill cmd: ssh -T mic0 killall -9 needle_check
[INFO -- 2017-03-11 20:30:03]
shell stdout: 
[INFO -- 2017-03-11 20:30:03]
kill cmd: ssh -T mic0 killall -9 gdbserver
[INFO -- 2017-03-11 20:30:03]
shell stdout: 
[INFO -- 2017-03-11 20:30:03]
kill cmd: ssh -T mic0 killall -9 sshd
[INFO -- 2017-03-11 20:30:03]
shell stdout: 
