[INFO -- 2017-03-06 23:31:36]
Starting GDB script
[INFO -- 2017-03-06 23:31:36]
initSignal:21.0
[INFO -- 2017-03-06 23:31:36]
endSignal:28.0
[INFO -- 2017-03-06 23:31:36]
seqSignal:15
[INFO -- 2017-03-06 23:31:58]
sending 15 signals using command: 'ssh -T mic1 killall -2 dgemm_check' after 21.0948458461s
[INFO -- 2017-03-06 23:31:58]
sending 15 signals using command: 'ssh -T mic1 killall -2 dgemm_check' after 21.6110576046s
[INFO -- 2017-03-06 23:31:58]
shell stdout: 
[INFO -- 2017-03-06 23:31:59]
shell stdout: 
[INFO -- 2017-03-06 23:31:59]
shell stdout: 
[INFO -- 2017-03-06 23:31:59]
shell stdout: 
[INFO -- 2017-03-06 23:31:59]
shell stdout: 
[INFO -- 2017-03-06 23:31:59]
shell stdout: 
[INFO -- 2017-03-06 23:32:00]
shell stdout: 
[INFO -- 2017-03-06 23:32:00]
shell stdout: 
[INFO -- 2017-03-06 23:32:00]
shell stdout: 
[INFO -- 2017-03-06 23:32:00]
shell stdout: 
[INFO -- 2017-03-06 23:32:00]
shell stdout: 
[INFO -- 2017-03-06 23:32:01]
shell stdout: 
[INFO -- 2017-03-06 23:32:01]
shell stdout: 
[INFO -- 2017-03-06 23:32:01]
shell stdout: 
[INFO -- 2017-03-06 23:32:01]
shell stdout: 
[INFO -- 2017-03-06 23:32:02]
shell stdout: 
[INFO -- 2017-03-06 23:32:02]
shell stdout: 
[INFO -- 2017-03-06 23:32:02]
shell stdout: 
[INFO -- 2017-03-06 23:32:02]
shell stdout: 
[INFO -- 2017-03-06 23:32:02]
shell stdout: 
[INFO -- 2017-03-06 23:32:02]
shell stdout: 
[INFO -- 2017-03-06 23:32:03]
shell stdout: 
[INFO -- 2017-03-06 23:32:03]
shell stdout: 
[INFO -- 2017-03-06 23:32:03]
sending 15 signals using command: 'ssh -T mic1 killall -2 dgemm_check' after 26.6142167189s
[INFO -- 2017-03-06 23:32:03]
shell stdout: 
[INFO -- 2017-03-06 23:32:03]
shell stdout: 
[INFO -- 2017-03-06 23:32:03]
shell stdout: 
[INFO -- 2017-03-06 23:32:04]
shell stdout: 
[INFO -- 2017-03-06 23:32:04]
shell stdout: 
[INFO -- 2017-03-06 23:32:04]
shell stdout: 
[INFO -- 2017-03-06 23:32:04]
shell stdout: 
[INFO -- 2017-03-06 23:32:04]
shell stdout: 
[INFO -- 2017-03-06 23:32:04]
shell stdout: 
[INFO -- 2017-03-06 23:32:05]
shell stdout: 
[INFO -- 2017-03-06 23:32:05]
shell stdout: 
[INFO -- 2017-03-06 23:32:05]
shell stdout: 
[INFO -- 2017-03-06 23:32:06]
shell stdout: 
[INFO -- 2017-03-06 23:32:06]
shell stdout: 
[INFO -- 2017-03-06 23:32:06]
shell stdout: 
[INFO -- 2017-03-06 23:32:07]
shell stdout: 
[INFO -- 2017-03-06 23:32:07]
shell stdout: 
[INFO -- 2017-03-06 23:32:08]
shell stdout: 
[INFO -- 2017-03-06 23:32:08]
shell stdout: 
[INFO -- 2017-03-06 23:32:09]
shell stdout: 
[INFO -- 2017-03-06 23:32:09]
shell stdout: 
[INFO -- 2017-03-06 23:32:09]
shell stdout: 
[INFO -- 2017-03-06 23:38:58]
finished due now-timestampStart > maxWaitTime*5
[INFO -- 2017-03-06 23:38:58]
now: 1488861538
[INFO -- 2017-03-06 23:38:58]
timestampStart: 1488861096
[INFO -- 2017-03-06 23:38:58]
kill cmd: killall -9 gdb-mic
[INFO -- 2017-03-06 23:38:58]
shell stdout: 
[INFO -- 2017-03-06 23:38:58]
kill cmd: ssh -T mic1 killall -9 dgemm_check
[INFO -- 2017-03-06 23:38:58]
shell stdout: 
[INFO -- 2017-03-06 23:38:59]
kill cmd: ssh -T mic1 killall -9 gdbserver
[INFO -- 2017-03-06 23:38:59]
shell stdout: 
[INFO -- 2017-03-06 23:38:59]
kill cmd: ssh -T mic1 killall -9 sshd
[INFO -- 2017-03-06 23:38:59]
shell stdout: 
