#HEADER max_rows:16384 max_cols:16384 penalty:10 omp_num_threads:228
#BEGIN Y:2016 M:10 D:12 Time:05:40:16
#IT Ite:0 KerTime:1.042701 AccTime:1.042701
#ERR  p: [1296, 43], r: 2147483605, e: -10
#ERR  p: [1728, 24], r: 2147483638, e: -2
#ERR  p: [1656, 24], r: 2147483630, e: -10
#ERR  p: [1512, 24], r: 2147483640, e: -8
#ERR  p: [1440, 33], r: 2147483626, e: -10
#ERR  p: [1584, 36], r: 2147483615, e: -10
#ERR  p: [720, 27], r: 2147483632, e: -10
#ERR  p: [144, 25], r: 2147483625, e: -10
#ERR  p: [72, 41], r: 2147483585, e: -10
#ERR  p: [288, 31], r: 2147483616, e: -10
#ERR  p: [1152, 30], r: 2147483631, e: -10
#ERR  p: [936, 28], r: 2147483633, e: -10
#ERR  p: [504, 37], r: 2147483606, e: -10
#ERR  p: [360, 51], r: 2147483546, e: -10
#ERR  p: [648, 63], r: 2147483554, e: -8
#ERR  p: [432, 27], r: 2147483640, e: -3
#ERR  p: [792, 39], r: 2147483602, e: -10
#ERR  p: [576, 63], r: 2147483553, e: -10
#ERR  p: [216, 83], r: 2147483512, e: -10
#ERR  p: [1368, 39], r: 2147483603, e: -10
#ERR  p: [1224, 76], r: 2147483517, e: -9
#ERR  p: [1080, 21], r: 2147483636, e: -10
#ERR  p: [1944, 24], r: 2147483637, e: -9
#ERR  p: [1872, 22], r: 2147483636, e: -10
#ERR  p: [1800, 73], r: 2147483516, e: -10
#ERR  p: [864, 50], r: 2147483564, e: -10
#ERR  p: [1008, 30], r: 2147483632, e: -9
#ERR  p: [1296, 44], r: 2147483624, e: -6
#ERR  p: [1728, 25], r: 2147483628, e: -10
#ERR  p: [1656, 25], r: 2147483620, e: -10
#ERR  p: [1512, 25], r: 2147483633, e: -5
#ERR  p: [2088, 38], r: 2147483604, e: -10
#ERR  p: [1440, 34], r: 2147483623, e: -10
#ERR  p: [1584, 37], r: 2147483615, e: -10
#ERR  p: [2016, 22], r: 2147483633, e: -10
#ERR  p: [2232, 58], r: 2147483543, e: -10
#ERR  p: [2160, 39], r: 2147483595, e: -10
#ERR  p: [144, 26], r: 2147483619, e: -10
#ERR  p: [720, 28], r: 2147483628, e: -9
#ERR  p: [2376, 63], r: 2147483559, e: -6
#ERR  p: [2592, 27], r: 2147483625, e: -10
#ERR  p: [72, 42], r: 2147483601, e: -10
#ERR  p: [288, 32], r: 2147483617, e: -10
#ERR  p: [2664, 27], r: 2147483623, e: -10
#ERR  p: [1152, 31], r: 2147483621, e: -10
#ERR  p: [1800, 74], r: 2147483527, e: -10
#ERR  p: [1008, 31], r: 2147483624, e: -10
#ERR  p: [216, 84], r: 2147483526, e: -10
#ERR  p: [1728, 26], r: 2147483618, e: -10
#ERR  p: [1656, 26], r: 2147483612, e: -10
#ERR  p: [1080, 22], r: 2147483626, e: -10
#ERR  p: [1944, 25], r: 2147483630, e: -10
#ERR  p: [1512, 26], r: 2147483623, e: -10
#ERR  p: [864, 51], r: 2147483606, e: -1
#ERR  p: [648, 64], r: 2147483567, e: -2
#ERR  p: [2088, 39], r: 2147483614, e: -5
#ERR  p: [1224, 77], r: 2147483533, e: -10
#ERR  p: [576, 64], r: 2147483560, e: -10
#ERR  p: [936, 29], r: 2147483623, e: -10
#ERR  p: [360, 52], r: 2147483591, e: -6
#ERR  p: [432, 28], r: 2147483630, e: -10
#ERR  p: [1368, 40], r: 2147483608, e: -10
#ERR  p: [504, 38], r: 2147483626, e: -7
#ERR  p: [1296, 45], r: 2147483614, e: -10
#ERR  p: [1872, 23], r: 2147483626, e: -10
#ERR  p: [792, 40], r: 2147483615, e: -8
#ERR  p: [1440, 35], r: 2147483620, e: -6
#ERR  p: [1584, 38], r: 2147483625, e: -7
#ERR  p: [2016, 23], r: 2147483627, e: -9
#ERR  p: [2232, 59], r: 2147483573, e: -10
#ERR  p: [2160, 40], r: 2147483620, e: -10
#ERR  p: [144, 27], r: 2147483624, e: 10
#ERR  p: [720, 29], r: 2147483618, e: -10
#ERR  p: [2376, 64], r: 2147483568, e: -5
#ERR  p: [2808, 61], r: 2147483544, e: -10
#ERR  p: [2736, 28], r: 2147483631, e: -9
#ERR  p: [16243, 29], r: 2147483613, e: -6
#ERR  p: [2448, 21], r: 2147483636, e: -10
#ERR  p: [16172, 50], r: 2147483572, e: -10
#ERR  p: [2304, 33], r: 2147483621, e: -10
#ERR  p: [5256, 39], r: 2147483619, e: -10
#ERR  p: [2520, 36], r: 2147483608, e: -3
#ERR  p: [16101, 25], r: 2147483633, e: -10
#ERR  p: [16314, 30], r: 2147483610, e: -10
#ERR  p: [15036, 40], r: 2147483598, e: -10
#ERR  p: [15604, 42], r: 2147483593, e: -1
#ERR  p: [15888, 73], r: 2147483550, e: -10
#ERR  p: [6192, 84], r: 2147483510, e: -9
#ERR  p: [7344, 44], r: 2147483586, e: -10
#ERR  p: [15533, 61], r: 2147483573, e: -10
#ERR  p: [14184, 27], r: 2147483622, e: -10
#ERR  p: [15249, 24], r: 2147483621, e: -8
#ERR  p: [14823, 29], r: 2147483625, e: -10
#ERR  p: [5040, 53], r: 2147483576, e: -10
#ERR  p: [15675, 21], r: 2147483636, e: -10
#ERR  p: [14894, 26], r: 2147483641, e: -7
#ERR  p: [7272, 58], r: 2147483566, e: -3
#ERR  p: [5400, 43], r: 2147483578, e: -10
#ERR  p: [15320, 22], r: 2147483637, e: -9
#ERR  p: [5544, 42], r: 2147483594, e: -10
#ERR  p: [4896, 51], r: 2147483566, e: -10
#ERR  p: [5976, 36], r: 2147483595, e: -10
#ERR  p: [15391, 24], r: 2147483632, e: -10
#ERR  p: [5112, 30], r: 2147483610, e: -10
#ERR  p: [5760, 63], r: 2147483573, e: -6
#ERR  p: [5904, 46], r: 2147483600, e: -10
#ERR  p: [6120, 56], r: 2147483564, e: -10
#ERR  p: [15107, 59], r: 2147483557, e: -9
#ERR  p: [6408, 58], r: 2147483550, e: -10
#ERR  p: [15178, 21], r: 2147483636, e: -10
#ERR  p: [4968, 21], r: 2147483637, e: -10
#ERR  p: [15462, 22], r: 2147483639, e: -9
#ERR  p: [14112, 24], r: 2147483645, e: 0
#ERR  p: [15959, 43], r: 2147483590, e: -8
#ERR  p: [15746, 82], r: 2147483508, e: -10
#ERR  p: [7200, 50], r: 2147483588, e: -8
#ERR  p: [5832, 29], r: 2147483617, e: -8
#ERR  p: [5328, 56], r: 2147483595, e: -10
#ERR  p: [5616, 62], r: 2147483564, e: -10
#ERR  p: [6696, 21], r: 2147483637, e: -10
#ERR  p: [6624, 27], r: 2147483636, e: -5
#ERR  p: [6264, 21], r: 2147483636, e: -10
#ERR  p: [6768, 24], r: 2147483636, e: -10
#ERR  p: [6048, 31], r: 2147483621, e: -9
#ERR  p: [288, 33], r: 2147483609, e: -10
#ERR  p: [6552, 43], r: 2147483581, e: -10
#ERR  p: [13968, 22], r: 2147483632, e: -10
#ERR  p: [14040, 64], r: 2147483545, e: -6
#ERR  p: [13824, 32], r: 2147483622, e: -10
#ERR  p: [14965, 92], r: 2147483510, e: -10
#ERR  p: [14752, 21], r: 2147483636, e: -10
#ERR  p: [14397, 23], r: 2147483632, e: -10
#ERR  p: [13896, 58], r: 2147483562, e: -8
#ERR  p: [14610, 53], r: 2147483578, e: -10
#ERR  p: [6480, 68], r: 2147483543, e: -8
#ERR  p: [6336, 24], r: 2147483630, e: -10
#ERR  p: [14681, 26], r: 2147483636, e: -7
#ERR  p: [14468, 22], r: 2147483641, e: -5
#ERR  p: [7488, 33], r: 2147483619, e: -8
#ERR  p: [15817, 36], r: 2147483618, e: -10
#ERR  p: [14255, 42], r: 2147483603, e: -6
#ERR  p: [14539, 40], r: 2147483608, e: -10
#ERR  p: [4680, 22], r: 2147483641, e: -7
#ERR  p: [7560, 26], r: 2147483630, e: -10
#ERR  p: [14326, 59], r: 2147483558, e: -10
#ERR  p: [4752, 52], r: 2147483572, e: -8
#ERR  p: [2592, 28], r: 2147483620, e: -10
#ERR  p: [5688, 27], r: 2147483628, e: -10
#ERR  p: [72, 43], r: 2147483594, e: -10
#ERR  p: [5184, 41], r: 2147483593, e: -10
#ERR  p: [7416, 34], r: 2147483605, e: -10
#ERR  p: [16030, 51], r: 2147483564, e: -10
#ERR  p: [24, 21], r: 2147483637, e: -10
#ERR  p: [2664, 28], r: 2147483614, e: -10
#ERR  p: [6840, 91], r: 2147483493, e: -10
#ERR  p: [1152, 32], r: 2147483613, e: -10
#ERR  p: [8568, 38], r: 2147483600, e: -10
#ERR  p: [1800, 75], r: 2147483575, e: -9
#ERR  p: [3888, 77], r: 2147483545, e: -10
#ERR  p: [4608, 40], r: 2147483598, e: -9
#ERR  p: [6984, 92], r: 2147483458, e: -10
#ERR  p: [4824, 35], r: 2147483613, e: -10
#ERR  p: [7056, 31], r: 2147483626, e: -6
#ERR  p: [3816, 28], r: 2147483611, e: -10
#ERR  p: [2952, 24], r: 2147483628, e: -10
#ERR  p: [7848, 50], r: 2147483570, e: -10
#ERR  p: [7704, 32], r: 2147483611, e: -10
#ERR  p: [7632, 22], r: 2147483639, e: -9
#ERR  p: [3024, 78], r: 2147483526, e: -10
#ERR  p: [1008, 32], r: 2147483620, e: -7
#ERR  p: [7128, 26], r: 2147483624, e: -10
#ERR  p: [8424, 62], r: 2147483585, e: 0
#ERR  p: [8784, 44], r: 2147483586, e: -10
#ERR  p: [8136, 50], r: 2147483583, e: -8
#ERR  p: [3528, 108], r: 2147483482, e: -10
#ERR  p: [7992, 24], r: 2147483633, e: -10
#ERR  p: [8352, 26], r: 2147483624, e: -10
#ERR  p: [216, 85], r: 2147483557, e: -8
#ERR  p: [4392, 65], r: 2147483547, e: -8
#ERR  p: [4104, 22], r: 2147483637, e: -9
#ERR  p: [4464, 34], r: 2147483615, e: -10
#ERR  p: [11880, 42], r: 2147483584, e: -10
#ERR  p: [3240, 28], r: 2147483624, e: -10
#ERR  p: [3960, 44], r: 2147483593, e: -10
#ERR  p: [6912, 25], r: 2147483630, e: -10
#ERR  p: [12528, 21], r: 2147483637, e: -10
#ERR  p: [11016, 96], r: 2147483493, e: -10
#ERR  p: [10944, 29], r: 2147483638, e: -10
#ERR  p: [12312, 22], r: 2147483635, e: -10
#ERR  p: [5472, 21], r: 2147483636, e: -10
#ERR  p: [11952, 24], r: 2147483632, e: -10
#ERR  p: [1656, 27], r: 2147483633, e: -10
#ERR  p: [10656, 22], r: 2147483635, e: -10
#ERR  p: [10728, 30], r: 2147483617, e: -10
#ERR  p: [3744, 26], r: 2147483626, e: -10
#ERR  p: [7920, 28], r: 2147483629, e: -9
#ERR  p: [10872, 32], r: 2147483614, e: -10
#ERR  p: [1728, 27], r: 2147483639, e: -9
#ERR  p: [12096, 53], r: 2147483558, e: -10
#ERR  p: [3312, 22], r: 2147483634, e: -10
#ERR  p: [11088, 24], r: 2147483642, e: -6
#ERR  p: [2880, 54], r: 2147483578, e: -8
#ERR  p: [3096, 36], r: 2147483606, e: -9
#ERR  p: [12168, 65], r: 2147483545, e: -10
#ERR  p: [8712, 29], r: 2147483609, e: -10
#ERR  p: [8856, 38], r: 2147483600, e: -8
#ERR  p: [8640, 41], r: 2147483610, e: -10
#ERR  p: [8208, 22], r: 2147483636, e: -10
#ERR  p: [8496, 28], r: 2147483623, e: -10
#ERR  p: [3600, 36], r: 2147483607, e: -10
#ERR  p: [9936, 36], r: 2147483609, e: -1
#ERR  p: [13608, 48], r: 2147483572, e: -10
#ERR  p: [9648, 21], r: 2147483636, e: -10
#ERR  p: [9864, 65], r: 2147483550, e: -10
#ERR  p: [4176, 26], r: 2147483636, e: -10
#ERR  p: [4032, 33], r: 2147483616, e: -10
#ERR  p: [13752, 63], r: 2147483568, e: -6
#ERR  p: [10296, 26], r: 2147483626, e: -10
#ERR  p: [9504, 31], r: 2147483634, e: -3
#ERR  p: [13680, 33], r: 2147483617, e: -10
#ERR  p: [9720, 23], r: 2147483635, e: -10
#ERR  p: [13032, 38], r: 2147483601, e: -10
#ERR  p: [9576, 98], r: 2147483478, e: -10
#ERR  p: [10224, 37], r: 2147483616, e: -6
#ERR  p: [13104, 40], r: 2147483590, e: -10
#ERR  p: [10584, 29], r: 2147483614, e: -10
#ERR  p: [11592, 88], r: 2147483518, e: -10
#ERR  p: [10512, 35], r: 2147483621, e: -10
#ERR  p: [13320, 73], r: 2147483559, e: -9
#ERR  p: [1080, 23], r: 2147483616, e: -5
#ERR  p: [11664, 26], r: 2147483632, e: -10
#ERR  p: [11160, 37], r: 2147483609, e: -10
#ERR  p: [12456, 73], r: 2147483558, e: -10
#ERR  p: [10368, 50], r: 2147483560, e: -10
#ERR  p: [11520, 35], r: 2147483623, e: -10
#ERR  p: [11448, 60], r: 2147483523, e: -10
#ERR  p: [11232, 80], r: 2147483512, e: -10
#ERR  p: [11736, 93], r: 2147483463, e: -10
#ERR  p: [10440, 35], r: 2147483606, e: -10
#ERR  p: [10800, 59], r: 2147483558, e: -10
#ERR  p: [1944, 26], r: 2147483620, e: -9
#ERR  p: [1512, 27], r: 2147483628, e: -10
#ERR  p: [864, 52], r: 2147483596, e: -10
#ERR  p: [648, 65], r: 2147483571, e: -8
#ERR  p: [2088, 40], r: 2147483604, e: -10
#ERR  p: [3384, 83], r: 2147483494, e: -7
#ERR  p: [12240, 25], r: 2147483635, e: -10
#ERR  p: [11808, 82], r: 2147483510, e: -9
#ERR  p: [12024, 23], r: 2147483632, e: -10
#ERR  p: [1224, 78], r: 2147483547, e: -10
#ERR  p: [360, 53], r: 2147483585, e: -10
#ERR  p: [11304, 36], r: 2147483604, e: -10
#ERR  p: [576, 65], r: 2147483589, e: -10
#ERR  p: [936, 30], r: 2147483620, e: -8
#ERR  p: [4536, 63], r: 2147483542, e: -10
#ERR  p: [432, 29], r: 2147483620, e: -6
#ERR  p: [9144, 24], r: 2147483630, e: -10
#ERR  p: [1368, 41], r: 2147483609, e: -9
#ERR  p: [1872, 24], r: 2147483617, e: -4
#ERR  p: [4320, 40], r: 2147483598, e: -10
#ERR  p: [504, 39], r: 2147483616, e: -10
#ERR  p: [1296, 46], r: 2147483612, e: -8
#ERR  p: [792, 41], r: 2147483620, e: -7
#ERR  p: [3168, 104], r: 2147483491, e: -10
#ERR  p: [8928, 35], r: 2147483619, e: -10
#ERR  p: [9072, 75], r: 2147483521, e: -8
#ERR  p: [7776, 67], r: 2147483575, e: -3
#ERR  p: [9000, 22], r: 2147483635, e: -10
#ERR  p: [12600, 65], r: 2147483528, e: -10
#ERR  p: [720, 30], r: 2147483626, e: -10
#ERR  p: [9288, 49], r: 2147483561, e: -10
#ERR  p: [1440, 36], r: 2147483610, e: -10
#ERR  p: [2016, 24], r: 2147483617, e: -8
#ERR  p: [1584, 39], r: 2147483633, e: -3
#ERR  p: [9216, 26], r: 2147483643, e: -5
#ERR  p: [12888, 25], r: 2147483632, e: -10
#ERR  p: [16243, 30], r: 2147483624, e: -10
#ERR  p: [2232, 60], r: 2147483588, e: -9
#ERR  p: [144, 28], r: 2147483636, e: 0
#ERR  p: [10152, 80], r: 2147483524, e: -9
#ERR  p: [9432, 62], r: 2147483550, e: -6
#ERR  p: [2160, 41], r: 2147483617, e: -10
#ERR  p: [9360, 67], r: 2147483543, e: -10
#ERR  p: [12672, 24], r: 2147483634, e: -10
#ERR  p: [3672, 25], r: 2147483629, e: -10
#ERR  p: [12744, 35], r: 2147483612, e: -10
#ERR  p: [16172, 51], r: 2147483583, e: -10
#ERR  p: [9792, 33], r: 2147483623, e: -10
#ERR  p: [2376, 65], r: 2147483572, e: -10
#ERR  p: [5256, 40], r: 2147483627, e: -10
#ERR  p: [14823, 30], r: 2147483629, e: -7
#ERR  p: [15533, 62], r: 2147483591, e: -9
#ERR  p: [16314, 31], r: 2147483614, e: -10
#ERR  p: [2736, 29], r: 2147483621, e: -10
#ERR  p: [4968, 22], r: 2147483627, e: -10
#ERR  p: [7344, 45], r: 2147483585, e: -10
#ERR  p: [14112, 25], r: 2147483635, e: -10
#ERR  p: [15249, 25], r: 2147483634, e: -7
#ERR  p: [15604, 43], r: 2147483601, e: -10
#ERR  p: [4896, 52], r: 2147483584, e: -10
#ERR  p: [13536, 31], r: 2147483624, e: -10
#ERR  p: [7272, 59], r: 2147483574, e: -10
#ERR  p: [2448, 22], r: 2147483626, e: -10
#ERR  p: [5040, 54], r: 2147483591, e: -9
#ERR  p: [2520, 37], r: 2147483610, e: -10
#ERR  p: [14184, 28], r: 2147483612, e: -10
#ERR  p: [15888, 74], r: 2147483578, e: -2
#ERR  p: [16101, 26], r: 2147483625, e: -10
#ERR  p: [15462, 23], r: 2147483629, e: -10
#ERR  p: [6192, 85], r: 2147483559, e: -10
#ERR  p: [15959, 44], r: 2147483594, e: -10
#ERR  p: [15675, 22], r: 2147483635, e: -10
#ERR  p: [2304, 34], r: 2147483614, e: -10
#ERR  p: [15036, 41], r: 2147483611, e: -10
#ERR  p: [5832, 30], r: 2147483627, e: -7
#ERR  p: [5328, 57], r: 2147483600, e: -10
#ERR  p: [10008, 22], r: 2147483634, e: -10
#ERR  p: [14894, 27], r: 2147483631, e: -10
#ERR  p: [15320, 23], r: 2147483627, e: -10
#ERR  p: [5976, 37], r: 2147483598, e: -10
#ERR  p: [5400, 44], r: 2147483588, e: -10
#ERR  p: [5544, 43], r: 2147483606, e: -7
#ERR  p: [5904, 47], r: 2147483612, e: -10
#ERR  p: [6120, 57], r: 2147483581, e: -10
#ERR  p: [15107, 60], r: 2147483562, e: -10
#ERR  p: [15746, 83], r: 2147483515, e: -10
#ERR  p: [12960, 40], r: 2147483604, e: -10
#ERR  p: [8280, 63], r: 2147483539, e: -10
#ERR  p: [13176, 34], r: 2147483626, e: -2
#ERR  p: [15391, 25], r: 2147483623, e: -10
#ERR  p: [6408, 59], r: 2147483586, e: 0
#ERR  p: [11376, 66], r: 2147483564, e: -4
#ERR  p: [6768, 25], r: 2147483635, e: -3
#ERR  p: [15178, 22], r: 2147483626, e: -10
#ERR  p: [5112, 31], r: 2147483620, e: -10
#ERR  p: [7200, 51], r: 2147483591, e: -10
#ERR  p: [8064, 30], r: 2147483632, e: -6
#ERR  p: [13392, 38], r: 2147483617, e: -10
#ERR  p: [5760, 64], r: 2147483575, e: -10
#ERR  p: [3456, 41], r: 2147483608, e: -6
#ERR  p: [5616, 63], r: 2147483578, e: -10
#ERR  p: [10080, 90], r: 2147483480, e: -10
#ERR  p: [13464, 28], r: 2147483631, e: -1
#ERR  p: [6696, 22], r: 2147483627, e: -10
#ERR  p: [4248, 37], r: 2147483599, e: -10
#ERR  p: [6624, 28], r: 2147483626, e: -10
#ERR  p: [13248, 56], r: 2147483565, e: -10
#ERR  p: [6264, 22], r: 2147483626, e: -10
#ERR  p: [6048, 32], r: 2147483623, e: -10
#ERR  p: [288, 34], r: 2147483614, e: -10
#ERR  p: [14610, 54], r: 2147483599, e: -10
#ERR  p: [6552, 44], r: 2147483585, e: -10
#ERR  p: [13968, 23], r: 2147483622, e: -10
#ERR  p: [14040, 65], r: 2147483565, e: -10
#ERR  p: [13824, 33], r: 2147483617, e: -10
#ERR  p: [14965, 93], r: 2147483510, e: -10
#ERR  p: [14752, 22], r: 2147483626, e: -8
#ERR  p: [14397, 24], r: 2147483625, e: -10
#ERR  p: [13896, 59], r: 2147483576, e: -10
#ERR  p: [12384, 27], r: -10, e: 5
#ERR  p: [6480, 69], r: 2147483551, e: -10
#ERR  p: [14681, 27], r: 2147483635, e: -5
#ERR  p: [6336, 25], r: 2147483626, e: -8
#ERR  p: [14468, 23], r: 2147483631, e: -8
#ERR  p: [7488, 34], r: 2147483609, e: -10
#ERR  p: [14255, 43], r: 2147483607, e: -7
#ERR  p: [15817, 37], r: 2147483619, e: -10
#ERR  p: [2808, 62], r: 2147483558, e: -10
#ERR  p: [7560, 27], r: 2147483622, e: -10
#ERR  p: [14326, 60], r: 2147483563, e: -10
#ERR  p: [12816, 37], r: 2147483599, e: -10
#ERR  p: [4680, 23], r: 2147483631, e: -10
#ERR  p: [14539, 41], r: 2147483617, e: -10
#ERR  p: [4752, 53], r: 2147483599, e: -3
#ERR  p: [2592, 29], r: 2147483610, e: -10
#ERR  p: [5688, 28], r: 2147483624, e: -6
#ERR  p: [24, 22], r: 2147483627, e: -10
#ERR  p: [7416, 35], r: 2147483619, e: -10
#ERR  p: [2664, 29], r: 2147483610, e: -10
#ERR  p: [4608, 41], r: 2147483617, e: -9
#ERR  p: [4824, 36], r: 2147483628, e: -10
#ERR  p: [2952, 25], r: 2147483622, e: -10
#ERR  p: [1008, 33], r: 2147483624, e: -10
#ERR  p: [16030, 52], r: 2147483576, e: -10
#ERR  p: [3024, 79], r: 2147483559, e: -10
#ERR  p: [8424, 63], r: 2147483596, e: -9
#ERR  p: [72, 44], r: 2147483598, e: -10
#ERR  p: [7704, 33], r: 2147483615, e: -10
#ERR  p: [6984, 93], r: 2147483488, e: -5
#ERR  p: [7128, 27], r: 2147483614, e: -10
#ERR  p: [5184, 42], r: 2147483610, e: -10
#ERR  p: [1152, 33], r: 2147483618, e: -10
#ERR  p: [7632, 23], r: 2147483629, e: -4
#ERR  p: [7848, 51], r: 2147483585, e: -10
#ERR  p: [8568, 39], r: 2147483610, e: -8
#ERR  p: [3816, 29], r: 2147483626, e: -9
#ERR  p: [6840, 92], r: 2147483523, e: -10
#ERR  p: [3888, 78], r: 2147483575, e: -10
#ERR  p: [1800, 76], r: 2147483575, e: -10
#ERR  p: [7056, 32], r: 2147483616, e: -10
#ERR  p: [1728, 28], r: 2147483630, e: -10
#ERR  p: [3312, 23], r: 2147483626, e: -6
#ERR  p: [3096, 37], r: 2147483609, e: -10
#ERR  p: [11088, 25], r: 2147483633, e: -10
#ERR  p: [2880, 55], r: 2147483572, e: -8
#ERR  p: [8856, 39], r: 2147483595, e: -10
#ERR  p: [8640, 42], r: 2147483609, e: -10
#ERR  p: [8496, 29], r: 2147483613, e: -10
#ERR  p: [9936, 37], r: 2147483616, e: -9
#ERR  p: [9864, 66], r: 2147483573, e: -7
#ERR  p: [8208, 23], r: 2147483628, e: -10
#ERR  p: [3600, 37], r: 2147483615, e: -10
#ERR  p: [13608, 49], r: 2147483580, e: -10
#ERR  p: [9648, 22], r: 2147483626, e: -10
#ERR  p: [4176, 27], r: 2147483626, e: -10
#ERR  p: [9720, 24], r: 2147483625, e: -10
#ERR  p: [8136, 51], r: 2147483598, e: -10
#ERR  p: [8784, 45], r: 2147483624, e: 6
#ERR  p: [10584, 30], r: 2147483622, e: -10
#ERR  p: [3528, 109], r: 2147483490, e: -10
#ERR  p: [4032, 34], r: 2147483606, e: -10
#ERR  p: [11664, 27], r: 2147483622, e: -10
#ERR  p: [13032, 39], r: 2147483630, e: -1
#ERR  p: [10224, 38], r: 2147483610, e: -10
#ERR  p: [13104, 41], r: 2147483609, e: -10
#ERR  p: [1080, 24], r: 2147483606, e: -10
#ERR  p: [10512, 36], r: 2147483611, e: -10
#ERR  p: [13752, 64], r: 2147483580, e: -10
#ERR  p: [7992, 25], r: 2147483630, e: -4
#ERR  p: [8352, 27], r: 2147483623, e: -9
#ERR  p: [9504, 32], r: 2147483624, e: -10
#ERR  p: [576, 66], r: 2147483597, e: -10
#ERR  p: [10944, 30], r: 2147483637, e: -5
#ERR  p: [13320, 74], r: 2147483556, e: -10
#ERR  p: [4392, 66], r: 2147483561, e: -10
#ERR  p: [11880, 43], r: 2147483590, e: -10
#ERR  p: [12168, 66], r: 2147483558, e: -9
#ERR  p: [10800, 60], r: 2147483568, e: -10
#ERR  p: [1656, 28], r: 2147483623, e: -10
#ERR  p: [10368, 51], r: 2147483596, e: -2
#ERR  p: [11160, 38], r: 2147483616, e: -10
#ERR  p: [10440, 36], r: 2147483612, e: -10
#ERR  p: [11232, 81], r: 2147483512, e: -10
#ERR  p: [11520, 36], r: 2147483618, e: -10
#ERR  p: [10656, 23], r: 2147483625, e: -10
#ERR  p: [12456, 74], r: 2147483571, e: -10
#ERR  p: [3744, 27], r: 2147483621, e: -8
#ERR  p: [10872, 33], r: 2147483619, e: -10
#ERR  p: [10296, 27], r: 2147483625, e: -8
#ERR  p: [3960, 45], r: 2147483599, e: -10
#ERR  p: [360, 54], r: 2147483585, e: -10
#ERR  p: [2088, 41], r: 2147483609, e: -5
#ERR  p: [4536, 64], r: 2147483562, e: -10
#ERR  p: [13680, 34], r: 2147483611, e: -10
#ERR  p: [1224, 79], r: 2147483575, e: -10
#ERR  p: [1872, 25], r: 2147483633, e: -10
#ERR  p: [11304, 37], r: 2147483614, e: -10
#ERR  p: [11448, 61], r: 2147483568, e: -9
#ERR  p: [11952, 25], r: 2147483624, e: -6
#ERR  p: [10728, 31], r: 2147483626, e: -10
#ERR  p: [12096, 54], r: 2147483572, e: -10
#ERR  p: [5472, 22], r: 2147483626, e: -9
#ERR  p: [936, 31], r: 2147483635, e: -7
#ERR  p: [7920, 29], r: 2147483628, e: -5
#ERR  p: [11592, 89], r: 2147483529, e: -10
#ERR  p: [8712, 30], r: 2147483619, e: -10
#ERR  p: [12312, 23], r: 2147483625, e: -10
#ERR  p: [12024, 24], r: 2147483625, e: -10
#ERR  p: [8928, 36], r: 2147483615, e: -9
#ERR  p: [1368, 42], r: 2147483613, e: -10
#ERR  p: [9576, 99], r: 2147483506, e: -10
#ERR  p: [3384, 84], r: 2147483537, e: 2
#ERR  p: [1512, 28], r: 2147483619, e: -10
#ERR  p: [12528, 22], r: 2147483627, e: -3
#ERR  p: [4104, 23], r: 2147483627, e: -8
#ERR  p: [1296, 47], r: 2147483606, e: -10
#ERR  p: [504, 40], r: 2147483612, e: -8
#ERR  p: [648, 66], r: 2147483569, e: -10
#ERR  p: [864, 53], r: 2147483589, e: -10
#ERR  p: [1944, 27], r: 2147483610, e: -6
#ERR  p: [432, 30], r: 2147483632, e: -10
#ERR  p: [11808, 83], r: 2147483526, e: -10
#ERR  p: [9144, 25], r: 2147483632, e: -3
#ERR  p: [12240, 26], r: 2147483626, e: -10
#ERR  p: [3240, 29], r: 2147483633, e: -9
#ERR  p: [6912, 26], r: 2147483623, e: -10
#ERR  p: [216, 86], r: 2147483563, e: -7
#ERR  p: [11016, 97], r: 2147483498, e: -10
#ERR  p: [7776, 68], r: 2147483565, e: -10
#ERR  p: [4464, 35], r: 2147483631, e: -4
#ERR  p: [11736, 94], r: 2147483506, e: -10
#ERR  p: [4320, 41], r: 2147483619, e: -10
#ERR  p: [9072, 76], r: 2147483526, e: -10
#ERR  p: [792, 42], r: 2147483611, e: -10
#ERR  p: [12600, 66], r: 2147483545, e: -10
#ERR  p: [3168, 105], r: 2147483496, e: -10
#ERR  p: [720, 31], r: 2147483620, e: -10
#ERR  p: [1440, 37], r: 2147483603, e: -6
#ERR  p: [9288, 50], r: 2147483581, e: -10
#ERR  p: [9000, 23], r: 2147483625, e: -4
