2016-10-21 10:37:47:Initialization strings:
2016-10-21 10:37:47:(1) target extended-remote | ssh -T mic0 gdbserver --multi -
2016-10-21 10:37:47:(2) set sysroot /opt/mpss/3.7/sysroots/k1om-mpss-linux/
2016-10-21 10:37:47:(3) set sysroot /opt/mpss/3.7/sysroots/k1om-mpss-linux/
2016-10-21 10:37:47:(4) file /micNfs/gdb-fault-injection-hotspot/bin/hotspot_check
2016-10-21 10:37:47:(5) set remote exec-file /micNfs/gdb-fault-injection-hotspot/bin/hotspot_check
2016-10-21 10:37:47:(6) set args 1024 1024 2000 228 /micNfs/gdb-fault-injection-hotspot/bin/temp_1024 /micNfs/gdb-fault-injection-hotspot/bin/power_1024 /micNfs/gdb-fault-injection-hotspot/bin/GOLD_1024-2000-228
2016-10-21 10:37:47:Trying Fault Injection
2016-10-21 10:37:47:Backtrace BEGIN:
2016-10-21 10:37:47:#0  __GI___waitpid (pid=116478, stat_loc=stat_loc@entry=0x7fffffffe268, options=options@entry=0) at ../sysdeps/unix/sysv/linux/waitpid.c:31
#1  0x00007ffff710f41b in do_system (line=<optimized out>) at ../sysdeps/posix/system.c:148
#2  0x0000000000405ccc in update_timestamp () at ../../include/log_helper.c:107
#3  start_log_file (benchmark_name=0x1c6fe <error: Cannot access memory at address 0x1c6fe>, test_info=0x7fffffffe268 "") at ../../include/log_helper.c:196
#4  0x0000000000401681 in main (argc=116478, argv=0x7fffffffe268) at hotspot_check.c:254

2016-10-21 10:37:47:26	in ../sysdeps/unix/sysv/linux/waitpid.c

2016-10-21 10:37:47:Backtrace END
2016-10-21 10:37:48:Type: The type is an integer type.
2016-10-21 10:37:48:Type sizeof: 8
2016-10-21 10:37:48:Mem contents(hex):0x000x000x000x000x000x000x000x00
2016-10-21 10:37:48:base address to flip value: 0x608e80 
2016-10-21 10:37:48:address max offset: 8
2016-10-21 10:37:48:Memory content before bitflip:0x000x000x000x000x000x000x000x00
2016-10-21 10:37:48:Memory content after  bitflip:0x000x000x000x000x000x080x000x00
2016-10-21 10:37:48:Mem contents(hex):0x000x000x000x000x000x080x000x00
2016-10-21 10:37:48:frame name: start_log_file
2016-10-21 10:37:48:symbol name: kernels_total_errors
2016-10-21 10:37:48:symbol filename: ../../include/log_helper.c
2016-10-21 10:37:48:symbol line: 60
2016-10-21 10:37:48:value: 8796093022208
2016-10-21 10:37:48:value address: 0x608e80 <kernels_total_errors>
2016-10-21 10:37:48:Type: The type is an integer type.
2016-10-21 10:37:48:Type sizeof: 8
2016-10-21 10:37:48:Fault Injection Successful after 1.03871011734s
2016-10-21 10:37:53:Fault Already Injected
2016-10-21 10:37:54:Fault Already Injected
2016-10-21 10:37:55:Fault Already Injected
2016-10-21 10:37:57:Fault Already Injected
2016-10-21 10:37:57:Fault Already Injected
2016-10-21 10:37:58:Fault Already Injected
2016-10-21 10:38:00:Fault Already Injected
2016-10-21 10:38:01:Fault Already Injected
2016-10-21 10:38:01:Fault Already Injected
2016-10-21 10:38:02:event type: exit
2016-10-21 10:38:02:exit code: 0
