2016-10-16 00:36:53:Starting GDB script
2016-10-16 00:36:55:sending signal using command: 'ssh -T mic0 killall -2 needle_check' after 0.993223213245s
2016-10-16 00:36:55:shell stdout: 
2016-10-16 00:36:55:sending signal using command: 'ssh -T mic0 killall -2 needle_check' after 0.995256932057s
2016-10-16 00:36:55:shell stdout: 
2016-10-16 00:37:01:sending signal using command: 'ssh -T mic0 killall -2 needle_check' after 7.43114159403s
2016-10-16 00:37:01:shell stdout: 
2016-10-16 00:37:02:sending signal using command: 'ssh -T mic0 killall -2 needle_check' after 7.99155744273s
2016-10-16 00:37:02:shell stdout: 
2016-10-16 00:37:03:sending signal using command: 'ssh -T mic0 killall -2 needle_check' after 9.49994987397s
2016-10-16 00:37:03:shell stdout: 
2016-10-16 00:37:05:sending signal using command: 'ssh -T mic0 killall -2 needle_check' after 10.9517451792s
2016-10-16 00:37:05:shell stdout: 
2016-10-16 00:37:05:sending signal using command: 'ssh -T mic0 killall -2 needle_check' after 11.5004058727s
2016-10-16 00:37:05:shell stdout: 
2016-10-16 00:37:06:sending signal using command: 'ssh -T mic0 killall -2 needle_check' after 12.4042909455s
2016-10-16 00:37:06:shell stdout: 
2016-10-16 00:37:08:no gdbExecName running, out:
2016-10-16 00:37:08:checCmd:ps -e | grep -i gdb-mic
2016-10-16 00:37:08:finished now-timestampStart < maxWaitTime*5
2016-10-16 00:37:08:now: 1476592627
2016-10-16 00:37:08:timestampStart: 1476592613
2016-10-16 00:37:08:kill cmd: killall -9 gdb-mic
2016-10-16 00:37:08:shell stdout: 
2016-10-16 00:37:09:kill cmd: ssh -T mic0 killall -9 needle_check
2016-10-16 00:37:09:shell stdout: 
2016-10-16 00:37:09:sending signal using command: 'ssh -T mic0 killall -2 needle_check' after 15.3279050782s
2016-10-16 00:37:09:shell stdout: 
2016-10-16 00:37:09:kill cmd: ssh -T mic0 killall -9 gdbserver
2016-10-16 00:37:09:shell stdout: 
2016-10-16 00:37:10:kill cmd: ssh -T mic0 killall -9 sshd
2016-10-16 00:37:10:shell stdout: 
