2016-11-01 08:57:11:Starting GDB script
2016-11-01 08:57:13:sending signal using command: 'ssh -T mic0 killall -2 hotspot_check' after 1.85698717047s
2016-11-01 08:57:13:shell stdout: 
2016-11-01 08:57:14:sending signal using command: 'ssh -T mic0 killall -2 hotspot_check' after 2.50597525182s
2016-11-01 08:57:14:shell stdout: 
2016-11-01 08:57:19:sending signal using command: 'ssh -T mic0 killall -2 hotspot_check' after 7.89159569121s
2016-11-01 08:57:19:shell stdout: 
2016-11-01 08:57:20:sending signal using command: 'ssh -T mic0 killall -2 hotspot_check' after 8.89670988102s
2016-11-01 08:57:20:shell stdout: 
2016-11-01 08:57:21:sending signal using command: 'ssh -T mic0 killall -2 hotspot_check' after 9.82463225705s
2016-11-01 08:57:21:shell stdout: 
2016-11-01 08:57:22:sending signal using command: 'ssh -T mic0 killall -2 hotspot_check' after 10.3613449635s
2016-11-01 08:57:22:shell stdout: 
2016-11-01 08:57:23:sending signal using command: 'ssh -T mic0 killall -2 hotspot_check' after 11.7283255638s
2016-11-01 08:57:23:shell stdout: 
2016-11-01 08:57:24:sending signal using command: 'ssh -T mic0 killall -2 hotspot_check' after 12.3821719667s
2016-11-01 08:57:24:shell stdout: 
2016-11-01 08:57:24:sending signal using command: 'ssh -T mic0 killall -2 hotspot_check' after 12.8007472915s
2016-11-01 08:57:24:shell stdout: 
2016-11-01 08:57:25:sending signal using command: 'ssh -T mic0 killall -2 hotspot_check' after 13.5413147846s
2016-11-01 08:57:25:shell stdout: 
2016-11-01 08:57:32:no gdbExecName running, out:
2016-11-01 08:57:32:checCmd:ps -e | grep -i gdb-mic
2016-11-01 08:57:32:finished now-timestampStart < maxWaitTime*5
2016-11-01 08:57:32:now: 1478005051
2016-11-01 08:57:32:timestampStart: 1478005031
2016-11-01 08:57:32:kill cmd: killall -9 gdb-mic
2016-11-01 08:57:32:shell stdout: 
2016-11-01 08:57:33:kill cmd: ssh -T mic0 killall -9 hotspot_check
2016-11-01 08:57:33:shell stdout: 
2016-11-01 08:57:33:kill cmd: ssh -T mic0 killall -9 gdbserver
2016-11-01 08:57:33:shell stdout: 
