[INFO -- 2017-02-25 08:38:58]
Starting GDB script
[INFO -- 2017-02-25 08:38:58]
initSignal:3.0
[INFO -- 2017-02-25 08:38:58]
endSignal:6.0
[INFO -- 2017-02-25 08:38:58]
seqSignal:15
[INFO -- 2017-02-25 08:39:02]
sending 15 signals using command: 'ssh -T mic0 killall -2 hotspot_check' after 3.44603760375s
[INFO -- 2017-02-25 08:39:02]
sending 15 signals using command: 'ssh -T mic0 killall -2 hotspot_check' after 3.52959721161s
[INFO -- 2017-02-25 08:39:02]
shell stdout: 
[INFO -- 2017-02-25 08:39:02]
shell stdout: 
[INFO -- 2017-02-25 08:39:03]
shell stdout: 
[INFO -- 2017-02-25 08:39:03]
shell stdout: 
[INFO -- 2017-02-25 08:39:03]
shell stdout: 
[INFO -- 2017-02-25 08:39:03]
shell stdout: 
[INFO -- 2017-02-25 08:39:03]
shell stdout: 
[INFO -- 2017-02-25 08:39:03]
shell stdout: 
[INFO -- 2017-02-25 08:39:04]
sending 15 signals using command: 'ssh -T mic0 killall -2 hotspot_check' after 5.39394735001s
[INFO -- 2017-02-25 08:39:04]
shell stdout: 
[INFO -- 2017-02-25 08:39:04]
shell stdout: 
[INFO -- 2017-02-25 08:39:04]
shell stdout: 
[INFO -- 2017-02-25 08:39:04]
shell stdout: 
[INFO -- 2017-02-25 08:39:04]
shell stdout: 
[INFO -- 2017-02-25 08:39:04]
shell stdout: 
[INFO -- 2017-02-25 08:39:05]
shell stdout: 
[INFO -- 2017-02-25 08:39:05]
shell stdout: 
[INFO -- 2017-02-25 08:39:05]
shell stdout: 
[INFO -- 2017-02-25 08:39:05]
shell stdout: 
[INFO -- 2017-02-25 08:39:05]
shell stdout: 
[INFO -- 2017-02-25 08:39:05]
shell stdout: 
[INFO -- 2017-02-25 08:39:05]
shell stdout: 
[INFO -- 2017-02-25 08:39:06]
shell stdout: 
[INFO -- 2017-02-25 08:39:06]
shell stdout: 
[INFO -- 2017-02-25 08:39:06]
shell stdout: 
[INFO -- 2017-02-25 08:39:06]
shell stdout: 
[INFO -- 2017-02-25 08:39:06]
shell stdout: 
[INFO -- 2017-02-25 08:39:06]
shell stdout: 
[INFO -- 2017-02-25 08:39:06]
shell stdout: 
[INFO -- 2017-02-25 08:39:06]
shell stdout: 
[INFO -- 2017-02-25 08:39:07]
shell stdout: 
[INFO -- 2017-02-25 08:39:07]
shell stdout: 
[INFO -- 2017-02-25 08:39:07]
shell stdout: 
[INFO -- 2017-02-25 08:39:07]
shell stdout: 
[INFO -- 2017-02-25 08:39:07]
shell stdout: 
[INFO -- 2017-02-25 08:39:07]
shell stdout: 
[INFO -- 2017-02-25 08:39:08]
shell stdout: 
[INFO -- 2017-02-25 08:39:08]
shell stdout: 
[INFO -- 2017-02-25 08:39:08]
shell stdout: 
[INFO -- 2017-02-25 08:39:08]
shell stdout: 
[INFO -- 2017-02-25 08:39:08]
shell stdout: 
[INFO -- 2017-02-25 08:39:08]
shell stdout: 
[INFO -- 2017-02-25 08:39:08]
shell stdout: 
[INFO -- 2017-02-25 08:39:09]
shell stdout: 
[INFO -- 2017-02-25 08:39:09]
shell stdout: 
[INFO -- 2017-02-25 08:39:10]
shell stdout: 
[INFO -- 2017-02-25 08:39:38]
no gdbExecName running, out:
[INFO -- 2017-02-25 08:39:38]
checCmd:ps -e | grep -i gdb-mic
[INFO -- 2017-02-25 08:39:38]
finished now-timestampStart < maxWaitTime*5
[INFO -- 2017-02-25 08:39:38]
now: 1488029976
[INFO -- 2017-02-25 08:39:38]
timestampStart: 1488029938
[INFO -- 2017-02-25 08:39:38]
kill cmd: killall -9 gdb-mic
[INFO -- 2017-02-25 08:39:38]
shell stdout: 
[INFO -- 2017-02-25 08:39:38]
kill cmd: ssh -T mic0 killall -9 hotspot_check
[INFO -- 2017-02-25 08:39:38]
shell stdout: 
[INFO -- 2017-02-25 08:39:39]
kill cmd: ssh -T mic0 killall -9 gdbserver
[INFO -- 2017-02-25 08:39:39]
shell stdout: 
[INFO -- 2017-02-25 08:39:39]
kill cmd: ssh -T mic0 killall -9 sshd
[INFO -- 2017-02-25 08:39:39]
shell stdout: 
