2016-10-17 04:43:57:Initialization strings:
2016-10-17 04:43:57:(1) target extended-remote | ssh -T mic0 gdbserver --multi -
2016-10-17 04:43:57:(2) set sysroot /opt/mpss/3.7/sysroots/k1om-mpss-linux/
2016-10-17 04:43:57:(3) set sysroot /opt/mpss/3.7/sysroots/k1om-mpss-linux/
2016-10-17 04:43:57:(4) file /micNfs/gdb-fault-injection-lavamd/bin/lavamd
2016-10-17 04:43:57:(5) set remote exec-file /micNfs/gdb-fault-injection-lavamd/bin/lavamd
2016-10-17 04:43:57:(6) set args 228 15 /micNfs/gdb-fault-injection-lavamd/bin/input_distance_228_15 /micNfs/gdb-fault-injection-lavamd/bin/input_charges_228_15 /micNfs/gdb-fault-injection-lavamd/bin/output_gold_228_15 1
2016-10-17 04:43:58:Trying Fault Injection
2016-10-17 04:43:58:Inferior PID: 40740
2016-10-17 04:43:58:Inferior is valid: True
2016-10-17 04:43:58:Inferior #threads: 1
2016-10-17 04:43:58:Backtrace BEGIN:
2016-10-17 04:43:59:#0  0x00000000004027dd in main (argc=7, argv=0x7fffffffec08) at main_check.c:206

2016-10-17 04:43:59:201		loop_start = timing_get_time();
202	#endif
203	
204		for(i=0; i<dim_cpu.space_elem; i=i+1) {
205	            fv_cpu[i].v = 0;
206	            fv_cpu[i].x = 0;
207	            fv_cpu[i].y = 0;
208	            fv_cpu[i].z = 0;
209		}
210	

2016-10-17 04:43:59:Backtrace END
2016-10-17 04:43:59:Thread name: None
2016-10-17 04:43:59:Thread num: 1
2016-10-17 04:43:59:Thread ptid: (40740, 40740, 0)
2016-10-17 04:43:59:bitFlip function
2016-10-17 04:43:59:Type: The type is an integer type.
2016-10-17 04:43:59:Type sizeof: 4
2016-10-17 04:43:59:Mem contents(hex):0x580xe80xff0xff
2016-10-17 04:43:59:base address to flip value: 0x7fffffffe7c8
2016-10-17 04:43:59:address max offset: 4
2016-10-17 04:43:59:Memory content before bitflip:0x580xe80xff0xff
2016-10-17 04:43:59:Memory content after  bitflip:0x580xe80xfe0xff
2016-10-17 04:43:59:Mem contents(hex):0x580xe80xfe0xff
2016-10-17 04:43:59:frame name: main
2016-10-17 04:43:59:symbol name: part_error
2016-10-17 04:43:59:symbol filename: main_check.c
2016-10-17 04:43:59:symbol line: 255
2016-10-17 04:43:59:value: -71592
2016-10-17 04:43:59:value address: 0x7fffffffe7c8
2016-10-17 04:43:59:Type: The type is an integer type.
2016-10-17 04:43:59:Type sizeof: 4
2016-10-17 04:43:59:Fault Injection Successful after 2.06234097481s
2016-10-17 04:43:59:Fault Already Injected
2016-10-17 04:43:59:Fault Already Injected
2016-10-17 04:44:02:Fault Already Injected
2016-10-17 04:44:04:Fault Already Injected
2016-10-17 04:44:04:Fault Already Injected
2016-10-17 04:44:04:Fault Already Injected
2016-10-17 04:44:05:Fault Already Injected
2016-10-17 04:44:05:Fault Already Injected
2016-10-17 04:44:08:event type: exit
2016-10-17 04:44:08:exit code: 0
