2016-10-24 07:12:26:Initialization strings:
2016-10-24 07:12:26:(1) target extended-remote | ssh -T mic0 gdbserver --multi -
2016-10-24 07:12:26:(2) set sysroot /opt/mpss/3.7/sysroots/k1om-mpss-linux/
2016-10-24 07:12:26:(3) set sysroot /opt/mpss/3.7/sysroots/k1om-mpss-linux/
2016-10-24 07:12:26:(4) file /micNfs/gdb-fault-injection-nw/bin/needle_check
2016-10-24 07:12:26:(5) set remote exec-file /micNfs/gdb-fault-injection-nw/bin/needle_check
2016-10-24 07:12:26:(6) set args 16384 10 228 /micNfs/gdb-fault-injection-nw/bin/input_16384_th_228_pen_10 /micNfs/gdb-fault-injection-nw/bin/gold_16384_th_228_pen_10
2016-10-24 07:12:30:Trying Fault Injection
2016-10-24 07:12:30:Inferior PID: 231972
2016-10-24 07:12:30:Inferior is valid: True
2016-10-24 07:12:30:Inferior #threads: 1
2016-10-24 07:12:30:Backtrace BEGIN:
2016-10-24 07:12:30:#0  0x00007ffff6e245d0 in __read_nocancel () at ../sysdeps/unix/syscall-template.S:81
#1  0x00007ffff6dd0911 in __GI__IO_file_xsgetn (fp=0x61d900, data=<optimized out>, n=1073872900) at fileops.c:1422
#2  0x00007ffff6dc6929 in __GI__IO_fread (buf=<optimized out>, size=1073872900, count=1, fp=0x61d900) at iofread.c:42
#3  0x00000000004015e1 in ReadArrayFromFile (input_itemsets=<optimized out>, gold_itemsets=<optimized out>, max_rows=<optimized out>, filenameinput=<optimized out>, filenamegold=<optimized out>) at needle_check.cpp:49
#4  runTest (argc=<optimized out>, argv=<optimized out>) at needle_check.cpp:317
#5  main (argc=3, argv=0x7fff76919010) at needle_check.cpp:114

2016-10-24 07:12:30:76	in ../sysdeps/unix/syscall-template.S

2016-10-24 07:12:30:Backtrace END
2016-10-24 07:12:30:Thread name: None
2016-10-24 07:12:30:Thread num: 1
2016-10-24 07:12:30:Thread ptid: (231972, 231972, 0)
2016-10-24 07:12:30:bitFlip function
2016-10-24 07:12:30:Type: The type is an integer type.
2016-10-24 07:12:30:Type sizeof: 4
2016-10-24 07:12:30:Mem contents(hex):0x040x000x020x40
2016-10-24 07:12:30:base address to flip value: 0x7fffffffe980
2016-10-24 07:12:30:address max offset: 4
2016-10-24 07:12:30:Memory content before bitflip:0x040x000x020x40
2016-10-24 07:12:30:Memory content after  bitflip:0x140x000x020x40
2016-10-24 07:12:30:Mem contents(hex):0x140x000x020x40
2016-10-24 07:12:30:frame name: runTest
2016-10-24 07:12:30:symbol name: host_errors
2016-10-24 07:12:30:symbol filename: needle_check.cpp
2016-10-24 07:12:30:symbol line: 358
2016-10-24 07:12:30:value: 1073872916
2016-10-24 07:12:30:value address: 0x7fffffffe980
2016-10-24 07:12:30:Type: The type is an integer type.
2016-10-24 07:12:30:Type sizeof: 4
2016-10-24 07:12:30:Fault Injection Successful after 4.90273809433s
2016-10-24 07:12:35:Fault Already Injected
2016-10-24 07:12:37:Fault Already Injected
2016-10-24 07:12:39:Fault Already Injected
2016-10-24 07:12:39:Fault Already Injected
2016-10-24 07:12:42:Fault Already Injected
2016-10-24 07:12:42:event type: exit
2016-10-24 07:12:42:exit code: 0
