2016-10-31 02:00:32:Starting GDB script
2016-10-31 02:00:33:sending signal using command: 'ssh -T mic0 killall -2 lud_check' after 0.931820055249s
2016-10-31 02:00:33:shell stdout: 
2016-10-31 02:00:33:sending signal using command: 'ssh -T mic0 killall -2 lud_check' after 1.27707690404s
2016-10-31 02:00:33:shell stdout: 
2016-10-31 02:00:34:sending signal using command: 'ssh -T mic0 killall -2 lud_check' after 2.09600897981s
2016-10-31 02:00:34:shell stdout: 
2016-10-31 02:00:35:sending signal using command: 'ssh -T mic0 killall -2 lud_check' after 2.728446534s
2016-10-31 02:00:35:shell stdout: 
2016-10-31 02:00:35:sending signal using command: 'ssh -T mic0 killall -2 lud_check' after 2.7458952399s
2016-10-31 02:00:35:shell stdout: 
2016-10-31 02:00:36:sending signal using command: 'ssh -T mic0 killall -2 lud_check' after 3.81398306891s
2016-10-31 02:00:36:shell stdout: 
2016-10-31 02:00:36:sending signal using command: 'ssh -T mic0 killall -2 lud_check' after 4.05505137182s
2016-10-31 02:00:36:shell stdout: 
2016-10-31 02:00:38:sending signal using command: 'ssh -T mic0 killall -2 lud_check' after 6.2731531143s
2016-10-31 02:00:38:shell stdout: 
2016-10-31 02:00:39:sending signal using command: 'ssh -T mic0 killall -2 lud_check' after 6.98913714521s
2016-10-31 02:00:39:shell stdout: 
2016-10-31 02:00:40:sending signal using command: 'ssh -T mic0 killall -2 lud_check' after 7.68986043635s
2016-10-31 02:00:40:shell stdout: 
2016-10-31 02:01:12:finished due now-timestampStart > maxWaitTime*5
2016-10-31 02:01:12:now: 1477893672
2016-10-31 02:01:12:timestampStart: 1477893632
2016-10-31 02:01:12:kill cmd: killall -9 gdb-mic
2016-10-31 02:01:12:shell stdout: 
2016-10-31 02:01:12:kill cmd: ssh -T mic0 killall -9 lud_check
2016-10-31 02:01:12:shell stdout: 
2016-10-31 02:01:13:kill cmd: ssh -T mic0 killall -9 gdbserver
2016-10-31 02:01:13:shell stdout: 
2016-10-31 02:01:13:kill cmd: ssh -T mic0 killall -9 sshd
2016-10-31 02:01:13:shell stdout: 
