2016-10-13 02:56:13:Starting GDB script
2016-10-13 02:56:15:sending signal using command: 'ssh -T mic0 killall -2 lavamd' after 1.37832462239s
2016-10-13 02:56:15:shell stdout: 
2016-10-13 02:56:15:sending signal using command: 'ssh -T mic0 killall -2 lavamd' after 1.45636463606s
2016-10-13 02:56:15:shell stdout: 
2016-10-13 02:56:15:sending signal using command: 'ssh -T mic0 killall -2 lavamd' after 1.7103975199s
2016-10-13 02:56:15:shell stdout: 
2016-10-13 02:56:18:sending signal using command: 'ssh -T mic0 killall -2 lavamd' after 3.98771715653s
2016-10-13 02:56:18:shell stdout: 
2016-10-13 02:56:18:sending signal using command: 'ssh -T mic0 killall -2 lavamd' after 4.11815684551s
2016-10-13 02:56:18:shell stdout: 
2016-10-13 02:56:18:sending signal using command: 'ssh -T mic0 killall -2 lavamd' after 4.19005502454s
2016-10-13 02:56:18:shell stdout: 
2016-10-13 02:56:19:sending signal using command: 'ssh -T mic0 killall -2 lavamd' after 4.98213433741s
2016-10-13 02:56:19:shell stdout: 
2016-10-13 02:56:20:sending signal using command: 'ssh -T mic0 killall -2 lavamd' after 6.59919453244s
2016-10-13 02:56:20:shell stdout: 
2016-10-13 02:56:22:sending signal using command: 'ssh -T mic0 killall -2 lavamd' after 8.16339073714s
2016-10-13 02:56:22:shell stdout: 
2016-10-13 02:56:23:sending signal using command: 'ssh -T mic0 killall -2 lavamd' after 9.36753502951s
2016-10-13 02:56:23:shell stdout: 
2016-10-13 02:56:29:no gdbExecName running, out:
2016-10-13 02:56:29:checCmd:ps -e | grep -i gdb-mic
2016-10-13 02:56:29:finished now-timestampStart < maxWaitTime*5
2016-10-13 02:56:29:now: 1476341788
2016-10-13 02:56:29:timestampStart: 1476341773
2016-10-13 02:56:29:kill cmd: killall -9 gdb-mic
2016-10-13 02:56:29:shell stdout: 
2016-10-13 02:56:29:kill cmd: ssh -T mic0 killall -9 lavamd
2016-10-13 02:56:29:shell stdout: 
2016-10-13 02:56:30:kill cmd: ssh -T mic0 killall -9 gdbserver
2016-10-13 02:56:30:shell stdout: 
2016-10-13 02:56:30:kill cmd: ssh -T mic0 killall -9 sshd
2016-10-13 02:56:30:shell stdout: 
