2017-01-24 14:45:46:Starting GDB script
2017-01-24 14:45:46:initSignal:7.0
2017-01-24 14:45:46:endSignal:14.0
2017-01-24 14:45:46:seqSignal:15
2017-01-24 14:45:53:sending 15 signals using command: 'ssh -T mic1 killall -2 dgemm_check' after 7.28178446404s
2017-01-24 14:45:54:shell stdout: 
2017-01-24 14:45:54:shell stdout: 
2017-01-24 14:45:54:shell stdout: 
2017-01-24 14:45:55:shell stdout: 
2017-01-24 14:45:55:shell stdout: 
2017-01-24 14:45:56:shell stdout: 
2017-01-24 14:45:56:sending 15 signals using command: 'ssh -T mic1 killall -2 dgemm_check' after 10.2478886678s
2017-01-24 14:45:56:shell stdout: 
2017-01-24 14:45:56:shell stdout: 
2017-01-24 14:45:57:shell stdout: 
2017-01-24 14:45:57:shell stdout: 
2017-01-24 14:45:57:shell stdout: 
2017-01-24 14:45:57:shell stdout: 
2017-01-24 14:45:57:shell stdout: 
2017-01-24 14:45:58:shell stdout: 
2017-01-24 14:45:58:sending 15 signals using command: 'ssh -T mic1 killall -2 dgemm_check' after 11.9847669859s
2017-01-24 14:45:58:shell stdout: 
2017-01-24 14:45:58:shell stdout: 
2017-01-24 14:45:58:shell stdout: 
2017-01-24 14:45:58:shell stdout: 
2017-01-24 14:45:58:shell stdout: 
2017-01-24 14:45:58:shell stdout: 
2017-01-24 14:45:59:shell stdout: 
2017-01-24 14:45:59:shell stdout: 
2017-01-24 14:45:59:shell stdout: 
2017-01-24 14:45:59:shell stdout: 
2017-01-24 14:45:59:shell stdout: 
2017-01-24 14:45:59:shell stdout: 
2017-01-24 14:45:59:shell stdout: 
2017-01-24 14:46:00:shell stdout: 
2017-01-24 14:46:00:shell stdout: 
2017-01-24 14:46:00:shell stdout: 
2017-01-24 14:46:00:shell stdout: 
2017-01-24 14:46:00:shell stdout: 
2017-01-24 14:46:01:shell stdout: 
2017-01-24 14:46:01:shell stdout: 
2017-01-24 14:46:01:shell stdout: 
2017-01-24 14:46:01:shell stdout: 
2017-01-24 14:46:01:shell stdout: 
2017-01-24 14:46:02:shell stdout: 
2017-01-24 14:46:02:shell stdout: 
2017-01-24 14:46:02:shell stdout: 
2017-01-24 14:46:02:shell stdout: 
2017-01-24 14:46:03:shell stdout: 
2017-01-24 14:46:03:shell stdout: 
2017-01-24 14:46:03:shell stdout: 
2017-01-24 14:46:04:shell stdout: 
2017-01-24 14:46:30:no gdbExecName running, out:
2017-01-24 14:46:30:checCmd:ps -e | grep -i gdb-mic
2017-01-24 14:46:30:finished now-timestampStart < maxWaitTime*5
2017-01-24 14:46:30:now: 1485287181
2017-01-24 14:46:30:timestampStart: 1485287146
2017-01-24 14:46:30:kill cmd: killall -9 gdb-mic
2017-01-24 14:46:30:shell stdout: 
2017-01-24 14:46:30:kill cmd: ssh -T mic1 killall -9 dgemm_check
2017-01-24 14:46:30:shell stdout: 
2017-01-24 14:46:31:kill cmd: ssh -T mic1 killall -9 gdbserver
2017-01-24 14:46:31:shell stdout: 
2017-01-24 14:46:31:kill cmd: ssh -T mic1 killall -9 sshd
2017-01-24 14:46:31:shell stdout: 
