[INFO -- 2017-03-11 20:38:49]
Starting GDB script
[INFO -- 2017-03-11 20:38:49]
initSignal:12.0
[INFO -- 2017-03-11 20:38:49]
endSignal:17.0
[INFO -- 2017-03-11 20:38:49]
seqSignal:30
[INFO -- 2017-03-11 20:39:01]
sending 30 signals using command: 'ssh -T mic0 killall -2 needle_check' after 12.549253953s
[INFO -- 2017-03-11 20:39:02]
shell stdout: 
[INFO -- 2017-03-11 20:39:02]
sending 30 signals using command: 'ssh -T mic0 killall -2 needle_check' after 13.2395578024s
[INFO -- 2017-03-11 20:39:02]
shell stdout: 
[INFO -- 2017-03-11 20:39:02]
shell stdout: 
[INFO -- 2017-03-11 20:39:02]
shell stdout: 
[INFO -- 2017-03-11 20:39:03]
shell stdout: 
[INFO -- 2017-03-11 20:39:03]
shell stdout: 
[INFO -- 2017-03-11 20:39:03]
shell stdout: 
[INFO -- 2017-03-11 20:39:03]
shell stdout: 
[INFO -- 2017-03-11 20:39:03]
shell stdout: 
[INFO -- 2017-03-11 20:39:04]
shell stdout: 
[INFO -- 2017-03-11 20:39:04]
shell stdout: 
[INFO -- 2017-03-11 20:39:04]
sending 30 signals using command: 'ssh -T mic0 killall -2 needle_check' after 15.3175268282s
[INFO -- 2017-03-11 20:39:04]
shell stdout: 
[INFO -- 2017-03-11 20:39:04]
shell stdout: 
[INFO -- 2017-03-11 20:39:04]
shell stdout: 
[INFO -- 2017-03-11 20:39:04]
shell stdout: 
[INFO -- 2017-03-11 20:39:05]
shell stdout: 
[INFO -- 2017-03-11 20:39:05]
shell stdout: 
[INFO -- 2017-03-11 20:39:05]
shell stdout: 
[INFO -- 2017-03-11 20:39:05]
shell stdout: 
[INFO -- 2017-03-11 20:39:05]
shell stdout: 
[INFO -- 2017-03-11 20:39:05]
shell stdout: 
[INFO -- 2017-03-11 20:39:06]
shell stdout: 
[INFO -- 2017-03-11 20:39:06]
shell stdout: 
[INFO -- 2017-03-11 20:39:06]
shell stdout: 
[INFO -- 2017-03-11 20:39:06]
shell stdout: 
[INFO -- 2017-03-11 20:39:06]
shell stdout: 
[INFO -- 2017-03-11 20:39:06]
shell stdout: 
[INFO -- 2017-03-11 20:39:06]
shell stdout: 
[INFO -- 2017-03-11 20:39:06]
shell stdout: 
[INFO -- 2017-03-11 20:39:06]
shell stdout: 
[INFO -- 2017-03-11 20:39:07]
shell stdout: 
[INFO -- 2017-03-11 20:39:07]
shell stdout: 
[INFO -- 2017-03-11 20:39:07]
shell stdout: 
[INFO -- 2017-03-11 20:39:07]
shell stdout: 
[INFO -- 2017-03-11 20:39:07]
shell stdout: 
[INFO -- 2017-03-11 20:39:07]
shell stdout: 
[INFO -- 2017-03-11 20:39:08]
shell stdout: 
[INFO -- 2017-03-11 20:39:08]
shell stdout: 
[INFO -- 2017-03-11 20:39:08]
shell stdout: 
[INFO -- 2017-03-11 20:39:08]
shell stdout: 
[INFO -- 2017-03-11 20:39:08]
shell stdout: 
[INFO -- 2017-03-11 20:39:08]
shell stdout: 
[INFO -- 2017-03-11 20:39:08]
shell stdout: 
[INFO -- 2017-03-11 20:39:08]
shell stdout: 
[INFO -- 2017-03-11 20:39:09]
shell stdout: 
[INFO -- 2017-03-11 20:39:09]
shell stdout: 
[INFO -- 2017-03-11 20:39:09]
shell stdout: 
[INFO -- 2017-03-11 20:39:09]
shell stdout: 
[INFO -- 2017-03-11 20:39:09]
shell stdout: 
[INFO -- 2017-03-11 20:39:09]
shell stdout: 
[INFO -- 2017-03-11 20:39:09]
shell stdout: 
[INFO -- 2017-03-11 20:39:10]
shell stdout: 
[INFO -- 2017-03-11 20:39:10]
shell stdout: 
[INFO -- 2017-03-11 20:39:10]
shell stdout: 
[INFO -- 2017-03-11 20:39:10]
shell stdout: 
[INFO -- 2017-03-11 20:39:10]
shell stdout: 
[INFO -- 2017-03-11 20:39:10]
shell stdout: 
[INFO -- 2017-03-11 20:39:11]
shell stdout: 
[INFO -- 2017-03-11 20:39:11]
shell stdout: 
[INFO -- 2017-03-11 20:39:11]
shell stdout: 
[INFO -- 2017-03-11 20:39:11]
shell stdout: 
[INFO -- 2017-03-11 20:39:11]
shell stdout: 
[INFO -- 2017-03-11 20:39:11]
shell stdout: 
[INFO -- 2017-03-11 20:39:11]
shell stdout: 
[INFO -- 2017-03-11 20:39:11]
shell stdout: 
[INFO -- 2017-03-11 20:39:11]
shell stdout: 
[INFO -- 2017-03-11 20:39:12]
shell stdout: 
[INFO -- 2017-03-11 20:39:12]
shell stdout: 
[INFO -- 2017-03-11 20:39:12]
shell stdout: 
[INFO -- 2017-03-11 20:39:12]
shell stdout: 
[INFO -- 2017-03-11 20:39:12]
shell stdout: 
[INFO -- 2017-03-11 20:39:12]
shell stdout: 
[INFO -- 2017-03-11 20:39:13]
shell stdout: 
[INFO -- 2017-03-11 20:39:13]
shell stdout: 
[INFO -- 2017-03-11 20:39:13]
shell stdout: 
[INFO -- 2017-03-11 20:39:13]
shell stdout: 
[INFO -- 2017-03-11 20:39:13]
shell stdout: 
[INFO -- 2017-03-11 20:39:13]
shell stdout: 
[INFO -- 2017-03-11 20:39:13]
shell stdout: 
[INFO -- 2017-03-11 20:39:14]
shell stdout: 
[INFO -- 2017-03-11 20:39:14]
shell stdout: 
[INFO -- 2017-03-11 20:39:14]
shell stdout: 
[INFO -- 2017-03-11 20:39:14]
shell stdout: 
[INFO -- 2017-03-11 20:39:14]
shell stdout: 
[INFO -- 2017-03-11 20:39:14]
shell stdout: 
[INFO -- 2017-03-11 20:39:15]
shell stdout: 
[INFO -- 2017-03-11 20:39:15]
shell stdout: 
[INFO -- 2017-03-11 20:39:15]
shell stdout: 
[INFO -- 2017-03-11 20:39:16]
shell stdout: 
[INFO -- 2017-03-11 20:39:16]
shell stdout: 
[INFO -- 2017-03-11 20:40:15]
finished due now-timestampStart > maxWaitTime*5
[INFO -- 2017-03-11 20:40:15]
now: 1489282815
[INFO -- 2017-03-11 20:40:15]
timestampStart: 1489282729
[INFO -- 2017-03-11 20:40:15]
kill cmd: killall -9 gdb-mic
[INFO -- 2017-03-11 20:40:15]
shell stdout: 
[INFO -- 2017-03-11 20:40:16]
kill cmd: ssh -T mic0 killall -9 needle_check
[INFO -- 2017-03-11 20:40:16]
shell stdout: 
[INFO -- 2017-03-11 20:40:16]
kill cmd: ssh -T mic0 killall -9 gdbserver
[INFO -- 2017-03-11 20:40:16]
shell stdout: 
[INFO -- 2017-03-11 20:40:17]
kill cmd: ssh -T mic0 killall -9 sshd
[INFO -- 2017-03-11 20:40:17]
shell stdout: 
