2016-10-22 11:33:19:Starting GDB script
2016-10-22 11:33:24:sending signal using command: 'ssh -T mic0 killall -2 hotspot_check' after 4.64465372554s
2016-10-22 11:33:24:shell stdout: 
2016-10-22 11:33:26:sending signal using command: 'ssh -T mic0 killall -2 hotspot_check' after 6.1969170921s
2016-10-22 11:33:26:shell stdout: 
2016-10-22 11:33:28:sending signal using command: 'ssh -T mic0 killall -2 hotspot_check' after 8.21410958541s
2016-10-22 11:33:28:shell stdout: 
2016-10-22 11:33:28:sending signal using command: 'ssh -T mic0 killall -2 hotspot_check' after 8.33495660784s
2016-10-22 11:33:28:shell stdout: 
2016-10-22 11:33:28:sending signal using command: 'ssh -T mic0 killall -2 hotspot_check' after 8.86865373659s
2016-10-22 11:33:28:shell stdout: 
2016-10-22 11:33:29:sending signal using command: 'ssh -T mic0 killall -2 hotspot_check' after 9.76383609887s
2016-10-22 11:33:29:shell stdout: 
2016-10-22 11:33:30:sending signal using command: 'ssh -T mic0 killall -2 hotspot_check' after 10.6000028844s
2016-10-22 11:33:30:shell stdout: 
2016-10-22 11:33:31:sending signal using command: 'ssh -T mic0 killall -2 hotspot_check' after 11.6259146918s
2016-10-22 11:33:31:shell stdout: 
2016-10-22 11:33:32:sending signal using command: 'ssh -T mic0 killall -2 hotspot_check' after 12.4172226319s
2016-10-22 11:33:32:shell stdout: 
2016-10-22 11:33:32:sending signal using command: 'ssh -T mic0 killall -2 hotspot_check' after 13.0608319086s
2016-10-22 11:33:32:shell stdout: 
2016-10-22 11:33:39:no gdbExecName running, out:
2016-10-22 11:33:39:checCmd:ps -e | grep -i gdb-mic
2016-10-22 11:33:39:finished now-timestampStart < maxWaitTime*5
2016-10-22 11:33:39:now: 1477150418
2016-10-22 11:33:39:timestampStart: 1477150399
2016-10-22 11:33:39:kill cmd: killall -9 gdb-mic
2016-10-22 11:33:39:shell stdout: 
2016-10-22 11:33:40:kill cmd: ssh -T mic0 killall -9 hotspot_check
2016-10-22 11:33:40:shell stdout: 
2016-10-22 11:33:40:kill cmd: ssh -T mic0 killall -9 gdbserver
2016-10-22 11:33:40:shell stdout: 
