2017-02-28 23:33:31:Starting flip_value script
2017-02-28 23:33:31:Initialization strings:
2017-02-28 23:33:31:(1) target extended-remote | ssh -T mic0 gdbserver --multi -
2017-02-28 23:33:31:(2) set sysroot /opt/mpss/3.7/sysroots/k1om-mpss-linux/
2017-02-28 23:33:31:(3) set sysroot /opt/mpss/3.7/sysroots/k1om-mpss-linux/
2017-02-28 23:33:31:(4) file /micNfs/gdb-fault-injection/injector/bin/hotspot/hotspot_check
2017-02-28 23:33:31:(5) set remote exec-file /micNfs/gdb-fault-injection/injector/bin/hotspot/hotspot_check
2017-02-28 23:33:31:(6) set args 1024 1024 1000 64 /micNfs/gdb-fault-injection/injector/data/hotspot/temp_1024 /micNfs/gdb-fault-injection/injector/data/hotspot/power_1024 /micNfs/gdb-fault-injection/injector/bin/hotspot/gold_1024_1000iter_64th
2017-02-28 23:33:31:initSignal:6
2017-02-28 23:33:31:endSignal:9
2017-02-28 23:33:31:seqSignal:15
2017-02-28 23:33:38:Backtrace BEGIN:
2017-02-28 23:33:38:#0  __GI__IO_getline_info (fp=fp@entry=0x609b40, buf=buf@entry=0x7fffffffe640 "0.000008\n", n=255, delim=delim@entry=10, extract_delim=extract_delim@entry=1, eof=eof@entry=0x0) at iogetline.c:58
#1  0x00007ffff7139498 in __GI__IO_getline (fp=fp@entry=0x609b40, buf=buf@entry=0x7fffffffe640 "0.000008\n", n=<optimized out>, delim=delim@entry=10, extract_delim=extract_delim@entry=1) at iogetline.c:38
#2  0x00007ffff7138312 in _IO_fgets (buf=0x7fffffffe640 "0.000008\n", n=<optimized out>, fp=0x609b40) at iofgets.c:56
#3  0x0000000000404538 in read_input (vect=0x7ffff66cb010, grid_rows=1024, grid_cols=1024, file=0x7fffffffee43 "/micNfs/gdb-fault-injection/injector/data/hotspot/power_1024") at hotspot_check.c:202
#4  0x0000000000404ad7 in main (argc=8, argv=0x7fffffffebb8) at hotspot_check.c:266

2017-02-28 23:33:38:53	in iogetline.c

2017-02-28 23:33:38:Backtrace END
2017-02-28 23:33:38:Type: The type is a pointer.
2017-02-28 23:33:38:Type sizeof: 8
2017-02-28 23:33:38:Fliping a bit of the pointer
2017-02-28 23:33:38:Mem contents(hex):0x100xc00xac0xf60xff0x7f0x000x00
2017-02-28 23:33:38:Fault Mode: Double bit-flip
2017-02-28 23:33:38:base address to flip value: 0x7fffffffe9b0
2017-02-28 23:33:38:address max offset: 8
2017-02-28 23:33:38:Memory content before bitflip:0x100xc00xac0xf60xff0x7f0x000x00
2017-02-28 23:33:38:Memory content after  bitflip:0x100xc00xac0xf60xbe0x7f0x000x00
2017-02-28 23:33:38:Mem contents(hex):0x100xc00xac0xf60xbe0x7f0x000x00
2017-02-28 23:33:38:frame name: main
2017-02-28 23:33:38:symbol name: temp
2017-02-28 23:33:38:symbol filename: hotspot_check.c
2017-02-28 23:33:38:symbol line: 231
2017-02-28 23:33:38:value: 0x7ffff6acc010
2017-02-28 23:33:38:value address: 0x7fffffffe9b0
2017-02-28 23:33:38:Type: The type is a pointer.
2017-02-28 23:33:38:Type sizeof: 8
2017-02-28 23:33:38:Fault Injection Successful after 7.51716089249s
2017-02-28 23:33:46:event type: exit
2017-02-28 23:33:46:exit code: no exit code available
