2016-10-27 22:23:57:Starting GDB script
2016-10-27 22:23:59:sending signal using command: 'ssh -T mic0 killall -2 hotspot_check' after 2.20897433323s
2016-10-27 22:23:59:shell stdout: 
2016-10-27 22:24:01:sending signal using command: 'ssh -T mic0 killall -2 hotspot_check' after 3.79278829624s
2016-10-27 22:24:01:shell stdout: 
2016-10-27 22:24:02:sending signal using command: 'ssh -T mic0 killall -2 hotspot_check' after 4.69348647938s
2016-10-27 22:24:02:shell stdout: 
2016-10-27 22:24:03:sending signal using command: 'ssh -T mic0 killall -2 hotspot_check' after 5.7110216153s
2016-10-27 22:24:03:shell stdout: 
2016-10-27 22:24:03:sending signal using command: 'ssh -T mic0 killall -2 hotspot_check' after 5.91454219417s
2016-10-27 22:24:03:shell stdout: 
2016-10-27 22:24:05:sending signal using command: 'ssh -T mic0 killall -2 hotspot_check' after 7.47391973197s
2016-10-27 22:24:05:shell stdout: 
2016-10-27 22:24:05:sending signal using command: 'ssh -T mic0 killall -2 hotspot_check' after 7.9172074771s
2016-10-27 22:24:05:shell stdout: 
2016-10-27 22:24:06:sending signal using command: 'ssh -T mic0 killall -2 hotspot_check' after 8.32597461641s
2016-10-27 22:24:06:shell stdout: 
2016-10-27 22:24:12:sending signal using command: 'ssh -T mic0 killall -2 hotspot_check' after 13.9545561994s
2016-10-27 22:24:12:shell stdout: 
2016-10-27 22:24:12:sending signal using command: 'ssh -T mic0 killall -2 hotspot_check' after 14.774486991s
2016-10-27 22:24:12:shell stdout: 
2016-10-27 22:24:18:no gdbExecName running, out:
2016-10-27 22:24:18:checCmd:ps -e | grep -i gdb-mic
2016-10-27 22:24:18:finished now-timestampStart < maxWaitTime*5
2016-10-27 22:24:18:now: 1477621457
2016-10-27 22:24:18:timestampStart: 1477621437
2016-10-27 22:24:18:kill cmd: killall -9 gdb-mic
2016-10-27 22:24:18:shell stdout: 
2016-10-27 22:24:19:kill cmd: ssh -T mic0 killall -9 hotspot_check
2016-10-27 22:24:19:shell stdout: 
2016-10-27 22:24:19:kill cmd: ssh -T mic0 killall -9 gdbserver
2016-10-27 22:24:19:shell stdout: 
