2017-01-25 17:12:33:Starting GDB script
2017-01-25 17:12:33:initSignal:2.0
2017-01-25 17:12:33:endSignal:4.0
2017-01-25 17:12:33:seqSignal:30
2017-01-25 17:12:35:sending 30 signals using command: 'ssh -T mic0 killall -2 lud_check' after 2.05804799642s
2017-01-25 17:12:36:sending 30 signals using command: 'ssh -T mic0 killall -2 lud_check' after 2.7551292665s
2017-01-25 17:12:36:shell stdout: 
2017-01-25 17:12:36:shell stdout: 
2017-01-25 17:12:36:shell stdout: 
2017-01-25 17:12:37:shell stdout: 
2017-01-25 17:12:37:shell stdout: 
2017-01-25 17:12:37:sending 30 signals using command: 'ssh -T mic0 killall -2 lud_check' after 3.99224315923s
2017-01-25 17:12:37:shell stdout: 
2017-01-25 17:12:37:shell stdout: 
2017-01-25 17:12:37:shell stdout: 
2017-01-25 17:12:38:shell stdout: 
2017-01-25 17:12:38:shell stdout: 
2017-01-25 17:12:38:shell stdout: 
2017-01-25 17:12:38:shell stdout: 
2017-01-25 17:12:38:shell stdout: 
2017-01-25 17:12:38:shell stdout: 
2017-01-25 17:12:38:shell stdout: 
2017-01-25 17:12:39:shell stdout: 
2017-01-25 17:12:39:shell stdout: 
2017-01-25 17:12:39:shell stdout: 
2017-01-25 17:12:39:shell stdout: 
2017-01-25 17:12:39:shell stdout: 
2017-01-25 17:12:39:shell stdout: 
2017-01-25 17:12:39:shell stdout: 
2017-01-25 17:12:40:shell stdout: 
2017-01-25 17:12:40:shell stdout: 
2017-01-25 17:12:40:shell stdout: 
2017-01-25 17:12:40:shell stdout: 
2017-01-25 17:12:40:shell stdout: 
2017-01-25 17:12:40:shell stdout: 
2017-01-25 17:12:40:shell stdout: 
2017-01-25 17:12:41:shell stdout: 
2017-01-25 17:12:41:shell stdout: 
2017-01-25 17:12:41:shell stdout: 
2017-01-25 17:12:41:shell stdout: 
2017-01-25 17:12:41:shell stdout: 
2017-01-25 17:12:41:shell stdout: 
2017-01-25 17:12:41:shell stdout: 
2017-01-25 17:12:42:shell stdout: 
2017-01-25 17:12:42:shell stdout: 
2017-01-25 17:12:42:shell stdout: 
2017-01-25 17:12:42:shell stdout: 
2017-01-25 17:12:42:shell stdout: 
2017-01-25 17:12:42:shell stdout: 
2017-01-25 17:12:42:shell stdout: 
2017-01-25 17:12:42:shell stdout: 
2017-01-25 17:12:43:shell stdout: 
2017-01-25 17:12:43:shell stdout: 
2017-01-25 17:12:43:shell stdout: 
2017-01-25 17:12:43:shell stdout: 
2017-01-25 17:12:43:shell stdout: 
2017-01-25 17:12:43:shell stdout: 
2017-01-25 17:12:44:shell stdout: 
2017-01-25 17:12:44:shell stdout: 
2017-01-25 17:12:44:shell stdout: 
2017-01-25 17:12:44:shell stdout: 
2017-01-25 17:12:44:shell stdout: 
2017-01-25 17:12:44:shell stdout: 
2017-01-25 17:12:44:shell stdout: 
2017-01-25 17:12:45:shell stdout: 
2017-01-25 17:12:45:shell stdout: 
2017-01-25 17:12:45:shell stdout: 
2017-01-25 17:12:45:shell stdout: 
2017-01-25 17:12:45:shell stdout: 
2017-01-25 17:12:45:shell stdout: 
2017-01-25 17:12:45:shell stdout: 
2017-01-25 17:12:46:shell stdout: 
2017-01-25 17:12:46:shell stdout: 
2017-01-25 17:12:46:shell stdout: 
2017-01-25 17:12:46:shell stdout: 
2017-01-25 17:12:46:shell stdout: 
2017-01-25 17:12:46:shell stdout: 
2017-01-25 17:12:46:shell stdout: 
2017-01-25 17:12:46:shell stdout: 
2017-01-25 17:12:47:shell stdout: 
2017-01-25 17:12:47:shell stdout: 
2017-01-25 17:12:47:shell stdout: 
2017-01-25 17:12:47:shell stdout: 
2017-01-25 17:12:47:shell stdout: 
2017-01-25 17:12:47:shell stdout: 
2017-01-25 17:12:48:shell stdout: 
2017-01-25 17:12:48:shell stdout: 
2017-01-25 17:12:48:shell stdout: 
2017-01-25 17:12:48:shell stdout: 
2017-01-25 17:12:48:shell stdout: 
2017-01-25 17:12:48:shell stdout: 
2017-01-25 17:12:48:shell stdout: 
2017-01-25 17:12:49:shell stdout: 
2017-01-25 17:12:49:shell stdout: 
2017-01-25 17:12:49:shell stdout: 
2017-01-25 17:12:49:shell stdout: 
2017-01-25 17:12:50:shell stdout: 
2017-01-25 17:13:03:no gdbExecName running, out:
2017-01-25 17:13:03:checCmd:ps -e | grep -i gdb-mic
2017-01-25 17:13:03:finished now-timestampStart < maxWaitTime*5
2017-01-25 17:13:03:now: 1485382382
2017-01-25 17:13:03:timestampStart: 1485382353
2017-01-25 17:13:03:kill cmd: killall -9 gdb-mic
2017-01-25 17:13:03:shell stdout: 
2017-01-25 17:13:03:kill cmd: ssh -T mic0 killall -9 lud_check
2017-01-25 17:13:03:shell stdout: 
2017-01-25 17:13:03:kill cmd: ssh -T mic0 killall -9 gdbserver
2017-01-25 17:13:03:shell stdout: 
2017-01-25 17:13:04:kill cmd: ssh -T mic0 killall -9 sshd
2017-01-25 17:13:04:shell stdout: 
