2016-10-20 22:22:12:Starting GDB script
2016-10-20 22:22:13:sending signal using command: 'ssh -T mic0 killall -2 hotspot_check' after 0.284892829399s
2016-10-20 22:22:13:shell stdout: 
2016-10-20 22:22:14:sending signal using command: 'ssh -T mic0 killall -2 hotspot_check' after 1.00538377279s
2016-10-20 22:22:14:shell stdout: 
2016-10-20 22:22:14:sending signal using command: 'ssh -T mic0 killall -2 hotspot_check' after 1.13901707675s
2016-10-20 22:22:14:shell stdout: 
2016-10-20 22:22:16:sending signal using command: 'ssh -T mic0 killall -2 hotspot_check' after 2.89370641853s
2016-10-20 22:22:16:shell stdout: 
2016-10-20 22:22:20:sending signal using command: 'ssh -T mic0 killall -2 hotspot_check' after 6.87037965712s
2016-10-20 22:22:20:shell stdout: 
2016-10-20 22:22:20:sending signal using command: 'ssh -T mic0 killall -2 hotspot_check' after 7.54363027832s
2016-10-20 22:22:20:shell stdout: 
2016-10-20 22:22:21:sending signal using command: 'ssh -T mic0 killall -2 hotspot_check' after 8.50105817749s
2016-10-20 22:22:21:shell stdout: 
2016-10-20 22:22:24:sending signal using command: 'ssh -T mic0 killall -2 hotspot_check' after 11.1235583083s
2016-10-20 22:22:24:shell stdout: 
2016-10-20 22:22:24:sending signal using command: 'ssh -T mic0 killall -2 hotspot_check' after 11.6814952464s
2016-10-20 22:22:24:shell stdout: 
2016-10-20 22:22:26:sending signal using command: 'ssh -T mic0 killall -2 hotspot_check' after 13.5581199679s
2016-10-20 22:22:26:shell stdout: 
2016-10-20 22:22:34:no gdbExecName running, out:
2016-10-20 22:22:34:checCmd:ps -e | grep -i gdb-mic
2016-10-20 22:22:34:finished now-timestampStart < maxWaitTime*5
2016-10-20 22:22:34:now: 1477016553
2016-10-20 22:22:34:timestampStart: 1477016532
2016-10-20 22:22:34:kill cmd: killall -9 gdb-mic
2016-10-20 22:22:34:shell stdout: 
2016-10-20 22:22:34:kill cmd: ssh -T mic0 killall -9 hotspot_check
2016-10-20 22:22:34:shell stdout: 
2016-10-20 22:22:34:kill cmd: ssh -T mic0 killall -9 gdbserver
2016-10-20 22:22:34:shell stdout: 
