#HEADER matrix_dim:2048 threads:228
#BEGIN Y:2017 M:02 D:26 Time:13:42:17
#IT Ite:0 KerTime:22.666346 AccTime:22.666346
#ERR  p: [9, 1370], r: 2.2411197423934937e-01, e: 2.5642168521881104e-01
#ERR  p: [0, 1370], r: 2.2150519490242004e-01, e: 2.5410693883895874e-01
#ERR  p: [2040, 1473], r: 1.1337880976498127e-02, e: 1.1332334019243717e-02
#ERR  p: [2032, 1473], r: 1.1428113095462322e-02, e: 1.1422519572079182e-02
#ERR  p: [2024, 1473], r: 1.1521361768245697e-02, e: 1.1515723541378975e-02
#ERR  p: [1926, 1473], r: 1.2706193141639233e-02, e: 1.2699974700808525e-02
#ERR  p: [9, 1371], r: 2.2386999428272247e-01, e: 2.5614723563194275e-01
#ERR  p: [1962, 1473], r: 1.2258877046406269e-02, e: 1.2252878397703171e-02
#ERR  p: [1998, 1473], r: 1.1823702603578568e-02, e: 1.1817915365099907e-02
#ERR  p: [1989, 1473], r: 1.1927627958357334e-02, e: 1.1921788565814495e-02
#ERR  p: [0, 1371], r: 2.2128398716449738e-01, e: 2.5385296344757080e-01
#ERR  p: [1971, 1473], r: 1.2147257104516029e-02, e: 1.2141312472522259e-02
#ERR  p: [1908, 1473], r: 1.2936094775795937e-02, e: 1.2929764576256275e-02
#ERR  p: [2007, 1473], r: 1.1718952096998692e-02, e: 1.1713217943906784e-02
#ERR  p: [1980, 1473], r: 1.2040629982948303e-02, e: 1.2034738436341286e-02
#ERR  p: [1935, 1473], r: 1.2595089152455330e-02, e: 1.2588925659656525e-02
#ERR  p: [2016, 1473], r: 1.1611965484917164e-02, e: 1.1606280691921711e-02
#ERR  p: [1953, 1473], r: 1.2368205003440380e-02, e: 1.2362152338027954e-02
#ERR  p: [1944, 1473], r: 1.2479219585657120e-02, e: 1.2473111040890217e-02
#ERR  p: [1899, 1473], r: 1.3052899390459061e-02, e: 1.3046510517597198e-02
#ERR  p: [2040, 1474], r: 1.1345669627189636e-02, e: 1.1344857513904572e-02
#ERR  p: [1881, 1473], r: 1.3295322656631470e-02, e: 1.3288819231092930e-02
#ERR  p: [1917, 1473], r: 1.2821521610021591e-02, e: 1.2815245427191257e-02
#ERR  p: [1890, 1473], r: 1.3173528015613556e-02, e: 1.3167082332074642e-02
#ERR  p: [2032, 1474], r: 1.1435851454734802e-02, e: 1.1435035616159439e-02
#ERR  p: [1791, 1473], r: 1.4542169868946075e-02, e: 1.4535052701830864e-02
#ERR  p: [1872, 1473], r: 1.3414916582405567e-02, e: 1.3408354483544827e-02
#ERR  p: [1854, 1473], r: 1.3658871874213219e-02, e: 1.3652191497385502e-02
#ERR  p: [1863, 1473], r: 1.3532845303416252e-02, e: 1.3526222668588161e-02
#ERR  p: [2024, 1474], r: 1.1527210474014282e-02, e: 1.1526387184858322e-02
#ERR  p: [1728, 1473], r: 1.5487669967114925e-02, e: 1.5480089001357555e-02
#ERR  p: [1476, 1370], r: 5.0443038344383240e-02, e: 1.7971411347389221e-02
#ERR  p: [1926, 1474], r: 1.2715406715869904e-02, e: 1.2714499607682228e-02
#ERR  p: [1755, 1473], r: 1.5078238211572170e-02, e: 1.5070860274136066e-02
#ERR  p: [1764, 1473], r: 1.4942277222871780e-02, e: 1.4934965409338474e-02
#ERR  p: [1485, 1370], r: 4.9991846084594727e-02, e: 1.7811059951782227e-02
#ERR  p: [1818, 1473], r: 1.4156586490571499e-02, e: 1.4149660244584084e-02
#ERR  p: [1773, 1473], r: 1.4806899242103100e-02, e: 1.4799653552472591e-02
#ERR  p: [1845, 1473], r: 1.3779444620013237e-02, e: 1.3772700913250446e-02
#ERR  p: [1800, 1473], r: 1.4412457123398781e-02, e: 1.4405404217541218e-02
#ERR  p: [1782, 1473], r: 1.4675665646791458e-02, e: 1.4668484218418598e-02
#ERR  p: [1503, 1473], r: 1.9400650635361671e-02, e: 1.9391154870390892e-02
#ERR  p: [1746, 1473], r: 1.5213026665151119e-02, e: 1.5205580741167068e-02
#ERR  p: [1737, 1473], r: 1.5351833775639534e-02, e: 1.5344321727752686e-02
#ERR  p: [1827, 1473], r: 1.4026631601154804e-02, e: 1.4019765891134739e-02
#ERR  p: [1809, 1473], r: 1.4284439384937286e-02, e: 1.4277447015047073e-02
#ERR  p: [1472, 1370], r: 5.0646945834159851e-02, e: 1.8045082688331604e-02
#ERR  p: [1512, 1473], r: 1.9223339855670929e-02, e: 1.9213931635022163e-02
#ERR  p: [1521, 1473], r: 1.9054997712373734e-02, e: 1.9045675173401833e-02
#ERR  p: [1494, 1473], r: 1.9574411213397980e-02, e: 1.9564831629395485e-02
#ERR  p: [1836, 1473], r: 1.3903839513659477e-02, e: 1.3897036202251911e-02
#ERR  p: [1602, 1473], r: 1.7572201788425446e-02, e: 1.7563605681061745e-02
#ERR  p: [1611, 1473], r: 1.7414111644029617e-02, e: 1.7405590042471886e-02
#ERR  p: [1530, 1473], r: 1.8877044320106506e-02, e: 1.8867803737521172e-02
#ERR  p: [1584, 1473], r: 1.7884230241179466e-02, e: 1.7875473946332932e-02
#ERR  p: [1692, 1473], r: 1.6055755317211151e-02, e: 1.6047894954681396e-02
#ERR  p: [1719, 1473], r: 1.5628732740879059e-02, e: 1.5621083788573742e-02
#ERR  p: [1665, 1473], r: 1.6496149823069572e-02, e: 1.6488078981637955e-02
#ERR  p: [1566, 1473], r: 1.8214371055364609e-02, e: 1.8205458298325539e-02
#ERR  p: [1539, 1473], r: 1.8709097057580948e-02, e: 1.8699940294027328e-02
#ERR  p: [1710, 1473], r: 1.5771228820085526e-02, e: 1.5763510018587112e-02
#ERR  p: [1629, 1473], r: 1.7098978161811829e-02, e: 1.7090611159801483e-02
#ERR  p: [1656, 1473], r: 1.6648773103952408e-02, e: 1.6640629619359970e-02
#ERR  p: [1683, 1473], r: 1.6202677041292191e-02, e: 1.6194747760891914e-02
#ERR  p: [1674, 1473], r: 1.6348030418157578e-02, e: 1.6340030357241631e-02
#ERR  p: [1701, 1473], r: 1.5913667157292366e-02, e: 1.5905879437923431e-02
#ERR  p: [1647, 1473], r: 1.6795955598354340e-02, e: 1.6787735745310783e-02
#ERR  p: [1620, 1473], r: 1.7249267548322678e-02, e: 1.7240820452570915e-02
#ERR  p: [1557, 1473], r: 1.8379559740424156e-02, e: 1.8370568752288818e-02
#ERR  p: [1575, 1473], r: 1.8053585663437843e-02, e: 1.8044753000140190e-02
#ERR  p: [1593, 1473], r: 1.7729606479406357e-02, e: 1.7720934003591537e-02
#ERR  p: [1638, 1473], r: 1.6951354220509529e-02, e: 1.6943059861660004e-02
#ERR  p: [9, 1372], r: 2.2367535531520844e-01, e: 2.5592049956321716e-01
#ERR  p: [1548, 1473], r: 1.8545508384704590e-02, e: 1.8536433577537537e-02
#ERR  p: [1998, 1474], r: 1.1830959469079971e-02, e: 1.1830113828182220e-02
#ERR  p: [1962, 1474], r: 1.2262232601642609e-02, e: 1.2261355295777321e-02
#ERR  p: [1989, 1474], r: 1.1941043660044670e-02, e: 1.1940192431211472e-02
#ERR  p: [0, 1372], r: 2.2106266021728516e-01, e: 2.5359925627708435e-01
#ERR  p: [1728, 1474], r: 1.5498748049139977e-02, e: 1.5497639775276184e-02
#ERR  p: [1971, 1474], r: 1.2153998017311096e-02, e: 1.2153130024671555e-02
#ERR  p: [1935, 1474], r: 1.2599498033523560e-02, e: 1.2598598375916481e-02
#ERR  p: [1908, 1474], r: 1.2948026880621910e-02, e: 1.2947101145982742e-02
#ERR  p: [2007, 1474], r: 1.1726012453436852e-02, e: 1.1725174263119698e-02
#ERR  p: [1980, 1474], r: 1.2044325470924377e-02, e: 1.2043466791510582e-02
#ERR  p: [2016, 1474], r: 1.1620163917541504e-02, e: 1.1619333177804947e-02
#ERR  p: [1881, 1474], r: 1.3297967612743378e-02, e: 1.3297017663717270e-02
#ERR  p: [1872, 1474], r: 1.3418704271316528e-02, e: 1.3417746871709824e-02
#ERR  p: [2032, 1475], r: 1.1442404240369797e-02, e: 1.1444501578807831e-02
#ERR  p: [1890, 1474], r: 1.3179406523704529e-02, e: 1.3178464025259018e-02
#ERR  p: [1791, 1474], r: 1.4554392546415329e-02, e: 1.4553353190422058e-02
#ERR  p: [1917, 1474], r: 1.2826692312955856e-02, e: 1.2825775891542435e-02
#ERR  p: [1854, 1474], r: 1.3662539422512054e-02, e: 1.3661563396453857e-02
#ERR  p: [2040, 1475], r: 1.1353909969329834e-02, e: 1.1355992406606674e-02
#ERR  p: [1899, 1474], r: 1.3063993304967880e-02, e: 1.3063058257102966e-02
#ERR  p: [1944, 1474], r: 1.2488443404436111e-02, e: 1.2487553060054779e-02
#ERR  p: [1953, 1474], r: 1.2374471873044968e-02, e: 1.2373587116599083e-02
#ERR  p: [2024, 1475], r: 1.1539489030838013e-02, e: 1.1541604995727539e-02
#ERR  p: [1863, 1474], r: 1.3540755957365036e-02, e: 1.3539787381887436e-02
#ERR  p: [1476, 1371], r: 1.7979025840759277e-02, e: 1.7983838915824890e-02
#ERR  p: [1755, 1474], r: 1.5086188912391663e-02, e: 1.5085110440850258e-02
#ERR  p: [1926, 1475], r: 1.2724492698907852e-02, e: 1.2726824730634689e-02
#ERR  p: [1764, 1474], r: 1.4950845390558243e-02, e: 1.4949779957532883e-02
#ERR  p: [1566, 1474], r: 1.8221881240606308e-02, e: 1.8220577389001846e-02
#ERR  p: [1530, 1474], r: 1.8891274929046631e-02, e: 1.8889926373958588e-02
#ERR  p: [1485, 1371], r: 1.7816826701164246e-02, e: 1.7821386456489563e-02
#ERR  p: [1818, 1474], r: 1.4166256412863731e-02, e: 1.4165244996547699e-02
#ERR  p: [1845, 1474], r: 1.3785701245069504e-02, e: 1.3784715905785561e-02
#ERR  p: [1773, 1474], r: 1.4819517731666565e-02, e: 1.4818457886576653e-02
#ERR  p: [1503, 1474], r: 1.9406281411647797e-02, e: 1.9404895603656769e-02
#ERR  p: [1800, 1474], r: 1.4423098415136337e-02, e: 1.4422068372368813e-02
#ERR  p: [1782, 1474], r: 1.4682959765195847e-02, e: 1.4681912958621979e-02
#ERR  p: [1746, 1474], r: 1.5221962705254555e-02, e: 1.5220876783132553e-02
#ERR  p: [1737, 1474], r: 1.5359735116362572e-02, e: 1.5358638018369675e-02
#ERR  p: [1827, 1474], r: 1.4039546251296997e-02, e: 1.4038542285561562e-02
#ERR  p: [1809, 1474], r: 1.4293855056166649e-02, e: 1.4292834326624870e-02
#ERR  p: [1472, 1371], r: 1.8051967024803162e-02, e: 1.8057644367218018e-02
#ERR  p: [1512, 1474], r: 1.9233863800764084e-02, e: 1.9232489168643951e-02
#ERR  p: [1521, 1474], r: 1.9064642488956451e-02, e: 1.9063279032707214e-02
#ERR  p: [1494, 1474], r: 1.9584476947784424e-02, e: 1.9583079963922501e-02
#ERR  p: [1836, 1474], r: 1.3913314789533615e-02, e: 1.3912320137023926e-02
#ERR  p: [1602, 1474], r: 1.7578184604644775e-02, e: 1.7576929181814194e-02
#ERR  p: [1611, 1474], r: 1.7425112426280975e-02, e: 1.7423871904611588e-02
#ERR  p: [1584, 1474], r: 1.7902217805385590e-02, e: 1.7900940030813217e-02
#ERR  p: [1692, 1474], r: 1.6065925359725952e-02, e: 1.6064777970314026e-02
#ERR  p: [1719, 1474], r: 1.5640802681446075e-02, e: 1.5639685094356537e-02
#ERR  p: [1665, 1474], r: 1.6508802771568298e-02, e: 1.6507618129253387e-02
#ERR  p: [1710, 1474], r: 1.5780311077833176e-02, e: 1.5779186040163040e-02
#ERR  p: [1539, 1474], r: 1.8724888563156128e-02, e: 1.8723551183938980e-02
#ERR  p: [1629, 1474], r: 1.7110757529735565e-02, e: 1.7109528183937073e-02
#ERR  p: [1656, 1474], r: 1.6653064638376236e-02, e: 1.6651876270771027e-02
#ERR  p: [1683, 1474], r: 1.6211342066526413e-02, e: 1.6210183501243591e-02
#ERR  p: [1674, 1474], r: 1.6362905502319336e-02, e: 1.6361735761165619e-02
#ERR  p: [1701, 1474], r: 1.5922404825687408e-02, e: 1.5921264886856079e-02
#ERR  p: [1647, 1474], r: 1.6808360815048218e-02, e: 1.6807161271572113e-02
#ERR  p: [1620, 1474], r: 1.7272196710109711e-02, e: 1.7270959913730621e-02
#ERR  p: [1557, 1474], r: 1.8392398953437805e-02, e: 1.8391080200672150e-02
#ERR  p: [1575, 1474], r: 1.8063791096210480e-02, e: 1.8062502145767212e-02
#ERR  p: [1593, 1474], r: 1.7741449177265167e-02, e: 1.7740182578563690e-02
#ERR  p: [9, 1373], r: 2.2340938448905945e-01, e: 2.5562220811843872e-01
#ERR  p: [1638, 1474], r: 1.6957756131887436e-02, e: 1.6956545412540436e-02
#ERR  p: [1548, 1474], r: 1.8553953617811203e-02, e: 1.8552623689174652e-02
#ERR  p: [1962, 1475], r: 1.2274332344532013e-02, e: 1.2276582419872284e-02
#ERR  p: [1998, 1475], r: 1.1841081082820892e-02, e: 1.1843249201774597e-02
#ERR  p: [0, 1373], r: 2.2084182500839233e-01, e: 2.5334578752517700e-01
#ERR  p: [1989, 1475], r: 1.1946357786655426e-02, e: 1.1948548257350922e-02
#ERR  p: [1728, 1475], r: 1.5513245016336441e-02, e: 1.5516091138124466e-02
#ERR  p: [1971, 1475], r: 1.2165583670139313e-02, e: 1.2167811393737793e-02
#ERR  p: [1935, 1475], r: 1.2608848512172699e-02, e: 1.2611158192157745e-02
#ERR  p: [1908, 1475], r: 1.2957509607076645e-02, e: 1.2959886342287064e-02
#ERR  p: [2007, 1475], r: 1.1732812970876694e-02, e: 1.1734966188669205e-02
#ERR  p: [1980, 1475], r: 1.2055553495883942e-02, e: 1.2057766318321228e-02
#ERR  p: [2016, 1475], r: 1.1630535125732422e-02, e: 1.1632665991783142e-02
#ERR  p: [1899, 1475], r: 1.3073626905679703e-02, e: 1.3076025992631912e-02
#ERR  p: [1881, 1475], r: 1.3310909271240234e-02, e: 1.3313349336385727e-02
#ERR  p: [2032, 1476], r: 1.1464901268482208e-02, e: 1.1459793895483017e-02
#ERR  p: [1872, 1475], r: 1.3429619371891022e-02, e: 1.3432078063488007e-02
#ERR  p: [1890, 1475], r: 1.3192743062973022e-02, e: 1.3195157051086426e-02
#ERR  p: [1791, 1475], r: 1.4562286436557770e-02, e: 1.4564953744411469e-02
#ERR  p: [1854, 1475], r: 1.3677246868610382e-02, e: 1.3679750263690948e-02
#ERR  p: [2040, 1476], r: 1.1373601853847504e-02, e: 1.1368539184331894e-02
#ERR  p: [1917, 1475], r: 1.2841112911701202e-02, e: 1.2843467295169830e-02
#ERR  p: [1944, 1475], r: 1.2499310076236725e-02, e: 1.2501601129770279e-02
#ERR  p: [1953, 1475], r: 1.2387737631797791e-02, e: 1.2390006333589554e-02
#ERR  p: [1863, 1475], r: 1.3550218194723129e-02, e: 1.3552702963352203e-02
#ERR  p: [2024, 1476], r: 1.1551585048437119e-02, e: 1.1546440422534943e-02
#ERR  p: [1485, 1372], r: 1.7854332923889160e-02, e: 1.7847537994384766e-02
#ERR  p: [1476, 1372], r: 1.8016338348388672e-02, e: 1.8009006977081299e-02
#ERR  p: [1818, 1475], r: 1.4177061617374420e-02, e: 1.4179654419422150e-02
#ERR  p: [1926, 1476], r: 1.2743279337882996e-02, e: 1.2737609446048737e-02
#ERR  p: [1755, 1475], r: 1.5097826719284058e-02, e: 1.5100598335266113e-02
#ERR  p: [1764, 1475], r: 1.4962956309318542e-02, e: 1.4965694397687912e-02
#ERR  p: [1530, 1475], r: 1.8908455967903137e-02, e: 1.8911920487880707e-02
#ERR  p: [1566, 1475], r: 1.8240578472614288e-02, e: 1.8243920058012009e-02
#ERR  p: [1845, 1475], r: 1.3798180967569351e-02, e: 1.3800710439682007e-02
#ERR  p: [1773, 1475], r: 1.4828365296125412e-02, e: 1.4831084758043289e-02
#ERR  p: [1800, 1475], r: 1.4430973678827286e-02, e: 1.4433618634939194e-02
#ERR  p: [1503, 1475], r: 1.9423361867666245e-02, e: 1.9426923245191574e-02
#ERR  p: [1746, 1475], r: 1.5233125537633896e-02, e: 1.5235915780067444e-02
#ERR  p: [1827, 1475], r: 1.4046903699636459e-02, e: 1.4049477875232697e-02
#ERR  p: [1782, 1475], r: 1.4697209000587463e-02, e: 1.4699902385473251e-02
#ERR  p: [1737, 1475], r: 1.5370775014162064e-02, e: 1.5373595058917999e-02
#ERR  p: [1521, 1475], r: 1.9075416028499603e-02, e: 1.9078917801380157e-02
#ERR  p: [1472, 1372], r: 1.8086075782775879e-02, e: 1.8077313899993896e-02
#ERR  p: [1836, 1475], r: 1.3921134173870087e-02, e: 1.3923685997724533e-02
#ERR  p: [1602, 1475], r: 1.7592765390872955e-02, e: 1.7595991492271423e-02
#ERR  p: [1512, 1475], r: 1.9250161945819855e-02, e: 1.9253686070442200e-02
#ERR  p: [1809, 1475], r: 1.4302682131528854e-02, e: 1.4305301010608673e-02
#ERR  p: [1494, 1475], r: 1.9599094986915588e-02, e: 1.9602686166763306e-02
#ERR  p: [1584, 1475], r: 1.7908774316310883e-02, e: 1.7912052571773529e-02
#ERR  p: [1719, 1475], r: 1.5649192035198212e-02, e: 1.5652060508728027e-02
#ERR  p: [1611, 1475], r: 1.7432674765586853e-02, e: 1.7435871064662933e-02
#ERR  p: [1692, 1475], r: 1.6080677509307861e-02, e: 1.6083624213933945e-02
#ERR  p: [1710, 1475], r: 1.5793099999427795e-02, e: 1.5795994549989700e-02
#ERR  p: [1665, 1475], r: 1.6517400741577148e-02, e: 1.6520433127880096e-02
#ERR  p: [1539, 1475], r: 1.8736407160758972e-02, e: 1.8739838153123856e-02
#ERR  p: [1629, 1475], r: 1.7124436795711517e-02, e: 1.7127580940723419e-02
#ERR  p: [1674, 1475], r: 1.6367800533771515e-02, e: 1.6370803117752075e-02
#ERR  p: [1656, 1475], r: 1.6669068485498428e-02, e: 1.6672119498252869e-02
#ERR  p: [1683, 1475], r: 1.6223147511482239e-02, e: 1.6226120293140411e-02
#ERR  p: [1701, 1475], r: 1.5935372561216354e-02, e: 1.5938293188810349e-02
#ERR  p: [1557, 1475], r: 1.8401231616735458e-02, e: 1.8404610455036163e-02
#ERR  p: [1647, 1475], r: 1.6817197203636169e-02, e: 1.6820274293422699e-02
#ERR  p: [1620, 1475], r: 1.7277322709560394e-02, e: 1.7280496656894684e-02
#ERR  p: [9, 1374], r: 2.2320285439491272e-01, e: 2.5538355112075806e-01
#ERR  p: [1593, 1475], r: 1.7751611769199371e-02, e: 1.7754863947629929e-02
#ERR  p: [1575, 1475], r: 1.8075138330459595e-02, e: 1.8078453838825226e-02
#ERR  p: [1638, 1475], r: 1.6971193253993988e-02, e: 1.6974303871393204e-02
#ERR  p: [1548, 1475], r: 1.8568590283393860e-02, e: 1.8571998924016953e-02
#ERR  p: [1962, 1476], r: 1.2293495237827301e-02, e: 1.2288026511669159e-02
#ERR  p: [1998, 1476], r: 1.1860150843858719e-02, e: 1.1854875832796097e-02
#ERR  p: [0, 1374], r: 2.2062098979949951e-01, e: 2.5309255719184875e-01
#ERR  p: [1728, 1476], r: 1.5534918755292892e-02, e: 1.5528004616498947e-02
#ERR  p: [1989, 1476], r: 1.1966932564973831e-02, e: 1.1961601674556732e-02
#ERR  p: [1971, 1476], r: 1.2186411768198013e-02, e: 1.2180991470813751e-02
#ERR  p: [1935, 1476], r: 1.2633055448532104e-02, e: 1.2627437710762024e-02
#ERR  p: [1908, 1476], r: 1.2974902987480164e-02, e: 1.2969121336936951e-02
#ERR  p: [2007, 1476], r: 1.1752262711524963e-02, e: 1.1747024953365326e-02
#ERR  p: [1980, 1476], r: 1.2074664235115051e-02, e: 1.2069284915924072e-02
#ERR  p: [2016, 1476], r: 1.1647269129753113e-02, e: 1.1642083525657654e-02
#ERR  p: [1899, 1476], r: 1.3093031942844391e-02, e: 1.3087205588817596e-02
#ERR  p: [1881, 1476], r: 1.3331364840269089e-02, e: 1.3325430452823639e-02
#ERR  p: [2032, 1477], r: 1.1459849774837494e-02, e: 1.1469621211290359e-02
#ERR  p: [1872, 1476], r: 1.3452999293804169e-02, e: 1.3447012752294540e-02
#ERR  p: [1890, 1476], r: 1.3212669640779495e-02, e: 1.3206794857978821e-02
#ERR  p: [1791, 1476], r: 1.4588318765163422e-02, e: 1.4581829309463501e-02
#ERR  p: [1944, 1476], r: 1.2516070157289505e-02, e: 1.2510493397712708e-02
#ERR  p: [1854, 1476], r: 1.3694077730178833e-02, e: 1.3687983155250549e-02
#ERR  p: [2040, 1477], r: 1.1368341743946075e-02, e: 1.1378027498722076e-02
#ERR  p: [1917, 1476], r: 1.2859947979450226e-02, e: 1.2854222208261490e-02
#ERR  p: [1863, 1476], r: 1.3575710356235504e-02, e: 1.3569671660661697e-02
#ERR  p: [2024, 1477], r: 1.1553894728422165e-02, e: 1.1563740670681000e-02
#ERR  p: [1953, 1476], r: 1.2404300272464752e-02, e: 1.2398783117532730e-02
#ERR  p: [1755, 1476], r: 1.5118684619665146e-02, e: 1.5111945569515228e-02
#ERR  p: [1485, 1373], r: 1.7861098051071167e-02, e: 1.7864316701889038e-02
#ERR  p: [1476, 1373], r: 1.8021315336227417e-02, e: 1.8024533987045288e-02
#ERR  p: [1926, 1477], r: 1.2746274471282959e-02, e: 1.2757122516632080e-02
#ERR  p: [1566, 1476], r: 1.8266960978507996e-02, e: 1.8258839845657349e-02
#ERR  p: [1818, 1476], r: 1.4196634292602539e-02, e: 1.4190319925546646e-02
#ERR  p: [1764, 1476], r: 1.4987453818321228e-02, e: 1.4980785548686981e-02
#ERR  p: [1530, 1476], r: 1.8940381705760956e-02, e: 1.8931955099105835e-02
#ERR  p: [1773, 1476], r: 1.4851901680231094e-02, e: 1.4845296740531921e-02
#ERR  p: [1845, 1476], r: 1.3820584863424301e-02, e: 1.3814434409141541e-02
#ERR  p: [1503, 1476], r: 1.9457057118415833e-02, e: 1.9448399543762207e-02
#ERR  p: [1827, 1476], r: 1.4074563980102539e-02, e: 1.4068305492401123e-02
#ERR  p: [1800, 1476], r: 1.4456395059823990e-02, e: 1.4449961483478546e-02
#ERR  p: [1521, 1476], r: 1.9111625850200653e-02, e: 1.9103117287158966e-02
#ERR  p: [1602, 1476], r: 1.7624050378799438e-02, e: 1.7616212368011475e-02
#ERR  p: [1746, 1476], r: 1.5258714556694031e-02, e: 1.5251927077770233e-02
#ERR  p: [1737, 1476], r: 1.5397325158119202e-02, e: 1.5390474349260330e-02
#ERR  p: [1782, 1476], r: 1.4716755598783493e-02, e: 1.4710202813148499e-02
#ERR  p: [1472, 1373], r: 1.8094688653945923e-02, e: 1.8098607659339905e-02
#ERR  p: [1836, 1476], r: 1.3946622610092163e-02, e: 1.3940416276454926e-02
#ERR  p: [1512, 1476], r: 1.9282996654510498e-02, e: 1.9274421036243439e-02
#ERR  p: [1494, 1476], r: 1.9628718495368958e-02, e: 1.9619978964328766e-02
#ERR  p: [1809, 1476], r: 1.4324240386486053e-02, e: 1.4317866414785385e-02
#ERR  p: [1719, 1476], r: 1.5677474439144135e-02, e: 1.5670500695705414e-02
#ERR  p: [1584, 1476], r: 1.7944298684597015e-02, e: 1.7936319112777710e-02
#ERR  p: [1611, 1476], r: 1.7464615404605865e-02, e: 1.7456836998462677e-02
#ERR  p: [1692, 1476], r: 1.6105718910694122e-02, e: 1.6098544001579285e-02
#ERR  p: [1710, 1476], r: 1.5818133950233459e-02, e: 1.5811085700988770e-02
#ERR  p: [1665, 1476], r: 1.6547203063964844e-02, e: 1.6539849340915680e-02
#ERR  p: [1629, 1476], r: 1.7157755792140961e-02, e: 1.7150118947029114e-02
#ERR  p: [1539, 1476], r: 1.8769130110740662e-02, e: 1.8760785460472107e-02
#ERR  p: [1656, 1476], r: 1.6698449850082397e-02, e: 1.6691021621227264e-02
#ERR  p: [1683, 1476], r: 1.6252607107162476e-02, e: 1.6245380043983459e-02
#ERR  p: [1701, 1476], r: 1.5959411859512329e-02, e: 1.5952311456203461e-02
#ERR  p: [1674, 1476], r: 1.6399681568145752e-02, e: 1.6392379999160767e-02
#ERR  p: [1557, 1476], r: 1.8433347344398499e-02, e: 1.8425151705741882e-02
#ERR  p: [1647, 1476], r: 1.6848534345626831e-02, e: 1.6841039061546326e-02
#ERR  p: [1620, 1476], r: 1.7307057976722717e-02, e: 1.7299354076385498e-02
#ERR  p: [9, 1375], r: 2.2297242283821106e-01, e: 2.5512102246284485e-01
#ERR  p: [1593, 1476], r: 1.7780758440494537e-02, e: 1.7772853374481201e-02
#ERR  p: [1638, 1476], r: 1.6996420919895172e-02, e: 1.6988858580589294e-02
#ERR  p: [1575, 1476], r: 1.8105000257492065e-02, e: 1.8096938729286194e-02
#ERR  p: [1548, 1476], r: 1.8603540956974030e-02, e: 1.8595263361930847e-02
#ERR  p: [1998, 1477], r: 1.1858023703098297e-02, e: 1.1868122965097427e-02
#ERR  p: [1962, 1477], r: 1.2295953929424286e-02, e: 1.2306421995162964e-02
#ERR  p: [0, 1375], r: 2.2040039300918579e-01, e: 2.5283956527709961e-01
#ERR  p: [1989, 1477], r: 1.1965773999691010e-02, e: 1.1975966393947601e-02
#ERR  p: [1728, 1477], r: 1.5533611178398132e-02, e: 1.5546843409538269e-02
#ERR  p: [1971, 1477], r: 1.2181498110294342e-02, e: 1.2191873043775558e-02
#ERR  p: [1935, 1477], r: 1.2631177902221680e-02, e: 1.2641936540603638e-02
#ERR  p: [1908, 1477], r: 1.2974597513675690e-02, e: 1.2985654175281525e-02
#ERR  p: [2007, 1477], r: 1.1755030602216721e-02, e: 1.1765047907829285e-02
#ERR  p: [1980, 1477], r: 1.2074239552021027e-02, e: 1.2084521353244781e-02
#ERR  p: [2016, 1477], r: 1.1646483093500137e-02, e: 1.1656407266855240e-02
#ERR  p: [1899, 1477], r: 1.3092339038848877e-02, e: 1.3103492558002472e-02
#ERR  p: [1881, 1477], r: 1.3329528272151947e-02, e: 1.3340882956981659e-02
#ERR  p: [2032, 1478], r: 1.1484757065773010e-02, e: 1.1481583118438721e-02
#ERR  p: [1872, 1477], r: 1.3450674712657928e-02, e: 1.3462126255035400e-02
#ERR  p: [1890, 1477], r: 1.3208881020545959e-02, e: 1.3220131397247314e-02
#ERR  p: [1791, 1477], r: 1.4585077762603760e-02, e: 1.4597497880458832e-02
#ERR  p: [1944, 1477], r: 1.2518014758825302e-02, e: 1.2528680264949799e-02
#ERR  p: [1854, 1477], r: 1.3695955276489258e-02, e: 1.3707622885704041e-02
#ERR  p: [1917, 1477], r: 1.2857109308242798e-02, e: 1.2868061661720276e-02
#ERR  p: [2040, 1478], r: 1.1392511427402496e-02, e: 1.1389359831809998e-02
#ERR  p: [2024, 1478], r: 1.1576935648918152e-02, e: 1.1573731899261475e-02
#ERR  p: [1863, 1477], r: 1.3571843504905701e-02, e: 1.3583399355411530e-02
#ERR  p: [1953, 1477], r: 1.2403398752212524e-02, e: 1.2413959950208664e-02
#ERR  p: [1485, 1374], r: 1.7880082130432129e-02, e: 1.7881125211715698e-02
#ERR  p: [1755, 1477], r: 1.5121988952159882e-02, e: 1.5134871006011963e-02
#ERR  p: [1566, 1477], r: 1.8263958394527435e-02, e: 1.8279507756233215e-02
#ERR  p: [1926, 1478], r: 1.2767396867275238e-02, e: 1.2763880193233490e-02
#ERR  p: [1476, 1374], r: 1.8042922019958496e-02, e: 1.8043562769889832e-02
#ERR  p: [1818, 1477], r: 1.4196626842021942e-02, e: 1.4208711683750153e-02
#ERR  p: [1764, 1477], r: 1.4984555542469025e-02, e: 1.4997318387031555e-02
#ERR  p: [1845, 1477], r: 1.3816602528095245e-02, e: 1.3828366994857788e-02
#ERR  p: [1503, 1477], r: 1.9454494118690491e-02, e: 1.9471071660518646e-02
#ERR  p: [1530, 1477], r: 1.8930062651634216e-02, e: 1.8946178257465363e-02
#ERR  p: [1602, 1477], r: 1.7618447542190552e-02, e: 1.7633438110351562e-02
#ERR  p: [1773, 1477], r: 1.4848768711090088e-02, e: 1.4861412346363068e-02
#ERR  p: [1827, 1477], r: 1.4068357646465302e-02, e: 1.4080338180065155e-02
#ERR  p: [1800, 1477], r: 1.4455974102020264e-02, e: 1.4468282461166382e-02
#ERR  p: [1746, 1477], r: 1.5256941318511963e-02, e: 1.5269935131072998e-02
#ERR  p: [1521, 1477], r: 1.9102185964584351e-02, e: 1.9118458032608032e-02
#ERR  p: [1737, 1477], r: 1.5393510460853577e-02, e: 1.5406623482704163e-02
#ERR  p: [1782, 1477], r: 1.4717936515808105e-02, e: 1.4730475842952728e-02
#ERR  p: [1836, 1477], r: 1.3943783938884735e-02, e: 1.3955660164356232e-02
#ERR  p: [1512, 1477], r: 1.9278392195701599e-02, e: 1.9294813275337219e-02
#ERR  p: [1809, 1477], r: 1.4328166842460632e-02, e: 1.4340370893478394e-02
#ERR  p: [1472, 1374], r: 1.8112570047378540e-02, e: 1.8113553524017334e-02
#ERR  p: [1719, 1477], r: 1.5673793852329254e-02, e: 1.5687137842178345e-02
#ERR  p: [1494, 1477], r: 1.9635811448097229e-02, e: 1.9652530550956726e-02
#ERR  p: [1584, 1477], r: 1.7939954996109009e-02, e: 1.7955228686332703e-02
#ERR  p: [1692, 1477], r: 1.6102179884910583e-02, e: 1.6115903854370117e-02
#ERR  p: [1710, 1477], r: 1.5814714133739471e-02, e: 1.5828192234039307e-02
#ERR  p: [1611, 1477], r: 1.7461366951465607e-02, e: 1.7476230859756470e-02
#ERR  p: [1665, 1477], r: 1.6542926430702209e-02, e: 1.6557008028030396e-02
#ERR  p: [1629, 1477], r: 1.7147704958915710e-02, e: 1.7162315547466278e-02
#ERR  p: [1656, 1477], r: 1.6692630946636200e-02, e: 1.6706846654415131e-02
#ERR  p: [1539, 1477], r: 1.8768280744552612e-02, e: 1.8784254789352417e-02
#ERR  p: [1683, 1477], r: 1.6245216131210327e-02, e: 1.6259044408798218e-02
#ERR  p: [1701, 1477], r: 1.5960320830345154e-02, e: 1.5973910689353943e-02
#ERR  p: [1575, 1477], r: 1.8100202083587646e-02, e: 1.8115624785423279e-02
#ERR  p: [1962, 1478], r: 1.2317761778831482e-02, e: 1.2314364314079285e-02
#ERR  p: [1674, 1477], r: 1.6395263373851776e-02, e: 1.6409225761890411e-02
#ERR  p: [1557, 1477], r: 1.8427856266498566e-02, e: 1.8443547189235687e-02
#ERR  p: [1647, 1477], r: 1.6841992735862732e-02, e: 1.6856342554092407e-02
#ERR  p: [1620, 1477], r: 1.7303392291069031e-02, e: 1.7318136990070343e-02
#ERR  p: [1593, 1477], r: 1.7777733504772186e-02, e: 1.7792865633964539e-02
#ERR  p: [1638, 1477], r: 1.6996905207633972e-02, e: 1.7011374235153198e-02
#ERR  p: [1548, 1477], r: 1.8592305481433868e-02, e: 1.8608137965202332e-02
#ERR  p: [1998, 1478], r: 1.1881023645401001e-02, e: 1.1877745389938354e-02
#ERR  p: [10, 1370], r: 2.2435870766639709e-01, e: 2.5663611292839050e-01
#ERR  p: [1, 1370], r: 2.2179837524890900e-01, e: 2.5436735153198242e-01
#ERR  p: [1989, 1478], r: 1.1990249156951904e-02, e: 1.1986948549747467e-02
#ERR  p: [1728, 1478], r: 1.5562444925308228e-02, e: 1.5558145940303802e-02
#ERR  p: [1971, 1478], r: 1.2208923697471619e-02, e: 1.2205563485622406e-02
#ERR  p: [1935, 1478], r: 1.2651175260543823e-02, e: 1.2647688388824463e-02
#ERR  p: [1908, 1478], r: 1.2999966740608215e-02, e: 1.2996383011341095e-02
#ERR  p: [2007, 1478], r: 1.1774003505706787e-02, e: 1.1770755052566528e-02
#ERR  p: [1980, 1478], r: 1.2098699808120728e-02, e: 1.2095369398593903e-02
#ERR  p: [2016, 1478], r: 1.1670887470245361e-02, e: 1.1667668819427490e-02
#ERR  p: [1899, 1478], r: 1.3119727373123169e-02, e: 1.3116113841533661e-02
#ERR  p: [1881, 1478], r: 1.3355858623981476e-02, e: 1.3352178037166595e-02
#ERR  p: [2032, 1479], r: 1.1494144797325134e-02, e: 1.1495791375637054e-02
#ERR  p: [1872, 1478], r: 1.3477072119712830e-02, e: 1.3473361730575562e-02
#ERR  p: [1890, 1478], r: 1.3238206505775452e-02, e: 1.3234563171863556e-02
#ERR  p: [1791, 1478], r: 1.4615260064601898e-02, e: 1.4611229300498962e-02
#ERR  p: [1854, 1478], r: 1.3720892369747162e-02, e: 1.3717100024223328e-02
#ERR  p: [1917, 1478], r: 1.2886740267276764e-02, e: 1.2883178889751434e-02
#ERR  p: [1944, 1478], r: 1.2539088726043701e-02, e: 1.2535631656646729e-02
#ERR  p: [2040, 1479], r: 1.1403970420360565e-02, e: 1.1405609548091888e-02
#ERR  p: [2024, 1479], r: 1.1585742235183716e-02, e: 1.1587403714656830e-02
#ERR  p: [1755, 1478], r: 1.5149533748626709e-02, e: 1.5145361423492432e-02
#ERR  p: [1863, 1478], r: 1.3597972691059113e-02, e: 1.3594225049018860e-02
#ERR  p: [1953, 1478], r: 1.2430593371391296e-02, e: 1.2427166104316711e-02
#ERR  p: [1485, 1375], r: 1.7908483743667603e-02, e: 1.7903655767440796e-02
#ERR  p: [1566, 1478], r: 1.8305607140064240e-02, e: 1.8300570547580719e-02
#ERR  p: [1845, 1478], r: 1.3848125934600830e-02, e: 1.3844318687915802e-02
#ERR  p: [1476, 1375], r: 1.8070608377456665e-02, e: 1.8065929412841797e-02
#ERR  p: [1926, 1479], r: 1.2778088450431824e-02, e: 1.2779913842678070e-02
#ERR  p: [1818, 1478], r: 1.4225088059902191e-02, e: 1.4221176505088806e-02
#ERR  p: [1764, 1478], r: 1.5012159943580627e-02, e: 1.5008024871349335e-02
#ERR  p: [1503, 1478], r: 1.9493438303470612e-02, e: 1.9488051533699036e-02
#ERR  p: [1602, 1478], r: 1.7656557261943817e-02, e: 1.7651692032814026e-02
#ERR  p: [1530, 1478], r: 1.8974363803863525e-02, e: 1.8969155848026276e-02
#ERR  p: [1773, 1478], r: 1.4879085123538971e-02, e: 1.4874979853630066e-02
#ERR  p: [1827, 1478], r: 1.4099158346652985e-02, e: 1.4095269143581390e-02
#ERR  p: [1800, 1478], r: 1.4481812715530396e-02, e: 1.4477819204330444e-02
#ERR  p: [1521, 1478], r: 1.9146874547004700e-02, e: 1.9141599535942078e-02
#ERR  p: [1746, 1478], r: 1.5287101268768311e-02, e: 1.5282884240150452e-02
#ERR  p: [1782, 1478], r: 1.4748468995094299e-02, e: 1.4744400978088379e-02
#ERR  p: [1737, 1478], r: 1.5426479279994965e-02, e: 1.5422217547893524e-02
#ERR  p: [1836, 1478], r: 1.3971887528896332e-02, e: 1.3968043029308319e-02
#ERR  p: [1512, 1478], r: 1.9315928220748901e-02, e: 1.9310601055622101e-02
#ERR  p: [1472, 1375], r: 1.8139779567718506e-02, e: 1.8135488033294678e-02
#ERR  p: [1719, 1478], r: 1.5705808997154236e-02, e: 1.5701480209827423e-02
#ERR  p: [1809, 1478], r: 1.4353297650814056e-02, e: 1.4349333941936493e-02
#ERR  p: [1584, 1478], r: 1.7972663044929504e-02, e: 1.7967715859413147e-02
#ERR  p: [1494, 1478], r: 1.9666522741317749e-02, e: 1.9661106169223785e-02
#ERR  p: [1692, 1478], r: 1.6135416924953461e-02, e: 1.6130968928337097e-02
#ERR  p: [1710, 1478], r: 1.5848129987716675e-02, e: 1.5843756496906281e-02
#ERR  p: [1665, 1478], r: 1.6577929258346558e-02, e: 1.6573362052440643e-02
#ERR  p: [1611, 1478], r: 1.7498619854450226e-02, e: 1.7493799328804016e-02
#ERR  p: [1629, 1478], r: 1.7183117568492889e-02, e: 1.7178378999233246e-02
#ERR  p: [1656, 1478], r: 1.6724124550819397e-02, e: 1.6719520092010498e-02
#ERR  p: [1539, 1478], r: 1.8799364566802979e-02, e: 1.8794186413288116e-02
#ERR  p: [1701, 1478], r: 1.5991494059562683e-02, e: 1.5987083315849304e-02
#ERR  p: [1683, 1478], r: 1.6284435987472534e-02, e: 1.6279950737953186e-02
#ERR  p: [1647, 1478], r: 1.6879126429557800e-02, e: 1.6874469816684723e-02
#ERR  p: [1557, 1478], r: 1.8468894064426422e-02, e: 1.8463797867298126e-02
#ERR  p: [1674, 1478], r: 1.6426861286163330e-02, e: 1.6422338783740997e-02
#ERR  p: [1575, 1478], r: 1.8140085041522980e-02, e: 1.8135070800781250e-02
#ERR  p: [1962, 1479], r: 1.2326665222644806e-02, e: 1.2328423559665680e-02
#ERR  p: [1620, 1478], r: 1.7340973019599915e-02, e: 1.7336189746856689e-02
#ERR  p: [1593, 1478], r: 1.7814189195632935e-02, e: 1.7809279263019562e-02
#ERR  p: [1638, 1478], r: 1.7032608389854431e-02, e: 1.7027914524078369e-02
#ERR  p: [1548, 1478], r: 1.8635064363479614e-02, e: 1.8629938364028931e-02
#ERR  p: [1998, 1479], r: 1.1891290545463562e-02, e: 1.1892989277839661e-02
#ERR  p: [10, 1371], r: 2.2415247559547424e-01, e: 2.5639745593070984e-01
#ERR  p: [1, 1371], r: 2.2156858444213867e-01, e: 2.5410482287406921e-01
#ERR  p: [1989, 1479], r: 1.1998154222965240e-02, e: 1.1999867856502533e-02
#ERR  p: [1728, 1479], r: 1.5578746795654297e-02, e: 1.5580981969833374e-02
#ERR  p: [1971, 1479], r: 1.2213028967380524e-02, e: 1.2214779853820801e-02
#ERR  p: [1935, 1479], r: 1.2664653360843658e-02, e: 1.2666463851928711e-02
#ERR  p: [1908, 1479], r: 1.3014301657676697e-02, e: 1.3016149401664734e-02
#ERR  p: [2007, 1479], r: 1.1784121394157410e-02, e: 1.1785805225372314e-02
#ERR  p: [1980, 1479], r: 1.2106999754905701e-02, e: 1.2108728289604187e-02
#ERR  p: [2016, 1479], r: 1.1678718030452728e-02, e: 1.1680386960506439e-02
#ERR  p: [1899, 1479], r: 1.3125628232955933e-02, e: 1.3127498328685760e-02
#ERR  p: [1881, 1479], r: 1.3368695974349976e-02, e: 1.3370603322982788e-02
#ERR  p: [2032, 1480], r: 1.1506751179695129e-02, e: 1.1502891778945923e-02
#ERR  p: [1872, 1479], r: 1.3489082455635071e-02, e: 1.3491012156009674e-02
#ERR  p: [1890, 1479], r: 1.3248361647129059e-02, e: 1.3250254094600677e-02
#ERR  p: [1791, 1479], r: 1.4625571668148041e-02, e: 1.4627665281295776e-02
#ERR  p: [1854, 1479], r: 1.3733521103858948e-02, e: 1.3735488057136536e-02
#ERR  p: [1917, 1479], r: 1.2895867228507996e-02, e: 1.2897722423076630e-02
#ERR  p: [1944, 1479], r: 1.2551769614219666e-02, e: 1.2553557753562927e-02
#ERR  p: [2040, 1480], r: 1.1414207518100739e-02, e: 1.1410363018512726e-02
#ERR  p: [2024, 1480], r: 1.1597715318202972e-02, e: 1.1593826115131378e-02
#ERR  p: [1755, 1479], r: 1.5162229537963867e-02, e: 1.5164390206336975e-02
#ERR  p: [1863, 1479], r: 1.3611584901809692e-02, e: 1.3613529503345490e-02
#ERR  p: [1485, 1376], r: -1.4074504375457764e-02, e: 1.7915308475494385e-02
#ERR  p: [1953, 1479], r: 1.2437172234058380e-02, e: 1.2438952922821045e-02
#ERR  p: [1566, 1479], r: 1.8315777182579041e-02, e: 1.8318369984626770e-02
#ERR  p: [1845, 1479], r: 1.3857707381248474e-02, e: 1.3859674334526062e-02
#ERR  p: [1476, 1376], r: -1.4203697443008423e-02, e: 1.8075734376907349e-02
#ERR  p: [1926, 1480], r: 1.2793458998203278e-02, e: 1.2789137661457062e-02
#ERR  p: [1818, 1479], r: 1.4238223433494568e-02, e: 1.4240249991416931e-02
#ERR  p: [1764, 1479], r: 1.5028275549411774e-02, e: 1.5030413866043091e-02
#ERR  p: [1602, 1479], r: 1.7671160399913788e-02, e: 1.7673701047897339e-02
#ERR  p: [1503, 1479], r: 1.9508987665176392e-02, e: 1.9511774182319641e-02
#ERR  p: [1530, 1479], r: 1.8989354372024536e-02, e: 1.8992051482200623e-02
#ERR  p: [1827, 1479], r: 1.4106288552284241e-02, e: 1.4108307659626007e-02
#ERR  p: [1773, 1479], r: 1.4892689883708954e-02, e: 1.4894820749759674e-02
#ERR  p: [1521, 1479], r: 1.9158214330673218e-02, e: 1.9160941243171692e-02
#ERR  p: [1800, 1479], r: 1.4495752751827240e-02, e: 1.4497831463813782e-02
#ERR  p: [1782, 1479], r: 1.4759920537471771e-02, e: 1.4762029051780701e-02
#ERR  p: [1746, 1479], r: 1.5301115810871124e-02, e: 1.5303306281566620e-02
#ERR  p: [1836, 1479], r: 1.3982750475406647e-02, e: 1.3984754681587219e-02
#ERR  p: [1737, 1479], r: 1.5437543392181396e-02, e: 1.5439756214618683e-02
#ERR  p: [1512, 1479], r: 1.9334554672241211e-02, e: 1.9337326288223267e-02
#ERR  p: [1719, 1479], r: 1.5715658664703369e-02, e: 1.5717908740043640e-02
#ERR  p: [1809, 1479], r: 1.4364033937454224e-02, e: 1.4366105198860168e-02
#ERR  p: [1472, 1376], r: -1.4251619577407837e-02, e: 1.8156409263610840e-02
#ERR  p: [1584, 1479], r: 1.7991691827774048e-02, e: 1.7994269728660583e-02
#ERR  p: [1665, 1479], r: 1.6589283943176270e-02, e: 1.6591645777225494e-02
#ERR  p: [1692, 1479], r: 1.6146242618560791e-02, e: 1.6148552298545837e-02
#ERR  p: [1494, 1479], r: 1.9683688879013062e-02, e: 1.9686490297317505e-02
#ERR  p: [1710, 1479], r: 1.5860542654991150e-02, e: 1.5862815082073212e-02
#ERR  p: [1629, 1479], r: 1.7197795212268829e-02, e: 1.7200253903865814e-02
#ERR  p: [1611, 1479], r: 1.7511196434497833e-02, e: 1.7513707280158997e-02
#ERR  p: [1656, 1479], r: 1.6744434833526611e-02, e: 1.6746811568737030e-02
#ERR  p: [1539, 1479], r: 1.8819704651832581e-02, e: 1.8822401762008667e-02
#ERR  p: [1683, 1479], r: 1.6294658184051514e-02, e: 1.6296990215778351e-02
#ERR  p: [1701, 1479], r: 1.6002833843231201e-02, e: 1.6005128622055054e-02
#ERR  p: [1647, 1479], r: 1.6890674829483032e-02, e: 1.6893103718757629e-02
#ERR  p: [1575, 1479], r: 1.8147528171539307e-02, e: 1.8150135874748230e-02
#ERR  p: [1674, 1479], r: 1.6442164778709412e-02, e: 1.6444519162178040e-02
#ERR  p: [1962, 1480], r: 1.2338995933532715e-02, e: 1.2334838509559631e-02
#ERR  p: [1557, 1479], r: 1.8481686711311340e-02, e: 1.8484339118003845e-02
#ERR  p: [1620, 1479], r: 1.7355039715766907e-02, e: 1.7357535660266876e-02
#ERR  p: [1593, 1479], r: 1.7830774188041687e-02, e: 1.7833314836025238e-02
#ERR  p: [1638, 1479], r: 1.7045006155967712e-02, e: 1.7047442495822906e-02
#ERR  p: [1548, 1479], r: 1.8649727106094360e-02, e: 1.8652394413948059e-02
#ERR  p: [1998, 1480], r: 1.1901944875717163e-02, e: 1.1897936463356018e-02
#ERR  p: [10, 1372], r: 2.2389817237854004e-01, e: 2.5611108541488647e-01
#ERR  p: [1, 1372], r: 2.2133840620517731e-01, e: 2.5384229421615601e-01
#ERR  p: [1989, 1480], r: 1.2010455131530762e-02, e: 1.2006402015686035e-02
#ERR  p: [1728, 1480], r: 1.5593901276588440e-02, e: 1.5588648617267609e-02
#ERR  p: [1971, 1480], r: 1.2232780456542969e-02, e: 1.2228652834892273e-02
#ERR  p: [1935, 1480], r: 1.2677438557147980e-02, e: 1.2673161923885345e-02
#ERR  p: [1908, 1480], r: 1.3022862374782562e-02, e: 1.3018488883972168e-02
#ERR  p: [2007, 1480], r: 1.1796243488788605e-02, e: 1.1792272329330444e-02
#ERR  p: [1980, 1480], r: 1.2119285762310028e-02, e: 1.2115195393562317e-02
#ERR  p: [2016, 1480], r: 1.1690020561218262e-02, e: 1.1686086654663086e-02
#ERR  p: [1899, 1480], r: 1.3141542673110962e-02, e: 1.3137109577655792e-02
#ERR  p: [1881, 1480], r: 1.3380035758018494e-02, e: 1.3375535607337952e-02
#ERR  p: [2032, 1481], r: 1.1515796184539795e-02, e: 1.1514611542224884e-02
#ERR  p: [1872, 1480], r: 1.3502284884452820e-02, e: 1.3497732579708099e-02
#ERR  p: [1890, 1480], r: 1.3260141015052795e-02, e: 1.3255663216114044e-02
#ERR  p: [1791, 1480], r: 1.4640957117080688e-02, e: 1.4636024832725525e-02
#ERR  p: [1854, 1480], r: 1.3746604323387146e-02, e: 1.3741984963417053e-02
#ERR  p: [1917, 1480], r: 1.2905180454254150e-02, e: 1.2900844216346741e-02
#ERR  p: [1944, 1480], r: 1.2564420700073242e-02, e: 1.2560181319713593e-02
#ERR  p: [2040, 1481], r: 1.1424623429775238e-02, e: 1.1423483490943909e-02
#ERR  p: [2024, 1481], r: 1.1609598994255066e-02, e: 1.1608392000198364e-02
#ERR  p: [1755, 1480], r: 1.5180028975009918e-02, e: 1.5174910426139832e-02
#ERR  p: [1863, 1480], r: 1.3622567057609558e-02, e: 1.3617977499961853e-02
#SDC Ite:0 KerTime:22.666346 AccTime:22.666346 KerErr:328933 AccErr:328933
#ABORT too many errors per iteration
#END