2016-10-25 21:40:49:Starting GDB script
2016-10-25 21:40:51:sending signal using command: 'ssh -T mic0 killall -2 hotspot_check' after 1.13370673369s
2016-10-25 21:40:51:shell stdout: 
2016-10-25 21:40:52:sending signal using command: 'ssh -T mic0 killall -2 hotspot_check' after 2.26596648506s
2016-10-25 21:40:52:shell stdout: 
2016-10-25 21:40:54:sending signal using command: 'ssh -T mic0 killall -2 hotspot_check' after 4.09241586666s
2016-10-25 21:40:54:shell stdout: 
2016-10-25 21:40:54:sending signal using command: 'ssh -T mic0 killall -2 hotspot_check' after 4.34100944781s
2016-10-25 21:40:54:shell stdout: 
2016-10-25 21:40:54:sending signal using command: 'ssh -T mic0 killall -2 hotspot_check' after 4.88109878492s
2016-10-25 21:40:54:shell stdout: 
2016-10-25 21:40:59:sending signal using command: 'ssh -T mic0 killall -2 hotspot_check' after 9.24140257234s
2016-10-25 21:40:59:shell stdout: 
2016-10-25 21:41:00:sending signal using command: 'ssh -T mic0 killall -2 hotspot_check' after 10.1086425827s
2016-10-25 21:41:00:shell stdout: 
2016-10-25 21:41:01:sending signal using command: 'ssh -T mic0 killall -2 hotspot_check' after 11.623609618s
2016-10-25 21:41:01:shell stdout: 
2016-10-25 21:41:01:sending signal using command: 'ssh -T mic0 killall -2 hotspot_check' after 11.9474170288s
2016-10-25 21:41:01:shell stdout: 
2016-10-25 21:41:04:sending signal using command: 'ssh -T mic0 killall -2 hotspot_check' after 13.8897948892s
2016-10-25 21:41:04:shell stdout: 
2016-10-25 21:41:10:no gdbExecName running, out:
2016-10-25 21:41:10:checCmd:ps -e | grep -i gdb-mic
2016-10-25 21:41:10:finished now-timestampStart < maxWaitTime*5
2016-10-25 21:41:10:now: 1477446069
2016-10-25 21:41:10:timestampStart: 1477446049
2016-10-25 21:41:10:kill cmd: killall -9 gdb-mic
2016-10-25 21:41:10:shell stdout: 
2016-10-25 21:41:11:kill cmd: ssh -T mic0 killall -9 hotspot_check
2016-10-25 21:41:11:shell stdout: 
2016-10-25 21:41:11:kill cmd: ssh -T mic0 killall -9 gdbserver
2016-10-25 21:41:11:shell stdout: 
