2017-01-25 17:49:13:Starting GDB script
2017-01-25 17:49:13:initSignal:0.0
2017-01-25 17:49:13:endSignal:2.0
2017-01-25 17:49:13:seqSignal:30
2017-01-25 17:49:13:sending 30 signals using command: 'ssh -T mic0 killall -2 lud_check' after 0.177054075849s
2017-01-25 17:49:13:shell stdout: 
2017-01-25 17:49:13:sending 30 signals using command: 'ssh -T mic0 killall -2 lud_check' after 0.805111296153s
2017-01-25 17:49:14:shell stdout: 
2017-01-25 17:49:14:shell stdout: 
2017-01-25 17:49:14:shell stdout: 
2017-01-25 17:49:14:sending 30 signals using command: 'ssh -T mic0 killall -2 lud_check' after 1.42891121982s
2017-01-25 17:49:14:shell stdout: 
2017-01-25 17:49:14:shell stdout: 
2017-01-25 17:49:15:shell stdout: 
2017-01-25 17:49:15:shell stdout: 
2017-01-25 17:49:15:shell stdout: 
2017-01-25 17:49:15:shell stdout: 
2017-01-25 17:49:15:shell stdout: 
2017-01-25 17:49:16:shell stdout: 
2017-01-25 17:49:16:shell stdout: 
2017-01-25 17:49:16:shell stdout: 
2017-01-25 17:49:16:shell stdout: 
2017-01-25 17:49:16:shell stdout: 
2017-01-25 17:49:17:shell stdout: 
2017-01-25 17:49:17:shell stdout: 
2017-01-25 17:49:17:shell stdout: 
2017-01-25 17:49:17:shell stdout: 
2017-01-25 17:49:18:shell stdout: 
2017-01-25 17:49:18:shell stdout: 
2017-01-25 17:49:18:shell stdout: 
2017-01-25 17:49:19:shell stdout: 
2017-01-25 17:49:19:shell stdout: 
2017-01-25 17:49:19:shell stdout: 
2017-01-25 17:49:19:shell stdout: 
2017-01-25 17:49:19:shell stdout: 
2017-01-25 17:49:19:shell stdout: 
2017-01-25 17:49:20:shell stdout: 
2017-01-25 17:49:20:shell stdout: 
2017-01-25 17:49:20:shell stdout: 
2017-01-25 17:49:21:shell stdout: 
2017-01-25 17:49:21:shell stdout: 
2017-01-25 17:49:21:shell stdout: 
2017-01-25 17:49:21:shell stdout: 
2017-01-25 17:49:21:shell stdout: 
2017-01-25 17:49:21:shell stdout: 
2017-01-25 17:49:22:shell stdout: 
2017-01-25 17:49:22:shell stdout: 
2017-01-25 17:49:22:shell stdout: 
2017-01-25 17:49:23:shell stdout: 
2017-01-25 17:49:23:shell stdout: 
2017-01-25 17:49:23:shell stdout: 
2017-01-25 17:49:24:shell stdout: 
2017-01-25 17:49:24:shell stdout: 
2017-01-25 17:49:24:shell stdout: 
2017-01-25 17:49:24:shell stdout: 
2017-01-25 17:49:24:shell stdout: 
2017-01-25 17:49:24:shell stdout: 
2017-01-25 17:49:25:shell stdout: 
2017-01-25 17:49:25:shell stdout: 
2017-01-25 17:49:25:shell stdout: 
2017-01-25 17:49:25:shell stdout: 
2017-01-25 17:49:25:shell stdout: 
2017-01-25 17:49:25:shell stdout: 
2017-01-25 17:49:26:shell stdout: 
2017-01-25 17:49:26:shell stdout: 
2017-01-25 17:49:26:shell stdout: 
2017-01-25 17:49:26:shell stdout: 
2017-01-25 17:49:26:shell stdout: 
2017-01-25 17:49:26:shell stdout: 
2017-01-25 17:49:27:shell stdout: 
2017-01-25 17:49:27:shell stdout: 
2017-01-25 17:49:27:shell stdout: 
2017-01-25 17:49:27:shell stdout: 
2017-01-25 17:49:27:shell stdout: 
2017-01-25 17:49:27:shell stdout: 
2017-01-25 17:49:28:shell stdout: 
2017-01-25 17:49:28:shell stdout: 
2017-01-25 17:49:28:shell stdout: 
2017-01-25 17:49:28:shell stdout: 
2017-01-25 17:49:28:shell stdout: 
2017-01-25 17:49:28:shell stdout: 
2017-01-25 17:49:28:shell stdout: 
2017-01-25 17:49:28:shell stdout: 
2017-01-25 17:49:28:shell stdout: 
2017-01-25 17:49:29:shell stdout: 
2017-01-25 17:49:29:shell stdout: 
2017-01-25 17:49:29:shell stdout: 
2017-01-25 17:49:29:shell stdout: 
2017-01-25 17:49:29:shell stdout: 
2017-01-25 17:49:29:shell stdout: 
2017-01-25 17:49:30:shell stdout: 
2017-01-25 17:49:30:shell stdout: 
2017-01-25 17:49:30:shell stdout: 
2017-01-25 17:49:30:shell stdout: 
2017-01-25 17:49:30:shell stdout: 
2017-01-25 17:49:31:shell stdout: 
2017-01-25 17:49:31:shell stdout: 
2017-01-25 17:49:32:no gdbExecName running, out:
2017-01-25 17:49:32:checCmd:ps -e | grep -i gdb-mic
2017-01-25 17:49:32:finished now-timestampStart < maxWaitTime*5
2017-01-25 17:49:32:now: 1485384571
2017-01-25 17:49:32:timestampStart: 1485384553
2017-01-25 17:49:32:kill cmd: killall -9 gdb-mic
2017-01-25 17:49:32:shell stdout: 
2017-01-25 17:49:32:kill cmd: ssh -T mic0 killall -9 lud_check
2017-01-25 17:49:32:shell stdout: 
2017-01-25 17:49:32:kill cmd: ssh -T mic0 killall -9 gdbserver
2017-01-25 17:49:32:shell stdout: 
2017-01-25 17:49:33:kill cmd: ssh -T mic0 killall -9 sshd
2017-01-25 17:49:33:shell stdout: 
