[INFO -- 2017-02-27 06:51:42]
Starting flip_value script
version: 2.0
[INFO -- 2017-02-27 06:51:42]
Initialization strings:
[INFO -- 2017-02-27 06:51:42]
(1) target extended-remote | ssh -T mic1 gdbserver --multi -
[INFO -- 2017-02-27 06:51:42]
(2) set sysroot /opt/mpss/3.7/sysroots/k1om-mpss-linux/
[INFO -- 2017-02-27 06:51:42]
(3) set sysroot /opt/mpss/3.7/sysroots/k1om-mpss-linux/
[INFO -- 2017-02-27 06:51:42]
(4) file /micNfs/gdb-fault-injection/injector/bin/lud/lud_check
[INFO -- 2017-02-27 06:51:42]
(5) set remote exec-file /micNfs/gdb-fault-injection/injector/bin/lud/lud_check
[INFO -- 2017-02-27 06:51:42]
(6) set args -s 2048 -n 228 -i /micNfs/gdb-fault-injection/injector/bin/lud/input_2048_th_228 -g /micNfs/gdb-fault-injection/injector/bin/lud/gold_2048_th_228
[INFO -- 2017-02-27 06:51:42]
initSignal:4
[INFO -- 2017-02-27 06:51:42]
endSignal:8
[INFO -- 2017-02-27 06:51:42]
seqSignal:30
[INFO -- 2017-02-27 06:51:42]
faultMode:2
[INFO -- 2017-02-27 06:51:54]
Backtrace BEGIN:
#0  0x0000000000404c93 in L_lud_omp_123__par_loop2_2_5 () at lud_omp.c:148
#1  0x00007ffff790ba1f in ?? ()
#2  0x00007fffffffd9c0 in ?? ()
#3  0x00007ffff4ea0100 in ?? ()
#4  0x0000000000000001 in ?? ()
#5  0x0000000000000003 in ?? ()
#6  0x0000000000000000 in ?? ()

143	            for (i = 0; i < BS; i++)
144	            {
145	                for (k=0; k < BS; k++) {
146	#pragma omp simd 
147	                    for (j = 0; j < BS; j++) {
148	                        sum[j] += temp_left[BS*i + k] * temp_top[BS*k + j];
149	                    }
150	                }
151	#pragma omp simd 
152	                for (j = 0; j < BS; j++) {

Backtrace END
Memory content before bitflip:0xf40x130x000x00
Fault Mode: Random bit-flip
base address to flip value: 0x7fffffffc614
address max offset: 4
Memory content after  bitflip:0x9d0x410x630x84
frame name: L_lud_omp_123__par_loop2_2_5
symbol name: chunk_idx
symbol filename: lud_omp.c
symbol line: 45
value: -2073869923
value address: 0x7fffffffc614
Type: The type is an integer type.
Type sizeof: 4

[INFO -- 2017-02-27 06:51:54]
Fault Injection Successful after 12.8702919483s
[INFO -- 2017-02-27 06:51:55]
event type: exit
[EXCEPTION -- 2017-02-27 06:51:55]
exit code: no exit code available
