2017-01-25 04:37:44:Starting flip_value script
2017-01-25 04:37:44:Initialization strings:
2017-01-25 04:37:44:(1) target extended-remote | ssh -T mic0 gdbserver --multi -
2017-01-25 04:37:44:(2) set sysroot /opt/mpss/3.7/sysroots/k1om-mpss-linux/
2017-01-25 04:37:44:(3) set sysroot /opt/mpss/3.7/sysroots/k1om-mpss-linux/
2017-01-25 04:37:44:(4) file /micNfs/gdb-fault-injection/injector/bin/lud/lud_check
2017-01-25 04:37:44:(5) set remote exec-file /micNfs/gdb-fault-injection/injector/bin/lud/lud_check
2017-01-25 04:37:44:(6) set args -s 2048 -n 228 -i /micNfs/gdb-fault-injection/injector/bin/lud/input_2048_th_228 -g /micNfs/gdb-fault-injection/injector/bin/lud/gold_2048_th_228
2017-01-25 04:37:44:initSignal:4
2017-01-25 04:37:44:endSignal:6
2017-01-25 04:37:44:seqSignal:30
2017-01-25 04:37:49:Trying Fault Injection
2017-01-25 04:37:49:Inferior PID: 47356
2017-01-25 04:37:49:Inferior is valid: True
2017-01-25 04:37:49:Inferior #threads: 229
2017-01-25 04:37:49:Backtrace BEGIN:
2017-01-25 04:37:49:#0  0x0000000000404d25 in L_lud_omp_123__par_loop2_2_5 () at lud_omp.c:147
#1  0x00007ffff790ba1f in ?? ()
#2  0x00007fffffffd9c0 in ?? ()
#3  0x00007ffff4ea0100 in ?? ()
#4  0x0000000000000001 in ?? ()
#5  0x0000000000000003 in ?? ()
#6  0x0000000000000000 in ?? ()

2017-01-25 04:37:49:142	
143	            for (i = 0; i < BS; i++)
144	            {
145	                for (k=0; k < BS; k++) {
146	#pragma omp simd 
147	                    for (j = 0; j < BS; j++) {
148	                        sum[j] += temp_left[BS*i + k] * temp_top[BS*k + j];
149	                    }
150	                }
151	#pragma omp simd 

2017-01-25 04:37:49:Backtrace END
2017-01-25 04:38:01:Thread name: None
2017-01-25 04:38:01:Thread num: 99
2017-01-25 04:38:01:Thread ptid: (47356, 47458, 0)
2017-01-25 04:38:01:Error Exception(frameFlip): invalid frame
2017-01-25 04:38:01:Error Exception(frameFlip): invalid frame
2017-01-25 04:38:01:Error Exception(frameFlip): invalid frame
2017-01-25 04:38:01:Error Exception(frameFlip): invalid frame
2017-01-25 04:38:01:Error Exception(frameFlip): invalid frame
2017-01-25 04:38:01:Error Exception(frameFlip): invalid frame
2017-01-25 04:38:01:Error Exception(frameFlip): invalid frame
2017-01-25 04:38:01:Error Exception(frameFlip): invalid frame
2017-01-25 04:38:01:Error Exception(frameFlip): invalid frame
2017-01-25 04:38:01:Error Exception(frameFlip): invalid frame
2017-01-25 04:38:01:Error Exception(frameFlip): invalid frame
2017-01-25 04:38:01:Error Exception(frameFlip): invalid frame
2017-01-25 04:38:01:Error Exception(frameFlip): invalid frame
2017-01-25 04:38:01:Error Exception(frameFlip): invalid frame
2017-01-25 04:38:01:Error Exception(frameFlip): invalid frame
2017-01-25 04:38:01:Error Exception(frameFlip): invalid frame
2017-01-25 04:38:01:Error Exception(frameFlip): invalid frame
2017-01-25 04:38:01:Error Exception(frameFlip): invalid frame
2017-01-25 04:38:01:Error Exception(frameFlip): invalid frame
2017-01-25 04:38:01:Error Exception(frameFlip): invalid frame
2017-01-25 04:38:01:Error Exception(frameFlip): invalid frame
2017-01-25 04:38:01:Error Exception(frameFlip): invalid frame
2017-01-25 04:38:01:Error Exception(frameFlip): invalid frame
2017-01-25 04:38:01:Error Exception(frameFlip): invalid frame
2017-01-25 04:38:01:Error Exception(frameFlip): invalid frame
2017-01-25 04:38:01:Error Exception(frameFlip): invalid frame
2017-01-25 04:38:01:Error Exception(frameFlip): invalid frame
2017-01-25 04:38:01:Error Exception(frameFlip): invalid frame
2017-01-25 04:38:01:Error Exception(frameFlip): invalid frame
2017-01-25 04:38:01:Error Exception(frameFlip): invalid frame
2017-01-25 04:38:01:Error Exception(frameFlip): invalid frame
2017-01-25 04:38:01:Error Exception(frameFlip): invalid frame
2017-01-25 04:38:01:Error Exception(frameFlip): invalid frame
2017-01-25 04:38:01:Error Exception(frameFlip): invalid frame
2017-01-25 04:38:01:Error Exception(frameFlip): invalid frame
2017-01-25 04:38:01:Error Exception(frameFlip): invalid frame
2017-01-25 04:38:01:Error Exception(frameFlip): invalid frame
2017-01-25 04:38:01:Error Exception(frameFlip): invalid frame
2017-01-25 04:38:01:Error Exception(frameFlip): invalid frame
2017-01-25 04:38:01:Error Exception(frameFlip): invalid frame
2017-01-25 04:38:01:Error Exception(frameFlip): invalid frame
2017-01-25 04:38:01:Error Exception(frameFlip): invalid frame
2017-01-25 04:38:01:Error Exception(frameFlip): invalid frame
2017-01-25 04:38:01:Error Exception(frameFlip): invalid frame
2017-01-25 04:38:01:Error Exception(frameFlip): invalid frame
2017-01-25 04:38:01:Error Exception(frameFlip): invalid frame
2017-01-25 04:38:01:Error Exception(frameFlip): invalid frame
2017-01-25 04:38:01:Error Exception(frameFlip): invalid frame
2017-01-25 04:38:01:Error Exception(frameFlip): invalid frame
2017-01-25 04:38:01:Error Exception(frameFlip): invalid frame
2017-01-25 04:38:01:Error Exception(frameFlip): invalid frame
2017-01-25 04:38:01:Error Exception(frameFlip): invalid frame
2017-01-25 04:38:01:Error Exception(frameFlip): invalid frame
2017-01-25 04:38:01:Error Exception(frameFlip): invalid frame
2017-01-25 04:38:01:Error Exception(frameFlip): invalid frame
2017-01-25 04:38:01:Error Exception(frameFlip): invalid frame
2017-01-25 04:38:01:Error Exception(frameFlip): invalid frame
2017-01-25 04:38:01:Error Exception(frameFlip): invalid frame
2017-01-25 04:38:01:Error Exception(frameFlip): invalid frame
2017-01-25 04:38:01:Error Exception(frameFlip): invalid frame
2017-01-25 04:38:01:Error Exception(frameFlip): invalid frame
2017-01-25 04:38:01:Error Exception(frameFlip): invalid frame
2017-01-25 04:38:01:Error Exception(frameFlip): invalid frame
2017-01-25 04:38:01:Error Exception(frameFlip): invalid frame
2017-01-25 04:38:01:Error Exception(frameFlip): invalid frame
2017-01-25 04:38:01:Error Exception(frameFlip): invalid frame
2017-01-25 04:38:01:Error Exception(frameFlip): invalid frame
2017-01-25 04:38:01:Error Exception(frameFlip): invalid frame
2017-01-25 04:38:01:Error Exception(frameFlip): invalid frame
2017-01-25 04:38:01:Error Exception(frameFlip): invalid frame
2017-01-25 04:38:01:Error Exception(frameFlip): invalid frame
2017-01-25 04:38:01:Error Exception(frameFlip): invalid frame
2017-01-25 04:38:01:Error Exception(frameFlip): invalid frame
2017-01-25 04:38:01:Error Exception(frameFlip): invalid frame
2017-01-25 04:38:01:Error Exception(frameFlip): invalid frame
2017-01-25 04:38:01:Error Exception(frameFlip): invalid frame
2017-01-25 04:38:01:Error Exception(frameFlip): invalid frame
2017-01-25 04:38:01:bitFlip function
2017-01-25 04:38:01:Type: The type is a pointer.
2017-01-25 04:38:01:Type sizeof: 8
2017-01-25 04:38:01:Fliping a bit of the value pointed by a pointer
2017-01-25 04:38:01:bitFlip function
2017-01-25 04:38:01:Type: A floating point type.
2017-01-25 04:38:01:Type sizeof: 4
2017-01-25 04:38:01:Error gdbException(frameFlip): Cannot access memory at address 0x1
2017-01-25 04:38:01:Error Exception(frameFlip): invalid frame
2017-01-25 04:38:01:Error Exception(frameFlip): invalid frame
2017-01-25 04:38:01:Error Exception(frameFlip): invalid frame
2017-01-25 04:38:01:Error Exception(frameFlip): invalid frame
2017-01-25 04:38:01:Error Exception(frameFlip): invalid frame
2017-01-25 04:38:01:Error Exception(frameFlip): invalid frame
2017-01-25 04:38:01:Error Exception(frameFlip): invalid frame
2017-01-25 04:38:01:Error Exception(frameFlip): invalid frame
2017-01-25 04:38:01:Error Exception(frameFlip): invalid frame
2017-01-25 04:38:01:Error Exception(frameFlip): invalid frame
2017-01-25 04:38:01:Error Exception(frameFlip): invalid frame
2017-01-25 04:38:01:Error Exception(frameFlip): invalid frame
2017-01-25 04:38:01:Error Exception(frameFlip): invalid frame
2017-01-25 04:38:01:Error Exception(frameFlip): invalid frame
2017-01-25 04:38:01:Error Exception(frameFlip): invalid frame
2017-01-25 04:38:01:Error Exception(frameFlip): invalid frame
2017-01-25 04:38:01:Error Exception(frameFlip): invalid frame
2017-01-25 04:38:01:Error Exception(frameFlip): invalid frame
2017-01-25 04:38:01:Error Exception(frameFlip): invalid frame
2017-01-25 04:38:01:Error Exception(frameFlip): invalid frame
2017-01-25 04:38:01:Error Exception(frameFlip): invalid frame
2017-01-25 04:38:01:Error Exception(frameFlip): invalid frame
2017-01-25 04:38:01:Error Exception(frameFlip): invalid frame
2017-01-25 04:38:01:Error Exception(frameFlip): invalid frame
2017-01-25 04:38:01:Error Exception(frameFlip): invalid frame
2017-01-25 04:38:01:Error Exception(frameFlip): invalid frame
2017-01-25 04:38:01:Error Exception(frameFlip): invalid frame
2017-01-25 04:38:01:Error Exception(frameFlip): invalid frame
2017-01-25 04:38:01:Error Exception(frameFlip): invalid frame
2017-01-25 04:38:01:Error Exception(frameFlip): invalid frame
2017-01-25 04:38:01:Error Exception(frameFlip): invalid frame
2017-01-25 04:38:01:Error Exception(frameFlip): invalid frame
2017-01-25 04:38:01:Error Exception(frameFlip): invalid frame
2017-01-25 04:38:01:Error Exception(frameFlip): invalid frame
2017-01-25 04:38:01:Error Exception(frameFlip): invalid frame
2017-01-25 04:38:01:Error Exception(frameFlip): invalid frame
2017-01-25 04:38:01:Error Exception(frameFlip): invalid frame
2017-01-25 04:38:01:Error Exception(frameFlip): invalid frame
2017-01-25 04:38:01:Error Exception(frameFlip): invalid frame
2017-01-25 04:38:01:Error Exception(frameFlip): invalid frame
2017-01-25 04:38:01:Error Exception(frameFlip): invalid frame
2017-01-25 04:38:01:Error Exception(frameFlip): invalid frame
2017-01-25 04:38:01:Error Exception(frameFlip): invalid frame
2017-01-25 04:38:01:Error Exception(frameFlip): invalid frame
2017-01-25 04:38:01:Error Exception(frameFlip): invalid frame
2017-01-25 04:38:01:Error Exception(frameFlip): invalid frame
2017-01-25 04:38:01:Error Exception(frameFlip): invalid frame
2017-01-25 04:38:01:Error Exception(frameFlip): invalid frame
2017-01-25 04:38:01:Error Exception(frameFlip): invalid frame
2017-01-25 04:38:01:Error Exception(frameFlip): invalid frame
2017-01-25 04:38:01:Error Exception(frameFlip): invalid frame
2017-01-25 04:38:01:Error Exception(frameFlip): invalid frame
2017-01-25 04:38:01:Error Exception(frameFlip): invalid frame
2017-01-25 04:38:01:Fault Injection Failed after 17.5106420517s
2017-01-25 04:38:01:Trying Fault Injection
2017-01-25 04:38:01:Inferior PID: 47356
2017-01-25 04:38:01:Inferior is valid: True
2017-01-25 04:38:01:Inferior #threads: 229
2017-01-25 04:38:01:Backtrace BEGIN:
2017-01-25 04:38:01:#0  0x0000000000404d25 in L_lud_omp_123__par_loop2_2_5 () at lud_omp.c:147
#1  0x00007ffff790ba1f in ?? ()
#2  0x00007fffffffd9c0 in ?? ()
#3  0x00007ffff4ea0100 in ?? ()
#4  0x0000000000000001 in ?? ()
#5  0x0000000000000003 in ?? ()
#6  0x0000000000000000 in ?? ()

2017-01-25 04:38:01:142	
143	            for (i = 0; i < BS; i++)
144	            {
145	                for (k=0; k < BS; k++) {
146	#pragma omp simd 
147	                    for (j = 0; j < BS; j++) {
148	                        sum[j] += temp_left[BS*i + k] * temp_top[BS*k + j];
149	                    }
150	                }
151	#pragma omp simd 

2017-01-25 04:38:01:Backtrace END
2017-01-25 04:38:04:Thread name: None
2017-01-25 04:38:04:Thread num: 1
2017-01-25 04:38:04:Thread ptid: (47356, 47356, 0)
2017-01-25 04:38:04:bitFlip function
2017-01-25 04:38:04:Type: The type is an array.
2017-01-25 04:38:04:Type sizeof: 1024
2017-01-25 04:38:04:Fliping array at pos: 161
2017-01-25 04:38:04:bitFlip function
2017-01-25 04:38:04:Type: A floating point type.
2017-01-25 04:38:04:Type sizeof: 4
2017-01-25 04:38:04:Mem contents(hex):0xd80x260x860x3c
2017-01-25 04:38:04:base address to flip value: 0x7fffffffcf04
2017-01-25 04:38:04:address max offset: 4
2017-01-25 04:38:04:Memory content before bitflip:0xd80x260x860x3c
2017-01-25 04:38:04:Memory content after  bitflip:0xd80x240x860x3c
2017-01-25 04:38:04:Mem contents(hex):0xd80x240x860x3c
2017-01-25 04:38:04:frame name: L_lud_omp_123__par_loop2_2_5
2017-01-25 04:38:04:symbol name: temp_top
2017-01-25 04:38:04:symbol filename: lud_omp.c
2017-01-25 04:38:04:symbol line: 128
2017-01-25 04:38:04:value: {0.016227752, 0.0162133276, 0.0161935091, 0.0161773562, 0.0161637068, 0.0161466002, 0.0161291063, 0.0161133409, 0.0160979629, 0.0160813928, 0.0160646141, 0.0160495937, 0.0160321891, 0.0160195827, 0.0160031319, 0.0159858763, 0.0162444226, 0.0162266158, 0.016213242, 0.0161974896, 0.016179027, 0.0161646139, 0.016148949, 0.0161333755, 0.0161164906, 0.0160999317, 0.0160820633, 0.0160683077, 0.0160531793, 0.0160354339, 0.0160198286, 0.0160030611, 0.0162614435, 0.0162447505, 0.0162308291, 0.0162127614, 0.0161980987, 0.0161784217, 0.0161640272, 0.016149506, 0.0161301605, 0.0161170438, 0.0161015689, 0.0160835087, 0.0160682425, 0.0160500929, 0.016033873, 0.0160220042, 0.0162761994, 0.0162624717, 0.0162445679, 0.0162276775, 0.0162122808, 0.0161984339, 0.0161784105, 0.016161412, 0.0161505416, 0.0161304362, 0.0161153302, 0.0160996988, 0.0160829909, 0.016066879, 0.0160532705, 0.0160338804, 0.016295962, 0.0162764043, 0.0162600726, 0.0162459165, 0.0162284374, 0.0162135363, 0.0161976218, 0.0161789358, 0.0161617622, 0.0161478966, 0.0161327571, 0.0161149949, 0.0160980001, 0.0160833597, 0.0160666704, 0.0160517395, 0.0163095295, 0.0162941068, 0.0162768885, 0.0162587091, 0.0162455589, 0.0162268728, 0.0162119716, 0.0161974356, 0.0161784589, 0.0161638334, 0.0161450878, 0.0161313042, 0.0161156654, 0.0160991624, 0.0160807893, 0.0160647929, 0.01632303, 0.0163099766, 0.0162929744, 0.0162767246, 0.0162584037, 0.0162430257, 0.0162284672, 0.0162106752, 0.0161948949, 0.0161781237, 0.0161640197, 0.0161467716, 0.0161290169, 0.0161144435, 0.0160984844, 0.0160818622, 0.0163389444, 0.0163202509, 0.0163061991, 0.0162917748, 0.0162753761, 0.0162589401, 0.016240716, 0.016226612, 0.016210787, 0.016193077, 0.016175352, 0.0161615163, 0.0161446482, 0.0161280483, 0.0161140859, 0.0160986781, 0.0163596123, 0.0163423866, 0.0163260102, 0.0163096488, 0.016291976, 0.016276449, 0.0162602812, 0.0162440389, 0.0162280053, 0.0162127763, 0.0161962211, 0.0161774755, 0.0161661357, 0.0161470026, 0.016128853, 0.01611498, 0.0163731426, 0.0163585246, 0.0163425505, 0.016323328, 0.0163086653, 0.016291976, 0.0162760913, 0.0162595361, 0.0162437856, 0.0162276775, 0.0162107348, 0.0161961019, 0.0161754936, 0.0161627829, 0.0161458552, 0.0161289424, 0.0163928866, 0.0163749903, 0.0163597763, 0.0163428336, 0.0163259357, 0.0163111389, 0.0162951499, 0.0162772834, 0.0162610114, 0.0162456632, 0.0162293613, 0.0162138641, 0.0161986351, 0.0161804855, 0.0161669999, 0.0161477774, 0.0164081752, 0.0163922012, 0.0163736939, 0.0163606107, 0.0163428783, 0.0163270831, 0.0163108259, 0.0162951499, 0.0162785351, 0.0162599832, 0.0162462294, 0.0162289292, 0.0162129104, 0.016198352, 0.016180113, 0.0161644071, 0.0164251477, 0.0164081007, 0.0163923204, 0.0163746178, 0.0163593888, 0.0163407624, 0.0163260698, 0.0163099319...}
2017-01-25 04:38:04:value address: 0x7fffffffcc80
2017-01-25 04:38:04:Type: The type is an array.
2017-01-25 04:38:04:Type sizeof: 1024
2017-01-25 04:38:04:Field name: None
2017-01-25 04:38:04:Field Type:
2017-01-25 04:38:04:Type: A range type, that is, an integer type with bounds.
2017-01-25 04:38:04:Type sizeof: 1
2017-01-25 04:38:04:Type range: (0L, 255L)
2017-01-25 04:38:04:Fault Injection Successful after 20.955395937s
2017-01-25 04:38:05:Fault Already Injected
2017-01-25 04:38:12:event type: exit
2017-01-25 04:38:12:exit code: 1
