2016-10-24 18:36:28:Initialization strings:
2016-10-24 18:36:29:(1) target extended-remote | ssh -T mic0 gdbserver --multi -
2016-10-24 18:36:29:(2) set sysroot /opt/mpss/3.7/sysroots/k1om-mpss-linux/
2016-10-24 18:36:29:(3) set sysroot /opt/mpss/3.7/sysroots/k1om-mpss-linux/
2016-10-24 18:36:29:(4) file /micNfs/gdb-fault-injection-hotspot/bin/hotspot_check
2016-10-24 18:36:29:(5) set remote exec-file /micNfs/gdb-fault-injection-hotspot/bin/hotspot_check
2016-10-24 18:36:29:(6) set args 1024 1024 2000 228 /micNfs/gdb-fault-injection-hotspot/bin/temp_1024 /micNfs/gdb-fault-injection-hotspot/bin/power_1024 /micNfs/gdb-fault-injection-hotspot/bin/GOLD_1024-2000-228
2016-10-24 18:36:32:Trying Fault Injection
2016-10-24 18:36:32:Backtrace BEGIN:
2016-10-24 18:36:32:#0  0x00007ffff713f566 in _IO_feof (fp=0x609b40) at feof.c:36
#1  0x0000000000401723 in read_input (vect=<optimized out>, grid_rows=<optimized out>, grid_cols=-160649200, file=<optimized out>) at hotspot_check.c:204
#2  main (argc=6331200, argv=0xfffffffff7f1d01c) at hotspot_check.c:264

2016-10-24 18:36:32:31	in feof.c

2016-10-24 18:36:32:Backtrace END
2016-10-24 18:36:32:Type: The type is an integer type.
2016-10-24 18:36:32:Type sizeof: 4
2016-10-24 18:36:32:Mem contents(hex):0x000x040x000x00
2016-10-24 18:36:32:base address to flip value: 0x7fffffffe604
2016-10-24 18:36:32:address max offset: 4
2016-10-24 18:36:32:Memory content before bitflip:0x000x040x000x00
2016-10-24 18:36:32:Memory content after  bitflip:0x000x040x000x04
2016-10-24 18:36:32:Mem contents(hex):0x000x040x000x04
2016-10-24 18:36:32:frame name: read_input
2016-10-24 18:36:32:symbol name: grid_cols
2016-10-24 18:36:32:symbol filename: hotspot_check.c
2016-10-24 18:36:32:symbol line: 229
2016-10-24 18:36:32:value: 67109888
2016-10-24 18:36:32:value address: 0x7fffffffe604
2016-10-24 18:36:32:Type: The type is an integer type.
2016-10-24 18:36:32:Type sizeof: 4
2016-10-24 18:36:32:Fault Injection Successful after 3.28446793556s
2016-10-24 18:36:34:Fault Already Injected
2016-10-24 18:36:35:Fault Already Injected
2016-10-24 18:36:37:event type: exit
2016-10-24 18:36:37:exit code: 1
